==================================================
goal = smooth_trial01_0006
device = cuda
device_id = 0
dataset = Cifar10
num_classes = 10
model = CNN
batch_size = 64
local_learning_rate = 0.01
learning_rate_decay = True
learning_rate_decay_gamma = 0.98
global_rounds = 500
top_cnt = 100
local_epochs = 5
algorithm = FedEntPlusSmooth
join_ratio = 0.1
random_join_ratio = False
num_clients = 100
prev = 0
times = 1
eval_gap = 1
save_folder_name = items
auto_break = False
dlg_eval = False
dlg_gap = 100
batch_num_per_client = 2
num_new_clients = 0
fine_tuning_epoch_new = 0
feature_dim = 512
vocab_size = 32000
max_len = 200
client_drop_rate = 0.0
train_slow_rate = 0.0
send_slow_rate = 0.0
time_select = False
time_threthold = 10000
beta = 0.0
lamda = 1.0
mu = 0.0
K = 5
p_learning_rate = 0.01
M = 5
itk = 4000
alphaK = 1.0
sigma = 1.0
alpha = 1.0
plocal_epochs = 1
tau = 1.0
fine_tuning_epochs = 10
dr_learning_rate = 0.0
L = 1.0
noise_dim = 512
generator_learning_rate = 0.005
hidden_dim = 512
server_epochs = 1000
localize_feature_extractor = False
server_learning_rate = 1.0
eta = 1.0
rand_percent = 80
layer_idx = 2
mentee_learning_rate = 0.005
T_start = 0.95
T_end = 0.98
momentum = 0.9
kl_weight = 0.0
buffer_size = 0
dp_epsilon = 0.0
H_min = None
alpha_vp = 0.0
enable_dynamic_param = False
log_fedent = False
log_filename = None
dynamic_config_path = /home/john/PFLlib/system/auto_configs/smooth_trial01_0006.json
==================================================

============= Running time: 0th =============
Creating server and clients ...
FedAvgCNN(
  (conv1): Sequential(
    (0): Conv2d(3, 32, kernel_size=(5, 5), stride=(1, 1))
    (1): ReLU(inplace=True)
    (2): MaxPool2d(kernel_size=(2, 2), stride=(2, 2), padding=0, dilation=1, ceil_mode=False)
  )
  (conv2): Sequential(
    (0): Conv2d(32, 64, kernel_size=(5, 5), stride=(1, 1))
    (1): ReLU(inplace=True)
    (2): MaxPool2d(kernel_size=(2, 2), stride=(2, 2), padding=0, dilation=1, ceil_mode=False)
  )
  (fc1): Sequential(
    (0): Linear(in_features=1600, out_features=512, bias=True)
    (1): ReLU(inplace=True)
  )
  (fc): Linear(in_features=512, out_features=10, bias=True)
)

Join ratio / total clients: 0.1 / 100
Finished creating server and clients.

--- Round 0/500 ---
Averaged Train Loss: 2.3038
Averaged Test Accuracy: 0.0928
Averaged Test AUC: 0.4894
Std Test Accuracy: 0.1434
Std Test AUC: 0.2233

--- Round 1/500 ---
Averaged Train Loss: 2.3710
Averaged Test Accuracy: 0.0989
Averaged Test AUC: 0.5270
Std Test Accuracy: 0.2400
Std Test AUC: 0.2597

--- Round 2/500 ---
Averaged Train Loss: 2.4927
Averaged Test Accuracy: 0.1378
Averaged Test AUC: 0.5219
Std Test Accuracy: 0.2416
Std Test AUC: 0.2609

--- Round 3/500 ---
Averaged Train Loss: 2.5702
Averaged Test Accuracy: 0.1444
Averaged Test AUC: 0.5352
Std Test Accuracy: 0.2110
Std Test AUC: 0.2671

--- Round 4/500 ---
Averaged Train Loss: 2.5568
Averaged Test Accuracy: 0.1940
Averaged Test AUC: 0.5575
Std Test Accuracy: 0.1869
Std Test AUC: 0.2726

--- Round 5/500 ---
Averaged Train Loss: 2.4802
Averaged Test Accuracy: 0.1939
Averaged Test AUC: 0.5792
Std Test Accuracy: 0.1936
Std Test AUC: 0.2696

--- Round 6/500 ---
Averaged Train Loss: 2.4413
Averaged Test Accuracy: 0.2191
Averaged Test AUC: 0.5921
Std Test Accuracy: 0.1837
Std Test AUC: 0.2714

--- Round 7/500 ---
Averaged Train Loss: 2.3618
Averaged Test Accuracy: 0.1975
Averaged Test AUC: 0.6240
Std Test Accuracy: 0.1944
Std Test AUC: 0.2617

--- Round 8/500 ---
Averaged Train Loss: 2.3739
Averaged Test Accuracy: 0.2199
Averaged Test AUC: 0.6183
Std Test Accuracy: 0.1872
Std Test AUC: 0.2627

--- Round 9/500 ---
Averaged Train Loss: 2.2826
Averaged Test Accuracy: 0.2296
Averaged Test AUC: 0.6418
Std Test Accuracy: 0.1909
Std Test AUC: 0.2607

--- Round 10/500 ---
Averaged Train Loss: 2.2501
Averaged Test Accuracy: 0.2357
Averaged Test AUC: 0.6514
Std Test Accuracy: 0.2030
Std Test AUC: 0.2579

--- Round 11/500 ---
Averaged Train Loss: 2.3043
Averaged Test Accuracy: 0.2292
Averaged Test AUC: 0.6474
Std Test Accuracy: 0.2205
Std Test AUC: 0.2482

--- Round 12/500 ---
Averaged Train Loss: 2.2890
Averaged Test Accuracy: 0.2425
Averaged Test AUC: 0.6520
Std Test Accuracy: 0.1993
Std Test AUC: 0.2423

--- Round 13/500 ---
Averaged Train Loss: 2.2541
Averaged Test Accuracy: 0.2431
Averaged Test AUC: 0.6591
Std Test Accuracy: 0.2126
Std Test AUC: 0.2408

--- Round 14/500 ---
Averaged Train Loss: 2.2486
Averaged Test Accuracy: 0.2467
Averaged Test AUC: 0.6616
Std Test Accuracy: 0.1928
Std Test AUC: 0.2346

--- Round 15/500 ---
Averaged Train Loss: 2.2308
Averaged Test Accuracy: 0.2502
Averaged Test AUC: 0.6675
Std Test Accuracy: 0.2026
Std Test AUC: 0.2321

--- Round 16/500 ---
Averaged Train Loss: 2.1835
Averaged Test Accuracy: 0.2610
Averaged Test AUC: 0.6788
Std Test Accuracy: 0.2120
Std Test AUC: 0.2345

--- Round 17/500 ---
Averaged Train Loss: 2.1666
Averaged Test Accuracy: 0.2504
Averaged Test AUC: 0.6870
Std Test Accuracy: 0.1943
Std Test AUC: 0.2026

--- Round 18/500 ---
Averaged Train Loss: 2.1312
Averaged Test Accuracy: 0.2624
Averaged Test AUC: 0.6940
Std Test Accuracy: 0.2037
Std Test AUC: 0.2098

--- Round 19/500 ---
Averaged Train Loss: 2.1484
Averaged Test Accuracy: 0.2620
Averaged Test AUC: 0.6880
Std Test Accuracy: 0.2003
Std Test AUC: 0.2130

--- Round 20/500 ---
Averaged Train Loss: 2.1346
Averaged Test Accuracy: 0.2676
Averaged Test AUC: 0.6967
Std Test Accuracy: 0.2043
Std Test AUC: 0.2163

--- Round 21/500 ---
Averaged Train Loss: 2.1394
Averaged Test Accuracy: 0.2784
Averaged Test AUC: 0.6966
Std Test Accuracy: 0.2035
Std Test AUC: 0.2234

--- Round 22/500 ---
Averaged Train Loss: 2.0928
Averaged Test Accuracy: 0.2859
Averaged Test AUC: 0.7037
Std Test Accuracy: 0.1984
Std Test AUC: 0.2153

--- Round 23/500 ---
Averaged Train Loss: 2.2162
Averaged Test Accuracy: 0.2754
Averaged Test AUC: 0.6921
Std Test Accuracy: 0.2016
Std Test AUC: 0.2152

--- Round 24/500 ---
Averaged Train Loss: 2.1499
Averaged Test Accuracy: 0.2653
Averaged Test AUC: 0.7003
Std Test Accuracy: 0.2277
Std Test AUC: 0.2110

--- Round 25/500 ---
Averaged Train Loss: 2.2186
Averaged Test Accuracy: 0.2774
Averaged Test AUC: 0.6962
Std Test Accuracy: 0.2051
Std Test AUC: 0.2091

--- Round 26/500 ---
Averaged Train Loss: 2.0744
Averaged Test Accuracy: 0.2950
Averaged Test AUC: 0.7116
Std Test Accuracy: 0.1999
Std Test AUC: 0.2098

--- Round 27/500 ---
Averaged Train Loss: 2.1119
Averaged Test Accuracy: 0.2816
Averaged Test AUC: 0.7103
Std Test Accuracy: 0.1939
Std Test AUC: 0.2004

--- Round 28/500 ---
Averaged Train Loss: 2.0233
Averaged Test Accuracy: 0.2967
Averaged Test AUC: 0.7214
Std Test Accuracy: 0.2040
Std Test AUC: 0.1993

--- Round 29/500 ---
Averaged Train Loss: 2.0261
Averaged Test Accuracy: 0.3036
Averaged Test AUC: 0.7236
Std Test Accuracy: 0.1969
Std Test AUC: 0.1980

--- Round 30/500 ---
Averaged Train Loss: 2.0830
Averaged Test Accuracy: 0.3031
Averaged Test AUC: 0.7202
Std Test Accuracy: 0.1941
Std Test AUC: 0.2025

--- Round 31/500 ---
Averaged Train Loss: 2.0676
Averaged Test Accuracy: 0.2937
Averaged Test AUC: 0.7195
Std Test Accuracy: 0.2022
Std Test AUC: 0.1956

--- Round 32/500 ---
Averaged Train Loss: 2.0353
Averaged Test Accuracy: 0.3081
Averaged Test AUC: 0.7273
Std Test Accuracy: 0.2001
Std Test AUC: 0.1963

--- Round 33/500 ---
Averaged Train Loss: 2.1527
Averaged Test Accuracy: 0.2940
Averaged Test AUC: 0.7158
Std Test Accuracy: 0.2015
Std Test AUC: 0.1991

--- Round 34/500 ---
Averaged Train Loss: 2.0200
Averaged Test Accuracy: 0.3018
Averaged Test AUC: 0.7321
Std Test Accuracy: 0.1911
Std Test AUC: 0.1807

--- Round 35/500 ---
Averaged Train Loss: 2.0274
Averaged Test Accuracy: 0.3017
Averaged Test AUC: 0.7327
Std Test Accuracy: 0.2071
Std Test AUC: 0.1780

--- Round 36/500 ---
Averaged Train Loss: 2.0305
Averaged Test Accuracy: 0.3109
Averaged Test AUC: 0.7341
Std Test Accuracy: 0.1953
Std Test AUC: 0.1857

--- Round 37/500 ---
Averaged Train Loss: 2.0168
Averaged Test Accuracy: 0.3067
Averaged Test AUC: 0.7347
Std Test Accuracy: 0.2083
Std Test AUC: 0.1800

--- Round 38/500 ---
Averaged Train Loss: 1.9214
Averaged Test Accuracy: 0.3292
Averaged Test AUC: 0.7501
Std Test Accuracy: 0.1965
Std Test AUC: 0.1711

--- Round 39/500 ---
Averaged Train Loss: 1.9997
Averaged Test Accuracy: 0.3004
Averaged Test AUC: 0.7404
Std Test Accuracy: 0.2176
Std Test AUC: 0.1710

--- Round 40/500 ---
Averaged Train Loss: 1.9246
Averaged Test Accuracy: 0.3278
Averaged Test AUC: 0.7477
Std Test Accuracy: 0.1856
Std Test AUC: 0.1751

--- Round 41/500 ---
Averaged Train Loss: 1.9230
Averaged Test Accuracy: 0.3283
Averaged Test AUC: 0.7482
Std Test Accuracy: 0.1965
Std Test AUC: 0.1729

--- Round 42/500 ---
Averaged Train Loss: 1.9544
Averaged Test Accuracy: 0.3133
Averaged Test AUC: 0.7491
Std Test Accuracy: 0.2173
Std Test AUC: 0.1706

--- Round 43/500 ---
Averaged Train Loss: 1.9538
Averaged Test Accuracy: 0.3117
Averaged Test AUC: 0.7530
Std Test Accuracy: 0.2139
Std Test AUC: 0.1540

--- Round 44/500 ---
Averaged Train Loss: 1.9675
Averaged Test Accuracy: 0.3139
Averaged Test AUC: 0.7524
Std Test Accuracy: 0.2023
Std Test AUC: 0.1533

--- Round 45/500 ---
Averaged Train Loss: 1.9030
Averaged Test Accuracy: 0.3252
Averaged Test AUC: 0.7644
Std Test Accuracy: 0.2122
Std Test AUC: 0.1474

--- Round 46/500 ---
Averaged Train Loss: 1.9367
Averaged Test Accuracy: 0.3223
Averaged Test AUC: 0.7564
Std Test Accuracy: 0.2148
Std Test AUC: 0.1529

--- Round 47/500 ---
Averaged Train Loss: 1.8906
Averaged Test Accuracy: 0.3311
Averaged Test AUC: 0.7615
Std Test Accuracy: 0.2012
Std Test AUC: 0.1523

--- Round 48/500 ---
Averaged Train Loss: 1.9296
Averaged Test Accuracy: 0.3231
Averaged Test AUC: 0.7575
Std Test Accuracy: 0.2021
Std Test AUC: 0.1514

--- Round 49/500 ---
Averaged Train Loss: 1.9338
Averaged Test Accuracy: 0.3207
Averaged Test AUC: 0.7563
Std Test Accuracy: 0.2046
Std Test AUC: 0.1514

--- Round 50/500 ---
Averaged Train Loss: 1.9315
Averaged Test Accuracy: 0.3028
Averaged Test AUC: 0.7630
Std Test Accuracy: 0.2297
Std Test AUC: 0.1366

--- Round 51/500 ---
Averaged Train Loss: 1.9134
Averaged Test Accuracy: 0.3236
Averaged Test AUC: 0.7614
Std Test Accuracy: 0.2060
Std Test AUC: 0.1436

--- Round 52/500 ---
Averaged Train Loss: 1.9504
Averaged Test Accuracy: 0.3212
Averaged Test AUC: 0.7587
Std Test Accuracy: 0.2103
Std Test AUC: 0.1507

--- Round 53/500 ---
Averaged Train Loss: 1.9426
Averaged Test Accuracy: 0.3252
Averaged Test AUC: 0.7600
Std Test Accuracy: 0.2153
Std Test AUC: 0.1513

--- Round 54/500 ---
Averaged Train Loss: 1.9193
Averaged Test Accuracy: 0.3241
Averaged Test AUC: 0.7621
Std Test Accuracy: 0.2027
Std Test AUC: 0.1446

--- Round 55/500 ---
Averaged Train Loss: 1.9231
Averaged Test Accuracy: 0.3246
Averaged Test AUC: 0.7627
Std Test Accuracy: 0.2055
Std Test AUC: 0.1444

--- Round 56/500 ---
Averaged Train Loss: 1.8365
Averaged Test Accuracy: 0.3472
Averaged Test AUC: 0.7737
Std Test Accuracy: 0.1960
Std Test AUC: 0.1419

--- Round 57/500 ---
Averaged Train Loss: 1.8959
Averaged Test Accuracy: 0.3300
Averaged Test AUC: 0.7669
Std Test Accuracy: 0.2056
Std Test AUC: 0.1427

--- Round 58/500 ---
Averaged Train Loss: 1.8548
Averaged Test Accuracy: 0.3290
Averaged Test AUC: 0.7776
Std Test Accuracy: 0.1905
Std Test AUC: 0.1133

--- Round 59/500 ---
Averaged Train Loss: 1.8160
Averaged Test Accuracy: 0.3483
Averaged Test AUC: 0.7775
Std Test Accuracy: 0.1763
Std Test AUC: 0.1311

--- Round 60/500 ---
Averaged Train Loss: 1.8799
Averaged Test Accuracy: 0.3330
Averaged Test AUC: 0.7689
Std Test Accuracy: 0.2028
Std Test AUC: 0.1373

--- Round 61/500 ---
Averaged Train Loss: 1.8352
Averaged Test Accuracy: 0.3447
Averaged Test AUC: 0.7731
Std Test Accuracy: 0.1988
Std Test AUC: 0.1380

--- Round 62/500 ---
Averaged Train Loss: 1.8268
Averaged Test Accuracy: 0.3517
Averaged Test AUC: 0.7756
Std Test Accuracy: 0.1737
Std Test AUC: 0.1410

--- Round 63/500 ---
Averaged Train Loss: 1.8293
Averaged Test Accuracy: 0.3516
Averaged Test AUC: 0.7730
Std Test Accuracy: 0.1977
Std Test AUC: 0.1434

--- Round 64/500 ---
Averaged Train Loss: 1.8800
Averaged Test Accuracy: 0.3346
Averaged Test AUC: 0.7713
Std Test Accuracy: 0.2053
Std Test AUC: 0.1387

--- Round 65/500 ---
Averaged Train Loss: 1.8315
Averaged Test Accuracy: 0.3506
Averaged Test AUC: 0.7754
Std Test Accuracy: 0.2010
Std Test AUC: 0.1400

--- Round 66/500 ---
Averaged Train Loss: 1.8260
Averaged Test Accuracy: 0.3463
Averaged Test AUC: 0.7814
Std Test Accuracy: 0.2043
Std Test AUC: 0.1327

--- Round 67/500 ---
Averaged Train Loss: 1.8155
Averaged Test Accuracy: 0.3548
Averaged Test AUC: 0.7774
Std Test Accuracy: 0.1996
Std Test AUC: 0.1381

--- Round 68/500 ---
Averaged Train Loss: 1.8780
Averaged Test Accuracy: 0.3382
Averaged Test AUC: 0.7734
Std Test Accuracy: 0.2033
Std Test AUC: 0.1384

--- Round 69/500 ---
Averaged Train Loss: 1.8792
Averaged Test Accuracy: 0.3371
Averaged Test AUC: 0.7727
Std Test Accuracy: 0.2064
Std Test AUC: 0.1367

--- Round 70/500 ---
Averaged Train Loss: 1.8778
Averaged Test Accuracy: 0.3349
Averaged Test AUC: 0.7731
Std Test Accuracy: 0.2070
Std Test AUC: 0.1353

--- Round 71/500 ---
Averaged Train Loss: 1.8603
Averaged Test Accuracy: 0.3392
Averaged Test AUC: 0.7783
Std Test Accuracy: 0.2037
Std Test AUC: 0.1255

--- Round 72/500 ---
Averaged Train Loss: 1.8651
Averaged Test Accuracy: 0.3367
Averaged Test AUC: 0.7771
Std Test Accuracy: 0.2114
Std Test AUC: 0.1273

--- Round 73/500 ---
Averaged Train Loss: 1.8623
Averaged Test Accuracy: 0.3509
Averaged Test AUC: 0.7728
Std Test Accuracy: 0.2053
Std Test AUC: 0.1485

--- Round 74/500 ---
Averaged Train Loss: 1.8899
Averaged Test Accuracy: 0.3499
Averaged Test AUC: 0.7672
Std Test Accuracy: 0.2042
Std Test AUC: 0.1597

--- Round 75/500 ---
Averaged Train Loss: 1.8888
Averaged Test Accuracy: 0.3530
Averaged Test AUC: 0.7674
Std Test Accuracy: 0.1989
Std Test AUC: 0.1604

--- Round 76/500 ---
Averaged Train Loss: 1.8184
Averaged Test Accuracy: 0.3591
Averaged Test AUC: 0.7815
Std Test Accuracy: 0.1985
Std Test AUC: 0.1325

--- Round 77/500 ---
Averaged Train Loss: 1.8363
Averaged Test Accuracy: 0.3583
Averaged Test AUC: 0.7764
Std Test Accuracy: 0.1933
Std Test AUC: 0.1449

--- Round 78/500 ---
Averaged Train Loss: 1.8709
Averaged Test Accuracy: 0.3297
Averaged Test AUC: 0.7770
Std Test Accuracy: 0.2289
Std Test AUC: 0.1294

--- Round 79/500 ---
Averaged Train Loss: 1.7844
Averaged Test Accuracy: 0.3570
Averaged Test AUC: 0.7912
Std Test Accuracy: 0.1929
Std Test AUC: 0.1069

--- Round 80/500 ---
Averaged Train Loss: 1.7708
Averaged Test Accuracy: 0.3600
Averaged Test AUC: 0.7918
Std Test Accuracy: 0.1818
Std Test AUC: 0.1091

--- Round 81/500 ---
Averaged Train Loss: 1.7930
Averaged Test Accuracy: 0.3526
Averaged Test AUC: 0.7884
Std Test Accuracy: 0.2064
Std Test AUC: 0.1120

--- Round 82/500 ---
Averaged Train Loss: 1.8188
Averaged Test Accuracy: 0.3470
Averaged Test AUC: 0.7854
Std Test Accuracy: 0.2100
Std Test AUC: 0.1166

--- Round 83/500 ---
Averaged Train Loss: 1.9212
Averaged Test Accuracy: 0.3395
Averaged Test AUC: 0.7734
Std Test Accuracy: 0.2098
Std Test AUC: 0.1378

--- Round 84/500 ---
Averaged Train Loss: 1.8103
Averaged Test Accuracy: 0.3494
Averaged Test AUC: 0.7901
Std Test Accuracy: 0.1866
Std Test AUC: 0.1068

--- Round 85/500 ---
Averaged Train Loss: 1.7648
Averaged Test Accuracy: 0.3673
Averaged Test AUC: 0.7908
Std Test Accuracy: 0.1911
Std Test AUC: 0.1145

--- Round 86/500 ---
Averaged Train Loss: 1.7970
Averaged Test Accuracy: 0.3547
Averaged Test AUC: 0.7878
Std Test Accuracy: 0.2014
Std Test AUC: 0.1159

--- Round 87/500 ---
Averaged Train Loss: 1.8013
Averaged Test Accuracy: 0.3502
Averaged Test AUC: 0.7878
Std Test Accuracy: 0.2136
Std Test AUC: 0.1258

--- Round 88/500 ---
Averaged Train Loss: 1.8286
Averaged Test Accuracy: 0.3532
Averaged Test AUC: 0.7853
Std Test Accuracy: 0.2059
Std Test AUC: 0.1239

--- Round 89/500 ---
Averaged Train Loss: 1.8156
Averaged Test Accuracy: 0.3536
Averaged Test AUC: 0.7863
Std Test Accuracy: 0.2100
Std Test AUC: 0.1216

--- Round 90/500 ---
Averaged Train Loss: 1.8166
Averaged Test Accuracy: 0.3539
Averaged Test AUC: 0.7851
Std Test Accuracy: 0.2104
Std Test AUC: 0.1224

--- Round 91/500 ---
Averaged Train Loss: 1.7648
Averaged Test Accuracy: 0.3697
Averaged Test AUC: 0.7900
Std Test Accuracy: 0.1997
Std Test AUC: 0.1221

--- Round 92/500 ---
Averaged Train Loss: 1.8295
Averaged Test Accuracy: 0.3522
Averaged Test AUC: 0.7834
Std Test Accuracy: 0.2168
Std Test AUC: 0.1282

--- Round 93/500 ---
Averaged Train Loss: 1.8659
Averaged Test Accuracy: 0.3302
Averaged Test AUC: 0.7981
Std Test Accuracy: 0.2324
Std Test AUC: 0.0941

--- Round 94/500 ---
Averaged Train Loss: 1.6696
Averaged Test Accuracy: 0.3743
Averaged Test AUC: 0.8156
Std Test Accuracy: 0.1629
Std Test AUC: 0.0628

--- Round 95/500 ---
Averaged Train Loss: 1.6938
Averaged Test Accuracy: 0.3697
Averaged Test AUC: 0.8093
Std Test Accuracy: 0.1373
Std Test AUC: 0.0521

--- Round 96/500 ---
Averaged Train Loss: 1.6352
Averaged Test Accuracy: 0.3917
Averaged Test AUC: 0.8197
Std Test Accuracy: 0.1488
Std Test AUC: 0.0546

--- Round 97/500 ---
Averaged Train Loss: 1.6634
Averaged Test Accuracy: 0.3927
Averaged Test AUC: 0.8214
Std Test Accuracy: 0.2018
Std Test AUC: 0.0640

--- Round 98/500 ---
Averaged Train Loss: 1.6289
Averaged Test Accuracy: 0.3980
Averaged Test AUC: 0.8228
Std Test Accuracy: 0.1482
Std Test AUC: 0.0592

--- Round 99/500 ---
Averaged Train Loss: 1.6507
Averaged Test Accuracy: 0.3856
Averaged Test AUC: 0.8192
Std Test Accuracy: 0.1572
Std Test AUC: 0.0586

--- Round 100/500 ---
Averaged Train Loss: 1.6147
Averaged Test Accuracy: 0.3959
Averaged Test AUC: 0.8233
Std Test Accuracy: 0.1505
Std Test AUC: 0.0535

--- Round 101/500 ---
Averaged Train Loss: 1.6204
Averaged Test Accuracy: 0.4051
Averaged Test AUC: 0.8264
Std Test Accuracy: 0.1840
Std Test AUC: 0.0601

--- Round 102/500 ---
Averaged Train Loss: 1.6493
Averaged Test Accuracy: 0.3860
Averaged Test AUC: 0.8229
Std Test Accuracy: 0.1955
Std Test AUC: 0.0638

--- Round 103/500 ---
Averaged Train Loss: 1.6354
Averaged Test Accuracy: 0.3915
Averaged Test AUC: 0.8237
Std Test Accuracy: 0.1708
Std Test AUC: 0.0588

--- Round 104/500 ---
Averaged Train Loss: 1.6098
Averaged Test Accuracy: 0.3966
Averaged Test AUC: 0.8219
Std Test Accuracy: 0.1875
Std Test AUC: 0.0714

--- Round 105/500 ---
Averaged Train Loss: 1.6186
Averaged Test Accuracy: 0.4079
Averaged Test AUC: 0.8280
Std Test Accuracy: 0.1964
Std Test AUC: 0.0631

--- Round 106/500 ---
Averaged Train Loss: 1.6461
Averaged Test Accuracy: 0.3958
Averaged Test AUC: 0.8216
Std Test Accuracy: 0.1975
Std Test AUC: 0.0769

--- Round 107/500 ---
Averaged Train Loss: 1.6074
Averaged Test Accuracy: 0.3861
Averaged Test AUC: 0.8285
Std Test Accuracy: 0.1556
Std Test AUC: 0.0467

--- Round 108/500 ---
Averaged Train Loss: 1.5722
Averaged Test Accuracy: 0.4134
Averaged Test AUC: 0.8302
Std Test Accuracy: 0.1247
Std Test AUC: 0.0450

--- Round 109/500 ---
Averaged Train Loss: 1.6591
Averaged Test Accuracy: 0.3872
Averaged Test AUC: 0.8222
Std Test Accuracy: 0.1970
Std Test AUC: 0.0841

--- Round 110/500 ---
Averaged Train Loss: 1.7546
Averaged Test Accuracy: 0.3871
Averaged Test AUC: 0.7974
Std Test Accuracy: 0.2024
Std Test AUC: 0.1249

--- Round 111/500 ---
Averaged Train Loss: 1.6156
Averaged Test Accuracy: 0.3900
Averaged Test AUC: 0.8272
Std Test Accuracy: 0.1806
Std Test AUC: 0.0663

--- Round 112/500 ---
Averaged Train Loss: 1.5481
Averaged Test Accuracy: 0.4224
Averaged Test AUC: 0.8353
Std Test Accuracy: 0.1157
Std Test AUC: 0.0373

--- Round 113/500 ---
Averaged Train Loss: 1.6200
Averaged Test Accuracy: 0.4041
Averaged Test AUC: 0.8276
Std Test Accuracy: 0.1972
Std Test AUC: 0.0730

--- Round 114/500 ---
Averaged Train Loss: 1.5526
Averaged Test Accuracy: 0.4242
Averaged Test AUC: 0.8358
Std Test Accuracy: 0.1309
Std Test AUC: 0.0460

--- Round 115/500 ---
Averaged Train Loss: 1.5805
Averaged Test Accuracy: 0.4108
Averaged Test AUC: 0.8334
Std Test Accuracy: 0.1676
Std Test AUC: 0.0591

--- Round 116/500 ---
Averaged Train Loss: 1.5438
Averaged Test Accuracy: 0.4240
Averaged Test AUC: 0.8362
Std Test Accuracy: 0.1372
Std Test AUC: 0.0475

--- Round 117/500 ---
Averaged Train Loss: 1.6401
Averaged Test Accuracy: 0.3892
Averaged Test AUC: 0.8267
Std Test Accuracy: 0.2151
Std Test AUC: 0.0674

--- Round 118/500 ---
Averaged Train Loss: 1.5639
Averaged Test Accuracy: 0.4142
Averaged Test AUC: 0.8348
Std Test Accuracy: 0.1492
Std Test AUC: 0.0444

--- Round 119/500 ---
Averaged Train Loss: 1.5700
Averaged Test Accuracy: 0.4144
Averaged Test AUC: 0.8329
Std Test Accuracy: 0.1553
Std Test AUC: 0.0580

--- Round 120/500 ---
Averaged Train Loss: 1.5300
Averaged Test Accuracy: 0.4304
Averaged Test AUC: 0.8374
Std Test Accuracy: 0.1167
Std Test AUC: 0.0405

--- Round 121/500 ---
Averaged Train Loss: 1.5785
Averaged Test Accuracy: 0.4150
Averaged Test AUC: 0.8341
Std Test Accuracy: 0.1958
Std Test AUC: 0.0612

--- Round 122/500 ---
Averaged Train Loss: 1.5384
Averaged Test Accuracy: 0.4280
Averaged Test AUC: 0.8387
Std Test Accuracy: 0.1307
Std Test AUC: 0.0374

--- Round 123/500 ---
Averaged Train Loss: 1.5441
Averaged Test Accuracy: 0.4244
Averaged Test AUC: 0.8375
Std Test Accuracy: 0.1365
Std Test AUC: 0.0497

--- Round 124/500 ---
Averaged Train Loss: 1.5148
Averaged Test Accuracy: 0.4374
Averaged Test AUC: 0.8395
Std Test Accuracy: 0.1317
Std Test AUC: 0.0445

--- Round 125/500 ---
Averaged Train Loss: 1.5964
Averaged Test Accuracy: 0.4087
Averaged Test AUC: 0.8331
Std Test Accuracy: 0.1950
Std Test AUC: 0.0671

--- Round 126/500 ---
Averaged Train Loss: 1.5535
Averaged Test Accuracy: 0.4223
Averaged Test AUC: 0.8389
Std Test Accuracy: 0.1733
Std Test AUC: 0.0491

--- Round 127/500 ---
Averaged Train Loss: 1.6320
Averaged Test Accuracy: 0.3810
Averaged Test AUC: 0.8289
Std Test Accuracy: 0.1928
Std Test AUC: 0.0629

--- Round 128/500 ---
Averaged Train Loss: 1.5094
Averaged Test Accuracy: 0.4381
Averaged Test AUC: 0.8394
Std Test Accuracy: 0.1123
Std Test AUC: 0.0406

--- Round 129/500 ---
Averaged Train Loss: 1.6499
Averaged Test Accuracy: 0.3910
Averaged Test AUC: 0.8276
Std Test Accuracy: 0.2058
Std Test AUC: 0.0760

--- Round 130/500 ---
Averaged Train Loss: 1.6651
Averaged Test Accuracy: 0.3809
Averaged Test AUC: 0.8272
Std Test Accuracy: 0.2096
Std Test AUC: 0.0727

--- Round 131/500 ---
Averaged Train Loss: 1.6702
Averaged Test Accuracy: 0.3595
Averaged Test AUC: 0.8284
Std Test Accuracy: 0.2124
Std Test AUC: 0.0613

--- Round 132/500 ---
Averaged Train Loss: 1.5193
Averaged Test Accuracy: 0.4309
Averaged Test AUC: 0.8400
Std Test Accuracy: 0.1362
Std Test AUC: 0.0428

--- Round 133/500 ---
Averaged Train Loss: 1.6365
Averaged Test Accuracy: 0.3958
Averaged Test AUC: 0.8275
Std Test Accuracy: 0.1891
Std Test AUC: 0.0781

--- Round 134/500 ---
Averaged Train Loss: 1.6168
Averaged Test Accuracy: 0.4043
Averaged Test AUC: 0.8301
Std Test Accuracy: 0.1978
Std Test AUC: 0.0699

--- Round 135/500 ---
Averaged Train Loss: 1.6164
Averaged Test Accuracy: 0.3843
Averaged Test AUC: 0.8336
Std Test Accuracy: 0.1954
Std Test AUC: 0.0563

--- Round 136/500 ---
Averaged Train Loss: 1.5186
Averaged Test Accuracy: 0.4328
Averaged Test AUC: 0.8395
Std Test Accuracy: 0.1355
Std Test AUC: 0.0463

--- Round 137/500 ---
Averaged Train Loss: 1.5904
Averaged Test Accuracy: 0.4036
Averaged Test AUC: 0.8363
Std Test Accuracy: 0.1953
Std Test AUC: 0.0591

--- Round 138/500 ---
Averaged Train Loss: 1.6271
Averaged Test Accuracy: 0.3929
Averaged Test AUC: 0.8302
Std Test Accuracy: 0.2027
Std Test AUC: 0.0645

--- Round 139/500 ---
Averaged Train Loss: 1.6222
Averaged Test Accuracy: 0.3888
Averaged Test AUC: 0.8317
Std Test Accuracy: 0.1841
Std Test AUC: 0.0620

--- Round 140/500 ---
Averaged Train Loss: 1.5505
Averaged Test Accuracy: 0.4163
Averaged Test AUC: 0.8335
Std Test Accuracy: 0.1607
Std Test AUC: 0.0649

--- Round 141/500 ---
Averaged Train Loss: 1.5358
Averaged Test Accuracy: 0.4260
Averaged Test AUC: 0.8404
Std Test Accuracy: 0.1674
Std Test AUC: 0.0526

--- Round 142/500 ---
Averaged Train Loss: 1.6197
Averaged Test Accuracy: 0.4109
Averaged Test AUC: 0.8311
Std Test Accuracy: 0.2181
Std Test AUC: 0.0813

--- Round 143/500 ---
Averaged Train Loss: 1.5241
Averaged Test Accuracy: 0.4421
Averaged Test AUC: 0.8429
Std Test Accuracy: 0.1438
Std Test AUC: 0.0567

--- Round 144/500 ---
Averaged Train Loss: 1.5311
Averaged Test Accuracy: 0.4216
Averaged Test AUC: 0.8395
Std Test Accuracy: 0.1364
Std Test AUC: 0.0471

--- Round 145/500 ---
Averaged Train Loss: 1.5438
Averaged Test Accuracy: 0.4258
Averaged Test AUC: 0.8391
Std Test Accuracy: 0.1800
Std Test AUC: 0.0539

--- Round 146/500 ---
Averaged Train Loss: 1.6561
Averaged Test Accuracy: 0.4092
Averaged Test AUC: 0.8284
Std Test Accuracy: 0.2273
Std Test AUC: 0.0907

--- Round 147/500 ---
Averaged Train Loss: 1.5308
Averaged Test Accuracy: 0.4308
Averaged Test AUC: 0.8423
Std Test Accuracy: 0.1660
Std Test AUC: 0.0615

--- Round 148/500 ---
Averaged Train Loss: 1.5280
Averaged Test Accuracy: 0.4222
Averaged Test AUC: 0.8410
Std Test Accuracy: 0.1395
Std Test AUC: 0.0417

--- Round 149/500 ---
Averaged Train Loss: 1.5837
Averaged Test Accuracy: 0.4076
Averaged Test AUC: 0.8343
Std Test Accuracy: 0.1946
Std Test AUC: 0.0616

--- Round 150/500 ---
Averaged Train Loss: 1.5821
Averaged Test Accuracy: 0.4206
Averaged Test AUC: 0.8365
Std Test Accuracy: 0.2153
Std Test AUC: 0.0774

--- Round 151/500 ---
Averaged Train Loss: 1.5720
Averaged Test Accuracy: 0.4274
Averaged Test AUC: 0.8374
Std Test Accuracy: 0.2085
Std Test AUC: 0.0757

--- Round 152/500 ---
Averaged Train Loss: 1.4699
Averaged Test Accuracy: 0.4517
Averaged Test AUC: 0.8469
Std Test Accuracy: 0.1121
Std Test AUC: 0.0352

--- Round 153/500 ---
Averaged Train Loss: 1.5796
Averaged Test Accuracy: 0.4101
Averaged Test AUC: 0.8339
Std Test Accuracy: 0.1802
Std Test AUC: 0.0595

--- Round 154/500 ---
Averaged Train Loss: 1.5219
Averaged Test Accuracy: 0.4396
Averaged Test AUC: 0.8434
Std Test Accuracy: 0.1925
Std Test AUC: 0.0687

--- Round 155/500 ---
Averaged Train Loss: 1.5504
Averaged Test Accuracy: 0.4218
Averaged Test AUC: 0.8429
Std Test Accuracy: 0.1901
Std Test AUC: 0.0598

--- Round 156/500 ---
Averaged Train Loss: 1.4798
Averaged Test Accuracy: 0.4485
Averaged Test AUC: 0.8451
Std Test Accuracy: 0.1109
Std Test AUC: 0.0393

--- Round 157/500 ---
Averaged Train Loss: 1.4992
Averaged Test Accuracy: 0.4504
Averaged Test AUC: 0.8429
Std Test Accuracy: 0.1572
Std Test AUC: 0.0506

--- Round 158/500 ---
Averaged Train Loss: 1.6025
Averaged Test Accuracy: 0.4248
Averaged Test AUC: 0.8349
Std Test Accuracy: 0.2253
Std Test AUC: 0.0833

--- Round 159/500 ---
Averaged Train Loss: 1.5648
Averaged Test Accuracy: 0.4151
Averaged Test AUC: 0.8421
Std Test Accuracy: 0.1968
Std Test AUC: 0.0616

--- Round 160/500 ---
Averaged Train Loss: 1.4676
Averaged Test Accuracy: 0.4556
Averaged Test AUC: 0.8482
Std Test Accuracy: 0.1467
Std Test AUC: 0.0406

--- Round 161/500 ---
Averaged Train Loss: 1.5953
Averaged Test Accuracy: 0.3976
Averaged Test AUC: 0.8365
Std Test Accuracy: 0.1882
Std Test AUC: 0.0539

--- Round 162/500 ---
Averaged Train Loss: 1.4527
Averaged Test Accuracy: 0.4691
Averaged Test AUC: 0.8528
Std Test Accuracy: 0.1394
Std Test AUC: 0.0506

--- Round 163/500 ---
Averaged Train Loss: 1.5184
Averaged Test Accuracy: 0.4436
Averaged Test AUC: 0.8456
Std Test Accuracy: 0.1984
Std Test AUC: 0.0615

--- Round 164/500 ---
Averaged Train Loss: 1.5878
Averaged Test Accuracy: 0.4111
Averaged Test AUC: 0.8411
Std Test Accuracy: 0.2044
Std Test AUC: 0.0629

--- Round 165/500 ---
Averaged Train Loss: 1.5245
Averaged Test Accuracy: 0.4327
Averaged Test AUC: 0.8426
Std Test Accuracy: 0.1825
Std Test AUC: 0.0580

--- Round 166/500 ---
Averaged Train Loss: 1.5264
Averaged Test Accuracy: 0.4280
Averaged Test AUC: 0.8445
Std Test Accuracy: 0.1778
Std Test AUC: 0.0479

--- Round 167/500 ---
Averaged Train Loss: 1.5054
Averaged Test Accuracy: 0.4448
Averaged Test AUC: 0.8479
Std Test Accuracy: 0.1913
Std Test AUC: 0.0593

--- Round 168/500 ---
Averaged Train Loss: 1.4617
Averaged Test Accuracy: 0.4657
Averaged Test AUC: 0.8528
Std Test Accuracy: 0.1715
Std Test AUC: 0.0486

--- Round 169/500 ---
Averaged Train Loss: 1.5371
Averaged Test Accuracy: 0.4262
Averaged Test AUC: 0.8461
Std Test Accuracy: 0.1830
Std Test AUC: 0.0565

--- Round 170/500 ---
Averaged Train Loss: 1.5704
Averaged Test Accuracy: 0.4214
Averaged Test AUC: 0.8370
Std Test Accuracy: 0.1790
Std Test AUC: 0.0587

--- Round 171/500 ---
Averaged Train Loss: 1.5333
Averaged Test Accuracy: 0.4250
Averaged Test AUC: 0.8432
Std Test Accuracy: 0.1743
Std Test AUC: 0.0496

--- Round 172/500 ---
Averaged Train Loss: 1.5116
Averaged Test Accuracy: 0.4442
Averaged Test AUC: 0.8482
Std Test Accuracy: 0.1694
Std Test AUC: 0.0522

--- Round 173/500 ---
Averaged Train Loss: 1.4957
Averaged Test Accuracy: 0.4496
Averaged Test AUC: 0.8494
Std Test Accuracy: 0.2020
Std Test AUC: 0.0559

--- Round 174/500 ---
Averaged Train Loss: 1.5321
Averaged Test Accuracy: 0.4216
Averaged Test AUC: 0.8451
Std Test Accuracy: 0.1966
Std Test AUC: 0.0596

--- Round 175/500 ---
Averaged Train Loss: 1.6412
Averaged Test Accuracy: 0.4051
Averaged Test AUC: 0.8298
Std Test Accuracy: 0.2236
Std Test AUC: 0.0768

--- Round 176/500 ---
Averaged Train Loss: 1.5017
Averaged Test Accuracy: 0.4393
Averaged Test AUC: 0.8468
Std Test Accuracy: 0.1690
Std Test AUC: 0.0472

--- Round 177/500 ---
Averaged Train Loss: 1.4948
Averaged Test Accuracy: 0.4486
Averaged Test AUC: 0.8503
Std Test Accuracy: 0.1699
Std Test AUC: 0.0510

--- Round 178/500 ---
Averaged Train Loss: 1.5305
Averaged Test Accuracy: 0.4355
Averaged Test AUC: 0.8458
Std Test Accuracy: 0.2131
Std Test AUC: 0.0617

--- Round 179/500 ---
Averaged Train Loss: 1.5197
Averaged Test Accuracy: 0.4276
Averaged Test AUC: 0.8457
Std Test Accuracy: 0.1991
Std Test AUC: 0.0638

--- Round 180/500 ---
Averaged Train Loss: 1.6142
Averaged Test Accuracy: 0.4144
Averaged Test AUC: 0.8333
Std Test Accuracy: 0.2164
Std Test AUC: 0.0743

--- Round 181/500 ---
Averaged Train Loss: 1.5182
Averaged Test Accuracy: 0.4308
Averaged Test AUC: 0.8436
Std Test Accuracy: 0.1679
Std Test AUC: 0.0499

--- Round 182/500 ---
Averaged Train Loss: 1.4856
Averaged Test Accuracy: 0.4533
Averaged Test AUC: 0.8520
Std Test Accuracy: 0.1842
Std Test AUC: 0.0521

--- Round 183/500 ---
Averaged Train Loss: 1.4744
Averaged Test Accuracy: 0.4605
Averaged Test AUC: 0.8511
Std Test Accuracy: 0.1853
Std Test AUC: 0.0563

--- Round 184/500 ---
Averaged Train Loss: 1.5352
Averaged Test Accuracy: 0.4257
Averaged Test AUC: 0.8445
Std Test Accuracy: 0.2013
Std Test AUC: 0.0655

--- Round 185/500 ---
Averaged Train Loss: 1.6055
Averaged Test Accuracy: 0.4180
Averaged Test AUC: 0.8339
Std Test Accuracy: 0.2062
Std Test AUC: 0.0726

--- Round 186/500 ---
Averaged Train Loss: 1.5047
Averaged Test Accuracy: 0.4344
Averaged Test AUC: 0.8459
Std Test Accuracy: 0.1611
Std Test AUC: 0.0445

--- Round 187/500 ---
Averaged Train Loss: 1.4983
Averaged Test Accuracy: 0.4482
Averaged Test AUC: 0.8508
Std Test Accuracy: 0.1882
Std Test AUC: 0.0546

--- Round 188/500 ---
Averaged Train Loss: 1.4923
Averaged Test Accuracy: 0.4494
Averaged Test AUC: 0.8510
Std Test Accuracy: 0.2100
Std Test AUC: 0.0566

--- Round 189/500 ---
Averaged Train Loss: 1.5213
Averaged Test Accuracy: 0.4274
Averaged Test AUC: 0.8471
Std Test Accuracy: 0.2028
Std Test AUC: 0.0615

--- Round 190/500 ---
Averaged Train Loss: 1.6242
Averaged Test Accuracy: 0.4159
Averaged Test AUC: 0.8326
Std Test Accuracy: 0.2154
Std Test AUC: 0.0768

--- Round 191/500 ---
Averaged Train Loss: 1.4914
Averaged Test Accuracy: 0.4406
Averaged Test AUC: 0.8475
Std Test Accuracy: 0.1605
Std Test AUC: 0.0452

--- Round 192/500 ---
Averaged Train Loss: 1.4771
Averaged Test Accuracy: 0.4559
Averaged Test AUC: 0.8532
Std Test Accuracy: 0.1832
Std Test AUC: 0.0523

--- Round 193/500 ---
Averaged Train Loss: 1.5008
Averaged Test Accuracy: 0.4460
Averaged Test AUC: 0.8500
Std Test Accuracy: 0.2180
Std Test AUC: 0.0586

--- Round 194/500 ---
Averaged Train Loss: 1.5056
Averaged Test Accuracy: 0.4330
Averaged Test AUC: 0.8481
Std Test Accuracy: 0.1999
Std Test AUC: 0.0635

--- Round 195/500 ---
Averaged Train Loss: 1.5973
Averaged Test Accuracy: 0.4219
Averaged Test AUC: 0.8363
Std Test Accuracy: 0.2024
Std Test AUC: 0.0692

--- Round 196/500 ---
Averaged Train Loss: 1.4819
Averaged Test Accuracy: 0.4435
Averaged Test AUC: 0.8492
Std Test Accuracy: 0.1622
Std Test AUC: 0.0441

--- Round 197/500 ---
Averaged Train Loss: 1.4632
Averaged Test Accuracy: 0.4614
Averaged Test AUC: 0.8544
Std Test Accuracy: 0.1814
Std Test AUC: 0.0512

--- Round 198/500 ---
Averaged Train Loss: 1.4693
Averaged Test Accuracy: 0.4579
Averaged Test AUC: 0.8538
Std Test Accuracy: 0.2111
Std Test AUC: 0.0555

--- Round 199/500 ---
Averaged Train Loss: 1.5172
Averaged Test Accuracy: 0.4320
Averaged Test AUC: 0.8478
Std Test Accuracy: 0.2003
Std Test AUC: 0.0634

--- Round 200/500 ---
Averaged Train Loss: 1.6019
Averaged Test Accuracy: 0.4222
Averaged Test AUC: 0.8350
Std Test Accuracy: 0.2108
Std Test AUC: 0.0743

--- Round 201/500 ---
Averaged Train Loss: 1.4835
Averaged Test Accuracy: 0.4445
Averaged Test AUC: 0.8495
Std Test Accuracy: 0.1638
Std Test AUC: 0.0448

--- Round 202/500 ---
Averaged Train Loss: 1.4750
Averaged Test Accuracy: 0.4554
Averaged Test AUC: 0.8534
Std Test Accuracy: 0.1724
Std Test AUC: 0.0522

--- Round 203/500 ---
Averaged Train Loss: 1.4693
Averaged Test Accuracy: 0.4609
Averaged Test AUC: 0.8536
Std Test Accuracy: 0.1907
Std Test AUC: 0.0571

--- Round 204/500 ---
Averaged Train Loss: 1.5345
Averaged Test Accuracy: 0.4273
Averaged Test AUC: 0.8460
Std Test Accuracy: 0.2059
Std Test AUC: 0.0660

--- Round 205/500 ---
Averaged Train Loss: 1.5857
Averaged Test Accuracy: 0.4273
Averaged Test AUC: 0.8377
Std Test Accuracy: 0.2113
Std Test AUC: 0.0746

--- Round 206/500 ---
Averaged Train Loss: 1.4714
Averaged Test Accuracy: 0.4546
Averaged Test AUC: 0.8495
Std Test Accuracy: 0.1588
Std Test AUC: 0.0467

--- Round 207/500 ---
Averaged Train Loss: 1.4631
Averaged Test Accuracy: 0.4599
Averaged Test AUC: 0.8549
Std Test Accuracy: 0.1720
Std Test AUC: 0.0501

--- Round 208/500 ---
Averaged Train Loss: 1.4544
Averaged Test Accuracy: 0.4677
Averaged Test AUC: 0.8552
Std Test Accuracy: 0.1912
Std Test AUC: 0.0545

--- Round 209/500 ---
Averaged Train Loss: 1.5041
Averaged Test Accuracy: 0.4379
Averaged Test AUC: 0.8499
Std Test Accuracy: 0.1975
Std Test AUC: 0.0620

--- Round 210/500 ---
Averaged Train Loss: 1.5777
Averaged Test Accuracy: 0.4278
Averaged Test AUC: 0.8395
Std Test Accuracy: 0.2099
Std Test AUC: 0.0709

--- Round 211/500 ---
Averaged Train Loss: 1.4771
Averaged Test Accuracy: 0.4484
Averaged Test AUC: 0.8507
Std Test Accuracy: 0.1604
Std Test AUC: 0.0448

--- Round 212/500 ---
Averaged Train Loss: 1.4676
Averaged Test Accuracy: 0.4580
Averaged Test AUC: 0.8544
Std Test Accuracy: 0.1822
Std Test AUC: 0.0535

--- Round 213/500 ---
Averaged Train Loss: 1.4359
Averaged Test Accuracy: 0.4748
Averaged Test AUC: 0.8572
Std Test Accuracy: 0.1844
Std Test AUC: 0.0509

--- Round 214/500 ---
Averaged Train Loss: 1.5484
Averaged Test Accuracy: 0.4247
Averaged Test AUC: 0.8470
Std Test Accuracy: 0.2036
Std Test AUC: 0.0644

--- Round 215/500 ---
Averaged Train Loss: 1.5380
Averaged Test Accuracy: 0.4383
Averaged Test AUC: 0.8433
Std Test Accuracy: 0.2051
Std Test AUC: 0.0686

--- Round 216/500 ---
Averaged Train Loss: 1.4627
Averaged Test Accuracy: 0.4536
Averaged Test AUC: 0.8519
Std Test Accuracy: 0.1619
Std Test AUC: 0.0444

--- Round 217/500 ---
Averaged Train Loss: 1.4480
Averaged Test Accuracy: 0.4687
Averaged Test AUC: 0.8570
Std Test Accuracy: 0.1771
Std Test AUC: 0.0487

--- Round 218/500 ---
Averaged Train Loss: 1.4261
Averaged Test Accuracy: 0.4759
Averaged Test AUC: 0.8591
Std Test Accuracy: 0.1861
Std Test AUC: 0.0470

--- Round 219/500 ---
Averaged Train Loss: 1.5284
Averaged Test Accuracy: 0.4284
Averaged Test AUC: 0.8489
Std Test Accuracy: 0.2053
Std Test AUC: 0.0623

--- Round 220/500 ---
Averaged Train Loss: 1.5252
Averaged Test Accuracy: 0.4411
Averaged Test AUC: 0.8455
Std Test Accuracy: 0.2005
Std Test AUC: 0.0648

--- Round 221/500 ---
Averaged Train Loss: 1.4651
Averaged Test Accuracy: 0.4505
Averaged Test AUC: 0.8522
Std Test Accuracy: 0.1629
Std Test AUC: 0.0448

--- Round 222/500 ---
Averaged Train Loss: 1.4542
Averaged Test Accuracy: 0.4639
Averaged Test AUC: 0.8562
Std Test Accuracy: 0.1772
Std Test AUC: 0.0528

--- Round 223/500 ---
Averaged Train Loss: 1.4325
Averaged Test Accuracy: 0.4715
Averaged Test AUC: 0.8584
Std Test Accuracy: 0.1908
Std Test AUC: 0.0498

--- Round 224/500 ---
Averaged Train Loss: 1.5115
Averaged Test Accuracy: 0.4319
Averaged Test AUC: 0.8507
Std Test Accuracy: 0.1950
Std Test AUC: 0.0588

--- Round 225/500 ---
Averaged Train Loss: 1.5393
Averaged Test Accuracy: 0.4405
Averaged Test AUC: 0.8441
Std Test Accuracy: 0.2042
Std Test AUC: 0.0695

--- Round 226/500 ---
Averaged Train Loss: 1.4548
Averaged Test Accuracy: 0.4589
Averaged Test AUC: 0.8533
Std Test Accuracy: 0.1692
Std Test AUC: 0.0462

--- Round 227/500 ---
Averaged Train Loss: 1.4433
Averaged Test Accuracy: 0.4693
Averaged Test AUC: 0.8571
Std Test Accuracy: 0.1790
Std Test AUC: 0.0516

--- Round 228/500 ---
Averaged Train Loss: 1.4175
Averaged Test Accuracy: 0.4815
Averaged Test AUC: 0.8595
Std Test Accuracy: 0.1865
Std Test AUC: 0.0528

--- Round 229/500 ---
Averaged Train Loss: 1.5121
Averaged Test Accuracy: 0.4317
Averaged Test AUC: 0.8495
Std Test Accuracy: 0.2024
Std Test AUC: 0.0645

--- Round 230/500 ---
Averaged Train Loss: 1.5277
Averaged Test Accuracy: 0.4454
Averaged Test AUC: 0.8449
Std Test Accuracy: 0.1977
Std Test AUC: 0.0690

--- Round 231/500 ---
Averaged Train Loss: 1.4521
Averaged Test Accuracy: 0.4573
Averaged Test AUC: 0.8532
Std Test Accuracy: 0.1577
Std Test AUC: 0.0439

--- Round 232/500 ---
Averaged Train Loss: 1.4376
Averaged Test Accuracy: 0.4691
Averaged Test AUC: 0.8578
Std Test Accuracy: 0.1802
Std Test AUC: 0.0517

--- Round 233/500 ---
Averaged Train Loss: 1.4137
Averaged Test Accuracy: 0.4802
Averaged Test AUC: 0.8602
Std Test Accuracy: 0.1935
Std Test AUC: 0.0527

--- Round 234/500 ---
Averaged Train Loss: 1.5249
Averaged Test Accuracy: 0.4292
Averaged Test AUC: 0.8497
Std Test Accuracy: 0.2088
Std Test AUC: 0.0631

--- Round 235/500 ---
Averaged Train Loss: 1.5078
Averaged Test Accuracy: 0.4445
Averaged Test AUC: 0.8475
Std Test Accuracy: 0.1998
Std Test AUC: 0.0639

--- Round 236/500 ---
Averaged Train Loss: 1.4542
Averaged Test Accuracy: 0.4557
Averaged Test AUC: 0.8534
Std Test Accuracy: 0.1672
Std Test AUC: 0.0455

--- Round 237/500 ---
Averaged Train Loss: 1.4347
Averaged Test Accuracy: 0.4731
Averaged Test AUC: 0.8589
Std Test Accuracy: 0.1790
Std Test AUC: 0.0509

--- Round 238/500 ---
Averaged Train Loss: 1.4276
Averaged Test Accuracy: 0.4763
Averaged Test AUC: 0.8593
Std Test Accuracy: 0.1953
Std Test AUC: 0.0536

--- Round 239/500 ---
Averaged Train Loss: 1.4791
Averaged Test Accuracy: 0.4413
Averaged Test AUC: 0.8540
Std Test Accuracy: 0.1951
Std Test AUC: 0.0551

--- Round 240/500 ---
Averaged Train Loss: 1.5390
Averaged Test Accuracy: 0.4425
Averaged Test AUC: 0.8444
Std Test Accuracy: 0.2085
Std Test AUC: 0.0706

--- Round 241/500 ---
Averaged Train Loss: 1.4495
Averaged Test Accuracy: 0.4607
Averaged Test AUC: 0.8536
Std Test Accuracy: 0.1677
Std Test AUC: 0.0474

--- Round 242/500 ---
Averaged Train Loss: 1.4278
Averaged Test Accuracy: 0.4730
Averaged Test AUC: 0.8599
Std Test Accuracy: 0.1787
Std Test AUC: 0.0490

--- Round 243/500 ---
Averaged Train Loss: 1.3979
Averaged Test Accuracy: 0.4883
Averaged Test AUC: 0.8622
Std Test Accuracy: 0.1839
Std Test AUC: 0.0467

--- Round 244/500 ---
Averaged Train Loss: 1.4952
Averaged Test Accuracy: 0.4386
Averaged Test AUC: 0.8525
Std Test Accuracy: 0.2000
Std Test AUC: 0.0590

--- Round 245/500 ---
Averaged Train Loss: 1.4984
Averaged Test Accuracy: 0.4516
Averaged Test AUC: 0.8483
Std Test Accuracy: 0.1979
Std Test AUC: 0.0662

--- Round 246/500 ---
Averaged Train Loss: 1.4598
Averaged Test Accuracy: 0.4531
Averaged Test AUC: 0.8541
Std Test Accuracy: 0.1690
Std Test AUC: 0.0446

--- Round 247/500 ---
Averaged Train Loss: 1.4283
Averaged Test Accuracy: 0.4717
Averaged Test AUC: 0.8595
Std Test Accuracy: 0.1793
Std Test AUC: 0.0514

--- Round 248/500 ---
Averaged Train Loss: 1.4105
Averaged Test Accuracy: 0.4786
Averaged Test AUC: 0.8612
Std Test Accuracy: 0.2004
Std Test AUC: 0.0538

--- Round 249/500 ---
Averaged Train Loss: 1.4843
Averaged Test Accuracy: 0.4441
Averaged Test AUC: 0.8539
Std Test Accuracy: 0.1992
Std Test AUC: 0.0603

--- Round 250/500 ---
Averaged Train Loss: 1.5155
Averaged Test Accuracy: 0.4493
Averaged Test AUC: 0.8473
Std Test Accuracy: 0.2034
Std Test AUC: 0.0688

--- Round 251/500 ---
Averaged Train Loss: 1.4408
Averaged Test Accuracy: 0.4625
Averaged Test AUC: 0.8559
Std Test Accuracy: 0.1611
Std Test AUC: 0.0441

--- Round 252/500 ---
Averaged Train Loss: 1.4140
Averaged Test Accuracy: 0.4788
Averaged Test AUC: 0.8615
Std Test Accuracy: 0.1687
Std Test AUC: 0.0488

--- Round 253/500 ---
Averaged Train Loss: 1.4071
Averaged Test Accuracy: 0.4789
Averaged Test AUC: 0.8620
Std Test Accuracy: 0.1968
Std Test AUC: 0.0493

--- Round 254/500 ---
Averaged Train Loss: 1.5064
Averaged Test Accuracy: 0.4375
Averaged Test AUC: 0.8514
Std Test Accuracy: 0.2021
Std Test AUC: 0.0654

--- Round 255/500 ---
Averaged Train Loss: 1.5013
Averaged Test Accuracy: 0.4514
Averaged Test AUC: 0.8487
Std Test Accuracy: 0.2006
Std Test AUC: 0.0670

--- Round 256/500 ---
Averaged Train Loss: 1.4245
Averaged Test Accuracy: 0.4703
Averaged Test AUC: 0.8575
Std Test Accuracy: 0.1617
Std Test AUC: 0.0433

--- Round 257/500 ---
Averaged Train Loss: 1.4195
Averaged Test Accuracy: 0.4747
Averaged Test AUC: 0.8609
Std Test Accuracy: 0.1778
Std Test AUC: 0.0504

--- Round 258/500 ---
Averaged Train Loss: 1.4304
Averaged Test Accuracy: 0.4702
Averaged Test AUC: 0.8594
Std Test Accuracy: 0.1934
Std Test AUC: 0.0544

--- Round 259/500 ---
Averaged Train Loss: 1.4727
Averaged Test Accuracy: 0.4492
Averaged Test AUC: 0.8554
Std Test Accuracy: 0.1992
Std Test AUC: 0.0593

--- Round 260/500 ---
Averaged Train Loss: 1.4977
Averaged Test Accuracy: 0.4539
Averaged Test AUC: 0.8495
Std Test Accuracy: 0.1969
Std Test AUC: 0.0660

--- Round 261/500 ---
Averaged Train Loss: 1.4250
Averaged Test Accuracy: 0.4653
Averaged Test AUC: 0.8582
Std Test Accuracy: 0.1632
Std Test AUC: 0.0429

--- Round 262/500 ---
Averaged Train Loss: 1.4129
Averaged Test Accuracy: 0.4738
Averaged Test AUC: 0.8621
Std Test Accuracy: 0.1778
Std Test AUC: 0.0483

--- Round 263/500 ---
Averaged Train Loss: 1.4217
Averaged Test Accuracy: 0.4780
Averaged Test AUC: 0.8606
Std Test Accuracy: 0.2004
Std Test AUC: 0.0542

--- Round 264/500 ---
Averaged Train Loss: 1.4744
Averaged Test Accuracy: 0.4477
Averaged Test AUC: 0.8548
Std Test Accuracy: 0.1987
Std Test AUC: 0.0613

--- Round 265/500 ---
Averaged Train Loss: 1.4887
Averaged Test Accuracy: 0.4550
Averaged Test AUC: 0.8498
Std Test Accuracy: 0.2019
Std Test AUC: 0.0665

--- Round 266/500 ---
Averaged Train Loss: 1.4411
Averaged Test Accuracy: 0.4635
Averaged Test AUC: 0.8550
Std Test Accuracy: 0.1580
Std Test AUC: 0.0433

--- Round 267/500 ---
Averaged Train Loss: 1.4098
Averaged Test Accuracy: 0.4790
Averaged Test AUC: 0.8623
Std Test Accuracy: 0.1730
Std Test AUC: 0.0487

--- Round 268/500 ---
Averaged Train Loss: 1.3750
Averaged Test Accuracy: 0.4979
Averaged Test AUC: 0.8651
Std Test Accuracy: 0.1709
Std Test AUC: 0.0452

--- Round 269/500 ---
Averaged Train Loss: 1.4378
Averaged Test Accuracy: 0.4586
Averaged Test AUC: 0.8585
Std Test Accuracy: 0.1902
Std Test AUC: 0.0543

--- Round 270/500 ---
Averaged Train Loss: 1.4948
Averaged Test Accuracy: 0.4559
Averaged Test AUC: 0.8496
Std Test Accuracy: 0.2013
Std Test AUC: 0.0685

--- Round 271/500 ---
Averaged Train Loss: 1.4121
Averaged Test Accuracy: 0.4737
Averaged Test AUC: 0.8585
Std Test Accuracy: 0.1560
Std Test AUC: 0.0415

--- Round 272/500 ---
Averaged Train Loss: 1.4065
Averaged Test Accuracy: 0.4795
Averaged Test AUC: 0.8629
Std Test Accuracy: 0.1716
Std Test AUC: 0.0485

--- Round 273/500 ---
Averaged Train Loss: 1.3764
Averaged Test Accuracy: 0.4971
Averaged Test AUC: 0.8654
Std Test Accuracy: 0.1835
Std Test AUC: 0.0487

--- Round 274/500 ---
Averaged Train Loss: 1.4740
Averaged Test Accuracy: 0.4476
Averaged Test AUC: 0.8553
Std Test Accuracy: 0.1956
Std Test AUC: 0.0607

--- Round 275/500 ---
Averaged Train Loss: 1.4749
Averaged Test Accuracy: 0.4589
Averaged Test AUC: 0.8516
Std Test Accuracy: 0.1977
Std Test AUC: 0.0651

--- Round 276/500 ---
Averaged Train Loss: 1.4222
Averaged Test Accuracy: 0.4661
Averaged Test AUC: 0.8582
Std Test Accuracy: 0.1600
Std Test AUC: 0.0422

--- Round 277/500 ---
Averaged Train Loss: 1.3954
Averaged Test Accuracy: 0.4839
Averaged Test AUC: 0.8635
Std Test Accuracy: 0.1797
Std Test AUC: 0.0497

--- Round 278/500 ---
Averaged Train Loss: 1.3796
Averaged Test Accuracy: 0.4924
Averaged Test AUC: 0.8645
Std Test Accuracy: 0.1727
Std Test AUC: 0.0490

--- Round 279/500 ---
Averaged Train Loss: 1.4688
Averaged Test Accuracy: 0.4502
Averaged Test AUC: 0.8563
Std Test Accuracy: 0.1950
Std Test AUC: 0.0587

--- Round 280/500 ---
Averaged Train Loss: 1.4842
Averaged Test Accuracy: 0.4575
Averaged Test AUC: 0.8514
Std Test Accuracy: 0.1974
Std Test AUC: 0.0643

--- Round 281/500 ---
Averaged Train Loss: 1.3955
Averaged Test Accuracy: 0.4777
Averaged Test AUC: 0.8605
Std Test Accuracy: 0.1496
Std Test AUC: 0.0401

--- Round 282/500 ---
Averaged Train Loss: 1.3934
Averaged Test Accuracy: 0.4832
Averaged Test AUC: 0.8643
Std Test Accuracy: 0.1774
Std Test AUC: 0.0483

--- Round 283/500 ---
Averaged Train Loss: 1.3990
Averaged Test Accuracy: 0.4825
Averaged Test AUC: 0.8635
Std Test Accuracy: 0.2043
Std Test AUC: 0.0537

--- Round 284/500 ---
Averaged Train Loss: 1.4421
Averaged Test Accuracy: 0.4580
Averaged Test AUC: 0.8587
Std Test Accuracy: 0.1877
Std Test AUC: 0.0559

--- Round 285/500 ---
Averaged Train Loss: 1.4826
Averaged Test Accuracy: 0.4598
Averaged Test AUC: 0.8515
Std Test Accuracy: 0.1991
Std Test AUC: 0.0671

--- Round 286/500 ---
Averaged Train Loss: 1.3854
Averaged Test Accuracy: 0.4840
Averaged Test AUC: 0.8614
Std Test Accuracy: 0.1495
Std Test AUC: 0.0406

--- Round 287/500 ---
Averaged Train Loss: 1.3861
Averaged Test Accuracy: 0.4884
Averaged Test AUC: 0.8654
Std Test Accuracy: 0.1738
Std Test AUC: 0.0473

--- Round 288/500 ---
Averaged Train Loss: 1.3815
Averaged Test Accuracy: 0.4905
Averaged Test AUC: 0.8643
Std Test Accuracy: 0.1818
Std Test AUC: 0.0526

--- Round 289/500 ---
Averaged Train Loss: 1.4438
Averaged Test Accuracy: 0.4579
Averaged Test AUC: 0.8593
Std Test Accuracy: 0.1861
Std Test AUC: 0.0528

--- Round 290/500 ---
Averaged Train Loss: 1.4795
Averaged Test Accuracy: 0.4583
Averaged Test AUC: 0.8522
Std Test Accuracy: 0.2008
Std Test AUC: 0.0645

--- Round 291/500 ---
Averaged Train Loss: 1.3934
Averaged Test Accuracy: 0.4803
Averaged Test AUC: 0.8598
Std Test Accuracy: 0.1455
Std Test AUC: 0.0407

--- Round 292/500 ---
Averaged Train Loss: 1.3743
Averaged Test Accuracy: 0.4907
Averaged Test AUC: 0.8664
Std Test Accuracy: 0.1704
Std Test AUC: 0.0447

--- Round 293/500 ---
Averaged Train Loss: 1.3747
Averaged Test Accuracy: 0.4951
Averaged Test AUC: 0.8662
Std Test Accuracy: 0.1849
Std Test AUC: 0.0494

--- Round 294/500 ---
Averaged Train Loss: 1.4508
Averaged Test Accuracy: 0.4568
Averaged Test AUC: 0.8590
Std Test Accuracy: 0.1882
Std Test AUC: 0.0544

--- Round 295/500 ---
Averaged Train Loss: 1.4847
Averaged Test Accuracy: 0.4558
Averaged Test AUC: 0.8514
Std Test Accuracy: 0.2065
Std Test AUC: 0.0676

--- Round 296/500 ---
Averaged Train Loss: 1.3647
Averaged Test Accuracy: 0.4932
Averaged Test AUC: 0.8641
Std Test Accuracy: 0.1414
Std Test AUC: 0.0386

--- Round 297/500 ---
Averaged Train Loss: 1.3760
Averaged Test Accuracy: 0.4922
Averaged Test AUC: 0.8661
Std Test Accuracy: 0.1732
Std Test AUC: 0.0470

--- Round 298/500 ---
Averaged Train Loss: 1.4112
Averaged Test Accuracy: 0.4789
Averaged Test AUC: 0.8630
Std Test Accuracy: 0.1995
Std Test AUC: 0.0538

--- Round 299/500 ---
Averaged Train Loss: 1.4270
Averaged Test Accuracy: 0.4639
Averaged Test AUC: 0.8610
Std Test Accuracy: 0.1923
Std Test AUC: 0.0547

--- Round 300/500 ---
Averaged Train Loss: 1.4862
Averaged Test Accuracy: 0.4594
Averaged Test AUC: 0.8523
Std Test Accuracy: 0.2027
Std Test AUC: 0.0661

--- Round 301/500 ---
Averaged Train Loss: 1.3759
Averaged Test Accuracy: 0.4872
Averaged Test AUC: 0.8626
Std Test Accuracy: 0.1384
Std Test AUC: 0.0374

--- Round 302/500 ---
Averaged Train Loss: 1.3737
Averaged Test Accuracy: 0.4933
Averaged Test AUC: 0.8665
Std Test Accuracy: 0.1680
Std Test AUC: 0.0460

--- Round 303/500 ---
Averaged Train Loss: 1.3706
Averaged Test Accuracy: 0.4955
Averaged Test AUC: 0.8662
Std Test Accuracy: 0.1882
Std Test AUC: 0.0517

--- Round 304/500 ---
Averaged Train Loss: 1.4255
Averaged Test Accuracy: 0.4653
Averaged Test AUC: 0.8608
Std Test Accuracy: 0.1887
Std Test AUC: 0.0548

--- Round 305/500 ---
Averaged Train Loss: 1.4734
Averaged Test Accuracy: 0.4636
Averaged Test AUC: 0.8533
Std Test Accuracy: 0.2011
Std Test AUC: 0.0646

--- Round 306/500 ---
Averaged Train Loss: 1.3865
Averaged Test Accuracy: 0.4810
Averaged Test AUC: 0.8615
Std Test Accuracy: 0.1459
Std Test AUC: 0.0393

--- Round 307/500 ---
Averaged Train Loss: 1.3689
Averaged Test Accuracy: 0.4956
Averaged Test AUC: 0.8666
Std Test Accuracy: 0.1734
Std Test AUC: 0.0479

--- Round 308/500 ---
Averaged Train Loss: 1.3724
Averaged Test Accuracy: 0.4959
Averaged Test AUC: 0.8666
Std Test Accuracy: 0.1875
Std Test AUC: 0.0510

--- Round 309/500 ---
Averaged Train Loss: 1.4160
Averaged Test Accuracy: 0.4679
Averaged Test AUC: 0.8616
Std Test Accuracy: 0.1875
Std Test AUC: 0.0540

--- Round 310/500 ---
Averaged Train Loss: 1.4686
Averaged Test Accuracy: 0.4651
Averaged Test AUC: 0.8535
Std Test Accuracy: 0.2018
Std Test AUC: 0.0666

--- Round 311/500 ---
Averaged Train Loss: 1.4009
Averaged Test Accuracy: 0.4741
Averaged Test AUC: 0.8605
Std Test Accuracy: 0.1505
Std Test AUC: 0.0398

--- Round 312/500 ---
Averaged Train Loss: 1.3704
Averaged Test Accuracy: 0.4940
Averaged Test AUC: 0.8669
Std Test Accuracy: 0.1758
Std Test AUC: 0.0476

--- Round 313/500 ---
Averaged Train Loss: 1.3676
Averaged Test Accuracy: 0.4954
Averaged Test AUC: 0.8662
Std Test Accuracy: 0.1782
Std Test AUC: 0.0496

--- Round 314/500 ---
Averaged Train Loss: 1.4023
Averaged Test Accuracy: 0.4719
Averaged Test AUC: 0.8628
Std Test Accuracy: 0.1845
Std Test AUC: 0.0525

--- Round 315/500 ---
Averaged Train Loss: 1.4641
Averaged Test Accuracy: 0.4656
Averaged Test AUC: 0.8538
Std Test Accuracy: 0.1998
Std Test AUC: 0.0660

--- Round 316/500 ---
Averaged Train Loss: 1.3715
Averaged Test Accuracy: 0.4883
Averaged Test AUC: 0.8632
Std Test Accuracy: 0.1423
Std Test AUC: 0.0383

--- Round 317/500 ---
Averaged Train Loss: 1.3755
Averaged Test Accuracy: 0.4910
Averaged Test AUC: 0.8668
Std Test Accuracy: 0.1719
Std Test AUC: 0.0486

--- Round 318/500 ---
Averaged Train Loss: 1.3504
Averaged Test Accuracy: 0.5037
Averaged Test AUC: 0.8685
Std Test Accuracy: 0.1778
Std Test AUC: 0.0469

--- Round 319/500 ---
Averaged Train Loss: 1.4229
Averaged Test Accuracy: 0.4679
Averaged Test AUC: 0.8614
Std Test Accuracy: 0.1883
Std Test AUC: 0.0552

--- Round 320/500 ---
Averaged Train Loss: 1.4547
Averaged Test Accuracy: 0.4698
Averaged Test AUC: 0.8559
Std Test Accuracy: 0.1940
Std Test AUC: 0.0626

--- Round 321/500 ---
Averaged Train Loss: 1.3828
Averaged Test Accuracy: 0.4832
Averaged Test AUC: 0.8626
Std Test Accuracy: 0.1543
Std Test AUC: 0.0400

--- Round 322/500 ---
Averaged Train Loss: 1.3819
Averaged Test Accuracy: 0.4903
Averaged Test AUC: 0.8666
Std Test Accuracy: 0.1749
Std Test AUC: 0.0486

--- Round 323/500 ---
Averaged Train Loss: 1.3576
Averaged Test Accuracy: 0.5001
Averaged Test AUC: 0.8683
Std Test Accuracy: 0.1908
Std Test AUC: 0.0491

--- Round 324/500 ---
Averaged Train Loss: 1.4466
Averaged Test Accuracy: 0.4610
Averaged Test AUC: 0.8597
Std Test Accuracy: 0.1947
Std Test AUC: 0.0571

--- Round 325/500 ---
Averaged Train Loss: 1.4387
Averaged Test Accuracy: 0.4745
Averaged Test AUC: 0.8570
Std Test Accuracy: 0.1912
Std Test AUC: 0.0609

--- Round 326/500 ---
Averaged Train Loss: 1.3741
Averaged Test Accuracy: 0.4854
Averaged Test AUC: 0.8633
Std Test Accuracy: 0.1495
Std Test AUC: 0.0402

--- Round 327/500 ---
Averaged Train Loss: 1.3555
Averaged Test Accuracy: 0.4975
Averaged Test AUC: 0.8686
Std Test Accuracy: 0.1700
Std Test AUC: 0.0438

--- Round 328/500 ---
Averaged Train Loss: 1.3411
Averaged Test Accuracy: 0.5057
Averaged Test AUC: 0.8697
Std Test Accuracy: 0.1763
Std Test AUC: 0.0442

--- Round 329/500 ---
Averaged Train Loss: 1.4471
Averaged Test Accuracy: 0.4602
Averaged Test AUC: 0.8593
Std Test Accuracy: 0.2039
Std Test AUC: 0.0608

--- Round 330/500 ---
Averaged Train Loss: 1.4358
Averaged Test Accuracy: 0.4741
Averaged Test AUC: 0.8577
Std Test Accuracy: 0.1896
Std Test AUC: 0.0594

--- Round 331/500 ---
Averaged Train Loss: 1.3541
Averaged Test Accuracy: 0.4953
Averaged Test AUC: 0.8655
Std Test Accuracy: 0.1447
Std Test AUC: 0.0391

--- Round 332/500 ---
Averaged Train Loss: 1.3555
Averaged Test Accuracy: 0.4995
Averaged Test AUC: 0.8683
Std Test Accuracy: 0.1734
Std Test AUC: 0.0476

--- Round 333/500 ---
Averaged Train Loss: 1.3458
Averaged Test Accuracy: 0.5051
Averaged Test AUC: 0.8694
Std Test Accuracy: 0.1765
Std Test AUC: 0.0466

--- Round 334/500 ---
Averaged Train Loss: 1.4155
Averaged Test Accuracy: 0.4707
Averaged Test AUC: 0.8624
Std Test Accuracy: 0.1925
Std Test AUC: 0.0560

--- Round 335/500 ---
Averaged Train Loss: 1.4454
Averaged Test Accuracy: 0.4749
Averaged Test AUC: 0.8569
Std Test Accuracy: 0.1911
Std Test AUC: 0.0632

--- Round 336/500 ---
Averaged Train Loss: 1.3730
Averaged Test Accuracy: 0.4888
Averaged Test AUC: 0.8632
Std Test Accuracy: 0.1539
Std Test AUC: 0.0422

--- Round 337/500 ---
Averaged Train Loss: 1.3560
Averaged Test Accuracy: 0.5001
Averaged Test AUC: 0.8686
Std Test Accuracy: 0.1781
Std Test AUC: 0.0478

--- Round 338/500 ---
Averaged Train Loss: 1.3432
Averaged Test Accuracy: 0.5059
Averaged Test AUC: 0.8700
Std Test Accuracy: 0.1804
Std Test AUC: 0.0439

--- Round 339/500 ---
Averaged Train Loss: 1.4094
Averaged Test Accuracy: 0.4729
Averaged Test AUC: 0.8628
Std Test Accuracy: 0.1905
Std Test AUC: 0.0548

--- Round 340/500 ---
Averaged Train Loss: 1.4424
Averaged Test Accuracy: 0.4757
Averaged Test AUC: 0.8570
Std Test Accuracy: 0.1904
Std Test AUC: 0.0635

--- Round 341/500 ---
Averaged Train Loss: 1.3689
Averaged Test Accuracy: 0.4879
Averaged Test AUC: 0.8642
Std Test Accuracy: 0.1547
Std Test AUC: 0.0402

--- Round 342/500 ---
Averaged Train Loss: 1.3542
Averaged Test Accuracy: 0.5011
Averaged Test AUC: 0.8686
Std Test Accuracy: 0.1748
Std Test AUC: 0.0473

--- Round 343/500 ---
Averaged Train Loss: 1.3494
Averaged Test Accuracy: 0.5051
Averaged Test AUC: 0.8694
Std Test Accuracy: 0.1805
Std Test AUC: 0.0485

--- Round 344/500 ---
Averaged Train Loss: 1.4167
Averaged Test Accuracy: 0.4703
Averaged Test AUC: 0.8621
Std Test Accuracy: 0.1953
Std Test AUC: 0.0563

--- Round 345/500 ---
Averaged Train Loss: 1.4452
Averaged Test Accuracy: 0.4768
Averaged Test AUC: 0.8562
Std Test Accuracy: 0.1958
Std Test AUC: 0.0661

--- Round 346/500 ---
Averaged Train Loss: 1.3617
Averaged Test Accuracy: 0.4906
Averaged Test AUC: 0.8646
Std Test Accuracy: 0.1479
Std Test AUC: 0.0395

--- Round 347/500 ---
Averaged Train Loss: 1.3499
Averaged Test Accuracy: 0.5017
Averaged Test AUC: 0.8693
Std Test Accuracy: 0.1711
Std Test AUC: 0.0461

--- Round 348/500 ---
Averaged Train Loss: 1.3294
Averaged Test Accuracy: 0.5078
Averaged Test AUC: 0.8707
Std Test Accuracy: 0.1741
Std Test AUC: 0.0477

--- Round 349/500 ---
Averaged Train Loss: 1.3960
Averaged Test Accuracy: 0.4738
Averaged Test AUC: 0.8644
Std Test Accuracy: 0.1819
Std Test AUC: 0.0500

--- Round 350/500 ---
Averaged Train Loss: 1.4438
Averaged Test Accuracy: 0.4744
Averaged Test AUC: 0.8562
Std Test Accuracy: 0.1942
Std Test AUC: 0.0655

--- Round 351/500 ---
Averaged Train Loss: 1.3550
Averaged Test Accuracy: 0.4949
Averaged Test AUC: 0.8657
Std Test Accuracy: 0.1487
Std Test AUC: 0.0405

--- Round 352/500 ---
Averaged Train Loss: 1.3472
Averaged Test Accuracy: 0.5041
Averaged Test AUC: 0.8697
Std Test Accuracy: 0.1713
Std Test AUC: 0.0463

--- Round 353/500 ---
Averaged Train Loss: 1.3396
Averaged Test Accuracy: 0.5061
Averaged Test AUC: 0.8701
Std Test Accuracy: 0.1803
Std Test AUC: 0.0477

--- Round 354/500 ---
Averaged Train Loss: 1.3948
Averaged Test Accuracy: 0.4790
Averaged Test AUC: 0.8645
Std Test Accuracy: 0.1898
Std Test AUC: 0.0540

--- Round 355/500 ---
Averaged Train Loss: 1.4326
Averaged Test Accuracy: 0.4784
Averaged Test AUC: 0.8575
Std Test Accuracy: 0.1930
Std Test AUC: 0.0643

--- Round 356/500 ---
Averaged Train Loss: 1.3653
Averaged Test Accuracy: 0.4888
Averaged Test AUC: 0.8646
Std Test Accuracy: 0.1539
Std Test AUC: 0.0405

--- Round 357/500 ---
Averaged Train Loss: 1.3368
Averaged Test Accuracy: 0.5059
Averaged Test AUC: 0.8704
Std Test Accuracy: 0.1651
Std Test AUC: 0.0452

--- Round 358/500 ---
Averaged Train Loss: 1.3456
Averaged Test Accuracy: 0.5034
Averaged Test AUC: 0.8696
Std Test Accuracy: 0.1862
Std Test AUC: 0.0489

--- Round 359/500 ---
Averaged Train Loss: 1.4032
Averaged Test Accuracy: 0.4738
Averaged Test AUC: 0.8639
Std Test Accuracy: 0.1916
Std Test AUC: 0.0541

--- Round 360/500 ---
Averaged Train Loss: 1.4450
Averaged Test Accuracy: 0.4744
Averaged Test AUC: 0.8571
Std Test Accuracy: 0.1963
Std Test AUC: 0.0646

--- Round 361/500 ---
Averaged Train Loss: 1.3606
Averaged Test Accuracy: 0.4906
Averaged Test AUC: 0.8651
Std Test Accuracy: 0.1520
Std Test AUC: 0.0407

--- Round 362/500 ---
Averaged Train Loss: 1.3370
Averaged Test Accuracy: 0.5055
Averaged Test AUC: 0.8706
Std Test Accuracy: 0.1688
Std Test AUC: 0.0458

--- Round 363/500 ---
Averaged Train Loss: 1.3523
Averaged Test Accuracy: 0.5020
Averaged Test AUC: 0.8692
Std Test Accuracy: 0.1795
Std Test AUC: 0.0481

--- Round 364/500 ---
Averaged Train Loss: 1.4096
Averaged Test Accuracy: 0.4747
Averaged Test AUC: 0.8638
Std Test Accuracy: 0.1873
Std Test AUC: 0.0538

--- Round 365/500 ---
Averaged Train Loss: 1.4356
Averaged Test Accuracy: 0.4759
Averaged Test AUC: 0.8574
Std Test Accuracy: 0.1975
Std Test AUC: 0.0644

--- Round 366/500 ---
Averaged Train Loss: 1.3480
Averaged Test Accuracy: 0.4972
Averaged Test AUC: 0.8664
Std Test Accuracy: 0.1448
Std Test AUC: 0.0383

--- Round 367/500 ---
Averaged Train Loss: 1.3545
Averaged Test Accuracy: 0.4988
Averaged Test AUC: 0.8695
Std Test Accuracy: 0.1740
Std Test AUC: 0.0475

--- Round 368/500 ---
Averaged Train Loss: 1.3438
Averaged Test Accuracy: 0.5023
Averaged Test AUC: 0.8697
Std Test Accuracy: 0.1876
Std Test AUC: 0.0486

--- Round 369/500 ---
Averaged Train Loss: 1.4192
Averaged Test Accuracy: 0.4721
Averaged Test AUC: 0.8626
Std Test Accuracy: 0.1967
Std Test AUC: 0.0572

--- Round 370/500 ---
Averaged Train Loss: 1.4465
Averaged Test Accuracy: 0.4745
Averaged Test AUC: 0.8569
Std Test Accuracy: 0.1983
Std Test AUC: 0.0655

--- Round 371/500 ---
Averaged Train Loss: 1.3618
Averaged Test Accuracy: 0.4918
Averaged Test AUC: 0.8658
Std Test Accuracy: 0.1602
Std Test AUC: 0.0421

--- Round 372/500 ---
Averaged Train Loss: 1.3383
Averaged Test Accuracy: 0.5069
Averaged Test AUC: 0.8709
Std Test Accuracy: 0.1693
Std Test AUC: 0.0468

--- Round 373/500 ---
Averaged Train Loss: 1.3365
Averaged Test Accuracy: 0.5077
Averaged Test AUC: 0.8707
Std Test Accuracy: 0.1809
Std Test AUC: 0.0497

--- Round 374/500 ---
Averaged Train Loss: 1.3825
Averaged Test Accuracy: 0.4822
Averaged Test AUC: 0.8654
Std Test Accuracy: 0.1876
Std Test AUC: 0.0539

--- Round 375/500 ---
Averaged Train Loss: 1.4419
Averaged Test Accuracy: 0.4777
Averaged Test AUC: 0.8573
Std Test Accuracy: 0.1969
Std Test AUC: 0.0651

--- Round 376/500 ---
Averaged Train Loss: 1.3559
Averaged Test Accuracy: 0.4951
Averaged Test AUC: 0.8659
Std Test Accuracy: 0.1540
Std Test AUC: 0.0404

--- Round 377/500 ---
Averaged Train Loss: 1.3475
Averaged Test Accuracy: 0.5028
Averaged Test AUC: 0.8707
Std Test Accuracy: 0.1736
Std Test AUC: 0.0468

--- Round 378/500 ---
Averaged Train Loss: 1.3343
Averaged Test Accuracy: 0.5092
Averaged Test AUC: 0.8707
Std Test Accuracy: 0.1830
Std Test AUC: 0.0491

--- Round 379/500 ---
Averaged Train Loss: 1.4060
Averaged Test Accuracy: 0.4758
Averaged Test AUC: 0.8637
Std Test Accuracy: 0.1961
Std Test AUC: 0.0578

--- Round 380/500 ---
Averaged Train Loss: 1.4175
Averaged Test Accuracy: 0.4835
Averaged Test AUC: 0.8596
Std Test Accuracy: 0.1881
Std Test AUC: 0.0612

--- Round 381/500 ---
Averaged Train Loss: 1.3353
Averaged Test Accuracy: 0.5031
Averaged Test AUC: 0.8678
Std Test Accuracy: 0.1382
Std Test AUC: 0.0378

--- Round 382/500 ---
Averaged Train Loss: 1.3297
Averaged Test Accuracy: 0.5084
Averaged Test AUC: 0.8718
Std Test Accuracy: 0.1714
Std Test AUC: 0.0446

--- Round 383/500 ---
Averaged Train Loss: 1.3111
Averaged Test Accuracy: 0.5175
Averaged Test AUC: 0.8728
Std Test Accuracy: 0.1699
Std Test AUC: 0.0441

--- Round 384/500 ---
Averaged Train Loss: 1.3981
Averaged Test Accuracy: 0.4765
Averaged Test AUC: 0.8643
Std Test Accuracy: 0.1893
Std Test AUC: 0.0546

--- Round 385/500 ---
Averaged Train Loss: 1.4160
Averaged Test Accuracy: 0.4836
Averaged Test AUC: 0.8595
Std Test Accuracy: 0.1884
Std Test AUC: 0.0611

--- Round 386/500 ---
Averaged Train Loss: 1.3342
Averaged Test Accuracy: 0.5040
Averaged Test AUC: 0.8676
Std Test Accuracy: 0.1367
Std Test AUC: 0.0374

--- Round 387/500 ---
Averaged Train Loss: 1.3313
Averaged Test Accuracy: 0.5098
Averaged Test AUC: 0.8714
Std Test Accuracy: 0.1707
Std Test AUC: 0.0465

--- Round 388/500 ---
Averaged Train Loss: 1.3202
Averaged Test Accuracy: 0.5126
Averaged Test AUC: 0.8722
Std Test Accuracy: 0.1741
Std Test AUC: 0.0473

--- Round 389/500 ---
Averaged Train Loss: 1.4024
Averaged Test Accuracy: 0.4745
Averaged Test AUC: 0.8637
Std Test Accuracy: 0.1858
Std Test AUC: 0.0563

--- Round 390/500 ---
Averaged Train Loss: 1.4203
Averaged Test Accuracy: 0.4829
Averaged Test AUC: 0.8592
Std Test Accuracy: 0.1912
Std Test AUC: 0.0621

--- Round 391/500 ---
Averaged Train Loss: 1.3434
Averaged Test Accuracy: 0.4970
Averaged Test AUC: 0.8670
Std Test Accuracy: 0.1451
Std Test AUC: 0.0382

--- Round 392/500 ---
Averaged Train Loss: 1.3316
Averaged Test Accuracy: 0.5092
Averaged Test AUC: 0.8715
Std Test Accuracy: 0.1767
Std Test AUC: 0.0466

--- Round 393/500 ---
Averaged Train Loss: 1.3225
Averaged Test Accuracy: 0.5118
Averaged Test AUC: 0.8718
Std Test Accuracy: 0.1753
Std Test AUC: 0.0482

--- Round 394/500 ---
Averaged Train Loss: 1.3909
Averaged Test Accuracy: 0.4808
Averaged Test AUC: 0.8653
Std Test Accuracy: 0.1893
Std Test AUC: 0.0553

--- Round 395/500 ---
Averaged Train Loss: 1.4178
Averaged Test Accuracy: 0.4854
Averaged Test AUC: 0.8600
Std Test Accuracy: 0.1924
Std Test AUC: 0.0619

--- Round 396/500 ---
Averaged Train Loss: 1.3240
Averaged Test Accuracy: 0.5064
Averaged Test AUC: 0.8687
Std Test Accuracy: 0.1399
Std Test AUC: 0.0367

--- Round 397/500 ---
Averaged Train Loss: 1.3120
Averaged Test Accuracy: 0.5141
Averaged Test AUC: 0.8731
Std Test Accuracy: 0.1679
Std Test AUC: 0.0426

--- Round 398/500 ---
Averaged Train Loss: 1.3133
Averaged Test Accuracy: 0.5152
Averaged Test AUC: 0.8731
Std Test Accuracy: 0.1772
Std Test AUC: 0.0453

--- Round 399/500 ---
Averaged Train Loss: 1.3974
Averaged Test Accuracy: 0.4779
Averaged Test AUC: 0.8641
Std Test Accuracy: 0.1887
Std Test AUC: 0.0563

--- Round 400/500 ---
Averaged Train Loss: 1.3961
Averaged Test Accuracy: 0.4880
Averaged Test AUC: 0.8617
Std Test Accuracy: 0.1842
Std Test AUC: 0.0588

--- Round 401/500 ---
Averaged Train Loss: 1.3176
Averaged Test Accuracy: 0.5092
Averaged Test AUC: 0.8695
Std Test Accuracy: 0.1373
Std Test AUC: 0.0370

--- Round 402/500 ---
Averaged Train Loss: 1.3165
Averaged Test Accuracy: 0.5125
Averaged Test AUC: 0.8731
Std Test Accuracy: 0.1738
Std Test AUC: 0.0432

--- Round 403/500 ---
Averaged Train Loss: 1.3145
Averaged Test Accuracy: 0.5140
Averaged Test AUC: 0.8732
Std Test Accuracy: 0.1751
Std Test AUC: 0.0473

--- Round 404/500 ---
Averaged Train Loss: 1.4014
Averaged Test Accuracy: 0.4784
Averaged Test AUC: 0.8638
Std Test Accuracy: 0.1928
Std Test AUC: 0.0583

--- Round 405/500 ---
Averaged Train Loss: 1.4046
Averaged Test Accuracy: 0.4848
Averaged Test AUC: 0.8617
Std Test Accuracy: 0.1891
Std Test AUC: 0.0595

--- Round 406/500 ---
Averaged Train Loss: 1.3291
Averaged Test Accuracy: 0.5056
Averaged Test AUC: 0.8687
Std Test Accuracy: 0.1419
Std Test AUC: 0.0380

--- Round 407/500 ---
Averaged Train Loss: 1.3087
Averaged Test Accuracy: 0.5138
Averaged Test AUC: 0.8737
Std Test Accuracy: 0.1610
Std Test AUC: 0.0421

--- Round 408/500 ---
Averaged Train Loss: 1.3146
Averaged Test Accuracy: 0.5144
Averaged Test AUC: 0.8728
Std Test Accuracy: 0.1792
Std Test AUC: 0.0479

--- Round 409/500 ---
Averaged Train Loss: 1.4118
Averaged Test Accuracy: 0.4758
Averaged Test AUC: 0.8635
Std Test Accuracy: 0.1928
Std Test AUC: 0.0578

--- Round 410/500 ---
Averaged Train Loss: 1.4136
Averaged Test Accuracy: 0.4873
Averaged Test AUC: 0.8601
Std Test Accuracy: 0.1932
Std Test AUC: 0.0644

--- Round 411/500 ---
Averaged Train Loss: 1.3477
Averaged Test Accuracy: 0.4971
Averaged Test AUC: 0.8675
Std Test Accuracy: 0.1547
Std Test AUC: 0.0392

--- Round 412/500 ---
Averaged Train Loss: 1.3198
Averaged Test Accuracy: 0.5118
Averaged Test AUC: 0.8729
Std Test Accuracy: 0.1697
Std Test AUC: 0.0449

--- Round 413/500 ---
Averaged Train Loss: 1.3373
Averaged Test Accuracy: 0.5057
Averaged Test AUC: 0.8720
Std Test Accuracy: 0.1868
Std Test AUC: 0.0457

--- Round 414/500 ---
Averaged Train Loss: 1.3461
Averaged Test Accuracy: 0.4925
Averaged Test AUC: 0.8693
Std Test Accuracy: 0.1731
Std Test AUC: 0.0468

--- Round 415/500 ---
Averaged Train Loss: 1.4052
Averaged Test Accuracy: 0.4876
Averaged Test AUC: 0.8607
Std Test Accuracy: 0.1867
Std Test AUC: 0.0621

--- Round 416/500 ---
Averaged Train Loss: 1.3263
Averaged Test Accuracy: 0.5027
Averaged Test AUC: 0.8690
Std Test Accuracy: 0.1483
Std Test AUC: 0.0387

--- Round 417/500 ---
Averaged Train Loss: 1.3239
Averaged Test Accuracy: 0.5129
Averaged Test AUC: 0.8729
Std Test Accuracy: 0.1725
Std Test AUC: 0.0478

--- Round 418/500 ---
Averaged Train Loss: 1.3053
Averaged Test Accuracy: 0.5183
Averaged Test AUC: 0.8734
Std Test Accuracy: 0.1720
Std Test AUC: 0.0443

--- Round 419/500 ---
Averaged Train Loss: 1.3749
Averaged Test Accuracy: 0.4873
Averaged Test AUC: 0.8670
Std Test Accuracy: 0.1852
Std Test AUC: 0.0534

--- Round 420/500 ---
Averaged Train Loss: 1.4134
Averaged Test Accuracy: 0.4853
Averaged Test AUC: 0.8605
Std Test Accuracy: 0.1916
Std Test AUC: 0.0625

--- Round 421/500 ---
Averaged Train Loss: 1.3496
Averaged Test Accuracy: 0.4939
Averaged Test AUC: 0.8674
Std Test Accuracy: 0.1596
Std Test AUC: 0.0407

--- Round 422/500 ---
Averaged Train Loss: 1.3063
Averaged Test Accuracy: 0.5152
Averaged Test AUC: 0.8744
Std Test Accuracy: 0.1648
Std Test AUC: 0.0420

--- Round 423/500 ---
Averaged Train Loss: 1.3091
Averaged Test Accuracy: 0.5163
Averaged Test AUC: 0.8744
Std Test Accuracy: 0.1724
Std Test AUC: 0.0446

--- Round 424/500 ---
Averaged Train Loss: 1.3782
Averaged Test Accuracy: 0.4868
Averaged Test AUC: 0.8669
Std Test Accuracy: 0.1825
Std Test AUC: 0.0529

--- Round 425/500 ---
Averaged Train Loss: 1.4120
Averaged Test Accuracy: 0.4846
Averaged Test AUC: 0.8604
Std Test Accuracy: 0.1919
Std Test AUC: 0.0619

--- Round 426/500 ---
Averaged Train Loss: 1.3336
Averaged Test Accuracy: 0.5026
Averaged Test AUC: 0.8683
Std Test Accuracy: 0.1490
Std Test AUC: 0.0400

--- Round 427/500 ---
Averaged Train Loss: 1.3104
Averaged Test Accuracy: 0.5141
Averaged Test AUC: 0.8736
Std Test Accuracy: 0.1675
Std Test AUC: 0.0466

--- Round 428/500 ---
Averaged Train Loss: 1.3015
Averaged Test Accuracy: 0.5196
Averaged Test AUC: 0.8740
Std Test Accuracy: 0.1619
Std Test AUC: 0.0458

--- Round 429/500 ---
Averaged Train Loss: 1.3625
Averaged Test Accuracy: 0.4892
Averaged Test AUC: 0.8683
Std Test Accuracy: 0.1811
Std Test AUC: 0.0496

--- Round 430/500 ---
Averaged Train Loss: 1.4067
Averaged Test Accuracy: 0.4856
Averaged Test AUC: 0.8612
Std Test Accuracy: 0.1915
Std Test AUC: 0.0614

--- Round 431/500 ---
Averaged Train Loss: 1.3237
Averaged Test Accuracy: 0.5041
Averaged Test AUC: 0.8695
Std Test Accuracy: 0.1495
Std Test AUC: 0.0407

--- Round 432/500 ---
Averaged Train Loss: 1.3007
Averaged Test Accuracy: 0.5158
Averaged Test AUC: 0.8742
Std Test Accuracy: 0.1640
Std Test AUC: 0.0441

--- Round 433/500 ---
Averaged Train Loss: 1.3018
Averaged Test Accuracy: 0.5184
Averaged Test AUC: 0.8746
Std Test Accuracy: 0.1711
Std Test AUC: 0.0446

--- Round 434/500 ---
Averaged Train Loss: 1.3547
Averaged Test Accuracy: 0.4924
Averaged Test AUC: 0.8687
Std Test Accuracy: 0.1825
Std Test AUC: 0.0506

--- Round 435/500 ---
Averaged Train Loss: 1.4134
Averaged Test Accuracy: 0.4857
Averaged Test AUC: 0.8606
Std Test Accuracy: 0.1926
Std Test AUC: 0.0633

--- Round 436/500 ---
Averaged Train Loss: 1.3126
Averaged Test Accuracy: 0.5063
Averaged Test AUC: 0.8706
Std Test Accuracy: 0.1424
Std Test AUC: 0.0373

--- Round 437/500 ---
Averaged Train Loss: 1.3082
Averaged Test Accuracy: 0.5148
Averaged Test AUC: 0.8742
Std Test Accuracy: 0.1720
Std Test AUC: 0.0454

--- Round 438/500 ---
Averaged Train Loss: 1.3089
Averaged Test Accuracy: 0.5162
Averaged Test AUC: 0.8741
Std Test Accuracy: 0.1777
Std Test AUC: 0.0471

--- Round 439/500 ---
Averaged Train Loss: 1.3283
Averaged Test Accuracy: 0.5001
Averaged Test AUC: 0.8707
Std Test Accuracy: 0.1669
Std Test AUC: 0.0445

--- Round 440/500 ---
Averaged Train Loss: 1.4114
Averaged Test Accuracy: 0.4856
Averaged Test AUC: 0.8604
Std Test Accuracy: 0.1919
Std Test AUC: 0.0636

--- Round 441/500 ---
Averaged Train Loss: 1.3098
Averaged Test Accuracy: 0.5080
Averaged Test AUC: 0.8705
Std Test Accuracy: 0.1342
Std Test AUC: 0.0357

--- Round 442/500 ---
Averaged Train Loss: 1.2996
Averaged Test Accuracy: 0.5157
Averaged Test AUC: 0.8745
Std Test Accuracy: 0.1638
Std Test AUC: 0.0445

--- Round 443/500 ---
Averaged Train Loss: 1.2912
Averaged Test Accuracy: 0.5242
Averaged Test AUC: 0.8754
Std Test Accuracy: 0.1640
Std Test AUC: 0.0443

--- Round 444/500 ---
Averaged Train Loss: 1.3403
Averaged Test Accuracy: 0.4967
Averaged Test AUC: 0.8696
Std Test Accuracy: 0.1756
Std Test AUC: 0.0499

--- Round 445/500 ---
Averaged Train Loss: 1.4058
Averaged Test Accuracy: 0.4885
Averaged Test AUC: 0.8614
Std Test Accuracy: 0.1913
Std Test AUC: 0.0625

--- Round 446/500 ---
Averaged Train Loss: 1.3085
Averaged Test Accuracy: 0.5097
Averaged Test AUC: 0.8711
Std Test Accuracy: 0.1431
Std Test AUC: 0.0382

--- Round 447/500 ---
Averaged Train Loss: 1.3116
Averaged Test Accuracy: 0.5145
Averaged Test AUC: 0.8741
Std Test Accuracy: 0.1691
Std Test AUC: 0.0455

--- Round 448/500 ---
Averaged Train Loss: 1.2899
Averaged Test Accuracy: 0.5239
Averaged Test AUC: 0.8757
Std Test Accuracy: 0.1611
Std Test AUC: 0.0429

--- Round 449/500 ---
Averaged Train Loss: 1.3477
Averaged Test Accuracy: 0.4979
Averaged Test AUC: 0.8694
Std Test Accuracy: 0.1776
Std Test AUC: 0.0504

--- Round 450/500 ---
Averaged Train Loss: 1.3762
Averaged Test Accuracy: 0.4941
Averaged Test AUC: 0.8639
Std Test Accuracy: 0.1819
Std Test AUC: 0.0574

--- Round 451/500 ---
Averaged Train Loss: 1.3125
Averaged Test Accuracy: 0.5086
Averaged Test AUC: 0.8702
Std Test Accuracy: 0.1409
Std Test AUC: 0.0364

--- Round 452/500 ---
Averaged Train Loss: 1.2982
Averaged Test Accuracy: 0.5186
Averaged Test AUC: 0.8752
Std Test Accuracy: 0.1615
Std Test AUC: 0.0413

--- Round 453/500 ---
Averaged Train Loss: 1.2929
Averaged Test Accuracy: 0.5212
Averaged Test AUC: 0.8757
Std Test Accuracy: 0.1608
Std Test AUC: 0.0416

--- Round 454/500 ---
Averaged Train Loss: 1.3795
Averaged Test Accuracy: 0.4874
Averaged Test AUC: 0.8666
Std Test Accuracy: 0.1922
Std Test AUC: 0.0580

--- Round 455/500 ---
Averaged Train Loss: 1.3824
Averaged Test Accuracy: 0.4942
Averaged Test AUC: 0.8635
Std Test Accuracy: 0.1839
Std Test AUC: 0.0602

--- Round 456/500 ---
Averaged Train Loss: 1.3059
Averaged Test Accuracy: 0.5103
Averaged Test AUC: 0.8712
Std Test Accuracy: 0.1479
Std Test AUC: 0.0392

--- Round 457/500 ---
Averaged Train Loss: 1.2945
Averaged Test Accuracy: 0.5204
Averaged Test AUC: 0.8752
Std Test Accuracy: 0.1630
Std Test AUC: 0.0433

--- Round 458/500 ---
Averaged Train Loss: 1.2913
Averaged Test Accuracy: 0.5222
Averaged Test AUC: 0.8760
Std Test Accuracy: 0.1683
Std Test AUC: 0.0425

--- Round 459/500 ---
Averaged Train Loss: 1.3874
Averaged Test Accuracy: 0.4844
Averaged Test AUC: 0.8661
Std Test Accuracy: 0.1909
Std Test AUC: 0.0566

--- Round 460/500 ---
Averaged Train Loss: 1.3655
Averaged Test Accuracy: 0.4987
Averaged Test AUC: 0.8646
Std Test Accuracy: 0.1806
Std Test AUC: 0.0581

--- Round 461/500 ---
Averaged Train Loss: 1.3218
Averaged Test Accuracy: 0.5047
Averaged Test AUC: 0.8703
Std Test Accuracy: 0.1486
Std Test AUC: 0.0374

--- Round 462/500 ---
Averaged Train Loss: 1.2859
Averaged Test Accuracy: 0.5215
Averaged Test AUC: 0.8759
Std Test Accuracy: 0.1549
Std Test AUC: 0.0422

--- Round 463/500 ---
Averaged Train Loss: 1.2988
Averaged Test Accuracy: 0.5179
Averaged Test AUC: 0.8754
Std Test Accuracy: 0.1715
Std Test AUC: 0.0430

--- Round 464/500 ---
Averaged Train Loss: 1.3630
Averaged Test Accuracy: 0.4916
Averaged Test AUC: 0.8683
Std Test Accuracy: 0.1829
Std Test AUC: 0.0539

--- Round 465/500 ---
Averaged Train Loss: 1.3845
Averaged Test Accuracy: 0.4947
Averaged Test AUC: 0.8635
Std Test Accuracy: 0.1843
Std Test AUC: 0.0597

--- Round 466/500 ---
Averaged Train Loss: 1.2782
Averaged Test Accuracy: 0.5214
Averaged Test AUC: 0.8734
Std Test Accuracy: 0.1275
Std Test AUC: 0.0349

--- Round 467/500 ---
Averaged Train Loss: 1.2924
Averaged Test Accuracy: 0.5200
Averaged Test AUC: 0.8756
Std Test Accuracy: 0.1624
Std Test AUC: 0.0437

--- Round 468/500 ---
Averaged Train Loss: 1.2885
Averaged Test Accuracy: 0.5221
Averaged Test AUC: 0.8763
Std Test Accuracy: 0.1703
Std Test AUC: 0.0418

--- Round 469/500 ---
Averaged Train Loss: 1.3488
Averaged Test Accuracy: 0.4945
Averaged Test AUC: 0.8690
Std Test Accuracy: 0.1805
Std Test AUC: 0.0523

--- Round 470/500 ---
Averaged Train Loss: 1.3721
Averaged Test Accuracy: 0.4973
Averaged Test AUC: 0.8646
Std Test Accuracy: 0.1825
Std Test AUC: 0.0574

--- Round 471/500 ---
Averaged Train Loss: 1.2970
Averaged Test Accuracy: 0.5106
Averaged Test AUC: 0.8720
Std Test Accuracy: 0.1358
Std Test AUC: 0.0358

--- Round 472/500 ---
Averaged Train Loss: 1.2961
Averaged Test Accuracy: 0.5183
Averaged Test AUC: 0.8751
Std Test Accuracy: 0.1647
Std Test AUC: 0.0443

--- Round 473/500 ---
Averaged Train Loss: 1.2858
Averaged Test Accuracy: 0.5234
Averaged Test AUC: 0.8762
Std Test Accuracy: 0.1723
Std Test AUC: 0.0442

--- Round 474/500 ---
Averaged Train Loss: 1.3370
Averaged Test Accuracy: 0.4978
Averaged Test AUC: 0.8702
Std Test Accuracy: 0.1796
Std Test AUC: 0.0508

--- Round 475/500 ---
Averaged Train Loss: 1.3822
Averaged Test Accuracy: 0.4963
Averaged Test AUC: 0.8636
Std Test Accuracy: 0.1818
Std Test AUC: 0.0592

--- Round 476/500 ---
Averaged Train Loss: 1.3037
Averaged Test Accuracy: 0.5096
Averaged Test AUC: 0.8709
Std Test Accuracy: 0.1392
Std Test AUC: 0.0361

--- Round 477/500 ---
Averaged Train Loss: 1.3001
Averaged Test Accuracy: 0.5192
Averaged Test AUC: 0.8753
Std Test Accuracy: 0.1665
Std Test AUC: 0.0444

--- Round 478/500 ---
Averaged Train Loss: 1.2745
Averaged Test Accuracy: 0.5266
Averaged Test AUC: 0.8768
Std Test Accuracy: 0.1609
Std Test AUC: 0.0436

--- Round 479/500 ---
Averaged Train Loss: 1.3378
Averaged Test Accuracy: 0.4986
Averaged Test AUC: 0.8705
Std Test Accuracy: 0.1778
Std Test AUC: 0.0491

--- Round 480/500 ---
Averaged Train Loss: 1.3784
Averaged Test Accuracy: 0.4953
Averaged Test AUC: 0.8645
Std Test Accuracy: 0.1834
Std Test AUC: 0.0583

--- Round 481/500 ---
Averaged Train Loss: 1.3111
Averaged Test Accuracy: 0.5052
Averaged Test AUC: 0.8703
Std Test Accuracy: 0.1409
Std Test AUC: 0.0367

--- Round 482/500 ---
Averaged Train Loss: 1.2879
Averaged Test Accuracy: 0.5201
Averaged Test AUC: 0.8757
Std Test Accuracy: 0.1629
Std Test AUC: 0.0437

--- Round 483/500 ---
Averaged Train Loss: 1.2873
Averaged Test Accuracy: 0.5212
Averaged Test AUC: 0.8756
Std Test Accuracy: 0.1742
Std Test AUC: 0.0474

--- Round 484/500 ---
Averaged Train Loss: 1.3534
Averaged Test Accuracy: 0.4949
Averaged Test AUC: 0.8689
Std Test Accuracy: 0.1829
Std Test AUC: 0.0539

--- Round 485/500 ---
Averaged Train Loss: 1.3677
Averaged Test Accuracy: 0.4997
Averaged Test AUC: 0.8649
Std Test Accuracy: 0.1777
Std Test AUC: 0.0576

--- Round 486/500 ---
Averaged Train Loss: 1.2979
Averaged Test Accuracy: 0.5107
Averaged Test AUC: 0.8713
Std Test Accuracy: 0.1375
Std Test AUC: 0.0355

--- Round 487/500 ---
Averaged Train Loss: 1.2879
Averaged Test Accuracy: 0.5206
Averaged Test AUC: 0.8759
Std Test Accuracy: 0.1582
Std Test AUC: 0.0436

--- Round 488/500 ---
Averaged Train Loss: 1.2744
Averaged Test Accuracy: 0.5265
Averaged Test AUC: 0.8775
Std Test Accuracy: 0.1615
Std Test AUC: 0.0410

--- Round 489/500 ---
Averaged Train Loss: 1.3629
Averaged Test Accuracy: 0.4925
Averaged Test AUC: 0.8684
Std Test Accuracy: 0.1860
Std Test AUC: 0.0544

--- Round 490/500 ---
Averaged Train Loss: 1.3683
Averaged Test Accuracy: 0.4994
Averaged Test AUC: 0.8651
Std Test Accuracy: 0.1806
Std Test AUC: 0.0585

--- Round 491/500 ---
Averaged Train Loss: 1.2871
Averaged Test Accuracy: 0.5164
Averaged Test AUC: 0.8724
Std Test Accuracy: 0.1295
Std Test AUC: 0.0347

--- Round 492/500 ---
Averaged Train Loss: 1.2880
Averaged Test Accuracy: 0.5224
Averaged Test AUC: 0.8760
Std Test Accuracy: 0.1629
Std Test AUC: 0.0452

--- Round 493/500 ---
Averaged Train Loss: 1.2991
Averaged Test Accuracy: 0.5182
Averaged Test AUC: 0.8746
Std Test Accuracy: 0.1762
Std Test AUC: 0.0481

--- Round 494/500 ---
Averaged Train Loss: 1.3296
Averaged Test Accuracy: 0.5018
Averaged Test AUC: 0.8712
Std Test Accuracy: 0.1776
Std Test AUC: 0.0492

--- Round 495/500 ---
Averaged Train Loss: 1.3704
Averaged Test Accuracy: 0.4974
Averaged Test AUC: 0.8645
Std Test Accuracy: 0.1796
Std Test AUC: 0.0592

--- Round 496/500 ---
Averaged Train Loss: 1.2986
Averaged Test Accuracy: 0.5120
Averaged Test AUC: 0.8717
Std Test Accuracy: 0.1377
Std Test AUC: 0.0365

--- Round 497/500 ---
Averaged Train Loss: 1.2854
Averaged Test Accuracy: 0.5230
Averaged Test AUC: 0.8760
Std Test Accuracy: 0.1641
Std Test AUC: 0.0440

--- Round 498/500 ---
Averaged Train Loss: 1.2807
Averaged Test Accuracy: 0.5231
Averaged Test AUC: 0.8771
Std Test Accuracy: 0.1708
Std Test AUC: 0.0435

--- Round 499/500 ---
Averaged Train Loss: 1.3281
Averaged Test Accuracy: 0.5001
Averaged Test AUC: 0.8716
Std Test Accuracy: 0.1709
Std Test AUC: 0.0466

--- Round 500/500 ---
Averaged Train Loss: 1.3554
Averaged Test Accuracy: 0.5001
Averaged Test AUC: 0.8657
Std Test Accuracy: 0.1783
Std Test AUC: 0.0569

========== Training Complete ==========
Best Test Accuracy: 0.5266098988823843
File path: ../results/Cifar10_FedEntPlusSmooth_smooth_trial01_0006_0.h5

Average time cost: 2413.34s.
Length:  501
std for best accuracy: 0.0
mean for best accuracy: 0.5266098988823843
All done!

Storage on cuda:0
-------------------------------------------------------------------------------
Total Tensors: 212606196 	Used Memory: 576.64M
The allocated memory on cuda:0: 594.76M
Memory differs due to the matrix alignment or invisible gradient buffer tensors
-------------------------------------------------------------------------------
