==================================================
goal = smooth_trial01_0035
device = cuda
device_id = 0
dataset = Cifar10
num_classes = 10
model = CNN
batch_size = 64
local_learning_rate = 0.01
learning_rate_decay = True
learning_rate_decay_gamma = 0.98
global_rounds = 500
top_cnt = 100
local_epochs = 5
algorithm = FedEntPlusSmooth
join_ratio = 0.1
random_join_ratio = False
num_clients = 100
prev = 0
times = 1
eval_gap = 1
save_folder_name = items
auto_break = False
dlg_eval = False
dlg_gap = 100
batch_num_per_client = 2
num_new_clients = 0
fine_tuning_epoch_new = 0
feature_dim = 512
vocab_size = 32000
max_len = 200
client_drop_rate = 0.0
train_slow_rate = 0.0
send_slow_rate = 0.0
time_select = False
time_threthold = 10000
beta = 0.0
lamda = 1.0
mu = 0.0
K = 5
p_learning_rate = 0.01
M = 5
itk = 4000
alphaK = 1.0
sigma = 1.0
alpha = 1.0
plocal_epochs = 1
tau = 1.0
fine_tuning_epochs = 10
dr_learning_rate = 0.0
L = 1.0
noise_dim = 512
generator_learning_rate = 0.005
hidden_dim = 512
server_epochs = 1000
localize_feature_extractor = False
server_learning_rate = 1.0
eta = 1.0
rand_percent = 80
layer_idx = 2
mentee_learning_rate = 0.005
T_start = 0.95
T_end = 0.98
momentum = 0.9
kl_weight = 0.0
buffer_size = 0
dp_epsilon = 0.0
H_min = None
alpha_vp = 0.0
enable_dynamic_param = False
log_fedent = False
log_filename = None
dynamic_config_path = /home/john/PFLlib/system/auto_configs/smooth_trial01_0035.json
==================================================

============= Running time: 0th =============
Creating server and clients ...
FedAvgCNN(
  (conv1): Sequential(
    (0): Conv2d(3, 32, kernel_size=(5, 5), stride=(1, 1))
    (1): ReLU(inplace=True)
    (2): MaxPool2d(kernel_size=(2, 2), stride=(2, 2), padding=0, dilation=1, ceil_mode=False)
  )
  (conv2): Sequential(
    (0): Conv2d(32, 64, kernel_size=(5, 5), stride=(1, 1))
    (1): ReLU(inplace=True)
    (2): MaxPool2d(kernel_size=(2, 2), stride=(2, 2), padding=0, dilation=1, ceil_mode=False)
  )
  (fc1): Sequential(
    (0): Linear(in_features=1600, out_features=512, bias=True)
    (1): ReLU(inplace=True)
  )
  (fc): Linear(in_features=512, out_features=10, bias=True)
)

Join ratio / total clients: 0.1 / 100
Finished creating server and clients.

--- Round 0/500 ---
Averaged Train Loss: 2.3038
Averaged Test Accuracy: 0.0928
Averaged Test AUC: 0.4894
Std Test Accuracy: 0.1434
Std Test AUC: 0.2233

--- Round 1/500 ---
Averaged Train Loss: 2.3126
Averaged Test Accuracy: 0.1097
Averaged Test AUC: 0.5081
Std Test Accuracy: 0.1696
Std Test AUC: 0.2467

--- Round 2/500 ---
Averaged Train Loss: 2.4085
Averaged Test Accuracy: 0.1017
Averaged Test AUC: 0.5220
Std Test Accuracy: 0.1951
Std Test AUC: 0.2504

--- Round 3/500 ---
Averaged Train Loss: 2.4878
Averaged Test Accuracy: 0.1553
Averaged Test AUC: 0.5448
Std Test Accuracy: 0.1971
Std Test AUC: 0.2444

--- Round 4/500 ---
Averaged Train Loss: 2.5303
Averaged Test Accuracy: 0.1313
Averaged Test AUC: 0.5491
Std Test Accuracy: 0.1890
Std Test AUC: 0.2343

--- Round 5/500 ---
Averaged Train Loss: 2.4810
Averaged Test Accuracy: 0.1430
Averaged Test AUC: 0.5753
Std Test Accuracy: 0.2071
Std Test AUC: 0.2196

--- Round 6/500 ---
Averaged Train Loss: 2.4460
Averaged Test Accuracy: 0.1671
Averaged Test AUC: 0.5885
Std Test Accuracy: 0.2083
Std Test AUC: 0.2448

--- Round 7/500 ---
Averaged Train Loss: 2.3808
Averaged Test Accuracy: 0.1919
Averaged Test AUC: 0.6093
Std Test Accuracy: 0.1941
Std Test AUC: 0.2419

--- Round 8/500 ---
Averaged Train Loss: 2.2950
Averaged Test Accuracy: 0.1848
Averaged Test AUC: 0.6319
Std Test Accuracy: 0.1984
Std Test AUC: 0.2140

--- Round 9/500 ---
Averaged Train Loss: 2.4147
Averaged Test Accuracy: 0.1577
Averaged Test AUC: 0.6438
Std Test Accuracy: 0.2104
Std Test AUC: 0.1712

--- Round 10/500 ---
Averaged Train Loss: 2.3470
Averaged Test Accuracy: 0.1737
Averaged Test AUC: 0.6585
Std Test Accuracy: 0.2004
Std Test AUC: 0.1709

--- Round 11/500 ---
Averaged Train Loss: 2.1884
Averaged Test Accuracy: 0.2286
Averaged Test AUC: 0.6722
Std Test Accuracy: 0.1934
Std Test AUC: 0.1703

--- Round 12/500 ---
Averaged Train Loss: 2.2164
Averaged Test Accuracy: 0.1876
Averaged Test AUC: 0.6804
Std Test Accuracy: 0.2001
Std Test AUC: 0.1587

--- Round 13/500 ---
Averaged Train Loss: 2.1630
Averaged Test Accuracy: 0.2175
Averaged Test AUC: 0.6892
Std Test Accuracy: 0.1929
Std Test AUC: 0.1637

--- Round 14/500 ---
Averaged Train Loss: 2.2288
Averaged Test Accuracy: 0.2455
Averaged Test AUC: 0.6664
Std Test Accuracy: 0.2048
Std Test AUC: 0.2041

--- Round 15/500 ---
Averaged Train Loss: 2.0788
Averaged Test Accuracy: 0.2410
Averaged Test AUC: 0.7129
Std Test Accuracy: 0.2189
Std Test AUC: 0.1531

--- Round 16/500 ---
Averaged Train Loss: 2.0728
Averaged Test Accuracy: 0.2350
Averaged Test AUC: 0.7163
Std Test Accuracy: 0.1881
Std Test AUC: 0.1371

--- Round 17/500 ---
Averaged Train Loss: 2.0779
Averaged Test Accuracy: 0.2340
Averaged Test AUC: 0.7176
Std Test Accuracy: 0.1897
Std Test AUC: 0.1343

--- Round 18/500 ---
Averaged Train Loss: 2.1864
Averaged Test Accuracy: 0.2286
Averaged Test AUC: 0.6985
Std Test Accuracy: 0.1909
Std Test AUC: 0.1542

--- Round 19/500 ---
Averaged Train Loss: 2.0899
Averaged Test Accuracy: 0.2516
Averaged Test AUC: 0.7184
Std Test Accuracy: 0.1986
Std Test AUC: 0.1504

--- Round 20/500 ---
Averaged Train Loss: 2.0928
Averaged Test Accuracy: 0.2342
Averaged Test AUC: 0.7209
Std Test Accuracy: 0.1953
Std Test AUC: 0.1456

--- Round 21/500 ---
Averaged Train Loss: 2.1494
Averaged Test Accuracy: 0.2281
Averaged Test AUC: 0.7190
Std Test Accuracy: 0.1872
Std Test AUC: 0.1291

--- Round 22/500 ---
Averaged Train Loss: 2.0577
Averaged Test Accuracy: 0.2649
Averaged Test AUC: 0.7281
Std Test Accuracy: 0.2083
Std Test AUC: 0.1462

--- Round 23/500 ---
Averaged Train Loss: 2.0486
Averaged Test Accuracy: 0.2664
Averaged Test AUC: 0.7328
Std Test Accuracy: 0.1996
Std Test AUC: 0.1362

--- Round 24/500 ---
Averaged Train Loss: 2.0513
Averaged Test Accuracy: 0.2828
Averaged Test AUC: 0.7299
Std Test Accuracy: 0.2130
Std Test AUC: 0.1473

--- Round 25/500 ---
Averaged Train Loss: 2.0423
Averaged Test Accuracy: 0.2764
Averaged Test AUC: 0.7327
Std Test Accuracy: 0.2136
Std Test AUC: 0.1370

--- Round 26/500 ---
Averaged Train Loss: 2.0941
Averaged Test Accuracy: 0.2603
Averaged Test AUC: 0.7279
Std Test Accuracy: 0.2153
Std Test AUC: 0.1534

--- Round 27/500 ---
Averaged Train Loss: 1.9754
Averaged Test Accuracy: 0.2941
Averaged Test AUC: 0.7456
Std Test Accuracy: 0.1970
Std Test AUC: 0.1331

--- Round 28/500 ---
Averaged Train Loss: 2.0448
Averaged Test Accuracy: 0.2951
Averaged Test AUC: 0.7327
Std Test Accuracy: 0.2073
Std Test AUC: 0.1627

--- Round 29/500 ---
Averaged Train Loss: 2.0663
Averaged Test Accuracy: 0.2620
Averaged Test AUC: 0.7373
Std Test Accuracy: 0.2319
Std Test AUC: 0.1523

--- Round 30/500 ---
Averaged Train Loss: 2.0023
Averaged Test Accuracy: 0.2718
Averaged Test AUC: 0.7468
Std Test Accuracy: 0.2043
Std Test AUC: 0.1424

--- Round 31/500 ---
Averaged Train Loss: 1.9346
Averaged Test Accuracy: 0.2992
Averaged Test AUC: 0.7596
Std Test Accuracy: 0.2115
Std Test AUC: 0.1195

--- Round 32/500 ---
Averaged Train Loss: 1.8703
Averaged Test Accuracy: 0.3041
Averaged Test AUC: 0.7732
Std Test Accuracy: 0.1714
Std Test AUC: 0.0938

--- Round 33/500 ---
Averaged Train Loss: 1.8842
Averaged Test Accuracy: 0.3051
Averaged Test AUC: 0.7695
Std Test Accuracy: 0.1615
Std Test AUC: 0.1104

--- Round 34/500 ---
Averaged Train Loss: 1.9630
Averaged Test Accuracy: 0.2971
Averaged Test AUC: 0.7576
Std Test Accuracy: 0.2086
Std Test AUC: 0.1302

--- Round 35/500 ---
Averaged Train Loss: 1.9491
Averaged Test Accuracy: 0.3061
Averaged Test AUC: 0.7629
Std Test Accuracy: 0.1798
Std Test AUC: 0.1229

--- Round 36/500 ---
Averaged Train Loss: 1.9022
Averaged Test Accuracy: 0.3101
Averaged Test AUC: 0.7680
Std Test Accuracy: 0.2037
Std Test AUC: 0.1123

--- Round 37/500 ---
Averaged Train Loss: 1.9161
Averaged Test Accuracy: 0.3079
Averaged Test AUC: 0.7660
Std Test Accuracy: 0.1996
Std Test AUC: 0.1162

--- Round 38/500 ---
Averaged Train Loss: 1.9107
Averaged Test Accuracy: 0.3200
Averaged Test AUC: 0.7673
Std Test Accuracy: 0.2227
Std Test AUC: 0.1198

--- Round 39/500 ---
Averaged Train Loss: 1.9827
Averaged Test Accuracy: 0.2924
Averaged Test AUC: 0.7571
Std Test Accuracy: 0.2186
Std Test AUC: 0.1357

--- Round 40/500 ---
Averaged Train Loss: 1.9256
Averaged Test Accuracy: 0.3197
Averaged Test AUC: 0.7656
Std Test Accuracy: 0.2269
Std Test AUC: 0.1240

--- Round 41/500 ---
Averaged Train Loss: 2.2261
Averaged Test Accuracy: 0.2221
Averaged Test AUC: 0.7476
Std Test Accuracy: 0.2170
Std Test AUC: 0.1113

--- Round 42/500 ---
Averaged Train Loss: 1.8464
Averaged Test Accuracy: 0.3344
Averaged Test AUC: 0.7797
Std Test Accuracy: 0.2109
Std Test AUC: 0.1083

--- Round 43/500 ---
Averaged Train Loss: 1.9361
Averaged Test Accuracy: 0.2914
Averaged Test AUC: 0.7713
Std Test Accuracy: 0.1919
Std Test AUC: 0.1109

--- Round 44/500 ---
Averaged Train Loss: 1.9385
Averaged Test Accuracy: 0.3028
Averaged Test AUC: 0.7668
Std Test Accuracy: 0.2031
Std Test AUC: 0.1232

--- Round 45/500 ---
Averaged Train Loss: 1.8579
Averaged Test Accuracy: 0.3266
Averaged Test AUC: 0.7770
Std Test Accuracy: 0.1871
Std Test AUC: 0.1199

--- Round 46/500 ---
Averaged Train Loss: 1.8479
Averaged Test Accuracy: 0.3231
Averaged Test AUC: 0.7819
Std Test Accuracy: 0.1890
Std Test AUC: 0.1071

--- Round 47/500 ---
Averaged Train Loss: 1.8540
Averaged Test Accuracy: 0.3223
Averaged Test AUC: 0.7833
Std Test Accuracy: 0.1836
Std Test AUC: 0.0992

--- Round 48/500 ---
Averaged Train Loss: 1.9415
Averaged Test Accuracy: 0.2928
Averaged Test AUC: 0.7759
Std Test Accuracy: 0.1781
Std Test AUC: 0.0926

--- Round 49/500 ---
Averaged Train Loss: 1.7918
Averaged Test Accuracy: 0.3421
Averaged Test AUC: 0.7925
Std Test Accuracy: 0.1976
Std Test AUC: 0.0847

--- Round 50/500 ---
Averaged Train Loss: 1.8248
Averaged Test Accuracy: 0.3250
Averaged Test AUC: 0.7871
Std Test Accuracy: 0.2032
Std Test AUC: 0.0937

--- Round 51/500 ---
Averaged Train Loss: 1.8332
Averaged Test Accuracy: 0.3268
Averaged Test AUC: 0.7859
Std Test Accuracy: 0.1960
Std Test AUC: 0.0920

--- Round 52/500 ---
Averaged Train Loss: 1.7853
Averaged Test Accuracy: 0.3542
Averaged Test AUC: 0.7914
Std Test Accuracy: 0.1901
Std Test AUC: 0.1029

--- Round 53/500 ---
Averaged Train Loss: 1.8658
Averaged Test Accuracy: 0.3187
Averaged Test AUC: 0.7835
Std Test Accuracy: 0.1802
Std Test AUC: 0.1014

--- Round 54/500 ---
Averaged Train Loss: 1.8409
Averaged Test Accuracy: 0.3272
Averaged Test AUC: 0.7874
Std Test Accuracy: 0.1861
Std Test AUC: 0.0969

--- Round 55/500 ---
Averaged Train Loss: 1.8827
Averaged Test Accuracy: 0.3110
Averaged Test AUC: 0.7838
Std Test Accuracy: 0.1856
Std Test AUC: 0.0994

--- Round 56/500 ---
Averaged Train Loss: 1.8182
Averaged Test Accuracy: 0.3371
Averaged Test AUC: 0.7911
Std Test Accuracy: 0.1842
Std Test AUC: 0.0953

--- Round 57/500 ---
Averaged Train Loss: 1.7656
Averaged Test Accuracy: 0.3563
Averaged Test AUC: 0.7959
Std Test Accuracy: 0.1544
Std Test AUC: 0.0931

--- Round 58/500 ---
Averaged Train Loss: 1.8269
Averaged Test Accuracy: 0.3286
Averaged Test AUC: 0.7907
Std Test Accuracy: 0.1777
Std Test AUC: 0.0958

--- Round 59/500 ---
Averaged Train Loss: 1.7910
Averaged Test Accuracy: 0.3448
Averaged Test AUC: 0.7936
Std Test Accuracy: 0.1985
Std Test AUC: 0.0939

--- Round 60/500 ---
Averaged Train Loss: 1.7745
Averaged Test Accuracy: 0.3449
Averaged Test AUC: 0.7959
Std Test Accuracy: 0.1748
Std Test AUC: 0.0875

--- Round 61/500 ---
Averaged Train Loss: 1.7834
Averaged Test Accuracy: 0.3453
Averaged Test AUC: 0.7965
Std Test Accuracy: 0.1807
Std Test AUC: 0.0872

--- Round 62/500 ---
Averaged Train Loss: 1.8069
Averaged Test Accuracy: 0.3347
Averaged Test AUC: 0.7926
Std Test Accuracy: 0.1744
Std Test AUC: 0.0918

--- Round 63/500 ---
Averaged Train Loss: 1.7763
Averaged Test Accuracy: 0.3446
Averaged Test AUC: 0.8004
Std Test Accuracy: 0.1758
Std Test AUC: 0.0758

--- Round 64/500 ---
Averaged Train Loss: 1.7585
Averaged Test Accuracy: 0.3538
Averaged Test AUC: 0.7995
Std Test Accuracy: 0.1525
Std Test AUC: 0.0830

--- Round 65/500 ---
Averaged Train Loss: 1.7628
Averaged Test Accuracy: 0.3571
Averaged Test AUC: 0.7986
Std Test Accuracy: 0.1440
Std Test AUC: 0.0854

--- Round 66/500 ---
Averaged Train Loss: 1.7932
Averaged Test Accuracy: 0.3411
Averaged Test AUC: 0.7955
Std Test Accuracy: 0.1664
Std Test AUC: 0.0908

--- Round 67/500 ---
Averaged Train Loss: 1.7547
Averaged Test Accuracy: 0.3626
Averaged Test AUC: 0.8008
Std Test Accuracy: 0.1665
Std Test AUC: 0.0889

--- Round 68/500 ---
Averaged Train Loss: 1.7170
Averaged Test Accuracy: 0.3764
Averaged Test AUC: 0.8058
Std Test Accuracy: 0.1765
Std Test AUC: 0.0882

--- Round 69/500 ---
Averaged Train Loss: 1.7712
Averaged Test Accuracy: 0.3490
Averaged Test AUC: 0.8030
Std Test Accuracy: 0.1723
Std Test AUC: 0.0770

--- Round 70/500 ---
Averaged Train Loss: 1.7381
Averaged Test Accuracy: 0.3623
Averaged Test AUC: 0.8055
Std Test Accuracy: 0.1838
Std Test AUC: 0.0798

--- Round 71/500 ---
Averaged Train Loss: 1.7290
Averaged Test Accuracy: 0.3666
Averaged Test AUC: 0.8077
Std Test Accuracy: 0.1913
Std Test AUC: 0.0730

--- Round 72/500 ---
Averaged Train Loss: 1.7027
Averaged Test Accuracy: 0.3806
Averaged Test AUC: 0.8066
Std Test Accuracy: 0.1706
Std Test AUC: 0.0902

--- Round 73/500 ---
Averaged Train Loss: 1.6913
Averaged Test Accuracy: 0.3785
Averaged Test AUC: 0.8128
Std Test Accuracy: 0.1678
Std Test AUC: 0.0753

--- Round 74/500 ---
Averaged Train Loss: 1.6832
Averaged Test Accuracy: 0.3868
Averaged Test AUC: 0.8088
Std Test Accuracy: 0.1431
Std Test AUC: 0.0855

--- Round 75/500 ---
Averaged Train Loss: 1.6963
Averaged Test Accuracy: 0.3717
Averaged Test AUC: 0.8112
Std Test Accuracy: 0.1516
Std Test AUC: 0.0692

--- Round 76/500 ---
Averaged Train Loss: 1.6864
Averaged Test Accuracy: 0.3730
Averaged Test AUC: 0.8127
Std Test Accuracy: 0.1590
Std Test AUC: 0.0649

--- Round 77/500 ---
Averaged Train Loss: 1.6468
Averaged Test Accuracy: 0.3937
Averaged Test AUC: 0.8177
Std Test Accuracy: 0.1370
Std Test AUC: 0.0623

--- Round 78/500 ---
Averaged Train Loss: 1.6828
Averaged Test Accuracy: 0.3872
Averaged Test AUC: 0.8128
Std Test Accuracy: 0.1692
Std Test AUC: 0.0801

--- Round 79/500 ---
Averaged Train Loss: 1.7094
Averaged Test Accuracy: 0.3803
Averaged Test AUC: 0.8061
Std Test Accuracy: 0.1741
Std Test AUC: 0.0919

--- Round 80/500 ---
Averaged Train Loss: 1.7083
Averaged Test Accuracy: 0.3844
Averaged Test AUC: 0.8074
Std Test Accuracy: 0.1439
Std Test AUC: 0.0926

--- Round 81/500 ---
Averaged Train Loss: 1.7501
Averaged Test Accuracy: 0.3628
Averaged Test AUC: 0.8048
Std Test Accuracy: 0.1673
Std Test AUC: 0.0914

--- Round 82/500 ---
Averaged Train Loss: 1.8504
Averaged Test Accuracy: 0.3585
Averaged Test AUC: 0.7865
Std Test Accuracy: 0.2149
Std Test AUC: 0.1264

--- Round 83/500 ---
Averaged Train Loss: 1.6871
Averaged Test Accuracy: 0.3934
Averaged Test AUC: 0.8133
Std Test Accuracy: 0.1789
Std Test AUC: 0.0871

--- Round 84/500 ---
Averaged Train Loss: 1.7120
Averaged Test Accuracy: 0.3695
Averaged Test AUC: 0.8126
Std Test Accuracy: 0.1670
Std Test AUC: 0.0718

--- Round 85/500 ---
Averaged Train Loss: 1.6725
Averaged Test Accuracy: 0.3914
Averaged Test AUC: 0.8153
Std Test Accuracy: 0.1711
Std Test AUC: 0.0824

--- Round 86/500 ---
Averaged Train Loss: 1.6578
Averaged Test Accuracy: 0.3850
Averaged Test AUC: 0.8184
Std Test Accuracy: 0.1544
Std Test AUC: 0.0644

--- Round 87/500 ---
Averaged Train Loss: 1.6311
Averaged Test Accuracy: 0.4004
Averaged Test AUC: 0.8210
Std Test Accuracy: 0.1684
Std Test AUC: 0.0716

--- Round 88/500 ---
Averaged Train Loss: 1.7244
Averaged Test Accuracy: 0.3673
Averaged Test AUC: 0.8090
Std Test Accuracy: 0.1699
Std Test AUC: 0.0803

--- Round 89/500 ---
Averaged Train Loss: 1.6688
Averaged Test Accuracy: 0.3858
Averaged Test AUC: 0.8162
Std Test Accuracy: 0.1726
Std Test AUC: 0.0756

--- Round 90/500 ---
Averaged Train Loss: 1.6816
Averaged Test Accuracy: 0.3857
Averaged Test AUC: 0.8146
Std Test Accuracy: 0.1762
Std Test AUC: 0.0807

--- Round 91/500 ---
Averaged Train Loss: 1.6821
Averaged Test Accuracy: 0.3827
Averaged Test AUC: 0.8172
Std Test Accuracy: 0.1919
Std Test AUC: 0.0708

--- Round 92/500 ---
Averaged Train Loss: 1.6664
Averaged Test Accuracy: 0.3913
Averaged Test AUC: 0.8167
Std Test Accuracy: 0.1743
Std Test AUC: 0.0788

--- Round 93/500 ---
Averaged Train Loss: 1.6483
Averaged Test Accuracy: 0.3882
Averaged Test AUC: 0.8207
Std Test Accuracy: 0.1582
Std Test AUC: 0.0612

--- Round 94/500 ---
Averaged Train Loss: 1.6994
Averaged Test Accuracy: 0.3837
Averaged Test AUC: 0.8130
Std Test Accuracy: 0.1949
Std Test AUC: 0.0859

--- Round 95/500 ---
Averaged Train Loss: 1.6590
Averaged Test Accuracy: 0.3954
Averaged Test AUC: 0.8184
Std Test Accuracy: 0.1793
Std Test AUC: 0.0824

--- Round 96/500 ---
Averaged Train Loss: 1.6662
Averaged Test Accuracy: 0.3970
Averaged Test AUC: 0.8162
Std Test Accuracy: 0.1722
Std Test AUC: 0.0836

--- Round 97/500 ---
Averaged Train Loss: 1.6673
Averaged Test Accuracy: 0.3864
Averaged Test AUC: 0.8170
Std Test Accuracy: 0.1848
Std Test AUC: 0.0788

--- Round 98/500 ---
Averaged Train Loss: 1.7165
Averaged Test Accuracy: 0.3687
Averaged Test AUC: 0.8127
Std Test Accuracy: 0.1720
Std Test AUC: 0.0787

--- Round 99/500 ---
Averaged Train Loss: 1.6814
Averaged Test Accuracy: 0.3805
Averaged Test AUC: 0.8144
Std Test Accuracy: 0.1631
Std Test AUC: 0.0768

--- Round 100/500 ---
Averaged Train Loss: 1.6019
Averaged Test Accuracy: 0.4113
Averaged Test AUC: 0.8265
Std Test Accuracy: 0.1395
Std Test AUC: 0.0600

--- Round 101/500 ---
Averaged Train Loss: 1.7002
Averaged Test Accuracy: 0.3777
Averaged Test AUC: 0.8121
Std Test Accuracy: 0.2004
Std Test AUC: 0.0877

--- Round 102/500 ---
Averaged Train Loss: 1.6846
Averaged Test Accuracy: 0.3770
Averaged Test AUC: 0.8176
Std Test Accuracy: 0.1757
Std Test AUC: 0.0680

--- Round 103/500 ---
Averaged Train Loss: 1.6776
Averaged Test Accuracy: 0.3842
Averaged Test AUC: 0.8175
Std Test Accuracy: 0.1974
Std Test AUC: 0.0817

--- Round 104/500 ---
Averaged Train Loss: 1.6395
Averaged Test Accuracy: 0.4107
Averaged Test AUC: 0.8201
Std Test Accuracy: 0.1706
Std Test AUC: 0.0842

--- Round 105/500 ---
Averaged Train Loss: 1.7344
Averaged Test Accuracy: 0.3715
Averaged Test AUC: 0.8074
Std Test Accuracy: 0.2199
Std Test AUC: 0.1006

--- Round 106/500 ---
Averaged Train Loss: 1.7369
Averaged Test Accuracy: 0.3660
Averaged Test AUC: 0.8097
Std Test Accuracy: 0.1728
Std Test AUC: 0.0868

--- Round 107/500 ---
Averaged Train Loss: 1.6218
Averaged Test Accuracy: 0.4073
Averaged Test AUC: 0.8243
Std Test Accuracy: 0.1749
Std Test AUC: 0.0737

--- Round 108/500 ---
Averaged Train Loss: 1.6092
Averaged Test Accuracy: 0.4040
Averaged Test AUC: 0.8273
Std Test Accuracy: 0.1649
Std Test AUC: 0.0651

--- Round 109/500 ---
Averaged Train Loss: 1.6147
Averaged Test Accuracy: 0.4000
Averaged Test AUC: 0.8285
Std Test Accuracy: 0.1684
Std Test AUC: 0.0650

--- Round 110/500 ---
Averaged Train Loss: 1.5939
Averaged Test Accuracy: 0.4148
Averaged Test AUC: 0.8266
Std Test Accuracy: 0.1274
Std Test AUC: 0.0655

--- Round 111/500 ---
Averaged Train Loss: 1.6152
Averaged Test Accuracy: 0.4013
Averaged Test AUC: 0.8269
Std Test Accuracy: 0.1875
Std Test AUC: 0.0600

--- Round 112/500 ---
Averaged Train Loss: 1.6036
Averaged Test Accuracy: 0.4143
Averaged Test AUC: 0.8270
Std Test Accuracy: 0.1701
Std Test AUC: 0.0698

--- Round 113/500 ---
Averaged Train Loss: 1.7181
Averaged Test Accuracy: 0.3785
Averaged Test AUC: 0.8179
Std Test Accuracy: 0.2142
Std Test AUC: 0.0790

--- Round 114/500 ---
Averaged Train Loss: 1.5504
Averaged Test Accuracy: 0.4277
Averaged Test AUC: 0.8369
Std Test Accuracy: 0.1171
Std Test AUC: 0.0426

--- Round 115/500 ---
Averaged Train Loss: 1.5547
Averaged Test Accuracy: 0.4233
Averaged Test AUC: 0.8337
Std Test Accuracy: 0.1595
Std Test AUC: 0.0544

--- Round 116/500 ---
Averaged Train Loss: 1.5511
Averaged Test Accuracy: 0.4354
Averaged Test AUC: 0.8339
Std Test Accuracy: 0.1440
Std Test AUC: 0.0502

--- Round 117/500 ---
Averaged Train Loss: 1.5921
Averaged Test Accuracy: 0.4169
Averaged Test AUC: 0.8322
Std Test Accuracy: 0.1693
Std Test AUC: 0.0677

--- Round 118/500 ---
Averaged Train Loss: 1.5635
Averaged Test Accuracy: 0.4160
Averaged Test AUC: 0.8362
Std Test Accuracy: 0.1770
Std Test AUC: 0.0455

--- Round 119/500 ---
Averaged Train Loss: 1.5707
Averaged Test Accuracy: 0.4253
Averaged Test AUC: 0.8312
Std Test Accuracy: 0.1424
Std Test AUC: 0.0523

--- Round 120/500 ---
Averaged Train Loss: 1.6646
Averaged Test Accuracy: 0.3908
Averaged Test AUC: 0.8238
Std Test Accuracy: 0.2036
Std Test AUC: 0.0756

--- Round 121/500 ---
Averaged Train Loss: 1.5487
Averaged Test Accuracy: 0.4176
Averaged Test AUC: 0.8395
Std Test Accuracy: 0.1602
Std Test AUC: 0.0382

--- Round 122/500 ---
Averaged Train Loss: 1.5891
Averaged Test Accuracy: 0.4200
Averaged Test AUC: 0.8287
Std Test Accuracy: 0.1438
Std Test AUC: 0.0546

--- Round 123/500 ---
Averaged Train Loss: 1.6971
Averaged Test Accuracy: 0.3894
Averaged Test AUC: 0.8197
Std Test Accuracy: 0.2057
Std Test AUC: 0.0836

--- Round 124/500 ---
Averaged Train Loss: 1.5298
Averaged Test Accuracy: 0.4282
Averaged Test AUC: 0.8408
Std Test Accuracy: 0.1520
Std Test AUC: 0.0374

--- Round 125/500 ---
Averaged Train Loss: 1.5559
Averaged Test Accuracy: 0.4241
Averaged Test AUC: 0.8334
Std Test Accuracy: 0.1295
Std Test AUC: 0.0489

--- Round 126/500 ---
Averaged Train Loss: 1.6575
Averaged Test Accuracy: 0.4053
Averaged Test AUC: 0.8249
Std Test Accuracy: 0.1860
Std Test AUC: 0.0772

--- Round 127/500 ---
Averaged Train Loss: 1.5308
Averaged Test Accuracy: 0.4279
Averaged Test AUC: 0.8415
Std Test Accuracy: 0.1533
Std Test AUC: 0.0383

--- Round 128/500 ---
Averaged Train Loss: 1.5377
Averaged Test Accuracy: 0.4266
Averaged Test AUC: 0.8374
Std Test Accuracy: 0.1320
Std Test AUC: 0.0462

--- Round 129/500 ---
Averaged Train Loss: 1.6511
Averaged Test Accuracy: 0.4048
Averaged Test AUC: 0.8264
Std Test Accuracy: 0.1858
Std Test AUC: 0.0751

--- Round 130/500 ---
Averaged Train Loss: 1.5122
Averaged Test Accuracy: 0.4355
Averaged Test AUC: 0.8437
Std Test Accuracy: 0.1398
Std Test AUC: 0.0348

--- Round 131/500 ---
Averaged Train Loss: 1.5446
Averaged Test Accuracy: 0.4343
Averaged Test AUC: 0.8370
Std Test Accuracy: 0.1329
Std Test AUC: 0.0500

--- Round 132/500 ---
Averaged Train Loss: 1.5797
Averaged Test Accuracy: 0.4202
Averaged Test AUC: 0.8362
Std Test Accuracy: 0.1650
Std Test AUC: 0.0610

--- Round 133/500 ---
Averaged Train Loss: 1.5146
Averaged Test Accuracy: 0.4367
Averaged Test AUC: 0.8446
Std Test Accuracy: 0.1477
Std Test AUC: 0.0352

--- Round 134/500 ---
Averaged Train Loss: 1.5604
Averaged Test Accuracy: 0.4262
Averaged Test AUC: 0.8358
Std Test Accuracy: 0.1432
Std Test AUC: 0.0499

--- Round 135/500 ---
Averaged Train Loss: 1.6458
Averaged Test Accuracy: 0.4107
Averaged Test AUC: 0.8273
Std Test Accuracy: 0.1855
Std Test AUC: 0.0786

--- Round 136/500 ---
Averaged Train Loss: 1.5131
Averaged Test Accuracy: 0.4354
Averaged Test AUC: 0.8447
Std Test Accuracy: 0.1558
Std Test AUC: 0.0371

--- Round 137/500 ---
Averaged Train Loss: 1.5501
Averaged Test Accuracy: 0.4303
Averaged Test AUC: 0.8366
Std Test Accuracy: 0.1413
Std Test AUC: 0.0494

--- Round 138/500 ---
Averaged Train Loss: 1.6431
Averaged Test Accuracy: 0.4075
Averaged Test AUC: 0.8291
Std Test Accuracy: 0.1852
Std Test AUC: 0.0742

--- Round 139/500 ---
Averaged Train Loss: 1.5034
Averaged Test Accuracy: 0.4423
Averaged Test AUC: 0.8447
Std Test Accuracy: 0.1327
Std Test AUC: 0.0346

--- Round 140/500 ---
Averaged Train Loss: 1.5421
Averaged Test Accuracy: 0.4369
Averaged Test AUC: 0.8358
Std Test Accuracy: 0.1299
Std Test AUC: 0.0503

--- Round 141/500 ---
Averaged Train Loss: 1.6664
Averaged Test Accuracy: 0.3978
Averaged Test AUC: 0.8267
Std Test Accuracy: 0.1977
Std Test AUC: 0.0754

--- Round 142/500 ---
Averaged Train Loss: 1.4858
Averaged Test Accuracy: 0.4463
Averaged Test AUC: 0.8471
Std Test Accuracy: 0.1411
Std Test AUC: 0.0352

--- Round 143/500 ---
Averaged Train Loss: 1.5247
Averaged Test Accuracy: 0.4461
Averaged Test AUC: 0.8380
Std Test Accuracy: 0.1271
Std Test AUC: 0.0521

--- Round 144/500 ---
Averaged Train Loss: 1.6056
Averaged Test Accuracy: 0.4213
Averaged Test AUC: 0.8337
Std Test Accuracy: 0.1723
Std Test AUC: 0.0709

--- Round 145/500 ---
Averaged Train Loss: 1.4924
Averaged Test Accuracy: 0.4449
Averaged Test AUC: 0.8468
Std Test Accuracy: 0.1455
Std Test AUC: 0.0350

--- Round 146/500 ---
Averaged Train Loss: 1.5256
Averaged Test Accuracy: 0.4399
Averaged Test AUC: 0.8394
Std Test Accuracy: 0.1328
Std Test AUC: 0.0470

--- Round 147/500 ---
Averaged Train Loss: 1.6919
Averaged Test Accuracy: 0.3924
Averaged Test AUC: 0.8260
Std Test Accuracy: 0.2039
Std Test AUC: 0.0800

--- Round 148/500 ---
Averaged Train Loss: 1.4902
Averaged Test Accuracy: 0.4518
Averaged Test AUC: 0.8473
Std Test Accuracy: 0.1237
Std Test AUC: 0.0348

--- Round 149/500 ---
Averaged Train Loss: 1.5273
Averaged Test Accuracy: 0.4404
Averaged Test AUC: 0.8391
Std Test Accuracy: 0.1319
Std Test AUC: 0.0486

--- Round 150/500 ---
Averaged Train Loss: 1.6600
Averaged Test Accuracy: 0.3995
Averaged Test AUC: 0.8302
Std Test Accuracy: 0.1945
Std Test AUC: 0.0737

--- Round 151/500 ---
Averaged Train Loss: 1.4869
Averaged Test Accuracy: 0.4491
Averaged Test AUC: 0.8468
Std Test Accuracy: 0.1291
Std Test AUC: 0.0346

--- Round 152/500 ---
Averaged Train Loss: 1.5371
Averaged Test Accuracy: 0.4388
Averaged Test AUC: 0.8377
Std Test Accuracy: 0.1349
Std Test AUC: 0.0492

--- Round 153/500 ---
Averaged Train Loss: 1.6152
Averaged Test Accuracy: 0.4154
Averaged Test AUC: 0.8342
Std Test Accuracy: 0.1803
Std Test AUC: 0.0676

--- Round 154/500 ---
Averaged Train Loss: 1.4801
Averaged Test Accuracy: 0.4506
Averaged Test AUC: 0.8490
Std Test Accuracy: 0.1416
Std Test AUC: 0.0354

--- Round 155/500 ---
Averaged Train Loss: 1.5295
Averaged Test Accuracy: 0.4375
Averaged Test AUC: 0.8396
Std Test Accuracy: 0.1362
Std Test AUC: 0.0482

--- Round 156/500 ---
Averaged Train Loss: 1.6713
Averaged Test Accuracy: 0.4046
Averaged Test AUC: 0.8266
Std Test Accuracy: 0.1933
Std Test AUC: 0.0791

--- Round 157/500 ---
Averaged Train Loss: 1.4810
Averaged Test Accuracy: 0.4498
Averaged Test AUC: 0.8490
Std Test Accuracy: 0.1484
Std Test AUC: 0.0344

--- Round 158/500 ---
Averaged Train Loss: 1.4860
Averaged Test Accuracy: 0.4486
Averaged Test AUC: 0.8455
Std Test Accuracy: 0.1252
Std Test AUC: 0.0434

--- Round 159/500 ---
Averaged Train Loss: 1.5940
Averaged Test Accuracy: 0.4188
Averaged Test AUC: 0.8387
Std Test Accuracy: 0.1837
Std Test AUC: 0.0628

--- Round 160/500 ---
Averaged Train Loss: 1.4881
Averaged Test Accuracy: 0.4462
Averaged Test AUC: 0.8479
Std Test Accuracy: 0.1469
Std Test AUC: 0.0356

--- Round 161/500 ---
Averaged Train Loss: 1.5070
Averaged Test Accuracy: 0.4453
Averaged Test AUC: 0.8417
Std Test Accuracy: 0.1316
Std Test AUC: 0.0464

--- Round 162/500 ---
Averaged Train Loss: 1.6737
Averaged Test Accuracy: 0.3987
Averaged Test AUC: 0.8286
Std Test Accuracy: 0.2074
Std Test AUC: 0.0800

--- Round 163/500 ---
Averaged Train Loss: 1.4726
Averaged Test Accuracy: 0.4537
Averaged Test AUC: 0.8493
Std Test Accuracy: 0.1338
Std Test AUC: 0.0338

--- Round 164/500 ---
Averaged Train Loss: 1.4996
Averaged Test Accuracy: 0.4510
Averaged Test AUC: 0.8427
Std Test Accuracy: 0.1292
Std Test AUC: 0.0464

--- Round 165/500 ---
Averaged Train Loss: 1.5580
Averaged Test Accuracy: 0.4350
Averaged Test AUC: 0.8419
Std Test Accuracy: 0.1711
Std Test AUC: 0.0660

--- Round 166/500 ---
Averaged Train Loss: 1.4787
Averaged Test Accuracy: 0.4516
Averaged Test AUC: 0.8494
Std Test Accuracy: 0.1440
Std Test AUC: 0.0360

--- Round 167/500 ---
Averaged Train Loss: 1.5411
Averaged Test Accuracy: 0.4315
Averaged Test AUC: 0.8440
Std Test Accuracy: 0.1477
Std Test AUC: 0.0446

--- Round 168/500 ---
Averaged Train Loss: 1.5853
Averaged Test Accuracy: 0.4329
Averaged Test AUC: 0.8383
Std Test Accuracy: 0.1719
Std Test AUC: 0.0688

--- Round 169/500 ---
Averaged Train Loss: 1.4622
Averaged Test Accuracy: 0.4564
Averaged Test AUC: 0.8518
Std Test Accuracy: 0.1383
Std Test AUC: 0.0345

--- Round 170/500 ---
Averaged Train Loss: 1.4953
Averaged Test Accuracy: 0.4512
Averaged Test AUC: 0.8448
Std Test Accuracy: 0.1277
Std Test AUC: 0.0461

--- Round 171/500 ---
Averaged Train Loss: 1.6683
Averaged Test Accuracy: 0.4052
Averaged Test AUC: 0.8290
Std Test Accuracy: 0.2073
Std Test AUC: 0.0783

--- Round 172/500 ---
Averaged Train Loss: 1.4754
Averaged Test Accuracy: 0.4548
Averaged Test AUC: 0.8503
Std Test Accuracy: 0.1497
Std Test AUC: 0.0367

--- Round 173/500 ---
Averaged Train Loss: 1.4861
Averaged Test Accuracy: 0.4553
Averaged Test AUC: 0.8453
Std Test Accuracy: 0.1300
Std Test AUC: 0.0459

--- Round 174/500 ---
Averaged Train Loss: 1.6578
Averaged Test Accuracy: 0.4017
Averaged Test AUC: 0.8327
Std Test Accuracy: 0.2038
Std Test AUC: 0.0746

--- Round 175/500 ---
Averaged Train Loss: 1.4576
Averaged Test Accuracy: 0.4619
Averaged Test AUC: 0.8518
Std Test Accuracy: 0.1315
Std Test AUC: 0.0332

--- Round 176/500 ---
Averaged Train Loss: 1.4903
Averaged Test Accuracy: 0.4536
Averaged Test AUC: 0.8458
Std Test Accuracy: 0.1323
Std Test AUC: 0.0450

--- Round 177/500 ---
Averaged Train Loss: 1.5900
Averaged Test Accuracy: 0.4299
Averaged Test AUC: 0.8385
Std Test Accuracy: 0.1785
Std Test AUC: 0.0678

--- Round 178/500 ---
Averaged Train Loss: 1.4581
Averaged Test Accuracy: 0.4583
Averaged Test AUC: 0.8521
Std Test Accuracy: 0.1446
Std Test AUC: 0.0342

--- Round 179/500 ---
Averaged Train Loss: 1.4911
Averaged Test Accuracy: 0.4524
Averaged Test AUC: 0.8454
Std Test Accuracy: 0.1412
Std Test AUC: 0.0500

--- Round 180/500 ---
Averaged Train Loss: 1.5538
Averaged Test Accuracy: 0.4418
Averaged Test AUC: 0.8434
Std Test Accuracy: 0.1693
Std Test AUC: 0.0660

--- Round 181/500 ---
Averaged Train Loss: 1.4666
Averaged Test Accuracy: 0.4540
Averaged Test AUC: 0.8508
Std Test Accuracy: 0.1528
Std Test AUC: 0.0378

--- Round 182/500 ---
Averaged Train Loss: 1.4694
Averaged Test Accuracy: 0.4562
Averaged Test AUC: 0.8497
Std Test Accuracy: 0.1310
Std Test AUC: 0.0428

--- Round 183/500 ---
Averaged Train Loss: 1.6229
Averaged Test Accuracy: 0.4174
Averaged Test AUC: 0.8360
Std Test Accuracy: 0.1915
Std Test AUC: 0.0709

--- Round 184/500 ---
Averaged Train Loss: 1.4413
Averaged Test Accuracy: 0.4655
Averaged Test AUC: 0.8541
Std Test Accuracy: 0.1388
Std Test AUC: 0.0330

--- Round 185/500 ---
Averaged Train Loss: 1.4687
Averaged Test Accuracy: 0.4600
Averaged Test AUC: 0.8477
Std Test Accuracy: 0.1349
Std Test AUC: 0.0462

--- Round 186/500 ---
Averaged Train Loss: 1.6515
Averaged Test Accuracy: 0.4107
Averaged Test AUC: 0.8317
Std Test Accuracy: 0.1866
Std Test AUC: 0.0782

--- Round 187/500 ---
Averaged Train Loss: 1.4455
Averaged Test Accuracy: 0.4668
Averaged Test AUC: 0.8541
Std Test Accuracy: 0.1275
Std Test AUC: 0.0344

--- Round 188/500 ---
Averaged Train Loss: 1.4604
Averaged Test Accuracy: 0.4596
Averaged Test AUC: 0.8494
Std Test Accuracy: 0.1282
Std Test AUC: 0.0433

--- Round 189/500 ---
Averaged Train Loss: 1.6799
Averaged Test Accuracy: 0.4052
Averaged Test AUC: 0.8294
Std Test Accuracy: 0.2133
Std Test AUC: 0.0799

--- Round 190/500 ---
Averaged Train Loss: 1.4594
Averaged Test Accuracy: 0.4617
Averaged Test AUC: 0.8513
Std Test Accuracy: 0.1324
Std Test AUC: 0.0336

--- Round 191/500 ---
Averaged Train Loss: 1.4514
Averaged Test Accuracy: 0.4693
Averaged Test AUC: 0.8483
Std Test Accuracy: 0.1178
Std Test AUC: 0.0461

--- Round 192/500 ---
Averaged Train Loss: 1.5539
Averaged Test Accuracy: 0.4397
Averaged Test AUC: 0.8424
Std Test Accuracy: 0.1800
Std Test AUC: 0.0645

--- Round 193/500 ---
Averaged Train Loss: 1.4388
Averaged Test Accuracy: 0.4676
Averaged Test AUC: 0.8543
Std Test Accuracy: 0.1458
Std Test AUC: 0.0350

--- Round 194/500 ---
Averaged Train Loss: 1.4781
Averaged Test Accuracy: 0.4592
Averaged Test AUC: 0.8471
Std Test Accuracy: 0.1337
Std Test AUC: 0.0466

--- Round 195/500 ---
Averaged Train Loss: 1.6579
Averaged Test Accuracy: 0.4131
Averaged Test AUC: 0.8345
Std Test Accuracy: 0.1823
Std Test AUC: 0.0712

--- Round 196/500 ---
Averaged Train Loss: 1.4434
Averaged Test Accuracy: 0.4687
Averaged Test AUC: 0.8535
Std Test Accuracy: 0.1328
Std Test AUC: 0.0339

--- Round 197/500 ---
Averaged Train Loss: 1.4615
Averaged Test Accuracy: 0.4653
Averaged Test AUC: 0.8495
Std Test Accuracy: 0.1226
Std Test AUC: 0.0435

--- Round 198/500 ---
Averaged Train Loss: 1.5391
Averaged Test Accuracy: 0.4434
Averaged Test AUC: 0.8457
Std Test Accuracy: 0.1762
Std Test AUC: 0.0657

--- Round 199/500 ---
Averaged Train Loss: 1.4559
Averaged Test Accuracy: 0.4608
Averaged Test AUC: 0.8532
Std Test Accuracy: 0.1489
Std Test AUC: 0.0363

--- Round 200/500 ---
Averaged Train Loss: 1.5073
Averaged Test Accuracy: 0.4461
Averaged Test AUC: 0.8469
Std Test Accuracy: 0.1364
Std Test AUC: 0.0444

--- Round 201/500 ---
Averaged Train Loss: 1.5779
Averaged Test Accuracy: 0.4282
Averaged Test AUC: 0.8411
Std Test Accuracy: 0.2021
Std Test AUC: 0.0650

--- Round 202/500 ---
Averaged Train Loss: 1.4680
Averaged Test Accuracy: 0.4569
Averaged Test AUC: 0.8525
Std Test Accuracy: 0.1628
Std Test AUC: 0.0381

--- Round 203/500 ---
Averaged Train Loss: 1.4830
Averaged Test Accuracy: 0.4524
Averaged Test AUC: 0.8490
Std Test Accuracy: 0.1342
Std Test AUC: 0.0424

--- Round 204/500 ---
Averaged Train Loss: 1.5220
Averaged Test Accuracy: 0.4501
Averaged Test AUC: 0.8470
Std Test Accuracy: 0.1681
Std Test AUC: 0.0601

--- Round 205/500 ---
Averaged Train Loss: 1.4334
Averaged Test Accuracy: 0.4699
Averaged Test AUC: 0.8556
Std Test Accuracy: 0.1352
Std Test AUC: 0.0334

--- Round 206/500 ---
Averaged Train Loss: 1.4549
Averaged Test Accuracy: 0.4671
Averaged Test AUC: 0.8509
Std Test Accuracy: 0.1322
Std Test AUC: 0.0443

--- Round 207/500 ---
Averaged Train Loss: 1.6193
Averaged Test Accuracy: 0.4174
Averaged Test AUC: 0.8386
Std Test Accuracy: 0.1961
Std Test AUC: 0.0715

--- Round 208/500 ---
Averaged Train Loss: 1.4352
Averaged Test Accuracy: 0.4703
Averaged Test AUC: 0.8551
Std Test Accuracy: 0.1338
Std Test AUC: 0.0324

--- Round 209/500 ---
Averaged Train Loss: 1.4503
Averaged Test Accuracy: 0.4709
Averaged Test AUC: 0.8504
Std Test Accuracy: 0.1338
Std Test AUC: 0.0460

--- Round 210/500 ---
Averaged Train Loss: 1.5963
Averaged Test Accuracy: 0.4256
Averaged Test AUC: 0.8404
Std Test Accuracy: 0.1861
Std Test AUC: 0.0681

--- Round 211/500 ---
Averaged Train Loss: 1.4340
Averaged Test Accuracy: 0.4701
Averaged Test AUC: 0.8551
Std Test Accuracy: 0.1348
Std Test AUC: 0.0326

--- Round 212/500 ---
Averaged Train Loss: 1.4432
Averaged Test Accuracy: 0.4699
Averaged Test AUC: 0.8514
Std Test Accuracy: 0.1260
Std Test AUC: 0.0438

--- Round 213/500 ---
Averaged Train Loss: 1.6150
Averaged Test Accuracy: 0.4186
Averaged Test AUC: 0.8387
Std Test Accuracy: 0.1968
Std Test AUC: 0.0722

--- Round 214/500 ---
Averaged Train Loss: 1.4282
Averaged Test Accuracy: 0.4727
Averaged Test AUC: 0.8558
Std Test Accuracy: 0.1355
Std Test AUC: 0.0328

--- Round 215/500 ---
Averaged Train Loss: 1.4439
Averaged Test Accuracy: 0.4726
Averaged Test AUC: 0.8518
Std Test Accuracy: 0.1202
Std Test AUC: 0.0456

--- Round 216/500 ---
Averaged Train Loss: 1.5478
Averaged Test Accuracy: 0.4466
Averaged Test AUC: 0.8441
Std Test Accuracy: 0.1774
Std Test AUC: 0.0663

--- Round 217/500 ---
Averaged Train Loss: 1.4294
Averaged Test Accuracy: 0.4695
Averaged Test AUC: 0.8562
Std Test Accuracy: 0.1474
Std Test AUC: 0.0351

--- Round 218/500 ---
Averaged Train Loss: 1.4490
Averaged Test Accuracy: 0.4678
Averaged Test AUC: 0.8523
Std Test Accuracy: 0.1310
Std Test AUC: 0.0431

--- Round 219/500 ---
Averaged Train Loss: 1.5444
Averaged Test Accuracy: 0.4453
Averaged Test AUC: 0.8444
Std Test Accuracy: 0.1702
Std Test AUC: 0.0625

--- Round 220/500 ---
Averaged Train Loss: 1.4572
Averaged Test Accuracy: 0.4611
Averaged Test AUC: 0.8532
Std Test Accuracy: 0.1582
Std Test AUC: 0.0376

--- Round 221/500 ---
Averaged Train Loss: 1.4318
Averaged Test Accuracy: 0.4761
Averaged Test AUC: 0.8531
Std Test Accuracy: 0.1202
Std Test AUC: 0.0430

--- Round 222/500 ---
Averaged Train Loss: 1.5960
Averaged Test Accuracy: 0.4304
Averaged Test AUC: 0.8412
Std Test Accuracy: 0.1718
Std Test AUC: 0.0650

--- Round 223/500 ---
Averaged Train Loss: 1.4348
Averaged Test Accuracy: 0.4692
Averaged Test AUC: 0.8558
Std Test Accuracy: 0.1497
Std Test AUC: 0.0350

--- Round 224/500 ---
Averaged Train Loss: 1.4391
Averaged Test Accuracy: 0.4742
Averaged Test AUC: 0.8525
Std Test Accuracy: 0.1244
Std Test AUC: 0.0461

--- Round 225/500 ---
Averaged Train Loss: 1.6157
Averaged Test Accuracy: 0.4228
Averaged Test AUC: 0.8403
Std Test Accuracy: 0.1792
Std Test AUC: 0.0648

--- Round 226/500 ---
Averaged Train Loss: 1.3999
Averaged Test Accuracy: 0.4839
Averaged Test AUC: 0.8593
Std Test Accuracy: 0.1188
Std Test AUC: 0.0292

--- Round 227/500 ---
Averaged Train Loss: 1.4514
Averaged Test Accuracy: 0.4655
Averaged Test AUC: 0.8508
Std Test Accuracy: 0.1404
Std Test AUC: 0.0495

--- Round 228/500 ---
Averaged Train Loss: 1.5788
Averaged Test Accuracy: 0.4327
Averaged Test AUC: 0.8432
Std Test Accuracy: 0.1735
Std Test AUC: 0.0623

--- Round 229/500 ---
Averaged Train Loss: 1.4366
Averaged Test Accuracy: 0.4689
Averaged Test AUC: 0.8556
Std Test Accuracy: 0.1486
Std Test AUC: 0.0343

--- Round 230/500 ---
Averaged Train Loss: 1.4449
Averaged Test Accuracy: 0.4703
Averaged Test AUC: 0.8524
Std Test Accuracy: 0.1364
Std Test AUC: 0.0457

--- Round 231/500 ---
Averaged Train Loss: 1.5681
Averaged Test Accuracy: 0.4419
Averaged Test AUC: 0.8416
Std Test Accuracy: 0.1784
Std Test AUC: 0.0661

--- Round 232/500 ---
Averaged Train Loss: 1.4058
Averaged Test Accuracy: 0.4797
Averaged Test AUC: 0.8588
Std Test Accuracy: 0.1188
Std Test AUC: 0.0297

--- Round 233/500 ---
Averaged Train Loss: 1.4399
Averaged Test Accuracy: 0.4709
Averaged Test AUC: 0.8534
Std Test Accuracy: 0.1290
Std Test AUC: 0.0436

--- Round 234/500 ---
Averaged Train Loss: 1.5093
Averaged Test Accuracy: 0.4554
Averaged Test AUC: 0.8486
Std Test Accuracy: 0.1776
Std Test AUC: 0.0631

--- Round 235/500 ---
Averaged Train Loss: 1.4332
Averaged Test Accuracy: 0.4711
Averaged Test AUC: 0.8558
Std Test Accuracy: 0.1547
Std Test AUC: 0.0376

--- Round 236/500 ---
Averaged Train Loss: 1.4156
Averaged Test Accuracy: 0.4773
Averaged Test AUC: 0.8552
Std Test Accuracy: 0.1200
Std Test AUC: 0.0401

--- Round 237/500 ---
Averaged Train Loss: 1.5088
Averaged Test Accuracy: 0.4558
Averaged Test AUC: 0.8493
Std Test Accuracy: 0.1671
Std Test AUC: 0.0570

--- Round 238/500 ---
Averaged Train Loss: 1.4131
Averaged Test Accuracy: 0.4786
Averaged Test AUC: 0.8573
Std Test Accuracy: 0.1287
Std Test AUC: 0.0312

--- Round 239/500 ---
Averaged Train Loss: 1.4174
Averaged Test Accuracy: 0.4826
Averaged Test AUC: 0.8550
Std Test Accuracy: 0.1225
Std Test AUC: 0.0439

--- Round 240/500 ---
Averaged Train Loss: 1.7170
Averaged Test Accuracy: 0.3845
Averaged Test AUC: 0.8360
Std Test Accuracy: 0.2150
Std Test AUC: 0.0750

--- Round 241/500 ---
Averaged Train Loss: 1.4178
Averaged Test Accuracy: 0.4755
Averaged Test AUC: 0.8575
Std Test Accuracy: 0.1174
Std Test AUC: 0.0356

--- Round 242/500 ---
Averaged Train Loss: 1.4466
Averaged Test Accuracy: 0.4715
Averaged Test AUC: 0.8529
Std Test Accuracy: 0.1371
Std Test AUC: 0.0445

--- Round 243/500 ---
Averaged Train Loss: 1.5371
Averaged Test Accuracy: 0.4410
Averaged Test AUC: 0.8488
Std Test Accuracy: 0.1821
Std Test AUC: 0.0611

--- Round 244/500 ---
Averaged Train Loss: 1.4067
Averaged Test Accuracy: 0.4786
Averaged Test AUC: 0.8587
Std Test Accuracy: 0.1256
Std Test AUC: 0.0316

--- Round 245/500 ---
Averaged Train Loss: 1.4261
Averaged Test Accuracy: 0.4780
Averaged Test AUC: 0.8539
Std Test Accuracy: 0.1299
Std Test AUC: 0.0440

--- Round 246/500 ---
Averaged Train Loss: 1.4832
Averaged Test Accuracy: 0.4658
Averaged Test AUC: 0.8529
Std Test Accuracy: 0.1579
Std Test AUC: 0.0596

--- Round 247/500 ---
Averaged Train Loss: 1.4006
Averaged Test Accuracy: 0.4805
Averaged Test AUC: 0.8598
Std Test Accuracy: 0.1402
Std Test AUC: 0.0332

--- Round 248/500 ---
Averaged Train Loss: 1.4255
Averaged Test Accuracy: 0.4761
Averaged Test AUC: 0.8554
Std Test Accuracy: 0.1399
Std Test AUC: 0.0446

--- Round 249/500 ---
Averaged Train Loss: 1.7066
Averaged Test Accuracy: 0.3884
Averaged Test AUC: 0.8368
Std Test Accuracy: 0.2143
Std Test AUC: 0.0742

--- Round 250/500 ---
Averaged Train Loss: 1.4098
Averaged Test Accuracy: 0.4787
Averaged Test AUC: 0.8583
Std Test Accuracy: 0.1174
Std Test AUC: 0.0350

--- Round 251/500 ---
Averaged Train Loss: 1.4321
Averaged Test Accuracy: 0.4763
Averaged Test AUC: 0.8538
Std Test Accuracy: 0.1392
Std Test AUC: 0.0467

--- Round 252/500 ---
Averaged Train Loss: 1.5111
Averaged Test Accuracy: 0.4501
Averaged Test AUC: 0.8494
Std Test Accuracy: 0.1714
Std Test AUC: 0.0603

--- Round 253/500 ---
Averaged Train Loss: 1.3969
Averaged Test Accuracy: 0.4838
Averaged Test AUC: 0.8601
Std Test Accuracy: 0.1132
Std Test AUC: 0.0315

--- Round 254/500 ---
Averaged Train Loss: 1.4271
Averaged Test Accuracy: 0.4769
Averaged Test AUC: 0.8554
Std Test Accuracy: 0.1300
Std Test AUC: 0.0434

--- Round 255/500 ---
Averaged Train Loss: 1.4851
Averaged Test Accuracy: 0.4644
Averaged Test AUC: 0.8510
Std Test Accuracy: 0.1610
Std Test AUC: 0.0562

--- Round 256/500 ---
Averaged Train Loss: 1.3989
Averaged Test Accuracy: 0.4812
Averaged Test AUC: 0.8598
Std Test Accuracy: 0.1360
Std Test AUC: 0.0338

--- Round 257/500 ---
Averaged Train Loss: 1.4160
Averaged Test Accuracy: 0.4820
Averaged Test AUC: 0.8559
Std Test Accuracy: 0.1230
Std Test AUC: 0.0448

--- Round 258/500 ---
Averaged Train Loss: 1.5515
Averaged Test Accuracy: 0.4384
Averaged Test AUC: 0.8450
Std Test Accuracy: 0.1915
Std Test AUC: 0.0689

--- Round 259/500 ---
Averaged Train Loss: 1.3886
Averaged Test Accuracy: 0.4864
Averaged Test AUC: 0.8610
Std Test Accuracy: 0.1249
Std Test AUC: 0.0311

--- Round 260/500 ---
Averaged Train Loss: 1.4309
Averaged Test Accuracy: 0.4777
Averaged Test AUC: 0.8539
Std Test Accuracy: 0.1321
Std Test AUC: 0.0448

--- Round 261/500 ---
Averaged Train Loss: 1.5944
Averaged Test Accuracy: 0.4311
Averaged Test AUC: 0.8430
Std Test Accuracy: 0.1836
Std Test AUC: 0.0675

--- Round 262/500 ---
Averaged Train Loss: 1.3961
Averaged Test Accuracy: 0.4867
Averaged Test AUC: 0.8596
Std Test Accuracy: 0.1109
Std Test AUC: 0.0298

--- Round 263/500 ---
Averaged Train Loss: 1.4331
Averaged Test Accuracy: 0.4778
Averaged Test AUC: 0.8548
Std Test Accuracy: 0.1377
Std Test AUC: 0.0473

--- Round 264/500 ---
Averaged Train Loss: 1.5353
Averaged Test Accuracy: 0.4388
Averaged Test AUC: 0.8490
Std Test Accuracy: 0.1888
Std Test AUC: 0.0618

--- Round 265/500 ---
Averaged Train Loss: 1.3936
Averaged Test Accuracy: 0.4857
Averaged Test AUC: 0.8600
Std Test Accuracy: 0.1267
Std Test AUC: 0.0315

--- Round 266/500 ---
Averaged Train Loss: 1.4136
Averaged Test Accuracy: 0.4808
Averaged Test AUC: 0.8573
Std Test Accuracy: 0.1288
Std Test AUC: 0.0418

--- Round 267/500 ---
Averaged Train Loss: 1.5238
Averaged Test Accuracy: 0.4492
Averaged Test AUC: 0.8485
Std Test Accuracy: 0.1804
Std Test AUC: 0.0629

--- Round 268/500 ---
Averaged Train Loss: 1.3846
Averaged Test Accuracy: 0.4875
Averaged Test AUC: 0.8614
Std Test Accuracy: 0.1240
Std Test AUC: 0.0306

--- Round 269/500 ---
Averaged Train Loss: 1.4172
Averaged Test Accuracy: 0.4811
Averaged Test AUC: 0.8553
Std Test Accuracy: 0.1292
Std Test AUC: 0.0438

--- Round 270/500 ---
Averaged Train Loss: 1.4868
Averaged Test Accuracy: 0.4647
Averaged Test AUC: 0.8521
Std Test Accuracy: 0.1587
Std Test AUC: 0.0594

--- Round 271/500 ---
Averaged Train Loss: 1.3999
Averaged Test Accuracy: 0.4817
Averaged Test AUC: 0.8593
Std Test Accuracy: 0.1286
Std Test AUC: 0.0326

--- Round 272/500 ---
Averaged Train Loss: 1.4223
Averaged Test Accuracy: 0.4802
Averaged Test AUC: 0.8565
Std Test Accuracy: 0.1341
Std Test AUC: 0.0426

--- Round 273/500 ---
Averaged Train Loss: 1.7044
Averaged Test Accuracy: 0.3888
Averaged Test AUC: 0.8385
Std Test Accuracy: 0.2123
Std Test AUC: 0.0711

--- Round 274/500 ---
Averaged Train Loss: 1.4003
Averaged Test Accuracy: 0.4846
Averaged Test AUC: 0.8589
Std Test Accuracy: 0.1230
Std Test AUC: 0.0316

--- Round 275/500 ---
Averaged Train Loss: 1.4173
Averaged Test Accuracy: 0.4829
Averaged Test AUC: 0.8548
Std Test Accuracy: 0.1262
Std Test AUC: 0.0437

--- Round 276/500 ---
Averaged Train Loss: 1.4669
Averaged Test Accuracy: 0.4687
Averaged Test AUC: 0.8544
Std Test Accuracy: 0.1630
Std Test AUC: 0.0598

--- Round 277/500 ---
Averaged Train Loss: 1.4021
Averaged Test Accuracy: 0.4817
Averaged Test AUC: 0.8597
Std Test Accuracy: 0.1402
Std Test AUC: 0.0345

--- Round 278/500 ---
Averaged Train Loss: 1.4008
Averaged Test Accuracy: 0.4876
Averaged Test AUC: 0.8577
Std Test Accuracy: 0.1251
Std Test AUC: 0.0405

--- Round 279/500 ---
Averaged Train Loss: 1.4582
Averaged Test Accuracy: 0.4728
Averaged Test AUC: 0.8548
Std Test Accuracy: 0.1648
Std Test AUC: 0.0588

--- Round 280/500 ---
Averaged Train Loss: 1.3922
Averaged Test Accuracy: 0.4854
Averaged Test AUC: 0.8610
Std Test Accuracy: 0.1461
Std Test AUC: 0.0369

--- Round 281/500 ---
Averaged Train Loss: 1.4011
Averaged Test Accuracy: 0.4879
Averaged Test AUC: 0.8573
Std Test Accuracy: 0.1275
Std Test AUC: 0.0429

--- Round 282/500 ---
Averaged Train Loss: 1.4829
Averaged Test Accuracy: 0.4632
Averaged Test AUC: 0.8518
Std Test Accuracy: 0.1702
Std Test AUC: 0.0594

--- Round 283/500 ---
Averaged Train Loss: 1.3916
Averaged Test Accuracy: 0.4868
Averaged Test AUC: 0.8610
Std Test Accuracy: 0.1481
Std Test AUC: 0.0362

--- Round 284/500 ---
Averaged Train Loss: 1.3957
Averaged Test Accuracy: 0.4901
Averaged Test AUC: 0.8578
Std Test Accuracy: 0.1274
Std Test AUC: 0.0421

--- Round 285/500 ---
Averaged Train Loss: 1.4833
Averaged Test Accuracy: 0.4594
Averaged Test AUC: 0.8527
Std Test Accuracy: 0.1629
Std Test AUC: 0.0575

--- Round 286/500 ---
Averaged Train Loss: 1.4074
Averaged Test Accuracy: 0.4794
Averaged Test AUC: 0.8593
Std Test Accuracy: 0.1481
Std Test AUC: 0.0331

--- Round 287/500 ---
Averaged Train Loss: 1.3888
Averaged Test Accuracy: 0.4900
Averaged Test AUC: 0.8593
Std Test Accuracy: 0.1187
Std Test AUC: 0.0428

--- Round 288/500 ---
Averaged Train Loss: 1.6660
Averaged Test Accuracy: 0.3996
Averaged Test AUC: 0.8413
Std Test Accuracy: 0.2163
Std Test AUC: 0.0720

--- Round 289/500 ---
Averaged Train Loss: 1.3855
Averaged Test Accuracy: 0.4886
Averaged Test AUC: 0.8609
Std Test Accuracy: 0.1174
Std Test AUC: 0.0317

--- Round 290/500 ---
Averaged Train Loss: 1.3980
Averaged Test Accuracy: 0.4863
Averaged Test AUC: 0.8588
Std Test Accuracy: 0.1295
Std Test AUC: 0.0408

--- Round 291/500 ---
Averaged Train Loss: 1.4964
Averaged Test Accuracy: 0.4603
Averaged Test AUC: 0.8525
Std Test Accuracy: 0.1625
Std Test AUC: 0.0587

--- Round 292/500 ---
Averaged Train Loss: 1.3775
Averaged Test Accuracy: 0.4910
Averaged Test AUC: 0.8626
Std Test Accuracy: 0.1249
Std Test AUC: 0.0315

--- Round 293/500 ---
Averaged Train Loss: 1.4035
Averaged Test Accuracy: 0.4870
Averaged Test AUC: 0.8584
Std Test Accuracy: 0.1304
Std Test AUC: 0.0422

--- Round 294/500 ---
Averaged Train Loss: 1.4408
Averaged Test Accuracy: 0.4771
Averaged Test AUC: 0.8576
Std Test Accuracy: 0.1530
Std Test AUC: 0.0556

--- Round 295/500 ---
Averaged Train Loss: 1.3892
Averaged Test Accuracy: 0.4863
Averaged Test AUC: 0.8613
Std Test Accuracy: 0.1455
Std Test AUC: 0.0351

--- Round 296/500 ---
Averaged Train Loss: 1.4014
Averaged Test Accuracy: 0.4884
Averaged Test AUC: 0.8576
Std Test Accuracy: 0.1302
Std Test AUC: 0.0430

--- Round 297/500 ---
Averaged Train Loss: 1.5648
Averaged Test Accuracy: 0.4347
Averaged Test AUC: 0.8464
Std Test Accuracy: 0.2018
Std Test AUC: 0.0675

--- Round 298/500 ---
Averaged Train Loss: 1.3700
Averaged Test Accuracy: 0.4936
Averaged Test AUC: 0.8628
Std Test Accuracy: 0.1198
Std Test AUC: 0.0298

--- Round 299/500 ---
Averaged Train Loss: 1.3849
Averaged Test Accuracy: 0.4916
Averaged Test AUC: 0.8596
Std Test Accuracy: 0.1238
Std Test AUC: 0.0439

--- Round 300/500 ---
Averaged Train Loss: 1.5672
Averaged Test Accuracy: 0.4343
Averaged Test AUC: 0.8460
Std Test Accuracy: 0.2023
Std Test AUC: 0.0683

--- Round 301/500 ---
Averaged Train Loss: 1.3624
Averaged Test Accuracy: 0.4967
Averaged Test AUC: 0.8637
Std Test Accuracy: 0.0919
Std Test AUC: 0.0296

--- Round 302/500 ---
Averaged Train Loss: 1.3893
Averaged Test Accuracy: 0.4909
Averaged Test AUC: 0.8591
Std Test Accuracy: 0.1255
Std Test AUC: 0.0458

--- Round 303/500 ---
Averaged Train Loss: 1.5681
Averaged Test Accuracy: 0.4309
Averaged Test AUC: 0.8463
Std Test Accuracy: 0.2081
Std Test AUC: 0.0674

--- Round 304/500 ---
Averaged Train Loss: 1.3643
Averaged Test Accuracy: 0.4954
Averaged Test AUC: 0.8635
Std Test Accuracy: 0.0915
Std Test AUC: 0.0291

--- Round 305/500 ---
Averaged Train Loss: 1.3964
Averaged Test Accuracy: 0.4892
Averaged Test AUC: 0.8586
Std Test Accuracy: 0.1272
Std Test AUC: 0.0424

--- Round 306/500 ---
Averaged Train Loss: 1.4546
Averaged Test Accuracy: 0.4696
Averaged Test AUC: 0.8552
Std Test Accuracy: 0.1767
Std Test AUC: 0.0588

--- Round 307/500 ---
Averaged Train Loss: 1.3989
Averaged Test Accuracy: 0.4832
Averaged Test AUC: 0.8597
Std Test Accuracy: 0.1477
Std Test AUC: 0.0396

--- Round 308/500 ---
Averaged Train Loss: 1.3846
Averaged Test Accuracy: 0.4856
Averaged Test AUC: 0.8607
Std Test Accuracy: 0.1235
Std Test AUC: 0.0395

--- Round 309/500 ---
Averaged Train Loss: 1.4422
Averaged Test Accuracy: 0.4780
Averaged Test AUC: 0.8570
Std Test Accuracy: 0.1564
Std Test AUC: 0.0551

--- Round 310/500 ---
Averaged Train Loss: 1.3692
Averaged Test Accuracy: 0.4951
Averaged Test AUC: 0.8638
Std Test Accuracy: 0.1250
Std Test AUC: 0.0302

--- Round 311/500 ---
Averaged Train Loss: 1.3866
Averaged Test Accuracy: 0.4931
Averaged Test AUC: 0.8597
Std Test Accuracy: 0.1244
Std Test AUC: 0.0416

--- Round 312/500 ---
Averaged Train Loss: 1.4990
Averaged Test Accuracy: 0.4576
Averaged Test AUC: 0.8505
Std Test Accuracy: 0.1685
Std Test AUC: 0.0612

--- Round 313/500 ---
Averaged Train Loss: 1.3644
Averaged Test Accuracy: 0.4950
Averaged Test AUC: 0.8640
Std Test Accuracy: 0.1219
Std Test AUC: 0.0291

--- Round 314/500 ---
Averaged Train Loss: 1.4095
Averaged Test Accuracy: 0.4862
Averaged Test AUC: 0.8567
Std Test Accuracy: 0.1375
Std Test AUC: 0.0456

--- Round 315/500 ---
Averaged Train Loss: 1.3852
Averaged Test Accuracy: 0.4939
Averaged Test AUC: 0.8622
Std Test Accuracy: 0.1336
Std Test AUC: 0.0458

--- Round 316/500 ---
Averaged Train Loss: 1.3673
Averaged Test Accuracy: 0.4954
Averaged Test AUC: 0.8635
Std Test Accuracy: 0.1249
Std Test AUC: 0.0304

--- Round 317/500 ---
Averaged Train Loss: 1.3811
Averaged Test Accuracy: 0.4957
Averaged Test AUC: 0.8598
Std Test Accuracy: 0.1248
Std Test AUC: 0.0414

--- Round 318/500 ---
Averaged Train Loss: 1.5155
Averaged Test Accuracy: 0.4480
Averaged Test AUC: 0.8503
Std Test Accuracy: 0.1859
Std Test AUC: 0.0647

--- Round 319/500 ---
Averaged Train Loss: 1.3549
Averaged Test Accuracy: 0.5005
Averaged Test AUC: 0.8646
Std Test Accuracy: 0.1140
Std Test AUC: 0.0302

--- Round 320/500 ---
Averaged Train Loss: 1.4019
Averaged Test Accuracy: 0.4874
Averaged Test AUC: 0.8590
Std Test Accuracy: 0.1312
Std Test AUC: 0.0425

--- Round 321/500 ---
Averaged Train Loss: 1.5278
Averaged Test Accuracy: 0.4558
Averaged Test AUC: 0.8483
Std Test Accuracy: 0.1795
Std Test AUC: 0.0646

--- Round 322/500 ---
Averaged Train Loss: 1.3764
Averaged Test Accuracy: 0.4935
Averaged Test AUC: 0.8630
Std Test Accuracy: 0.1318
Std Test AUC: 0.0304

--- Round 323/500 ---
Averaged Train Loss: 1.3702
Averaged Test Accuracy: 0.4982
Averaged Test AUC: 0.8615
Std Test Accuracy: 0.1307
Std Test AUC: 0.0443

--- Round 324/500 ---
Averaged Train Loss: 1.4800
Averaged Test Accuracy: 0.4635
Averaged Test AUC: 0.8531
Std Test Accuracy: 0.1822
Std Test AUC: 0.0633

--- Round 325/500 ---
Averaged Train Loss: 1.3645
Averaged Test Accuracy: 0.4969
Averaged Test AUC: 0.8636
Std Test Accuracy: 0.1055
Std Test AUC: 0.0291

--- Round 326/500 ---
Averaged Train Loss: 1.3613
Averaged Test Accuracy: 0.5001
Averaged Test AUC: 0.8614
Std Test Accuracy: 0.1136
Std Test AUC: 0.0387

--- Round 327/500 ---
Averaged Train Loss: 1.4347
Averaged Test Accuracy: 0.4751
Averaged Test AUC: 0.8585
Std Test Accuracy: 0.1659
Std Test AUC: 0.0533

--- Round 328/500 ---
Averaged Train Loss: 1.3803
Averaged Test Accuracy: 0.4908
Averaged Test AUC: 0.8625
Std Test Accuracy: 0.1336
Std Test AUC: 0.0311

--- Round 329/500 ---
Averaged Train Loss: 1.3729
Averaged Test Accuracy: 0.4955
Averaged Test AUC: 0.8608
Std Test Accuracy: 0.1279
Std Test AUC: 0.0415

--- Round 330/500 ---
Averaged Train Loss: 1.4089
Averaged Test Accuracy: 0.4890
Averaged Test AUC: 0.8605
Std Test Accuracy: 0.1435
Std Test AUC: 0.0512

--- Round 331/500 ---
Averaged Train Loss: 1.3537
Averaged Test Accuracy: 0.5017
Averaged Test AUC: 0.8656
Std Test Accuracy: 0.1208
Std Test AUC: 0.0298

--- Round 332/500 ---
Averaged Train Loss: 1.3670
Averaged Test Accuracy: 0.4993
Averaged Test AUC: 0.8620
Std Test Accuracy: 0.1322
Std Test AUC: 0.0447

--- Round 333/500 ---
Averaged Train Loss: 1.4907
Averaged Test Accuracy: 0.4591
Averaged Test AUC: 0.8529
Std Test Accuracy: 0.1586
Std Test AUC: 0.0555

--- Round 334/500 ---
Averaged Train Loss: 1.3664
Averaged Test Accuracy: 0.4961
Averaged Test AUC: 0.8641
Std Test Accuracy: 0.1104
Std Test AUC: 0.0305

--- Round 335/500 ---
Averaged Train Loss: 1.3684
Averaged Test Accuracy: 0.4995
Averaged Test AUC: 0.8617
Std Test Accuracy: 0.1185
Std Test AUC: 0.0403

--- Round 336/500 ---
Averaged Train Loss: 1.4327
Averaged Test Accuracy: 0.4821
Averaged Test AUC: 0.8579
Std Test Accuracy: 0.1538
Std Test AUC: 0.0556

--- Round 337/500 ---
Averaged Train Loss: 1.3539
Averaged Test Accuracy: 0.5013
Averaged Test AUC: 0.8658
Std Test Accuracy: 0.1218
Std Test AUC: 0.0303

--- Round 338/500 ---
Averaged Train Loss: 1.3842
Averaged Test Accuracy: 0.4953
Averaged Test AUC: 0.8605
Std Test Accuracy: 0.1247
Std Test AUC: 0.0421

--- Round 339/500 ---
Averaged Train Loss: 1.4703
Averaged Test Accuracy: 0.4619
Averaged Test AUC: 0.8549
Std Test Accuracy: 0.1827
Std Test AUC: 0.0585

--- Round 340/500 ---
Averaged Train Loss: 1.3429
Averaged Test Accuracy: 0.5057
Averaged Test AUC: 0.8663
Std Test Accuracy: 0.1172
Std Test AUC: 0.0295

--- Round 341/500 ---
Averaged Train Loss: 1.3786
Averaged Test Accuracy: 0.4967
Averaged Test AUC: 0.8610
Std Test Accuracy: 0.1284
Std Test AUC: 0.0419

--- Round 342/500 ---
Averaged Train Loss: 1.4141
Averaged Test Accuracy: 0.4847
Averaged Test AUC: 0.8592
Std Test Accuracy: 0.1455
Std Test AUC: 0.0492

--- Round 343/500 ---
Averaged Train Loss: 1.3902
Averaged Test Accuracy: 0.4879
Averaged Test AUC: 0.8618
Std Test Accuracy: 0.1457
Std Test AUC: 0.0330

--- Round 344/500 ---
Averaged Train Loss: 1.3623
Averaged Test Accuracy: 0.5015
Averaged Test AUC: 0.8622
Std Test Accuracy: 0.1176
Std Test AUC: 0.0399

--- Round 345/500 ---
Averaged Train Loss: 1.4371
Averaged Test Accuracy: 0.4771
Averaged Test AUC: 0.8579
Std Test Accuracy: 0.1611
Std Test AUC: 0.0548

--- Round 346/500 ---
Averaged Train Loss: 1.3577
Averaged Test Accuracy: 0.4998
Averaged Test AUC: 0.8646
Std Test Accuracy: 0.1204
Std Test AUC: 0.0303

--- Round 347/500 ---
Averaged Train Loss: 1.3736
Averaged Test Accuracy: 0.4955
Averaged Test AUC: 0.8616
Std Test Accuracy: 0.1227
Std Test AUC: 0.0410

--- Round 348/500 ---
Averaged Train Loss: 1.5077
Averaged Test Accuracy: 0.4510
Averaged Test AUC: 0.8514
Std Test Accuracy: 0.1877
Std Test AUC: 0.0615

--- Round 349/500 ---
Averaged Train Loss: 1.3440
Averaged Test Accuracy: 0.5047
Averaged Test AUC: 0.8654
Std Test Accuracy: 0.1091
Std Test AUC: 0.0280

--- Round 350/500 ---
Averaged Train Loss: 1.3571
Averaged Test Accuracy: 0.5039
Averaged Test AUC: 0.8626
Std Test Accuracy: 0.1191
Std Test AUC: 0.0395

--- Round 351/500 ---
Averaged Train Loss: 1.5238
Averaged Test Accuracy: 0.4508
Averaged Test AUC: 0.8477
Std Test Accuracy: 0.1955
Std Test AUC: 0.0684

--- Round 352/500 ---
Averaged Train Loss: 1.3634
Averaged Test Accuracy: 0.4988
Averaged Test AUC: 0.8643
Std Test Accuracy: 0.1259
Std Test AUC: 0.0309

--- Round 353/500 ---
Averaged Train Loss: 1.3678
Averaged Test Accuracy: 0.4993
Averaged Test AUC: 0.8619
Std Test Accuracy: 0.1258
Std Test AUC: 0.0416

--- Round 354/500 ---
Averaged Train Loss: 1.4138
Averaged Test Accuracy: 0.4833
Averaged Test AUC: 0.8610
Std Test Accuracy: 0.1594
Std Test AUC: 0.0515

--- Round 355/500 ---
Averaged Train Loss: 1.3363
Averaged Test Accuracy: 0.5080
Averaged Test AUC: 0.8658
Std Test Accuracy: 0.0919
Std Test AUC: 0.0273

--- Round 356/500 ---
Averaged Train Loss: 1.3731
Averaged Test Accuracy: 0.4971
Averaged Test AUC: 0.8617
Std Test Accuracy: 0.1303
Std Test AUC: 0.0420

--- Round 357/500 ---
Averaged Train Loss: 1.3959
Averaged Test Accuracy: 0.4922
Averaged Test AUC: 0.8609
Std Test Accuracy: 0.1481
Std Test AUC: 0.0525

--- Round 358/500 ---
Averaged Train Loss: 1.3354
Averaged Test Accuracy: 0.5066
Averaged Test AUC: 0.8667
Std Test Accuracy: 0.1170
Std Test AUC: 0.0298

--- Round 359/500 ---
Averaged Train Loss: 1.3627
Averaged Test Accuracy: 0.4988
Averaged Test AUC: 0.8622
Std Test Accuracy: 0.1270
Std Test AUC: 0.0424

--- Round 360/500 ---
Averaged Train Loss: 1.3881
Averaged Test Accuracy: 0.4965
Averaged Test AUC: 0.8627
Std Test Accuracy: 0.1439
Std Test AUC: 0.0502

--- Round 361/500 ---
Averaged Train Loss: 1.3480
Averaged Test Accuracy: 0.5025
Averaged Test AUC: 0.8662
Std Test Accuracy: 0.1295
Std Test AUC: 0.0318

--- Round 362/500 ---
Averaged Train Loss: 1.3616
Averaged Test Accuracy: 0.4974
Averaged Test AUC: 0.8622
Std Test Accuracy: 0.1383
Std Test AUC: 0.0440

--- Round 363/500 ---
Averaged Train Loss: 1.4603
Averaged Test Accuracy: 0.4656
Averaged Test AUC: 0.8562
Std Test Accuracy: 0.1661
Std Test AUC: 0.0567

--- Round 364/500 ---
Averaged Train Loss: 1.3394
Averaged Test Accuracy: 0.5071
Averaged Test AUC: 0.8664
Std Test Accuracy: 0.1173
Std Test AUC: 0.0307

--- Round 365/500 ---
Averaged Train Loss: 1.3584
Averaged Test Accuracy: 0.5036
Averaged Test AUC: 0.8626
Std Test Accuracy: 0.1183
Std Test AUC: 0.0430

--- Round 366/500 ---
Averaged Train Loss: 1.4007
Averaged Test Accuracy: 0.4888
Averaged Test AUC: 0.8615
Std Test Accuracy: 0.1563
Std Test AUC: 0.0535

--- Round 367/500 ---
Averaged Train Loss: 1.3390
Averaged Test Accuracy: 0.5062
Averaged Test AUC: 0.8670
Std Test Accuracy: 0.1195
Std Test AUC: 0.0305

--- Round 368/500 ---
Averaged Train Loss: 1.3732
Averaged Test Accuracy: 0.4939
Averaged Test AUC: 0.8621
Std Test Accuracy: 0.1204
Std Test AUC: 0.0393

--- Round 369/500 ---
Averaged Train Loss: 1.4257
Averaged Test Accuracy: 0.4846
Averaged Test AUC: 0.8596
Std Test Accuracy: 0.1362
Std Test AUC: 0.0510

--- Round 370/500 ---
Averaged Train Loss: 1.4077
Averaged Test Accuracy: 0.4761
Averaged Test AUC: 0.8626
Std Test Accuracy: 0.1724
Std Test AUC: 0.0370

--- Round 371/500 ---
Averaged Train Loss: 1.3596
Averaged Test Accuracy: 0.5026
Averaged Test AUC: 0.8626
Std Test Accuracy: 0.1300
Std Test AUC: 0.0418

--- Round 372/500 ---
Averaged Train Loss: 1.4733
Averaged Test Accuracy: 0.4595
Averaged Test AUC: 0.8539
Std Test Accuracy: 0.1897
Std Test AUC: 0.0593

--- Round 373/500 ---
Averaged Train Loss: 1.3577
Averaged Test Accuracy: 0.4985
Averaged Test AUC: 0.8655
Std Test Accuracy: 0.1372
Std Test AUC: 0.0304

--- Round 374/500 ---
Averaged Train Loss: 1.3517
Averaged Test Accuracy: 0.5026
Averaged Test AUC: 0.8636
Std Test Accuracy: 0.1239
Std Test AUC: 0.0403

--- Round 375/500 ---
Averaged Train Loss: 1.4280
Averaged Test Accuracy: 0.4826
Averaged Test AUC: 0.8566
Std Test Accuracy: 0.1559
Std Test AUC: 0.0559

--- Round 376/500 ---
Averaged Train Loss: 1.3312
Averaged Test Accuracy: 0.5096
Averaged Test AUC: 0.8672
Std Test Accuracy: 0.0913
Std Test AUC: 0.0286

--- Round 377/500 ---
Averaged Train Loss: 1.3530
Averaged Test Accuracy: 0.5025
Averaged Test AUC: 0.8637
Std Test Accuracy: 0.1205
Std Test AUC: 0.0435

--- Round 378/500 ---
Averaged Train Loss: 1.4759
Averaged Test Accuracy: 0.4588
Averaged Test AUC: 0.8543
Std Test Accuracy: 0.1819
Std Test AUC: 0.0587

--- Round 379/500 ---
Averaged Train Loss: 1.3466
Averaged Test Accuracy: 0.5029
Averaged Test AUC: 0.8656
Std Test Accuracy: 0.1277
Std Test AUC: 0.0304

--- Round 380/500 ---
Averaged Train Loss: 1.3440
Averaged Test Accuracy: 0.5057
Averaged Test AUC: 0.8639
Std Test Accuracy: 0.1218
Std Test AUC: 0.0400

--- Round 381/500 ---
Averaged Train Loss: 1.4608
Averaged Test Accuracy: 0.4638
Averaged Test AUC: 0.8557
Std Test Accuracy: 0.1729
Std Test AUC: 0.0592

--- Round 382/500 ---
Averaged Train Loss: 1.3311
Averaged Test Accuracy: 0.5095
Averaged Test AUC: 0.8673
Std Test Accuracy: 0.1030
Std Test AUC: 0.0281

--- Round 383/500 ---
Averaged Train Loss: 1.3325
Averaged Test Accuracy: 0.5041
Averaged Test AUC: 0.8679
Std Test Accuracy: 0.1051
Std Test AUC: 0.0284

--- Round 384/500 ---
Averaged Train Loss: 1.4565
Averaged Test Accuracy: 0.4665
Averaged Test AUC: 0.8591
Std Test Accuracy: 0.1930
Std Test AUC: 0.0583

--- Round 385/500 ---
Averaged Train Loss: 1.3716
Averaged Test Accuracy: 0.4886
Averaged Test AUC: 0.8627
Std Test Accuracy: 0.1592
Std Test AUC: 0.0495

--- Round 386/500 ---
Averaged Train Loss: 1.4010
Averaged Test Accuracy: 0.4861
Averaged Test AUC: 0.8602
Std Test Accuracy: 0.1658
Std Test AUC: 0.0557

--- Round 387/500 ---
Averaged Train Loss: 1.3244
Averaged Test Accuracy: 0.5132
Averaged Test AUC: 0.8685
Std Test Accuracy: 0.1388
Std Test AUC: 0.0356

--- Round 388/500 ---
Averaged Train Loss: 1.3280
Averaged Test Accuracy: 0.5082
Averaged Test AUC: 0.8683
Std Test Accuracy: 0.1096
Std Test AUC: 0.0314

--- Round 389/500 ---
Averaged Train Loss: 1.4108
Averaged Test Accuracy: 0.4812
Averaged Test AUC: 0.8630
Std Test Accuracy: 0.1719
Std Test AUC: 0.0508

--- Round 390/500 ---
Averaged Train Loss: 1.4053
Averaged Test Accuracy: 0.4756
Averaged Test AUC: 0.8573
Std Test Accuracy: 0.1717
Std Test AUC: 0.0636

--- Round 391/500 ---
Averaged Train Loss: 1.3830
Averaged Test Accuracy: 0.4914
Averaged Test AUC: 0.8619
Std Test Accuracy: 0.1596
Std Test AUC: 0.0520

--- Round 392/500 ---
Averaged Train Loss: 1.3218
Averaged Test Accuracy: 0.5126
Averaged Test AUC: 0.8691
Std Test Accuracy: 0.1428
Std Test AUC: 0.0365

--- Round 393/500 ---
Averaged Train Loss: 1.3385
Averaged Test Accuracy: 0.5071
Averaged Test AUC: 0.8673
Std Test Accuracy: 0.1153
Std Test AUC: 0.0360

--- Round 394/500 ---
Averaged Train Loss: 1.3796
Averaged Test Accuracy: 0.4844
Averaged Test AUC: 0.8638
Std Test Accuracy: 0.1693
Std Test AUC: 0.0513

--- Round 395/500 ---
Averaged Train Loss: 1.3426
Averaged Test Accuracy: 0.5049
Averaged Test AUC: 0.8661
Std Test Accuracy: 0.1686
Std Test AUC: 0.0541

--- Round 396/500 ---
Averaged Train Loss: 1.4079
Averaged Test Accuracy: 0.4822
Averaged Test AUC: 0.8605
Std Test Accuracy: 0.1918
Std Test AUC: 0.0556

--- Round 397/500 ---
Averaged Train Loss: 1.3283
Averaged Test Accuracy: 0.5120
Averaged Test AUC: 0.8686
Std Test Accuracy: 0.1532
Std Test AUC: 0.0397

--- Round 398/500 ---
Averaged Train Loss: 1.3181
Averaged Test Accuracy: 0.5113
Averaged Test AUC: 0.8695
Std Test Accuracy: 0.1241
Std Test AUC: 0.0334

--- Round 399/500 ---
Averaged Train Loss: 1.3679
Averaged Test Accuracy: 0.4864
Averaged Test AUC: 0.8646
Std Test Accuracy: 0.1581
Std Test AUC: 0.0452

--- Round 400/500 ---
Averaged Train Loss: 1.3426
Averaged Test Accuracy: 0.4993
Averaged Test AUC: 0.8665
Std Test Accuracy: 0.1681
Std Test AUC: 0.0541

--- Round 401/500 ---
Averaged Train Loss: 1.4262
Averaged Test Accuracy: 0.4747
Averaged Test AUC: 0.8584
Std Test Accuracy: 0.1951
Std Test AUC: 0.0590

--- Round 402/500 ---
Averaged Train Loss: 1.3186
Averaged Test Accuracy: 0.5150
Averaged Test AUC: 0.8695
Std Test Accuracy: 0.1536
Std Test AUC: 0.0391

--- Round 403/500 ---
Averaged Train Loss: 1.3413
Averaged Test Accuracy: 0.5019
Averaged Test AUC: 0.8670
Std Test Accuracy: 0.1349
Std Test AUC: 0.0388

--- Round 404/500 ---
Averaged Train Loss: 1.3765
Averaged Test Accuracy: 0.4812
Averaged Test AUC: 0.8637
Std Test Accuracy: 0.1767
Std Test AUC: 0.0522

--- Round 405/500 ---
Averaged Train Loss: 1.3680
Averaged Test Accuracy: 0.4918
Averaged Test AUC: 0.8648
Std Test Accuracy: 0.1945
Std Test AUC: 0.0579

--- Round 406/500 ---
Averaged Train Loss: 1.3941
Averaged Test Accuracy: 0.4857
Averaged Test AUC: 0.8610
Std Test Accuracy: 0.1835
Std Test AUC: 0.0545

--- Round 407/500 ---
Averaged Train Loss: 1.3146
Averaged Test Accuracy: 0.5150
Averaged Test AUC: 0.8694
Std Test Accuracy: 0.1468
Std Test AUC: 0.0380

--- Round 408/500 ---
Averaged Train Loss: 1.3118
Averaged Test Accuracy: 0.5186
Averaged Test AUC: 0.8700
Std Test Accuracy: 0.1043
Std Test AUC: 0.0293

--- Round 409/500 ---
Averaged Train Loss: 1.3812
Averaged Test Accuracy: 0.4838
Averaged Test AUC: 0.8637
Std Test Accuracy: 0.1708
Std Test AUC: 0.0531

--- Round 410/500 ---
Averaged Train Loss: 1.3673
Averaged Test Accuracy: 0.4925
Averaged Test AUC: 0.8653
Std Test Accuracy: 0.1933
Std Test AUC: 0.0562

--- Round 411/500 ---
Averaged Train Loss: 1.4134
Averaged Test Accuracy: 0.4794
Averaged Test AUC: 0.8597
Std Test Accuracy: 0.1999
Std Test AUC: 0.0599

--- Round 412/500 ---
Averaged Train Loss: 1.3184
Averaged Test Accuracy: 0.5156
Averaged Test AUC: 0.8697
Std Test Accuracy: 0.1542
Std Test AUC: 0.0392

--- Round 413/500 ---
Averaged Train Loss: 1.3319
Averaged Test Accuracy: 0.5082
Averaged Test AUC: 0.8682
Std Test Accuracy: 0.1225
Std Test AUC: 0.0355

--- Round 414/500 ---
Averaged Train Loss: 1.3415
Averaged Test Accuracy: 0.4983
Averaged Test AUC: 0.8669
Std Test Accuracy: 0.1530
Std Test AUC: 0.0452

--- Round 415/500 ---
Averaged Train Loss: 1.3462
Averaged Test Accuracy: 0.4999
Averaged Test AUC: 0.8676
Std Test Accuracy: 0.1865
Std Test AUC: 0.0536

--- Round 416/500 ---
Averaged Train Loss: 1.4110
Averaged Test Accuracy: 0.4797
Averaged Test AUC: 0.8598
Std Test Accuracy: 0.2003
Std Test AUC: 0.0581

--- Round 417/500 ---
Averaged Train Loss: 1.3163
Averaged Test Accuracy: 0.5156
Averaged Test AUC: 0.8704
Std Test Accuracy: 0.1558
Std Test AUC: 0.0383

--- Round 418/500 ---
Averaged Train Loss: 1.3157
Averaged Test Accuracy: 0.5151
Averaged Test AUC: 0.8694
Std Test Accuracy: 0.1216
Std Test AUC: 0.0333

--- Round 419/500 ---
Averaged Train Loss: 1.3682
Averaged Test Accuracy: 0.4850
Averaged Test AUC: 0.8647
Std Test Accuracy: 0.1757
Std Test AUC: 0.0505

--- Round 420/500 ---
Averaged Train Loss: 1.3561
Averaged Test Accuracy: 0.4975
Averaged Test AUC: 0.8663
Std Test Accuracy: 0.1876
Std Test AUC: 0.0563

--- Round 421/500 ---
Averaged Train Loss: 1.3502
Averaged Test Accuracy: 0.5015
Averaged Test AUC: 0.8669
Std Test Accuracy: 0.1688
Std Test AUC: 0.0460

--- Round 422/500 ---
Averaged Train Loss: 1.3056
Averaged Test Accuracy: 0.5189
Averaged Test AUC: 0.8709
Std Test Accuracy: 0.1491
Std Test AUC: 0.0387

--- Round 423/500 ---
Averaged Train Loss: 1.3290
Averaged Test Accuracy: 0.5094
Averaged Test AUC: 0.8685
Std Test Accuracy: 0.1324
Std Test AUC: 0.0368

--- Round 424/500 ---
Averaged Train Loss: 1.3663
Averaged Test Accuracy: 0.4898
Averaged Test AUC: 0.8654
Std Test Accuracy: 0.1711
Std Test AUC: 0.0501

--- Round 425/500 ---
Averaged Train Loss: 1.3512
Averaged Test Accuracy: 0.4948
Averaged Test AUC: 0.8674
Std Test Accuracy: 0.1943
Std Test AUC: 0.0557

--- Round 426/500 ---
Averaged Train Loss: 1.3797
Averaged Test Accuracy: 0.4904
Averaged Test AUC: 0.8634
Std Test Accuracy: 0.1854
Std Test AUC: 0.0529

--- Round 427/500 ---
Averaged Train Loss: 1.3063
Averaged Test Accuracy: 0.5188
Averaged Test AUC: 0.8710
Std Test Accuracy: 0.1535
Std Test AUC: 0.0388

--- Round 428/500 ---
Averaged Train Loss: 1.3184
Averaged Test Accuracy: 0.5136
Averaged Test AUC: 0.8690
Std Test Accuracy: 0.1177
Std Test AUC: 0.0335

--- Round 429/500 ---
Averaged Train Loss: 1.3873
Averaged Test Accuracy: 0.4820
Averaged Test AUC: 0.8625
Std Test Accuracy: 0.1679
Std Test AUC: 0.0562

--- Round 430/500 ---
Averaged Train Loss: 1.3447
Averaged Test Accuracy: 0.4996
Averaged Test AUC: 0.8682
Std Test Accuracy: 0.1907
Std Test AUC: 0.0541

--- Round 431/500 ---
Averaged Train Loss: 1.3688
Averaged Test Accuracy: 0.4941
Averaged Test AUC: 0.8650
Std Test Accuracy: 0.1863
Std Test AUC: 0.0516

--- Round 432/500 ---
Averaged Train Loss: 1.2966
Averaged Test Accuracy: 0.5218
Averaged Test AUC: 0.8718
Std Test Accuracy: 0.1493
Std Test AUC: 0.0382

--- Round 433/500 ---
Averaged Train Loss: 1.3174
Averaged Test Accuracy: 0.5110
Averaged Test AUC: 0.8697
Std Test Accuracy: 0.1275
Std Test AUC: 0.0356

--- Round 434/500 ---
Averaged Train Loss: 1.3910
Averaged Test Accuracy: 0.4782
Averaged Test AUC: 0.8634
Std Test Accuracy: 0.1819
Std Test AUC: 0.0550

--- Round 435/500 ---
Averaged Train Loss: 1.3308
Averaged Test Accuracy: 0.5039
Averaged Test AUC: 0.8697
Std Test Accuracy: 0.1877
Std Test AUC: 0.0518

--- Round 436/500 ---
Averaged Train Loss: 1.3916
Averaged Test Accuracy: 0.4860
Averaged Test AUC: 0.8626
Std Test Accuracy: 0.1951
Std Test AUC: 0.0569

--- Round 437/500 ---
Averaged Train Loss: 1.3062
Averaged Test Accuracy: 0.5188
Averaged Test AUC: 0.8712
Std Test Accuracy: 0.1554
Std Test AUC: 0.0393

--- Round 438/500 ---
Averaged Train Loss: 1.3106
Averaged Test Accuracy: 0.5144
Averaged Test AUC: 0.8700
Std Test Accuracy: 0.1108
Std Test AUC: 0.0306

--- Round 439/500 ---
Averaged Train Loss: 1.3402
Averaged Test Accuracy: 0.4975
Averaged Test AUC: 0.8681
Std Test Accuracy: 0.1644
Std Test AUC: 0.0471

--- Round 440/500 ---
Averaged Train Loss: 1.3261
Averaged Test Accuracy: 0.5044
Averaged Test AUC: 0.8698
Std Test Accuracy: 0.1837
Std Test AUC: 0.0514

--- Round 441/500 ---
Averaged Train Loss: 1.3697
Averaged Test Accuracy: 0.4968
Averaged Test AUC: 0.8656
Std Test Accuracy: 0.1852
Std Test AUC: 0.0521

--- Round 442/500 ---
Averaged Train Loss: 1.2917
Averaged Test Accuracy: 0.5218
Averaged Test AUC: 0.8723
Std Test Accuracy: 0.1456
Std Test AUC: 0.0387

--- Round 443/500 ---
Averaged Train Loss: 1.3197
Averaged Test Accuracy: 0.5098
Averaged Test AUC: 0.8699
Std Test Accuracy: 0.1296
Std Test AUC: 0.0350

--- Round 444/500 ---
Averaged Train Loss: 1.3665
Averaged Test Accuracy: 0.4870
Averaged Test AUC: 0.8654
Std Test Accuracy: 0.1795
Std Test AUC: 0.0543

--- Round 445/500 ---
Averaged Train Loss: 1.3272
Averaged Test Accuracy: 0.5082
Averaged Test AUC: 0.8701
Std Test Accuracy: 0.1876
Std Test AUC: 0.0532

--- Round 446/500 ---
Averaged Train Loss: 1.3981
Averaged Test Accuracy: 0.4860
Averaged Test AUC: 0.8619
Std Test Accuracy: 0.1989
Std Test AUC: 0.0594

--- Round 447/500 ---
Averaged Train Loss: 1.2998
Averaged Test Accuracy: 0.5206
Averaged Test AUC: 0.8719
Std Test Accuracy: 0.1576
Std Test AUC: 0.0391

--- Round 448/500 ---
Averaged Train Loss: 1.2881
Averaged Test Accuracy: 0.5259
Averaged Test AUC: 0.8732
Std Test Accuracy: 0.1093
Std Test AUC: 0.0291

--- Round 449/500 ---
Averaged Train Loss: 1.3231
Averaged Test Accuracy: 0.5055
Averaged Test AUC: 0.8699
Std Test Accuracy: 0.1473
Std Test AUC: 0.0432

--- Round 450/500 ---
Averaged Train Loss: 1.3299
Averaged Test Accuracy: 0.5077
Averaged Test AUC: 0.8701
Std Test Accuracy: 0.1861
Std Test AUC: 0.0535

--- Round 451/500 ---
Averaged Train Loss: 1.3760
Averaged Test Accuracy: 0.4927
Averaged Test AUC: 0.8645
Std Test Accuracy: 0.1921
Std Test AUC: 0.0541

--- Round 452/500 ---
Averaged Train Loss: 1.3041
Averaged Test Accuracy: 0.5208
Averaged Test AUC: 0.8721
Std Test Accuracy: 0.1625
Std Test AUC: 0.0409

--- Round 453/500 ---
Averaged Train Loss: 1.2958
Averaged Test Accuracy: 0.5203
Averaged Test AUC: 0.8722
Std Test Accuracy: 0.1195
Std Test AUC: 0.0325

--- Round 454/500 ---
Averaged Train Loss: 1.3429
Averaged Test Accuracy: 0.4971
Averaged Test AUC: 0.8680
Std Test Accuracy: 0.1613
Std Test AUC: 0.0500

--- Round 455/500 ---
Averaged Train Loss: 1.3304
Averaged Test Accuracy: 0.5062
Averaged Test AUC: 0.8700
Std Test Accuracy: 0.1806
Std Test AUC: 0.0531

--- Round 456/500 ---
Averaged Train Loss: 1.3825
Averaged Test Accuracy: 0.4912
Averaged Test AUC: 0.8632
Std Test Accuracy: 0.1964
Std Test AUC: 0.0580

--- Round 457/500 ---
Averaged Train Loss: 1.2971
Averaged Test Accuracy: 0.5215
Averaged Test AUC: 0.8727
Std Test Accuracy: 0.1579
Std Test AUC: 0.0392

--- Round 458/500 ---
Averaged Train Loss: 1.2760
Averaged Test Accuracy: 0.5311
Averaged Test AUC: 0.8749
Std Test Accuracy: 0.1035
Std Test AUC: 0.0301

--- Round 459/500 ---
Averaged Train Loss: 1.3200
Averaged Test Accuracy: 0.5069
Averaged Test AUC: 0.8704
Std Test Accuracy: 0.1544
Std Test AUC: 0.0466

--- Round 460/500 ---
Averaged Train Loss: 1.3271
Averaged Test Accuracy: 0.5077
Averaged Test AUC: 0.8704
Std Test Accuracy: 0.1854
Std Test AUC: 0.0537

--- Round 461/500 ---
Averaged Train Loss: 1.3838
Averaged Test Accuracy: 0.4910
Averaged Test AUC: 0.8656
Std Test Accuracy: 0.1937
Std Test AUC: 0.0525

--- Round 462/500 ---
Averaged Train Loss: 1.2923
Averaged Test Accuracy: 0.5228
Averaged Test AUC: 0.8735
Std Test Accuracy: 0.1604
Std Test AUC: 0.0392

--- Round 463/500 ---
Averaged Train Loss: 1.2964
Averaged Test Accuracy: 0.5194
Averaged Test AUC: 0.8721
Std Test Accuracy: 0.1213
Std Test AUC: 0.0324

--- Round 464/500 ---
Averaged Train Loss: 1.3063
Averaged Test Accuracy: 0.5111
Averaged Test AUC: 0.8715
Std Test Accuracy: 0.1489
Std Test AUC: 0.0414

--- Round 465/500 ---
Averaged Train Loss: 1.3175
Averaged Test Accuracy: 0.5108
Averaged Test AUC: 0.8716
Std Test Accuracy: 0.1813
Std Test AUC: 0.0515

--- Round 466/500 ---
Averaged Train Loss: 1.3758
Averaged Test Accuracy: 0.4919
Averaged Test AUC: 0.8658
Std Test Accuracy: 0.1898
Std Test AUC: 0.0526

--- Round 467/500 ---
Averaged Train Loss: 1.2967
Averaged Test Accuracy: 0.5222
Averaged Test AUC: 0.8728
Std Test Accuracy: 0.1603
Std Test AUC: 0.0403

--- Round 468/500 ---
Averaged Train Loss: 1.2850
Averaged Test Accuracy: 0.5247
Averaged Test AUC: 0.8739
Std Test Accuracy: 0.1144
Std Test AUC: 0.0310

--- Round 469/500 ---
Averaged Train Loss: 1.3210
Averaged Test Accuracy: 0.5084
Averaged Test AUC: 0.8701
Std Test Accuracy: 0.1552
Std Test AUC: 0.0483

--- Round 470/500 ---
Averaged Train Loss: 1.3117
Averaged Test Accuracy: 0.5158
Averaged Test AUC: 0.8719
Std Test Accuracy: 0.1812
Std Test AUC: 0.0519

--- Round 471/500 ---
Averaged Train Loss: 1.3808
Averaged Test Accuracy: 0.4897
Averaged Test AUC: 0.8656
Std Test Accuracy: 0.1966
Std Test AUC: 0.0532

--- Round 472/500 ---
Averaged Train Loss: 1.2812
Averaged Test Accuracy: 0.5263
Averaged Test AUC: 0.8741
Std Test Accuracy: 0.1480
Std Test AUC: 0.0386

--- Round 473/500 ---
Averaged Train Loss: 1.2970
Averaged Test Accuracy: 0.5169
Averaged Test AUC: 0.8722
Std Test Accuracy: 0.1238
Std Test AUC: 0.0329

--- Round 474/500 ---
Averaged Train Loss: 1.3542
Averaged Test Accuracy: 0.4895
Averaged Test AUC: 0.8672
Std Test Accuracy: 0.1694
Std Test AUC: 0.0488

--- Round 475/500 ---
Averaged Train Loss: 1.3188
Averaged Test Accuracy: 0.5080
Averaged Test AUC: 0.8713
Std Test Accuracy: 0.1814
Std Test AUC: 0.0518

--- Round 476/500 ---
Averaged Train Loss: 1.3635
Averaged Test Accuracy: 0.4969
Averaged Test AUC: 0.8658
Std Test Accuracy: 0.1914
Std Test AUC: 0.0541

--- Round 477/500 ---
Averaged Train Loss: 1.2751
Averaged Test Accuracy: 0.5284
Averaged Test AUC: 0.8745
Std Test Accuracy: 0.1486
Std Test AUC: 0.0381

--- Round 478/500 ---
Averaged Train Loss: 1.2746
Averaged Test Accuracy: 0.5300
Averaged Test AUC: 0.8749
Std Test Accuracy: 0.1099
Std Test AUC: 0.0304

--- Round 479/500 ---
Averaged Train Loss: 1.3188
Averaged Test Accuracy: 0.5048
Averaged Test AUC: 0.8706
Std Test Accuracy: 0.1553
Std Test AUC: 0.0458

--- Round 480/500 ---
Averaged Train Loss: 1.3112
Averaged Test Accuracy: 0.5126
Averaged Test AUC: 0.8721
Std Test Accuracy: 0.1782
Std Test AUC: 0.0521

--- Round 481/500 ---
Averaged Train Loss: 1.3429
Averaged Test Accuracy: 0.5036
Averaged Test AUC: 0.8688
Std Test Accuracy: 0.1834
Std Test AUC: 0.0520

--- Round 482/500 ---
Averaged Train Loss: 1.2772
Averaged Test Accuracy: 0.5283
Averaged Test AUC: 0.8750
Std Test Accuracy: 0.1545
Std Test AUC: 0.0387

--- Round 483/500 ---
Averaged Train Loss: 1.2746
Averaged Test Accuracy: 0.5323
Averaged Test AUC: 0.8747
Std Test Accuracy: 0.1024
Std Test AUC: 0.0276

--- Round 484/500 ---
Averaged Train Loss: 1.3631
Averaged Test Accuracy: 0.4901
Averaged Test AUC: 0.8669
Std Test Accuracy: 0.1760
Std Test AUC: 0.0525

--- Round 485/500 ---
Averaged Train Loss: 1.3151
Averaged Test Accuracy: 0.5106
Averaged Test AUC: 0.8718
Std Test Accuracy: 0.1804
Std Test AUC: 0.0528

--- Round 486/500 ---
Averaged Train Loss: 1.3567
Averaged Test Accuracy: 0.4977
Averaged Test AUC: 0.8676
Std Test Accuracy: 0.1880
Std Test AUC: 0.0535

--- Round 487/500 ---
Averaged Train Loss: 1.2770
Averaged Test Accuracy: 0.5275
Averaged Test AUC: 0.8749
Std Test Accuracy: 0.1536
Std Test AUC: 0.0382

--- Round 488/500 ---
Averaged Train Loss: 1.2707
Averaged Test Accuracy: 0.5324
Averaged Test AUC: 0.8754
Std Test Accuracy: 0.1101
Std Test AUC: 0.0292

--- Round 489/500 ---
Averaged Train Loss: 1.3044
Averaged Test Accuracy: 0.5133
Averaged Test AUC: 0.8728
Std Test Accuracy: 0.1523
Std Test AUC: 0.0461

--- Round 490/500 ---
Averaged Train Loss: 1.3068
Averaged Test Accuracy: 0.5142
Averaged Test AUC: 0.8730
Std Test Accuracy: 0.1807
Std Test AUC: 0.0501

--- Round 491/500 ---
Averaged Train Loss: 1.3620
Averaged Test Accuracy: 0.4981
Averaged Test AUC: 0.8662
Std Test Accuracy: 0.1863
Std Test AUC: 0.0541

--- Round 492/500 ---
Averaged Train Loss: 1.2756
Averaged Test Accuracy: 0.5295
Averaged Test AUC: 0.8750
Std Test Accuracy: 0.1484
Std Test AUC: 0.0375

--- Round 493/500 ---
Averaged Train Loss: 1.2768
Averaged Test Accuracy: 0.5269
Averaged Test AUC: 0.8741
Std Test Accuracy: 0.1202
Std Test AUC: 0.0330

--- Round 494/500 ---
Averaged Train Loss: 1.3680
Averaged Test Accuracy: 0.4858
Averaged Test AUC: 0.8670
Std Test Accuracy: 0.1789
Std Test AUC: 0.0522

--- Round 495/500 ---
Averaged Train Loss: 1.3194
Averaged Test Accuracy: 0.5111
Averaged Test AUC: 0.8719
Std Test Accuracy: 0.1852
Std Test AUC: 0.0537

--- Round 496/500 ---
Averaged Train Loss: 1.3657
Averaged Test Accuracy: 0.4979
Averaged Test AUC: 0.8665
Std Test Accuracy: 0.1926
Std Test AUC: 0.0549

--- Round 497/500 ---
Averaged Train Loss: 1.2775
Averaged Test Accuracy: 0.5281
Averaged Test AUC: 0.8750
Std Test Accuracy: 0.1514
Std Test AUC: 0.0370

--- Round 498/500 ---
Averaged Train Loss: 1.2623
Averaged Test Accuracy: 0.5325
Averaged Test AUC: 0.8762
Std Test Accuracy: 0.1065
Std Test AUC: 0.0297

--- Round 499/500 ---
Averaged Train Loss: 1.3259
Averaged Test Accuracy: 0.5045
Averaged Test AUC: 0.8699
Std Test Accuracy: 0.1608
Std Test AUC: 0.0502

--- Round 500/500 ---
Averaged Train Loss: 1.3193
Averaged Test Accuracy: 0.5128
Averaged Test AUC: 0.8718
Std Test Accuracy: 0.1865
Std Test AUC: 0.0547

========== Training Complete ==========
Best Test Accuracy: 0.5324640766365087
File path: ../results/Cifar10_FedEntPlusSmooth_smooth_trial01_0035_0.h5

Average time cost: 1946.94s.
Length:  501
std for best accuracy: 0.0
mean for best accuracy: 0.5324640766365087
All done!

Storage on cuda:0
-------------------------------------------------------------------------------
Total Tensors: 216120348 	Used Memory: 583.34M
The allocated memory on cuda:0: 601.47M
Memory differs due to the matrix alignment or invisible gradient buffer tensors
-------------------------------------------------------------------------------
