==================================================
goal = smooth_trial01_0047
device = cuda
device_id = 0
dataset = Cifar10
num_classes = 10
model = CNN
batch_size = 64
local_learning_rate = 0.01
learning_rate_decay = True
learning_rate_decay_gamma = 0.98
global_rounds = 500
top_cnt = 100
local_epochs = 5
algorithm = FedEntPlusSmooth
join_ratio = 0.1
random_join_ratio = False
num_clients = 100
prev = 0
times = 1
eval_gap = 1
save_folder_name = items
auto_break = False
dlg_eval = False
dlg_gap = 100
batch_num_per_client = 2
num_new_clients = 0
fine_tuning_epoch_new = 0
feature_dim = 512
vocab_size = 32000
max_len = 200
client_drop_rate = 0.0
train_slow_rate = 0.0
send_slow_rate = 0.0
time_select = False
time_threthold = 10000
beta = 0.0
lamda = 1.0
mu = 0.0
K = 5
p_learning_rate = 0.01
M = 5
itk = 4000
alphaK = 1.0
sigma = 1.0
alpha = 1.0
plocal_epochs = 1
tau = 1.0
fine_tuning_epochs = 10
dr_learning_rate = 0.0
L = 1.0
noise_dim = 512
generator_learning_rate = 0.005
hidden_dim = 512
server_epochs = 1000
localize_feature_extractor = False
server_learning_rate = 1.0
eta = 1.0
rand_percent = 80
layer_idx = 2
mentee_learning_rate = 0.005
T_start = 0.95
T_end = 0.98
momentum = 0.9
kl_weight = 0.0
buffer_size = 0
dp_epsilon = 0.0
H_min = None
alpha_vp = 0.0
enable_dynamic_param = False
log_fedent = False
log_filename = None
dynamic_config_path = /home/john/PFLlib/system/auto_configs/smooth_trial01_0047.json
==================================================

============= Running time: 0th =============
Creating server and clients ...
FedAvgCNN(
  (conv1): Sequential(
    (0): Conv2d(3, 32, kernel_size=(5, 5), stride=(1, 1))
    (1): ReLU(inplace=True)
    (2): MaxPool2d(kernel_size=(2, 2), stride=(2, 2), padding=0, dilation=1, ceil_mode=False)
  )
  (conv2): Sequential(
    (0): Conv2d(32, 64, kernel_size=(5, 5), stride=(1, 1))
    (1): ReLU(inplace=True)
    (2): MaxPool2d(kernel_size=(2, 2), stride=(2, 2), padding=0, dilation=1, ceil_mode=False)
  )
  (fc1): Sequential(
    (0): Linear(in_features=1600, out_features=512, bias=True)
    (1): ReLU(inplace=True)
  )
  (fc): Linear(in_features=512, out_features=10, bias=True)
)

Join ratio / total clients: 0.1 / 100
Finished creating server and clients.

--- Round 0/500 ---
Averaged Train Loss: 2.3038
Averaged Test Accuracy: 0.0928
Averaged Test AUC: 0.4894
Std Test Accuracy: 0.1434
Std Test AUC: 0.2233

--- Round 1/500 ---
Averaged Train Loss: 2.3639
Averaged Test Accuracy: 0.1392
Averaged Test AUC: 0.5078
Std Test Accuracy: 0.2110
Std Test AUC: 0.2515

--- Round 2/500 ---
Averaged Train Loss: 2.6217
Averaged Test Accuracy: 0.1225
Averaged Test AUC: 0.5205
Std Test Accuracy: 0.1967
Std Test AUC: 0.2500

--- Round 3/500 ---
Averaged Train Loss: 2.6939
Averaged Test Accuracy: 0.1296
Averaged Test AUC: 0.5380
Std Test Accuracy: 0.1974
Std Test AUC: 0.2519

--- Round 4/500 ---
Averaged Train Loss: 2.5559
Averaged Test Accuracy: 0.1607
Averaged Test AUC: 0.5546
Std Test Accuracy: 0.1880
Std Test AUC: 0.2560

--- Round 5/500 ---
Averaged Train Loss: 2.4340
Averaged Test Accuracy: 0.1495
Averaged Test AUC: 0.5772
Std Test Accuracy: 0.2166
Std Test AUC: 0.2357

--- Round 6/500 ---
Averaged Train Loss: 2.4317
Averaged Test Accuracy: 0.1583
Averaged Test AUC: 0.6016
Std Test Accuracy: 0.2169
Std Test AUC: 0.2267

--- Round 7/500 ---
Averaged Train Loss: 2.3981
Averaged Test Accuracy: 0.1576
Averaged Test AUC: 0.6194
Std Test Accuracy: 0.2188
Std Test AUC: 0.2180

--- Round 8/500 ---
Averaged Train Loss: 2.3243
Averaged Test Accuracy: 0.2107
Averaged Test AUC: 0.6294
Std Test Accuracy: 0.1868
Std Test AUC: 0.2100

--- Round 9/500 ---
Averaged Train Loss: 2.3351
Averaged Test Accuracy: 0.1658
Averaged Test AUC: 0.6469
Std Test Accuracy: 0.2177
Std Test AUC: 0.2007

--- Round 10/500 ---
Averaged Train Loss: 2.2186
Averaged Test Accuracy: 0.2064
Averaged Test AUC: 0.6710
Std Test Accuracy: 0.1999
Std Test AUC: 0.1986

--- Round 11/500 ---
Averaged Train Loss: 2.3105
Averaged Test Accuracy: 0.1808
Averaged Test AUC: 0.6665
Std Test Accuracy: 0.2353
Std Test AUC: 0.1726

--- Round 12/500 ---
Averaged Train Loss: 2.1886
Averaged Test Accuracy: 0.1841
Averaged Test AUC: 0.6919
Std Test Accuracy: 0.2069
Std Test AUC: 0.1625

--- Round 13/500 ---
Averaged Train Loss: 2.2772
Averaged Test Accuracy: 0.2103
Averaged Test AUC: 0.6854
Std Test Accuracy: 0.1811
Std Test AUC: 0.1644

--- Round 14/500 ---
Averaged Train Loss: 2.1305
Averaged Test Accuracy: 0.2279
Averaged Test AUC: 0.6995
Std Test Accuracy: 0.2182
Std Test AUC: 0.1711

--- Round 15/500 ---
Averaged Train Loss: 2.2064
Averaged Test Accuracy: 0.2004
Averaged Test AUC: 0.6962
Std Test Accuracy: 0.1962
Std Test AUC: 0.1563

--- Round 16/500 ---
Averaged Train Loss: 2.1408
Averaged Test Accuracy: 0.2149
Averaged Test AUC: 0.7077
Std Test Accuracy: 0.2062
Std Test AUC: 0.1507

--- Round 17/500 ---
Averaged Train Loss: 2.1778
Averaged Test Accuracy: 0.2279
Averaged Test AUC: 0.7005
Std Test Accuracy: 0.2341
Std Test AUC: 0.1684

--- Round 18/500 ---
Averaged Train Loss: 2.1800
Averaged Test Accuracy: 0.2341
Averaged Test AUC: 0.7089
Std Test Accuracy: 0.1837
Std Test AUC: 0.1549

--- Round 19/500 ---
Averaged Train Loss: 2.1380
Averaged Test Accuracy: 0.2569
Averaged Test AUC: 0.7081
Std Test Accuracy: 0.2052
Std Test AUC: 0.1746

--- Round 20/500 ---
Averaged Train Loss: 2.0687
Averaged Test Accuracy: 0.2604
Averaged Test AUC: 0.7219
Std Test Accuracy: 0.2265
Std Test AUC: 0.1650

--- Round 21/500 ---
Averaged Train Loss: 2.1203
Averaged Test Accuracy: 0.2541
Averaged Test AUC: 0.7193
Std Test Accuracy: 0.2208
Std Test AUC: 0.1484

--- Round 22/500 ---
Averaged Train Loss: 2.1070
Averaged Test Accuracy: 0.2575
Averaged Test AUC: 0.7212
Std Test Accuracy: 0.2110
Std Test AUC: 0.1583

--- Round 23/500 ---
Averaged Train Loss: 2.0415
Averaged Test Accuracy: 0.2477
Averaged Test AUC: 0.7378
Std Test Accuracy: 0.1939
Std Test AUC: 0.1309

--- Round 24/500 ---
Averaged Train Loss: 2.0675
Averaged Test Accuracy: 0.2379
Averaged Test AUC: 0.7338
Std Test Accuracy: 0.2330
Std Test AUC: 0.1356

--- Round 25/500 ---
Averaged Train Loss: 2.0419
Averaged Test Accuracy: 0.2664
Averaged Test AUC: 0.7427
Std Test Accuracy: 0.1861
Std Test AUC: 0.1286

--- Round 26/500 ---
Averaged Train Loss: 1.9411
Averaged Test Accuracy: 0.2753
Averaged Test AUC: 0.7534
Std Test Accuracy: 0.2353
Std Test AUC: 0.1310

--- Round 27/500 ---
Averaged Train Loss: 1.9821
Averaged Test Accuracy: 0.2543
Averaged Test AUC: 0.7497
Std Test Accuracy: 0.2141
Std Test AUC: 0.1283

--- Round 28/500 ---
Averaged Train Loss: 1.9747
Averaged Test Accuracy: 0.2749
Averaged Test AUC: 0.7520
Std Test Accuracy: 0.1922
Std Test AUC: 0.1304

--- Round 29/500 ---
Averaged Train Loss: 1.9740
Averaged Test Accuracy: 0.2827
Averaged Test AUC: 0.7505
Std Test Accuracy: 0.2299
Std Test AUC: 0.1418

--- Round 30/500 ---
Averaged Train Loss: 1.9632
Averaged Test Accuracy: 0.2902
Averaged Test AUC: 0.7540
Std Test Accuracy: 0.2291
Std Test AUC: 0.1373

--- Round 31/500 ---
Averaged Train Loss: 1.9911
Averaged Test Accuracy: 0.2841
Averaged Test AUC: 0.7500
Std Test Accuracy: 0.2206
Std Test AUC: 0.1382

--- Round 32/500 ---
Averaged Train Loss: 1.9621
Averaged Test Accuracy: 0.2822
Averaged Test AUC: 0.7575
Std Test Accuracy: 0.1906
Std Test AUC: 0.1268

--- Round 33/500 ---
Averaged Train Loss: 2.0201
Averaged Test Accuracy: 0.2836
Averaged Test AUC: 0.7503
Std Test Accuracy: 0.2098
Std Test AUC: 0.1349

--- Round 34/500 ---
Averaged Train Loss: 1.9328
Averaged Test Accuracy: 0.3103
Averaged Test AUC: 0.7594
Std Test Accuracy: 0.2039
Std Test AUC: 0.1401

--- Round 35/500 ---
Averaged Train Loss: 1.9702
Averaged Test Accuracy: 0.2984
Averaged Test AUC: 0.7564
Std Test Accuracy: 0.2123
Std Test AUC: 0.1402

--- Round 36/500 ---
Averaged Train Loss: 1.9044
Averaged Test Accuracy: 0.3020
Averaged Test AUC: 0.7668
Std Test Accuracy: 0.2127
Std Test AUC: 0.1284

--- Round 37/500 ---
Averaged Train Loss: 1.8857
Averaged Test Accuracy: 0.3072
Averaged Test AUC: 0.7711
Std Test Accuracy: 0.2056
Std Test AUC: 0.1193

--- Round 38/500 ---
Averaged Train Loss: 1.8642
Averaged Test Accuracy: 0.3157
Averaged Test AUC: 0.7753
Std Test Accuracy: 0.2116
Std Test AUC: 0.1166

--- Round 39/500 ---
Averaged Train Loss: 1.8752
Averaged Test Accuracy: 0.3101
Averaged Test AUC: 0.7728
Std Test Accuracy: 0.2221
Std Test AUC: 0.1265

--- Round 40/500 ---
Averaged Train Loss: 1.8592
Averaged Test Accuracy: 0.3211
Averaged Test AUC: 0.7775
Std Test Accuracy: 0.2195
Std Test AUC: 0.1177

--- Round 41/500 ---
Averaged Train Loss: 1.8607
Averaged Test Accuracy: 0.3267
Averaged Test AUC: 0.7748
Std Test Accuracy: 0.1832
Std Test AUC: 0.1181

--- Round 42/500 ---
Averaged Train Loss: 1.8890
Averaged Test Accuracy: 0.3044
Averaged Test AUC: 0.7730
Std Test Accuracy: 0.1883
Std Test AUC: 0.1160

--- Round 43/500 ---
Averaged Train Loss: 1.9520
Averaged Test Accuracy: 0.2940
Averaged Test AUC: 0.7655
Std Test Accuracy: 0.2019
Std Test AUC: 0.1222

--- Round 44/500 ---
Averaged Train Loss: 1.9015
Averaged Test Accuracy: 0.3183
Averaged Test AUC: 0.7729
Std Test Accuracy: 0.2072
Std Test AUC: 0.1229

--- Round 45/500 ---
Averaged Train Loss: 1.9386
Averaged Test Accuracy: 0.3157
Averaged Test AUC: 0.7688
Std Test Accuracy: 0.2009
Std Test AUC: 0.1255

--- Round 46/500 ---
Averaged Train Loss: 1.8804
Averaged Test Accuracy: 0.3248
Averaged Test AUC: 0.7772
Std Test Accuracy: 0.1946
Std Test AUC: 0.1220

--- Round 47/500 ---
Averaged Train Loss: 1.9036
Averaged Test Accuracy: 0.3147
Averaged Test AUC: 0.7759
Std Test Accuracy: 0.2185
Std Test AUC: 0.1204

--- Round 48/500 ---
Averaged Train Loss: 1.8401
Averaged Test Accuracy: 0.3332
Averaged Test AUC: 0.7814
Std Test Accuracy: 0.1920
Std Test AUC: 0.1156

--- Round 49/500 ---
Averaged Train Loss: 1.8951
Averaged Test Accuracy: 0.3117
Averaged Test AUC: 0.7770
Std Test Accuracy: 0.1954
Std Test AUC: 0.1087

--- Round 50/500 ---
Averaged Train Loss: 1.7517
Averaged Test Accuracy: 0.3617
Averaged Test AUC: 0.7955
Std Test Accuracy: 0.1761
Std Test AUC: 0.1039

--- Round 51/500 ---
Averaged Train Loss: 1.8041
Averaged Test Accuracy: 0.3533
Averaged Test AUC: 0.7862
Std Test Accuracy: 0.2062
Std Test AUC: 0.1168

--- Round 52/500 ---
Averaged Train Loss: 1.8263
Averaged Test Accuracy: 0.3358
Averaged Test AUC: 0.7840
Std Test Accuracy: 0.1761
Std Test AUC: 0.1103

--- Round 53/500 ---
Averaged Train Loss: 1.8662
Averaged Test Accuracy: 0.3168
Averaged Test AUC: 0.7820
Std Test Accuracy: 0.1795
Std Test AUC: 0.1048

--- Round 54/500 ---
Averaged Train Loss: 1.7985
Averaged Test Accuracy: 0.3358
Averaged Test AUC: 0.7916
Std Test Accuracy: 0.1626
Std Test AUC: 0.0938

--- Round 55/500 ---
Averaged Train Loss: 1.8303
Averaged Test Accuracy: 0.3222
Averaged Test AUC: 0.7879
Std Test Accuracy: 0.2208
Std Test AUC: 0.1056

--- Round 56/500 ---
Averaged Train Loss: 1.8689
Averaged Test Accuracy: 0.3262
Averaged Test AUC: 0.7849
Std Test Accuracy: 0.2053
Std Test AUC: 0.1047

--- Round 57/500 ---
Averaged Train Loss: 1.8140
Averaged Test Accuracy: 0.3389
Averaged Test AUC: 0.7893
Std Test Accuracy: 0.1959
Std Test AUC: 0.1027

--- Round 58/500 ---
Averaged Train Loss: 1.7923
Averaged Test Accuracy: 0.3485
Averaged Test AUC: 0.7921
Std Test Accuracy: 0.2046
Std Test AUC: 0.1059

--- Round 59/500 ---
Averaged Train Loss: 1.8712
Averaged Test Accuracy: 0.3252
Averaged Test AUC: 0.7828
Std Test Accuracy: 0.2111
Std Test AUC: 0.1119

--- Round 60/500 ---
Averaged Train Loss: 2.1846
Averaged Test Accuracy: 0.2490
Averaged Test AUC: 0.7633
Std Test Accuracy: 0.2388
Std Test AUC: 0.1188

--- Round 61/500 ---
Averaged Train Loss: 1.7743
Averaged Test Accuracy: 0.3499
Averaged Test AUC: 0.7944
Std Test Accuracy: 0.1904
Std Test AUC: 0.1092

--- Round 62/500 ---
Averaged Train Loss: 1.7638
Averaged Test Accuracy: 0.3542
Averaged Test AUC: 0.7983
Std Test Accuracy: 0.2128
Std Test AUC: 0.1030

--- Round 63/500 ---
Averaged Train Loss: 1.8058
Averaged Test Accuracy: 0.3437
Averaged Test AUC: 0.7918
Std Test Accuracy: 0.2120
Std Test AUC: 0.1042

--- Round 64/500 ---
Averaged Train Loss: 1.7903
Averaged Test Accuracy: 0.3416
Averaged Test AUC: 0.7949
Std Test Accuracy: 0.1744
Std Test AUC: 0.0970

--- Round 65/500 ---
Averaged Train Loss: 1.7657
Averaged Test Accuracy: 0.3573
Averaged Test AUC: 0.7997
Std Test Accuracy: 0.1957
Std Test AUC: 0.0965

--- Round 66/500 ---
Averaged Train Loss: 1.7706
Averaged Test Accuracy: 0.3608
Averaged Test AUC: 0.7973
Std Test Accuracy: 0.1991
Std Test AUC: 0.1067

--- Round 67/500 ---
Averaged Train Loss: 1.7756
Averaged Test Accuracy: 0.3540
Averaged Test AUC: 0.7969
Std Test Accuracy: 0.1662
Std Test AUC: 0.1024

--- Round 68/500 ---
Averaged Train Loss: 1.7987
Averaged Test Accuracy: 0.3563
Averaged Test AUC: 0.7951
Std Test Accuracy: 0.1954
Std Test AUC: 0.1081

--- Round 69/500 ---
Averaged Train Loss: 1.8142
Averaged Test Accuracy: 0.3430
Averaged Test AUC: 0.7939
Std Test Accuracy: 0.2129
Std Test AUC: 0.1092

--- Round 70/500 ---
Averaged Train Loss: 1.7802
Averaged Test Accuracy: 0.3548
Averaged Test AUC: 0.7984
Std Test Accuracy: 0.2099
Std Test AUC: 0.0994

--- Round 71/500 ---
Averaged Train Loss: 1.7324
Averaged Test Accuracy: 0.3703
Averaged Test AUC: 0.8033
Std Test Accuracy: 0.1833
Std Test AUC: 0.0902

--- Round 72/500 ---
Averaged Train Loss: 1.7196
Averaged Test Accuracy: 0.3670
Averaged Test AUC: 0.8031
Std Test Accuracy: 0.1666
Std Test AUC: 0.0925

--- Round 73/500 ---
Averaged Train Loss: 1.6956
Averaged Test Accuracy: 0.3798
Averaged Test AUC: 0.8093
Std Test Accuracy: 0.1766
Std Test AUC: 0.0871

--- Round 74/500 ---
Averaged Train Loss: 1.7503
Averaged Test Accuracy: 0.3570
Averaged Test AUC: 0.8018
Std Test Accuracy: 0.2229
Std Test AUC: 0.0971

--- Round 75/500 ---
Averaged Train Loss: 1.7562
Averaged Test Accuracy: 0.3631
Averaged Test AUC: 0.8025
Std Test Accuracy: 0.1866
Std Test AUC: 0.0924

--- Round 76/500 ---
Averaged Train Loss: 1.7623
Averaged Test Accuracy: 0.3538
Averaged Test AUC: 0.8017
Std Test Accuracy: 0.1935
Std Test AUC: 0.0886

--- Round 77/500 ---
Averaged Train Loss: 1.7699
Averaged Test Accuracy: 0.3511
Averaged Test AUC: 0.8008
Std Test Accuracy: 0.1736
Std Test AUC: 0.0885

--- Round 78/500 ---
Averaged Train Loss: 1.7167
Averaged Test Accuracy: 0.3654
Averaged Test AUC: 0.8070
Std Test Accuracy: 0.2052
Std Test AUC: 0.0898

--- Round 79/500 ---
Averaged Train Loss: 1.7317
Averaged Test Accuracy: 0.3592
Averaged Test AUC: 0.8067
Std Test Accuracy: 0.1790
Std Test AUC: 0.0801

--- Round 80/500 ---
Averaged Train Loss: 1.7535
Averaged Test Accuracy: 0.3636
Averaged Test AUC: 0.8047
Std Test Accuracy: 0.1941
Std Test AUC: 0.0909

--- Round 81/500 ---
Averaged Train Loss: 1.7350
Averaged Test Accuracy: 0.3703
Averaged Test AUC: 0.8062
Std Test Accuracy: 0.1862
Std Test AUC: 0.0944

--- Round 82/500 ---
Averaged Train Loss: 1.7029
Averaged Test Accuracy: 0.3870
Averaged Test AUC: 0.8084
Std Test Accuracy: 0.1681
Std Test AUC: 0.0972

--- Round 83/500 ---
Averaged Train Loss: 1.7023
Averaged Test Accuracy: 0.3894
Averaged Test AUC: 0.8091
Std Test Accuracy: 0.1409
Std Test AUC: 0.0950

--- Round 84/500 ---
Averaged Train Loss: 1.7228
Averaged Test Accuracy: 0.3791
Averaged Test AUC: 0.8063
Std Test Accuracy: 0.1926
Std Test AUC: 0.0983

--- Round 85/500 ---
Averaged Train Loss: 1.6726
Averaged Test Accuracy: 0.3982
Averaged Test AUC: 0.8133
Std Test Accuracy: 0.1605
Std Test AUC: 0.0937

--- Round 86/500 ---
Averaged Train Loss: 1.7081
Averaged Test Accuracy: 0.3757
Averaged Test AUC: 0.8089
Std Test Accuracy: 0.2061
Std Test AUC: 0.0930

--- Round 87/500 ---
Averaged Train Loss: 1.7204
Averaged Test Accuracy: 0.3672
Averaged Test AUC: 0.8072
Std Test Accuracy: 0.2162
Std Test AUC: 0.0929

--- Round 88/500 ---
Averaged Train Loss: 1.7309
Averaged Test Accuracy: 0.3652
Averaged Test AUC: 0.8057
Std Test Accuracy: 0.2056
Std Test AUC: 0.0925

--- Round 89/500 ---
Averaged Train Loss: 1.7439
Averaged Test Accuracy: 0.3608
Averaged Test AUC: 0.8042
Std Test Accuracy: 0.2174
Std Test AUC: 0.0956

--- Round 90/500 ---
Averaged Train Loss: 1.7816
Averaged Test Accuracy: 0.3513
Averaged Test AUC: 0.7999
Std Test Accuracy: 0.2128
Std Test AUC: 0.0983

--- Round 91/500 ---
Averaged Train Loss: 1.6974
Averaged Test Accuracy: 0.3781
Averaged Test AUC: 0.8104
Std Test Accuracy: 0.1990
Std Test AUC: 0.0907

--- Round 92/500 ---
Averaged Train Loss: 1.6428
Averaged Test Accuracy: 0.4054
Averaged Test AUC: 0.8180
Std Test Accuracy: 0.1553
Std Test AUC: 0.0852

--- Round 93/500 ---
Averaged Train Loss: 1.7125
Averaged Test Accuracy: 0.3681
Averaged Test AUC: 0.8111
Std Test Accuracy: 0.1926
Std Test AUC: 0.0890

--- Round 94/500 ---
Averaged Train Loss: 1.7417
Averaged Test Accuracy: 0.3634
Averaged Test AUC: 0.8071
Std Test Accuracy: 0.1796
Std Test AUC: 0.0847

--- Round 95/500 ---
Averaged Train Loss: 1.6494
Averaged Test Accuracy: 0.3953
Averaged Test AUC: 0.8182
Std Test Accuracy: 0.1710
Std Test AUC: 0.0758

--- Round 96/500 ---
Averaged Train Loss: 1.6592
Averaged Test Accuracy: 0.3912
Averaged Test AUC: 0.8153
Std Test Accuracy: 0.1543
Std Test AUC: 0.0793

--- Round 97/500 ---
Averaged Train Loss: 1.6928
Averaged Test Accuracy: 0.3802
Averaged Test AUC: 0.8121
Std Test Accuracy: 0.1657
Std Test AUC: 0.0787

--- Round 98/500 ---
Averaged Train Loss: 1.7112
Averaged Test Accuracy: 0.3765
Averaged Test AUC: 0.8101
Std Test Accuracy: 0.1715
Std Test AUC: 0.0838

--- Round 99/500 ---
Averaged Train Loss: 1.6776
Averaged Test Accuracy: 0.3893
Averaged Test AUC: 0.8143
Std Test Accuracy: 0.1750
Std Test AUC: 0.0874

--- Round 100/500 ---
Averaged Train Loss: 1.6466
Averaged Test Accuracy: 0.4066
Averaged Test AUC: 0.8177
Std Test Accuracy: 0.1414
Std Test AUC: 0.0860

--- Round 101/500 ---
Averaged Train Loss: 1.6651
Averaged Test Accuracy: 0.4031
Averaged Test AUC: 0.8160
Std Test Accuracy: 0.1381
Std Test AUC: 0.0884

--- Round 102/500 ---
Averaged Train Loss: 1.6556
Averaged Test Accuracy: 0.3980
Averaged Test AUC: 0.8176
Std Test Accuracy: 0.1516
Std Test AUC: 0.0802

--- Round 103/500 ---
Averaged Train Loss: 1.6088
Averaged Test Accuracy: 0.4033
Averaged Test AUC: 0.8304
Std Test Accuracy: 0.2017
Std Test AUC: 0.0666

--- Round 104/500 ---
Averaged Train Loss: 1.6435
Averaged Test Accuracy: 0.3960
Averaged Test AUC: 0.8297
Std Test Accuracy: 0.1775
Std Test AUC: 0.0562

--- Round 105/500 ---
Averaged Train Loss: 1.5803
Averaged Test Accuracy: 0.4144
Averaged Test AUC: 0.8325
Std Test Accuracy: 0.1755
Std Test AUC: 0.0633

--- Round 106/500 ---
Averaged Train Loss: 1.6187
Averaged Test Accuracy: 0.4096
Averaged Test AUC: 0.8258
Std Test Accuracy: 0.1732
Std Test AUC: 0.0713

--- Round 107/500 ---
Averaged Train Loss: 1.6228
Averaged Test Accuracy: 0.3948
Averaged Test AUC: 0.8235
Std Test Accuracy: 0.1702
Std Test AUC: 0.0780

--- Round 108/500 ---
Averaged Train Loss: 1.6555
Averaged Test Accuracy: 0.3928
Averaged Test AUC: 0.8237
Std Test Accuracy: 0.2245
Std Test AUC: 0.0831

--- Round 109/500 ---
Averaged Train Loss: 1.7013
Averaged Test Accuracy: 0.3761
Averaged Test AUC: 0.8264
Std Test Accuracy: 0.2049
Std Test AUC: 0.0669

--- Round 110/500 ---
Averaged Train Loss: 1.5920
Averaged Test Accuracy: 0.4074
Averaged Test AUC: 0.8310
Std Test Accuracy: 0.1638
Std Test AUC: 0.0527

--- Round 111/500 ---
Averaged Train Loss: 1.5915
Averaged Test Accuracy: 0.3954
Averaged Test AUC: 0.8307
Std Test Accuracy: 0.1671
Std Test AUC: 0.0492

--- Round 112/500 ---
Averaged Train Loss: 1.5693
Averaged Test Accuracy: 0.4203
Averaged Test AUC: 0.8357
Std Test Accuracy: 0.1960
Std Test AUC: 0.0654

--- Round 113/500 ---
Averaged Train Loss: 1.6874
Averaged Test Accuracy: 0.3823
Averaged Test AUC: 0.8287
Std Test Accuracy: 0.2303
Std Test AUC: 0.0714

--- Round 114/500 ---
Averaged Train Loss: 1.5527
Averaged Test Accuracy: 0.4212
Averaged Test AUC: 0.8387
Std Test Accuracy: 0.1685
Std Test AUC: 0.0470

--- Round 115/500 ---
Averaged Train Loss: 1.7371
Averaged Test Accuracy: 0.3572
Averaged Test AUC: 0.8095
Std Test Accuracy: 0.1517
Std Test AUC: 0.0613

--- Round 116/500 ---
Averaged Train Loss: 1.6814
Averaged Test Accuracy: 0.3782
Averaged Test AUC: 0.8223
Std Test Accuracy: 0.2148
Std Test AUC: 0.0787

--- Round 117/500 ---
Averaged Train Loss: 1.6212
Averaged Test Accuracy: 0.4093
Averaged Test AUC: 0.8283
Std Test Accuracy: 0.2233
Std Test AUC: 0.0815

--- Round 118/500 ---
Averaged Train Loss: 1.7134
Averaged Test Accuracy: 0.3754
Averaged Test AUC: 0.8283
Std Test Accuracy: 0.2238
Std Test AUC: 0.0683

--- Round 119/500 ---
Averaged Train Loss: 1.7514
Averaged Test Accuracy: 0.3520
Averaged Test AUC: 0.8098
Std Test Accuracy: 0.1865
Std Test AUC: 0.0748

--- Round 120/500 ---
Averaged Train Loss: 1.6931
Averaged Test Accuracy: 0.3606
Averaged Test AUC: 0.8223
Std Test Accuracy: 0.1867
Std Test AUC: 0.0695

--- Round 121/500 ---
Averaged Train Loss: 1.7183
Averaged Test Accuracy: 0.3761
Averaged Test AUC: 0.8247
Std Test Accuracy: 0.2361
Std Test AUC: 0.0821

--- Round 122/500 ---
Averaged Train Loss: 1.6206
Averaged Test Accuracy: 0.4101
Averaged Test AUC: 0.8304
Std Test Accuracy: 0.2189
Std Test AUC: 0.0777

--- Round 123/500 ---
Averaged Train Loss: 1.7961
Averaged Test Accuracy: 0.3259
Averaged Test AUC: 0.8158
Std Test Accuracy: 0.2409
Std Test AUC: 0.0775

--- Round 124/500 ---
Averaged Train Loss: 1.5879
Averaged Test Accuracy: 0.4074
Averaged Test AUC: 0.8335
Std Test Accuracy: 0.1496
Std Test AUC: 0.0569

--- Round 125/500 ---
Averaged Train Loss: 1.5738
Averaged Test Accuracy: 0.4089
Averaged Test AUC: 0.8348
Std Test Accuracy: 0.1697
Std Test AUC: 0.0619

--- Round 126/500 ---
Averaged Train Loss: 1.6421
Averaged Test Accuracy: 0.4031
Averaged Test AUC: 0.8301
Std Test Accuracy: 0.2169
Std Test AUC: 0.0732

--- Round 127/500 ---
Averaged Train Loss: 1.5700
Averaged Test Accuracy: 0.4301
Averaged Test AUC: 0.8334
Std Test Accuracy: 0.1612
Std Test AUC: 0.0654

--- Round 128/500 ---
Averaged Train Loss: 1.5776
Averaged Test Accuracy: 0.4110
Averaged Test AUC: 0.8418
Std Test Accuracy: 0.1705
Std Test AUC: 0.0462

--- Round 129/500 ---
Averaged Train Loss: 1.5653
Averaged Test Accuracy: 0.4303
Averaged Test AUC: 0.8355
Std Test Accuracy: 0.1820
Std Test AUC: 0.0702

--- Round 130/500 ---
Averaged Train Loss: 1.5602
Averaged Test Accuracy: 0.4211
Averaged Test AUC: 0.8369
Std Test Accuracy: 0.1696
Std Test AUC: 0.0550

--- Round 131/500 ---
Averaged Train Loss: 1.6016
Averaged Test Accuracy: 0.4087
Averaged Test AUC: 0.8290
Std Test Accuracy: 0.1563
Std Test AUC: 0.0575

--- Round 132/500 ---
Averaged Train Loss: 1.5219
Averaged Test Accuracy: 0.4370
Averaged Test AUC: 0.8416
Std Test Accuracy: 0.1673
Std Test AUC: 0.0564

--- Round 133/500 ---
Averaged Train Loss: 1.6734
Averaged Test Accuracy: 0.3984
Averaged Test AUC: 0.8333
Std Test Accuracy: 0.2085
Std Test AUC: 0.0746

--- Round 134/500 ---
Averaged Train Loss: 1.5949
Averaged Test Accuracy: 0.4218
Averaged Test AUC: 0.8322
Std Test Accuracy: 0.1913
Std Test AUC: 0.0781

--- Round 135/500 ---
Averaged Train Loss: 1.7337
Averaged Test Accuracy: 0.3566
Averaged Test AUC: 0.8139
Std Test Accuracy: 0.1882
Std Test AUC: 0.0723

--- Round 136/500 ---
Averaged Train Loss: 1.6897
Averaged Test Accuracy: 0.3676
Averaged Test AUC: 0.8266
Std Test Accuracy: 0.2155
Std Test AUC: 0.0736

--- Round 137/500 ---
Averaged Train Loss: 1.5323
Averaged Test Accuracy: 0.4400
Averaged Test AUC: 0.8422
Std Test Accuracy: 0.1981
Std Test AUC: 0.0669

--- Round 138/500 ---
Averaged Train Loss: 1.7153
Averaged Test Accuracy: 0.3893
Averaged Test AUC: 0.8273
Std Test Accuracy: 0.2226
Std Test AUC: 0.0814

--- Round 139/500 ---
Averaged Train Loss: 1.5443
Averaged Test Accuracy: 0.4268
Averaged Test AUC: 0.8409
Std Test Accuracy: 0.1787
Std Test AUC: 0.0561

--- Round 140/500 ---
Averaged Train Loss: 1.6585
Averaged Test Accuracy: 0.3853
Averaged Test AUC: 0.8214
Std Test Accuracy: 0.1676
Std Test AUC: 0.0680

--- Round 141/500 ---
Averaged Train Loss: 1.5131
Averaged Test Accuracy: 0.4425
Averaged Test AUC: 0.8403
Std Test Accuracy: 0.1546
Std Test AUC: 0.0568

--- Round 142/500 ---
Averaged Train Loss: 1.5696
Averaged Test Accuracy: 0.4171
Averaged Test AUC: 0.8388
Std Test Accuracy: 0.2064
Std Test AUC: 0.0601

--- Round 143/500 ---
Averaged Train Loss: 1.6861
Averaged Test Accuracy: 0.3909
Averaged Test AUC: 0.8335
Std Test Accuracy: 0.2164
Std Test AUC: 0.0685

--- Round 144/500 ---
Averaged Train Loss: 1.7784
Averaged Test Accuracy: 0.3421
Averaged Test AUC: 0.8136
Std Test Accuracy: 0.2203
Std Test AUC: 0.0761

--- Round 145/500 ---
Averaged Train Loss: 1.5706
Averaged Test Accuracy: 0.4101
Averaged Test AUC: 0.8387
Std Test Accuracy: 0.1666
Std Test AUC: 0.0593

--- Round 146/500 ---
Averaged Train Loss: 1.5587
Averaged Test Accuracy: 0.4296
Averaged Test AUC: 0.8379
Std Test Accuracy: 0.1875
Std Test AUC: 0.0654

--- Round 147/500 ---
Averaged Train Loss: 1.5922
Averaged Test Accuracy: 0.4123
Averaged Test AUC: 0.8380
Std Test Accuracy: 0.2063
Std Test AUC: 0.0601

--- Round 148/500 ---
Averaged Train Loss: 1.7117
Averaged Test Accuracy: 0.3704
Averaged Test AUC: 0.8275
Std Test Accuracy: 0.2135
Std Test AUC: 0.0707

--- Round 149/500 ---
Averaged Train Loss: 1.4993
Averaged Test Accuracy: 0.4425
Averaged Test AUC: 0.8457
Std Test Accuracy: 0.1303
Std Test AUC: 0.0395

--- Round 150/500 ---
Averaged Train Loss: 1.5959
Averaged Test Accuracy: 0.4087
Averaged Test AUC: 0.8367
Std Test Accuracy: 0.1764
Std Test AUC: 0.0575

--- Round 151/500 ---
Averaged Train Loss: 1.6120
Averaged Test Accuracy: 0.4168
Averaged Test AUC: 0.8365
Std Test Accuracy: 0.2265
Std Test AUC: 0.0708

--- Round 152/500 ---
Averaged Train Loss: 1.6281
Averaged Test Accuracy: 0.4105
Averaged Test AUC: 0.8230
Std Test Accuracy: 0.1519
Std Test AUC: 0.0710

--- Round 153/500 ---
Averaged Train Loss: 1.5839
Averaged Test Accuracy: 0.4176
Averaged Test AUC: 0.8417
Std Test Accuracy: 0.1860
Std Test AUC: 0.0580

--- Round 154/500 ---
Averaged Train Loss: 1.5349
Averaged Test Accuracy: 0.4279
Averaged Test AUC: 0.8448
Std Test Accuracy: 0.2007
Std Test AUC: 0.0528

--- Round 155/500 ---
Averaged Train Loss: 1.6233
Averaged Test Accuracy: 0.3960
Averaged Test AUC: 0.8387
Std Test Accuracy: 0.1985
Std Test AUC: 0.0612

--- Round 156/500 ---
Averaged Train Loss: 1.5509
Averaged Test Accuracy: 0.4194
Averaged Test AUC: 0.8395
Std Test Accuracy: 0.1915
Std Test AUC: 0.0563

--- Round 157/500 ---
Averaged Train Loss: 1.5374
Averaged Test Accuracy: 0.4224
Averaged Test AUC: 0.8417
Std Test Accuracy: 0.1704
Std Test AUC: 0.0491

--- Round 158/500 ---
Averaged Train Loss: 1.6704
Averaged Test Accuracy: 0.3954
Averaged Test AUC: 0.8330
Std Test Accuracy: 0.2168
Std Test AUC: 0.0751

--- Round 159/500 ---
Averaged Train Loss: 1.4840
Averaged Test Accuracy: 0.4476
Averaged Test AUC: 0.8484
Std Test Accuracy: 0.1645
Std Test AUC: 0.0489

--- Round 160/500 ---
Averaged Train Loss: 1.6982
Averaged Test Accuracy: 0.3727
Averaged Test AUC: 0.8204
Std Test Accuracy: 0.1845
Std Test AUC: 0.0696

--- Round 161/500 ---
Averaged Train Loss: 1.5264
Averaged Test Accuracy: 0.4365
Averaged Test AUC: 0.8420
Std Test Accuracy: 0.1642
Std Test AUC: 0.0509

--- Round 162/500 ---
Averaged Train Loss: 1.5445
Averaged Test Accuracy: 0.4323
Averaged Test AUC: 0.8411
Std Test Accuracy: 0.1907
Std Test AUC: 0.0551

--- Round 163/500 ---
Averaged Train Loss: 1.6410
Averaged Test Accuracy: 0.4044
Averaged Test AUC: 0.8363
Std Test Accuracy: 0.2281
Std Test AUC: 0.0766

--- Round 164/500 ---
Averaged Train Loss: 1.6853
Averaged Test Accuracy: 0.3636
Averaged Test AUC: 0.8252
Std Test Accuracy: 0.2193
Std Test AUC: 0.0687

--- Round 165/500 ---
Averaged Train Loss: 1.5003
Averaged Test Accuracy: 0.4375
Averaged Test AUC: 0.8466
Std Test Accuracy: 0.1564
Std Test AUC: 0.0522

--- Round 166/500 ---
Averaged Train Loss: 1.5929
Averaged Test Accuracy: 0.4125
Averaged Test AUC: 0.8409
Std Test Accuracy: 0.2197
Std Test AUC: 0.0618

--- Round 167/500 ---
Averaged Train Loss: 1.5594
Averaged Test Accuracy: 0.4228
Averaged Test AUC: 0.8390
Std Test Accuracy: 0.2080
Std Test AUC: 0.0651

--- Round 168/500 ---
Averaged Train Loss: 1.6462
Averaged Test Accuracy: 0.3919
Averaged Test AUC: 0.8329
Std Test Accuracy: 0.2005
Std Test AUC: 0.0684

--- Round 169/500 ---
Averaged Train Loss: 1.4760
Averaged Test Accuracy: 0.4510
Averaged Test AUC: 0.8488
Std Test Accuracy: 0.1336
Std Test AUC: 0.0396

--- Round 170/500 ---
Averaged Train Loss: 1.5390
Averaged Test Accuracy: 0.4270
Averaged Test AUC: 0.8432
Std Test Accuracy: 0.1662
Std Test AUC: 0.0558

--- Round 171/500 ---
Averaged Train Loss: 1.5393
Averaged Test Accuracy: 0.4392
Averaged Test AUC: 0.8439
Std Test Accuracy: 0.1981
Std Test AUC: 0.0652

--- Round 172/500 ---
Averaged Train Loss: 1.6038
Averaged Test Accuracy: 0.4212
Averaged Test AUC: 0.8275
Std Test Accuracy: 0.1539
Std Test AUC: 0.0681

--- Round 173/500 ---
Averaged Train Loss: 1.5440
Averaged Test Accuracy: 0.4343
Averaged Test AUC: 0.8466
Std Test Accuracy: 0.1668
Std Test AUC: 0.0549

--- Round 174/500 ---
Averaged Train Loss: 1.5392
Averaged Test Accuracy: 0.4277
Averaged Test AUC: 0.8443
Std Test Accuracy: 0.2069
Std Test AUC: 0.0546

--- Round 175/500 ---
Averaged Train Loss: 1.6186
Averaged Test Accuracy: 0.3984
Averaged Test AUC: 0.8405
Std Test Accuracy: 0.2055
Std Test AUC: 0.0636

--- Round 176/500 ---
Averaged Train Loss: 1.5945
Averaged Test Accuracy: 0.4226
Averaged Test AUC: 0.8392
Std Test Accuracy: 0.2422
Std Test AUC: 0.0789

--- Round 177/500 ---
Averaged Train Loss: 1.7412
Averaged Test Accuracy: 0.3628
Averaged Test AUC: 0.8195
Std Test Accuracy: 0.1891
Std Test AUC: 0.0692

--- Round 178/500 ---
Averaged Train Loss: 1.7147
Averaged Test Accuracy: 0.3891
Averaged Test AUC: 0.8319
Std Test Accuracy: 0.2198
Std Test AUC: 0.0811

--- Round 179/500 ---
Averaged Train Loss: 1.4609
Averaged Test Accuracy: 0.4592
Averaged Test AUC: 0.8517
Std Test Accuracy: 0.1807
Std Test AUC: 0.0509

--- Round 180/500 ---
Averaged Train Loss: 1.5177
Averaged Test Accuracy: 0.4415
Averaged Test AUC: 0.8489
Std Test Accuracy: 0.2041
Std Test AUC: 0.0546

--- Round 181/500 ---
Averaged Train Loss: 1.5911
Averaged Test Accuracy: 0.4043
Averaged Test AUC: 0.8369
Std Test Accuracy: 0.1904
Std Test AUC: 0.0612

--- Round 182/500 ---
Averaged Train Loss: 1.5236
Averaged Test Accuracy: 0.4301
Averaged Test AUC: 0.8442
Std Test Accuracy: 0.1496
Std Test AUC: 0.0471

--- Round 183/500 ---
Averaged Train Loss: 1.5911
Averaged Test Accuracy: 0.4209
Averaged Test AUC: 0.8421
Std Test Accuracy: 0.2234
Std Test AUC: 0.0718

--- Round 184/500 ---
Averaged Train Loss: 1.6284
Averaged Test Accuracy: 0.4049
Averaged Test AUC: 0.8418
Std Test Accuracy: 0.2335
Std Test AUC: 0.0646

--- Round 185/500 ---
Averaged Train Loss: 1.6108
Averaged Test Accuracy: 0.4134
Averaged Test AUC: 0.8282
Std Test Accuracy: 0.1569
Std Test AUC: 0.0716

--- Round 186/500 ---
Averaged Train Loss: 1.4245
Averaged Test Accuracy: 0.4711
Averaged Test AUC: 0.8565
Std Test Accuracy: 0.1374
Std Test AUC: 0.0392

--- Round 187/500 ---
Averaged Train Loss: 1.5017
Averaged Test Accuracy: 0.4433
Averaged Test AUC: 0.8490
Std Test Accuracy: 0.1748
Std Test AUC: 0.0513

--- Round 188/500 ---
Averaged Train Loss: 1.6587
Averaged Test Accuracy: 0.3998
Averaged Test AUC: 0.8416
Std Test Accuracy: 0.2274
Std Test AUC: 0.0661

--- Round 189/500 ---
Averaged Train Loss: 1.6388
Averaged Test Accuracy: 0.3893
Averaged Test AUC: 0.8300
Std Test Accuracy: 0.2129
Std Test AUC: 0.0718

--- Round 190/500 ---
Averaged Train Loss: 1.5442
Averaged Test Accuracy: 0.4200
Averaged Test AUC: 0.8451
Std Test Accuracy: 0.1943
Std Test AUC: 0.0621

--- Round 191/500 ---
Averaged Train Loss: 1.5011
Averaged Test Accuracy: 0.4530
Averaged Test AUC: 0.8470
Std Test Accuracy: 0.2060
Std Test AUC: 0.0677

--- Round 192/500 ---
Averaged Train Loss: 1.5384
Averaged Test Accuracy: 0.4329
Averaged Test AUC: 0.8442
Std Test Accuracy: 0.1871
Std Test AUC: 0.0615

--- Round 193/500 ---
Averaged Train Loss: 1.6106
Averaged Test Accuracy: 0.4097
Averaged Test AUC: 0.8360
Std Test Accuracy: 0.1982
Std Test AUC: 0.0668

--- Round 194/500 ---
Averaged Train Loss: 1.4750
Averaged Test Accuracy: 0.4480
Averaged Test AUC: 0.8497
Std Test Accuracy: 0.1521
Std Test AUC: 0.0498

--- Round 195/500 ---
Averaged Train Loss: 1.5991
Averaged Test Accuracy: 0.4090
Averaged Test AUC: 0.8439
Std Test Accuracy: 0.2103
Std Test AUC: 0.0636

--- Round 196/500 ---
Averaged Train Loss: 1.5011
Averaged Test Accuracy: 0.4528
Averaged Test AUC: 0.8470
Std Test Accuracy: 0.2108
Std Test AUC: 0.0709

--- Round 197/500 ---
Averaged Train Loss: 1.5173
Averaged Test Accuracy: 0.4392
Averaged Test AUC: 0.8441
Std Test Accuracy: 0.1729
Std Test AUC: 0.0530

--- Round 198/500 ---
Averaged Train Loss: 1.5005
Averaged Test Accuracy: 0.4518
Averaged Test AUC: 0.8487
Std Test Accuracy: 0.1779
Std Test AUC: 0.0582

--- Round 199/500 ---
Averaged Train Loss: 1.4769
Averaged Test Accuracy: 0.4554
Averaged Test AUC: 0.8502
Std Test Accuracy: 0.1582
Std Test AUC: 0.0477

--- Round 200/500 ---
Averaged Train Loss: 1.5757
Averaged Test Accuracy: 0.4184
Averaged Test AUC: 0.8432
Std Test Accuracy: 0.2127
Std Test AUC: 0.0688

--- Round 201/500 ---
Averaged Train Loss: 1.5368
Averaged Test Accuracy: 0.4335
Averaged Test AUC: 0.8439
Std Test Accuracy: 0.2016
Std Test AUC: 0.0649

--- Round 202/500 ---
Averaged Train Loss: 1.4877
Averaged Test Accuracy: 0.4499
Averaged Test AUC: 0.8510
Std Test Accuracy: 0.1689
Std Test AUC: 0.0433

--- Round 203/500 ---
Averaged Train Loss: 1.5395
Averaged Test Accuracy: 0.4416
Averaged Test AUC: 0.8479
Std Test Accuracy: 0.2194
Std Test AUC: 0.0679

--- Round 204/500 ---
Averaged Train Loss: 1.4241
Averaged Test Accuracy: 0.4680
Averaged Test AUC: 0.8561
Std Test Accuracy: 0.1309
Std Test AUC: 0.0381

--- Round 205/500 ---
Averaged Train Loss: 1.5796
Averaged Test Accuracy: 0.4184
Averaged Test AUC: 0.8362
Std Test Accuracy: 0.1630
Std Test AUC: 0.0688

--- Round 206/500 ---
Averaged Train Loss: 1.4419
Averaged Test Accuracy: 0.4637
Averaged Test AUC: 0.8558
Std Test Accuracy: 0.1809
Std Test AUC: 0.0505

--- Round 207/500 ---
Averaged Train Loss: 1.5378
Averaged Test Accuracy: 0.4280
Averaged Test AUC: 0.8481
Std Test Accuracy: 0.2012
Std Test AUC: 0.0540

--- Round 208/500 ---
Averaged Train Loss: 1.5788
Averaged Test Accuracy: 0.4317
Averaged Test AUC: 0.8427
Std Test Accuracy: 0.2264
Std Test AUC: 0.0713

--- Round 209/500 ---
Averaged Train Loss: 1.5576
Averaged Test Accuracy: 0.4178
Averaged Test AUC: 0.8412
Std Test Accuracy: 0.1808
Std Test AUC: 0.0530

--- Round 210/500 ---
Averaged Train Loss: 1.5152
Averaged Test Accuracy: 0.4362
Averaged Test AUC: 0.8493
Std Test Accuracy: 0.1919
Std Test AUC: 0.0594

--- Round 211/500 ---
Averaged Train Loss: 1.5027
Averaged Test Accuracy: 0.4528
Averaged Test AUC: 0.8485
Std Test Accuracy: 0.2090
Std Test AUC: 0.0696

--- Round 212/500 ---
Averaged Train Loss: 1.5121
Averaged Test Accuracy: 0.4350
Averaged Test AUC: 0.8504
Std Test Accuracy: 0.1956
Std Test AUC: 0.0516

--- Round 213/500 ---
Averaged Train Loss: 1.6080
Averaged Test Accuracy: 0.4227
Averaged Test AUC: 0.8344
Std Test Accuracy: 0.1881
Std Test AUC: 0.0716

--- Round 214/500 ---
Averaged Train Loss: 1.4445
Averaged Test Accuracy: 0.4629
Averaged Test AUC: 0.8540
Std Test Accuracy: 0.1340
Std Test AUC: 0.0418

--- Round 215/500 ---
Averaged Train Loss: 1.4605
Averaged Test Accuracy: 0.4561
Averaged Test AUC: 0.8561
Std Test Accuracy: 0.1896
Std Test AUC: 0.0528

--- Round 216/500 ---
Averaged Train Loss: 1.5808
Averaged Test Accuracy: 0.4306
Averaged Test AUC: 0.8404
Std Test Accuracy: 0.2279
Std Test AUC: 0.0789

--- Round 217/500 ---
Averaged Train Loss: 1.4537
Averaged Test Accuracy: 0.4668
Averaged Test AUC: 0.8501
Std Test Accuracy: 0.1431
Std Test AUC: 0.0470

--- Round 218/500 ---
Averaged Train Loss: 1.5295
Averaged Test Accuracy: 0.4461
Averaged Test AUC: 0.8456
Std Test Accuracy: 0.1772
Std Test AUC: 0.0638

--- Round 219/500 ---
Averaged Train Loss: 1.4734
Averaged Test Accuracy: 0.4598
Averaged Test AUC: 0.8513
Std Test Accuracy: 0.1853
Std Test AUC: 0.0562

--- Round 220/500 ---
Averaged Train Loss: 1.3697
Averaged Test Accuracy: 0.5009
Averaged Test AUC: 0.8615
Std Test Accuracy: 0.1218
Std Test AUC: 0.0382

--- Round 221/500 ---
Averaged Train Loss: 1.5208
Averaged Test Accuracy: 0.4347
Averaged Test AUC: 0.8440
Std Test Accuracy: 0.1902
Std Test AUC: 0.0608

--- Round 222/500 ---
Averaged Train Loss: 1.4259
Averaged Test Accuracy: 0.4713
Averaged Test AUC: 0.8565
Std Test Accuracy: 0.1508
Std Test AUC: 0.0434

--- Round 223/500 ---
Averaged Train Loss: 1.5127
Averaged Test Accuracy: 0.4512
Averaged Test AUC: 0.8525
Std Test Accuracy: 0.2194
Std Test AUC: 0.0627

--- Round 224/500 ---
Averaged Train Loss: 1.6331
Averaged Test Accuracy: 0.4111
Averaged Test AUC: 0.8390
Std Test Accuracy: 0.2177
Std Test AUC: 0.0635

--- Round 225/500 ---
Averaged Train Loss: 1.5772
Averaged Test Accuracy: 0.4255
Averaged Test AUC: 0.8369
Std Test Accuracy: 0.1274
Std Test AUC: 0.0516

--- Round 226/500 ---
Averaged Train Loss: 1.4479
Averaged Test Accuracy: 0.4724
Averaged Test AUC: 0.8555
Std Test Accuracy: 0.1809
Std Test AUC: 0.0515

--- Round 227/500 ---
Averaged Train Loss: 1.4243
Averaged Test Accuracy: 0.4693
Averaged Test AUC: 0.8594
Std Test Accuracy: 0.1810
Std Test AUC: 0.0457

--- Round 228/500 ---
Averaged Train Loss: 1.5587
Averaged Test Accuracy: 0.4368
Averaged Test AUC: 0.8525
Std Test Accuracy: 0.2041
Std Test AUC: 0.0561

--- Round 229/500 ---
Averaged Train Loss: 1.5850
Averaged Test Accuracy: 0.4038
Averaged Test AUC: 0.8391
Std Test Accuracy: 0.2147
Std Test AUC: 0.0627

--- Round 230/500 ---
Averaged Train Loss: 1.5678
Averaged Test Accuracy: 0.4073
Averaged Test AUC: 0.8453
Std Test Accuracy: 0.1751
Std Test AUC: 0.0563

--- Round 231/500 ---
Averaged Train Loss: 1.5964
Averaged Test Accuracy: 0.4402
Averaged Test AUC: 0.8411
Std Test Accuracy: 0.2000
Std Test AUC: 0.0633

--- Round 232/500 ---
Averaged Train Loss: 1.4908
Averaged Test Accuracy: 0.4529
Averaged Test AUC: 0.8532
Std Test Accuracy: 0.2100
Std Test AUC: 0.0586

--- Round 233/500 ---
Averaged Train Loss: 1.4703
Averaged Test Accuracy: 0.4582
Averaged Test AUC: 0.8521
Std Test Accuracy: 0.1651
Std Test AUC: 0.0501

--- Round 234/500 ---
Averaged Train Loss: 1.4728
Averaged Test Accuracy: 0.4499
Averaged Test AUC: 0.8534
Std Test Accuracy: 0.1635
Std Test AUC: 0.0481

--- Round 235/500 ---
Averaged Train Loss: 1.4878
Averaged Test Accuracy: 0.4398
Averaged Test AUC: 0.8530
Std Test Accuracy: 0.1816
Std Test AUC: 0.0499

--- Round 236/500 ---
Averaged Train Loss: 1.5748
Averaged Test Accuracy: 0.4450
Averaged Test AUC: 0.8399
Std Test Accuracy: 0.1956
Std Test AUC: 0.0670

--- Round 237/500 ---
Averaged Train Loss: 1.4726
Averaged Test Accuracy: 0.4586
Averaged Test AUC: 0.8511
Std Test Accuracy: 0.1691
Std Test AUC: 0.0575

--- Round 238/500 ---
Averaged Train Loss: 1.5703
Averaged Test Accuracy: 0.4482
Averaged Test AUC: 0.8503
Std Test Accuracy: 0.1990
Std Test AUC: 0.0634

--- Round 239/500 ---
Averaged Train Loss: 1.4219
Averaged Test Accuracy: 0.4739
Averaged Test AUC: 0.8553
Std Test Accuracy: 0.1287
Std Test AUC: 0.0457

--- Round 240/500 ---
Averaged Train Loss: 1.4382
Averaged Test Accuracy: 0.4693
Averaged Test AUC: 0.8560
Std Test Accuracy: 0.1464
Std Test AUC: 0.0424

--- Round 241/500 ---
Averaged Train Loss: 1.5398
Averaged Test Accuracy: 0.4481
Averaged Test AUC: 0.8389
Std Test Accuracy: 0.1412
Std Test AUC: 0.0643

--- Round 242/500 ---
Averaged Train Loss: 1.4967
Averaged Test Accuracy: 0.4543
Averaged Test AUC: 0.8510
Std Test Accuracy: 0.1991
Std Test AUC: 0.0652

--- Round 243/500 ---
Averaged Train Loss: 1.5131
Averaged Test Accuracy: 0.4496
Averaged Test AUC: 0.8497
Std Test Accuracy: 0.1877
Std Test AUC: 0.0626

--- Round 244/500 ---
Averaged Train Loss: 1.4669
Averaged Test Accuracy: 0.4621
Averaged Test AUC: 0.8522
Std Test Accuracy: 0.1680
Std Test AUC: 0.0540

--- Round 245/500 ---
Averaged Train Loss: 1.4606
Averaged Test Accuracy: 0.4600
Averaged Test AUC: 0.8480
Std Test Accuracy: 0.1270
Std Test AUC: 0.0450

--- Round 246/500 ---
Averaged Train Loss: 1.4292
Averaged Test Accuracy: 0.4834
Averaged Test AUC: 0.8578
Std Test Accuracy: 0.1776
Std Test AUC: 0.0585

--- Round 247/500 ---
Averaged Train Loss: 1.4212
Averaged Test Accuracy: 0.4815
Averaged Test AUC: 0.8585
Std Test Accuracy: 0.1685
Std Test AUC: 0.0488

--- Round 248/500 ---
Averaged Train Loss: 1.5186
Averaged Test Accuracy: 0.4545
Averaged Test AUC: 0.8521
Std Test Accuracy: 0.2225
Std Test AUC: 0.0683

--- Round 249/500 ---
Averaged Train Loss: 1.5427
Averaged Test Accuracy: 0.4390
Averaged Test AUC: 0.8439
Std Test Accuracy: 0.1940
Std Test AUC: 0.0621

--- Round 250/500 ---
Averaged Train Loss: 1.5628
Averaged Test Accuracy: 0.4391
Averaged Test AUC: 0.8342
Std Test Accuracy: 0.1383
Std Test AUC: 0.0678

--- Round 251/500 ---
Averaged Train Loss: 1.5040
Averaged Test Accuracy: 0.4393
Averaged Test AUC: 0.8510
Std Test Accuracy: 0.1999
Std Test AUC: 0.0597

--- Round 252/500 ---
Averaged Train Loss: 1.4980
Averaged Test Accuracy: 0.4582
Averaged Test AUC: 0.8532
Std Test Accuracy: 0.2068
Std Test AUC: 0.0638

--- Round 253/500 ---
Averaged Train Loss: 1.5105
Averaged Test Accuracy: 0.4644
Averaged Test AUC: 0.8508
Std Test Accuracy: 0.1997
Std Test AUC: 0.0682

--- Round 254/500 ---
Averaged Train Loss: 1.5616
Averaged Test Accuracy: 0.4123
Averaged Test AUC: 0.8425
Std Test Accuracy: 0.2083
Std Test AUC: 0.0602

--- Round 255/500 ---
Averaged Train Loss: 1.4701
Averaged Test Accuracy: 0.4548
Averaged Test AUC: 0.8527
Std Test Accuracy: 0.1636
Std Test AUC: 0.0509

--- Round 256/500 ---
Averaged Train Loss: 1.4373
Averaged Test Accuracy: 0.4675
Averaged Test AUC: 0.8585
Std Test Accuracy: 0.1890
Std Test AUC: 0.0546

--- Round 257/500 ---
Averaged Train Loss: 1.5034
Averaged Test Accuracy: 0.4530
Averaged Test AUC: 0.8536
Std Test Accuracy: 0.2147
Std Test AUC: 0.0689

--- Round 258/500 ---
Averaged Train Loss: 1.4515
Averaged Test Accuracy: 0.4717
Averaged Test AUC: 0.8528
Std Test Accuracy: 0.1530
Std Test AUC: 0.0531

--- Round 259/500 ---
Averaged Train Loss: 1.4442
Averaged Test Accuracy: 0.4606
Averaged Test AUC: 0.8543
Std Test Accuracy: 0.1403
Std Test AUC: 0.0452

--- Round 260/500 ---
Averaged Train Loss: 1.5179
Averaged Test Accuracy: 0.4620
Averaged Test AUC: 0.8483
Std Test Accuracy: 0.1832
Std Test AUC: 0.0623

--- Round 261/500 ---
Averaged Train Loss: 1.4212
Averaged Test Accuracy: 0.4830
Averaged Test AUC: 0.8604
Std Test Accuracy: 0.1946
Std Test AUC: 0.0573

--- Round 262/500 ---
Averaged Train Loss: 1.4468
Averaged Test Accuracy: 0.4561
Averaged Test AUC: 0.8568
Std Test Accuracy: 0.1782
Std Test AUC: 0.0484

--- Round 263/500 ---
Averaged Train Loss: 1.4151
Averaged Test Accuracy: 0.4787
Averaged Test AUC: 0.8610
Std Test Accuracy: 0.1598
Std Test AUC: 0.0456

--- Round 264/500 ---
Averaged Train Loss: 1.4012
Averaged Test Accuracy: 0.4892
Averaged Test AUC: 0.8576
Std Test Accuracy: 0.1390
Std Test AUC: 0.0496

--- Round 265/500 ---
Averaged Train Loss: 1.5135
Averaged Test Accuracy: 0.4713
Averaged Test AUC: 0.8434
Std Test Accuracy: 0.1861
Std Test AUC: 0.0767

--- Round 266/500 ---
Averaged Train Loss: 1.4348
Averaged Test Accuracy: 0.4836
Averaged Test AUC: 0.8556
Std Test Accuracy: 0.1682
Std Test AUC: 0.0615

--- Round 267/500 ---
Averaged Train Loss: 1.4022
Averaged Test Accuracy: 0.4902
Averaged Test AUC: 0.8581
Std Test Accuracy: 0.1360
Std Test AUC: 0.0480

--- Round 268/500 ---
Averaged Train Loss: 1.4004
Averaged Test Accuracy: 0.4888
Averaged Test AUC: 0.8625
Std Test Accuracy: 0.1620
Std Test AUC: 0.0484

--- Round 269/500 ---
Averaged Train Loss: 1.4401
Averaged Test Accuracy: 0.4699
Averaged Test AUC: 0.8564
Std Test Accuracy: 0.1710
Std Test AUC: 0.0513

--- Round 270/500 ---
Averaged Train Loss: 1.6950
Averaged Test Accuracy: 0.4123
Averaged Test AUC: 0.8238
Std Test Accuracy: 0.1551
Std Test AUC: 0.0795

--- Round 271/500 ---
Averaged Train Loss: 1.4205
Averaged Test Accuracy: 0.4852
Averaged Test AUC: 0.8614
Std Test Accuracy: 0.1927
Std Test AUC: 0.0586

--- Round 272/500 ---
Averaged Train Loss: 1.4616
Averaged Test Accuracy: 0.4689
Averaged Test AUC: 0.8553
Std Test Accuracy: 0.1932
Std Test AUC: 0.0608

--- Round 273/500 ---
Averaged Train Loss: 1.4483
Averaged Test Accuracy: 0.4718
Averaged Test AUC: 0.8580
Std Test Accuracy: 0.1808
Std Test AUC: 0.0543

--- Round 274/500 ---
Averaged Train Loss: 1.5240
Averaged Test Accuracy: 0.4306
Averaged Test AUC: 0.8447
Std Test Accuracy: 0.1733
Std Test AUC: 0.0548

--- Round 275/500 ---
Averaged Train Loss: 1.5019
Averaged Test Accuracy: 0.4438
Averaged Test AUC: 0.8520
Std Test Accuracy: 0.1666
Std Test AUC: 0.0486

--- Round 276/500 ---
Averaged Train Loss: 1.5055
Averaged Test Accuracy: 0.4725
Averaged Test AUC: 0.8517
Std Test Accuracy: 0.2089
Std Test AUC: 0.0795

--- Round 277/500 ---
Averaged Train Loss: 1.4594
Averaged Test Accuracy: 0.4707
Averaged Test AUC: 0.8541
Std Test Accuracy: 0.2019
Std Test AUC: 0.0706

--- Round 278/500 ---
Averaged Train Loss: 1.4470
Averaged Test Accuracy: 0.4725
Averaged Test AUC: 0.8537
Std Test Accuracy: 0.1336
Std Test AUC: 0.0462

--- Round 279/500 ---
Averaged Train Loss: 1.4304
Averaged Test Accuracy: 0.4670
Averaged Test AUC: 0.8552
Std Test Accuracy: 0.1424
Std Test AUC: 0.0486

--- Round 280/500 ---
Averaged Train Loss: 1.4795
Averaged Test Accuracy: 0.4692
Averaged Test AUC: 0.8528
Std Test Accuracy: 0.1735
Std Test AUC: 0.0503

--- Round 281/500 ---
Averaged Train Loss: 1.5081
Averaged Test Accuracy: 0.4600
Averaged Test AUC: 0.8528
Std Test Accuracy: 0.2235
Std Test AUC: 0.0760

--- Round 282/500 ---
Averaged Train Loss: 1.4259
Averaged Test Accuracy: 0.4652
Averaged Test AUC: 0.8576
Std Test Accuracy: 0.1696
Std Test AUC: 0.0546

--- Round 283/500 ---
Averaged Train Loss: 1.4572
Averaged Test Accuracy: 0.4629
Averaged Test AUC: 0.8572
Std Test Accuracy: 0.1713
Std Test AUC: 0.0532

--- Round 284/500 ---
Averaged Train Loss: 1.4236
Averaged Test Accuracy: 0.4792
Averaged Test AUC: 0.8572
Std Test Accuracy: 0.1564
Std Test AUC: 0.0496

--- Round 285/500 ---
Averaged Train Loss: 1.4450
Averaged Test Accuracy: 0.4819
Averaged Test AUC: 0.8539
Std Test Accuracy: 0.1761
Std Test AUC: 0.0597

--- Round 286/500 ---
Averaged Train Loss: 1.4582
Averaged Test Accuracy: 0.4712
Averaged Test AUC: 0.8519
Std Test Accuracy: 0.1777
Std Test AUC: 0.0673

--- Round 287/500 ---
Averaged Train Loss: 1.3468
Averaged Test Accuracy: 0.5044
Averaged Test AUC: 0.8667
Std Test Accuracy: 0.1268
Std Test AUC: 0.0425

--- Round 288/500 ---
Averaged Train Loss: 1.4660
Averaged Test Accuracy: 0.4713
Averaged Test AUC: 0.8542
Std Test Accuracy: 0.1853
Std Test AUC: 0.0618

--- Round 289/500 ---
Averaged Train Loss: 1.4111
Averaged Test Accuracy: 0.4886
Averaged Test AUC: 0.8592
Std Test Accuracy: 0.1610
Std Test AUC: 0.0510

--- Round 290/500 ---
Averaged Train Loss: 1.6295
Averaged Test Accuracy: 0.4238
Averaged Test AUC: 0.8300
Std Test Accuracy: 0.1608
Std Test AUC: 0.0737

--- Round 291/500 ---
Averaged Train Loss: 1.4053
Averaged Test Accuracy: 0.4870
Averaged Test AUC: 0.8615
Std Test Accuracy: 0.1971
Std Test AUC: 0.0599

--- Round 292/500 ---
Averaged Train Loss: 1.4346
Averaged Test Accuracy: 0.4719
Averaged Test AUC: 0.8602
Std Test Accuracy: 0.1812
Std Test AUC: 0.0568

--- Round 293/500 ---
Averaged Train Loss: 1.5076
Averaged Test Accuracy: 0.4581
Averaged Test AUC: 0.8515
Std Test Accuracy: 0.2177
Std Test AUC: 0.0732

--- Round 294/500 ---
Averaged Train Loss: 1.4797
Averaged Test Accuracy: 0.4488
Averaged Test AUC: 0.8496
Std Test Accuracy: 0.1619
Std Test AUC: 0.0513

--- Round 295/500 ---
Averaged Train Loss: 1.4821
Averaged Test Accuracy: 0.4663
Averaged Test AUC: 0.8508
Std Test Accuracy: 0.1488
Std Test AUC: 0.0503

--- Round 296/500 ---
Averaged Train Loss: 1.4391
Averaged Test Accuracy: 0.4838
Averaged Test AUC: 0.8599
Std Test Accuracy: 0.2065
Std Test AUC: 0.0663

--- Round 297/500 ---
Averaged Train Loss: 1.3826
Averaged Test Accuracy: 0.4935
Averaged Test AUC: 0.8643
Std Test Accuracy: 0.1760
Std Test AUC: 0.0544

--- Round 298/500 ---
Averaged Train Loss: 1.3919
Averaged Test Accuracy: 0.4878
Averaged Test AUC: 0.8614
Std Test Accuracy: 0.1415
Std Test AUC: 0.0455

--- Round 299/500 ---
Averaged Train Loss: 1.5211
Averaged Test Accuracy: 0.4303
Averaged Test AUC: 0.8516
Std Test Accuracy: 0.1653
Std Test AUC: 0.0498

--- Round 300/500 ---
Averaged Train Loss: 1.5759
Averaged Test Accuracy: 0.4379
Averaged Test AUC: 0.8475
Std Test Accuracy: 0.1997
Std Test AUC: 0.0586

--- Round 301/500 ---
Averaged Train Loss: 1.4690
Averaged Test Accuracy: 0.4711
Averaged Test AUC: 0.8558
Std Test Accuracy: 0.2158
Std Test AUC: 0.0749

--- Round 302/500 ---
Averaged Train Loss: 1.4653
Averaged Test Accuracy: 0.4499
Averaged Test AUC: 0.8561
Std Test Accuracy: 0.1895
Std Test AUC: 0.0561

--- Round 303/500 ---
Averaged Train Loss: 1.5556
Averaged Test Accuracy: 0.4382
Averaged Test AUC: 0.8475
Std Test Accuracy: 0.1725
Std Test AUC: 0.0703

--- Round 304/500 ---
Averaged Train Loss: 1.3542
Averaged Test Accuracy: 0.5011
Averaged Test AUC: 0.8654
Std Test Accuracy: 0.1654
Std Test AUC: 0.0448

--- Round 305/500 ---
Averaged Train Loss: 1.4766
Averaged Test Accuracy: 0.4675
Averaged Test AUC: 0.8554
Std Test Accuracy: 0.1862
Std Test AUC: 0.0641

--- Round 306/500 ---
Averaged Train Loss: 1.4493
Averaged Test Accuracy: 0.4772
Averaged Test AUC: 0.8527
Std Test Accuracy: 0.1749
Std Test AUC: 0.0648

--- Round 307/500 ---
Averaged Train Loss: 1.3673
Averaged Test Accuracy: 0.4953
Averaged Test AUC: 0.8674
Std Test Accuracy: 0.1442
Std Test AUC: 0.0434

--- Round 308/500 ---
Averaged Train Loss: 1.4927
Averaged Test Accuracy: 0.4653
Averaged Test AUC: 0.8516
Std Test Accuracy: 0.1908
Std Test AUC: 0.0721

--- Round 309/500 ---
Averaged Train Loss: 1.4347
Averaged Test Accuracy: 0.4798
Averaged Test AUC: 0.8591
Std Test Accuracy: 0.1996
Std Test AUC: 0.0585

--- Round 310/500 ---
Averaged Train Loss: 1.5861
Averaged Test Accuracy: 0.4256
Averaged Test AUC: 0.8411
Std Test Accuracy: 0.1674
Std Test AUC: 0.0580

--- Round 311/500 ---
Averaged Train Loss: 1.3940
Averaged Test Accuracy: 0.4912
Averaged Test AUC: 0.8618
Std Test Accuracy: 0.1931
Std Test AUC: 0.0552

--- Round 312/500 ---
Averaged Train Loss: 1.3968
Averaged Test Accuracy: 0.4880
Averaged Test AUC: 0.8647
Std Test Accuracy: 0.1761
Std Test AUC: 0.0515

--- Round 313/500 ---
Averaged Train Loss: 1.4176
Averaged Test Accuracy: 0.4739
Averaged Test AUC: 0.8597
Std Test Accuracy: 0.1777
Std Test AUC: 0.0552

--- Round 314/500 ---
Averaged Train Loss: 1.4968
Averaged Test Accuracy: 0.4390
Averaged Test AUC: 0.8500
Std Test Accuracy: 0.2006
Std Test AUC: 0.0592

--- Round 315/500 ---
Averaged Train Loss: 1.4987
Averaged Test Accuracy: 0.4619
Averaged Test AUC: 0.8540
Std Test Accuracy: 0.1727
Std Test AUC: 0.0533

--- Round 316/500 ---
Averaged Train Loss: 1.5832
Averaged Test Accuracy: 0.4413
Averaged Test AUC: 0.8454
Std Test Accuracy: 0.2421
Std Test AUC: 0.0832

--- Round 317/500 ---
Averaged Train Loss: 1.4150
Averaged Test Accuracy: 0.4806
Averaged Test AUC: 0.8626
Std Test Accuracy: 0.1898
Std Test AUC: 0.0568

--- Round 318/500 ---
Averaged Train Loss: 1.4294
Averaged Test Accuracy: 0.4592
Averaged Test AUC: 0.8572
Std Test Accuracy: 0.1359
Std Test AUC: 0.0396

--- Round 319/500 ---
Averaged Train Loss: 1.3376
Averaged Test Accuracy: 0.5043
Averaged Test AUC: 0.8687
Std Test Accuracy: 0.1295
Std Test AUC: 0.0347

--- Round 320/500 ---
Averaged Train Loss: 1.4628
Averaged Test Accuracy: 0.4812
Averaged Test AUC: 0.8574
Std Test Accuracy: 0.1778
Std Test AUC: 0.0564

--- Round 321/500 ---
Averaged Train Loss: 1.5324
Averaged Test Accuracy: 0.4578
Averaged Test AUC: 0.8467
Std Test Accuracy: 0.2385
Std Test AUC: 0.0822

--- Round 322/500 ---
Averaged Train Loss: 1.4019
Averaged Test Accuracy: 0.4826
Averaged Test AUC: 0.8603
Std Test Accuracy: 0.1523
Std Test AUC: 0.0464

--- Round 323/500 ---
Averaged Train Loss: 1.5478
Averaged Test Accuracy: 0.4278
Averaged Test AUC: 0.8514
Std Test Accuracy: 0.1662
Std Test AUC: 0.0555

--- Round 324/500 ---
Averaged Train Loss: 1.5854
Averaged Test Accuracy: 0.4307
Averaged Test AUC: 0.8518
Std Test Accuracy: 0.2230
Std Test AUC: 0.0648

--- Round 325/500 ---
Averaged Train Loss: 1.4429
Averaged Test Accuracy: 0.4820
Averaged Test AUC: 0.8562
Std Test Accuracy: 0.1719
Std Test AUC: 0.0625

--- Round 326/500 ---
Averaged Train Loss: 1.4925
Averaged Test Accuracy: 0.4502
Averaged Test AUC: 0.8505
Std Test Accuracy: 0.1907
Std Test AUC: 0.0655

--- Round 327/500 ---
Averaged Train Loss: 1.3308
Averaged Test Accuracy: 0.5065
Averaged Test AUC: 0.8692
Std Test Accuracy: 0.1261
Std Test AUC: 0.0345

--- Round 328/500 ---
Averaged Train Loss: 1.3665
Averaged Test Accuracy: 0.4982
Averaged Test AUC: 0.8633
Std Test Accuracy: 0.1525
Std Test AUC: 0.0479

--- Round 329/500 ---
Averaged Train Loss: 1.4474
Averaged Test Accuracy: 0.4702
Averaged Test AUC: 0.8590
Std Test Accuracy: 0.2037
Std Test AUC: 0.0622

--- Round 330/500 ---
Averaged Train Loss: 1.4930
Averaged Test Accuracy: 0.4568
Averaged Test AUC: 0.8480
Std Test Accuracy: 0.1647
Std Test AUC: 0.0569

--- Round 331/500 ---
Averaged Train Loss: 1.3559
Averaged Test Accuracy: 0.5035
Averaged Test AUC: 0.8640
Std Test Accuracy: 0.1688
Std Test AUC: 0.0526

--- Round 332/500 ---
Averaged Train Loss: 1.3606
Averaged Test Accuracy: 0.5024
Averaged Test AUC: 0.8667
Std Test Accuracy: 0.1655
Std Test AUC: 0.0469

--- Round 333/500 ---
Averaged Train Loss: 1.4156
Averaged Test Accuracy: 0.4846
Averaged Test AUC: 0.8581
Std Test Accuracy: 0.1684
Std Test AUC: 0.0595

--- Round 334/500 ---
Averaged Train Loss: 1.4231
Averaged Test Accuracy: 0.4793
Averaged Test AUC: 0.8630
Std Test Accuracy: 0.1984
Std Test AUC: 0.0565

--- Round 335/500 ---
Averaged Train Loss: 1.4725
Averaged Test Accuracy: 0.4644
Averaged Test AUC: 0.8527
Std Test Accuracy: 0.1507
Std Test AUC: 0.0524

--- Round 336/500 ---
Averaged Train Loss: 1.5268
Averaged Test Accuracy: 0.4527
Averaged Test AUC: 0.8467
Std Test Accuracy: 0.2142
Std Test AUC: 0.0719

--- Round 337/500 ---
Averaged Train Loss: 1.4324
Averaged Test Accuracy: 0.4800
Averaged Test AUC: 0.8601
Std Test Accuracy: 0.1863
Std Test AUC: 0.0585

--- Round 338/500 ---
Averaged Train Loss: 1.4144
Averaged Test Accuracy: 0.4884
Averaged Test AUC: 0.8577
Std Test Accuracy: 0.1665
Std Test AUC: 0.0611

--- Round 339/500 ---
Averaged Train Loss: 1.5106
Averaged Test Accuracy: 0.4369
Averaged Test AUC: 0.8557
Std Test Accuracy: 0.2084
Std Test AUC: 0.0568

--- Round 340/500 ---
Averaged Train Loss: 1.4662
Averaged Test Accuracy: 0.4548
Averaged Test AUC: 0.8566
Std Test Accuracy: 0.1720
Std Test AUC: 0.0505

--- Round 341/500 ---
Averaged Train Loss: 1.4413
Averaged Test Accuracy: 0.4790
Averaged Test AUC: 0.8558
Std Test Accuracy: 0.2208
Std Test AUC: 0.0722

--- Round 342/500 ---
Averaged Train Loss: 1.3608
Averaged Test Accuracy: 0.4995
Averaged Test AUC: 0.8668
Std Test Accuracy: 0.1621
Std Test AUC: 0.0521

--- Round 343/500 ---
Averaged Train Loss: 1.4187
Averaged Test Accuracy: 0.4680
Averaged Test AUC: 0.8575
Std Test Accuracy: 0.1382
Std Test AUC: 0.0376

--- Round 344/500 ---
Averaged Train Loss: 1.4010
Averaged Test Accuracy: 0.4910
Averaged Test AUC: 0.8611
Std Test Accuracy: 0.1596
Std Test AUC: 0.0543

--- Round 345/500 ---
Averaged Train Loss: 1.3631
Averaged Test Accuracy: 0.5037
Averaged Test AUC: 0.8672
Std Test Accuracy: 0.1739
Std Test AUC: 0.0460

--- Round 346/500 ---
Averaged Train Loss: 1.4941
Averaged Test Accuracy: 0.4715
Averaged Test AUC: 0.8513
Std Test Accuracy: 0.2251
Std Test AUC: 0.0778

--- Round 347/500 ---
Averaged Train Loss: 1.5250
Averaged Test Accuracy: 0.4350
Averaged Test AUC: 0.8488
Std Test Accuracy: 0.2067
Std Test AUC: 0.0654

--- Round 348/500 ---
Averaged Train Loss: 1.5046
Averaged Test Accuracy: 0.4480
Averaged Test AUC: 0.8525
Std Test Accuracy: 0.1544
Std Test AUC: 0.0536

--- Round 349/500 ---
Averaged Train Loss: 1.4340
Averaged Test Accuracy: 0.4705
Averaged Test AUC: 0.8598
Std Test Accuracy: 0.1736
Std Test AUC: 0.0578

--- Round 350/500 ---
Averaged Train Loss: 1.3762
Averaged Test Accuracy: 0.4942
Averaged Test AUC: 0.8656
Std Test Accuracy: 0.1841
Std Test AUC: 0.0513

--- Round 351/500 ---
Averaged Train Loss: 1.4074
Averaged Test Accuracy: 0.4912
Averaged Test AUC: 0.8592
Std Test Accuracy: 0.1696
Std Test AUC: 0.0549

--- Round 352/500 ---
Averaged Train Loss: 1.3151
Averaged Test Accuracy: 0.5132
Averaged Test AUC: 0.8712
Std Test Accuracy: 0.1362
Std Test AUC: 0.0385

--- Round 353/500 ---
Averaged Train Loss: 1.4796
Averaged Test Accuracy: 0.4689
Averaged Test AUC: 0.8506
Std Test Accuracy: 0.1750
Std Test AUC: 0.0555

--- Round 354/500 ---
Averaged Train Loss: 1.4581
Averaged Test Accuracy: 0.4747
Averaged Test AUC: 0.8584
Std Test Accuracy: 0.2061
Std Test AUC: 0.0684

--- Round 355/500 ---
Averaged Train Loss: 1.4619
Averaged Test Accuracy: 0.4647
Averaged Test AUC: 0.8515
Std Test Accuracy: 0.1492
Std Test AUC: 0.0501

--- Round 356/500 ---
Averaged Train Loss: 1.3739
Averaged Test Accuracy: 0.5003
Averaged Test AUC: 0.8615
Std Test Accuracy: 0.1756
Std Test AUC: 0.0593

--- Round 357/500 ---
Averaged Train Loss: 1.4020
Averaged Test Accuracy: 0.4762
Averaged Test AUC: 0.8627
Std Test Accuracy: 0.1970
Std Test AUC: 0.0504

--- Round 358/500 ---
Averaged Train Loss: 1.4300
Averaged Test Accuracy: 0.4870
Averaged Test AUC: 0.8572
Std Test Accuracy: 0.1686
Std Test AUC: 0.0596

--- Round 359/500 ---
Averaged Train Loss: 1.5535
Averaged Test Accuracy: 0.4260
Averaged Test AUC: 0.8528
Std Test Accuracy: 0.2026
Std Test AUC: 0.0631

--- Round 360/500 ---
Averaged Train Loss: 1.4078
Averaged Test Accuracy: 0.4659
Averaged Test AUC: 0.8630
Std Test Accuracy: 0.1593
Std Test AUC: 0.0405

--- Round 361/500 ---
Averaged Train Loss: 1.4841
Averaged Test Accuracy: 0.4780
Averaged Test AUC: 0.8565
Std Test Accuracy: 0.2022
Std Test AUC: 0.0693

--- Round 362/500 ---
Averaged Train Loss: 1.4734
Averaged Test Accuracy: 0.4679
Averaged Test AUC: 0.8536
Std Test Accuracy: 0.1994
Std Test AUC: 0.0689

--- Round 363/500 ---
Averaged Train Loss: 1.3650
Averaged Test Accuracy: 0.4885
Averaged Test AUC: 0.8633
Std Test Accuracy: 0.1187
Std Test AUC: 0.0291

--- Round 364/500 ---
Averaged Train Loss: 1.4150
Averaged Test Accuracy: 0.4865
Averaged Test AUC: 0.8603
Std Test Accuracy: 0.1774
Std Test AUC: 0.0578

--- Round 365/500 ---
Averaged Train Loss: 1.3478
Averaged Test Accuracy: 0.5022
Averaged Test AUC: 0.8648
Std Test Accuracy: 0.1532
Std Test AUC: 0.0441

--- Round 366/500 ---
Averaged Train Loss: 1.4766
Averaged Test Accuracy: 0.4774
Averaged Test AUC: 0.8549
Std Test Accuracy: 0.2307
Std Test AUC: 0.0784

--- Round 367/500 ---
Averaged Train Loss: 1.5231
Averaged Test Accuracy: 0.4476
Averaged Test AUC: 0.8442
Std Test Accuracy: 0.1877
Std Test AUC: 0.0751

--- Round 368/500 ---
Averaged Train Loss: 1.4342
Averaged Test Accuracy: 0.4599
Averaged Test AUC: 0.8593
Std Test Accuracy: 0.1538
Std Test AUC: 0.0503

--- Round 369/500 ---
Averaged Train Loss: 1.4058
Averaged Test Accuracy: 0.4862
Averaged Test AUC: 0.8622
Std Test Accuracy: 0.1910
Std Test AUC: 0.0621

--- Round 370/500 ---
Averaged Train Loss: 1.3601
Averaged Test Accuracy: 0.4968
Averaged Test AUC: 0.8640
Std Test Accuracy: 0.1519
Std Test AUC: 0.0453

--- Round 371/500 ---
Averaged Train Loss: 1.3900
Averaged Test Accuracy: 0.4959
Averaged Test AUC: 0.8634
Std Test Accuracy: 0.1838
Std Test AUC: 0.0564

--- Round 372/500 ---
Averaged Train Loss: 1.3420
Averaged Test Accuracy: 0.5061
Averaged Test AUC: 0.8671
Std Test Accuracy: 0.1508
Std Test AUC: 0.0482

--- Round 373/500 ---
Averaged Train Loss: 1.3010
Averaged Test Accuracy: 0.5179
Averaged Test AUC: 0.8717
Std Test Accuracy: 0.1303
Std Test AUC: 0.0384

--- Round 374/500 ---
Averaged Train Loss: 1.4097
Averaged Test Accuracy: 0.4863
Averaged Test AUC: 0.8621
Std Test Accuracy: 0.1948
Std Test AUC: 0.0634

--- Round 375/500 ---
Averaged Train Loss: 1.4075
Averaged Test Accuracy: 0.4796
Averaged Test AUC: 0.8589
Std Test Accuracy: 0.1391
Std Test AUC: 0.0452

--- Round 376/500 ---
Averaged Train Loss: 1.3605
Averaged Test Accuracy: 0.5059
Averaged Test AUC: 0.8684
Std Test Accuracy: 0.1995
Std Test AUC: 0.0552

--- Round 377/500 ---
Averaged Train Loss: 1.4776
Averaged Test Accuracy: 0.4697
Averaged Test AUC: 0.8546
Std Test Accuracy: 0.1959
Std Test AUC: 0.0687

--- Round 378/500 ---
Averaged Train Loss: 1.3265
Averaged Test Accuracy: 0.5072
Averaged Test AUC: 0.8715
Std Test Accuracy: 0.1666
Std Test AUC: 0.0397

--- Round 379/500 ---
Averaged Train Loss: 1.4320
Averaged Test Accuracy: 0.4653
Averaged Test AUC: 0.8604
Std Test Accuracy: 0.1709
Std Test AUC: 0.0491

--- Round 380/500 ---
Averaged Train Loss: 1.3126
Averaged Test Accuracy: 0.5090
Averaged Test AUC: 0.8700
Std Test Accuracy: 0.1195
Std Test AUC: 0.0342

--- Round 381/500 ---
Averaged Train Loss: 1.3611
Averaged Test Accuracy: 0.4999
Averaged Test AUC: 0.8688
Std Test Accuracy: 0.2088
Std Test AUC: 0.0549

--- Round 382/500 ---
Averaged Train Loss: 1.5112
Averaged Test Accuracy: 0.4687
Averaged Test AUC: 0.8525
Std Test Accuracy: 0.2076
Std Test AUC: 0.0711

--- Round 383/500 ---
Averaged Train Loss: 1.4450
Averaged Test Accuracy: 0.4665
Averaged Test AUC: 0.8567
Std Test Accuracy: 0.1515
Std Test AUC: 0.0529

--- Round 384/500 ---
Averaged Train Loss: 1.4620
Averaged Test Accuracy: 0.4675
Averaged Test AUC: 0.8591
Std Test Accuracy: 0.1664
Std Test AUC: 0.0525

--- Round 385/500 ---
Averaged Train Loss: 1.4197
Averaged Test Accuracy: 0.4723
Averaged Test AUC: 0.8611
Std Test Accuracy: 0.1910
Std Test AUC: 0.0537

--- Round 386/500 ---
Averaged Train Loss: 1.4956
Averaged Test Accuracy: 0.4716
Averaged Test AUC: 0.8581
Std Test Accuracy: 0.2268
Std Test AUC: 0.0701

--- Round 387/500 ---
Averaged Train Loss: 1.4507
Averaged Test Accuracy: 0.4748
Averaged Test AUC: 0.8554
Std Test Accuracy: 0.1959
Std Test AUC: 0.0683

--- Round 388/500 ---
Averaged Train Loss: 1.4531
Averaged Test Accuracy: 0.4572
Averaged Test AUC: 0.8608
Std Test Accuracy: 0.1773
Std Test AUC: 0.0539

--- Round 389/500 ---
Averaged Train Loss: 1.4954
Averaged Test Accuracy: 0.4576
Averaged Test AUC: 0.8588
Std Test Accuracy: 0.2111
Std Test AUC: 0.0573

--- Round 390/500 ---
Averaged Train Loss: 1.3893
Averaged Test Accuracy: 0.4947
Averaged Test AUC: 0.8630
Std Test Accuracy: 0.1890
Std Test AUC: 0.0605

--- Round 391/500 ---
Averaged Train Loss: 1.4476
Averaged Test Accuracy: 0.4798
Averaged Test AUC: 0.8553
Std Test Accuracy: 0.1802
Std Test AUC: 0.0599

--- Round 392/500 ---
Averaged Train Loss: 1.4037
Averaged Test Accuracy: 0.4963
Averaged Test AUC: 0.8625
Std Test Accuracy: 0.1893
Std Test AUC: 0.0632

--- Round 393/500 ---
Averaged Train Loss: 1.3238
Averaged Test Accuracy: 0.5088
Averaged Test AUC: 0.8706
Std Test Accuracy: 0.1364
Std Test AUC: 0.0370

--- Round 394/500 ---
Averaged Train Loss: 1.4836
Averaged Test Accuracy: 0.4631
Averaged Test AUC: 0.8573
Std Test Accuracy: 0.2013
Std Test AUC: 0.0566

--- Round 395/500 ---
Averaged Train Loss: 1.3646
Averaged Test Accuracy: 0.4938
Averaged Test AUC: 0.8633
Std Test Accuracy: 0.1600
Std Test AUC: 0.0516

--- Round 396/500 ---
Averaged Train Loss: 1.4737
Averaged Test Accuracy: 0.4751
Averaged Test AUC: 0.8598
Std Test Accuracy: 0.2027
Std Test AUC: 0.0567

--- Round 397/500 ---
Averaged Train Loss: 1.3279
Averaged Test Accuracy: 0.5102
Averaged Test AUC: 0.8702
Std Test Accuracy: 0.1769
Std Test AUC: 0.0535

--- Round 398/500 ---
Averaged Train Loss: 1.3080
Averaged Test Accuracy: 0.5135
Averaged Test AUC: 0.8724
Std Test Accuracy: 0.1520
Std Test AUC: 0.0361

--- Round 399/500 ---
Averaged Train Loss: 1.4764
Averaged Test Accuracy: 0.4624
Averaged Test AUC: 0.8562
Std Test Accuracy: 0.1730
Std Test AUC: 0.0533

--- Round 400/500 ---
Averaged Train Loss: 1.4562
Averaged Test Accuracy: 0.4764
Averaged Test AUC: 0.8576
Std Test Accuracy: 0.1857
Std Test AUC: 0.0593

--- Round 401/500 ---
Averaged Train Loss: 1.3818
Averaged Test Accuracy: 0.4995
Averaged Test AUC: 0.8648
Std Test Accuracy: 0.1974
Std Test AUC: 0.0608

--- Round 402/500 ---
Averaged Train Loss: 1.3966
Averaged Test Accuracy: 0.4894
Averaged Test AUC: 0.8662
Std Test Accuracy: 0.1961
Std Test AUC: 0.0590

--- Round 403/500 ---
Averaged Train Loss: 1.4568
Averaged Test Accuracy: 0.4681
Averaged Test AUC: 0.8541
Std Test Accuracy: 0.1348
Std Test AUC: 0.0469

--- Round 404/500 ---
Averaged Train Loss: 1.3856
Averaged Test Accuracy: 0.4946
Averaged Test AUC: 0.8681
Std Test Accuracy: 0.1637
Std Test AUC: 0.0423

--- Round 405/500 ---
Averaged Train Loss: 1.2781
Averaged Test Accuracy: 0.5236
Averaged Test AUC: 0.8745
Std Test Accuracy: 0.1282
Std Test AUC: 0.0376

--- Round 406/500 ---
Averaged Train Loss: 1.4006
Averaged Test Accuracy: 0.4963
Averaged Test AUC: 0.8662
Std Test Accuracy: 0.2123
Std Test AUC: 0.0631

--- Round 407/500 ---
Averaged Train Loss: 1.4914
Averaged Test Accuracy: 0.4518
Averaged Test AUC: 0.8535
Std Test Accuracy: 0.2071
Std Test AUC: 0.0634

--- Round 408/500 ---
Averaged Train Loss: 1.3656
Averaged Test Accuracy: 0.4885
Averaged Test AUC: 0.8686
Std Test Accuracy: 0.1799
Std Test AUC: 0.0441

--- Round 409/500 ---
Averaged Train Loss: 1.3469
Averaged Test Accuracy: 0.5017
Averaged Test AUC: 0.8692
Std Test Accuracy: 0.1474
Std Test AUC: 0.0408

--- Round 410/500 ---
Averaged Train Loss: 1.3855
Averaged Test Accuracy: 0.4932
Averaged Test AUC: 0.8660
Std Test Accuracy: 0.1990
Std Test AUC: 0.0550

--- Round 411/500 ---
Averaged Train Loss: 1.3893
Averaged Test Accuracy: 0.4979
Averaged Test AUC: 0.8616
Std Test Accuracy: 0.1720
Std Test AUC: 0.0584

--- Round 412/500 ---
Averaged Train Loss: 1.3340
Averaged Test Accuracy: 0.5065
Averaged Test AUC: 0.8671
Std Test Accuracy: 0.1518
Std Test AUC: 0.0462

--- Round 413/500 ---
Averaged Train Loss: 1.3758
Averaged Test Accuracy: 0.4834
Averaged Test AUC: 0.8670
Std Test Accuracy: 0.1846
Std Test AUC: 0.0492

--- Round 414/500 ---
Averaged Train Loss: 1.4549
Averaged Test Accuracy: 0.4732
Averaged Test AUC: 0.8657
Std Test Accuracy: 0.1641
Std Test AUC: 0.0435

--- Round 415/500 ---
Averaged Train Loss: 1.3685
Averaged Test Accuracy: 0.4904
Averaged Test AUC: 0.8642
Std Test Accuracy: 0.1649
Std Test AUC: 0.0473

--- Round 416/500 ---
Averaged Train Loss: 1.4413
Averaged Test Accuracy: 0.4814
Averaged Test AUC: 0.8614
Std Test Accuracy: 0.2125
Std Test AUC: 0.0663

--- Round 417/500 ---
Averaged Train Loss: 1.3687
Averaged Test Accuracy: 0.4840
Averaged Test AUC: 0.8657
Std Test Accuracy: 0.1528
Std Test AUC: 0.0430

--- Round 418/500 ---
Averaged Train Loss: 1.3107
Averaged Test Accuracy: 0.5160
Averaged Test AUC: 0.8717
Std Test Accuracy: 0.1758
Std Test AUC: 0.0466

--- Round 419/500 ---
Averaged Train Loss: 1.4150
Averaged Test Accuracy: 0.4790
Averaged Test AUC: 0.8650
Std Test Accuracy: 0.1627
Std Test AUC: 0.0407

--- Round 420/500 ---
Averaged Train Loss: 1.3481
Averaged Test Accuracy: 0.5069
Averaged Test AUC: 0.8679
Std Test Accuracy: 0.1815
Std Test AUC: 0.0544

--- Round 421/500 ---
Averaged Train Loss: 1.4152
Averaged Test Accuracy: 0.4932
Averaged Test AUC: 0.8629
Std Test Accuracy: 0.1998
Std Test AUC: 0.0587

--- Round 422/500 ---
Averaged Train Loss: 1.3820
Averaged Test Accuracy: 0.4762
Averaged Test AUC: 0.8640
Std Test Accuracy: 0.1530
Std Test AUC: 0.0482

--- Round 423/500 ---
Averaged Train Loss: 1.3848
Averaged Test Accuracy: 0.4851
Averaged Test AUC: 0.8646
Std Test Accuracy: 0.1837
Std Test AUC: 0.0501

--- Round 424/500 ---
Averaged Train Loss: 1.4066
Averaged Test Accuracy: 0.4826
Averaged Test AUC: 0.8672
Std Test Accuracy: 0.1919
Std Test AUC: 0.0489

--- Round 425/500 ---
Averaged Train Loss: 1.3891
Averaged Test Accuracy: 0.4957
Averaged Test AUC: 0.8633
Std Test Accuracy: 0.1923
Std Test AUC: 0.0528

--- Round 426/500 ---
Averaged Train Loss: 1.3402
Averaged Test Accuracy: 0.5108
Averaged Test AUC: 0.8699
Std Test Accuracy: 0.1953
Std Test AUC: 0.0595

--- Round 427/500 ---
Averaged Train Loss: 1.4847
Averaged Test Accuracy: 0.4666
Averaged Test AUC: 0.8501
Std Test Accuracy: 0.1544
Std Test AUC: 0.0646

--- Round 428/500 ---
Averaged Train Loss: 1.4210
Averaged Test Accuracy: 0.4840
Averaged Test AUC: 0.8643
Std Test Accuracy: 0.2010
Std Test AUC: 0.0530

--- Round 429/500 ---
Averaged Train Loss: 1.4124
Averaged Test Accuracy: 0.4788
Averaged Test AUC: 0.8636
Std Test Accuracy: 0.1799
Std Test AUC: 0.0479

--- Round 430/500 ---
Averaged Train Loss: 1.2699
Averaged Test Accuracy: 0.5295
Averaged Test AUC: 0.8755
Std Test Accuracy: 0.1354
Std Test AUC: 0.0366

--- Round 431/500 ---
Averaged Train Loss: 1.3517
Averaged Test Accuracy: 0.5034
Averaged Test AUC: 0.8656
Std Test Accuracy: 0.1641
Std Test AUC: 0.0567

--- Round 432/500 ---
Averaged Train Loss: 1.3947
Averaged Test Accuracy: 0.4840
Averaged Test AUC: 0.8634
Std Test Accuracy: 0.2013
Std Test AUC: 0.0626

--- Round 433/500 ---
Averaged Train Loss: 1.4837
Averaged Test Accuracy: 0.4600
Averaged Test AUC: 0.8605
Std Test Accuracy: 0.2108
Std Test AUC: 0.0512

--- Round 434/500 ---
Averaged Train Loss: 1.4259
Averaged Test Accuracy: 0.4751
Averaged Test AUC: 0.8615
Std Test Accuracy: 0.1793
Std Test AUC: 0.0541

--- Round 435/500 ---
Averaged Train Loss: 1.4050
Averaged Test Accuracy: 0.4725
Averaged Test AUC: 0.8614
Std Test Accuracy: 0.1869
Std Test AUC: 0.0528

--- Round 436/500 ---
Averaged Train Loss: 1.3990
Averaged Test Accuracy: 0.4957
Averaged Test AUC: 0.8622
Std Test Accuracy: 0.1941
Std Test AUC: 0.0693

--- Round 437/500 ---
Averaged Train Loss: 1.3810
Averaged Test Accuracy: 0.4920
Averaged Test AUC: 0.8655
Std Test Accuracy: 0.2009
Std Test AUC: 0.0605

--- Round 438/500 ---
Averaged Train Loss: 1.5437
Averaged Test Accuracy: 0.4374
Averaged Test AUC: 0.8603
Std Test Accuracy: 0.2225
Std Test AUC: 0.0525

--- Round 439/500 ---
Averaged Train Loss: 1.4342
Averaged Test Accuracy: 0.4645
Averaged Test AUC: 0.8594
Std Test Accuracy: 0.1506
Std Test AUC: 0.0473

--- Round 440/500 ---
Averaged Train Loss: 1.3452
Averaged Test Accuracy: 0.5081
Averaged Test AUC: 0.8671
Std Test Accuracy: 0.1707
Std Test AUC: 0.0540

--- Round 441/500 ---
Averaged Train Loss: 1.3703
Averaged Test Accuracy: 0.5003
Averaged Test AUC: 0.8664
Std Test Accuracy: 0.1713
Std Test AUC: 0.0547

--- Round 442/500 ---
Averaged Train Loss: 1.4868
Averaged Test Accuracy: 0.4695
Averaged Test AUC: 0.8535
Std Test Accuracy: 0.2204
Std Test AUC: 0.0741

--- Round 443/500 ---
Averaged Train Loss: 1.5425
Averaged Test Accuracy: 0.4331
Averaged Test AUC: 0.8521
Std Test Accuracy: 0.2142
Std Test AUC: 0.0564

--- Round 444/500 ---
Averaged Train Loss: 1.4234
Averaged Test Accuracy: 0.4759
Averaged Test AUC: 0.8617
Std Test Accuracy: 0.1878
Std Test AUC: 0.0567

--- Round 445/500 ---
Averaged Train Loss: 1.4239
Averaged Test Accuracy: 0.4846
Averaged Test AUC: 0.8602
Std Test Accuracy: 0.2006
Std Test AUC: 0.0585

--- Round 446/500 ---
Averaged Train Loss: 1.3316
Averaged Test Accuracy: 0.5075
Averaged Test AUC: 0.8708
Std Test Accuracy: 0.1804
Std Test AUC: 0.0525

--- Round 447/500 ---
Averaged Train Loss: 1.3526
Averaged Test Accuracy: 0.4979
Averaged Test AUC: 0.8660
Std Test Accuracy: 0.1594
Std Test AUC: 0.0445

--- Round 448/500 ---
Averaged Train Loss: 1.3509
Averaged Test Accuracy: 0.5053
Averaged Test AUC: 0.8703
Std Test Accuracy: 0.1886
Std Test AUC: 0.0510

--- Round 449/500 ---
Averaged Train Loss: 1.3352
Averaged Test Accuracy: 0.5100
Averaged Test AUC: 0.8660
Std Test Accuracy: 0.1454
Std Test AUC: 0.0490

--- Round 450/500 ---
Averaged Train Loss: 1.3299
Averaged Test Accuracy: 0.5070
Averaged Test AUC: 0.8713
Std Test Accuracy: 0.1572
Std Test AUC: 0.0356

--- Round 451/500 ---
Averaged Train Loss: 1.3496
Averaged Test Accuracy: 0.5044
Averaged Test AUC: 0.8669
Std Test Accuracy: 0.1831
Std Test AUC: 0.0538

--- Round 452/500 ---
Averaged Train Loss: 1.3104
Averaged Test Accuracy: 0.5160
Averaged Test AUC: 0.8715
Std Test Accuracy: 0.1427
Std Test AUC: 0.0362

--- Round 453/500 ---
Averaged Train Loss: 1.3209
Averaged Test Accuracy: 0.5070
Averaged Test AUC: 0.8700
Std Test Accuracy: 0.1628
Std Test AUC: 0.0443

--- Round 454/500 ---
Averaged Train Loss: 1.3187
Averaged Test Accuracy: 0.5068
Averaged Test AUC: 0.8708
Std Test Accuracy: 0.1664
Std Test AUC: 0.0433

--- Round 455/500 ---
Averaged Train Loss: 1.3380
Averaged Test Accuracy: 0.4995
Averaged Test AUC: 0.8678
Std Test Accuracy: 0.1478
Std Test AUC: 0.0420

--- Round 456/500 ---
Averaged Train Loss: 1.2735
Averaged Test Accuracy: 0.5266
Averaged Test AUC: 0.8737
Std Test Accuracy: 0.1517
Std Test AUC: 0.0437

--- Round 457/500 ---
Averaged Train Loss: 1.2834
Averaged Test Accuracy: 0.5220
Averaged Test AUC: 0.8746
Std Test Accuracy: 0.1503
Std Test AUC: 0.0430

--- Round 458/500 ---
Averaged Train Loss: 1.3935
Averaged Test Accuracy: 0.4829
Averaged Test AUC: 0.8588
Std Test Accuracy: 0.1454
Std Test AUC: 0.0572

--- Round 459/500 ---
Averaged Train Loss: 1.2622
Averaged Test Accuracy: 0.5295
Averaged Test AUC: 0.8752
Std Test Accuracy: 0.1314
Std Test AUC: 0.0369

--- Round 460/500 ---
Averaged Train Loss: 1.2610
Averaged Test Accuracy: 0.5320
Averaged Test AUC: 0.8742
Std Test Accuracy: 0.1223
Std Test AUC: 0.0374

--- Round 461/500 ---
Averaged Train Loss: 1.4383
Averaged Test Accuracy: 0.4683
Averaged Test AUC: 0.8567
Std Test Accuracy: 0.2158
Std Test AUC: 0.0710

--- Round 462/500 ---
Averaged Train Loss: 1.2361
Averaged Test Accuracy: 0.5398
Averaged Test AUC: 0.8789
Std Test Accuracy: 0.1136
Std Test AUC: 0.0300

--- Round 463/500 ---
Averaged Train Loss: 1.2797
Averaged Test Accuracy: 0.5250
Averaged Test AUC: 0.8728
Std Test Accuracy: 0.1595
Std Test AUC: 0.0514

--- Round 464/500 ---
Averaged Train Loss: 1.2661
Averaged Test Accuracy: 0.5265
Averaged Test AUC: 0.8752
Std Test Accuracy: 0.1260
Std Test AUC: 0.0382

--- Round 465/500 ---
Averaged Train Loss: 1.2669
Averaged Test Accuracy: 0.5302
Averaged Test AUC: 0.8754
Std Test Accuracy: 0.1458
Std Test AUC: 0.0444

--- Round 466/500 ---
Averaged Train Loss: 1.2731
Averaged Test Accuracy: 0.5272
Averaged Test AUC: 0.8730
Std Test Accuracy: 0.1481
Std Test AUC: 0.0453

--- Round 467/500 ---
Averaged Train Loss: 1.4465
Averaged Test Accuracy: 0.4669
Averaged Test AUC: 0.8549
Std Test Accuracy: 0.1626
Std Test AUC: 0.0605

--- Round 468/500 ---
Averaged Train Loss: 1.2472
Averaged Test Accuracy: 0.5404
Averaged Test AUC: 0.8779
Std Test Accuracy: 0.1125
Std Test AUC: 0.0297

--- Round 469/500 ---
Averaged Train Loss: 1.3074
Averaged Test Accuracy: 0.5144
Averaged Test AUC: 0.8691
Std Test Accuracy: 0.1346
Std Test AUC: 0.0407

--- Round 470/500 ---
Averaged Train Loss: 1.2424
Averaged Test Accuracy: 0.5379
Averaged Test AUC: 0.8775
Std Test Accuracy: 0.1056
Std Test AUC: 0.0300

--- Round 471/500 ---
Averaged Train Loss: 1.3347
Averaged Test Accuracy: 0.5037
Averaged Test AUC: 0.8687
Std Test Accuracy: 0.1484
Std Test AUC: 0.0461

--- Round 472/500 ---
Averaged Train Loss: 1.2431
Averaged Test Accuracy: 0.5418
Averaged Test AUC: 0.8784
Std Test Accuracy: 0.1288
Std Test AUC: 0.0378

--- Round 473/500 ---
Averaged Train Loss: 1.2547
Averaged Test Accuracy: 0.5313
Averaged Test AUC: 0.8769
Std Test Accuracy: 0.1432
Std Test AUC: 0.0412

--- Round 474/500 ---
Averaged Train Loss: 1.3617
Averaged Test Accuracy: 0.5027
Averaged Test AUC: 0.8607
Std Test Accuracy: 0.1755
Std Test AUC: 0.0622

--- Round 475/500 ---
Averaged Train Loss: 1.2668
Averaged Test Accuracy: 0.5305
Averaged Test AUC: 0.8750
Std Test Accuracy: 0.1514
Std Test AUC: 0.0416

--- Round 476/500 ---
Averaged Train Loss: 1.2409
Averaged Test Accuracy: 0.5394
Averaged Test AUC: 0.8768
Std Test Accuracy: 0.1335
Std Test AUC: 0.0372

--- Round 477/500 ---
Averaged Train Loss: 1.2604
Averaged Test Accuracy: 0.5353
Averaged Test AUC: 0.8764
Std Test Accuracy: 0.1413
Std Test AUC: 0.0418

--- Round 478/500 ---
Averaged Train Loss: 1.4252
Averaged Test Accuracy: 0.4840
Averaged Test AUC: 0.8554
Std Test Accuracy: 0.1784
Std Test AUC: 0.0635

--- Round 479/500 ---
Averaged Train Loss: 1.2479
Averaged Test Accuracy: 0.5385
Averaged Test AUC: 0.8781
Std Test Accuracy: 0.1527
Std Test AUC: 0.0373

--- Round 480/500 ---
Averaged Train Loss: 1.2821
Averaged Test Accuracy: 0.5208
Averaged Test AUC: 0.8749
Std Test Accuracy: 0.1491
Std Test AUC: 0.0371

--- Round 481/500 ---
Averaged Train Loss: 1.2753
Averaged Test Accuracy: 0.5251
Averaged Test AUC: 0.8762
Std Test Accuracy: 0.1542
Std Test AUC: 0.0426

--- Round 482/500 ---
Averaged Train Loss: 1.2670
Averaged Test Accuracy: 0.5303
Averaged Test AUC: 0.8760
Std Test Accuracy: 0.1591
Std Test AUC: 0.0428

--- Round 483/500 ---
Averaged Train Loss: 1.2836
Averaged Test Accuracy: 0.5239
Averaged Test AUC: 0.8752
Std Test Accuracy: 0.1612
Std Test AUC: 0.0461

--- Round 484/500 ---
Averaged Train Loss: 1.2513
Averaged Test Accuracy: 0.5357
Averaged Test AUC: 0.8768
Std Test Accuracy: 0.1199
Std Test AUC: 0.0349

--- Round 485/500 ---
Averaged Train Loss: 1.2649
Averaged Test Accuracy: 0.5295
Averaged Test AUC: 0.8752
Std Test Accuracy: 0.1423
Std Test AUC: 0.0396

--- Round 486/500 ---
Averaged Train Loss: 1.3694
Averaged Test Accuracy: 0.4849
Averaged Test AUC: 0.8660
Std Test Accuracy: 0.1588
Std Test AUC: 0.0449

--- Round 487/500 ---
Averaged Train Loss: 1.2480
Averaged Test Accuracy: 0.5391
Averaged Test AUC: 0.8777
Std Test Accuracy: 0.1260
Std Test AUC: 0.0365

--- Round 488/500 ---
Averaged Train Loss: 1.2520
Averaged Test Accuracy: 0.5349
Averaged Test AUC: 0.8787
Std Test Accuracy: 0.1491
Std Test AUC: 0.0362

--- Round 489/500 ---
Averaged Train Loss: 1.2327
Averaged Test Accuracy: 0.5398
Averaged Test AUC: 0.8791
Std Test Accuracy: 0.1304
Std Test AUC: 0.0324

--- Round 490/500 ---
Averaged Train Loss: 1.3193
Averaged Test Accuracy: 0.5108
Averaged Test AUC: 0.8718
Std Test Accuracy: 0.1509
Std Test AUC: 0.0443

--- Round 491/500 ---
Averaged Train Loss: 1.2516
Averaged Test Accuracy: 0.5357
Averaged Test AUC: 0.8777
Std Test Accuracy: 0.1406
Std Test AUC: 0.0391

--- Round 492/500 ---
Averaged Train Loss: 1.3470
Averaged Test Accuracy: 0.5047
Averaged Test AUC: 0.8670
Std Test Accuracy: 0.2014
Std Test AUC: 0.0681

--- Round 493/500 ---
Averaged Train Loss: 1.2395
Averaged Test Accuracy: 0.5399
Averaged Test AUC: 0.8788
Std Test Accuracy: 0.1262
Std Test AUC: 0.0344

--- Round 494/500 ---
Averaged Train Loss: 1.4029
Averaged Test Accuracy: 0.4706
Averaged Test AUC: 0.8652
Std Test Accuracy: 0.2068
Std Test AUC: 0.0557

--- Round 495/500 ---
Averaged Train Loss: 1.2657
Averaged Test Accuracy: 0.5295
Averaged Test AUC: 0.8770
Std Test Accuracy: 0.1444
Std Test AUC: 0.0367

--- Round 496/500 ---
Averaged Train Loss: 1.2324
Averaged Test Accuracy: 0.5434
Averaged Test AUC: 0.8789
Std Test Accuracy: 0.1279
Std Test AUC: 0.0357

--- Round 497/500 ---
Averaged Train Loss: 1.2877
Averaged Test Accuracy: 0.5243
Averaged Test AUC: 0.8745
Std Test Accuracy: 0.1416
Std Test AUC: 0.0405

--- Round 498/500 ---
Averaged Train Loss: 1.2494
Averaged Test Accuracy: 0.5364
Averaged Test AUC: 0.8764
Std Test Accuracy: 0.1352
Std Test AUC: 0.0377

--- Round 499/500 ---
Averaged Train Loss: 1.2724
Averaged Test Accuracy: 0.5291
Averaged Test AUC: 0.8756
Std Test Accuracy: 0.1638
Std Test AUC: 0.0417

--- Round 500/500 ---
Averaged Train Loss: 1.2444
Averaged Test Accuracy: 0.5349
Averaged Test AUC: 0.8781
Std Test Accuracy: 0.1150
Std Test AUC: 0.0282

========== Training Complete ==========
Best Test Accuracy: 0.5434406599254923
File path: ../results/Cifar10_FedEntPlusSmooth_smooth_trial01_0047_0.h5

Average time cost: 1854.22s.
Length:  501
std for best accuracy: 0.0
mean for best accuracy: 0.5434406599254923
All done!

Storage on cuda:0
-------------------------------------------------------------------------------
Total Tensors: 198549588 	Used Memory: 549.82M
The allocated memory on cuda:0: 567.94M
Memory differs due to the matrix alignment or invisible gradient buffer tensors
-------------------------------------------------------------------------------
