==================================================
goal = smooth_trial01_0022
device = cuda
device_id = 0
dataset = Cifar10
num_classes = 10
model = CNN
batch_size = 64
local_learning_rate = 0.01
learning_rate_decay = True
learning_rate_decay_gamma = 0.98
global_rounds = 500
top_cnt = 100
local_epochs = 5
algorithm = FedEntPlusSmooth
join_ratio = 0.1
random_join_ratio = False
num_clients = 100
prev = 0
times = 1
eval_gap = 1
save_folder_name = items
auto_break = False
dlg_eval = False
dlg_gap = 100
batch_num_per_client = 2
num_new_clients = 0
fine_tuning_epoch_new = 0
feature_dim = 512
vocab_size = 32000
max_len = 200
client_drop_rate = 0.0
train_slow_rate = 0.0
send_slow_rate = 0.0
time_select = False
time_threthold = 10000
beta = 0.0
lamda = 1.0
mu = 0.0
K = 5
p_learning_rate = 0.01
M = 5
itk = 4000
alphaK = 1.0
sigma = 1.0
alpha = 1.0
plocal_epochs = 1
tau = 1.0
fine_tuning_epochs = 10
dr_learning_rate = 0.0
L = 1.0
noise_dim = 512
generator_learning_rate = 0.005
hidden_dim = 512
server_epochs = 1000
localize_feature_extractor = False
server_learning_rate = 1.0
eta = 1.0
rand_percent = 80
layer_idx = 2
mentee_learning_rate = 0.005
T_start = 0.95
T_end = 0.98
momentum = 0.9
kl_weight = 0.0
buffer_size = 0
dp_epsilon = 0.0
H_min = None
alpha_vp = 0.0
enable_dynamic_param = False
log_fedent = False
log_filename = None
dynamic_config_path = /home/john/PFLlib/system/auto_configs/smooth_trial01_0022.json
==================================================

============= Running time: 0th =============
Creating server and clients ...
FedAvgCNN(
  (conv1): Sequential(
    (0): Conv2d(3, 32, kernel_size=(5, 5), stride=(1, 1))
    (1): ReLU(inplace=True)
    (2): MaxPool2d(kernel_size=(2, 2), stride=(2, 2), padding=0, dilation=1, ceil_mode=False)
  )
  (conv2): Sequential(
    (0): Conv2d(32, 64, kernel_size=(5, 5), stride=(1, 1))
    (1): ReLU(inplace=True)
    (2): MaxPool2d(kernel_size=(2, 2), stride=(2, 2), padding=0, dilation=1, ceil_mode=False)
  )
  (fc1): Sequential(
    (0): Linear(in_features=1600, out_features=512, bias=True)
    (1): ReLU(inplace=True)
  )
  (fc): Linear(in_features=512, out_features=10, bias=True)
)

Join ratio / total clients: 0.1 / 100
Finished creating server and clients.

--- Round 0/500 ---
Averaged Train Loss: 2.3038
Averaged Test Accuracy: 0.0928
Averaged Test AUC: 0.4894
Std Test Accuracy: 0.1434
Std Test AUC: 0.2233

--- Round 1/500 ---
Averaged Train Loss: 2.3812
Averaged Test Accuracy: 0.1163
Averaged Test AUC: 0.5046
Std Test Accuracy: 0.2165
Std Test AUC: 0.2533

--- Round 2/500 ---
Averaged Train Loss: 2.6161
Averaged Test Accuracy: 0.1342
Averaged Test AUC: 0.5143
Std Test Accuracy: 0.1995
Std Test AUC: 0.2510

--- Round 3/500 ---
Averaged Train Loss: 2.5926
Averaged Test Accuracy: 0.1463
Averaged Test AUC: 0.5359
Std Test Accuracy: 0.1938
Std Test AUC: 0.2550

--- Round 4/500 ---
Averaged Train Loss: 2.6942
Averaged Test Accuracy: 0.1730
Averaged Test AUC: 0.5476
Std Test Accuracy: 0.1993
Std Test AUC: 0.2639

--- Round 5/500 ---
Averaged Train Loss: 2.5734
Averaged Test Accuracy: 0.1526
Averaged Test AUC: 0.5678
Std Test Accuracy: 0.2113
Std Test AUC: 0.2538

--- Round 6/500 ---
Averaged Train Loss: 2.4830
Averaged Test Accuracy: 0.1909
Averaged Test AUC: 0.5855
Std Test Accuracy: 0.1934
Std Test AUC: 0.2505

--- Round 7/500 ---
Averaged Train Loss: 2.4510
Averaged Test Accuracy: 0.1576
Averaged Test AUC: 0.6105
Std Test Accuracy: 0.2148
Std Test AUC: 0.2303

--- Round 8/500 ---
Averaged Train Loss: 2.4014
Averaged Test Accuracy: 0.1611
Averaged Test AUC: 0.6283
Std Test Accuracy: 0.2188
Std Test AUC: 0.2160

--- Round 9/500 ---
Averaged Train Loss: 2.3087
Averaged Test Accuracy: 0.2008
Averaged Test AUC: 0.6430
Std Test Accuracy: 0.1921
Std Test AUC: 0.2086

--- Round 10/500 ---
Averaged Train Loss: 2.3196
Averaged Test Accuracy: 0.1803
Averaged Test AUC: 0.6530
Std Test Accuracy: 0.2096
Std Test AUC: 0.1961

--- Round 11/500 ---
Averaged Train Loss: 2.3519
Averaged Test Accuracy: 0.2154
Averaged Test AUC: 0.6456
Std Test Accuracy: 0.2153
Std Test AUC: 0.2031

--- Round 12/500 ---
Averaged Train Loss: 2.2812
Averaged Test Accuracy: 0.2318
Averaged Test AUC: 0.6598
Std Test Accuracy: 0.1953
Std Test AUC: 0.2013

--- Round 13/500 ---
Averaged Train Loss: 2.2500
Averaged Test Accuracy: 0.2038
Averaged Test AUC: 0.6758
Std Test Accuracy: 0.1927
Std Test AUC: 0.1920

--- Round 14/500 ---
Averaged Train Loss: 2.2549
Averaged Test Accuracy: 0.2583
Averaged Test AUC: 0.6744
Std Test Accuracy: 0.1844
Std Test AUC: 0.2056

--- Round 15/500 ---
Averaged Train Loss: 2.2675
Averaged Test Accuracy: 0.2197
Averaged Test AUC: 0.6800
Std Test Accuracy: 0.2324
Std Test AUC: 0.1967

--- Round 16/500 ---
Averaged Train Loss: 2.2030
Averaged Test Accuracy: 0.2127
Averaged Test AUC: 0.6938
Std Test Accuracy: 0.1948
Std Test AUC: 0.1803

--- Round 17/500 ---
Averaged Train Loss: 2.2077
Averaged Test Accuracy: 0.2629
Averaged Test AUC: 0.6908
Std Test Accuracy: 0.1869
Std Test AUC: 0.1934

--- Round 18/500 ---
Averaged Train Loss: 2.2001
Averaged Test Accuracy: 0.2505
Averaged Test AUC: 0.6943
Std Test Accuracy: 0.2170
Std Test AUC: 0.1910

--- Round 19/500 ---
Averaged Train Loss: 2.1682
Averaged Test Accuracy: 0.2594
Averaged Test AUC: 0.7015
Std Test Accuracy: 0.2167
Std Test AUC: 0.1847

--- Round 20/500 ---
Averaged Train Loss: 2.2181
Averaged Test Accuracy: 0.2396
Averaged Test AUC: 0.6982
Std Test Accuracy: 0.2000
Std Test AUC: 0.1687

--- Round 21/500 ---
Averaged Train Loss: 2.1736
Averaged Test Accuracy: 0.2525
Averaged Test AUC: 0.7062
Std Test Accuracy: 0.2158
Std Test AUC: 0.1743

--- Round 22/500 ---
Averaged Train Loss: 2.1101
Averaged Test Accuracy: 0.2580
Averaged Test AUC: 0.7189
Std Test Accuracy: 0.2303
Std Test AUC: 0.1707

--- Round 23/500 ---
Averaged Train Loss: 2.1298
Averaged Test Accuracy: 0.2666
Averaged Test AUC: 0.7191
Std Test Accuracy: 0.1996
Std Test AUC: 0.1613

--- Round 24/500 ---
Averaged Train Loss: 2.1140
Averaged Test Accuracy: 0.2702
Averaged Test AUC: 0.7188
Std Test Accuracy: 0.2189
Std Test AUC: 0.1785

--- Round 25/500 ---
Averaged Train Loss: 2.0284
Averaged Test Accuracy: 0.2776
Averaged Test AUC: 0.7354
Std Test Accuracy: 0.2322
Std Test AUC: 0.1606

--- Round 26/500 ---
Averaged Train Loss: 2.0517
Averaged Test Accuracy: 0.2727
Averaged Test AUC: 0.7344
Std Test Accuracy: 0.2167
Std Test AUC: 0.1538

--- Round 27/500 ---
Averaged Train Loss: 2.0551
Averaged Test Accuracy: 0.2820
Averaged Test AUC: 0.7339
Std Test Accuracy: 0.2029
Std Test AUC: 0.1574

--- Round 28/500 ---
Averaged Train Loss: 1.9777
Averaged Test Accuracy: 0.3007
Averaged Test AUC: 0.7439
Std Test Accuracy: 0.1929
Std Test AUC: 0.1617

--- Round 29/500 ---
Averaged Train Loss: 2.0986
Averaged Test Accuracy: 0.2571
Averaged Test AUC: 0.7340
Std Test Accuracy: 0.2191
Std Test AUC: 0.1490

--- Round 30/500 ---
Averaged Train Loss: 1.9602
Averaged Test Accuracy: 0.2916
Averaged Test AUC: 0.7533
Std Test Accuracy: 0.2296
Std Test AUC: 0.1427

--- Round 31/500 ---
Averaged Train Loss: 2.0058
Averaged Test Accuracy: 0.2853
Averaged Test AUC: 0.7485
Std Test Accuracy: 0.2138
Std Test AUC: 0.1412

--- Round 32/500 ---
Averaged Train Loss: 2.0263
Averaged Test Accuracy: 0.2745
Averaged Test AUC: 0.7471
Std Test Accuracy: 0.2179
Std Test AUC: 0.1381

--- Round 33/500 ---
Averaged Train Loss: 2.0242
Averaged Test Accuracy: 0.2819
Averaged Test AUC: 0.7448
Std Test Accuracy: 0.2249
Std Test AUC: 0.1534

--- Round 34/500 ---
Averaged Train Loss: 1.9919
Averaged Test Accuracy: 0.3250
Averaged Test AUC: 0.7470
Std Test Accuracy: 0.1961
Std Test AUC: 0.1690

--- Round 35/500 ---
Averaged Train Loss: 2.0381
Averaged Test Accuracy: 0.3236
Averaged Test AUC: 0.7423
Std Test Accuracy: 0.1867
Std Test AUC: 0.1748

--- Round 36/500 ---
Averaged Train Loss: 2.0189
Averaged Test Accuracy: 0.2956
Averaged Test AUC: 0.7501
Std Test Accuracy: 0.1860
Std Test AUC: 0.1473

--- Round 37/500 ---
Averaged Train Loss: 1.9431
Averaged Test Accuracy: 0.3125
Averaged Test AUC: 0.7584
Std Test Accuracy: 0.1832
Std Test AUC: 0.1510

--- Round 38/500 ---
Averaged Train Loss: 1.9148
Averaged Test Accuracy: 0.3140
Averaged Test AUC: 0.7621
Std Test Accuracy: 0.2175
Std Test AUC: 0.1472

--- Round 39/500 ---
Averaged Train Loss: 1.9419
Averaged Test Accuracy: 0.3095
Averaged Test AUC: 0.7622
Std Test Accuracy: 0.2099
Std Test AUC: 0.1406

--- Round 40/500 ---
Averaged Train Loss: 2.0071
Averaged Test Accuracy: 0.2946
Averaged Test AUC: 0.7546
Std Test Accuracy: 0.2057
Std Test AUC: 0.1432

--- Round 41/500 ---
Averaged Train Loss: 1.9617
Averaged Test Accuracy: 0.3058
Averaged Test AUC: 0.7626
Std Test Accuracy: 0.2086
Std Test AUC: 0.1348

--- Round 42/500 ---
Averaged Train Loss: 1.9280
Averaged Test Accuracy: 0.3153
Averaged Test AUC: 0.7648
Std Test Accuracy: 0.1777
Std Test AUC: 0.1438

--- Round 43/500 ---
Averaged Train Loss: 1.9324
Averaged Test Accuracy: 0.3068
Averaged Test AUC: 0.7651
Std Test Accuracy: 0.1903
Std Test AUC: 0.1374

--- Round 44/500 ---
Averaged Train Loss: 1.9297
Averaged Test Accuracy: 0.3059
Averaged Test AUC: 0.7673
Std Test Accuracy: 0.1997
Std Test AUC: 0.1296

--- Round 45/500 ---
Averaged Train Loss: 1.9676
Averaged Test Accuracy: 0.2980
Averaged Test AUC: 0.7629
Std Test Accuracy: 0.2156
Std Test AUC: 0.1287

--- Round 46/500 ---
Averaged Train Loss: 1.9293
Averaged Test Accuracy: 0.3089
Averaged Test AUC: 0.7682
Std Test Accuracy: 0.2165
Std Test AUC: 0.1309

--- Round 47/500 ---
Averaged Train Loss: 1.9317
Averaged Test Accuracy: 0.3032
Averaged Test AUC: 0.7691
Std Test Accuracy: 0.1984
Std Test AUC: 0.1250

--- Round 48/500 ---
Averaged Train Loss: 1.8897
Averaged Test Accuracy: 0.3181
Averaged Test AUC: 0.7753
Std Test Accuracy: 0.2157
Std Test AUC: 0.1236

--- Round 49/500 ---
Averaged Train Loss: 1.8955
Averaged Test Accuracy: 0.3145
Averaged Test AUC: 0.7753
Std Test Accuracy: 0.2176
Std Test AUC: 0.1201

--- Round 50/500 ---
Averaged Train Loss: 1.8823
Averaged Test Accuracy: 0.3234
Averaged Test AUC: 0.7767
Std Test Accuracy: 0.1850
Std Test AUC: 0.1188

--- Round 51/500 ---
Averaged Train Loss: 1.8607
Averaged Test Accuracy: 0.3257
Averaged Test AUC: 0.7802
Std Test Accuracy: 0.2092
Std Test AUC: 0.1163

--- Round 52/500 ---
Averaged Train Loss: 1.8561
Averaged Test Accuracy: 0.3384
Averaged Test AUC: 0.7800
Std Test Accuracy: 0.1851
Std Test AUC: 0.1260

--- Round 53/500 ---
Averaged Train Loss: 1.8726
Averaged Test Accuracy: 0.3241
Averaged Test AUC: 0.7786
Std Test Accuracy: 0.1709
Std Test AUC: 0.1208

--- Round 54/500 ---
Averaged Train Loss: 1.8976
Averaged Test Accuracy: 0.3137
Averaged Test AUC: 0.7766
Std Test Accuracy: 0.2085
Std Test AUC: 0.1144

--- Round 55/500 ---
Averaged Train Loss: 1.8534
Averaged Test Accuracy: 0.3259
Averaged Test AUC: 0.7826
Std Test Accuracy: 0.1729
Std Test AUC: 0.1100

--- Round 56/500 ---
Averaged Train Loss: 1.9209
Averaged Test Accuracy: 0.3057
Averaged Test AUC: 0.7764
Std Test Accuracy: 0.1993
Std Test AUC: 0.1120

--- Round 57/500 ---
Averaged Train Loss: 1.8418
Averaged Test Accuracy: 0.3476
Averaged Test AUC: 0.7822
Std Test Accuracy: 0.1758
Std Test AUC: 0.1264

--- Round 58/500 ---
Averaged Train Loss: 1.8427
Averaged Test Accuracy: 0.3378
Averaged Test AUC: 0.7829
Std Test Accuracy: 0.1676
Std Test AUC: 0.1195

--- Round 59/500 ---
Averaged Train Loss: 1.8782
Averaged Test Accuracy: 0.3308
Averaged Test AUC: 0.7795
Std Test Accuracy: 0.1887
Std Test AUC: 0.1192

--- Round 60/500 ---
Averaged Train Loss: 1.8656
Averaged Test Accuracy: 0.3291
Averaged Test AUC: 0.7816
Std Test Accuracy: 0.1897
Std Test AUC: 0.1163

--- Round 61/500 ---
Averaged Train Loss: 1.8488
Averaged Test Accuracy: 0.3426
Averaged Test AUC: 0.7828
Std Test Accuracy: 0.1617
Std Test AUC: 0.1247

--- Round 62/500 ---
Averaged Train Loss: 1.8897
Averaged Test Accuracy: 0.3320
Averaged Test AUC: 0.7793
Std Test Accuracy: 0.1985
Std Test AUC: 0.1251

--- Round 63/500 ---
Averaged Train Loss: 1.8510
Averaged Test Accuracy: 0.3343
Averaged Test AUC: 0.7851
Std Test Accuracy: 0.2006
Std Test AUC: 0.1172

--- Round 64/500 ---
Averaged Train Loss: 1.8528
Averaged Test Accuracy: 0.3391
Averaged Test AUC: 0.7837
Std Test Accuracy: 0.1753
Std Test AUC: 0.1217

--- Round 65/500 ---
Averaged Train Loss: 1.8261
Averaged Test Accuracy: 0.3493
Averaged Test AUC: 0.7885
Std Test Accuracy: 0.1706
Std Test AUC: 0.1124

--- Round 66/500 ---
Averaged Train Loss: 1.8654
Averaged Test Accuracy: 0.3367
Averaged Test AUC: 0.7829
Std Test Accuracy: 0.1929
Std Test AUC: 0.1168

--- Round 67/500 ---
Averaged Train Loss: 1.8792
Averaged Test Accuracy: 0.3358
Averaged Test AUC: 0.7793
Std Test Accuracy: 0.2023
Std Test AUC: 0.1249

--- Round 68/500 ---
Averaged Train Loss: 1.8342
Averaged Test Accuracy: 0.3516
Averaged Test AUC: 0.7859
Std Test Accuracy: 0.1734
Std Test AUC: 0.1205

--- Round 69/500 ---
Averaged Train Loss: 1.8748
Averaged Test Accuracy: 0.3258
Averaged Test AUC: 0.7842
Std Test Accuracy: 0.1923
Std Test AUC: 0.1142

--- Round 70/500 ---
Averaged Train Loss: 1.8456
Averaged Test Accuracy: 0.3415
Averaged Test AUC: 0.7857
Std Test Accuracy: 0.1966
Std Test AUC: 0.1157

--- Round 71/500 ---
Averaged Train Loss: 1.8163
Averaged Test Accuracy: 0.3447
Averaged Test AUC: 0.7916
Std Test Accuracy: 0.1955
Std Test AUC: 0.1072

--- Round 72/500 ---
Averaged Train Loss: 1.8212
Averaged Test Accuracy: 0.3445
Averaged Test AUC: 0.7905
Std Test Accuracy: 0.1858
Std Test AUC: 0.1072

--- Round 73/500 ---
Averaged Train Loss: 1.8364
Averaged Test Accuracy: 0.3392
Averaged Test AUC: 0.7902
Std Test Accuracy: 0.2100
Std Test AUC: 0.1087

--- Round 74/500 ---
Averaged Train Loss: 1.8262
Averaged Test Accuracy: 0.3479
Averaged Test AUC: 0.7885
Std Test Accuracy: 0.1734
Std Test AUC: 0.1199

--- Round 75/500 ---
Averaged Train Loss: 1.8039
Averaged Test Accuracy: 0.3647
Averaged Test AUC: 0.7911
Std Test Accuracy: 0.1610
Std Test AUC: 0.1232

--- Round 76/500 ---
Averaged Train Loss: 1.7944
Averaged Test Accuracy: 0.3616
Averaged Test AUC: 0.7931
Std Test Accuracy: 0.1816
Std Test AUC: 0.1173

--- Round 77/500 ---
Averaged Train Loss: 1.7865
Averaged Test Accuracy: 0.3632
Averaged Test AUC: 0.7943
Std Test Accuracy: 0.1941
Std Test AUC: 0.1162

--- Round 78/500 ---
Averaged Train Loss: 1.7465
Averaged Test Accuracy: 0.3707
Averaged Test AUC: 0.7997
Std Test Accuracy: 0.2036
Std Test AUC: 0.1086

--- Round 79/500 ---
Averaged Train Loss: 1.7393
Averaged Test Accuracy: 0.3693
Averaged Test AUC: 0.8010
Std Test Accuracy: 0.2064
Std Test AUC: 0.1047

--- Round 80/500 ---
Averaged Train Loss: 1.7607
Averaged Test Accuracy: 0.3575
Averaged Test AUC: 0.7998
Std Test Accuracy: 0.1669
Std Test AUC: 0.0974

--- Round 81/500 ---
Averaged Train Loss: 1.7893
Averaged Test Accuracy: 0.3570
Averaged Test AUC: 0.7963
Std Test Accuracy: 0.1961
Std Test AUC: 0.1065

--- Round 82/500 ---
Averaged Train Loss: 1.7564
Averaged Test Accuracy: 0.3699
Averaged Test AUC: 0.7991
Std Test Accuracy: 0.1932
Std Test AUC: 0.1083

--- Round 83/500 ---
Averaged Train Loss: 1.7727
Averaged Test Accuracy: 0.3644
Averaged Test AUC: 0.7989
Std Test Accuracy: 0.1691
Std Test AUC: 0.1033

--- Round 84/500 ---
Averaged Train Loss: 1.7938
Averaged Test Accuracy: 0.3465
Averaged Test AUC: 0.7962
Std Test Accuracy: 0.1804
Std Test AUC: 0.1041

--- Round 85/500 ---
Averaged Train Loss: 1.8097
Averaged Test Accuracy: 0.3513
Averaged Test AUC: 0.7942
Std Test Accuracy: 0.1874
Std Test AUC: 0.1057

--- Round 86/500 ---
Averaged Train Loss: 1.7623
Averaged Test Accuracy: 0.3754
Averaged Test AUC: 0.7989
Std Test Accuracy: 0.1645
Std Test AUC: 0.1126

--- Round 87/500 ---
Averaged Train Loss: 1.7528
Averaged Test Accuracy: 0.3699
Averaged Test AUC: 0.8016
Std Test Accuracy: 0.1843
Std Test AUC: 0.1068

--- Round 88/500 ---
Averaged Train Loss: 1.7321
Averaged Test Accuracy: 0.3753
Averaged Test AUC: 0.8037
Std Test Accuracy: 0.1920
Std Test AUC: 0.1038

--- Round 89/500 ---
Averaged Train Loss: 1.7071
Averaged Test Accuracy: 0.3834
Averaged Test AUC: 0.8071
Std Test Accuracy: 0.1653
Std Test AUC: 0.0959

--- Round 90/500 ---
Averaged Train Loss: 1.7538
Averaged Test Accuracy: 0.3728
Averaged Test AUC: 0.8016
Std Test Accuracy: 0.1723
Std Test AUC: 0.1014

--- Round 91/500 ---
Averaged Train Loss: 1.7927
Averaged Test Accuracy: 0.3580
Averaged Test AUC: 0.7973
Std Test Accuracy: 0.2085
Std Test AUC: 0.1070

--- Round 92/500 ---
Averaged Train Loss: 1.7111
Averaged Test Accuracy: 0.3831
Averaged Test AUC: 0.8064
Std Test Accuracy: 0.1627
Std Test AUC: 0.0971

--- Round 93/500 ---
Averaged Train Loss: 1.7749
Averaged Test Accuracy: 0.3692
Averaged Test AUC: 0.7981
Std Test Accuracy: 0.1527
Std Test AUC: 0.1106

--- Round 94/500 ---
Averaged Train Loss: 1.7170
Averaged Test Accuracy: 0.3949
Averaged Test AUC: 0.8042
Std Test Accuracy: 0.1520
Std Test AUC: 0.1106

--- Round 95/500 ---
Averaged Train Loss: 1.8071
Averaged Test Accuracy: 0.3632
Averaged Test AUC: 0.7955
Std Test Accuracy: 0.1781
Std Test AUC: 0.1129

--- Round 96/500 ---
Averaged Train Loss: 1.8058
Averaged Test Accuracy: 0.3540
Averaged Test AUC: 0.7977
Std Test Accuracy: 0.2115
Std Test AUC: 0.1145

--- Round 97/500 ---
Averaged Train Loss: 1.7909
Averaged Test Accuracy: 0.3654
Averaged Test AUC: 0.7986
Std Test Accuracy: 0.2012
Std Test AUC: 0.1123

--- Round 98/500 ---
Averaged Train Loss: 1.7886
Averaged Test Accuracy: 0.3722
Averaged Test AUC: 0.7974
Std Test Accuracy: 0.1855
Std Test AUC: 0.1160

--- Round 99/500 ---
Averaged Train Loss: 1.7898
Averaged Test Accuracy: 0.3588
Averaged Test AUC: 0.7991
Std Test Accuracy: 0.2020
Std Test AUC: 0.1027

--- Round 100/500 ---
Averaged Train Loss: 1.7361
Averaged Test Accuracy: 0.3763
Averaged Test AUC: 0.8062
Std Test Accuracy: 0.1850
Std Test AUC: 0.0969

--- Round 101/500 ---
Averaged Train Loss: 1.7348
Averaged Test Accuracy: 0.3752
Averaged Test AUC: 0.8070
Std Test Accuracy: 0.1836
Std Test AUC: 0.0954

--- Round 102/500 ---
Averaged Train Loss: 1.7497
Averaged Test Accuracy: 0.3640
Averaged Test AUC: 0.8054
Std Test Accuracy: 0.1739
Std Test AUC: 0.0916

--- Round 103/500 ---
Averaged Train Loss: 1.7009
Averaged Test Accuracy: 0.3794
Averaged Test AUC: 0.8111
Std Test Accuracy: 0.1547
Std Test AUC: 0.0855

--- Round 104/500 ---
Averaged Train Loss: 1.7032
Averaged Test Accuracy: 0.3811
Averaged Test AUC: 0.8084
Std Test Accuracy: 0.1858
Std Test AUC: 0.0971

--- Round 105/500 ---
Averaged Train Loss: 1.6985
Averaged Test Accuracy: 0.3910
Averaged Test AUC: 0.8089
Std Test Accuracy: 0.1498
Std Test AUC: 0.0978

--- Round 106/500 ---
Averaged Train Loss: 1.7117
Averaged Test Accuracy: 0.3836
Averaged Test AUC: 0.8087
Std Test Accuracy: 0.1688
Std Test AUC: 0.0979

--- Round 107/500 ---
Averaged Train Loss: 1.7164
Averaged Test Accuracy: 0.3952
Averaged Test AUC: 0.8064
Std Test Accuracy: 0.1497
Std Test AUC: 0.1070

--- Round 108/500 ---
Averaged Train Loss: 1.7332
Averaged Test Accuracy: 0.3878
Averaged Test AUC: 0.8058
Std Test Accuracy: 0.1713
Std Test AUC: 0.1054

--- Round 109/500 ---
Averaged Train Loss: 1.7021
Averaged Test Accuracy: 0.3868
Averaged Test AUC: 0.8106
Std Test Accuracy: 0.1744
Std Test AUC: 0.1004

--- Round 110/500 ---
Averaged Train Loss: 1.6982
Averaged Test Accuracy: 0.3856
Averaged Test AUC: 0.8119
Std Test Accuracy: 0.1522
Std Test AUC: 0.0913

--- Round 111/500 ---
Averaged Train Loss: 1.6968
Averaged Test Accuracy: 0.3904
Averaged Test AUC: 0.8123
Std Test Accuracy: 0.1475
Std Test AUC: 0.0914

--- Round 112/500 ---
Averaged Train Loss: 1.7131
Averaged Test Accuracy: 0.3794
Averaged Test AUC: 0.8115
Std Test Accuracy: 0.1886
Std Test AUC: 0.0973

--- Round 113/500 ---
Averaged Train Loss: 1.6865
Averaged Test Accuracy: 0.3713
Averaged Test AUC: 0.8227
Std Test Accuracy: 0.2278
Std Test AUC: 0.0741

--- Round 114/500 ---
Averaged Train Loss: 1.7024
Averaged Test Accuracy: 0.3886
Averaged Test AUC: 0.8197
Std Test Accuracy: 0.2270
Std Test AUC: 0.0827

--- Round 115/500 ---
Averaged Train Loss: 1.6942
Averaged Test Accuracy: 0.3638
Averaged Test AUC: 0.8185
Std Test Accuracy: 0.2036
Std Test AUC: 0.0764

--- Round 116/500 ---
Averaged Train Loss: 1.6492
Averaged Test Accuracy: 0.3626
Averaged Test AUC: 0.8241
Std Test Accuracy: 0.2003
Std Test AUC: 0.0670

--- Round 117/500 ---
Averaged Train Loss: 1.6501
Averaged Test Accuracy: 0.3908
Averaged Test AUC: 0.8226
Std Test Accuracy: 0.1725
Std Test AUC: 0.0742

--- Round 118/500 ---
Averaged Train Loss: 1.6522
Averaged Test Accuracy: 0.3991
Averaged Test AUC: 0.8256
Std Test Accuracy: 0.2064
Std Test AUC: 0.0788

--- Round 119/500 ---
Averaged Train Loss: 1.6069
Averaged Test Accuracy: 0.3930
Averaged Test AUC: 0.8314
Std Test Accuracy: 0.1635
Std Test AUC: 0.0544

--- Round 120/500 ---
Averaged Train Loss: 1.6220
Averaged Test Accuracy: 0.3829
Averaged Test AUC: 0.8253
Std Test Accuracy: 0.1914
Std Test AUC: 0.0685

--- Round 121/500 ---
Averaged Train Loss: 1.6991
Averaged Test Accuracy: 0.3709
Averaged Test AUC: 0.8186
Std Test Accuracy: 0.1759
Std Test AUC: 0.0753

--- Round 122/500 ---
Averaged Train Loss: 1.8491
Averaged Test Accuracy: 0.3167
Averaged Test AUC: 0.8048
Std Test Accuracy: 0.2195
Std Test AUC: 0.0798

--- Round 123/500 ---
Averaged Train Loss: 1.8235
Averaged Test Accuracy: 0.3444
Averaged Test AUC: 0.8060
Std Test Accuracy: 0.2261
Std Test AUC: 0.0854

--- Round 124/500 ---
Averaged Train Loss: 1.6191
Averaged Test Accuracy: 0.3888
Averaged Test AUC: 0.8254
Std Test Accuracy: 0.1937
Std Test AUC: 0.0652

--- Round 125/500 ---
Averaged Train Loss: 1.6150
Averaged Test Accuracy: 0.3989
Averaged Test AUC: 0.8328
Std Test Accuracy: 0.1930
Std Test AUC: 0.0588

--- Round 126/500 ---
Averaged Train Loss: 1.7443
Averaged Test Accuracy: 0.3404
Averaged Test AUC: 0.8188
Std Test Accuracy: 0.1831
Std Test AUC: 0.0610

--- Round 127/500 ---
Averaged Train Loss: 1.9050
Averaged Test Accuracy: 0.3208
Averaged Test AUC: 0.8002
Std Test Accuracy: 0.2233
Std Test AUC: 0.0889

--- Round 128/500 ---
Averaged Train Loss: 1.5900
Averaged Test Accuracy: 0.4001
Averaged Test AUC: 0.8285
Std Test Accuracy: 0.1778
Std Test AUC: 0.0593

--- Round 129/500 ---
Averaged Train Loss: 1.6601
Averaged Test Accuracy: 0.3797
Averaged Test AUC: 0.8269
Std Test Accuracy: 0.2135
Std Test AUC: 0.0695

--- Round 130/500 ---
Averaged Train Loss: 1.7618
Averaged Test Accuracy: 0.3510
Averaged Test AUC: 0.8216
Std Test Accuracy: 0.2143
Std Test AUC: 0.0722

--- Round 131/500 ---
Averaged Train Loss: 1.6721
Averaged Test Accuracy: 0.3916
Averaged Test AUC: 0.8232
Std Test Accuracy: 0.1666
Std Test AUC: 0.0586

--- Round 132/500 ---
Averaged Train Loss: 1.6065
Averaged Test Accuracy: 0.3978
Averaged Test AUC: 0.8261
Std Test Accuracy: 0.1986
Std Test AUC: 0.0755

--- Round 133/500 ---
Averaged Train Loss: 1.6314
Averaged Test Accuracy: 0.3928
Averaged Test AUC: 0.8345
Std Test Accuracy: 0.1999
Std Test AUC: 0.0531

--- Round 134/500 ---
Averaged Train Loss: 1.7199
Averaged Test Accuracy: 0.3670
Averaged Test AUC: 0.8184
Std Test Accuracy: 0.1908
Std Test AUC: 0.0734

--- Round 135/500 ---
Averaged Train Loss: 1.9622
Averaged Test Accuracy: 0.3420
Averaged Test AUC: 0.7826
Std Test Accuracy: 0.2069
Std Test AUC: 0.1122

--- Round 136/500 ---
Averaged Train Loss: 1.7850
Averaged Test Accuracy: 0.3622
Averaged Test AUC: 0.8040
Std Test Accuracy: 0.1860
Std Test AUC: 0.0979

--- Round 137/500 ---
Averaged Train Loss: 1.5566
Averaged Test Accuracy: 0.4224
Averaged Test AUC: 0.8391
Std Test Accuracy: 0.1804
Std Test AUC: 0.0506

--- Round 138/500 ---
Averaged Train Loss: 1.6235
Averaged Test Accuracy: 0.3946
Averaged Test AUC: 0.8296
Std Test Accuracy: 0.1673
Std Test AUC: 0.0530

--- Round 139/500 ---
Averaged Train Loss: 1.7490
Averaged Test Accuracy: 0.3767
Averaged Test AUC: 0.8142
Std Test Accuracy: 0.1908
Std Test AUC: 0.0699

--- Round 140/500 ---
Averaged Train Loss: 1.6156
Averaged Test Accuracy: 0.3949
Averaged Test AUC: 0.8311
Std Test Accuracy: 0.1944
Std Test AUC: 0.0612

--- Round 141/500 ---
Averaged Train Loss: 1.6369
Averaged Test Accuracy: 0.3916
Averaged Test AUC: 0.8342
Std Test Accuracy: 0.2093
Std Test AUC: 0.0587

--- Round 142/500 ---
Averaged Train Loss: 1.8388
Averaged Test Accuracy: 0.3395
Averaged Test AUC: 0.8083
Std Test Accuracy: 0.2042
Std Test AUC: 0.0794

--- Round 143/500 ---
Averaged Train Loss: 2.0451
Averaged Test Accuracy: 0.3196
Averaged Test AUC: 0.7770
Std Test Accuracy: 0.2200
Std Test AUC: 0.1042

--- Round 144/500 ---
Averaged Train Loss: 1.5664
Averaged Test Accuracy: 0.4160
Averaged Test AUC: 0.8343
Std Test Accuracy: 0.1278
Std Test AUC: 0.0472

--- Round 145/500 ---
Averaged Train Loss: 1.6459
Averaged Test Accuracy: 0.3914
Averaged Test AUC: 0.8298
Std Test Accuracy: 0.2011
Std Test AUC: 0.0674

--- Round 146/500 ---
Averaged Train Loss: 1.6179
Averaged Test Accuracy: 0.4045
Averaged Test AUC: 0.8296
Std Test Accuracy: 0.1709
Std Test AUC: 0.0643

--- Round 147/500 ---
Averaged Train Loss: 2.0121
Averaged Test Accuracy: 0.3189
Averaged Test AUC: 0.7916
Std Test Accuracy: 0.2360
Std Test AUC: 0.1006

--- Round 148/500 ---
Averaged Train Loss: 1.5868
Averaged Test Accuracy: 0.4063
Averaged Test AUC: 0.8359
Std Test Accuracy: 0.1532
Std Test AUC: 0.0471

--- Round 149/500 ---
Averaged Train Loss: 1.6848
Averaged Test Accuracy: 0.3793
Averaged Test AUC: 0.8282
Std Test Accuracy: 0.2068
Std Test AUC: 0.0640

--- Round 150/500 ---
Averaged Train Loss: 1.7221
Averaged Test Accuracy: 0.3725
Averaged Test AUC: 0.8192
Std Test Accuracy: 0.1871
Std Test AUC: 0.0716

--- Round 151/500 ---
Averaged Train Loss: 2.1578
Averaged Test Accuracy: 0.3020
Averaged Test AUC: 0.7783
Std Test Accuracy: 0.2322
Std Test AUC: 0.1037

--- Round 152/500 ---
Averaged Train Loss: 1.5404
Averaged Test Accuracy: 0.4235
Averaged Test AUC: 0.8399
Std Test Accuracy: 0.1330
Std Test AUC: 0.0408

--- Round 153/500 ---
Averaged Train Loss: 1.6653
Averaged Test Accuracy: 0.3860
Averaged Test AUC: 0.8282
Std Test Accuracy: 0.2040
Std Test AUC: 0.0670

--- Round 154/500 ---
Averaged Train Loss: 1.5707
Averaged Test Accuracy: 0.4304
Averaged Test AUC: 0.8356
Std Test Accuracy: 0.1951
Std Test AUC: 0.0718

--- Round 155/500 ---
Averaged Train Loss: 1.6818
Averaged Test Accuracy: 0.3924
Averaged Test AUC: 0.8205
Std Test Accuracy: 0.1754
Std Test AUC: 0.0748

--- Round 156/500 ---
Averaged Train Loss: 1.5587
Averaged Test Accuracy: 0.4177
Averaged Test AUC: 0.8390
Std Test Accuracy: 0.1426
Std Test AUC: 0.0459

--- Round 157/500 ---
Averaged Train Loss: 1.5363
Averaged Test Accuracy: 0.4294
Averaged Test AUC: 0.8399
Std Test Accuracy: 0.1475
Std Test AUC: 0.0462

--- Round 158/500 ---
Averaged Train Loss: 1.6100
Averaged Test Accuracy: 0.4096
Averaged Test AUC: 0.8343
Std Test Accuracy: 0.2190
Std Test AUC: 0.0775

--- Round 159/500 ---
Averaged Train Loss: 1.7069
Averaged Test Accuracy: 0.3783
Averaged Test AUC: 0.8136
Std Test Accuracy: 0.1732
Std Test AUC: 0.0755

--- Round 160/500 ---
Averaged Train Loss: 1.5576
Averaged Test Accuracy: 0.4138
Averaged Test AUC: 0.8412
Std Test Accuracy: 0.1364
Std Test AUC: 0.0404

--- Round 161/500 ---
Averaged Train Loss: 1.6436
Averaged Test Accuracy: 0.4039
Averaged Test AUC: 0.8288
Std Test Accuracy: 0.1773
Std Test AUC: 0.0672

--- Round 162/500 ---
Averaged Train Loss: 1.6357
Averaged Test Accuracy: 0.4125
Averaged Test AUC: 0.8309
Std Test Accuracy: 0.2230
Std Test AUC: 0.0838

--- Round 163/500 ---
Averaged Train Loss: 1.8076
Averaged Test Accuracy: 0.3546
Averaged Test AUC: 0.8130
Std Test Accuracy: 0.1869
Std Test AUC: 0.0702

--- Round 164/500 ---
Averaged Train Loss: 1.5896
Averaged Test Accuracy: 0.4081
Averaged Test AUC: 0.8383
Std Test Accuracy: 0.1469
Std Test AUC: 0.0454

--- Round 165/500 ---
Averaged Train Loss: 1.6285
Averaged Test Accuracy: 0.3993
Averaged Test AUC: 0.8346
Std Test Accuracy: 0.2059
Std Test AUC: 0.0587

--- Round 166/500 ---
Averaged Train Loss: 1.5441
Averaged Test Accuracy: 0.4404
Averaged Test AUC: 0.8390
Std Test Accuracy: 0.1797
Std Test AUC: 0.0635

--- Round 167/500 ---
Averaged Train Loss: 1.6596
Averaged Test Accuracy: 0.3962
Averaged Test AUC: 0.8275
Std Test Accuracy: 0.1849
Std Test AUC: 0.0673

--- Round 168/500 ---
Averaged Train Loss: 1.6252
Averaged Test Accuracy: 0.3902
Averaged Test AUC: 0.8320
Std Test Accuracy: 0.1682
Std Test AUC: 0.0591

--- Round 169/500 ---
Averaged Train Loss: 1.7176
Averaged Test Accuracy: 0.3695
Averaged Test AUC: 0.8285
Std Test Accuracy: 0.2264
Std Test AUC: 0.0694

--- Round 170/500 ---
Averaged Train Loss: 1.5498
Averaged Test Accuracy: 0.4343
Averaged Test AUC: 0.8418
Std Test Accuracy: 0.1939
Std Test AUC: 0.0629

--- Round 171/500 ---
Averaged Train Loss: 1.7002
Averaged Test Accuracy: 0.3951
Averaged Test AUC: 0.8162
Std Test Accuracy: 0.1753
Std Test AUC: 0.0842

--- Round 172/500 ---
Averaged Train Loss: 1.6186
Averaged Test Accuracy: 0.4055
Averaged Test AUC: 0.8322
Std Test Accuracy: 0.1633
Std Test AUC: 0.0585

--- Round 173/500 ---
Averaged Train Loss: 1.6695
Averaged Test Accuracy: 0.3861
Averaged Test AUC: 0.8316
Std Test Accuracy: 0.2137
Std Test AUC: 0.0639

--- Round 174/500 ---
Averaged Train Loss: 1.5197
Averaged Test Accuracy: 0.4435
Averaged Test AUC: 0.8483
Std Test Accuracy: 0.1577
Std Test AUC: 0.0508

--- Round 175/500 ---
Averaged Train Loss: 1.6186
Averaged Test Accuracy: 0.4099
Averaged Test AUC: 0.8315
Std Test Accuracy: 0.1600
Std Test AUC: 0.0614

--- Round 176/500 ---
Averaged Train Loss: 1.4957
Averaged Test Accuracy: 0.4423
Averaged Test AUC: 0.8451
Std Test Accuracy: 0.1151
Std Test AUC: 0.0351

--- Round 177/500 ---
Averaged Train Loss: 1.6656
Averaged Test Accuracy: 0.3880
Averaged Test AUC: 0.8365
Std Test Accuracy: 0.2118
Std Test AUC: 0.0592

--- Round 178/500 ---
Averaged Train Loss: 1.6901
Averaged Test Accuracy: 0.3918
Averaged Test AUC: 0.8294
Std Test Accuracy: 0.2347
Std Test AUC: 0.0793

--- Round 179/500 ---
Averaged Train Loss: 1.7444
Averaged Test Accuracy: 0.3819
Averaged Test AUC: 0.8226
Std Test Accuracy: 0.1760
Std Test AUC: 0.0637

--- Round 180/500 ---
Averaged Train Loss: 1.6102
Averaged Test Accuracy: 0.3900
Averaged Test AUC: 0.8379
Std Test Accuracy: 0.1669
Std Test AUC: 0.0492

--- Round 181/500 ---
Averaged Train Loss: 1.6246
Averaged Test Accuracy: 0.4015
Averaged Test AUC: 0.8383
Std Test Accuracy: 0.2021
Std Test AUC: 0.0572

--- Round 182/500 ---
Averaged Train Loss: 1.6163
Averaged Test Accuracy: 0.4080
Averaged Test AUC: 0.8353
Std Test Accuracy: 0.2034
Std Test AUC: 0.0652

--- Round 183/500 ---
Averaged Train Loss: 1.7230
Averaged Test Accuracy: 0.3880
Averaged Test AUC: 0.8221
Std Test Accuracy: 0.1716
Std Test AUC: 0.0711

--- Round 184/500 ---
Averaged Train Loss: 1.5359
Averaged Test Accuracy: 0.4228
Averaged Test AUC: 0.8423
Std Test Accuracy: 0.1367
Std Test AUC: 0.0467

--- Round 185/500 ---
Averaged Train Loss: 1.6149
Averaged Test Accuracy: 0.4140
Averaged Test AUC: 0.8318
Std Test Accuracy: 0.1774
Std Test AUC: 0.0694

--- Round 186/500 ---
Averaged Train Loss: 1.5336
Averaged Test Accuracy: 0.4388
Averaged Test AUC: 0.8403
Std Test Accuracy: 0.1694
Std Test AUC: 0.0631

--- Round 187/500 ---
Averaged Train Loss: 1.6612
Averaged Test Accuracy: 0.4046
Averaged Test AUC: 0.8284
Std Test Accuracy: 0.1665
Std Test AUC: 0.0605

--- Round 188/500 ---
Averaged Train Loss: 1.5080
Averaged Test Accuracy: 0.4346
Averaged Test AUC: 0.8440
Std Test Accuracy: 0.1737
Std Test AUC: 0.0525

--- Round 189/500 ---
Averaged Train Loss: 1.5608
Averaged Test Accuracy: 0.4208
Averaged Test AUC: 0.8434
Std Test Accuracy: 0.1910
Std Test AUC: 0.0493

--- Round 190/500 ---
Averaged Train Loss: 1.5239
Averaged Test Accuracy: 0.4453
Averaged Test AUC: 0.8440
Std Test Accuracy: 0.1745
Std Test AUC: 0.0629

--- Round 191/500 ---
Averaged Train Loss: 1.7633
Averaged Test Accuracy: 0.3716
Averaged Test AUC: 0.8184
Std Test Accuracy: 0.1881
Std Test AUC: 0.0697

--- Round 192/500 ---
Averaged Train Loss: 1.5757
Averaged Test Accuracy: 0.4220
Averaged Test AUC: 0.8368
Std Test Accuracy: 0.1750
Std Test AUC: 0.0624

--- Round 193/500 ---
Averaged Train Loss: 1.5267
Averaged Test Accuracy: 0.4369
Averaged Test AUC: 0.8440
Std Test Accuracy: 0.1675
Std Test AUC: 0.0526

--- Round 194/500 ---
Averaged Train Loss: 1.5489
Averaged Test Accuracy: 0.4357
Averaged Test AUC: 0.8449
Std Test Accuracy: 0.2004
Std Test AUC: 0.0597

--- Round 195/500 ---
Averaged Train Loss: 1.5415
Averaged Test Accuracy: 0.4339
Averaged Test AUC: 0.8394
Std Test Accuracy: 0.1348
Std Test AUC: 0.0518

--- Round 196/500 ---
Averaged Train Loss: 1.4819
Averaged Test Accuracy: 0.4484
Averaged Test AUC: 0.8478
Std Test Accuracy: 0.1292
Std Test AUC: 0.0412

--- Round 197/500 ---
Averaged Train Loss: 1.6220
Averaged Test Accuracy: 0.4069
Averaged Test AUC: 0.8347
Std Test Accuracy: 0.1826
Std Test AUC: 0.0678

--- Round 198/500 ---
Averaged Train Loss: 1.5212
Averaged Test Accuracy: 0.4445
Averaged Test AUC: 0.8466
Std Test Accuracy: 0.1717
Std Test AUC: 0.0570

--- Round 199/500 ---
Averaged Train Loss: 1.5949
Averaged Test Accuracy: 0.4168
Averaged Test AUC: 0.8360
Std Test Accuracy: 0.1591
Std Test AUC: 0.0541

--- Round 200/500 ---
Averaged Train Loss: 1.5682
Averaged Test Accuracy: 0.4146
Averaged Test AUC: 0.8375
Std Test Accuracy: 0.1270
Std Test AUC: 0.0440

--- Round 201/500 ---
Averaged Train Loss: 1.5465
Averaged Test Accuracy: 0.4278
Averaged Test AUC: 0.8469
Std Test Accuracy: 0.1864
Std Test AUC: 0.0437

--- Round 202/500 ---
Averaged Train Loss: 1.5476
Averaged Test Accuracy: 0.4412
Averaged Test AUC: 0.8386
Std Test Accuracy: 0.1550
Std Test AUC: 0.0683

--- Round 203/500 ---
Averaged Train Loss: 1.5230
Averaged Test Accuracy: 0.4421
Averaged Test AUC: 0.8461
Std Test Accuracy: 0.1467
Std Test AUC: 0.0436

--- Round 204/500 ---
Averaged Train Loss: 1.4943
Averaged Test Accuracy: 0.4468
Averaged Test AUC: 0.8480
Std Test Accuracy: 0.1290
Std Test AUC: 0.0397

--- Round 205/500 ---
Averaged Train Loss: 1.5452
Averaged Test Accuracy: 0.4351
Averaged Test AUC: 0.8473
Std Test Accuracy: 0.1912
Std Test AUC: 0.0539

--- Round 206/500 ---
Averaged Train Loss: 1.5419
Averaged Test Accuracy: 0.4262
Averaged Test AUC: 0.8472
Std Test Accuracy: 0.1660
Std Test AUC: 0.0460

--- Round 207/500 ---
Averaged Train Loss: 1.6573
Averaged Test Accuracy: 0.4082
Averaged Test AUC: 0.8264
Std Test Accuracy: 0.1739
Std Test AUC: 0.0805

--- Round 208/500 ---
Averaged Train Loss: 1.5674
Averaged Test Accuracy: 0.4306
Averaged Test AUC: 0.8418
Std Test Accuracy: 0.1644
Std Test AUC: 0.0510

--- Round 209/500 ---
Averaged Train Loss: 1.5364
Averaged Test Accuracy: 0.4391
Averaged Test AUC: 0.8482
Std Test Accuracy: 0.1884
Std Test AUC: 0.0507

--- Round 210/500 ---
Averaged Train Loss: 1.4845
Averaged Test Accuracy: 0.4594
Averaged Test AUC: 0.8475
Std Test Accuracy: 0.1191
Std Test AUC: 0.0481

--- Round 211/500 ---
Averaged Train Loss: 1.6287
Averaged Test Accuracy: 0.4050
Averaged Test AUC: 0.8344
Std Test Accuracy: 0.1667
Std Test AUC: 0.0610

--- Round 212/500 ---
Averaged Train Loss: 1.5355
Averaged Test Accuracy: 0.4347
Averaged Test AUC: 0.8431
Std Test Accuracy: 0.1618
Std Test AUC: 0.0533

--- Round 213/500 ---
Averaged Train Loss: 1.5423
Averaged Test Accuracy: 0.4360
Averaged Test AUC: 0.8472
Std Test Accuracy: 0.1945
Std Test AUC: 0.0565

--- Round 214/500 ---
Averaged Train Loss: 1.5005
Averaged Test Accuracy: 0.4558
Averaged Test AUC: 0.8462
Std Test Accuracy: 0.1666
Std Test AUC: 0.0563

--- Round 215/500 ---
Averaged Train Loss: 1.6204
Averaged Test Accuracy: 0.4101
Averaged Test AUC: 0.8324
Std Test Accuracy: 0.1765
Std Test AUC: 0.0742

--- Round 216/500 ---
Averaged Train Loss: 1.5623
Averaged Test Accuracy: 0.4214
Averaged Test AUC: 0.8400
Std Test Accuracy: 0.1648
Std Test AUC: 0.0519

--- Round 217/500 ---
Averaged Train Loss: 1.4575
Averaged Test Accuracy: 0.4649
Averaged Test AUC: 0.8523
Std Test Accuracy: 0.1178
Std Test AUC: 0.0381

--- Round 218/500 ---
Averaged Train Loss: 1.5619
Averaged Test Accuracy: 0.4347
Averaged Test AUC: 0.8422
Std Test Accuracy: 0.1979
Std Test AUC: 0.0665

--- Round 219/500 ---
Averaged Train Loss: 1.4752
Averaged Test Accuracy: 0.4649
Averaged Test AUC: 0.8464
Std Test Accuracy: 0.1291
Std Test AUC: 0.0576

--- Round 220/500 ---
Averaged Train Loss: 1.5050
Averaged Test Accuracy: 0.4387
Averaged Test AUC: 0.8446
Std Test Accuracy: 0.1385
Std Test AUC: 0.0449

--- Round 221/500 ---
Averaged Train Loss: 1.5123
Averaged Test Accuracy: 0.4446
Averaged Test AUC: 0.8488
Std Test Accuracy: 0.1665
Std Test AUC: 0.0572

--- Round 222/500 ---
Averaged Train Loss: 1.5012
Averaged Test Accuracy: 0.4612
Averaged Test AUC: 0.8451
Std Test Accuracy: 0.1533
Std Test AUC: 0.0651

--- Round 223/500 ---
Averaged Train Loss: 1.4894
Averaged Test Accuracy: 0.4473
Averaged Test AUC: 0.8486
Std Test Accuracy: 0.1470
Std Test AUC: 0.0458

--- Round 224/500 ---
Averaged Train Loss: 1.4966
Averaged Test Accuracy: 0.4393
Averaged Test AUC: 0.8465
Std Test Accuracy: 0.1314
Std Test AUC: 0.0397

--- Round 225/500 ---
Averaged Train Loss: 1.5033
Averaged Test Accuracy: 0.4466
Averaged Test AUC: 0.8496
Std Test Accuracy: 0.1585
Std Test AUC: 0.0501

--- Round 226/500 ---
Averaged Train Loss: 1.4486
Averaged Test Accuracy: 0.4751
Averaged Test AUC: 0.8526
Std Test Accuracy: 0.1501
Std Test AUC: 0.0533

--- Round 227/500 ---
Averaged Train Loss: 1.4692
Averaged Test Accuracy: 0.4611
Averaged Test AUC: 0.8491
Std Test Accuracy: 0.1202
Std Test AUC: 0.0471

--- Round 228/500 ---
Averaged Train Loss: 1.5642
Averaged Test Accuracy: 0.4296
Averaged Test AUC: 0.8381
Std Test Accuracy: 0.1632
Std Test AUC: 0.0661

--- Round 229/500 ---
Averaged Train Loss: 1.5070
Averaged Test Accuracy: 0.4501
Averaged Test AUC: 0.8438
Std Test Accuracy: 0.1755
Std Test AUC: 0.0552

--- Round 230/500 ---
Averaged Train Loss: 1.4759
Averaged Test Accuracy: 0.4619
Averaged Test AUC: 0.8498
Std Test Accuracy: 0.1577
Std Test AUC: 0.0520

--- Round 231/500 ---
Averaged Train Loss: 1.5739
Averaged Test Accuracy: 0.4290
Averaged Test AUC: 0.8467
Std Test Accuracy: 0.1481
Std Test AUC: 0.0449

--- Round 232/500 ---
Averaged Train Loss: 1.4801
Averaged Test Accuracy: 0.4488
Averaged Test AUC: 0.8470
Std Test Accuracy: 0.1095
Std Test AUC: 0.0368

--- Round 233/500 ---
Averaged Train Loss: 1.4540
Averaged Test Accuracy: 0.4597
Averaged Test AUC: 0.8512
Std Test Accuracy: 0.1494
Std Test AUC: 0.0421

--- Round 234/500 ---
Averaged Train Loss: 1.4593
Averaged Test Accuracy: 0.4667
Averaged Test AUC: 0.8526
Std Test Accuracy: 0.1529
Std Test AUC: 0.0464

--- Round 235/500 ---
Averaged Train Loss: 1.5735
Averaged Test Accuracy: 0.4188
Averaged Test AUC: 0.8437
Std Test Accuracy: 0.1664
Std Test AUC: 0.0537

--- Round 236/500 ---
Averaged Train Loss: 1.4606
Averaged Test Accuracy: 0.4590
Averaged Test AUC: 0.8504
Std Test Accuracy: 0.1265
Std Test AUC: 0.0394

--- Round 237/500 ---
Averaged Train Loss: 1.4869
Averaged Test Accuracy: 0.4515
Averaged Test AUC: 0.8513
Std Test Accuracy: 0.1816
Std Test AUC: 0.0505

--- Round 238/500 ---
Averaged Train Loss: 1.4605
Averaged Test Accuracy: 0.4684
Averaged Test AUC: 0.8526
Std Test Accuracy: 0.1621
Std Test AUC: 0.0448

--- Round 239/500 ---
Averaged Train Loss: 1.5003
Averaged Test Accuracy: 0.4393
Averaged Test AUC: 0.8472
Std Test Accuracy: 0.1401
Std Test AUC: 0.0442

--- Round 240/500 ---
Averaged Train Loss: 1.4738
Averaged Test Accuracy: 0.4590
Averaged Test AUC: 0.8476
Std Test Accuracy: 0.1272
Std Test AUC: 0.0491

--- Round 241/500 ---
Averaged Train Loss: 1.4731
Averaged Test Accuracy: 0.4575
Averaged Test AUC: 0.8523
Std Test Accuracy: 0.1615
Std Test AUC: 0.0468

--- Round 242/500 ---
Averaged Train Loss: 1.4718
Averaged Test Accuracy: 0.4674
Averaged Test AUC: 0.8511
Std Test Accuracy: 0.1565
Std Test AUC: 0.0543

--- Round 243/500 ---
Averaged Train Loss: 1.5994
Averaged Test Accuracy: 0.4294
Averaged Test AUC: 0.8354
Std Test Accuracy: 0.1864
Std Test AUC: 0.0716

--- Round 244/500 ---
Averaged Train Loss: 1.5122
Averaged Test Accuracy: 0.4411
Averaged Test AUC: 0.8468
Std Test Accuracy: 0.1336
Std Test AUC: 0.0431

--- Round 245/500 ---
Averaged Train Loss: 1.4700
Averaged Test Accuracy: 0.4574
Averaged Test AUC: 0.8532
Std Test Accuracy: 0.1579
Std Test AUC: 0.0428

--- Round 246/500 ---
Averaged Train Loss: 1.5348
Averaged Test Accuracy: 0.4377
Averaged Test AUC: 0.8457
Std Test Accuracy: 0.2166
Std Test AUC: 0.0659

--- Round 247/500 ---
Averaged Train Loss: 1.4960
Averaged Test Accuracy: 0.4529
Averaged Test AUC: 0.8455
Std Test Accuracy: 0.1532
Std Test AUC: 0.0571

--- Round 248/500 ---
Averaged Train Loss: 1.4535
Averaged Test Accuracy: 0.4602
Averaged Test AUC: 0.8520
Std Test Accuracy: 0.1244
Std Test AUC: 0.0394

--- Round 249/500 ---
Averaged Train Loss: 1.5076
Averaged Test Accuracy: 0.4445
Averaged Test AUC: 0.8484
Std Test Accuracy: 0.1796
Std Test AUC: 0.0540

--- Round 250/500 ---
Averaged Train Loss: 1.4967
Averaged Test Accuracy: 0.4401
Averaged Test AUC: 0.8519
Std Test Accuracy: 0.1786
Std Test AUC: 0.0492

--- Round 251/500 ---
Averaged Train Loss: 1.5356
Averaged Test Accuracy: 0.4379
Averaged Test AUC: 0.8407
Std Test Accuracy: 0.1533
Std Test AUC: 0.0581

--- Round 252/500 ---
Averaged Train Loss: 1.4354
Averaged Test Accuracy: 0.4738
Averaged Test AUC: 0.8549
Std Test Accuracy: 0.1036
Std Test AUC: 0.0322

--- Round 253/500 ---
Averaged Train Loss: 1.4980
Averaged Test Accuracy: 0.4441
Averaged Test AUC: 0.8520
Std Test Accuracy: 0.1916
Std Test AUC: 0.0497

--- Round 254/500 ---
Averaged Train Loss: 1.6855
Averaged Test Accuracy: 0.3741
Averaged Test AUC: 0.8410
Std Test Accuracy: 0.2234
Std Test AUC: 0.0586

--- Round 255/500 ---
Averaged Train Loss: 1.5698
Averaged Test Accuracy: 0.4224
Averaged Test AUC: 0.8386
Std Test Accuracy: 0.1748
Std Test AUC: 0.0627

--- Round 256/500 ---
Averaged Train Loss: 1.4596
Averaged Test Accuracy: 0.4621
Averaged Test AUC: 0.8515
Std Test Accuracy: 0.1180
Std Test AUC: 0.0359

--- Round 257/500 ---
Averaged Train Loss: 1.4148
Averaged Test Accuracy: 0.4774
Averaged Test AUC: 0.8596
Std Test Accuracy: 0.1500
Std Test AUC: 0.0345

--- Round 258/500 ---
Averaged Train Loss: 1.3945
Averaged Test Accuracy: 0.4860
Averaged Test AUC: 0.8617
Std Test Accuracy: 0.1584
Std Test AUC: 0.0405

--- Round 259/500 ---
Averaged Train Loss: 1.5976
Averaged Test Accuracy: 0.4191
Averaged Test AUC: 0.8335
Std Test Accuracy: 0.1770
Std Test AUC: 0.0734

--- Round 260/500 ---
Averaged Train Loss: 1.5016
Averaged Test Accuracy: 0.4443
Averaged Test AUC: 0.8516
Std Test Accuracy: 0.1445
Std Test AUC: 0.0422

--- Round 261/500 ---
Averaged Train Loss: 1.4619
Averaged Test Accuracy: 0.4604
Averaged Test AUC: 0.8553
Std Test Accuracy: 0.1336
Std Test AUC: 0.0391

--- Round 262/500 ---
Averaged Train Loss: 1.4196
Averaged Test Accuracy: 0.4838
Averaged Test AUC: 0.8575
Std Test Accuracy: 0.1433
Std Test AUC: 0.0429

--- Round 263/500 ---
Averaged Train Loss: 1.5998
Averaged Test Accuracy: 0.4208
Averaged Test AUC: 0.8365
Std Test Accuracy: 0.1721
Std Test AUC: 0.0668

--- Round 264/500 ---
Averaged Train Loss: 1.4893
Averaged Test Accuracy: 0.4499
Averaged Test AUC: 0.8498
Std Test Accuracy: 0.1410
Std Test AUC: 0.0434

--- Round 265/500 ---
Averaged Train Loss: 1.4488
Averaged Test Accuracy: 0.4649
Averaged Test AUC: 0.8552
Std Test Accuracy: 0.1490
Std Test AUC: 0.0418

--- Round 266/500 ---
Averaged Train Loss: 1.4544
Averaged Test Accuracy: 0.4711
Averaged Test AUC: 0.8535
Std Test Accuracy: 0.1704
Std Test AUC: 0.0533

--- Round 267/500 ---
Averaged Train Loss: 1.5386
Averaged Test Accuracy: 0.4389
Averaged Test AUC: 0.8443
Std Test Accuracy: 0.1822
Std Test AUC: 0.0630

--- Round 268/500 ---
Averaged Train Loss: 1.4591
Averaged Test Accuracy: 0.4543
Averaged Test AUC: 0.8535
Std Test Accuracy: 0.1306
Std Test AUC: 0.0363

--- Round 269/500 ---
Averaged Train Loss: 1.4473
Averaged Test Accuracy: 0.4685
Averaged Test AUC: 0.8559
Std Test Accuracy: 0.1417
Std Test AUC: 0.0416

--- Round 270/500 ---
Averaged Train Loss: 1.4307
Averaged Test Accuracy: 0.4834
Averaged Test AUC: 0.8537
Std Test Accuracy: 0.1019
Std Test AUC: 0.0405

--- Round 271/500 ---
Averaged Train Loss: 1.4802
Averaged Test Accuracy: 0.4516
Averaged Test AUC: 0.8487
Std Test Accuracy: 0.1459
Std Test AUC: 0.0516

--- Round 272/500 ---
Averaged Train Loss: 1.4447
Averaged Test Accuracy: 0.4692
Averaged Test AUC: 0.8524
Std Test Accuracy: 0.1460
Std Test AUC: 0.0478

--- Round 273/500 ---
Averaged Train Loss: 1.4921
Averaged Test Accuracy: 0.4466
Averaged Test AUC: 0.8519
Std Test Accuracy: 0.1883
Std Test AUC: 0.0506

--- Round 274/500 ---
Averaged Train Loss: 1.5510
Averaged Test Accuracy: 0.4294
Averaged Test AUC: 0.8472
Std Test Accuracy: 0.1651
Std Test AUC: 0.0531

--- Round 275/500 ---
Averaged Train Loss: 1.5382
Averaged Test Accuracy: 0.4347
Averaged Test AUC: 0.8456
Std Test Accuracy: 0.1767
Std Test AUC: 0.0585

--- Round 276/500 ---
Averaged Train Loss: 1.4372
Averaged Test Accuracy: 0.4645
Averaged Test AUC: 0.8547
Std Test Accuracy: 0.1335
Std Test AUC: 0.0373

--- Round 277/500 ---
Averaged Train Loss: 1.4654
Averaged Test Accuracy: 0.4504
Averaged Test AUC: 0.8533
Std Test Accuracy: 0.1695
Std Test AUC: 0.0434

--- Round 278/500 ---
Averaged Train Loss: 1.6362
Averaged Test Accuracy: 0.4140
Averaged Test AUC: 0.8419
Std Test Accuracy: 0.1925
Std Test AUC: 0.0658

--- Round 279/500 ---
Averaged Train Loss: 1.5468
Averaged Test Accuracy: 0.4292
Averaged Test AUC: 0.8448
Std Test Accuracy: 0.1804
Std Test AUC: 0.0551

--- Round 280/500 ---
Averaged Train Loss: 1.4557
Averaged Test Accuracy: 0.4606
Averaged Test AUC: 0.8506
Std Test Accuracy: 0.1359
Std Test AUC: 0.0447

--- Round 281/500 ---
Averaged Train Loss: 1.4338
Averaged Test Accuracy: 0.4667
Averaged Test AUC: 0.8551
Std Test Accuracy: 0.1664
Std Test AUC: 0.0428

--- Round 282/500 ---
Averaged Train Loss: 1.4257
Averaged Test Accuracy: 0.4800
Averaged Test AUC: 0.8566
Std Test Accuracy: 0.1532
Std Test AUC: 0.0422

--- Round 283/500 ---
Averaged Train Loss: 1.4556
Averaged Test Accuracy: 0.4604
Averaged Test AUC: 0.8530
Std Test Accuracy: 0.1516
Std Test AUC: 0.0473

--- Round 284/500 ---
Averaged Train Loss: 1.4188
Averaged Test Accuracy: 0.4744
Averaged Test AUC: 0.8586
Std Test Accuracy: 0.1319
Std Test AUC: 0.0359

--- Round 285/500 ---
Averaged Train Loss: 1.4535
Averaged Test Accuracy: 0.4661
Averaged Test AUC: 0.8557
Std Test Accuracy: 0.1779
Std Test AUC: 0.0552

--- Round 286/500 ---
Averaged Train Loss: 1.5265
Averaged Test Accuracy: 0.4301
Averaged Test AUC: 0.8496
Std Test Accuracy: 0.1703
Std Test AUC: 0.0425

--- Round 287/500 ---
Averaged Train Loss: 1.5743
Averaged Test Accuracy: 0.4305
Averaged Test AUC: 0.8400
Std Test Accuracy: 0.1695
Std Test AUC: 0.0615

--- Round 288/500 ---
Averaged Train Loss: 1.4419
Averaged Test Accuracy: 0.4699
Averaged Test AUC: 0.8553
Std Test Accuracy: 0.1309
Std Test AUC: 0.0433

--- Round 289/500 ---
Averaged Train Loss: 1.4177
Averaged Test Accuracy: 0.4737
Averaged Test AUC: 0.8578
Std Test Accuracy: 0.1565
Std Test AUC: 0.0421

--- Round 290/500 ---
Averaged Train Loss: 1.6075
Averaged Test Accuracy: 0.4054
Averaged Test AUC: 0.8418
Std Test Accuracy: 0.1859
Std Test AUC: 0.0527

--- Round 291/500 ---
Averaged Train Loss: 1.5583
Averaged Test Accuracy: 0.4399
Averaged Test AUC: 0.8421
Std Test Accuracy: 0.1781
Std Test AUC: 0.0663

--- Round 292/500 ---
Averaged Train Loss: 1.8861
Averaged Test Accuracy: 0.3580
Averaged Test AUC: 0.8144
Std Test Accuracy: 0.2128
Std Test AUC: 0.0847

--- Round 293/500 ---
Averaged Train Loss: 1.5113
Averaged Test Accuracy: 0.4592
Averaged Test AUC: 0.8462
Std Test Accuracy: 0.1868
Std Test AUC: 0.0674

--- Round 294/500 ---
Averaged Train Loss: 1.6625
Averaged Test Accuracy: 0.3925
Averaged Test AUC: 0.8369
Std Test Accuracy: 0.2039
Std Test AUC: 0.0650

--- Round 295/500 ---
Averaged Train Loss: 1.5086
Averaged Test Accuracy: 0.4494
Averaged Test AUC: 0.8484
Std Test Accuracy: 0.1676
Std Test AUC: 0.0556

--- Round 296/500 ---
Averaged Train Loss: 1.4963
Averaged Test Accuracy: 0.4461
Averaged Test AUC: 0.8517
Std Test Accuracy: 0.1547
Std Test AUC: 0.0421

--- Round 297/500 ---
Averaged Train Loss: 1.4683
Averaged Test Accuracy: 0.4665
Averaged Test AUC: 0.8538
Std Test Accuracy: 0.1827
Std Test AUC: 0.0509

--- Round 298/500 ---
Averaged Train Loss: 1.4619
Averaged Test Accuracy: 0.4546
Averaged Test AUC: 0.8506
Std Test Accuracy: 0.1510
Std Test AUC: 0.0453

--- Round 299/500 ---
Averaged Train Loss: 1.5088
Averaged Test Accuracy: 0.4447
Averaged Test AUC: 0.8481
Std Test Accuracy: 0.1571
Std Test AUC: 0.0516

--- Round 300/500 ---
Averaged Train Loss: 1.5940
Averaged Test Accuracy: 0.4019
Averaged Test AUC: 0.8451
Std Test Accuracy: 0.2019
Std Test AUC: 0.0536

--- Round 301/500 ---
Averaged Train Loss: 1.4757
Averaged Test Accuracy: 0.4588
Averaged Test AUC: 0.8519
Std Test Accuracy: 0.1760
Std Test AUC: 0.0504

--- Round 302/500 ---
Averaged Train Loss: 1.4086
Averaged Test Accuracy: 0.4858
Averaged Test AUC: 0.8582
Std Test Accuracy: 0.1448
Std Test AUC: 0.0499

--- Round 303/500 ---
Averaged Train Loss: 1.5424
Averaged Test Accuracy: 0.4426
Averaged Test AUC: 0.8466
Std Test Accuracy: 0.1706
Std Test AUC: 0.0561

--- Round 304/500 ---
Averaged Train Loss: 1.4447
Averaged Test Accuracy: 0.4641
Averaged Test AUC: 0.8555
Std Test Accuracy: 0.1181
Std Test AUC: 0.0368

--- Round 305/500 ---
Averaged Train Loss: 1.5237
Averaged Test Accuracy: 0.4413
Averaged Test AUC: 0.8486
Std Test Accuracy: 0.2031
Std Test AUC: 0.0566

--- Round 306/500 ---
Averaged Train Loss: 1.4498
Averaged Test Accuracy: 0.4693
Averaged Test AUC: 0.8559
Std Test Accuracy: 0.1858
Std Test AUC: 0.0524

--- Round 307/500 ---
Averaged Train Loss: 1.5016
Averaged Test Accuracy: 0.4560
Averaged Test AUC: 0.8497
Std Test Accuracy: 0.1583
Std Test AUC: 0.0544

--- Round 308/500 ---
Averaged Train Loss: 1.5108
Averaged Test Accuracy: 0.4395
Averaged Test AUC: 0.8512
Std Test Accuracy: 0.1620
Std Test AUC: 0.0441

--- Round 309/500 ---
Averaged Train Loss: 1.5216
Averaged Test Accuracy: 0.4525
Averaged Test AUC: 0.8487
Std Test Accuracy: 0.1905
Std Test AUC: 0.0591

--- Round 310/500 ---
Averaged Train Loss: 1.4575
Averaged Test Accuracy: 0.4681
Averaged Test AUC: 0.8554
Std Test Accuracy: 0.1924
Std Test AUC: 0.0547

--- Round 311/500 ---
Averaged Train Loss: 1.4183
Averaged Test Accuracy: 0.4818
Averaged Test AUC: 0.8585
Std Test Accuracy: 0.1265
Std Test AUC: 0.0449

--- Round 312/500 ---
Averaged Train Loss: 1.4018
Averaged Test Accuracy: 0.4804
Averaged Test AUC: 0.8577
Std Test Accuracy: 0.1181
Std Test AUC: 0.0389

--- Round 313/500 ---
Averaged Train Loss: 1.4684
Averaged Test Accuracy: 0.4598
Averaged Test AUC: 0.8529
Std Test Accuracy: 0.1741
Std Test AUC: 0.0550

--- Round 314/500 ---
Averaged Train Loss: 1.4073
Averaged Test Accuracy: 0.4858
Averaged Test AUC: 0.8612
Std Test Accuracy: 0.1601
Std Test AUC: 0.0437

--- Round 315/500 ---
Averaged Train Loss: 1.5850
Averaged Test Accuracy: 0.4213
Averaged Test AUC: 0.8432
Std Test Accuracy: 0.1687
Std Test AUC: 0.0564

--- Round 316/500 ---
Averaged Train Loss: 1.4620
Averaged Test Accuracy: 0.4529
Averaged Test AUC: 0.8548
Std Test Accuracy: 0.1467
Std Test AUC: 0.0378

--- Round 317/500 ---
Averaged Train Loss: 1.4507
Averaged Test Accuracy: 0.4671
Averaged Test AUC: 0.8541
Std Test Accuracy: 0.1654
Std Test AUC: 0.0488

--- Round 318/500 ---
Averaged Train Loss: 1.4169
Averaged Test Accuracy: 0.4801
Averaged Test AUC: 0.8587
Std Test Accuracy: 0.1750
Std Test AUC: 0.0531

--- Round 319/500 ---
Averaged Train Loss: 1.5096
Averaged Test Accuracy: 0.4468
Averaged Test AUC: 0.8505
Std Test Accuracy: 0.1638
Std Test AUC: 0.0477

--- Round 320/500 ---
Averaged Train Loss: 1.5015
Averaged Test Accuracy: 0.4422
Averaged Test AUC: 0.8523
Std Test Accuracy: 0.1732
Std Test AUC: 0.0447

--- Round 321/500 ---
Averaged Train Loss: 1.3877
Averaged Test Accuracy: 0.4913
Averaged Test AUC: 0.8594
Std Test Accuracy: 0.0991
Std Test AUC: 0.0340

--- Round 322/500 ---
Averaged Train Loss: 1.4132
Averaged Test Accuracy: 0.4812
Averaged Test AUC: 0.8601
Std Test Accuracy: 0.1749
Std Test AUC: 0.0474

--- Round 323/500 ---
Averaged Train Loss: 1.4529
Averaged Test Accuracy: 0.4632
Averaged Test AUC: 0.8537
Std Test Accuracy: 0.1610
Std Test AUC: 0.0503

--- Round 324/500 ---
Averaged Train Loss: 1.3714
Averaged Test Accuracy: 0.4941
Averaged Test AUC: 0.8619
Std Test Accuracy: 0.1007
Std Test AUC: 0.0306

--- Round 325/500 ---
Averaged Train Loss: 1.4224
Averaged Test Accuracy: 0.4711
Averaged Test AUC: 0.8555
Std Test Accuracy: 0.1527
Std Test AUC: 0.0422

--- Round 326/500 ---
Averaged Train Loss: 1.3842
Averaged Test Accuracy: 0.4906
Averaged Test AUC: 0.8599
Std Test Accuracy: 0.1525
Std Test AUC: 0.0446

--- Round 327/500 ---
Averaged Train Loss: 1.5021
Averaged Test Accuracy: 0.4521
Averaged Test AUC: 0.8546
Std Test Accuracy: 0.1445
Std Test AUC: 0.0414

--- Round 328/500 ---
Averaged Train Loss: 1.4385
Averaged Test Accuracy: 0.4701
Averaged Test AUC: 0.8552
Std Test Accuracy: 0.1594
Std Test AUC: 0.0476

--- Round 329/500 ---
Averaged Train Loss: 1.5420
Averaged Test Accuracy: 0.4521
Averaged Test AUC: 0.8418
Std Test Accuracy: 0.1821
Std Test AUC: 0.0723

--- Round 330/500 ---
Averaged Train Loss: 1.4154
Averaged Test Accuracy: 0.4828
Averaged Test AUC: 0.8607
Std Test Accuracy: 0.1774
Std Test AUC: 0.0489

--- Round 331/500 ---
Averaged Train Loss: 1.4492
Averaged Test Accuracy: 0.4665
Averaged Test AUC: 0.8568
Std Test Accuracy: 0.1301
Std Test AUC: 0.0392

--- Round 332/500 ---
Averaged Train Loss: 1.4080
Averaged Test Accuracy: 0.4778
Averaged Test AUC: 0.8583
Std Test Accuracy: 0.1412
Std Test AUC: 0.0377

--- Round 333/500 ---
Averaged Train Loss: 1.4027
Averaged Test Accuracy: 0.4881
Averaged Test AUC: 0.8567
Std Test Accuracy: 0.1151
Std Test AUC: 0.0365

--- Round 334/500 ---
Averaged Train Loss: 1.3629
Averaged Test Accuracy: 0.4964
Averaged Test AUC: 0.8645
Std Test Accuracy: 0.1450
Std Test AUC: 0.0352

--- Round 335/500 ---
Averaged Train Loss: 1.4868
Averaged Test Accuracy: 0.4482
Averaged Test AUC: 0.8529
Std Test Accuracy: 0.1446
Std Test AUC: 0.0448

--- Round 336/500 ---
Averaged Train Loss: 1.3970
Averaged Test Accuracy: 0.4854
Averaged Test AUC: 0.8613
Std Test Accuracy: 0.1105
Std Test AUC: 0.0319

--- Round 337/500 ---
Averaged Train Loss: 1.4563
Averaged Test Accuracy: 0.4692
Averaged Test AUC: 0.8495
Std Test Accuracy: 0.1382
Std Test AUC: 0.0539

--- Round 338/500 ---
Averaged Train Loss: 1.4105
Averaged Test Accuracy: 0.4832
Averaged Test AUC: 0.8563
Std Test Accuracy: 0.1319
Std Test AUC: 0.0501

--- Round 339/500 ---
Averaged Train Loss: 1.4020
Averaged Test Accuracy: 0.4857
Averaged Test AUC: 0.8594
Std Test Accuracy: 0.1312
Std Test AUC: 0.0449

--- Round 340/500 ---
Averaged Train Loss: 1.3604
Averaged Test Accuracy: 0.4989
Averaged Test AUC: 0.8643
Std Test Accuracy: 0.0853
Std Test AUC: 0.0272

--- Round 341/500 ---
Averaged Train Loss: 1.4096
Averaged Test Accuracy: 0.4790
Averaged Test AUC: 0.8567
Std Test Accuracy: 0.1564
Std Test AUC: 0.0448

--- Round 342/500 ---
Averaged Train Loss: 1.3908
Averaged Test Accuracy: 0.4912
Averaged Test AUC: 0.8599
Std Test Accuracy: 0.1395
Std Test AUC: 0.0472

--- Round 343/500 ---
Averaged Train Loss: 1.4281
Averaged Test Accuracy: 0.4797
Averaged Test AUC: 0.8560
Std Test Accuracy: 0.1338
Std Test AUC: 0.0502

--- Round 344/500 ---
Averaged Train Loss: 1.3566
Averaged Test Accuracy: 0.4979
Averaged Test AUC: 0.8645
Std Test Accuracy: 0.0926
Std Test AUC: 0.0259

--- Round 345/500 ---
Averaged Train Loss: 1.4708
Averaged Test Accuracy: 0.4586
Averaged Test AUC: 0.8507
Std Test Accuracy: 0.1825
Std Test AUC: 0.0548

--- Round 346/500 ---
Averaged Train Loss: 1.3806
Averaged Test Accuracy: 0.4935
Averaged Test AUC: 0.8627
Std Test Accuracy: 0.1526
Std Test AUC: 0.0381

--- Round 347/500 ---
Averaged Train Loss: 1.4133
Averaged Test Accuracy: 0.4802
Averaged Test AUC: 0.8578
Std Test Accuracy: 0.1356
Std Test AUC: 0.0493

--- Round 348/500 ---
Averaged Train Loss: 1.3543
Averaged Test Accuracy: 0.4998
Averaged Test AUC: 0.8647
Std Test Accuracy: 0.0925
Std Test AUC: 0.0253

--- Round 349/500 ---
Averaged Train Loss: 1.7535
Averaged Test Accuracy: 0.3711
Averaged Test AUC: 0.8345
Std Test Accuracy: 0.2292
Std Test AUC: 0.0691

--- Round 350/500 ---
Averaged Train Loss: 1.4199
Averaged Test Accuracy: 0.4795
Averaged Test AUC: 0.8567
Std Test Accuracy: 0.1687
Std Test AUC: 0.0494

--- Round 351/500 ---
Averaged Train Loss: 1.4241
Averaged Test Accuracy: 0.4773
Averaged Test AUC: 0.8565
Std Test Accuracy: 0.1433
Std Test AUC: 0.0536

--- Round 352/500 ---
Averaged Train Loss: 1.4603
Averaged Test Accuracy: 0.4595
Averaged Test AUC: 0.8590
Std Test Accuracy: 0.1537
Std Test AUC: 0.0409

--- Round 353/500 ---
Averaged Train Loss: 1.4556
Averaged Test Accuracy: 0.4647
Averaged Test AUC: 0.8541
Std Test Accuracy: 0.1712
Std Test AUC: 0.0574

--- Round 354/500 ---
Averaged Train Loss: 1.4069
Averaged Test Accuracy: 0.4894
Averaged Test AUC: 0.8595
Std Test Accuracy: 0.1531
Std Test AUC: 0.0449

--- Round 355/500 ---
Averaged Train Loss: 1.4413
Averaged Test Accuracy: 0.4665
Averaged Test AUC: 0.8557
Std Test Accuracy: 0.1494
Std Test AUC: 0.0420

--- Round 356/500 ---
Averaged Train Loss: 1.5113
Averaged Test Accuracy: 0.4359
Averaged Test AUC: 0.8514
Std Test Accuracy: 0.1600
Std Test AUC: 0.0487

--- Round 357/500 ---
Averaged Train Loss: 1.4266
Averaged Test Accuracy: 0.4749
Averaged Test AUC: 0.8588
Std Test Accuracy: 0.1741
Std Test AUC: 0.0487

--- Round 358/500 ---
Averaged Train Loss: 1.3736
Averaged Test Accuracy: 0.5010
Averaged Test AUC: 0.8628
Std Test Accuracy: 0.1327
Std Test AUC: 0.0433

--- Round 359/500 ---
Averaged Train Loss: 1.5423
Averaged Test Accuracy: 0.4376
Averaged Test AUC: 0.8487
Std Test Accuracy: 0.1641
Std Test AUC: 0.0469

--- Round 360/500 ---
Averaged Train Loss: 1.5009
Averaged Test Accuracy: 0.4371
Averaged Test AUC: 0.8521
Std Test Accuracy: 0.1572
Std Test AUC: 0.0453

--- Round 361/500 ---
Averaged Train Loss: 1.4507
Averaged Test Accuracy: 0.4631
Averaged Test AUC: 0.8580
Std Test Accuracy: 0.1878
Std Test AUC: 0.0525

--- Round 362/500 ---
Averaged Train Loss: 1.4257
Averaged Test Accuracy: 0.4847
Averaged Test AUC: 0.8588
Std Test Accuracy: 0.1777
Std Test AUC: 0.0536

--- Round 363/500 ---
Averaged Train Loss: 1.4157
Averaged Test Accuracy: 0.4757
Averaged Test AUC: 0.8589
Std Test Accuracy: 0.1442
Std Test AUC: 0.0410

--- Round 364/500 ---
Averaged Train Loss: 1.5433
Averaged Test Accuracy: 0.4271
Averaged Test AUC: 0.8500
Std Test Accuracy: 0.1709
Std Test AUC: 0.0483

--- Round 365/500 ---
Averaged Train Loss: 1.4227
Averaged Test Accuracy: 0.4794
Averaged Test AUC: 0.8586
Std Test Accuracy: 0.1818
Std Test AUC: 0.0531

--- Round 366/500 ---
Averaged Train Loss: 1.4713
Averaged Test Accuracy: 0.4733
Averaged Test AUC: 0.8532
Std Test Accuracy: 0.1605
Std Test AUC: 0.0585

--- Round 367/500 ---
Averaged Train Loss: 1.4517
Averaged Test Accuracy: 0.4671
Averaged Test AUC: 0.8563
Std Test Accuracy: 0.1578
Std Test AUC: 0.0460

--- Round 368/500 ---
Averaged Train Loss: 1.4759
Averaged Test Accuracy: 0.4447
Averaged Test AUC: 0.8543
Std Test Accuracy: 0.1410
Std Test AUC: 0.0399

--- Round 369/500 ---
Averaged Train Loss: 1.3950
Averaged Test Accuracy: 0.4911
Averaged Test AUC: 0.8605
Std Test Accuracy: 0.1773
Std Test AUC: 0.0578

--- Round 370/500 ---
Averaged Train Loss: 1.5065
Averaged Test Accuracy: 0.4604
Averaged Test AUC: 0.8481
Std Test Accuracy: 0.1917
Std Test AUC: 0.0644

--- Round 371/500 ---
Averaged Train Loss: 1.4445
Averaged Test Accuracy: 0.4635
Averaged Test AUC: 0.8532
Std Test Accuracy: 0.1461
Std Test AUC: 0.0485

--- Round 372/500 ---
Averaged Train Loss: 1.4951
Averaged Test Accuracy: 0.4404
Averaged Test AUC: 0.8512
Std Test Accuracy: 0.1605
Std Test AUC: 0.0487

--- Round 373/500 ---
Averaged Train Loss: 1.3882
Averaged Test Accuracy: 0.4904
Averaged Test AUC: 0.8639
Std Test Accuracy: 0.1642
Std Test AUC: 0.0485

--- Round 374/500 ---
Averaged Train Loss: 1.4527
Averaged Test Accuracy: 0.4721
Averaged Test AUC: 0.8572
Std Test Accuracy: 0.1818
Std Test AUC: 0.0525

--- Round 375/500 ---
Averaged Train Loss: 1.3962
Averaged Test Accuracy: 0.4843
Averaged Test AUC: 0.8609
Std Test Accuracy: 0.1395
Std Test AUC: 0.0377

--- Round 376/500 ---
Averaged Train Loss: 1.5146
Averaged Test Accuracy: 0.4341
Averaged Test AUC: 0.8506
Std Test Accuracy: 0.1705
Std Test AUC: 0.0497

--- Round 377/500 ---
Averaged Train Loss: 1.4042
Averaged Test Accuracy: 0.4862
Averaged Test AUC: 0.8599
Std Test Accuracy: 0.1783
Std Test AUC: 0.0512

--- Round 378/500 ---
Averaged Train Loss: 1.4642
Averaged Test Accuracy: 0.4792
Averaged Test AUC: 0.8560
Std Test Accuracy: 0.1847
Std Test AUC: 0.0588

--- Round 379/500 ---
Averaged Train Loss: 1.4154
Averaged Test Accuracy: 0.4774
Averaged Test AUC: 0.8595
Std Test Accuracy: 0.1509
Std Test AUC: 0.0388

--- Round 380/500 ---
Averaged Train Loss: 1.4778
Averaged Test Accuracy: 0.4478
Averaged Test AUC: 0.8520
Std Test Accuracy: 0.1531
Std Test AUC: 0.0476

--- Round 381/500 ---
Averaged Train Loss: 1.3853
Averaged Test Accuracy: 0.4932
Averaged Test AUC: 0.8638
Std Test Accuracy: 0.1668
Std Test AUC: 0.0457

--- Round 382/500 ---
Averaged Train Loss: 1.3684
Averaged Test Accuracy: 0.5026
Averaged Test AUC: 0.8626
Std Test Accuracy: 0.1291
Std Test AUC: 0.0368

--- Round 383/500 ---
Averaged Train Loss: 1.4870
Averaged Test Accuracy: 0.4395
Averaged Test AUC: 0.8529
Std Test Accuracy: 0.1746
Std Test AUC: 0.0464

--- Round 384/500 ---
Averaged Train Loss: 1.3414
Averaged Test Accuracy: 0.5059
Averaged Test AUC: 0.8659
Std Test Accuracy: 0.1434
Std Test AUC: 0.0494

--- Round 385/500 ---
Averaged Train Loss: 1.3593
Averaged Test Accuracy: 0.4980
Averaged Test AUC: 0.8637
Std Test Accuracy: 0.1074
Std Test AUC: 0.0346

--- Round 386/500 ---
Averaged Train Loss: 1.3773
Averaged Test Accuracy: 0.4968
Averaged Test AUC: 0.8632
Std Test Accuracy: 0.1536
Std Test AUC: 0.0445

--- Round 387/500 ---
Averaged Train Loss: 1.5036
Averaged Test Accuracy: 0.4559
Averaged Test AUC: 0.8532
Std Test Accuracy: 0.1670
Std Test AUC: 0.0606

--- Round 388/500 ---
Averaged Train Loss: 1.3877
Averaged Test Accuracy: 0.4868
Averaged Test AUC: 0.8622
Std Test Accuracy: 0.1400
Std Test AUC: 0.0387

--- Round 389/500 ---
Averaged Train Loss: 1.3853
Averaged Test Accuracy: 0.4898
Averaged Test AUC: 0.8613
Std Test Accuracy: 0.1684
Std Test AUC: 0.0615

--- Round 390/500 ---
Averaged Train Loss: 1.3546
Averaged Test Accuracy: 0.4974
Averaged Test AUC: 0.8658
Std Test Accuracy: 0.1271
Std Test AUC: 0.0334

--- Round 391/500 ---
Averaged Train Loss: 1.3929
Averaged Test Accuracy: 0.4869
Averaged Test AUC: 0.8623
Std Test Accuracy: 0.1736
Std Test AUC: 0.0488

--- Round 392/500 ---
Averaged Train Loss: 1.4612
Averaged Test Accuracy: 0.4661
Averaged Test AUC: 0.8542
Std Test Accuracy: 0.1840
Std Test AUC: 0.0609

--- Round 393/500 ---
Averaged Train Loss: 1.3622
Averaged Test Accuracy: 0.4963
Averaged Test AUC: 0.8648
Std Test Accuracy: 0.1374
Std Test AUC: 0.0372

--- Round 394/500 ---
Averaged Train Loss: 1.4542
Averaged Test Accuracy: 0.4621
Averaged Test AUC: 0.8573
Std Test Accuracy: 0.2060
Std Test AUC: 0.0586

--- Round 395/500 ---
Averaged Train Loss: 1.3384
Averaged Test Accuracy: 0.5058
Averaged Test AUC: 0.8681
Std Test Accuracy: 0.1379
Std Test AUC: 0.0329

--- Round 396/500 ---
Averaged Train Loss: 1.3884
Averaged Test Accuracy: 0.4896
Averaged Test AUC: 0.8630
Std Test Accuracy: 0.1793
Std Test AUC: 0.0499

--- Round 397/500 ---
Averaged Train Loss: 1.4946
Averaged Test Accuracy: 0.4558
Averaged Test AUC: 0.8513
Std Test Accuracy: 0.1959
Std Test AUC: 0.0639

--- Round 398/500 ---
Averaged Train Loss: 1.3928
Averaged Test Accuracy: 0.4855
Averaged Test AUC: 0.8605
Std Test Accuracy: 0.1365
Std Test AUC: 0.0398

--- Round 399/500 ---
Averaged Train Loss: 1.4252
Averaged Test Accuracy: 0.4731
Averaged Test AUC: 0.8599
Std Test Accuracy: 0.1966
Std Test AUC: 0.0578

--- Round 400/500 ---
Averaged Train Loss: 1.3358
Averaged Test Accuracy: 0.5080
Averaged Test AUC: 0.8687
Std Test Accuracy: 0.1373
Std Test AUC: 0.0324

--- Round 401/500 ---
Averaged Train Loss: 1.3705
Averaged Test Accuracy: 0.4927
Averaged Test AUC: 0.8647
Std Test Accuracy: 0.1741
Std Test AUC: 0.0459

--- Round 402/500 ---
Averaged Train Loss: 1.4186
Averaged Test Accuracy: 0.4841
Averaged Test AUC: 0.8590
Std Test Accuracy: 0.1859
Std Test AUC: 0.0587

--- Round 403/500 ---
Averaged Train Loss: 1.4268
Averaged Test Accuracy: 0.4688
Averaged Test AUC: 0.8571
Std Test Accuracy: 0.1574
Std Test AUC: 0.0449

--- Round 404/500 ---
Averaged Train Loss: 1.4144
Averaged Test Accuracy: 0.4778
Averaged Test AUC: 0.8613
Std Test Accuracy: 0.1905
Std Test AUC: 0.0562

--- Round 405/500 ---
Averaged Train Loss: 1.3372
Averaged Test Accuracy: 0.5040
Averaged Test AUC: 0.8681
Std Test Accuracy: 0.1329
Std Test AUC: 0.0318

--- Round 406/500 ---
Averaged Train Loss: 1.3713
Averaged Test Accuracy: 0.4941
Averaged Test AUC: 0.8645
Std Test Accuracy: 0.1759
Std Test AUC: 0.0484

--- Round 407/500 ---
Averaged Train Loss: 1.3927
Averaged Test Accuracy: 0.4892
Averaged Test AUC: 0.8617
Std Test Accuracy: 0.1843
Std Test AUC: 0.0579

--- Round 408/500 ---
Averaged Train Loss: 1.3865
Averaged Test Accuracy: 0.4860
Averaged Test AUC: 0.8621
Std Test Accuracy: 0.1511
Std Test AUC: 0.0420

--- Round 409/500 ---
Averaged Train Loss: 1.4318
Averaged Test Accuracy: 0.4743
Averaged Test AUC: 0.8597
Std Test Accuracy: 0.1964
Std Test AUC: 0.0583

--- Round 410/500 ---
Averaged Train Loss: 1.3368
Averaged Test Accuracy: 0.5041
Averaged Test AUC: 0.8685
Std Test Accuracy: 0.1462
Std Test AUC: 0.0347

--- Round 411/500 ---
Averaged Train Loss: 1.3496
Averaged Test Accuracy: 0.5013
Averaged Test AUC: 0.8671
Std Test Accuracy: 0.1717
Std Test AUC: 0.0454

--- Round 412/500 ---
Averaged Train Loss: 1.3753
Averaged Test Accuracy: 0.4944
Averaged Test AUC: 0.8645
Std Test Accuracy: 0.1847
Std Test AUC: 0.0550

--- Round 413/500 ---
Averaged Train Loss: 1.3583
Averaged Test Accuracy: 0.4980
Averaged Test AUC: 0.8654
Std Test Accuracy: 0.1387
Std Test AUC: 0.0386

--- Round 414/500 ---
Averaged Train Loss: 1.4311
Averaged Test Accuracy: 0.4752
Averaged Test AUC: 0.8594
Std Test Accuracy: 0.1982
Std Test AUC: 0.0590

--- Round 415/500 ---
Averaged Train Loss: 1.3217
Averaged Test Accuracy: 0.5122
Averaged Test AUC: 0.8691
Std Test Accuracy: 0.1345
Std Test AUC: 0.0328

--- Round 416/500 ---
Averaged Train Loss: 1.3826
Averaged Test Accuracy: 0.4901
Averaged Test AUC: 0.8639
Std Test Accuracy: 0.1831
Std Test AUC: 0.0500

--- Round 417/500 ---
Averaged Train Loss: 1.4255
Averaged Test Accuracy: 0.4749
Averaged Test AUC: 0.8593
Std Test Accuracy: 0.1947
Std Test AUC: 0.0594

--- Round 418/500 ---
Averaged Train Loss: 1.3664
Averaged Test Accuracy: 0.4983
Averaged Test AUC: 0.8642
Std Test Accuracy: 0.1420
Std Test AUC: 0.0401

--- Round 419/500 ---
Averaged Train Loss: 1.4380
Averaged Test Accuracy: 0.4738
Averaged Test AUC: 0.8591
Std Test Accuracy: 0.2008
Std Test AUC: 0.0593

--- Round 420/500 ---
Averaged Train Loss: 1.3311
Averaged Test Accuracy: 0.5047
Averaged Test AUC: 0.8690
Std Test Accuracy: 0.1406
Std Test AUC: 0.0338

--- Round 421/500 ---
Averaged Train Loss: 1.3595
Averaged Test Accuracy: 0.4992
Averaged Test AUC: 0.8664
Std Test Accuracy: 0.1754
Std Test AUC: 0.0472

--- Round 422/500 ---
Averaged Train Loss: 1.3751
Averaged Test Accuracy: 0.4945
Averaged Test AUC: 0.8644
Std Test Accuracy: 0.1851
Std Test AUC: 0.0567

--- Round 423/500 ---
Averaged Train Loss: 1.3578
Averaged Test Accuracy: 0.4973
Averaged Test AUC: 0.8654
Std Test Accuracy: 0.1385
Std Test AUC: 0.0373

--- Round 424/500 ---
Averaged Train Loss: 1.4167
Averaged Test Accuracy: 0.4762
Averaged Test AUC: 0.8627
Std Test Accuracy: 0.2014
Std Test AUC: 0.0567

--- Round 425/500 ---
Averaged Train Loss: 1.3263
Averaged Test Accuracy: 0.5064
Averaged Test AUC: 0.8694
Std Test Accuracy: 0.1356
Std Test AUC: 0.0325

--- Round 426/500 ---
Averaged Train Loss: 1.3622
Averaged Test Accuracy: 0.4957
Averaged Test AUC: 0.8658
Std Test Accuracy: 0.1777
Std Test AUC: 0.0475

--- Round 427/500 ---
Averaged Train Loss: 1.3780
Averaged Test Accuracy: 0.4933
Averaged Test AUC: 0.8638
Std Test Accuracy: 0.1783
Std Test AUC: 0.0564

--- Round 428/500 ---
Averaged Train Loss: 1.3780
Averaged Test Accuracy: 0.4906
Averaged Test AUC: 0.8633
Std Test Accuracy: 0.1476
Std Test AUC: 0.0415

--- Round 429/500 ---
Averaged Train Loss: 1.4053
Averaged Test Accuracy: 0.4813
Averaged Test AUC: 0.8632
Std Test Accuracy: 0.1949
Std Test AUC: 0.0565

--- Round 430/500 ---
Averaged Train Loss: 1.3224
Averaged Test Accuracy: 0.5094
Averaged Test AUC: 0.8704
Std Test Accuracy: 0.1358
Std Test AUC: 0.0328

--- Round 431/500 ---
Averaged Train Loss: 1.3566
Averaged Test Accuracy: 0.4979
Averaged Test AUC: 0.8669
Std Test Accuracy: 0.1852
Std Test AUC: 0.0492

--- Round 432/500 ---
Averaged Train Loss: 1.3515
Averaged Test Accuracy: 0.5021
Averaged Test AUC: 0.8670
Std Test Accuracy: 0.1803
Std Test AUC: 0.0535

--- Round 433/500 ---
Averaged Train Loss: 1.3957
Averaged Test Accuracy: 0.4819
Averaged Test AUC: 0.8619
Std Test Accuracy: 0.1553
Std Test AUC: 0.0430

--- Round 434/500 ---
Averaged Train Loss: 1.3978
Averaged Test Accuracy: 0.4862
Averaged Test AUC: 0.8637
Std Test Accuracy: 0.1938
Std Test AUC: 0.0579

--- Round 435/500 ---
Averaged Train Loss: 1.3230
Averaged Test Accuracy: 0.5090
Averaged Test AUC: 0.8701
Std Test Accuracy: 0.1405
Std Test AUC: 0.0333

--- Round 436/500 ---
Averaged Train Loss: 1.3433
Averaged Test Accuracy: 0.5015
Averaged Test AUC: 0.8679
Std Test Accuracy: 0.1692
Std Test AUC: 0.0446

--- Round 437/500 ---
Averaged Train Loss: 1.3960
Averaged Test Accuracy: 0.4902
Averaged Test AUC: 0.8629
Std Test Accuracy: 0.1880
Std Test AUC: 0.0600

--- Round 438/500 ---
Averaged Train Loss: 1.3665
Averaged Test Accuracy: 0.4957
Averaged Test AUC: 0.8647
Std Test Accuracy: 0.1567
Std Test AUC: 0.0433

--- Round 439/500 ---
Averaged Train Loss: 1.4012
Averaged Test Accuracy: 0.4806
Averaged Test AUC: 0.8642
Std Test Accuracy: 0.1924
Std Test AUC: 0.0548

--- Round 440/500 ---
Averaged Train Loss: 1.3171
Averaged Test Accuracy: 0.5103
Averaged Test AUC: 0.8704
Std Test Accuracy: 0.1313
Std Test AUC: 0.0320

--- Round 441/500 ---
Averaged Train Loss: 1.3558
Averaged Test Accuracy: 0.4992
Averaged Test AUC: 0.8672
Std Test Accuracy: 0.1759
Std Test AUC: 0.0470

--- Round 442/500 ---
Averaged Train Loss: 1.3811
Averaged Test Accuracy: 0.4959
Averaged Test AUC: 0.8642
Std Test Accuracy: 0.1923
Std Test AUC: 0.0583

--- Round 443/500 ---
Averaged Train Loss: 1.3609
Averaged Test Accuracy: 0.4988
Averaged Test AUC: 0.8659
Std Test Accuracy: 0.1518
Std Test AUC: 0.0410

--- Round 444/500 ---
Averaged Train Loss: 1.4021
Averaged Test Accuracy: 0.4826
Averaged Test AUC: 0.8640
Std Test Accuracy: 0.1912
Std Test AUC: 0.0555

--- Round 445/500 ---
Averaged Train Loss: 1.3104
Averaged Test Accuracy: 0.5126
Averaged Test AUC: 0.8712
Std Test Accuracy: 0.1308
Std Test AUC: 0.0314

--- Round 446/500 ---
Averaged Train Loss: 1.3501
Averaged Test Accuracy: 0.5005
Averaged Test AUC: 0.8675
Std Test Accuracy: 0.1728
Std Test AUC: 0.0470

--- Round 447/500 ---
Averaged Train Loss: 1.3907
Averaged Test Accuracy: 0.4933
Averaged Test AUC: 0.8635
Std Test Accuracy: 0.1920
Std Test AUC: 0.0591

--- Round 448/500 ---
Averaged Train Loss: 1.3466
Averaged Test Accuracy: 0.5051
Averaged Test AUC: 0.8672
Std Test Accuracy: 0.1397
Std Test AUC: 0.0381

--- Round 449/500 ---
Averaged Train Loss: 1.3851
Averaged Test Accuracy: 0.4904
Averaged Test AUC: 0.8651
Std Test Accuracy: 0.1850
Std Test AUC: 0.0549

--- Round 450/500 ---
Averaged Train Loss: 1.3064
Averaged Test Accuracy: 0.5154
Averaged Test AUC: 0.8724
Std Test Accuracy: 0.1318
Std Test AUC: 0.0311

--- Round 451/500 ---
Averaged Train Loss: 1.3236
Averaged Test Accuracy: 0.5090
Averaged Test AUC: 0.8702
Std Test Accuracy: 0.1697
Std Test AUC: 0.0442

--- Round 452/500 ---
Averaged Train Loss: 1.3461
Averaged Test Accuracy: 0.5037
Averaged Test AUC: 0.8687
Std Test Accuracy: 0.1751
Std Test AUC: 0.0521

--- Round 453/500 ---
Averaged Train Loss: 1.3939
Averaged Test Accuracy: 0.4846
Averaged Test AUC: 0.8629
Std Test Accuracy: 0.1623
Std Test AUC: 0.0447

--- Round 454/500 ---
Averaged Train Loss: 1.3932
Averaged Test Accuracy: 0.4826
Averaged Test AUC: 0.8647
Std Test Accuracy: 0.1939
Std Test AUC: 0.0546

--- Round 455/500 ---
Averaged Train Loss: 1.3076
Averaged Test Accuracy: 0.5134
Averaged Test AUC: 0.8719
Std Test Accuracy: 0.1317
Std Test AUC: 0.0302

--- Round 456/500 ---
Averaged Train Loss: 1.3311
Averaged Test Accuracy: 0.5064
Averaged Test AUC: 0.8694
Std Test Accuracy: 0.1743
Std Test AUC: 0.0463

--- Round 457/500 ---
Averaged Train Loss: 1.3879
Averaged Test Accuracy: 0.4931
Averaged Test AUC: 0.8642
Std Test Accuracy: 0.1894
Std Test AUC: 0.0580

--- Round 458/500 ---
Averaged Train Loss: 1.3372
Averaged Test Accuracy: 0.5099
Averaged Test AUC: 0.8682
Std Test Accuracy: 0.1315
Std Test AUC: 0.0376

--- Round 459/500 ---
Averaged Train Loss: 1.3725
Averaged Test Accuracy: 0.4909
Averaged Test AUC: 0.8673
Std Test Accuracy: 0.1853
Std Test AUC: 0.0517

--- Round 460/500 ---
Averaged Train Loss: 1.3087
Averaged Test Accuracy: 0.5122
Averaged Test AUC: 0.8719
Std Test Accuracy: 0.1375
Std Test AUC: 0.0327

--- Round 461/500 ---
Averaged Train Loss: 1.3445
Averaged Test Accuracy: 0.5031
Averaged Test AUC: 0.8686
Std Test Accuracy: 0.1827
Std Test AUC: 0.0467

--- Round 462/500 ---
Averaged Train Loss: 1.3496
Averaged Test Accuracy: 0.5037
Averaged Test AUC: 0.8681
Std Test Accuracy: 0.1894
Std Test AUC: 0.0553

--- Round 463/500 ---
Averaged Train Loss: 1.3693
Averaged Test Accuracy: 0.4906
Averaged Test AUC: 0.8651
Std Test Accuracy: 0.1532
Std Test AUC: 0.0408

--- Round 464/500 ---
Averaged Train Loss: 1.3812
Averaged Test Accuracy: 0.4920
Averaged Test AUC: 0.8660
Std Test Accuracy: 0.1887
Std Test AUC: 0.0547

--- Round 465/500 ---
Averaged Train Loss: 1.3047
Averaged Test Accuracy: 0.5139
Averaged Test AUC: 0.8722
Std Test Accuracy: 0.1305
Std Test AUC: 0.0308

--- Round 466/500 ---
Averaged Train Loss: 1.3159
Averaged Test Accuracy: 0.5116
Averaged Test AUC: 0.8714
Std Test Accuracy: 0.1692
Std Test AUC: 0.0436

--- Round 467/500 ---
Averaged Train Loss: 1.3824
Averaged Test Accuracy: 0.4963
Averaged Test AUC: 0.8647
Std Test Accuracy: 0.1871
Std Test AUC: 0.0577

--- Round 468/500 ---
Averaged Train Loss: 1.3588
Averaged Test Accuracy: 0.5012
Averaged Test AUC: 0.8659
Std Test Accuracy: 0.1568
Std Test AUC: 0.0443

--- Round 469/500 ---
Averaged Train Loss: 1.3745
Averaged Test Accuracy: 0.4921
Averaged Test AUC: 0.8665
Std Test Accuracy: 0.1902
Std Test AUC: 0.0544

--- Round 470/500 ---
Averaged Train Loss: 1.2901
Averaged Test Accuracy: 0.5201
Averaged Test AUC: 0.8739
Std Test Accuracy: 0.1307
Std Test AUC: 0.0319

--- Round 471/500 ---
Averaged Train Loss: 1.3330
Averaged Test Accuracy: 0.5056
Averaged Test AUC: 0.8695
Std Test Accuracy: 0.1745
Std Test AUC: 0.0459

--- Round 472/500 ---
Averaged Train Loss: 1.3790
Averaged Test Accuracy: 0.4965
Averaged Test AUC: 0.8651
Std Test Accuracy: 0.1879
Std Test AUC: 0.0574

--- Round 473/500 ---
Averaged Train Loss: 1.3562
Averaged Test Accuracy: 0.5005
Averaged Test AUC: 0.8663
Std Test Accuracy: 0.1512
Std Test AUC: 0.0406

--- Round 474/500 ---
Averaged Train Loss: 1.3742
Averaged Test Accuracy: 0.4932
Averaged Test AUC: 0.8669
Std Test Accuracy: 0.1869
Std Test AUC: 0.0546

--- Round 475/500 ---
Averaged Train Loss: 1.2964
Averaged Test Accuracy: 0.5182
Averaged Test AUC: 0.8732
Std Test Accuracy: 0.1266
Std Test AUC: 0.0298

--- Round 476/500 ---
Averaged Train Loss: 1.3272
Averaged Test Accuracy: 0.5067
Averaged Test AUC: 0.8706
Std Test Accuracy: 0.1742
Std Test AUC: 0.0460

--- Round 477/500 ---
Averaged Train Loss: 1.3420
Averaged Test Accuracy: 0.5069
Averaged Test AUC: 0.8690
Std Test Accuracy: 0.1797
Std Test AUC: 0.0548

--- Round 478/500 ---
Averaged Train Loss: 1.3626
Averaged Test Accuracy: 0.4970
Averaged Test AUC: 0.8653
Std Test Accuracy: 0.1430
Std Test AUC: 0.0399

--- Round 479/500 ---
Averaged Train Loss: 1.3873
Averaged Test Accuracy: 0.4913
Averaged Test AUC: 0.8655
Std Test Accuracy: 0.1938
Std Test AUC: 0.0562

--- Round 480/500 ---
Averaged Train Loss: 1.2919
Averaged Test Accuracy: 0.5188
Averaged Test AUC: 0.8735
Std Test Accuracy: 0.1384
Std Test AUC: 0.0333

--- Round 481/500 ---
Averaged Train Loss: 1.3058
Averaged Test Accuracy: 0.5148
Averaged Test AUC: 0.8713
Std Test Accuracy: 0.1624
Std Test AUC: 0.0426

--- Round 482/500 ---
Averaged Train Loss: 1.3185
Averaged Test Accuracy: 0.5133
Averaged Test AUC: 0.8718
Std Test Accuracy: 0.1722
Std Test AUC: 0.0496

--- Round 483/500 ---
Averaged Train Loss: 1.3405
Averaged Test Accuracy: 0.5045
Averaged Test AUC: 0.8683
Std Test Accuracy: 0.1446
Std Test AUC: 0.0391

--- Round 484/500 ---
Averaged Train Loss: 1.3937
Averaged Test Accuracy: 0.4896
Averaged Test AUC: 0.8648
Std Test Accuracy: 0.1962
Std Test AUC: 0.0576

--- Round 485/500 ---
Averaged Train Loss: 1.2864
Averaged Test Accuracy: 0.5216
Averaged Test AUC: 0.8747
Std Test Accuracy: 0.1350
Std Test AUC: 0.0317

--- Round 486/500 ---
Averaged Train Loss: 1.3253
Averaged Test Accuracy: 0.5084
Averaged Test AUC: 0.8706
Std Test Accuracy: 0.1732
Std Test AUC: 0.0451

--- Round 487/500 ---
Averaged Train Loss: 1.3422
Averaged Test Accuracy: 0.5071
Averaged Test AUC: 0.8692
Std Test Accuracy: 0.1814
Std Test AUC: 0.0547

--- Round 488/500 ---
Averaged Train Loss: 1.3190
Averaged Test Accuracy: 0.5123
Averaged Test AUC: 0.8706
Std Test Accuracy: 0.1406
Std Test AUC: 0.0369

--- Round 489/500 ---
Averaged Train Loss: 1.3576
Averaged Test Accuracy: 0.5009
Averaged Test AUC: 0.8686
Std Test Accuracy: 0.1851
Std Test AUC: 0.0537

--- Round 490/500 ---
Averaged Train Loss: 1.2890
Averaged Test Accuracy: 0.5200
Averaged Test AUC: 0.8742
Std Test Accuracy: 0.1314
Std Test AUC: 0.0320

--- Round 491/500 ---
Averaged Train Loss: 1.3222
Averaged Test Accuracy: 0.5087
Averaged Test AUC: 0.8714
Std Test Accuracy: 0.1739
Std Test AUC: 0.0451

--- Round 492/500 ---
Averaged Train Loss: 1.3340
Averaged Test Accuracy: 0.5103
Averaged Test AUC: 0.8696
Std Test Accuracy: 0.1748
Std Test AUC: 0.0526

--- Round 493/500 ---
Averaged Train Loss: 1.3447
Averaged Test Accuracy: 0.5027
Averaged Test AUC: 0.8676
Std Test Accuracy: 0.1477
Std Test AUC: 0.0398

--- Round 494/500 ---
Averaged Train Loss: 1.3683
Averaged Test Accuracy: 0.4966
Averaged Test AUC: 0.8683
Std Test Accuracy: 0.1842
Std Test AUC: 0.0531

--- Round 495/500 ---
Averaged Train Loss: 1.2846
Averaged Test Accuracy: 0.5222
Averaged Test AUC: 0.8742
Std Test Accuracy: 0.1240
Std Test AUC: 0.0298

--- Round 496/500 ---
Averaged Train Loss: 1.3128
Averaged Test Accuracy: 0.5132
Averaged Test AUC: 0.8718
Std Test Accuracy: 0.1651
Std Test AUC: 0.0432

--- Round 497/500 ---
Averaged Train Loss: 1.3138
Averaged Test Accuracy: 0.5163
Averaged Test AUC: 0.8718
Std Test Accuracy: 0.1650
Std Test AUC: 0.0494

--- Round 498/500 ---
Averaged Train Loss: 1.3344
Averaged Test Accuracy: 0.5071
Averaged Test AUC: 0.8683
Std Test Accuracy: 0.1468
Std Test AUC: 0.0387

--- Round 499/500 ---
Averaged Train Loss: 1.3757
Averaged Test Accuracy: 0.4937
Averaged Test AUC: 0.8674
Std Test Accuracy: 0.1839
Std Test AUC: 0.0546

--- Round 500/500 ---
Averaged Train Loss: 1.2824
Averaged Test Accuracy: 0.5211
Averaged Test AUC: 0.8744
Std Test Accuracy: 0.1259
Std Test AUC: 0.0303

========== Training Complete ==========
Best Test Accuracy: 0.5222192655667909
File path: ../results/Cifar10_FedEntPlusSmooth_smooth_trial01_0022_0.h5

Average time cost: 1967.94s.
Length:  501
std for best accuracy: 0.0
mean for best accuracy: 0.5222192655667909
All done!

Storage on cuda:0
-------------------------------------------------------------------------------
Total Tensors: 247747716 	Used Memory: 643.69M
The allocated memory on cuda:0: 661.81M
Memory differs due to the matrix alignment or invisible gradient buffer tensors
-------------------------------------------------------------------------------
