==================================================
goal = smooth_trial01_0031
device = cuda
device_id = 0
dataset = Cifar10
num_classes = 10
model = CNN
batch_size = 64
local_learning_rate = 0.01
learning_rate_decay = True
learning_rate_decay_gamma = 0.98
global_rounds = 500
top_cnt = 100
local_epochs = 5
algorithm = FedEntPlusSmooth
join_ratio = 0.1
random_join_ratio = False
num_clients = 100
prev = 0
times = 1
eval_gap = 1
save_folder_name = items
auto_break = False
dlg_eval = False
dlg_gap = 100
batch_num_per_client = 2
num_new_clients = 0
fine_tuning_epoch_new = 0
feature_dim = 512
vocab_size = 32000
max_len = 200
client_drop_rate = 0.0
train_slow_rate = 0.0
send_slow_rate = 0.0
time_select = False
time_threthold = 10000
beta = 0.0
lamda = 1.0
mu = 0.0
K = 5
p_learning_rate = 0.01
M = 5
itk = 4000
alphaK = 1.0
sigma = 1.0
alpha = 1.0
plocal_epochs = 1
tau = 1.0
fine_tuning_epochs = 10
dr_learning_rate = 0.0
L = 1.0
noise_dim = 512
generator_learning_rate = 0.005
hidden_dim = 512
server_epochs = 1000
localize_feature_extractor = False
server_learning_rate = 1.0
eta = 1.0
rand_percent = 80
layer_idx = 2
mentee_learning_rate = 0.005
T_start = 0.95
T_end = 0.98
momentum = 0.9
kl_weight = 0.0
buffer_size = 0
dp_epsilon = 0.0
H_min = None
alpha_vp = 0.0
enable_dynamic_param = False
log_fedent = False
log_filename = None
dynamic_config_path = /home/john/PFLlib/system/auto_configs/smooth_trial01_0031.json
==================================================

============= Running time: 0th =============
Creating server and clients ...
FedAvgCNN(
  (conv1): Sequential(
    (0): Conv2d(3, 32, kernel_size=(5, 5), stride=(1, 1))
    (1): ReLU(inplace=True)
    (2): MaxPool2d(kernel_size=(2, 2), stride=(2, 2), padding=0, dilation=1, ceil_mode=False)
  )
  (conv2): Sequential(
    (0): Conv2d(32, 64, kernel_size=(5, 5), stride=(1, 1))
    (1): ReLU(inplace=True)
    (2): MaxPool2d(kernel_size=(2, 2), stride=(2, 2), padding=0, dilation=1, ceil_mode=False)
  )
  (fc1): Sequential(
    (0): Linear(in_features=1600, out_features=512, bias=True)
    (1): ReLU(inplace=True)
  )
  (fc): Linear(in_features=512, out_features=10, bias=True)
)

Join ratio / total clients: 0.1 / 100
Finished creating server and clients.

--- Round 0/500 ---
Averaged Train Loss: 2.3038
Averaged Test Accuracy: 0.0928
Averaged Test AUC: 0.4894
Std Test Accuracy: 0.1434
Std Test AUC: 0.2233

--- Round 1/500 ---
Averaged Train Loss: 2.3041
Averaged Test Accuracy: 0.0967
Averaged Test AUC: 0.5138
Std Test Accuracy: 0.2273
Std Test AUC: 0.2248

--- Round 2/500 ---
Averaged Train Loss: 2.3218
Averaged Test Accuracy: 0.1314
Averaged Test AUC: 0.5239
Std Test Accuracy: 0.1879
Std Test AUC: 0.2416

--- Round 3/500 ---
Averaged Train Loss: 2.3522
Averaged Test Accuracy: 0.1515
Averaged Test AUC: 0.5340
Std Test Accuracy: 0.2777
Std Test AUC: 0.2518

--- Round 4/500 ---
Averaged Train Loss: 2.2751
Averaged Test Accuracy: 0.1547
Averaged Test AUC: 0.5786
Std Test Accuracy: 0.2296
Std Test AUC: 0.2546

--- Round 5/500 ---
Averaged Train Loss: 2.2202
Averaged Test Accuracy: 0.1855
Averaged Test AUC: 0.6056
Std Test Accuracy: 0.2128
Std Test AUC: 0.2089

--- Round 6/500 ---
Averaged Train Loss: 2.1745
Averaged Test Accuracy: 0.1976
Averaged Test AUC: 0.6390
Std Test Accuracy: 0.2573
Std Test AUC: 0.1970

--- Round 7/500 ---
Averaged Train Loss: 2.1492
Averaged Test Accuracy: 0.2276
Averaged Test AUC: 0.6573
Std Test Accuracy: 0.2292
Std Test AUC: 0.1774

--- Round 8/500 ---
Averaged Train Loss: 2.1437
Averaged Test Accuracy: 0.1909
Averaged Test AUC: 0.6675
Std Test Accuracy: 0.1959
Std Test AUC: 0.1516

--- Round 9/500 ---
Averaged Train Loss: 2.1450
Averaged Test Accuracy: 0.1892
Averaged Test AUC: 0.6737
Std Test Accuracy: 0.2735
Std Test AUC: 0.1559

--- Round 10/500 ---
Averaged Train Loss: 2.1479
Averaged Test Accuracy: 0.2096
Averaged Test AUC: 0.6696
Std Test Accuracy: 0.2146
Std Test AUC: 0.1489

--- Round 11/500 ---
Averaged Train Loss: 2.1578
Averaged Test Accuracy: 0.1917
Averaged Test AUC: 0.6692
Std Test Accuracy: 0.2174
Std Test AUC: 0.1479

--- Round 12/500 ---
Averaged Train Loss: 2.0737
Averaged Test Accuracy: 0.2280
Averaged Test AUC: 0.7029
Std Test Accuracy: 0.1996
Std Test AUC: 0.1198

--- Round 13/500 ---
Averaged Train Loss: 2.0517
Averaged Test Accuracy: 0.2400
Averaged Test AUC: 0.7127
Std Test Accuracy: 0.2247
Std Test AUC: 0.1112

--- Round 14/500 ---
Averaged Train Loss: 2.0242
Averaged Test Accuracy: 0.2437
Averaged Test AUC: 0.7238
Std Test Accuracy: 0.2053
Std Test AUC: 0.0836

--- Round 15/500 ---
Averaged Train Loss: 2.1367
Averaged Test Accuracy: 0.1984
Averaged Test AUC: 0.6873
Std Test Accuracy: 0.2179
Std Test AUC: 0.1407

--- Round 16/500 ---
Averaged Train Loss: 2.0522
Averaged Test Accuracy: 0.2525
Averaged Test AUC: 0.7098
Std Test Accuracy: 0.2049
Std Test AUC: 0.1323

--- Round 17/500 ---
Averaged Train Loss: 2.0033
Averaged Test Accuracy: 0.2624
Averaged Test AUC: 0.7255
Std Test Accuracy: 0.1874
Std Test AUC: 0.1060

--- Round 18/500 ---
Averaged Train Loss: 1.9925
Averaged Test Accuracy: 0.2443
Averaged Test AUC: 0.7325
Std Test Accuracy: 0.2350
Std Test AUC: 0.0939

--- Round 19/500 ---
Averaged Train Loss: 1.9941
Averaged Test Accuracy: 0.2589
Averaged Test AUC: 0.7312
Std Test Accuracy: 0.2127
Std Test AUC: 0.1019

--- Round 20/500 ---
Averaged Train Loss: 2.0162
Averaged Test Accuracy: 0.2401
Averaged Test AUC: 0.7262
Std Test Accuracy: 0.2065
Std Test AUC: 0.0998

--- Round 21/500 ---
Averaged Train Loss: 1.9965
Averaged Test Accuracy: 0.2495
Averaged Test AUC: 0.7292
Std Test Accuracy: 0.1913
Std Test AUC: 0.0810

--- Round 22/500 ---
Averaged Train Loss: 1.9589
Averaged Test Accuracy: 0.2700
Averaged Test AUC: 0.7452
Std Test Accuracy: 0.2182
Std Test AUC: 0.0870

--- Round 23/500 ---
Averaged Train Loss: 1.9383
Averaged Test Accuracy: 0.2831
Averaged Test AUC: 0.7504
Std Test Accuracy: 0.2121
Std Test AUC: 0.0801

--- Round 24/500 ---
Averaged Train Loss: 1.9791
Averaged Test Accuracy: 0.2521
Averaged Test AUC: 0.7372
Std Test Accuracy: 0.1775
Std Test AUC: 0.0857

--- Round 25/500 ---
Averaged Train Loss: 1.9971
Averaged Test Accuracy: 0.2565
Averaged Test AUC: 0.7340
Std Test Accuracy: 0.2015
Std Test AUC: 0.1029

--- Round 26/500 ---
Averaged Train Loss: 1.9465
Averaged Test Accuracy: 0.2763
Averaged Test AUC: 0.7462
Std Test Accuracy: 0.1992
Std Test AUC: 0.0850

--- Round 27/500 ---
Averaged Train Loss: 1.9230
Averaged Test Accuracy: 0.3105
Averaged Test AUC: 0.7495
Std Test Accuracy: 0.1665
Std Test AUC: 0.0874

--- Round 28/500 ---
Averaged Train Loss: 1.9524
Averaged Test Accuracy: 0.2680
Averaged Test AUC: 0.7464
Std Test Accuracy: 0.2023
Std Test AUC: 0.0901

--- Round 29/500 ---
Averaged Train Loss: 1.9314
Averaged Test Accuracy: 0.2831
Averaged Test AUC: 0.7534
Std Test Accuracy: 0.2124
Std Test AUC: 0.0940

--- Round 30/500 ---
Averaged Train Loss: 1.9287
Averaged Test Accuracy: 0.2760
Averaged Test AUC: 0.7515
Std Test Accuracy: 0.1730
Std Test AUC: 0.0826

--- Round 31/500 ---
Averaged Train Loss: 1.9451
Averaged Test Accuracy: 0.2634
Averaged Test AUC: 0.7497
Std Test Accuracy: 0.2085
Std Test AUC: 0.0897

--- Round 32/500 ---
Averaged Train Loss: 1.8813
Averaged Test Accuracy: 0.3116
Averaged Test AUC: 0.7680
Std Test Accuracy: 0.1941
Std Test AUC: 0.0696

--- Round 33/500 ---
Averaged Train Loss: 1.8762
Averaged Test Accuracy: 0.3149
Averaged Test AUC: 0.7684
Std Test Accuracy: 0.1867
Std Test AUC: 0.0759

--- Round 34/500 ---
Averaged Train Loss: 1.8738
Averaged Test Accuracy: 0.3156
Averaged Test AUC: 0.7694
Std Test Accuracy: 0.1890
Std Test AUC: 0.0755

--- Round 35/500 ---
Averaged Train Loss: 1.9074
Averaged Test Accuracy: 0.3115
Averaged Test AUC: 0.7628
Std Test Accuracy: 0.2082
Std Test AUC: 0.0836

--- Round 36/500 ---
Averaged Train Loss: 1.9143
Averaged Test Accuracy: 0.2884
Averaged Test AUC: 0.7627
Std Test Accuracy: 0.1867
Std Test AUC: 0.0712

--- Round 37/500 ---
Averaged Train Loss: 1.8751
Averaged Test Accuracy: 0.2952
Averaged Test AUC: 0.7669
Std Test Accuracy: 0.1673
Std Test AUC: 0.0686

--- Round 38/500 ---
Averaged Train Loss: 1.8774
Averaged Test Accuracy: 0.2960
Averaged Test AUC: 0.7687
Std Test Accuracy: 0.2119
Std Test AUC: 0.0861

--- Round 39/500 ---
Averaged Train Loss: 1.8372
Averaged Test Accuracy: 0.3278
Averaged Test AUC: 0.7738
Std Test Accuracy: 0.1847
Std Test AUC: 0.0832

--- Round 40/500 ---
Averaged Train Loss: 1.8351
Averaged Test Accuracy: 0.3268
Averaged Test AUC: 0.7797
Std Test Accuracy: 0.2036
Std Test AUC: 0.0715

--- Round 41/500 ---
Averaged Train Loss: 1.8628
Averaged Test Accuracy: 0.3010
Averaged Test AUC: 0.7729
Std Test Accuracy: 0.1989
Std Test AUC: 0.0758

--- Round 42/500 ---
Averaged Train Loss: 1.8782
Averaged Test Accuracy: 0.2888
Averaged Test AUC: 0.7704
Std Test Accuracy: 0.1943
Std Test AUC: 0.0726

--- Round 43/500 ---
Averaged Train Loss: 1.8428
Averaged Test Accuracy: 0.3161
Averaged Test AUC: 0.7755
Std Test Accuracy: 0.1979
Std Test AUC: 0.0830

--- Round 44/500 ---
Averaged Train Loss: 1.8238
Averaged Test Accuracy: 0.3217
Averaged Test AUC: 0.7786
Std Test Accuracy: 0.1891
Std Test AUC: 0.0780

--- Round 45/500 ---
Averaged Train Loss: 1.8970
Averaged Test Accuracy: 0.2980
Averaged Test AUC: 0.7711
Std Test Accuracy: 0.2331
Std Test AUC: 0.0901

--- Round 46/500 ---
Averaged Train Loss: 1.8892
Averaged Test Accuracy: 0.3201
Averaged Test AUC: 0.7663
Std Test Accuracy: 0.1968
Std Test AUC: 0.0963

--- Round 47/500 ---
Averaged Train Loss: 1.7896
Averaged Test Accuracy: 0.3534
Averaged Test AUC: 0.7858
Std Test Accuracy: 0.1562
Std Test AUC: 0.0733

--- Round 48/500 ---
Averaged Train Loss: 1.7896
Averaged Test Accuracy: 0.3571
Averaged Test AUC: 0.7847
Std Test Accuracy: 0.1502
Std Test AUC: 0.0765

--- Round 49/500 ---
Averaged Train Loss: 1.8123
Averaged Test Accuracy: 0.3237
Averaged Test AUC: 0.7847
Std Test Accuracy: 0.1951
Std Test AUC: 0.0712

--- Round 50/500 ---
Averaged Train Loss: 1.7856
Averaged Test Accuracy: 0.3367
Averaged Test AUC: 0.7893
Std Test Accuracy: 0.2143
Std Test AUC: 0.0770

--- Round 51/500 ---
Averaged Train Loss: 1.8586
Averaged Test Accuracy: 0.3150
Averaged Test AUC: 0.7727
Std Test Accuracy: 0.1929
Std Test AUC: 0.0910

--- Round 52/500 ---
Averaged Train Loss: 1.7839
Averaged Test Accuracy: 0.3414
Averaged Test AUC: 0.7859
Std Test Accuracy: 0.1950
Std Test AUC: 0.0844

--- Round 53/500 ---
Averaged Train Loss: 1.8146
Averaged Test Accuracy: 0.3272
Averaged Test AUC: 0.7824
Std Test Accuracy: 0.1922
Std Test AUC: 0.0796

--- Round 54/500 ---
Averaged Train Loss: 1.7267
Averaged Test Accuracy: 0.3701
Averaged Test AUC: 0.8008
Std Test Accuracy: 0.1614
Std Test AUC: 0.0587

--- Round 55/500 ---
Averaged Train Loss: 1.7429
Averaged Test Accuracy: 0.3717
Averaged Test AUC: 0.7971
Std Test Accuracy: 0.1534
Std Test AUC: 0.0630

--- Round 56/500 ---
Averaged Train Loss: 1.7782
Averaged Test Accuracy: 0.3548
Averaged Test AUC: 0.7887
Std Test Accuracy: 0.1695
Std Test AUC: 0.0898

--- Round 57/500 ---
Averaged Train Loss: 1.7318
Averaged Test Accuracy: 0.3753
Averaged Test AUC: 0.8000
Std Test Accuracy: 0.1172
Std Test AUC: 0.0542

--- Round 58/500 ---
Averaged Train Loss: 1.7623
Averaged Test Accuracy: 0.3427
Averaged Test AUC: 0.7936
Std Test Accuracy: 0.1632
Std Test AUC: 0.0646

--- Round 59/500 ---
Averaged Train Loss: 1.7086
Averaged Test Accuracy: 0.3793
Averaged Test AUC: 0.8065
Std Test Accuracy: 0.1631
Std Test AUC: 0.0542

--- Round 60/500 ---
Averaged Train Loss: 1.7743
Averaged Test Accuracy: 0.3499
Averaged Test AUC: 0.7954
Std Test Accuracy: 0.2123
Std Test AUC: 0.0859

--- Round 61/500 ---
Averaged Train Loss: 1.7265
Averaged Test Accuracy: 0.3605
Averaged Test AUC: 0.8013
Std Test Accuracy: 0.1920
Std Test AUC: 0.0696

--- Round 62/500 ---
Averaged Train Loss: 1.7424
Averaged Test Accuracy: 0.3394
Averaged Test AUC: 0.8005
Std Test Accuracy: 0.1862
Std Test AUC: 0.0583

--- Round 63/500 ---
Averaged Train Loss: 1.7436
Averaged Test Accuracy: 0.3560
Averaged Test AUC: 0.7994
Std Test Accuracy: 0.2283
Std Test AUC: 0.0807

--- Round 64/500 ---
Averaged Train Loss: 1.7575
Averaged Test Accuracy: 0.3509
Averaged Test AUC: 0.8012
Std Test Accuracy: 0.2321
Std Test AUC: 0.0713

--- Round 65/500 ---
Averaged Train Loss: 1.7165
Averaged Test Accuracy: 0.3742
Averaged Test AUC: 0.8041
Std Test Accuracy: 0.2060
Std Test AUC: 0.0732

--- Round 66/500 ---
Averaged Train Loss: 1.7208
Averaged Test Accuracy: 0.3733
Averaged Test AUC: 0.8037
Std Test Accuracy: 0.2019
Std Test AUC: 0.0745

--- Round 67/500 ---
Averaged Train Loss: 1.7076
Averaged Test Accuracy: 0.3650
Averaged Test AUC: 0.8057
Std Test Accuracy: 0.1885
Std Test AUC: 0.0611

--- Round 68/500 ---
Averaged Train Loss: 1.7326
Averaged Test Accuracy: 0.3559
Averaged Test AUC: 0.8032
Std Test Accuracy: 0.2226
Std Test AUC: 0.0759

--- Round 69/500 ---
Averaged Train Loss: 1.7429
Averaged Test Accuracy: 0.3610
Averaged Test AUC: 0.8027
Std Test Accuracy: 0.2189
Std Test AUC: 0.0724

--- Round 70/500 ---
Averaged Train Loss: 1.7295
Averaged Test Accuracy: 0.3624
Averaged Test AUC: 0.8034
Std Test Accuracy: 0.1949
Std Test AUC: 0.0803

--- Round 71/500 ---
Averaged Train Loss: 1.6819
Averaged Test Accuracy: 0.3835
Averaged Test AUC: 0.8109
Std Test Accuracy: 0.1515
Std Test AUC: 0.0488

--- Round 72/500 ---
Averaged Train Loss: 1.7162
Averaged Test Accuracy: 0.3637
Averaged Test AUC: 0.8060
Std Test Accuracy: 0.2147
Std Test AUC: 0.0749

--- Round 73/500 ---
Averaged Train Loss: 1.6579
Averaged Test Accuracy: 0.3938
Averaged Test AUC: 0.8143
Std Test Accuracy: 0.1684
Std Test AUC: 0.0625

--- Round 74/500 ---
Averaged Train Loss: 1.6686
Averaged Test Accuracy: 0.3893
Averaged Test AUC: 0.8136
Std Test Accuracy: 0.1898
Std Test AUC: 0.0625

--- Round 75/500 ---
Averaged Train Loss: 1.7287
Averaged Test Accuracy: 0.3662
Averaged Test AUC: 0.8057
Std Test Accuracy: 0.2152
Std Test AUC: 0.0830

--- Round 76/500 ---
Averaged Train Loss: 1.6929
Averaged Test Accuracy: 0.3790
Averaged Test AUC: 0.8104
Std Test Accuracy: 0.1806
Std Test AUC: 0.0668

--- Round 77/500 ---
Averaged Train Loss: 1.7163
Averaged Test Accuracy: 0.3685
Averaged Test AUC: 0.8083
Std Test Accuracy: 0.2103
Std Test AUC: 0.0784

--- Round 78/500 ---
Averaged Train Loss: 1.6571
Averaged Test Accuracy: 0.3962
Averaged Test AUC: 0.8167
Std Test Accuracy: 0.1578
Std Test AUC: 0.0525

--- Round 79/500 ---
Averaged Train Loss: 1.6506
Averaged Test Accuracy: 0.3977
Averaged Test AUC: 0.8185
Std Test Accuracy: 0.1682
Std Test AUC: 0.0531

--- Round 80/500 ---
Averaged Train Loss: 1.6790
Averaged Test Accuracy: 0.3840
Averaged Test AUC: 0.8143
Std Test Accuracy: 0.2046
Std Test AUC: 0.0662

--- Round 81/500 ---
Averaged Train Loss: 1.6413
Averaged Test Accuracy: 0.4023
Averaged Test AUC: 0.8198
Std Test Accuracy: 0.1494
Std Test AUC: 0.0518

--- Round 82/500 ---
Averaged Train Loss: 1.6361
Averaged Test Accuracy: 0.4001
Averaged Test AUC: 0.8191
Std Test Accuracy: 0.1527
Std Test AUC: 0.0551

--- Round 83/500 ---
Averaged Train Loss: 1.6371
Averaged Test Accuracy: 0.4042
Averaged Test AUC: 0.8203
Std Test Accuracy: 0.1811
Std Test AUC: 0.0567

--- Round 84/500 ---
Averaged Train Loss: 1.6385
Averaged Test Accuracy: 0.4045
Averaged Test AUC: 0.8181
Std Test Accuracy: 0.1691
Std Test AUC: 0.0609

--- Round 85/500 ---
Averaged Train Loss: 1.6633
Averaged Test Accuracy: 0.3789
Averaged Test AUC: 0.8153
Std Test Accuracy: 0.1627
Std Test AUC: 0.0564

--- Round 86/500 ---
Averaged Train Loss: 1.6270
Averaged Test Accuracy: 0.4099
Averaged Test AUC: 0.8227
Std Test Accuracy: 0.1691
Std Test AUC: 0.0521

--- Round 87/500 ---
Averaged Train Loss: 1.6357
Averaged Test Accuracy: 0.4041
Averaged Test AUC: 0.8193
Std Test Accuracy: 0.1536
Std Test AUC: 0.0674

--- Round 88/500 ---
Averaged Train Loss: 1.6528
Averaged Test Accuracy: 0.3940
Averaged Test AUC: 0.8187
Std Test Accuracy: 0.2006
Std Test AUC: 0.0682

--- Round 89/500 ---
Averaged Train Loss: 1.6348
Averaged Test Accuracy: 0.3956
Averaged Test AUC: 0.8188
Std Test Accuracy: 0.1427
Std Test AUC: 0.0508

--- Round 90/500 ---
Averaged Train Loss: 1.6634
Averaged Test Accuracy: 0.3878
Averaged Test AUC: 0.8182
Std Test Accuracy: 0.1776
Std Test AUC: 0.0556

--- Round 91/500 ---
Averaged Train Loss: 1.6143
Averaged Test Accuracy: 0.4138
Averaged Test AUC: 0.8257
Std Test Accuracy: 0.1697
Std Test AUC: 0.0522

--- Round 92/500 ---
Averaged Train Loss: 1.7068
Averaged Test Accuracy: 0.3685
Averaged Test AUC: 0.8101
Std Test Accuracy: 0.1791
Std Test AUC: 0.0630

--- Round 93/500 ---
Averaged Train Loss: 1.6262
Averaged Test Accuracy: 0.4069
Averaged Test AUC: 0.8244
Std Test Accuracy: 0.1914
Std Test AUC: 0.0634

--- Round 94/500 ---
Averaged Train Loss: 1.6140
Averaged Test Accuracy: 0.4064
Averaged Test AUC: 0.8255
Std Test Accuracy: 0.1400
Std Test AUC: 0.0429

--- Round 95/500 ---
Averaged Train Loss: 1.6804
Averaged Test Accuracy: 0.3846
Averaged Test AUC: 0.8126
Std Test Accuracy: 0.1834
Std Test AUC: 0.0646

--- Round 96/500 ---
Averaged Train Loss: 1.5920
Averaged Test Accuracy: 0.4146
Averaged Test AUC: 0.8284
Std Test Accuracy: 0.1398
Std Test AUC: 0.0429

--- Round 97/500 ---
Averaged Train Loss: 1.6311
Averaged Test Accuracy: 0.4020
Averaged Test AUC: 0.8257
Std Test Accuracy: 0.1948
Std Test AUC: 0.0561

--- Round 98/500 ---
Averaged Train Loss: 1.6150
Averaged Test Accuracy: 0.4159
Averaged Test AUC: 0.8246
Std Test Accuracy: 0.1859
Std Test AUC: 0.0621

--- Round 99/500 ---
Averaged Train Loss: 1.6069
Averaged Test Accuracy: 0.4068
Averaged Test AUC: 0.8252
Std Test Accuracy: 0.1698
Std Test AUC: 0.0509

--- Round 100/500 ---
Averaged Train Loss: 1.6189
Averaged Test Accuracy: 0.4006
Averaged Test AUC: 0.8229
Std Test Accuracy: 0.1452
Std Test AUC: 0.0506

--- Round 101/500 ---
Averaged Train Loss: 1.6085
Averaged Test Accuracy: 0.4086
Averaged Test AUC: 0.8262
Std Test Accuracy: 0.1601
Std Test AUC: 0.0466

--- Round 102/500 ---
Averaged Train Loss: 1.6597
Averaged Test Accuracy: 0.4001
Averaged Test AUC: 0.8164
Std Test Accuracy: 0.1250
Std Test AUC: 0.0568

--- Round 103/500 ---
Averaged Train Loss: 1.5832
Averaged Test Accuracy: 0.4258
Averaged Test AUC: 0.8307
Std Test Accuracy: 0.1651
Std Test AUC: 0.0503

--- Round 104/500 ---
Averaged Train Loss: 1.5696
Averaged Test Accuracy: 0.4327
Averaged Test AUC: 0.8284
Std Test Accuracy: 0.1296
Std Test AUC: 0.0467

--- Round 105/500 ---
Averaged Train Loss: 1.5792
Averaged Test Accuracy: 0.4141
Averaged Test AUC: 0.8286
Std Test Accuracy: 0.1417
Std Test AUC: 0.0400

--- Round 106/500 ---
Averaged Train Loss: 1.5927
Averaged Test Accuracy: 0.4099
Averaged Test AUC: 0.8269
Std Test Accuracy: 0.1488
Std Test AUC: 0.0479

--- Round 107/500 ---
Averaged Train Loss: 1.6325
Averaged Test Accuracy: 0.3942
Averaged Test AUC: 0.8261
Std Test Accuracy: 0.1840
Std Test AUC: 0.0548

--- Round 108/500 ---
Averaged Train Loss: 1.6075
Averaged Test Accuracy: 0.4077
Averaged Test AUC: 0.8274
Std Test Accuracy: 0.1783
Std Test AUC: 0.0548

--- Round 109/500 ---
Averaged Train Loss: 1.6078
Averaged Test Accuracy: 0.4076
Averaged Test AUC: 0.8269
Std Test Accuracy: 0.1758
Std Test AUC: 0.0549

--- Round 110/500 ---
Averaged Train Loss: 1.5822
Averaged Test Accuracy: 0.4143
Averaged Test AUC: 0.8304
Std Test Accuracy: 0.1160
Std Test AUC: 0.0379

--- Round 111/500 ---
Averaged Train Loss: 1.5885
Averaged Test Accuracy: 0.4128
Averaged Test AUC: 0.8308
Std Test Accuracy: 0.1876
Std Test AUC: 0.0582

--- Round 112/500 ---
Averaged Train Loss: 1.6118
Averaged Test Accuracy: 0.4055
Averaged Test AUC: 0.8284
Std Test Accuracy: 0.1866
Std Test AUC: 0.0580

--- Round 113/500 ---
Averaged Train Loss: 1.6165
Averaged Test Accuracy: 0.4106
Averaged Test AUC: 0.8232
Std Test Accuracy: 0.1741
Std Test AUC: 0.0612

--- Round 114/500 ---
Averaged Train Loss: 1.6307
Averaged Test Accuracy: 0.4053
Averaged Test AUC: 0.8216
Std Test Accuracy: 0.1827
Std Test AUC: 0.0646

--- Round 115/500 ---
Averaged Train Loss: 1.5700
Averaged Test Accuracy: 0.4184
Averaged Test AUC: 0.8306
Std Test Accuracy: 0.1341
Std Test AUC: 0.0402

--- Round 116/500 ---
Averaged Train Loss: 1.5497
Averaged Test Accuracy: 0.4399
Averaged Test AUC: 0.8350
Std Test Accuracy: 0.1271
Std Test AUC: 0.0434

--- Round 117/500 ---
Averaged Train Loss: 1.5965
Averaged Test Accuracy: 0.4200
Averaged Test AUC: 0.8292
Std Test Accuracy: 0.1614
Std Test AUC: 0.0545

--- Round 118/500 ---
Averaged Train Loss: 1.5581
Averaged Test Accuracy: 0.4298
Averaged Test AUC: 0.8353
Std Test Accuracy: 0.1335
Std Test AUC: 0.0433

--- Round 119/500 ---
Averaged Train Loss: 1.5708
Averaged Test Accuracy: 0.4185
Averaged Test AUC: 0.8324
Std Test Accuracy: 0.1316
Std Test AUC: 0.0410

--- Round 120/500 ---
Averaged Train Loss: 1.5866
Averaged Test Accuracy: 0.4215
Averaged Test AUC: 0.8340
Std Test Accuracy: 0.1753
Std Test AUC: 0.0502

--- Round 121/500 ---
Averaged Train Loss: 1.6033
Averaged Test Accuracy: 0.4198
Averaged Test AUC: 0.8269
Std Test Accuracy: 0.1589
Std Test AUC: 0.0716

--- Round 122/500 ---
Averaged Train Loss: 1.5514
Averaged Test Accuracy: 0.4341
Averaged Test AUC: 0.8368
Std Test Accuracy: 0.1506
Std Test AUC: 0.0498

--- Round 123/500 ---
Averaged Train Loss: 1.5518
Averaged Test Accuracy: 0.4350
Averaged Test AUC: 0.8371
Std Test Accuracy: 0.1529
Std Test AUC: 0.0477

--- Round 124/500 ---
Averaged Train Loss: 1.6021
Averaged Test Accuracy: 0.3938
Averaged Test AUC: 0.8311
Std Test Accuracy: 0.1848
Std Test AUC: 0.0620

--- Round 125/500 ---
Averaged Train Loss: 1.5324
Averaged Test Accuracy: 0.4343
Averaged Test AUC: 0.8373
Std Test Accuracy: 0.1249
Std Test AUC: 0.0372

--- Round 126/500 ---
Averaged Train Loss: 1.5598
Averaged Test Accuracy: 0.4328
Averaged Test AUC: 0.8344
Std Test Accuracy: 0.1562
Std Test AUC: 0.0483

--- Round 127/500 ---
Averaged Train Loss: 1.5570
Averaged Test Accuracy: 0.4359
Averaged Test AUC: 0.8353
Std Test Accuracy: 0.1783
Std Test AUC: 0.0547

--- Round 128/500 ---
Averaged Train Loss: 1.5491
Averaged Test Accuracy: 0.4317
Averaged Test AUC: 0.8352
Std Test Accuracy: 0.1466
Std Test AUC: 0.0517

--- Round 129/500 ---
Averaged Train Loss: 1.5702
Averaged Test Accuracy: 0.4317
Averaged Test AUC: 0.8321
Std Test Accuracy: 0.1512
Std Test AUC: 0.0679

--- Round 130/500 ---
Averaged Train Loss: 1.5908
Averaged Test Accuracy: 0.4127
Averaged Test AUC: 0.8284
Std Test Accuracy: 0.1735
Std Test AUC: 0.0580

--- Round 131/500 ---
Averaged Train Loss: 1.5365
Averaged Test Accuracy: 0.4417
Averaged Test AUC: 0.8392
Std Test Accuracy: 0.1506
Std Test AUC: 0.0470

--- Round 132/500 ---
Averaged Train Loss: 1.5462
Averaged Test Accuracy: 0.4222
Averaged Test AUC: 0.8364
Std Test Accuracy: 0.1061
Std Test AUC: 0.0344

--- Round 133/500 ---
Averaged Train Loss: 1.6560
Averaged Test Accuracy: 0.3817
Averaged Test AUC: 0.8212
Std Test Accuracy: 0.1891
Std Test AUC: 0.0636

--- Round 134/500 ---
Averaged Train Loss: 1.5792
Averaged Test Accuracy: 0.4243
Averaged Test AUC: 0.8303
Std Test Accuracy: 0.1732
Std Test AUC: 0.0703

--- Round 135/500 ---
Averaged Train Loss: 1.6418
Averaged Test Accuracy: 0.3885
Averaged Test AUC: 0.8202
Std Test Accuracy: 0.1957
Std Test AUC: 0.0751

--- Round 136/500 ---
Averaged Train Loss: 1.6265
Averaged Test Accuracy: 0.3992
Averaged Test AUC: 0.8298
Std Test Accuracy: 0.1655
Std Test AUC: 0.0637

--- Round 137/500 ---
Averaged Train Loss: 1.7283
Averaged Test Accuracy: 0.3437
Averaged Test AUC: 0.8227
Std Test Accuracy: 0.2044
Std Test AUC: 0.0586

--- Round 138/500 ---
Averaged Train Loss: 1.6794
Averaged Test Accuracy: 0.3699
Averaged Test AUC: 0.8167
Std Test Accuracy: 0.1884
Std Test AUC: 0.0721

--- Round 139/500 ---
Averaged Train Loss: 1.6157
Averaged Test Accuracy: 0.4052
Averaged Test AUC: 0.8339
Std Test Accuracy: 0.2197
Std Test AUC: 0.0688

--- Round 140/500 ---
Averaged Train Loss: 1.5900
Averaged Test Accuracy: 0.4027
Averaged Test AUC: 0.8346
Std Test Accuracy: 0.1910
Std Test AUC: 0.0581

--- Round 141/500 ---
Averaged Train Loss: 1.6254
Averaged Test Accuracy: 0.3878
Averaged Test AUC: 0.8293
Std Test Accuracy: 0.1622
Std Test AUC: 0.0508

--- Round 142/500 ---
Averaged Train Loss: 1.9319
Averaged Test Accuracy: 0.3042
Averaged Test AUC: 0.7981
Std Test Accuracy: 0.2193
Std Test AUC: 0.0829

--- Round 143/500 ---
Averaged Train Loss: 1.7261
Averaged Test Accuracy: 0.3705
Averaged Test AUC: 0.8169
Std Test Accuracy: 0.2083
Std Test AUC: 0.0745

--- Round 144/500 ---
Averaged Train Loss: 1.5929
Averaged Test Accuracy: 0.4018
Averaged Test AUC: 0.8343
Std Test Accuracy: 0.2045
Std Test AUC: 0.0618

--- Round 145/500 ---
Averaged Train Loss: 1.6337
Averaged Test Accuracy: 0.4057
Averaged Test AUC: 0.8301
Std Test Accuracy: 0.2022
Std Test AUC: 0.0708

--- Round 146/500 ---
Averaged Train Loss: 1.5845
Averaged Test Accuracy: 0.4130
Averaged Test AUC: 0.8338
Std Test Accuracy: 0.1384
Std Test AUC: 0.0420

--- Round 147/500 ---
Averaged Train Loss: 1.8431
Averaged Test Accuracy: 0.3268
Averaged Test AUC: 0.8068
Std Test Accuracy: 0.2013
Std Test AUC: 0.0788

--- Round 148/500 ---
Averaged Train Loss: 1.7550
Averaged Test Accuracy: 0.3617
Averaged Test AUC: 0.8141
Std Test Accuracy: 0.2084
Std Test AUC: 0.0794

--- Round 149/500 ---
Averaged Train Loss: 1.6381
Averaged Test Accuracy: 0.3948
Averaged Test AUC: 0.8289
Std Test Accuracy: 0.2106
Std Test AUC: 0.0779

--- Round 150/500 ---
Averaged Train Loss: 1.6450
Averaged Test Accuracy: 0.4116
Averaged Test AUC: 0.8294
Std Test Accuracy: 0.1953
Std Test AUC: 0.0734

--- Round 151/500 ---
Averaged Train Loss: 1.5341
Averaged Test Accuracy: 0.4274
Averaged Test AUC: 0.8398
Std Test Accuracy: 0.1262
Std Test AUC: 0.0363

--- Round 152/500 ---
Averaged Train Loss: 1.8420
Averaged Test Accuracy: 0.3238
Averaged Test AUC: 0.8083
Std Test Accuracy: 0.2050
Std Test AUC: 0.0767

--- Round 153/500 ---
Averaged Train Loss: 1.7151
Averaged Test Accuracy: 0.3719
Averaged Test AUC: 0.8186
Std Test Accuracy: 0.2098
Std Test AUC: 0.0792

--- Round 154/500 ---
Averaged Train Loss: 1.6415
Averaged Test Accuracy: 0.3950
Averaged Test AUC: 0.8290
Std Test Accuracy: 0.2224
Std Test AUC: 0.0789

--- Round 155/500 ---
Averaged Train Loss: 1.6326
Averaged Test Accuracy: 0.4177
Averaged Test AUC: 0.8321
Std Test Accuracy: 0.1922
Std Test AUC: 0.0731

--- Round 156/500 ---
Averaged Train Loss: 1.5160
Averaged Test Accuracy: 0.4385
Averaged Test AUC: 0.8427
Std Test Accuracy: 0.1121
Std Test AUC: 0.0354

--- Round 157/500 ---
Averaged Train Loss: 1.8495
Averaged Test Accuracy: 0.3266
Averaged Test AUC: 0.8081
Std Test Accuracy: 0.2053
Std Test AUC: 0.0782

--- Round 158/500 ---
Averaged Train Loss: 1.6553
Averaged Test Accuracy: 0.3900
Averaged Test AUC: 0.8291
Std Test Accuracy: 0.1875
Std Test AUC: 0.0543

--- Round 159/500 ---
Averaged Train Loss: 1.6419
Averaged Test Accuracy: 0.3891
Averaged Test AUC: 0.8284
Std Test Accuracy: 0.2096
Std Test AUC: 0.0737

--- Round 160/500 ---
Averaged Train Loss: 1.6215
Averaged Test Accuracy: 0.4228
Averaged Test AUC: 0.8323
Std Test Accuracy: 0.1885
Std Test AUC: 0.0782

--- Round 161/500 ---
Averaged Train Loss: 1.5474
Averaged Test Accuracy: 0.4252
Averaged Test AUC: 0.8392
Std Test Accuracy: 0.1496
Std Test AUC: 0.0572

--- Round 162/500 ---
Averaged Train Loss: 1.8260
Averaged Test Accuracy: 0.3287
Averaged Test AUC: 0.8110
Std Test Accuracy: 0.2048
Std Test AUC: 0.0721

--- Round 163/500 ---
Averaged Train Loss: 1.7187
Averaged Test Accuracy: 0.3766
Averaged Test AUC: 0.8190
Std Test Accuracy: 0.2082
Std Test AUC: 0.0809

--- Round 164/500 ---
Averaged Train Loss: 1.6514
Averaged Test Accuracy: 0.3831
Averaged Test AUC: 0.8281
Std Test Accuracy: 0.2149
Std Test AUC: 0.0722

--- Round 165/500 ---
Averaged Train Loss: 1.6174
Averaged Test Accuracy: 0.4254
Averaged Test AUC: 0.8325
Std Test Accuracy: 0.1882
Std Test AUC: 0.0769

--- Round 166/500 ---
Averaged Train Loss: 1.4951
Averaged Test Accuracy: 0.4470
Averaged Test AUC: 0.8475
Std Test Accuracy: 0.1317
Std Test AUC: 0.0436

--- Round 167/500 ---
Averaged Train Loss: 1.9692
Averaged Test Accuracy: 0.3043
Averaged Test AUC: 0.8023
Std Test Accuracy: 0.2114
Std Test AUC: 0.0855

--- Round 168/500 ---
Averaged Train Loss: 1.7559
Averaged Test Accuracy: 0.3747
Averaged Test AUC: 0.8169
Std Test Accuracy: 0.2029
Std Test AUC: 0.0745

--- Round 169/500 ---
Averaged Train Loss: 1.5827
Averaged Test Accuracy: 0.4035
Averaged Test AUC: 0.8359
Std Test Accuracy: 0.1792
Std Test AUC: 0.0552

--- Round 170/500 ---
Averaged Train Loss: 1.5977
Averaged Test Accuracy: 0.4266
Averaged Test AUC: 0.8364
Std Test Accuracy: 0.1846
Std Test AUC: 0.0731

--- Round 171/500 ---
Averaged Train Loss: 1.5401
Averaged Test Accuracy: 0.4322
Averaged Test AUC: 0.8415
Std Test Accuracy: 0.1389
Std Test AUC: 0.0498

--- Round 172/500 ---
Averaged Train Loss: 1.8853
Averaged Test Accuracy: 0.3313
Averaged Test AUC: 0.8069
Std Test Accuracy: 0.2091
Std Test AUC: 0.0851

--- Round 173/500 ---
Averaged Train Loss: 1.6978
Averaged Test Accuracy: 0.3767
Averaged Test AUC: 0.8236
Std Test Accuracy: 0.2075
Std Test AUC: 0.0733

--- Round 174/500 ---
Averaged Train Loss: 1.5913
Averaged Test Accuracy: 0.3997
Averaged Test AUC: 0.8361
Std Test Accuracy: 0.1903
Std Test AUC: 0.0574

--- Round 175/500 ---
Averaged Train Loss: 1.5655
Averaged Test Accuracy: 0.4317
Averaged Test AUC: 0.8401
Std Test Accuracy: 0.1804
Std Test AUC: 0.0646

--- Round 176/500 ---
Averaged Train Loss: 1.5021
Averaged Test Accuracy: 0.4403
Averaged Test AUC: 0.8485
Std Test Accuracy: 0.1507
Std Test AUC: 0.0471

--- Round 177/500 ---
Averaged Train Loss: 1.8426
Averaged Test Accuracy: 0.3343
Averaged Test AUC: 0.8112
Std Test Accuracy: 0.2085
Std Test AUC: 0.0772

--- Round 178/500 ---
Averaged Train Loss: 1.6360
Averaged Test Accuracy: 0.3962
Averaged Test AUC: 0.8322
Std Test Accuracy: 0.1890
Std Test AUC: 0.0583

--- Round 179/500 ---
Averaged Train Loss: 1.5559
Averaged Test Accuracy: 0.4251
Averaged Test AUC: 0.8398
Std Test Accuracy: 0.2003
Std Test AUC: 0.0682

--- Round 180/500 ---
Averaged Train Loss: 1.5714
Averaged Test Accuracy: 0.4351
Averaged Test AUC: 0.8388
Std Test Accuracy: 0.1885
Std Test AUC: 0.0719

--- Round 181/500 ---
Averaged Train Loss: 1.5201
Averaged Test Accuracy: 0.4357
Averaged Test AUC: 0.8471
Std Test Accuracy: 0.1577
Std Test AUC: 0.0507

--- Round 182/500 ---
Averaged Train Loss: 1.8876
Averaged Test Accuracy: 0.3154
Averaged Test AUC: 0.8124
Std Test Accuracy: 0.2058
Std Test AUC: 0.0719

--- Round 183/500 ---
Averaged Train Loss: 1.6223
Averaged Test Accuracy: 0.4033
Averaged Test AUC: 0.8342
Std Test Accuracy: 0.1819
Std Test AUC: 0.0562

--- Round 184/500 ---
Averaged Train Loss: 1.5317
Averaged Test Accuracy: 0.4338
Averaged Test AUC: 0.8429
Std Test Accuracy: 0.1867
Std Test AUC: 0.0621

--- Round 185/500 ---
Averaged Train Loss: 1.5736
Averaged Test Accuracy: 0.4319
Averaged Test AUC: 0.8394
Std Test Accuracy: 0.1859
Std Test AUC: 0.0691

--- Round 186/500 ---
Averaged Train Loss: 1.5912
Averaged Test Accuracy: 0.4135
Averaged Test AUC: 0.8424
Std Test Accuracy: 0.1819
Std Test AUC: 0.0532

--- Round 187/500 ---
Averaged Train Loss: 1.7972
Averaged Test Accuracy: 0.3437
Averaged Test AUC: 0.8181
Std Test Accuracy: 0.2092
Std Test AUC: 0.0731

--- Round 188/500 ---
Averaged Train Loss: 1.6678
Averaged Test Accuracy: 0.3750
Averaged Test AUC: 0.8263
Std Test Accuracy: 0.1959
Std Test AUC: 0.0747

--- Round 189/500 ---
Averaged Train Loss: 1.5661
Averaged Test Accuracy: 0.4135
Averaged Test AUC: 0.8382
Std Test Accuracy: 0.1935
Std Test AUC: 0.0658

--- Round 190/500 ---
Averaged Train Loss: 1.5498
Averaged Test Accuracy: 0.4424
Averaged Test AUC: 0.8428
Std Test Accuracy: 0.1874
Std Test AUC: 0.0711

--- Round 191/500 ---
Averaged Train Loss: 1.4950
Averaged Test Accuracy: 0.4419
Averaged Test AUC: 0.8505
Std Test Accuracy: 0.1606
Std Test AUC: 0.0475

--- Round 192/500 ---
Averaged Train Loss: 1.7799
Averaged Test Accuracy: 0.3568
Averaged Test AUC: 0.8184
Std Test Accuracy: 0.2008
Std Test AUC: 0.0751

--- Round 193/500 ---
Averaged Train Loss: 1.6647
Averaged Test Accuracy: 0.3919
Averaged Test AUC: 0.8287
Std Test Accuracy: 0.1992
Std Test AUC: 0.0709

--- Round 194/500 ---
Averaged Train Loss: 1.5391
Averaged Test Accuracy: 0.4324
Averaged Test AUC: 0.8408
Std Test Accuracy: 0.1901
Std Test AUC: 0.0693

--- Round 195/500 ---
Averaged Train Loss: 1.5360
Averaged Test Accuracy: 0.4449
Averaged Test AUC: 0.8446
Std Test Accuracy: 0.1811
Std Test AUC: 0.0670

--- Round 196/500 ---
Averaged Train Loss: 1.4895
Averaged Test Accuracy: 0.4454
Averaged Test AUC: 0.8499
Std Test Accuracy: 0.1519
Std Test AUC: 0.0484

--- Round 197/500 ---
Averaged Train Loss: 1.7821
Averaged Test Accuracy: 0.3538
Averaged Test AUC: 0.8193
Std Test Accuracy: 0.2069
Std Test AUC: 0.0755

--- Round 198/500 ---
Averaged Train Loss: 1.5970
Averaged Test Accuracy: 0.4125
Averaged Test AUC: 0.8383
Std Test Accuracy: 0.1720
Std Test AUC: 0.0511

--- Round 199/500 ---
Averaged Train Loss: 1.5573
Averaged Test Accuracy: 0.4229
Averaged Test AUC: 0.8400
Std Test Accuracy: 0.1866
Std Test AUC: 0.0665

--- Round 200/500 ---
Averaged Train Loss: 1.5905
Averaged Test Accuracy: 0.4284
Averaged Test AUC: 0.8395
Std Test Accuracy: 0.1897
Std Test AUC: 0.0674

--- Round 201/500 ---
Averaged Train Loss: 1.5021
Averaged Test Accuracy: 0.4439
Averaged Test AUC: 0.8499
Std Test Accuracy: 0.1584
Std Test AUC: 0.0509

--- Round 202/500 ---
Averaged Train Loss: 1.7780
Averaged Test Accuracy: 0.3516
Averaged Test AUC: 0.8210
Std Test Accuracy: 0.1976
Std Test AUC: 0.0724

--- Round 203/500 ---
Averaged Train Loss: 1.5821
Averaged Test Accuracy: 0.4164
Averaged Test AUC: 0.8400
Std Test Accuracy: 0.1762
Std Test AUC: 0.0523

--- Round 204/500 ---
Averaged Train Loss: 1.5609
Averaged Test Accuracy: 0.4196
Averaged Test AUC: 0.8394
Std Test Accuracy: 0.1887
Std Test AUC: 0.0666

--- Round 205/500 ---
Averaged Train Loss: 1.5377
Averaged Test Accuracy: 0.4429
Averaged Test AUC: 0.8450
Std Test Accuracy: 0.1805
Std Test AUC: 0.0639

--- Round 206/500 ---
Averaged Train Loss: 1.5134
Averaged Test Accuracy: 0.4361
Averaged Test AUC: 0.8498
Std Test Accuracy: 0.1639
Std Test AUC: 0.0491

--- Round 207/500 ---
Averaged Train Loss: 1.8791
Averaged Test Accuracy: 0.3309
Averaged Test AUC: 0.8148
Std Test Accuracy: 0.2030
Std Test AUC: 0.0765

--- Round 208/500 ---
Averaged Train Loss: 1.6535
Averaged Test Accuracy: 0.3966
Averaged Test AUC: 0.8297
Std Test Accuracy: 0.1944
Std Test AUC: 0.0721

--- Round 209/500 ---
Averaged Train Loss: 1.5080
Averaged Test Accuracy: 0.4440
Averaged Test AUC: 0.8471
Std Test Accuracy: 0.1883
Std Test AUC: 0.0623

--- Round 210/500 ---
Averaged Train Loss: 1.5384
Averaged Test Accuracy: 0.4431
Averaged Test AUC: 0.8447
Std Test Accuracy: 0.1848
Std Test AUC: 0.0658

--- Round 211/500 ---
Averaged Train Loss: 1.4823
Averaged Test Accuracy: 0.4512
Averaged Test AUC: 0.8526
Std Test Accuracy: 0.1498
Std Test AUC: 0.0469

--- Round 212/500 ---
Averaged Train Loss: 1.7514
Averaged Test Accuracy: 0.3612
Averaged Test AUC: 0.8221
Std Test Accuracy: 0.2074
Std Test AUC: 0.0729

--- Round 213/500 ---
Averaged Train Loss: 1.6194
Averaged Test Accuracy: 0.4063
Averaged Test AUC: 0.8332
Std Test Accuracy: 0.1868
Std Test AUC: 0.0691

--- Round 214/500 ---
Averaged Train Loss: 1.5199
Averaged Test Accuracy: 0.4341
Averaged Test AUC: 0.8447
Std Test Accuracy: 0.1860
Std Test AUC: 0.0633

--- Round 215/500 ---
Averaged Train Loss: 1.5218
Averaged Test Accuracy: 0.4452
Averaged Test AUC: 0.8467
Std Test Accuracy: 0.1803
Std Test AUC: 0.0660

--- Round 216/500 ---
Averaged Train Loss: 1.4675
Averaged Test Accuracy: 0.4576
Averaged Test AUC: 0.8525
Std Test Accuracy: 0.1560
Std Test AUC: 0.0507

--- Round 217/500 ---
Averaged Train Loss: 1.8357
Averaged Test Accuracy: 0.3423
Averaged Test AUC: 0.8198
Std Test Accuracy: 0.1998
Std Test AUC: 0.0712

--- Round 218/500 ---
Averaged Train Loss: 1.6363
Averaged Test Accuracy: 0.4012
Averaged Test AUC: 0.8328
Std Test Accuracy: 0.1941
Std Test AUC: 0.0693

--- Round 219/500 ---
Averaged Train Loss: 1.5501
Averaged Test Accuracy: 0.4252
Averaged Test AUC: 0.8416
Std Test Accuracy: 0.1932
Std Test AUC: 0.0663

--- Round 220/500 ---
Averaged Train Loss: 1.5661
Averaged Test Accuracy: 0.4376
Averaged Test AUC: 0.8432
Std Test Accuracy: 0.1924
Std Test AUC: 0.0684

--- Round 221/500 ---
Averaged Train Loss: 1.5025
Averaged Test Accuracy: 0.4449
Averaged Test AUC: 0.8515
Std Test Accuracy: 0.1595
Std Test AUC: 0.0499

--- Round 222/500 ---
Averaged Train Loss: 1.7699
Averaged Test Accuracy: 0.3535
Averaged Test AUC: 0.8231
Std Test Accuracy: 0.2096
Std Test AUC: 0.0712

--- Round 223/500 ---
Averaged Train Loss: 1.6307
Averaged Test Accuracy: 0.4001
Averaged Test AUC: 0.8321
Std Test Accuracy: 0.2003
Std Test AUC: 0.0777

--- Round 224/500 ---
Averaged Train Loss: 1.5086
Averaged Test Accuracy: 0.4385
Averaged Test AUC: 0.8468
Std Test Accuracy: 0.1870
Std Test AUC: 0.0617

--- Round 225/500 ---
Averaged Train Loss: 1.5318
Averaged Test Accuracy: 0.4469
Averaged Test AUC: 0.8465
Std Test Accuracy: 0.1846
Std Test AUC: 0.0668

--- Round 226/500 ---
Averaged Train Loss: 1.4520
Averaged Test Accuracy: 0.4588
Averaged Test AUC: 0.8561
Std Test Accuracy: 0.1570
Std Test AUC: 0.0489

--- Round 227/500 ---
Averaged Train Loss: 1.8400
Averaged Test Accuracy: 0.3404
Averaged Test AUC: 0.8200
Std Test Accuracy: 0.2031
Std Test AUC: 0.0739

--- Round 228/500 ---
Averaged Train Loss: 1.6080
Averaged Test Accuracy: 0.4132
Averaged Test AUC: 0.8366
Std Test Accuracy: 0.1915
Std Test AUC: 0.0668

--- Round 229/500 ---
Averaged Train Loss: 1.5192
Averaged Test Accuracy: 0.4354
Averaged Test AUC: 0.8455
Std Test Accuracy: 0.1873
Std Test AUC: 0.0638

--- Round 230/500 ---
Averaged Train Loss: 1.5192
Averaged Test Accuracy: 0.4484
Averaged Test AUC: 0.8469
Std Test Accuracy: 0.1864
Std Test AUC: 0.0680

--- Round 231/500 ---
Averaged Train Loss: 1.4570
Averaged Test Accuracy: 0.4593
Averaged Test AUC: 0.8561
Std Test Accuracy: 0.1473
Std Test AUC: 0.0470

--- Round 232/500 ---
Averaged Train Loss: 1.8316
Averaged Test Accuracy: 0.3365
Averaged Test AUC: 0.8236
Std Test Accuracy: 0.2039
Std Test AUC: 0.0665

--- Round 233/500 ---
Averaged Train Loss: 1.5833
Averaged Test Accuracy: 0.4192
Averaged Test AUC: 0.8395
Std Test Accuracy: 0.1839
Std Test AUC: 0.0601

--- Round 234/500 ---
Averaged Train Loss: 1.5248
Averaged Test Accuracy: 0.4374
Averaged Test AUC: 0.8445
Std Test Accuracy: 0.1887
Std Test AUC: 0.0654

--- Round 235/500 ---
Averaged Train Loss: 1.5079
Averaged Test Accuracy: 0.4502
Averaged Test AUC: 0.8490
Std Test Accuracy: 0.1843
Std Test AUC: 0.0642

--- Round 236/500 ---
Averaged Train Loss: 1.4861
Averaged Test Accuracy: 0.4445
Averaged Test AUC: 0.8539
Std Test Accuracy: 0.1660
Std Test AUC: 0.0468

--- Round 237/500 ---
Averaged Train Loss: 1.8863
Averaged Test Accuracy: 0.3284
Averaged Test AUC: 0.8184
Std Test Accuracy: 0.2099
Std Test AUC: 0.0717

--- Round 238/500 ---
Averaged Train Loss: 1.6040
Averaged Test Accuracy: 0.4172
Averaged Test AUC: 0.8345
Std Test Accuracy: 0.1928
Std Test AUC: 0.0771

--- Round 239/500 ---
Averaged Train Loss: 1.4751
Averaged Test Accuracy: 0.4505
Averaged Test AUC: 0.8518
Std Test Accuracy: 0.1887
Std Test AUC: 0.0618

--- Round 240/500 ---
Averaged Train Loss: 1.4999
Averaged Test Accuracy: 0.4496
Averaged Test AUC: 0.8498
Std Test Accuracy: 0.1850
Std Test AUC: 0.0633

--- Round 241/500 ---
Averaged Train Loss: 1.4753
Averaged Test Accuracy: 0.4557
Averaged Test AUC: 0.8546
Std Test Accuracy: 0.1573
Std Test AUC: 0.0492

--- Round 242/500 ---
Averaged Train Loss: 1.8454
Averaged Test Accuracy: 0.3477
Averaged Test AUC: 0.8213
Std Test Accuracy: 0.2046
Std Test AUC: 0.0768

--- Round 243/500 ---
Averaged Train Loss: 1.5933
Averaged Test Accuracy: 0.4146
Averaged Test AUC: 0.8385
Std Test Accuracy: 0.1901
Std Test AUC: 0.0667

--- Round 244/500 ---
Averaged Train Loss: 1.5152
Averaged Test Accuracy: 0.4381
Averaged Test AUC: 0.8482
Std Test Accuracy: 0.1976
Std Test AUC: 0.0645

--- Round 245/500 ---
Averaged Train Loss: 1.5271
Averaged Test Accuracy: 0.4498
Averaged Test AUC: 0.8478
Std Test Accuracy: 0.1888
Std Test AUC: 0.0678

--- Round 246/500 ---
Averaged Train Loss: 1.4325
Averaged Test Accuracy: 0.4728
Averaged Test AUC: 0.8585
Std Test Accuracy: 0.1469
Std Test AUC: 0.0476

--- Round 247/500 ---
Averaged Train Loss: 1.7156
Averaged Test Accuracy: 0.3719
Averaged Test AUC: 0.8296
Std Test Accuracy: 0.2056
Std Test AUC: 0.0671

--- Round 248/500 ---
Averaged Train Loss: 1.5888
Averaged Test Accuracy: 0.4188
Averaged Test AUC: 0.8404
Std Test Accuracy: 0.1888
Std Test AUC: 0.0624

--- Round 249/500 ---
Averaged Train Loss: 1.4540
Averaged Test Accuracy: 0.4600
Averaged Test AUC: 0.8563
Std Test Accuracy: 0.1736
Std Test AUC: 0.0537

--- Round 250/500 ---
Averaged Train Loss: 1.5055
Averaged Test Accuracy: 0.4501
Averaged Test AUC: 0.8497
Std Test Accuracy: 0.1889
Std Test AUC: 0.0648

--- Round 251/500 ---
Averaged Train Loss: 1.4431
Averaged Test Accuracy: 0.4697
Averaged Test AUC: 0.8573
Std Test Accuracy: 0.1568
Std Test AUC: 0.0468

--- Round 252/500 ---
Averaged Train Loss: 1.8513
Averaged Test Accuracy: 0.3467
Averaged Test AUC: 0.8197
Std Test Accuracy: 0.2078
Std Test AUC: 0.0808

--- Round 253/500 ---
Averaged Train Loss: 1.5432
Averaged Test Accuracy: 0.4376
Averaged Test AUC: 0.8433
Std Test Accuracy: 0.1735
Std Test AUC: 0.0609

--- Round 254/500 ---
Averaged Train Loss: 1.4594
Averaged Test Accuracy: 0.4560
Averaged Test AUC: 0.8577
Std Test Accuracy: 0.1730
Std Test AUC: 0.0482

--- Round 255/500 ---
Averaged Train Loss: 1.4991
Averaged Test Accuracy: 0.4530
Averaged Test AUC: 0.8504
Std Test Accuracy: 0.1893
Std Test AUC: 0.0654

--- Round 256/500 ---
Averaged Train Loss: 1.4350
Averaged Test Accuracy: 0.4674
Averaged Test AUC: 0.8586
Std Test Accuracy: 0.1539
Std Test AUC: 0.0427

--- Round 257/500 ---
Averaged Train Loss: 1.6899
Averaged Test Accuracy: 0.3773
Averaged Test AUC: 0.8335
Std Test Accuracy: 0.2015
Std Test AUC: 0.0640

--- Round 258/500 ---
Averaged Train Loss: 1.5203
Averaged Test Accuracy: 0.4435
Averaged Test AUC: 0.8449
Std Test Accuracy: 0.1694
Std Test AUC: 0.0636

--- Round 259/500 ---
Averaged Train Loss: 1.4418
Averaged Test Accuracy: 0.4679
Averaged Test AUC: 0.8558
Std Test Accuracy: 0.1792
Std Test AUC: 0.0607

--- Round 260/500 ---
Averaged Train Loss: 1.5325
Averaged Test Accuracy: 0.4504
Averaged Test AUC: 0.8486
Std Test Accuracy: 0.1910
Std Test AUC: 0.0653

--- Round 261/500 ---
Averaged Train Loss: 1.4444
Averaged Test Accuracy: 0.4565
Averaged Test AUC: 0.8573
Std Test Accuracy: 0.1439
Std Test AUC: 0.0383

--- Round 262/500 ---
Averaged Train Loss: 1.8271
Averaged Test Accuracy: 0.3435
Averaged Test AUC: 0.8228
Std Test Accuracy: 0.2085
Std Test AUC: 0.0709

--- Round 263/500 ---
Averaged Train Loss: 1.6084
Averaged Test Accuracy: 0.4191
Averaged Test AUC: 0.8364
Std Test Accuracy: 0.1990
Std Test AUC: 0.0777

--- Round 264/500 ---
Averaged Train Loss: 1.4227
Averaged Test Accuracy: 0.4699
Averaged Test AUC: 0.8587
Std Test Accuracy: 0.1651
Std Test AUC: 0.0564

--- Round 265/500 ---
Averaged Train Loss: 1.4957
Averaged Test Accuracy: 0.4564
Averaged Test AUC: 0.8510
Std Test Accuracy: 0.1869
Std Test AUC: 0.0662

--- Round 266/500 ---
Averaged Train Loss: 1.5356
Averaged Test Accuracy: 0.4322
Averaged Test AUC: 0.8507
Std Test Accuracy: 0.1901
Std Test AUC: 0.0555

--- Round 267/500 ---
Averaged Train Loss: 1.8529
Averaged Test Accuracy: 0.3454
Averaged Test AUC: 0.8229
Std Test Accuracy: 0.2110
Std Test AUC: 0.0775

--- Round 268/500 ---
Averaged Train Loss: 1.5259
Averaged Test Accuracy: 0.4374
Averaged Test AUC: 0.8504
Std Test Accuracy: 0.1715
Std Test AUC: 0.0470

--- Round 269/500 ---
Averaged Train Loss: 1.5023
Averaged Test Accuracy: 0.4405
Averaged Test AUC: 0.8500
Std Test Accuracy: 0.2009
Std Test AUC: 0.0651

--- Round 270/500 ---
Averaged Train Loss: 1.4884
Averaged Test Accuracy: 0.4556
Averaged Test AUC: 0.8524
Std Test Accuracy: 0.1881
Std Test AUC: 0.0627

--- Round 271/500 ---
Averaged Train Loss: 1.3818
Averaged Test Accuracy: 0.4877
Averaged Test AUC: 0.8635
Std Test Accuracy: 0.1357
Std Test AUC: 0.0421

--- Round 272/500 ---
Averaged Train Loss: 1.8729
Averaged Test Accuracy: 0.3433
Averaged Test AUC: 0.8226
Std Test Accuracy: 0.2031
Std Test AUC: 0.0750

--- Round 273/500 ---
Averaged Train Loss: 1.5425
Averaged Test Accuracy: 0.4357
Averaged Test AUC: 0.8439
Std Test Accuracy: 0.1835
Std Test AUC: 0.0632

--- Round 274/500 ---
Averaged Train Loss: 1.4808
Averaged Test Accuracy: 0.4520
Averaged Test AUC: 0.8562
Std Test Accuracy: 0.1905
Std Test AUC: 0.0581

--- Round 275/500 ---
Averaged Train Loss: 1.4991
Averaged Test Accuracy: 0.4583
Averaged Test AUC: 0.8507
Std Test Accuracy: 0.1905
Std Test AUC: 0.0686

--- Round 276/500 ---
Averaged Train Loss: 1.4131
Averaged Test Accuracy: 0.4739
Averaged Test AUC: 0.8619
Std Test Accuracy: 0.1458
Std Test AUC: 0.0412

--- Round 277/500 ---
Averaged Train Loss: 2.0063
Averaged Test Accuracy: 0.3032
Averaged Test AUC: 0.8230
Std Test Accuracy: 0.2254
Std Test AUC: 0.0647

--- Round 278/500 ---
Averaged Train Loss: 1.5453
Averaged Test Accuracy: 0.4353
Averaged Test AUC: 0.8435
Std Test Accuracy: 0.1931
Std Test AUC: 0.0668

--- Round 279/500 ---
Averaged Train Loss: 1.4596
Averaged Test Accuracy: 0.4580
Averaged Test AUC: 0.8582
Std Test Accuracy: 0.1869
Std Test AUC: 0.0562

--- Round 280/500 ---
Averaged Train Loss: 1.5295
Averaged Test Accuracy: 0.4518
Averaged Test AUC: 0.8492
Std Test Accuracy: 0.1949
Std Test AUC: 0.0672

--- Round 281/500 ---
Averaged Train Loss: 1.3638
Averaged Test Accuracy: 0.4963
Averaged Test AUC: 0.8655
Std Test Accuracy: 0.1070
Std Test AUC: 0.0347

--- Round 282/500 ---
Averaged Train Loss: 1.8265
Averaged Test Accuracy: 0.3481
Averaged Test AUC: 0.8283
Std Test Accuracy: 0.1953
Std Test AUC: 0.0639

--- Round 283/500 ---
Averaged Train Loss: 1.4398
Averaged Test Accuracy: 0.4732
Averaged Test AUC: 0.8581
Std Test Accuracy: 0.1558
Std Test AUC: 0.0515

--- Round 284/500 ---
Averaged Train Loss: 1.5326
Averaged Test Accuracy: 0.4525
Averaged Test AUC: 0.8455
Std Test Accuracy: 0.1834
Std Test AUC: 0.0737

--- Round 285/500 ---
Averaged Train Loss: 1.3616
Averaged Test Accuracy: 0.4965
Averaged Test AUC: 0.8657
Std Test Accuracy: 0.1229
Std Test AUC: 0.0387

--- Round 286/500 ---
Averaged Train Loss: 1.4689
Averaged Test Accuracy: 0.4516
Averaged Test AUC: 0.8505
Std Test Accuracy: 0.1501
Std Test AUC: 0.0485

--- Round 287/500 ---
Averaged Train Loss: 1.3736
Averaged Test Accuracy: 0.4935
Averaged Test AUC: 0.8654
Std Test Accuracy: 0.1346
Std Test AUC: 0.0383

--- Round 288/500 ---
Averaged Train Loss: 1.4514
Averaged Test Accuracy: 0.4720
Averaged Test AUC: 0.8571
Std Test Accuracy: 0.1689
Std Test AUC: 0.0563

--- Round 289/500 ---
Averaged Train Loss: 1.3668
Averaged Test Accuracy: 0.4970
Averaged Test AUC: 0.8643
Std Test Accuracy: 0.1346
Std Test AUC: 0.0390

--- Round 290/500 ---
Averaged Train Loss: 1.4557
Averaged Test Accuracy: 0.4566
Averaged Test AUC: 0.8515
Std Test Accuracy: 0.1555
Std Test AUC: 0.0516

--- Round 291/500 ---
Averaged Train Loss: 1.3384
Averaged Test Accuracy: 0.5052
Averaged Test AUC: 0.8677
Std Test Accuracy: 0.1115
Std Test AUC: 0.0320

--- Round 292/500 ---
Averaged Train Loss: 1.4131
Averaged Test Accuracy: 0.4786
Averaged Test AUC: 0.8601
Std Test Accuracy: 0.1603
Std Test AUC: 0.0527

--- Round 293/500 ---
Averaged Train Loss: 1.3684
Averaged Test Accuracy: 0.4940
Averaged Test AUC: 0.8642
Std Test Accuracy: 0.1505
Std Test AUC: 0.0438

--- Round 294/500 ---
Averaged Train Loss: 1.4200
Averaged Test Accuracy: 0.4768
Averaged Test AUC: 0.8544
Std Test Accuracy: 0.1513
Std Test AUC: 0.0525

--- Round 295/500 ---
Averaged Train Loss: 1.3374
Averaged Test Accuracy: 0.5075
Averaged Test AUC: 0.8672
Std Test Accuracy: 0.1146
Std Test AUC: 0.0368

--- Round 296/500 ---
Averaged Train Loss: 1.4055
Averaged Test Accuracy: 0.4810
Averaged Test AUC: 0.8621
Std Test Accuracy: 0.1422
Std Test AUC: 0.0464

--- Round 297/500 ---
Averaged Train Loss: 1.3729
Averaged Test Accuracy: 0.4929
Averaged Test AUC: 0.8632
Std Test Accuracy: 0.1493
Std Test AUC: 0.0440

--- Round 298/500 ---
Averaged Train Loss: 1.4905
Averaged Test Accuracy: 0.4463
Averaged Test AUC: 0.8477
Std Test Accuracy: 0.1612
Std Test AUC: 0.0546

--- Round 299/500 ---
Averaged Train Loss: 1.3271
Averaged Test Accuracy: 0.5104
Averaged Test AUC: 0.8690
Std Test Accuracy: 0.1106
Std Test AUC: 0.0333

--- Round 300/500 ---
Averaged Train Loss: 1.4642
Averaged Test Accuracy: 0.4645
Averaged Test AUC: 0.8543
Std Test Accuracy: 0.1770
Std Test AUC: 0.0609

--- Round 301/500 ---
Averaged Train Loss: 1.3474
Averaged Test Accuracy: 0.5011
Averaged Test AUC: 0.8677
Std Test Accuracy: 0.1395
Std Test AUC: 0.0394

--- Round 302/500 ---
Averaged Train Loss: 1.4936
Averaged Test Accuracy: 0.4384
Averaged Test AUC: 0.8525
Std Test Accuracy: 0.1593
Std Test AUC: 0.0425

--- Round 303/500 ---
Averaged Train Loss: 1.3683
Averaged Test Accuracy: 0.4977
Averaged Test AUC: 0.8667
Std Test Accuracy: 0.1620
Std Test AUC: 0.0416

--- Round 304/500 ---
Averaged Train Loss: 1.4150
Averaged Test Accuracy: 0.4765
Averaged Test AUC: 0.8595
Std Test Accuracy: 0.1569
Std Test AUC: 0.0531

--- Round 305/500 ---
Averaged Train Loss: 1.4319
Averaged Test Accuracy: 0.4711
Averaged Test AUC: 0.8595
Std Test Accuracy: 0.1916
Std Test AUC: 0.0595

--- Round 306/500 ---
Averaged Train Loss: 1.4687
Averaged Test Accuracy: 0.4484
Averaged Test AUC: 0.8524
Std Test Accuracy: 0.1580
Std Test AUC: 0.0461

--- Round 307/500 ---
Averaged Train Loss: 1.3890
Averaged Test Accuracy: 0.4890
Averaged Test AUC: 0.8659
Std Test Accuracy: 0.1751
Std Test AUC: 0.0435

--- Round 308/500 ---
Averaged Train Loss: 1.3368
Averaged Test Accuracy: 0.5049
Averaged Test AUC: 0.8677
Std Test Accuracy: 0.1259
Std Test AUC: 0.0403

--- Round 309/500 ---
Averaged Train Loss: 1.3646
Averaged Test Accuracy: 0.4918
Averaged Test AUC: 0.8656
Std Test Accuracy: 0.1530
Std Test AUC: 0.0466

--- Round 310/500 ---
Averaged Train Loss: 1.4683
Averaged Test Accuracy: 0.4498
Averaged Test AUC: 0.8525
Std Test Accuracy: 0.1580
Std Test AUC: 0.0446

--- Round 311/500 ---
Averaged Train Loss: 1.3138
Averaged Test Accuracy: 0.5152
Averaged Test AUC: 0.8714
Std Test Accuracy: 0.1362
Std Test AUC: 0.0350

--- Round 312/500 ---
Averaged Train Loss: 1.4564
Averaged Test Accuracy: 0.4651
Averaged Test AUC: 0.8554
Std Test Accuracy: 0.1649
Std Test AUC: 0.0597

--- Round 313/500 ---
Averaged Train Loss: 1.3627
Averaged Test Accuracy: 0.4941
Averaged Test AUC: 0.8654
Std Test Accuracy: 0.1303
Std Test AUC: 0.0394

--- Round 314/500 ---
Averaged Train Loss: 1.4829
Averaged Test Accuracy: 0.4425
Averaged Test AUC: 0.8511
Std Test Accuracy: 0.1547
Std Test AUC: 0.0440

--- Round 315/500 ---
Averaged Train Loss: 1.3100
Averaged Test Accuracy: 0.5151
Averaged Test AUC: 0.8714
Std Test Accuracy: 0.1199
Std Test AUC: 0.0315

--- Round 316/500 ---
Averaged Train Loss: 1.3875
Averaged Test Accuracy: 0.4923
Averaged Test AUC: 0.8640
Std Test Accuracy: 0.1318
Std Test AUC: 0.0452

--- Round 317/500 ---
Averaged Train Loss: 1.3411
Averaged Test Accuracy: 0.5029
Averaged Test AUC: 0.8686
Std Test Accuracy: 0.1347
Std Test AUC: 0.0405

--- Round 318/500 ---
Averaged Train Loss: 1.4873
Averaged Test Accuracy: 0.4466
Averaged Test AUC: 0.8506
Std Test Accuracy: 0.1608
Std Test AUC: 0.0508

--- Round 319/500 ---
Averaged Train Loss: 1.3370
Averaged Test Accuracy: 0.5069
Averaged Test AUC: 0.8688
Std Test Accuracy: 0.1623
Std Test AUC: 0.0435

--- Round 320/500 ---
Averaged Train Loss: 1.4501
Averaged Test Accuracy: 0.4753
Averaged Test AUC: 0.8560
Std Test Accuracy: 0.1458
Std Test AUC: 0.0585

--- Round 321/500 ---
Averaged Train Loss: 1.3448
Averaged Test Accuracy: 0.5015
Averaged Test AUC: 0.8687
Std Test Accuracy: 0.1400
Std Test AUC: 0.0411

--- Round 322/500 ---
Averaged Train Loss: 1.4742
Averaged Test Accuracy: 0.4460
Averaged Test AUC: 0.8524
Std Test Accuracy: 0.1561
Std Test AUC: 0.0429

--- Round 323/500 ---
Averaged Train Loss: 1.3045
Averaged Test Accuracy: 0.5164
Averaged Test AUC: 0.8725
Std Test Accuracy: 0.1357
Std Test AUC: 0.0339

--- Round 324/500 ---
Averaged Train Loss: 1.3533
Averaged Test Accuracy: 0.5020
Averaged Test AUC: 0.8670
Std Test Accuracy: 0.1370
Std Test AUC: 0.0444

--- Round 325/500 ---
Averaged Train Loss: 1.3792
Averaged Test Accuracy: 0.4915
Averaged Test AUC: 0.8639
Std Test Accuracy: 0.1616
Std Test AUC: 0.0550

--- Round 326/500 ---
Averaged Train Loss: 1.4432
Averaged Test Accuracy: 0.4729
Averaged Test AUC: 0.8537
Std Test Accuracy: 0.1598
Std Test AUC: 0.0571

--- Round 327/500 ---
Averaged Train Loss: 1.3169
Averaged Test Accuracy: 0.5108
Averaged Test AUC: 0.8708
Std Test Accuracy: 0.1456
Std Test AUC: 0.0369

--- Round 328/500 ---
Averaged Train Loss: 1.3562
Averaged Test Accuracy: 0.5029
Averaged Test AUC: 0.8670
Std Test Accuracy: 0.1316
Std Test AUC: 0.0450

--- Round 329/500 ---
Averaged Train Loss: 1.3328
Averaged Test Accuracy: 0.5055
Averaged Test AUC: 0.8689
Std Test Accuracy: 0.1483
Std Test AUC: 0.0481

--- Round 330/500 ---
Averaged Train Loss: 1.4201
Averaged Test Accuracy: 0.4705
Averaged Test AUC: 0.8559
Std Test Accuracy: 0.1523
Std Test AUC: 0.0495

--- Round 331/500 ---
Averaged Train Loss: 1.3761
Averaged Test Accuracy: 0.5054
Averaged Test AUC: 0.8640
Std Test Accuracy: 0.1658
Std Test AUC: 0.0598

--- Round 332/500 ---
Averaged Train Loss: 1.4404
Averaged Test Accuracy: 0.4761
Averaged Test AUC: 0.8598
Std Test Accuracy: 0.1592
Std Test AUC: 0.0515

--- Round 333/500 ---
Averaged Train Loss: 1.3392
Averaged Test Accuracy: 0.4999
Averaged Test AUC: 0.8679
Std Test Accuracy: 0.1498
Std Test AUC: 0.0486

--- Round 334/500 ---
Averaged Train Loss: 1.3940
Averaged Test Accuracy: 0.4788
Averaged Test AUC: 0.8586
Std Test Accuracy: 0.1402
Std Test AUC: 0.0459

--- Round 335/500 ---
Averaged Train Loss: 1.3557
Averaged Test Accuracy: 0.5065
Averaged Test AUC: 0.8670
Std Test Accuracy: 0.1674
Std Test AUC: 0.0526

--- Round 336/500 ---
Averaged Train Loss: 1.3626
Averaged Test Accuracy: 0.5011
Averaged Test AUC: 0.8657
Std Test Accuracy: 0.1416
Std Test AUC: 0.0465

--- Round 337/500 ---
Averaged Train Loss: 1.3294
Averaged Test Accuracy: 0.5079
Averaged Test AUC: 0.8700
Std Test Accuracy: 0.1405
Std Test AUC: 0.0439

--- Round 338/500 ---
Averaged Train Loss: 1.3886
Averaged Test Accuracy: 0.4786
Averaged Test AUC: 0.8603
Std Test Accuracy: 0.1429
Std Test AUC: 0.0432

--- Round 339/500 ---
Averaged Train Loss: 1.3323
Averaged Test Accuracy: 0.5131
Averaged Test AUC: 0.8696
Std Test Accuracy: 0.1564
Std Test AUC: 0.0476

--- Round 340/500 ---
Averaged Train Loss: 1.3626
Averaged Test Accuracy: 0.5015
Averaged Test AUC: 0.8650
Std Test Accuracy: 0.1265
Std Test AUC: 0.0449

--- Round 341/500 ---
Averaged Train Loss: 1.3855
Averaged Test Accuracy: 0.4902
Averaged Test AUC: 0.8656
Std Test Accuracy: 0.1801
Std Test AUC: 0.0556

--- Round 342/500 ---
Averaged Train Loss: 1.3342
Averaged Test Accuracy: 0.5033
Averaged Test AUC: 0.8654
Std Test Accuracy: 0.1146
Std Test AUC: 0.0390

--- Round 343/500 ---
Averaged Train Loss: 1.3087
Averaged Test Accuracy: 0.5177
Averaged Test AUC: 0.8700
Std Test Accuracy: 0.1409
Std Test AUC: 0.0411

--- Round 344/500 ---
Averaged Train Loss: 1.3602
Averaged Test Accuracy: 0.5024
Averaged Test AUC: 0.8670
Std Test Accuracy: 0.1156
Std Test AUC: 0.0382

--- Round 345/500 ---
Averaged Train Loss: 1.3816
Averaged Test Accuracy: 0.4931
Averaged Test AUC: 0.8659
Std Test Accuracy: 0.1628
Std Test AUC: 0.0542

--- Round 346/500 ---
Averaged Train Loss: 1.4146
Averaged Test Accuracy: 0.4710
Averaged Test AUC: 0.8563
Std Test Accuracy: 0.1378
Std Test AUC: 0.0464

--- Round 347/500 ---
Averaged Train Loss: 1.3440
Averaged Test Accuracy: 0.5042
Averaged Test AUC: 0.8683
Std Test Accuracy: 0.1732
Std Test AUC: 0.0461

--- Round 348/500 ---
Averaged Train Loss: 1.3170
Averaged Test Accuracy: 0.5162
Averaged Test AUC: 0.8704
Std Test Accuracy: 0.1189
Std Test AUC: 0.0381

--- Round 349/500 ---
Averaged Train Loss: 1.3626
Averaged Test Accuracy: 0.4960
Averaged Test AUC: 0.8665
Std Test Accuracy: 0.1573
Std Test AUC: 0.0502

--- Round 350/500 ---
Averaged Train Loss: 1.3596
Averaged Test Accuracy: 0.4908
Averaged Test AUC: 0.8628
Std Test Accuracy: 0.1206
Std Test AUC: 0.0428

--- Round 351/500 ---
Averaged Train Loss: 1.3831
Averaged Test Accuracy: 0.5072
Averaged Test AUC: 0.8631
Std Test Accuracy: 0.1755
Std Test AUC: 0.0716

--- Round 352/500 ---
Averaged Train Loss: 1.3464
Averaged Test Accuracy: 0.5041
Averaged Test AUC: 0.8682
Std Test Accuracy: 0.1333
Std Test AUC: 0.0424

--- Round 353/500 ---
Averaged Train Loss: 1.3840
Averaged Test Accuracy: 0.4923
Averaged Test AUC: 0.8655
Std Test Accuracy: 0.1804
Std Test AUC: 0.0577

--- Round 354/500 ---
Averaged Train Loss: 1.3742
Averaged Test Accuracy: 0.4832
Averaged Test AUC: 0.8621
Std Test Accuracy: 0.1276
Std Test AUC: 0.0374

--- Round 355/500 ---
Averaged Train Loss: 1.3410
Averaged Test Accuracy: 0.5112
Averaged Test AUC: 0.8684
Std Test Accuracy: 0.1697
Std Test AUC: 0.0576

--- Round 356/500 ---
Averaged Train Loss: 1.3503
Averaged Test Accuracy: 0.5061
Averaged Test AUC: 0.8666
Std Test Accuracy: 0.1219
Std Test AUC: 0.0424

--- Round 357/500 ---
Averaged Train Loss: 1.3020
Averaged Test Accuracy: 0.5185
Averaged Test AUC: 0.8731
Std Test Accuracy: 0.1420
Std Test AUC: 0.0384

--- Round 358/500 ---
Averaged Train Loss: 1.4486
Averaged Test Accuracy: 0.4657
Averaged Test AUC: 0.8550
Std Test Accuracy: 0.1634
Std Test AUC: 0.0556

--- Round 359/500 ---
Averaged Train Loss: 1.3642
Averaged Test Accuracy: 0.5092
Averaged Test AUC: 0.8651
Std Test Accuracy: 0.1738
Std Test AUC: 0.0669

--- Round 360/500 ---
Averaged Train Loss: 1.3929
Averaged Test Accuracy: 0.4925
Averaged Test AUC: 0.8647
Std Test Accuracy: 0.1418
Std Test AUC: 0.0449

--- Round 361/500 ---
Averaged Train Loss: 1.3358
Averaged Test Accuracy: 0.5055
Averaged Test AUC: 0.8706
Std Test Accuracy: 0.1440
Std Test AUC: 0.0405

--- Round 362/500 ---
Averaged Train Loss: 1.5126
Averaged Test Accuracy: 0.4303
Averaged Test AUC: 0.8528
Std Test Accuracy: 0.1750
Std Test AUC: 0.0500

--- Round 363/500 ---
Averaged Train Loss: 1.3145
Averaged Test Accuracy: 0.5148
Averaged Test AUC: 0.8720
Std Test Accuracy: 0.1656
Std Test AUC: 0.0464

--- Round 364/500 ---
Averaged Train Loss: 1.4411
Averaged Test Accuracy: 0.4743
Averaged Test AUC: 0.8597
Std Test Accuracy: 0.1644
Std Test AUC: 0.0541

--- Round 365/500 ---
Averaged Train Loss: 1.3157
Averaged Test Accuracy: 0.5152
Averaged Test AUC: 0.8723
Std Test Accuracy: 0.1510
Std Test AUC: 0.0413

--- Round 366/500 ---
Averaged Train Loss: 1.4726
Averaged Test Accuracy: 0.4478
Averaged Test AUC: 0.8552
Std Test Accuracy: 0.1655
Std Test AUC: 0.0468

--- Round 367/500 ---
Averaged Train Loss: 1.3074
Averaged Test Accuracy: 0.5247
Averaged Test AUC: 0.8705
Std Test Accuracy: 0.1614
Std Test AUC: 0.0598

--- Round 368/500 ---
Averaged Train Loss: 1.4224
Averaged Test Accuracy: 0.4824
Averaged Test AUC: 0.8609
Std Test Accuracy: 0.1578
Std Test AUC: 0.0532

--- Round 369/500 ---
Averaged Train Loss: 1.3516
Averaged Test Accuracy: 0.5000
Averaged Test AUC: 0.8710
Std Test Accuracy: 0.1530
Std Test AUC: 0.0444

--- Round 370/500 ---
Averaged Train Loss: 1.4286
Averaged Test Accuracy: 0.4675
Averaged Test AUC: 0.8573
Std Test Accuracy: 0.1535
Std Test AUC: 0.0473

--- Round 371/500 ---
Averaged Train Loss: 1.2583
Averaged Test Accuracy: 0.5315
Averaged Test AUC: 0.8766
Std Test Accuracy: 0.1316
Std Test AUC: 0.0363

--- Round 372/500 ---
Averaged Train Loss: 1.4678
Averaged Test Accuracy: 0.4637
Averaged Test AUC: 0.8574
Std Test Accuracy: 0.1764
Std Test AUC: 0.0563

--- Round 373/500 ---
Averaged Train Loss: 1.3133
Averaged Test Accuracy: 0.5160
Averaged Test AUC: 0.8722
Std Test Accuracy: 0.1433
Std Test AUC: 0.0401

--- Round 374/500 ---
Averaged Train Loss: 1.4070
Averaged Test Accuracy: 0.4721
Averaged Test AUC: 0.8610
Std Test Accuracy: 0.1535
Std Test AUC: 0.0456

--- Round 375/500 ---
Averaged Train Loss: 1.2592
Averaged Test Accuracy: 0.5316
Averaged Test AUC: 0.8770
Std Test Accuracy: 0.1411
Std Test AUC: 0.0381

--- Round 376/500 ---
Averaged Train Loss: 1.4539
Averaged Test Accuracy: 0.4726
Averaged Test AUC: 0.8578
Std Test Accuracy: 0.1692
Std Test AUC: 0.0566

--- Round 377/500 ---
Averaged Train Loss: 1.3133
Averaged Test Accuracy: 0.5134
Averaged Test AUC: 0.8722
Std Test Accuracy: 0.1394
Std Test AUC: 0.0384

--- Round 378/500 ---
Averaged Train Loss: 1.4402
Averaged Test Accuracy: 0.4570
Averaged Test AUC: 0.8584
Std Test Accuracy: 0.1508
Std Test AUC: 0.0421

--- Round 379/500 ---
Averaged Train Loss: 1.3846
Averaged Test Accuracy: 0.5065
Averaged Test AUC: 0.8634
Std Test Accuracy: 0.1879
Std Test AUC: 0.0765

--- Round 380/500 ---
Averaged Train Loss: 1.4105
Averaged Test Accuracy: 0.4832
Averaged Test AUC: 0.8631
Std Test Accuracy: 0.1620
Std Test AUC: 0.0493

--- Round 381/500 ---
Averaged Train Loss: 1.3478
Averaged Test Accuracy: 0.5017
Averaged Test AUC: 0.8693
Std Test Accuracy: 0.1585
Std Test AUC: 0.0468

--- Round 382/500 ---
Averaged Train Loss: 1.4098
Averaged Test Accuracy: 0.4840
Averaged Test AUC: 0.8594
Std Test Accuracy: 0.1579
Std Test AUC: 0.0545

--- Round 383/500 ---
Averaged Train Loss: 1.3679
Averaged Test Accuracy: 0.5094
Averaged Test AUC: 0.8652
Std Test Accuracy: 0.1810
Std Test AUC: 0.0701

--- Round 384/500 ---
Averaged Train Loss: 1.3822
Averaged Test Accuracy: 0.4931
Averaged Test AUC: 0.8665
Std Test Accuracy: 0.1471
Std Test AUC: 0.0473

--- Round 385/500 ---
Averaged Train Loss: 1.3226
Averaged Test Accuracy: 0.5071
Averaged Test AUC: 0.8705
Std Test Accuracy: 0.1444
Std Test AUC: 0.0438

--- Round 386/500 ---
Averaged Train Loss: 1.4565
Averaged Test Accuracy: 0.4534
Averaged Test AUC: 0.8578
Std Test Accuracy: 0.1614
Std Test AUC: 0.0432

--- Round 387/500 ---
Averaged Train Loss: 1.3065
Averaged Test Accuracy: 0.5218
Averaged Test AUC: 0.8720
Std Test Accuracy: 0.1737
Std Test AUC: 0.0581

--- Round 388/500 ---
Averaged Train Loss: 1.3506
Averaged Test Accuracy: 0.5029
Averaged Test AUC: 0.8681
Std Test Accuracy: 0.1442
Std Test AUC: 0.0443

--- Round 389/500 ---
Averaged Train Loss: 1.3295
Averaged Test Accuracy: 0.5031
Averaged Test AUC: 0.8723
Std Test Accuracy: 0.1409
Std Test AUC: 0.0403

--- Round 390/500 ---
Averaged Train Loss: 1.4122
Averaged Test Accuracy: 0.4770
Averaged Test AUC: 0.8601
Std Test Accuracy: 0.1549
Std Test AUC: 0.0466

--- Round 391/500 ---
Averaged Train Loss: 1.3201
Averaged Test Accuracy: 0.5150
Averaged Test AUC: 0.8708
Std Test Accuracy: 0.1693
Std Test AUC: 0.0511

--- Round 392/500 ---
Averaged Train Loss: 1.3678
Averaged Test Accuracy: 0.4959
Averaged Test AUC: 0.8668
Std Test Accuracy: 0.1471
Std Test AUC: 0.0463

--- Round 393/500 ---
Averaged Train Loss: 1.3184
Averaged Test Accuracy: 0.5111
Averaged Test AUC: 0.8719
Std Test Accuracy: 0.1450
Std Test AUC: 0.0438

--- Round 394/500 ---
Averaged Train Loss: 1.4261
Averaged Test Accuracy: 0.4603
Averaged Test AUC: 0.8602
Std Test Accuracy: 0.1572
Std Test AUC: 0.0425

--- Round 395/500 ---
Averaged Train Loss: 1.3321
Averaged Test Accuracy: 0.5117
Averaged Test AUC: 0.8693
Std Test Accuracy: 0.1887
Std Test AUC: 0.0623

--- Round 396/500 ---
Averaged Train Loss: 1.3905
Averaged Test Accuracy: 0.4975
Averaged Test AUC: 0.8637
Std Test Accuracy: 0.1464
Std Test AUC: 0.0507

--- Round 397/500 ---
Averaged Train Loss: 1.2879
Averaged Test Accuracy: 0.5248
Averaged Test AUC: 0.8744
Std Test Accuracy: 0.1307
Std Test AUC: 0.0367

--- Round 398/500 ---
Averaged Train Loss: 1.4015
Averaged Test Accuracy: 0.4737
Averaged Test AUC: 0.8615
Std Test Accuracy: 0.1523
Std Test AUC: 0.0442

--- Round 399/500 ---
Averaged Train Loss: 1.3062
Averaged Test Accuracy: 0.5244
Averaged Test AUC: 0.8712
Std Test Accuracy: 0.1708
Std Test AUC: 0.0605

--- Round 400/500 ---
Averaged Train Loss: 1.4049
Averaged Test Accuracy: 0.4879
Averaged Test AUC: 0.8630
Std Test Accuracy: 0.1489
Std Test AUC: 0.0484

--- Round 401/500 ---
Averaged Train Loss: 1.2952
Averaged Test Accuracy: 0.5213
Averaged Test AUC: 0.8738
Std Test Accuracy: 0.1381
Std Test AUC: 0.0388

--- Round 402/500 ---
Averaged Train Loss: 1.4872
Averaged Test Accuracy: 0.4498
Averaged Test AUC: 0.8545
Std Test Accuracy: 0.1548
Std Test AUC: 0.0505

--- Round 403/500 ---
Averaged Train Loss: 1.4098
Averaged Test Accuracy: 0.4975
Averaged Test AUC: 0.8609
Std Test Accuracy: 0.2031
Std Test AUC: 0.0778

--- Round 404/500 ---
Averaged Train Loss: 1.3774
Averaged Test Accuracy: 0.4997
Averaged Test AUC: 0.8620
Std Test Accuracy: 0.1653
Std Test AUC: 0.0593

--- Round 405/500 ---
Averaged Train Loss: 1.2836
Averaged Test Accuracy: 0.5209
Averaged Test AUC: 0.8749
Std Test Accuracy: 0.1499
Std Test AUC: 0.0423

--- Round 406/500 ---
Averaged Train Loss: 1.3230
Averaged Test Accuracy: 0.5035
Averaged Test AUC: 0.8691
Std Test Accuracy: 0.1137
Std Test AUC: 0.0343

--- Round 407/500 ---
Averaged Train Loss: 1.3767
Averaged Test Accuracy: 0.5000
Averaged Test AUC: 0.8639
Std Test Accuracy: 0.1947
Std Test AUC: 0.0676

--- Round 408/500 ---
Averaged Train Loss: 1.2823
Averaged Test Accuracy: 0.5257
Averaged Test AUC: 0.8723
Std Test Accuracy: 0.1492
Std Test AUC: 0.0536

--- Round 409/500 ---
Averaged Train Loss: 1.3000
Averaged Test Accuracy: 0.5210
Averaged Test AUC: 0.8732
Std Test Accuracy: 0.1609
Std Test AUC: 0.0448

--- Round 410/500 ---
Averaged Train Loss: 1.4118
Averaged Test Accuracy: 0.4691
Averaged Test AUC: 0.8629
Std Test Accuracy: 0.1392
Std Test AUC: 0.0375

--- Round 411/500 ---
Averaged Train Loss: 1.4142
Averaged Test Accuracy: 0.4853
Averaged Test AUC: 0.8641
Std Test Accuracy: 0.1520
Std Test AUC: 0.0522

--- Round 412/500 ---
Averaged Train Loss: 1.3150
Averaged Test Accuracy: 0.5142
Averaged Test AUC: 0.8713
Std Test Accuracy: 0.1548
Std Test AUC: 0.0506

--- Round 413/500 ---
Averaged Train Loss: 1.2771
Averaged Test Accuracy: 0.5253
Averaged Test AUC: 0.8750
Std Test Accuracy: 0.1435
Std Test AUC: 0.0396

--- Round 414/500 ---
Averaged Train Loss: 1.5453
Averaged Test Accuracy: 0.4254
Averaged Test AUC: 0.8550
Std Test Accuracy: 0.1695
Std Test AUC: 0.0416

--- Round 415/500 ---
Averaged Train Loss: 1.4964
Averaged Test Accuracy: 0.4707
Averaged Test AUC: 0.8583
Std Test Accuracy: 0.2148
Std Test AUC: 0.0712

--- Round 416/500 ---
Averaged Train Loss: 1.2856
Averaged Test Accuracy: 0.5252
Averaged Test AUC: 0.8737
Std Test Accuracy: 0.1378
Std Test AUC: 0.0459

--- Round 417/500 ---
Averaged Train Loss: 1.2823
Averaged Test Accuracy: 0.5244
Averaged Test AUC: 0.8754
Std Test Accuracy: 0.1528
Std Test AUC: 0.0413

--- Round 418/500 ---
Averaged Train Loss: 1.5270
Averaged Test Accuracy: 0.4262
Averaged Test AUC: 0.8565
Std Test Accuracy: 0.1682
Std Test AUC: 0.0466

--- Round 419/500 ---
Averaged Train Loss: 1.4422
Averaged Test Accuracy: 0.4734
Averaged Test AUC: 0.8630
Std Test Accuracy: 0.2052
Std Test AUC: 0.0609

--- Round 420/500 ---
Averaged Train Loss: 1.2639
Averaged Test Accuracy: 0.5317
Averaged Test AUC: 0.8758
Std Test Accuracy: 0.1201
Std Test AUC: 0.0386

--- Round 421/500 ---
Averaged Train Loss: 1.2973
Averaged Test Accuracy: 0.5174
Averaged Test AUC: 0.8743
Std Test Accuracy: 0.1528
Std Test AUC: 0.0484

--- Round 422/500 ---
Averaged Train Loss: 1.4355
Averaged Test Accuracy: 0.4600
Averaged Test AUC: 0.8615
Std Test Accuracy: 0.1472
Std Test AUC: 0.0417

--- Round 423/500 ---
Averaged Train Loss: 1.3622
Averaged Test Accuracy: 0.4977
Averaged Test AUC: 0.8706
Std Test Accuracy: 0.1895
Std Test AUC: 0.0508

--- Round 424/500 ---
Averaged Train Loss: 1.2507
Averaged Test Accuracy: 0.5371
Averaged Test AUC: 0.8776
Std Test Accuracy: 0.1349
Std Test AUC: 0.0437

--- Round 425/500 ---
Averaged Train Loss: 1.3170
Averaged Test Accuracy: 0.5130
Averaged Test AUC: 0.8724
Std Test Accuracy: 0.1773
Std Test AUC: 0.0522

--- Round 426/500 ---
Averaged Train Loss: 1.4449
Averaged Test Accuracy: 0.4643
Averaged Test AUC: 0.8585
Std Test Accuracy: 0.1602
Std Test AUC: 0.0523

--- Round 427/500 ---
Averaged Train Loss: 1.2899
Averaged Test Accuracy: 0.5251
Averaged Test AUC: 0.8735
Std Test Accuracy: 0.1525
Std Test AUC: 0.0458

--- Round 428/500 ---
Averaged Train Loss: 1.2510
Averaged Test Accuracy: 0.5337
Averaged Test AUC: 0.8777
Std Test Accuracy: 0.1075
Std Test AUC: 0.0339

--- Round 429/500 ---
Averaged Train Loss: 1.3480
Averaged Test Accuracy: 0.5071
Averaged Test AUC: 0.8686
Std Test Accuracy: 0.1791
Std Test AUC: 0.0615

--- Round 430/500 ---
Averaged Train Loss: 1.4096
Averaged Test Accuracy: 0.4678
Averaged Test AUC: 0.8648
Std Test Accuracy: 0.1440
Std Test AUC: 0.0346

--- Round 431/500 ---
Averaged Train Loss: 1.3303
Averaged Test Accuracy: 0.5070
Averaged Test AUC: 0.8711
Std Test Accuracy: 0.1887
Std Test AUC: 0.0540

--- Round 432/500 ---
Averaged Train Loss: 1.3077
Averaged Test Accuracy: 0.5139
Averaged Test AUC: 0.8715
Std Test Accuracy: 0.1451
Std Test AUC: 0.0464

--- Round 433/500 ---
Averaged Train Loss: 1.3620
Averaged Test Accuracy: 0.5009
Averaged Test AUC: 0.8687
Std Test Accuracy: 0.1874
Std Test AUC: 0.0569

--- Round 434/500 ---
Averaged Train Loss: 1.7901
Averaged Test Accuracy: 0.3984
Averaged Test AUC: 0.8294
Std Test Accuracy: 0.1941
Std Test AUC: 0.0759

--- Round 435/500 ---
Averaged Train Loss: 1.2894
Averaged Test Accuracy: 0.5231
Averaged Test AUC: 0.8730
Std Test Accuracy: 0.1416
Std Test AUC: 0.0403

--- Round 436/500 ---
Averaged Train Loss: 1.2845
Averaged Test Accuracy: 0.5261
Averaged Test AUC: 0.8744
Std Test Accuracy: 0.1337
Std Test AUC: 0.0410

--- Round 437/500 ---
Averaged Train Loss: 1.2980
Averaged Test Accuracy: 0.5179
Averaged Test AUC: 0.8748
Std Test Accuracy: 0.1628
Std Test AUC: 0.0478

--- Round 438/500 ---
Averaged Train Loss: 1.3569
Averaged Test Accuracy: 0.4944
Averaged Test AUC: 0.8655
Std Test Accuracy: 0.1344
Std Test AUC: 0.0391

--- Round 439/500 ---
Averaged Train Loss: 1.3775
Averaged Test Accuracy: 0.5081
Averaged Test AUC: 0.8617
Std Test Accuracy: 0.1812
Std Test AUC: 0.0669

--- Round 440/500 ---
Averaged Train Loss: 1.3507
Averaged Test Accuracy: 0.5030
Averaged Test AUC: 0.8671
Std Test Accuracy: 0.1523
Std Test AUC: 0.0564

--- Round 441/500 ---
Averaged Train Loss: 1.3749
Averaged Test Accuracy: 0.4991
Averaged Test AUC: 0.8694
Std Test Accuracy: 0.1930
Std Test AUC: 0.0616

--- Round 442/500 ---
Averaged Train Loss: 1.4358
Averaged Test Accuracy: 0.4670
Averaged Test AUC: 0.8595
Std Test Accuracy: 0.1582
Std Test AUC: 0.0476

--- Round 443/500 ---
Averaged Train Loss: 1.2742
Averaged Test Accuracy: 0.5285
Averaged Test AUC: 0.8750
Std Test Accuracy: 0.1445
Std Test AUC: 0.0381

--- Round 444/500 ---
Averaged Train Loss: 1.3467
Averaged Test Accuracy: 0.5003
Averaged Test AUC: 0.8679
Std Test Accuracy: 0.1572
Std Test AUC: 0.0550

--- Round 445/500 ---
Averaged Train Loss: 1.3032
Averaged Test Accuracy: 0.5191
Averaged Test AUC: 0.8738
Std Test Accuracy: 0.1769
Std Test AUC: 0.0533

--- Round 446/500 ---
Averaged Train Loss: 1.3757
Averaged Test Accuracy: 0.4874
Averaged Test AUC: 0.8649
Std Test Accuracy: 0.1523
Std Test AUC: 0.0440

--- Round 447/500 ---
Averaged Train Loss: 1.3108
Averaged Test Accuracy: 0.5128
Averaged Test AUC: 0.8728
Std Test Accuracy: 0.1570
Std Test AUC: 0.0413

--- Round 448/500 ---
Averaged Train Loss: 1.3136
Averaged Test Accuracy: 0.5120
Averaged Test AUC: 0.8718
Std Test Accuracy: 0.1343
Std Test AUC: 0.0456

--- Round 449/500 ---
Averaged Train Loss: 1.3195
Averaged Test Accuracy: 0.5144
Averaged Test AUC: 0.8728
Std Test Accuracy: 0.1805
Std Test AUC: 0.0534

--- Round 450/500 ---
Averaged Train Loss: 1.3288
Averaged Test Accuracy: 0.5098
Averaged Test AUC: 0.8683
Std Test Accuracy: 0.1320
Std Test AUC: 0.0407

--- Round 451/500 ---
Averaged Train Loss: 1.3073
Averaged Test Accuracy: 0.5142
Averaged Test AUC: 0.8732
Std Test Accuracy: 0.1592
Std Test AUC: 0.0412

--- Round 452/500 ---
Averaged Train Loss: 1.3016
Averaged Test Accuracy: 0.5168
Averaged Test AUC: 0.8728
Std Test Accuracy: 0.1320
Std Test AUC: 0.0449

--- Round 453/500 ---
Averaged Train Loss: 1.2712
Averaged Test Accuracy: 0.5254
Averaged Test AUC: 0.8780
Std Test Accuracy: 0.1579
Std Test AUC: 0.0414

--- Round 454/500 ---
Averaged Train Loss: 1.2868
Averaged Test Accuracy: 0.5199
Averaged Test AUC: 0.8718
Std Test Accuracy: 0.1002
Std Test AUC: 0.0303

--- Round 455/500 ---
Averaged Train Loss: 1.3362
Averaged Test Accuracy: 0.5039
Averaged Test AUC: 0.8701
Std Test Accuracy: 0.1628
Std Test AUC: 0.0464

--- Round 456/500 ---
Averaged Train Loss: 1.2692
Averaged Test Accuracy: 0.5275
Averaged Test AUC: 0.8751
Std Test Accuracy: 0.1337
Std Test AUC: 0.0435

--- Round 457/500 ---
Averaged Train Loss: 1.2626
Averaged Test Accuracy: 0.5305
Averaged Test AUC: 0.8782
Std Test Accuracy: 0.1517
Std Test AUC: 0.0445

--- Round 458/500 ---
Averaged Train Loss: 1.3274
Averaged Test Accuracy: 0.5094
Averaged Test AUC: 0.8688
Std Test Accuracy: 0.1225
Std Test AUC: 0.0379

--- Round 459/500 ---
Averaged Train Loss: 1.3103
Averaged Test Accuracy: 0.5148
Averaged Test AUC: 0.8732
Std Test Accuracy: 0.1588
Std Test AUC: 0.0410

--- Round 460/500 ---
Averaged Train Loss: 1.2379
Averaged Test Accuracy: 0.5402
Averaged Test AUC: 0.8774
Std Test Accuracy: 0.1144
Std Test AUC: 0.0378

--- Round 461/500 ---
Averaged Train Loss: 1.3617
Averaged Test Accuracy: 0.5077
Averaged Test AUC: 0.8682
Std Test Accuracy: 0.1796
Std Test AUC: 0.0645

--- Round 462/500 ---
Averaged Train Loss: 1.3640
Averaged Test Accuracy: 0.4897
Averaged Test AUC: 0.8658
Std Test Accuracy: 0.1428
Std Test AUC: 0.0422

--- Round 463/500 ---
Averaged Train Loss: 1.2979
Averaged Test Accuracy: 0.5154
Averaged Test AUC: 0.8734
Std Test Accuracy: 0.1458
Std Test AUC: 0.0396

--- Round 464/500 ---
Averaged Train Loss: 1.2412
Averaged Test Accuracy: 0.5354
Averaged Test AUC: 0.8777
Std Test Accuracy: 0.1180
Std Test AUC: 0.0368

--- Round 465/500 ---
Averaged Train Loss: 1.3755
Averaged Test Accuracy: 0.5056
Averaged Test AUC: 0.8666
Std Test Accuracy: 0.1838
Std Test AUC: 0.0696

--- Round 466/500 ---
Averaged Train Loss: 1.2812
Averaged Test Accuracy: 0.5204
Averaged Test AUC: 0.8741
Std Test Accuracy: 0.1079
Std Test AUC: 0.0309

--- Round 467/500 ---
Averaged Train Loss: 1.3134
Averaged Test Accuracy: 0.5061
Averaged Test AUC: 0.8716
Std Test Accuracy: 0.1393
Std Test AUC: 0.0410

--- Round 468/500 ---
Averaged Train Loss: 1.2377
Averaged Test Accuracy: 0.5369
Averaged Test AUC: 0.8780
Std Test Accuracy: 0.1170
Std Test AUC: 0.0357

--- Round 469/500 ---
Averaged Train Loss: 1.3722
Averaged Test Accuracy: 0.5059
Averaged Test AUC: 0.8670
Std Test Accuracy: 0.1833
Std Test AUC: 0.0679

--- Round 470/500 ---
Averaged Train Loss: 1.2733
Averaged Test Accuracy: 0.5261
Averaged Test AUC: 0.8745
Std Test Accuracy: 0.0989
Std Test AUC: 0.0283

--- Round 471/500 ---
Averaged Train Loss: 1.2980
Averaged Test Accuracy: 0.5178
Averaged Test AUC: 0.8737
Std Test Accuracy: 0.1612
Std Test AUC: 0.0431

--- Round 472/500 ---
Averaged Train Loss: 1.2309
Averaged Test Accuracy: 0.5411
Averaged Test AUC: 0.8785
Std Test Accuracy: 0.1137
Std Test AUC: 0.0331

--- Round 473/500 ---
Averaged Train Loss: 1.3118
Averaged Test Accuracy: 0.5137
Averaged Test AUC: 0.8746
Std Test Accuracy: 0.1748
Std Test AUC: 0.0510

--- Round 474/500 ---
Averaged Train Loss: 1.2815
Averaged Test Accuracy: 0.5241
Averaged Test AUC: 0.8735
Std Test Accuracy: 0.0958
Std Test AUC: 0.0288

--- Round 475/500 ---
Averaged Train Loss: 1.3122
Averaged Test Accuracy: 0.5108
Averaged Test AUC: 0.8715
Std Test Accuracy: 0.1548
Std Test AUC: 0.0448

--- Round 476/500 ---
Averaged Train Loss: 1.2561
Averaged Test Accuracy: 0.5321
Averaged Test AUC: 0.8763
Std Test Accuracy: 0.1271
Std Test AUC: 0.0394

--- Round 477/500 ---
Averaged Train Loss: 1.3049
Averaged Test Accuracy: 0.5164
Averaged Test AUC: 0.8749
Std Test Accuracy: 0.1780
Std Test AUC: 0.0510

--- Round 478/500 ---
Averaged Train Loss: 1.3141
Averaged Test Accuracy: 0.5118
Averaged Test AUC: 0.8694
Std Test Accuracy: 0.1101
Std Test AUC: 0.0345

--- Round 479/500 ---
Averaged Train Loss: 1.2748
Averaged Test Accuracy: 0.5283
Averaged Test AUC: 0.8745
Std Test Accuracy: 0.1504
Std Test AUC: 0.0433

--- Round 480/500 ---
Averaged Train Loss: 1.2517
Averaged Test Accuracy: 0.5360
Averaged Test AUC: 0.8745
Std Test Accuracy: 0.1257
Std Test AUC: 0.0440

--- Round 481/500 ---
Averaged Train Loss: 1.2526
Averaged Test Accuracy: 0.5339
Averaged Test AUC: 0.8790
Std Test Accuracy: 0.1554
Std Test AUC: 0.0449

--- Round 482/500 ---
Averaged Train Loss: 1.2659
Averaged Test Accuracy: 0.5287
Averaged Test AUC: 0.8750
Std Test Accuracy: 0.1086
Std Test AUC: 0.0324

--- Round 483/500 ---
Averaged Train Loss: 1.2684
Averaged Test Accuracy: 0.5264
Averaged Test AUC: 0.8761
Std Test Accuracy: 0.1376
Std Test AUC: 0.0379

--- Round 484/500 ---
Averaged Train Loss: 1.2285
Averaged Test Accuracy: 0.5430
Averaged Test AUC: 0.8793
Std Test Accuracy: 0.1152
Std Test AUC: 0.0335

--- Round 485/500 ---
Averaged Train Loss: 1.2194
Averaged Test Accuracy: 0.5456
Averaged Test AUC: 0.8821
Std Test Accuracy: 0.1227
Std Test AUC: 0.0338

--- Round 486/500 ---
Averaged Train Loss: 1.3229
Averaged Test Accuracy: 0.5092
Averaged Test AUC: 0.8696
Std Test Accuracy: 0.1384
Std Test AUC: 0.0426

--- Round 487/500 ---
Averaged Train Loss: 1.2717
Averaged Test Accuracy: 0.5313
Averaged Test AUC: 0.8735
Std Test Accuracy: 0.1450
Std Test AUC: 0.0468

--- Round 488/500 ---
Averaged Train Loss: 1.2256
Averaged Test Accuracy: 0.5459
Averaged Test AUC: 0.8798
Std Test Accuracy: 0.1155
Std Test AUC: 0.0346

--- Round 489/500 ---
Averaged Train Loss: 1.2734
Averaged Test Accuracy: 0.5270
Averaged Test AUC: 0.8781
Std Test Accuracy: 0.1460
Std Test AUC: 0.0394

--- Round 490/500 ---
Averaged Train Loss: 1.2885
Averaged Test Accuracy: 0.5234
Averaged Test AUC: 0.8727
Std Test Accuracy: 0.1186
Std Test AUC: 0.0367

--- Round 491/500 ---
Averaged Train Loss: 1.2791
Averaged Test Accuracy: 0.5259
Averaged Test AUC: 0.8704
Std Test Accuracy: 0.1385
Std Test AUC: 0.0523

--- Round 492/500 ---
Averaged Train Loss: 1.2298
Averaged Test Accuracy: 0.5440
Averaged Test AUC: 0.8790
Std Test Accuracy: 0.1260
Std Test AUC: 0.0381

--- Round 493/500 ---
Averaged Train Loss: 1.2589
Averaged Test Accuracy: 0.5316
Averaged Test AUC: 0.8790
Std Test Accuracy: 0.1418
Std Test AUC: 0.0381

--- Round 494/500 ---
Averaged Train Loss: 1.2461
Averaged Test Accuracy: 0.5329
Averaged Test AUC: 0.8770
Std Test Accuracy: 0.0994
Std Test AUC: 0.0290

--- Round 495/500 ---
Averaged Train Loss: 1.2470
Averaged Test Accuracy: 0.5305
Averaged Test AUC: 0.8776
Std Test Accuracy: 0.1376
Std Test AUC: 0.0393

--- Round 496/500 ---
Averaged Train Loss: 1.2266
Averaged Test Accuracy: 0.5450
Averaged Test AUC: 0.8793
Std Test Accuracy: 0.1373
Std Test AUC: 0.0416

--- Round 497/500 ---
Averaged Train Loss: 1.3012
Averaged Test Accuracy: 0.5165
Averaged Test AUC: 0.8766
Std Test Accuracy: 0.1493
Std Test AUC: 0.0408

--- Round 498/500 ---
Averaged Train Loss: 1.2824
Averaged Test Accuracy: 0.5208
Averaged Test AUC: 0.8730
Std Test Accuracy: 0.1089
Std Test AUC: 0.0320

--- Round 499/500 ---
Averaged Train Loss: 1.2794
Averaged Test Accuracy: 0.5212
Averaged Test AUC: 0.8740
Std Test Accuracy: 0.1395
Std Test AUC: 0.0414

--- Round 500/500 ---
Averaged Train Loss: 1.2159
Averaged Test Accuracy: 0.5451
Averaged Test AUC: 0.8806
Std Test Accuracy: 0.1313
Std Test AUC: 0.0382

========== Training Complete ==========
Best Test Accuracy: 0.5459020755721128
File path: ../results/Cifar10_FedEntPlusSmooth_smooth_trial01_0031_0.h5

Average time cost: 1843.09s.
Length:  501
std for best accuracy: 0.0
mean for best accuracy: 0.5459020755721128
All done!

Storage on cuda:0
-------------------------------------------------------------------------------
Total Tensors: 247747716 	Used Memory: 643.69M
The allocated memory on cuda:0: 660.88M
Memory differs due to the matrix alignment or invisible gradient buffer tensors
-------------------------------------------------------------------------------
