==================================================
goal = smooth_trial01_0045
device = cuda
device_id = 0
dataset = Cifar10
num_classes = 10
model = CNN
batch_size = 64
local_learning_rate = 0.01
learning_rate_decay = True
learning_rate_decay_gamma = 0.98
global_rounds = 500
top_cnt = 100
local_epochs = 5
algorithm = FedEntPlusSmooth
join_ratio = 0.1
random_join_ratio = False
num_clients = 100
prev = 0
times = 1
eval_gap = 1
save_folder_name = items
auto_break = False
dlg_eval = False
dlg_gap = 100
batch_num_per_client = 2
num_new_clients = 0
fine_tuning_epoch_new = 0
feature_dim = 512
vocab_size = 32000
max_len = 200
client_drop_rate = 0.0
train_slow_rate = 0.0
send_slow_rate = 0.0
time_select = False
time_threthold = 10000
beta = 0.0
lamda = 1.0
mu = 0.0
K = 5
p_learning_rate = 0.01
M = 5
itk = 4000
alphaK = 1.0
sigma = 1.0
alpha = 1.0
plocal_epochs = 1
tau = 1.0
fine_tuning_epochs = 10
dr_learning_rate = 0.0
L = 1.0
noise_dim = 512
generator_learning_rate = 0.005
hidden_dim = 512
server_epochs = 1000
localize_feature_extractor = False
server_learning_rate = 1.0
eta = 1.0
rand_percent = 80
layer_idx = 2
mentee_learning_rate = 0.005
T_start = 0.95
T_end = 0.98
momentum = 0.9
kl_weight = 0.0
buffer_size = 0
dp_epsilon = 0.0
H_min = None
alpha_vp = 0.0
enable_dynamic_param = False
log_fedent = False
log_filename = None
dynamic_config_path = /home/john/PFLlib/system/auto_configs/smooth_trial01_0045.json
==================================================

============= Running time: 0th =============
Creating server and clients ...
FedAvgCNN(
  (conv1): Sequential(
    (0): Conv2d(3, 32, kernel_size=(5, 5), stride=(1, 1))
    (1): ReLU(inplace=True)
    (2): MaxPool2d(kernel_size=(2, 2), stride=(2, 2), padding=0, dilation=1, ceil_mode=False)
  )
  (conv2): Sequential(
    (0): Conv2d(32, 64, kernel_size=(5, 5), stride=(1, 1))
    (1): ReLU(inplace=True)
    (2): MaxPool2d(kernel_size=(2, 2), stride=(2, 2), padding=0, dilation=1, ceil_mode=False)
  )
  (fc1): Sequential(
    (0): Linear(in_features=1600, out_features=512, bias=True)
    (1): ReLU(inplace=True)
  )
  (fc): Linear(in_features=512, out_features=10, bias=True)
)

Join ratio / total clients: 0.1 / 100
Finished creating server and clients.

--- Round 0/500 ---
Averaged Train Loss: 2.3038
Averaged Test Accuracy: 0.0928
Averaged Test AUC: 0.4894
Std Test Accuracy: 0.1434
Std Test AUC: 0.2233

--- Round 1/500 ---
Averaged Train Loss: 2.3337
Averaged Test Accuracy: 0.1371
Averaged Test AUC: 0.5098
Std Test Accuracy: 0.1996
Std Test AUC: 0.2489

--- Round 2/500 ---
Averaged Train Loss: 2.5103
Averaged Test Accuracy: 0.1283
Averaged Test AUC: 0.5417
Std Test Accuracy: 0.1983
Std Test AUC: 0.2396

--- Round 3/500 ---
Averaged Train Loss: 2.6514
Averaged Test Accuracy: 0.1117
Averaged Test AUC: 0.5364
Std Test Accuracy: 0.1993
Std Test AUC: 0.2494

--- Round 4/500 ---
Averaged Train Loss: 2.5349
Averaged Test Accuracy: 0.1519
Averaged Test AUC: 0.5676
Std Test Accuracy: 0.2437
Std Test AUC: 0.2292

--- Round 5/500 ---
Averaged Train Loss: 2.6154
Averaged Test Accuracy: 0.1672
Averaged Test AUC: 0.5844
Std Test Accuracy: 0.2055
Std Test AUC: 0.2189

--- Round 6/500 ---
Averaged Train Loss: 2.3891
Averaged Test Accuracy: 0.1708
Averaged Test AUC: 0.6153
Std Test Accuracy: 0.2074
Std Test AUC: 0.2109

--- Round 7/500 ---
Averaged Train Loss: 2.4860
Averaged Test Accuracy: 0.1811
Averaged Test AUC: 0.6224
Std Test Accuracy: 0.2063
Std Test AUC: 0.1976

--- Round 8/500 ---
Averaged Train Loss: 2.1150
Averaged Test Accuracy: 0.2054
Averaged Test AUC: 0.6898
Std Test Accuracy: 0.2085
Std Test AUC: 0.1387

--- Round 9/500 ---
Averaged Train Loss: 2.1373
Averaged Test Accuracy: 0.2062
Averaged Test AUC: 0.6843
Std Test Accuracy: 0.1979
Std Test AUC: 0.1571

--- Round 10/500 ---
Averaged Train Loss: 2.2682
Averaged Test Accuracy: 0.1910
Averaged Test AUC: 0.6696
Std Test Accuracy: 0.2054
Std Test AUC: 0.1613

--- Round 11/500 ---
Averaged Train Loss: 2.2057
Averaged Test Accuracy: 0.2141
Averaged Test AUC: 0.6893
Std Test Accuracy: 0.1954
Std Test AUC: 0.1497

--- Round 12/500 ---
Averaged Train Loss: 2.3562
Averaged Test Accuracy: 0.1749
Averaged Test AUC: 0.6760
Std Test Accuracy: 0.2472
Std Test AUC: 0.1509

--- Round 13/500 ---
Averaged Train Loss: 1.9658
Averaged Test Accuracy: 0.2612
Averaged Test AUC: 0.7414
Std Test Accuracy: 0.1906
Std Test AUC: 0.0927

--- Round 14/500 ---
Averaged Train Loss: 2.2630
Averaged Test Accuracy: 0.1903
Averaged Test AUC: 0.6934
Std Test Accuracy: 0.2415
Std Test AUC: 0.1475

--- Round 15/500 ---
Averaged Train Loss: 2.2009
Averaged Test Accuracy: 0.1998
Averaged Test AUC: 0.6946
Std Test Accuracy: 0.2128
Std Test AUC: 0.1587

--- Round 16/500 ---
Averaged Train Loss: 2.0446
Averaged Test Accuracy: 0.2576
Averaged Test AUC: 0.7196
Std Test Accuracy: 0.2086
Std Test AUC: 0.1439

--- Round 17/500 ---
Averaged Train Loss: 2.2883
Averaged Test Accuracy: 0.2014
Averaged Test AUC: 0.6943
Std Test Accuracy: 0.2351
Std Test AUC: 0.1573

--- Round 18/500 ---
Averaged Train Loss: 2.1165
Averaged Test Accuracy: 0.2310
Averaged Test AUC: 0.7127
Std Test Accuracy: 0.2320
Std Test AUC: 0.1535

--- Round 19/500 ---
Averaged Train Loss: 2.1808
Averaged Test Accuracy: 0.2148
Averaged Test AUC: 0.7106
Std Test Accuracy: 0.2064
Std Test AUC: 0.1414

--- Round 20/500 ---
Averaged Train Loss: 1.9322
Averaged Test Accuracy: 0.2674
Averaged Test AUC: 0.7512
Std Test Accuracy: 0.1795
Std Test AUC: 0.0900

--- Round 21/500 ---
Averaged Train Loss: 2.0780
Averaged Test Accuracy: 0.2473
Averaged Test AUC: 0.7243
Std Test Accuracy: 0.1918
Std Test AUC: 0.1441

--- Round 22/500 ---
Averaged Train Loss: 2.1710
Averaged Test Accuracy: 0.2080
Averaged Test AUC: 0.7189
Std Test Accuracy: 0.2328
Std Test AUC: 0.1290

--- Round 23/500 ---
Averaged Train Loss: 2.0019
Averaged Test Accuracy: 0.2714
Averaged Test AUC: 0.7417
Std Test Accuracy: 0.2300
Std Test AUC: 0.1313

--- Round 24/500 ---
Averaged Train Loss: 2.0435
Averaged Test Accuracy: 0.2494
Averaged Test AUC: 0.7354
Std Test Accuracy: 0.2357
Std Test AUC: 0.1391

--- Round 25/500 ---
Averaged Train Loss: 2.0126
Averaged Test Accuracy: 0.2755
Averaged Test AUC: 0.7387
Std Test Accuracy: 0.1971
Std Test AUC: 0.1340

--- Round 26/500 ---
Averaged Train Loss: 2.0845
Averaged Test Accuracy: 0.2209
Averaged Test AUC: 0.7406
Std Test Accuracy: 0.2463
Std Test AUC: 0.1230

--- Round 27/500 ---
Averaged Train Loss: 1.9925
Averaged Test Accuracy: 0.2769
Averaged Test AUC: 0.7466
Std Test Accuracy: 0.1795
Std Test AUC: 0.1298

--- Round 28/500 ---
Averaged Train Loss: 1.9848
Averaged Test Accuracy: 0.2792
Averaged Test AUC: 0.7473
Std Test Accuracy: 0.2243
Std Test AUC: 0.1453

--- Round 29/500 ---
Averaged Train Loss: 1.8702
Averaged Test Accuracy: 0.2918
Averaged Test AUC: 0.7676
Std Test Accuracy: 0.1960
Std Test AUC: 0.0930

--- Round 30/500 ---
Averaged Train Loss: 1.9742
Averaged Test Accuracy: 0.2420
Averaged Test AUC: 0.7606
Std Test Accuracy: 0.2373
Std Test AUC: 0.0901

--- Round 31/500 ---
Averaged Train Loss: 1.9105
Averaged Test Accuracy: 0.2852
Averaged Test AUC: 0.7638
Std Test Accuracy: 0.1698
Std Test AUC: 0.1030

--- Round 32/500 ---
Averaged Train Loss: 1.9490
Averaged Test Accuracy: 0.2841
Averaged Test AUC: 0.7602
Std Test Accuracy: 0.1983
Std Test AUC: 0.1051

--- Round 33/500 ---
Averaged Train Loss: 1.9713
Averaged Test Accuracy: 0.2513
Averaged Test AUC: 0.7618
Std Test Accuracy: 0.2314
Std Test AUC: 0.1181

--- Round 34/500 ---
Averaged Train Loss: 2.0949
Averaged Test Accuracy: 0.2298
Averaged Test AUC: 0.7470
Std Test Accuracy: 0.2248
Std Test AUC: 0.1118

--- Round 35/500 ---
Averaged Train Loss: 1.9567
Averaged Test Accuracy: 0.2889
Averaged Test AUC: 0.7591
Std Test Accuracy: 0.1853
Std Test AUC: 0.1284

--- Round 36/500 ---
Averaged Train Loss: 1.8532
Averaged Test Accuracy: 0.3150
Averaged Test AUC: 0.7747
Std Test Accuracy: 0.2043
Std Test AUC: 0.1116

--- Round 37/500 ---
Averaged Train Loss: 1.8051
Averaged Test Accuracy: 0.3328
Averaged Test AUC: 0.7843
Std Test Accuracy: 0.1934
Std Test AUC: 0.0905

--- Round 38/500 ---
Averaged Train Loss: 1.8149
Averaged Test Accuracy: 0.3388
Averaged Test AUC: 0.7797
Std Test Accuracy: 0.1709
Std Test AUC: 0.1146

--- Round 39/500 ---
Averaged Train Loss: 1.8917
Averaged Test Accuracy: 0.3031
Averaged Test AUC: 0.7754
Std Test Accuracy: 0.2028
Std Test AUC: 0.1018

--- Round 40/500 ---
Averaged Train Loss: 1.8869
Averaged Test Accuracy: 0.2849
Averaged Test AUC: 0.7744
Std Test Accuracy: 0.2363
Std Test AUC: 0.1168

--- Round 41/500 ---
Averaged Train Loss: 1.7468
Averaged Test Accuracy: 0.3343
Averaged Test AUC: 0.7982
Std Test Accuracy: 0.1917
Std Test AUC: 0.0625

--- Round 42/500 ---
Averaged Train Loss: 1.9919
Averaged Test Accuracy: 0.2670
Averaged Test AUC: 0.7649
Std Test Accuracy: 0.2148
Std Test AUC: 0.1101

--- Round 43/500 ---
Averaged Train Loss: 1.8791
Averaged Test Accuracy: 0.3103
Averaged Test AUC: 0.7785
Std Test Accuracy: 0.2096
Std Test AUC: 0.0976

--- Round 44/500 ---
Averaged Train Loss: 1.8525
Averaged Test Accuracy: 0.3157
Averaged Test AUC: 0.7832
Std Test Accuracy: 0.1926
Std Test AUC: 0.0956

--- Round 45/500 ---
Averaged Train Loss: 1.8824
Averaged Test Accuracy: 0.2933
Averaged Test AUC: 0.7793
Std Test Accuracy: 0.1978
Std Test AUC: 0.0972

--- Round 46/500 ---
Averaged Train Loss: 1.7307
Averaged Test Accuracy: 0.3616
Averaged Test AUC: 0.8022
Std Test Accuracy: 0.1846
Std Test AUC: 0.0731

--- Round 47/500 ---
Averaged Train Loss: 1.8573
Averaged Test Accuracy: 0.3112
Averaged Test AUC: 0.7852
Std Test Accuracy: 0.1756
Std Test AUC: 0.0855

--- Round 48/500 ---
Averaged Train Loss: 1.7368
Averaged Test Accuracy: 0.3383
Averaged Test AUC: 0.8015
Std Test Accuracy: 0.1649
Std Test AUC: 0.0612

--- Round 49/500 ---
Averaged Train Loss: 1.8664
Averaged Test Accuracy: 0.2859
Averaged Test AUC: 0.7867
Std Test Accuracy: 0.2292
Std Test AUC: 0.0879

--- Round 50/500 ---
Averaged Train Loss: 1.8439
Averaged Test Accuracy: 0.3197
Averaged Test AUC: 0.7866
Std Test Accuracy: 0.2207
Std Test AUC: 0.0898

--- Round 51/500 ---
Averaged Train Loss: 1.7056
Averaged Test Accuracy: 0.3609
Averaged Test AUC: 0.8076
Std Test Accuracy: 0.1932
Std Test AUC: 0.0718

--- Round 52/500 ---
Averaged Train Loss: 1.7545
Averaged Test Accuracy: 0.3592
Averaged Test AUC: 0.7982
Std Test Accuracy: 0.1541
Std Test AUC: 0.0790

--- Round 53/500 ---
Averaged Train Loss: 1.8116
Averaged Test Accuracy: 0.3370
Averaged Test AUC: 0.7879
Std Test Accuracy: 0.1618
Std Test AUC: 0.0961

--- Round 54/500 ---
Averaged Train Loss: 1.9280
Averaged Test Accuracy: 0.2979
Averaged Test AUC: 0.7794
Std Test Accuracy: 0.1724
Std Test AUC: 0.0898

--- Round 55/500 ---
Averaged Train Loss: 1.8423
Averaged Test Accuracy: 0.3129
Averaged Test AUC: 0.7839
Std Test Accuracy: 0.2055
Std Test AUC: 0.0929

--- Round 56/500 ---
Averaged Train Loss: 1.9151
Averaged Test Accuracy: 0.2906
Averaged Test AUC: 0.7820
Std Test Accuracy: 0.2034
Std Test AUC: 0.0939

--- Round 57/500 ---
Averaged Train Loss: 1.9280
Averaged Test Accuracy: 0.3020
Averaged Test AUC: 0.7806
Std Test Accuracy: 0.1850
Std Test AUC: 0.0919

--- Round 58/500 ---
Averaged Train Loss: 1.8916
Averaged Test Accuracy: 0.3059
Averaged Test AUC: 0.7831
Std Test Accuracy: 0.1919
Std Test AUC: 0.0930

--- Round 59/500 ---
Averaged Train Loss: 1.6814
Averaged Test Accuracy: 0.3813
Averaged Test AUC: 0.8136
Std Test Accuracy: 0.1557
Std Test AUC: 0.0502

--- Round 60/500 ---
Averaged Train Loss: 1.7121
Averaged Test Accuracy: 0.3721
Averaged Test AUC: 0.8031
Std Test Accuracy: 0.1751
Std Test AUC: 0.0860

--- Round 61/500 ---
Averaged Train Loss: 1.7696
Averaged Test Accuracy: 0.3499
Averaged Test AUC: 0.7980
Std Test Accuracy: 0.2073
Std Test AUC: 0.0837

--- Round 62/500 ---
Averaged Train Loss: 1.7267
Averaged Test Accuracy: 0.3679
Averaged Test AUC: 0.8026
Std Test Accuracy: 0.1377
Std Test AUC: 0.0847

--- Round 63/500 ---
Averaged Train Loss: 1.6825
Averaged Test Accuracy: 0.3602
Averaged Test AUC: 0.8129
Std Test Accuracy: 0.1627
Std Test AUC: 0.0559

--- Round 64/500 ---
Averaged Train Loss: 1.8099
Averaged Test Accuracy: 0.3383
Averaged Test AUC: 0.7948
Std Test Accuracy: 0.1722
Std Test AUC: 0.0859

--- Round 65/500 ---
Averaged Train Loss: 1.6560
Averaged Test Accuracy: 0.3883
Averaged Test AUC: 0.8162
Std Test Accuracy: 0.1698
Std Test AUC: 0.0646

--- Round 66/500 ---
Averaged Train Loss: 1.7663
Averaged Test Accuracy: 0.3328
Averaged Test AUC: 0.8004
Std Test Accuracy: 0.1744
Std Test AUC: 0.0790

--- Round 67/500 ---
Averaged Train Loss: 1.8897
Averaged Test Accuracy: 0.3152
Averaged Test AUC: 0.7851
Std Test Accuracy: 0.1960
Std Test AUC: 0.1003

--- Round 68/500 ---
Averaged Train Loss: 1.7573
Averaged Test Accuracy: 0.3641
Averaged Test AUC: 0.8014
Std Test Accuracy: 0.1737
Std Test AUC: 0.0886

--- Round 69/500 ---
Averaged Train Loss: 1.7358
Averaged Test Accuracy: 0.3670
Averaged Test AUC: 0.8064
Std Test Accuracy: 0.2029
Std Test AUC: 0.0812

--- Round 70/500 ---
Averaged Train Loss: 1.6578
Averaged Test Accuracy: 0.3808
Averaged Test AUC: 0.8155
Std Test Accuracy: 0.1360
Std Test AUC: 0.0514

--- Round 71/500 ---
Averaged Train Loss: 1.8375
Averaged Test Accuracy: 0.3201
Averaged Test AUC: 0.7928
Std Test Accuracy: 0.1840
Std Test AUC: 0.0861

--- Round 72/500 ---
Averaged Train Loss: 1.7004
Averaged Test Accuracy: 0.3691
Averaged Test AUC: 0.8102
Std Test Accuracy: 0.1390
Std Test AUC: 0.0647

--- Round 73/500 ---
Averaged Train Loss: 1.7131
Averaged Test Accuracy: 0.3683
Averaged Test AUC: 0.8080
Std Test Accuracy: 0.1868
Std Test AUC: 0.0733

--- Round 74/500 ---
Averaged Train Loss: 1.7592
Averaged Test Accuracy: 0.3322
Averaged Test AUC: 0.8062
Std Test Accuracy: 0.2016
Std Test AUC: 0.0665

--- Round 75/500 ---
Averaged Train Loss: 1.6906
Averaged Test Accuracy: 0.3838
Averaged Test AUC: 0.8127
Std Test Accuracy: 0.1556
Std Test AUC: 0.0706

--- Round 76/500 ---
Averaged Train Loss: 1.7408
Averaged Test Accuracy: 0.3546
Averaged Test AUC: 0.8094
Std Test Accuracy: 0.2073
Std Test AUC: 0.0706

--- Round 77/500 ---
Averaged Train Loss: 1.7215
Averaged Test Accuracy: 0.3611
Averaged Test AUC: 0.8124
Std Test Accuracy: 0.2073
Std Test AUC: 0.0852

--- Round 78/500 ---
Averaged Train Loss: 1.7487
Averaged Test Accuracy: 0.3608
Averaged Test AUC: 0.8057
Std Test Accuracy: 0.1893
Std Test AUC: 0.0839

--- Round 79/500 ---
Averaged Train Loss: 1.7342
Averaged Test Accuracy: 0.3587
Averaged Test AUC: 0.8060
Std Test Accuracy: 0.1732
Std Test AUC: 0.0821

--- Round 80/500 ---
Averaged Train Loss: 1.7928
Averaged Test Accuracy: 0.3501
Averaged Test AUC: 0.7975
Std Test Accuracy: 0.1606
Std Test AUC: 0.0949

--- Round 81/500 ---
Averaged Train Loss: 1.6881
Averaged Test Accuracy: 0.3909
Averaged Test AUC: 0.8091
Std Test Accuracy: 0.1700
Std Test AUC: 0.0958

--- Round 82/500 ---
Averaged Train Loss: 1.7274
Averaged Test Accuracy: 0.3553
Averaged Test AUC: 0.8077
Std Test Accuracy: 0.1910
Std Test AUC: 0.0827

--- Round 83/500 ---
Averaged Train Loss: 1.7989
Averaged Test Accuracy: 0.3292
Averaged Test AUC: 0.8013
Std Test Accuracy: 0.2075
Std Test AUC: 0.0812

--- Round 84/500 ---
Averaged Train Loss: 1.5758
Averaged Test Accuracy: 0.4274
Averaged Test AUC: 0.8316
Std Test Accuracy: 0.1548
Std Test AUC: 0.0492

--- Round 85/500 ---
Averaged Train Loss: 1.5726
Averaged Test Accuracy: 0.4204
Averaged Test AUC: 0.8326
Std Test Accuracy: 0.1557
Std Test AUC: 0.0493

--- Round 86/500 ---
Averaged Train Loss: 1.6978
Averaged Test Accuracy: 0.3587
Averaged Test AUC: 0.8165
Std Test Accuracy: 0.2029
Std Test AUC: 0.0738

--- Round 87/500 ---
Averaged Train Loss: 1.8368
Averaged Test Accuracy: 0.3170
Averaged Test AUC: 0.7974
Std Test Accuracy: 0.1952
Std Test AUC: 0.0827

--- Round 88/500 ---
Averaged Train Loss: 1.7061
Averaged Test Accuracy: 0.3775
Averaged Test AUC: 0.8097
Std Test Accuracy: 0.1642
Std Test AUC: 0.0821

--- Round 89/500 ---
Averaged Train Loss: 1.7393
Averaged Test Accuracy: 0.3520
Averaged Test AUC: 0.8069
Std Test Accuracy: 0.1879
Std Test AUC: 0.0760

--- Round 90/500 ---
Averaged Train Loss: 1.6420
Averaged Test Accuracy: 0.3991
Averaged Test AUC: 0.8209
Std Test Accuracy: 0.1556
Std Test AUC: 0.0689

--- Round 91/500 ---
Averaged Train Loss: 1.6811
Averaged Test Accuracy: 0.3817
Averaged Test AUC: 0.8164
Std Test Accuracy: 0.1578
Std Test AUC: 0.0719

--- Round 92/500 ---
Averaged Train Loss: 1.7015
Averaged Test Accuracy: 0.3770
Averaged Test AUC: 0.8133
Std Test Accuracy: 0.1712
Std Test AUC: 0.0760

--- Round 93/500 ---
Averaged Train Loss: 1.6993
Averaged Test Accuracy: 0.3803
Averaged Test AUC: 0.8143
Std Test Accuracy: 0.1623
Std Test AUC: 0.0794

--- Round 94/500 ---
Averaged Train Loss: 1.5750
Averaged Test Accuracy: 0.4194
Averaged Test AUC: 0.8319
Std Test Accuracy: 0.1572
Std Test AUC: 0.0557

--- Round 95/500 ---
Averaged Train Loss: 1.6281
Averaged Test Accuracy: 0.4038
Averaged Test AUC: 0.8232
Std Test Accuracy: 0.1483
Std Test AUC: 0.0652

--- Round 96/500 ---
Averaged Train Loss: 1.5848
Averaged Test Accuracy: 0.4151
Averaged Test AUC: 0.8333
Std Test Accuracy: 0.1530
Std Test AUC: 0.0480

--- Round 97/500 ---
Averaged Train Loss: 1.6100
Averaged Test Accuracy: 0.4012
Averaged Test AUC: 0.8275
Std Test Accuracy: 0.1812
Std Test AUC: 0.0620

--- Round 98/500 ---
Averaged Train Loss: 1.7663
Averaged Test Accuracy: 0.3490
Averaged Test AUC: 0.8082
Std Test Accuracy: 0.1694
Std Test AUC: 0.0743

--- Round 99/500 ---
Averaged Train Loss: 1.5670
Averaged Test Accuracy: 0.4226
Averaged Test AUC: 0.8331
Std Test Accuracy: 0.1564
Std Test AUC: 0.0557

--- Round 100/500 ---
Averaged Train Loss: 1.6973
Averaged Test Accuracy: 0.3737
Averaged Test AUC: 0.8133
Std Test Accuracy: 0.1573
Std Test AUC: 0.0656

--- Round 101/500 ---
Averaged Train Loss: 1.6741
Averaged Test Accuracy: 0.3755
Averaged Test AUC: 0.8195
Std Test Accuracy: 0.1716
Std Test AUC: 0.0574

--- Round 102/500 ---
Averaged Train Loss: 1.6013
Averaged Test Accuracy: 0.4139
Averaged Test AUC: 0.8306
Std Test Accuracy: 0.1879
Std Test AUC: 0.0591

--- Round 103/500 ---
Averaged Train Loss: 1.6706
Averaged Test Accuracy: 0.3748
Averaged Test AUC: 0.8161
Std Test Accuracy: 0.2165
Std Test AUC: 0.0825

--- Round 104/500 ---
Averaged Train Loss: 1.5823
Averaged Test Accuracy: 0.4240
Averaged Test AUC: 0.8315
Std Test Accuracy: 0.1843
Std Test AUC: 0.0675

--- Round 105/500 ---
Averaged Train Loss: 1.5956
Averaged Test Accuracy: 0.4039
Averaged Test AUC: 0.8324
Std Test Accuracy: 0.1734
Std Test AUC: 0.0559

--- Round 106/500 ---
Averaged Train Loss: 1.5684
Averaged Test Accuracy: 0.4244
Averaged Test AUC: 0.8366
Std Test Accuracy: 0.1895
Std Test AUC: 0.0588

--- Round 107/500 ---
Averaged Train Loss: 1.6431
Averaged Test Accuracy: 0.3913
Averaged Test AUC: 0.8291
Std Test Accuracy: 0.2026
Std Test AUC: 0.0619

--- Round 108/500 ---
Averaged Train Loss: 1.5737
Averaged Test Accuracy: 0.4232
Averaged Test AUC: 0.8295
Std Test Accuracy: 0.1530
Std Test AUC: 0.0672

--- Round 109/500 ---
Averaged Train Loss: 1.5726
Averaged Test Accuracy: 0.4209
Averaged Test AUC: 0.8313
Std Test Accuracy: 0.1592
Std Test AUC: 0.0594

--- Round 110/500 ---
Averaged Train Loss: 1.6899
Averaged Test Accuracy: 0.3743
Averaged Test AUC: 0.8226
Std Test Accuracy: 0.2050
Std Test AUC: 0.0725

--- Round 111/500 ---
Averaged Train Loss: 1.5507
Averaged Test Accuracy: 0.4200
Averaged Test AUC: 0.8376
Std Test Accuracy: 0.1380
Std Test AUC: 0.0474

--- Round 112/500 ---
Averaged Train Loss: 1.6331
Averaged Test Accuracy: 0.3839
Averaged Test AUC: 0.8257
Std Test Accuracy: 0.1491
Std Test AUC: 0.0549

--- Round 113/500 ---
Averaged Train Loss: 1.5624
Averaged Test Accuracy: 0.4355
Averaged Test AUC: 0.8353
Std Test Accuracy: 0.1843
Std Test AUC: 0.0723

--- Round 114/500 ---
Averaged Train Loss: 1.6468
Averaged Test Accuracy: 0.4070
Averaged Test AUC: 0.8249
Std Test Accuracy: 0.1701
Std Test AUC: 0.0684

--- Round 115/500 ---
Averaged Train Loss: 1.6489
Averaged Test Accuracy: 0.3827
Averaged Test AUC: 0.8255
Std Test Accuracy: 0.1970
Std Test AUC: 0.0651

--- Round 116/500 ---
Averaged Train Loss: 1.7235
Averaged Test Accuracy: 0.3473
Averaged Test AUC: 0.8177
Std Test Accuracy: 0.1727
Std Test AUC: 0.0621

--- Round 117/500 ---
Averaged Train Loss: 1.6383
Averaged Test Accuracy: 0.4115
Averaged Test AUC: 0.8277
Std Test Accuracy: 0.2190
Std Test AUC: 0.0860

--- Round 118/500 ---
Averaged Train Loss: 1.5625
Averaged Test Accuracy: 0.4252
Averaged Test AUC: 0.8336
Std Test Accuracy: 0.1561
Std Test AUC: 0.0524

--- Round 119/500 ---
Averaged Train Loss: 1.5948
Averaged Test Accuracy: 0.4158
Averaged Test AUC: 0.8338
Std Test Accuracy: 0.1820
Std Test AUC: 0.0693

--- Round 120/500 ---
Averaged Train Loss: 1.8845
Averaged Test Accuracy: 0.3020
Averaged Test AUC: 0.8052
Std Test Accuracy: 0.2396
Std Test AUC: 0.0812

--- Round 121/500 ---
Averaged Train Loss: 1.5709
Averaged Test Accuracy: 0.4279
Averaged Test AUC: 0.8338
Std Test Accuracy: 0.1754
Std Test AUC: 0.0635

--- Round 122/500 ---
Averaged Train Loss: 1.7996
Averaged Test Accuracy: 0.3573
Averaged Test AUC: 0.8079
Std Test Accuracy: 0.2146
Std Test AUC: 0.0961

--- Round 123/500 ---
Averaged Train Loss: 1.6512
Averaged Test Accuracy: 0.4034
Averaged Test AUC: 0.8299
Std Test Accuracy: 0.2106
Std Test AUC: 0.0704

--- Round 124/500 ---
Averaged Train Loss: 1.6023
Averaged Test Accuracy: 0.4095
Averaged Test AUC: 0.8310
Std Test Accuracy: 0.1716
Std Test AUC: 0.0587

--- Round 125/500 ---
Averaged Train Loss: 1.5253
Averaged Test Accuracy: 0.4367
Averaged Test AUC: 0.8400
Std Test Accuracy: 0.1243
Std Test AUC: 0.0513

--- Round 126/500 ---
Averaged Train Loss: 1.6029
Averaged Test Accuracy: 0.4063
Averaged Test AUC: 0.8312
Std Test Accuracy: 0.1889
Std Test AUC: 0.0732

--- Round 127/500 ---
Averaged Train Loss: 1.5952
Averaged Test Accuracy: 0.4206
Averaged Test AUC: 0.8332
Std Test Accuracy: 0.1909
Std Test AUC: 0.0688

--- Round 128/500 ---
Averaged Train Loss: 1.5565
Averaged Test Accuracy: 0.4309
Averaged Test AUC: 0.8342
Std Test Accuracy: 0.1343
Std Test AUC: 0.0553

--- Round 129/500 ---
Averaged Train Loss: 1.4854
Averaged Test Accuracy: 0.4562
Averaged Test AUC: 0.8462
Std Test Accuracy: 0.1146
Std Test AUC: 0.0473

--- Round 130/500 ---
Averaged Train Loss: 1.7364
Averaged Test Accuracy: 0.3838
Averaged Test AUC: 0.8155
Std Test Accuracy: 0.2144
Std Test AUC: 0.0960

--- Round 131/500 ---
Averaged Train Loss: 1.5194
Averaged Test Accuracy: 0.4366
Averaged Test AUC: 0.8414
Std Test Accuracy: 0.1465
Std Test AUC: 0.0533

--- Round 132/500 ---
Averaged Train Loss: 1.5487
Averaged Test Accuracy: 0.4111
Averaged Test AUC: 0.8391
Std Test Accuracy: 0.1889
Std Test AUC: 0.0495

--- Round 133/500 ---
Averaged Train Loss: 1.5394
Averaged Test Accuracy: 0.4271
Averaged Test AUC: 0.8429
Std Test Accuracy: 0.1830
Std Test AUC: 0.0536

--- Round 134/500 ---
Averaged Train Loss: 1.6088
Averaged Test Accuracy: 0.4050
Averaged Test AUC: 0.8348
Std Test Accuracy: 0.1899
Std Test AUC: 0.0670

--- Round 135/500 ---
Averaged Train Loss: 1.5590
Averaged Test Accuracy: 0.4232
Averaged Test AUC: 0.8389
Std Test Accuracy: 0.1784
Std Test AUC: 0.0554

--- Round 136/500 ---
Averaged Train Loss: 1.6508
Averaged Test Accuracy: 0.3783
Averaged Test AUC: 0.8264
Std Test Accuracy: 0.2098
Std Test AUC: 0.0640

--- Round 137/500 ---
Averaged Train Loss: 1.4967
Averaged Test Accuracy: 0.4480
Averaged Test AUC: 0.8431
Std Test Accuracy: 0.1433
Std Test AUC: 0.0561

--- Round 138/500 ---
Averaged Train Loss: 1.5314
Averaged Test Accuracy: 0.4387
Averaged Test AUC: 0.8385
Std Test Accuracy: 0.1823
Std Test AUC: 0.0698

--- Round 139/500 ---
Averaged Train Loss: 1.4531
Averaged Test Accuracy: 0.4654
Averaged Test AUC: 0.8527
Std Test Accuracy: 0.1153
Std Test AUC: 0.0378

--- Round 140/500 ---
Averaged Train Loss: 1.6705
Averaged Test Accuracy: 0.3917
Averaged Test AUC: 0.8278
Std Test Accuracy: 0.1904
Std Test AUC: 0.0574

--- Round 141/500 ---
Averaged Train Loss: 1.5303
Averaged Test Accuracy: 0.4295
Averaged Test AUC: 0.8381
Std Test Accuracy: 0.1513
Std Test AUC: 0.0617

--- Round 142/500 ---
Averaged Train Loss: 1.6527
Averaged Test Accuracy: 0.3938
Averaged Test AUC: 0.8254
Std Test Accuracy: 0.2027
Std Test AUC: 0.0887

--- Round 143/500 ---
Averaged Train Loss: 1.6049
Averaged Test Accuracy: 0.4130
Averaged Test AUC: 0.8372
Std Test Accuracy: 0.2216
Std Test AUC: 0.0698

--- Round 144/500 ---
Averaged Train Loss: 1.6078
Averaged Test Accuracy: 0.3926
Averaged Test AUC: 0.8335
Std Test Accuracy: 0.1845
Std Test AUC: 0.0527

--- Round 145/500 ---
Averaged Train Loss: 1.5745
Averaged Test Accuracy: 0.4037
Averaged Test AUC: 0.8387
Std Test Accuracy: 0.1605
Std Test AUC: 0.0459

--- Round 146/500 ---
Averaged Train Loss: 1.6434
Averaged Test Accuracy: 0.3888
Averaged Test AUC: 0.8277
Std Test Accuracy: 0.1992
Std Test AUC: 0.0778

--- Round 147/500 ---
Averaged Train Loss: 1.5395
Averaged Test Accuracy: 0.4379
Averaged Test AUC: 0.8410
Std Test Accuracy: 0.1842
Std Test AUC: 0.0631

--- Round 148/500 ---
Averaged Train Loss: 1.6567
Averaged Test Accuracy: 0.3906
Averaged Test AUC: 0.8309
Std Test Accuracy: 0.2255
Std Test AUC: 0.0732

--- Round 149/500 ---
Averaged Train Loss: 1.5428
Averaged Test Accuracy: 0.4222
Averaged Test AUC: 0.8399
Std Test Accuracy: 0.1463
Std Test AUC: 0.0405

--- Round 150/500 ---
Averaged Train Loss: 1.6743
Averaged Test Accuracy: 0.4114
Averaged Test AUC: 0.8272
Std Test Accuracy: 0.1993
Std Test AUC: 0.0828

--- Round 151/500 ---
Averaged Train Loss: 1.5157
Averaged Test Accuracy: 0.4355
Averaged Test AUC: 0.8440
Std Test Accuracy: 0.1332
Std Test AUC: 0.0457

--- Round 152/500 ---
Averaged Train Loss: 1.6374
Averaged Test Accuracy: 0.3814
Averaged Test AUC: 0.8336
Std Test Accuracy: 0.1974
Std Test AUC: 0.0574

--- Round 153/500 ---
Averaged Train Loss: 1.5587
Averaged Test Accuracy: 0.4232
Averaged Test AUC: 0.8403
Std Test Accuracy: 0.1909
Std Test AUC: 0.0575

--- Round 154/500 ---
Averaged Train Loss: 1.5732
Averaged Test Accuracy: 0.4156
Averaged Test AUC: 0.8398
Std Test Accuracy: 0.1934
Std Test AUC: 0.0648

--- Round 155/500 ---
Averaged Train Loss: 1.5290
Averaged Test Accuracy: 0.4378
Averaged Test AUC: 0.8476
Std Test Accuracy: 0.1834
Std Test AUC: 0.0576

--- Round 156/500 ---
Averaged Train Loss: 1.7176
Averaged Test Accuracy: 0.3838
Averaged Test AUC: 0.8210
Std Test Accuracy: 0.1607
Std Test AUC: 0.0657

--- Round 157/500 ---
Averaged Train Loss: 1.4923
Averaged Test Accuracy: 0.4510
Averaged Test AUC: 0.8451
Std Test Accuracy: 0.1722
Std Test AUC: 0.0572

--- Round 158/500 ---
Averaged Train Loss: 1.6767
Averaged Test Accuracy: 0.3994
Averaged Test AUC: 0.8309
Std Test Accuracy: 0.2191
Std Test AUC: 0.0748

--- Round 159/500 ---
Averaged Train Loss: 1.4265
Averaged Test Accuracy: 0.4735
Averaged Test AUC: 0.8566
Std Test Accuracy: 0.1089
Std Test AUC: 0.0340

--- Round 160/500 ---
Averaged Train Loss: 1.5010
Averaged Test Accuracy: 0.4433
Averaged Test AUC: 0.8478
Std Test Accuracy: 0.1426
Std Test AUC: 0.0437

--- Round 161/500 ---
Averaged Train Loss: 1.4880
Averaged Test Accuracy: 0.4475
Averaged Test AUC: 0.8482
Std Test Accuracy: 0.1565
Std Test AUC: 0.0502

--- Round 162/500 ---
Averaged Train Loss: 1.5387
Averaged Test Accuracy: 0.4279
Averaged Test AUC: 0.8380
Std Test Accuracy: 0.1892
Std Test AUC: 0.0786

--- Round 163/500 ---
Averaged Train Loss: 1.6456
Averaged Test Accuracy: 0.3960
Averaged Test AUC: 0.8378
Std Test Accuracy: 0.2470
Std Test AUC: 0.0709

--- Round 164/500 ---
Averaged Train Loss: 1.6587
Averaged Test Accuracy: 0.3723
Averaged Test AUC: 0.8322
Std Test Accuracy: 0.1965
Std Test AUC: 0.0623

--- Round 165/500 ---
Averaged Train Loss: 1.5211
Averaged Test Accuracy: 0.4468
Averaged Test AUC: 0.8416
Std Test Accuracy: 0.1423
Std Test AUC: 0.0687

--- Round 166/500 ---
Averaged Train Loss: 1.5105
Averaged Test Accuracy: 0.4286
Averaged Test AUC: 0.8438
Std Test Accuracy: 0.1774
Std Test AUC: 0.0597

--- Round 167/500 ---
Averaged Train Loss: 1.5006
Averaged Test Accuracy: 0.4504
Averaged Test AUC: 0.8489
Std Test Accuracy: 0.1808
Std Test AUC: 0.0490

--- Round 168/500 ---
Averaged Train Loss: 1.6238
Averaged Test Accuracy: 0.4027
Averaged Test AUC: 0.8355
Std Test Accuracy: 0.2183
Std Test AUC: 0.0685

--- Round 169/500 ---
Averaged Train Loss: 1.5328
Averaged Test Accuracy: 0.4318
Averaged Test AUC: 0.8443
Std Test Accuracy: 0.1620
Std Test AUC: 0.0491

--- Round 170/500 ---
Averaged Train Loss: 1.5354
Averaged Test Accuracy: 0.4352
Averaged Test AUC: 0.8471
Std Test Accuracy: 0.1777
Std Test AUC: 0.0540

--- Round 171/500 ---
Averaged Train Loss: 1.4809
Averaged Test Accuracy: 0.4551
Averaged Test AUC: 0.8514
Std Test Accuracy: 0.1457
Std Test AUC: 0.0412

--- Round 172/500 ---
Averaged Train Loss: 1.6094
Averaged Test Accuracy: 0.4045
Averaged Test AUC: 0.8341
Std Test Accuracy: 0.1783
Std Test AUC: 0.0623

--- Round 173/500 ---
Averaged Train Loss: 1.4635
Averaged Test Accuracy: 0.4625
Averaged Test AUC: 0.8513
Std Test Accuracy: 0.1866
Std Test AUC: 0.0585

--- Round 174/500 ---
Averaged Train Loss: 1.6249
Averaged Test Accuracy: 0.4001
Averaged Test AUC: 0.8379
Std Test Accuracy: 0.2120
Std Test AUC: 0.0765

--- Round 175/500 ---
Averaged Train Loss: 1.5536
Averaged Test Accuracy: 0.4180
Averaged Test AUC: 0.8453
Std Test Accuracy: 0.1893
Std Test AUC: 0.0484

--- Round 176/500 ---
Averaged Train Loss: 1.6570
Averaged Test Accuracy: 0.3785
Averaged Test AUC: 0.8337
Std Test Accuracy: 0.2022
Std Test AUC: 0.0583

--- Round 177/500 ---
Averaged Train Loss: 1.4601
Averaged Test Accuracy: 0.4662
Averaged Test AUC: 0.8482
Std Test Accuracy: 0.1649
Std Test AUC: 0.0563

--- Round 178/500 ---
Averaged Train Loss: 1.5489
Averaged Test Accuracy: 0.4267
Averaged Test AUC: 0.8430
Std Test Accuracy: 0.2204
Std Test AUC: 0.0737

--- Round 179/500 ---
Averaged Train Loss: 1.4708
Averaged Test Accuracy: 0.4565
Averaged Test AUC: 0.8512
Std Test Accuracy: 0.1501
Std Test AUC: 0.0354

--- Round 180/500 ---
Averaged Train Loss: 1.5428
Averaged Test Accuracy: 0.4184
Averaged Test AUC: 0.8431
Std Test Accuracy: 0.1772
Std Test AUC: 0.0557

--- Round 181/500 ---
Averaged Train Loss: 1.4230
Averaged Test Accuracy: 0.4727
Averaged Test AUC: 0.8545
Std Test Accuracy: 0.1193
Std Test AUC: 0.0403

--- Round 182/500 ---
Averaged Train Loss: 1.6216
Averaged Test Accuracy: 0.3997
Averaged Test AUC: 0.8325
Std Test Accuracy: 0.2209
Std Test AUC: 0.0795

--- Round 183/500 ---
Averaged Train Loss: 1.4971
Averaged Test Accuracy: 0.4472
Averaged Test AUC: 0.8488
Std Test Accuracy: 0.1695
Std Test AUC: 0.0543

--- Round 184/500 ---
Averaged Train Loss: 1.5634
Averaged Test Accuracy: 0.4108
Averaged Test AUC: 0.8397
Std Test Accuracy: 0.1880
Std Test AUC: 0.0644

--- Round 185/500 ---
Averaged Train Loss: 1.4697
Averaged Test Accuracy: 0.4635
Averaged Test AUC: 0.8505
Std Test Accuracy: 0.1738
Std Test AUC: 0.0567

--- Round 186/500 ---
Averaged Train Loss: 1.6275
Averaged Test Accuracy: 0.4027
Averaged Test AUC: 0.8360
Std Test Accuracy: 0.2073
Std Test AUC: 0.0607

--- Round 187/500 ---
Averaged Train Loss: 1.4690
Averaged Test Accuracy: 0.4613
Averaged Test AUC: 0.8519
Std Test Accuracy: 0.1796
Std Test AUC: 0.0537

--- Round 188/500 ---
Averaged Train Loss: 1.5614
Averaged Test Accuracy: 0.4212
Averaged Test AUC: 0.8427
Std Test Accuracy: 0.1958
Std Test AUC: 0.0604

--- Round 189/500 ---
Averaged Train Loss: 1.4539
Averaged Test Accuracy: 0.4611
Averaged Test AUC: 0.8538
Std Test Accuracy: 0.1682
Std Test AUC: 0.0446

--- Round 190/500 ---
Averaged Train Loss: 1.4758
Averaged Test Accuracy: 0.4586
Averaged Test AUC: 0.8487
Std Test Accuracy: 0.1401
Std Test AUC: 0.0455

--- Round 191/500 ---
Averaged Train Loss: 1.4746
Averaged Test Accuracy: 0.4506
Averaged Test AUC: 0.8492
Std Test Accuracy: 0.1447
Std Test AUC: 0.0513

--- Round 192/500 ---
Averaged Train Loss: 1.3923
Averaged Test Accuracy: 0.4894
Averaged Test AUC: 0.8589
Std Test Accuracy: 0.1418
Std Test AUC: 0.0436

--- Round 193/500 ---
Averaged Train Loss: 1.5074
Averaged Test Accuracy: 0.4353
Averaged Test AUC: 0.8482
Std Test Accuracy: 0.1941
Std Test AUC: 0.0500

--- Round 194/500 ---
Averaged Train Loss: 1.4275
Averaged Test Accuracy: 0.4685
Averaged Test AUC: 0.8566
Std Test Accuracy: 0.1582
Std Test AUC: 0.0379

--- Round 195/500 ---
Averaged Train Loss: 1.4103
Averaged Test Accuracy: 0.4772
Averaged Test AUC: 0.8565
Std Test Accuracy: 0.1460
Std Test AUC: 0.0448

--- Round 196/500 ---
Averaged Train Loss: 1.5161
Averaged Test Accuracy: 0.4371
Averaged Test AUC: 0.8450
Std Test Accuracy: 0.1785
Std Test AUC: 0.0589

--- Round 197/500 ---
Averaged Train Loss: 1.4232
Averaged Test Accuracy: 0.4796
Averaged Test AUC: 0.8579
Std Test Accuracy: 0.1295
Std Test AUC: 0.0385

--- Round 198/500 ---
Averaged Train Loss: 1.5151
Averaged Test Accuracy: 0.4464
Averaged Test AUC: 0.8512
Std Test Accuracy: 0.1743
Std Test AUC: 0.0497

--- Round 199/500 ---
Averaged Train Loss: 1.4547
Averaged Test Accuracy: 0.4608
Averaged Test AUC: 0.8518
Std Test Accuracy: 0.1516
Std Test AUC: 0.0452

--- Round 200/500 ---
Averaged Train Loss: 1.4113
Averaged Test Accuracy: 0.4844
Averaged Test AUC: 0.8577
Std Test Accuracy: 0.1663
Std Test AUC: 0.0508

--- Round 201/500 ---
Averaged Train Loss: 1.5067
Averaged Test Accuracy: 0.4372
Averaged Test AUC: 0.8479
Std Test Accuracy: 0.1487
Std Test AUC: 0.0532

--- Round 202/500 ---
Averaged Train Loss: 1.5205
Averaged Test Accuracy: 0.4388
Averaged Test AUC: 0.8490
Std Test Accuracy: 0.1491
Std Test AUC: 0.0460

--- Round 203/500 ---
Averaged Train Loss: 1.3996
Averaged Test Accuracy: 0.4814
Averaged Test AUC: 0.8587
Std Test Accuracy: 0.1465
Std Test AUC: 0.0398

--- Round 204/500 ---
Averaged Train Loss: 1.4361
Averaged Test Accuracy: 0.4693
Averaged Test AUC: 0.8561
Std Test Accuracy: 0.1852
Std Test AUC: 0.0567

--- Round 205/500 ---
Averaged Train Loss: 1.4311
Averaged Test Accuracy: 0.4680
Averaged Test AUC: 0.8543
Std Test Accuracy: 0.1420
Std Test AUC: 0.0416

--- Round 206/500 ---
Averaged Train Loss: 1.4404
Averaged Test Accuracy: 0.4728
Averaged Test AUC: 0.8576
Std Test Accuracy: 0.1174
Std Test AUC: 0.0383

--- Round 207/500 ---
Averaged Train Loss: 1.4354
Averaged Test Accuracy: 0.4717
Averaged Test AUC: 0.8571
Std Test Accuracy: 0.1803
Std Test AUC: 0.0528

--- Round 208/500 ---
Averaged Train Loss: 1.4463
Averaged Test Accuracy: 0.4683
Averaged Test AUC: 0.8552
Std Test Accuracy: 0.1488
Std Test AUC: 0.0467

--- Round 209/500 ---
Averaged Train Loss: 1.4540
Averaged Test Accuracy: 0.4550
Averaged Test AUC: 0.8521
Std Test Accuracy: 0.1678
Std Test AUC: 0.0473

--- Round 210/500 ---
Averaged Train Loss: 1.3697
Averaged Test Accuracy: 0.4958
Averaged Test AUC: 0.8633
Std Test Accuracy: 0.1281
Std Test AUC: 0.0384

--- Round 211/500 ---
Averaged Train Loss: 1.3965
Averaged Test Accuracy: 0.4906
Averaged Test AUC: 0.8614
Std Test Accuracy: 0.1479
Std Test AUC: 0.0428

--- Round 212/500 ---
Averaged Train Loss: 1.4664
Averaged Test Accuracy: 0.4518
Averaged Test AUC: 0.8502
Std Test Accuracy: 0.1638
Std Test AUC: 0.0462

--- Round 213/500 ---
Averaged Train Loss: 1.4158
Averaged Test Accuracy: 0.4760
Averaged Test AUC: 0.8586
Std Test Accuracy: 0.1537
Std Test AUC: 0.0508

--- Round 214/500 ---
Averaged Train Loss: 1.4922
Averaged Test Accuracy: 0.4501
Averaged Test AUC: 0.8478
Std Test Accuracy: 0.1556
Std Test AUC: 0.0539

--- Round 215/500 ---
Averaged Train Loss: 1.4714
Averaged Test Accuracy: 0.4542
Averaged Test AUC: 0.8505
Std Test Accuracy: 0.1785
Std Test AUC: 0.0519

--- Round 216/500 ---
Averaged Train Loss: 1.3790
Averaged Test Accuracy: 0.4929
Averaged Test AUC: 0.8630
Std Test Accuracy: 0.1530
Std Test AUC: 0.0390

--- Round 217/500 ---
Averaged Train Loss: 1.4351
Averaged Test Accuracy: 0.4639
Averaged Test AUC: 0.8561
Std Test Accuracy: 0.1363
Std Test AUC: 0.0446

--- Round 218/500 ---
Averaged Train Loss: 1.4906
Averaged Test Accuracy: 0.4547
Averaged Test AUC: 0.8508
Std Test Accuracy: 0.1857
Std Test AUC: 0.0561

--- Round 219/500 ---
Averaged Train Loss: 1.6515
Averaged Test Accuracy: 0.3977
Averaged Test AUC: 0.8345
Std Test Accuracy: 0.2088
Std Test AUC: 0.0804

--- Round 220/500 ---
Averaged Train Loss: 1.3813
Averaged Test Accuracy: 0.4924
Averaged Test AUC: 0.8607
Std Test Accuracy: 0.1484
Std Test AUC: 0.0505

--- Round 221/500 ---
Averaged Train Loss: 1.6040
Averaged Test Accuracy: 0.4108
Averaged Test AUC: 0.8355
Std Test Accuracy: 0.1579
Std Test AUC: 0.0667

--- Round 222/500 ---
Averaged Train Loss: 1.4424
Averaged Test Accuracy: 0.4492
Averaged Test AUC: 0.8572
Std Test Accuracy: 0.1710
Std Test AUC: 0.0433

--- Round 223/500 ---
Averaged Train Loss: 1.4455
Averaged Test Accuracy: 0.4705
Averaged Test AUC: 0.8561
Std Test Accuracy: 0.1741
Std Test AUC: 0.0606

--- Round 224/500 ---
Averaged Train Loss: 1.3667
Averaged Test Accuracy: 0.4938
Averaged Test AUC: 0.8624
Std Test Accuracy: 0.1308
Std Test AUC: 0.0356

--- Round 225/500 ---
Averaged Train Loss: 1.3824
Averaged Test Accuracy: 0.4897
Averaged Test AUC: 0.8618
Std Test Accuracy: 0.1385
Std Test AUC: 0.0363

--- Round 226/500 ---
Averaged Train Loss: 1.4044
Averaged Test Accuracy: 0.4854
Averaged Test AUC: 0.8606
Std Test Accuracy: 0.1365
Std Test AUC: 0.0404

--- Round 227/500 ---
Averaged Train Loss: 1.3733
Averaged Test Accuracy: 0.4971
Averaged Test AUC: 0.8635
Std Test Accuracy: 0.1574
Std Test AUC: 0.0442

--- Round 228/500 ---
Averaged Train Loss: 1.4687
Averaged Test Accuracy: 0.4548
Averaged Test AUC: 0.8513
Std Test Accuracy: 0.1702
Std Test AUC: 0.0445

--- Round 229/500 ---
Averaged Train Loss: 1.4312
Averaged Test Accuracy: 0.4772
Averaged Test AUC: 0.8565
Std Test Accuracy: 0.1768
Std Test AUC: 0.0594

--- Round 230/500 ---
Averaged Train Loss: 1.4153
Averaged Test Accuracy: 0.4765
Averaged Test AUC: 0.8578
Std Test Accuracy: 0.1635
Std Test AUC: 0.0434

--- Round 231/500 ---
Averaged Train Loss: 1.4491
Averaged Test Accuracy: 0.4517
Averaged Test AUC: 0.8531
Std Test Accuracy: 0.1786
Std Test AUC: 0.0495

--- Round 232/500 ---
Averaged Train Loss: 1.5163
Averaged Test Accuracy: 0.4346
Averaged Test AUC: 0.8495
Std Test Accuracy: 0.1892
Std Test AUC: 0.0525

--- Round 233/500 ---
Averaged Train Loss: 1.4026
Averaged Test Accuracy: 0.4862
Averaged Test AUC: 0.8596
Std Test Accuracy: 0.1753
Std Test AUC: 0.0535

--- Round 234/500 ---
Averaged Train Loss: 1.5539
Averaged Test Accuracy: 0.4415
Averaged Test AUC: 0.8434
Std Test Accuracy: 0.1986
Std Test AUC: 0.0680

--- Round 235/500 ---
Averaged Train Loss: 1.3574
Averaged Test Accuracy: 0.5040
Averaged Test AUC: 0.8654
Std Test Accuracy: 0.1336
Std Test AUC: 0.0409

--- Round 236/500 ---
Averaged Train Loss: 1.4174
Averaged Test Accuracy: 0.4658
Averaged Test AUC: 0.8551
Std Test Accuracy: 0.1645
Std Test AUC: 0.0508

--- Round 237/500 ---
Averaged Train Loss: 1.3696
Averaged Test Accuracy: 0.4936
Averaged Test AUC: 0.8647
Std Test Accuracy: 0.1402
Std Test AUC: 0.0384

--- Round 238/500 ---
Averaged Train Loss: 1.3960
Averaged Test Accuracy: 0.4908
Averaged Test AUC: 0.8575
Std Test Accuracy: 0.1538
Std Test AUC: 0.0507

--- Round 239/500 ---
Averaged Train Loss: 1.4523
Averaged Test Accuracy: 0.4729
Averaged Test AUC: 0.8491
Std Test Accuracy: 0.1420
Std Test AUC: 0.0629

--- Round 240/500 ---
Averaged Train Loss: 1.3793
Averaged Test Accuracy: 0.4912
Averaged Test AUC: 0.8619
Std Test Accuracy: 0.1511
Std Test AUC: 0.0425

--- Round 241/500 ---
Averaged Train Loss: 1.3589
Averaged Test Accuracy: 0.5034
Averaged Test AUC: 0.8648
Std Test Accuracy: 0.1570
Std Test AUC: 0.0428

--- Round 242/500 ---
Averaged Train Loss: 1.4334
Averaged Test Accuracy: 0.4726
Averaged Test AUC: 0.8543
Std Test Accuracy: 0.1567
Std Test AUC: 0.0537

--- Round 243/500 ---
Averaged Train Loss: 1.4145
Averaged Test Accuracy: 0.4732
Averaged Test AUC: 0.8585
Std Test Accuracy: 0.1812
Std Test AUC: 0.0531

--- Round 244/500 ---
Averaged Train Loss: 1.4151
Averaged Test Accuracy: 0.4810
Averaged Test AUC: 0.8552
Std Test Accuracy: 0.1558
Std Test AUC: 0.0497

--- Round 245/500 ---
Averaged Train Loss: 1.3883
Averaged Test Accuracy: 0.4880
Averaged Test AUC: 0.8612
Std Test Accuracy: 0.1604
Std Test AUC: 0.0458

--- Round 246/500 ---
Averaged Train Loss: 1.3921
Averaged Test Accuracy: 0.4802
Averaged Test AUC: 0.8600
Std Test Accuracy: 0.1521
Std Test AUC: 0.0391

--- Round 247/500 ---
Averaged Train Loss: 1.3922
Averaged Test Accuracy: 0.4826
Averaged Test AUC: 0.8642
Std Test Accuracy: 0.1674
Std Test AUC: 0.0400

--- Round 248/500 ---
Averaged Train Loss: 1.3619
Averaged Test Accuracy: 0.4973
Averaged Test AUC: 0.8609
Std Test Accuracy: 0.1399
Std Test AUC: 0.0453

--- Round 249/500 ---
Averaged Train Loss: 1.3725
Averaged Test Accuracy: 0.4941
Averaged Test AUC: 0.8619
Std Test Accuracy: 0.1488
Std Test AUC: 0.0475

--- Round 250/500 ---
Averaged Train Loss: 1.3286
Averaged Test Accuracy: 0.5112
Averaged Test AUC: 0.8675
Std Test Accuracy: 0.1202
Std Test AUC: 0.0334

--- Round 251/500 ---
Averaged Train Loss: 1.4232
Averaged Test Accuracy: 0.4658
Averaged Test AUC: 0.8546
Std Test Accuracy: 0.1678
Std Test AUC: 0.0559

--- Round 252/500 ---
Averaged Train Loss: 1.3550
Averaged Test Accuracy: 0.5051
Averaged Test AUC: 0.8646
Std Test Accuracy: 0.1612
Std Test AUC: 0.0455

--- Round 253/500 ---
Averaged Train Loss: 1.3714
Averaged Test Accuracy: 0.4875
Averaged Test AUC: 0.8649
Std Test Accuracy: 0.1429
Std Test AUC: 0.0418

--- Round 254/500 ---
Averaged Train Loss: 1.4557
Averaged Test Accuracy: 0.4530
Averaged Test AUC: 0.8546
Std Test Accuracy: 0.1722
Std Test AUC: 0.0448

--- Round 255/500 ---
Averaged Train Loss: 1.3883
Averaged Test Accuracy: 0.4829
Averaged Test AUC: 0.8604
Std Test Accuracy: 0.1701
Std Test AUC: 0.0553

--- Round 256/500 ---
Averaged Train Loss: 1.3832
Averaged Test Accuracy: 0.4804
Averaged Test AUC: 0.8629
Std Test Accuracy: 0.1575
Std Test AUC: 0.0390

--- Round 257/500 ---
Averaged Train Loss: 1.4574
Averaged Test Accuracy: 0.4558
Averaged Test AUC: 0.8513
Std Test Accuracy: 0.1618
Std Test AUC: 0.0471

--- Round 258/500 ---
Averaged Train Loss: 1.4150
Averaged Test Accuracy: 0.4774
Averaged Test AUC: 0.8603
Std Test Accuracy: 0.1694
Std Test AUC: 0.0490

--- Round 259/500 ---
Averaged Train Loss: 1.3854
Averaged Test Accuracy: 0.4818
Averaged Test AUC: 0.8612
Std Test Accuracy: 0.1488
Std Test AUC: 0.0397

--- Round 260/500 ---
Averaged Train Loss: 1.3386
Averaged Test Accuracy: 0.5092
Averaged Test AUC: 0.8666
Std Test Accuracy: 0.1435
Std Test AUC: 0.0409

--- Round 261/500 ---
Averaged Train Loss: 1.3627
Averaged Test Accuracy: 0.4957
Averaged Test AUC: 0.8651
Std Test Accuracy: 0.1531
Std Test AUC: 0.0383

--- Round 262/500 ---
Averaged Train Loss: 1.4430
Averaged Test Accuracy: 0.4654
Averaged Test AUC: 0.8508
Std Test Accuracy: 0.1589
Std Test AUC: 0.0576

--- Round 263/500 ---
Averaged Train Loss: 1.4237
Averaged Test Accuracy: 0.4730
Averaged Test AUC: 0.8599
Std Test Accuracy: 0.1914
Std Test AUC: 0.0513

--- Round 264/500 ---
Averaged Train Loss: 1.4005
Averaged Test Accuracy: 0.4931
Averaged Test AUC: 0.8566
Std Test Accuracy: 0.1083
Std Test AUC: 0.0392

--- Round 265/500 ---
Averaged Train Loss: 1.3725
Averaged Test Accuracy: 0.4890
Averaged Test AUC: 0.8610
Std Test Accuracy: 0.1353
Std Test AUC: 0.0448

--- Round 266/500 ---
Averaged Train Loss: 1.4524
Averaged Test Accuracy: 0.4699
Averaged Test AUC: 0.8544
Std Test Accuracy: 0.1797
Std Test AUC: 0.0572

--- Round 267/500 ---
Averaged Train Loss: 1.3531
Averaged Test Accuracy: 0.5045
Averaged Test AUC: 0.8637
Std Test Accuracy: 0.1517
Std Test AUC: 0.0498

--- Round 268/500 ---
Averaged Train Loss: 1.4322
Averaged Test Accuracy: 0.4684
Averaged Test AUC: 0.8528
Std Test Accuracy: 0.1630
Std Test AUC: 0.0588

--- Round 269/500 ---
Averaged Train Loss: 1.4148
Averaged Test Accuracy: 0.4777
Averaged Test AUC: 0.8616
Std Test Accuracy: 0.1624
Std Test AUC: 0.0428

--- Round 270/500 ---
Averaged Train Loss: 1.3807
Averaged Test Accuracy: 0.4949
Averaged Test AUC: 0.8630
Std Test Accuracy: 0.1610
Std Test AUC: 0.0477

--- Round 271/500 ---
Averaged Train Loss: 1.4134
Averaged Test Accuracy: 0.4828
Averaged Test AUC: 0.8594
Std Test Accuracy: 0.1757
Std Test AUC: 0.0554

--- Round 272/500 ---
Averaged Train Loss: 1.4231
Averaged Test Accuracy: 0.4630
Averaged Test AUC: 0.8577
Std Test Accuracy: 0.1310
Std Test AUC: 0.0382

--- Round 273/500 ---
Averaged Train Loss: 1.4304
Averaged Test Accuracy: 0.4768
Averaged Test AUC: 0.8581
Std Test Accuracy: 0.1865
Std Test AUC: 0.0622

--- Round 274/500 ---
Averaged Train Loss: 1.4220
Averaged Test Accuracy: 0.4687
Averaged Test AUC: 0.8592
Std Test Accuracy: 0.1783
Std Test AUC: 0.0521

--- Round 275/500 ---
Averaged Train Loss: 1.3815
Averaged Test Accuracy: 0.4884
Averaged Test AUC: 0.8648
Std Test Accuracy: 0.1257
Std Test AUC: 0.0352

--- Round 276/500 ---
Averaged Train Loss: 1.4161
Averaged Test Accuracy: 0.4747
Averaged Test AUC: 0.8559
Std Test Accuracy: 0.1428
Std Test AUC: 0.0472

--- Round 277/500 ---
Averaged Train Loss: 1.4024
Averaged Test Accuracy: 0.4823
Averaged Test AUC: 0.8618
Std Test Accuracy: 0.1671
Std Test AUC: 0.0527

--- Round 278/500 ---
Averaged Train Loss: 1.3862
Averaged Test Accuracy: 0.4850
Averaged Test AUC: 0.8621
Std Test Accuracy: 0.1681
Std Test AUC: 0.0520

--- Round 279/500 ---
Averaged Train Loss: 1.3949
Averaged Test Accuracy: 0.4755
Averaged Test AUC: 0.8594
Std Test Accuracy: 0.1484
Std Test AUC: 0.0431

--- Round 280/500 ---
Averaged Train Loss: 1.3867
Averaged Test Accuracy: 0.4906
Averaged Test AUC: 0.8644
Std Test Accuracy: 0.1718
Std Test AUC: 0.0445

--- Round 281/500 ---
Averaged Train Loss: 1.3969
Averaged Test Accuracy: 0.4914
Averaged Test AUC: 0.8589
Std Test Accuracy: 0.1807
Std Test AUC: 0.0689

--- Round 282/500 ---
Averaged Train Loss: 1.3821
Averaged Test Accuracy: 0.4822
Averaged Test AUC: 0.8605
Std Test Accuracy: 0.1461
Std Test AUC: 0.0423

--- Round 283/500 ---
Averaged Train Loss: 1.3288
Averaged Test Accuracy: 0.5122
Averaged Test AUC: 0.8679
Std Test Accuracy: 0.1058
Std Test AUC: 0.0271

--- Round 284/500 ---
Averaged Train Loss: 1.3719
Averaged Test Accuracy: 0.4946
Averaged Test AUC: 0.8652
Std Test Accuracy: 0.1806
Std Test AUC: 0.0512

--- Round 285/500 ---
Averaged Train Loss: 1.3853
Averaged Test Accuracy: 0.4800
Averaged Test AUC: 0.8608
Std Test Accuracy: 0.1408
Std Test AUC: 0.0439

--- Round 286/500 ---
Averaged Train Loss: 1.4914
Averaged Test Accuracy: 0.4454
Averaged Test AUC: 0.8517
Std Test Accuracy: 0.1873
Std Test AUC: 0.0588

--- Round 287/500 ---
Averaged Train Loss: 1.3586
Averaged Test Accuracy: 0.5013
Averaged Test AUC: 0.8642
Std Test Accuracy: 0.1449
Std Test AUC: 0.0470

--- Round 288/500 ---
Averaged Train Loss: 1.3634
Averaged Test Accuracy: 0.4923
Averaged Test AUC: 0.8643
Std Test Accuracy: 0.1329
Std Test AUC: 0.0371

--- Round 289/500 ---
Averaged Train Loss: 1.4592
Averaged Test Accuracy: 0.4480
Averaged Test AUC: 0.8558
Std Test Accuracy: 0.2032
Std Test AUC: 0.0525

--- Round 290/500 ---
Averaged Train Loss: 1.3130
Averaged Test Accuracy: 0.5189
Averaged Test AUC: 0.8697
Std Test Accuracy: 0.1351
Std Test AUC: 0.0395

--- Round 291/500 ---
Averaged Train Loss: 1.3196
Averaged Test Accuracy: 0.5104
Averaged Test AUC: 0.8688
Std Test Accuracy: 0.1275
Std Test AUC: 0.0349

--- Round 292/500 ---
Averaged Train Loss: 1.4600
Averaged Test Accuracy: 0.4585
Averaged Test AUC: 0.8516
Std Test Accuracy: 0.1497
Std Test AUC: 0.0546

--- Round 293/500 ---
Averaged Train Loss: 1.3756
Averaged Test Accuracy: 0.4905
Averaged Test AUC: 0.8662
Std Test Accuracy: 0.1899
Std Test AUC: 0.0465

--- Round 294/500 ---
Averaged Train Loss: 1.3412
Averaged Test Accuracy: 0.5027
Averaged Test AUC: 0.8671
Std Test Accuracy: 0.1443
Std Test AUC: 0.0416

--- Round 295/500 ---
Averaged Train Loss: 1.4630
Averaged Test Accuracy: 0.4558
Averaged Test AUC: 0.8525
Std Test Accuracy: 0.1463
Std Test AUC: 0.0498

--- Round 296/500 ---
Averaged Train Loss: 1.3199
Averaged Test Accuracy: 0.5138
Averaged Test AUC: 0.8701
Std Test Accuracy: 0.1358
Std Test AUC: 0.0399

--- Round 297/500 ---
Averaged Train Loss: 1.4519
Averaged Test Accuracy: 0.4668
Averaged Test AUC: 0.8586
Std Test Accuracy: 0.2051
Std Test AUC: 0.0573

--- Round 298/500 ---
Averaged Train Loss: 1.3882
Averaged Test Accuracy: 0.4779
Averaged Test AUC: 0.8610
Std Test Accuracy: 0.1553
Std Test AUC: 0.0465

--- Round 299/500 ---
Averaged Train Loss: 1.3773
Averaged Test Accuracy: 0.4819
Averaged Test AUC: 0.8621
Std Test Accuracy: 0.1695
Std Test AUC: 0.0444

--- Round 300/500 ---
Averaged Train Loss: 1.3098
Averaged Test Accuracy: 0.5208
Averaged Test AUC: 0.8716
Std Test Accuracy: 0.1279
Std Test AUC: 0.0389

--- Round 301/500 ---
Averaged Train Loss: 1.3603
Averaged Test Accuracy: 0.5019
Averaged Test AUC: 0.8676
Std Test Accuracy: 0.1246
Std Test AUC: 0.0405

--- Round 302/500 ---
Averaged Train Loss: 1.3106
Averaged Test Accuracy: 0.5148
Averaged Test AUC: 0.8706
Std Test Accuracy: 0.1241
Std Test AUC: 0.0391

--- Round 303/500 ---
Averaged Train Loss: 1.4211
Averaged Test Accuracy: 0.4663
Averaged Test AUC: 0.8574
Std Test Accuracy: 0.1250
Std Test AUC: 0.0416

--- Round 304/500 ---
Averaged Train Loss: 1.3436
Averaged Test Accuracy: 0.5064
Averaged Test AUC: 0.8682
Std Test Accuracy: 0.1124
Std Test AUC: 0.0334

--- Round 305/500 ---
Averaged Train Loss: 1.3259
Averaged Test Accuracy: 0.5098
Averaged Test AUC: 0.8688
Std Test Accuracy: 0.1450
Std Test AUC: 0.0460

--- Round 306/500 ---
Averaged Train Loss: 1.4337
Averaged Test Accuracy: 0.4681
Averaged Test AUC: 0.8572
Std Test Accuracy: 0.1860
Std Test AUC: 0.0532

--- Round 307/500 ---
Averaged Train Loss: 1.3117
Averaged Test Accuracy: 0.5148
Averaged Test AUC: 0.8699
Std Test Accuracy: 0.1294
Std Test AUC: 0.0366

--- Round 308/500 ---
Averaged Train Loss: 1.3361
Averaged Test Accuracy: 0.5029
Averaged Test AUC: 0.8687
Std Test Accuracy: 0.1446
Std Test AUC: 0.0405

--- Round 309/500 ---
Averaged Train Loss: 1.5745
Averaged Test Accuracy: 0.4112
Averaged Test AUC: 0.8445
Std Test Accuracy: 0.1995
Std Test AUC: 0.0596

--- Round 310/500 ---
Averaged Train Loss: 1.3697
Averaged Test Accuracy: 0.4935
Averaged Test AUC: 0.8642
Std Test Accuracy: 0.1675
Std Test AUC: 0.0497

--- Round 311/500 ---
Averaged Train Loss: 1.2988
Averaged Test Accuracy: 0.5215
Averaged Test AUC: 0.8703
Std Test Accuracy: 0.1254
Std Test AUC: 0.0367

--- Round 312/500 ---
Averaged Train Loss: 1.4576
Averaged Test Accuracy: 0.4502
Averaged Test AUC: 0.8543
Std Test Accuracy: 0.1901
Std Test AUC: 0.0509

--- Round 313/500 ---
Averaged Train Loss: 1.3826
Averaged Test Accuracy: 0.4878
Averaged Test AUC: 0.8665
Std Test Accuracy: 0.1904
Std Test AUC: 0.0486

--- Round 314/500 ---
Averaged Train Loss: 1.3263
Averaged Test Accuracy: 0.5093
Averaged Test AUC: 0.8684
Std Test Accuracy: 0.1343
Std Test AUC: 0.0378

--- Round 315/500 ---
Averaged Train Loss: 1.3679
Averaged Test Accuracy: 0.4879
Averaged Test AUC: 0.8656
Std Test Accuracy: 0.1589
Std Test AUC: 0.0441

--- Round 316/500 ---
Averaged Train Loss: 1.5213
Averaged Test Accuracy: 0.4368
Averaged Test AUC: 0.8488
Std Test Accuracy: 0.1913
Std Test AUC: 0.0625

--- Round 317/500 ---
Averaged Train Loss: 1.3578
Averaged Test Accuracy: 0.4941
Averaged Test AUC: 0.8683
Std Test Accuracy: 0.1851
Std Test AUC: 0.0453

--- Round 318/500 ---
Averaged Train Loss: 1.4161
Averaged Test Accuracy: 0.4767
Averaged Test AUC: 0.8623
Std Test Accuracy: 0.1994
Std Test AUC: 0.0590

--- Round 319/500 ---
Averaged Train Loss: 1.3827
Averaged Test Accuracy: 0.4878
Averaged Test AUC: 0.8602
Std Test Accuracy: 0.1556
Std Test AUC: 0.0438

--- Round 320/500 ---
Averaged Train Loss: 1.3581
Averaged Test Accuracy: 0.4891
Averaged Test AUC: 0.8667
Std Test Accuracy: 0.1353
Std Test AUC: 0.0378

--- Round 321/500 ---
Averaged Train Loss: 1.3194
Averaged Test Accuracy: 0.5132
Averaged Test AUC: 0.8693
Std Test Accuracy: 0.1401
Std Test AUC: 0.0434

--- Round 322/500 ---
Averaged Train Loss: 1.3607
Averaged Test Accuracy: 0.4902
Averaged Test AUC: 0.8664
Std Test Accuracy: 0.1624
Std Test AUC: 0.0445

--- Round 323/500 ---
Averaged Train Loss: 1.3695
Averaged Test Accuracy: 0.4888
Averaged Test AUC: 0.8615
Std Test Accuracy: 0.1082
Std Test AUC: 0.0368

--- Round 324/500 ---
Averaged Train Loss: 1.3322
Averaged Test Accuracy: 0.5047
Averaged Test AUC: 0.8709
Std Test Accuracy: 0.1667
Std Test AUC: 0.0437

--- Round 325/500 ---
Averaged Train Loss: 1.3337
Averaged Test Accuracy: 0.5062
Averaged Test AUC: 0.8682
Std Test Accuracy: 0.1597
Std Test AUC: 0.0433

--- Round 326/500 ---
Averaged Train Loss: 1.3730
Averaged Test Accuracy: 0.4898
Averaged Test AUC: 0.8589
Std Test Accuracy: 0.1429
Std Test AUC: 0.0544

--- Round 327/500 ---
Averaged Train Loss: 1.3036
Averaged Test Accuracy: 0.5167
Averaged Test AUC: 0.8715
Std Test Accuracy: 0.1296
Std Test AUC: 0.0317

--- Round 328/500 ---
Averaged Train Loss: 1.3544
Averaged Test Accuracy: 0.4985
Averaged Test AUC: 0.8691
Std Test Accuracy: 0.1521
Std Test AUC: 0.0370

--- Round 329/500 ---
Averaged Train Loss: 1.3561
Averaged Test Accuracy: 0.4984
Averaged Test AUC: 0.8678
Std Test Accuracy: 0.1489
Std Test AUC: 0.0485

--- Round 330/500 ---
Averaged Train Loss: 1.2951
Averaged Test Accuracy: 0.5228
Averaged Test AUC: 0.8724
Std Test Accuracy: 0.1253
Std Test AUC: 0.0350

--- Round 331/500 ---
Averaged Train Loss: 1.3522
Averaged Test Accuracy: 0.4941
Averaged Test AUC: 0.8650
Std Test Accuracy: 0.1425
Std Test AUC: 0.0456

--- Round 332/500 ---
Averaged Train Loss: 1.3716
Averaged Test Accuracy: 0.4882
Averaged Test AUC: 0.8620
Std Test Accuracy: 0.1396
Std Test AUC: 0.0383

--- Round 333/500 ---
Averaged Train Loss: 1.3618
Averaged Test Accuracy: 0.4942
Averaged Test AUC: 0.8661
Std Test Accuracy: 0.1541
Std Test AUC: 0.0396

--- Round 334/500 ---
Averaged Train Loss: 1.3795
Averaged Test Accuracy: 0.4910
Averaged Test AUC: 0.8670
Std Test Accuracy: 0.1765
Std Test AUC: 0.0515

--- Round 335/500 ---
Averaged Train Loss: 1.3872
Averaged Test Accuracy: 0.4775
Averaged Test AUC: 0.8609
Std Test Accuracy: 0.1318
Std Test AUC: 0.0339

--- Round 336/500 ---
Averaged Train Loss: 1.3184
Averaged Test Accuracy: 0.5104
Averaged Test AUC: 0.8715
Std Test Accuracy: 0.1082
Std Test AUC: 0.0309

--- Round 337/500 ---
Averaged Train Loss: 1.3537
Averaged Test Accuracy: 0.4944
Averaged Test AUC: 0.8636
Std Test Accuracy: 0.1220
Std Test AUC: 0.0425

--- Round 338/500 ---
Averaged Train Loss: 1.2818
Averaged Test Accuracy: 0.5280
Averaged Test AUC: 0.8729
Std Test Accuracy: 0.1140
Std Test AUC: 0.0357

--- Round 339/500 ---
Averaged Train Loss: 1.3677
Averaged Test Accuracy: 0.4947
Averaged Test AUC: 0.8685
Std Test Accuracy: 0.1661
Std Test AUC: 0.0477

--- Round 340/500 ---
Averaged Train Loss: 1.4278
Averaged Test Accuracy: 0.4793
Averaged Test AUC: 0.8622
Std Test Accuracy: 0.1825
Std Test AUC: 0.0544

--- Round 341/500 ---
Averaged Train Loss: 1.3709
Averaged Test Accuracy: 0.4909
Averaged Test AUC: 0.8614
Std Test Accuracy: 0.1618
Std Test AUC: 0.0518

--- Round 342/500 ---
Averaged Train Loss: 1.3185
Averaged Test Accuracy: 0.5104
Averaged Test AUC: 0.8691
Std Test Accuracy: 0.1443
Std Test AUC: 0.0380

--- Round 343/500 ---
Averaged Train Loss: 1.3543
Averaged Test Accuracy: 0.5080
Averaged Test AUC: 0.8641
Std Test Accuracy: 0.1690
Std Test AUC: 0.0601

--- Round 344/500 ---
Averaged Train Loss: 1.2949
Averaged Test Accuracy: 0.5217
Averaged Test AUC: 0.8719
Std Test Accuracy: 0.1223
Std Test AUC: 0.0286

--- Round 345/500 ---
Averaged Train Loss: 1.3346
Averaged Test Accuracy: 0.5070
Averaged Test AUC: 0.8696
Std Test Accuracy: 0.1493
Std Test AUC: 0.0470

--- Round 346/500 ---
Averaged Train Loss: 1.3675
Averaged Test Accuracy: 0.4896
Averaged Test AUC: 0.8625
Std Test Accuracy: 0.1320
Std Test AUC: 0.0437

--- Round 347/500 ---
Averaged Train Loss: 1.3505
Averaged Test Accuracy: 0.5086
Averaged Test AUC: 0.8619
Std Test Accuracy: 0.1605
Std Test AUC: 0.0632

--- Round 348/500 ---
Averaged Train Loss: 1.3197
Averaged Test Accuracy: 0.5108
Averaged Test AUC: 0.8707
Std Test Accuracy: 0.1484
Std Test AUC: 0.0453

--- Round 349/500 ---
Averaged Train Loss: 1.3927
Averaged Test Accuracy: 0.4825
Averaged Test AUC: 0.8638
Std Test Accuracy: 0.1723
Std Test AUC: 0.0481

--- Round 350/500 ---
Averaged Train Loss: 1.3547
Averaged Test Accuracy: 0.5067
Averaged Test AUC: 0.8617
Std Test Accuracy: 0.1372
Std Test AUC: 0.0462

--- Round 351/500 ---
Averaged Train Loss: 1.3255
Averaged Test Accuracy: 0.5061
Averaged Test AUC: 0.8687
Std Test Accuracy: 0.1513
Std Test AUC: 0.0360

--- Round 352/500 ---
Averaged Train Loss: 1.3155
Averaged Test Accuracy: 0.5100
Averaged Test AUC: 0.8712
Std Test Accuracy: 0.1457
Std Test AUC: 0.0362

--- Round 353/500 ---
Averaged Train Loss: 1.3216
Averaged Test Accuracy: 0.5096
Averaged Test AUC: 0.8688
Std Test Accuracy: 0.1542
Std Test AUC: 0.0482

--- Round 354/500 ---
Averaged Train Loss: 1.3138
Averaged Test Accuracy: 0.5130
Averaged Test AUC: 0.8688
Std Test Accuracy: 0.1425
Std Test AUC: 0.0482

--- Round 355/500 ---
Averaged Train Loss: 1.3565
Averaged Test Accuracy: 0.4943
Averaged Test AUC: 0.8653
Std Test Accuracy: 0.1406
Std Test AUC: 0.0361

--- Round 356/500 ---
Averaged Train Loss: 1.3886
Averaged Test Accuracy: 0.4807
Averaged Test AUC: 0.8639
Std Test Accuracy: 0.1735
Std Test AUC: 0.0419

--- Round 357/500 ---
Averaged Train Loss: 1.3190
Averaged Test Accuracy: 0.5099
Averaged Test AUC: 0.8698
Std Test Accuracy: 0.1610
Std Test AUC: 0.0525

--- Round 358/500 ---
Averaged Train Loss: 1.3191
Averaged Test Accuracy: 0.5143
Averaged Test AUC: 0.8714
Std Test Accuracy: 0.1517
Std Test AUC: 0.0370

--- Round 359/500 ---
Averaged Train Loss: 1.3533
Averaged Test Accuracy: 0.4999
Averaged Test AUC: 0.8679
Std Test Accuracy: 0.1542
Std Test AUC: 0.0380

--- Round 360/500 ---
Averaged Train Loss: 1.3008
Averaged Test Accuracy: 0.5190
Averaged Test AUC: 0.8726
Std Test Accuracy: 0.1411
Std Test AUC: 0.0326

--- Round 361/500 ---
Averaged Train Loss: 1.3222
Averaged Test Accuracy: 0.5144
Averaged Test AUC: 0.8699
Std Test Accuracy: 0.1436
Std Test AUC: 0.0498

--- Round 362/500 ---
Averaged Train Loss: 1.3337
Averaged Test Accuracy: 0.5106
Averaged Test AUC: 0.8681
Std Test Accuracy: 0.1398
Std Test AUC: 0.0421

--- Round 363/500 ---
Averaged Train Loss: 1.2986
Averaged Test Accuracy: 0.5231
Averaged Test AUC: 0.8703
Std Test Accuracy: 0.1487
Std Test AUC: 0.0452

--- Round 364/500 ---
Averaged Train Loss: 1.3852
Averaged Test Accuracy: 0.4957
Averaged Test AUC: 0.8595
Std Test Accuracy: 0.1782
Std Test AUC: 0.0660

--- Round 365/500 ---
Averaged Train Loss: 1.3528
Averaged Test Accuracy: 0.5006
Averaged Test AUC: 0.8657
Std Test Accuracy: 0.1336
Std Test AUC: 0.0442

--- Round 366/500 ---
Averaged Train Loss: 1.2868
Averaged Test Accuracy: 0.5273
Averaged Test AUC: 0.8716
Std Test Accuracy: 0.1442
Std Test AUC: 0.0417

--- Round 367/500 ---
Averaged Train Loss: 1.4356
Averaged Test Accuracy: 0.4589
Averaged Test AUC: 0.8580
Std Test Accuracy: 0.1741
Std Test AUC: 0.0480

--- Round 368/500 ---
Averaged Train Loss: 1.3044
Averaged Test Accuracy: 0.5111
Averaged Test AUC: 0.8712
Std Test Accuracy: 0.1461
Std Test AUC: 0.0378

--- Round 369/500 ---
Averaged Train Loss: 1.3059
Averaged Test Accuracy: 0.5118
Averaged Test AUC: 0.8717
Std Test Accuracy: 0.1448
Std Test AUC: 0.0387

--- Round 370/500 ---
Averaged Train Loss: 1.3156
Averaged Test Accuracy: 0.5136
Averaged Test AUC: 0.8703
Std Test Accuracy: 0.1227
Std Test AUC: 0.0421

--- Round 371/500 ---
Averaged Train Loss: 1.3562
Averaged Test Accuracy: 0.4911
Averaged Test AUC: 0.8649
Std Test Accuracy: 0.1423
Std Test AUC: 0.0366

--- Round 372/500 ---
Averaged Train Loss: 1.2894
Averaged Test Accuracy: 0.5220
Averaged Test AUC: 0.8724
Std Test Accuracy: 0.1341
Std Test AUC: 0.0330

--- Round 373/500 ---
Averaged Train Loss: 1.3893
Averaged Test Accuracy: 0.4898
Averaged Test AUC: 0.8647
Std Test Accuracy: 0.1808
Std Test AUC: 0.0502

--- Round 374/500 ---
Averaged Train Loss: 1.3069
Averaged Test Accuracy: 0.5152
Averaged Test AUC: 0.8719
Std Test Accuracy: 0.1536
Std Test AUC: 0.0387

--- Round 375/500 ---
Averaged Train Loss: 1.4368
Averaged Test Accuracy: 0.4617
Averaged Test AUC: 0.8562
Std Test Accuracy: 0.1738
Std Test AUC: 0.0530

--- Round 376/500 ---
Averaged Train Loss: 1.2994
Averaged Test Accuracy: 0.5156
Averaged Test AUC: 0.8719
Std Test Accuracy: 0.1644
Std Test AUC: 0.0447

--- Round 377/500 ---
Averaged Train Loss: 1.3448
Averaged Test Accuracy: 0.5055
Averaged Test AUC: 0.8685
Std Test Accuracy: 0.1823
Std Test AUC: 0.0475

--- Round 378/500 ---
Averaged Train Loss: 1.4026
Averaged Test Accuracy: 0.4703
Averaged Test AUC: 0.8612
Std Test Accuracy: 0.1696
Std Test AUC: 0.0486

--- Round 379/500 ---
Averaged Train Loss: 1.2956
Averaged Test Accuracy: 0.5195
Averaged Test AUC: 0.8726
Std Test Accuracy: 0.1075
Std Test AUC: 0.0285

--- Round 380/500 ---
Averaged Train Loss: 1.2781
Averaged Test Accuracy: 0.5245
Averaged Test AUC: 0.8749
Std Test Accuracy: 0.1262
Std Test AUC: 0.0343

--- Round 381/500 ---
Averaged Train Loss: 1.3697
Averaged Test Accuracy: 0.4897
Averaged Test AUC: 0.8650
Std Test Accuracy: 0.1779
Std Test AUC: 0.0522

--- Round 382/500 ---
Averaged Train Loss: 1.3715
Averaged Test Accuracy: 0.4897
Averaged Test AUC: 0.8667
Std Test Accuracy: 0.1819
Std Test AUC: 0.0468

--- Round 383/500 ---
Averaged Train Loss: 1.3091
Averaged Test Accuracy: 0.5150
Averaged Test AUC: 0.8730
Std Test Accuracy: 0.1700
Std Test AUC: 0.0454

--- Round 384/500 ---
Averaged Train Loss: 1.2923
Averaged Test Accuracy: 0.5241
Averaged Test AUC: 0.8702
Std Test Accuracy: 0.1549
Std Test AUC: 0.0487

--- Round 385/500 ---
Averaged Train Loss: 1.3332
Averaged Test Accuracy: 0.4973
Averaged Test AUC: 0.8684
Std Test Accuracy: 0.1463
Std Test AUC: 0.0415

--- Round 386/500 ---
Averaged Train Loss: 1.3486
Averaged Test Accuracy: 0.5010
Averaged Test AUC: 0.8658
Std Test Accuracy: 0.1256
Std Test AUC: 0.0349

--- Round 387/500 ---
Averaged Train Loss: 1.4598
Averaged Test Accuracy: 0.4608
Averaged Test AUC: 0.8599
Std Test Accuracy: 0.2056
Std Test AUC: 0.0614

--- Round 388/500 ---
Averaged Train Loss: 1.3011
Averaged Test Accuracy: 0.5172
Averaged Test AUC: 0.8713
Std Test Accuracy: 0.1455
Std Test AUC: 0.0406

--- Round 389/500 ---
Averaged Train Loss: 1.2775
Averaged Test Accuracy: 0.5305
Averaged Test AUC: 0.8751
Std Test Accuracy: 0.1364
Std Test AUC: 0.0363

--- Round 390/500 ---
Averaged Train Loss: 1.3175
Averaged Test Accuracy: 0.5138
Averaged Test AUC: 0.8719
Std Test Accuracy: 0.1259
Std Test AUC: 0.0359

--- Round 391/500 ---
Averaged Train Loss: 1.2992
Averaged Test Accuracy: 0.5142
Averaged Test AUC: 0.8720
Std Test Accuracy: 0.1353
Std Test AUC: 0.0381

--- Round 392/500 ---
Averaged Train Loss: 1.4193
Averaged Test Accuracy: 0.4631
Averaged Test AUC: 0.8592
Std Test Accuracy: 0.1900
Std Test AUC: 0.0553

--- Round 393/500 ---
Averaged Train Loss: 1.3288
Averaged Test Accuracy: 0.5076
Averaged Test AUC: 0.8697
Std Test Accuracy: 0.1381
Std Test AUC: 0.0374

--- Round 394/500 ---
Averaged Train Loss: 1.3022
Averaged Test Accuracy: 0.5179
Averaged Test AUC: 0.8718
Std Test Accuracy: 0.1607
Std Test AUC: 0.0403

--- Round 395/500 ---
Averaged Train Loss: 1.3206
Averaged Test Accuracy: 0.5051
Averaged Test AUC: 0.8671
Std Test Accuracy: 0.1299
Std Test AUC: 0.0421

--- Round 396/500 ---
Averaged Train Loss: 1.2775
Averaged Test Accuracy: 0.5273
Averaged Test AUC: 0.8749
Std Test Accuracy: 0.1299
Std Test AUC: 0.0383

--- Round 397/500 ---
Averaged Train Loss: 1.2816
Averaged Test Accuracy: 0.5265
Averaged Test AUC: 0.8735
Std Test Accuracy: 0.1467
Std Test AUC: 0.0373

--- Round 398/500 ---
Averaged Train Loss: 1.3354
Averaged Test Accuracy: 0.5078
Averaged Test AUC: 0.8698
Std Test Accuracy: 0.1708
Std Test AUC: 0.0473

--- Round 399/500 ---
Averaged Train Loss: 1.3047
Averaged Test Accuracy: 0.5154
Averaged Test AUC: 0.8691
Std Test Accuracy: 0.1371
Std Test AUC: 0.0449

--- Round 400/500 ---
Averaged Train Loss: 1.3610
Averaged Test Accuracy: 0.4957
Averaged Test AUC: 0.8674
Std Test Accuracy: 0.1867
Std Test AUC: 0.0514

--- Round 401/500 ---
Averaged Train Loss: 1.3735
Averaged Test Accuracy: 0.4967
Averaged Test AUC: 0.8670
Std Test Accuracy: 0.1842
Std Test AUC: 0.0531

--- Round 402/500 ---
Averaged Train Loss: 1.3183
Averaged Test Accuracy: 0.5088
Averaged Test AUC: 0.8719
Std Test Accuracy: 0.1728
Std Test AUC: 0.0445

--- Round 403/500 ---
Averaged Train Loss: 1.3770
Averaged Test Accuracy: 0.4856
Averaged Test AUC: 0.8612
Std Test Accuracy: 0.1388
Std Test AUC: 0.0433

--- Round 404/500 ---
Averaged Train Loss: 1.3170
Averaged Test Accuracy: 0.5152
Averaged Test AUC: 0.8724
Std Test Accuracy: 0.1652
Std Test AUC: 0.0464

--- Round 405/500 ---
Averaged Train Loss: 1.2876
Averaged Test Accuracy: 0.5215
Averaged Test AUC: 0.8737
Std Test Accuracy: 0.1483
Std Test AUC: 0.0416

--- Round 406/500 ---
Averaged Train Loss: 1.4311
Averaged Test Accuracy: 0.4594
Averaged Test AUC: 0.8579
Std Test Accuracy: 0.1653
Std Test AUC: 0.0498

--- Round 407/500 ---
Averaged Train Loss: 1.3096
Averaged Test Accuracy: 0.5115
Averaged Test AUC: 0.8729
Std Test Accuracy: 0.1674
Std Test AUC: 0.0420

--- Round 408/500 ---
Averaged Train Loss: 1.2763
Averaged Test Accuracy: 0.5284
Averaged Test AUC: 0.8750
Std Test Accuracy: 0.1190
Std Test AUC: 0.0342

--- Round 409/500 ---
Averaged Train Loss: 1.3497
Averaged Test Accuracy: 0.4939
Averaged Test AUC: 0.8656
Std Test Accuracy: 0.1660
Std Test AUC: 0.0525

--- Round 410/500 ---
Averaged Train Loss: 1.2916
Averaged Test Accuracy: 0.5181
Averaged Test AUC: 0.8726
Std Test Accuracy: 0.1452
Std Test AUC: 0.0388

--- Round 411/500 ---
Averaged Train Loss: 1.3733
Averaged Test Accuracy: 0.4862
Averaged Test AUC: 0.8629
Std Test Accuracy: 0.1344
Std Test AUC: 0.0416

--- Round 412/500 ---
Averaged Train Loss: 1.3048
Averaged Test Accuracy: 0.5143
Averaged Test AUC: 0.8720
Std Test Accuracy: 0.1539
Std Test AUC: 0.0470

--- Round 413/500 ---
Averaged Train Loss: 1.2866
Averaged Test Accuracy: 0.5204
Averaged Test AUC: 0.8728
Std Test Accuracy: 0.1336
Std Test AUC: 0.0351

--- Round 414/500 ---
Averaged Train Loss: 1.5097
Averaged Test Accuracy: 0.4482
Averaged Test AUC: 0.8505
Std Test Accuracy: 0.1891
Std Test AUC: 0.0665

--- Round 415/500 ---
Averaged Train Loss: 1.3192
Averaged Test Accuracy: 0.5092
Averaged Test AUC: 0.8716
Std Test Accuracy: 0.1788
Std Test AUC: 0.0446

--- Round 416/500 ---
Averaged Train Loss: 1.3036
Averaged Test Accuracy: 0.5103
Averaged Test AUC: 0.8700
Std Test Accuracy: 0.1075
Std Test AUC: 0.0276

--- Round 417/500 ---
Averaged Train Loss: 1.3228
Averaged Test Accuracy: 0.5108
Averaged Test AUC: 0.8698
Std Test Accuracy: 0.1525
Std Test AUC: 0.0444

--- Round 418/500 ---
Averaged Train Loss: 1.3211
Averaged Test Accuracy: 0.5098
Averaged Test AUC: 0.8682
Std Test Accuracy: 0.1421
Std Test AUC: 0.0423

--- Round 419/500 ---
Averaged Train Loss: 1.2898
Averaged Test Accuracy: 0.5249
Averaged Test AUC: 0.8721
Std Test Accuracy: 0.1378
Std Test AUC: 0.0357

--- Round 420/500 ---
Averaged Train Loss: 1.2908
Averaged Test Accuracy: 0.5170
Averaged Test AUC: 0.8733
Std Test Accuracy: 0.1421
Std Test AUC: 0.0312

--- Round 421/500 ---
Averaged Train Loss: 1.3059
Averaged Test Accuracy: 0.5107
Averaged Test AUC: 0.8715
Std Test Accuracy: 0.1647
Std Test AUC: 0.0445

--- Round 422/500 ---
Averaged Train Loss: 1.3343
Averaged Test Accuracy: 0.5078
Averaged Test AUC: 0.8690
Std Test Accuracy: 0.1730
Std Test AUC: 0.0486

--- Round 423/500 ---
Averaged Train Loss: 1.3215
Averaged Test Accuracy: 0.5109
Averaged Test AUC: 0.8679
Std Test Accuracy: 0.1478
Std Test AUC: 0.0415

--- Round 424/500 ---
Averaged Train Loss: 1.2859
Averaged Test Accuracy: 0.5183
Averaged Test AUC: 0.8743
Std Test Accuracy: 0.1461
Std Test AUC: 0.0357

--- Round 425/500 ---
Averaged Train Loss: 1.2686
Averaged Test Accuracy: 0.5297
Averaged Test AUC: 0.8752
Std Test Accuracy: 0.1342
Std Test AUC: 0.0406

--- Round 426/500 ---
Averaged Train Loss: 1.2901
Averaged Test Accuracy: 0.5183
Averaged Test AUC: 0.8725
Std Test Accuracy: 0.1611
Std Test AUC: 0.0486

--- Round 427/500 ---
Averaged Train Loss: 1.3496
Averaged Test Accuracy: 0.4902
Averaged Test AUC: 0.8659
Std Test Accuracy: 0.1471
Std Test AUC: 0.0445

--- Round 428/500 ---
Averaged Train Loss: 1.3378
Averaged Test Accuracy: 0.5102
Averaged Test AUC: 0.8681
Std Test Accuracy: 0.1780
Std Test AUC: 0.0596

--- Round 429/500 ---
Averaged Train Loss: 1.2476
Averaged Test Accuracy: 0.5366
Averaged Test AUC: 0.8777
Std Test Accuracy: 0.1188
Std Test AUC: 0.0334

--- Round 430/500 ---
Averaged Train Loss: 1.3192
Averaged Test Accuracy: 0.5055
Averaged Test AUC: 0.8686
Std Test Accuracy: 0.1390
Std Test AUC: 0.0365

--- Round 431/500 ---
Averaged Train Loss: 1.2814
Averaged Test Accuracy: 0.5210
Averaged Test AUC: 0.8750
Std Test Accuracy: 0.1499
Std Test AUC: 0.0388

--- Round 432/500 ---
Averaged Train Loss: 1.2578
Averaged Test Accuracy: 0.5320
Averaged Test AUC: 0.8761
Std Test Accuracy: 0.1344
Std Test AUC: 0.0330

--- Round 433/500 ---
Averaged Train Loss: 1.3540
Averaged Test Accuracy: 0.4933
Averaged Test AUC: 0.8643
Std Test Accuracy: 0.1426
Std Test AUC: 0.0366

--- Round 434/500 ---
Averaged Train Loss: 1.3469
Averaged Test Accuracy: 0.5052
Averaged Test AUC: 0.8677
Std Test Accuracy: 0.1753
Std Test AUC: 0.0484

--- Round 435/500 ---
Averaged Train Loss: 1.3098
Averaged Test Accuracy: 0.5150
Averaged Test AUC: 0.8716
Std Test Accuracy: 0.1774
Std Test AUC: 0.0509

--- Round 436/500 ---
Averaged Train Loss: 1.3320
Averaged Test Accuracy: 0.5047
Averaged Test AUC: 0.8727
Std Test Accuracy: 0.1842
Std Test AUC: 0.0449

--- Round 437/500 ---
Averaged Train Loss: 1.2870
Averaged Test Accuracy: 0.5200
Averaged Test AUC: 0.8750
Std Test Accuracy: 0.1520
Std Test AUC: 0.0381

--- Round 438/500 ---
Averaged Train Loss: 1.2816
Averaged Test Accuracy: 0.5232
Averaged Test AUC: 0.8733
Std Test Accuracy: 0.1211
Std Test AUC: 0.0315

--- Round 439/500 ---
Averaged Train Loss: 1.2668
Averaged Test Accuracy: 0.5280
Averaged Test AUC: 0.8756
Std Test Accuracy: 0.1497
Std Test AUC: 0.0399

--- Round 440/500 ---
Averaged Train Loss: 1.2561
Averaged Test Accuracy: 0.5333
Averaged Test AUC: 0.8765
Std Test Accuracy: 0.1380
Std Test AUC: 0.0349

--- Round 441/500 ---
Averaged Train Loss: 1.3045
Averaged Test Accuracy: 0.5142
Averaged Test AUC: 0.8709
Std Test Accuracy: 0.1332
Std Test AUC: 0.0389

--- Round 442/500 ---
Averaged Train Loss: 1.2620
Averaged Test Accuracy: 0.5319
Averaged Test AUC: 0.8753
Std Test Accuracy: 0.1439
Std Test AUC: 0.0420

--- Round 443/500 ---
Averaged Train Loss: 1.2962
Averaged Test Accuracy: 0.5188
Averaged Test AUC: 0.8751
Std Test Accuracy: 0.1671
Std Test AUC: 0.0404

--- Round 444/500 ---
Averaged Train Loss: 1.2995
Averaged Test Accuracy: 0.5190
Averaged Test AUC: 0.8701
Std Test Accuracy: 0.1440
Std Test AUC: 0.0436

--- Round 445/500 ---
Averaged Train Loss: 1.3207
Averaged Test Accuracy: 0.5094
Averaged Test AUC: 0.8732
Std Test Accuracy: 0.1817
Std Test AUC: 0.0451

--- Round 446/500 ---
Averaged Train Loss: 1.2638
Averaged Test Accuracy: 0.5313
Averaged Test AUC: 0.8748
Std Test Accuracy: 0.1348
Std Test AUC: 0.0381

--- Round 447/500 ---
Averaged Train Loss: 1.3050
Averaged Test Accuracy: 0.5096
Averaged Test AUC: 0.8731
Std Test Accuracy: 0.1793
Std Test AUC: 0.0448

--- Round 448/500 ---
Averaged Train Loss: 1.4013
Averaged Test Accuracy: 0.4894
Averaged Test AUC: 0.8637
Std Test Accuracy: 0.1969
Std Test AUC: 0.0624

--- Round 449/500 ---
Averaged Train Loss: 1.2950
Averaged Test Accuracy: 0.5162
Averaged Test AUC: 0.8721
Std Test Accuracy: 0.1328
Std Test AUC: 0.0399

--- Round 450/500 ---
Averaged Train Loss: 1.2815
Averaged Test Accuracy: 0.5222
Averaged Test AUC: 0.8744
Std Test Accuracy: 0.1607
Std Test AUC: 0.0393

--- Round 451/500 ---
Averaged Train Loss: 1.2834
Averaged Test Accuracy: 0.5248
Averaged Test AUC: 0.8736
Std Test Accuracy: 0.1419
Std Test AUC: 0.0347

--- Round 452/500 ---
Averaged Train Loss: 1.2963
Averaged Test Accuracy: 0.5140
Averaged Test AUC: 0.8728
Std Test Accuracy: 0.1381
Std Test AUC: 0.0352

--- Round 453/500 ---
Averaged Train Loss: 1.3372
Averaged Test Accuracy: 0.5071
Averaged Test AUC: 0.8692
Std Test Accuracy: 0.1714
Std Test AUC: 0.0481

--- Round 454/500 ---
Averaged Train Loss: 1.2638
Averaged Test Accuracy: 0.5299
Averaged Test AUC: 0.8738
Std Test Accuracy: 0.1122
Std Test AUC: 0.0361

--- Round 455/500 ---
Averaged Train Loss: 1.3554
Averaged Test Accuracy: 0.4927
Averaged Test AUC: 0.8680
Std Test Accuracy: 0.1763
Std Test AUC: 0.0467

--- Round 456/500 ---
Averaged Train Loss: 1.2988
Averaged Test Accuracy: 0.5177
Averaged Test AUC: 0.8723
Std Test Accuracy: 0.1812
Std Test AUC: 0.0469

--- Round 457/500 ---
Averaged Train Loss: 1.3302
Averaged Test Accuracy: 0.5041
Averaged Test AUC: 0.8666
Std Test Accuracy: 0.1359
Std Test AUC: 0.0433

--- Round 458/500 ---
Averaged Train Loss: 1.3014
Averaged Test Accuracy: 0.5137
Averaged Test AUC: 0.8734
Std Test Accuracy: 0.1566
Std Test AUC: 0.0377

--- Round 459/500 ---
Averaged Train Loss: 1.2527
Averaged Test Accuracy: 0.5372
Averaged Test AUC: 0.8774
Std Test Accuracy: 0.1522
Std Test AUC: 0.0404

--- Round 460/500 ---
Averaged Train Loss: 1.4200
Averaged Test Accuracy: 0.4758
Averaged Test AUC: 0.8581
Std Test Accuracy: 0.1513
Std Test AUC: 0.0541

--- Round 461/500 ---
Averaged Train Loss: 1.2795
Averaged Test Accuracy: 0.5229
Averaged Test AUC: 0.8742
Std Test Accuracy: 0.1580
Std Test AUC: 0.0488

--- Round 462/500 ---
Averaged Train Loss: 1.2887
Averaged Test Accuracy: 0.5241
Averaged Test AUC: 0.8725
Std Test Accuracy: 0.1267
Std Test AUC: 0.0373

--- Round 463/500 ---
Averaged Train Loss: 1.2736
Averaged Test Accuracy: 0.5264
Averaged Test AUC: 0.8750
Std Test Accuracy: 0.1430
Std Test AUC: 0.0371

--- Round 464/500 ---
Averaged Train Loss: 1.3734
Averaged Test Accuracy: 0.4810
Averaged Test AUC: 0.8637
Std Test Accuracy: 0.1447
Std Test AUC: 0.0395

--- Round 465/500 ---
Averaged Train Loss: 1.3189
Averaged Test Accuracy: 0.5143
Averaged Test AUC: 0.8681
Std Test Accuracy: 0.1621
Std Test AUC: 0.0483

--- Round 466/500 ---
Averaged Train Loss: 1.3819
Averaged Test Accuracy: 0.4923
Averaged Test AUC: 0.8658
Std Test Accuracy: 0.2020
Std Test AUC: 0.0538

--- Round 467/500 ---
Averaged Train Loss: 1.2912
Averaged Test Accuracy: 0.5210
Averaged Test AUC: 0.8712
Std Test Accuracy: 0.1156
Std Test AUC: 0.0317

--- Round 468/500 ---
Averaged Train Loss: 1.2692
Averaged Test Accuracy: 0.5273
Averaged Test AUC: 0.8755
Std Test Accuracy: 0.1313
Std Test AUC: 0.0310

--- Round 469/500 ---
Averaged Train Loss: 1.3271
Averaged Test Accuracy: 0.5086
Averaged Test AUC: 0.8716
Std Test Accuracy: 0.1731
Std Test AUC: 0.0456

--- Round 470/500 ---
Averaged Train Loss: 1.2544
Averaged Test Accuracy: 0.5339
Averaged Test AUC: 0.8769
Std Test Accuracy: 0.1331
Std Test AUC: 0.0348

--- Round 471/500 ---
Averaged Train Loss: 1.3125
Averaged Test Accuracy: 0.5142
Averaged Test AUC: 0.8689
Std Test Accuracy: 0.1469
Std Test AUC: 0.0397

--- Round 472/500 ---
Averaged Train Loss: 1.2865
Averaged Test Accuracy: 0.5233
Averaged Test AUC: 0.8749
Std Test Accuracy: 0.1703
Std Test AUC: 0.0466

--- Round 473/500 ---
Averaged Train Loss: 1.2628
Averaged Test Accuracy: 0.5283
Averaged Test AUC: 0.8770
Std Test Accuracy: 0.1392
Std Test AUC: 0.0350

--- Round 474/500 ---
Averaged Train Loss: 1.2487
Averaged Test Accuracy: 0.5358
Averaged Test AUC: 0.8766
Std Test Accuracy: 0.1292
Std Test AUC: 0.0432

--- Round 475/500 ---
Averaged Train Loss: 1.3074
Averaged Test Accuracy: 0.5134
Averaged Test AUC: 0.8743
Std Test Accuracy: 0.1744
Std Test AUC: 0.0404

--- Round 476/500 ---
Averaged Train Loss: 1.3059
Averaged Test Accuracy: 0.5088
Averaged Test AUC: 0.8710
Std Test Accuracy: 0.1812
Std Test AUC: 0.0499

--- Round 477/500 ---
Averaged Train Loss: 1.3473
Averaged Test Accuracy: 0.4914
Averaged Test AUC: 0.8699
Std Test Accuracy: 0.1921
Std Test AUC: 0.0539

--- Round 478/500 ---
Averaged Train Loss: 1.2930
Averaged Test Accuracy: 0.5223
Averaged Test AUC: 0.8714
Std Test Accuracy: 0.1467
Std Test AUC: 0.0485

--- Round 479/500 ---
Averaged Train Loss: 1.3331
Averaged Test Accuracy: 0.5061
Averaged Test AUC: 0.8715
Std Test Accuracy: 0.1921
Std Test AUC: 0.0504

--- Round 480/500 ---
Averaged Train Loss: 1.2989
Averaged Test Accuracy: 0.5199
Averaged Test AUC: 0.8707
Std Test Accuracy: 0.1706
Std Test AUC: 0.0529

--- Round 481/500 ---
Averaged Train Loss: 1.2644
Averaged Test Accuracy: 0.5297
Averaged Test AUC: 0.8757
Std Test Accuracy: 0.1397
Std Test AUC: 0.0403

--- Round 482/500 ---
Averaged Train Loss: 1.2760
Averaged Test Accuracy: 0.5280
Averaged Test AUC: 0.8723
Std Test Accuracy: 0.1367
Std Test AUC: 0.0455

--- Round 483/500 ---
Averaged Train Loss: 1.2760
Averaged Test Accuracy: 0.5277
Averaged Test AUC: 0.8756
Std Test Accuracy: 0.1551
Std Test AUC: 0.0449

--- Round 484/500 ---
Averaged Train Loss: 1.2584
Averaged Test Accuracy: 0.5319
Averaged Test AUC: 0.8769
Std Test Accuracy: 0.1250
Std Test AUC: 0.0296

--- Round 485/500 ---
Averaged Train Loss: 1.2725
Averaged Test Accuracy: 0.5273
Averaged Test AUC: 0.8757
Std Test Accuracy: 0.1557
Std Test AUC: 0.0391

--- Round 486/500 ---
Averaged Train Loss: 1.3568
Averaged Test Accuracy: 0.4920
Averaged Test AUC: 0.8691
Std Test Accuracy: 0.1901
Std Test AUC: 0.0532

--- Round 487/500 ---
Averaged Train Loss: 1.2962
Averaged Test Accuracy: 0.5182
Averaged Test AUC: 0.8698
Std Test Accuracy: 0.1410
Std Test AUC: 0.0490

--- Round 488/500 ---
Averaged Train Loss: 1.2404
Averaged Test Accuracy: 0.5416
Averaged Test AUC: 0.8796
Std Test Accuracy: 0.1302
Std Test AUC: 0.0338

--- Round 489/500 ---
Averaged Train Loss: 1.2719
Averaged Test Accuracy: 0.5278
Averaged Test AUC: 0.8746
Std Test Accuracy: 0.1447
Std Test AUC: 0.0395

--- Round 490/500 ---
Averaged Train Loss: 1.2979
Averaged Test Accuracy: 0.5162
Averaged Test AUC: 0.8721
Std Test Accuracy: 0.1606
Std Test AUC: 0.0466

--- Round 491/500 ---
Averaged Train Loss: 1.2910
Averaged Test Accuracy: 0.5150
Averaged Test AUC: 0.8740
Std Test Accuracy: 0.1603
Std Test AUC: 0.0430

--- Round 492/500 ---
Averaged Train Loss: 1.2401
Averaged Test Accuracy: 0.5392
Averaged Test AUC: 0.8788
Std Test Accuracy: 0.1230
Std Test AUC: 0.0342

--- Round 493/500 ---
Averaged Train Loss: 1.3402
Averaged Test Accuracy: 0.5019
Averaged Test AUC: 0.8664
Std Test Accuracy: 0.1694
Std Test AUC: 0.0594

--- Round 494/500 ---
Averaged Train Loss: 1.2444
Averaged Test Accuracy: 0.5343
Averaged Test AUC: 0.8780
Std Test Accuracy: 0.1400
Std Test AUC: 0.0363

--- Round 495/500 ---
Averaged Train Loss: 1.2890
Averaged Test Accuracy: 0.5216
Averaged Test AUC: 0.8751
Std Test Accuracy: 0.1611
Std Test AUC: 0.0474

--- Round 496/500 ---
Averaged Train Loss: 1.2872
Averaged Test Accuracy: 0.5198
Averaged Test AUC: 0.8758
Std Test Accuracy: 0.1761
Std Test AUC: 0.0469

--- Round 497/500 ---
Averaged Train Loss: 1.2826
Averaged Test Accuracy: 0.5199
Averaged Test AUC: 0.8743
Std Test Accuracy: 0.1273
Std Test AUC: 0.0313

--- Round 498/500 ---
Averaged Train Loss: 1.2472
Averaged Test Accuracy: 0.5374
Averaged Test AUC: 0.8775
Std Test Accuracy: 0.1025
Std Test AUC: 0.0274

--- Round 499/500 ---
Averaged Train Loss: 1.2938
Averaged Test Accuracy: 0.5200
Averaged Test AUC: 0.8732
Std Test Accuracy: 0.1641
Std Test AUC: 0.0520

--- Round 500/500 ---
Averaged Train Loss: 1.3001
Averaged Test Accuracy: 0.5127
Averaged Test AUC: 0.8708
Std Test Accuracy: 0.1352
Std Test AUC: 0.0377

========== Training Complete ==========
Best Test Accuracy: 0.5416444917509313
File path: ../results/Cifar10_FedEntPlusSmooth_smooth_trial01_0045_0.h5

Average time cost: 1835.85s.
Length:  501
std for best accuracy: 0.0
mean for best accuracy: 0.5416444917509313
All done!

Storage on cuda:0
-------------------------------------------------------------------------------
Total Tensors: 205577892 	Used Memory: 563.23M
The allocated memory on cuda:0: 581.35M
Memory differs due to the matrix alignment or invisible gradient buffer tensors
-------------------------------------------------------------------------------
