==================================================
goal = smooth_trial01_0033
device = cuda
device_id = 0
dataset = Cifar10
num_classes = 10
model = CNN
batch_size = 64
local_learning_rate = 0.01
learning_rate_decay = True
learning_rate_decay_gamma = 0.98
global_rounds = 500
top_cnt = 100
local_epochs = 5
algorithm = FedEntPlusSmooth
join_ratio = 0.1
random_join_ratio = False
num_clients = 100
prev = 0
times = 1
eval_gap = 1
save_folder_name = items
auto_break = False
dlg_eval = False
dlg_gap = 100
batch_num_per_client = 2
num_new_clients = 0
fine_tuning_epoch_new = 0
feature_dim = 512
vocab_size = 32000
max_len = 200
client_drop_rate = 0.0
train_slow_rate = 0.0
send_slow_rate = 0.0
time_select = False
time_threthold = 10000
beta = 0.0
lamda = 1.0
mu = 0.0
K = 5
p_learning_rate = 0.01
M = 5
itk = 4000
alphaK = 1.0
sigma = 1.0
alpha = 1.0
plocal_epochs = 1
tau = 1.0
fine_tuning_epochs = 10
dr_learning_rate = 0.0
L = 1.0
noise_dim = 512
generator_learning_rate = 0.005
hidden_dim = 512
server_epochs = 1000
localize_feature_extractor = False
server_learning_rate = 1.0
eta = 1.0
rand_percent = 80
layer_idx = 2
mentee_learning_rate = 0.005
T_start = 0.95
T_end = 0.98
momentum = 0.9
kl_weight = 0.0
buffer_size = 0
dp_epsilon = 0.0
H_min = None
alpha_vp = 0.0
enable_dynamic_param = False
log_fedent = False
log_filename = None
dynamic_config_path = /home/john/PFLlib/system/auto_configs/smooth_trial01_0033.json
==================================================

============= Running time: 0th =============
Creating server and clients ...
FedAvgCNN(
  (conv1): Sequential(
    (0): Conv2d(3, 32, kernel_size=(5, 5), stride=(1, 1))
    (1): ReLU(inplace=True)
    (2): MaxPool2d(kernel_size=(2, 2), stride=(2, 2), padding=0, dilation=1, ceil_mode=False)
  )
  (conv2): Sequential(
    (0): Conv2d(32, 64, kernel_size=(5, 5), stride=(1, 1))
    (1): ReLU(inplace=True)
    (2): MaxPool2d(kernel_size=(2, 2), stride=(2, 2), padding=0, dilation=1, ceil_mode=False)
  )
  (fc1): Sequential(
    (0): Linear(in_features=1600, out_features=512, bias=True)
    (1): ReLU(inplace=True)
  )
  (fc): Linear(in_features=512, out_features=10, bias=True)
)

Join ratio / total clients: 0.1 / 100
Finished creating server and clients.

--- Round 0/500 ---
Averaged Train Loss: 2.3038
Averaged Test Accuracy: 0.0928
Averaged Test AUC: 0.4894
Std Test Accuracy: 0.1434
Std Test AUC: 0.2233

--- Round 1/500 ---
Averaged Train Loss: 2.3950
Averaged Test Accuracy: 0.1016
Averaged Test AUC: 0.5120
Std Test Accuracy: 0.2033
Std Test AUC: 0.2491

--- Round 2/500 ---
Averaged Train Loss: 2.6194
Averaged Test Accuracy: 0.1021
Averaged Test AUC: 0.5261
Std Test Accuracy: 0.2032
Std Test AUC: 0.2510

--- Round 3/500 ---
Averaged Train Loss: 2.7255
Averaged Test Accuracy: 0.1208
Averaged Test AUC: 0.5416
Std Test Accuracy: 0.1968
Std Test AUC: 0.2493

--- Round 4/500 ---
Averaged Train Loss: 2.6130
Averaged Test Accuracy: 0.1484
Averaged Test AUC: 0.5547
Std Test Accuracy: 0.2135
Std Test AUC: 0.2502

--- Round 5/500 ---
Averaged Train Loss: 2.5498
Averaged Test Accuracy: 0.1687
Averaged Test AUC: 0.5844
Std Test Accuracy: 0.1826
Std Test AUC: 0.2459

--- Round 6/500 ---
Averaged Train Loss: 2.6124
Averaged Test Accuracy: 0.1508
Averaged Test AUC: 0.5915
Std Test Accuracy: 0.2118
Std Test AUC: 0.2450

--- Round 7/500 ---
Averaged Train Loss: 2.5313
Averaged Test Accuracy: 0.1625
Averaged Test AUC: 0.6117
Std Test Accuracy: 0.2079
Std Test AUC: 0.2398

--- Round 8/500 ---
Averaged Train Loss: 2.5185
Averaged Test Accuracy: 0.1710
Averaged Test AUC: 0.6205
Std Test Accuracy: 0.2056
Std Test AUC: 0.2375

--- Round 9/500 ---
Averaged Train Loss: 2.5049
Averaged Test Accuracy: 0.1718
Averaged Test AUC: 0.6292
Std Test Accuracy: 0.2095
Std Test AUC: 0.2321

--- Round 10/500 ---
Averaged Train Loss: 2.4293
Averaged Test Accuracy: 0.2099
Averaged Test AUC: 0.6447
Std Test Accuracy: 0.1829
Std Test AUC: 0.2232

--- Round 11/500 ---
Averaged Train Loss: 2.4115
Averaged Test Accuracy: 0.1876
Averaged Test AUC: 0.6497
Std Test Accuracy: 0.1915
Std Test AUC: 0.2166

--- Round 12/500 ---
Averaged Train Loss: 2.3371
Averaged Test Accuracy: 0.1968
Averaged Test AUC: 0.6648
Std Test Accuracy: 0.1934
Std Test AUC: 0.2008

--- Round 13/500 ---
Averaged Train Loss: 2.2982
Averaged Test Accuracy: 0.2164
Averaged Test AUC: 0.6733
Std Test Accuracy: 0.1823
Std Test AUC: 0.2028

--- Round 14/500 ---
Averaged Train Loss: 2.3461
Averaged Test Accuracy: 0.2026
Averaged Test AUC: 0.6705
Std Test Accuracy: 0.1973
Std Test AUC: 0.2018

--- Round 15/500 ---
Averaged Train Loss: 2.2905
Averaged Test Accuracy: 0.2274
Averaged Test AUC: 0.6780
Std Test Accuracy: 0.1857
Std Test AUC: 0.1899

--- Round 16/500 ---
Averaged Train Loss: 2.2623
Averaged Test Accuracy: 0.2482
Averaged Test AUC: 0.6833
Std Test Accuracy: 0.1814
Std Test AUC: 0.1954

--- Round 17/500 ---
Averaged Train Loss: 2.2820
Averaged Test Accuracy: 0.2471
Averaged Test AUC: 0.6837
Std Test Accuracy: 0.1879
Std Test AUC: 0.1963

--- Round 18/500 ---
Averaged Train Loss: 2.2031
Averaged Test Accuracy: 0.2570
Averaged Test AUC: 0.6958
Std Test Accuracy: 0.1743
Std Test AUC: 0.2006

--- Round 19/500 ---
Averaged Train Loss: 2.2023
Averaged Test Accuracy: 0.2416
Averaged Test AUC: 0.7010
Std Test Accuracy: 0.1856
Std Test AUC: 0.1875

--- Round 20/500 ---
Averaged Train Loss: 2.2349
Averaged Test Accuracy: 0.2540
Averaged Test AUC: 0.6972
Std Test Accuracy: 0.1859
Std Test AUC: 0.1946

--- Round 21/500 ---
Averaged Train Loss: 2.2144
Averaged Test Accuracy: 0.2637
Averaged Test AUC: 0.7014
Std Test Accuracy: 0.1868
Std Test AUC: 0.2008

--- Round 22/500 ---
Averaged Train Loss: 2.1735
Averaged Test Accuracy: 0.2769
Averaged Test AUC: 0.7079
Std Test Accuracy: 0.1770
Std Test AUC: 0.2000

--- Round 23/500 ---
Averaged Train Loss: 2.1878
Averaged Test Accuracy: 0.2725
Averaged Test AUC: 0.7075
Std Test Accuracy: 0.2093
Std Test AUC: 0.1864

--- Round 24/500 ---
Averaged Train Loss: 2.1161
Averaged Test Accuracy: 0.2672
Averaged Test AUC: 0.7198
Std Test Accuracy: 0.1867
Std Test AUC: 0.1834

--- Round 25/500 ---
Averaged Train Loss: 2.1406
Averaged Test Accuracy: 0.2843
Averaged Test AUC: 0.7171
Std Test Accuracy: 0.1798
Std Test AUC: 0.1900

--- Round 26/500 ---
Averaged Train Loss: 2.1757
Averaged Test Accuracy: 0.2582
Averaged Test AUC: 0.7154
Std Test Accuracy: 0.1944
Std Test AUC: 0.1824

--- Round 27/500 ---
Averaged Train Loss: 2.1288
Averaged Test Accuracy: 0.2733
Averaged Test AUC: 0.7199
Std Test Accuracy: 0.1858
Std Test AUC: 0.1897

--- Round 28/500 ---
Averaged Train Loss: 2.1271
Averaged Test Accuracy: 0.2800
Averaged Test AUC: 0.7207
Std Test Accuracy: 0.2044
Std Test AUC: 0.1934

--- Round 29/500 ---
Averaged Train Loss: 2.1472
Averaged Test Accuracy: 0.2832
Averaged Test AUC: 0.7210
Std Test Accuracy: 0.1875
Std Test AUC: 0.1897

--- Round 30/500 ---
Averaged Train Loss: 2.0770
Averaged Test Accuracy: 0.2837
Averaged Test AUC: 0.7330
Std Test Accuracy: 0.1879
Std Test AUC: 0.1791

--- Round 31/500 ---
Averaged Train Loss: 2.1444
Averaged Test Accuracy: 0.2752
Averaged Test AUC: 0.7255
Std Test Accuracy: 0.1870
Std Test AUC: 0.1824

--- Round 32/500 ---
Averaged Train Loss: 2.1206
Averaged Test Accuracy: 0.2957
Averaged Test AUC: 0.7281
Std Test Accuracy: 0.1840
Std Test AUC: 0.1861

--- Round 33/500 ---
Averaged Train Loss: 2.0514
Averaged Test Accuracy: 0.2969
Averaged Test AUC: 0.7391
Std Test Accuracy: 0.1877
Std Test AUC: 0.1786

--- Round 34/500 ---
Averaged Train Loss: 2.1142
Averaged Test Accuracy: 0.2949
Averaged Test AUC: 0.7317
Std Test Accuracy: 0.1920
Std Test AUC: 0.1843

--- Round 35/500 ---
Averaged Train Loss: 2.0708
Averaged Test Accuracy: 0.3030
Averaged Test AUC: 0.7372
Std Test Accuracy: 0.1867
Std Test AUC: 0.1822

--- Round 36/500 ---
Averaged Train Loss: 2.1212
Averaged Test Accuracy: 0.2897
Averaged Test AUC: 0.7325
Std Test Accuracy: 0.1847
Std Test AUC: 0.1813

--- Round 37/500 ---
Averaged Train Loss: 2.0723
Averaged Test Accuracy: 0.3073
Averaged Test AUC: 0.7372
Std Test Accuracy: 0.1916
Std Test AUC: 0.1847

--- Round 38/500 ---
Averaged Train Loss: 2.0810
Averaged Test Accuracy: 0.2892
Averaged Test AUC: 0.7393
Std Test Accuracy: 0.1861
Std Test AUC: 0.1770

--- Round 39/500 ---
Averaged Train Loss: 2.0349
Averaged Test Accuracy: 0.3017
Averaged Test AUC: 0.7463
Std Test Accuracy: 0.1822
Std Test AUC: 0.1721

--- Round 40/500 ---
Averaged Train Loss: 2.0198
Averaged Test Accuracy: 0.2970
Averaged Test AUC: 0.7497
Std Test Accuracy: 0.1862
Std Test AUC: 0.1575

--- Round 41/500 ---
Averaged Train Loss: 2.0018
Averaged Test Accuracy: 0.3067
Averaged Test AUC: 0.7529
Std Test Accuracy: 0.1796
Std Test AUC: 0.1576

--- Round 42/500 ---
Averaged Train Loss: 1.9973
Averaged Test Accuracy: 0.3109
Averaged Test AUC: 0.7544
Std Test Accuracy: 0.2139
Std Test AUC: 0.1517

--- Round 43/500 ---
Averaged Train Loss: 1.9757
Averaged Test Accuracy: 0.3095
Averaged Test AUC: 0.7579
Std Test Accuracy: 0.1842
Std Test AUC: 0.1518

--- Round 44/500 ---
Averaged Train Loss: 1.9781
Averaged Test Accuracy: 0.2978
Averaged Test AUC: 0.7592
Std Test Accuracy: 0.1884
Std Test AUC: 0.1418

--- Round 45/500 ---
Averaged Train Loss: 1.9474
Averaged Test Accuracy: 0.3181
Averaged Test AUC: 0.7616
Std Test Accuracy: 0.1785
Std Test AUC: 0.1490

--- Round 46/500 ---
Averaged Train Loss: 1.9635
Averaged Test Accuracy: 0.3184
Averaged Test AUC: 0.7612
Std Test Accuracy: 0.1763
Std Test AUC: 0.1512

--- Round 47/500 ---
Averaged Train Loss: 1.9463
Averaged Test Accuracy: 0.3095
Averaged Test AUC: 0.7650
Std Test Accuracy: 0.1765
Std Test AUC: 0.1388

--- Round 48/500 ---
Averaged Train Loss: 1.9583
Averaged Test Accuracy: 0.3157
Averaged Test AUC: 0.7617
Std Test Accuracy: 0.1794
Std Test AUC: 0.1483

--- Round 49/500 ---
Averaged Train Loss: 2.0024
Averaged Test Accuracy: 0.3103
Averaged Test AUC: 0.7558
Std Test Accuracy: 0.1843
Std Test AUC: 0.1545

--- Round 50/500 ---
Averaged Train Loss: 1.9741
Averaged Test Accuracy: 0.3199
Averaged Test AUC: 0.7619
Std Test Accuracy: 0.1975
Std Test AUC: 0.1419

--- Round 51/500 ---
Averaged Train Loss: 1.9613
Averaged Test Accuracy: 0.3145
Averaged Test AUC: 0.7632
Std Test Accuracy: 0.1836
Std Test AUC: 0.1442

--- Round 52/500 ---
Averaged Train Loss: 1.9649
Averaged Test Accuracy: 0.3163
Averaged Test AUC: 0.7621
Std Test Accuracy: 0.1990
Std Test AUC: 0.1527

--- Round 53/500 ---
Averaged Train Loss: 1.9069
Averaged Test Accuracy: 0.3371
Averaged Test AUC: 0.7693
Std Test Accuracy: 0.1800
Std Test AUC: 0.1442

--- Round 54/500 ---
Averaged Train Loss: 1.9544
Averaged Test Accuracy: 0.3276
Averaged Test AUC: 0.7619
Std Test Accuracy: 0.1811
Std Test AUC: 0.1548

--- Round 55/500 ---
Averaged Train Loss: 1.9976
Averaged Test Accuracy: 0.3191
Averaged Test AUC: 0.7579
Std Test Accuracy: 0.1855
Std Test AUC: 0.1568

--- Round 56/500 ---
Averaged Train Loss: 1.9413
Averaged Test Accuracy: 0.3299
Averaged Test AUC: 0.7658
Std Test Accuracy: 0.1774
Std Test AUC: 0.1535

--- Round 57/500 ---
Averaged Train Loss: 1.9858
Averaged Test Accuracy: 0.3241
Averaged Test AUC: 0.7600
Std Test Accuracy: 0.1788
Std Test AUC: 0.1587

--- Round 58/500 ---
Averaged Train Loss: 1.9640
Averaged Test Accuracy: 0.3275
Averaged Test AUC: 0.7628
Std Test Accuracy: 0.1666
Std Test AUC: 0.1573

--- Round 59/500 ---
Averaged Train Loss: 1.9404
Averaged Test Accuracy: 0.3387
Averaged Test AUC: 0.7668
Std Test Accuracy: 0.1685
Std Test AUC: 0.1570

--- Round 60/500 ---
Averaged Train Loss: 1.9724
Averaged Test Accuracy: 0.3343
Averaged Test AUC: 0.7611
Std Test Accuracy: 0.1825
Std Test AUC: 0.1635

--- Round 61/500 ---
Averaged Train Loss: 1.9413
Averaged Test Accuracy: 0.3334
Averaged Test AUC: 0.7686
Std Test Accuracy: 0.1930
Std Test AUC: 0.1425

--- Round 62/500 ---
Averaged Train Loss: 1.9593
Averaged Test Accuracy: 0.3256
Averaged Test AUC: 0.7645
Std Test Accuracy: 0.1863
Std Test AUC: 0.1514

--- Round 63/500 ---
Averaged Train Loss: 1.8879
Averaged Test Accuracy: 0.3384
Averaged Test AUC: 0.7756
Std Test Accuracy: 0.1790
Std Test AUC: 0.1340

--- Round 64/500 ---
Averaged Train Loss: 1.9531
Averaged Test Accuracy: 0.3260
Averaged Test AUC: 0.7664
Std Test Accuracy: 0.1794
Std Test AUC: 0.1440

--- Round 65/500 ---
Averaged Train Loss: 1.9687
Averaged Test Accuracy: 0.3258
Averaged Test AUC: 0.7648
Std Test Accuracy: 0.1854
Std Test AUC: 0.1504

--- Round 66/500 ---
Averaged Train Loss: 2.0165
Averaged Test Accuracy: 0.3208
Averaged Test AUC: 0.7595
Std Test Accuracy: 0.1988
Std Test AUC: 0.1549

--- Round 67/500 ---
Averaged Train Loss: 1.9869
Averaged Test Accuracy: 0.3320
Averaged Test AUC: 0.7627
Std Test Accuracy: 0.1838
Std Test AUC: 0.1558

--- Round 68/500 ---
Averaged Train Loss: 2.0107
Averaged Test Accuracy: 0.3226
Averaged Test AUC: 0.7614
Std Test Accuracy: 0.1831
Std Test AUC: 0.1553

--- Round 69/500 ---
Averaged Train Loss: 1.9540
Averaged Test Accuracy: 0.3379
Averaged Test AUC: 0.7664
Std Test Accuracy: 0.1752
Std Test AUC: 0.1553

--- Round 70/500 ---
Averaged Train Loss: 1.9653
Averaged Test Accuracy: 0.3308
Averaged Test AUC: 0.7664
Std Test Accuracy: 0.1938
Std Test AUC: 0.1564

--- Round 71/500 ---
Averaged Train Loss: 1.9763
Averaged Test Accuracy: 0.3360
Averaged Test AUC: 0.7650
Std Test Accuracy: 0.1825
Std Test AUC: 0.1570

--- Round 72/500 ---
Averaged Train Loss: 1.9720
Averaged Test Accuracy: 0.3358
Averaged Test AUC: 0.7653
Std Test Accuracy: 0.1828
Std Test AUC: 0.1565

--- Round 73/500 ---
Averaged Train Loss: 1.9635
Averaged Test Accuracy: 0.3417
Averaged Test AUC: 0.7659
Std Test Accuracy: 0.1946
Std Test AUC: 0.1593

--- Round 74/500 ---
Averaged Train Loss: 2.0045
Averaged Test Accuracy: 0.3282
Averaged Test AUC: 0.7617
Std Test Accuracy: 0.1883
Std Test AUC: 0.1604

--- Round 75/500 ---
Averaged Train Loss: 1.9072
Averaged Test Accuracy: 0.3526
Averaged Test AUC: 0.7742
Std Test Accuracy: 0.1707
Std Test AUC: 0.1545

--- Round 76/500 ---
Averaged Train Loss: 1.8712
Averaged Test Accuracy: 0.3433
Averaged Test AUC: 0.7806
Std Test Accuracy: 0.1665
Std Test AUC: 0.1337

--- Round 77/500 ---
Averaged Train Loss: 1.9273
Averaged Test Accuracy: 0.3179
Averaged Test AUC: 0.7778
Std Test Accuracy: 0.1818
Std Test AUC: 0.1240

--- Round 78/500 ---
Averaged Train Loss: 1.9005
Averaged Test Accuracy: 0.3423
Averaged Test AUC: 0.7762
Std Test Accuracy: 0.1862
Std Test AUC: 0.1377

--- Round 79/500 ---
Averaged Train Loss: 1.8517
Averaged Test Accuracy: 0.3481
Averaged Test AUC: 0.7850
Std Test Accuracy: 0.1734
Std Test AUC: 0.1211

--- Round 80/500 ---
Averaged Train Loss: 1.8938
Averaged Test Accuracy: 0.3439
Averaged Test AUC: 0.7773
Std Test Accuracy: 0.1784
Std Test AUC: 0.1358

--- Round 81/500 ---
Averaged Train Loss: 1.8750
Averaged Test Accuracy: 0.3477
Averaged Test AUC: 0.7793
Std Test Accuracy: 0.1898
Std Test AUC: 0.1353

--- Round 82/500 ---
Averaged Train Loss: 1.8454
Averaged Test Accuracy: 0.3576
Averaged Test AUC: 0.7841
Std Test Accuracy: 0.1671
Std Test AUC: 0.1340

--- Round 83/500 ---
Averaged Train Loss: 1.8498
Averaged Test Accuracy: 0.3610
Averaged Test AUC: 0.7835
Std Test Accuracy: 0.1596
Std Test AUC: 0.1377

--- Round 84/500 ---
Averaged Train Loss: 1.8509
Averaged Test Accuracy: 0.3670
Averaged Test AUC: 0.7821
Std Test Accuracy: 0.1539
Std Test AUC: 0.1441

--- Round 85/500 ---
Averaged Train Loss: 1.9232
Averaged Test Accuracy: 0.3478
Averaged Test AUC: 0.7744
Std Test Accuracy: 0.1725
Std Test AUC: 0.1479

--- Round 86/500 ---
Averaged Train Loss: 1.8729
Averaged Test Accuracy: 0.3628
Averaged Test AUC: 0.7802
Std Test Accuracy: 0.1626
Std Test AUC: 0.1478

--- Round 87/500 ---
Averaged Train Loss: 1.8246
Averaged Test Accuracy: 0.3597
Averaged Test AUC: 0.7876
Std Test Accuracy: 0.1761
Std Test AUC: 0.1264

--- Round 88/500 ---
Averaged Train Loss: 1.8460
Averaged Test Accuracy: 0.3506
Averaged Test AUC: 0.7870
Std Test Accuracy: 0.1617
Std Test AUC: 0.1166

--- Round 89/500 ---
Averaged Train Loss: 1.8516
Averaged Test Accuracy: 0.3541
Averaged Test AUC: 0.7847
Std Test Accuracy: 0.1689
Std Test AUC: 0.1249

--- Round 90/500 ---
Averaged Train Loss: 1.8574
Averaged Test Accuracy: 0.3493
Averaged Test AUC: 0.7849
Std Test Accuracy: 0.1817
Std Test AUC: 0.1237

--- Round 91/500 ---
Averaged Train Loss: 1.8540
Averaged Test Accuracy: 0.3617
Averaged Test AUC: 0.7824
Std Test Accuracy: 0.1875
Std Test AUC: 0.1359

--- Round 92/500 ---
Averaged Train Loss: 1.8615
Averaged Test Accuracy: 0.3513
Averaged Test AUC: 0.7834
Std Test Accuracy: 0.1737
Std Test AUC: 0.1280

--- Round 93/500 ---
Averaged Train Loss: 1.8512
Averaged Test Accuracy: 0.3412
Averaged Test AUC: 0.7869
Std Test Accuracy: 0.1821
Std Test AUC: 0.1176

--- Round 94/500 ---
Averaged Train Loss: 1.8250
Averaged Test Accuracy: 0.3642
Averaged Test AUC: 0.7870
Std Test Accuracy: 0.1686
Std Test AUC: 0.1274

--- Round 95/500 ---
Averaged Train Loss: 1.8673
Averaged Test Accuracy: 0.3519
Averaged Test AUC: 0.7830
Std Test Accuracy: 0.1762
Std Test AUC: 0.1314

--- Round 96/500 ---
Averaged Train Loss: 1.8638
Averaged Test Accuracy: 0.3517
Averaged Test AUC: 0.7845
Std Test Accuracy: 0.1746
Std Test AUC: 0.1265

--- Round 97/500 ---
Averaged Train Loss: 1.8148
Averaged Test Accuracy: 0.3534
Averaged Test AUC: 0.7922
Std Test Accuracy: 0.1983
Std Test AUC: 0.1147

--- Round 98/500 ---
Averaged Train Loss: 1.8505
Averaged Test Accuracy: 0.3528
Averaged Test AUC: 0.7859
Std Test Accuracy: 0.1804
Std Test AUC: 0.1255

--- Round 99/500 ---
Averaged Train Loss: 1.8579
Averaged Test Accuracy: 0.3496
Averaged Test AUC: 0.7852
Std Test Accuracy: 0.1923
Std Test AUC: 0.1306

--- Round 100/500 ---
Averaged Train Loss: 1.8673
Averaged Test Accuracy: 0.3545
Averaged Test AUC: 0.7827
Std Test Accuracy: 0.1763
Std Test AUC: 0.1365

--- Round 101/500 ---
Averaged Train Loss: 1.8708
Averaged Test Accuracy: 0.3574
Averaged Test AUC: 0.7819
Std Test Accuracy: 0.1756
Std Test AUC: 0.1401

--- Round 102/500 ---
Averaged Train Loss: 1.8765
Averaged Test Accuracy: 0.3600
Averaged Test AUC: 0.7805
Std Test Accuracy: 0.1695
Std Test AUC: 0.1436

--- Round 103/500 ---
Averaged Train Loss: 1.7977
Averaged Test Accuracy: 0.3793
Averaged Test AUC: 0.7898
Std Test Accuracy: 0.1708
Std Test AUC: 0.1346

--- Round 104/500 ---
Averaged Train Loss: 1.8162
Averaged Test Accuracy: 0.3727
Averaged Test AUC: 0.7893
Std Test Accuracy: 0.1548
Std Test AUC: 0.1345

--- Round 105/500 ---
Averaged Train Loss: 1.8698
Averaged Test Accuracy: 0.3582
Averaged Test AUC: 0.7819
Std Test Accuracy: 0.1860
Std Test AUC: 0.1422

--- Round 106/500 ---
Averaged Train Loss: 1.8612
Averaged Test Accuracy: 0.3626
Averaged Test AUC: 0.7832
Std Test Accuracy: 0.1683
Std Test AUC: 0.1414

--- Round 107/500 ---
Averaged Train Loss: 1.8824
Averaged Test Accuracy: 0.3616
Averaged Test AUC: 0.7804
Std Test Accuracy: 0.1709
Std Test AUC: 0.1459

--- Round 108/500 ---
Averaged Train Loss: 1.8093
Averaged Test Accuracy: 0.3652
Averaged Test AUC: 0.7914
Std Test Accuracy: 0.1588
Std Test AUC: 0.1267

--- Round 109/500 ---
Averaged Train Loss: 1.8304
Averaged Test Accuracy: 0.3653
Averaged Test AUC: 0.7893
Std Test Accuracy: 0.1654
Std Test AUC: 0.1287

--- Round 110/500 ---
Averaged Train Loss: 1.8447
Averaged Test Accuracy: 0.3649
Averaged Test AUC: 0.7863
Std Test Accuracy: 0.1698
Std Test AUC: 0.1358

--- Round 111/500 ---
Averaged Train Loss: 1.7956
Averaged Test Accuracy: 0.3731
Averaged Test AUC: 0.7953
Std Test Accuracy: 0.1674
Std Test AUC: 0.1191

--- Round 112/500 ---
Averaged Train Loss: 1.8284
Averaged Test Accuracy: 0.3640
Averaged Test AUC: 0.7895
Std Test Accuracy: 0.1698
Std Test AUC: 0.1280

--- Round 113/500 ---
Averaged Train Loss: 1.8072
Averaged Test Accuracy: 0.3662
Averaged Test AUC: 0.7915
Std Test Accuracy: 0.1639
Std Test AUC: 0.1216

--- Round 114/500 ---
Averaged Train Loss: 1.7684
Averaged Test Accuracy: 0.3826
Averaged Test AUC: 0.7961
Std Test Accuracy: 0.1505
Std Test AUC: 0.1251

--- Round 115/500 ---
Averaged Train Loss: 1.8323
Averaged Test Accuracy: 0.3688
Averaged Test AUC: 0.7886
Std Test Accuracy: 0.1622
Std Test AUC: 0.1323

--- Round 116/500 ---
Averaged Train Loss: 1.7925
Averaged Test Accuracy: 0.3827
Averaged Test AUC: 0.7932
Std Test Accuracy: 0.1535
Std Test AUC: 0.1345

--- Round 117/500 ---
Averaged Train Loss: 1.8348
Averaged Test Accuracy: 0.3751
Averaged Test AUC: 0.7878
Std Test Accuracy: 0.1580
Std Test AUC: 0.1395

--- Round 118/500 ---
Averaged Train Loss: 1.9173
Averaged Test Accuracy: 0.3552
Averaged Test AUC: 0.7796
Std Test Accuracy: 0.1862
Std Test AUC: 0.1430

--- Round 119/500 ---
Averaged Train Loss: 1.8850
Averaged Test Accuracy: 0.3646
Averaged Test AUC: 0.7805
Std Test Accuracy: 0.1841
Std Test AUC: 0.1501

--- Round 120/500 ---
Averaged Train Loss: 1.8751
Averaged Test Accuracy: 0.3668
Averaged Test AUC: 0.7816
Std Test Accuracy: 0.1715
Std Test AUC: 0.1483

--- Round 121/500 ---
Averaged Train Loss: 1.7796
Averaged Test Accuracy: 0.3767
Averaged Test AUC: 0.7961
Std Test Accuracy: 0.1788
Std Test AUC: 0.1210

--- Round 122/500 ---
Averaged Train Loss: 1.8004
Averaged Test Accuracy: 0.3741
Averaged Test AUC: 0.7928
Std Test Accuracy: 0.1728
Std Test AUC: 0.1279

--- Round 123/500 ---
Averaged Train Loss: 1.8133
Averaged Test Accuracy: 0.3731
Averaged Test AUC: 0.7912
Std Test Accuracy: 0.1562
Std Test AUC: 0.1299

--- Round 124/500 ---
Averaged Train Loss: 1.8374
Averaged Test Accuracy: 0.3725
Averaged Test AUC: 0.7905
Std Test Accuracy: 0.1823
Std Test AUC: 0.1284

--- Round 125/500 ---
Averaged Train Loss: 1.7941
Averaged Test Accuracy: 0.3851
Averaged Test AUC: 0.7928
Std Test Accuracy: 0.1614
Std Test AUC: 0.1341

--- Round 126/500 ---
Averaged Train Loss: 1.7852
Averaged Test Accuracy: 0.3884
Averaged Test AUC: 0.7945
Std Test Accuracy: 0.1512
Std Test AUC: 0.1343

--- Round 127/500 ---
Averaged Train Loss: 1.8439
Averaged Test Accuracy: 0.3689
Averaged Test AUC: 0.7895
Std Test Accuracy: 0.1660
Std Test AUC: 0.1351

--- Round 128/500 ---
Averaged Train Loss: 1.7537
Averaged Test Accuracy: 0.3856
Averaged Test AUC: 0.7991
Std Test Accuracy: 0.1680
Std Test AUC: 0.1199

--- Round 129/500 ---
Averaged Train Loss: 1.7550
Averaged Test Accuracy: 0.3900
Averaged Test AUC: 0.7995
Std Test Accuracy: 0.1519
Std Test AUC: 0.1238

--- Round 130/500 ---
Averaged Train Loss: 1.7338
Averaged Test Accuracy: 0.3958
Averaged Test AUC: 0.8019
Std Test Accuracy: 0.1552
Std Test AUC: 0.1174

--- Round 131/500 ---
Averaged Train Loss: 1.7729
Averaged Test Accuracy: 0.3897
Averaged Test AUC: 0.7975
Std Test Accuracy: 0.1583
Std Test AUC: 0.1240

--- Round 132/500 ---
Averaged Train Loss: 1.8230
Averaged Test Accuracy: 0.3731
Averaged Test AUC: 0.7926
Std Test Accuracy: 0.1718
Std Test AUC: 0.1276

--- Round 133/500 ---
Averaged Train Loss: 1.8676
Averaged Test Accuracy: 0.3400
Averaged Test AUC: 0.7981
Std Test Accuracy: 0.2515
Std Test AUC: 0.1087

--- Round 134/500 ---
Averaged Train Loss: 1.6398
Averaged Test Accuracy: 0.3735
Averaged Test AUC: 0.8207
Std Test Accuracy: 0.1601
Std Test AUC: 0.0577

--- Round 135/500 ---
Averaged Train Loss: 1.6196
Averaged Test Accuracy: 0.4130
Averaged Test AUC: 0.8250
Std Test Accuracy: 0.1769
Std Test AUC: 0.0652

--- Round 136/500 ---
Averaged Train Loss: 1.5914
Averaged Test Accuracy: 0.4248
Averaged Test AUC: 0.8313
Std Test Accuracy: 0.1339
Std Test AUC: 0.0516

--- Round 137/500 ---
Averaged Train Loss: 1.5932
Averaged Test Accuracy: 0.4031
Averaged Test AUC: 0.8284
Std Test Accuracy: 0.1381
Std Test AUC: 0.0486

--- Round 138/500 ---
Averaged Train Loss: 1.7733
Averaged Test Accuracy: 0.3475
Averaged Test AUC: 0.8112
Std Test Accuracy: 0.2529
Std Test AUC: 0.0895

--- Round 139/500 ---
Averaged Train Loss: 1.7651
Averaged Test Accuracy: 0.3813
Averaged Test AUC: 0.8132
Std Test Accuracy: 0.2190
Std Test AUC: 0.0961

--- Round 140/500 ---
Averaged Train Loss: 1.5779
Averaged Test Accuracy: 0.4131
Averaged Test AUC: 0.8329
Std Test Accuracy: 0.1375
Std Test AUC: 0.0429

--- Round 141/500 ---
Averaged Train Loss: 1.7062
Averaged Test Accuracy: 0.3781
Averaged Test AUC: 0.8128
Std Test Accuracy: 0.1595
Std Test AUC: 0.0799

--- Round 142/500 ---
Averaged Train Loss: 1.5659
Averaged Test Accuracy: 0.4196
Averaged Test AUC: 0.8361
Std Test Accuracy: 0.1679
Std Test AUC: 0.0494

--- Round 143/500 ---
Averaged Train Loss: 1.5662
Averaged Test Accuracy: 0.4172
Averaged Test AUC: 0.8349
Std Test Accuracy: 0.1741
Std Test AUC: 0.0545

--- Round 144/500 ---
Averaged Train Loss: 1.9042
Averaged Test Accuracy: 0.3254
Averaged Test AUC: 0.7939
Std Test Accuracy: 0.2407
Std Test AUC: 0.0942

--- Round 145/500 ---
Averaged Train Loss: 1.5470
Averaged Test Accuracy: 0.4328
Averaged Test AUC: 0.8380
Std Test Accuracy: 0.1430
Std Test AUC: 0.0504

--- Round 146/500 ---
Averaged Train Loss: 1.6377
Averaged Test Accuracy: 0.3912
Averaged Test AUC: 0.8321
Std Test Accuracy: 0.1828
Std Test AUC: 0.0527

--- Round 147/500 ---
Averaged Train Loss: 1.5571
Averaged Test Accuracy: 0.4270
Averaged Test AUC: 0.8371
Std Test Accuracy: 0.1605
Std Test AUC: 0.0463

--- Round 148/500 ---
Averaged Train Loss: 1.5555
Averaged Test Accuracy: 0.4217
Averaged Test AUC: 0.8367
Std Test Accuracy: 0.1747
Std Test AUC: 0.0582

--- Round 149/500 ---
Averaged Train Loss: 2.1494
Averaged Test Accuracy: 0.2806
Averaged Test AUC: 0.7767
Std Test Accuracy: 0.2555
Std Test AUC: 0.1114

--- Round 150/500 ---
Averaged Train Loss: 1.5501
Averaged Test Accuracy: 0.4276
Averaged Test AUC: 0.8379
Std Test Accuracy: 0.1491
Std Test AUC: 0.0438

--- Round 151/500 ---
Averaged Train Loss: 1.5849
Averaged Test Accuracy: 0.4233
Averaged Test AUC: 0.8324
Std Test Accuracy: 0.1530
Std Test AUC: 0.0675

--- Round 152/500 ---
Averaged Train Loss: 1.6190
Averaged Test Accuracy: 0.3918
Averaged Test AUC: 0.8281
Std Test Accuracy: 0.2014
Std Test AUC: 0.0650

--- Round 153/500 ---
Averaged Train Loss: 1.6422
Averaged Test Accuracy: 0.3982
Averaged Test AUC: 0.8253
Std Test Accuracy: 0.2024
Std Test AUC: 0.0790

--- Round 154/500 ---
Averaged Train Loss: 1.5108
Averaged Test Accuracy: 0.4409
Averaged Test AUC: 0.8428
Std Test Accuracy: 0.1272
Std Test AUC: 0.0325

--- Round 155/500 ---
Averaged Train Loss: 1.5363
Averaged Test Accuracy: 0.4354
Averaged Test AUC: 0.8420
Std Test Accuracy: 0.1753
Std Test AUC: 0.0471

--- Round 156/500 ---
Averaged Train Loss: 1.5290
Averaged Test Accuracy: 0.4326
Averaged Test AUC: 0.8406
Std Test Accuracy: 0.1228
Std Test AUC: 0.0454

--- Round 157/500 ---
Averaged Train Loss: 1.5921
Averaged Test Accuracy: 0.4015
Averaged Test AUC: 0.8338
Std Test Accuracy: 0.1612
Std Test AUC: 0.0506

--- Round 158/500 ---
Averaged Train Loss: 1.5417
Averaged Test Accuracy: 0.4329
Averaged Test AUC: 0.8362
Std Test Accuracy: 0.1314
Std Test AUC: 0.0570

--- Round 159/500 ---
Averaged Train Loss: 1.5725
Averaged Test Accuracy: 0.4105
Averaged Test AUC: 0.8368
Std Test Accuracy: 0.1991
Std Test AUC: 0.0643

--- Round 160/500 ---
Averaged Train Loss: 1.5706
Averaged Test Accuracy: 0.4208
Averaged Test AUC: 0.8384
Std Test Accuracy: 0.1733
Std Test AUC: 0.0552

--- Round 161/500 ---
Averaged Train Loss: 1.5925
Averaged Test Accuracy: 0.4172
Averaged Test AUC: 0.8293
Std Test Accuracy: 0.1654
Std Test AUC: 0.0726

--- Round 162/500 ---
Averaged Train Loss: 1.6749
Averaged Test Accuracy: 0.3828
Averaged Test AUC: 0.8231
Std Test Accuracy: 0.2155
Std Test AUC: 0.0727

--- Round 163/500 ---
Averaged Train Loss: 1.5110
Averaged Test Accuracy: 0.4417
Averaged Test AUC: 0.8428
Std Test Accuracy: 0.1346
Std Test AUC: 0.0478

--- Round 164/500 ---
Averaged Train Loss: 1.5192
Averaged Test Accuracy: 0.4361
Averaged Test AUC: 0.8423
Std Test Accuracy: 0.1358
Std Test AUC: 0.0518

--- Round 165/500 ---
Averaged Train Loss: 1.5074
Averaged Test Accuracy: 0.4425
Averaged Test AUC: 0.8438
Std Test Accuracy: 0.1526
Std Test AUC: 0.0444

--- Round 166/500 ---
Averaged Train Loss: 1.5292
Averaged Test Accuracy: 0.4303
Averaged Test AUC: 0.8446
Std Test Accuracy: 0.1908
Std Test AUC: 0.0481

--- Round 167/500 ---
Averaged Train Loss: 1.5784
Averaged Test Accuracy: 0.4155
Averaged Test AUC: 0.8399
Std Test Accuracy: 0.2101
Std Test AUC: 0.0581

--- Round 168/500 ---
Averaged Train Loss: 1.5225
Averaged Test Accuracy: 0.4408
Averaged Test AUC: 0.8411
Std Test Accuracy: 0.1638
Std Test AUC: 0.0597

--- Round 169/500 ---
Averaged Train Loss: 1.4743
Averaged Test Accuracy: 0.4524
Averaged Test AUC: 0.8486
Std Test Accuracy: 0.1171
Std Test AUC: 0.0436

--- Round 170/500 ---
Averaged Train Loss: 1.5918
Averaged Test Accuracy: 0.4092
Averaged Test AUC: 0.8328
Std Test Accuracy: 0.1958
Std Test AUC: 0.0664

--- Round 171/500 ---
Averaged Train Loss: 1.6010
Averaged Test Accuracy: 0.4059
Averaged Test AUC: 0.8407
Std Test Accuracy: 0.1813
Std Test AUC: 0.0497

--- Round 172/500 ---
Averaged Train Loss: 1.6391
Averaged Test Accuracy: 0.3934
Averaged Test AUC: 0.8331
Std Test Accuracy: 0.2237
Std Test AUC: 0.0678

--- Round 173/500 ---
Averaged Train Loss: 1.4723
Averaged Test Accuracy: 0.4558
Averaged Test AUC: 0.8487
Std Test Accuracy: 0.1457
Std Test AUC: 0.0446

--- Round 174/500 ---
Averaged Train Loss: 1.4865
Averaged Test Accuracy: 0.4464
Averaged Test AUC: 0.8470
Std Test Accuracy: 0.1313
Std Test AUC: 0.0456

--- Round 175/500 ---
Averaged Train Loss: 1.5107
Averaged Test Accuracy: 0.4458
Averaged Test AUC: 0.8435
Std Test Accuracy: 0.1533
Std Test AUC: 0.0479

--- Round 176/500 ---
Averaged Train Loss: 1.5235
Averaged Test Accuracy: 0.4329
Averaged Test AUC: 0.8438
Std Test Accuracy: 0.1585
Std Test AUC: 0.0482

--- Round 177/500 ---
Averaged Train Loss: 1.5721
Averaged Test Accuracy: 0.4246
Averaged Test AUC: 0.8423
Std Test Accuracy: 0.2195
Std Test AUC: 0.0615

--- Round 178/500 ---
Averaged Train Loss: 1.5214
Averaged Test Accuracy: 0.4359
Averaged Test AUC: 0.8431
Std Test Accuracy: 0.1888
Std Test AUC: 0.0664

--- Round 179/500 ---
Averaged Train Loss: 1.5129
Averaged Test Accuracy: 0.4366
Averaged Test AUC: 0.8465
Std Test Accuracy: 0.1632
Std Test AUC: 0.0376

--- Round 180/500 ---
Averaged Train Loss: 1.5024
Averaged Test Accuracy: 0.4491
Averaged Test AUC: 0.8457
Std Test Accuracy: 0.1382
Std Test AUC: 0.0459

--- Round 181/500 ---
Averaged Train Loss: 1.4708
Averaged Test Accuracy: 0.4633
Averaged Test AUC: 0.8497
Std Test Accuracy: 0.1482
Std Test AUC: 0.0450

--- Round 182/500 ---
Averaged Train Loss: 1.5317
Averaged Test Accuracy: 0.4304
Averaged Test AUC: 0.8402
Std Test Accuracy: 0.1481
Std Test AUC: 0.0530

--- Round 183/500 ---
Averaged Train Loss: 1.4820
Averaged Test Accuracy: 0.4533
Averaged Test AUC: 0.8470
Std Test Accuracy: 0.1376
Std Test AUC: 0.0494

--- Round 184/500 ---
Averaged Train Loss: 1.4574
Averaged Test Accuracy: 0.4590
Averaged Test AUC: 0.8518
Std Test Accuracy: 0.1562
Std Test AUC: 0.0450

--- Round 185/500 ---
Averaged Train Loss: 1.4975
Averaged Test Accuracy: 0.4465
Averaged Test AUC: 0.8472
Std Test Accuracy: 0.1519
Std Test AUC: 0.0489

--- Round 186/500 ---
Averaged Train Loss: 1.5024
Averaged Test Accuracy: 0.4547
Averaged Test AUC: 0.8453
Std Test Accuracy: 0.1665
Std Test AUC: 0.0642

--- Round 187/500 ---
Averaged Train Loss: 1.5521
Averaged Test Accuracy: 0.4275
Averaged Test AUC: 0.8375
Std Test Accuracy: 0.1810
Std Test AUC: 0.0644

--- Round 188/500 ---
Averaged Train Loss: 1.4662
Averaged Test Accuracy: 0.4616
Averaged Test AUC: 0.8514
Std Test Accuracy: 0.1317
Std Test AUC: 0.0415

--- Round 189/500 ---
Averaged Train Loss: 1.4847
Averaged Test Accuracy: 0.4494
Averaged Test AUC: 0.8491
Std Test Accuracy: 0.1522
Std Test AUC: 0.0416

--- Round 190/500 ---
Averaged Train Loss: 1.5291
Averaged Test Accuracy: 0.4361
Averaged Test AUC: 0.8451
Std Test Accuracy: 0.1735
Std Test AUC: 0.0526

--- Round 191/500 ---
Averaged Train Loss: 1.5429
Averaged Test Accuracy: 0.4311
Averaged Test AUC: 0.8465
Std Test Accuracy: 0.1774
Std Test AUC: 0.0522

--- Round 192/500 ---
Averaged Train Loss: 1.4510
Averaged Test Accuracy: 0.4651
Averaged Test AUC: 0.8528
Std Test Accuracy: 0.1310
Std Test AUC: 0.0463

--- Round 193/500 ---
Averaged Train Loss: 1.4717
Averaged Test Accuracy: 0.4516
Averaged Test AUC: 0.8508
Std Test Accuracy: 0.1288
Std Test AUC: 0.0376

--- Round 194/500 ---
Averaged Train Loss: 1.5143
Averaged Test Accuracy: 0.4502
Averaged Test AUC: 0.8397
Std Test Accuracy: 0.1526
Std Test AUC: 0.0638

--- Round 195/500 ---
Averaged Train Loss: 1.5027
Averaged Test Accuracy: 0.4482
Averaged Test AUC: 0.8493
Std Test Accuracy: 0.1571
Std Test AUC: 0.0476

--- Round 196/500 ---
Averaged Train Loss: 1.5334
Averaged Test Accuracy: 0.4351
Averaged Test AUC: 0.8454
Std Test Accuracy: 0.1983
Std Test AUC: 0.0650

--- Round 197/500 ---
Averaged Train Loss: 1.4687
Averaged Test Accuracy: 0.4625
Averaged Test AUC: 0.8501
Std Test Accuracy: 0.1493
Std Test AUC: 0.0572

--- Round 198/500 ---
Averaged Train Loss: 1.4517
Averaged Test Accuracy: 0.4628
Averaged Test AUC: 0.8514
Std Test Accuracy: 0.0912
Std Test AUC: 0.0268

--- Round 199/500 ---
Averaged Train Loss: 1.4914
Averaged Test Accuracy: 0.4440
Averaged Test AUC: 0.8472
Std Test Accuracy: 0.1544
Std Test AUC: 0.0525

--- Round 200/500 ---
Averaged Train Loss: 1.4778
Averaged Test Accuracy: 0.4621
Averaged Test AUC: 0.8478
Std Test Accuracy: 0.1375
Std Test AUC: 0.0493

--- Round 201/500 ---
Averaged Train Loss: 1.4908
Averaged Test Accuracy: 0.4527
Averaged Test AUC: 0.8515
Std Test Accuracy: 0.1815
Std Test AUC: 0.0519

--- Round 202/500 ---
Averaged Train Loss: 1.4590
Averaged Test Accuracy: 0.4674
Averaged Test AUC: 0.8513
Std Test Accuracy: 0.1486
Std Test AUC: 0.0566

--- Round 203/500 ---
Averaged Train Loss: 1.4699
Averaged Test Accuracy: 0.4619
Averaged Test AUC: 0.8518
Std Test Accuracy: 0.1403
Std Test AUC: 0.0444

--- Round 204/500 ---
Averaged Train Loss: 1.5302
Averaged Test Accuracy: 0.4303
Averaged Test AUC: 0.8430
Std Test Accuracy: 0.1701
Std Test AUC: 0.0499

--- Round 205/500 ---
Averaged Train Loss: 1.4309
Averaged Test Accuracy: 0.4753
Averaged Test AUC: 0.8545
Std Test Accuracy: 0.1016
Std Test AUC: 0.0350

--- Round 206/500 ---
Averaged Train Loss: 1.4638
Averaged Test Accuracy: 0.4639
Averaged Test AUC: 0.8509
Std Test Accuracy: 0.1640
Std Test AUC: 0.0531

--- Round 207/500 ---
Averaged Train Loss: 1.5125
Averaged Test Accuracy: 0.4444
Averaged Test AUC: 0.8446
Std Test Accuracy: 0.1877
Std Test AUC: 0.0636

--- Round 208/500 ---
Averaged Train Loss: 1.4896
Averaged Test Accuracy: 0.4507
Averaged Test AUC: 0.8525
Std Test Accuracy: 0.1509
Std Test AUC: 0.0454

--- Round 209/500 ---
Averaged Train Loss: 1.4756
Averaged Test Accuracy: 0.4598
Averaged Test AUC: 0.8502
Std Test Accuracy: 0.1488
Std Test AUC: 0.0465

--- Round 210/500 ---
Averaged Train Loss: 1.4349
Averaged Test Accuracy: 0.4765
Averaged Test AUC: 0.8548
Std Test Accuracy: 0.1581
Std Test AUC: 0.0453

--- Round 211/500 ---
Averaged Train Loss: 1.4177
Averaged Test Accuracy: 0.4832
Averaged Test AUC: 0.8556
Std Test Accuracy: 0.1038
Std Test AUC: 0.0295

--- Round 212/500 ---
Averaged Train Loss: 1.6637
Averaged Test Accuracy: 0.3962
Averaged Test AUC: 0.8287
Std Test Accuracy: 0.2092
Std Test AUC: 0.0826

--- Round 213/500 ---
Averaged Train Loss: 1.4133
Averaged Test Accuracy: 0.4816
Averaged Test AUC: 0.8570
Std Test Accuracy: 0.0799
Std Test AUC: 0.0264

--- Round 214/500 ---
Averaged Train Loss: 1.4673
Averaged Test Accuracy: 0.4621
Averaged Test AUC: 0.8553
Std Test Accuracy: 0.1490
Std Test AUC: 0.0403

--- Round 215/500 ---
Averaged Train Loss: 1.4532
Averaged Test Accuracy: 0.4611
Averaged Test AUC: 0.8539
Std Test Accuracy: 0.1720
Std Test AUC: 0.0464

--- Round 216/500 ---
Averaged Train Loss: 1.4570
Averaged Test Accuracy: 0.4609
Averaged Test AUC: 0.8512
Std Test Accuracy: 0.1336
Std Test AUC: 0.0426

--- Round 217/500 ---
Averaged Train Loss: 1.6325
Averaged Test Accuracy: 0.4107
Averaged Test AUC: 0.8415
Std Test Accuracy: 0.2007
Std Test AUC: 0.0651

--- Round 218/500 ---
Averaged Train Loss: 1.4391
Averaged Test Accuracy: 0.4651
Averaged Test AUC: 0.8549
Std Test Accuracy: 0.1454
Std Test AUC: 0.0442

--- Round 219/500 ---
Averaged Train Loss: 1.4191
Averaged Test Accuracy: 0.4830
Averaged Test AUC: 0.8575
Std Test Accuracy: 0.1501
Std Test AUC: 0.0451

--- Round 220/500 ---
Averaged Train Loss: 1.4059
Averaged Test Accuracy: 0.4885
Averaged Test AUC: 0.8587
Std Test Accuracy: 0.1391
Std Test AUC: 0.0411

--- Round 221/500 ---
Averaged Train Loss: 1.4425
Averaged Test Accuracy: 0.4721
Averaged Test AUC: 0.8533
Std Test Accuracy: 0.1644
Std Test AUC: 0.0521

--- Round 222/500 ---
Averaged Train Loss: 1.4760
Averaged Test Accuracy: 0.4612
Averaged Test AUC: 0.8523
Std Test Accuracy: 0.1347
Std Test AUC: 0.0406

--- Round 223/500 ---
Averaged Train Loss: 1.4963
Averaged Test Accuracy: 0.4405
Averaged Test AUC: 0.8492
Std Test Accuracy: 0.1595
Std Test AUC: 0.0540

--- Round 224/500 ---
Averaged Train Loss: 1.4853
Averaged Test Accuracy: 0.4560
Averaged Test AUC: 0.8494
Std Test Accuracy: 0.1436
Std Test AUC: 0.0505

--- Round 225/500 ---
Averaged Train Loss: 1.4182
Averaged Test Accuracy: 0.4745
Averaged Test AUC: 0.8565
Std Test Accuracy: 0.1278
Std Test AUC: 0.0360

--- Round 226/500 ---
Averaged Train Loss: 1.4431
Averaged Test Accuracy: 0.4701
Averaged Test AUC: 0.8541
Std Test Accuracy: 0.1556
Std Test AUC: 0.0517

--- Round 227/500 ---
Averaged Train Loss: 1.4541
Averaged Test Accuracy: 0.4599
Averaged Test AUC: 0.8531
Std Test Accuracy: 0.1461
Std Test AUC: 0.0454

--- Round 228/500 ---
Averaged Train Loss: 1.4185
Averaged Test Accuracy: 0.4794
Averaged Test AUC: 0.8579
Std Test Accuracy: 0.1438
Std Test AUC: 0.0466

--- Round 229/500 ---
Averaged Train Loss: 1.4801
Averaged Test Accuracy: 0.4648
Averaged Test AUC: 0.8513
Std Test Accuracy: 0.1662
Std Test AUC: 0.0530

--- Round 230/500 ---
Averaged Train Loss: 1.3841
Averaged Test Accuracy: 0.4948
Averaged Test AUC: 0.8619
Std Test Accuracy: 0.1260
Std Test AUC: 0.0379

--- Round 231/500 ---
Averaged Train Loss: 1.4278
Averaged Test Accuracy: 0.4802
Averaged Test AUC: 0.8559
Std Test Accuracy: 0.1329
Std Test AUC: 0.0442

--- Round 232/500 ---
Averaged Train Loss: 1.4229
Averaged Test Accuracy: 0.4782
Averaged Test AUC: 0.8571
Std Test Accuracy: 0.1507
Std Test AUC: 0.0504

--- Round 233/500 ---
Averaged Train Loss: 1.4184
Averaged Test Accuracy: 0.4808
Averaged Test AUC: 0.8559
Std Test Accuracy: 0.1338
Std Test AUC: 0.0430

--- Round 234/500 ---
Averaged Train Loss: 1.5500
Averaged Test Accuracy: 0.4357
Averaged Test AUC: 0.8473
Std Test Accuracy: 0.2074
Std Test AUC: 0.0633

--- Round 235/500 ---
Averaged Train Loss: 1.4462
Averaged Test Accuracy: 0.4756
Averaged Test AUC: 0.8537
Std Test Accuracy: 0.1292
Std Test AUC: 0.0442

--- Round 236/500 ---
Averaged Train Loss: 1.3824
Averaged Test Accuracy: 0.4890
Averaged Test AUC: 0.8614
Std Test Accuracy: 0.1196
Std Test AUC: 0.0332

--- Round 237/500 ---
Averaged Train Loss: 1.4272
Averaged Test Accuracy: 0.4737
Averaged Test AUC: 0.8580
Std Test Accuracy: 0.1405
Std Test AUC: 0.0458

--- Round 238/500 ---
Averaged Train Loss: 1.4145
Averaged Test Accuracy: 0.4828
Averaged Test AUC: 0.8581
Std Test Accuracy: 0.1378
Std Test AUC: 0.0413

--- Round 239/500 ---
Averaged Train Loss: 1.4990
Averaged Test Accuracy: 0.4464
Averaged Test AUC: 0.8493
Std Test Accuracy: 0.1924
Std Test AUC: 0.0519

--- Round 240/500 ---
Averaged Train Loss: 1.4182
Averaged Test Accuracy: 0.4830
Averaged Test AUC: 0.8569
Std Test Accuracy: 0.1304
Std Test AUC: 0.0407

--- Round 241/500 ---
Averaged Train Loss: 1.4099
Averaged Test Accuracy: 0.4811
Averaged Test AUC: 0.8576
Std Test Accuracy: 0.1652
Std Test AUC: 0.0499

--- Round 242/500 ---
Averaged Train Loss: 1.4289
Averaged Test Accuracy: 0.4782
Averaged Test AUC: 0.8550
Std Test Accuracy: 0.1458
Std Test AUC: 0.0518

--- Round 243/500 ---
Averaged Train Loss: 1.5446
Averaged Test Accuracy: 0.4361
Averaged Test AUC: 0.8519
Std Test Accuracy: 0.1698
Std Test AUC: 0.0458

--- Round 244/500 ---
Averaged Train Loss: 1.5281
Averaged Test Accuracy: 0.4372
Averaged Test AUC: 0.8484
Std Test Accuracy: 0.2002
Std Test AUC: 0.0583

--- Round 245/500 ---
Averaged Train Loss: 1.3745
Averaged Test Accuracy: 0.4918
Averaged Test AUC: 0.8619
Std Test Accuracy: 0.1137
Std Test AUC: 0.0347

--- Round 246/500 ---
Averaged Train Loss: 1.4223
Averaged Test Accuracy: 0.4787
Averaged Test AUC: 0.8568
Std Test Accuracy: 0.1762
Std Test AUC: 0.0519

--- Round 247/500 ---
Averaged Train Loss: 1.4978
Averaged Test Accuracy: 0.4518
Averaged Test AUC: 0.8445
Std Test Accuracy: 0.1561
Std Test AUC: 0.0588

--- Round 248/500 ---
Averaged Train Loss: 1.4409
Averaged Test Accuracy: 0.4757
Averaged Test AUC: 0.8531
Std Test Accuracy: 0.1143
Std Test AUC: 0.0460

--- Round 249/500 ---
Averaged Train Loss: 1.4270
Averaged Test Accuracy: 0.4738
Averaged Test AUC: 0.8568
Std Test Accuracy: 0.1412
Std Test AUC: 0.0412

--- Round 250/500 ---
Averaged Train Loss: 1.3959
Averaged Test Accuracy: 0.4810
Averaged Test AUC: 0.8604
Std Test Accuracy: 0.1413
Std Test AUC: 0.0389

--- Round 251/500 ---
Averaged Train Loss: 1.5120
Averaged Test Accuracy: 0.4409
Averaged Test AUC: 0.8518
Std Test Accuracy: 0.2118
Std Test AUC: 0.0604

--- Round 252/500 ---
Averaged Train Loss: 1.4561
Averaged Test Accuracy: 0.4627
Averaged Test AUC: 0.8542
Std Test Accuracy: 0.1830
Std Test AUC: 0.0514

--- Round 253/500 ---
Averaged Train Loss: 1.4304
Averaged Test Accuracy: 0.4766
Averaged Test AUC: 0.8584
Std Test Accuracy: 0.1401
Std Test AUC: 0.0458

--- Round 254/500 ---
Averaged Train Loss: 1.3882
Averaged Test Accuracy: 0.4941
Averaged Test AUC: 0.8626
Std Test Accuracy: 0.1334
Std Test AUC: 0.0423

--- Round 255/500 ---
Averaged Train Loss: 1.4631
Averaged Test Accuracy: 0.4526
Averaged Test AUC: 0.8541
Std Test Accuracy: 0.1831
Std Test AUC: 0.0537

--- Round 256/500 ---
Averaged Train Loss: 1.4985
Averaged Test Accuracy: 0.4458
Averaged Test AUC: 0.8523
Std Test Accuracy: 0.2081
Std Test AUC: 0.0586

--- Round 257/500 ---
Averaged Train Loss: 1.4444
Averaged Test Accuracy: 0.4714
Averaged Test AUC: 0.8542
Std Test Accuracy: 0.1839
Std Test AUC: 0.0543

--- Round 258/500 ---
Averaged Train Loss: 1.5029
Averaged Test Accuracy: 0.4453
Averaged Test AUC: 0.8476
Std Test Accuracy: 0.1412
Std Test AUC: 0.0504

--- Round 259/500 ---
Averaged Train Loss: 1.5150
Averaged Test Accuracy: 0.4348
Averaged Test AUC: 0.8470
Std Test Accuracy: 0.1516
Std Test AUC: 0.0448

--- Round 260/500 ---
Averaged Train Loss: 1.4713
Averaged Test Accuracy: 0.4504
Averaged Test AUC: 0.8576
Std Test Accuracy: 0.1638
Std Test AUC: 0.0406

--- Round 261/500 ---
Averaged Train Loss: 1.4390
Averaged Test Accuracy: 0.4656
Averaged Test AUC: 0.8569
Std Test Accuracy: 0.1915
Std Test AUC: 0.0525

--- Round 262/500 ---
Averaged Train Loss: 1.3913
Averaged Test Accuracy: 0.4861
Averaged Test AUC: 0.8587
Std Test Accuracy: 0.1423
Std Test AUC: 0.0458

--- Round 263/500 ---
Averaged Train Loss: 1.4514
Averaged Test Accuracy: 0.4793
Averaged Test AUC: 0.8516
Std Test Accuracy: 0.1644
Std Test AUC: 0.0585

--- Round 264/500 ---
Averaged Train Loss: 1.4477
Averaged Test Accuracy: 0.4575
Averaged Test AUC: 0.8553
Std Test Accuracy: 0.1616
Std Test AUC: 0.0463

--- Round 265/500 ---
Averaged Train Loss: 1.3930
Averaged Test Accuracy: 0.4817
Averaged Test AUC: 0.8598
Std Test Accuracy: 0.1101
Std Test AUC: 0.0307

--- Round 266/500 ---
Averaged Train Loss: 1.4297
Averaged Test Accuracy: 0.4788
Averaged Test AUC: 0.8593
Std Test Accuracy: 0.1634
Std Test AUC: 0.0475

--- Round 267/500 ---
Averaged Train Loss: 1.4639
Averaged Test Accuracy: 0.4619
Averaged Test AUC: 0.8530
Std Test Accuracy: 0.1900
Std Test AUC: 0.0609

--- Round 268/500 ---
Averaged Train Loss: 1.4257
Averaged Test Accuracy: 0.4739
Averaged Test AUC: 0.8574
Std Test Accuracy: 0.1488
Std Test AUC: 0.0457

--- Round 269/500 ---
Averaged Train Loss: 1.3489
Averaged Test Accuracy: 0.5016
Averaged Test AUC: 0.8656
Std Test Accuracy: 0.1140
Std Test AUC: 0.0344

--- Round 270/500 ---
Averaged Train Loss: 1.3493
Averaged Test Accuracy: 0.5065
Averaged Test AUC: 0.8659
Std Test Accuracy: 0.1393
Std Test AUC: 0.0381

--- Round 271/500 ---
Averaged Train Loss: 1.4283
Averaged Test Accuracy: 0.4756
Averaged Test AUC: 0.8596
Std Test Accuracy: 0.1660
Std Test AUC: 0.0476

--- Round 272/500 ---
Averaged Train Loss: 1.4734
Averaged Test Accuracy: 0.4618
Averaged Test AUC: 0.8525
Std Test Accuracy: 0.1537
Std Test AUC: 0.0472

--- Round 273/500 ---
Averaged Train Loss: 1.4140
Averaged Test Accuracy: 0.4786
Averaged Test AUC: 0.8595
Std Test Accuracy: 0.1569
Std Test AUC: 0.0442

--- Round 274/500 ---
Averaged Train Loss: 1.3737
Averaged Test Accuracy: 0.4950
Averaged Test AUC: 0.8640
Std Test Accuracy: 0.1453
Std Test AUC: 0.0429

--- Round 275/500 ---
Averaged Train Loss: 1.3771
Averaged Test Accuracy: 0.4920
Averaged Test AUC: 0.8606
Std Test Accuracy: 0.1076
Std Test AUC: 0.0318

--- Round 276/500 ---
Averaged Train Loss: 1.3642
Averaged Test Accuracy: 0.4939
Averaged Test AUC: 0.8639
Std Test Accuracy: 0.1316
Std Test AUC: 0.0380

--- Round 277/500 ---
Averaged Train Loss: 1.3846
Averaged Test Accuracy: 0.4916
Averaged Test AUC: 0.8625
Std Test Accuracy: 0.1431
Std Test AUC: 0.0443

--- Round 278/500 ---
Averaged Train Loss: 1.3922
Averaged Test Accuracy: 0.4902
Averaged Test AUC: 0.8603
Std Test Accuracy: 0.1688
Std Test AUC: 0.0489

--- Round 279/500 ---
Averaged Train Loss: 1.5115
Averaged Test Accuracy: 0.4474
Averaged Test AUC: 0.8499
Std Test Accuracy: 0.2256
Std Test AUC: 0.0671

--- Round 280/500 ---
Averaged Train Loss: 1.3370
Averaged Test Accuracy: 0.5108
Averaged Test AUC: 0.8672
Std Test Accuracy: 0.1194
Std Test AUC: 0.0353

--- Round 281/500 ---
Averaged Train Loss: 1.3780
Averaged Test Accuracy: 0.4898
Averaged Test AUC: 0.8632
Std Test Accuracy: 0.1523
Std Test AUC: 0.0465

--- Round 282/500 ---
Averaged Train Loss: 1.4093
Averaged Test Accuracy: 0.4800
Averaged Test AUC: 0.8614
Std Test Accuracy: 0.1675
Std Test AUC: 0.0478

--- Round 283/500 ---
Averaged Train Loss: 1.3921
Averaged Test Accuracy: 0.4848
Averaged Test AUC: 0.8613
Std Test Accuracy: 0.1382
Std Test AUC: 0.0405

--- Round 284/500 ---
Averaged Train Loss: 1.4721
Averaged Test Accuracy: 0.4669
Averaged Test AUC: 0.8513
Std Test Accuracy: 0.1837
Std Test AUC: 0.0653

--- Round 285/500 ---
Averaged Train Loss: 1.3704
Averaged Test Accuracy: 0.4989
Averaged Test AUC: 0.8641
Std Test Accuracy: 0.1497
Std Test AUC: 0.0403

--- Round 286/500 ---
Averaged Train Loss: 1.3755
Averaged Test Accuracy: 0.4929
Averaged Test AUC: 0.8645
Std Test Accuracy: 0.1338
Std Test AUC: 0.0326

--- Round 287/500 ---
Averaged Train Loss: 1.3301
Averaged Test Accuracy: 0.5146
Averaged Test AUC: 0.8680
Std Test Accuracy: 0.0994
Std Test AUC: 0.0293

--- Round 288/500 ---
Averaged Train Loss: 1.3908
Averaged Test Accuracy: 0.4822
Averaged Test AUC: 0.8593
Std Test Accuracy: 0.1008
Std Test AUC: 0.0297

--- Round 289/500 ---
Averaged Train Loss: 1.3933
Averaged Test Accuracy: 0.4892
Averaged Test AUC: 0.8630
Std Test Accuracy: 0.1705
Std Test AUC: 0.0431

--- Round 290/500 ---
Averaged Train Loss: 1.3548
Averaged Test Accuracy: 0.5010
Averaged Test AUC: 0.8649
Std Test Accuracy: 0.1444
Std Test AUC: 0.0397

--- Round 291/500 ---
Averaged Train Loss: 1.3994
Averaged Test Accuracy: 0.4895
Averaged Test AUC: 0.8637
Std Test Accuracy: 0.1545
Std Test AUC: 0.0419

--- Round 292/500 ---
Averaged Train Loss: 1.4494
Averaged Test Accuracy: 0.4689
Averaged Test AUC: 0.8560
Std Test Accuracy: 0.1679
Std Test AUC: 0.0471

--- Round 293/500 ---
Averaged Train Loss: 1.3247
Averaged Test Accuracy: 0.5153
Averaged Test AUC: 0.8686
Std Test Accuracy: 0.0982
Std Test AUC: 0.0320

--- Round 294/500 ---
Averaged Train Loss: 1.4303
Averaged Test Accuracy: 0.4727
Averaged Test AUC: 0.8604
Std Test Accuracy: 0.1856
Std Test AUC: 0.0475

--- Round 295/500 ---
Averaged Train Loss: 1.3508
Averaged Test Accuracy: 0.5005
Averaged Test AUC: 0.8655
Std Test Accuracy: 0.1443
Std Test AUC: 0.0428

--- Round 296/500 ---
Averaged Train Loss: 1.3587
Averaged Test Accuracy: 0.5036
Averaged Test AUC: 0.8654
Std Test Accuracy: 0.1316
Std Test AUC: 0.0373

--- Round 297/500 ---
Averaged Train Loss: 1.4582
Averaged Test Accuracy: 0.4633
Averaged Test AUC: 0.8538
Std Test Accuracy: 0.1667
Std Test AUC: 0.0480

--- Round 298/500 ---
Averaged Train Loss: 1.3514
Averaged Test Accuracy: 0.5005
Averaged Test AUC: 0.8658
Std Test Accuracy: 0.1418
Std Test AUC: 0.0394

--- Round 299/500 ---
Averaged Train Loss: 1.4248
Averaged Test Accuracy: 0.4746
Averaged Test AUC: 0.8615
Std Test Accuracy: 0.1895
Std Test AUC: 0.0463

--- Round 300/500 ---
Averaged Train Loss: 1.3255
Averaged Test Accuracy: 0.5128
Averaged Test AUC: 0.8691
Std Test Accuracy: 0.1299
Std Test AUC: 0.0381

--- Round 301/500 ---
Averaged Train Loss: 1.3720
Averaged Test Accuracy: 0.4955
Averaged Test AUC: 0.8640
Std Test Accuracy: 0.1513
Std Test AUC: 0.0424

--- Round 302/500 ---
Averaged Train Loss: 1.4774
Averaged Test Accuracy: 0.4648
Averaged Test AUC: 0.8558
Std Test Accuracy: 0.1637
Std Test AUC: 0.0508

--- Round 303/500 ---
Averaged Train Loss: 1.3466
Averaged Test Accuracy: 0.5034
Averaged Test AUC: 0.8668
Std Test Accuracy: 0.1431
Std Test AUC: 0.0449

--- Round 304/500 ---
Averaged Train Loss: 1.3788
Averaged Test Accuracy: 0.4900
Averaged Test AUC: 0.8629
Std Test Accuracy: 0.1395
Std Test AUC: 0.0371

--- Round 305/500 ---
Averaged Train Loss: 1.4083
Averaged Test Accuracy: 0.4781
Averaged Test AUC: 0.8617
Std Test Accuracy: 0.1612
Std Test AUC: 0.0449

--- Round 306/500 ---
Averaged Train Loss: 1.3483
Averaged Test Accuracy: 0.5045
Averaged Test AUC: 0.8667
Std Test Accuracy: 0.1470
Std Test AUC: 0.0464

--- Round 307/500 ---
Averaged Train Loss: 1.4238
Averaged Test Accuracy: 0.4812
Averaged Test AUC: 0.8604
Std Test Accuracy: 0.1926
Std Test AUC: 0.0557

--- Round 308/500 ---
Averaged Train Loss: 1.3539
Averaged Test Accuracy: 0.5066
Averaged Test AUC: 0.8661
Std Test Accuracy: 0.1759
Std Test AUC: 0.0527

--- Round 309/500 ---
Averaged Train Loss: 1.3760
Averaged Test Accuracy: 0.4943
Averaged Test AUC: 0.8629
Std Test Accuracy: 0.1632
Std Test AUC: 0.0561

--- Round 310/500 ---
Averaged Train Loss: 1.3413
Averaged Test Accuracy: 0.5061
Averaged Test AUC: 0.8678
Std Test Accuracy: 0.1460
Std Test AUC: 0.0380

--- Round 311/500 ---
Averaged Train Loss: 1.4058
Averaged Test Accuracy: 0.4852
Averaged Test AUC: 0.8610
Std Test Accuracy: 0.1519
Std Test AUC: 0.0499

--- Round 312/500 ---
Averaged Train Loss: 1.6103
Averaged Test Accuracy: 0.4233
Averaged Test AUC: 0.8417
Std Test Accuracy: 0.1977
Std Test AUC: 0.0606

--- Round 313/500 ---
Averaged Train Loss: 1.3214
Averaged Test Accuracy: 0.5166
Averaged Test AUC: 0.8691
Std Test Accuracy: 0.1096
Std Test AUC: 0.0336

--- Round 314/500 ---
Averaged Train Loss: 1.3406
Averaged Test Accuracy: 0.5032
Averaged Test AUC: 0.8671
Std Test Accuracy: 0.1192
Std Test AUC: 0.0354

--- Round 315/500 ---
Averaged Train Loss: 1.3235
Averaged Test Accuracy: 0.5166
Averaged Test AUC: 0.8686
Std Test Accuracy: 0.1396
Std Test AUC: 0.0409

--- Round 316/500 ---
Averaged Train Loss: 1.5243
Averaged Test Accuracy: 0.4505
Averaged Test AUC: 0.8529
Std Test Accuracy: 0.2349
Std Test AUC: 0.0689

--- Round 317/500 ---
Averaged Train Loss: 1.3568
Averaged Test Accuracy: 0.4997
Averaged Test AUC: 0.8645
Std Test Accuracy: 0.1220
Std Test AUC: 0.0330

--- Round 318/500 ---
Averaged Train Loss: 1.4049
Averaged Test Accuracy: 0.4745
Averaged Test AUC: 0.8609
Std Test Accuracy: 0.1742
Std Test AUC: 0.0425

--- Round 319/500 ---
Averaged Train Loss: 1.3318
Averaged Test Accuracy: 0.5115
Averaged Test AUC: 0.8686
Std Test Accuracy: 0.1511
Std Test AUC: 0.0406

--- Round 320/500 ---
Averaged Train Loss: 1.3463
Averaged Test Accuracy: 0.5016
Averaged Test AUC: 0.8656
Std Test Accuracy: 0.1131
Std Test AUC: 0.0345

--- Round 321/500 ---
Averaged Train Loss: 1.4067
Averaged Test Accuracy: 0.4893
Averaged Test AUC: 0.8633
Std Test Accuracy: 0.1808
Std Test AUC: 0.0496

--- Round 322/500 ---
Averaged Train Loss: 1.4538
Averaged Test Accuracy: 0.4682
Averaged Test AUC: 0.8596
Std Test Accuracy: 0.1644
Std Test AUC: 0.0463

--- Round 323/500 ---
Averaged Train Loss: 1.3644
Averaged Test Accuracy: 0.4922
Averaged Test AUC: 0.8631
Std Test Accuracy: 0.1065
Std Test AUC: 0.0279

--- Round 324/500 ---
Averaged Train Loss: 1.3496
Averaged Test Accuracy: 0.5013
Averaged Test AUC: 0.8663
Std Test Accuracy: 0.1409
Std Test AUC: 0.0401

--- Round 325/500 ---
Averaged Train Loss: 1.3461
Averaged Test Accuracy: 0.5065
Averaged Test AUC: 0.8669
Std Test Accuracy: 0.1546
Std Test AUC: 0.0510

--- Round 326/500 ---
Averaged Train Loss: 1.3656
Averaged Test Accuracy: 0.4967
Averaged Test AUC: 0.8662
Std Test Accuracy: 0.1358
Std Test AUC: 0.0402

--- Round 327/500 ---
Averaged Train Loss: 1.3233
Averaged Test Accuracy: 0.5134
Averaged Test AUC: 0.8682
Std Test Accuracy: 0.1419
Std Test AUC: 0.0390

--- Round 328/500 ---
Averaged Train Loss: 1.3548
Averaged Test Accuracy: 0.5057
Averaged Test AUC: 0.8656
Std Test Accuracy: 0.1415
Std Test AUC: 0.0434

--- Round 329/500 ---
Averaged Train Loss: 1.3783
Averaged Test Accuracy: 0.4878
Averaged Test AUC: 0.8625
Std Test Accuracy: 0.1291
Std Test AUC: 0.0329

--- Round 330/500 ---
Averaged Train Loss: 1.3793
Averaged Test Accuracy: 0.4951
Averaged Test AUC: 0.8626
Std Test Accuracy: 0.1590
Std Test AUC: 0.0499

--- Round 331/500 ---
Averaged Train Loss: 1.3433
Averaged Test Accuracy: 0.5067
Averaged Test AUC: 0.8667
Std Test Accuracy: 0.1253
Std Test AUC: 0.0440

--- Round 332/500 ---
Averaged Train Loss: 1.3509
Averaged Test Accuracy: 0.4983
Averaged Test AUC: 0.8668
Std Test Accuracy: 0.1387
Std Test AUC: 0.0346

--- Round 333/500 ---
Averaged Train Loss: 1.4348
Averaged Test Accuracy: 0.4741
Averaged Test AUC: 0.8583
Std Test Accuracy: 0.1826
Std Test AUC: 0.0523

--- Round 334/500 ---
Averaged Train Loss: 1.3650
Averaged Test Accuracy: 0.5047
Averaged Test AUC: 0.8655
Std Test Accuracy: 0.1476
Std Test AUC: 0.0417

--- Round 335/500 ---
Averaged Train Loss: 1.3398
Averaged Test Accuracy: 0.5118
Averaged Test AUC: 0.8685
Std Test Accuracy: 0.1497
Std Test AUC: 0.0499

--- Round 336/500 ---
Averaged Train Loss: 1.3627
Averaged Test Accuracy: 0.4987
Averaged Test AUC: 0.8653
Std Test Accuracy: 0.1628
Std Test AUC: 0.0523

--- Round 337/500 ---
Averaged Train Loss: 1.3295
Averaged Test Accuracy: 0.5086
Averaged Test AUC: 0.8685
Std Test Accuracy: 0.1378
Std Test AUC: 0.0397

--- Round 338/500 ---
Averaged Train Loss: 1.3525
Averaged Test Accuracy: 0.5088
Averaged Test AUC: 0.8656
Std Test Accuracy: 0.1474
Std Test AUC: 0.0480

--- Round 339/500 ---
Averaged Train Loss: 1.3332
Averaged Test Accuracy: 0.5138
Averaged Test AUC: 0.8691
Std Test Accuracy: 0.1502
Std Test AUC: 0.0406

--- Round 340/500 ---
Averaged Train Loss: 1.4073
Averaged Test Accuracy: 0.4858
Averaged Test AUC: 0.8589
Std Test Accuracy: 0.1415
Std Test AUC: 0.0474

--- Round 341/500 ---
Averaged Train Loss: 1.3310
Averaged Test Accuracy: 0.5096
Averaged Test AUC: 0.8686
Std Test Accuracy: 0.1461
Std Test AUC: 0.0424

--- Round 342/500 ---
Averaged Train Loss: 1.3448
Averaged Test Accuracy: 0.5055
Averaged Test AUC: 0.8679
Std Test Accuracy: 0.1757
Std Test AUC: 0.0479

--- Round 343/500 ---
Averaged Train Loss: 1.3722
Averaged Test Accuracy: 0.4934
Averaged Test AUC: 0.8657
Std Test Accuracy: 0.1596
Std Test AUC: 0.0471

--- Round 344/500 ---
Averaged Train Loss: 1.3142
Averaged Test Accuracy: 0.5150
Averaged Test AUC: 0.8702
Std Test Accuracy: 0.1034
Std Test AUC: 0.0303

--- Round 345/500 ---
Averaged Train Loss: 1.3719
Averaged Test Accuracy: 0.4986
Averaged Test AUC: 0.8660
Std Test Accuracy: 0.1941
Std Test AUC: 0.0534

--- Round 346/500 ---
Averaged Train Loss: 1.3748
Averaged Test Accuracy: 0.4967
Averaged Test AUC: 0.8656
Std Test Accuracy: 0.1900
Std Test AUC: 0.0521

--- Round 347/500 ---
Averaged Train Loss: 1.3347
Averaged Test Accuracy: 0.5140
Averaged Test AUC: 0.8680
Std Test Accuracy: 0.1433
Std Test AUC: 0.0485

--- Round 348/500 ---
Averaged Train Loss: 1.3201
Averaged Test Accuracy: 0.5133
Averaged Test AUC: 0.8687
Std Test Accuracy: 0.1281
Std Test AUC: 0.0405

--- Round 349/500 ---
Averaged Train Loss: 1.3678
Averaged Test Accuracy: 0.5010
Averaged Test AUC: 0.8627
Std Test Accuracy: 0.1324
Std Test AUC: 0.0473

--- Round 350/500 ---
Averaged Train Loss: 1.3299
Averaged Test Accuracy: 0.5114
Averaged Test AUC: 0.8670
Std Test Accuracy: 0.1236
Std Test AUC: 0.0414

--- Round 351/500 ---
Averaged Train Loss: 1.3235
Averaged Test Accuracy: 0.5143
Averaged Test AUC: 0.8698
Std Test Accuracy: 0.1275
Std Test AUC: 0.0409

--- Round 352/500 ---
Averaged Train Loss: 1.3347
Averaged Test Accuracy: 0.5073
Averaged Test AUC: 0.8679
Std Test Accuracy: 0.1284
Std Test AUC: 0.0341

--- Round 353/500 ---
Averaged Train Loss: 1.3205
Averaged Test Accuracy: 0.5186
Averaged Test AUC: 0.8697
Std Test Accuracy: 0.1326
Std Test AUC: 0.0443

--- Round 354/500 ---
Averaged Train Loss: 1.3458
Averaged Test Accuracy: 0.5077
Averaged Test AUC: 0.8667
Std Test Accuracy: 0.1139
Std Test AUC: 0.0383

--- Round 355/500 ---
Averaged Train Loss: 1.3114
Averaged Test Accuracy: 0.5178
Averaged Test AUC: 0.8708
Std Test Accuracy: 0.1147
Std Test AUC: 0.0355

--- Round 356/500 ---
Averaged Train Loss: 1.3951
Averaged Test Accuracy: 0.4878
Averaged Test AUC: 0.8648
Std Test Accuracy: 0.1750
Std Test AUC: 0.0531

--- Round 357/500 ---
Averaged Train Loss: 1.3274
Averaged Test Accuracy: 0.5122
Averaged Test AUC: 0.8684
Std Test Accuracy: 0.1199
Std Test AUC: 0.0382

--- Round 358/500 ---
Averaged Train Loss: 1.3144
Averaged Test Accuracy: 0.5161
Averaged Test AUC: 0.8700
Std Test Accuracy: 0.1184
Std Test AUC: 0.0379

--- Round 359/500 ---
Averaged Train Loss: 1.3472
Averaged Test Accuracy: 0.5052
Averaged Test AUC: 0.8679
Std Test Accuracy: 0.1776
Std Test AUC: 0.0495

--- Round 360/500 ---
Averaged Train Loss: 1.3442
Averaged Test Accuracy: 0.5088
Averaged Test AUC: 0.8663
Std Test Accuracy: 0.1330
Std Test AUC: 0.0420

--- Round 361/500 ---
Averaged Train Loss: 1.3282
Averaged Test Accuracy: 0.5116
Averaged Test AUC: 0.8679
Std Test Accuracy: 0.1415
Std Test AUC: 0.0424

--- Round 362/500 ---
Averaged Train Loss: 1.3653
Averaged Test Accuracy: 0.4985
Averaged Test AUC: 0.8647
Std Test Accuracy: 0.1489
Std Test AUC: 0.0434

--- Round 363/500 ---
Averaged Train Loss: 1.3901
Averaged Test Accuracy: 0.4914
Averaged Test AUC: 0.8615
Std Test Accuracy: 0.1333
Std Test AUC: 0.0465

--- Round 364/500 ---
Averaged Train Loss: 1.4191
Averaged Test Accuracy: 0.4824
Averaged Test AUC: 0.8596
Std Test Accuracy: 0.1449
Std Test AUC: 0.0470

--- Round 365/500 ---
Averaged Train Loss: 1.4107
Averaged Test Accuracy: 0.4828
Averaged Test AUC: 0.8631
Std Test Accuracy: 0.1449
Std Test AUC: 0.0393

--- Round 366/500 ---
Averaged Train Loss: 1.3512
Averaged Test Accuracy: 0.5058
Averaged Test AUC: 0.8670
Std Test Accuracy: 0.1187
Std Test AUC: 0.0359

--- Round 367/500 ---
Averaged Train Loss: 1.3376
Averaged Test Accuracy: 0.5084
Averaged Test AUC: 0.8672
Std Test Accuracy: 0.1228
Std Test AUC: 0.0373

--- Round 368/500 ---
Averaged Train Loss: 1.3357
Averaged Test Accuracy: 0.5020
Averaged Test AUC: 0.8669
Std Test Accuracy: 0.1217
Std Test AUC: 0.0369

--- Round 369/500 ---
Averaged Train Loss: 1.3629
Averaged Test Accuracy: 0.4889
Averaged Test AUC: 0.8649
Std Test Accuracy: 0.1098
Std Test AUC: 0.0283

--- Round 370/500 ---
Averaged Train Loss: 1.2974
Averaged Test Accuracy: 0.5198
Averaged Test AUC: 0.8722
Std Test Accuracy: 0.1075
Std Test AUC: 0.0309

--- Round 371/500 ---
Averaged Train Loss: 1.3245
Averaged Test Accuracy: 0.5117
Averaged Test AUC: 0.8701
Std Test Accuracy: 0.1656
Std Test AUC: 0.0445

--- Round 372/500 ---
Averaged Train Loss: 1.3485
Averaged Test Accuracy: 0.5020
Averaged Test AUC: 0.8677
Std Test Accuracy: 0.1337
Std Test AUC: 0.0373

--- Round 373/500 ---
Averaged Train Loss: 1.3293
Averaged Test Accuracy: 0.5116
Averaged Test AUC: 0.8705
Std Test Accuracy: 0.1411
Std Test AUC: 0.0396

--- Round 374/500 ---
Averaged Train Loss: 1.3438
Averaged Test Accuracy: 0.4994
Averaged Test AUC: 0.8665
Std Test Accuracy: 0.1153
Std Test AUC: 0.0289

--- Round 375/500 ---
Averaged Train Loss: 1.3100
Averaged Test Accuracy: 0.5218
Averaged Test AUC: 0.8708
Std Test Accuracy: 0.1347
Std Test AUC: 0.0416

--- Round 376/500 ---
Averaged Train Loss: 1.3330
Averaged Test Accuracy: 0.5051
Averaged Test AUC: 0.8679
Std Test Accuracy: 0.1148
Std Test AUC: 0.0335

--- Round 377/500 ---
Averaged Train Loss: 1.3098
Averaged Test Accuracy: 0.5170
Averaged Test AUC: 0.8708
Std Test Accuracy: 0.1569
Std Test AUC: 0.0466

--- Round 378/500 ---
Averaged Train Loss: 1.3292
Averaged Test Accuracy: 0.5138
Averaged Test AUC: 0.8698
Std Test Accuracy: 0.1495
Std Test AUC: 0.0452

--- Round 379/500 ---
Averaged Train Loss: 1.4156
Averaged Test Accuracy: 0.4703
Averaged Test AUC: 0.8603
Std Test Accuracy: 0.1530
Std Test AUC: 0.0467

--- Round 380/500 ---
Averaged Train Loss: 1.3017
Averaged Test Accuracy: 0.5190
Averaged Test AUC: 0.8719
Std Test Accuracy: 0.1267
Std Test AUC: 0.0336

--- Round 381/500 ---
Averaged Train Loss: 1.3303
Averaged Test Accuracy: 0.5043
Averaged Test AUC: 0.8700
Std Test Accuracy: 0.1668
Std Test AUC: 0.0458

--- Round 382/500 ---
Averaged Train Loss: 1.3896
Averaged Test Accuracy: 0.4855
Averaged Test AUC: 0.8609
Std Test Accuracy: 0.1556
Std Test AUC: 0.0518

--- Round 383/500 ---
Averaged Train Loss: 1.3474
Averaged Test Accuracy: 0.5026
Averaged Test AUC: 0.8676
Std Test Accuracy: 0.1677
Std Test AUC: 0.0438

--- Round 384/500 ---
Averaged Train Loss: 1.3461
Averaged Test Accuracy: 0.5011
Averaged Test AUC: 0.8678
Std Test Accuracy: 0.1771
Std Test AUC: 0.0461

--- Round 385/500 ---
Averaged Train Loss: 1.2810
Averaged Test Accuracy: 0.5251
Averaged Test AUC: 0.8736
Std Test Accuracy: 0.1073
Std Test AUC: 0.0298

--- Round 386/500 ---
Averaged Train Loss: 1.3056
Averaged Test Accuracy: 0.5136
Averaged Test AUC: 0.8703
Std Test Accuracy: 0.0952
Std Test AUC: 0.0284

--- Round 387/500 ---
Averaged Train Loss: 1.2878
Averaged Test Accuracy: 0.5220
Averaged Test AUC: 0.8722
Std Test Accuracy: 0.1117
Std Test AUC: 0.0319

--- Round 388/500 ---
Averaged Train Loss: 1.3852
Averaged Test Accuracy: 0.4865
Averaged Test AUC: 0.8600
Std Test Accuracy: 0.1472
Std Test AUC: 0.0523

--- Round 389/500 ---
Averaged Train Loss: 1.3652
Averaged Test Accuracy: 0.4955
Averaged Test AUC: 0.8638
Std Test Accuracy: 0.1434
Std Test AUC: 0.0454

--- Round 390/500 ---
Averaged Train Loss: 1.2920
Averaged Test Accuracy: 0.5234
Averaged Test AUC: 0.8723
Std Test Accuracy: 0.1283
Std Test AUC: 0.0355

--- Round 391/500 ---
Averaged Train Loss: 1.3429
Averaged Test Accuracy: 0.5068
Averaged Test AUC: 0.8697
Std Test Accuracy: 0.1656
Std Test AUC: 0.0476

--- Round 392/500 ---
Averaged Train Loss: 1.2884
Averaged Test Accuracy: 0.5228
Averaged Test AUC: 0.8722
Std Test Accuracy: 0.1251
Std Test AUC: 0.0361

--- Round 393/500 ---
Averaged Train Loss: 1.2992
Averaged Test Accuracy: 0.5235
Averaged Test AUC: 0.8729
Std Test Accuracy: 0.1360
Std Test AUC: 0.0388

--- Round 394/500 ---
Averaged Train Loss: 1.3605
Averaged Test Accuracy: 0.4955
Averaged Test AUC: 0.8650
Std Test Accuracy: 0.1397
Std Test AUC: 0.0429

--- Round 395/500 ---
Averaged Train Loss: 1.2990
Averaged Test Accuracy: 0.5224
Averaged Test AUC: 0.8726
Std Test Accuracy: 0.1555
Std Test AUC: 0.0462

--- Round 396/500 ---
Averaged Train Loss: 1.3165
Averaged Test Accuracy: 0.5172
Averaged Test AUC: 0.8716
Std Test Accuracy: 0.1797
Std Test AUC: 0.0475

--- Round 397/500 ---
Averaged Train Loss: 1.3189
Averaged Test Accuracy: 0.5095
Averaged Test AUC: 0.8691
Std Test Accuracy: 0.1124
Std Test AUC: 0.0289

--- Round 398/500 ---
Averaged Train Loss: 1.3295
Averaged Test Accuracy: 0.5065
Averaged Test AUC: 0.8683
Std Test Accuracy: 0.1295
Std Test AUC: 0.0340

--- Round 399/500 ---
Averaged Train Loss: 1.3233
Averaged Test Accuracy: 0.5132
Averaged Test AUC: 0.8693
Std Test Accuracy: 0.1417
Std Test AUC: 0.0394

--- Round 400/500 ---
Averaged Train Loss: 1.3094
Averaged Test Accuracy: 0.5220
Averaged Test AUC: 0.8722
Std Test Accuracy: 0.1494
Std Test AUC: 0.0426

--- Round 401/500 ---
Averaged Train Loss: 1.3288
Averaged Test Accuracy: 0.5092
Averaged Test AUC: 0.8697
Std Test Accuracy: 0.1409
Std Test AUC: 0.0374

--- Round 402/500 ---
Averaged Train Loss: 1.3157
Averaged Test Accuracy: 0.5182
Averaged Test AUC: 0.8705
Std Test Accuracy: 0.1187
Std Test AUC: 0.0366

--- Round 403/500 ---
Averaged Train Loss: 1.3266
Averaged Test Accuracy: 0.5122
Averaged Test AUC: 0.8714
Std Test Accuracy: 0.1643
Std Test AUC: 0.0439

--- Round 404/500 ---
Averaged Train Loss: 1.2795
Averaged Test Accuracy: 0.5241
Averaged Test AUC: 0.8741
Std Test Accuracy: 0.1454
Std Test AUC: 0.0390

--- Round 405/500 ---
Averaged Train Loss: 1.3011
Averaged Test Accuracy: 0.5240
Averaged Test AUC: 0.8729
Std Test Accuracy: 0.1360
Std Test AUC: 0.0398

--- Round 406/500 ---
Averaged Train Loss: 1.3103
Averaged Test Accuracy: 0.5192
Averaged Test AUC: 0.8705
Std Test Accuracy: 0.1265
Std Test AUC: 0.0394

--- Round 407/500 ---
Averaged Train Loss: 1.2850
Averaged Test Accuracy: 0.5317
Averaged Test AUC: 0.8733
Std Test Accuracy: 0.1272
Std Test AUC: 0.0405

--- Round 408/500 ---
Averaged Train Loss: 1.2815
Averaged Test Accuracy: 0.5265
Averaged Test AUC: 0.8734
Std Test Accuracy: 0.1259
Std Test AUC: 0.0320

--- Round 409/500 ---
Averaged Train Loss: 1.3455
Averaged Test Accuracy: 0.5016
Averaged Test AUC: 0.8683
Std Test Accuracy: 0.1733
Std Test AUC: 0.0487

--- Round 410/500 ---
Averaged Train Loss: 1.3358
Averaged Test Accuracy: 0.5023
Averaged Test AUC: 0.8687
Std Test Accuracy: 0.1421
Std Test AUC: 0.0357

--- Round 411/500 ---
Averaged Train Loss: 1.3038
Averaged Test Accuracy: 0.5184
Averaged Test AUC: 0.8723
Std Test Accuracy: 0.1153
Std Test AUC: 0.0318

--- Round 412/500 ---
Averaged Train Loss: 1.3085
Averaged Test Accuracy: 0.5168
Averaged Test AUC: 0.8725
Std Test Accuracy: 0.1470
Std Test AUC: 0.0421

--- Round 413/500 ---
Averaged Train Loss: 1.2838
Averaged Test Accuracy: 0.5288
Averaged Test AUC: 0.8750
Std Test Accuracy: 0.1327
Std Test AUC: 0.0371

--- Round 414/500 ---
Averaged Train Loss: 1.2808
Averaged Test Accuracy: 0.5326
Averaged Test AUC: 0.8740
Std Test Accuracy: 0.1239
Std Test AUC: 0.0438

--- Round 415/500 ---
Averaged Train Loss: 1.2936
Averaged Test Accuracy: 0.5288
Averaged Test AUC: 0.8728
Std Test Accuracy: 0.1281
Std Test AUC: 0.0469

--- Round 416/500 ---
Averaged Train Loss: 1.2897
Averaged Test Accuracy: 0.5237
Averaged Test AUC: 0.8743
Std Test Accuracy: 0.1312
Std Test AUC: 0.0389

--- Round 417/500 ---
Averaged Train Loss: 1.3453
Averaged Test Accuracy: 0.5075
Averaged Test AUC: 0.8699
Std Test Accuracy: 0.1660
Std Test AUC: 0.0514

--- Round 418/500 ---
Averaged Train Loss: 1.2707
Averaged Test Accuracy: 0.5277
Averaged Test AUC: 0.8747
Std Test Accuracy: 0.1247
Std Test AUC: 0.0351

--- Round 419/500 ---
Averaged Train Loss: 1.3125
Averaged Test Accuracy: 0.5197
Averaged Test AUC: 0.8721
Std Test Accuracy: 0.1556
Std Test AUC: 0.0402

--- Round 420/500 ---
Averaged Train Loss: 1.2815
Averaged Test Accuracy: 0.5287
Averaged Test AUC: 0.8736
Std Test Accuracy: 0.1262
Std Test AUC: 0.0385

--- Round 421/500 ---
Averaged Train Loss: 1.3237
Averaged Test Accuracy: 0.5116
Averaged Test AUC: 0.8697
Std Test Accuracy: 0.1455
Std Test AUC: 0.0393

--- Round 422/500 ---
Averaged Train Loss: 1.2762
Averaged Test Accuracy: 0.5323
Averaged Test AUC: 0.8747
Std Test Accuracy: 0.1238
Std Test AUC: 0.0410

--- Round 423/500 ---
Averaged Train Loss: 1.2978
Averaged Test Accuracy: 0.5233
Averaged Test AUC: 0.8730
Std Test Accuracy: 0.1407
Std Test AUC: 0.0470

--- Round 424/500 ---
Averaged Train Loss: 1.3012
Averaged Test Accuracy: 0.5213
Averaged Test AUC: 0.8744
Std Test Accuracy: 0.1307
Std Test AUC: 0.0326

--- Round 425/500 ---
Averaged Train Loss: 1.3142
Averaged Test Accuracy: 0.5088
Averaged Test AUC: 0.8705
Std Test Accuracy: 0.1171
Std Test AUC: 0.0314

--- Round 426/500 ---
Averaged Train Loss: 1.3230
Averaged Test Accuracy: 0.5084
Averaged Test AUC: 0.8695
Std Test Accuracy: 0.1199
Std Test AUC: 0.0327

--- Round 427/500 ---
Averaged Train Loss: 1.2807
Averaged Test Accuracy: 0.5268
Averaged Test AUC: 0.8735
Std Test Accuracy: 0.1173
Std Test AUC: 0.0335

--- Round 428/500 ---
Averaged Train Loss: 1.3665
Averaged Test Accuracy: 0.4898
Averaged Test AUC: 0.8685
Std Test Accuracy: 0.1598
Std Test AUC: 0.0380

--- Round 429/500 ---
Averaged Train Loss: 1.3223
Averaged Test Accuracy: 0.5039
Averaged Test AUC: 0.8706
Std Test Accuracy: 0.1402
Std Test AUC: 0.0367

--- Round 430/500 ---
Averaged Train Loss: 1.3184
Averaged Test Accuracy: 0.5083
Averaged Test AUC: 0.8703
Std Test Accuracy: 0.1429
Std Test AUC: 0.0363

--- Round 431/500 ---
Averaged Train Loss: 1.2928
Averaged Test Accuracy: 0.5206
Averaged Test AUC: 0.8730
Std Test Accuracy: 0.1313
Std Test AUC: 0.0314

--- Round 432/500 ---
Averaged Train Loss: 1.2942
Averaged Test Accuracy: 0.5289
Averaged Test AUC: 0.8703
Std Test Accuracy: 0.1310
Std Test AUC: 0.0398

--- Round 433/500 ---
Averaged Train Loss: 1.3182
Averaged Test Accuracy: 0.5067
Averaged Test AUC: 0.8728
Std Test Accuracy: 0.1633
Std Test AUC: 0.0462

--- Round 434/500 ---
Averaged Train Loss: 1.3043
Averaged Test Accuracy: 0.5181
Averaged Test AUC: 0.8711
Std Test Accuracy: 0.1397
Std Test AUC: 0.0405

--- Round 435/500 ---
Averaged Train Loss: 1.2924
Averaged Test Accuracy: 0.5285
Averaged Test AUC: 0.8708
Std Test Accuracy: 0.1281
Std Test AUC: 0.0397

--- Round 436/500 ---
Averaged Train Loss: 1.4047
Averaged Test Accuracy: 0.4982
Averaged Test AUC: 0.8608
Std Test Accuracy: 0.1989
Std Test AUC: 0.0772

--- Round 437/500 ---
Averaged Train Loss: 1.2762
Averaged Test Accuracy: 0.5280
Averaged Test AUC: 0.8745
Std Test Accuracy: 0.1423
Std Test AUC: 0.0389

--- Round 438/500 ---
Averaged Train Loss: 1.2741
Averaged Test Accuracy: 0.5281
Averaged Test AUC: 0.8746
Std Test Accuracy: 0.1439
Std Test AUC: 0.0449

--- Round 439/500 ---
Averaged Train Loss: 1.2895
Averaged Test Accuracy: 0.5277
Averaged Test AUC: 0.8741
Std Test Accuracy: 0.1542
Std Test AUC: 0.0388

--- Round 440/500 ---
Averaged Train Loss: 1.2980
Averaged Test Accuracy: 0.5220
Averaged Test AUC: 0.8733
Std Test Accuracy: 0.1149
Std Test AUC: 0.0319

--- Round 441/500 ---
Averaged Train Loss: 1.3096
Averaged Test Accuracy: 0.5170
Averaged Test AUC: 0.8737
Std Test Accuracy: 0.1699
Std Test AUC: 0.0427

--- Round 442/500 ---
Averaged Train Loss: 1.3270
Averaged Test Accuracy: 0.5096
Averaged Test AUC: 0.8715
Std Test Accuracy: 0.1488
Std Test AUC: 0.0371

--- Round 443/500 ---
Averaged Train Loss: 1.2990
Averaged Test Accuracy: 0.5226
Averaged Test AUC: 0.8743
Std Test Accuracy: 0.1495
Std Test AUC: 0.0383

--- Round 444/500 ---
Averaged Train Loss: 1.3133
Averaged Test Accuracy: 0.5125
Averaged Test AUC: 0.8733
Std Test Accuracy: 0.1747
Std Test AUC: 0.0434

--- Round 445/500 ---
Averaged Train Loss: 1.3427
Averaged Test Accuracy: 0.5005
Averaged Test AUC: 0.8700
Std Test Accuracy: 0.1805
Std Test AUC: 0.0468

--- Round 446/500 ---
Averaged Train Loss: 1.3114
Averaged Test Accuracy: 0.5200
Averaged Test AUC: 0.8728
Std Test Accuracy: 0.1562
Std Test AUC: 0.0415

--- Round 447/500 ---
Averaged Train Loss: 1.2989
Averaged Test Accuracy: 0.5151
Averaged Test AUC: 0.8716
Std Test Accuracy: 0.1362
Std Test AUC: 0.0327

--- Round 448/500 ---
Averaged Train Loss: 1.3069
Averaged Test Accuracy: 0.5162
Averaged Test AUC: 0.8732
Std Test Accuracy: 0.1389
Std Test AUC: 0.0327

--- Round 449/500 ---
Averaged Train Loss: 1.2685
Averaged Test Accuracy: 0.5285
Averaged Test AUC: 0.8754
Std Test Accuracy: 0.1404
Std Test AUC: 0.0375

--- Round 450/500 ---
Averaged Train Loss: 1.2626
Averaged Test Accuracy: 0.5339
Averaged Test AUC: 0.8768
Std Test Accuracy: 0.1332
Std Test AUC: 0.0340

--- Round 451/500 ---
Averaged Train Loss: 1.3029
Averaged Test Accuracy: 0.5165
Averaged Test AUC: 0.8711
Std Test Accuracy: 0.0990
Std Test AUC: 0.0301

--- Round 452/500 ---
Averaged Train Loss: 1.3066
Averaged Test Accuracy: 0.5160
Averaged Test AUC: 0.8718
Std Test Accuracy: 0.1485
Std Test AUC: 0.0377

--- Round 453/500 ---
Averaged Train Loss: 1.3178
Averaged Test Accuracy: 0.5124
Averaged Test AUC: 0.8722
Std Test Accuracy: 0.1519
Std Test AUC: 0.0386

--- Round 454/500 ---
Averaged Train Loss: 1.2810
Averaged Test Accuracy: 0.5275
Averaged Test AUC: 0.8751
Std Test Accuracy: 0.1321
Std Test AUC: 0.0389

--- Round 455/500 ---
Averaged Train Loss: 1.2892
Averaged Test Accuracy: 0.5178
Averaged Test AUC: 0.8745
Std Test Accuracy: 0.1423
Std Test AUC: 0.0357

--- Round 456/500 ---
Averaged Train Loss: 1.2872
Averaged Test Accuracy: 0.5218
Averaged Test AUC: 0.8731
Std Test Accuracy: 0.1387
Std Test AUC: 0.0384

--- Round 457/500 ---
Averaged Train Loss: 1.2687
Averaged Test Accuracy: 0.5309
Averaged Test AUC: 0.8756
Std Test Accuracy: 0.1114
Std Test AUC: 0.0293

--- Round 458/500 ---
Averaged Train Loss: 1.2952
Averaged Test Accuracy: 0.5191
Averaged Test AUC: 0.8737
Std Test Accuracy: 0.1238
Std Test AUC: 0.0310

--- Round 459/500 ---
Averaged Train Loss: 1.2889
Averaged Test Accuracy: 0.5295
Averaged Test AUC: 0.8747
Std Test Accuracy: 0.1429
Std Test AUC: 0.0364

--- Round 460/500 ---
Averaged Train Loss: 1.2865
Averaged Test Accuracy: 0.5203
Averaged Test AUC: 0.8752
Std Test Accuracy: 0.1659
Std Test AUC: 0.0446

--- Round 461/500 ---
Averaged Train Loss: 1.2630
Averaged Test Accuracy: 0.5351
Averaged Test AUC: 0.8762
Std Test Accuracy: 0.1293
Std Test AUC: 0.0385

--- Round 462/500 ---
Averaged Train Loss: 1.2813
Averaged Test Accuracy: 0.5288
Averaged Test AUC: 0.8757
Std Test Accuracy: 0.1428
Std Test AUC: 0.0383

--- Round 463/500 ---
Averaged Train Loss: 1.3018
Averaged Test Accuracy: 0.5200
Averaged Test AUC: 0.8734
Std Test Accuracy: 0.1266
Std Test AUC: 0.0361

--- Round 464/500 ---
Averaged Train Loss: 1.2525
Averaged Test Accuracy: 0.5371
Averaged Test AUC: 0.8771
Std Test Accuracy: 0.1192
Std Test AUC: 0.0351

--- Round 465/500 ---
Averaged Train Loss: 1.2673
Averaged Test Accuracy: 0.5311
Averaged Test AUC: 0.8766
Std Test Accuracy: 0.1458
Std Test AUC: 0.0403

--- Round 466/500 ---
Averaged Train Loss: 1.2644
Averaged Test Accuracy: 0.5337
Averaged Test AUC: 0.8762
Std Test Accuracy: 0.1184
Std Test AUC: 0.0345

--- Round 467/500 ---
Averaged Train Loss: 1.2535
Averaged Test Accuracy: 0.5373
Averaged Test AUC: 0.8765
Std Test Accuracy: 0.1195
Std Test AUC: 0.0330

--- Round 468/500 ---
Averaged Train Loss: 1.2794
Averaged Test Accuracy: 0.5263
Averaged Test AUC: 0.8738
Std Test Accuracy: 0.1134
Std Test AUC: 0.0350

--- Round 469/500 ---
Averaged Train Loss: 1.2562
Averaged Test Accuracy: 0.5333
Averaged Test AUC: 0.8764
Std Test Accuracy: 0.1344
Std Test AUC: 0.0373

--- Round 470/500 ---
Averaged Train Loss: 1.2673
Averaged Test Accuracy: 0.5349
Averaged Test AUC: 0.8752
Std Test Accuracy: 0.1379
Std Test AUC: 0.0472

--- Round 471/500 ---
Averaged Train Loss: 1.3692
Averaged Test Accuracy: 0.4931
Averaged Test AUC: 0.8661
Std Test Accuracy: 0.1389
Std Test AUC: 0.0385

--- Round 472/500 ---
Averaged Train Loss: 1.3840
Averaged Test Accuracy: 0.5046
Averaged Test AUC: 0.8635
Std Test Accuracy: 0.1932
Std Test AUC: 0.0745

--- Round 473/500 ---
Averaged Train Loss: 1.3086
Averaged Test Accuracy: 0.5126
Averaged Test AUC: 0.8736
Std Test Accuracy: 0.1607
Std Test AUC: 0.0420

--- Round 474/500 ---
Averaged Train Loss: 1.2688
Averaged Test Accuracy: 0.5347
Averaged Test AUC: 0.8764
Std Test Accuracy: 0.1620
Std Test AUC: 0.0408

--- Round 475/500 ---
Averaged Train Loss: 1.2775
Averaged Test Accuracy: 0.5293
Averaged Test AUC: 0.8754
Std Test Accuracy: 0.1688
Std Test AUC: 0.0427

--- Round 476/500 ---
Averaged Train Loss: 1.2815
Averaged Test Accuracy: 0.5242
Averaged Test AUC: 0.8741
Std Test Accuracy: 0.1386
Std Test AUC: 0.0384

--- Round 477/500 ---
Averaged Train Loss: 1.2677
Averaged Test Accuracy: 0.5271
Averaged Test AUC: 0.8757
Std Test Accuracy: 0.1244
Std Test AUC: 0.0344

--- Round 478/500 ---
Averaged Train Loss: 1.3139
Averaged Test Accuracy: 0.5078
Averaged Test AUC: 0.8727
Std Test Accuracy: 0.1461
Std Test AUC: 0.0351

--- Round 479/500 ---
Averaged Train Loss: 1.3076
Averaged Test Accuracy: 0.5151
Averaged Test AUC: 0.8719
Std Test Accuracy: 0.1188
Std Test AUC: 0.0320

--- Round 480/500 ---
Averaged Train Loss: 1.2889
Averaged Test Accuracy: 0.5218
Averaged Test AUC: 0.8737
Std Test Accuracy: 0.1171
Std Test AUC: 0.0293

--- Round 481/500 ---
Averaged Train Loss: 1.3029
Averaged Test Accuracy: 0.5151
Averaged Test AUC: 0.8739
Std Test Accuracy: 0.1337
Std Test AUC: 0.0330

--- Round 482/500 ---
Averaged Train Loss: 1.2500
Averaged Test Accuracy: 0.5345
Averaged Test AUC: 0.8777
Std Test Accuracy: 0.1390
Std Test AUC: 0.0380

--- Round 483/500 ---
Averaged Train Loss: 1.2622
Averaged Test Accuracy: 0.5377
Averaged Test AUC: 0.8774
Std Test Accuracy: 0.1533
Std Test AUC: 0.0388

--- Round 484/500 ---
Averaged Train Loss: 1.2496
Averaged Test Accuracy: 0.5410
Averaged Test AUC: 0.8777
Std Test Accuracy: 0.1313
Std Test AUC: 0.0432

--- Round 485/500 ---
Averaged Train Loss: 1.2936
Averaged Test Accuracy: 0.5206
Averaged Test AUC: 0.8753
Std Test Accuracy: 0.1462
Std Test AUC: 0.0406

--- Round 486/500 ---
Averaged Train Loss: 1.2560
Averaged Test Accuracy: 0.5383
Averaged Test AUC: 0.8775
Std Test Accuracy: 0.1293
Std Test AUC: 0.0430

--- Round 487/500 ---
Averaged Train Loss: 1.3017
Averaged Test Accuracy: 0.5096
Averaged Test AUC: 0.8757
Std Test Accuracy: 0.1639
Std Test AUC: 0.0443

--- Round 488/500 ---
Averaged Train Loss: 1.2896
Averaged Test Accuracy: 0.5179
Averaged Test AUC: 0.8745
Std Test Accuracy: 0.1208
Std Test AUC: 0.0310

--- Round 489/500 ---
Averaged Train Loss: 1.2904
Averaged Test Accuracy: 0.5214
Averaged Test AUC: 0.8737
Std Test Accuracy: 0.1394
Std Test AUC: 0.0369

--- Round 490/500 ---
Averaged Train Loss: 1.3618
Averaged Test Accuracy: 0.4893
Averaged Test AUC: 0.8693
Std Test Accuracy: 0.1538
Std Test AUC: 0.0426

--- Round 491/500 ---
Averaged Train Loss: 1.3827
Averaged Test Accuracy: 0.4918
Averaged Test AUC: 0.8628
Std Test Accuracy: 0.1686
Std Test AUC: 0.0551

--- Round 492/500 ---
Averaged Train Loss: 1.3244
Averaged Test Accuracy: 0.5079
Averaged Test AUC: 0.8686
Std Test Accuracy: 0.1466
Std Test AUC: 0.0456

--- Round 493/500 ---
Averaged Train Loss: 1.2758
Averaged Test Accuracy: 0.5308
Averaged Test AUC: 0.8752
Std Test Accuracy: 0.1249
Std Test AUC: 0.0362

--- Round 494/500 ---
Averaged Train Loss: 1.2696
Averaged Test Accuracy: 0.5357
Averaged Test AUC: 0.8740
Std Test Accuracy: 0.1270
Std Test AUC: 0.0393

--- Round 495/500 ---
Averaged Train Loss: 1.2702
Averaged Test Accuracy: 0.5332
Averaged Test AUC: 0.8765
Std Test Accuracy: 0.1635
Std Test AUC: 0.0442

--- Round 496/500 ---
Averaged Train Loss: 1.2985
Averaged Test Accuracy: 0.5193
Averaged Test AUC: 0.8746
Std Test Accuracy: 0.1715
Std Test AUC: 0.0438

--- Round 497/500 ---
Averaged Train Loss: 1.2794
Averaged Test Accuracy: 0.5297
Averaged Test AUC: 0.8748
Std Test Accuracy: 0.1494
Std Test AUC: 0.0435

--- Round 498/500 ---
Averaged Train Loss: 1.2637
Averaged Test Accuracy: 0.5299
Averaged Test AUC: 0.8766
Std Test Accuracy: 0.1368
Std Test AUC: 0.0352

--- Round 499/500 ---
Averaged Train Loss: 1.2585
Averaged Test Accuracy: 0.5325
Averaged Test AUC: 0.8763
Std Test Accuracy: 0.1394
Std Test AUC: 0.0385

--- Round 500/500 ---
Averaged Train Loss: 1.3541
Averaged Test Accuracy: 0.4943
Averaged Test AUC: 0.8656
Std Test Accuracy: 0.1505
Std Test AUC: 0.0475

========== Training Complete ==========
Best Test Accuracy: 0.5409792442788718
File path: ../results/Cifar10_FedEntPlusSmooth_smooth_trial01_0033_0.h5

Average time cost: 1777.63s.
Length:  501
std for best accuracy: 0.0
mean for best accuracy: 0.5409792442788718
All done!

Storage on cuda:0
-------------------------------------------------------------------------------
Total Tensors: 240719412 	Used Memory: 630.28M
The allocated memory on cuda:0: 648.40M
Memory differs due to the matrix alignment or invisible gradient buffer tensors
-------------------------------------------------------------------------------
