==================================================
goal = smooth_trial01_0087
device = cuda
device_id = 0
dataset = Cifar10
num_classes = 10
model = CNN
batch_size = 64
local_learning_rate = 0.01
learning_rate_decay = True
learning_rate_decay_gamma = 0.98
global_rounds = 500
top_cnt = 100
local_epochs = 5
algorithm = FedEntPlusSmooth
join_ratio = 0.1
random_join_ratio = False
num_clients = 100
prev = 0
times = 1
eval_gap = 1
save_folder_name = items
auto_break = False
dlg_eval = False
dlg_gap = 100
batch_num_per_client = 2
num_new_clients = 0
fine_tuning_epoch_new = 0
feature_dim = 512
vocab_size = 32000
max_len = 200
client_drop_rate = 0.0
train_slow_rate = 0.0
send_slow_rate = 0.0
time_select = False
time_threthold = 10000
beta = 0.0
lamda = 1.0
mu = 0.0
K = 5
p_learning_rate = 0.01
M = 5
itk = 4000
alphaK = 1.0
sigma = 1.0
alpha = 1.0
plocal_epochs = 1
tau = 1.0
fine_tuning_epochs = 10
dr_learning_rate = 0.0
L = 1.0
noise_dim = 512
generator_learning_rate = 0.005
hidden_dim = 512
server_epochs = 1000
localize_feature_extractor = False
server_learning_rate = 1.0
eta = 1.0
rand_percent = 80
layer_idx = 2
mentee_learning_rate = 0.005
T_start = 0.95
T_end = 0.98
momentum = 0.9
kl_weight = 0.0
buffer_size = 0
dp_epsilon = 0.0
H_min = None
alpha_vp = 0.0
enable_dynamic_param = False
log_fedent = False
log_filename = None
dynamic_config_path = /home/john/PFLlib/system/auto_configs/smooth_trial01_0087.json
==================================================

============= Running time: 0th =============
Creating server and clients ...
FedAvgCNN(
  (conv1): Sequential(
    (0): Conv2d(3, 32, kernel_size=(5, 5), stride=(1, 1))
    (1): ReLU(inplace=True)
    (2): MaxPool2d(kernel_size=(2, 2), stride=(2, 2), padding=0, dilation=1, ceil_mode=False)
  )
  (conv2): Sequential(
    (0): Conv2d(32, 64, kernel_size=(5, 5), stride=(1, 1))
    (1): ReLU(inplace=True)
    (2): MaxPool2d(kernel_size=(2, 2), stride=(2, 2), padding=0, dilation=1, ceil_mode=False)
  )
  (fc1): Sequential(
    (0): Linear(in_features=1600, out_features=512, bias=True)
    (1): ReLU(inplace=True)
  )
  (fc): Linear(in_features=512, out_features=10, bias=True)
)

Join ratio / total clients: 0.1 / 100
Finished creating server and clients.

--- Round 0/500 ---
Averaged Train Loss: 2.3038
Averaged Test Accuracy: 0.0928
Averaged Test AUC: 0.4894
Std Test Accuracy: 0.1434
Std Test AUC: 0.2233

--- Round 1/500 ---
Averaged Train Loss: 2.3054
Averaged Test Accuracy: 0.0989
Averaged Test AUC: 0.5094
Std Test Accuracy: 0.2333
Std Test AUC: 0.2455

--- Round 2/500 ---
Averaged Train Loss: 2.2983
Averaged Test Accuracy: 0.1456
Averaged Test AUC: 0.5318
Std Test Accuracy: 0.2410
Std Test AUC: 0.2343

--- Round 3/500 ---
Averaged Train Loss: 2.3600
Averaged Test Accuracy: 0.1028
Averaged Test AUC: 0.5389
Std Test Accuracy: 0.2799
Std Test AUC: 0.2332

--- Round 4/500 ---
Averaged Train Loss: 2.3455
Averaged Test Accuracy: 0.1570
Averaged Test AUC: 0.5641
Std Test Accuracy: 0.2849
Std Test AUC: 0.2447

--- Round 5/500 ---
Averaged Train Loss: 2.2161
Averaged Test Accuracy: 0.1726
Averaged Test AUC: 0.6230
Std Test Accuracy: 0.2383
Std Test AUC: 0.1917

--- Round 6/500 ---
Averaged Train Loss: 2.1679
Averaged Test Accuracy: 0.1980
Averaged Test AUC: 0.6547
Std Test Accuracy: 0.2373
Std Test AUC: 0.1710

--- Round 7/500 ---
Averaged Train Loss: 2.1752
Averaged Test Accuracy: 0.2119
Averaged Test AUC: 0.6537
Std Test Accuracy: 0.2059
Std Test AUC: 0.1723

--- Round 8/500 ---
Averaged Train Loss: 2.2190
Averaged Test Accuracy: 0.1875
Averaged Test AUC: 0.6504
Std Test Accuracy: 0.1976
Std Test AUC: 0.1530

--- Round 9/500 ---
Averaged Train Loss: 2.1419
Averaged Test Accuracy: 0.2078
Averaged Test AUC: 0.6642
Std Test Accuracy: 0.2490
Std Test AUC: 0.1866

--- Round 10/500 ---
Averaged Train Loss: 2.0914
Averaged Test Accuracy: 0.2366
Averaged Test AUC: 0.6930
Std Test Accuracy: 0.2117
Std Test AUC: 0.1369

--- Round 11/500 ---
Averaged Train Loss: 2.1029
Averaged Test Accuracy: 0.1939
Averaged Test AUC: 0.6973
Std Test Accuracy: 0.1950
Std Test AUC: 0.1092

--- Round 12/500 ---
Averaged Train Loss: 2.1149
Averaged Test Accuracy: 0.2096
Averaged Test AUC: 0.6921
Std Test Accuracy: 0.2638
Std Test AUC: 0.1447

--- Round 13/500 ---
Averaged Train Loss: 2.0907
Averaged Test Accuracy: 0.2174
Averaged Test AUC: 0.6945
Std Test Accuracy: 0.2570
Std Test AUC: 0.1618

--- Round 14/500 ---
Averaged Train Loss: 2.0717
Averaged Test Accuracy: 0.2267
Averaged Test AUC: 0.7120
Std Test Accuracy: 0.2474
Std Test AUC: 0.1235

--- Round 15/500 ---
Averaged Train Loss: 2.1577
Averaged Test Accuracy: 0.2170
Averaged Test AUC: 0.6909
Std Test Accuracy: 0.2481
Std Test AUC: 0.1542

--- Round 16/500 ---
Averaged Train Loss: 2.1190
Averaged Test Accuracy: 0.2159
Averaged Test AUC: 0.6952
Std Test Accuracy: 0.1889
Std Test AUC: 0.1288

--- Round 17/500 ---
Averaged Train Loss: 2.0085
Averaged Test Accuracy: 0.2702
Averaged Test AUC: 0.7229
Std Test Accuracy: 0.2108
Std Test AUC: 0.1253

--- Round 18/500 ---
Averaged Train Loss: 2.0057
Averaged Test Accuracy: 0.2573
Averaged Test AUC: 0.7319
Std Test Accuracy: 0.2231
Std Test AUC: 0.1063

--- Round 19/500 ---
Averaged Train Loss: 1.9972
Averaged Test Accuracy: 0.2555
Averaged Test AUC: 0.7351
Std Test Accuracy: 0.2373
Std Test AUC: 0.1048

--- Round 20/500 ---
Averaged Train Loss: 2.0104
Averaged Test Accuracy: 0.2613
Averaged Test AUC: 0.7277
Std Test Accuracy: 0.1831
Std Test AUC: 0.1092

--- Round 21/500 ---
Averaged Train Loss: 2.0989
Averaged Test Accuracy: 0.2243
Averaged Test AUC: 0.7052
Std Test Accuracy: 0.2082
Std Test AUC: 0.1406

--- Round 22/500 ---
Averaged Train Loss: 1.9767
Averaged Test Accuracy: 0.2645
Averaged Test AUC: 0.7448
Std Test Accuracy: 0.2365
Std Test AUC: 0.0976

--- Round 23/500 ---
Averaged Train Loss: 1.9397
Averaged Test Accuracy: 0.2825
Averaged Test AUC: 0.7512
Std Test Accuracy: 0.1769
Std Test AUC: 0.0830

--- Round 24/500 ---
Averaged Train Loss: 1.9183
Averaged Test Accuracy: 0.2851
Averaged Test AUC: 0.7561
Std Test Accuracy: 0.1754
Std Test AUC: 0.0677

--- Round 25/500 ---
Averaged Train Loss: 1.9586
Averaged Test Accuracy: 0.2883
Averaged Test AUC: 0.7411
Std Test Accuracy: 0.1840
Std Test AUC: 0.1106

--- Round 26/500 ---
Averaged Train Loss: 1.8904
Averaged Test Accuracy: 0.2954
Averaged Test AUC: 0.7643
Std Test Accuracy: 0.2040
Std Test AUC: 0.0678

--- Round 27/500 ---
Averaged Train Loss: 1.9729
Averaged Test Accuracy: 0.2656
Averaged Test AUC: 0.7528
Std Test Accuracy: 0.2462
Std Test AUC: 0.1002

--- Round 28/500 ---
Averaged Train Loss: 1.9222
Averaged Test Accuracy: 0.2794
Averaged Test AUC: 0.7552
Std Test Accuracy: 0.1687
Std Test AUC: 0.0795

--- Round 29/500 ---
Averaged Train Loss: 1.9426
Averaged Test Accuracy: 0.2777
Averaged Test AUC: 0.7582
Std Test Accuracy: 0.2359
Std Test AUC: 0.0950

--- Round 30/500 ---
Averaged Train Loss: 2.0111
Averaged Test Accuracy: 0.2644
Averaged Test AUC: 0.7452
Std Test Accuracy: 0.2428
Std Test AUC: 0.1080

--- Round 31/500 ---
Averaged Train Loss: 1.9104
Averaged Test Accuracy: 0.2868
Averaged Test AUC: 0.7606
Std Test Accuracy: 0.1836
Std Test AUC: 0.0841

--- Round 32/500 ---
Averaged Train Loss: 1.8971
Averaged Test Accuracy: 0.2895
Averaged Test AUC: 0.7624
Std Test Accuracy: 0.1916
Std Test AUC: 0.0834

--- Round 33/500 ---
Averaged Train Loss: 1.9252
Averaged Test Accuracy: 0.2844
Averaged Test AUC: 0.7675
Std Test Accuracy: 0.2476
Std Test AUC: 0.0835

--- Round 34/500 ---
Averaged Train Loss: 1.8876
Averaged Test Accuracy: 0.2933
Averaged Test AUC: 0.7716
Std Test Accuracy: 0.2331
Std Test AUC: 0.0810

--- Round 35/500 ---
Averaged Train Loss: 1.8446
Averaged Test Accuracy: 0.3079
Averaged Test AUC: 0.7753
Std Test Accuracy: 0.2004
Std Test AUC: 0.0702

--- Round 36/500 ---
Averaged Train Loss: 1.9002
Averaged Test Accuracy: 0.2807
Averaged Test AUC: 0.7660
Std Test Accuracy: 0.2100
Std Test AUC: 0.0858

--- Round 37/500 ---
Averaged Train Loss: 1.8843
Averaged Test Accuracy: 0.3005
Averaged Test AUC: 0.7732
Std Test Accuracy: 0.2315
Std Test AUC: 0.0890

--- Round 38/500 ---
Averaged Train Loss: 1.8374
Averaged Test Accuracy: 0.3240
Averaged Test AUC: 0.7759
Std Test Accuracy: 0.1526
Std Test AUC: 0.0803

--- Round 39/500 ---
Averaged Train Loss: 1.8307
Averaged Test Accuracy: 0.3147
Averaged Test AUC: 0.7806
Std Test Accuracy: 0.2159
Std Test AUC: 0.0690

--- Round 40/500 ---
Averaged Train Loss: 1.8155
Averaged Test Accuracy: 0.3264
Averaged Test AUC: 0.7844
Std Test Accuracy: 0.2042
Std Test AUC: 0.0723

--- Round 41/500 ---
Averaged Train Loss: 1.7997
Averaged Test Accuracy: 0.3361
Averaged Test AUC: 0.7862
Std Test Accuracy: 0.2036
Std Test AUC: 0.0756

--- Round 42/500 ---
Averaged Train Loss: 1.8186
Averaged Test Accuracy: 0.3246
Averaged Test AUC: 0.7836
Std Test Accuracy: 0.1845
Std Test AUC: 0.0676

--- Round 43/500 ---
Averaged Train Loss: 1.7947
Averaged Test Accuracy: 0.3441
Averaged Test AUC: 0.7878
Std Test Accuracy: 0.1890
Std Test AUC: 0.0620

--- Round 44/500 ---
Averaged Train Loss: 1.7988
Averaged Test Accuracy: 0.3452
Averaged Test AUC: 0.7867
Std Test Accuracy: 0.1795
Std Test AUC: 0.0730

--- Round 45/500 ---
Averaged Train Loss: 1.7867
Averaged Test Accuracy: 0.3419
Averaged Test AUC: 0.7912
Std Test Accuracy: 0.2007
Std Test AUC: 0.0688

--- Round 46/500 ---
Averaged Train Loss: 1.7459
Averaged Test Accuracy: 0.3604
Averaged Test AUC: 0.7981
Std Test Accuracy: 0.1380
Std Test AUC: 0.0459

--- Round 47/500 ---
Averaged Train Loss: 1.8064
Averaged Test Accuracy: 0.3326
Averaged Test AUC: 0.7925
Std Test Accuracy: 0.2043
Std Test AUC: 0.0606

--- Round 48/500 ---
Averaged Train Loss: 1.8199
Averaged Test Accuracy: 0.3236
Averaged Test AUC: 0.7902
Std Test Accuracy: 0.2391
Std Test AUC: 0.0755

--- Round 49/500 ---
Averaged Train Loss: 1.7676
Averaged Test Accuracy: 0.3467
Averaged Test AUC: 0.7934
Std Test Accuracy: 0.1809
Std Test AUC: 0.0689

--- Round 50/500 ---
Averaged Train Loss: 1.8832
Averaged Test Accuracy: 0.3109
Averaged Test AUC: 0.7772
Std Test Accuracy: 0.2321
Std Test AUC: 0.0899

--- Round 51/500 ---
Averaged Train Loss: 1.7872
Averaged Test Accuracy: 0.3377
Averaged Test AUC: 0.7941
Std Test Accuracy: 0.2241
Std Test AUC: 0.0796

--- Round 52/500 ---
Averaged Train Loss: 1.7872
Averaged Test Accuracy: 0.3558
Averaged Test AUC: 0.7866
Std Test Accuracy: 0.1686
Std Test AUC: 0.0949

--- Round 53/500 ---
Averaged Train Loss: 1.7350
Averaged Test Accuracy: 0.3596
Averaged Test AUC: 0.8004
Std Test Accuracy: 0.1976
Std Test AUC: 0.0719

--- Round 54/500 ---
Averaged Train Loss: 1.7264
Averaged Test Accuracy: 0.3528
Averaged Test AUC: 0.8002
Std Test Accuracy: 0.1629
Std Test AUC: 0.0605

--- Round 55/500 ---
Averaged Train Loss: 1.6793
Averaged Test Accuracy: 0.3928
Averaged Test AUC: 0.8118
Std Test Accuracy: 0.1400
Std Test AUC: 0.0500

--- Round 56/500 ---
Averaged Train Loss: 1.7402
Averaged Test Accuracy: 0.3457
Averaged Test AUC: 0.8032
Std Test Accuracy: 0.2123
Std Test AUC: 0.0647

--- Round 57/500 ---
Averaged Train Loss: 1.7299
Averaged Test Accuracy: 0.3563
Averaged Test AUC: 0.8037
Std Test Accuracy: 0.2213
Std Test AUC: 0.0662

--- Round 58/500 ---
Averaged Train Loss: 1.7170
Averaged Test Accuracy: 0.3649
Averaged Test AUC: 0.8070
Std Test Accuracy: 0.1814
Std Test AUC: 0.0557

--- Round 59/500 ---
Averaged Train Loss: 1.6891
Averaged Test Accuracy: 0.3766
Averaged Test AUC: 0.8112
Std Test Accuracy: 0.1498
Std Test AUC: 0.0427

--- Round 60/500 ---
Averaged Train Loss: 1.6947
Averaged Test Accuracy: 0.3785
Averaged Test AUC: 0.8089
Std Test Accuracy: 0.1742
Std Test AUC: 0.0618

--- Round 61/500 ---
Averaged Train Loss: 1.7449
Averaged Test Accuracy: 0.3468
Averaged Test AUC: 0.8032
Std Test Accuracy: 0.2209
Std Test AUC: 0.0736

--- Round 62/500 ---
Averaged Train Loss: 1.7208
Averaged Test Accuracy: 0.3548
Averaged Test AUC: 0.8064
Std Test Accuracy: 0.1895
Std Test AUC: 0.0604

--- Round 63/500 ---
Averaged Train Loss: 1.6592
Averaged Test Accuracy: 0.3968
Averaged Test AUC: 0.8156
Std Test Accuracy: 0.1402
Std Test AUC: 0.0459

--- Round 64/500 ---
Averaged Train Loss: 1.6907
Averaged Test Accuracy: 0.3709
Averaged Test AUC: 0.8070
Std Test Accuracy: 0.1515
Std Test AUC: 0.0579

--- Round 65/500 ---
Averaged Train Loss: 1.7173
Averaged Test Accuracy: 0.3743
Averaged Test AUC: 0.8017
Std Test Accuracy: 0.1642
Std Test AUC: 0.0836

--- Round 66/500 ---
Averaged Train Loss: 1.8650
Averaged Test Accuracy: 0.3222
Averaged Test AUC: 0.7853
Std Test Accuracy: 0.2329
Std Test AUC: 0.0925

--- Round 67/500 ---
Averaged Train Loss: 1.7125
Averaged Test Accuracy: 0.3643
Averaged Test AUC: 0.8089
Std Test Accuracy: 0.2139
Std Test AUC: 0.0727

--- Round 68/500 ---
Averaged Train Loss: 1.6672
Averaged Test Accuracy: 0.3884
Averaged Test AUC: 0.8159
Std Test Accuracy: 0.1855
Std Test AUC: 0.0636

--- Round 69/500 ---
Averaged Train Loss: 1.6714
Averaged Test Accuracy: 0.3850
Averaged Test AUC: 0.8142
Std Test Accuracy: 0.1802
Std Test AUC: 0.0577

--- Round 70/500 ---
Averaged Train Loss: 1.6491
Averaged Test Accuracy: 0.3907
Averaged Test AUC: 0.8187
Std Test Accuracy: 0.1917
Std Test AUC: 0.0618

--- Round 71/500 ---
Averaged Train Loss: 1.6820
Averaged Test Accuracy: 0.3826
Averaged Test AUC: 0.8144
Std Test Accuracy: 0.1958
Std Test AUC: 0.0658

--- Round 72/500 ---
Averaged Train Loss: 1.6404
Averaged Test Accuracy: 0.4012
Averaged Test AUC: 0.8190
Std Test Accuracy: 0.1744
Std Test AUC: 0.0587

--- Round 73/500 ---
Averaged Train Loss: 1.6109
Averaged Test Accuracy: 0.4173
Averaged Test AUC: 0.8244
Std Test Accuracy: 0.1532
Std Test AUC: 0.0468

--- Round 74/500 ---
Averaged Train Loss: 1.6935
Averaged Test Accuracy: 0.3842
Averaged Test AUC: 0.8128
Std Test Accuracy: 0.1752
Std Test AUC: 0.0609

--- Round 75/500 ---
Averaged Train Loss: 1.7162
Averaged Test Accuracy: 0.3696
Averaged Test AUC: 0.8076
Std Test Accuracy: 0.1895
Std Test AUC: 0.0746

--- Round 76/500 ---
Averaged Train Loss: 1.6598
Averaged Test Accuracy: 0.3879
Averaged Test AUC: 0.8198
Std Test Accuracy: 0.2033
Std Test AUC: 0.0586

--- Round 77/500 ---
Averaged Train Loss: 1.6586
Averaged Test Accuracy: 0.3875
Averaged Test AUC: 0.8180
Std Test Accuracy: 0.1840
Std Test AUC: 0.0566

--- Round 78/500 ---
Averaged Train Loss: 1.6242
Averaged Test Accuracy: 0.4069
Averaged Test AUC: 0.8239
Std Test Accuracy: 0.1419
Std Test AUC: 0.0410

--- Round 79/500 ---
Averaged Train Loss: 1.6477
Averaged Test Accuracy: 0.3942
Averaged Test AUC: 0.8218
Std Test Accuracy: 0.1862
Std Test AUC: 0.0622

--- Round 80/500 ---
Averaged Train Loss: 1.6238
Averaged Test Accuracy: 0.3995
Averaged Test AUC: 0.8218
Std Test Accuracy: 0.1289
Std Test AUC: 0.0431

--- Round 81/500 ---
Averaged Train Loss: 1.6107
Averaged Test Accuracy: 0.4085
Averaged Test AUC: 0.8268
Std Test Accuracy: 0.1635
Std Test AUC: 0.0516

--- Round 82/500 ---
Averaged Train Loss: 1.6189
Averaged Test Accuracy: 0.3984
Averaged Test AUC: 0.8226
Std Test Accuracy: 0.1446
Std Test AUC: 0.0468

--- Round 83/500 ---
Averaged Train Loss: 1.6542
Averaged Test Accuracy: 0.3848
Averaged Test AUC: 0.8218
Std Test Accuracy: 0.2118
Std Test AUC: 0.0617

--- Round 84/500 ---
Averaged Train Loss: 1.6356
Averaged Test Accuracy: 0.4009
Averaged Test AUC: 0.8228
Std Test Accuracy: 0.1913
Std Test AUC: 0.0601

--- Round 85/500 ---
Averaged Train Loss: 1.6387
Averaged Test Accuracy: 0.3975
Averaged Test AUC: 0.8253
Std Test Accuracy: 0.1904
Std Test AUC: 0.0530

--- Round 86/500 ---
Averaged Train Loss: 1.6502
Averaged Test Accuracy: 0.3933
Averaged Test AUC: 0.8159
Std Test Accuracy: 0.1801
Std Test AUC: 0.0780

--- Round 87/500 ---
Averaged Train Loss: 1.6349
Averaged Test Accuracy: 0.3931
Averaged Test AUC: 0.8225
Std Test Accuracy: 0.1988
Std Test AUC: 0.0599

--- Round 88/500 ---
Averaged Train Loss: 1.6150
Averaged Test Accuracy: 0.3989
Averaged Test AUC: 0.8223
Std Test Accuracy: 0.1519
Std Test AUC: 0.0515

--- Round 89/500 ---
Averaged Train Loss: 1.5892
Averaged Test Accuracy: 0.4212
Averaged Test AUC: 0.8289
Std Test Accuracy: 0.1678
Std Test AUC: 0.0500

--- Round 90/500 ---
Averaged Train Loss: 1.6460
Averaged Test Accuracy: 0.3877
Averaged Test AUC: 0.8232
Std Test Accuracy: 0.2052
Std Test AUC: 0.0630

--- Round 91/500 ---
Averaged Train Loss: 1.6145
Averaged Test Accuracy: 0.4011
Averaged Test AUC: 0.8273
Std Test Accuracy: 0.1787
Std Test AUC: 0.0563

--- Round 92/500 ---
Averaged Train Loss: 1.6234
Averaged Test Accuracy: 0.3970
Averaged Test AUC: 0.8255
Std Test Accuracy: 0.1833
Std Test AUC: 0.0587

--- Round 93/500 ---
Averaged Train Loss: 1.6357
Averaged Test Accuracy: 0.3853
Averaged Test AUC: 0.8243
Std Test Accuracy: 0.1879
Std Test AUC: 0.0540

--- Round 94/500 ---
Averaged Train Loss: 1.5816
Averaged Test Accuracy: 0.4231
Averaged Test AUC: 0.8316
Std Test Accuracy: 0.1554
Std Test AUC: 0.0523

--- Round 95/500 ---
Averaged Train Loss: 1.5615
Averaged Test Accuracy: 0.4305
Averaged Test AUC: 0.8334
Std Test Accuracy: 0.1339
Std Test AUC: 0.0464

--- Round 96/500 ---
Averaged Train Loss: 1.5927
Averaged Test Accuracy: 0.4101
Averaged Test AUC: 0.8259
Std Test Accuracy: 0.1328
Std Test AUC: 0.0467

--- Round 97/500 ---
Averaged Train Loss: 1.6109
Averaged Test Accuracy: 0.4023
Averaged Test AUC: 0.8264
Std Test Accuracy: 0.1926
Std Test AUC: 0.0572

--- Round 98/500 ---
Averaged Train Loss: 1.6327
Averaged Test Accuracy: 0.3944
Averaged Test AUC: 0.8268
Std Test Accuracy: 0.2089
Std Test AUC: 0.0595

--- Round 99/500 ---
Averaged Train Loss: 1.5890
Averaged Test Accuracy: 0.4148
Averaged Test AUC: 0.8301
Std Test Accuracy: 0.1745
Std Test AUC: 0.0552

--- Round 100/500 ---
Averaged Train Loss: 1.5860
Averaged Test Accuracy: 0.4160
Averaged Test AUC: 0.8295
Std Test Accuracy: 0.1504
Std Test AUC: 0.0516

--- Round 101/500 ---
Averaged Train Loss: 1.6467
Averaged Test Accuracy: 0.3906
Averaged Test AUC: 0.8244
Std Test Accuracy: 0.2051
Std Test AUC: 0.0666

--- Round 102/500 ---
Averaged Train Loss: 1.5496
Averaged Test Accuracy: 0.4320
Averaged Test AUC: 0.8358
Std Test Accuracy: 0.1426
Std Test AUC: 0.0447

--- Round 103/500 ---
Averaged Train Loss: 1.5909
Averaged Test Accuracy: 0.4160
Averaged Test AUC: 0.8295
Std Test Accuracy: 0.1613
Std Test AUC: 0.0499

--- Round 104/500 ---
Averaged Train Loss: 1.6046
Averaged Test Accuracy: 0.4127
Averaged Test AUC: 0.8290
Std Test Accuracy: 0.1501
Std Test AUC: 0.0520

--- Round 105/500 ---
Averaged Train Loss: 1.6084
Averaged Test Accuracy: 0.4075
Averaged Test AUC: 0.8255
Std Test Accuracy: 0.1361
Std Test AUC: 0.0562

--- Round 106/500 ---
Averaged Train Loss: 1.5602
Averaged Test Accuracy: 0.4299
Averaged Test AUC: 0.8364
Std Test Accuracy: 0.1490
Std Test AUC: 0.0475

--- Round 107/500 ---
Averaged Train Loss: 1.6915
Averaged Test Accuracy: 0.3803
Averaged Test AUC: 0.8162
Std Test Accuracy: 0.1885
Std Test AUC: 0.0752

--- Round 108/500 ---
Averaged Train Loss: 1.5220
Averaged Test Accuracy: 0.4490
Averaged Test AUC: 0.8387
Std Test Accuracy: 0.1016
Std Test AUC: 0.0343

--- Round 109/500 ---
Averaged Train Loss: 1.5747
Averaged Test Accuracy: 0.4213
Averaged Test AUC: 0.8318
Std Test Accuracy: 0.1480
Std Test AUC: 0.0479

--- Round 110/500 ---
Averaged Train Loss: 1.5460
Averaged Test Accuracy: 0.4337
Averaged Test AUC: 0.8350
Std Test Accuracy: 0.1599
Std Test AUC: 0.0487

--- Round 111/500 ---
Averaged Train Loss: 1.5675
Averaged Test Accuracy: 0.4222
Averaged Test AUC: 0.8316
Std Test Accuracy: 0.1583
Std Test AUC: 0.0525

--- Round 112/500 ---
Averaged Train Loss: 1.5552
Averaged Test Accuracy: 0.4337
Averaged Test AUC: 0.8357
Std Test Accuracy: 0.1184
Std Test AUC: 0.0396

--- Round 113/500 ---
Averaged Train Loss: 1.6143
Averaged Test Accuracy: 0.4107
Averaged Test AUC: 0.8272
Std Test Accuracy: 0.1534
Std Test AUC: 0.0586

--- Round 114/500 ---
Averaged Train Loss: 1.5564
Averaged Test Accuracy: 0.4242
Averaged Test AUC: 0.8363
Std Test Accuracy: 0.1817
Std Test AUC: 0.0492

--- Round 115/500 ---
Averaged Train Loss: 1.6025
Averaged Test Accuracy: 0.4140
Averaged Test AUC: 0.8305
Std Test Accuracy: 0.1716
Std Test AUC: 0.0536

--- Round 116/500 ---
Averaged Train Loss: 1.5659
Averaged Test Accuracy: 0.4260
Averaged Test AUC: 0.8366
Std Test Accuracy: 0.1697
Std Test AUC: 0.0478

--- Round 117/500 ---
Averaged Train Loss: 1.5724
Averaged Test Accuracy: 0.4202
Averaged Test AUC: 0.8347
Std Test Accuracy: 0.1717
Std Test AUC: 0.0521

--- Round 118/500 ---
Averaged Train Loss: 1.5903
Averaged Test Accuracy: 0.4156
Averaged Test AUC: 0.8309
Std Test Accuracy: 0.1721
Std Test AUC: 0.0587

--- Round 119/500 ---
Averaged Train Loss: 1.6098
Averaged Test Accuracy: 0.4073
Averaged Test AUC: 0.8299
Std Test Accuracy: 0.2184
Std Test AUC: 0.0621

--- Round 120/500 ---
Averaged Train Loss: 1.5183
Averaged Test Accuracy: 0.4517
Averaged Test AUC: 0.8404
Std Test Accuracy: 0.1358
Std Test AUC: 0.0435

--- Round 121/500 ---
Averaged Train Loss: 1.5451
Averaged Test Accuracy: 0.4260
Averaged Test AUC: 0.8341
Std Test Accuracy: 0.1327
Std Test AUC: 0.0407

--- Round 122/500 ---
Averaged Train Loss: 1.6289
Averaged Test Accuracy: 0.3974
Averaged Test AUC: 0.8261
Std Test Accuracy: 0.2053
Std Test AUC: 0.0622

--- Round 123/500 ---
Averaged Train Loss: 1.7507
Averaged Test Accuracy: 0.3685
Averaged Test AUC: 0.8029
Std Test Accuracy: 0.1774
Std Test AUC: 0.0896

--- Round 124/500 ---
Averaged Train Loss: 1.5990
Averaged Test Accuracy: 0.3982
Averaged Test AUC: 0.8352
Std Test Accuracy: 0.1900
Std Test AUC: 0.0551

--- Round 125/500 ---
Averaged Train Loss: 1.5984
Averaged Test Accuracy: 0.4079
Averaged Test AUC: 0.8258
Std Test Accuracy: 0.1535
Std Test AUC: 0.0585

--- Round 126/500 ---
Averaged Train Loss: 1.6838
Averaged Test Accuracy: 0.3822
Averaged Test AUC: 0.8122
Std Test Accuracy: 0.1829
Std Test AUC: 0.0838

--- Round 127/500 ---
Averaged Train Loss: 1.5298
Averaged Test Accuracy: 0.4383
Averaged Test AUC: 0.8407
Std Test Accuracy: 0.1798
Std Test AUC: 0.0536

--- Round 128/500 ---
Averaged Train Loss: 1.5755
Averaged Test Accuracy: 0.4135
Averaged Test AUC: 0.8336
Std Test Accuracy: 0.1670
Std Test AUC: 0.0518

--- Round 129/500 ---
Averaged Train Loss: 1.6862
Averaged Test Accuracy: 0.3765
Averaged Test AUC: 0.8154
Std Test Accuracy: 0.1860
Std Test AUC: 0.0744

--- Round 130/500 ---
Averaged Train Loss: 1.5676
Averaged Test Accuracy: 0.4216
Averaged Test AUC: 0.8355
Std Test Accuracy: 0.2018
Std Test AUC: 0.0627

--- Round 131/500 ---
Averaged Train Loss: 1.6312
Averaged Test Accuracy: 0.3936
Averaged Test AUC: 0.8220
Std Test Accuracy: 0.1666
Std Test AUC: 0.0692

--- Round 132/500 ---
Averaged Train Loss: 1.6074
Averaged Test Accuracy: 0.4084
Averaged Test AUC: 0.8261
Std Test Accuracy: 0.1707
Std Test AUC: 0.0723

--- Round 133/500 ---
Averaged Train Loss: 1.5316
Averaged Test Accuracy: 0.4395
Averaged Test AUC: 0.8402
Std Test Accuracy: 0.1667
Std Test AUC: 0.0482

--- Round 134/500 ---
Averaged Train Loss: 1.6367
Averaged Test Accuracy: 0.3964
Averaged Test AUC: 0.8208
Std Test Accuracy: 0.1719
Std Test AUC: 0.0703

--- Round 135/500 ---
Averaged Train Loss: 1.6533
Averaged Test Accuracy: 0.3897
Averaged Test AUC: 0.8209
Std Test Accuracy: 0.1866
Std Test AUC: 0.0799

--- Round 136/500 ---
Averaged Train Loss: 1.5276
Averaged Test Accuracy: 0.4420
Averaged Test AUC: 0.8404
Std Test Accuracy: 0.1727
Std Test AUC: 0.0669

--- Round 137/500 ---
Averaged Train Loss: 1.6351
Averaged Test Accuracy: 0.3975
Averaged Test AUC: 0.8263
Std Test Accuracy: 0.1773
Std Test AUC: 0.0607

--- Round 138/500 ---
Averaged Train Loss: 1.6791
Averaged Test Accuracy: 0.3878
Averaged Test AUC: 0.8178
Std Test Accuracy: 0.1950
Std Test AUC: 0.0878

--- Round 139/500 ---
Averaged Train Loss: 1.5181
Averaged Test Accuracy: 0.4479
Averaged Test AUC: 0.8415
Std Test Accuracy: 0.1710
Std Test AUC: 0.0580

--- Round 140/500 ---
Averaged Train Loss: 1.5780
Averaged Test Accuracy: 0.4171
Averaged Test AUC: 0.8331
Std Test Accuracy: 0.1485
Std Test AUC: 0.0573

--- Round 141/500 ---
Averaged Train Loss: 1.6316
Averaged Test Accuracy: 0.3910
Averaged Test AUC: 0.8259
Std Test Accuracy: 0.1673
Std Test AUC: 0.0631

--- Round 142/500 ---
Averaged Train Loss: 1.5538
Averaged Test Accuracy: 0.4443
Averaged Test AUC: 0.8365
Std Test Accuracy: 0.1738
Std Test AUC: 0.0763

--- Round 143/500 ---
Averaged Train Loss: 1.6236
Averaged Test Accuracy: 0.4002
Averaged Test AUC: 0.8282
Std Test Accuracy: 0.1838
Std Test AUC: 0.0629

--- Round 144/500 ---
Averaged Train Loss: 1.6153
Averaged Test Accuracy: 0.4058
Averaged Test AUC: 0.8280
Std Test Accuracy: 0.1819
Std Test AUC: 0.0699

--- Round 145/500 ---
Averaged Train Loss: 1.5244
Averaged Test Accuracy: 0.4405
Averaged Test AUC: 0.8423
Std Test Accuracy: 0.1726
Std Test AUC: 0.0495

--- Round 146/500 ---
Averaged Train Loss: 1.6136
Averaged Test Accuracy: 0.4017
Averaged Test AUC: 0.8297
Std Test Accuracy: 0.1752
Std Test AUC: 0.0663

--- Round 147/500 ---
Averaged Train Loss: 1.6554
Averaged Test Accuracy: 0.3878
Averaged Test AUC: 0.8250
Std Test Accuracy: 0.1757
Std Test AUC: 0.0708

--- Round 148/500 ---
Averaged Train Loss: 1.5337
Averaged Test Accuracy: 0.4338
Averaged Test AUC: 0.8428
Std Test Accuracy: 0.1826
Std Test AUC: 0.0615

--- Round 149/500 ---
Averaged Train Loss: 1.6040
Averaged Test Accuracy: 0.4094
Averaged Test AUC: 0.8326
Std Test Accuracy: 0.1714
Std Test AUC: 0.0587

--- Round 150/500 ---
Averaged Train Loss: 1.6396
Averaged Test Accuracy: 0.4047
Averaged Test AUC: 0.8262
Std Test Accuracy: 0.1948
Std Test AUC: 0.0793

--- Round 151/500 ---
Averaged Train Loss: 1.4818
Averaged Test Accuracy: 0.4533
Averaged Test AUC: 0.8488
Std Test Accuracy: 0.1523
Std Test AUC: 0.0465

--- Round 152/500 ---
Averaged Train Loss: 1.5379
Averaged Test Accuracy: 0.4396
Averaged Test AUC: 0.8367
Std Test Accuracy: 0.1315
Std Test AUC: 0.0586

--- Round 153/500 ---
Averaged Train Loss: 1.6186
Averaged Test Accuracy: 0.4059
Averaged Test AUC: 0.8298
Std Test Accuracy: 0.1763
Std Test AUC: 0.0640

--- Round 154/500 ---
Averaged Train Loss: 1.5433
Averaged Test Accuracy: 0.4437
Averaged Test AUC: 0.8397
Std Test Accuracy: 0.1818
Std Test AUC: 0.0760

--- Round 155/500 ---
Averaged Train Loss: 1.5853
Averaged Test Accuracy: 0.4055
Averaged Test AUC: 0.8372
Std Test Accuracy: 0.1749
Std Test AUC: 0.0565

--- Round 156/500 ---
Averaged Train Loss: 1.5931
Averaged Test Accuracy: 0.4165
Averaged Test AUC: 0.8319
Std Test Accuracy: 0.1726
Std Test AUC: 0.0649

--- Round 157/500 ---
Averaged Train Loss: 1.5670
Averaged Test Accuracy: 0.4410
Averaged Test AUC: 0.8375
Std Test Accuracy: 0.1916
Std Test AUC: 0.0743

--- Round 158/500 ---
Averaged Train Loss: 1.6041
Averaged Test Accuracy: 0.4040
Averaged Test AUC: 0.8347
Std Test Accuracy: 0.1765
Std Test AUC: 0.0613

--- Round 159/500 ---
Averaged Train Loss: 1.5953
Averaged Test Accuracy: 0.4155
Averaged Test AUC: 0.8336
Std Test Accuracy: 0.1720
Std Test AUC: 0.0618

--- Round 160/500 ---
Averaged Train Loss: 1.5183
Averaged Test Accuracy: 0.4430
Averaged Test AUC: 0.8442
Std Test Accuracy: 0.1772
Std Test AUC: 0.0562

--- Round 161/500 ---
Averaged Train Loss: 1.5895
Averaged Test Accuracy: 0.4105
Averaged Test AUC: 0.8331
Std Test Accuracy: 0.1756
Std Test AUC: 0.0638

--- Round 162/500 ---
Averaged Train Loss: 1.5863
Averaged Test Accuracy: 0.4176
Averaged Test AUC: 0.8344
Std Test Accuracy: 0.1716
Std Test AUC: 0.0649

--- Round 163/500 ---
Averaged Train Loss: 1.5062
Averaged Test Accuracy: 0.4521
Averaged Test AUC: 0.8451
Std Test Accuracy: 0.1728
Std Test AUC: 0.0553

--- Round 164/500 ---
Averaged Train Loss: 1.5077
Averaged Test Accuracy: 0.4412
Averaged Test AUC: 0.8452
Std Test Accuracy: 0.1422
Std Test AUC: 0.0469

--- Round 165/500 ---
Averaged Train Loss: 1.6210
Averaged Test Accuracy: 0.4099
Averaged Test AUC: 0.8301
Std Test Accuracy: 0.1946
Std Test AUC: 0.0770

--- Round 166/500 ---
Averaged Train Loss: 1.4885
Averaged Test Accuracy: 0.4566
Averaged Test AUC: 0.8493
Std Test Accuracy: 0.1745
Std Test AUC: 0.0580

--- Round 167/500 ---
Averaged Train Loss: 1.5657
Averaged Test Accuracy: 0.4246
Averaged Test AUC: 0.8385
Std Test Accuracy: 0.1611
Std Test AUC: 0.0548

--- Round 168/500 ---
Averaged Train Loss: 1.6034
Averaged Test Accuracy: 0.4152
Averaged Test AUC: 0.8334
Std Test Accuracy: 0.1742
Std Test AUC: 0.0621

--- Round 169/500 ---
Averaged Train Loss: 1.5138
Averaged Test Accuracy: 0.4580
Averaged Test AUC: 0.8442
Std Test Accuracy: 0.1769
Std Test AUC: 0.0704

--- Round 170/500 ---
Averaged Train Loss: 1.5531
Averaged Test Accuracy: 0.4254
Averaged Test AUC: 0.8411
Std Test Accuracy: 0.1550
Std Test AUC: 0.0545

--- Round 171/500 ---
Averaged Train Loss: 1.5688
Averaged Test Accuracy: 0.4251
Averaged Test AUC: 0.8363
Std Test Accuracy: 0.1747
Std Test AUC: 0.0631

--- Round 172/500 ---
Averaged Train Loss: 1.5102
Averaged Test Accuracy: 0.4566
Averaged Test AUC: 0.8458
Std Test Accuracy: 0.1825
Std Test AUC: 0.0716

--- Round 173/500 ---
Averaged Train Loss: 1.5782
Averaged Test Accuracy: 0.4243
Averaged Test AUC: 0.8385
Std Test Accuracy: 0.1579
Std Test AUC: 0.0540

--- Round 174/500 ---
Averaged Train Loss: 1.5557
Averaged Test Accuracy: 0.4267
Averaged Test AUC: 0.8385
Std Test Accuracy: 0.1567
Std Test AUC: 0.0542

--- Round 175/500 ---
Averaged Train Loss: 1.4848
Averaged Test Accuracy: 0.4666
Averaged Test AUC: 0.8483
Std Test Accuracy: 0.1760
Std Test AUC: 0.0635

--- Round 176/500 ---
Averaged Train Loss: 1.5515
Averaged Test Accuracy: 0.4236
Averaged Test AUC: 0.8391
Std Test Accuracy: 0.1670
Std Test AUC: 0.0604

--- Round 177/500 ---
Averaged Train Loss: 1.5572
Averaged Test Accuracy: 0.4296
Averaged Test AUC: 0.8390
Std Test Accuracy: 0.1694
Std Test AUC: 0.0601

--- Round 178/500 ---
Averaged Train Loss: 1.4667
Averaged Test Accuracy: 0.4629
Averaged Test AUC: 0.8509
Std Test Accuracy: 0.1655
Std Test AUC: 0.0478

--- Round 179/500 ---
Averaged Train Loss: 1.5473
Averaged Test Accuracy: 0.4301
Averaged Test AUC: 0.8422
Std Test Accuracy: 0.1612
Std Test AUC: 0.0520

--- Round 180/500 ---
Averaged Train Loss: 1.5926
Averaged Test Accuracy: 0.4210
Averaged Test AUC: 0.8348
Std Test Accuracy: 0.1819
Std Test AUC: 0.0718

--- Round 181/500 ---
Averaged Train Loss: 1.4782
Averaged Test Accuracy: 0.4611
Averaged Test AUC: 0.8505
Std Test Accuracy: 0.1772
Std Test AUC: 0.0598

--- Round 182/500 ---
Averaged Train Loss: 1.4957
Averaged Test Accuracy: 0.4530
Averaged Test AUC: 0.8457
Std Test Accuracy: 0.1346
Std Test AUC: 0.0523

--- Round 183/500 ---
Averaged Train Loss: 1.5789
Averaged Test Accuracy: 0.4142
Averaged Test AUC: 0.8377
Std Test Accuracy: 0.1663
Std Test AUC: 0.0547

--- Round 184/500 ---
Averaged Train Loss: 1.4915
Averaged Test Accuracy: 0.4619
Averaged Test AUC: 0.8484
Std Test Accuracy: 0.1742
Std Test AUC: 0.0684

--- Round 185/500 ---
Averaged Train Loss: 1.5361
Averaged Test Accuracy: 0.4350
Averaged Test AUC: 0.8438
Std Test Accuracy: 0.1623
Std Test AUC: 0.0517

--- Round 186/500 ---
Averaged Train Loss: 1.5632
Averaged Test Accuracy: 0.4270
Averaged Test AUC: 0.8389
Std Test Accuracy: 0.1817
Std Test AUC: 0.0632

--- Round 187/500 ---
Averaged Train Loss: 1.4885
Averaged Test Accuracy: 0.4691
Averaged Test AUC: 0.8493
Std Test Accuracy: 0.1808
Std Test AUC: 0.0651

--- Round 188/500 ---
Averaged Train Loss: 1.5443
Averaged Test Accuracy: 0.4299
Averaged Test AUC: 0.8420
Std Test Accuracy: 0.1683
Std Test AUC: 0.0583

--- Round 189/500 ---
Averaged Train Loss: 1.5883
Averaged Test Accuracy: 0.4208
Averaged Test AUC: 0.8350
Std Test Accuracy: 0.1729
Std Test AUC: 0.0652

--- Round 190/500 ---
Averaged Train Loss: 1.4751
Averaged Test Accuracy: 0.4637
Averaged Test AUC: 0.8515
Std Test Accuracy: 0.1723
Std Test AUC: 0.0583

--- Round 191/500 ---
Averaged Train Loss: 1.4613
Averaged Test Accuracy: 0.4615
Averaged Test AUC: 0.8514
Std Test Accuracy: 0.1339
Std Test AUC: 0.0459

--- Round 192/500 ---
Averaged Train Loss: 1.5765
Averaged Test Accuracy: 0.4212
Averaged Test AUC: 0.8364
Std Test Accuracy: 0.1973
Std Test AUC: 0.0774

--- Round 193/500 ---
Averaged Train Loss: 1.4556
Averaged Test Accuracy: 0.4709
Averaged Test AUC: 0.8537
Std Test Accuracy: 0.1673
Std Test AUC: 0.0487

--- Round 194/500 ---
Averaged Train Loss: 1.5668
Averaged Test Accuracy: 0.4209
Averaged Test AUC: 0.8420
Std Test Accuracy: 0.1640
Std Test AUC: 0.0554

--- Round 195/500 ---
Averaged Train Loss: 1.5284
Averaged Test Accuracy: 0.4301
Averaged Test AUC: 0.8443
Std Test Accuracy: 0.1548
Std Test AUC: 0.0506

--- Round 196/500 ---
Averaged Train Loss: 1.4511
Averaged Test Accuracy: 0.4682
Averaged Test AUC: 0.8549
Std Test Accuracy: 0.1731
Std Test AUC: 0.0542

--- Round 197/500 ---
Averaged Train Loss: 1.5252
Averaged Test Accuracy: 0.4371
Averaged Test AUC: 0.8460
Std Test Accuracy: 0.1625
Std Test AUC: 0.0513

--- Round 198/500 ---
Averaged Train Loss: 1.5233
Averaged Test Accuracy: 0.4391
Averaged Test AUC: 0.8441
Std Test Accuracy: 0.1727
Std Test AUC: 0.0571

--- Round 199/500 ---
Averaged Train Loss: 1.4431
Averaged Test Accuracy: 0.4702
Averaged Test AUC: 0.8548
Std Test Accuracy: 0.1580
Std Test AUC: 0.0515

--- Round 200/500 ---
Averaged Train Loss: 1.4601
Averaged Test Accuracy: 0.4545
Averaged Test AUC: 0.8527
Std Test Accuracy: 0.1407
Std Test AUC: 0.0437

--- Round 201/500 ---
Averaged Train Loss: 1.5300
Averaged Test Accuracy: 0.4365
Averaged Test AUC: 0.8427
Std Test Accuracy: 0.1647
Std Test AUC: 0.0587

--- Round 202/500 ---
Averaged Train Loss: 1.4429
Averaged Test Accuracy: 0.4765
Averaged Test AUC: 0.8558
Std Test Accuracy: 0.1698
Std Test AUC: 0.0535

--- Round 203/500 ---
Averaged Train Loss: 1.5266
Averaged Test Accuracy: 0.4354
Averaged Test AUC: 0.8452
Std Test Accuracy: 0.1722
Std Test AUC: 0.0599

--- Round 204/500 ---
Averaged Train Loss: 1.5157
Averaged Test Accuracy: 0.4389
Averaged Test AUC: 0.8469
Std Test Accuracy: 0.1601
Std Test AUC: 0.0483

--- Round 205/500 ---
Averaged Train Loss: 1.4868
Averaged Test Accuracy: 0.4687
Averaged Test AUC: 0.8504
Std Test Accuracy: 0.1849
Std Test AUC: 0.0653

--- Round 206/500 ---
Averaged Train Loss: 1.5087
Averaged Test Accuracy: 0.4447
Averaged Test AUC: 0.8483
Std Test Accuracy: 0.1537
Std Test AUC: 0.0494

--- Round 207/500 ---
Averaged Train Loss: 1.5341
Averaged Test Accuracy: 0.4353
Averaged Test AUC: 0.8436
Std Test Accuracy: 0.1748
Std Test AUC: 0.0593

--- Round 208/500 ---
Averaged Train Loss: 1.4469
Averaged Test Accuracy: 0.4705
Averaged Test AUC: 0.8555
Std Test Accuracy: 0.1681
Std Test AUC: 0.0478

--- Round 209/500 ---
Averaged Train Loss: 1.5226
Averaged Test Accuracy: 0.4397
Averaged Test AUC: 0.8476
Std Test Accuracy: 0.1555
Std Test AUC: 0.0529

--- Round 210/500 ---
Averaged Train Loss: 1.5570
Averaged Test Accuracy: 0.4305
Averaged Test AUC: 0.8411
Std Test Accuracy: 0.1801
Std Test AUC: 0.0667

--- Round 211/500 ---
Averaged Train Loss: 1.4400
Averaged Test Accuracy: 0.4792
Averaged Test AUC: 0.8567
Std Test Accuracy: 0.1752
Std Test AUC: 0.0517

--- Round 212/500 ---
Averaged Train Loss: 1.4830
Averaged Test Accuracy: 0.4545
Averaged Test AUC: 0.8500
Std Test Accuracy: 0.1458
Std Test AUC: 0.0460

--- Round 213/500 ---
Averaged Train Loss: 1.5080
Averaged Test Accuracy: 0.4476
Averaged Test AUC: 0.8465
Std Test Accuracy: 0.1746
Std Test AUC: 0.0588

--- Round 214/500 ---
Averaged Train Loss: 1.4681
Averaged Test Accuracy: 0.4721
Averaged Test AUC: 0.8523
Std Test Accuracy: 0.1767
Std Test AUC: 0.0664

--- Round 215/500 ---
Averaged Train Loss: 1.4732
Averaged Test Accuracy: 0.4594
Averaged Test AUC: 0.8496
Std Test Accuracy: 0.1422
Std Test AUC: 0.0513

--- Round 216/500 ---
Averaged Train Loss: 1.5123
Averaged Test Accuracy: 0.4418
Averaged Test AUC: 0.8462
Std Test Accuracy: 0.1538
Std Test AUC: 0.0529

--- Round 217/500 ---
Averaged Train Loss: 1.4297
Averaged Test Accuracy: 0.4794
Averaged Test AUC: 0.8578
Std Test Accuracy: 0.1667
Std Test AUC: 0.0523

--- Round 218/500 ---
Averaged Train Loss: 1.5132
Averaged Test Accuracy: 0.4430
Averaged Test AUC: 0.8475
Std Test Accuracy: 0.1619
Std Test AUC: 0.0550

--- Round 219/500 ---
Averaged Train Loss: 1.5159
Averaged Test Accuracy: 0.4427
Averaged Test AUC: 0.8459
Std Test Accuracy: 0.1584
Std Test AUC: 0.0582

--- Round 220/500 ---
Averaged Train Loss: 1.4866
Averaged Test Accuracy: 0.4621
Averaged Test AUC: 0.8514
Std Test Accuracy: 0.1766
Std Test AUC: 0.0534

--- Round 221/500 ---
Averaged Train Loss: 1.4932
Averaged Test Accuracy: 0.4510
Averaged Test AUC: 0.8506
Std Test Accuracy: 0.1517
Std Test AUC: 0.0489

--- Round 222/500 ---
Averaged Train Loss: 1.5258
Averaged Test Accuracy: 0.4412
Averaged Test AUC: 0.8453
Std Test Accuracy: 0.1745
Std Test AUC: 0.0622

--- Round 223/500 ---
Averaged Train Loss: 1.4622
Averaged Test Accuracy: 0.4766
Averaged Test AUC: 0.8518
Std Test Accuracy: 0.1669
Std Test AUC: 0.0635

--- Round 224/500 ---
Averaged Train Loss: 1.4765
Averaged Test Accuracy: 0.4568
Averaged Test AUC: 0.8520
Std Test Accuracy: 0.1412
Std Test AUC: 0.0488

--- Round 225/500 ---
Averaged Train Loss: 1.4983
Averaged Test Accuracy: 0.4482
Averaged Test AUC: 0.8484
Std Test Accuracy: 0.1796
Std Test AUC: 0.0562

--- Round 226/500 ---
Averaged Train Loss: 1.4389
Averaged Test Accuracy: 0.4828
Averaged Test AUC: 0.8560
Std Test Accuracy: 0.1718
Std Test AUC: 0.0644

--- Round 227/500 ---
Averaged Train Loss: 1.4860
Averaged Test Accuracy: 0.4555
Averaged Test AUC: 0.8508
Std Test Accuracy: 0.1545
Std Test AUC: 0.0486

--- Round 228/500 ---
Averaged Train Loss: 1.4754
Averaged Test Accuracy: 0.4550
Averaged Test AUC: 0.8509
Std Test Accuracy: 0.1529
Std Test AUC: 0.0524

--- Round 229/500 ---
Averaged Train Loss: 1.4152
Averaged Test Accuracy: 0.4838
Averaged Test AUC: 0.8591
Std Test Accuracy: 0.1654
Std Test AUC: 0.0464

--- Round 230/500 ---
Averaged Train Loss: 1.4624
Averaged Test Accuracy: 0.4620
Averaged Test AUC: 0.8535
Std Test Accuracy: 0.1535
Std Test AUC: 0.0508

--- Round 231/500 ---
Averaged Train Loss: 1.4987
Averaged Test Accuracy: 0.4500
Averaged Test AUC: 0.8491
Std Test Accuracy: 0.1765
Std Test AUC: 0.0582

--- Round 232/500 ---
Averaged Train Loss: 1.4003
Averaged Test Accuracy: 0.4906
Averaged Test AUC: 0.8603
Std Test Accuracy: 0.1530
Std Test AUC: 0.0470

--- Round 233/500 ---
Averaged Train Loss: 1.4835
Averaged Test Accuracy: 0.4571
Averaged Test AUC: 0.8513
Std Test Accuracy: 0.1528
Std Test AUC: 0.0475

--- Round 234/500 ---
Averaged Train Loss: 1.5399
Averaged Test Accuracy: 0.4389
Averaged Test AUC: 0.8444
Std Test Accuracy: 0.1683
Std Test AUC: 0.0638

--- Round 235/500 ---
Averaged Train Loss: 1.4054
Averaged Test Accuracy: 0.4844
Averaged Test AUC: 0.8604
Std Test Accuracy: 0.1468
Std Test AUC: 0.0419

--- Round 236/500 ---
Averaged Train Loss: 1.4289
Averaged Test Accuracy: 0.4767
Averaged Test AUC: 0.8561
Std Test Accuracy: 0.1267
Std Test AUC: 0.0451

--- Round 237/500 ---
Averaged Train Loss: 1.5047
Averaged Test Accuracy: 0.4440
Averaged Test AUC: 0.8480
Std Test Accuracy: 0.1593
Std Test AUC: 0.0540

--- Round 238/500 ---
Averaged Train Loss: 1.4456
Averaged Test Accuracy: 0.4771
Averaged Test AUC: 0.8556
Std Test Accuracy: 0.1733
Std Test AUC: 0.0656

--- Round 239/500 ---
Averaged Train Loss: 1.4848
Averaged Test Accuracy: 0.4532
Averaged Test AUC: 0.8519
Std Test Accuracy: 0.1488
Std Test AUC: 0.0487

--- Round 240/500 ---
Averaged Train Loss: 1.4825
Averaged Test Accuracy: 0.4508
Averaged Test AUC: 0.8505
Std Test Accuracy: 0.1493
Std Test AUC: 0.0491

--- Round 241/500 ---
Averaged Train Loss: 1.3902
Averaged Test Accuracy: 0.4918
Averaged Test AUC: 0.8626
Std Test Accuracy: 0.1577
Std Test AUC: 0.0431

--- Round 242/500 ---
Averaged Train Loss: 1.5199
Averaged Test Accuracy: 0.4399
Averaged Test AUC: 0.8478
Std Test Accuracy: 0.1739
Std Test AUC: 0.0563

--- Round 243/500 ---
Averaged Train Loss: 1.4979
Averaged Test Accuracy: 0.4528
Averaged Test AUC: 0.8508
Std Test Accuracy: 0.1734
Std Test AUC: 0.0549

--- Round 244/500 ---
Averaged Train Loss: 1.4173
Averaged Test Accuracy: 0.4806
Averaged Test AUC: 0.8590
Std Test Accuracy: 0.1633
Std Test AUC: 0.0477

--- Round 245/500 ---
Averaged Train Loss: 1.4125
Averaged Test Accuracy: 0.4774
Averaged Test AUC: 0.8592
Std Test Accuracy: 0.1345
Std Test AUC: 0.0412

--- Round 246/500 ---
Averaged Train Loss: 1.5173
Averaged Test Accuracy: 0.4506
Averaged Test AUC: 0.8479
Std Test Accuracy: 0.1700
Std Test AUC: 0.0649

--- Round 247/500 ---
Averaged Train Loss: 1.4047
Averaged Test Accuracy: 0.4863
Averaged Test AUC: 0.8615
Std Test Accuracy: 0.1716
Std Test AUC: 0.0513

--- Round 248/500 ---
Averaged Train Loss: 1.4362
Averaged Test Accuracy: 0.4727
Averaged Test AUC: 0.8552
Std Test Accuracy: 0.1379
Std Test AUC: 0.0478

--- Round 249/500 ---
Averaged Train Loss: 1.5174
Averaged Test Accuracy: 0.4431
Averaged Test AUC: 0.8485
Std Test Accuracy: 0.1653
Std Test AUC: 0.0513

--- Round 250/500 ---
Averaged Train Loss: 1.3926
Averaged Test Accuracy: 0.4913
Averaged Test AUC: 0.8622
Std Test Accuracy: 0.1621
Std Test AUC: 0.0495

--- Round 251/500 ---
Averaged Train Loss: 1.4903
Averaged Test Accuracy: 0.4485
Averaged Test AUC: 0.8534
Std Test Accuracy: 0.1512
Std Test AUC: 0.0492

--- Round 252/500 ---
Averaged Train Loss: 1.4997
Averaged Test Accuracy: 0.4521
Averaged Test AUC: 0.8494
Std Test Accuracy: 0.1693
Std Test AUC: 0.0592

--- Round 253/500 ---
Averaged Train Loss: 1.4065
Averaged Test Accuracy: 0.4860
Averaged Test AUC: 0.8616
Std Test Accuracy: 0.1707
Std Test AUC: 0.0527

--- Round 254/500 ---
Averaged Train Loss: 1.4549
Averaged Test Accuracy: 0.4595
Averaged Test AUC: 0.8556
Std Test Accuracy: 0.1591
Std Test AUC: 0.0479

--- Round 255/500 ---
Averaged Train Loss: 1.4515
Averaged Test Accuracy: 0.4596
Averaged Test AUC: 0.8538
Std Test Accuracy: 0.1436
Std Test AUC: 0.0455

--- Round 256/500 ---
Averaged Train Loss: 1.3844
Averaged Test Accuracy: 0.4963
Averaged Test AUC: 0.8627
Std Test Accuracy: 0.1537
Std Test AUC: 0.0456

--- Round 257/500 ---
Averaged Train Loss: 1.4729
Averaged Test Accuracy: 0.4596
Averaged Test AUC: 0.8535
Std Test Accuracy: 0.1605
Std Test AUC: 0.0512

--- Round 258/500 ---
Averaged Train Loss: 1.4496
Averaged Test Accuracy: 0.4640
Averaged Test AUC: 0.8543
Std Test Accuracy: 0.1583
Std Test AUC: 0.0514

--- Round 259/500 ---
Averaged Train Loss: 1.3943
Averaged Test Accuracy: 0.4892
Averaged Test AUC: 0.8621
Std Test Accuracy: 0.1716
Std Test AUC: 0.0484

--- Round 260/500 ---
Averaged Train Loss: 1.4436
Averaged Test Accuracy: 0.4699
Averaged Test AUC: 0.8565
Std Test Accuracy: 0.1424
Std Test AUC: 0.0444

--- Round 261/500 ---
Averaged Train Loss: 1.4635
Averaged Test Accuracy: 0.4642
Averaged Test AUC: 0.8524
Std Test Accuracy: 0.1592
Std Test AUC: 0.0607

--- Round 262/500 ---
Averaged Train Loss: 1.3883
Averaged Test Accuracy: 0.4932
Averaged Test AUC: 0.8633
Std Test Accuracy: 0.1639
Std Test AUC: 0.0499

--- Round 263/500 ---
Averaged Train Loss: 1.4372
Averaged Test Accuracy: 0.4679
Averaged Test AUC: 0.8581
Std Test Accuracy: 0.1496
Std Test AUC: 0.0453

--- Round 264/500 ---
Averaged Train Loss: 1.5161
Averaged Test Accuracy: 0.4462
Averaged Test AUC: 0.8484
Std Test Accuracy: 0.1844
Std Test AUC: 0.0635

--- Round 265/500 ---
Averaged Train Loss: 1.3950
Averaged Test Accuracy: 0.4886
Averaged Test AUC: 0.8614
Std Test Accuracy: 0.1628
Std Test AUC: 0.0485

--- Round 266/500 ---
Averaged Train Loss: 1.4603
Averaged Test Accuracy: 0.4611
Averaged Test AUC: 0.8562
Std Test Accuracy: 0.1378
Std Test AUC: 0.0457

--- Round 267/500 ---
Averaged Train Loss: 1.4472
Averaged Test Accuracy: 0.4641
Averaged Test AUC: 0.8554
Std Test Accuracy: 0.1476
Std Test AUC: 0.0464

--- Round 268/500 ---
Averaged Train Loss: 1.3875
Averaged Test Accuracy: 0.4929
Averaged Test AUC: 0.8624
Std Test Accuracy: 0.1681
Std Test AUC: 0.0569

--- Round 269/500 ---
Averaged Train Loss: 1.4446
Averaged Test Accuracy: 0.4697
Averaged Test AUC: 0.8565
Std Test Accuracy: 0.1492
Std Test AUC: 0.0461

--- Round 270/500 ---
Averaged Train Loss: 1.4636
Averaged Test Accuracy: 0.4639
Averaged Test AUC: 0.8541
Std Test Accuracy: 0.1763
Std Test AUC: 0.0556

--- Round 271/500 ---
Averaged Train Loss: 1.4104
Averaged Test Accuracy: 0.4813
Averaged Test AUC: 0.8602
Std Test Accuracy: 0.1672
Std Test AUC: 0.0502

--- Round 272/500 ---
Averaged Train Loss: 1.3894
Averaged Test Accuracy: 0.4893
Averaged Test AUC: 0.8611
Std Test Accuracy: 0.1251
Std Test AUC: 0.0411

--- Round 273/500 ---
Averaged Train Loss: 1.4330
Averaged Test Accuracy: 0.4701
Averaged Test AUC: 0.8558
Std Test Accuracy: 0.1533
Std Test AUC: 0.0502

--- Round 274/500 ---
Averaged Train Loss: 1.4263
Averaged Test Accuracy: 0.4755
Averaged Test AUC: 0.8597
Std Test Accuracy: 0.1771
Std Test AUC: 0.0578

--- Round 275/500 ---
Averaged Train Loss: 1.4468
Averaged Test Accuracy: 0.4717
Averaged Test AUC: 0.8564
Std Test Accuracy: 0.1538
Std Test AUC: 0.0479

--- Round 276/500 ---
Averaged Train Loss: 1.4471
Averaged Test Accuracy: 0.4701
Averaged Test AUC: 0.8549
Std Test Accuracy: 0.1652
Std Test AUC: 0.0591

--- Round 277/500 ---
Averaged Train Loss: 1.4298
Averaged Test Accuracy: 0.4816
Averaged Test AUC: 0.8592
Std Test Accuracy: 0.1760
Std Test AUC: 0.0568

--- Round 278/500 ---
Averaged Train Loss: 1.3998
Averaged Test Accuracy: 0.4839
Averaged Test AUC: 0.8609
Std Test Accuracy: 0.1389
Std Test AUC: 0.0451

--- Round 279/500 ---
Averaged Train Loss: 1.4522
Averaged Test Accuracy: 0.4646
Averaged Test AUC: 0.8556
Std Test Accuracy: 0.1548
Std Test AUC: 0.0471

--- Round 280/500 ---
Averaged Train Loss: 1.3645
Averaged Test Accuracy: 0.4997
Averaged Test AUC: 0.8659
Std Test Accuracy: 0.1576
Std Test AUC: 0.0439

--- Round 281/500 ---
Averaged Train Loss: 1.4300
Averaged Test Accuracy: 0.4731
Averaged Test AUC: 0.8579
Std Test Accuracy: 0.1599
Std Test AUC: 0.0513

--- Round 282/500 ---
Averaged Train Loss: 1.4214
Averaged Test Accuracy: 0.4749
Averaged Test AUC: 0.8585
Std Test Accuracy: 0.1522
Std Test AUC: 0.0482

--- Round 283/500 ---
Averaged Train Loss: 1.3852
Averaged Test Accuracy: 0.4909
Averaged Test AUC: 0.8636
Std Test Accuracy: 0.1637
Std Test AUC: 0.0461

--- Round 284/500 ---
Averaged Train Loss: 1.4337
Averaged Test Accuracy: 0.4706
Averaged Test AUC: 0.8587
Std Test Accuracy: 0.1647
Std Test AUC: 0.0464

--- Round 285/500 ---
Averaged Train Loss: 1.4626
Averaged Test Accuracy: 0.4614
Averaged Test AUC: 0.8542
Std Test Accuracy: 0.1733
Std Test AUC: 0.0576

--- Round 286/500 ---
Averaged Train Loss: 1.4014
Averaged Test Accuracy: 0.4943
Averaged Test AUC: 0.8612
Std Test Accuracy: 0.1735
Std Test AUC: 0.0583

--- Round 287/500 ---
Averaged Train Loss: 1.4255
Averaged Test Accuracy: 0.4776
Averaged Test AUC: 0.8597
Std Test Accuracy: 0.1457
Std Test AUC: 0.0433

--- Round 288/500 ---
Averaged Train Loss: 1.4273
Averaged Test Accuracy: 0.4683
Averaged Test AUC: 0.8575
Std Test Accuracy: 0.1405
Std Test AUC: 0.0413

--- Round 289/500 ---
Averaged Train Loss: 1.4196
Averaged Test Accuracy: 0.4886
Averaged Test AUC: 0.8603
Std Test Accuracy: 0.1778
Std Test AUC: 0.0633

--- Round 290/500 ---
Averaged Train Loss: 1.3757
Averaged Test Accuracy: 0.4969
Averaged Test AUC: 0.8628
Std Test Accuracy: 0.1253
Std Test AUC: 0.0427

--- Round 291/500 ---
Averaged Train Loss: 1.4209
Averaged Test Accuracy: 0.4766
Averaged Test AUC: 0.8583
Std Test Accuracy: 0.1548
Std Test AUC: 0.0490

--- Round 292/500 ---
Averaged Train Loss: 1.3905
Averaged Test Accuracy: 0.4922
Averaged Test AUC: 0.8629
Std Test Accuracy: 0.1620
Std Test AUC: 0.0470

--- Round 293/500 ---
Averaged Train Loss: 1.4278
Averaged Test Accuracy: 0.4768
Averaged Test AUC: 0.8593
Std Test Accuracy: 0.1562
Std Test AUC: 0.0469

--- Round 294/500 ---
Averaged Train Loss: 1.4635
Averaged Test Accuracy: 0.4637
Averaged Test AUC: 0.8540
Std Test Accuracy: 0.1553
Std Test AUC: 0.0561

--- Round 295/500 ---
Averaged Train Loss: 1.3833
Averaged Test Accuracy: 0.4966
Averaged Test AUC: 0.8640
Std Test Accuracy: 0.1653
Std Test AUC: 0.0525

--- Round 296/500 ---
Averaged Train Loss: 1.3960
Averaged Test Accuracy: 0.4832
Averaged Test AUC: 0.8631
Std Test Accuracy: 0.1362
Std Test AUC: 0.0411

--- Round 297/500 ---
Averaged Train Loss: 1.4326
Averaged Test Accuracy: 0.4707
Averaged Test AUC: 0.8572
Std Test Accuracy: 0.1493
Std Test AUC: 0.0471

--- Round 298/500 ---
Averaged Train Loss: 1.3938
Averaged Test Accuracy: 0.4935
Averaged Test AUC: 0.8627
Std Test Accuracy: 0.1778
Std Test AUC: 0.0575

--- Round 299/500 ---
Averaged Train Loss: 1.4250
Averaged Test Accuracy: 0.4804
Averaged Test AUC: 0.8596
Std Test Accuracy: 0.1467
Std Test AUC: 0.0437

--- Round 300/500 ---
Averaged Train Loss: 1.4271
Averaged Test Accuracy: 0.4750
Averaged Test AUC: 0.8580
Std Test Accuracy: 0.1571
Std Test AUC: 0.0496

--- Round 301/500 ---
Averaged Train Loss: 1.4183
Averaged Test Accuracy: 0.4860
Averaged Test AUC: 0.8599
Std Test Accuracy: 0.1729
Std Test AUC: 0.0651

--- Round 302/500 ---
Averaged Train Loss: 1.3542
Averaged Test Accuracy: 0.4997
Averaged Test AUC: 0.8662
Std Test Accuracy: 0.1243
Std Test AUC: 0.0381

--- Round 303/500 ---
Averaged Train Loss: 1.4272
Averaged Test Accuracy: 0.4713
Averaged Test AUC: 0.8574
Std Test Accuracy: 0.1420
Std Test AUC: 0.0468

--- Round 304/500 ---
Averaged Train Loss: 1.3366
Averaged Test Accuracy: 0.5084
Averaged Test AUC: 0.8688
Std Test Accuracy: 0.1296
Std Test AUC: 0.0371

--- Round 305/500 ---
Averaged Train Loss: 1.4344
Averaged Test Accuracy: 0.4729
Averaged Test AUC: 0.8587
Std Test Accuracy: 0.1503
Std Test AUC: 0.0484

--- Round 306/500 ---
Averaged Train Loss: 1.4578
Averaged Test Accuracy: 0.4664
Averaged Test AUC: 0.8557
Std Test Accuracy: 0.1620
Std Test AUC: 0.0541

--- Round 307/500 ---
Averaged Train Loss: 1.3487
Averaged Test Accuracy: 0.5033
Averaged Test AUC: 0.8670
Std Test Accuracy: 0.1354
Std Test AUC: 0.0385

--- Round 308/500 ---
Averaged Train Loss: 1.4104
Averaged Test Accuracy: 0.4803
Averaged Test AUC: 0.8616
Std Test Accuracy: 0.1544
Std Test AUC: 0.0433

--- Round 309/500 ---
Averaged Train Loss: 1.4741
Averaged Test Accuracy: 0.4652
Averaged Test AUC: 0.8538
Std Test Accuracy: 0.1693
Std Test AUC: 0.0600

--- Round 310/500 ---
Averaged Train Loss: 1.3506
Averaged Test Accuracy: 0.5064
Averaged Test AUC: 0.8677
Std Test Accuracy: 0.1581
Std Test AUC: 0.0445

--- Round 311/500 ---
Averaged Train Loss: 1.4414
Averaged Test Accuracy: 0.4815
Averaged Test AUC: 0.8587
Std Test Accuracy: 0.1596
Std Test AUC: 0.0569

--- Round 312/500 ---
Averaged Train Loss: 1.4441
Averaged Test Accuracy: 0.4681
Averaged Test AUC: 0.8552
Std Test Accuracy: 0.1593
Std Test AUC: 0.0510

--- Round 313/500 ---
Averaged Train Loss: 1.4049
Averaged Test Accuracy: 0.4912
Averaged Test AUC: 0.8614
Std Test Accuracy: 0.1741
Std Test AUC: 0.0627

--- Round 314/500 ---
Averaged Train Loss: 1.4172
Averaged Test Accuracy: 0.4813
Averaged Test AUC: 0.8625
Std Test Accuracy: 0.1400
Std Test AUC: 0.0443

--- Round 315/500 ---
Averaged Train Loss: 1.4209
Averaged Test Accuracy: 0.4726
Averaged Test AUC: 0.8575
Std Test Accuracy: 0.1523
Std Test AUC: 0.0497

--- Round 316/500 ---
Averaged Train Loss: 1.7616
Averaged Test Accuracy: 0.3828
Averaged Test AUC: 0.8357
Std Test Accuracy: 0.2242
Std Test AUC: 0.0790

--- Round 317/500 ---
Averaged Train Loss: 1.3754
Averaged Test Accuracy: 0.4947
Averaged Test AUC: 0.8639
Std Test Accuracy: 0.1743
Std Test AUC: 0.0532

--- Round 318/500 ---
Averaged Train Loss: 1.3261
Averaged Test Accuracy: 0.5098
Averaged Test AUC: 0.8686
Std Test Accuracy: 0.1357
Std Test AUC: 0.0419

--- Round 319/500 ---
Averaged Train Loss: 1.3348
Averaged Test Accuracy: 0.5078
Averaged Test AUC: 0.8667
Std Test Accuracy: 0.1460
Std Test AUC: 0.0461

--- Round 320/500 ---
Averaged Train Loss: 1.3142
Averaged Test Accuracy: 0.5100
Averaged Test AUC: 0.8717
Std Test Accuracy: 0.1314
Std Test AUC: 0.0357

--- Round 321/500 ---
Averaged Train Loss: 1.3115
Averaged Test Accuracy: 0.5177
Averaged Test AUC: 0.8700
Std Test Accuracy: 0.1516
Std Test AUC: 0.0443

--- Round 322/500 ---
Averaged Train Loss: 1.3337
Averaged Test Accuracy: 0.5047
Averaged Test AUC: 0.8675
Std Test Accuracy: 0.1315
Std Test AUC: 0.0412

--- Round 323/500 ---
Averaged Train Loss: 1.3356
Averaged Test Accuracy: 0.5021
Averaged Test AUC: 0.8670
Std Test Accuracy: 0.1575
Std Test AUC: 0.0534

--- Round 324/500 ---
Averaged Train Loss: 1.4006
Averaged Test Accuracy: 0.4872
Averaged Test AUC: 0.8638
Std Test Accuracy: 0.1757
Std Test AUC: 0.0487

--- Round 325/500 ---
Averaged Train Loss: 1.3368
Averaged Test Accuracy: 0.5013
Averaged Test AUC: 0.8691
Std Test Accuracy: 0.1537
Std Test AUC: 0.0422

--- Round 326/500 ---
Averaged Train Loss: 1.3352
Averaged Test Accuracy: 0.5038
Averaged Test AUC: 0.8675
Std Test Accuracy: 0.1620
Std Test AUC: 0.0508

--- Round 327/500 ---
Averaged Train Loss: 1.3358
Averaged Test Accuracy: 0.4996
Averaged Test AUC: 0.8674
Std Test Accuracy: 0.1479
Std Test AUC: 0.0416

--- Round 328/500 ---
Averaged Train Loss: 1.3280
Averaged Test Accuracy: 0.5035
Averaged Test AUC: 0.8700
Std Test Accuracy: 0.1425
Std Test AUC: 0.0410

--- Round 329/500 ---
Averaged Train Loss: 1.3180
Averaged Test Accuracy: 0.5122
Averaged Test AUC: 0.8717
Std Test Accuracy: 0.1446
Std Test AUC: 0.0402

--- Round 330/500 ---
Averaged Train Loss: 1.3454
Averaged Test Accuracy: 0.5041
Averaged Test AUC: 0.8698
Std Test Accuracy: 0.1500
Std Test AUC: 0.0399

--- Round 331/500 ---
Averaged Train Loss: 1.2990
Averaged Test Accuracy: 0.5186
Averaged Test AUC: 0.8721
Std Test Accuracy: 0.1353
Std Test AUC: 0.0408

--- Round 332/500 ---
Averaged Train Loss: 1.3584
Averaged Test Accuracy: 0.4911
Averaged Test AUC: 0.8652
Std Test Accuracy: 0.1404
Std Test AUC: 0.0378

--- Round 333/500 ---
Averaged Train Loss: 1.4504
Averaged Test Accuracy: 0.4697
Averaged Test AUC: 0.8565
Std Test Accuracy: 0.1747
Std Test AUC: 0.0567

--- Round 334/500 ---
Averaged Train Loss: 1.3007
Averaged Test Accuracy: 0.5204
Averaged Test AUC: 0.8731
Std Test Accuracy: 0.1387
Std Test AUC: 0.0377

--- Round 335/500 ---
Averaged Train Loss: 1.2779
Averaged Test Accuracy: 0.5277
Averaged Test AUC: 0.8744
Std Test Accuracy: 0.1199
Std Test AUC: 0.0359

--- Round 336/500 ---
Averaged Train Loss: 1.3233
Averaged Test Accuracy: 0.5092
Averaged Test AUC: 0.8678
Std Test Accuracy: 0.1603
Std Test AUC: 0.0495

--- Round 337/500 ---
Averaged Train Loss: 1.4148
Averaged Test Accuracy: 0.4739
Averaged Test AUC: 0.8637
Std Test Accuracy: 0.1889
Std Test AUC: 0.0470

--- Round 338/500 ---
Averaged Train Loss: 1.2945
Averaged Test Accuracy: 0.5235
Averaged Test AUC: 0.8741
Std Test Accuracy: 0.1236
Std Test AUC: 0.0326

--- Round 339/500 ---
Averaged Train Loss: 1.3202
Averaged Test Accuracy: 0.5073
Averaged Test AUC: 0.8690
Std Test Accuracy: 0.1468
Std Test AUC: 0.0421

--- Round 340/500 ---
Averaged Train Loss: 1.3740
Averaged Test Accuracy: 0.4928
Averaged Test AUC: 0.8645
Std Test Accuracy: 0.1496
Std Test AUC: 0.0486

--- Round 341/500 ---
Averaged Train Loss: 1.2724
Averaged Test Accuracy: 0.5281
Averaged Test AUC: 0.8753
Std Test Accuracy: 0.1159
Std Test AUC: 0.0341

--- Round 342/500 ---
Averaged Train Loss: 1.2959
Averaged Test Accuracy: 0.5178
Averaged Test AUC: 0.8716
Std Test Accuracy: 0.1484
Std Test AUC: 0.0452

--- Round 343/500 ---
Averaged Train Loss: 1.3268
Averaged Test Accuracy: 0.5154
Averaged Test AUC: 0.8692
Std Test Accuracy: 0.1392
Std Test AUC: 0.0449

--- Round 344/500 ---
Averaged Train Loss: 1.3015
Averaged Test Accuracy: 0.5182
Averaged Test AUC: 0.8735
Std Test Accuracy: 0.1354
Std Test AUC: 0.0370

--- Round 345/500 ---
Averaged Train Loss: 1.2823
Averaged Test Accuracy: 0.5254
Averaged Test AUC: 0.8750
Std Test Accuracy: 0.1239
Std Test AUC: 0.0343

--- Round 346/500 ---
Averaged Train Loss: 1.3669
Averaged Test Accuracy: 0.4962
Averaged Test AUC: 0.8648
Std Test Accuracy: 0.1906
Std Test AUC: 0.0595

--- Round 347/500 ---
Averaged Train Loss: 1.3859
Averaged Test Accuracy: 0.4909
Averaged Test AUC: 0.8647
Std Test Accuracy: 0.1881
Std Test AUC: 0.0514

--- Round 348/500 ---
Averaged Train Loss: 1.3168
Averaged Test Accuracy: 0.5122
Averaged Test AUC: 0.8710
Std Test Accuracy: 0.1632
Std Test AUC: 0.0464

--- Round 349/500 ---
Averaged Train Loss: 1.3153
Averaged Test Accuracy: 0.5150
Averaged Test AUC: 0.8722
Std Test Accuracy: 0.1575
Std Test AUC: 0.0452

--- Round 350/500 ---
Averaged Train Loss: 1.3412
Averaged Test Accuracy: 0.5068
Averaged Test AUC: 0.8695
Std Test Accuracy: 0.1568
Std Test AUC: 0.0491

--- Round 351/500 ---
Averaged Train Loss: 1.2959
Averaged Test Accuracy: 0.5193
Averaged Test AUC: 0.8741
Std Test Accuracy: 0.1400
Std Test AUC: 0.0370

--- Round 352/500 ---
Averaged Train Loss: 1.3058
Averaged Test Accuracy: 0.5188
Averaged Test AUC: 0.8717
Std Test Accuracy: 0.1245
Std Test AUC: 0.0340

--- Round 353/500 ---
Averaged Train Loss: 1.2993
Averaged Test Accuracy: 0.5177
Averaged Test AUC: 0.8736
Std Test Accuracy: 0.1278
Std Test AUC: 0.0349

--- Round 354/500 ---
Averaged Train Loss: 1.3060
Averaged Test Accuracy: 0.5173
Averaged Test AUC: 0.8729
Std Test Accuracy: 0.1460
Std Test AUC: 0.0431

--- Round 355/500 ---
Averaged Train Loss: 1.3671
Averaged Test Accuracy: 0.4890
Averaged Test AUC: 0.8670
Std Test Accuracy: 0.1798
Std Test AUC: 0.0443

--- Round 356/500 ---
Averaged Train Loss: 1.2693
Averaged Test Accuracy: 0.5295
Averaged Test AUC: 0.8758
Std Test Accuracy: 0.1296
Std Test AUC: 0.0356

--- Round 357/500 ---
Averaged Train Loss: 1.2797
Averaged Test Accuracy: 0.5240
Averaged Test AUC: 0.8734
Std Test Accuracy: 0.1222
Std Test AUC: 0.0349

--- Round 358/500 ---
Averaged Train Loss: 1.3059
Averaged Test Accuracy: 0.5141
Averaged Test AUC: 0.8722
Std Test Accuracy: 0.1399
Std Test AUC: 0.0419

--- Round 359/500 ---
Averaged Train Loss: 1.2826
Averaged Test Accuracy: 0.5269
Averaged Test AUC: 0.8739
Std Test Accuracy: 0.1440
Std Test AUC: 0.0415

--- Round 360/500 ---
Averaged Train Loss: 1.3197
Averaged Test Accuracy: 0.5093
Averaged Test AUC: 0.8696
Std Test Accuracy: 0.1737
Std Test AUC: 0.0458

--- Round 361/500 ---
Averaged Train Loss: 1.2911
Averaged Test Accuracy: 0.5187
Averaged Test AUC: 0.8710
Std Test Accuracy: 0.1460
Std Test AUC: 0.0502

--- Round 362/500 ---
Averaged Train Loss: 1.2652
Averaged Test Accuracy: 0.5325
Averaged Test AUC: 0.8743
Std Test Accuracy: 0.1074
Std Test AUC: 0.0342

--- Round 363/500 ---
Averaged Train Loss: 1.3634
Averaged Test Accuracy: 0.4948
Averaged Test AUC: 0.8663
Std Test Accuracy: 0.1777
Std Test AUC: 0.0502

--- Round 364/500 ---
Averaged Train Loss: 1.2948
Averaged Test Accuracy: 0.5200
Averaged Test AUC: 0.8737
Std Test Accuracy: 0.1500
Std Test AUC: 0.0407

--- Round 365/500 ---
Averaged Train Loss: 1.2819
Averaged Test Accuracy: 0.5273
Averaged Test AUC: 0.8738
Std Test Accuracy: 0.1453
Std Test AUC: 0.0437

--- Round 366/500 ---
Averaged Train Loss: 1.2826
Averaged Test Accuracy: 0.5220
Averaged Test AUC: 0.8736
Std Test Accuracy: 0.1128
Std Test AUC: 0.0300

--- Round 367/500 ---
Averaged Train Loss: 1.2718
Averaged Test Accuracy: 0.5304
Averaged Test AUC: 0.8741
Std Test Accuracy: 0.1234
Std Test AUC: 0.0379

--- Round 368/500 ---
Averaged Train Loss: 1.2582
Averaged Test Accuracy: 0.5365
Averaged Test AUC: 0.8773
Std Test Accuracy: 0.1267
Std Test AUC: 0.0363

--- Round 369/500 ---
Averaged Train Loss: 1.3248
Averaged Test Accuracy: 0.5075
Averaged Test AUC: 0.8720
Std Test Accuracy: 0.1574
Std Test AUC: 0.0433

--- Round 370/500 ---
Averaged Train Loss: 1.2864
Averaged Test Accuracy: 0.5230
Averaged Test AUC: 0.8740
Std Test Accuracy: 0.1446
Std Test AUC: 0.0435

--- Round 371/500 ---
Averaged Train Loss: 1.3558
Averaged Test Accuracy: 0.4956
Averaged Test AUC: 0.8683
Std Test Accuracy: 0.1839
Std Test AUC: 0.0550

--- Round 372/500 ---
Averaged Train Loss: 1.3003
Averaged Test Accuracy: 0.5168
Averaged Test AUC: 0.8719
Std Test Accuracy: 0.1581
Std Test AUC: 0.0417

--- Round 373/500 ---
Averaged Train Loss: 1.2953
Averaged Test Accuracy: 0.5222
Averaged Test AUC: 0.8717
Std Test Accuracy: 0.1632
Std Test AUC: 0.0536

--- Round 374/500 ---
Averaged Train Loss: 1.2613
Averaged Test Accuracy: 0.5307
Averaged Test AUC: 0.8768
Std Test Accuracy: 0.1234
Std Test AUC: 0.0355

--- Round 375/500 ---
Averaged Train Loss: 1.2683
Averaged Test Accuracy: 0.5313
Averaged Test AUC: 0.8765
Std Test Accuracy: 0.1264
Std Test AUC: 0.0332

--- Round 376/500 ---
Averaged Train Loss: 1.3163
Averaged Test Accuracy: 0.5088
Averaged Test AUC: 0.8718
Std Test Accuracy: 0.1607
Std Test AUC: 0.0433

--- Round 377/500 ---
Averaged Train Loss: 1.2861
Averaged Test Accuracy: 0.5239
Averaged Test AUC: 0.8733
Std Test Accuracy: 0.1506
Std Test AUC: 0.0472

--- Round 378/500 ---
Averaged Train Loss: 1.2749
Averaged Test Accuracy: 0.5321
Averaged Test AUC: 0.8753
Std Test Accuracy: 0.1428
Std Test AUC: 0.0414

--- Round 379/500 ---
Averaged Train Loss: 1.3511
Averaged Test Accuracy: 0.5038
Averaged Test AUC: 0.8681
Std Test Accuracy: 0.1844
Std Test AUC: 0.0558

--- Round 380/500 ---
Averaged Train Loss: 1.2859
Averaged Test Accuracy: 0.5226
Averaged Test AUC: 0.8744
Std Test Accuracy: 0.1484
Std Test AUC: 0.0455

--- Round 381/500 ---
Averaged Train Loss: 1.2880
Averaged Test Accuracy: 0.5206
Averaged Test AUC: 0.8745
Std Test Accuracy: 0.1469
Std Test AUC: 0.0426

--- Round 382/500 ---
Averaged Train Loss: 1.3221
Averaged Test Accuracy: 0.5080
Averaged Test AUC: 0.8705
Std Test Accuracy: 0.1656
Std Test AUC: 0.0491

--- Round 383/500 ---
Averaged Train Loss: 1.2733
Averaged Test Accuracy: 0.5281
Averaged Test AUC: 0.8738
Std Test Accuracy: 0.1314
Std Test AUC: 0.0421

--- Round 384/500 ---
Averaged Train Loss: 1.2752
Averaged Test Accuracy: 0.5258
Averaged Test AUC: 0.8745
Std Test Accuracy: 0.1535
Std Test AUC: 0.0443

--- Round 385/500 ---
Averaged Train Loss: 1.2771
Averaged Test Accuracy: 0.5245
Averaged Test AUC: 0.8745
Std Test Accuracy: 0.1577
Std Test AUC: 0.0450

--- Round 386/500 ---
Averaged Train Loss: 1.2656
Averaged Test Accuracy: 0.5329
Averaged Test AUC: 0.8768
Std Test Accuracy: 0.1417
Std Test AUC: 0.0400

--- Round 387/500 ---
Averaged Train Loss: 1.3513
Averaged Test Accuracy: 0.5066
Averaged Test AUC: 0.8662
Std Test Accuracy: 0.1865
Std Test AUC: 0.0641

--- Round 388/500 ---
Averaged Train Loss: 1.2549
Averaged Test Accuracy: 0.5363
Averaged Test AUC: 0.8768
Std Test Accuracy: 0.1378
Std Test AUC: 0.0371

--- Round 389/500 ---
Averaged Train Loss: 1.3243
Averaged Test Accuracy: 0.5095
Averaged Test AUC: 0.8694
Std Test Accuracy: 0.1608
Std Test AUC: 0.0467

--- Round 390/500 ---
Averaged Train Loss: 1.2950
Averaged Test Accuracy: 0.5202
Averaged Test AUC: 0.8752
Std Test Accuracy: 0.1554
Std Test AUC: 0.0382

--- Round 391/500 ---
Averaged Train Loss: 1.2704
Averaged Test Accuracy: 0.5291
Averaged Test AUC: 0.8748
Std Test Accuracy: 0.1580
Std Test AUC: 0.0421

--- Round 392/500 ---
Averaged Train Loss: 1.2712
Averaged Test Accuracy: 0.5266
Averaged Test AUC: 0.8749
Std Test Accuracy: 0.1179
Std Test AUC: 0.0343

--- Round 393/500 ---
Averaged Train Loss: 1.2749
Averaged Test Accuracy: 0.5236
Averaged Test AUC: 0.8753
Std Test Accuracy: 0.1550
Std Test AUC: 0.0445

--- Round 394/500 ---
Averaged Train Loss: 1.3251
Averaged Test Accuracy: 0.5111
Averaged Test AUC: 0.8722
Std Test Accuracy: 0.1563
Std Test AUC: 0.0429

--- Round 395/500 ---
Averaged Train Loss: 1.2879
Averaged Test Accuracy: 0.5217
Averaged Test AUC: 0.8757
Std Test Accuracy: 0.1514
Std Test AUC: 0.0359

--- Round 396/500 ---
Averaged Train Loss: 1.2601
Averaged Test Accuracy: 0.5313
Averaged Test AUC: 0.8770
Std Test Accuracy: 0.1342
Std Test AUC: 0.0350

--- Round 397/500 ---
Averaged Train Loss: 1.3577
Averaged Test Accuracy: 0.4969
Averaged Test AUC: 0.8695
Std Test Accuracy: 0.1881
Std Test AUC: 0.0494

--- Round 398/500 ---
Averaged Train Loss: 1.2642
Averaged Test Accuracy: 0.5327
Averaged Test AUC: 0.8756
Std Test Accuracy: 0.1390
Std Test AUC: 0.0400

--- Round 399/500 ---
Averaged Train Loss: 1.2919
Averaged Test Accuracy: 0.5245
Averaged Test AUC: 0.8731
Std Test Accuracy: 0.1497
Std Test AUC: 0.0424

--- Round 400/500 ---
Averaged Train Loss: 1.3378
Averaged Test Accuracy: 0.5074
Averaged Test AUC: 0.8690
Std Test Accuracy: 0.1535
Std Test AUC: 0.0464

--- Round 401/500 ---
Averaged Train Loss: 1.2714
Averaged Test Accuracy: 0.5321
Averaged Test AUC: 0.8748
Std Test Accuracy: 0.1502
Std Test AUC: 0.0438

--- Round 402/500 ---
Averaged Train Loss: 1.2529
Averaged Test Accuracy: 0.5340
Averaged Test AUC: 0.8771
Std Test Accuracy: 0.1358
Std Test AUC: 0.0336

--- Round 403/500 ---
Averaged Train Loss: 1.3060
Averaged Test Accuracy: 0.5108
Averaged Test AUC: 0.8714
Std Test Accuracy: 0.1620
Std Test AUC: 0.0486

--- Round 404/500 ---
Averaged Train Loss: 1.3057
Averaged Test Accuracy: 0.5140
Averaged Test AUC: 0.8721
Std Test Accuracy: 0.1638
Std Test AUC: 0.0518

--- Round 405/500 ---
Averaged Train Loss: 1.2800
Averaged Test Accuracy: 0.5271
Averaged Test AUC: 0.8736
Std Test Accuracy: 0.1030
Std Test AUC: 0.0364

--- Round 406/500 ---
Averaged Train Loss: 1.2783
Averaged Test Accuracy: 0.5232
Averaged Test AUC: 0.8752
Std Test Accuracy: 0.1437
Std Test AUC: 0.0415

--- Round 407/500 ---
Averaged Train Loss: 1.2644
Averaged Test Accuracy: 0.5342
Averaged Test AUC: 0.8765
Std Test Accuracy: 0.1300
Std Test AUC: 0.0367

--- Round 408/500 ---
Averaged Train Loss: 1.2810
Averaged Test Accuracy: 0.5228
Averaged Test AUC: 0.8732
Std Test Accuracy: 0.1602
Std Test AUC: 0.0521

--- Round 409/500 ---
Averaged Train Loss: 1.2551
Averaged Test Accuracy: 0.5393
Averaged Test AUC: 0.8776
Std Test Accuracy: 0.1163
Std Test AUC: 0.0333

--- Round 410/500 ---
Averaged Train Loss: 1.2536
Averaged Test Accuracy: 0.5328
Averaged Test AUC: 0.8772
Std Test Accuracy: 0.1364
Std Test AUC: 0.0406

--- Round 411/500 ---
Averaged Train Loss: 1.2792
Averaged Test Accuracy: 0.5249
Averaged Test AUC: 0.8751
Std Test Accuracy: 0.1497
Std Test AUC: 0.0394

--- Round 412/500 ---
Averaged Train Loss: 1.3019
Averaged Test Accuracy: 0.5159
Averaged Test AUC: 0.8710
Std Test Accuracy: 0.1728
Std Test AUC: 0.0495

--- Round 413/500 ---
Averaged Train Loss: 1.2404
Averaged Test Accuracy: 0.5408
Averaged Test AUC: 0.8784
Std Test Accuracy: 0.1049
Std Test AUC: 0.0313

--- Round 414/500 ---
Averaged Train Loss: 1.2895
Averaged Test Accuracy: 0.5247
Averaged Test AUC: 0.8738
Std Test Accuracy: 0.1753
Std Test AUC: 0.0500

--- Round 415/500 ---
Averaged Train Loss: 1.2704
Averaged Test Accuracy: 0.5303
Averaged Test AUC: 0.8764
Std Test Accuracy: 0.1488
Std Test AUC: 0.0385

--- Round 416/500 ---
Averaged Train Loss: 1.2676
Averaged Test Accuracy: 0.5259
Averaged Test AUC: 0.8764
Std Test Accuracy: 0.1289
Std Test AUC: 0.0377

--- Round 417/500 ---
Averaged Train Loss: 1.2696
Averaged Test Accuracy: 0.5293
Averaged Test AUC: 0.8770
Std Test Accuracy: 0.1583
Std Test AUC: 0.0431

--- Round 418/500 ---
Averaged Train Loss: 1.2831
Averaged Test Accuracy: 0.5210
Averaged Test AUC: 0.8754
Std Test Accuracy: 0.1756
Std Test AUC: 0.0447

--- Round 419/500 ---
Averaged Train Loss: 1.2520
Averaged Test Accuracy: 0.5354
Averaged Test AUC: 0.8787
Std Test Accuracy: 0.1429
Std Test AUC: 0.0395

--- Round 420/500 ---
Averaged Train Loss: 1.3922
Averaged Test Accuracy: 0.4965
Averaged Test AUC: 0.8617
Std Test Accuracy: 0.1778
Std Test AUC: 0.0725

--- Round 421/500 ---
Averaged Train Loss: 1.2633
Averaged Test Accuracy: 0.5292
Averaged Test AUC: 0.8769
Std Test Accuracy: 0.1217
Std Test AUC: 0.0369

--- Round 422/500 ---
Averaged Train Loss: 1.2456
Averaged Test Accuracy: 0.5383
Averaged Test AUC: 0.8767
Std Test Accuracy: 0.1168
Std Test AUC: 0.0332

--- Round 423/500 ---
Averaged Train Loss: 1.3459
Averaged Test Accuracy: 0.5016
Averaged Test AUC: 0.8708
Std Test Accuracy: 0.1493
Std Test AUC: 0.0439

--- Round 424/500 ---
Averaged Train Loss: 1.2620
Averaged Test Accuracy: 0.5305
Averaged Test AUC: 0.8772
Std Test Accuracy: 0.1133
Std Test AUC: 0.0317

--- Round 425/500 ---
Averaged Train Loss: 1.2642
Averaged Test Accuracy: 0.5333
Averaged Test AUC: 0.8762
Std Test Accuracy: 0.1220
Std Test AUC: 0.0392

--- Round 426/500 ---
Averaged Train Loss: 1.3877
Averaged Test Accuracy: 0.5026
Averaged Test AUC: 0.8636
Std Test Accuracy: 0.1967
Std Test AUC: 0.0653

--- Round 427/500 ---
Averaged Train Loss: 1.2920
Averaged Test Accuracy: 0.5235
Averaged Test AUC: 0.8729
Std Test Accuracy: 0.1642
Std Test AUC: 0.0524

--- Round 428/500 ---
Averaged Train Loss: 1.2378
Averaged Test Accuracy: 0.5413
Averaged Test AUC: 0.8786
Std Test Accuracy: 0.1217
Std Test AUC: 0.0327

--- Round 429/500 ---
Averaged Train Loss: 1.2973
Averaged Test Accuracy: 0.5192
Averaged Test AUC: 0.8737
Std Test Accuracy: 0.1722
Std Test AUC: 0.0497

--- Round 430/500 ---
Averaged Train Loss: 1.2557
Averaged Test Accuracy: 0.5341
Averaged Test AUC: 0.8771
Std Test Accuracy: 0.1627
Std Test AUC: 0.0456

--- Round 431/500 ---
Averaged Train Loss: 1.2506
Averaged Test Accuracy: 0.5366
Averaged Test AUC: 0.8782
Std Test Accuracy: 0.1288
Std Test AUC: 0.0346

--- Round 432/500 ---
Averaged Train Loss: 1.2982
Averaged Test Accuracy: 0.5151
Averaged Test AUC: 0.8716
Std Test Accuracy: 0.1487
Std Test AUC: 0.0437

--- Round 433/500 ---
Averaged Train Loss: 1.2804
Averaged Test Accuracy: 0.5262
Averaged Test AUC: 0.8755
Std Test Accuracy: 0.1381
Std Test AUC: 0.0369

--- Round 434/500 ---
Averaged Train Loss: 1.2830
Averaged Test Accuracy: 0.5258
Averaged Test AUC: 0.8759
Std Test Accuracy: 0.1520
Std Test AUC: 0.0450

--- Round 435/500 ---
Averaged Train Loss: 1.2524
Averaged Test Accuracy: 0.5343
Averaged Test AUC: 0.8771
Std Test Accuracy: 0.1481
Std Test AUC: 0.0398

--- Round 436/500 ---
Averaged Train Loss: 1.2987
Averaged Test Accuracy: 0.5164
Averaged Test AUC: 0.8731
Std Test Accuracy: 0.1564
Std Test AUC: 0.0434

--- Round 437/500 ---
Averaged Train Loss: 1.3027
Averaged Test Accuracy: 0.5107
Averaged Test AUC: 0.8734
Std Test Accuracy: 0.1368
Std Test AUC: 0.0360

--- Round 438/500 ---
Averaged Train Loss: 1.3142
Averaged Test Accuracy: 0.5111
Averaged Test AUC: 0.8720
Std Test Accuracy: 0.1650
Std Test AUC: 0.0532

--- Round 439/500 ---
Averaged Train Loss: 1.2266
Averaged Test Accuracy: 0.5444
Averaged Test AUC: 0.8796
Std Test Accuracy: 0.1171
Std Test AUC: 0.0308

--- Round 440/500 ---
Averaged Train Loss: 1.2783
Averaged Test Accuracy: 0.5247
Averaged Test AUC: 0.8758
Std Test Accuracy: 0.1575
Std Test AUC: 0.0454

--- Round 441/500 ---
Averaged Train Loss: 1.2439
Averaged Test Accuracy: 0.5378
Averaged Test AUC: 0.8778
Std Test Accuracy: 0.1091
Std Test AUC: 0.0292

--- Round 442/500 ---
Averaged Train Loss: 1.2883
Averaged Test Accuracy: 0.5215
Averaged Test AUC: 0.8755
Std Test Accuracy: 0.1206
Std Test AUC: 0.0347

--- Round 443/500 ---
Averaged Train Loss: 1.2456
Averaged Test Accuracy: 0.5376
Averaged Test AUC: 0.8790
Std Test Accuracy: 0.1362
Std Test AUC: 0.0346

--- Round 444/500 ---
Averaged Train Loss: 1.2448
Averaged Test Accuracy: 0.5391
Averaged Test AUC: 0.8783
Std Test Accuracy: 0.1111
Std Test AUC: 0.0367

--- Round 445/500 ---
Averaged Train Loss: 1.3522
Averaged Test Accuracy: 0.4995
Averaged Test AUC: 0.8704
Std Test Accuracy: 0.1820
Std Test AUC: 0.0499

--- Round 446/500 ---
Averaged Train Loss: 1.2281
Averaged Test Accuracy: 0.5466
Averaged Test AUC: 0.8797
Std Test Accuracy: 0.1225
Std Test AUC: 0.0381

--- Round 447/500 ---
Averaged Train Loss: 1.2421
Averaged Test Accuracy: 0.5409
Averaged Test AUC: 0.8785
Std Test Accuracy: 0.1337
Std Test AUC: 0.0353

--- Round 448/500 ---
Averaged Train Loss: 1.2361
Averaged Test Accuracy: 0.5410
Averaged Test AUC: 0.8800
Std Test Accuracy: 0.1309
Std Test AUC: 0.0342

--- Round 449/500 ---
Averaged Train Loss: 1.2445
Averaged Test Accuracy: 0.5359
Averaged Test AUC: 0.8785
Std Test Accuracy: 0.1329
Std Test AUC: 0.0393

--- Round 450/500 ---
Averaged Train Loss: 1.2315
Averaged Test Accuracy: 0.5411
Averaged Test AUC: 0.8799
Std Test Accuracy: 0.1322
Std Test AUC: 0.0347

--- Round 451/500 ---
Averaged Train Loss: 1.2258
Averaged Test Accuracy: 0.5425
Averaged Test AUC: 0.8799
Std Test Accuracy: 0.1255
Std Test AUC: 0.0381

--- Round 452/500 ---
Averaged Train Loss: 1.2840
Averaged Test Accuracy: 0.5251
Averaged Test AUC: 0.8756
Std Test Accuracy: 0.1717
Std Test AUC: 0.0455

--- Round 453/500 ---
Averaged Train Loss: 1.2640
Averaged Test Accuracy: 0.5314
Averaged Test AUC: 0.8763
Std Test Accuracy: 0.1342
Std Test AUC: 0.0409

--- Round 454/500 ---
Averaged Train Loss: 1.2203
Averaged Test Accuracy: 0.5476
Averaged Test AUC: 0.8801
Std Test Accuracy: 0.1120
Std Test AUC: 0.0349

--- Round 455/500 ---
Averaged Train Loss: 1.2829
Averaged Test Accuracy: 0.5229
Averaged Test AUC: 0.8758
Std Test Accuracy: 0.1707
Std Test AUC: 0.0485

--- Round 456/500 ---
Averaged Train Loss: 1.2261
Averaged Test Accuracy: 0.5412
Averaged Test AUC: 0.8787
Std Test Accuracy: 0.1231
Std Test AUC: 0.0321

--- Round 457/500 ---
Averaged Train Loss: 1.2588
Averaged Test Accuracy: 0.5314
Averaged Test AUC: 0.8777
Std Test Accuracy: 0.1690
Std Test AUC: 0.0468

--- Round 458/500 ---
Averaged Train Loss: 1.2875
Averaged Test Accuracy: 0.5218
Averaged Test AUC: 0.8766
Std Test Accuracy: 0.1584
Std Test AUC: 0.0439

--- Round 459/500 ---
Averaged Train Loss: 1.2981
Averaged Test Accuracy: 0.5192
Averaged Test AUC: 0.8760
Std Test Accuracy: 0.1828
Std Test AUC: 0.0440

--- Round 460/500 ---
Averaged Train Loss: 1.2559
Averaged Test Accuracy: 0.5331
Averaged Test AUC: 0.8783
Std Test Accuracy: 0.1655
Std Test AUC: 0.0434

--- Round 461/500 ---
Averaged Train Loss: 1.2843
Averaged Test Accuracy: 0.5239
Averaged Test AUC: 0.8741
Std Test Accuracy: 0.1655
Std Test AUC: 0.0452

--- Round 462/500 ---
Averaged Train Loss: 1.2399
Averaged Test Accuracy: 0.5408
Averaged Test AUC: 0.8788
Std Test Accuracy: 0.1309
Std Test AUC: 0.0353

--- Round 463/500 ---
Averaged Train Loss: 1.3054
Averaged Test Accuracy: 0.5136
Averaged Test AUC: 0.8744
Std Test Accuracy: 0.1568
Std Test AUC: 0.0405

--- Round 464/500 ---
Averaged Train Loss: 1.2670
Averaged Test Accuracy: 0.5281
Averaged Test AUC: 0.8770
Std Test Accuracy: 0.1535
Std Test AUC: 0.0416

--- Round 465/500 ---
Averaged Train Loss: 1.2480
Averaged Test Accuracy: 0.5383
Averaged Test AUC: 0.8785
Std Test Accuracy: 0.1271
Std Test AUC: 0.0332

--- Round 466/500 ---
Averaged Train Loss: 1.2699
Averaged Test Accuracy: 0.5262
Averaged Test AUC: 0.8780
Std Test Accuracy: 0.1488
Std Test AUC: 0.0400

--- Round 467/500 ---
Averaged Train Loss: 1.2253
Averaged Test Accuracy: 0.5443
Averaged Test AUC: 0.8804
Std Test Accuracy: 0.1416
Std Test AUC: 0.0383

--- Round 468/500 ---
Averaged Train Loss: 1.2856
Averaged Test Accuracy: 0.5237
Averaged Test AUC: 0.8769
Std Test Accuracy: 0.1749
Std Test AUC: 0.0460

--- Round 469/500 ---
Averaged Train Loss: 1.2310
Averaged Test Accuracy: 0.5420
Averaged Test AUC: 0.8796
Std Test Accuracy: 0.1439
Std Test AUC: 0.0419

--- Round 470/500 ---
Averaged Train Loss: 1.2901
Averaged Test Accuracy: 0.5157
Averaged Test AUC: 0.8755
Std Test Accuracy: 0.1494
Std Test AUC: 0.0387

--- Round 471/500 ---
Averaged Train Loss: 1.2704
Averaged Test Accuracy: 0.5273
Averaged Test AUC: 0.8769
Std Test Accuracy: 0.1591
Std Test AUC: 0.0453

--- Round 472/500 ---
Averaged Train Loss: 1.2200
Averaged Test Accuracy: 0.5442
Averaged Test AUC: 0.8800
Std Test Accuracy: 0.1379
Std Test AUC: 0.0375

--- Round 473/500 ---
Averaged Train Loss: 1.2488
Averaged Test Accuracy: 0.5340
Averaged Test AUC: 0.8777
Std Test Accuracy: 0.1427
Std Test AUC: 0.0395

--- Round 474/500 ---
Averaged Train Loss: 1.2613
Averaged Test Accuracy: 0.5286
Averaged Test AUC: 0.8768
Std Test Accuracy: 0.1122
Std Test AUC: 0.0305

--- Round 475/500 ---
Averaged Train Loss: 1.2416
Averaged Test Accuracy: 0.5390
Averaged Test AUC: 0.8783
Std Test Accuracy: 0.1523
Std Test AUC: 0.0443

--- Round 476/500 ---
Averaged Train Loss: 1.4112
Averaged Test Accuracy: 0.4934
Averaged Test AUC: 0.8658
Std Test Accuracy: 0.2144
Std Test AUC: 0.0669

--- Round 477/500 ---
Averaged Train Loss: 1.2997
Averaged Test Accuracy: 0.5061
Averaged Test AUC: 0.8727
Std Test Accuracy: 0.1267
Std Test AUC: 0.0319

--- Round 478/500 ---
Averaged Train Loss: 1.2190
Averaged Test Accuracy: 0.5458
Averaged Test AUC: 0.8811
Std Test Accuracy: 0.1135
Std Test AUC: 0.0297

--- Round 479/500 ---
Averaged Train Loss: 1.2426
Averaged Test Accuracy: 0.5369
Averaged Test AUC: 0.8786
Std Test Accuracy: 0.1083
Std Test AUC: 0.0296

--- Round 480/500 ---
Averaged Train Loss: 1.2694
Averaged Test Accuracy: 0.5236
Averaged Test AUC: 0.8755
Std Test Accuracy: 0.1510
Std Test AUC: 0.0424

--- Round 481/500 ---
Averaged Train Loss: 1.2057
Averaged Test Accuracy: 0.5499
Averaged Test AUC: 0.8818
Std Test Accuracy: 0.1047
Std Test AUC: 0.0293

--- Round 482/500 ---
Averaged Train Loss: 1.3310
Averaged Test Accuracy: 0.5112
Averaged Test AUC: 0.8713
Std Test Accuracy: 0.1970
Std Test AUC: 0.0608

--- Round 483/500 ---
Averaged Train Loss: 1.2587
Averaged Test Accuracy: 0.5292
Averaged Test AUC: 0.8776
Std Test Accuracy: 0.1584
Std Test AUC: 0.0422

--- Round 484/500 ---
Averaged Train Loss: 1.2290
Averaged Test Accuracy: 0.5423
Averaged Test AUC: 0.8799
Std Test Accuracy: 0.1395
Std Test AUC: 0.0378

--- Round 485/500 ---
Averaged Train Loss: 1.2812
Averaged Test Accuracy: 0.5269
Averaged Test AUC: 0.8763
Std Test Accuracy: 0.1571
Std Test AUC: 0.0394

--- Round 486/500 ---
Averaged Train Loss: 1.2612
Averaged Test Accuracy: 0.5270
Averaged Test AUC: 0.8771
Std Test Accuracy: 0.1600
Std Test AUC: 0.0420

--- Round 487/500 ---
Averaged Train Loss: 1.2346
Averaged Test Accuracy: 0.5422
Averaged Test AUC: 0.8797
Std Test Accuracy: 0.1496
Std Test AUC: 0.0403

--- Round 488/500 ---
Averaged Train Loss: 1.2367
Averaged Test Accuracy: 0.5428
Averaged Test AUC: 0.8776
Std Test Accuracy: 0.1420
Std Test AUC: 0.0444

--- Round 489/500 ---
Averaged Train Loss: 1.2338
Averaged Test Accuracy: 0.5383
Averaged Test AUC: 0.8800
Std Test Accuracy: 0.1292
Std Test AUC: 0.0325

--- Round 490/500 ---
Averaged Train Loss: 1.2306
Averaged Test Accuracy: 0.5458
Averaged Test AUC: 0.8796
Std Test Accuracy: 0.1243
Std Test AUC: 0.0376

--- Round 491/500 ---
Averaged Train Loss: 1.2244
Averaged Test Accuracy: 0.5464
Averaged Test AUC: 0.8803
Std Test Accuracy: 0.1278
Std Test AUC: 0.0381

--- Round 492/500 ---
Averaged Train Loss: 1.2415
Averaged Test Accuracy: 0.5368
Averaged Test AUC: 0.8792
Std Test Accuracy: 0.1378
Std Test AUC: 0.0365

--- Round 493/500 ---
Averaged Train Loss: 1.2390
Averaged Test Accuracy: 0.5366
Averaged Test AUC: 0.8791
Std Test Accuracy: 0.1405
Std Test AUC: 0.0399

--- Round 494/500 ---
Averaged Train Loss: 1.2917
Averaged Test Accuracy: 0.5199
Averaged Test AUC: 0.8742
Std Test Accuracy: 0.1772
Std Test AUC: 0.0497

--- Round 495/500 ---
Averaged Train Loss: 1.2199
Averaged Test Accuracy: 0.5456
Averaged Test AUC: 0.8809
Std Test Accuracy: 0.1210
Std Test AUC: 0.0359

--- Round 496/500 ---
Averaged Train Loss: 1.2147
Averaged Test Accuracy: 0.5472
Averaged Test AUC: 0.8810
Std Test Accuracy: 0.1376
Std Test AUC: 0.0360

--- Round 497/500 ---
Averaged Train Loss: 1.2500
Averaged Test Accuracy: 0.5338
Averaged Test AUC: 0.8776
Std Test Accuracy: 0.1355
Std Test AUC: 0.0376

--- Round 498/500 ---
Averaged Train Loss: 1.3228
Averaged Test Accuracy: 0.5124
Averaged Test AUC: 0.8714
Std Test Accuracy: 0.1802
Std Test AUC: 0.0566

--- Round 499/500 ---
Averaged Train Loss: 1.2370
Averaged Test Accuracy: 0.5419
Averaged Test AUC: 0.8785
Std Test Accuracy: 0.1471
Std Test AUC: 0.0465

--- Round 500/500 ---
Averaged Train Loss: 1.2875
Averaged Test Accuracy: 0.5202
Averaged Test AUC: 0.8752
Std Test Accuracy: 0.1835
Std Test AUC: 0.0517

========== Training Complete ==========
Best Test Accuracy: 0.5498935604044705
File path: ../results/Cifar10_FedEntPlusSmooth_smooth_trial01_0087_0.h5

Average time cost: 1772.98s.
Length:  501
std for best accuracy: 0.0
mean for best accuracy: 0.5498935604044705
All done!

Storage on cuda:0
-------------------------------------------------------------------------------
Total Tensors: 205577892 	Used Memory: 563.23M
The allocated memory on cuda:0: 581.35M
Memory differs due to the matrix alignment or invisible gradient buffer tensors
-------------------------------------------------------------------------------
