==================================================
goal = smooth_trial01_0021
device = cuda
device_id = 0
dataset = Cifar10
num_classes = 10
model = CNN
batch_size = 64
local_learning_rate = 0.01
learning_rate_decay = True
learning_rate_decay_gamma = 0.98
global_rounds = 500
top_cnt = 100
local_epochs = 5
algorithm = FedEntPlusSmooth
join_ratio = 0.1
random_join_ratio = False
num_clients = 100
prev = 0
times = 1
eval_gap = 1
save_folder_name = items
auto_break = False
dlg_eval = False
dlg_gap = 100
batch_num_per_client = 2
num_new_clients = 0
fine_tuning_epoch_new = 0
feature_dim = 512
vocab_size = 32000
max_len = 200
client_drop_rate = 0.0
train_slow_rate = 0.0
send_slow_rate = 0.0
time_select = False
time_threthold = 10000
beta = 0.0
lamda = 1.0
mu = 0.0
K = 5
p_learning_rate = 0.01
M = 5
itk = 4000
alphaK = 1.0
sigma = 1.0
alpha = 1.0
plocal_epochs = 1
tau = 1.0
fine_tuning_epochs = 10
dr_learning_rate = 0.0
L = 1.0
noise_dim = 512
generator_learning_rate = 0.005
hidden_dim = 512
server_epochs = 1000
localize_feature_extractor = False
server_learning_rate = 1.0
eta = 1.0
rand_percent = 80
layer_idx = 2
mentee_learning_rate = 0.005
T_start = 0.95
T_end = 0.98
momentum = 0.9
kl_weight = 0.0
buffer_size = 0
dp_epsilon = 0.0
H_min = None
alpha_vp = 0.0
enable_dynamic_param = False
log_fedent = False
log_filename = None
dynamic_config_path = /home/john/PFLlib/system/auto_configs/smooth_trial01_0021.json
==================================================

============= Running time: 0th =============
Creating server and clients ...
FedAvgCNN(
  (conv1): Sequential(
    (0): Conv2d(3, 32, kernel_size=(5, 5), stride=(1, 1))
    (1): ReLU(inplace=True)
    (2): MaxPool2d(kernel_size=(2, 2), stride=(2, 2), padding=0, dilation=1, ceil_mode=False)
  )
  (conv2): Sequential(
    (0): Conv2d(32, 64, kernel_size=(5, 5), stride=(1, 1))
    (1): ReLU(inplace=True)
    (2): MaxPool2d(kernel_size=(2, 2), stride=(2, 2), padding=0, dilation=1, ceil_mode=False)
  )
  (fc1): Sequential(
    (0): Linear(in_features=1600, out_features=512, bias=True)
    (1): ReLU(inplace=True)
  )
  (fc): Linear(in_features=512, out_features=10, bias=True)
)

Join ratio / total clients: 0.1 / 100
Finished creating server and clients.

--- Round 0/500 ---
Averaged Train Loss: 2.3038
Averaged Test Accuracy: 0.0928
Averaged Test AUC: 0.4894
Std Test Accuracy: 0.1434
Std Test AUC: 0.2233

--- Round 1/500 ---
Averaged Train Loss: 2.3795
Averaged Test Accuracy: 0.1020
Averaged Test AUC: 0.5122
Std Test Accuracy: 0.1947
Std Test AUC: 0.2485

--- Round 2/500 ---
Averaged Train Loss: 2.5867
Averaged Test Accuracy: 0.1138
Averaged Test AUC: 0.5178
Std Test Accuracy: 0.1524
Std Test AUC: 0.2457

--- Round 3/500 ---
Averaged Train Loss: 2.6572
Averaged Test Accuracy: 0.1637
Averaged Test AUC: 0.5313
Std Test Accuracy: 0.1767
Std Test AUC: 0.2497

--- Round 4/500 ---
Averaged Train Loss: 2.7044
Averaged Test Accuracy: 0.1684
Averaged Test AUC: 0.5399
Std Test Accuracy: 0.2051
Std Test AUC: 0.2536

--- Round 5/500 ---
Averaged Train Loss: 2.5688
Averaged Test Accuracy: 0.1653
Averaged Test AUC: 0.5691
Std Test Accuracy: 0.1921
Std Test AUC: 0.2490

--- Round 6/500 ---
Averaged Train Loss: 2.5686
Averaged Test Accuracy: 0.1573
Averaged Test AUC: 0.5755
Std Test Accuracy: 0.2071
Std Test AUC: 0.2409

--- Round 7/500 ---
Averaged Train Loss: 2.4467
Averaged Test Accuracy: 0.2038
Averaged Test AUC: 0.6040
Std Test Accuracy: 0.1909
Std Test AUC: 0.2433

--- Round 8/500 ---
Averaged Train Loss: 2.4012
Averaged Test Accuracy: 0.1813
Averaged Test AUC: 0.6269
Std Test Accuracy: 0.1891
Std Test AUC: 0.2148

--- Round 9/500 ---
Averaged Train Loss: 2.3332
Averaged Test Accuracy: 0.2153
Averaged Test AUC: 0.6478
Std Test Accuracy: 0.1828
Std Test AUC: 0.2142

--- Round 10/500 ---
Averaged Train Loss: 2.3301
Averaged Test Accuracy: 0.2354
Averaged Test AUC: 0.6510
Std Test Accuracy: 0.2056
Std Test AUC: 0.2168

--- Round 11/500 ---
Averaged Train Loss: 2.3351
Averaged Test Accuracy: 0.2213
Averaged Test AUC: 0.6476
Std Test Accuracy: 0.1706
Std Test AUC: 0.2075

--- Round 12/500 ---
Averaged Train Loss: 2.3126
Averaged Test Accuracy: 0.1933
Averaged Test AUC: 0.6645
Std Test Accuracy: 0.1973
Std Test AUC: 0.1999

--- Round 13/500 ---
Averaged Train Loss: 2.2790
Averaged Test Accuracy: 0.2428
Averaged Test AUC: 0.6705
Std Test Accuracy: 0.1815
Std Test AUC: 0.2046

--- Round 14/500 ---
Averaged Train Loss: 2.2826
Averaged Test Accuracy: 0.2354
Averaged Test AUC: 0.6735
Std Test Accuracy: 0.1759
Std Test AUC: 0.2020

--- Round 15/500 ---
Averaged Train Loss: 2.2361
Averaged Test Accuracy: 0.2624
Averaged Test AUC: 0.6835
Std Test Accuracy: 0.1826
Std Test AUC: 0.2046

--- Round 16/500 ---
Averaged Train Loss: 2.2394
Averaged Test Accuracy: 0.2283
Averaged Test AUC: 0.6895
Std Test Accuracy: 0.1863
Std Test AUC: 0.1938

--- Round 17/500 ---
Averaged Train Loss: 2.1875
Averaged Test Accuracy: 0.2722
Averaged Test AUC: 0.6934
Std Test Accuracy: 0.1913
Std Test AUC: 0.1935

--- Round 18/500 ---
Averaged Train Loss: 2.2196
Averaged Test Accuracy: 0.2519
Averaged Test AUC: 0.6936
Std Test Accuracy: 0.1810
Std Test AUC: 0.1894

--- Round 19/500 ---
Averaged Train Loss: 2.1289
Averaged Test Accuracy: 0.2686
Averaged Test AUC: 0.7074
Std Test Accuracy: 0.1869
Std Test AUC: 0.1837

--- Round 20/500 ---
Averaged Train Loss: 2.1863
Averaged Test Accuracy: 0.2693
Averaged Test AUC: 0.6991
Std Test Accuracy: 0.2003
Std Test AUC: 0.1865

--- Round 21/500 ---
Averaged Train Loss: 2.1384
Averaged Test Accuracy: 0.2702
Averaged Test AUC: 0.7114
Std Test Accuracy: 0.1714
Std Test AUC: 0.1845

--- Round 22/500 ---
Averaged Train Loss: 2.1487
Averaged Test Accuracy: 0.2767
Averaged Test AUC: 0.7099
Std Test Accuracy: 0.2071
Std Test AUC: 0.1870

--- Round 23/500 ---
Averaged Train Loss: 2.1860
Averaged Test Accuracy: 0.2747
Averaged Test AUC: 0.7063
Std Test Accuracy: 0.2036
Std Test AUC: 0.1878

--- Round 24/500 ---
Averaged Train Loss: 2.1346
Averaged Test Accuracy: 0.2936
Averaged Test AUC: 0.7148
Std Test Accuracy: 0.1875
Std Test AUC: 0.1903

--- Round 25/500 ---
Averaged Train Loss: 2.0807
Averaged Test Accuracy: 0.2954
Averaged Test AUC: 0.7245
Std Test Accuracy: 0.1996
Std Test AUC: 0.1723

--- Round 26/500 ---
Averaged Train Loss: 2.1056
Averaged Test Accuracy: 0.2916
Averaged Test AUC: 0.7214
Std Test Accuracy: 0.1935
Std Test AUC: 0.1796

--- Round 27/500 ---
Averaged Train Loss: 2.0396
Averaged Test Accuracy: 0.2916
Averaged Test AUC: 0.7353
Std Test Accuracy: 0.1886
Std Test AUC: 0.1618

--- Round 28/500 ---
Averaged Train Loss: 2.0470
Averaged Test Accuracy: 0.2831
Averaged Test AUC: 0.7356
Std Test Accuracy: 0.1776
Std Test AUC: 0.1672

--- Round 29/500 ---
Averaged Train Loss: 2.0670
Averaged Test Accuracy: 0.2776
Averaged Test AUC: 0.7340
Std Test Accuracy: 0.1790
Std Test AUC: 0.1693

--- Round 30/500 ---
Averaged Train Loss: 2.0616
Averaged Test Accuracy: 0.2960
Averaged Test AUC: 0.7345
Std Test Accuracy: 0.2031
Std Test AUC: 0.1749

--- Round 31/500 ---
Averaged Train Loss: 2.0515
Averaged Test Accuracy: 0.3121
Averaged Test AUC: 0.7357
Std Test Accuracy: 0.1906
Std Test AUC: 0.1763

--- Round 32/500 ---
Averaged Train Loss: 2.0882
Averaged Test Accuracy: 0.3049
Averaged Test AUC: 0.7324
Std Test Accuracy: 0.1943
Std Test AUC: 0.1777

--- Round 33/500 ---
Averaged Train Loss: 2.0782
Averaged Test Accuracy: 0.2869
Averaged Test AUC: 0.7361
Std Test Accuracy: 0.1806
Std Test AUC: 0.1722

--- Round 34/500 ---
Averaged Train Loss: 2.0623
Averaged Test Accuracy: 0.3038
Averaged Test AUC: 0.7380
Std Test Accuracy: 0.2098
Std Test AUC: 0.1794

--- Round 35/500 ---
Averaged Train Loss: 2.0382
Averaged Test Accuracy: 0.3127
Averaged Test AUC: 0.7409
Std Test Accuracy: 0.1905
Std Test AUC: 0.1783

--- Round 36/500 ---
Averaged Train Loss: 2.0692
Averaged Test Accuracy: 0.3115
Averaged Test AUC: 0.7383
Std Test Accuracy: 0.1915
Std Test AUC: 0.1734

--- Round 37/500 ---
Averaged Train Loss: 2.0339
Averaged Test Accuracy: 0.3124
Averaged Test AUC: 0.7440
Std Test Accuracy: 0.2139
Std Test AUC: 0.1759

--- Round 38/500 ---
Averaged Train Loss: 1.9728
Averaged Test Accuracy: 0.3224
Averaged Test AUC: 0.7517
Std Test Accuracy: 0.1746
Std Test AUC: 0.1607

--- Round 39/500 ---
Averaged Train Loss: 1.9178
Averaged Test Accuracy: 0.3251
Averaged Test AUC: 0.7613
Std Test Accuracy: 0.2087
Std Test AUC: 0.1477

--- Round 40/500 ---
Averaged Train Loss: 2.0087
Averaged Test Accuracy: 0.3156
Averaged Test AUC: 0.7511
Std Test Accuracy: 0.1928
Std Test AUC: 0.1507

--- Round 41/500 ---
Averaged Train Loss: 1.9967
Averaged Test Accuracy: 0.3220
Averaged Test AUC: 0.7521
Std Test Accuracy: 0.1991
Std Test AUC: 0.1583

--- Round 42/500 ---
Averaged Train Loss: 1.9947
Averaged Test Accuracy: 0.3113
Averaged Test AUC: 0.7526
Std Test Accuracy: 0.2185
Std Test AUC: 0.1670

--- Round 43/500 ---
Averaged Train Loss: 1.9704
Averaged Test Accuracy: 0.3278
Averaged Test AUC: 0.7571
Std Test Accuracy: 0.1924
Std Test AUC: 0.1584

--- Round 44/500 ---
Averaged Train Loss: 1.9234
Averaged Test Accuracy: 0.3338
Averaged Test AUC: 0.7656
Std Test Accuracy: 0.1907
Std Test AUC: 0.1427

--- Round 45/500 ---
Averaged Train Loss: 1.9290
Averaged Test Accuracy: 0.3357
Averaged Test AUC: 0.7647
Std Test Accuracy: 0.1846
Std Test AUC: 0.1463

--- Round 46/500 ---
Averaged Train Loss: 1.9352
Averaged Test Accuracy: 0.3282
Averaged Test AUC: 0.7639
Std Test Accuracy: 0.1613
Std Test AUC: 0.1498

--- Round 47/500 ---
Averaged Train Loss: 1.9596
Averaged Test Accuracy: 0.3234
Averaged Test AUC: 0.7612
Std Test Accuracy: 0.1833
Std Test AUC: 0.1348

--- Round 48/500 ---
Averaged Train Loss: 1.9455
Averaged Test Accuracy: 0.3341
Averaged Test AUC: 0.7629
Std Test Accuracy: 0.1973
Std Test AUC: 0.1475

--- Round 49/500 ---
Averaged Train Loss: 1.9475
Averaged Test Accuracy: 0.3390
Averaged Test AUC: 0.7616
Std Test Accuracy: 0.1885
Std Test AUC: 0.1543

--- Round 50/500 ---
Averaged Train Loss: 1.9826
Averaged Test Accuracy: 0.3308
Averaged Test AUC: 0.7582
Std Test Accuracy: 0.1863
Std Test AUC: 0.1568

--- Round 51/500 ---
Averaged Train Loss: 1.9171
Averaged Test Accuracy: 0.3448
Averaged Test AUC: 0.7683
Std Test Accuracy: 0.1613
Std Test AUC: 0.1483

--- Round 52/500 ---
Averaged Train Loss: 1.9401
Averaged Test Accuracy: 0.3405
Averaged Test AUC: 0.7651
Std Test Accuracy: 0.1867
Std Test AUC: 0.1518

--- Round 53/500 ---
Averaged Train Loss: 1.9226
Averaged Test Accuracy: 0.3365
Averaged Test AUC: 0.7682
Std Test Accuracy: 0.1830
Std Test AUC: 0.1388

--- Round 54/500 ---
Averaged Train Loss: 1.8688
Averaged Test Accuracy: 0.3525
Averaged Test AUC: 0.7740
Std Test Accuracy: 0.1763
Std Test AUC: 0.1443

--- Round 55/500 ---
Averaged Train Loss: 1.9893
Averaged Test Accuracy: 0.3304
Averaged Test AUC: 0.7604
Std Test Accuracy: 0.2043
Std Test AUC: 0.1514

--- Round 56/500 ---
Averaged Train Loss: 1.9354
Averaged Test Accuracy: 0.3332
Averaged Test AUC: 0.7671
Std Test Accuracy: 0.1663
Std Test AUC: 0.1498

--- Round 57/500 ---
Averaged Train Loss: 1.9321
Averaged Test Accuracy: 0.3426
Averaged Test AUC: 0.7670
Std Test Accuracy: 0.1971
Std Test AUC: 0.1545

--- Round 58/500 ---
Averaged Train Loss: 1.9490
Averaged Test Accuracy: 0.3417
Averaged Test AUC: 0.7650
Std Test Accuracy: 0.1918
Std Test AUC: 0.1565

--- Round 59/500 ---
Averaged Train Loss: 1.9333
Averaged Test Accuracy: 0.3459
Averaged Test AUC: 0.7689
Std Test Accuracy: 0.1850
Std Test AUC: 0.1534

--- Round 60/500 ---
Averaged Train Loss: 1.9667
Averaged Test Accuracy: 0.3365
Averaged Test AUC: 0.7646
Std Test Accuracy: 0.1980
Std Test AUC: 0.1577

--- Round 61/500 ---
Averaged Train Loss: 1.9662
Averaged Test Accuracy: 0.3352
Averaged Test AUC: 0.7643
Std Test Accuracy: 0.2061
Std Test AUC: 0.1610

--- Round 62/500 ---
Averaged Train Loss: 1.9665
Averaged Test Accuracy: 0.3409
Averaged Test AUC: 0.7642
Std Test Accuracy: 0.1965
Std Test AUC: 0.1605

--- Round 63/500 ---
Averaged Train Loss: 1.9256
Averaged Test Accuracy: 0.3495
Averaged Test AUC: 0.7688
Std Test Accuracy: 0.1571
Std Test AUC: 0.1581

--- Round 64/500 ---
Averaged Train Loss: 1.9475
Averaged Test Accuracy: 0.3402
Averaged Test AUC: 0.7678
Std Test Accuracy: 0.1562
Std Test AUC: 0.1555

--- Round 65/500 ---
Averaged Train Loss: 1.9324
Averaged Test Accuracy: 0.3545
Averaged Test AUC: 0.7686
Std Test Accuracy: 0.1760
Std Test AUC: 0.1586

--- Round 66/500 ---
Averaged Train Loss: 1.9581
Averaged Test Accuracy: 0.3465
Averaged Test AUC: 0.7659
Std Test Accuracy: 0.1811
Std Test AUC: 0.1598

--- Round 67/500 ---
Averaged Train Loss: 1.8994
Averaged Test Accuracy: 0.3641
Averaged Test AUC: 0.7721
Std Test Accuracy: 0.1517
Std Test AUC: 0.1606

--- Round 68/500 ---
Averaged Train Loss: 1.9438
Averaged Test Accuracy: 0.3550
Averaged Test AUC: 0.7680
Std Test Accuracy: 0.1693
Std Test AUC: 0.1583

--- Round 69/500 ---
Averaged Train Loss: 1.9073
Averaged Test Accuracy: 0.3606
Averaged Test AUC: 0.7736
Std Test Accuracy: 0.1662
Std Test AUC: 0.1553

--- Round 70/500 ---
Averaged Train Loss: 1.9110
Averaged Test Accuracy: 0.3562
Averaged Test AUC: 0.7718
Std Test Accuracy: 0.1691
Std Test AUC: 0.1549

--- Round 71/500 ---
Averaged Train Loss: 1.9126
Averaged Test Accuracy: 0.3563
Averaged Test AUC: 0.7732
Std Test Accuracy: 0.1735
Std Test AUC: 0.1521

--- Round 72/500 ---
Averaged Train Loss: 1.9220
Averaged Test Accuracy: 0.3538
Averaged Test AUC: 0.7720
Std Test Accuracy: 0.1960
Std Test AUC: 0.1547

--- Round 73/500 ---
Averaged Train Loss: 1.9133
Averaged Test Accuracy: 0.3544
Averaged Test AUC: 0.7737
Std Test Accuracy: 0.1539
Std Test AUC: 0.1509

--- Round 74/500 ---
Averaged Train Loss: 1.9145
Averaged Test Accuracy: 0.3516
Averaged Test AUC: 0.7734
Std Test Accuracy: 0.1514
Std Test AUC: 0.1526

--- Round 75/500 ---
Averaged Train Loss: 1.8907
Averaged Test Accuracy: 0.3644
Averaged Test AUC: 0.7749
Std Test Accuracy: 0.1587
Std Test AUC: 0.1547

--- Round 76/500 ---
Averaged Train Loss: 1.9283
Averaged Test Accuracy: 0.3475
Averaged Test AUC: 0.7723
Std Test Accuracy: 0.1532
Std Test AUC: 0.1518

--- Round 77/500 ---
Averaged Train Loss: 1.9137
Averaged Test Accuracy: 0.3626
Averaged Test AUC: 0.7739
Std Test Accuracy: 0.1710
Std Test AUC: 0.1550

--- Round 78/500 ---
Averaged Train Loss: 1.9032
Averaged Test Accuracy: 0.3610
Averaged Test AUC: 0.7750
Std Test Accuracy: 0.1490
Std Test AUC: 0.1544

--- Round 79/500 ---
Averaged Train Loss: 1.9382
Averaged Test Accuracy: 0.3465
Averaged Test AUC: 0.7708
Std Test Accuracy: 0.1957
Std Test AUC: 0.1570

--- Round 80/500 ---
Averaged Train Loss: 1.9124
Averaged Test Accuracy: 0.3612
Averaged Test AUC: 0.7741
Std Test Accuracy: 0.1822
Std Test AUC: 0.1556

--- Round 81/500 ---
Averaged Train Loss: 1.8886
Averaged Test Accuracy: 0.3673
Averaged Test AUC: 0.7783
Std Test Accuracy: 0.1706
Std Test AUC: 0.1524

--- Round 82/500 ---
Averaged Train Loss: 1.9082
Averaged Test Accuracy: 0.3450
Averaged Test AUC: 0.7770
Std Test Accuracy: 0.1750
Std Test AUC: 0.1399

--- Round 83/500 ---
Averaged Train Loss: 1.8707
Averaged Test Accuracy: 0.3632
Averaged Test AUC: 0.7801
Std Test Accuracy: 0.1481
Std Test AUC: 0.1453

--- Round 84/500 ---
Averaged Train Loss: 1.8763
Averaged Test Accuracy: 0.3702
Averaged Test AUC: 0.7793
Std Test Accuracy: 0.1689
Std Test AUC: 0.1498

--- Round 85/500 ---
Averaged Train Loss: 1.8561
Averaged Test Accuracy: 0.3798
Averaged Test AUC: 0.7830
Std Test Accuracy: 0.1402
Std Test AUC: 0.1457

--- Round 86/500 ---
Averaged Train Loss: 1.8856
Averaged Test Accuracy: 0.3647
Averaged Test AUC: 0.7791
Std Test Accuracy: 0.1437
Std Test AUC: 0.1495

--- Round 87/500 ---
Averaged Train Loss: 1.8914
Averaged Test Accuracy: 0.3606
Averaged Test AUC: 0.7797
Std Test Accuracy: 0.1851
Std Test AUC: 0.1535

--- Round 88/500 ---
Averaged Train Loss: 1.9048
Averaged Test Accuracy: 0.3620
Averaged Test AUC: 0.7773
Std Test Accuracy: 0.1933
Std Test AUC: 0.1562

--- Round 89/500 ---
Averaged Train Loss: 1.8537
Averaged Test Accuracy: 0.3777
Averaged Test AUC: 0.7836
Std Test Accuracy: 0.1711
Std Test AUC: 0.1481

--- Round 90/500 ---
Averaged Train Loss: 1.9207
Averaged Test Accuracy: 0.3494
Averaged Test AUC: 0.7754
Std Test Accuracy: 0.2003
Std Test AUC: 0.1519

--- Round 91/500 ---
Averaged Train Loss: 1.8882
Averaged Test Accuracy: 0.3695
Averaged Test AUC: 0.7784
Std Test Accuracy: 0.1877
Std Test AUC: 0.1533

--- Round 92/500 ---
Averaged Train Loss: 1.8962
Averaged Test Accuracy: 0.3677
Averaged Test AUC: 0.7776
Std Test Accuracy: 0.1801
Std Test AUC: 0.1535

--- Round 93/500 ---
Averaged Train Loss: 1.8863
Averaged Test Accuracy: 0.3691
Averaged Test AUC: 0.7795
Std Test Accuracy: 0.1965
Std Test AUC: 0.1540

--- Round 94/500 ---
Averaged Train Loss: 1.8937
Averaged Test Accuracy: 0.3630
Averaged Test AUC: 0.7787
Std Test Accuracy: 0.1914
Std Test AUC: 0.1523

--- Round 95/500 ---
Averaged Train Loss: 1.8854
Averaged Test Accuracy: 0.3713
Averaged Test AUC: 0.7793
Std Test Accuracy: 0.1675
Std Test AUC: 0.1518

--- Round 96/500 ---
Averaged Train Loss: 1.8813
Averaged Test Accuracy: 0.3693
Averaged Test AUC: 0.7800
Std Test Accuracy: 0.1440
Std Test AUC: 0.1511

--- Round 97/500 ---
Averaged Train Loss: 1.8302
Averaged Test Accuracy: 0.3858
Averaged Test AUC: 0.7859
Std Test Accuracy: 0.1452
Std Test AUC: 0.1505

--- Round 98/500 ---
Averaged Train Loss: 1.7935
Averaged Test Accuracy: 0.3836
Averaged Test AUC: 0.7944
Std Test Accuracy: 0.1634
Std Test AUC: 0.1296

--- Round 99/500 ---
Averaged Train Loss: 1.8114
Averaged Test Accuracy: 0.3805
Averaged Test AUC: 0.7915
Std Test Accuracy: 0.1727
Std Test AUC: 0.1356

--- Round 100/500 ---
Averaged Train Loss: 1.8394
Averaged Test Accuracy: 0.3768
Averaged Test AUC: 0.7867
Std Test Accuracy: 0.1713
Std Test AUC: 0.1425

--- Round 101/500 ---
Averaged Train Loss: 1.8468
Averaged Test Accuracy: 0.3743
Averaged Test AUC: 0.7848
Std Test Accuracy: 0.1621
Std Test AUC: 0.1433

--- Round 102/500 ---
Averaged Train Loss: 1.8468
Averaged Test Accuracy: 0.3777
Averaged Test AUC: 0.7846
Std Test Accuracy: 0.1759
Std Test AUC: 0.1456

--- Round 103/500 ---
Averaged Train Loss: 1.8110
Averaged Test Accuracy: 0.3749
Averaged Test AUC: 0.7901
Std Test Accuracy: 0.1588
Std Test AUC: 0.1259

--- Round 104/500 ---
Averaged Train Loss: 1.8087
Averaged Test Accuracy: 0.3773
Averaged Test AUC: 0.7907
Std Test Accuracy: 0.1413
Std Test AUC: 0.1303

--- Round 105/500 ---
Averaged Train Loss: 1.8253
Averaged Test Accuracy: 0.3787
Averaged Test AUC: 0.7883
Std Test Accuracy: 0.1617
Std Test AUC: 0.1361

--- Round 106/500 ---
Averaged Train Loss: 1.7928
Averaged Test Accuracy: 0.3944
Averaged Test AUC: 0.7928
Std Test Accuracy: 0.1352
Std Test AUC: 0.1366

--- Round 107/500 ---
Averaged Train Loss: 1.8342
Averaged Test Accuracy: 0.3781
Averaged Test AUC: 0.7872
Std Test Accuracy: 0.1709
Std Test AUC: 0.1444

--- Round 108/500 ---
Averaged Train Loss: 1.8481
Averaged Test Accuracy: 0.3794
Averaged Test AUC: 0.7852
Std Test Accuracy: 0.1591
Std Test AUC: 0.1450

--- Round 109/500 ---
Averaged Train Loss: 1.8454
Averaged Test Accuracy: 0.3858
Averaged Test AUC: 0.7857
Std Test Accuracy: 0.1680
Std Test AUC: 0.1455

--- Round 110/500 ---
Averaged Train Loss: 1.8809
Averaged Test Accuracy: 0.3715
Averaged Test AUC: 0.7828
Std Test Accuracy: 0.1938
Std Test AUC: 0.1477

--- Round 111/500 ---
Averaged Train Loss: 1.8350
Averaged Test Accuracy: 0.3711
Averaged Test AUC: 0.7878
Std Test Accuracy: 0.1606
Std Test AUC: 0.1355

--- Round 112/500 ---
Averaged Train Loss: 1.8251
Averaged Test Accuracy: 0.3846
Averaged Test AUC: 0.7884
Std Test Accuracy: 0.1513
Std Test AUC: 0.1406

--- Round 113/500 ---
Averaged Train Loss: 1.8420
Averaged Test Accuracy: 0.3791
Averaged Test AUC: 0.7865
Std Test Accuracy: 0.1649
Std Test AUC: 0.1442

--- Round 114/500 ---
Averaged Train Loss: 1.8673
Averaged Test Accuracy: 0.3699
Averaged Test AUC: 0.7821
Std Test Accuracy: 0.1878
Std Test AUC: 0.1484

--- Round 115/500 ---
Averaged Train Loss: 1.8596
Averaged Test Accuracy: 0.3767
Averaged Test AUC: 0.7841
Std Test Accuracy: 0.1728
Std Test AUC: 0.1488

--- Round 116/500 ---
Averaged Train Loss: 1.8317
Averaged Test Accuracy: 0.3868
Averaged Test AUC: 0.7872
Std Test Accuracy: 0.1389
Std Test AUC: 0.1487

--- Round 117/500 ---
Averaged Train Loss: 1.8308
Averaged Test Accuracy: 0.3781
Averaged Test AUC: 0.7898
Std Test Accuracy: 0.1778
Std Test AUC: 0.1506

--- Round 118/500 ---
Averaged Train Loss: 1.8059
Averaged Test Accuracy: 0.3928
Averaged Test AUC: 0.7918
Std Test Accuracy: 0.1513
Std Test AUC: 0.1471

--- Round 119/500 ---
Averaged Train Loss: 1.7614
Averaged Test Accuracy: 0.3913
Averaged Test AUC: 0.7995
Std Test Accuracy: 0.1593
Std Test AUC: 0.1283

--- Round 120/500 ---
Averaged Train Loss: 1.7835
Averaged Test Accuracy: 0.3837
Averaged Test AUC: 0.7949
Std Test Accuracy: 0.1764
Std Test AUC: 0.1371

--- Round 121/500 ---
Averaged Train Loss: 1.7898
Averaged Test Accuracy: 0.3796
Averaged Test AUC: 0.7953
Std Test Accuracy: 0.1536
Std Test AUC: 0.1243

--- Round 122/500 ---
Averaged Train Loss: 1.7853
Averaged Test Accuracy: 0.3890
Averaged Test AUC: 0.7942
Std Test Accuracy: 0.1617
Std Test AUC: 0.1318

--- Round 123/500 ---
Averaged Train Loss: 1.7795
Averaged Test Accuracy: 0.3964
Averaged Test AUC: 0.7959
Std Test Accuracy: 0.1602
Std Test AUC: 0.1345

--- Round 124/500 ---
Averaged Train Loss: 1.7959
Averaged Test Accuracy: 0.3901
Averaged Test AUC: 0.7945
Std Test Accuracy: 0.1702
Std Test AUC: 0.1374

--- Round 125/500 ---
Averaged Train Loss: 1.8196
Averaged Test Accuracy: 0.3725
Averaged Test AUC: 0.7934
Std Test Accuracy: 0.1853
Std Test AUC: 0.1421

--- Round 126/500 ---
Averaged Train Loss: 1.8168
Averaged Test Accuracy: 0.3755
Averaged Test AUC: 0.7937
Std Test Accuracy: 0.1824
Std Test AUC: 0.1449

--- Round 127/500 ---
Averaged Train Loss: 1.8381
Averaged Test Accuracy: 0.3782
Averaged Test AUC: 0.7880
Std Test Accuracy: 0.1806
Std Test AUC: 0.1468

--- Round 128/500 ---
Averaged Train Loss: 1.8109
Averaged Test Accuracy: 0.3941
Averaged Test AUC: 0.7895
Std Test Accuracy: 0.1680
Std Test AUC: 0.1501

--- Round 129/500 ---
Averaged Train Loss: 1.8181
Averaged Test Accuracy: 0.3966
Averaged Test AUC: 0.7886
Std Test Accuracy: 0.1615
Std Test AUC: 0.1530

--- Round 130/500 ---
Averaged Train Loss: 1.8156
Averaged Test Accuracy: 0.3954
Averaged Test AUC: 0.7885
Std Test Accuracy: 0.1350
Std Test AUC: 0.1528

--- Round 131/500 ---
Averaged Train Loss: 1.7765
Averaged Test Accuracy: 0.4067
Averaged Test AUC: 0.7972
Std Test Accuracy: 0.1361
Std Test AUC: 0.1440

--- Round 132/500 ---
Averaged Train Loss: 1.7688
Averaged Test Accuracy: 0.4013
Averaged Test AUC: 0.7976
Std Test Accuracy: 0.1484
Std Test AUC: 0.1405

--- Round 133/500 ---
Averaged Train Loss: 1.7471
Averaged Test Accuracy: 0.3924
Averaged Test AUC: 0.8016
Std Test Accuracy: 0.1492
Std Test AUC: 0.1187

--- Round 134/500 ---
Averaged Train Loss: 1.7505
Averaged Test Accuracy: 0.3912
Averaged Test AUC: 0.8004
Std Test Accuracy: 0.1561
Std Test AUC: 0.1239

--- Round 135/500 ---
Averaged Train Loss: 1.7765
Averaged Test Accuracy: 0.3906
Averaged Test AUC: 0.7968
Std Test Accuracy: 0.1627
Std Test AUC: 0.1296

--- Round 136/500 ---
Averaged Train Loss: 1.7939
Averaged Test Accuracy: 0.3809
Averaged Test AUC: 0.7944
Std Test Accuracy: 0.1857
Std Test AUC: 0.1382

--- Round 137/500 ---
Averaged Train Loss: 1.7399
Averaged Test Accuracy: 0.3920
Averaged Test AUC: 0.8019
Std Test Accuracy: 0.1556
Std Test AUC: 0.1153

--- Round 138/500 ---
Averaged Train Loss: 1.7407
Averaged Test Accuracy: 0.3948
Averaged Test AUC: 0.8033
Std Test Accuracy: 0.1657
Std Test AUC: 0.1194

--- Round 139/500 ---
Averaged Train Loss: 1.7786
Averaged Test Accuracy: 0.3851
Averaged Test AUC: 0.7989
Std Test Accuracy: 0.1893
Std Test AUC: 0.1247

--- Round 140/500 ---
Averaged Train Loss: 1.7621
Averaged Test Accuracy: 0.3948
Averaged Test AUC: 0.7987
Std Test Accuracy: 0.1680
Std Test AUC: 0.1291

--- Round 141/500 ---
Averaged Train Loss: 1.7609
Averaged Test Accuracy: 0.3873
Averaged Test AUC: 0.8000
Std Test Accuracy: 0.1805
Std Test AUC: 0.1331

--- Round 142/500 ---
Averaged Train Loss: 1.7757
Averaged Test Accuracy: 0.3956
Averaged Test AUC: 0.7972
Std Test Accuracy: 0.1686
Std Test AUC: 0.1356

--- Round 143/500 ---
Averaged Train Loss: 1.7180
Averaged Test Accuracy: 0.3976
Averaged Test AUC: 0.8064
Std Test Accuracy: 0.1588
Std Test AUC: 0.1194

--- Round 144/500 ---
Averaged Train Loss: 1.7500
Averaged Test Accuracy: 0.3930
Averaged Test AUC: 0.8017
Std Test Accuracy: 0.1606
Std Test AUC: 0.1244

--- Round 145/500 ---
Averaged Train Loss: 1.7732
Averaged Test Accuracy: 0.3914
Averaged Test AUC: 0.7985
Std Test Accuracy: 0.1666
Std Test AUC: 0.1299

--- Round 146/500 ---
Averaged Train Loss: 1.7682
Averaged Test Accuracy: 0.3967
Averaged Test AUC: 0.7980
Std Test Accuracy: 0.1398
Std Test AUC: 0.1324

--- Round 147/500 ---
Averaged Train Loss: 1.7239
Averaged Test Accuracy: 0.4023
Averaged Test AUC: 0.8048
Std Test Accuracy: 0.1386
Std Test AUC: 0.1158

--- Round 148/500 ---
Averaged Train Loss: 1.7369
Averaged Test Accuracy: 0.4001
Averaged Test AUC: 0.8029
Std Test Accuracy: 0.1491
Std Test AUC: 0.1210

--- Round 149/500 ---
Averaged Train Loss: 1.7423
Averaged Test Accuracy: 0.3977
Averaged Test AUC: 0.8022
Std Test Accuracy: 0.1560
Std Test AUC: 0.1213

--- Round 150/500 ---
Averaged Train Loss: 1.7612
Averaged Test Accuracy: 0.3946
Averaged Test AUC: 0.7997
Std Test Accuracy: 0.1627
Std Test AUC: 0.1263

--- Round 151/500 ---
Averaged Train Loss: 1.7673
Averaged Test Accuracy: 0.3962
Averaged Test AUC: 0.7986
Std Test Accuracy: 0.1390
Std Test AUC: 0.1287

--- Round 152/500 ---
Averaged Train Loss: 1.7697
Averaged Test Accuracy: 0.3976
Averaged Test AUC: 0.7981
Std Test Accuracy: 0.1515
Std Test AUC: 0.1323

--- Round 153/500 ---
Averaged Train Loss: 1.7911
Averaged Test Accuracy: 0.3926
Averaged Test AUC: 0.7939
Std Test Accuracy: 0.1740
Std Test AUC: 0.1380

--- Round 154/500 ---
Averaged Train Loss: 1.7537
Averaged Test Accuracy: 0.3904
Averaged Test AUC: 0.8010
Std Test Accuracy: 0.1541
Std Test AUC: 0.1170

--- Round 155/500 ---
Averaged Train Loss: 1.7621
Averaged Test Accuracy: 0.3918
Averaged Test AUC: 0.8000
Std Test Accuracy: 0.1584
Std Test AUC: 0.1227

--- Round 156/500 ---
Averaged Train Loss: 1.7667
Averaged Test Accuracy: 0.3919
Averaged Test AUC: 0.7987
Std Test Accuracy: 0.1697
Std Test AUC: 0.1274

--- Round 157/500 ---
Averaged Train Loss: 1.7726
Averaged Test Accuracy: 0.3931
Averaged Test AUC: 0.7977
Std Test Accuracy: 0.1671
Std Test AUC: 0.1309

--- Round 158/500 ---
Averaged Train Loss: 1.7502
Averaged Test Accuracy: 0.4068
Averaged Test AUC: 0.8008
Std Test Accuracy: 0.1520
Std Test AUC: 0.1322

--- Round 159/500 ---
Averaged Train Loss: 1.7558
Averaged Test Accuracy: 0.4089
Averaged Test AUC: 0.8005
Std Test Accuracy: 0.1516
Std Test AUC: 0.1349

--- Round 160/500 ---
Averaged Train Loss: 1.7640
Averaged Test Accuracy: 0.4028
Averaged Test AUC: 0.7990
Std Test Accuracy: 0.1518
Std Test AUC: 0.1357

--- Round 161/500 ---
Averaged Train Loss: 1.7766
Averaged Test Accuracy: 0.4020
Averaged Test AUC: 0.7974
Std Test Accuracy: 0.1575
Std Test AUC: 0.1361

--- Round 162/500 ---
Averaged Train Loss: 1.7791
Averaged Test Accuracy: 0.4015
Averaged Test AUC: 0.7963
Std Test Accuracy: 0.1377
Std Test AUC: 0.1400

--- Round 163/500 ---
Averaged Train Loss: 1.7860
Averaged Test Accuracy: 0.4001
Averaged Test AUC: 0.7975
Std Test Accuracy: 0.1578
Std Test AUC: 0.1385

--- Round 164/500 ---
Averaged Train Loss: 1.7904
Averaged Test Accuracy: 0.3983
Averaged Test AUC: 0.7951
Std Test Accuracy: 0.1406
Std Test AUC: 0.1432

--- Round 165/500 ---
Averaged Train Loss: 1.7623
Averaged Test Accuracy: 0.4005
Averaged Test AUC: 0.7993
Std Test Accuracy: 0.1449
Std Test AUC: 0.1332

--- Round 166/500 ---
Averaged Train Loss: 1.7589
Averaged Test Accuracy: 0.4071
Averaged Test AUC: 0.7996
Std Test Accuracy: 0.1375
Std Test AUC: 0.1352

--- Round 167/500 ---
Averaged Train Loss: 1.7297
Averaged Test Accuracy: 0.4147
Averaged Test AUC: 0.8035
Std Test Accuracy: 0.1374
Std Test AUC: 0.1315

--- Round 168/500 ---
Averaged Train Loss: 1.7561
Averaged Test Accuracy: 0.4083
Averaged Test AUC: 0.8002
Std Test Accuracy: 0.1439
Std Test AUC: 0.1344

--- Round 169/500 ---
Averaged Train Loss: 1.7460
Averaged Test Accuracy: 0.4137
Averaged Test AUC: 0.8004
Std Test Accuracy: 0.1455
Std Test AUC: 0.1380

--- Round 170/500 ---
Averaged Train Loss: 1.6930
Averaged Test Accuracy: 0.4132
Averaged Test AUC: 0.8097
Std Test Accuracy: 0.1423
Std Test AUC: 0.1189

--- Round 171/500 ---
Averaged Train Loss: 1.7631
Averaged Test Accuracy: 0.3952
Averaged Test AUC: 0.8027
Std Test Accuracy: 0.1795
Std Test AUC: 0.1226

--- Round 172/500 ---
Averaged Train Loss: 1.7387
Averaged Test Accuracy: 0.4065
Averaged Test AUC: 0.8027
Std Test Accuracy: 0.1398
Std Test AUC: 0.1278

--- Round 173/500 ---
Averaged Train Loss: 1.7994
Averaged Test Accuracy: 0.3489
Averaged Test AUC: 0.8054
Std Test Accuracy: 0.2317
Std Test AUC: 0.0924

--- Round 174/500 ---
Averaged Train Loss: 1.7556
Averaged Test Accuracy: 0.3407
Averaged Test AUC: 0.8081
Std Test Accuracy: 0.2189
Std Test AUC: 0.0749

--- Round 175/500 ---
Averaged Train Loss: 1.7016
Averaged Test Accuracy: 0.3506
Averaged Test AUC: 0.8148
Std Test Accuracy: 0.2065
Std Test AUC: 0.0756

--- Round 176/500 ---
Averaged Train Loss: 2.3577
Averaged Test Accuracy: 0.2595
Averaged Test AUC: 0.7906
Std Test Accuracy: 0.2405
Std Test AUC: 0.0847

--- Round 177/500 ---
Averaged Train Loss: 1.7025
Averaged Test Accuracy: 0.3617
Averaged Test AUC: 0.8253
Std Test Accuracy: 0.2084
Std Test AUC: 0.0556

--- Round 178/500 ---
Averaged Train Loss: 1.7979
Averaged Test Accuracy: 0.3485
Averaged Test AUC: 0.8040
Std Test Accuracy: 0.2092
Std Test AUC: 0.0860

--- Round 179/500 ---
Averaged Train Loss: 1.6130
Averaged Test Accuracy: 0.3904
Averaged Test AUC: 0.8281
Std Test Accuracy: 0.1437
Std Test AUC: 0.0608

--- Round 180/500 ---
Averaged Train Loss: 1.7127
Averaged Test Accuracy: 0.3576
Averaged Test AUC: 0.8147
Std Test Accuracy: 0.1583
Std Test AUC: 0.0600

--- Round 181/500 ---
Averaged Train Loss: 2.2969
Averaged Test Accuracy: 0.2725
Averaged Test AUC: 0.8018
Std Test Accuracy: 0.2194
Std Test AUC: 0.0720

--- Round 182/500 ---
Averaged Train Loss: 1.6279
Averaged Test Accuracy: 0.3868
Averaged Test AUC: 0.8314
Std Test Accuracy: 0.1557
Std Test AUC: 0.0474

--- Round 183/500 ---
Averaged Train Loss: 1.7488
Averaged Test Accuracy: 0.3648
Averaged Test AUC: 0.8138
Std Test Accuracy: 0.1997
Std Test AUC: 0.0787

--- Round 184/500 ---
Averaged Train Loss: 1.5973
Averaged Test Accuracy: 0.4051
Averaged Test AUC: 0.8303
Std Test Accuracy: 0.1521
Std Test AUC: 0.0644

--- Round 185/500 ---
Averaged Train Loss: 1.6504
Averaged Test Accuracy: 0.3759
Averaged Test AUC: 0.8232
Std Test Accuracy: 0.1602
Std Test AUC: 0.0529

--- Round 186/500 ---
Averaged Train Loss: 2.2716
Averaged Test Accuracy: 0.2811
Averaged Test AUC: 0.8044
Std Test Accuracy: 0.2219
Std Test AUC: 0.0723

--- Round 187/500 ---
Averaged Train Loss: 1.6294
Averaged Test Accuracy: 0.3885
Averaged Test AUC: 0.8351
Std Test Accuracy: 0.1852
Std Test AUC: 0.0450

--- Round 188/500 ---
Averaged Train Loss: 1.7704
Averaged Test Accuracy: 0.3564
Averaged Test AUC: 0.8153
Std Test Accuracy: 0.2219
Std Test AUC: 0.0799

--- Round 189/500 ---
Averaged Train Loss: 1.5862
Averaged Test Accuracy: 0.4012
Averaged Test AUC: 0.8336
Std Test Accuracy: 0.1474
Std Test AUC: 0.0589

--- Round 190/500 ---
Averaged Train Loss: 1.7021
Averaged Test Accuracy: 0.3577
Averaged Test AUC: 0.8190
Std Test Accuracy: 0.1534
Std Test AUC: 0.0547

--- Round 191/500 ---
Averaged Train Loss: 2.0893
Averaged Test Accuracy: 0.3055
Averaged Test AUC: 0.8135
Std Test Accuracy: 0.2280
Std Test AUC: 0.0699

--- Round 192/500 ---
Averaged Train Loss: 1.6097
Averaged Test Accuracy: 0.3962
Averaged Test AUC: 0.8373
Std Test Accuracy: 0.1905
Std Test AUC: 0.0467

--- Round 193/500 ---
Averaged Train Loss: 1.7462
Averaged Test Accuracy: 0.3719
Averaged Test AUC: 0.8203
Std Test Accuracy: 0.2166
Std Test AUC: 0.0787

--- Round 194/500 ---
Averaged Train Loss: 1.6062
Averaged Test Accuracy: 0.4039
Averaged Test AUC: 0.8315
Std Test Accuracy: 0.1782
Std Test AUC: 0.0713

--- Round 195/500 ---
Averaged Train Loss: 1.7219
Averaged Test Accuracy: 0.3528
Averaged Test AUC: 0.8172
Std Test Accuracy: 0.1848
Std Test AUC: 0.0651

--- Round 196/500 ---
Averaged Train Loss: 2.1702
Averaged Test Accuracy: 0.2932
Averaged Test AUC: 0.8076
Std Test Accuracy: 0.2289
Std Test AUC: 0.0760

--- Round 197/500 ---
Averaged Train Loss: 1.6058
Averaged Test Accuracy: 0.3984
Averaged Test AUC: 0.8399
Std Test Accuracy: 0.1759
Std Test AUC: 0.0434

--- Round 198/500 ---
Averaged Train Loss: 1.7790
Averaged Test Accuracy: 0.3626
Averaged Test AUC: 0.8186
Std Test Accuracy: 0.2185
Std Test AUC: 0.0787

--- Round 199/500 ---
Averaged Train Loss: 1.6008
Averaged Test Accuracy: 0.4096
Averaged Test AUC: 0.8336
Std Test Accuracy: 0.1715
Std Test AUC: 0.0682

--- Round 200/500 ---
Averaged Train Loss: 1.6815
Averaged Test Accuracy: 0.3693
Averaged Test AUC: 0.8223
Std Test Accuracy: 0.1744
Std Test AUC: 0.0586

--- Round 201/500 ---
Averaged Train Loss: 2.1526
Averaged Test Accuracy: 0.2937
Averaged Test AUC: 0.8105
Std Test Accuracy: 0.2268
Std Test AUC: 0.0730

--- Round 202/500 ---
Averaged Train Loss: 1.5435
Averaged Test Accuracy: 0.4193
Averaged Test AUC: 0.8436
Std Test Accuracy: 0.1577
Std Test AUC: 0.0394

--- Round 203/500 ---
Averaged Train Loss: 1.7510
Averaged Test Accuracy: 0.3711
Averaged Test AUC: 0.8229
Std Test Accuracy: 0.2212
Std Test AUC: 0.0765

--- Round 204/500 ---
Averaged Train Loss: 1.5801
Averaged Test Accuracy: 0.4182
Averaged Test AUC: 0.8373
Std Test Accuracy: 0.1692
Std Test AUC: 0.0652

--- Round 205/500 ---
Averaged Train Loss: 1.6204
Averaged Test Accuracy: 0.3892
Averaged Test AUC: 0.8320
Std Test Accuracy: 0.1789
Std Test AUC: 0.0581

--- Round 206/500 ---
Averaged Train Loss: 2.0575
Averaged Test Accuracy: 0.3189
Averaged Test AUC: 0.8171
Std Test Accuracy: 0.2206
Std Test AUC: 0.0705

--- Round 207/500 ---
Averaged Train Loss: 1.5742
Averaged Test Accuracy: 0.4107
Averaged Test AUC: 0.8435
Std Test Accuracy: 0.1838
Std Test AUC: 0.0436

--- Round 208/500 ---
Averaged Train Loss: 1.7552
Averaged Test Accuracy: 0.3713
Averaged Test AUC: 0.8236
Std Test Accuracy: 0.2162
Std Test AUC: 0.0756

--- Round 209/500 ---
Averaged Train Loss: 1.5592
Averaged Test Accuracy: 0.4232
Averaged Test AUC: 0.8392
Std Test Accuracy: 0.1679
Std Test AUC: 0.0658

--- Round 210/500 ---
Averaged Train Loss: 1.6237
Averaged Test Accuracy: 0.3879
Averaged Test AUC: 0.8314
Std Test Accuracy: 0.1743
Std Test AUC: 0.0562

--- Round 211/500 ---
Averaged Train Loss: 2.1034
Averaged Test Accuracy: 0.3065
Averaged Test AUC: 0.8141
Std Test Accuracy: 0.2263
Std Test AUC: 0.0706

--- Round 212/500 ---
Averaged Train Loss: 1.5522
Averaged Test Accuracy: 0.4184
Averaged Test AUC: 0.8444
Std Test Accuracy: 0.1737
Std Test AUC: 0.0414

--- Round 213/500 ---
Averaged Train Loss: 1.7407
Averaged Test Accuracy: 0.3738
Averaged Test AUC: 0.8255
Std Test Accuracy: 0.2167
Std Test AUC: 0.0748

--- Round 214/500 ---
Averaged Train Loss: 1.5854
Averaged Test Accuracy: 0.4171
Averaged Test AUC: 0.8377
Std Test Accuracy: 0.1690
Std Test AUC: 0.0649

--- Round 215/500 ---
Averaged Train Loss: 1.6699
Averaged Test Accuracy: 0.3761
Averaged Test AUC: 0.8256
Std Test Accuracy: 0.1801
Std Test AUC: 0.0628

--- Round 216/500 ---
Averaged Train Loss: 2.0641
Averaged Test Accuracy: 0.3226
Averaged Test AUC: 0.8196
Std Test Accuracy: 0.2194
Std Test AUC: 0.0667

--- Round 217/500 ---
Averaged Train Loss: 1.5298
Averaged Test Accuracy: 0.4288
Averaged Test AUC: 0.8474
Std Test Accuracy: 0.1707
Std Test AUC: 0.0404

--- Round 218/500 ---
Averaged Train Loss: 1.7156
Averaged Test Accuracy: 0.3838
Averaged Test AUC: 0.8284
Std Test Accuracy: 0.2116
Std Test AUC: 0.0740

--- Round 219/500 ---
Averaged Train Loss: 1.6014
Averaged Test Accuracy: 0.4152
Averaged Test AUC: 0.8367
Std Test Accuracy: 0.1735
Std Test AUC: 0.0662

--- Round 220/500 ---
Averaged Train Loss: 1.7030
Averaged Test Accuracy: 0.3642
Averaged Test AUC: 0.8229
Std Test Accuracy: 0.1724
Std Test AUC: 0.0585

--- Round 221/500 ---
Averaged Train Loss: 2.0919
Averaged Test Accuracy: 0.3143
Averaged Test AUC: 0.8160
Std Test Accuracy: 0.2224
Std Test AUC: 0.0726

--- Round 222/500 ---
Averaged Train Loss: 1.5366
Averaged Test Accuracy: 0.4267
Averaged Test AUC: 0.8468
Std Test Accuracy: 0.1676
Std Test AUC: 0.0404

--- Round 223/500 ---
Averaged Train Loss: 1.6483
Averaged Test Accuracy: 0.4001
Averaged Test AUC: 0.8354
Std Test Accuracy: 0.2044
Std Test AUC: 0.0675

--- Round 224/500 ---
Averaged Train Loss: 1.5685
Averaged Test Accuracy: 0.4215
Averaged Test AUC: 0.8402
Std Test Accuracy: 0.1610
Std Test AUC: 0.0609

--- Round 225/500 ---
Averaged Train Loss: 1.6628
Averaged Test Accuracy: 0.3790
Averaged Test AUC: 0.8279
Std Test Accuracy: 0.1711
Std Test AUC: 0.0572

--- Round 226/500 ---
Averaged Train Loss: 2.0507
Averaged Test Accuracy: 0.3262
Averaged Test AUC: 0.8223
Std Test Accuracy: 0.2153
Std Test AUC: 0.0630

--- Round 227/500 ---
Averaged Train Loss: 1.5363
Averaged Test Accuracy: 0.4260
Averaged Test AUC: 0.8481
Std Test Accuracy: 0.1697
Std Test AUC: 0.0412

--- Round 228/500 ---
Averaged Train Loss: 1.6792
Averaged Test Accuracy: 0.3931
Averaged Test AUC: 0.8340
Std Test Accuracy: 0.2114
Std Test AUC: 0.0698

--- Round 229/500 ---
Averaged Train Loss: 1.5424
Averaged Test Accuracy: 0.4319
Averaged Test AUC: 0.8433
Std Test Accuracy: 0.1669
Std Test AUC: 0.0633

--- Round 230/500 ---
Averaged Train Loss: 1.5737
Averaged Test Accuracy: 0.4118
Averaged Test AUC: 0.8372
Std Test Accuracy: 0.1592
Std Test AUC: 0.0502

--- Round 231/500 ---
Averaged Train Loss: 2.0088
Averaged Test Accuracy: 0.3282
Averaged Test AUC: 0.8203
Std Test Accuracy: 0.2163
Std Test AUC: 0.0719

--- Round 232/500 ---
Averaged Train Loss: 1.5211
Averaged Test Accuracy: 0.4322
Averaged Test AUC: 0.8484
Std Test Accuracy: 0.1701
Std Test AUC: 0.0436

--- Round 233/500 ---
Averaged Train Loss: 1.6658
Averaged Test Accuracy: 0.3967
Averaged Test AUC: 0.8344
Std Test Accuracy: 0.1998
Std Test AUC: 0.0682

--- Round 234/500 ---
Averaged Train Loss: 1.5477
Averaged Test Accuracy: 0.4280
Averaged Test AUC: 0.8433
Std Test Accuracy: 0.1617
Std Test AUC: 0.0619

--- Round 235/500 ---
Averaged Train Loss: 1.5886
Averaged Test Accuracy: 0.4106
Averaged Test AUC: 0.8357
Std Test Accuracy: 0.1698
Std Test AUC: 0.0546

--- Round 236/500 ---
Averaged Train Loss: 2.0799
Averaged Test Accuracy: 0.3205
Averaged Test AUC: 0.8200
Std Test Accuracy: 0.2199
Std Test AUC: 0.0688

--- Round 237/500 ---
Averaged Train Loss: 1.5153
Averaged Test Accuracy: 0.4374
Averaged Test AUC: 0.8500
Std Test Accuracy: 0.1635
Std Test AUC: 0.0397

--- Round 238/500 ---
Averaged Train Loss: 1.6600
Averaged Test Accuracy: 0.4009
Averaged Test AUC: 0.8352
Std Test Accuracy: 0.2031
Std Test AUC: 0.0714

--- Round 239/500 ---
Averaged Train Loss: 1.5195
Averaged Test Accuracy: 0.4434
Averaged Test AUC: 0.8453
Std Test Accuracy: 0.1605
Std Test AUC: 0.0630

--- Round 240/500 ---
Averaged Train Loss: 1.6086
Averaged Test Accuracy: 0.3990
Averaged Test AUC: 0.8343
Std Test Accuracy: 0.1715
Std Test AUC: 0.0556

--- Round 241/500 ---
Averaged Train Loss: 2.0879
Averaged Test Accuracy: 0.3220
Averaged Test AUC: 0.8198
Std Test Accuracy: 0.2226
Std Test AUC: 0.0700

--- Round 242/500 ---
Averaged Train Loss: 1.5063
Averaged Test Accuracy: 0.4382
Averaged Test AUC: 0.8502
Std Test Accuracy: 0.1669
Std Test AUC: 0.0405

--- Round 243/500 ---
Averaged Train Loss: 1.6349
Averaged Test Accuracy: 0.4035
Averaged Test AUC: 0.8382
Std Test Accuracy: 0.1980
Std Test AUC: 0.0663

--- Round 244/500 ---
Averaged Train Loss: 1.5357
Averaged Test Accuracy: 0.4333
Averaged Test AUC: 0.8444
Std Test Accuracy: 0.1633
Std Test AUC: 0.0611

--- Round 245/500 ---
Averaged Train Loss: 1.6631
Averaged Test Accuracy: 0.3824
Averaged Test AUC: 0.8297
Std Test Accuracy: 0.1829
Std Test AUC: 0.0619

--- Round 246/500 ---
Averaged Train Loss: 2.0872
Averaged Test Accuracy: 0.3211
Averaged Test AUC: 0.8203
Std Test Accuracy: 0.2228
Std Test AUC: 0.0693

--- Round 247/500 ---
Averaged Train Loss: 1.4870
Averaged Test Accuracy: 0.4467
Averaged Test AUC: 0.8516
Std Test Accuracy: 0.1613
Std Test AUC: 0.0396

--- Round 248/500 ---
Averaged Train Loss: 1.6441
Averaged Test Accuracy: 0.4023
Averaged Test AUC: 0.8377
Std Test Accuracy: 0.1974
Std Test AUC: 0.0664

--- Round 249/500 ---
Averaged Train Loss: 1.5197
Averaged Test Accuracy: 0.4419
Averaged Test AUC: 0.8463
Std Test Accuracy: 0.1622
Std Test AUC: 0.0610

--- Round 250/500 ---
Averaged Train Loss: 1.6148
Averaged Test Accuracy: 0.3985
Averaged Test AUC: 0.8343
Std Test Accuracy: 0.1749
Std Test AUC: 0.0570

--- Round 251/500 ---
Averaged Train Loss: 2.0578
Averaged Test Accuracy: 0.3261
Averaged Test AUC: 0.8225
Std Test Accuracy: 0.2199
Std Test AUC: 0.0683

--- Round 252/500 ---
Averaged Train Loss: 1.4881
Averaged Test Accuracy: 0.4494
Averaged Test AUC: 0.8512
Std Test Accuracy: 0.1559
Std Test AUC: 0.0397

--- Round 253/500 ---
Averaged Train Loss: 1.6522
Averaged Test Accuracy: 0.4017
Averaged Test AUC: 0.8371
Std Test Accuracy: 0.2033
Std Test AUC: 0.0688

--- Round 254/500 ---
Averaged Train Loss: 1.5169
Averaged Test Accuracy: 0.4395
Averaged Test AUC: 0.8475
Std Test Accuracy: 0.1586
Std Test AUC: 0.0594

--- Round 255/500 ---
Averaged Train Loss: 1.5885
Averaged Test Accuracy: 0.4095
Averaged Test AUC: 0.8375
Std Test Accuracy: 0.1708
Std Test AUC: 0.0545

--- Round 256/500 ---
Averaged Train Loss: 2.0360
Averaged Test Accuracy: 0.3280
Averaged Test AUC: 0.8236
Std Test Accuracy: 0.2184
Std Test AUC: 0.0679

--- Round 257/500 ---
Averaged Train Loss: 1.4832
Averaged Test Accuracy: 0.4486
Averaged Test AUC: 0.8530
Std Test Accuracy: 0.1622
Std Test AUC: 0.0388

--- Round 258/500 ---
Averaged Train Loss: 1.6375
Averaged Test Accuracy: 0.4049
Averaged Test AUC: 0.8386
Std Test Accuracy: 0.1992
Std Test AUC: 0.0666

--- Round 259/500 ---
Averaged Train Loss: 1.5130
Averaged Test Accuracy: 0.4467
Averaged Test AUC: 0.8473
Std Test Accuracy: 0.1635
Std Test AUC: 0.0598

--- Round 260/500 ---
Averaged Train Loss: 1.5375
Averaged Test Accuracy: 0.4295
Averaged Test AUC: 0.8440
Std Test Accuracy: 0.1678
Std Test AUC: 0.0507

--- Round 261/500 ---
Averaged Train Loss: 1.9461
Averaged Test Accuracy: 0.3511
Averaged Test AUC: 0.8282
Std Test Accuracy: 0.2158
Std Test AUC: 0.0670

--- Round 262/500 ---
Averaged Train Loss: 1.4719
Averaged Test Accuracy: 0.4530
Averaged Test AUC: 0.8531
Std Test Accuracy: 0.1586
Std Test AUC: 0.0391

--- Round 263/500 ---
Averaged Train Loss: 1.6320
Averaged Test Accuracy: 0.4075
Averaged Test AUC: 0.8408
Std Test Accuracy: 0.2033
Std Test AUC: 0.0651

--- Round 264/500 ---
Averaged Train Loss: 1.4914
Averaged Test Accuracy: 0.4538
Averaged Test AUC: 0.8490
Std Test Accuracy: 0.1588
Std Test AUC: 0.0602

--- Round 265/500 ---
Averaged Train Loss: 1.5163
Averaged Test Accuracy: 0.4355
Averaged Test AUC: 0.8457
Std Test Accuracy: 0.1583
Std Test AUC: 0.0463

--- Round 266/500 ---
Averaged Train Loss: 2.0518
Averaged Test Accuracy: 0.3342
Averaged Test AUC: 0.8256
Std Test Accuracy: 0.2138
Std Test AUC: 0.0657

--- Round 267/500 ---
Averaged Train Loss: 1.4779
Averaged Test Accuracy: 0.4534
Averaged Test AUC: 0.8535
Std Test Accuracy: 0.1589
Std Test AUC: 0.0397

--- Round 268/500 ---
Averaged Train Loss: 1.6067
Averaged Test Accuracy: 0.4170
Averaged Test AUC: 0.8427
Std Test Accuracy: 0.1969
Std Test AUC: 0.0650

--- Round 269/500 ---
Averaged Train Loss: 1.5278
Averaged Test Accuracy: 0.4393
Averaged Test AUC: 0.8462
Std Test Accuracy: 0.1707
Std Test AUC: 0.0610

--- Round 270/500 ---
Averaged Train Loss: 1.5452
Averaged Test Accuracy: 0.4252
Averaged Test AUC: 0.8435
Std Test Accuracy: 0.1526
Std Test AUC: 0.0453

--- Round 271/500 ---
Averaged Train Loss: 2.0441
Averaged Test Accuracy: 0.3350
Averaged Test AUC: 0.8256
Std Test Accuracy: 0.2168
Std Test AUC: 0.0658

--- Round 272/500 ---
Averaged Train Loss: 1.4634
Averaged Test Accuracy: 0.4553
Averaged Test AUC: 0.8552
Std Test Accuracy: 0.1631
Std Test AUC: 0.0395

--- Round 273/500 ---
Averaged Train Loss: 1.6365
Averaged Test Accuracy: 0.4089
Averaged Test AUC: 0.8400
Std Test Accuracy: 0.2060
Std Test AUC: 0.0673

--- Round 274/500 ---
Averaged Train Loss: 1.4855
Averaged Test Accuracy: 0.4568
Averaged Test AUC: 0.8512
Std Test Accuracy: 0.1618
Std Test AUC: 0.0579

--- Round 275/500 ---
Averaged Train Loss: 1.5669
Averaged Test Accuracy: 0.4206
Averaged Test AUC: 0.8403
Std Test Accuracy: 0.1625
Std Test AUC: 0.0511

--- Round 276/500 ---
Averaged Train Loss: 1.8676
Averaged Test Accuracy: 0.3626
Averaged Test AUC: 0.8348
Std Test Accuracy: 0.2058
Std Test AUC: 0.0610

--- Round 277/500 ---
Averaged Train Loss: 1.4536
Averaged Test Accuracy: 0.4594
Averaged Test AUC: 0.8557
Std Test Accuracy: 0.1703
Std Test AUC: 0.0410

--- Round 278/500 ---
Averaged Train Loss: 1.6366
Averaged Test Accuracy: 0.4091
Averaged Test AUC: 0.8415
Std Test Accuracy: 0.2041
Std Test AUC: 0.0662

--- Round 279/500 ---
Averaged Train Loss: 1.5077
Averaged Test Accuracy: 0.4473
Averaged Test AUC: 0.8489
Std Test Accuracy: 0.1589
Std Test AUC: 0.0586

--- Round 280/500 ---
Averaged Train Loss: 1.5716
Averaged Test Accuracy: 0.4172
Averaged Test AUC: 0.8407
Std Test Accuracy: 0.1650
Std Test AUC: 0.0510

--- Round 281/500 ---
Averaged Train Loss: 1.9368
Averaged Test Accuracy: 0.3542
Averaged Test AUC: 0.8321
Std Test Accuracy: 0.2126
Std Test AUC: 0.0647

--- Round 282/500 ---
Averaged Train Loss: 1.4492
Averaged Test Accuracy: 0.4634
Averaged Test AUC: 0.8577
Std Test Accuracy: 0.1615
Std Test AUC: 0.0385

--- Round 283/500 ---
Averaged Train Loss: 1.5952
Averaged Test Accuracy: 0.4182
Averaged Test AUC: 0.8436
Std Test Accuracy: 0.1966
Std Test AUC: 0.0644

--- Round 284/500 ---
Averaged Train Loss: 1.4876
Averaged Test Accuracy: 0.4555
Averaged Test AUC: 0.8514
Std Test Accuracy: 0.1619
Std Test AUC: 0.0578

--- Round 285/500 ---
Averaged Train Loss: 1.5844
Averaged Test Accuracy: 0.4177
Averaged Test AUC: 0.8400
Std Test Accuracy: 0.1754
Std Test AUC: 0.0570

--- Round 286/500 ---
Averaged Train Loss: 1.8843
Averaged Test Accuracy: 0.3643
Averaged Test AUC: 0.8336
Std Test Accuracy: 0.2114
Std Test AUC: 0.0651

--- Round 287/500 ---
Averaged Train Loss: 1.4544
Averaged Test Accuracy: 0.4600
Averaged Test AUC: 0.8570
Std Test Accuracy: 0.1690
Std Test AUC: 0.0399

--- Round 288/500 ---
Averaged Train Loss: 1.5964
Averaged Test Accuracy: 0.4184
Averaged Test AUC: 0.8445
Std Test Accuracy: 0.1976
Std Test AUC: 0.0652

--- Round 289/500 ---
Averaged Train Loss: 1.4787
Averaged Test Accuracy: 0.4651
Averaged Test AUC: 0.8515
Std Test Accuracy: 0.1664
Std Test AUC: 0.0622

--- Round 290/500 ---
Averaged Train Loss: 1.5300
Averaged Test Accuracy: 0.4343
Averaged Test AUC: 0.8463
Std Test Accuracy: 0.1792
Std Test AUC: 0.0529

--- Round 291/500 ---
Averaged Train Loss: 2.0017
Averaged Test Accuracy: 0.3443
Averaged Test AUC: 0.8275
Std Test Accuracy: 0.2150
Std Test AUC: 0.0684

--- Round 292/500 ---
Averaged Train Loss: 1.4625
Averaged Test Accuracy: 0.4570
Averaged Test AUC: 0.8565
Std Test Accuracy: 0.1685
Std Test AUC: 0.0411

--- Round 293/500 ---
Averaged Train Loss: 1.5754
Averaged Test Accuracy: 0.4246
Averaged Test AUC: 0.8473
Std Test Accuracy: 0.1936
Std Test AUC: 0.0622

--- Round 294/500 ---
Averaged Train Loss: 1.4846
Averaged Test Accuracy: 0.4567
Averaged Test AUC: 0.8517
Std Test Accuracy: 0.1634
Std Test AUC: 0.0582

--- Round 295/500 ---
Averaged Train Loss: 1.5371
Averaged Test Accuracy: 0.4327
Averaged Test AUC: 0.8446
Std Test Accuracy: 0.1705
Std Test AUC: 0.0526

--- Round 296/500 ---
Averaged Train Loss: 1.9958
Averaged Test Accuracy: 0.3450
Averaged Test AUC: 0.8299
Std Test Accuracy: 0.2105
Std Test AUC: 0.0650

--- Round 297/500 ---
Averaged Train Loss: 1.4526
Averaged Test Accuracy: 0.4634
Averaged Test AUC: 0.8583
Std Test Accuracy: 0.1638
Std Test AUC: 0.0395

--- Round 298/500 ---
Averaged Train Loss: 1.5898
Averaged Test Accuracy: 0.4236
Averaged Test AUC: 0.8450
Std Test Accuracy: 0.1949
Std Test AUC: 0.0634

--- Round 299/500 ---
Averaged Train Loss: 1.4800
Averaged Test Accuracy: 0.4603
Averaged Test AUC: 0.8522
Std Test Accuracy: 0.1710
Std Test AUC: 0.0600

--- Round 300/500 ---
Averaged Train Loss: 1.5515
Averaged Test Accuracy: 0.4299
Averaged Test AUC: 0.8451
Std Test Accuracy: 0.1779
Std Test AUC: 0.0558

--- Round 301/500 ---
Averaged Train Loss: 1.9888
Averaged Test Accuracy: 0.3505
Averaged Test AUC: 0.8319
Std Test Accuracy: 0.2125
Std Test AUC: 0.0642

--- Round 302/500 ---
Averaged Train Loss: 1.4486
Averaged Test Accuracy: 0.4635
Averaged Test AUC: 0.8579
Std Test Accuracy: 0.1697
Std Test AUC: 0.0412

--- Round 303/500 ---
Averaged Train Loss: 1.5752
Averaged Test Accuracy: 0.4286
Averaged Test AUC: 0.8470
Std Test Accuracy: 0.1963
Std Test AUC: 0.0631

--- Round 304/500 ---
Averaged Train Loss: 1.4731
Averaged Test Accuracy: 0.4630
Averaged Test AUC: 0.8528
Std Test Accuracy: 0.1758
Std Test AUC: 0.0608

--- Round 305/500 ---
Averaged Train Loss: 1.5576
Averaged Test Accuracy: 0.4255
Averaged Test AUC: 0.8442
Std Test Accuracy: 0.1689
Std Test AUC: 0.0530

--- Round 306/500 ---
Averaged Train Loss: 1.9032
Averaged Test Accuracy: 0.3621
Averaged Test AUC: 0.8360
Std Test Accuracy: 0.2047
Std Test AUC: 0.0581

--- Round 307/500 ---
Averaged Train Loss: 1.4315
Averaged Test Accuracy: 0.4717
Averaged Test AUC: 0.8601
Std Test Accuracy: 0.1625
Std Test AUC: 0.0387

--- Round 308/500 ---
Averaged Train Loss: 1.5900
Averaged Test Accuracy: 0.4256
Averaged Test AUC: 0.8453
Std Test Accuracy: 0.1990
Std Test AUC: 0.0651

--- Round 309/500 ---
Averaged Train Loss: 1.4574
Averaged Test Accuracy: 0.4719
Averaged Test AUC: 0.8544
Std Test Accuracy: 0.1599
Std Test AUC: 0.0589

--- Round 310/500 ---
Averaged Train Loss: 1.5517
Averaged Test Accuracy: 0.4242
Averaged Test AUC: 0.8444
Std Test Accuracy: 0.1626
Std Test AUC: 0.0497

--- Round 311/500 ---
Averaged Train Loss: 1.8808
Averaged Test Accuracy: 0.3678
Averaged Test AUC: 0.8366
Std Test Accuracy: 0.2088
Std Test AUC: 0.0618

--- Round 312/500 ---
Averaged Train Loss: 1.4296
Averaged Test Accuracy: 0.4699
Averaged Test AUC: 0.8597
Std Test Accuracy: 0.1657
Std Test AUC: 0.0401

--- Round 313/500 ---
Averaged Train Loss: 1.5639
Averaged Test Accuracy: 0.4314
Averaged Test AUC: 0.8482
Std Test Accuracy: 0.1923
Std Test AUC: 0.0629

--- Round 314/500 ---
Averaged Train Loss: 1.4619
Averaged Test Accuracy: 0.4647
Averaged Test AUC: 0.8544
Std Test Accuracy: 0.1456
Std Test AUC: 0.0546

--- Round 315/500 ---
Averaged Train Loss: 1.5019
Averaged Test Accuracy: 0.4431
Averaged Test AUC: 0.8496
Std Test Accuracy: 0.1542
Std Test AUC: 0.0451

--- Round 316/500 ---
Averaged Train Loss: 1.8756
Averaged Test Accuracy: 0.3705
Averaged Test AUC: 0.8381
Std Test Accuracy: 0.2037
Std Test AUC: 0.0585

--- Round 317/500 ---
Averaged Train Loss: 1.4230
Averaged Test Accuracy: 0.4747
Averaged Test AUC: 0.8603
Std Test Accuracy: 0.1558
Std Test AUC: 0.0389

--- Round 318/500 ---
Averaged Train Loss: 1.5756
Averaged Test Accuracy: 0.4279
Averaged Test AUC: 0.8474
Std Test Accuracy: 0.1973
Std Test AUC: 0.0628

--- Round 319/500 ---
Averaged Train Loss: 1.4628
Averaged Test Accuracy: 0.4677
Averaged Test AUC: 0.8546
Std Test Accuracy: 0.1553
Std Test AUC: 0.0581

--- Round 320/500 ---
Averaged Train Loss: 1.5950
Averaged Test Accuracy: 0.4079
Averaged Test AUC: 0.8416
Std Test Accuracy: 0.1775
Std Test AUC: 0.0533

--- Round 321/500 ---
Averaged Train Loss: 1.8497
Averaged Test Accuracy: 0.3781
Averaged Test AUC: 0.8402
Std Test Accuracy: 0.2051
Std Test AUC: 0.0586

--- Round 322/500 ---
Averaged Train Loss: 1.4253
Averaged Test Accuracy: 0.4721
Averaged Test AUC: 0.8604
Std Test Accuracy: 0.1680
Std Test AUC: 0.0406

--- Round 323/500 ---
Averaged Train Loss: 1.5749
Averaged Test Accuracy: 0.4262
Averaged Test AUC: 0.8478
Std Test Accuracy: 0.2022
Std Test AUC: 0.0645

--- Round 324/500 ---
Averaged Train Loss: 1.4378
Averaged Test Accuracy: 0.4768
Averaged Test AUC: 0.8569
Std Test Accuracy: 0.1508
Std Test AUC: 0.0558

--- Round 325/500 ---
Averaged Train Loss: 1.4651
Averaged Test Accuracy: 0.4578
Averaged Test AUC: 0.8542
Std Test Accuracy: 0.1654
Std Test AUC: 0.0466

--- Round 326/500 ---
Averaged Train Loss: 1.8769
Averaged Test Accuracy: 0.3699
Averaged Test AUC: 0.8357
Std Test Accuracy: 0.2142
Std Test AUC: 0.0658

--- Round 327/500 ---
Averaged Train Loss: 1.3985
Averaged Test Accuracy: 0.4824
Averaged Test AUC: 0.8630
Std Test Accuracy: 0.1570
Std Test AUC: 0.0379

--- Round 328/500 ---
Averaged Train Loss: 1.5992
Averaged Test Accuracy: 0.4190
Averaged Test AUC: 0.8462
Std Test Accuracy: 0.2007
Std Test AUC: 0.0665

--- Round 329/500 ---
Averaged Train Loss: 1.4538
Averaged Test Accuracy: 0.4650
Averaged Test AUC: 0.8560
Std Test Accuracy: 0.1510
Std Test AUC: 0.0542

--- Round 330/500 ---
Averaged Train Loss: 1.4690
Averaged Test Accuracy: 0.4591
Averaged Test AUC: 0.8532
Std Test Accuracy: 0.1664
Std Test AUC: 0.0484

--- Round 331/500 ---
Averaged Train Loss: 1.8715
Averaged Test Accuracy: 0.3751
Averaged Test AUC: 0.8392
Std Test Accuracy: 0.2112
Std Test AUC: 0.0611

--- Round 332/500 ---
Averaged Train Loss: 1.4074
Averaged Test Accuracy: 0.4778
Averaged Test AUC: 0.8618
Std Test Accuracy: 0.1719
Std Test AUC: 0.0423

--- Round 333/500 ---
Averaged Train Loss: 1.5856
Averaged Test Accuracy: 0.4261
Averaged Test AUC: 0.8477
Std Test Accuracy: 0.1961
Std Test AUC: 0.0638

--- Round 334/500 ---
Averaged Train Loss: 1.4475
Averaged Test Accuracy: 0.4678
Averaged Test AUC: 0.8569
Std Test Accuracy: 0.1477
Std Test AUC: 0.0531

--- Round 335/500 ---
Averaged Train Loss: 1.4846
Averaged Test Accuracy: 0.4480
Averaged Test AUC: 0.8521
Std Test Accuracy: 0.1450
Std Test AUC: 0.0438

--- Round 336/500 ---
Averaged Train Loss: 1.9131
Averaged Test Accuracy: 0.3689
Averaged Test AUC: 0.8379
Std Test Accuracy: 0.2075
Std Test AUC: 0.0589

--- Round 337/500 ---
Averaged Train Loss: 1.4160
Averaged Test Accuracy: 0.4739
Averaged Test AUC: 0.8615
Std Test Accuracy: 0.1625
Std Test AUC: 0.0404

--- Round 338/500 ---
Averaged Train Loss: 1.5382
Averaged Test Accuracy: 0.4404
Averaged Test AUC: 0.8509
Std Test Accuracy: 0.1909
Std Test AUC: 0.0626

--- Round 339/500 ---
Averaged Train Loss: 1.4651
Averaged Test Accuracy: 0.4633
Averaged Test AUC: 0.8556
Std Test Accuracy: 0.1593
Std Test AUC: 0.0570

--- Round 340/500 ---
Averaged Train Loss: 1.4753
Averaged Test Accuracy: 0.4539
Averaged Test AUC: 0.8517
Std Test Accuracy: 0.1409
Std Test AUC: 0.0431

--- Round 341/500 ---
Averaged Train Loss: 1.8567
Averaged Test Accuracy: 0.3723
Averaged Test AUC: 0.8374
Std Test Accuracy: 0.2033
Std Test AUC: 0.0621

--- Round 342/500 ---
Averaged Train Loss: 1.4029
Averaged Test Accuracy: 0.4822
Averaged Test AUC: 0.8624
Std Test Accuracy: 0.1517
Std Test AUC: 0.0379

--- Round 343/500 ---
Averaged Train Loss: 1.5517
Averaged Test Accuracy: 0.4332
Averaged Test AUC: 0.8509
Std Test Accuracy: 0.1948
Std Test AUC: 0.0616

--- Round 344/500 ---
Averaged Train Loss: 1.4360
Averaged Test Accuracy: 0.4792
Averaged Test AUC: 0.8576
Std Test Accuracy: 0.1606
Std Test AUC: 0.0581

--- Round 345/500 ---
Averaged Train Loss: 1.5042
Averaged Test Accuracy: 0.4455
Averaged Test AUC: 0.8504
Std Test Accuracy: 0.1645
Std Test AUC: 0.0500

--- Round 346/500 ---
Averaged Train Loss: 1.7971
Averaged Test Accuracy: 0.3874
Averaged Test AUC: 0.8434
Std Test Accuracy: 0.2030
Std Test AUC: 0.0586

--- Round 347/500 ---
Averaged Train Loss: 1.3991
Averaged Test Accuracy: 0.4823
Averaged Test AUC: 0.8632
Std Test Accuracy: 0.1637
Std Test AUC: 0.0402

--- Round 348/500 ---
Averaged Train Loss: 1.5281
Averaged Test Accuracy: 0.4435
Averaged Test AUC: 0.8517
Std Test Accuracy: 0.1824
Std Test AUC: 0.0602

--- Round 349/500 ---
Averaged Train Loss: 1.4551
Averaged Test Accuracy: 0.4669
Averaged Test AUC: 0.8560
Std Test Accuracy: 0.1579
Std Test AUC: 0.0562

--- Round 350/500 ---
Averaged Train Loss: 1.4672
Averaged Test Accuracy: 0.4576
Averaged Test AUC: 0.8540
Std Test Accuracy: 0.1614
Std Test AUC: 0.0469

--- Round 351/500 ---
Averaged Train Loss: 1.9465
Averaged Test Accuracy: 0.3656
Averaged Test AUC: 0.8355
Std Test Accuracy: 0.2084
Std Test AUC: 0.0643

--- Round 352/500 ---
Averaged Train Loss: 1.4079
Averaged Test Accuracy: 0.4781
Averaged Test AUC: 0.8628
Std Test Accuracy: 0.1620
Std Test AUC: 0.0400

--- Round 353/500 ---
Averaged Train Loss: 1.5340
Averaged Test Accuracy: 0.4425
Averaged Test AUC: 0.8513
Std Test Accuracy: 0.1868
Std Test AUC: 0.0617

--- Round 354/500 ---
Averaged Train Loss: 1.4402
Averaged Test Accuracy: 0.4762
Averaged Test AUC: 0.8578
Std Test Accuracy: 0.1524
Std Test AUC: 0.0555

--- Round 355/500 ---
Averaged Train Loss: 1.4456
Averaged Test Accuracy: 0.4682
Averaged Test AUC: 0.8564
Std Test Accuracy: 0.1653
Std Test AUC: 0.0462

--- Round 356/500 ---
Averaged Train Loss: 1.9043
Averaged Test Accuracy: 0.3652
Averaged Test AUC: 0.8357
Std Test Accuracy: 0.2089
Std Test AUC: 0.0640

--- Round 357/500 ---
Averaged Train Loss: 1.4047
Averaged Test Accuracy: 0.4792
Averaged Test AUC: 0.8635
Std Test Accuracy: 0.1612
Std Test AUC: 0.0384

--- Round 358/500 ---
Averaged Train Loss: 1.5096
Averaged Test Accuracy: 0.4498
Averaged Test AUC: 0.8539
Std Test Accuracy: 0.1830
Std Test AUC: 0.0602

--- Round 359/500 ---
Averaged Train Loss: 1.4595
Averaged Test Accuracy: 0.4676
Averaged Test AUC: 0.8560
Std Test Accuracy: 0.1615
Std Test AUC: 0.0570

--- Round 360/500 ---
Averaged Train Loss: 1.4559
Averaged Test Accuracy: 0.4615
Averaged Test AUC: 0.8542
Std Test Accuracy: 0.1333
Std Test AUC: 0.0401

--- Round 361/500 ---
Averaged Train Loss: 1.9417
Averaged Test Accuracy: 0.3620
Averaged Test AUC: 0.8362
Std Test Accuracy: 0.2084
Std Test AUC: 0.0621

--- Round 362/500 ---
Averaged Train Loss: 1.4105
Averaged Test Accuracy: 0.4781
Averaged Test AUC: 0.8630
Std Test Accuracy: 0.1647
Std Test AUC: 0.0410

--- Round 363/500 ---
Averaged Train Loss: 1.5222
Averaged Test Accuracy: 0.4459
Averaged Test AUC: 0.8539
Std Test Accuracy: 0.1792
Std Test AUC: 0.0586

--- Round 364/500 ---
Averaged Train Loss: 1.4291
Averaged Test Accuracy: 0.4792
Averaged Test AUC: 0.8589
Std Test Accuracy: 0.1533
Std Test AUC: 0.0549

--- Round 365/500 ---
Averaged Train Loss: 1.5215
Averaged Test Accuracy: 0.4367
Averaged Test AUC: 0.8499
Std Test Accuracy: 0.1608
Std Test AUC: 0.0487

--- Round 366/500 ---
Averaged Train Loss: 1.8988
Averaged Test Accuracy: 0.3716
Averaged Test AUC: 0.8391
Std Test Accuracy: 0.2116
Std Test AUC: 0.0616

--- Round 367/500 ---
Averaged Train Loss: 1.3474
Averaged Test Accuracy: 0.5001
Averaged Test AUC: 0.8671
Std Test Accuracy: 0.1451
Std Test AUC: 0.0354

--- Round 368/500 ---
Averaged Train Loss: 1.5334
Averaged Test Accuracy: 0.4427
Averaged Test AUC: 0.8529
Std Test Accuracy: 0.1970
Std Test AUC: 0.0623

--- Round 369/500 ---
Averaged Train Loss: 1.4424
Averaged Test Accuracy: 0.4704
Averaged Test AUC: 0.8579
Std Test Accuracy: 0.1578
Std Test AUC: 0.0551

--- Round 370/500 ---
Averaged Train Loss: 1.4373
Averaged Test Accuracy: 0.4719
Averaged Test AUC: 0.8561
Std Test Accuracy: 0.1389
Std Test AUC: 0.0417

--- Round 371/500 ---
Averaged Train Loss: 1.8396
Averaged Test Accuracy: 0.3828
Averaged Test AUC: 0.8431
Std Test Accuracy: 0.1960
Std Test AUC: 0.0546

--- Round 372/500 ---
Averaged Train Loss: 1.3878
Averaged Test Accuracy: 0.4880
Averaged Test AUC: 0.8648
Std Test Accuracy: 0.1510
Std Test AUC: 0.0384

--- Round 373/500 ---
Averaged Train Loss: 1.5093
Averaged Test Accuracy: 0.4502
Averaged Test AUC: 0.8546
Std Test Accuracy: 0.1793
Std Test AUC: 0.0588

--- Round 374/500 ---
Averaged Train Loss: 1.4296
Averaged Test Accuracy: 0.4778
Averaged Test AUC: 0.8590
Std Test Accuracy: 0.1601
Std Test AUC: 0.0556

--- Round 375/500 ---
Averaged Train Loss: 1.5052
Averaged Test Accuracy: 0.4453
Averaged Test AUC: 0.8512
Std Test Accuracy: 0.1547
Std Test AUC: 0.0468

--- Round 376/500 ---
Averaged Train Loss: 1.9124
Averaged Test Accuracy: 0.3703
Averaged Test AUC: 0.8392
Std Test Accuracy: 0.2048
Std Test AUC: 0.0605

--- Round 377/500 ---
Averaged Train Loss: 1.3903
Averaged Test Accuracy: 0.4862
Averaged Test AUC: 0.8649
Std Test Accuracy: 0.1560
Std Test AUC: 0.0388

--- Round 378/500 ---
Averaged Train Loss: 1.5598
Averaged Test Accuracy: 0.4371
Averaged Test AUC: 0.8512
Std Test Accuracy: 0.1937
Std Test AUC: 0.0612

--- Round 379/500 ---
Averaged Train Loss: 1.4696
Averaged Test Accuracy: 0.4601
Averaged Test AUC: 0.8555
Std Test Accuracy: 0.1588
Std Test AUC: 0.0550

--- Round 380/500 ---
Averaged Train Loss: 1.4766
Averaged Test Accuracy: 0.4574
Averaged Test AUC: 0.8531
Std Test Accuracy: 0.1595
Std Test AUC: 0.0491

--- Round 381/500 ---
Averaged Train Loss: 1.8844
Averaged Test Accuracy: 0.3707
Averaged Test AUC: 0.8388
Std Test Accuracy: 0.2059
Std Test AUC: 0.0618

--- Round 382/500 ---
Averaged Train Loss: 1.3867
Averaged Test Accuracy: 0.4852
Averaged Test AUC: 0.8658
Std Test Accuracy: 0.1552
Std Test AUC: 0.0380

--- Round 383/500 ---
Averaged Train Loss: 1.4999
Averaged Test Accuracy: 0.4578
Averaged Test AUC: 0.8548
Std Test Accuracy: 0.1721
Std Test AUC: 0.0601

--- Round 384/500 ---
Averaged Train Loss: 1.4006
Averaged Test Accuracy: 0.4898
Averaged Test AUC: 0.8615
Std Test Accuracy: 0.1427
Std Test AUC: 0.0529

--- Round 385/500 ---
Averaged Train Loss: 1.4878
Averaged Test Accuracy: 0.4527
Averaged Test AUC: 0.8538
Std Test Accuracy: 0.1761
Std Test AUC: 0.0520

--- Round 386/500 ---
Averaged Train Loss: 1.7646
Averaged Test Accuracy: 0.3991
Averaged Test AUC: 0.8466
Std Test Accuracy: 0.2028
Std Test AUC: 0.0575

--- Round 387/500 ---
Averaged Train Loss: 1.3801
Averaged Test Accuracy: 0.4907
Averaged Test AUC: 0.8658
Std Test Accuracy: 0.1643
Std Test AUC: 0.0402

--- Round 388/500 ---
Averaged Train Loss: 1.4742
Averaged Test Accuracy: 0.4672
Averaged Test AUC: 0.8565
Std Test Accuracy: 0.1626
Std Test AUC: 0.0565

--- Round 389/500 ---
Averaged Train Loss: 1.4011
Averaged Test Accuracy: 0.4907
Averaged Test AUC: 0.8621
Std Test Accuracy: 0.1594
Std Test AUC: 0.0553

--- Round 390/500 ---
Averaged Train Loss: 1.5582
Averaged Test Accuracy: 0.4250
Averaged Test AUC: 0.8485
Std Test Accuracy: 0.1755
Std Test AUC: 0.0514

--- Round 391/500 ---
Averaged Train Loss: 1.8082
Averaged Test Accuracy: 0.3902
Averaged Test AUC: 0.8450
Std Test Accuracy: 0.2080
Std Test AUC: 0.0579

--- Round 392/500 ---
Averaged Train Loss: 1.3817
Averaged Test Accuracy: 0.4895
Averaged Test AUC: 0.8658
Std Test Accuracy: 0.1648
Std Test AUC: 0.0403

--- Round 393/500 ---
Averaged Train Loss: 1.5084
Averaged Test Accuracy: 0.4559
Averaged Test AUC: 0.8548
Std Test Accuracy: 0.1713
Std Test AUC: 0.0583

--- Round 394/500 ---
Averaged Train Loss: 1.4211
Averaged Test Accuracy: 0.4816
Averaged Test AUC: 0.8603
Std Test Accuracy: 0.1533
Std Test AUC: 0.0537

--- Round 395/500 ---
Averaged Train Loss: 1.4704
Averaged Test Accuracy: 0.4611
Averaged Test AUC: 0.8544
Std Test Accuracy: 0.1583
Std Test AUC: 0.0468

--- Round 396/500 ---
Averaged Train Loss: 1.7649
Averaged Test Accuracy: 0.4035
Averaged Test AUC: 0.8474
Std Test Accuracy: 0.1949
Std Test AUC: 0.0555

--- Round 397/500 ---
Averaged Train Loss: 1.3699
Averaged Test Accuracy: 0.4941
Averaged Test AUC: 0.8668
Std Test Accuracy: 0.1548
Std Test AUC: 0.0392

--- Round 398/500 ---
Averaged Train Loss: 1.4787
Averaged Test Accuracy: 0.4666
Averaged Test AUC: 0.8564
Std Test Accuracy: 0.1603
Std Test AUC: 0.0582

--- Round 399/500 ---
Averaged Train Loss: 1.4113
Averaged Test Accuracy: 0.4858
Averaged Test AUC: 0.8612
Std Test Accuracy: 0.1573
Std Test AUC: 0.0548

--- Round 400/500 ---
Averaged Train Loss: 1.4101
Averaged Test Accuracy: 0.4806
Averaged Test AUC: 0.8598
Std Test Accuracy: 0.1426
Std Test AUC: 0.0403

--- Round 401/500 ---
Averaged Train Loss: 1.8461
Averaged Test Accuracy: 0.3836
Averaged Test AUC: 0.8406
Std Test Accuracy: 0.2037
Std Test AUC: 0.0617

--- Round 402/500 ---
Averaged Train Loss: 1.3825
Averaged Test Accuracy: 0.4890
Averaged Test AUC: 0.8658
Std Test Accuracy: 0.1676
Std Test AUC: 0.0421

--- Round 403/500 ---
Averaged Train Loss: 1.4784
Averaged Test Accuracy: 0.4681
Averaged Test AUC: 0.8564
Std Test Accuracy: 0.1673
Std Test AUC: 0.0591

--- Round 404/500 ---
Averaged Train Loss: 1.3864
Averaged Test Accuracy: 0.4949
Averaged Test AUC: 0.8635
Std Test Accuracy: 0.1502
Std Test AUC: 0.0540

--- Round 405/500 ---
Averaged Train Loss: 1.4688
Averaged Test Accuracy: 0.4581
Averaged Test AUC: 0.8551
Std Test Accuracy: 0.1630
Std Test AUC: 0.0471

--- Round 406/500 ---
Averaged Train Loss: 1.8611
Averaged Test Accuracy: 0.3828
Averaged Test AUC: 0.8420
Std Test Accuracy: 0.2030
Std Test AUC: 0.0595

--- Round 407/500 ---
Averaged Train Loss: 1.3672
Averaged Test Accuracy: 0.4935
Averaged Test AUC: 0.8667
Std Test Accuracy: 0.1485
Std Test AUC: 0.0367

--- Round 408/500 ---
Averaged Train Loss: 1.4671
Averaged Test Accuracy: 0.4658
Averaged Test AUC: 0.8589
Std Test Accuracy: 0.1652
Std Test AUC: 0.0564

--- Round 409/500 ---
Averaged Train Loss: 1.4096
Averaged Test Accuracy: 0.4890
Averaged Test AUC: 0.8620
Std Test Accuracy: 0.1541
Std Test AUC: 0.0525

--- Round 410/500 ---
Averaged Train Loss: 1.4924
Averaged Test Accuracy: 0.4504
Averaged Test AUC: 0.8532
Std Test Accuracy: 0.1605
Std Test AUC: 0.0472

--- Round 411/500 ---
Averaged Train Loss: 1.8535
Averaged Test Accuracy: 0.3872
Averaged Test AUC: 0.8447
Std Test Accuracy: 0.1957
Std Test AUC: 0.0542

--- Round 412/500 ---
Averaged Train Loss: 1.3323
Averaged Test Accuracy: 0.5067
Averaged Test AUC: 0.8689
Std Test Accuracy: 0.1453
Std Test AUC: 0.0367

--- Round 413/500 ---
Averaged Train Loss: 1.4534
Averaged Test Accuracy: 0.4703
Averaged Test AUC: 0.8598
Std Test Accuracy: 0.1626
Std Test AUC: 0.0529

--- Round 414/500 ---
Averaged Train Loss: 1.3896
Averaged Test Accuracy: 0.4930
Averaged Test AUC: 0.8632
Std Test Accuracy: 0.1515
Std Test AUC: 0.0527

--- Round 415/500 ---
Averaged Train Loss: 1.4246
Averaged Test Accuracy: 0.4755
Averaged Test AUC: 0.8594
Std Test Accuracy: 0.1504
Std Test AUC: 0.0431

--- Round 416/500 ---
Averaged Train Loss: 1.8881
Averaged Test Accuracy: 0.3790
Averaged Test AUC: 0.8420
Std Test Accuracy: 0.2049
Std Test AUC: 0.0588

--- Round 417/500 ---
Averaged Train Loss: 1.3774
Averaged Test Accuracy: 0.4929
Averaged Test AUC: 0.8670
Std Test Accuracy: 0.1523
Std Test AUC: 0.0384

--- Round 418/500 ---
Averaged Train Loss: 1.4641
Averaged Test Accuracy: 0.4673
Averaged Test AUC: 0.8586
Std Test Accuracy: 0.1671
Std Test AUC: 0.0572

--- Round 419/500 ---
Averaged Train Loss: 1.4074
Averaged Test Accuracy: 0.4843
Averaged Test AUC: 0.8624
Std Test Accuracy: 0.1600
Std Test AUC: 0.0531

--- Round 420/500 ---
Averaged Train Loss: 1.4131
Averaged Test Accuracy: 0.4802
Averaged Test AUC: 0.8594
Std Test Accuracy: 0.1391
Std Test AUC: 0.0401

--- Round 421/500 ---
Averaged Train Loss: 1.7339
Averaged Test Accuracy: 0.4089
Averaged Test AUC: 0.8495
Std Test Accuracy: 0.1877
Std Test AUC: 0.0507

--- Round 422/500 ---
Averaged Train Loss: 1.3625
Averaged Test Accuracy: 0.4960
Averaged Test AUC: 0.8681
Std Test Accuracy: 0.1543
Std Test AUC: 0.0392

--- Round 423/500 ---
Averaged Train Loss: 1.4747
Averaged Test Accuracy: 0.4673
Averaged Test AUC: 0.8571
Std Test Accuracy: 0.1724
Std Test AUC: 0.0600

--- Round 424/500 ---
Averaged Train Loss: 1.4065
Averaged Test Accuracy: 0.4844
Averaged Test AUC: 0.8619
Std Test Accuracy: 0.1493
Std Test AUC: 0.0517

--- Round 425/500 ---
Averaged Train Loss: 1.4896
Averaged Test Accuracy: 0.4476
Averaged Test AUC: 0.8541
Std Test Accuracy: 0.1515
Std Test AUC: 0.0454

--- Round 426/500 ---
Averaged Train Loss: 1.7443
Averaged Test Accuracy: 0.4072
Averaged Test AUC: 0.8494
Std Test Accuracy: 0.2006
Std Test AUC: 0.0555

--- Round 427/500 ---
Averaged Train Loss: 1.3631
Averaged Test Accuracy: 0.4956
Averaged Test AUC: 0.8682
Std Test Accuracy: 0.1578
Std Test AUC: 0.0391

--- Round 428/500 ---
Averaged Train Loss: 1.4645
Averaged Test Accuracy: 0.4694
Averaged Test AUC: 0.8596
Std Test Accuracy: 0.1623
Std Test AUC: 0.0541

--- Round 429/500 ---
Averaged Train Loss: 1.3905
Averaged Test Accuracy: 0.4930
Averaged Test AUC: 0.8637
Std Test Accuracy: 0.1594
Std Test AUC: 0.0545

--- Round 430/500 ---
Averaged Train Loss: 1.4754
Averaged Test Accuracy: 0.4595
Averaged Test AUC: 0.8552
Std Test Accuracy: 0.1740
Std Test AUC: 0.0521

--- Round 431/500 ---
Averaged Train Loss: 1.8291
Averaged Test Accuracy: 0.3908
Averaged Test AUC: 0.8442
Std Test Accuracy: 0.2067
Std Test AUC: 0.0598

--- Round 432/500 ---
Averaged Train Loss: 1.3493
Averaged Test Accuracy: 0.4989
Averaged Test AUC: 0.8688
Std Test Accuracy: 0.1449
Std Test AUC: 0.0354

--- Round 433/500 ---
Averaged Train Loss: 1.4476
Averaged Test Accuracy: 0.4753
Averaged Test AUC: 0.8608
Std Test Accuracy: 0.1686
Std Test AUC: 0.0568

--- Round 434/500 ---
Averaged Train Loss: 1.3826
Averaged Test Accuracy: 0.4969
Averaged Test AUC: 0.8645
Std Test Accuracy: 0.1651
Std Test AUC: 0.0542

--- Round 435/500 ---
Averaged Train Loss: 1.4069
Averaged Test Accuracy: 0.4788
Averaged Test AUC: 0.8597
Std Test Accuracy: 0.1374
Std Test AUC: 0.0379

--- Round 436/500 ---
Averaged Train Loss: 1.7474
Averaged Test Accuracy: 0.4067
Averaged Test AUC: 0.8499
Std Test Accuracy: 0.2034
Std Test AUC: 0.0550

--- Round 437/500 ---
Averaged Train Loss: 1.3766
Averaged Test Accuracy: 0.4914
Averaged Test AUC: 0.8672
Std Test Accuracy: 0.1683
Std Test AUC: 0.0426

--- Round 438/500 ---
Averaged Train Loss: 1.4146
Averaged Test Accuracy: 0.4828
Averaged Test AUC: 0.8631
Std Test Accuracy: 0.1592
Std Test AUC: 0.0513

--- Round 439/500 ---
Averaged Train Loss: 1.3852
Averaged Test Accuracy: 0.4937
Averaged Test AUC: 0.8642
Std Test Accuracy: 0.1447
Std Test AUC: 0.0515

--- Round 440/500 ---
Averaged Train Loss: 1.3985
Averaged Test Accuracy: 0.4863
Averaged Test AUC: 0.8607
Std Test Accuracy: 0.1382
Std Test AUC: 0.0394

--- Round 441/500 ---
Averaged Train Loss: 1.9070
Averaged Test Accuracy: 0.3821
Averaged Test AUC: 0.8430
Std Test Accuracy: 0.2144
Std Test AUC: 0.0589

--- Round 442/500 ---
Averaged Train Loss: 1.3601
Averaged Test Accuracy: 0.4985
Averaged Test AUC: 0.8687
Std Test Accuracy: 0.1596
Std Test AUC: 0.0392

--- Round 443/500 ---
Averaged Train Loss: 1.4300
Averaged Test Accuracy: 0.4822
Averaged Test AUC: 0.8614
Std Test Accuracy: 0.1565
Std Test AUC: 0.0547

--- Round 444/500 ---
Averaged Train Loss: 1.3956
Averaged Test Accuracy: 0.4900
Averaged Test AUC: 0.8636
Std Test Accuracy: 0.1512
Std Test AUC: 0.0507

--- Round 445/500 ---
Averaged Train Loss: 1.4203
Averaged Test Accuracy: 0.4743
Averaged Test AUC: 0.8598
Std Test Accuracy: 0.1412
Std Test AUC: 0.0396

--- Round 446/500 ---
Averaged Train Loss: 1.7631
Averaged Test Accuracy: 0.4080
Averaged Test AUC: 0.8489
Std Test Accuracy: 0.2033
Std Test AUC: 0.0565

--- Round 447/500 ---
Averaged Train Loss: 1.3636
Averaged Test Accuracy: 0.4962
Averaged Test AUC: 0.8689
Std Test Accuracy: 0.1630
Std Test AUC: 0.0403

--- Round 448/500 ---
Averaged Train Loss: 1.4256
Averaged Test Accuracy: 0.4810
Averaged Test AUC: 0.8629
Std Test Accuracy: 0.1626
Std Test AUC: 0.0518

--- Round 449/500 ---
Averaged Train Loss: 1.3763
Averaged Test Accuracy: 0.4982
Averaged Test AUC: 0.8646
Std Test Accuracy: 0.1463
Std Test AUC: 0.0510

--- Round 450/500 ---
Averaged Train Loss: 1.4272
Averaged Test Accuracy: 0.4730
Averaged Test AUC: 0.8590
Std Test Accuracy: 0.1486
Std Test AUC: 0.0421

--- Round 451/500 ---
Averaged Train Loss: 1.8167
Averaged Test Accuracy: 0.3931
Averaged Test AUC: 0.8466
Std Test Accuracy: 0.2018
Std Test AUC: 0.0557

--- Round 452/500 ---
Averaged Train Loss: 1.3249
Averaged Test Accuracy: 0.5097
Averaged Test AUC: 0.8717
Std Test Accuracy: 0.1418
Std Test AUC: 0.0348

--- Round 453/500 ---
Averaged Train Loss: 1.4410
Averaged Test Accuracy: 0.4761
Averaged Test AUC: 0.8609
Std Test Accuracy: 0.1674
Std Test AUC: 0.0572

--- Round 454/500 ---
Averaged Train Loss: 1.3826
Averaged Test Accuracy: 0.4949
Averaged Test AUC: 0.8646
Std Test Accuracy: 0.1489
Std Test AUC: 0.0513

--- Round 455/500 ---
Averaged Train Loss: 1.3659
Averaged Test Accuracy: 0.4973
Averaged Test AUC: 0.8635
Std Test Accuracy: 0.1392
Std Test AUC: 0.0398

--- Round 456/500 ---
Averaged Train Loss: 1.7316
Averaged Test Accuracy: 0.4118
Averaged Test AUC: 0.8512
Std Test Accuracy: 0.1912
Std Test AUC: 0.0497

--- Round 457/500 ---
Averaged Train Loss: 1.3558
Averaged Test Accuracy: 0.5006
Averaged Test AUC: 0.8687
Std Test Accuracy: 0.1535
Std Test AUC: 0.0397

--- Round 458/500 ---
Averaged Train Loss: 1.4482
Averaged Test Accuracy: 0.4774
Averaged Test AUC: 0.8604
Std Test Accuracy: 0.1672
Std Test AUC: 0.0569

--- Round 459/500 ---
Averaged Train Loss: 1.3669
Averaged Test Accuracy: 0.5055
Averaged Test AUC: 0.8660
Std Test Accuracy: 0.1450
Std Test AUC: 0.0516

--- Round 460/500 ---
Averaged Train Loss: 1.3787
Averaged Test Accuracy: 0.4920
Averaged Test AUC: 0.8636
Std Test Accuracy: 0.1494
Std Test AUC: 0.0410

--- Round 461/500 ---
Averaged Train Loss: 1.8702
Averaged Test Accuracy: 0.3888
Averaged Test AUC: 0.8431
Std Test Accuracy: 0.2096
Std Test AUC: 0.0623

--- Round 462/500 ---
Averaged Train Loss: 1.3556
Averaged Test Accuracy: 0.4995
Averaged Test AUC: 0.8697
Std Test Accuracy: 0.1603
Std Test AUC: 0.0387

--- Round 463/500 ---
Averaged Train Loss: 1.4701
Averaged Test Accuracy: 0.4715
Averaged Test AUC: 0.8601
Std Test Accuracy: 0.1615
Std Test AUC: 0.0544

--- Round 464/500 ---
Averaged Train Loss: 1.3913
Averaged Test Accuracy: 0.4905
Averaged Test AUC: 0.8640
Std Test Accuracy: 0.1399
Std Test AUC: 0.0511

--- Round 465/500 ---
Averaged Train Loss: 1.5198
Averaged Test Accuracy: 0.4408
Averaged Test AUC: 0.8530
Std Test Accuracy: 0.1745
Std Test AUC: 0.0499

--- Round 466/500 ---
Averaged Train Loss: 1.7503
Averaged Test Accuracy: 0.4101
Averaged Test AUC: 0.8515
Std Test Accuracy: 0.2018
Std Test AUC: 0.0543

--- Round 467/500 ---
Averaged Train Loss: 1.3525
Averaged Test Accuracy: 0.5013
Averaged Test AUC: 0.8702
Std Test Accuracy: 0.1613
Std Test AUC: 0.0404

--- Round 468/500 ---
Averaged Train Loss: 1.4164
Averaged Test Accuracy: 0.4860
Averaged Test AUC: 0.8633
Std Test Accuracy: 0.1584
Std Test AUC: 0.0528

--- Round 469/500 ---
Averaged Train Loss: 1.3818
Averaged Test Accuracy: 0.4962
Averaged Test AUC: 0.8648
Std Test Accuracy: 0.1517
Std Test AUC: 0.0524

--- Round 470/500 ---
Averaged Train Loss: 1.3542
Averaged Test Accuracy: 0.5045
Averaged Test AUC: 0.8656
Std Test Accuracy: 0.1360
Std Test AUC: 0.0379

--- Round 471/500 ---
Averaged Train Loss: 1.7436
Averaged Test Accuracy: 0.4109
Averaged Test AUC: 0.8511
Std Test Accuracy: 0.1999
Std Test AUC: 0.0540

--- Round 472/500 ---
Averaged Train Loss: 1.3353
Averaged Test Accuracy: 0.5076
Averaged Test AUC: 0.8711
Std Test Accuracy: 0.1558
Std Test AUC: 0.0390

--- Round 473/500 ---
Averaged Train Loss: 1.4463
Averaged Test Accuracy: 0.4758
Averaged Test AUC: 0.8611
Std Test Accuracy: 0.1630
Std Test AUC: 0.0554

--- Round 474/500 ---
Averaged Train Loss: 1.3490
Averaged Test Accuracy: 0.5061
Averaged Test AUC: 0.8669
Std Test Accuracy: 0.1432
Std Test AUC: 0.0471

--- Round 475/500 ---
Averaged Train Loss: 1.4377
Averaged Test Accuracy: 0.4711
Averaged Test AUC: 0.8585
Std Test Accuracy: 0.1538
Std Test AUC: 0.0448

--- Round 476/500 ---
Averaged Train Loss: 1.8416
Averaged Test Accuracy: 0.3912
Averaged Test AUC: 0.8458
Std Test Accuracy: 0.2058
Std Test AUC: 0.0584

--- Round 477/500 ---
Averaged Train Loss: 1.3499
Averaged Test Accuracy: 0.5003
Averaged Test AUC: 0.8698
Std Test Accuracy: 0.1509
Std Test AUC: 0.0378

--- Round 478/500 ---
Averaged Train Loss: 1.4382
Averaged Test Accuracy: 0.4804
Averaged Test AUC: 0.8620
Std Test Accuracy: 0.1655
Std Test AUC: 0.0569

--- Round 479/500 ---
Averaged Train Loss: 1.3680
Averaged Test Accuracy: 0.4979
Averaged Test AUC: 0.8664
Std Test Accuracy: 0.1520
Std Test AUC: 0.0500

--- Round 480/500 ---
Averaged Train Loss: 1.3534
Averaged Test Accuracy: 0.5006
Averaged Test AUC: 0.8662
Std Test Accuracy: 0.1524
Std Test AUC: 0.0420

--- Round 481/500 ---
Averaged Train Loss: 1.7249
Averaged Test Accuracy: 0.4151
Averaged Test AUC: 0.8519
Std Test Accuracy: 0.2013
Std Test AUC: 0.0554

--- Round 482/500 ---
Averaged Train Loss: 1.3415
Averaged Test Accuracy: 0.5043
Averaged Test AUC: 0.8707
Std Test Accuracy: 0.1587
Std Test AUC: 0.0392

--- Round 483/500 ---
Averaged Train Loss: 1.4337
Averaged Test Accuracy: 0.4826
Averaged Test AUC: 0.8623
Std Test Accuracy: 0.1675
Std Test AUC: 0.0564

--- Round 484/500 ---
Averaged Train Loss: 1.3426
Averaged Test Accuracy: 0.5095
Averaged Test AUC: 0.8681
Std Test Accuracy: 0.1504
Std Test AUC: 0.0505

--- Round 485/500 ---
Averaged Train Loss: 1.4573
Averaged Test Accuracy: 0.4626
Averaged Test AUC: 0.8576
Std Test Accuracy: 0.1503
Std Test AUC: 0.0440

--- Round 486/500 ---
Averaged Train Loss: 1.6943
Averaged Test Accuracy: 0.4200
Averaged Test AUC: 0.8533
Std Test Accuracy: 0.1999
Std Test AUC: 0.0550

--- Round 487/500 ---
Averaged Train Loss: 1.3496
Averaged Test Accuracy: 0.5025
Averaged Test AUC: 0.8705
Std Test Accuracy: 0.1676
Std Test AUC: 0.0421

--- Round 488/500 ---
Averaged Train Loss: 1.4552
Averaged Test Accuracy: 0.4751
Averaged Test AUC: 0.8596
Std Test Accuracy: 0.1762
Std Test AUC: 0.0584

--- Round 489/500 ---
Averaged Train Loss: 1.3511
Averaged Test Accuracy: 0.5062
Averaged Test AUC: 0.8676
Std Test Accuracy: 0.1589
Std Test AUC: 0.0511

--- Round 490/500 ---
Averaged Train Loss: 1.3751
Averaged Test Accuracy: 0.4927
Averaged Test AUC: 0.8648
Std Test Accuracy: 0.1442
Std Test AUC: 0.0385

--- Round 491/500 ---
Averaged Train Loss: 1.7550
Averaged Test Accuracy: 0.4094
Averaged Test AUC: 0.8523
Std Test Accuracy: 0.1940
Std Test AUC: 0.0504

--- Round 492/500 ---
Averaged Train Loss: 1.3272
Averaged Test Accuracy: 0.5068
Averaged Test AUC: 0.8711
Std Test Accuracy: 0.1426
Std Test AUC: 0.0357

--- Round 493/500 ---
Averaged Train Loss: 1.4233
Averaged Test Accuracy: 0.4860
Averaged Test AUC: 0.8630
Std Test Accuracy: 0.1635
Std Test AUC: 0.0557

--- Round 494/500 ---
Averaged Train Loss: 1.3574
Averaged Test Accuracy: 0.5057
Averaged Test AUC: 0.8674
Std Test Accuracy: 0.1567
Std Test AUC: 0.0525

--- Round 495/500 ---
Averaged Train Loss: 1.4290
Averaged Test Accuracy: 0.4745
Averaged Test AUC: 0.8617
Std Test Accuracy: 0.1662
Std Test AUC: 0.0468

--- Round 496/500 ---
Averaged Train Loss: 1.7867
Averaged Test Accuracy: 0.4009
Averaged Test AUC: 0.8489
Std Test Accuracy: 0.2008
Std Test AUC: 0.0567

--- Round 497/500 ---
Averaged Train Loss: 1.3152
Averaged Test Accuracy: 0.5127
Averaged Test AUC: 0.8724
Std Test Accuracy: 0.1534
Std Test AUC: 0.0391

--- Round 498/500 ---
Averaged Train Loss: 1.4136
Averaged Test Accuracy: 0.4888
Averaged Test AUC: 0.8636
Std Test Accuracy: 0.1634
Std Test AUC: 0.0546

--- Round 499/500 ---
Averaged Train Loss: 1.3541
Averaged Test Accuracy: 0.5049
Averaged Test AUC: 0.8678
Std Test Accuracy: 0.1540
Std Test AUC: 0.0524

--- Round 500/500 ---
Averaged Train Loss: 1.4300
Averaged Test Accuracy: 0.4766
Averaged Test AUC: 0.8613
Std Test Accuracy: 0.1727
Std Test AUC: 0.0500

========== Training Complete ==========
Best Test Accuracy: 0.5127062267163385
File path: ../results/Cifar10_FedEntPlusSmooth_smooth_trial01_0021_0.h5

Average time cost: 1948.67s.
Length:  501
std for best accuracy: 0.0
mean for best accuracy: 0.5127062267163385
All done!

Storage on cuda:0
-------------------------------------------------------------------------------
Total Tensors: 216120348 	Used Memory: 583.34M
The allocated memory on cuda:0: 601.47M
Memory differs due to the matrix alignment or invisible gradient buffer tensors
-------------------------------------------------------------------------------
