==================================================
goal = smooth_trial01_0073
device = cuda
device_id = 0
dataset = Cifar10
num_classes = 10
model = CNN
batch_size = 64
local_learning_rate = 0.01
learning_rate_decay = True
learning_rate_decay_gamma = 0.98
global_rounds = 500
top_cnt = 100
local_epochs = 5
algorithm = FedEntPlusSmooth
join_ratio = 0.1
random_join_ratio = False
num_clients = 100
prev = 0
times = 1
eval_gap = 1
save_folder_name = items
auto_break = False
dlg_eval = False
dlg_gap = 100
batch_num_per_client = 2
num_new_clients = 0
fine_tuning_epoch_new = 0
feature_dim = 512
vocab_size = 32000
max_len = 200
client_drop_rate = 0.0
train_slow_rate = 0.0
send_slow_rate = 0.0
time_select = False
time_threthold = 10000
beta = 0.0
lamda = 1.0
mu = 0.0
K = 5
p_learning_rate = 0.01
M = 5
itk = 4000
alphaK = 1.0
sigma = 1.0
alpha = 1.0
plocal_epochs = 1
tau = 1.0
fine_tuning_epochs = 10
dr_learning_rate = 0.0
L = 1.0
noise_dim = 512
generator_learning_rate = 0.005
hidden_dim = 512
server_epochs = 1000
localize_feature_extractor = False
server_learning_rate = 1.0
eta = 1.0
rand_percent = 80
layer_idx = 2
mentee_learning_rate = 0.005
T_start = 0.95
T_end = 0.98
momentum = 0.9
kl_weight = 0.0
buffer_size = 0
dp_epsilon = 0.0
H_min = None
alpha_vp = 0.0
enable_dynamic_param = False
log_fedent = False
log_filename = None
dynamic_config_path = /home/john/PFLlib/system/auto_configs/smooth_trial01_0073.json
==================================================

============= Running time: 0th =============
Creating server and clients ...
FedAvgCNN(
  (conv1): Sequential(
    (0): Conv2d(3, 32, kernel_size=(5, 5), stride=(1, 1))
    (1): ReLU(inplace=True)
    (2): MaxPool2d(kernel_size=(2, 2), stride=(2, 2), padding=0, dilation=1, ceil_mode=False)
  )
  (conv2): Sequential(
    (0): Conv2d(32, 64, kernel_size=(5, 5), stride=(1, 1))
    (1): ReLU(inplace=True)
    (2): MaxPool2d(kernel_size=(2, 2), stride=(2, 2), padding=0, dilation=1, ceil_mode=False)
  )
  (fc1): Sequential(
    (0): Linear(in_features=1600, out_features=512, bias=True)
    (1): ReLU(inplace=True)
  )
  (fc): Linear(in_features=512, out_features=10, bias=True)
)

Join ratio / total clients: 0.1 / 100
Finished creating server and clients.

--- Round 0/500 ---
Averaged Train Loss: 2.3038
Averaged Test Accuracy: 0.0928
Averaged Test AUC: 0.4894
Std Test Accuracy: 0.1434
Std Test AUC: 0.2233

--- Round 1/500 ---
Averaged Train Loss: 2.3032
Averaged Test Accuracy: 0.0919
Averaged Test AUC: 0.4969
Std Test Accuracy: 0.1319
Std Test AUC: 0.2302

--- Round 2/500 ---
Averaged Train Loss: 2.3023
Averaged Test Accuracy: 0.1001
Averaged Test AUC: 0.5205
Std Test Accuracy: 0.2373
Std Test AUC: 0.2563

--- Round 3/500 ---
Averaged Train Loss: 2.3096
Averaged Test Accuracy: 0.1040
Averaged Test AUC: 0.5347
Std Test Accuracy: 0.2216
Std Test AUC: 0.2470

--- Round 4/500 ---
Averaged Train Loss: 2.3028
Averaged Test Accuracy: 0.1015
Averaged Test AUC: 0.5798
Std Test Accuracy: 0.2796
Std Test AUC: 0.2373

--- Round 5/500 ---
Averaged Train Loss: 2.4044
Averaged Test Accuracy: 0.1007
Averaged Test AUC: 0.5720
Std Test Accuracy: 0.2803
Std Test AUC: 0.2343

--- Round 6/500 ---
Averaged Train Loss: 2.2480
Averaged Test Accuracy: 0.1941
Averaged Test AUC: 0.5872
Std Test Accuracy: 0.2092
Std Test AUC: 0.2119

--- Round 7/500 ---
Averaged Train Loss: 2.2618
Averaged Test Accuracy: 0.1880
Averaged Test AUC: 0.6153
Std Test Accuracy: 0.2619
Std Test AUC: 0.2205

--- Round 8/500 ---
Averaged Train Loss: 2.2362
Averaged Test Accuracy: 0.1924
Averaged Test AUC: 0.6331
Std Test Accuracy: 0.2617
Std Test AUC: 0.2121

--- Round 9/500 ---
Averaged Train Loss: 2.1799
Averaged Test Accuracy: 0.2328
Averaged Test AUC: 0.6437
Std Test Accuracy: 0.2169
Std Test AUC: 0.2059

--- Round 10/500 ---
Averaged Train Loss: 2.0748
Averaged Test Accuracy: 0.2638
Averaged Test AUC: 0.6976
Std Test Accuracy: 0.1864
Std Test AUC: 0.1557

--- Round 11/500 ---
Averaged Train Loss: 2.0967
Averaged Test Accuracy: 0.2141
Averaged Test AUC: 0.6985
Std Test Accuracy: 0.2590
Std Test AUC: 0.1366

--- Round 12/500 ---
Averaged Train Loss: 2.1130
Averaged Test Accuracy: 0.1933
Averaged Test AUC: 0.7034
Std Test Accuracy: 0.2719
Std Test AUC: 0.1252

--- Round 13/500 ---
Averaged Train Loss: 2.0550
Averaged Test Accuracy: 0.2090
Averaged Test AUC: 0.7190
Std Test Accuracy: 0.2623
Std Test AUC: 0.1050

--- Round 14/500 ---
Averaged Train Loss: 2.0085
Averaged Test Accuracy: 0.2510
Averaged Test AUC: 0.7224
Std Test Accuracy: 0.1817
Std Test AUC: 0.1044

--- Round 15/500 ---
Averaged Train Loss: 2.0553
Averaged Test Accuracy: 0.2177
Averaged Test AUC: 0.7121
Std Test Accuracy: 0.2262
Std Test AUC: 0.1132

--- Round 16/500 ---
Averaged Train Loss: 2.0339
Averaged Test Accuracy: 0.2535
Averaged Test AUC: 0.7239
Std Test Accuracy: 0.2086
Std Test AUC: 0.0973

--- Round 17/500 ---
Averaged Train Loss: 2.0999
Averaged Test Accuracy: 0.2090
Averaged Test AUC: 0.7039
Std Test Accuracy: 0.1957
Std Test AUC: 0.1175

--- Round 18/500 ---
Averaged Train Loss: 2.0245
Averaged Test Accuracy: 0.2414
Averaged Test AUC: 0.7265
Std Test Accuracy: 0.2148
Std Test AUC: 0.0979

--- Round 19/500 ---
Averaged Train Loss: 1.9717
Averaged Test Accuracy: 0.2660
Averaged Test AUC: 0.7394
Std Test Accuracy: 0.1864
Std Test AUC: 0.0841

--- Round 20/500 ---
Averaged Train Loss: 1.9580
Averaged Test Accuracy: 0.2650
Averaged Test AUC: 0.7437
Std Test Accuracy: 0.2144
Std Test AUC: 0.0830

--- Round 21/500 ---
Averaged Train Loss: 1.9735
Averaged Test Accuracy: 0.2658
Averaged Test AUC: 0.7449
Std Test Accuracy: 0.2175
Std Test AUC: 0.0811

--- Round 22/500 ---
Averaged Train Loss: 1.9283
Averaged Test Accuracy: 0.2833
Averaged Test AUC: 0.7535
Std Test Accuracy: 0.1866
Std Test AUC: 0.0709

--- Round 23/500 ---
Averaged Train Loss: 1.9890
Averaged Test Accuracy: 0.2554
Averaged Test AUC: 0.7408
Std Test Accuracy: 0.2035
Std Test AUC: 0.0996

--- Round 24/500 ---
Averaged Train Loss: 1.9098
Averaged Test Accuracy: 0.3055
Averaged Test AUC: 0.7540
Std Test Accuracy: 0.1570
Std Test AUC: 0.0862

--- Round 25/500 ---
Averaged Train Loss: 2.0397
Averaged Test Accuracy: 0.2322
Averaged Test AUC: 0.7332
Std Test Accuracy: 0.2209
Std Test AUC: 0.1044

--- Round 26/500 ---
Averaged Train Loss: 1.9614
Averaged Test Accuracy: 0.2763
Averaged Test AUC: 0.7481
Std Test Accuracy: 0.1946
Std Test AUC: 0.0843

--- Round 27/500 ---
Averaged Train Loss: 1.9934
Averaged Test Accuracy: 0.2492
Averaged Test AUC: 0.7428
Std Test Accuracy: 0.2145
Std Test AUC: 0.0988

--- Round 28/500 ---
Averaged Train Loss: 1.9473
Averaged Test Accuracy: 0.2537
Averaged Test AUC: 0.7501
Std Test Accuracy: 0.1937
Std Test AUC: 0.0713

--- Round 29/500 ---
Averaged Train Loss: 1.9063
Averaged Test Accuracy: 0.2894
Averaged Test AUC: 0.7597
Std Test Accuracy: 0.1871
Std Test AUC: 0.0739

--- Round 30/500 ---
Averaged Train Loss: 1.9021
Averaged Test Accuracy: 0.2974
Averaged Test AUC: 0.7542
Std Test Accuracy: 0.1479
Std Test AUC: 0.0848

--- Round 31/500 ---
Averaged Train Loss: 1.8633
Averaged Test Accuracy: 0.3125
Averaged Test AUC: 0.7711
Std Test Accuracy: 0.1745
Std Test AUC: 0.0604

--- Round 32/500 ---
Averaged Train Loss: 1.8999
Averaged Test Accuracy: 0.2908
Averaged Test AUC: 0.7613
Std Test Accuracy: 0.2078
Std Test AUC: 0.0831

--- Round 33/500 ---
Averaged Train Loss: 1.8781
Averaged Test Accuracy: 0.3029
Averaged Test AUC: 0.7662
Std Test Accuracy: 0.1934
Std Test AUC: 0.0702

--- Round 34/500 ---
Averaged Train Loss: 1.8768
Averaged Test Accuracy: 0.3033
Averaged Test AUC: 0.7671
Std Test Accuracy: 0.1671
Std Test AUC: 0.0683

--- Round 35/500 ---
Averaged Train Loss: 1.8771
Averaged Test Accuracy: 0.3072
Averaged Test AUC: 0.7684
Std Test Accuracy: 0.1843
Std Test AUC: 0.0759

--- Round 36/500 ---
Averaged Train Loss: 1.8960
Averaged Test Accuracy: 0.2867
Averaged Test AUC: 0.7646
Std Test Accuracy: 0.2113
Std Test AUC: 0.0826

--- Round 37/500 ---
Averaged Train Loss: 1.8993
Averaged Test Accuracy: 0.2778
Averaged Test AUC: 0.7635
Std Test Accuracy: 0.2080
Std Test AUC: 0.0829

--- Round 38/500 ---
Averaged Train Loss: 1.8403
Averaged Test Accuracy: 0.3172
Averaged Test AUC: 0.7770
Std Test Accuracy: 0.1703
Std Test AUC: 0.0624

--- Round 39/500 ---
Averaged Train Loss: 1.8265
Averaged Test Accuracy: 0.3293
Averaged Test AUC: 0.7791
Std Test Accuracy: 0.1908
Std Test AUC: 0.0795

--- Round 40/500 ---
Averaged Train Loss: 1.8684
Averaged Test Accuracy: 0.2969
Averaged Test AUC: 0.7712
Std Test Accuracy: 0.1973
Std Test AUC: 0.0773

--- Round 41/500 ---
Averaged Train Loss: 1.8306
Averaged Test Accuracy: 0.3271
Averaged Test AUC: 0.7780
Std Test Accuracy: 0.1806
Std Test AUC: 0.0698

--- Round 42/500 ---
Averaged Train Loss: 1.8313
Averaged Test Accuracy: 0.3212
Averaged Test AUC: 0.7772
Std Test Accuracy: 0.1401
Std Test AUC: 0.0668

--- Round 43/500 ---
Averaged Train Loss: 2.0660
Averaged Test Accuracy: 0.2394
Averaged Test AUC: 0.7387
Std Test Accuracy: 0.1988
Std Test AUC: 0.1110

--- Round 44/500 ---
Averaged Train Loss: 1.7965
Averaged Test Accuracy: 0.3355
Averaged Test AUC: 0.7838
Std Test Accuracy: 0.1783
Std Test AUC: 0.0711

--- Round 45/500 ---
Averaged Train Loss: 1.7874
Averaged Test Accuracy: 0.3394
Averaged Test AUC: 0.7899
Std Test Accuracy: 0.1800
Std Test AUC: 0.0563

--- Round 46/500 ---
Averaged Train Loss: 1.7391
Averaged Test Accuracy: 0.3651
Averaged Test AUC: 0.7969
Std Test Accuracy: 0.1531
Std Test AUC: 0.0550

--- Round 47/500 ---
Averaged Train Loss: 1.7440
Averaged Test Accuracy: 0.3616
Averaged Test AUC: 0.7977
Std Test Accuracy: 0.1637
Std Test AUC: 0.0517

--- Round 48/500 ---
Averaged Train Loss: 1.7274
Averaged Test Accuracy: 0.3673
Averaged Test AUC: 0.8020
Std Test Accuracy: 0.1566
Std Test AUC: 0.0530

--- Round 49/500 ---
Averaged Train Loss: 1.7558
Averaged Test Accuracy: 0.3492
Averaged Test AUC: 0.7965
Std Test Accuracy: 0.1881
Std Test AUC: 0.0633

--- Round 50/500 ---
Averaged Train Loss: 1.7886
Averaged Test Accuracy: 0.3336
Averaged Test AUC: 0.7918
Std Test Accuracy: 0.1976
Std Test AUC: 0.0623

--- Round 51/500 ---
Averaged Train Loss: 1.7710
Averaged Test Accuracy: 0.3431
Averaged Test AUC: 0.7942
Std Test Accuracy: 0.1926
Std Test AUC: 0.0605

--- Round 52/500 ---
Averaged Train Loss: 1.7980
Averaged Test Accuracy: 0.3251
Averaged Test AUC: 0.7938
Std Test Accuracy: 0.2098
Std Test AUC: 0.0661

--- Round 53/500 ---
Averaged Train Loss: 1.7562
Averaged Test Accuracy: 0.3538
Averaged Test AUC: 0.7938
Std Test Accuracy: 0.1684
Std Test AUC: 0.0684

--- Round 54/500 ---
Averaged Train Loss: 1.7099
Averaged Test Accuracy: 0.3813
Averaged Test AUC: 0.8022
Std Test Accuracy: 0.1478
Std Test AUC: 0.0589

--- Round 55/500 ---
Averaged Train Loss: 1.7960
Averaged Test Accuracy: 0.3282
Averaged Test AUC: 0.7920
Std Test Accuracy: 0.2167
Std Test AUC: 0.0743

--- Round 56/500 ---
Averaged Train Loss: 1.6977
Averaged Test Accuracy: 0.3846
Averaged Test AUC: 0.8056
Std Test Accuracy: 0.1566
Std Test AUC: 0.0619

--- Round 57/500 ---
Averaged Train Loss: 1.7706
Averaged Test Accuracy: 0.3604
Averaged Test AUC: 0.7954
Std Test Accuracy: 0.2048
Std Test AUC: 0.0821

--- Round 58/500 ---
Averaged Train Loss: 1.7232
Averaged Test Accuracy: 0.3636
Averaged Test AUC: 0.8032
Std Test Accuracy: 0.1707
Std Test AUC: 0.0541

--- Round 59/500 ---
Averaged Train Loss: 1.6976
Averaged Test Accuracy: 0.3880
Averaged Test AUC: 0.8078
Std Test Accuracy: 0.1564
Std Test AUC: 0.0518

--- Round 60/500 ---
Averaged Train Loss: 1.7247
Averaged Test Accuracy: 0.3509
Averaged Test AUC: 0.8030
Std Test Accuracy: 0.1795
Std Test AUC: 0.0541

--- Round 61/500 ---
Averaged Train Loss: 1.7256
Averaged Test Accuracy: 0.3728
Averaged Test AUC: 0.8024
Std Test Accuracy: 0.1652
Std Test AUC: 0.0619

--- Round 62/500 ---
Averaged Train Loss: 1.7015
Averaged Test Accuracy: 0.3755
Averaged Test AUC: 0.8065
Std Test Accuracy: 0.1383
Std Test AUC: 0.0565

--- Round 63/500 ---
Averaged Train Loss: 1.6927
Averaged Test Accuracy: 0.3815
Averaged Test AUC: 0.8102
Std Test Accuracy: 0.1613
Std Test AUC: 0.0473

--- Round 64/500 ---
Averaged Train Loss: 1.7166
Averaged Test Accuracy: 0.3560
Averaged Test AUC: 0.8047
Std Test Accuracy: 0.1749
Std Test AUC: 0.0514

--- Round 65/500 ---
Averaged Train Loss: 1.7065
Averaged Test Accuracy: 0.3690
Averaged Test AUC: 0.8065
Std Test Accuracy: 0.1804
Std Test AUC: 0.0604

--- Round 66/500 ---
Averaged Train Loss: 1.6918
Averaged Test Accuracy: 0.3765
Averaged Test AUC: 0.8104
Std Test Accuracy: 0.1635
Std Test AUC: 0.0474

--- Round 67/500 ---
Averaged Train Loss: 1.7102
Averaged Test Accuracy: 0.3624
Averaged Test AUC: 0.8064
Std Test Accuracy: 0.1911
Std Test AUC: 0.0580

--- Round 68/500 ---
Averaged Train Loss: 1.7930
Averaged Test Accuracy: 0.3254
Averaged Test AUC: 0.7939
Std Test Accuracy: 0.2208
Std Test AUC: 0.0782

--- Round 69/500 ---
Averaged Train Loss: 1.6542
Averaged Test Accuracy: 0.3964
Averaged Test AUC: 0.8148
Std Test Accuracy: 0.1506
Std Test AUC: 0.0490

--- Round 70/500 ---
Averaged Train Loss: 1.7105
Averaged Test Accuracy: 0.3674
Averaged Test AUC: 0.8069
Std Test Accuracy: 0.1916
Std Test AUC: 0.0628

--- Round 71/500 ---
Averaged Train Loss: 1.7001
Averaged Test Accuracy: 0.3707
Averaged Test AUC: 0.8117
Std Test Accuracy: 0.1827
Std Test AUC: 0.0538

--- Round 72/500 ---
Averaged Train Loss: 1.7084
Averaged Test Accuracy: 0.3608
Averaged Test AUC: 0.8068
Std Test Accuracy: 0.1572
Std Test AUC: 0.0595

--- Round 73/500 ---
Averaged Train Loss: 1.7291
Averaged Test Accuracy: 0.3520
Averaged Test AUC: 0.8049
Std Test Accuracy: 0.1945
Std Test AUC: 0.0636

--- Round 74/500 ---
Averaged Train Loss: 1.6960
Averaged Test Accuracy: 0.3746
Averaged Test AUC: 0.8097
Std Test Accuracy: 0.1683
Std Test AUC: 0.0502

--- Round 75/500 ---
Averaged Train Loss: 1.6865
Averaged Test Accuracy: 0.3755
Averaged Test AUC: 0.8127
Std Test Accuracy: 0.2060
Std Test AUC: 0.0677

--- Round 76/500 ---
Averaged Train Loss: 1.6923
Averaged Test Accuracy: 0.3805
Averaged Test AUC: 0.8099
Std Test Accuracy: 0.1772
Std Test AUC: 0.0647

--- Round 77/500 ---
Averaged Train Loss: 1.6597
Averaged Test Accuracy: 0.3904
Averaged Test AUC: 0.8161
Std Test Accuracy: 0.2005
Std Test AUC: 0.0612

--- Round 78/500 ---
Averaged Train Loss: 1.6368
Averaged Test Accuracy: 0.4100
Averaged Test AUC: 0.8178
Std Test Accuracy: 0.1549
Std Test AUC: 0.0584

--- Round 79/500 ---
Averaged Train Loss: 1.6695
Averaged Test Accuracy: 0.3843
Averaged Test AUC: 0.8160
Std Test Accuracy: 0.1714
Std Test AUC: 0.0468

--- Round 80/500 ---
Averaged Train Loss: 1.6365
Averaged Test Accuracy: 0.4025
Averaged Test AUC: 0.8192
Std Test Accuracy: 0.1618
Std Test AUC: 0.0479

--- Round 81/500 ---
Averaged Train Loss: 1.6469
Averaged Test Accuracy: 0.3945
Averaged Test AUC: 0.8158
Std Test Accuracy: 0.1137
Std Test AUC: 0.0460

--- Round 82/500 ---
Averaged Train Loss: 1.6495
Averaged Test Accuracy: 0.3987
Averaged Test AUC: 0.8156
Std Test Accuracy: 0.1708
Std Test AUC: 0.0597

--- Round 83/500 ---
Averaged Train Loss: 1.6265
Averaged Test Accuracy: 0.4127
Averaged Test AUC: 0.8214
Std Test Accuracy: 0.1548
Std Test AUC: 0.0475

--- Round 84/500 ---
Averaged Train Loss: 1.6883
Averaged Test Accuracy: 0.3790
Averaged Test AUC: 0.8161
Std Test Accuracy: 0.1971
Std Test AUC: 0.0613

--- Round 85/500 ---
Averaged Train Loss: 1.6475
Averaged Test Accuracy: 0.3805
Averaged Test AUC: 0.8184
Std Test Accuracy: 0.1640
Std Test AUC: 0.0446

--- Round 86/500 ---
Averaged Train Loss: 1.6268
Averaged Test Accuracy: 0.4075
Averaged Test AUC: 0.8233
Std Test Accuracy: 0.1465
Std Test AUC: 0.0431

--- Round 87/500 ---
Averaged Train Loss: 1.6216
Averaged Test Accuracy: 0.3991
Averaged Test AUC: 0.8218
Std Test Accuracy: 0.1364
Std Test AUC: 0.0484

--- Round 88/500 ---
Averaged Train Loss: 1.6115
Averaged Test Accuracy: 0.4105
Averaged Test AUC: 0.8243
Std Test Accuracy: 0.1468
Std Test AUC: 0.0451

--- Round 89/500 ---
Averaged Train Loss: 1.6882
Averaged Test Accuracy: 0.3867
Averaged Test AUC: 0.8150
Std Test Accuracy: 0.2066
Std Test AUC: 0.0790

--- Round 90/500 ---
Averaged Train Loss: 1.6812
Averaged Test Accuracy: 0.3899
Averaged Test AUC: 0.8098
Std Test Accuracy: 0.1948
Std Test AUC: 0.0854

--- Round 91/500 ---
Averaged Train Loss: 1.6493
Averaged Test Accuracy: 0.3891
Averaged Test AUC: 0.8196
Std Test Accuracy: 0.1828
Std Test AUC: 0.0592

--- Round 92/500 ---
Averaged Train Loss: 1.6587
Averaged Test Accuracy: 0.3892
Averaged Test AUC: 0.8207
Std Test Accuracy: 0.1952
Std Test AUC: 0.0591

--- Round 93/500 ---
Averaged Train Loss: 1.7119
Averaged Test Accuracy: 0.3667
Averaged Test AUC: 0.8106
Std Test Accuracy: 0.1912
Std Test AUC: 0.0646

--- Round 94/500 ---
Averaged Train Loss: 1.8514
Averaged Test Accuracy: 0.3230
Averaged Test AUC: 0.7876
Std Test Accuracy: 0.1955
Std Test AUC: 0.0935

--- Round 95/500 ---
Averaged Train Loss: 1.5858
Averaged Test Accuracy: 0.4179
Averaged Test AUC: 0.8295
Std Test Accuracy: 0.1468
Std Test AUC: 0.0450

--- Round 96/500 ---
Averaged Train Loss: 1.6133
Averaged Test Accuracy: 0.4094
Averaged Test AUC: 0.8256
Std Test Accuracy: 0.1652
Std Test AUC: 0.0501

--- Round 97/500 ---
Averaged Train Loss: 1.6088
Averaged Test Accuracy: 0.4080
Averaged Test AUC: 0.8264
Std Test Accuracy: 0.1888
Std Test AUC: 0.0621

--- Round 98/500 ---
Averaged Train Loss: 1.6269
Averaged Test Accuracy: 0.4025
Averaged Test AUC: 0.8257
Std Test Accuracy: 0.1915
Std Test AUC: 0.0651

--- Round 99/500 ---
Averaged Train Loss: 1.5638
Averaged Test Accuracy: 0.4284
Averaged Test AUC: 0.8317
Std Test Accuracy: 0.1382
Std Test AUC: 0.0467

--- Round 100/500 ---
Averaged Train Loss: 1.5998
Averaged Test Accuracy: 0.4127
Averaged Test AUC: 0.8270
Std Test Accuracy: 0.1418
Std Test AUC: 0.0491

--- Round 101/500 ---
Averaged Train Loss: 1.5790
Averaged Test Accuracy: 0.4246
Averaged Test AUC: 0.8309
Std Test Accuracy: 0.1474
Std Test AUC: 0.0461

--- Round 102/500 ---
Averaged Train Loss: 1.6103
Averaged Test Accuracy: 0.4070
Averaged Test AUC: 0.8268
Std Test Accuracy: 0.1826
Std Test AUC: 0.0591

--- Round 103/500 ---
Averaged Train Loss: 1.5951
Averaged Test Accuracy: 0.4176
Averaged Test AUC: 0.8291
Std Test Accuracy: 0.1656
Std Test AUC: 0.0493

--- Round 104/500 ---
Averaged Train Loss: 1.6022
Averaged Test Accuracy: 0.4114
Averaged Test AUC: 0.8285
Std Test Accuracy: 0.1857
Std Test AUC: 0.0601

--- Round 105/500 ---
Averaged Train Loss: 1.6054
Averaged Test Accuracy: 0.4120
Averaged Test AUC: 0.8277
Std Test Accuracy: 0.1729
Std Test AUC: 0.0526

--- Round 106/500 ---
Averaged Train Loss: 1.5670
Averaged Test Accuracy: 0.4317
Averaged Test AUC: 0.8335
Std Test Accuracy: 0.1347
Std Test AUC: 0.0375

--- Round 107/500 ---
Averaged Train Loss: 1.6009
Averaged Test Accuracy: 0.4028
Averaged Test AUC: 0.8283
Std Test Accuracy: 0.1572
Std Test AUC: 0.0433

--- Round 108/500 ---
Averaged Train Loss: 1.6002
Averaged Test Accuracy: 0.4106
Averaged Test AUC: 0.8281
Std Test Accuracy: 0.1612
Std Test AUC: 0.0526

--- Round 109/500 ---
Averaged Train Loss: 1.6217
Averaged Test Accuracy: 0.4015
Averaged Test AUC: 0.8264
Std Test Accuracy: 0.1919
Std Test AUC: 0.0624

--- Round 110/500 ---
Averaged Train Loss: 1.5906
Averaged Test Accuracy: 0.4180
Averaged Test AUC: 0.8294
Std Test Accuracy: 0.1400
Std Test AUC: 0.0519

--- Round 111/500 ---
Averaged Train Loss: 1.5653
Averaged Test Accuracy: 0.4228
Averaged Test AUC: 0.8324
Std Test Accuracy: 0.1599
Std Test AUC: 0.0481

--- Round 112/500 ---
Averaged Train Loss: 1.5815
Averaged Test Accuracy: 0.4236
Averaged Test AUC: 0.8306
Std Test Accuracy: 0.1652
Std Test AUC: 0.0522

--- Round 113/500 ---
Averaged Train Loss: 1.5632
Averaged Test Accuracy: 0.4317
Averaged Test AUC: 0.8346
Std Test Accuracy: 0.1412
Std Test AUC: 0.0400

--- Round 114/500 ---
Averaged Train Loss: 1.5773
Averaged Test Accuracy: 0.4186
Averaged Test AUC: 0.8334
Std Test Accuracy: 0.1711
Std Test AUC: 0.0549

--- Round 115/500 ---
Averaged Train Loss: 1.6057
Averaged Test Accuracy: 0.4119
Averaged Test AUC: 0.8272
Std Test Accuracy: 0.1664
Std Test AUC: 0.0562

--- Round 116/500 ---
Averaged Train Loss: 1.5837
Averaged Test Accuracy: 0.4226
Averaged Test AUC: 0.8313
Std Test Accuracy: 0.1423
Std Test AUC: 0.0510

--- Round 117/500 ---
Averaged Train Loss: 1.6055
Averaged Test Accuracy: 0.4117
Averaged Test AUC: 0.8320
Std Test Accuracy: 0.1743
Std Test AUC: 0.0501

--- Round 118/500 ---
Averaged Train Loss: 1.6371
Averaged Test Accuracy: 0.4077
Averaged Test AUC: 0.8254
Std Test Accuracy: 0.2024
Std Test AUC: 0.0732

--- Round 119/500 ---
Averaged Train Loss: 1.6014
Averaged Test Accuracy: 0.4157
Averaged Test AUC: 0.8296
Std Test Accuracy: 0.2052
Std Test AUC: 0.0652

--- Round 120/500 ---
Averaged Train Loss: 1.5677
Averaged Test Accuracy: 0.4294
Averaged Test AUC: 0.8319
Std Test Accuracy: 0.1551
Std Test AUC: 0.0515

--- Round 121/500 ---
Averaged Train Loss: 1.5491
Averaged Test Accuracy: 0.4313
Averaged Test AUC: 0.8349
Std Test Accuracy: 0.1278
Std Test AUC: 0.0452

--- Round 122/500 ---
Averaged Train Loss: 1.5692
Averaged Test Accuracy: 0.4246
Averaged Test AUC: 0.8347
Std Test Accuracy: 0.1755
Std Test AUC: 0.0587

--- Round 123/500 ---
Averaged Train Loss: 1.7061
Averaged Test Accuracy: 0.3675
Averaged Test AUC: 0.8113
Std Test Accuracy: 0.1858
Std Test AUC: 0.0737

--- Round 124/500 ---
Averaged Train Loss: 1.5674
Averaged Test Accuracy: 0.4192
Averaged Test AUC: 0.8325
Std Test Accuracy: 0.1686
Std Test AUC: 0.0453

--- Round 125/500 ---
Averaged Train Loss: 1.6013
Averaged Test Accuracy: 0.3933
Averaged Test AUC: 0.8289
Std Test Accuracy: 0.1671
Std Test AUC: 0.0458

--- Round 126/500 ---
Averaged Train Loss: 1.5926
Averaged Test Accuracy: 0.4203
Averaged Test AUC: 0.8326
Std Test Accuracy: 0.2072
Std Test AUC: 0.0632

--- Round 127/500 ---
Averaged Train Loss: 1.5742
Averaged Test Accuracy: 0.4279
Averaged Test AUC: 0.8338
Std Test Accuracy: 0.1990
Std Test AUC: 0.0644

--- Round 128/500 ---
Averaged Train Loss: 1.6303
Averaged Test Accuracy: 0.3900
Averaged Test AUC: 0.8212
Std Test Accuracy: 0.2057
Std Test AUC: 0.0801

--- Round 129/500 ---
Averaged Train Loss: 1.6171
Averaged Test Accuracy: 0.4075
Averaged Test AUC: 0.8245
Std Test Accuracy: 0.1778
Std Test AUC: 0.0583

--- Round 130/500 ---
Averaged Train Loss: 1.5633
Averaged Test Accuracy: 0.4264
Averaged Test AUC: 0.8304
Std Test Accuracy: 0.1263
Std Test AUC: 0.0437

--- Round 131/500 ---
Averaged Train Loss: 1.8033
Averaged Test Accuracy: 0.3464
Averaged Test AUC: 0.8100
Std Test Accuracy: 0.2051
Std Test AUC: 0.0766

--- Round 132/500 ---
Averaged Train Loss: 1.7543
Averaged Test Accuracy: 0.3320
Averaged Test AUC: 0.8111
Std Test Accuracy: 0.2162
Std Test AUC: 0.0746

--- Round 133/500 ---
Averaged Train Loss: 1.6318
Averaged Test Accuracy: 0.4011
Averaged Test AUC: 0.8267
Std Test Accuracy: 0.1999
Std Test AUC: 0.0683

--- Round 134/500 ---
Averaged Train Loss: 1.6846
Averaged Test Accuracy: 0.3821
Averaged Test AUC: 0.8204
Std Test Accuracy: 0.2150
Std Test AUC: 0.0726

--- Round 135/500 ---
Averaged Train Loss: 1.9321
Averaged Test Accuracy: 0.3086
Averaged Test AUC: 0.8038
Std Test Accuracy: 0.2423
Std Test AUC: 0.0844

--- Round 136/500 ---
Averaged Train Loss: 1.8789
Averaged Test Accuracy: 0.3363
Averaged Test AUC: 0.7889
Std Test Accuracy: 0.1747
Std Test AUC: 0.0956

--- Round 137/500 ---
Averaged Train Loss: 1.5381
Averaged Test Accuracy: 0.4342
Averaged Test AUC: 0.8400
Std Test Accuracy: 0.1399
Std Test AUC: 0.0498

--- Round 138/500 ---
Averaged Train Loss: 1.7895
Averaged Test Accuracy: 0.3589
Averaged Test AUC: 0.8135
Std Test Accuracy: 0.2544
Std Test AUC: 0.0898

--- Round 139/500 ---
Averaged Train Loss: 1.6444
Averaged Test Accuracy: 0.3970
Averaged Test AUC: 0.8243
Std Test Accuracy: 0.2006
Std Test AUC: 0.0742

--- Round 140/500 ---
Averaged Train Loss: 1.9298
Averaged Test Accuracy: 0.2994
Averaged Test AUC: 0.7934
Std Test Accuracy: 0.2270
Std Test AUC: 0.0825

--- Round 141/500 ---
Averaged Train Loss: 1.8802
Averaged Test Accuracy: 0.3203
Averaged Test AUC: 0.8043
Std Test Accuracy: 0.2388
Std Test AUC: 0.0879

--- Round 142/500 ---
Averaged Train Loss: 1.6416
Averaged Test Accuracy: 0.4047
Averaged Test AUC: 0.8279
Std Test Accuracy: 0.2127
Std Test AUC: 0.0795

--- Round 143/500 ---
Averaged Train Loss: 1.7654
Averaged Test Accuracy: 0.3786
Averaged Test AUC: 0.8126
Std Test Accuracy: 0.2363
Std Test AUC: 0.0995

--- Round 144/500 ---
Averaged Train Loss: 1.6956
Averaged Test Accuracy: 0.3857
Averaged Test AUC: 0.8129
Std Test Accuracy: 0.1567
Std Test AUC: 0.0745

--- Round 145/500 ---
Averaged Train Loss: 1.8160
Averaged Test Accuracy: 0.3103
Averaged Test AUC: 0.8139
Std Test Accuracy: 0.2080
Std Test AUC: 0.0710

--- Round 146/500 ---
Averaged Train Loss: 1.7666
Averaged Test Accuracy: 0.3619
Averaged Test AUC: 0.8159
Std Test Accuracy: 0.2547
Std Test AUC: 0.0954

--- Round 147/500 ---
Averaged Train Loss: 1.7610
Averaged Test Accuracy: 0.3741
Averaged Test AUC: 0.8080
Std Test Accuracy: 0.2118
Std Test AUC: 0.0891

--- Round 148/500 ---
Averaged Train Loss: 1.8393
Averaged Test Accuracy: 0.3385
Averaged Test AUC: 0.8080
Std Test Accuracy: 0.2557
Std Test AUC: 0.0924

--- Round 149/500 ---
Averaged Train Loss: 1.6344
Averaged Test Accuracy: 0.3975
Averaged Test AUC: 0.8298
Std Test Accuracy: 0.1941
Std Test AUC: 0.0708

--- Round 150/500 ---
Averaged Train Loss: 1.5207
Averaged Test Accuracy: 0.4373
Averaged Test AUC: 0.8396
Std Test Accuracy: 0.1231
Std Test AUC: 0.0490

--- Round 151/500 ---
Averaged Train Loss: 1.6495
Averaged Test Accuracy: 0.4121
Averaged Test AUC: 0.8181
Std Test Accuracy: 0.1988
Std Test AUC: 0.1012

--- Round 152/500 ---
Averaged Train Loss: 1.8111
Averaged Test Accuracy: 0.3222
Averaged Test AUC: 0.8133
Std Test Accuracy: 0.2365
Std Test AUC: 0.0725

--- Round 153/500 ---
Averaged Train Loss: 1.6398
Averaged Test Accuracy: 0.4043
Averaged Test AUC: 0.8314
Std Test Accuracy: 0.2101
Std Test AUC: 0.0713

--- Round 154/500 ---
Averaged Train Loss: 1.6557
Averaged Test Accuracy: 0.3971
Averaged Test AUC: 0.8284
Std Test Accuracy: 0.2258
Std Test AUC: 0.0792

--- Round 155/500 ---
Averaged Train Loss: 1.7093
Averaged Test Accuracy: 0.3731
Averaged Test AUC: 0.8267
Std Test Accuracy: 0.2007
Std Test AUC: 0.0701

--- Round 156/500 ---
Averaged Train Loss: 1.9243
Averaged Test Accuracy: 0.3387
Averaged Test AUC: 0.7884
Std Test Accuracy: 0.1771
Std Test AUC: 0.0997

--- Round 157/500 ---
Averaged Train Loss: 1.6230
Averaged Test Accuracy: 0.3930
Averaged Test AUC: 0.8304
Std Test Accuracy: 0.1619
Std Test AUC: 0.0598

--- Round 158/500 ---
Averaged Train Loss: 1.8296
Averaged Test Accuracy: 0.3640
Averaged Test AUC: 0.8144
Std Test Accuracy: 0.2488
Std Test AUC: 0.0936

--- Round 159/500 ---
Averaged Train Loss: 1.5663
Averaged Test Accuracy: 0.4246
Averaged Test AUC: 0.8354
Std Test Accuracy: 0.1744
Std Test AUC: 0.0660

--- Round 160/500 ---
Averaged Train Loss: 1.6688
Averaged Test Accuracy: 0.3888
Averaged Test AUC: 0.8231
Std Test Accuracy: 0.1658
Std Test AUC: 0.0562

--- Round 161/500 ---
Averaged Train Loss: 1.7388
Averaged Test Accuracy: 0.3521
Averaged Test AUC: 0.8246
Std Test Accuracy: 0.2152
Std Test AUC: 0.0704

--- Round 162/500 ---
Averaged Train Loss: 1.5084
Averaged Test Accuracy: 0.4498
Averaged Test AUC: 0.8467
Std Test Accuracy: 0.1834
Std Test AUC: 0.0535

--- Round 163/500 ---
Averaged Train Loss: 1.8005
Averaged Test Accuracy: 0.3844
Averaged Test AUC: 0.8113
Std Test Accuracy: 0.2452
Std Test AUC: 0.1091

--- Round 164/500 ---
Averaged Train Loss: 1.7179
Averaged Test Accuracy: 0.3902
Averaged Test AUC: 0.8120
Std Test Accuracy: 0.1529
Std Test AUC: 0.0778

--- Round 165/500 ---
Averaged Train Loss: 1.6317
Averaged Test Accuracy: 0.3860
Averaged Test AUC: 0.8355
Std Test Accuracy: 0.1775
Std Test AUC: 0.0539

--- Round 166/500 ---
Averaged Train Loss: 1.6062
Averaged Test Accuracy: 0.4103
Averaged Test AUC: 0.8339
Std Test Accuracy: 0.2083
Std Test AUC: 0.0742

--- Round 167/500 ---
Averaged Train Loss: 1.7345
Averaged Test Accuracy: 0.3886
Averaged Test AUC: 0.8114
Std Test Accuracy: 0.2065
Std Test AUC: 0.0894

--- Round 168/500 ---
Averaged Train Loss: 1.8882
Averaged Test Accuracy: 0.3383
Averaged Test AUC: 0.8087
Std Test Accuracy: 0.2636
Std Test AUC: 0.0988

--- Round 169/500 ---
Averaged Train Loss: 1.8097
Averaged Test Accuracy: 0.3657
Averaged Test AUC: 0.8141
Std Test Accuracy: 0.2135
Std Test AUC: 0.0920

--- Round 170/500 ---
Averaged Train Loss: 1.5710
Averaged Test Accuracy: 0.4188
Averaged Test AUC: 0.8389
Std Test Accuracy: 0.1594
Std Test AUC: 0.0580

--- Round 171/500 ---
Averaged Train Loss: 1.6457
Averaged Test Accuracy: 0.3906
Averaged Test AUC: 0.8261
Std Test Accuracy: 0.2003
Std Test AUC: 0.0792

--- Round 172/500 ---
Averaged Train Loss: 1.7722
Averaged Test Accuracy: 0.3441
Averaged Test AUC: 0.8158
Std Test Accuracy: 0.2178
Std Test AUC: 0.0765

--- Round 173/500 ---
Averaged Train Loss: 1.6161
Averaged Test Accuracy: 0.4196
Averaged Test AUC: 0.8352
Std Test Accuracy: 0.2067
Std Test AUC: 0.0725

--- Round 174/500 ---
Averaged Train Loss: 1.6494
Averaged Test Accuracy: 0.4063
Averaged Test AUC: 0.8312
Std Test Accuracy: 0.2234
Std Test AUC: 0.0783

--- Round 175/500 ---
Averaged Train Loss: 1.6524
Averaged Test Accuracy: 0.3946
Averaged Test AUC: 0.8344
Std Test Accuracy: 0.1975
Std Test AUC: 0.0680

--- Round 176/500 ---
Averaged Train Loss: 1.8920
Averaged Test Accuracy: 0.3396
Averaged Test AUC: 0.8004
Std Test Accuracy: 0.1755
Std Test AUC: 0.0790

--- Round 177/500 ---
Averaged Train Loss: 1.5114
Averaged Test Accuracy: 0.4445
Averaged Test AUC: 0.8451
Std Test Accuracy: 0.1515
Std Test AUC: 0.0510

--- Round 178/500 ---
Averaged Train Loss: 1.7564
Averaged Test Accuracy: 0.3858
Averaged Test AUC: 0.8228
Std Test Accuracy: 0.2392
Std Test AUC: 0.0902

--- Round 179/500 ---
Averaged Train Loss: 1.5559
Averaged Test Accuracy: 0.4301
Averaged Test AUC: 0.8380
Std Test Accuracy: 0.1804
Std Test AUC: 0.0679

--- Round 180/500 ---
Averaged Train Loss: 1.6400
Averaged Test Accuracy: 0.3987
Averaged Test AUC: 0.8298
Std Test Accuracy: 0.1694
Std Test AUC: 0.0569

--- Round 181/500 ---
Averaged Train Loss: 1.7270
Averaged Test Accuracy: 0.3495
Averaged Test AUC: 0.8304
Std Test Accuracy: 0.2074
Std Test AUC: 0.0622

--- Round 182/500 ---
Averaged Train Loss: 1.5452
Averaged Test Accuracy: 0.4423
Averaged Test AUC: 0.8441
Std Test Accuracy: 0.2165
Std Test AUC: 0.0687

--- Round 183/500 ---
Averaged Train Loss: 1.7504
Averaged Test Accuracy: 0.3991
Averaged Test AUC: 0.8176
Std Test Accuracy: 0.2367
Std Test AUC: 0.1049

--- Round 184/500 ---
Averaged Train Loss: 1.6673
Averaged Test Accuracy: 0.4075
Averaged Test AUC: 0.8206
Std Test Accuracy: 0.1467
Std Test AUC: 0.0706

--- Round 185/500 ---
Averaged Train Loss: 1.6230
Averaged Test Accuracy: 0.3934
Averaged Test AUC: 0.8383
Std Test Accuracy: 0.1768
Std Test AUC: 0.0551

--- Round 186/500 ---
Averaged Train Loss: 1.5229
Averaged Test Accuracy: 0.4387
Averaged Test AUC: 0.8455
Std Test Accuracy: 0.1863
Std Test AUC: 0.0594

--- Round 187/500 ---
Averaged Train Loss: 1.6883
Averaged Test Accuracy: 0.4033
Averaged Test AUC: 0.8195
Std Test Accuracy: 0.2010
Std Test AUC: 0.0850

--- Round 188/500 ---
Averaged Train Loss: 1.7493
Averaged Test Accuracy: 0.3774
Averaged Test AUC: 0.8227
Std Test Accuracy: 0.2458
Std Test AUC: 0.0876

--- Round 189/500 ---
Averaged Train Loss: 1.6896
Averaged Test Accuracy: 0.3979
Averaged Test AUC: 0.8303
Std Test Accuracy: 0.2141
Std Test AUC: 0.0758

--- Round 190/500 ---
Averaged Train Loss: 1.5527
Averaged Test Accuracy: 0.4174
Averaged Test AUC: 0.8392
Std Test Accuracy: 0.1633
Std Test AUC: 0.0617

--- Round 191/500 ---
Averaged Train Loss: 1.4444
Averaged Test Accuracy: 0.4687
Averaged Test AUC: 0.8538
Std Test Accuracy: 0.1629
Std Test AUC: 0.0458

--- Round 192/500 ---
Averaged Train Loss: 1.8435
Averaged Test Accuracy: 0.3447
Averaged Test AUC: 0.8105
Std Test Accuracy: 0.2482
Std Test AUC: 0.0965

--- Round 193/500 ---
Averaged Train Loss: 1.7490
Averaged Test Accuracy: 0.3997
Averaged Test AUC: 0.8257
Std Test Accuracy: 0.2340
Std Test AUC: 0.0894

--- Round 194/500 ---
Averaged Train Loss: 1.7571
Averaged Test Accuracy: 0.3830
Averaged Test AUC: 0.8234
Std Test Accuracy: 0.2143
Std Test AUC: 0.0864

--- Round 195/500 ---
Averaged Train Loss: 1.4385
Averaged Test Accuracy: 0.4727
Averaged Test AUC: 0.8522
Std Test Accuracy: 0.1236
Std Test AUC: 0.0463

--- Round 196/500 ---
Averaged Train Loss: 1.6668
Averaged Test Accuracy: 0.3805
Averaged Test AUC: 0.8274
Std Test Accuracy: 0.2249
Std Test AUC: 0.0787

--- Round 197/500 ---
Averaged Train Loss: 1.6539
Averaged Test Accuracy: 0.3877
Averaged Test AUC: 0.8287
Std Test Accuracy: 0.1940
Std Test AUC: 0.0674

--- Round 198/500 ---
Averaged Train Loss: 1.5763
Averaged Test Accuracy: 0.4383
Averaged Test AUC: 0.8410
Std Test Accuracy: 0.2051
Std Test AUC: 0.0734

--- Round 199/500 ---
Averaged Train Loss: 1.5669
Averaged Test Accuracy: 0.4303
Averaged Test AUC: 0.8427
Std Test Accuracy: 0.2153
Std Test AUC: 0.0727

--- Round 200/500 ---
Averaged Train Loss: 1.6382
Averaged Test Accuracy: 0.3991
Averaged Test AUC: 0.8372
Std Test Accuracy: 0.1836
Std Test AUC: 0.0554

--- Round 201/500 ---
Averaged Train Loss: 1.7982
Averaged Test Accuracy: 0.3399
Averaged Test AUC: 0.8170
Std Test Accuracy: 0.2064
Std Test AUC: 0.0708

--- Round 202/500 ---
Averaged Train Loss: 1.4821
Averaged Test Accuracy: 0.4494
Averaged Test AUC: 0.8516
Std Test Accuracy: 0.1482
Std Test AUC: 0.0454

--- Round 203/500 ---
Averaged Train Loss: 1.7035
Averaged Test Accuracy: 0.4105
Averaged Test AUC: 0.8291
Std Test Accuracy: 0.2346
Std Test AUC: 0.0946

--- Round 204/500 ---
Averaged Train Loss: 1.5325
Averaged Test Accuracy: 0.4421
Averaged Test AUC: 0.8427
Std Test Accuracy: 0.1788
Std Test AUC: 0.0662

--- Round 205/500 ---
Averaged Train Loss: 1.7091
Averaged Test Accuracy: 0.3721
Averaged Test AUC: 0.8239
Std Test Accuracy: 0.1692
Std Test AUC: 0.0610

--- Round 206/500 ---
Averaged Train Loss: 1.6084
Averaged Test Accuracy: 0.3934
Averaged Test AUC: 0.8380
Std Test Accuracy: 0.1850
Std Test AUC: 0.0586

--- Round 207/500 ---
Averaged Train Loss: 1.6465
Averaged Test Accuracy: 0.4120
Averaged Test AUC: 0.8454
Std Test Accuracy: 0.2205
Std Test AUC: 0.0688

--- Round 208/500 ---
Averaged Train Loss: 1.6828
Averaged Test Accuracy: 0.4229
Averaged Test AUC: 0.8221
Std Test Accuracy: 0.2213
Std Test AUC: 0.1090

--- Round 209/500 ---
Averaged Train Loss: 1.6373
Averaged Test Accuracy: 0.4126
Averaged Test AUC: 0.8282
Std Test Accuracy: 0.1580
Std Test AUC: 0.0679

--- Round 210/500 ---
Averaged Train Loss: 1.6905
Averaged Test Accuracy: 0.3628
Averaged Test AUC: 0.8357
Std Test Accuracy: 0.1894
Std Test AUC: 0.0582

--- Round 211/500 ---
Averaged Train Loss: 1.7319
Averaged Test Accuracy: 0.3914
Averaged Test AUC: 0.8388
Std Test Accuracy: 0.2179
Std Test AUC: 0.0614

--- Round 212/500 ---
Averaged Train Loss: 1.6105
Averaged Test Accuracy: 0.4216
Averaged Test AUC: 0.8342
Std Test Accuracy: 0.2110
Std Test AUC: 0.0851

--- Round 213/500 ---
Averaged Train Loss: 1.7413
Averaged Test Accuracy: 0.3805
Averaged Test AUC: 0.8229
Std Test Accuracy: 0.2309
Std Test AUC: 0.0967

--- Round 214/500 ---
Averaged Train Loss: 1.7575
Averaged Test Accuracy: 0.3872
Averaged Test AUC: 0.8258
Std Test Accuracy: 0.2200
Std Test AUC: 0.0872

--- Round 215/500 ---
Averaged Train Loss: 1.4258
Averaged Test Accuracy: 0.4717
Averaged Test AUC: 0.8572
Std Test Accuracy: 0.1380
Std Test AUC: 0.0398

--- Round 216/500 ---
Averaged Train Loss: 1.6482
Averaged Test Accuracy: 0.3839
Averaged Test AUC: 0.8334
Std Test Accuracy: 0.2326
Std Test AUC: 0.0775

--- Round 217/500 ---
Averaged Train Loss: 1.6246
Averaged Test Accuracy: 0.4018
Averaged Test AUC: 0.8358
Std Test Accuracy: 0.2002
Std Test AUC: 0.0725

--- Round 218/500 ---
Averaged Train Loss: 1.5101
Averaged Test Accuracy: 0.4524
Averaged Test AUC: 0.8462
Std Test Accuracy: 0.1846
Std Test AUC: 0.0739

--- Round 219/500 ---
Averaged Train Loss: 1.8115
Averaged Test Accuracy: 0.3752
Averaged Test AUC: 0.8197
Std Test Accuracy: 0.2493
Std Test AUC: 0.0912

--- Round 220/500 ---
Averaged Train Loss: 1.6708
Averaged Test Accuracy: 0.3995
Averaged Test AUC: 0.8320
Std Test Accuracy: 0.2178
Std Test AUC: 0.0773

--- Round 221/500 ---
Averaged Train Loss: 1.8717
Averaged Test Accuracy: 0.3402
Averaged Test AUC: 0.8096
Std Test Accuracy: 0.2095
Std Test AUC: 0.0768

--- Round 222/500 ---
Averaged Train Loss: 1.4665
Averaged Test Accuracy: 0.4605
Averaged Test AUC: 0.8547
Std Test Accuracy: 0.1517
Std Test AUC: 0.0499

--- Round 223/500 ---
Averaged Train Loss: 1.5771
Averaged Test Accuracy: 0.4420
Averaged Test AUC: 0.8402
Std Test Accuracy: 0.2106
Std Test AUC: 0.0845

--- Round 224/500 ---
Averaged Train Loss: 1.5001
Averaged Test Accuracy: 0.4534
Averaged Test AUC: 0.8467
Std Test Accuracy: 0.1809
Std Test AUC: 0.0653

--- Round 225/500 ---
Averaged Train Loss: 1.6842
Averaged Test Accuracy: 0.3786
Averaged Test AUC: 0.8326
Std Test Accuracy: 0.2389
Std Test AUC: 0.0719

--- Round 226/500 ---
Averaged Train Loss: 1.5782
Averaged Test Accuracy: 0.4079
Averaged Test AUC: 0.8427
Std Test Accuracy: 0.1844
Std Test AUC: 0.0579

--- Round 227/500 ---
Averaged Train Loss: 1.5275
Averaged Test Accuracy: 0.4524
Averaged Test AUC: 0.8496
Std Test Accuracy: 0.2161
Std Test AUC: 0.0738

--- Round 228/500 ---
Averaged Train Loss: 1.5160
Averaged Test Accuracy: 0.4499
Averaged Test AUC: 0.8491
Std Test Accuracy: 0.2181
Std Test AUC: 0.0714

--- Round 229/500 ---
Averaged Train Loss: 1.5428
Averaged Test Accuracy: 0.4374
Averaged Test AUC: 0.8403
Std Test Accuracy: 0.1634
Std Test AUC: 0.0673

--- Round 230/500 ---
Averaged Train Loss: 1.6137
Averaged Test Accuracy: 0.4039
Averaged Test AUC: 0.8384
Std Test Accuracy: 0.1730
Std Test AUC: 0.0650

--- Round 231/500 ---
Averaged Train Loss: 1.5580
Averaged Test Accuracy: 0.4367
Averaged Test AUC: 0.8448
Std Test Accuracy: 0.1942
Std Test AUC: 0.0633

--- Round 232/500 ---
Averaged Train Loss: 1.5412
Averaged Test Accuracy: 0.4412
Averaged Test AUC: 0.8494
Std Test Accuracy: 0.1971
Std Test AUC: 0.0608

--- Round 233/500 ---
Averaged Train Loss: 1.5750
Averaged Test Accuracy: 0.4364
Averaged Test AUC: 0.8400
Std Test Accuracy: 0.2021
Std Test AUC: 0.0748

--- Round 234/500 ---
Averaged Train Loss: 1.9852
Averaged Test Accuracy: 0.3284
Averaged Test AUC: 0.8134
Std Test Accuracy: 0.2101
Std Test AUC: 0.0819

--- Round 235/500 ---
Averaged Train Loss: 1.5032
Averaged Test Accuracy: 0.4516
Averaged Test AUC: 0.8483
Std Test Accuracy: 0.1856
Std Test AUC: 0.0661

--- Round 236/500 ---
Averaged Train Loss: 1.5991
Averaged Test Accuracy: 0.4313
Averaged Test AUC: 0.8367
Std Test Accuracy: 0.1840
Std Test AUC: 0.0588

--- Round 237/500 ---
Averaged Train Loss: 1.6551
Averaged Test Accuracy: 0.4079
Averaged Test AUC: 0.8308
Std Test Accuracy: 0.2205
Std Test AUC: 0.0816

--- Round 238/500 ---
Averaged Train Loss: 1.5895
Averaged Test Accuracy: 0.4166
Averaged Test AUC: 0.8423
Std Test Accuracy: 0.1976
Std Test AUC: 0.0602

--- Round 239/500 ---
Averaged Train Loss: 1.6754
Averaged Test Accuracy: 0.4000
Averaged Test AUC: 0.8363
Std Test Accuracy: 0.2346
Std Test AUC: 0.0768

--- Round 240/500 ---
Averaged Train Loss: 1.6302
Averaged Test Accuracy: 0.4164
Averaged Test AUC: 0.8369
Std Test Accuracy: 0.2077
Std Test AUC: 0.0711

--- Round 241/500 ---
Averaged Train Loss: 1.5352
Averaged Test Accuracy: 0.4290
Averaged Test AUC: 0.8454
Std Test Accuracy: 0.2162
Std Test AUC: 0.0745

--- Round 242/500 ---
Averaged Train Loss: 1.6260
Averaged Test Accuracy: 0.4095
Averaged Test AUC: 0.8361
Std Test Accuracy: 0.1932
Std Test AUC: 0.0706

--- Round 243/500 ---
Averaged Train Loss: 1.4287
Averaged Test Accuracy: 0.4777
Averaged Test AUC: 0.8575
Std Test Accuracy: 0.1593
Std Test AUC: 0.0484

--- Round 244/500 ---
Averaged Train Loss: 1.4911
Averaged Test Accuracy: 0.4529
Averaged Test AUC: 0.8531
Std Test Accuracy: 0.2161
Std Test AUC: 0.0636

--- Round 245/500 ---
Averaged Train Loss: 1.6287
Averaged Test Accuracy: 0.4102
Averaged Test AUC: 0.8382
Std Test Accuracy: 0.2081
Std Test AUC: 0.0763

--- Round 246/500 ---
Averaged Train Loss: 1.6797
Averaged Test Accuracy: 0.3918
Averaged Test AUC: 0.8278
Std Test Accuracy: 0.1776
Std Test AUC: 0.0653

--- Round 247/500 ---
Averaged Train Loss: 1.5094
Averaged Test Accuracy: 0.4529
Averaged Test AUC: 0.8497
Std Test Accuracy: 0.1761
Std Test AUC: 0.0602

--- Round 248/500 ---
Averaged Train Loss: 1.5551
Averaged Test Accuracy: 0.4471
Averaged Test AUC: 0.8516
Std Test Accuracy: 0.2174
Std Test AUC: 0.0662

--- Round 249/500 ---
Averaged Train Loss: 1.4622
Averaged Test Accuracy: 0.4645
Averaged Test AUC: 0.8538
Std Test Accuracy: 0.1812
Std Test AUC: 0.0593

--- Round 250/500 ---
Averaged Train Loss: 1.5951
Averaged Test Accuracy: 0.4215
Averaged Test AUC: 0.8364
Std Test Accuracy: 0.1738
Std Test AUC: 0.0547

--- Round 251/500 ---
Averaged Train Loss: 1.8039
Averaged Test Accuracy: 0.3628
Averaged Test AUC: 0.8199
Std Test Accuracy: 0.2016
Std Test AUC: 0.0781

--- Round 252/500 ---
Averaged Train Loss: 1.4648
Averaged Test Accuracy: 0.4685
Averaged Test AUC: 0.8578
Std Test Accuracy: 0.2061
Std Test AUC: 0.0621

--- Round 253/500 ---
Averaged Train Loss: 1.5616
Averaged Test Accuracy: 0.4377
Averaged Test AUC: 0.8545
Std Test Accuracy: 0.2204
Std Test AUC: 0.0628

--- Round 254/500 ---
Averaged Train Loss: 1.3986
Averaged Test Accuracy: 0.4803
Averaged Test AUC: 0.8624
Std Test Accuracy: 0.1602
Std Test AUC: 0.0495

--- Round 255/500 ---
Averaged Train Loss: 1.5527
Averaged Test Accuracy: 0.4281
Averaged Test AUC: 0.8403
Std Test Accuracy: 0.1569
Std Test AUC: 0.0501

--- Round 256/500 ---
Averaged Train Loss: 1.4246
Averaged Test Accuracy: 0.4752
Averaged Test AUC: 0.8550
Std Test Accuracy: 0.1627
Std Test AUC: 0.0581

--- Round 257/500 ---
Averaged Train Loss: 1.7744
Averaged Test Accuracy: 0.3904
Averaged Test AUC: 0.8451
Std Test Accuracy: 0.2316
Std Test AUC: 0.0661

--- Round 258/500 ---
Averaged Train Loss: 1.5661
Averaged Test Accuracy: 0.4416
Averaged Test AUC: 0.8413
Std Test Accuracy: 0.2057
Std Test AUC: 0.0764

--- Round 259/500 ---
Averaged Train Loss: 1.5400
Averaged Test Accuracy: 0.4422
Averaged Test AUC: 0.8404
Std Test Accuracy: 0.1239
Std Test AUC: 0.0515

--- Round 260/500 ---
Averaged Train Loss: 1.5533
Averaged Test Accuracy: 0.4218
Averaged Test AUC: 0.8499
Std Test Accuracy: 0.1714
Std Test AUC: 0.0503

--- Round 261/500 ---
Averaged Train Loss: 1.5358
Averaged Test Accuracy: 0.4572
Averaged Test AUC: 0.8453
Std Test Accuracy: 0.2106
Std Test AUC: 0.0840

--- Round 262/500 ---
Averaged Train Loss: 1.5325
Averaged Test Accuracy: 0.4439
Averaged Test AUC: 0.8436
Std Test Accuracy: 0.1989
Std Test AUC: 0.0713

--- Round 263/500 ---
Averaged Train Loss: 1.5672
Averaged Test Accuracy: 0.4230
Averaged Test AUC: 0.8475
Std Test Accuracy: 0.2054
Std Test AUC: 0.0614

--- Round 264/500 ---
Averaged Train Loss: 1.6239
Averaged Test Accuracy: 0.4158
Averaged Test AUC: 0.8426
Std Test Accuracy: 0.2008
Std Test AUC: 0.0718

--- Round 265/500 ---
Averaged Train Loss: 1.4705
Averaged Test Accuracy: 0.4597
Averaged Test AUC: 0.8550
Std Test Accuracy: 0.1747
Std Test AUC: 0.0489

--- Round 266/500 ---
Averaged Train Loss: 1.6772
Averaged Test Accuracy: 0.4123
Averaged Test AUC: 0.8291
Std Test Accuracy: 0.2344
Std Test AUC: 0.0972

--- Round 267/500 ---
Averaged Train Loss: 1.5929
Averaged Test Accuracy: 0.4170
Averaged Test AUC: 0.8412
Std Test Accuracy: 0.1812
Std Test AUC: 0.0585

--- Round 268/500 ---
Averaged Train Loss: 1.4185
Averaged Test Accuracy: 0.4828
Averaged Test AUC: 0.8604
Std Test Accuracy: 0.1552
Std Test AUC: 0.0492

--- Round 269/500 ---
Averaged Train Loss: 1.4887
Averaged Test Accuracy: 0.4578
Averaged Test AUC: 0.8505
Std Test Accuracy: 0.1982
Std Test AUC: 0.0686

--- Round 270/500 ---
Averaged Train Loss: 1.5283
Averaged Test Accuracy: 0.4393
Averaged Test AUC: 0.8556
Std Test Accuracy: 0.1856
Std Test AUC: 0.0453

--- Round 271/500 ---
Averaged Train Loss: 1.9936
Averaged Test Accuracy: 0.3348
Averaged Test AUC: 0.8128
Std Test Accuracy: 0.2661
Std Test AUC: 0.1013

--- Round 272/500 ---
Averaged Train Loss: 1.5576
Averaged Test Accuracy: 0.4236
Averaged Test AUC: 0.8500
Std Test Accuracy: 0.1837
Std Test AUC: 0.0567

--- Round 273/500 ---
Averaged Train Loss: 1.4395
Averaged Test Accuracy: 0.4779
Averaged Test AUC: 0.8590
Std Test Accuracy: 0.1966
Std Test AUC: 0.0608

--- Round 274/500 ---
Averaged Train Loss: 1.6229
Averaged Test Accuracy: 0.4330
Averaged Test AUC: 0.8366
Std Test Accuracy: 0.2174
Std Test AUC: 0.0816

--- Round 275/500 ---
Averaged Train Loss: 1.6293
Averaged Test Accuracy: 0.4148
Averaged Test AUC: 0.8425
Std Test Accuracy: 0.2140
Std Test AUC: 0.0662

--- Round 276/500 ---
Averaged Train Loss: 1.7199
Averaged Test Accuracy: 0.3898
Averaged Test AUC: 0.8293
Std Test Accuracy: 0.2163
Std Test AUC: 0.0841

--- Round 277/500 ---
Averaged Train Loss: 1.4521
Averaged Test Accuracy: 0.4758
Averaged Test AUC: 0.8603
Std Test Accuracy: 0.2128
Std Test AUC: 0.0598

--- Round 278/500 ---
Averaged Train Loss: 1.4507
Averaged Test Accuracy: 0.4678
Averaged Test AUC: 0.8595
Std Test Accuracy: 0.2047
Std Test AUC: 0.0619

--- Round 279/500 ---
Averaged Train Loss: 1.4588
Averaged Test Accuracy: 0.4688
Averaged Test AUC: 0.8563
Std Test Accuracy: 0.1980
Std Test AUC: 0.0696

--- Round 280/500 ---
Averaged Train Loss: 1.6074
Averaged Test Accuracy: 0.4231
Averaged Test AUC: 0.8402
Std Test Accuracy: 0.2005
Std Test AUC: 0.0644

--- Round 281/500 ---
Averaged Train Loss: 1.3840
Averaged Test Accuracy: 0.4965
Averaged Test AUC: 0.8573
Std Test Accuracy: 0.1531
Std Test AUC: 0.0654

--- Round 282/500 ---
Averaged Train Loss: 1.4451
Averaged Test Accuracy: 0.4780
Averaged Test AUC: 0.8602
Std Test Accuracy: 0.1904
Std Test AUC: 0.0537

--- Round 283/500 ---
Averaged Train Loss: 1.5416
Averaged Test Accuracy: 0.4520
Averaged Test AUC: 0.8446
Std Test Accuracy: 0.2027
Std Test AUC: 0.0729

--- Round 284/500 ---
Averaged Train Loss: 1.6262
Averaged Test Accuracy: 0.4267
Averaged Test AUC: 0.8337
Std Test Accuracy: 0.1721
Std Test AUC: 0.0726

--- Round 285/500 ---
Averaged Train Loss: 1.5945
Averaged Test Accuracy: 0.4260
Averaged Test AUC: 0.8556
Std Test Accuracy: 0.2075
Std Test AUC: 0.0505

--- Round 286/500 ---
Averaged Train Loss: 1.3596
Averaged Test Accuracy: 0.4987
Averaged Test AUC: 0.8634
Std Test Accuracy: 0.1453
Std Test AUC: 0.0521

--- Round 287/500 ---
Averaged Train Loss: 1.5774
Averaged Test Accuracy: 0.4333
Averaged Test AUC: 0.8418
Std Test Accuracy: 0.2064
Std Test AUC: 0.0744

--- Round 288/500 ---
Averaged Train Loss: 1.5496
Averaged Test Accuracy: 0.4306
Averaged Test AUC: 0.8497
Std Test Accuracy: 0.1964
Std Test AUC: 0.0581

--- Round 289/500 ---
Averaged Train Loss: 1.6163
Averaged Test Accuracy: 0.4288
Averaged Test AUC: 0.8405
Std Test Accuracy: 0.2283
Std Test AUC: 0.0804

--- Round 290/500 ---
Averaged Train Loss: 1.6266
Averaged Test Accuracy: 0.4090
Averaged Test AUC: 0.8436
Std Test Accuracy: 0.2011
Std Test AUC: 0.0631

--- Round 291/500 ---
Averaged Train Loss: 1.6242
Averaged Test Accuracy: 0.4175
Averaged Test AUC: 0.8358
Std Test Accuracy: 0.2314
Std Test AUC: 0.0915

--- Round 292/500 ---
Averaged Train Loss: 1.6195
Averaged Test Accuracy: 0.4046
Averaged Test AUC: 0.8446
Std Test Accuracy: 0.2094
Std Test AUC: 0.0600

--- Round 293/500 ---
Averaged Train Loss: 1.4133
Averaged Test Accuracy: 0.4842
Averaged Test AUC: 0.8634
Std Test Accuracy: 0.1878
Std Test AUC: 0.0542

--- Round 294/500 ---
Averaged Train Loss: 1.6812
Averaged Test Accuracy: 0.4170
Averaged Test AUC: 0.8384
Std Test Accuracy: 0.2285
Std Test AUC: 0.0850

--- Round 295/500 ---
Averaged Train Loss: 1.5768
Averaged Test Accuracy: 0.4306
Averaged Test AUC: 0.8478
Std Test Accuracy: 0.2101
Std Test AUC: 0.0641

--- Round 296/500 ---
Averaged Train Loss: 1.7528
Averaged Test Accuracy: 0.3709
Averaged Test AUC: 0.8314
Std Test Accuracy: 0.2270
Std Test AUC: 0.0770

--- Round 297/500 ---
Averaged Train Loss: 1.3705
Averaged Test Accuracy: 0.4975
Averaged Test AUC: 0.8663
Std Test Accuracy: 0.1835
Std Test AUC: 0.0579

--- Round 298/500 ---
Averaged Train Loss: 1.3996
Averaged Test Accuracy: 0.4858
Averaged Test AUC: 0.8634
Std Test Accuracy: 0.1663
Std Test AUC: 0.0520

--- Round 299/500 ---
Averaged Train Loss: 1.4335
Averaged Test Accuracy: 0.4759
Averaged Test AUC: 0.8601
Std Test Accuracy: 0.1923
Std Test AUC: 0.0641

--- Round 300/500 ---
Averaged Train Loss: 1.6246
Averaged Test Accuracy: 0.4241
Averaged Test AUC: 0.8396
Std Test Accuracy: 0.2009
Std Test AUC: 0.0665

--- Round 301/500 ---
Averaged Train Loss: 1.4980
Averaged Test Accuracy: 0.4628
Averaged Test AUC: 0.8506
Std Test Accuracy: 0.1867
Std Test AUC: 0.0661

--- Round 302/500 ---
Averaged Train Loss: 1.4762
Averaged Test Accuracy: 0.4605
Averaged Test AUC: 0.8588
Std Test Accuracy: 0.1673
Std Test AUC: 0.0525

--- Round 303/500 ---
Averaged Train Loss: 1.5420
Averaged Test Accuracy: 0.4531
Averaged Test AUC: 0.8492
Std Test Accuracy: 0.1868
Std Test AUC: 0.0635

--- Round 304/500 ---
Averaged Train Loss: 1.5840
Averaged Test Accuracy: 0.4350
Averaged Test AUC: 0.8409
Std Test Accuracy: 0.1677
Std Test AUC: 0.0648

--- Round 305/500 ---
Averaged Train Loss: 1.6213
Averaged Test Accuracy: 0.4152
Averaged Test AUC: 0.8523
Std Test Accuracy: 0.2101
Std Test AUC: 0.0512

--- Round 306/500 ---
Averaged Train Loss: 1.3717
Averaged Test Accuracy: 0.5004
Averaged Test AUC: 0.8609
Std Test Accuracy: 0.1523
Std Test AUC: 0.0605

--- Round 307/500 ---
Averaged Train Loss: 1.5998
Averaged Test Accuracy: 0.4312
Averaged Test AUC: 0.8382
Std Test Accuracy: 0.2104
Std Test AUC: 0.0847

--- Round 308/500 ---
Averaged Train Loss: 1.5858
Averaged Test Accuracy: 0.4303
Averaged Test AUC: 0.8511
Std Test Accuracy: 0.2042
Std Test AUC: 0.0524

--- Round 309/500 ---
Averaged Train Loss: 1.3371
Averaged Test Accuracy: 0.5077
Averaged Test AUC: 0.8684
Std Test Accuracy: 0.1632
Std Test AUC: 0.0519

--- Round 310/500 ---
Averaged Train Loss: 1.4932
Averaged Test Accuracy: 0.4464
Averaged Test AUC: 0.8544
Std Test Accuracy: 0.1585
Std Test AUC: 0.0480

--- Round 311/500 ---
Averaged Train Loss: 1.4702
Averaged Test Accuracy: 0.4643
Averaged Test AUC: 0.8610
Std Test Accuracy: 0.1990
Std Test AUC: 0.0497

--- Round 312/500 ---
Averaged Train Loss: 1.3032
Averaged Test Accuracy: 0.5152
Averaged Test AUC: 0.8735
Std Test Accuracy: 0.1450
Std Test AUC: 0.0355

--- Round 313/500 ---
Averaged Train Loss: 1.5008
Averaged Test Accuracy: 0.4564
Averaged Test AUC: 0.8502
Std Test Accuracy: 0.1809
Std Test AUC: 0.0702

--- Round 314/500 ---
Averaged Train Loss: 1.4549
Averaged Test Accuracy: 0.4728
Averaged Test AUC: 0.8577
Std Test Accuracy: 0.1721
Std Test AUC: 0.0422

--- Round 315/500 ---
Averaged Train Loss: 1.3384
Averaged Test Accuracy: 0.5075
Averaged Test AUC: 0.8699
Std Test Accuracy: 0.1697
Std Test AUC: 0.0502

--- Round 316/500 ---
Averaged Train Loss: 1.4428
Averaged Test Accuracy: 0.4695
Averaged Test AUC: 0.8607
Std Test Accuracy: 0.1591
Std Test AUC: 0.0421

--- Round 317/500 ---
Averaged Train Loss: 1.4065
Averaged Test Accuracy: 0.4888
Averaged Test AUC: 0.8635
Std Test Accuracy: 0.1767
Std Test AUC: 0.0540

--- Round 318/500 ---
Averaged Train Loss: 1.3113
Averaged Test Accuracy: 0.5148
Averaged Test AUC: 0.8731
Std Test Accuracy: 0.1316
Std Test AUC: 0.0369

--- Round 319/500 ---
Averaged Train Loss: 1.3030
Averaged Test Accuracy: 0.5185
Averaged Test AUC: 0.8735
Std Test Accuracy: 0.1404
Std Test AUC: 0.0411

--- Round 320/500 ---
Averaged Train Loss: 1.3865
Averaged Test Accuracy: 0.4822
Averaged Test AUC: 0.8634
Std Test Accuracy: 0.1437
Std Test AUC: 0.0398

--- Round 321/500 ---
Averaged Train Loss: 1.3430
Averaged Test Accuracy: 0.5100
Averaged Test AUC: 0.8689
Std Test Accuracy: 0.1724
Std Test AUC: 0.0565

--- Round 322/500 ---
Averaged Train Loss: 1.3666
Averaged Test Accuracy: 0.4972
Averaged Test AUC: 0.8668
Std Test Accuracy: 0.1520
Std Test AUC: 0.0479

--- Round 323/500 ---
Averaged Train Loss: 1.3521
Averaged Test Accuracy: 0.5012
Averaged Test AUC: 0.8667
Std Test Accuracy: 0.1500
Std Test AUC: 0.0478

--- Round 324/500 ---
Averaged Train Loss: 1.3594
Averaged Test Accuracy: 0.4909
Averaged Test AUC: 0.8658
Std Test Accuracy: 0.1332
Std Test AUC: 0.0360

--- Round 325/500 ---
Averaged Train Loss: 1.3237
Averaged Test Accuracy: 0.5153
Averaged Test AUC: 0.8720
Std Test Accuracy: 0.1450
Std Test AUC: 0.0376

--- Round 326/500 ---
Averaged Train Loss: 1.3063
Averaged Test Accuracy: 0.5186
Averaged Test AUC: 0.8705
Std Test Accuracy: 0.1550
Std Test AUC: 0.0442

--- Round 327/500 ---
Averaged Train Loss: 1.3210
Averaged Test Accuracy: 0.5124
Averaged Test AUC: 0.8714
Std Test Accuracy: 0.1509
Std Test AUC: 0.0449

--- Round 328/500 ---
Averaged Train Loss: 1.2846
Averaged Test Accuracy: 0.5252
Averaged Test AUC: 0.8748
Std Test Accuracy: 0.1382
Std Test AUC: 0.0396

--- Round 329/500 ---
Averaged Train Loss: 1.3685
Averaged Test Accuracy: 0.4929
Averaged Test AUC: 0.8670
Std Test Accuracy: 0.1772
Std Test AUC: 0.0536

--- Round 330/500 ---
Averaged Train Loss: 1.4089
Averaged Test Accuracy: 0.4759
Averaged Test AUC: 0.8628
Std Test Accuracy: 0.1593
Std Test AUC: 0.0404

--- Round 331/500 ---
Averaged Train Loss: 1.2961
Averaged Test Accuracy: 0.5198
Averaged Test AUC: 0.8735
Std Test Accuracy: 0.1348
Std Test AUC: 0.0390

--- Round 332/500 ---
Averaged Train Loss: 1.2846
Averaged Test Accuracy: 0.5263
Averaged Test AUC: 0.8741
Std Test Accuracy: 0.1471
Std Test AUC: 0.0425

--- Round 333/500 ---
Averaged Train Loss: 1.2830
Averaged Test Accuracy: 0.5259
Averaged Test AUC: 0.8748
Std Test Accuracy: 0.1519
Std Test AUC: 0.0423

--- Round 334/500 ---
Averaged Train Loss: 1.2785
Averaged Test Accuracy: 0.5261
Averaged Test AUC: 0.8731
Std Test Accuracy: 0.1370
Std Test AUC: 0.0449

--- Round 335/500 ---
Averaged Train Loss: 1.3602
Averaged Test Accuracy: 0.5029
Averaged Test AUC: 0.8667
Std Test Accuracy: 0.1483
Std Test AUC: 0.0471

--- Round 336/500 ---
Averaged Train Loss: 1.2734
Averaged Test Accuracy: 0.5297
Averaged Test AUC: 0.8759
Std Test Accuracy: 0.1382
Std Test AUC: 0.0412

--- Round 337/500 ---
Averaged Train Loss: 1.3445
Averaged Test Accuracy: 0.5067
Averaged Test AUC: 0.8697
Std Test Accuracy: 0.1707
Std Test AUC: 0.0549

--- Round 338/500 ---
Averaged Train Loss: 1.3033
Averaged Test Accuracy: 0.5232
Averaged Test AUC: 0.8729
Std Test Accuracy: 0.1332
Std Test AUC: 0.0432

--- Round 339/500 ---
Averaged Train Loss: 1.2889
Averaged Test Accuracy: 0.5265
Averaged Test AUC: 0.8746
Std Test Accuracy: 0.1405
Std Test AUC: 0.0393

--- Round 340/500 ---
Averaged Train Loss: 1.3611
Averaged Test Accuracy: 0.5021
Averaged Test AUC: 0.8703
Std Test Accuracy: 0.1423
Std Test AUC: 0.0399

--- Round 341/500 ---
Averaged Train Loss: 1.3467
Averaged Test Accuracy: 0.4979
Averaged Test AUC: 0.8695
Std Test Accuracy: 0.1642
Std Test AUC: 0.0455

--- Round 342/500 ---
Averaged Train Loss: 1.2901
Averaged Test Accuracy: 0.5247
Averaged Test AUC: 0.8746
Std Test Accuracy: 0.1467
Std Test AUC: 0.0416

--- Round 343/500 ---
Averaged Train Loss: 1.2650
Averaged Test Accuracy: 0.5326
Averaged Test AUC: 0.8760
Std Test Accuracy: 0.1384
Std Test AUC: 0.0428

--- Round 344/500 ---
Averaged Train Loss: 1.2761
Averaged Test Accuracy: 0.5263
Averaged Test AUC: 0.8746
Std Test Accuracy: 0.1428
Std Test AUC: 0.0396

--- Round 345/500 ---
Averaged Train Loss: 1.3034
Averaged Test Accuracy: 0.5196
Averaged Test AUC: 0.8730
Std Test Accuracy: 0.1655
Std Test AUC: 0.0469

--- Round 346/500 ---
Averaged Train Loss: 1.2735
Averaged Test Accuracy: 0.5311
Averaged Test AUC: 0.8757
Std Test Accuracy: 0.1518
Std Test AUC: 0.0390

--- Round 347/500 ---
Averaged Train Loss: 1.2580
Averaged Test Accuracy: 0.5327
Averaged Test AUC: 0.8769
Std Test Accuracy: 0.0998
Std Test AUC: 0.0323

--- Round 348/500 ---
Averaged Train Loss: 1.2690
Averaged Test Accuracy: 0.5307
Averaged Test AUC: 0.8756
Std Test Accuracy: 0.1105
Std Test AUC: 0.0344

--- Round 349/500 ---
Averaged Train Loss: 1.2618
Averaged Test Accuracy: 0.5330
Averaged Test AUC: 0.8766
Std Test Accuracy: 0.1321
Std Test AUC: 0.0357

--- Round 350/500 ---
Averaged Train Loss: 1.3648
Averaged Test Accuracy: 0.5007
Averaged Test AUC: 0.8710
Std Test Accuracy: 0.1925
Std Test AUC: 0.0522

--- Round 351/500 ---
Averaged Train Loss: 1.2562
Averaged Test Accuracy: 0.5385
Averaged Test AUC: 0.8778
Std Test Accuracy: 0.1317
Std Test AUC: 0.0343

--- Round 352/500 ---
Averaged Train Loss: 1.3485
Averaged Test Accuracy: 0.4920
Averaged Test AUC: 0.8680
Std Test Accuracy: 0.1283
Std Test AUC: 0.0329

--- Round 353/500 ---
Averaged Train Loss: 1.4240
Averaged Test Accuracy: 0.4761
Averaged Test AUC: 0.8668
Std Test Accuracy: 0.2052
Std Test AUC: 0.0505

--- Round 354/500 ---
Averaged Train Loss: 1.2951
Averaged Test Accuracy: 0.5279
Averaged Test AUC: 0.8718
Std Test Accuracy: 0.1226
Std Test AUC: 0.0389

--- Round 355/500 ---
Averaged Train Loss: 1.2645
Averaged Test Accuracy: 0.5317
Averaged Test AUC: 0.8765
Std Test Accuracy: 0.1521
Std Test AUC: 0.0409

--- Round 356/500 ---
Averaged Train Loss: 1.2796
Averaged Test Accuracy: 0.5260
Averaged Test AUC: 0.8746
Std Test Accuracy: 0.1436
Std Test AUC: 0.0429

--- Round 357/500 ---
Averaged Train Loss: 1.3028
Averaged Test Accuracy: 0.5152
Averaged Test AUC: 0.8748
Std Test Accuracy: 0.1634
Std Test AUC: 0.0448

--- Round 358/500 ---
Averaged Train Loss: 1.3008
Averaged Test Accuracy: 0.5176
Averaged Test AUC: 0.8740
Std Test Accuracy: 0.1447
Std Test AUC: 0.0390

--- Round 359/500 ---
Averaged Train Loss: 1.2416
Averaged Test Accuracy: 0.5389
Averaged Test AUC: 0.8782
Std Test Accuracy: 0.1159
Std Test AUC: 0.0314

--- Round 360/500 ---
Averaged Train Loss: 1.3191
Averaged Test Accuracy: 0.5118
Averaged Test AUC: 0.8719
Std Test Accuracy: 0.1652
Std Test AUC: 0.0497

--- Round 361/500 ---
Averaged Train Loss: 1.2875
Averaged Test Accuracy: 0.5228
Averaged Test AUC: 0.8747
Std Test Accuracy: 0.1571
Std Test AUC: 0.0472

--- Round 362/500 ---
Averaged Train Loss: 1.2676
Averaged Test Accuracy: 0.5287
Averaged Test AUC: 0.8750
Std Test Accuracy: 0.1276
Std Test AUC: 0.0390

--- Round 363/500 ---
Averaged Train Loss: 1.3296
Averaged Test Accuracy: 0.5063
Averaged Test AUC: 0.8701
Std Test Accuracy: 0.1716
Std Test AUC: 0.0566

--- Round 364/500 ---
Averaged Train Loss: 1.2782
Averaged Test Accuracy: 0.5276
Averaged Test AUC: 0.8759
Std Test Accuracy: 0.1356
Std Test AUC: 0.0417

--- Round 365/500 ---
Averaged Train Loss: 1.2812
Averaged Test Accuracy: 0.5297
Averaged Test AUC: 0.8729
Std Test Accuracy: 0.1406
Std Test AUC: 0.0449

--- Round 366/500 ---
Averaged Train Loss: 1.3335
Averaged Test Accuracy: 0.5025
Averaged Test AUC: 0.8702
Std Test Accuracy: 0.1575
Std Test AUC: 0.0506

--- Round 367/500 ---
Averaged Train Loss: 1.3342
Averaged Test Accuracy: 0.5061
Averaged Test AUC: 0.8709
Std Test Accuracy: 0.1842
Std Test AUC: 0.0552

--- Round 368/500 ---
Averaged Train Loss: 1.3626
Averaged Test Accuracy: 0.4937
Averaged Test AUC: 0.8691
Std Test Accuracy: 0.1911
Std Test AUC: 0.0516

--- Round 369/500 ---
Averaged Train Loss: 1.2668
Averaged Test Accuracy: 0.5261
Averaged Test AUC: 0.8755
Std Test Accuracy: 0.1027
Std Test AUC: 0.0272

--- Round 370/500 ---
Averaged Train Loss: 1.3000
Averaged Test Accuracy: 0.5154
Averaged Test AUC: 0.8731
Std Test Accuracy: 0.1635
Std Test AUC: 0.0484

--- Round 371/500 ---
Averaged Train Loss: 1.2887
Averaged Test Accuracy: 0.5233
Averaged Test AUC: 0.8731
Std Test Accuracy: 0.1470
Std Test AUC: 0.0426

--- Round 372/500 ---
Averaged Train Loss: 1.3473
Averaged Test Accuracy: 0.4929
Averaged Test AUC: 0.8672
Std Test Accuracy: 0.1251
Std Test AUC: 0.0345

--- Round 373/500 ---
Averaged Train Loss: 1.2684
Averaged Test Accuracy: 0.5311
Averaged Test AUC: 0.8780
Std Test Accuracy: 0.1475
Std Test AUC: 0.0370

--- Round 374/500 ---
Averaged Train Loss: 1.3229
Averaged Test Accuracy: 0.5078
Averaged Test AUC: 0.8702
Std Test Accuracy: 0.1754
Std Test AUC: 0.0501

--- Round 375/500 ---
Averaged Train Loss: 1.2695
Averaged Test Accuracy: 0.5297
Averaged Test AUC: 0.8757
Std Test Accuracy: 0.1332
Std Test AUC: 0.0447

--- Round 376/500 ---
Averaged Train Loss: 1.3705
Averaged Test Accuracy: 0.4971
Averaged Test AUC: 0.8620
Std Test Accuracy: 0.1542
Std Test AUC: 0.0566

--- Round 377/500 ---
Averaged Train Loss: 1.2847
Averaged Test Accuracy: 0.5243
Averaged Test AUC: 0.8741
Std Test Accuracy: 0.1293
Std Test AUC: 0.0360

--- Round 378/500 ---
Averaged Train Loss: 1.2788
Averaged Test Accuracy: 0.5221
Averaged Test AUC: 0.8751
Std Test Accuracy: 0.1482
Std Test AUC: 0.0388

--- Round 379/500 ---
Averaged Train Loss: 1.2788
Averaged Test Accuracy: 0.5255
Averaged Test AUC: 0.8757
Std Test Accuracy: 0.1739
Std Test AUC: 0.0465

--- Round 380/500 ---
Averaged Train Loss: 1.2346
Averaged Test Accuracy: 0.5406
Averaged Test AUC: 0.8789
Std Test Accuracy: 0.1239
Std Test AUC: 0.0313

--- Round 381/500 ---
Averaged Train Loss: 1.3435
Averaged Test Accuracy: 0.5025
Averaged Test AUC: 0.8698
Std Test Accuracy: 0.1930
Std Test AUC: 0.0584

--- Round 382/500 ---
Averaged Train Loss: 1.3170
Averaged Test Accuracy: 0.5118
Averaged Test AUC: 0.8731
Std Test Accuracy: 0.1889
Std Test AUC: 0.0534

--- Round 383/500 ---
Averaged Train Loss: 1.2848
Averaged Test Accuracy: 0.5225
Averaged Test AUC: 0.8743
Std Test Accuracy: 0.1578
Std Test AUC: 0.0492

--- Round 384/500 ---
Averaged Train Loss: 1.2560
Averaged Test Accuracy: 0.5371
Averaged Test AUC: 0.8771
Std Test Accuracy: 0.1650
Std Test AUC: 0.0479

--- Round 385/500 ---
Averaged Train Loss: 1.2903
Averaged Test Accuracy: 0.5152
Averaged Test AUC: 0.8733
Std Test Accuracy: 0.1615
Std Test AUC: 0.0470

--- Round 386/500 ---
Averaged Train Loss: 1.2808
Averaged Test Accuracy: 0.5263
Averaged Test AUC: 0.8759
Std Test Accuracy: 0.1558
Std Test AUC: 0.0393

--- Round 387/500 ---
Averaged Train Loss: 1.2806
Averaged Test Accuracy: 0.5222
Averaged Test AUC: 0.8751
Std Test Accuracy: 0.1649
Std Test AUC: 0.0455

--- Round 388/500 ---
Averaged Train Loss: 1.2861
Averaged Test Accuracy: 0.5216
Averaged Test AUC: 0.8757
Std Test Accuracy: 0.1823
Std Test AUC: 0.0484

--- Round 389/500 ---
Averaged Train Loss: 1.2662
Averaged Test Accuracy: 0.5297
Averaged Test AUC: 0.8774
Std Test Accuracy: 0.1371
Std Test AUC: 0.0384

--- Round 390/500 ---
Averaged Train Loss: 1.2293
Averaged Test Accuracy: 0.5436
Averaged Test AUC: 0.8790
Std Test Accuracy: 0.1270
Std Test AUC: 0.0392

--- Round 391/500 ---
Averaged Train Loss: 1.2839
Averaged Test Accuracy: 0.5173
Averaged Test AUC: 0.8759
Std Test Accuracy: 0.1493
Std Test AUC: 0.0370

--- Round 392/500 ---
Averaged Train Loss: 1.3579
Averaged Test Accuracy: 0.4980
Averaged Test AUC: 0.8689
Std Test Accuracy: 0.1851
Std Test AUC: 0.0516

--- Round 393/500 ---
Averaged Train Loss: 1.2773
Averaged Test Accuracy: 0.5275
Averaged Test AUC: 0.8753
Std Test Accuracy: 0.1465
Std Test AUC: 0.0418

--- Round 394/500 ---
Averaged Train Loss: 1.2180
Averaged Test Accuracy: 0.5461
Averaged Test AUC: 0.8806
Std Test Accuracy: 0.1205
Std Test AUC: 0.0351

--- Round 395/500 ---
Averaged Train Loss: 1.2691
Averaged Test Accuracy: 0.5262
Averaged Test AUC: 0.8763
Std Test Accuracy: 0.1544
Std Test AUC: 0.0433

--- Round 396/500 ---
Averaged Train Loss: 1.2886
Averaged Test Accuracy: 0.5222
Averaged Test AUC: 0.8759
Std Test Accuracy: 0.1561
Std Test AUC: 0.0404

--- Round 397/500 ---
Averaged Train Loss: 1.2413
Averaged Test Accuracy: 0.5381
Averaged Test AUC: 0.8787
Std Test Accuracy: 0.1423
Std Test AUC: 0.0404

--- Round 398/500 ---
Averaged Train Loss: 1.2912
Averaged Test Accuracy: 0.5186
Averaged Test AUC: 0.8736
Std Test Accuracy: 0.1672
Std Test AUC: 0.0525

--- Round 399/500 ---
Averaged Train Loss: 1.2593
Averaged Test Accuracy: 0.5327
Averaged Test AUC: 0.8785
Std Test Accuracy: 0.1653
Std Test AUC: 0.0413

--- Round 400/500 ---
Averaged Train Loss: 1.3368
Averaged Test Accuracy: 0.5012
Averaged Test AUC: 0.8698
Std Test Accuracy: 0.1895
Std Test AUC: 0.0478

--- Round 401/500 ---
Averaged Train Loss: 1.2526
Averaged Test Accuracy: 0.5339
Averaged Test AUC: 0.8775
Std Test Accuracy: 0.1491
Std Test AUC: 0.0456

--- Round 402/500 ---
Averaged Train Loss: 1.2204
Averaged Test Accuracy: 0.5466
Averaged Test AUC: 0.8811
Std Test Accuracy: 0.1052
Std Test AUC: 0.0323

--- Round 403/500 ---
Averaged Train Loss: 1.2910
Averaged Test Accuracy: 0.5209
Averaged Test AUC: 0.8754
Std Test Accuracy: 0.1680
Std Test AUC: 0.0484

--- Round 404/500 ---
Averaged Train Loss: 1.4658
Averaged Test Accuracy: 0.4562
Averaged Test AUC: 0.8593
Std Test Accuracy: 0.2004
Std Test AUC: 0.0557

--- Round 405/500 ---
Averaged Train Loss: 1.2508
Averaged Test Accuracy: 0.5374
Averaged Test AUC: 0.8780
Std Test Accuracy: 0.1480
Std Test AUC: 0.0421

--- Round 406/500 ---
Averaged Train Loss: 1.2983
Averaged Test Accuracy: 0.5163
Averaged Test AUC: 0.8743
Std Test Accuracy: 0.1666
Std Test AUC: 0.0471

--- Round 407/500 ---
Averaged Train Loss: 1.2343
Averaged Test Accuracy: 0.5383
Averaged Test AUC: 0.8791
Std Test Accuracy: 0.1028
Std Test AUC: 0.0283

--- Round 408/500 ---
Averaged Train Loss: 1.2554
Averaged Test Accuracy: 0.5345
Averaged Test AUC: 0.8784
Std Test Accuracy: 0.1443
Std Test AUC: 0.0404

--- Round 409/500 ---
Averaged Train Loss: 1.2677
Averaged Test Accuracy: 0.5336
Averaged Test AUC: 0.8762
Std Test Accuracy: 0.1530
Std Test AUC: 0.0522

--- Round 410/500 ---
Averaged Train Loss: 1.2966
Averaged Test Accuracy: 0.5141
Averaged Test AUC: 0.8749
Std Test Accuracy: 0.1717
Std Test AUC: 0.0466

--- Round 411/500 ---
Averaged Train Loss: 1.2368
Averaged Test Accuracy: 0.5402
Averaged Test AUC: 0.8795
Std Test Accuracy: 0.1344
Std Test AUC: 0.0388

--- Round 412/500 ---
Averaged Train Loss: 1.2399
Averaged Test Accuracy: 0.5376
Averaged Test AUC: 0.8798
Std Test Accuracy: 0.1423
Std Test AUC: 0.0383

--- Round 413/500 ---
Averaged Train Loss: 1.2545
Averaged Test Accuracy: 0.5367
Averaged Test AUC: 0.8779
Std Test Accuracy: 0.1327
Std Test AUC: 0.0386

--- Round 414/500 ---
Averaged Train Loss: 1.2515
Averaged Test Accuracy: 0.5359
Averaged Test AUC: 0.8790
Std Test Accuracy: 0.1416
Std Test AUC: 0.0394

--- Round 415/500 ---
Averaged Train Loss: 1.2592
Averaged Test Accuracy: 0.5297
Averaged Test AUC: 0.8782
Std Test Accuracy: 0.1546
Std Test AUC: 0.0438

--- Round 416/500 ---
Averaged Train Loss: 1.2960
Averaged Test Accuracy: 0.5178
Averaged Test AUC: 0.8751
Std Test Accuracy: 0.1692
Std Test AUC: 0.0488

--- Round 417/500 ---
Averaged Train Loss: 1.3075
Averaged Test Accuracy: 0.5167
Averaged Test AUC: 0.8741
Std Test Accuracy: 0.1672
Std Test AUC: 0.0473

--- Round 418/500 ---
Averaged Train Loss: 1.3165
Averaged Test Accuracy: 0.5080
Averaged Test AUC: 0.8743
Std Test Accuracy: 0.1822
Std Test AUC: 0.0442

--- Round 419/500 ---
Averaged Train Loss: 1.3867
Averaged Test Accuracy: 0.4817
Averaged Test AUC: 0.8684
Std Test Accuracy: 0.1757
Std Test AUC: 0.0460

--- Round 420/500 ---
Averaged Train Loss: 1.3211
Averaged Test Accuracy: 0.5029
Averaged Test AUC: 0.8703
Std Test Accuracy: 0.1439
Std Test AUC: 0.0395

--- Round 421/500 ---
Averaged Train Loss: 1.2913
Averaged Test Accuracy: 0.5201
Averaged Test AUC: 0.8746
Std Test Accuracy: 0.1420
Std Test AUC: 0.0390

--- Round 422/500 ---
Averaged Train Loss: 1.2355
Averaged Test Accuracy: 0.5383
Averaged Test AUC: 0.8796
Std Test Accuracy: 0.1420
Std Test AUC: 0.0366

--- Round 423/500 ---
Averaged Train Loss: 1.2467
Averaged Test Accuracy: 0.5365
Averaged Test AUC: 0.8794
Std Test Accuracy: 0.1323
Std Test AUC: 0.0335

--- Round 424/500 ---
Averaged Train Loss: 1.3230
Averaged Test Accuracy: 0.5142
Averaged Test AUC: 0.8741
Std Test Accuracy: 0.1939
Std Test AUC: 0.0527

--- Round 425/500 ---
Averaged Train Loss: 1.2656
Averaged Test Accuracy: 0.5273
Averaged Test AUC: 0.8758
Std Test Accuracy: 0.1647
Std Test AUC: 0.0476

--- Round 426/500 ---
Averaged Train Loss: 1.2562
Averaged Test Accuracy: 0.5327
Averaged Test AUC: 0.8768
Std Test Accuracy: 0.1215
Std Test AUC: 0.0344

--- Round 427/500 ---
Averaged Train Loss: 1.3610
Averaged Test Accuracy: 0.5065
Averaged Test AUC: 0.8699
Std Test Accuracy: 0.2036
Std Test AUC: 0.0581

--- Round 428/500 ---
Averaged Train Loss: 1.2696
Averaged Test Accuracy: 0.5289
Averaged Test AUC: 0.8779
Std Test Accuracy: 0.1551
Std Test AUC: 0.0421

--- Round 429/500 ---
Averaged Train Loss: 1.3008
Averaged Test Accuracy: 0.5168
Averaged Test AUC: 0.8736
Std Test Accuracy: 0.1515
Std Test AUC: 0.0436

--- Round 430/500 ---
Averaged Train Loss: 1.2119
Averaged Test Accuracy: 0.5484
Averaged Test AUC: 0.8804
Std Test Accuracy: 0.0954
Std Test AUC: 0.0260

--- Round 431/500 ---
Averaged Train Loss: 1.2642
Averaged Test Accuracy: 0.5285
Averaged Test AUC: 0.8756
Std Test Accuracy: 0.1723
Std Test AUC: 0.0514

--- Round 432/500 ---
Averaged Train Loss: 1.2634
Averaged Test Accuracy: 0.5291
Averaged Test AUC: 0.8771
Std Test Accuracy: 0.1780
Std Test AUC: 0.0515

--- Round 433/500 ---
Averaged Train Loss: 1.2495
Averaged Test Accuracy: 0.5381
Averaged Test AUC: 0.8768
Std Test Accuracy: 0.1541
Std Test AUC: 0.0494

--- Round 434/500 ---
Averaged Train Loss: 1.2214
Averaged Test Accuracy: 0.5451
Averaged Test AUC: 0.8803
Std Test Accuracy: 0.1241
Std Test AUC: 0.0398

--- Round 435/500 ---
Averaged Train Loss: 1.2803
Averaged Test Accuracy: 0.5226
Averaged Test AUC: 0.8764
Std Test Accuracy: 0.1656
Std Test AUC: 0.0464

--- Round 436/500 ---
Averaged Train Loss: 1.4795
Averaged Test Accuracy: 0.4403
Averaged Test AUC: 0.8618
Std Test Accuracy: 0.1873
Std Test AUC: 0.0479

--- Round 437/500 ---
Averaged Train Loss: 1.2276
Averaged Test Accuracy: 0.5394
Averaged Test AUC: 0.8794
Std Test Accuracy: 0.1350
Std Test AUC: 0.0390

--- Round 438/500 ---
Averaged Train Loss: 1.2289
Averaged Test Accuracy: 0.5394
Averaged Test AUC: 0.8806
Std Test Accuracy: 0.1271
Std Test AUC: 0.0325

--- Round 439/500 ---
Averaged Train Loss: 1.2438
Averaged Test Accuracy: 0.5381
Averaged Test AUC: 0.8791
Std Test Accuracy: 0.1606
Std Test AUC: 0.0457

--- Round 440/500 ---
Averaged Train Loss: 1.3070
Averaged Test Accuracy: 0.5158
Averaged Test AUC: 0.8744
Std Test Accuracy: 0.1869
Std Test AUC: 0.0519

--- Round 441/500 ---
Averaged Train Loss: 1.2519
Averaged Test Accuracy: 0.5331
Averaged Test AUC: 0.8780
Std Test Accuracy: 0.1404
Std Test AUC: 0.0392

--- Round 442/500 ---
Averaged Train Loss: 1.2659
Averaged Test Accuracy: 0.5291
Averaged Test AUC: 0.8765
Std Test Accuracy: 0.1427
Std Test AUC: 0.0445

--- Round 443/500 ---
Averaged Train Loss: 1.2525
Averaged Test Accuracy: 0.5347
Averaged Test AUC: 0.8769
Std Test Accuracy: 0.1633
Std Test AUC: 0.0535

--- Round 444/500 ---
Averaged Train Loss: 1.2639
Averaged Test Accuracy: 0.5281
Averaged Test AUC: 0.8775
Std Test Accuracy: 0.1593
Std Test AUC: 0.0478

--- Round 445/500 ---
Averaged Train Loss: 1.2183
Averaged Test Accuracy: 0.5441
Averaged Test AUC: 0.8816
Std Test Accuracy: 0.1286
Std Test AUC: 0.0366

--- Round 446/500 ---
Averaged Train Loss: 1.4248
Averaged Test Accuracy: 0.4532
Averaged Test AUC: 0.8629
Std Test Accuracy: 0.1558
Std Test AUC: 0.0405

--- Round 447/500 ---
Averaged Train Loss: 1.2297
Averaged Test Accuracy: 0.5433
Averaged Test AUC: 0.8801
Std Test Accuracy: 0.1343
Std Test AUC: 0.0361

--- Round 448/500 ---
Averaged Train Loss: 1.2602
Averaged Test Accuracy: 0.5315
Averaged Test AUC: 0.8776
Std Test Accuracy: 0.1629
Std Test AUC: 0.0516

--- Round 449/500 ---
Averaged Train Loss: 1.2498
Averaged Test Accuracy: 0.5341
Averaged Test AUC: 0.8785
Std Test Accuracy: 0.1269
Std Test AUC: 0.0339

--- Round 450/500 ---
Averaged Train Loss: 1.2164
Averaged Test Accuracy: 0.5470
Averaged Test AUC: 0.8811
Std Test Accuracy: 0.1201
Std Test AUC: 0.0322

--- Round 451/500 ---
Averaged Train Loss: 1.2302
Averaged Test Accuracy: 0.5436
Averaged Test AUC: 0.8805
Std Test Accuracy: 0.1397
Std Test AUC: 0.0405

--- Round 452/500 ---
Averaged Train Loss: 1.2958
Averaged Test Accuracy: 0.5163
Averaged Test AUC: 0.8753
Std Test Accuracy: 0.1793
Std Test AUC: 0.0519

--- Round 453/500 ---
Averaged Train Loss: 1.3489
Averaged Test Accuracy: 0.5098
Averaged Test AUC: 0.8704
Std Test Accuracy: 0.2009
Std Test AUC: 0.0586

--- Round 454/500 ---
Averaged Train Loss: 1.2232
Averaged Test Accuracy: 0.5438
Averaged Test AUC: 0.8804
Std Test Accuracy: 0.1440
Std Test AUC: 0.0410

--- Round 455/500 ---
Averaged Train Loss: 1.2656
Averaged Test Accuracy: 0.5298
Averaged Test AUC: 0.8765
Std Test Accuracy: 0.1593
Std Test AUC: 0.0486

--- Round 456/500 ---
Averaged Train Loss: 1.2701
Averaged Test Accuracy: 0.5249
Averaged Test AUC: 0.8772
Std Test Accuracy: 0.1525
Std Test AUC: 0.0478

--- Round 457/500 ---
Averaged Train Loss: 1.2294
Averaged Test Accuracy: 0.5423
Averaged Test AUC: 0.8800
Std Test Accuracy: 0.1218
Std Test AUC: 0.0318

--- Round 458/500 ---
Averaged Train Loss: 1.2077
Averaged Test Accuracy: 0.5532
Averaged Test AUC: 0.8829
Std Test Accuracy: 0.1174
Std Test AUC: 0.0322

--- Round 459/500 ---
Averaged Train Loss: 1.2235
Averaged Test Accuracy: 0.5420
Averaged Test AUC: 0.8808
Std Test Accuracy: 0.1182
Std Test AUC: 0.0325

--- Round 460/500 ---
Averaged Train Loss: 1.2046
Averaged Test Accuracy: 0.5521
Averaged Test AUC: 0.8830
Std Test Accuracy: 0.1284
Std Test AUC: 0.0324

--- Round 461/500 ---
Averaged Train Loss: 1.2659
Averaged Test Accuracy: 0.5303
Averaged Test AUC: 0.8767
Std Test Accuracy: 0.1766
Std Test AUC: 0.0535

--- Round 462/500 ---
Averaged Train Loss: 1.2292
Averaged Test Accuracy: 0.5391
Averaged Test AUC: 0.8803
Std Test Accuracy: 0.1530
Std Test AUC: 0.0427

--- Round 463/500 ---
Averaged Train Loss: 1.2171
Averaged Test Accuracy: 0.5486
Averaged Test AUC: 0.8816
Std Test Accuracy: 0.1268
Std Test AUC: 0.0341

--- Round 464/500 ---
Averaged Train Loss: 1.3352
Averaged Test Accuracy: 0.5117
Averaged Test AUC: 0.8718
Std Test Accuracy: 0.1759
Std Test AUC: 0.0526

--- Round 465/500 ---
Averaged Train Loss: 1.2077
Averaged Test Accuracy: 0.5460
Averaged Test AUC: 0.8820
Std Test Accuracy: 0.1325
Std Test AUC: 0.0370

--- Round 466/500 ---
Averaged Train Loss: 1.2609
Averaged Test Accuracy: 0.5327
Averaged Test AUC: 0.8784
Std Test Accuracy: 0.1523
Std Test AUC: 0.0457

--- Round 467/500 ---
Averaged Train Loss: 1.2397
Averaged Test Accuracy: 0.5426
Averaged Test AUC: 0.8785
Std Test Accuracy: 0.1111
Std Test AUC: 0.0296

--- Round 468/500 ---
Averaged Train Loss: 1.2464
Averaged Test Accuracy: 0.5400
Averaged Test AUC: 0.8787
Std Test Accuracy: 0.1481
Std Test AUC: 0.0400

--- Round 469/500 ---
Averaged Train Loss: 1.2487
Averaged Test Accuracy: 0.5329
Averaged Test AUC: 0.8794
Std Test Accuracy: 0.1610
Std Test AUC: 0.0457

--- Round 470/500 ---
Averaged Train Loss: 1.2226
Averaged Test Accuracy: 0.5389
Averaged Test AUC: 0.8799
Std Test Accuracy: 0.1123
Std Test AUC: 0.0297

--- Round 471/500 ---
Averaged Train Loss: 1.1956
Averaged Test Accuracy: 0.5522
Averaged Test AUC: 0.8834
Std Test Accuracy: 0.1244
Std Test AUC: 0.0308

--- Round 472/500 ---
Averaged Train Loss: 1.2305
Averaged Test Accuracy: 0.5391
Averaged Test AUC: 0.8807
Std Test Accuracy: 0.1431
Std Test AUC: 0.0371

--- Round 473/500 ---
Averaged Train Loss: 1.3129
Averaged Test Accuracy: 0.5070
Averaged Test AUC: 0.8703
Std Test Accuracy: 0.1411
Std Test AUC: 0.0432

--- Round 474/500 ---
Averaged Train Loss: 1.2370
Averaged Test Accuracy: 0.5369
Averaged Test AUC: 0.8793
Std Test Accuracy: 0.1181
Std Test AUC: 0.0300

--- Round 475/500 ---
Averaged Train Loss: 1.2494
Averaged Test Accuracy: 0.5369
Averaged Test AUC: 0.8793
Std Test Accuracy: 0.1601
Std Test AUC: 0.0475

--- Round 476/500 ---
Averaged Train Loss: 1.2433
Averaged Test Accuracy: 0.5319
Averaged Test AUC: 0.8783
Std Test Accuracy: 0.1466
Std Test AUC: 0.0379

--- Round 477/500 ---
Averaged Train Loss: 1.2704
Averaged Test Accuracy: 0.5295
Averaged Test AUC: 0.8757
Std Test Accuracy: 0.1483
Std Test AUC: 0.0463

--- Round 478/500 ---
Averaged Train Loss: 1.2803
Averaged Test Accuracy: 0.5228
Averaged Test AUC: 0.8783
Std Test Accuracy: 0.1783
Std Test AUC: 0.0424

--- Round 479/500 ---
Averaged Train Loss: 1.2067
Averaged Test Accuracy: 0.5488
Averaged Test AUC: 0.8817
Std Test Accuracy: 0.1217
Std Test AUC: 0.0398

--- Round 480/500 ---
Averaged Train Loss: 1.2239
Averaged Test Accuracy: 0.5463
Averaged Test AUC: 0.8800
Std Test Accuracy: 0.1504
Std Test AUC: 0.0419

--- Round 481/500 ---
Averaged Train Loss: 1.2307
Averaged Test Accuracy: 0.5427
Averaged Test AUC: 0.8806
Std Test Accuracy: 0.1499
Std Test AUC: 0.0374

--- Round 482/500 ---
Averaged Train Loss: 1.2336
Averaged Test Accuracy: 0.5387
Averaged Test AUC: 0.8792
Std Test Accuracy: 0.1546
Std Test AUC: 0.0395

--- Round 483/500 ---
Averaged Train Loss: 1.2333
Averaged Test Accuracy: 0.5418
Averaged Test AUC: 0.8795
Std Test Accuracy: 0.1609
Std Test AUC: 0.0461

--- Round 484/500 ---
Averaged Train Loss: 1.2715
Averaged Test Accuracy: 0.5285
Averaged Test AUC: 0.8745
Std Test Accuracy: 0.1598
Std Test AUC: 0.0476

--- Round 485/500 ---
Averaged Train Loss: 1.2840
Averaged Test Accuracy: 0.5235
Averaged Test AUC: 0.8780
Std Test Accuracy: 0.1349
Std Test AUC: 0.0366

--- Round 486/500 ---
Averaged Train Loss: 1.1942
Averaged Test Accuracy: 0.5557
Averaged Test AUC: 0.8833
Std Test Accuracy: 0.1164
Std Test AUC: 0.0343

--- Round 487/500 ---
Averaged Train Loss: 1.2537
Averaged Test Accuracy: 0.5349
Averaged Test AUC: 0.8778
Std Test Accuracy: 0.1699
Std Test AUC: 0.0544

--- Round 488/500 ---
Averaged Train Loss: 1.3341
Averaged Test Accuracy: 0.4944
Averaged Test AUC: 0.8704
Std Test Accuracy: 0.1367
Std Test AUC: 0.0363

--- Round 489/500 ---
Averaged Train Loss: 1.2235
Averaged Test Accuracy: 0.5425
Averaged Test AUC: 0.8800
Std Test Accuracy: 0.1478
Std Test AUC: 0.0468

--- Round 490/500 ---
Averaged Train Loss: 1.2355
Averaged Test Accuracy: 0.5436
Averaged Test AUC: 0.8811
Std Test Accuracy: 0.1360
Std Test AUC: 0.0390

--- Round 491/500 ---
Averaged Train Loss: 1.2423
Averaged Test Accuracy: 0.5354
Averaged Test AUC: 0.8808
Std Test Accuracy: 0.1573
Std Test AUC: 0.0418

--- Round 492/500 ---
Averaged Train Loss: 1.2139
Averaged Test Accuracy: 0.5492
Averaged Test AUC: 0.8818
Std Test Accuracy: 0.1405
Std Test AUC: 0.0362

--- Round 493/500 ---
Averaged Train Loss: 1.2406
Averaged Test Accuracy: 0.5381
Averaged Test AUC: 0.8812
Std Test Accuracy: 0.1348
Std Test AUC: 0.0381

--- Round 494/500 ---
Averaged Train Loss: 1.2297
Averaged Test Accuracy: 0.5417
Averaged Test AUC: 0.8819
Std Test Accuracy: 0.1383
Std Test AUC: 0.0395

--- Round 495/500 ---
Averaged Train Loss: 1.2989
Averaged Test Accuracy: 0.5165
Averaged Test AUC: 0.8740
Std Test Accuracy: 0.1750
Std Test AUC: 0.0492

--- Round 496/500 ---
Averaged Train Loss: 1.2260
Averaged Test Accuracy: 0.5424
Averaged Test AUC: 0.8797
Std Test Accuracy: 0.1498
Std Test AUC: 0.0368

--- Round 497/500 ---
Averaged Train Loss: 1.2127
Averaged Test Accuracy: 0.5484
Averaged Test AUC: 0.8823
Std Test Accuracy: 0.1315
Std Test AUC: 0.0395

--- Round 498/500 ---
Averaged Train Loss: 1.1982
Averaged Test Accuracy: 0.5512
Averaged Test AUC: 0.8826
Std Test Accuracy: 0.1141
Std Test AUC: 0.0309

--- Round 499/500 ---
Averaged Train Loss: 1.2164
Averaged Test Accuracy: 0.5484
Averaged Test AUC: 0.8803
Std Test Accuracy: 0.1335
Std Test AUC: 0.0375

--- Round 500/500 ---
Averaged Train Loss: 1.2068
Averaged Test Accuracy: 0.5500
Averaged Test AUC: 0.8818
Std Test Accuracy: 0.1285
Std Test AUC: 0.0310

========== Training Complete ==========
Best Test Accuracy: 0.555747738158595
File path: ../results/Cifar10_FedEntPlusSmooth_smooth_trial01_0073_0.h5

Average time cost: 1751.8s.
Length:  501
std for best accuracy: 0.0
mean for best accuracy: 0.555747738158595
All done!

Storage on cuda:0
-------------------------------------------------------------------------------
Total Tensors: 205577892 	Used Memory: 563.23M
The allocated memory on cuda:0: 581.35M
Memory differs due to the matrix alignment or invisible gradient buffer tensors
-------------------------------------------------------------------------------
