==================================================
goal = smooth_trial01_0071
device = cuda
device_id = 0
dataset = Cifar10
num_classes = 10
model = CNN
batch_size = 64
local_learning_rate = 0.01
learning_rate_decay = True
learning_rate_decay_gamma = 0.98
global_rounds = 500
top_cnt = 100
local_epochs = 5
algorithm = FedEntPlusSmooth
join_ratio = 0.1
random_join_ratio = False
num_clients = 100
prev = 0
times = 1
eval_gap = 1
save_folder_name = items
auto_break = False
dlg_eval = False
dlg_gap = 100
batch_num_per_client = 2
num_new_clients = 0
fine_tuning_epoch_new = 0
feature_dim = 512
vocab_size = 32000
max_len = 200
client_drop_rate = 0.0
train_slow_rate = 0.0
send_slow_rate = 0.0
time_select = False
time_threthold = 10000
beta = 0.0
lamda = 1.0
mu = 0.0
K = 5
p_learning_rate = 0.01
M = 5
itk = 4000
alphaK = 1.0
sigma = 1.0
alpha = 1.0
plocal_epochs = 1
tau = 1.0
fine_tuning_epochs = 10
dr_learning_rate = 0.0
L = 1.0
noise_dim = 512
generator_learning_rate = 0.005
hidden_dim = 512
server_epochs = 1000
localize_feature_extractor = False
server_learning_rate = 1.0
eta = 1.0
rand_percent = 80
layer_idx = 2
mentee_learning_rate = 0.005
T_start = 0.95
T_end = 0.98
momentum = 0.9
kl_weight = 0.0
buffer_size = 0
dp_epsilon = 0.0
H_min = None
alpha_vp = 0.0
enable_dynamic_param = False
log_fedent = False
log_filename = None
dynamic_config_path = /home/john/PFLlib/system/auto_configs/smooth_trial01_0071.json
==================================================

============= Running time: 0th =============
Creating server and clients ...
FedAvgCNN(
  (conv1): Sequential(
    (0): Conv2d(3, 32, kernel_size=(5, 5), stride=(1, 1))
    (1): ReLU(inplace=True)
    (2): MaxPool2d(kernel_size=(2, 2), stride=(2, 2), padding=0, dilation=1, ceil_mode=False)
  )
  (conv2): Sequential(
    (0): Conv2d(32, 64, kernel_size=(5, 5), stride=(1, 1))
    (1): ReLU(inplace=True)
    (2): MaxPool2d(kernel_size=(2, 2), stride=(2, 2), padding=0, dilation=1, ceil_mode=False)
  )
  (fc1): Sequential(
    (0): Linear(in_features=1600, out_features=512, bias=True)
    (1): ReLU(inplace=True)
  )
  (fc): Linear(in_features=512, out_features=10, bias=True)
)

Join ratio / total clients: 0.1 / 100
Finished creating server and clients.

--- Round 0/500 ---
Averaged Train Loss: 2.3038
Averaged Test Accuracy: 0.0928
Averaged Test AUC: 0.4894
Std Test Accuracy: 0.1434
Std Test AUC: 0.2233

--- Round 1/500 ---
Averaged Train Loss: 2.3021
Averaged Test Accuracy: 0.1015
Averaged Test AUC: 0.5194
Std Test Accuracy: 0.2314
Std Test AUC: 0.2378

--- Round 2/500 ---
Averaged Train Loss: 2.3099
Averaged Test Accuracy: 0.1466
Averaged Test AUC: 0.5338
Std Test Accuracy: 0.2126
Std Test AUC: 0.2392

--- Round 3/500 ---
Averaged Train Loss: 2.3238
Averaged Test Accuracy: 0.1765
Averaged Test AUC: 0.5400
Std Test Accuracy: 0.2489
Std Test AUC: 0.2585

--- Round 4/500 ---
Averaged Train Loss: 2.3279
Averaged Test Accuracy: 0.1526
Averaged Test AUC: 0.5704
Std Test Accuracy: 0.2296
Std Test AUC: 0.2492

--- Round 5/500 ---
Averaged Train Loss: 2.2828
Averaged Test Accuracy: 0.1654
Averaged Test AUC: 0.5917
Std Test Accuracy: 0.1967
Std Test AUC: 0.2170

--- Round 6/500 ---
Averaged Train Loss: 2.2757
Averaged Test Accuracy: 0.1666
Averaged Test AUC: 0.6083
Std Test Accuracy: 0.2753
Std Test AUC: 0.2184

--- Round 7/500 ---
Averaged Train Loss: 2.1747
Averaged Test Accuracy: 0.1923
Averaged Test AUC: 0.6543
Std Test Accuracy: 0.1765
Std Test AUC: 0.1735

--- Round 8/500 ---
Averaged Train Loss: 2.1489
Averaged Test Accuracy: 0.2023
Averaged Test AUC: 0.6661
Std Test Accuracy: 0.2397
Std Test AUC: 0.1652

--- Round 9/500 ---
Averaged Train Loss: 2.1436
Averaged Test Accuracy: 0.2062
Averaged Test AUC: 0.6683
Std Test Accuracy: 0.1873
Std Test AUC: 0.1571

--- Round 10/500 ---
Averaged Train Loss: 2.0686
Averaged Test Accuracy: 0.2435
Averaged Test AUC: 0.7053
Std Test Accuracy: 0.2086
Std Test AUC: 0.1136

--- Round 11/500 ---
Averaged Train Loss: 2.0843
Averaged Test Accuracy: 0.2362
Averaged Test AUC: 0.6937
Std Test Accuracy: 0.2023
Std Test AUC: 0.1333

--- Round 12/500 ---
Averaged Train Loss: 2.0256
Averaged Test Accuracy: 0.2693
Averaged Test AUC: 0.7221
Std Test Accuracy: 0.1873
Std Test AUC: 0.1033

--- Round 13/500 ---
Averaged Train Loss: 2.1316
Averaged Test Accuracy: 0.1984
Averaged Test AUC: 0.6829
Std Test Accuracy: 0.1951
Std Test AUC: 0.1312

--- Round 14/500 ---
Averaged Train Loss: 2.0640
Averaged Test Accuracy: 0.2307
Averaged Test AUC: 0.7134
Std Test Accuracy: 0.2452
Std Test AUC: 0.1196

--- Round 15/500 ---
Averaged Train Loss: 2.0341
Averaged Test Accuracy: 0.2469
Averaged Test AUC: 0.7215
Std Test Accuracy: 0.2350
Std Test AUC: 0.1195

--- Round 16/500 ---
Averaged Train Loss: 1.9702
Averaged Test Accuracy: 0.2620
Averaged Test AUC: 0.7383
Std Test Accuracy: 0.1991
Std Test AUC: 0.0822

--- Round 17/500 ---
Averaged Train Loss: 2.0324
Averaged Test Accuracy: 0.2392
Averaged Test AUC: 0.7294
Std Test Accuracy: 0.2408
Std Test AUC: 0.1019

--- Round 18/500 ---
Averaged Train Loss: 2.0738
Averaged Test Accuracy: 0.2314
Averaged Test AUC: 0.7303
Std Test Accuracy: 0.2611
Std Test AUC: 0.1058

--- Round 19/500 ---
Averaged Train Loss: 2.0275
Averaged Test Accuracy: 0.2473
Averaged Test AUC: 0.7312
Std Test Accuracy: 0.2548
Std Test AUC: 0.1141

--- Round 20/500 ---
Averaged Train Loss: 1.9372
Averaged Test Accuracy: 0.2825
Averaged Test AUC: 0.7521
Std Test Accuracy: 0.2095
Std Test AUC: 0.0740

--- Round 21/500 ---
Averaged Train Loss: 1.9458
Averaged Test Accuracy: 0.2672
Averaged Test AUC: 0.7497
Std Test Accuracy: 0.1811
Std Test AUC: 0.0602

--- Round 22/500 ---
Averaged Train Loss: 1.9271
Averaged Test Accuracy: 0.2785
Averaged Test AUC: 0.7539
Std Test Accuracy: 0.2074
Std Test AUC: 0.0768

--- Round 23/500 ---
Averaged Train Loss: 1.9801
Averaged Test Accuracy: 0.2688
Averaged Test AUC: 0.7365
Std Test Accuracy: 0.1890
Std Test AUC: 0.1047

--- Round 24/500 ---
Averaged Train Loss: 1.9791
Averaged Test Accuracy: 0.2674
Averaged Test AUC: 0.7474
Std Test Accuracy: 0.2350
Std Test AUC: 0.0981

--- Round 25/500 ---
Averaged Train Loss: 1.9419
Averaged Test Accuracy: 0.2751
Averaged Test AUC: 0.7533
Std Test Accuracy: 0.2252
Std Test AUC: 0.0893

--- Round 26/500 ---
Averaged Train Loss: 1.9059
Averaged Test Accuracy: 0.2960
Averaged Test AUC: 0.7591
Std Test Accuracy: 0.1823
Std Test AUC: 0.0770

--- Round 27/500 ---
Averaged Train Loss: 1.9277
Averaged Test Accuracy: 0.2795
Averaged Test AUC: 0.7584
Std Test Accuracy: 0.1967
Std Test AUC: 0.0746

--- Round 28/500 ---
Averaged Train Loss: 1.8914
Averaged Test Accuracy: 0.3027
Averaged Test AUC: 0.7636
Std Test Accuracy: 0.1840
Std Test AUC: 0.0688

--- Round 29/500 ---
Averaged Train Loss: 1.9175
Averaged Test Accuracy: 0.2877
Averaged Test AUC: 0.7607
Std Test Accuracy: 0.2220
Std Test AUC: 0.0886

--- Round 30/500 ---
Averaged Train Loss: 1.8889
Averaged Test Accuracy: 0.3065
Averaged Test AUC: 0.7661
Std Test Accuracy: 0.1728
Std Test AUC: 0.0716

--- Round 31/500 ---
Averaged Train Loss: 1.8490
Averaged Test Accuracy: 0.3212
Averaged Test AUC: 0.7733
Std Test Accuracy: 0.1463
Std Test AUC: 0.0601

--- Round 32/500 ---
Averaged Train Loss: 1.9108
Averaged Test Accuracy: 0.3057
Averaged Test AUC: 0.7578
Std Test Accuracy: 0.1767
Std Test AUC: 0.1044

--- Round 33/500 ---
Averaged Train Loss: 1.8444
Averaged Test Accuracy: 0.3120
Averaged Test AUC: 0.7742
Std Test Accuracy: 0.1526
Std Test AUC: 0.0580

--- Round 34/500 ---
Averaged Train Loss: 1.8920
Averaged Test Accuracy: 0.2867
Averaged Test AUC: 0.7662
Std Test Accuracy: 0.1893
Std Test AUC: 0.0766

--- Round 35/500 ---
Averaged Train Loss: 1.8195
Averaged Test Accuracy: 0.3411
Averaged Test AUC: 0.7823
Std Test Accuracy: 0.1442
Std Test AUC: 0.0486

--- Round 36/500 ---
Averaged Train Loss: 1.8622
Averaged Test Accuracy: 0.3034
Averaged Test AUC: 0.7735
Std Test Accuracy: 0.2300
Std Test AUC: 0.0806

--- Round 37/500 ---
Averaged Train Loss: 1.8760
Averaged Test Accuracy: 0.3076
Averaged Test AUC: 0.7653
Std Test Accuracy: 0.1709
Std Test AUC: 0.0888

--- Round 38/500 ---
Averaged Train Loss: 1.8120
Averaged Test Accuracy: 0.3324
Averaged Test AUC: 0.7816
Std Test Accuracy: 0.1404
Std Test AUC: 0.0605

--- Round 39/500 ---
Averaged Train Loss: 1.8506
Averaged Test Accuracy: 0.3085
Averaged Test AUC: 0.7776
Std Test Accuracy: 0.2157
Std Test AUC: 0.0781

--- Round 40/500 ---
Averaged Train Loss: 1.8398
Averaged Test Accuracy: 0.3121
Averaged Test AUC: 0.7772
Std Test Accuracy: 0.1947
Std Test AUC: 0.0719

--- Round 41/500 ---
Averaged Train Loss: 1.8392
Averaged Test Accuracy: 0.3131
Averaged Test AUC: 0.7786
Std Test Accuracy: 0.1893
Std Test AUC: 0.0737

--- Round 42/500 ---
Averaged Train Loss: 1.7794
Averaged Test Accuracy: 0.3520
Averaged Test AUC: 0.7909
Std Test Accuracy: 0.1681
Std Test AUC: 0.0627

--- Round 43/500 ---
Averaged Train Loss: 1.7429
Averaged Test Accuracy: 0.3751
Averaged Test AUC: 0.7984
Std Test Accuracy: 0.1230
Std Test AUC: 0.0446

--- Round 44/500 ---
Averaged Train Loss: 1.7712
Averaged Test Accuracy: 0.3525
Averaged Test AUC: 0.7934
Std Test Accuracy: 0.1468
Std Test AUC: 0.0479

--- Round 45/500 ---
Averaged Train Loss: 1.8176
Averaged Test Accuracy: 0.3288
Averaged Test AUC: 0.7860
Std Test Accuracy: 0.1887
Std Test AUC: 0.0731

--- Round 46/500 ---
Averaged Train Loss: 1.9590
Averaged Test Accuracy: 0.2865
Averaged Test AUC: 0.7657
Std Test Accuracy: 0.2412
Std Test AUC: 0.1062

--- Round 47/500 ---
Averaged Train Loss: 1.7415
Averaged Test Accuracy: 0.3642
Averaged Test AUC: 0.7992
Std Test Accuracy: 0.1862
Std Test AUC: 0.0599

--- Round 48/500 ---
Averaged Train Loss: 1.7961
Averaged Test Accuracy: 0.3399
Averaged Test AUC: 0.7895
Std Test Accuracy: 0.1878
Std Test AUC: 0.0730

--- Round 49/500 ---
Averaged Train Loss: 1.7622
Averaged Test Accuracy: 0.3531
Averaged Test AUC: 0.7956
Std Test Accuracy: 0.1931
Std Test AUC: 0.0711

--- Round 50/500 ---
Averaged Train Loss: 1.7589
Averaged Test Accuracy: 0.3582
Averaged Test AUC: 0.7968
Std Test Accuracy: 0.1641
Std Test AUC: 0.0602

--- Round 51/500 ---
Averaged Train Loss: 1.7471
Averaged Test Accuracy: 0.3590
Averaged Test AUC: 0.7947
Std Test Accuracy: 0.1426
Std Test AUC: 0.0675

--- Round 52/500 ---
Averaged Train Loss: 1.7430
Averaged Test Accuracy: 0.3606
Averaged Test AUC: 0.7999
Std Test Accuracy: 0.1868
Std Test AUC: 0.0648

--- Round 53/500 ---
Averaged Train Loss: 1.7791
Averaged Test Accuracy: 0.3522
Averaged Test AUC: 0.7867
Std Test Accuracy: 0.1897
Std Test AUC: 0.0956

--- Round 54/500 ---
Averaged Train Loss: 1.7471
Averaged Test Accuracy: 0.3462
Averaged Test AUC: 0.8000
Std Test Accuracy: 0.2104
Std Test AUC: 0.0636

--- Round 55/500 ---
Averaged Train Loss: 1.8338
Averaged Test Accuracy: 0.3163
Averaged Test AUC: 0.7886
Std Test Accuracy: 0.2372
Std Test AUC: 0.0934

--- Round 56/500 ---
Averaged Train Loss: 1.7881
Averaged Test Accuracy: 0.3344
Averaged Test AUC: 0.7952
Std Test Accuracy: 0.2368
Std Test AUC: 0.0836

--- Round 57/500 ---
Averaged Train Loss: 1.7803
Averaged Test Accuracy: 0.3555
Averaged Test AUC: 0.7931
Std Test Accuracy: 0.2040
Std Test AUC: 0.0924

--- Round 58/500 ---
Averaged Train Loss: 1.6991
Averaged Test Accuracy: 0.3696
Averaged Test AUC: 0.8080
Std Test Accuracy: 0.1984
Std Test AUC: 0.0644

--- Round 59/500 ---
Averaged Train Loss: 1.7905
Averaged Test Accuracy: 0.3341
Averaged Test AUC: 0.7953
Std Test Accuracy: 0.2347
Std Test AUC: 0.0922

--- Round 60/500 ---
Averaged Train Loss: 1.6974
Averaged Test Accuracy: 0.3754
Averaged Test AUC: 0.8095
Std Test Accuracy: 0.1929
Std Test AUC: 0.0597

--- Round 61/500 ---
Averaged Train Loss: 1.6656
Averaged Test Accuracy: 0.3932
Averaged Test AUC: 0.8133
Std Test Accuracy: 0.1424
Std Test AUC: 0.0470

--- Round 62/500 ---
Averaged Train Loss: 1.6644
Averaged Test Accuracy: 0.3898
Averaged Test AUC: 0.8137
Std Test Accuracy: 0.1246
Std Test AUC: 0.0388

--- Round 63/500 ---
Averaged Train Loss: 1.7016
Averaged Test Accuracy: 0.3725
Averaged Test AUC: 0.8084
Std Test Accuracy: 0.1745
Std Test AUC: 0.0579

--- Round 64/500 ---
Averaged Train Loss: 1.6532
Averaged Test Accuracy: 0.3976
Averaged Test AUC: 0.8155
Std Test Accuracy: 0.1425
Std Test AUC: 0.0487

--- Round 65/500 ---
Averaged Train Loss: 1.6511
Averaged Test Accuracy: 0.4019
Averaged Test AUC: 0.8166
Std Test Accuracy: 0.1266
Std Test AUC: 0.0383

--- Round 66/500 ---
Averaged Train Loss: 1.6774
Averaged Test Accuracy: 0.3827
Averaged Test AUC: 0.8129
Std Test Accuracy: 0.1843
Std Test AUC: 0.0561

--- Round 67/500 ---
Averaged Train Loss: 1.6372
Averaged Test Accuracy: 0.4058
Averaged Test AUC: 0.8189
Std Test Accuracy: 0.1524
Std Test AUC: 0.0484

--- Round 68/500 ---
Averaged Train Loss: 1.6882
Averaged Test Accuracy: 0.3803
Averaged Test AUC: 0.8120
Std Test Accuracy: 0.2009
Std Test AUC: 0.0667

--- Round 69/500 ---
Averaged Train Loss: 1.6641
Averaged Test Accuracy: 0.3959
Averaged Test AUC: 0.8150
Std Test Accuracy: 0.1609
Std Test AUC: 0.0538

--- Round 70/500 ---
Averaged Train Loss: 1.6913
Averaged Test Accuracy: 0.3819
Averaged Test AUC: 0.8122
Std Test Accuracy: 0.1890
Std Test AUC: 0.0650

--- Round 71/500 ---
Averaged Train Loss: 1.7537
Averaged Test Accuracy: 0.3446
Averaged Test AUC: 0.7992
Std Test Accuracy: 0.1792
Std Test AUC: 0.0707

--- Round 72/500 ---
Averaged Train Loss: 1.6753
Averaged Test Accuracy: 0.3757
Averaged Test AUC: 0.8174
Std Test Accuracy: 0.2154
Std Test AUC: 0.0614

--- Round 73/500 ---
Averaged Train Loss: 1.6512
Averaged Test Accuracy: 0.3880
Averaged Test AUC: 0.8187
Std Test Accuracy: 0.2003
Std Test AUC: 0.0643

--- Round 74/500 ---
Averaged Train Loss: 1.6435
Averaged Test Accuracy: 0.3965
Averaged Test AUC: 0.8186
Std Test Accuracy: 0.1510
Std Test AUC: 0.0532

--- Round 75/500 ---
Averaged Train Loss: 1.6445
Averaged Test Accuracy: 0.3935
Averaged Test AUC: 0.8191
Std Test Accuracy: 0.1310
Std Test AUC: 0.0450

--- Round 76/500 ---
Averaged Train Loss: 1.6680
Averaged Test Accuracy: 0.3809
Averaged Test AUC: 0.8175
Std Test Accuracy: 0.1696
Std Test AUC: 0.0560

--- Round 77/500 ---
Averaged Train Loss: 1.6305
Averaged Test Accuracy: 0.3996
Averaged Test AUC: 0.8216
Std Test Accuracy: 0.1755
Std Test AUC: 0.0574

--- Round 78/500 ---
Averaged Train Loss: 1.6179
Averaged Test Accuracy: 0.4100
Averaged Test AUC: 0.8243
Std Test Accuracy: 0.1443
Std Test AUC: 0.0406

--- Round 79/500 ---
Averaged Train Loss: 1.6120
Averaged Test Accuracy: 0.4095
Averaged Test AUC: 0.8228
Std Test Accuracy: 0.1154
Std Test AUC: 0.0407

--- Round 80/500 ---
Averaged Train Loss: 1.7221
Averaged Test Accuracy: 0.3615
Averaged Test AUC: 0.8073
Std Test Accuracy: 0.1767
Std Test AUC: 0.0636

--- Round 81/500 ---
Averaged Train Loss: 1.6137
Averaged Test Accuracy: 0.4059
Averaged Test AUC: 0.8236
Std Test Accuracy: 0.1476
Std Test AUC: 0.0481

--- Round 82/500 ---
Averaged Train Loss: 1.6480
Averaged Test Accuracy: 0.3900
Averaged Test AUC: 0.8202
Std Test Accuracy: 0.1863
Std Test AUC: 0.0632

--- Round 83/500 ---
Averaged Train Loss: 1.5701
Averaged Test Accuracy: 0.4352
Averaged Test AUC: 0.8311
Std Test Accuracy: 0.1072
Std Test AUC: 0.0384

--- Round 84/500 ---
Averaged Train Loss: 1.6279
Averaged Test Accuracy: 0.3983
Averaged Test AUC: 0.8240
Std Test Accuracy: 0.1703
Std Test AUC: 0.0516

--- Round 85/500 ---
Averaged Train Loss: 1.6336
Averaged Test Accuracy: 0.3959
Averaged Test AUC: 0.8225
Std Test Accuracy: 0.1751
Std Test AUC: 0.0519

--- Round 86/500 ---
Averaged Train Loss: 1.6413
Averaged Test Accuracy: 0.4023
Averaged Test AUC: 0.8211
Std Test Accuracy: 0.1753
Std Test AUC: 0.0560

--- Round 87/500 ---
Averaged Train Loss: 1.6464
Averaged Test Accuracy: 0.3894
Averaged Test AUC: 0.8236
Std Test Accuracy: 0.2124
Std Test AUC: 0.0634

--- Round 88/500 ---
Averaged Train Loss: 1.6147
Averaged Test Accuracy: 0.3973
Averaged Test AUC: 0.8268
Std Test Accuracy: 0.1607
Std Test AUC: 0.0401

--- Round 89/500 ---
Averaged Train Loss: 1.6429
Averaged Test Accuracy: 0.3785
Averaged Test AUC: 0.8224
Std Test Accuracy: 0.1716
Std Test AUC: 0.0459

--- Round 90/500 ---
Averaged Train Loss: 1.5695
Averaged Test Accuracy: 0.4264
Averaged Test AUC: 0.8309
Std Test Accuracy: 0.1333
Std Test AUC: 0.0410

--- Round 91/500 ---
Averaged Train Loss: 1.6076
Averaged Test Accuracy: 0.4064
Averaged Test AUC: 0.8256
Std Test Accuracy: 0.1521
Std Test AUC: 0.0524

--- Round 92/500 ---
Averaged Train Loss: 1.6079
Averaged Test Accuracy: 0.4180
Averaged Test AUC: 0.8262
Std Test Accuracy: 0.1607
Std Test AUC: 0.0527

--- Round 93/500 ---
Averaged Train Loss: 1.6272
Averaged Test Accuracy: 0.4011
Averaged Test AUC: 0.8228
Std Test Accuracy: 0.1371
Std Test AUC: 0.0528

--- Round 94/500 ---
Averaged Train Loss: 1.5950
Averaged Test Accuracy: 0.4133
Averaged Test AUC: 0.8287
Std Test Accuracy: 0.1628
Std Test AUC: 0.0489

--- Round 95/500 ---
Averaged Train Loss: 1.6146
Averaged Test Accuracy: 0.4041
Averaged Test AUC: 0.8281
Std Test Accuracy: 0.1939
Std Test AUC: 0.0560

--- Round 96/500 ---
Averaged Train Loss: 1.5861
Averaged Test Accuracy: 0.4200
Averaged Test AUC: 0.8293
Std Test Accuracy: 0.1788
Std Test AUC: 0.0540

--- Round 97/500 ---
Averaged Train Loss: 1.7055
Averaged Test Accuracy: 0.3599
Averaged Test AUC: 0.8106
Std Test Accuracy: 0.1764
Std Test AUC: 0.0669

--- Round 98/500 ---
Averaged Train Loss: 1.6144
Averaged Test Accuracy: 0.4045
Averaged Test AUC: 0.8250
Std Test Accuracy: 0.1723
Std Test AUC: 0.0561

--- Round 99/500 ---
Averaged Train Loss: 1.7212
Averaged Test Accuracy: 0.3685
Averaged Test AUC: 0.8137
Std Test Accuracy: 0.2165
Std Test AUC: 0.0696

--- Round 100/500 ---
Averaged Train Loss: 1.5835
Averaged Test Accuracy: 0.4112
Averaged Test AUC: 0.8302
Std Test Accuracy: 0.1381
Std Test AUC: 0.0420

--- Round 101/500 ---
Averaged Train Loss: 1.5901
Averaged Test Accuracy: 0.4188
Averaged Test AUC: 0.8299
Std Test Accuracy: 0.1735
Std Test AUC: 0.0554

--- Round 102/500 ---
Averaged Train Loss: 1.5904
Averaged Test Accuracy: 0.4112
Averaged Test AUC: 0.8304
Std Test Accuracy: 0.1691
Std Test AUC: 0.0504

--- Round 103/500 ---
Averaged Train Loss: 1.6045
Averaged Test Accuracy: 0.4180
Averaged Test AUC: 0.8238
Std Test Accuracy: 0.1655
Std Test AUC: 0.0674

--- Round 104/500 ---
Averaged Train Loss: 1.5694
Averaged Test Accuracy: 0.4232
Averaged Test AUC: 0.8331
Std Test Accuracy: 0.1736
Std Test AUC: 0.0555

--- Round 105/500 ---
Averaged Train Loss: 1.7300
Averaged Test Accuracy: 0.3660
Averaged Test AUC: 0.8142
Std Test Accuracy: 0.2270
Std Test AUC: 0.0755

--- Round 106/500 ---
Averaged Train Loss: 1.5849
Averaged Test Accuracy: 0.4208
Averaged Test AUC: 0.8302
Std Test Accuracy: 0.1664
Std Test AUC: 0.0525

--- Round 107/500 ---
Averaged Train Loss: 1.5380
Averaged Test Accuracy: 0.4385
Averaged Test AUC: 0.8376
Std Test Accuracy: 0.1403
Std Test AUC: 0.0428

--- Round 108/500 ---
Averaged Train Loss: 1.5346
Averaged Test Accuracy: 0.4389
Averaged Test AUC: 0.8374
Std Test Accuracy: 0.1175
Std Test AUC: 0.0376

--- Round 109/500 ---
Averaged Train Loss: 1.5787
Averaged Test Accuracy: 0.4158
Averaged Test AUC: 0.8327
Std Test Accuracy: 0.1490
Std Test AUC: 0.0482

--- Round 110/500 ---
Averaged Train Loss: 1.5458
Averaged Test Accuracy: 0.4347
Averaged Test AUC: 0.8356
Std Test Accuracy: 0.1561
Std Test AUC: 0.0474

--- Round 111/500 ---
Averaged Train Loss: 1.5865
Averaged Test Accuracy: 0.4240
Averaged Test AUC: 0.8298
Std Test Accuracy: 0.1487
Std Test AUC: 0.0544

--- Round 112/500 ---
Averaged Train Loss: 1.5645
Averaged Test Accuracy: 0.4292
Averaged Test AUC: 0.8367
Std Test Accuracy: 0.1525
Std Test AUC: 0.0424

--- Round 113/500 ---
Averaged Train Loss: 1.5997
Averaged Test Accuracy: 0.4039
Averaged Test AUC: 0.8308
Std Test Accuracy: 0.1697
Std Test AUC: 0.0496

--- Round 114/500 ---
Averaged Train Loss: 1.5591
Averaged Test Accuracy: 0.4200
Averaged Test AUC: 0.8320
Std Test Accuracy: 0.1481
Std Test AUC: 0.0456

--- Round 115/500 ---
Averaged Train Loss: 1.5361
Averaged Test Accuracy: 0.4360
Averaged Test AUC: 0.8378
Std Test Accuracy: 0.1492
Std Test AUC: 0.0473

--- Round 116/500 ---
Averaged Train Loss: 1.5637
Averaged Test Accuracy: 0.4254
Averaged Test AUC: 0.8336
Std Test Accuracy: 0.1371
Std Test AUC: 0.0474

--- Round 117/500 ---
Averaged Train Loss: 1.5671
Averaged Test Accuracy: 0.4341
Averaged Test AUC: 0.8308
Std Test Accuracy: 0.1480
Std Test AUC: 0.0584

--- Round 118/500 ---
Averaged Train Loss: 1.5510
Averaged Test Accuracy: 0.4260
Averaged Test AUC: 0.8351
Std Test Accuracy: 0.1473
Std Test AUC: 0.0414

--- Round 119/500 ---
Averaged Train Loss: 1.6319
Averaged Test Accuracy: 0.3990
Averaged Test AUC: 0.8267
Std Test Accuracy: 0.1855
Std Test AUC: 0.0614

--- Round 120/500 ---
Averaged Train Loss: 1.5142
Averaged Test Accuracy: 0.4518
Averaged Test AUC: 0.8414
Std Test Accuracy: 0.1039
Std Test AUC: 0.0374

--- Round 121/500 ---
Averaged Train Loss: 1.5416
Averaged Test Accuracy: 0.4395
Averaged Test AUC: 0.8372
Std Test Accuracy: 0.1471
Std Test AUC: 0.0431

--- Round 122/500 ---
Averaged Train Loss: 1.5544
Averaged Test Accuracy: 0.4244
Averaged Test AUC: 0.8366
Std Test Accuracy: 0.1671
Std Test AUC: 0.0455

--- Round 123/500 ---
Averaged Train Loss: 1.5407
Averaged Test Accuracy: 0.4365
Averaged Test AUC: 0.8364
Std Test Accuracy: 0.1439
Std Test AUC: 0.0423

--- Round 124/500 ---
Averaged Train Loss: 1.5684
Averaged Test Accuracy: 0.4239
Averaged Test AUC: 0.8341
Std Test Accuracy: 0.1726
Std Test AUC: 0.0584

--- Round 125/500 ---
Averaged Train Loss: 1.5695
Averaged Test Accuracy: 0.4216
Averaged Test AUC: 0.8316
Std Test Accuracy: 0.1437
Std Test AUC: 0.0528

--- Round 126/500 ---
Averaged Train Loss: 1.5073
Averaged Test Accuracy: 0.4480
Averaged Test AUC: 0.8419
Std Test Accuracy: 0.1022
Std Test AUC: 0.0320

--- Round 127/500 ---
Averaged Train Loss: 1.5757
Averaged Test Accuracy: 0.4139
Averaged Test AUC: 0.8308
Std Test Accuracy: 0.1402
Std Test AUC: 0.0508

--- Round 128/500 ---
Averaged Train Loss: 1.6993
Averaged Test Accuracy: 0.3719
Averaged Test AUC: 0.8106
Std Test Accuracy: 0.2279
Std Test AUC: 0.0942

--- Round 129/500 ---
Averaged Train Loss: 1.5456
Averaged Test Accuracy: 0.4290
Averaged Test AUC: 0.8381
Std Test Accuracy: 0.1670
Std Test AUC: 0.0476

--- Round 130/500 ---
Averaged Train Loss: 1.5495
Averaged Test Accuracy: 0.4313
Averaged Test AUC: 0.8358
Std Test Accuracy: 0.1626
Std Test AUC: 0.0511

--- Round 131/500 ---
Averaged Train Loss: 1.5260
Averaged Test Accuracy: 0.4466
Averaged Test AUC: 0.8411
Std Test Accuracy: 0.1456
Std Test AUC: 0.0483

--- Round 132/500 ---
Averaged Train Loss: 1.5081
Averaged Test Accuracy: 0.4460
Averaged Test AUC: 0.8408
Std Test Accuracy: 0.1245
Std Test AUC: 0.0399

--- Round 133/500 ---
Averaged Train Loss: 1.6447
Averaged Test Accuracy: 0.4041
Averaged Test AUC: 0.8168
Std Test Accuracy: 0.1725
Std Test AUC: 0.0881

--- Round 134/500 ---
Averaged Train Loss: 1.5972
Averaged Test Accuracy: 0.4139
Averaged Test AUC: 0.8295
Std Test Accuracy: 0.2100
Std Test AUC: 0.0761

--- Round 135/500 ---
Averaged Train Loss: 1.5588
Averaged Test Accuracy: 0.4272
Averaged Test AUC: 0.8359
Std Test Accuracy: 0.1803
Std Test AUC: 0.0519

--- Round 136/500 ---
Averaged Train Loss: 1.6121
Averaged Test Accuracy: 0.4074
Averaged Test AUC: 0.8288
Std Test Accuracy: 0.1965
Std Test AUC: 0.0624

--- Round 137/500 ---
Averaged Train Loss: 1.7993
Averaged Test Accuracy: 0.3268
Averaged Test AUC: 0.8070
Std Test Accuracy: 0.1682
Std Test AUC: 0.0691

--- Round 138/500 ---
Averaged Train Loss: 1.6652
Averaged Test Accuracy: 0.3943
Averaged Test AUC: 0.8271
Std Test Accuracy: 0.2246
Std Test AUC: 0.0739

--- Round 139/500 ---
Averaged Train Loss: 1.6484
Averaged Test Accuracy: 0.3948
Averaged Test AUC: 0.8231
Std Test Accuracy: 0.2197
Std Test AUC: 0.0845

--- Round 140/500 ---
Averaged Train Loss: 1.5338
Averaged Test Accuracy: 0.4366
Averaged Test AUC: 0.8372
Std Test Accuracy: 0.1383
Std Test AUC: 0.0492

--- Round 141/500 ---
Averaged Train Loss: 1.7640
Averaged Test Accuracy: 0.3353
Averaged Test AUC: 0.8117
Std Test Accuracy: 0.1567
Std Test AUC: 0.0586

--- Round 142/500 ---
Averaged Train Loss: 1.6229
Averaged Test Accuracy: 0.4202
Averaged Test AUC: 0.8256
Std Test Accuracy: 0.2002
Std Test AUC: 0.0857

--- Round 143/500 ---
Averaged Train Loss: 1.6859
Averaged Test Accuracy: 0.3916
Averaged Test AUC: 0.8266
Std Test Accuracy: 0.2479
Std Test AUC: 0.0819

--- Round 144/500 ---
Averaged Train Loss: 1.5916
Averaged Test Accuracy: 0.4248
Averaged Test AUC: 0.8299
Std Test Accuracy: 0.1845
Std Test AUC: 0.0799

--- Round 145/500 ---
Averaged Train Loss: 1.6652
Averaged Test Accuracy: 0.3727
Averaged Test AUC: 0.8204
Std Test Accuracy: 0.1563
Std Test AUC: 0.0621

--- Round 146/500 ---
Averaged Train Loss: 1.5508
Averaged Test Accuracy: 0.4279
Averaged Test AUC: 0.8422
Std Test Accuracy: 0.2016
Std Test AUC: 0.0557

--- Round 147/500 ---
Averaged Train Loss: 1.5818
Averaged Test Accuracy: 0.4341
Averaged Test AUC: 0.8326
Std Test Accuracy: 0.2008
Std Test AUC: 0.0887

--- Round 148/500 ---
Averaged Train Loss: 1.5818
Averaged Test Accuracy: 0.4203
Averaged Test AUC: 0.8374
Std Test Accuracy: 0.2101
Std Test AUC: 0.0654

--- Round 149/500 ---
Averaged Train Loss: 1.6355
Averaged Test Accuracy: 0.3867
Averaged Test AUC: 0.8257
Std Test Accuracy: 0.1319
Std Test AUC: 0.0498

--- Round 150/500 ---
Averaged Train Loss: 1.5312
Averaged Test Accuracy: 0.4357
Averaged Test AUC: 0.8379
Std Test Accuracy: 0.1475
Std Test AUC: 0.0574

--- Round 151/500 ---
Averaged Train Loss: 1.6405
Averaged Test Accuracy: 0.3942
Averaged Test AUC: 0.8338
Std Test Accuracy: 0.2391
Std Test AUC: 0.0692

--- Round 152/500 ---
Averaged Train Loss: 1.5829
Averaged Test Accuracy: 0.4338
Averaged Test AUC: 0.8324
Std Test Accuracy: 0.2078
Std Test AUC: 0.0803

--- Round 153/500 ---
Averaged Train Loss: 1.6902
Averaged Test Accuracy: 0.3728
Averaged Test AUC: 0.8165
Std Test Accuracy: 0.2130
Std Test AUC: 0.0791

--- Round 154/500 ---
Averaged Train Loss: 1.5298
Averaged Test Accuracy: 0.4418
Averaged Test AUC: 0.8393
Std Test Accuracy: 0.1720
Std Test AUC: 0.0570

--- Round 155/500 ---
Averaged Train Loss: 1.6202
Averaged Test Accuracy: 0.4027
Averaged Test AUC: 0.8337
Std Test Accuracy: 0.1727
Std Test AUC: 0.0555

--- Round 156/500 ---
Averaged Train Loss: 1.5970
Averaged Test Accuracy: 0.4061
Averaged Test AUC: 0.8339
Std Test Accuracy: 0.2012
Std Test AUC: 0.0642

--- Round 157/500 ---
Averaged Train Loss: 1.7009
Averaged Test Accuracy: 0.3838
Averaged Test AUC: 0.8151
Std Test Accuracy: 0.1868
Std Test AUC: 0.0840

--- Round 158/500 ---
Averaged Train Loss: 1.4981
Averaged Test Accuracy: 0.4496
Averaged Test AUC: 0.8436
Std Test Accuracy: 0.1589
Std Test AUC: 0.0591

--- Round 159/500 ---
Averaged Train Loss: 1.5586
Averaged Test Accuracy: 0.4285
Averaged Test AUC: 0.8438
Std Test Accuracy: 0.2109
Std Test AUC: 0.0607

--- Round 160/500 ---
Averaged Train Loss: 1.5732
Averaged Test Accuracy: 0.4272
Averaged Test AUC: 0.8351
Std Test Accuracy: 0.1783
Std Test AUC: 0.0626

--- Round 161/500 ---
Averaged Train Loss: 1.7585
Averaged Test Accuracy: 0.3463
Averaged Test AUC: 0.8109
Std Test Accuracy: 0.2296
Std Test AUC: 0.0849

--- Round 162/500 ---
Averaged Train Loss: 1.5409
Averaged Test Accuracy: 0.4307
Averaged Test AUC: 0.8381
Std Test Accuracy: 0.1719
Std Test AUC: 0.0568

--- Round 163/500 ---
Averaged Train Loss: 1.5091
Averaged Test Accuracy: 0.4480
Averaged Test AUC: 0.8440
Std Test Accuracy: 0.1777
Std Test AUC: 0.0659

--- Round 164/500 ---
Averaged Train Loss: 1.6258
Averaged Test Accuracy: 0.3974
Averaged Test AUC: 0.8328
Std Test Accuracy: 0.2212
Std Test AUC: 0.0674

--- Round 165/500 ---
Averaged Train Loss: 1.7740
Averaged Test Accuracy: 0.3487
Averaged Test AUC: 0.8076
Std Test Accuracy: 0.2341
Std Test AUC: 0.0863

--- Round 166/500 ---
Averaged Train Loss: 1.5115
Averaged Test Accuracy: 0.4366
Averaged Test AUC: 0.8456
Std Test Accuracy: 0.1617
Std Test AUC: 0.0457

--- Round 167/500 ---
Averaged Train Loss: 1.5263
Averaged Test Accuracy: 0.4503
Averaged Test AUC: 0.8429
Std Test Accuracy: 0.1915
Std Test AUC: 0.0759

--- Round 168/500 ---
Averaged Train Loss: 1.5336
Averaged Test Accuracy: 0.4313
Averaged Test AUC: 0.8394
Std Test Accuracy: 0.1703
Std Test AUC: 0.0532

--- Round 169/500 ---
Averaged Train Loss: 1.6816
Averaged Test Accuracy: 0.3856
Averaged Test AUC: 0.8232
Std Test Accuracy: 0.2252
Std Test AUC: 0.0838

--- Round 170/500 ---
Averaged Train Loss: 1.5413
Averaged Test Accuracy: 0.4280
Averaged Test AUC: 0.8372
Std Test Accuracy: 0.1688
Std Test AUC: 0.0617

--- Round 171/500 ---
Averaged Train Loss: 1.6639
Averaged Test Accuracy: 0.3980
Averaged Test AUC: 0.8338
Std Test Accuracy: 0.2149
Std Test AUC: 0.0673

--- Round 172/500 ---
Averaged Train Loss: 1.5126
Averaged Test Accuracy: 0.4387
Averaged Test AUC: 0.8474
Std Test Accuracy: 0.1942
Std Test AUC: 0.0514

--- Round 173/500 ---
Averaged Train Loss: 1.7623
Averaged Test Accuracy: 0.3622
Averaged Test AUC: 0.8092
Std Test Accuracy: 0.1583
Std Test AUC: 0.0719

--- Round 174/500 ---
Averaged Train Loss: 1.5138
Averaged Test Accuracy: 0.4380
Averaged Test AUC: 0.8453
Std Test Accuracy: 0.1797
Std Test AUC: 0.0520

--- Round 175/500 ---
Averaged Train Loss: 1.5548
Averaged Test Accuracy: 0.4327
Averaged Test AUC: 0.8413
Std Test Accuracy: 0.1860
Std Test AUC: 0.0685

--- Round 176/500 ---
Averaged Train Loss: 1.5929
Averaged Test Accuracy: 0.4177
Averaged Test AUC: 0.8355
Std Test Accuracy: 0.1895
Std Test AUC: 0.0551

--- Round 177/500 ---
Averaged Train Loss: 1.6999
Averaged Test Accuracy: 0.3703
Averaged Test AUC: 0.8255
Std Test Accuracy: 0.1928
Std Test AUC: 0.0609

--- Round 178/500 ---
Averaged Train Loss: 1.7759
Averaged Test Accuracy: 0.3325
Averaged Test AUC: 0.8270
Std Test Accuracy: 0.2179
Std Test AUC: 0.0607

--- Round 179/500 ---
Averaged Train Loss: 1.5755
Averaged Test Accuracy: 0.4213
Averaged Test AUC: 0.8409
Std Test Accuracy: 0.2218
Std Test AUC: 0.0738

--- Round 180/500 ---
Averaged Train Loss: 1.6063
Averaged Test Accuracy: 0.4164
Averaged Test AUC: 0.8376
Std Test Accuracy: 0.2098
Std Test AUC: 0.0676

--- Round 181/500 ---
Averaged Train Loss: 1.7176
Averaged Test Accuracy: 0.3660
Averaged Test AUC: 0.8232
Std Test Accuracy: 0.2278
Std Test AUC: 0.0744

--- Round 182/500 ---
Averaged Train Loss: 1.5931
Averaged Test Accuracy: 0.4009
Averaged Test AUC: 0.8352
Std Test Accuracy: 0.1938
Std Test AUC: 0.0605

--- Round 183/500 ---
Averaged Train Loss: 1.6279
Averaged Test Accuracy: 0.4097
Averaged Test AUC: 0.8335
Std Test Accuracy: 0.2312
Std Test AUC: 0.0761

--- Round 184/500 ---
Averaged Train Loss: 1.6289
Averaged Test Accuracy: 0.4009
Averaged Test AUC: 0.8416
Std Test Accuracy: 0.2404
Std Test AUC: 0.0672

--- Round 185/500 ---
Averaged Train Loss: 1.7603
Averaged Test Accuracy: 0.3441
Averaged Test AUC: 0.8177
Std Test Accuracy: 0.1912
Std Test AUC: 0.0644

--- Round 186/500 ---
Averaged Train Loss: 1.5269
Averaged Test Accuracy: 0.4299
Averaged Test AUC: 0.8451
Std Test Accuracy: 0.1939
Std Test AUC: 0.0525

--- Round 187/500 ---
Averaged Train Loss: 1.5512
Averaged Test Accuracy: 0.4369
Averaged Test AUC: 0.8403
Std Test Accuracy: 0.1844
Std Test AUC: 0.0690

--- Round 188/500 ---
Averaged Train Loss: 1.6659
Averaged Test Accuracy: 0.4044
Averaged Test AUC: 0.8320
Std Test Accuracy: 0.2125
Std Test AUC: 0.0668

--- Round 189/500 ---
Averaged Train Loss: 1.7804
Averaged Test Accuracy: 0.3631
Averaged Test AUC: 0.8178
Std Test Accuracy: 0.2350
Std Test AUC: 0.0860

--- Round 190/500 ---
Averaged Train Loss: 1.5009
Averaged Test Accuracy: 0.4420
Averaged Test AUC: 0.8459
Std Test Accuracy: 0.1369
Std Test AUC: 0.0452

--- Round 191/500 ---
Averaged Train Loss: 1.5709
Averaged Test Accuracy: 0.4232
Averaged Test AUC: 0.8415
Std Test Accuracy: 0.2290
Std Test AUC: 0.0723

--- Round 192/500 ---
Averaged Train Loss: 1.5230
Averaged Test Accuracy: 0.4399
Averaged Test AUC: 0.8499
Std Test Accuracy: 0.1883
Std Test AUC: 0.0517

--- Round 193/500 ---
Averaged Train Loss: 1.6825
Averaged Test Accuracy: 0.3989
Averaged Test AUC: 0.8199
Std Test Accuracy: 0.1464
Std Test AUC: 0.0669

--- Round 194/500 ---
Averaged Train Loss: 1.4491
Averaged Test Accuracy: 0.4655
Averaged Test AUC: 0.8530
Std Test Accuracy: 0.1672
Std Test AUC: 0.0547

--- Round 195/500 ---
Averaged Train Loss: 1.5524
Averaged Test Accuracy: 0.4347
Averaged Test AUC: 0.8413
Std Test Accuracy: 0.1999
Std Test AUC: 0.0715

--- Round 196/500 ---
Averaged Train Loss: 1.6951
Averaged Test Accuracy: 0.3894
Averaged Test AUC: 0.8380
Std Test Accuracy: 0.2157
Std Test AUC: 0.0579

--- Round 197/500 ---
Averaged Train Loss: 1.5759
Averaged Test Accuracy: 0.4271
Averaged Test AUC: 0.8340
Std Test Accuracy: 0.1389
Std Test AUC: 0.0618

--- Round 198/500 ---
Averaged Train Loss: 1.5287
Averaged Test Accuracy: 0.4347
Averaged Test AUC: 0.8444
Std Test Accuracy: 0.1719
Std Test AUC: 0.0523

--- Round 199/500 ---
Averaged Train Loss: 1.6587
Averaged Test Accuracy: 0.3923
Averaged Test AUC: 0.8373
Std Test Accuracy: 0.2522
Std Test AUC: 0.0729

--- Round 200/500 ---
Averaged Train Loss: 1.5631
Averaged Test Accuracy: 0.4233
Averaged Test AUC: 0.8404
Std Test Accuracy: 0.2018
Std Test AUC: 0.0635

--- Round 201/500 ---
Averaged Train Loss: 1.6180
Averaged Test Accuracy: 0.3990
Averaged Test AUC: 0.8331
Std Test Accuracy: 0.1706
Std Test AUC: 0.0565

--- Round 202/500 ---
Averaged Train Loss: 1.4652
Averaged Test Accuracy: 0.4617
Averaged Test AUC: 0.8509
Std Test Accuracy: 0.1603
Std Test AUC: 0.0554

--- Round 203/500 ---
Averaged Train Loss: 1.5533
Averaged Test Accuracy: 0.4351
Averaged Test AUC: 0.8406
Std Test Accuracy: 0.2206
Std Test AUC: 0.0734

--- Round 204/500 ---
Averaged Train Loss: 1.5890
Averaged Test Accuracy: 0.4230
Averaged Test AUC: 0.8444
Std Test Accuracy: 0.2120
Std Test AUC: 0.0682

--- Round 205/500 ---
Averaged Train Loss: 1.9500
Averaged Test Accuracy: 0.3173
Averaged Test AUC: 0.8008
Std Test Accuracy: 0.2424
Std Test AUC: 0.0911

--- Round 206/500 ---
Averaged Train Loss: 1.5184
Averaged Test Accuracy: 0.4451
Averaged Test AUC: 0.8442
Std Test Accuracy: 0.1626
Std Test AUC: 0.0601

--- Round 207/500 ---
Averaged Train Loss: 1.5644
Averaged Test Accuracy: 0.4243
Averaged Test AUC: 0.8448
Std Test Accuracy: 0.2223
Std Test AUC: 0.0676

--- Round 208/500 ---
Averaged Train Loss: 1.4837
Averaged Test Accuracy: 0.4530
Averaged Test AUC: 0.8526
Std Test Accuracy: 0.1939
Std Test AUC: 0.0591

--- Round 209/500 ---
Averaged Train Loss: 1.7159
Averaged Test Accuracy: 0.3745
Averaged Test AUC: 0.8247
Std Test Accuracy: 0.2213
Std Test AUC: 0.0762

--- Round 210/500 ---
Averaged Train Loss: 1.5426
Averaged Test Accuracy: 0.4311
Averaged Test AUC: 0.8382
Std Test Accuracy: 0.1595
Std Test AUC: 0.0661

--- Round 211/500 ---
Averaged Train Loss: 1.4867
Averaged Test Accuracy: 0.4562
Averaged Test AUC: 0.8504
Std Test Accuracy: 0.2076
Std Test AUC: 0.0641

--- Round 212/500 ---
Averaged Train Loss: 1.5334
Averaged Test Accuracy: 0.4518
Averaged Test AUC: 0.8428
Std Test Accuracy: 0.2135
Std Test AUC: 0.0832

--- Round 213/500 ---
Averaged Train Loss: 1.7220
Averaged Test Accuracy: 0.3874
Averaged Test AUC: 0.8229
Std Test Accuracy: 0.2119
Std Test AUC: 0.0745

--- Round 214/500 ---
Averaged Train Loss: 1.4549
Averaged Test Accuracy: 0.4681
Averaged Test AUC: 0.8543
Std Test Accuracy: 0.1624
Std Test AUC: 0.0513

--- Round 215/500 ---
Averaged Train Loss: 1.4475
Averaged Test Accuracy: 0.4603
Averaged Test AUC: 0.8545
Std Test Accuracy: 0.1205
Std Test AUC: 0.0335

--- Round 216/500 ---
Averaged Train Loss: 1.5337
Averaged Test Accuracy: 0.4420
Averaged Test AUC: 0.8461
Std Test Accuracy: 0.2163
Std Test AUC: 0.0719

--- Round 217/500 ---
Averaged Train Loss: 1.6293
Averaged Test Accuracy: 0.4018
Averaged Test AUC: 0.8306
Std Test Accuracy: 0.1604
Std Test AUC: 0.0583

--- Round 218/500 ---
Averaged Train Loss: 1.6622
Averaged Test Accuracy: 0.4059
Averaged Test AUC: 0.8394
Std Test Accuracy: 0.2032
Std Test AUC: 0.0606

--- Round 219/500 ---
Averaged Train Loss: 1.4813
Averaged Test Accuracy: 0.4594
Averaged Test AUC: 0.8525
Std Test Accuracy: 0.1883
Std Test AUC: 0.0666

--- Round 220/500 ---
Averaged Train Loss: 1.4455
Averaged Test Accuracy: 0.4708
Averaged Test AUC: 0.8558
Std Test Accuracy: 0.1446
Std Test AUC: 0.0459

--- Round 221/500 ---
Averaged Train Loss: 1.6462
Averaged Test Accuracy: 0.4033
Averaged Test AUC: 0.8294
Std Test Accuracy: 0.1736
Std Test AUC: 0.0715

--- Round 222/500 ---
Averaged Train Loss: 1.3979
Averaged Test Accuracy: 0.4837
Averaged Test AUC: 0.8608
Std Test Accuracy: 0.1531
Std Test AUC: 0.0406

--- Round 223/500 ---
Averaged Train Loss: 1.5990
Averaged Test Accuracy: 0.4340
Averaged Test AUC: 0.8461
Std Test Accuracy: 0.2189
Std Test AUC: 0.0685

--- Round 224/500 ---
Averaged Train Loss: 1.4669
Averaged Test Accuracy: 0.4666
Averaged Test AUC: 0.8550
Std Test Accuracy: 0.1883
Std Test AUC: 0.0603

--- Round 225/500 ---
Averaged Train Loss: 1.7032
Averaged Test Accuracy: 0.3663
Averaged Test AUC: 0.8263
Std Test Accuracy: 0.1981
Std Test AUC: 0.0652

--- Round 226/500 ---
Averaged Train Loss: 1.4510
Averaged Test Accuracy: 0.4640
Averaged Test AUC: 0.8522
Std Test Accuracy: 0.1594
Std Test AUC: 0.0513

--- Round 227/500 ---
Averaged Train Loss: 1.7511
Averaged Test Accuracy: 0.3896
Averaged Test AUC: 0.8364
Std Test Accuracy: 0.2345
Std Test AUC: 0.0677

--- Round 228/500 ---
Averaged Train Loss: 1.5164
Averaged Test Accuracy: 0.4569
Averaged Test AUC: 0.8495
Std Test Accuracy: 0.1955
Std Test AUC: 0.0752

--- Round 229/500 ---
Averaged Train Loss: 1.6246
Averaged Test Accuracy: 0.4069
Averaged Test AUC: 0.8324
Std Test Accuracy: 0.1901
Std Test AUC: 0.0764

--- Round 230/500 ---
Averaged Train Loss: 1.4898
Averaged Test Accuracy: 0.4428
Averaged Test AUC: 0.8470
Std Test Accuracy: 0.1508
Std Test AUC: 0.0526

--- Round 231/500 ---
Averaged Train Loss: 1.5223
Averaged Test Accuracy: 0.4384
Averaged Test AUC: 0.8473
Std Test Accuracy: 0.1823
Std Test AUC: 0.0551

--- Round 232/500 ---
Averaged Train Loss: 1.4827
Averaged Test Accuracy: 0.4590
Averaged Test AUC: 0.8542
Std Test Accuracy: 0.2047
Std Test AUC: 0.0674

--- Round 233/500 ---
Averaged Train Loss: 1.7072
Averaged Test Accuracy: 0.3882
Averaged Test AUC: 0.8252
Std Test Accuracy: 0.2027
Std Test AUC: 0.0797

--- Round 234/500 ---
Averaged Train Loss: 1.4380
Averaged Test Accuracy: 0.4691
Averaged Test AUC: 0.8550
Std Test Accuracy: 0.1517
Std Test AUC: 0.0514

--- Round 235/500 ---
Averaged Train Loss: 1.5876
Averaged Test Accuracy: 0.4149
Averaged Test AUC: 0.8414
Std Test Accuracy: 0.2055
Std Test AUC: 0.0616

--- Round 236/500 ---
Averaged Train Loss: 1.4427
Averaged Test Accuracy: 0.4675
Averaged Test AUC: 0.8582
Std Test Accuracy: 0.1925
Std Test AUC: 0.0584

--- Round 237/500 ---
Averaged Train Loss: 1.5717
Averaged Test Accuracy: 0.4203
Averaged Test AUC: 0.8396
Std Test Accuracy: 0.1747
Std Test AUC: 0.0607

--- Round 238/500 ---
Averaged Train Loss: 1.4005
Averaged Test Accuracy: 0.4899
Averaged Test AUC: 0.8605
Std Test Accuracy: 0.1706
Std Test AUC: 0.0535

--- Round 239/500 ---
Averaged Train Loss: 1.4609
Averaged Test Accuracy: 0.4604
Averaged Test AUC: 0.8536
Std Test Accuracy: 0.1773
Std Test AUC: 0.0526

--- Round 240/500 ---
Averaged Train Loss: 1.5599
Averaged Test Accuracy: 0.4357
Averaged Test AUC: 0.8399
Std Test Accuracy: 0.1857
Std Test AUC: 0.0724

--- Round 241/500 ---
Averaged Train Loss: 1.4616
Averaged Test Accuracy: 0.4681
Averaged Test AUC: 0.8532
Std Test Accuracy: 0.1533
Std Test AUC: 0.0538

--- Round 242/500 ---
Averaged Train Loss: 1.4329
Averaged Test Accuracy: 0.4675
Averaged Test AUC: 0.8584
Std Test Accuracy: 0.1851
Std Test AUC: 0.0460

--- Round 243/500 ---
Averaged Train Loss: 1.5849
Averaged Test Accuracy: 0.4398
Averaged Test AUC: 0.8478
Std Test Accuracy: 0.2281
Std Test AUC: 0.0699

--- Round 244/500 ---
Averaged Train Loss: 1.3961
Averaged Test Accuracy: 0.4862
Averaged Test AUC: 0.8617
Std Test Accuracy: 0.1560
Std Test AUC: 0.0478

--- Round 245/500 ---
Averaged Train Loss: 1.8238
Averaged Test Accuracy: 0.3535
Averaged Test AUC: 0.8159
Std Test Accuracy: 0.2362
Std Test AUC: 0.0818

--- Round 246/500 ---
Averaged Train Loss: 1.4371
Averaged Test Accuracy: 0.4757
Averaged Test AUC: 0.8561
Std Test Accuracy: 0.1665
Std Test AUC: 0.0574

--- Round 247/500 ---
Averaged Train Loss: 1.6041
Averaged Test Accuracy: 0.4305
Averaged Test AUC: 0.8479
Std Test Accuracy: 0.2405
Std Test AUC: 0.0697

--- Round 248/500 ---
Averaged Train Loss: 1.4963
Averaged Test Accuracy: 0.4570
Averaged Test AUC: 0.8522
Std Test Accuracy: 0.2050
Std Test AUC: 0.0709

--- Round 249/500 ---
Averaged Train Loss: 1.5478
Averaged Test Accuracy: 0.4284
Averaged Test AUC: 0.8421
Std Test Accuracy: 0.1535
Std Test AUC: 0.0574

--- Round 250/500 ---
Averaged Train Loss: 1.4548
Averaged Test Accuracy: 0.4624
Averaged Test AUC: 0.8519
Std Test Accuracy: 0.1606
Std Test AUC: 0.0495

--- Round 251/500 ---
Averaged Train Loss: 1.4793
Averaged Test Accuracy: 0.4616
Averaged Test AUC: 0.8547
Std Test Accuracy: 0.1907
Std Test AUC: 0.0611

--- Round 252/500 ---
Averaged Train Loss: 1.4620
Averaged Test Accuracy: 0.4669
Averaged Test AUC: 0.8549
Std Test Accuracy: 0.1882
Std Test AUC: 0.0650

--- Round 253/500 ---
Averaged Train Loss: 1.5347
Averaged Test Accuracy: 0.4325
Averaged Test AUC: 0.8447
Std Test Accuracy: 0.1845
Std Test AUC: 0.0616

--- Round 254/500 ---
Averaged Train Loss: 1.4907
Averaged Test Accuracy: 0.4484
Averaged Test AUC: 0.8488
Std Test Accuracy: 0.1539
Std Test AUC: 0.0565

--- Round 255/500 ---
Averaged Train Loss: 1.5049
Averaged Test Accuracy: 0.4545
Averaged Test AUC: 0.8537
Std Test Accuracy: 0.2054
Std Test AUC: 0.0566

--- Round 256/500 ---
Averaged Train Loss: 1.4531
Averaged Test Accuracy: 0.4745
Averaged Test AUC: 0.8557
Std Test Accuracy: 0.1727
Std Test AUC: 0.0615

--- Round 257/500 ---
Averaged Train Loss: 1.6464
Averaged Test Accuracy: 0.4033
Averaged Test AUC: 0.8366
Std Test Accuracy: 0.1912
Std Test AUC: 0.0692

--- Round 258/500 ---
Averaged Train Loss: 1.4291
Averaged Test Accuracy: 0.4833
Averaged Test AUC: 0.8560
Std Test Accuracy: 0.1842
Std Test AUC: 0.0675

--- Round 259/500 ---
Averaged Train Loss: 1.3873
Averaged Test Accuracy: 0.4882
Averaged Test AUC: 0.8638
Std Test Accuracy: 0.1562
Std Test AUC: 0.0411

--- Round 260/500 ---
Averaged Train Loss: 1.6295
Averaged Test Accuracy: 0.4311
Averaged Test AUC: 0.8395
Std Test Accuracy: 0.2333
Std Test AUC: 0.0790

--- Round 261/500 ---
Averaged Train Loss: 1.4768
Averaged Test Accuracy: 0.4519
Averaged Test AUC: 0.8529
Std Test Accuracy: 0.1460
Std Test AUC: 0.0481

--- Round 262/500 ---
Averaged Train Loss: 1.3547
Averaged Test Accuracy: 0.5002
Averaged Test AUC: 0.8660
Std Test Accuracy: 0.1498
Std Test AUC: 0.0414

--- Round 263/500 ---
Averaged Train Loss: 1.5550
Averaged Test Accuracy: 0.4367
Averaged Test AUC: 0.8507
Std Test Accuracy: 0.2308
Std Test AUC: 0.0649

--- Round 264/500 ---
Averaged Train Loss: 1.4885
Averaged Test Accuracy: 0.4570
Averaged Test AUC: 0.8523
Std Test Accuracy: 0.1580
Std Test AUC: 0.0477

--- Round 265/500 ---
Averaged Train Loss: 1.6823
Averaged Test Accuracy: 0.3921
Averaged Test AUC: 0.8331
Std Test Accuracy: 0.2182
Std Test AUC: 0.0777

--- Round 266/500 ---
Averaged Train Loss: 1.4181
Averaged Test Accuracy: 0.4765
Averaged Test AUC: 0.8594
Std Test Accuracy: 0.1642
Std Test AUC: 0.0510

--- Round 267/500 ---
Averaged Train Loss: 1.4974
Averaged Test Accuracy: 0.4542
Averaged Test AUC: 0.8535
Std Test Accuracy: 0.2091
Std Test AUC: 0.0632

--- Round 268/500 ---
Averaged Train Loss: 1.4675
Averaged Test Accuracy: 0.4623
Averaged Test AUC: 0.8567
Std Test Accuracy: 0.1955
Std Test AUC: 0.0544

--- Round 269/500 ---
Averaged Train Loss: 1.6026
Averaged Test Accuracy: 0.4058
Averaged Test AUC: 0.8398
Std Test Accuracy: 0.1993
Std Test AUC: 0.0652

--- Round 270/500 ---
Averaged Train Loss: 1.4360
Averaged Test Accuracy: 0.4651
Averaged Test AUC: 0.8550
Std Test Accuracy: 0.1593
Std Test AUC: 0.0492

--- Round 271/500 ---
Averaged Train Loss: 1.3788
Averaged Test Accuracy: 0.4903
Averaged Test AUC: 0.8649
Std Test Accuracy: 0.1490
Std Test AUC: 0.0392

--- Round 272/500 ---
Averaged Train Loss: 1.4897
Averaged Test Accuracy: 0.4623
Averaged Test AUC: 0.8530
Std Test Accuracy: 0.1934
Std Test AUC: 0.0596

--- Round 273/500 ---
Averaged Train Loss: 1.4790
Averaged Test Accuracy: 0.4588
Averaged Test AUC: 0.8507
Std Test Accuracy: 0.1565
Std Test AUC: 0.0569

--- Round 274/500 ---
Averaged Train Loss: 1.5104
Averaged Test Accuracy: 0.4463
Averaged Test AUC: 0.8488
Std Test Accuracy: 0.1503
Std Test AUC: 0.0549

--- Round 275/500 ---
Averaged Train Loss: 1.4514
Averaged Test Accuracy: 0.4628
Averaged Test AUC: 0.8570
Std Test Accuracy: 0.1797
Std Test AUC: 0.0467

--- Round 276/500 ---
Averaged Train Loss: 1.3983
Averaged Test Accuracy: 0.4874
Averaged Test AUC: 0.8628
Std Test Accuracy: 0.1616
Std Test AUC: 0.0481

--- Round 277/500 ---
Averaged Train Loss: 1.7242
Averaged Test Accuracy: 0.3846
Averaged Test AUC: 0.8333
Std Test Accuracy: 0.1899
Std Test AUC: 0.0712

--- Round 278/500 ---
Averaged Train Loss: 1.4394
Averaged Test Accuracy: 0.4844
Averaged Test AUC: 0.8551
Std Test Accuracy: 0.1776
Std Test AUC: 0.0721

--- Round 279/500 ---
Averaged Train Loss: 1.4007
Averaged Test Accuracy: 0.4855
Averaged Test AUC: 0.8609
Std Test Accuracy: 0.1760
Std Test AUC: 0.0519

--- Round 280/500 ---
Averaged Train Loss: 1.4594
Averaged Test Accuracy: 0.4653
Averaged Test AUC: 0.8600
Std Test Accuracy: 0.1855
Std Test AUC: 0.0534

--- Round 281/500 ---
Averaged Train Loss: 1.7701
Averaged Test Accuracy: 0.3715
Averaged Test AUC: 0.8225
Std Test Accuracy: 0.1762
Std Test AUC: 0.0649

--- Round 282/500 ---
Averaged Train Loss: 1.3758
Averaged Test Accuracy: 0.4937
Averaged Test AUC: 0.8641
Std Test Accuracy: 0.1709
Std Test AUC: 0.0557

--- Round 283/500 ---
Averaged Train Loss: 1.6238
Averaged Test Accuracy: 0.4246
Averaged Test AUC: 0.8481
Std Test Accuracy: 0.2385
Std Test AUC: 0.0687

--- Round 284/500 ---
Averaged Train Loss: 1.4714
Averaged Test Accuracy: 0.4621
Averaged Test AUC: 0.8560
Std Test Accuracy: 0.1906
Std Test AUC: 0.0582

--- Round 285/500 ---
Averaged Train Loss: 1.7836
Averaged Test Accuracy: 0.3520
Averaged Test AUC: 0.8352
Std Test Accuracy: 0.2236
Std Test AUC: 0.0608

--- Round 286/500 ---
Averaged Train Loss: 1.3866
Averaged Test Accuracy: 0.4866
Averaged Test AUC: 0.8624
Std Test Accuracy: 0.1436
Std Test AUC: 0.0370

--- Round 287/500 ---
Averaged Train Loss: 1.4934
Averaged Test Accuracy: 0.4570
Averaged Test AUC: 0.8556
Std Test Accuracy: 0.2271
Std Test AUC: 0.0667

--- Round 288/500 ---
Averaged Train Loss: 1.4478
Averaged Test Accuracy: 0.4744
Averaged Test AUC: 0.8563
Std Test Accuracy: 0.2091
Std Test AUC: 0.0722

--- Round 289/500 ---
Averaged Train Loss: 1.6773
Averaged Test Accuracy: 0.3886
Averaged Test AUC: 0.8355
Std Test Accuracy: 0.2105
Std Test AUC: 0.0747

--- Round 290/500 ---
Averaged Train Loss: 1.4214
Averaged Test Accuracy: 0.4737
Averaged Test AUC: 0.8569
Std Test Accuracy: 0.1562
Std Test AUC: 0.0533

--- Round 291/500 ---
Averaged Train Loss: 1.4665
Averaged Test Accuracy: 0.4624
Averaged Test AUC: 0.8593
Std Test Accuracy: 0.1988
Std Test AUC: 0.0503

--- Round 292/500 ---
Averaged Train Loss: 1.5331
Averaged Test Accuracy: 0.4507
Averaged Test AUC: 0.8494
Std Test Accuracy: 0.2322
Std Test AUC: 0.0806

--- Round 293/500 ---
Averaged Train Loss: 1.5465
Averaged Test Accuracy: 0.4398
Averaged Test AUC: 0.8434
Std Test Accuracy: 0.1755
Std Test AUC: 0.0744

--- Round 294/500 ---
Averaged Train Loss: 1.5770
Averaged Test Accuracy: 0.4313
Averaged Test AUC: 0.8460
Std Test Accuracy: 0.1653
Std Test AUC: 0.0599

--- Round 295/500 ---
Averaged Train Loss: 1.5879
Averaged Test Accuracy: 0.4220
Averaged Test AUC: 0.8515
Std Test Accuracy: 0.2057
Std Test AUC: 0.0514

--- Round 296/500 ---
Averaged Train Loss: 1.3920
Averaged Test Accuracy: 0.4876
Averaged Test AUC: 0.8624
Std Test Accuracy: 0.1851
Std Test AUC: 0.0525

--- Round 297/500 ---
Averaged Train Loss: 1.5460
Averaged Test Accuracy: 0.4433
Averaged Test AUC: 0.8422
Std Test Accuracy: 0.1713
Std Test AUC: 0.0715

--- Round 298/500 ---
Averaged Train Loss: 1.3440
Averaged Test Accuracy: 0.5092
Averaged Test AUC: 0.8650
Std Test Accuracy: 0.1564
Std Test AUC: 0.0565

--- Round 299/500 ---
Averaged Train Loss: 1.4114
Averaged Test Accuracy: 0.4886
Averaged Test AUC: 0.8620
Std Test Accuracy: 0.1766
Std Test AUC: 0.0552

--- Round 300/500 ---
Averaged Train Loss: 1.4746
Averaged Test Accuracy: 0.4623
Averaged Test AUC: 0.8591
Std Test Accuracy: 0.1763
Std Test AUC: 0.0481

--- Round 301/500 ---
Averaged Train Loss: 1.4475
Averaged Test Accuracy: 0.4753
Averaged Test AUC: 0.8526
Std Test Accuracy: 0.1365
Std Test AUC: 0.0553

--- Round 302/500 ---
Averaged Train Loss: 1.3812
Averaged Test Accuracy: 0.4892
Averaged Test AUC: 0.8643
Std Test Accuracy: 0.1790
Std Test AUC: 0.0536

--- Round 303/500 ---
Averaged Train Loss: 1.4722
Averaged Test Accuracy: 0.4757
Averaged Test AUC: 0.8574
Std Test Accuracy: 0.1920
Std Test AUC: 0.0684

--- Round 304/500 ---
Averaged Train Loss: 1.5718
Averaged Test Accuracy: 0.4385
Averaged Test AUC: 0.8505
Std Test Accuracy: 0.2132
Std Test AUC: 0.0644

--- Round 305/500 ---
Averaged Train Loss: 1.4292
Averaged Test Accuracy: 0.4786
Averaged Test AUC: 0.8617
Std Test Accuracy: 0.1844
Std Test AUC: 0.0501

--- Round 306/500 ---
Averaged Train Loss: 1.4478
Averaged Test Accuracy: 0.4594
Averaged Test AUC: 0.8552
Std Test Accuracy: 0.1236
Std Test AUC: 0.0407

--- Round 307/500 ---
Averaged Train Loss: 1.4726
Averaged Test Accuracy: 0.4571
Averaged Test AUC: 0.8575
Std Test Accuracy: 0.2091
Std Test AUC: 0.0586

--- Round 308/500 ---
Averaged Train Loss: 1.4726
Averaged Test Accuracy: 0.4573
Averaged Test AUC: 0.8620
Std Test Accuracy: 0.2120
Std Test AUC: 0.0522

--- Round 309/500 ---
Averaged Train Loss: 1.3735
Averaged Test Accuracy: 0.4928
Averaged Test AUC: 0.8655
Std Test Accuracy: 0.1549
Std Test AUC: 0.0430

--- Round 310/500 ---
Averaged Train Loss: 1.4766
Averaged Test Accuracy: 0.4583
Averaged Test AUC: 0.8518
Std Test Accuracy: 0.1863
Std Test AUC: 0.0607

--- Round 311/500 ---
Averaged Train Loss: 1.4148
Averaged Test Accuracy: 0.4772
Averaged Test AUC: 0.8618
Std Test Accuracy: 0.1755
Std Test AUC: 0.0502

--- Round 312/500 ---
Averaged Train Loss: 1.4477
Averaged Test Accuracy: 0.4661
Averaged Test AUC: 0.8584
Std Test Accuracy: 0.1952
Std Test AUC: 0.0567

--- Round 313/500 ---
Averaged Train Loss: 1.4142
Averaged Test Accuracy: 0.4761
Averaged Test AUC: 0.8644
Std Test Accuracy: 0.1776
Std Test AUC: 0.0465

--- Round 314/500 ---
Averaged Train Loss: 1.6926
Averaged Test Accuracy: 0.3966
Averaged Test AUC: 0.8308
Std Test Accuracy: 0.2275
Std Test AUC: 0.0823

--- Round 315/500 ---
Averaged Train Loss: 1.4593
Averaged Test Accuracy: 0.4598
Averaged Test AUC: 0.8574
Std Test Accuracy: 0.1791
Std Test AUC: 0.0553

--- Round 316/500 ---
Averaged Train Loss: 1.4433
Averaged Test Accuracy: 0.4710
Averaged Test AUC: 0.8597
Std Test Accuracy: 0.1937
Std Test AUC: 0.0551

--- Round 317/500 ---
Averaged Train Loss: 1.4692
Averaged Test Accuracy: 0.4583
Averaged Test AUC: 0.8564
Std Test Accuracy: 0.2018
Std Test AUC: 0.0579

--- Round 318/500 ---
Averaged Train Loss: 1.4449
Averaged Test Accuracy: 0.4641
Averaged Test AUC: 0.8535
Std Test Accuracy: 0.1743
Std Test AUC: 0.0549

--- Round 319/500 ---
Averaged Train Loss: 1.3909
Averaged Test Accuracy: 0.4869
Averaged Test AUC: 0.8596
Std Test Accuracy: 0.1568
Std Test AUC: 0.0577

--- Round 320/500 ---
Averaged Train Loss: 1.3651
Averaged Test Accuracy: 0.5012
Averaged Test AUC: 0.8672
Std Test Accuracy: 0.1746
Std Test AUC: 0.0490

--- Round 321/500 ---
Averaged Train Loss: 1.4218
Averaged Test Accuracy: 0.4709
Averaged Test AUC: 0.8622
Std Test Accuracy: 0.1979
Std Test AUC: 0.0543

--- Round 322/500 ---
Averaged Train Loss: 1.4800
Averaged Test Accuracy: 0.4554
Averaged Test AUC: 0.8494
Std Test Accuracy: 0.1481
Std Test AUC: 0.0591

--- Round 323/500 ---
Averaged Train Loss: 1.4165
Averaged Test Accuracy: 0.4802
Averaged Test AUC: 0.8615
Std Test Accuracy: 0.1535
Std Test AUC: 0.0517

--- Round 324/500 ---
Averaged Train Loss: 1.4872
Averaged Test Accuracy: 0.4693
Averaged Test AUC: 0.8530
Std Test Accuracy: 0.1810
Std Test AUC: 0.0745

--- Round 325/500 ---
Averaged Train Loss: 1.4833
Averaged Test Accuracy: 0.4645
Averaged Test AUC: 0.8584
Std Test Accuracy: 0.2051
Std Test AUC: 0.0534

--- Round 326/500 ---
Averaged Train Loss: 1.5511
Averaged Test Accuracy: 0.4304
Averaged Test AUC: 0.8445
Std Test Accuracy: 0.1817
Std Test AUC: 0.0704

--- Round 327/500 ---
Averaged Train Loss: 1.4111
Averaged Test Accuracy: 0.4812
Averaged Test AUC: 0.8624
Std Test Accuracy: 0.1693
Std Test AUC: 0.0518

--- Round 328/500 ---
Averaged Train Loss: 1.4636
Averaged Test Accuracy: 0.4560
Averaged Test AUC: 0.8549
Std Test Accuracy: 0.1910
Std Test AUC: 0.0642

--- Round 329/500 ---
Averaged Train Loss: 1.4872
Averaged Test Accuracy: 0.4479
Averaged Test AUC: 0.8518
Std Test Accuracy: 0.1537
Std Test AUC: 0.0499

--- Round 330/500 ---
Averaged Train Loss: 1.3150
Averaged Test Accuracy: 0.5113
Averaged Test AUC: 0.8708
Std Test Accuracy: 0.1467
Std Test AUC: 0.0437

--- Round 331/500 ---
Averaged Train Loss: 1.3849
Averaged Test Accuracy: 0.4924
Averaged Test AUC: 0.8675
Std Test Accuracy: 0.1790
Std Test AUC: 0.0512

--- Round 332/500 ---
Averaged Train Loss: 1.7284
Averaged Test Accuracy: 0.3850
Averaged Test AUC: 0.8315
Std Test Accuracy: 0.2057
Std Test AUC: 0.0696

--- Round 333/500 ---
Averaged Train Loss: 1.4682
Averaged Test Accuracy: 0.4491
Averaged Test AUC: 0.8574
Std Test Accuracy: 0.1662
Std Test AUC: 0.0488

--- Round 334/500 ---
Averaged Train Loss: 1.5136
Averaged Test Accuracy: 0.4600
Averaged Test AUC: 0.8532
Std Test Accuracy: 0.2029
Std Test AUC: 0.0675

--- Round 335/500 ---
Averaged Train Loss: 1.4652
Averaged Test Accuracy: 0.4655
Averaged Test AUC: 0.8545
Std Test Accuracy: 0.1620
Std Test AUC: 0.0523

--- Round 336/500 ---
Averaged Train Loss: 1.4914
Averaged Test Accuracy: 0.4417
Averaged Test AUC: 0.8538
Std Test Accuracy: 0.1556
Std Test AUC: 0.0502

--- Round 337/500 ---
Averaged Train Loss: 1.2977
Averaged Test Accuracy: 0.5206
Averaged Test AUC: 0.8729
Std Test Accuracy: 0.1440
Std Test AUC: 0.0400

--- Round 338/500 ---
Averaged Train Loss: 1.2973
Averaged Test Accuracy: 0.5222
Averaged Test AUC: 0.8714
Std Test Accuracy: 0.1244
Std Test AUC: 0.0429

--- Round 339/500 ---
Averaged Train Loss: 1.3326
Averaged Test Accuracy: 0.5046
Averaged Test AUC: 0.8703
Std Test Accuracy: 0.1288
Std Test AUC: 0.0324

--- Round 340/500 ---
Averaged Train Loss: 1.3963
Averaged Test Accuracy: 0.4930
Averaged Test AUC: 0.8609
Std Test Accuracy: 0.1396
Std Test AUC: 0.0517

--- Round 341/500 ---
Averaged Train Loss: 1.3006
Averaged Test Accuracy: 0.5166
Averaged Test AUC: 0.8735
Std Test Accuracy: 0.1629
Std Test AUC: 0.0456

--- Round 342/500 ---
Averaged Train Loss: 1.3701
Averaged Test Accuracy: 0.4927
Averaged Test AUC: 0.8699
Std Test Accuracy: 0.1978
Std Test AUC: 0.0498

--- Round 343/500 ---
Averaged Train Loss: 1.3225
Averaged Test Accuracy: 0.5112
Averaged Test AUC: 0.8707
Std Test Accuracy: 0.1331
Std Test AUC: 0.0429

--- Round 344/500 ---
Averaged Train Loss: 1.2917
Averaged Test Accuracy: 0.5235
Averaged Test AUC: 0.8732
Std Test Accuracy: 0.1403
Std Test AUC: 0.0449

--- Round 345/500 ---
Averaged Train Loss: 1.2892
Averaged Test Accuracy: 0.5205
Averaged Test AUC: 0.8742
Std Test Accuracy: 0.1426
Std Test AUC: 0.0409

--- Round 346/500 ---
Averaged Train Loss: 1.3705
Averaged Test Accuracy: 0.4925
Averaged Test AUC: 0.8662
Std Test Accuracy: 0.1695
Std Test AUC: 0.0539

--- Round 347/500 ---
Averaged Train Loss: 1.3400
Averaged Test Accuracy: 0.5025
Averaged Test AUC: 0.8704
Std Test Accuracy: 0.1472
Std Test AUC: 0.0366

--- Round 348/500 ---
Averaged Train Loss: 1.3381
Averaged Test Accuracy: 0.5020
Averaged Test AUC: 0.8707
Std Test Accuracy: 0.1496
Std Test AUC: 0.0400

--- Round 349/500 ---
Averaged Train Loss: 1.4274
Averaged Test Accuracy: 0.4691
Averaged Test AUC: 0.8648
Std Test Accuracy: 0.2270
Std Test AUC: 0.0584

--- Round 350/500 ---
Averaged Train Loss: 1.3111
Averaged Test Accuracy: 0.5178
Averaged Test AUC: 0.8689
Std Test Accuracy: 0.1432
Std Test AUC: 0.0461

--- Round 351/500 ---
Averaged Train Loss: 1.3215
Averaged Test Accuracy: 0.5106
Averaged Test AUC: 0.8707
Std Test Accuracy: 0.1799
Std Test AUC: 0.0472

--- Round 352/500 ---
Averaged Train Loss: 1.3616
Averaged Test Accuracy: 0.4837
Averaged Test AUC: 0.8670
Std Test Accuracy: 0.1295
Std Test AUC: 0.0323

--- Round 353/500 ---
Averaged Train Loss: 1.3024
Averaged Test Accuracy: 0.5169
Averaged Test AUC: 0.8729
Std Test Accuracy: 0.1563
Std Test AUC: 0.0431

--- Round 354/500 ---
Averaged Train Loss: 1.2726
Averaged Test Accuracy: 0.5277
Averaged Test AUC: 0.8770
Std Test Accuracy: 0.1424
Std Test AUC: 0.0398

--- Round 355/500 ---
Averaged Train Loss: 1.2995
Averaged Test Accuracy: 0.5178
Averaged Test AUC: 0.8740
Std Test Accuracy: 0.1447
Std Test AUC: 0.0407

--- Round 356/500 ---
Averaged Train Loss: 1.3469
Averaged Test Accuracy: 0.5061
Averaged Test AUC: 0.8671
Std Test Accuracy: 0.1796
Std Test AUC: 0.0595

--- Round 357/500 ---
Averaged Train Loss: 1.2987
Averaged Test Accuracy: 0.5193
Averaged Test AUC: 0.8727
Std Test Accuracy: 0.1573
Std Test AUC: 0.0489

--- Round 358/500 ---
Averaged Train Loss: 1.3531
Averaged Test Accuracy: 0.5028
Averaged Test AUC: 0.8671
Std Test Accuracy: 0.1760
Std Test AUC: 0.0484

--- Round 359/500 ---
Averaged Train Loss: 1.2669
Averaged Test Accuracy: 0.5318
Averaged Test AUC: 0.8769
Std Test Accuracy: 0.1190
Std Test AUC: 0.0333

--- Round 360/500 ---
Averaged Train Loss: 1.2777
Averaged Test Accuracy: 0.5214
Averaged Test AUC: 0.8757
Std Test Accuracy: 0.1403
Std Test AUC: 0.0375

--- Round 361/500 ---
Averaged Train Loss: 1.3745
Averaged Test Accuracy: 0.4916
Averaged Test AUC: 0.8658
Std Test Accuracy: 0.1734
Std Test AUC: 0.0489

--- Round 362/500 ---
Averaged Train Loss: 1.3100
Averaged Test Accuracy: 0.5127
Averaged Test AUC: 0.8713
Std Test Accuracy: 0.1522
Std Test AUC: 0.0452

--- Round 363/500 ---
Averaged Train Loss: 1.3312
Averaged Test Accuracy: 0.5092
Averaged Test AUC: 0.8709
Std Test Accuracy: 0.1386
Std Test AUC: 0.0471

--- Round 364/500 ---
Averaged Train Loss: 1.3146
Averaged Test Accuracy: 0.5118
Averaged Test AUC: 0.8734
Std Test Accuracy: 0.1640
Std Test AUC: 0.0472

--- Round 365/500 ---
Averaged Train Loss: 1.3902
Averaged Test Accuracy: 0.4770
Averaged Test AUC: 0.8635
Std Test Accuracy: 0.1502
Std Test AUC: 0.0438

--- Round 366/500 ---
Averaged Train Loss: 1.2759
Averaged Test Accuracy: 0.5243
Averaged Test AUC: 0.8754
Std Test Accuracy: 0.1223
Std Test AUC: 0.0336

--- Round 367/500 ---
Averaged Train Loss: 1.3102
Averaged Test Accuracy: 0.5116
Averaged Test AUC: 0.8723
Std Test Accuracy: 0.1534
Std Test AUC: 0.0435

--- Round 368/500 ---
Averaged Train Loss: 1.2851
Averaged Test Accuracy: 0.5267
Averaged Test AUC: 0.8759
Std Test Accuracy: 0.1342
Std Test AUC: 0.0377

--- Round 369/500 ---
Averaged Train Loss: 1.2669
Averaged Test Accuracy: 0.5294
Averaged Test AUC: 0.8752
Std Test Accuracy: 0.1259
Std Test AUC: 0.0347

--- Round 370/500 ---
Averaged Train Loss: 1.2783
Averaged Test Accuracy: 0.5249
Averaged Test AUC: 0.8749
Std Test Accuracy: 0.1406
Std Test AUC: 0.0374

--- Round 371/500 ---
Averaged Train Loss: 1.2976
Averaged Test Accuracy: 0.5169
Averaged Test AUC: 0.8736
Std Test Accuracy: 0.1343
Std Test AUC: 0.0380

--- Round 372/500 ---
Averaged Train Loss: 1.2633
Averaged Test Accuracy: 0.5320
Averaged Test AUC: 0.8760
Std Test Accuracy: 0.1313
Std Test AUC: 0.0361

--- Round 373/500 ---
Averaged Train Loss: 1.4199
Averaged Test Accuracy: 0.4655
Averaged Test AUC: 0.8610
Std Test Accuracy: 0.1462
Std Test AUC: 0.0461

--- Round 374/500 ---
Averaged Train Loss: 1.2994
Averaged Test Accuracy: 0.5166
Averaged Test AUC: 0.8737
Std Test Accuracy: 0.1679
Std Test AUC: 0.0503

--- Round 375/500 ---
Averaged Train Loss: 1.2755
Averaged Test Accuracy: 0.5254
Averaged Test AUC: 0.8745
Std Test Accuracy: 0.1200
Std Test AUC: 0.0366

--- Round 376/500 ---
Averaged Train Loss: 1.3068
Averaged Test Accuracy: 0.5164
Averaged Test AUC: 0.8733
Std Test Accuracy: 0.1770
Std Test AUC: 0.0482

--- Round 377/500 ---
Averaged Train Loss: 1.2908
Averaged Test Accuracy: 0.5208
Averaged Test AUC: 0.8736
Std Test Accuracy: 0.1542
Std Test AUC: 0.0505

--- Round 378/500 ---
Averaged Train Loss: 1.3134
Averaged Test Accuracy: 0.5165
Averaged Test AUC: 0.8722
Std Test Accuracy: 0.1193
Std Test AUC: 0.0371

--- Round 379/500 ---
Averaged Train Loss: 1.3922
Averaged Test Accuracy: 0.4774
Averaged Test AUC: 0.8654
Std Test Accuracy: 0.2014
Std Test AUC: 0.0513

--- Round 380/500 ---
Averaged Train Loss: 1.2772
Averaged Test Accuracy: 0.5238
Averaged Test AUC: 0.8742
Std Test Accuracy: 0.1615
Std Test AUC: 0.0444

--- Round 381/500 ---
Averaged Train Loss: 1.2945
Averaged Test Accuracy: 0.5157
Averaged Test AUC: 0.8737
Std Test Accuracy: 0.1516
Std Test AUC: 0.0399

--- Round 382/500 ---
Averaged Train Loss: 1.2841
Averaged Test Accuracy: 0.5244
Averaged Test AUC: 0.8749
Std Test Accuracy: 0.1584
Std Test AUC: 0.0410

--- Round 383/500 ---
Averaged Train Loss: 1.3057
Averaged Test Accuracy: 0.5146
Averaged Test AUC: 0.8725
Std Test Accuracy: 0.1662
Std Test AUC: 0.0507

--- Round 384/500 ---
Averaged Train Loss: 1.2490
Averaged Test Accuracy: 0.5341
Averaged Test AUC: 0.8776
Std Test Accuracy: 0.1271
Std Test AUC: 0.0347

--- Round 385/500 ---
Averaged Train Loss: 1.3385
Averaged Test Accuracy: 0.4947
Averaged Test AUC: 0.8672
Std Test Accuracy: 0.1597
Std Test AUC: 0.0479

--- Round 386/500 ---
Averaged Train Loss: 1.2493
Averaged Test Accuracy: 0.5329
Averaged Test AUC: 0.8783
Std Test Accuracy: 0.1136
Std Test AUC: 0.0288

--- Round 387/500 ---
Averaged Train Loss: 1.3021
Averaged Test Accuracy: 0.5170
Averaged Test AUC: 0.8749
Std Test Accuracy: 0.1529
Std Test AUC: 0.0452

--- Round 388/500 ---
Averaged Train Loss: 1.3394
Averaged Test Accuracy: 0.5035
Averaged Test AUC: 0.8714
Std Test Accuracy: 0.1698
Std Test AUC: 0.0492

--- Round 389/500 ---
Averaged Train Loss: 1.2610
Averaged Test Accuracy: 0.5345
Averaged Test AUC: 0.8761
Std Test Accuracy: 0.1094
Std Test AUC: 0.0368

--- Round 390/500 ---
Averaged Train Loss: 1.3051
Averaged Test Accuracy: 0.5138
Averaged Test AUC: 0.8735
Std Test Accuracy: 0.1586
Std Test AUC: 0.0477

--- Round 391/500 ---
Averaged Train Loss: 1.3263
Averaged Test Accuracy: 0.5032
Averaged Test AUC: 0.8718
Std Test Accuracy: 0.1366
Std Test AUC: 0.0355

--- Round 392/500 ---
Averaged Train Loss: 1.2942
Averaged Test Accuracy: 0.5204
Averaged Test AUC: 0.8757
Std Test Accuracy: 0.1470
Std Test AUC: 0.0378

--- Round 393/500 ---
Averaged Train Loss: 1.2562
Averaged Test Accuracy: 0.5355
Averaged Test AUC: 0.8781
Std Test Accuracy: 0.1424
Std Test AUC: 0.0358

--- Round 394/500 ---
Averaged Train Loss: 1.2542
Averaged Test Accuracy: 0.5349
Averaged Test AUC: 0.8787
Std Test Accuracy: 0.1268
Std Test AUC: 0.0381

--- Round 395/500 ---
Averaged Train Loss: 1.3809
Averaged Test Accuracy: 0.4719
Averaged Test AUC: 0.8650
Std Test Accuracy: 0.1389
Std Test AUC: 0.0381

--- Round 396/500 ---
Averaged Train Loss: 1.2615
Averaged Test Accuracy: 0.5319
Averaged Test AUC: 0.8777
Std Test Accuracy: 0.1428
Std Test AUC: 0.0365

--- Round 397/500 ---
Averaged Train Loss: 1.3285
Averaged Test Accuracy: 0.5128
Averaged Test AUC: 0.8722
Std Test Accuracy: 0.1655
Std Test AUC: 0.0450

--- Round 398/500 ---
Averaged Train Loss: 1.2585
Averaged Test Accuracy: 0.5326
Averaged Test AUC: 0.8770
Std Test Accuracy: 0.1212
Std Test AUC: 0.0366

--- Round 399/500 ---
Averaged Train Loss: 1.3510
Averaged Test Accuracy: 0.5007
Averaged Test AUC: 0.8698
Std Test Accuracy: 0.1821
Std Test AUC: 0.0536

--- Round 400/500 ---
Averaged Train Loss: 1.2938
Averaged Test Accuracy: 0.5230
Averaged Test AUC: 0.8751
Std Test Accuracy: 0.1737
Std Test AUC: 0.0458

--- Round 401/500 ---
Averaged Train Loss: 1.2803
Averaged Test Accuracy: 0.5248
Averaged Test AUC: 0.8756
Std Test Accuracy: 0.1548
Std Test AUC: 0.0401

--- Round 402/500 ---
Averaged Train Loss: 1.2684
Averaged Test Accuracy: 0.5333
Averaged Test AUC: 0.8758
Std Test Accuracy: 0.1274
Std Test AUC: 0.0397

--- Round 403/500 ---
Averaged Train Loss: 1.3176
Averaged Test Accuracy: 0.5120
Averaged Test AUC: 0.8737
Std Test Accuracy: 0.1691
Std Test AUC: 0.0479

--- Round 404/500 ---
Averaged Train Loss: 1.2992
Averaged Test Accuracy: 0.5223
Averaged Test AUC: 0.8735
Std Test Accuracy: 0.1727
Std Test AUC: 0.0539

--- Round 405/500 ---
Averaged Train Loss: 1.3367
Averaged Test Accuracy: 0.5039
Averaged Test AUC: 0.8686
Std Test Accuracy: 0.1809
Std Test AUC: 0.0502

--- Round 406/500 ---
Averaged Train Loss: 1.4579
Averaged Test Accuracy: 0.4739
Averaged Test AUC: 0.8622
Std Test Accuracy: 0.2052
Std Test AUC: 0.0599

--- Round 407/500 ---
Averaged Train Loss: 1.2619
Averaged Test Accuracy: 0.5326
Averaged Test AUC: 0.8764
Std Test Accuracy: 0.1373
Std Test AUC: 0.0420

--- Round 408/500 ---
Averaged Train Loss: 1.2462
Averaged Test Accuracy: 0.5393
Averaged Test AUC: 0.8785
Std Test Accuracy: 0.1110
Std Test AUC: 0.0324

--- Round 409/500 ---
Averaged Train Loss: 1.3274
Averaged Test Accuracy: 0.5035
Averaged Test AUC: 0.8721
Std Test Accuracy: 0.1973
Std Test AUC: 0.0523

--- Round 410/500 ---
Averaged Train Loss: 1.4150
Averaged Test Accuracy: 0.4841
Averaged Test AUC: 0.8645
Std Test Accuracy: 0.2039
Std Test AUC: 0.0578

--- Round 411/500 ---
Averaged Train Loss: 1.3341
Averaged Test Accuracy: 0.5010
Averaged Test AUC: 0.8686
Std Test Accuracy: 0.1518
Std Test AUC: 0.0441

--- Round 412/500 ---
Averaged Train Loss: 1.2634
Averaged Test Accuracy: 0.5277
Averaged Test AUC: 0.8763
Std Test Accuracy: 0.1665
Std Test AUC: 0.0455

--- Round 413/500 ---
Averaged Train Loss: 1.3690
Averaged Test Accuracy: 0.5012
Averaged Test AUC: 0.8636
Std Test Accuracy: 0.2009
Std Test AUC: 0.0688

--- Round 414/500 ---
Averaged Train Loss: 1.2532
Averaged Test Accuracy: 0.5350
Averaged Test AUC: 0.8786
Std Test Accuracy: 0.1483
Std Test AUC: 0.0392

--- Round 415/500 ---
Averaged Train Loss: 1.2729
Averaged Test Accuracy: 0.5261
Averaged Test AUC: 0.8752
Std Test Accuracy: 0.1456
Std Test AUC: 0.0466

--- Round 416/500 ---
Averaged Train Loss: 1.2358
Averaged Test Accuracy: 0.5395
Averaged Test AUC: 0.8796
Std Test Accuracy: 0.1253
Std Test AUC: 0.0325

--- Round 417/500 ---
Averaged Train Loss: 1.3238
Averaged Test Accuracy: 0.4997
Averaged Test AUC: 0.8709
Std Test Accuracy: 0.1257
Std Test AUC: 0.0335

--- Round 418/500 ---
Averaged Train Loss: 1.3204
Averaged Test Accuracy: 0.5110
Averaged Test AUC: 0.8735
Std Test Accuracy: 0.1527
Std Test AUC: 0.0417

--- Round 419/500 ---
Averaged Train Loss: 1.3177
Averaged Test Accuracy: 0.5059
Averaged Test AUC: 0.8733
Std Test Accuracy: 0.1386
Std Test AUC: 0.0418

--- Round 420/500 ---
Averaged Train Loss: 1.2550
Averaged Test Accuracy: 0.5313
Averaged Test AUC: 0.8761
Std Test Accuracy: 0.1279
Std Test AUC: 0.0355

--- Round 421/500 ---
Averaged Train Loss: 1.3092
Averaged Test Accuracy: 0.5164
Averaged Test AUC: 0.8747
Std Test Accuracy: 0.1765
Std Test AUC: 0.0514

--- Round 422/500 ---
Averaged Train Loss: 1.2712
Averaged Test Accuracy: 0.5261
Averaged Test AUC: 0.8743
Std Test Accuracy: 0.1320
Std Test AUC: 0.0373

--- Round 423/500 ---
Averaged Train Loss: 1.2547
Averaged Test Accuracy: 0.5306
Averaged Test AUC: 0.8784
Std Test Accuracy: 0.1109
Std Test AUC: 0.0319

--- Round 424/500 ---
Averaged Train Loss: 1.2410
Averaged Test Accuracy: 0.5413
Averaged Test AUC: 0.8795
Std Test Accuracy: 0.1289
Std Test AUC: 0.0363

--- Round 425/500 ---
Averaged Train Loss: 1.2825
Averaged Test Accuracy: 0.5233
Averaged Test AUC: 0.8752
Std Test Accuracy: 0.1647
Std Test AUC: 0.0470

--- Round 426/500 ---
Averaged Train Loss: 1.3182
Averaged Test Accuracy: 0.5126
Averaged Test AUC: 0.8741
Std Test Accuracy: 0.1829
Std Test AUC: 0.0513

--- Round 427/500 ---
Averaged Train Loss: 1.2738
Averaged Test Accuracy: 0.5276
Averaged Test AUC: 0.8740
Std Test Accuracy: 0.1351
Std Test AUC: 0.0471

--- Round 428/500 ---
Averaged Train Loss: 1.2463
Averaged Test Accuracy: 0.5343
Averaged Test AUC: 0.8794
Std Test Accuracy: 0.1025
Std Test AUC: 0.0272

--- Round 429/500 ---
Averaged Train Loss: 1.2764
Averaged Test Accuracy: 0.5250
Averaged Test AUC: 0.8764
Std Test Accuracy: 0.1516
Std Test AUC: 0.0428

--- Round 430/500 ---
Averaged Train Loss: 1.3014
Averaged Test Accuracy: 0.5178
Averaged Test AUC: 0.8736
Std Test Accuracy: 0.1675
Std Test AUC: 0.0504

--- Round 431/500 ---
Averaged Train Loss: 1.2493
Averaged Test Accuracy: 0.5341
Averaged Test AUC: 0.8788
Std Test Accuracy: 0.1244
Std Test AUC: 0.0346

--- Round 432/500 ---
Averaged Train Loss: 1.2361
Averaged Test Accuracy: 0.5386
Averaged Test AUC: 0.8797
Std Test Accuracy: 0.1065
Std Test AUC: 0.0279

--- Round 433/500 ---
Averaged Train Loss: 1.2400
Averaged Test Accuracy: 0.5369
Averaged Test AUC: 0.8793
Std Test Accuracy: 0.1315
Std Test AUC: 0.0334

--- Round 434/500 ---
Averaged Train Loss: 1.2606
Averaged Test Accuracy: 0.5313
Averaged Test AUC: 0.8774
Std Test Accuracy: 0.1576
Std Test AUC: 0.0444

--- Round 435/500 ---
Averaged Train Loss: 1.2841
Averaged Test Accuracy: 0.5206
Averaged Test AUC: 0.8751
Std Test Accuracy: 0.1655
Std Test AUC: 0.0517

--- Round 436/500 ---
Averaged Train Loss: 1.2236
Averaged Test Accuracy: 0.5445
Averaged Test AUC: 0.8809
Std Test Accuracy: 0.1235
Std Test AUC: 0.0328

--- Round 437/500 ---
Averaged Train Loss: 1.2577
Averaged Test Accuracy: 0.5331
Averaged Test AUC: 0.8784
Std Test Accuracy: 0.1409
Std Test AUC: 0.0366

--- Round 438/500 ---
Averaged Train Loss: 1.2689
Averaged Test Accuracy: 0.5281
Averaged Test AUC: 0.8763
Std Test Accuracy: 0.1691
Std Test AUC: 0.0446

--- Round 439/500 ---
Averaged Train Loss: 1.3455
Averaged Test Accuracy: 0.4950
Averaged Test AUC: 0.8680
Std Test Accuracy: 0.1489
Std Test AUC: 0.0440

--- Round 440/500 ---
Averaged Train Loss: 1.2260
Averaged Test Accuracy: 0.5418
Averaged Test AUC: 0.8804
Std Test Accuracy: 0.1190
Std Test AUC: 0.0296

--- Round 441/500 ---
Averaged Train Loss: 1.2298
Averaged Test Accuracy: 0.5405
Averaged Test AUC: 0.8800
Std Test Accuracy: 0.1145
Std Test AUC: 0.0326

--- Round 442/500 ---
Averaged Train Loss: 1.2599
Averaged Test Accuracy: 0.5292
Averaged Test AUC: 0.8765
Std Test Accuracy: 0.1507
Std Test AUC: 0.0421

--- Round 443/500 ---
Averaged Train Loss: 1.2707
Averaged Test Accuracy: 0.5259
Averaged Test AUC: 0.8767
Std Test Accuracy: 0.1407
Std Test AUC: 0.0379

--- Round 444/500 ---
Averaged Train Loss: 1.2310
Averaged Test Accuracy: 0.5417
Averaged Test AUC: 0.8802
Std Test Accuracy: 0.1294
Std Test AUC: 0.0363

--- Round 445/500 ---
Averaged Train Loss: 1.2674
Averaged Test Accuracy: 0.5278
Averaged Test AUC: 0.8773
Std Test Accuracy: 0.1615
Std Test AUC: 0.0471

--- Round 446/500 ---
Averaged Train Loss: 1.3137
Averaged Test Accuracy: 0.5119
Averaged Test AUC: 0.8730
Std Test Accuracy: 0.1549
Std Test AUC: 0.0511

--- Round 447/500 ---
Averaged Train Loss: 1.2319
Averaged Test Accuracy: 0.5408
Averaged Test AUC: 0.8799
Std Test Accuracy: 0.1272
Std Test AUC: 0.0373

--- Round 448/500 ---
Averaged Train Loss: 1.2392
Averaged Test Accuracy: 0.5413
Averaged Test AUC: 0.8799
Std Test Accuracy: 0.1366
Std Test AUC: 0.0361

--- Round 449/500 ---
Averaged Train Loss: 1.3612
Averaged Test Accuracy: 0.4853
Averaged Test AUC: 0.8672
Std Test Accuracy: 0.1374
Std Test AUC: 0.0391

--- Round 450/500 ---
Averaged Train Loss: 1.3115
Averaged Test Accuracy: 0.5174
Averaged Test AUC: 0.8714
Std Test Accuracy: 0.1429
Std Test AUC: 0.0457

--- Round 451/500 ---
Averaged Train Loss: 1.2327
Averaged Test Accuracy: 0.5399
Averaged Test AUC: 0.8802
Std Test Accuracy: 0.1240
Std Test AUC: 0.0355

--- Round 452/500 ---
Averaged Train Loss: 1.2591
Averaged Test Accuracy: 0.5335
Averaged Test AUC: 0.8794
Std Test Accuracy: 0.1281
Std Test AUC: 0.0380

--- Round 453/500 ---
Averaged Train Loss: 1.2322
Averaged Test Accuracy: 0.5409
Averaged Test AUC: 0.8813
Std Test Accuracy: 0.1231
Std Test AUC: 0.0334

--- Round 454/500 ---
Averaged Train Loss: 1.3548
Averaged Test Accuracy: 0.4972
Averaged Test AUC: 0.8682
Std Test Accuracy: 0.1791
Std Test AUC: 0.0525

--- Round 455/500 ---
Averaged Train Loss: 1.2770
Averaged Test Accuracy: 0.5258
Averaged Test AUC: 0.8757
Std Test Accuracy: 0.1726
Std Test AUC: 0.0436

--- Round 456/500 ---
Averaged Train Loss: 1.2268
Averaged Test Accuracy: 0.5374
Averaged Test AUC: 0.8800
Std Test Accuracy: 0.1023
Std Test AUC: 0.0298

--- Round 457/500 ---
Averaged Train Loss: 1.2221
Averaged Test Accuracy: 0.5420
Averaged Test AUC: 0.8815
Std Test Accuracy: 0.1426
Std Test AUC: 0.0363

--- Round 458/500 ---
Averaged Train Loss: 1.2765
Averaged Test Accuracy: 0.5269
Averaged Test AUC: 0.8773
Std Test Accuracy: 0.1550
Std Test AUC: 0.0459

--- Round 459/500 ---
Averaged Train Loss: 1.3980
Averaged Test Accuracy: 0.4954
Averaged Test AUC: 0.8657
Std Test Accuracy: 0.2002
Std Test AUC: 0.0691

--- Round 460/500 ---
Averaged Train Loss: 1.2748
Averaged Test Accuracy: 0.5315
Averaged Test AUC: 0.8759
Std Test Accuracy: 0.1256
Std Test AUC: 0.0392

--- Round 461/500 ---
Averaged Train Loss: 1.2825
Averaged Test Accuracy: 0.5241
Averaged Test AUC: 0.8788
Std Test Accuracy: 0.1486
Std Test AUC: 0.0376

--- Round 462/500 ---
Averaged Train Loss: 1.2367
Averaged Test Accuracy: 0.5391
Averaged Test AUC: 0.8798
Std Test Accuracy: 0.1267
Std Test AUC: 0.0331

--- Round 463/500 ---
Averaged Train Loss: 1.2910
Averaged Test Accuracy: 0.5151
Averaged Test AUC: 0.8752
Std Test Accuracy: 0.1484
Std Test AUC: 0.0413

--- Round 464/500 ---
Averaged Train Loss: 1.3273
Averaged Test Accuracy: 0.4990
Averaged Test AUC: 0.8706
Std Test Accuracy: 0.1360
Std Test AUC: 0.0381

--- Round 465/500 ---
Averaged Train Loss: 1.2542
Averaged Test Accuracy: 0.5345
Averaged Test AUC: 0.8788
Std Test Accuracy: 0.1530
Std Test AUC: 0.0431

--- Round 466/500 ---
Averaged Train Loss: 1.2380
Averaged Test Accuracy: 0.5383
Averaged Test AUC: 0.8802
Std Test Accuracy: 0.1395
Std Test AUC: 0.0371

--- Round 467/500 ---
Averaged Train Loss: 1.2447
Averaged Test Accuracy: 0.5376
Averaged Test AUC: 0.8798
Std Test Accuracy: 0.1595
Std Test AUC: 0.0438

--- Round 468/500 ---
Averaged Train Loss: 1.2678
Averaged Test Accuracy: 0.5318
Averaged Test AUC: 0.8766
Std Test Accuracy: 0.1752
Std Test AUC: 0.0517

--- Round 469/500 ---
Averaged Train Loss: 1.2785
Averaged Test Accuracy: 0.5270
Averaged Test AUC: 0.8744
Std Test Accuracy: 0.1229
Std Test AUC: 0.0401

--- Round 470/500 ---
Averaged Train Loss: 1.2555
Averaged Test Accuracy: 0.5304
Averaged Test AUC: 0.8783
Std Test Accuracy: 0.1348
Std Test AUC: 0.0386

--- Round 471/500 ---
Averaged Train Loss: 1.2157
Averaged Test Accuracy: 0.5478
Averaged Test AUC: 0.8812
Std Test Accuracy: 0.1338
Std Test AUC: 0.0376

--- Round 472/500 ---
Averaged Train Loss: 1.2444
Averaged Test Accuracy: 0.5373
Averaged Test AUC: 0.8789
Std Test Accuracy: 0.1502
Std Test AUC: 0.0434

--- Round 473/500 ---
Averaged Train Loss: 1.2632
Averaged Test Accuracy: 0.5291
Averaged Test AUC: 0.8760
Std Test Accuracy: 0.1555
Std Test AUC: 0.0425

--- Round 474/500 ---
Averaged Train Loss: 1.2583
Averaged Test Accuracy: 0.5280
Averaged Test AUC: 0.8771
Std Test Accuracy: 0.1387
Std Test AUC: 0.0361

--- Round 475/500 ---
Averaged Train Loss: 1.2525
Averaged Test Accuracy: 0.5366
Averaged Test AUC: 0.8797
Std Test Accuracy: 0.1489
Std Test AUC: 0.0406

--- Round 476/500 ---
Averaged Train Loss: 1.2467
Averaged Test Accuracy: 0.5365
Averaged Test AUC: 0.8792
Std Test Accuracy: 0.1382
Std Test AUC: 0.0379

--- Round 477/500 ---
Averaged Train Loss: 1.2444
Averaged Test Accuracy: 0.5382
Averaged Test AUC: 0.8799
Std Test Accuracy: 0.1659
Std Test AUC: 0.0426

--- Round 478/500 ---
Averaged Train Loss: 1.2587
Averaged Test Accuracy: 0.5315
Averaged Test AUC: 0.8772
Std Test Accuracy: 0.1527
Std Test AUC: 0.0428

--- Round 479/500 ---
Averaged Train Loss: 1.2584
Averaged Test Accuracy: 0.5295
Averaged Test AUC: 0.8793
Std Test Accuracy: 0.1667
Std Test AUC: 0.0418

--- Round 480/500 ---
Averaged Train Loss: 1.3879
Averaged Test Accuracy: 0.4776
Averaged Test AUC: 0.8680
Std Test Accuracy: 0.1847
Std Test AUC: 0.0505

--- Round 481/500 ---
Averaged Train Loss: 1.2267
Averaged Test Accuracy: 0.5418
Averaged Test AUC: 0.8806
Std Test Accuracy: 0.1353
Std Test AUC: 0.0399

--- Round 482/500 ---
Averaged Train Loss: 1.2283
Averaged Test Accuracy: 0.5449
Averaged Test AUC: 0.8791
Std Test Accuracy: 0.1221
Std Test AUC: 0.0384

--- Round 483/500 ---
Averaged Train Loss: 1.2132
Averaged Test Accuracy: 0.5438
Averaged Test AUC: 0.8812
Std Test Accuracy: 0.1247
Std Test AUC: 0.0354

--- Round 484/500 ---
Averaged Train Loss: 1.3079
Averaged Test Accuracy: 0.5162
Averaged Test AUC: 0.8747
Std Test Accuracy: 0.1680
Std Test AUC: 0.0443

--- Round 485/500 ---
Averaged Train Loss: 1.3320
Averaged Test Accuracy: 0.5134
Averaged Test AUC: 0.8696
Std Test Accuracy: 0.1851
Std Test AUC: 0.0626

--- Round 486/500 ---
Averaged Train Loss: 1.2637
Averaged Test Accuracy: 0.5278
Averaged Test AUC: 0.8769
Std Test Accuracy: 0.1452
Std Test AUC: 0.0447

--- Round 487/500 ---
Averaged Train Loss: 1.2148
Averaged Test Accuracy: 0.5440
Averaged Test AUC: 0.8817
Std Test Accuracy: 0.1136
Std Test AUC: 0.0297

--- Round 488/500 ---
Averaged Train Loss: 1.2606
Averaged Test Accuracy: 0.5301
Averaged Test AUC: 0.8792
Std Test Accuracy: 0.1557
Std Test AUC: 0.0415

--- Round 489/500 ---
Averaged Train Loss: 1.3027
Averaged Test Accuracy: 0.5197
Averaged Test AUC: 0.8763
Std Test Accuracy: 0.1715
Std Test AUC: 0.0469

--- Round 490/500 ---
Averaged Train Loss: 1.3154
Averaged Test Accuracy: 0.5150
Averaged Test AUC: 0.8739
Std Test Accuracy: 0.1720
Std Test AUC: 0.0499

--- Round 491/500 ---
Averaged Train Loss: 1.2491
Averaged Test Accuracy: 0.5321
Averaged Test AUC: 0.8774
Std Test Accuracy: 0.1322
Std Test AUC: 0.0365

--- Round 492/500 ---
Averaged Train Loss: 1.3527
Averaged Test Accuracy: 0.5022
Averaged Test AUC: 0.8716
Std Test Accuracy: 0.1805
Std Test AUC: 0.0474

--- Round 493/500 ---
Averaged Train Loss: 1.2748
Averaged Test Accuracy: 0.5269
Averaged Test AUC: 0.8770
Std Test Accuracy: 0.1657
Std Test AUC: 0.0473

--- Round 494/500 ---
Averaged Train Loss: 1.2303
Averaged Test Accuracy: 0.5419
Averaged Test AUC: 0.8807
Std Test Accuracy: 0.1218
Std Test AUC: 0.0327

--- Round 495/500 ---
Averaged Train Loss: 1.2221
Averaged Test Accuracy: 0.5432
Averaged Test AUC: 0.8814
Std Test Accuracy: 0.1165
Std Test AUC: 0.0333

--- Round 496/500 ---
Averaged Train Loss: 1.2443
Averaged Test Accuracy: 0.5356
Averaged Test AUC: 0.8781
Std Test Accuracy: 0.1340
Std Test AUC: 0.0399

--- Round 497/500 ---
Averaged Train Loss: 1.2613
Averaged Test Accuracy: 0.5287
Averaged Test AUC: 0.8771
Std Test Accuracy: 0.1563
Std Test AUC: 0.0454

--- Round 498/500 ---
Averaged Train Loss: 1.4084
Averaged Test Accuracy: 0.4873
Averaged Test AUC: 0.8658
Std Test Accuracy: 0.1970
Std Test AUC: 0.0560

--- Round 499/500 ---
Averaged Train Loss: 1.2092
Averaged Test Accuracy: 0.5485
Averaged Test AUC: 0.8821
Std Test Accuracy: 0.1240
Std Test AUC: 0.0322

--- Round 500/500 ---
Averaged Train Loss: 1.2273
Averaged Test Accuracy: 0.5395
Averaged Test AUC: 0.8808
Std Test Accuracy: 0.1321
Std Test AUC: 0.0340

========== Training Complete ==========
Best Test Accuracy: 0.5484965407131452
File path: ../results/Cifar10_FedEntPlusSmooth_smooth_trial01_0071_0.h5

Average time cost: 1753.16s.
Length:  501
std for best accuracy: 0.0
mean for best accuracy: 0.5484965407131452
All done!

Storage on cuda:0
-------------------------------------------------------------------------------
Total Tensors: 200306664 	Used Memory: 553.17M
The allocated memory on cuda:0: 571.29M
Memory differs due to the matrix alignment or invisible gradient buffer tensors
-------------------------------------------------------------------------------
