==================================================
goal = smooth_trial01_0001
device = cuda
device_id = 0
dataset = Cifar10
num_classes = 10
model = CNN
batch_size = 64
local_learning_rate = 0.01
learning_rate_decay = True
learning_rate_decay_gamma = 0.98
global_rounds = 500
top_cnt = 100
local_epochs = 5
algorithm = FedEntPlusSmooth
join_ratio = 0.1
random_join_ratio = False
num_clients = 100
prev = 0
times = 1
eval_gap = 1
save_folder_name = items
auto_break = False
dlg_eval = False
dlg_gap = 100
batch_num_per_client = 2
num_new_clients = 0
fine_tuning_epoch_new = 0
feature_dim = 512
vocab_size = 32000
max_len = 200
client_drop_rate = 0.0
train_slow_rate = 0.0
send_slow_rate = 0.0
time_select = False
time_threthold = 10000
beta = 0.0
lamda = 1.0
mu = 0.0
K = 5
p_learning_rate = 0.01
M = 5
itk = 4000
alphaK = 1.0
sigma = 1.0
alpha = 1.0
plocal_epochs = 1
tau = 1.0
fine_tuning_epochs = 10
dr_learning_rate = 0.0
L = 1.0
noise_dim = 512
generator_learning_rate = 0.005
hidden_dim = 512
server_epochs = 1000
localize_feature_extractor = False
server_learning_rate = 1.0
eta = 1.0
rand_percent = 80
layer_idx = 2
mentee_learning_rate = 0.005
T_start = 0.95
T_end = 0.98
momentum = 0.9
kl_weight = 0.0
buffer_size = 0
dp_epsilon = 0.0
H_min = None
alpha_vp = 0.0
enable_dynamic_param = False
log_fedent = False
log_filename = None
dynamic_config_path = /home/john/PFLlib/system/auto_configs/smooth_trial01_0001.json
==================================================

============= Running time: 0th =============
Creating server and clients ...
FedAvgCNN(
  (conv1): Sequential(
    (0): Conv2d(3, 32, kernel_size=(5, 5), stride=(1, 1))
    (1): ReLU(inplace=True)
    (2): MaxPool2d(kernel_size=(2, 2), stride=(2, 2), padding=0, dilation=1, ceil_mode=False)
  )
  (conv2): Sequential(
    (0): Conv2d(32, 64, kernel_size=(5, 5), stride=(1, 1))
    (1): ReLU(inplace=True)
    (2): MaxPool2d(kernel_size=(2, 2), stride=(2, 2), padding=0, dilation=1, ceil_mode=False)
  )
  (fc1): Sequential(
    (0): Linear(in_features=1600, out_features=512, bias=True)
    (1): ReLU(inplace=True)
  )
  (fc): Linear(in_features=512, out_features=10, bias=True)
)

Join ratio / total clients: 0.1 / 100
Finished creating server and clients.

--- Round 0/500 ---
Averaged Train Loss: 2.3038
Averaged Test Accuracy: 0.0928
Averaged Test AUC: 0.4894
Std Test Accuracy: 0.1434
Std Test AUC: 0.2233

--- Round 1/500 ---
Averaged Train Loss: 2.3698
Averaged Test Accuracy: 0.1088
Averaged Test AUC: 0.5091
Std Test Accuracy: 0.2031
Std Test AUC: 0.2513

--- Round 2/500 ---
Averaged Train Loss: 2.5594
Averaged Test Accuracy: 0.1029
Averaged Test AUC: 0.5201
Std Test Accuracy: 0.2029
Std Test AUC: 0.2444

--- Round 3/500 ---
Averaged Train Loss: 2.5782
Averaged Test Accuracy: 0.1471
Averaged Test AUC: 0.5354
Std Test Accuracy: 0.1680
Std Test AUC: 0.2492

--- Round 4/500 ---
Averaged Train Loss: 2.5204
Averaged Test Accuracy: 0.1648
Averaged Test AUC: 0.5616
Std Test Accuracy: 0.1861
Std Test AUC: 0.2515

--- Round 5/500 ---
Averaged Train Loss: 2.5136
Averaged Test Accuracy: 0.1487
Averaged Test AUC: 0.5799
Std Test Accuracy: 0.2084
Std Test AUC: 0.2366

--- Round 6/500 ---
Averaged Train Loss: 2.4246
Averaged Test Accuracy: 0.1949
Averaged Test AUC: 0.5985
Std Test Accuracy: 0.1774
Std Test AUC: 0.2386

--- Round 7/500 ---
Averaged Train Loss: 2.4484
Averaged Test Accuracy: 0.1569
Averaged Test AUC: 0.6176
Std Test Accuracy: 0.2100
Std Test AUC: 0.2175

--- Round 8/500 ---
Averaged Train Loss: 2.3930
Averaged Test Accuracy: 0.2107
Averaged Test AUC: 0.6256
Std Test Accuracy: 0.1874
Std Test AUC: 0.2209

--- Round 9/500 ---
Averaged Train Loss: 2.4131
Averaged Test Accuracy: 0.1675
Averaged Test AUC: 0.6414
Std Test Accuracy: 0.2051
Std Test AUC: 0.2050

--- Round 10/500 ---
Averaged Train Loss: 2.4215
Averaged Test Accuracy: 0.2143
Averaged Test AUC: 0.6359
Std Test Accuracy: 0.2004
Std Test AUC: 0.2173

--- Round 11/500 ---
Averaged Train Loss: 2.3151
Averaged Test Accuracy: 0.2163
Averaged Test AUC: 0.6588
Std Test Accuracy: 0.2005
Std Test AUC: 0.2055

--- Round 12/500 ---
Averaged Train Loss: 2.2363
Averaged Test Accuracy: 0.2399
Averaged Test AUC: 0.6724
Std Test Accuracy: 0.1963
Std Test AUC: 0.2023

--- Round 13/500 ---
Averaged Train Loss: 2.2219
Averaged Test Accuracy: 0.2471
Averaged Test AUC: 0.6780
Std Test Accuracy: 0.1861
Std Test AUC: 0.1979

--- Round 14/500 ---
Averaged Train Loss: 2.1980
Averaged Test Accuracy: 0.2459
Averaged Test AUC: 0.6841
Std Test Accuracy: 0.1830
Std Test AUC: 0.1832

--- Round 15/500 ---
Averaged Train Loss: 2.2737
Averaged Test Accuracy: 0.2215
Averaged Test AUC: 0.6711
Std Test Accuracy: 0.1979
Std Test AUC: 0.1845

--- Round 16/500 ---
Averaged Train Loss: 2.1801
Averaged Test Accuracy: 0.2405
Averaged Test AUC: 0.6930
Std Test Accuracy: 0.1773
Std Test AUC: 0.1797

--- Round 17/500 ---
Averaged Train Loss: 2.1633
Averaged Test Accuracy: 0.2590
Averaged Test AUC: 0.6990
Std Test Accuracy: 0.1860
Std Test AUC: 0.1829

--- Round 18/500 ---
Averaged Train Loss: 2.2031
Averaged Test Accuracy: 0.2259
Averaged Test AUC: 0.6973
Std Test Accuracy: 0.1887
Std Test AUC: 0.1829

--- Round 19/500 ---
Averaged Train Loss: 2.1861
Averaged Test Accuracy: 0.2580
Averaged Test AUC: 0.6999
Std Test Accuracy: 0.1803
Std Test AUC: 0.1886

--- Round 20/500 ---
Averaged Train Loss: 2.1697
Averaged Test Accuracy: 0.2627
Averaged Test AUC: 0.7028
Std Test Accuracy: 0.1765
Std Test AUC: 0.1788

--- Round 21/500 ---
Averaged Train Loss: 2.1530
Averaged Test Accuracy: 0.2801
Averaged Test AUC: 0.7087
Std Test Accuracy: 0.1883
Std Test AUC: 0.1877

--- Round 22/500 ---
Averaged Train Loss: 2.1536
Averaged Test Accuracy: 0.2595
Averaged Test AUC: 0.7116
Std Test Accuracy: 0.1778
Std Test AUC: 0.1837

--- Round 23/500 ---
Averaged Train Loss: 2.1695
Averaged Test Accuracy: 0.2751
Averaged Test AUC: 0.7101
Std Test Accuracy: 0.2050
Std Test AUC: 0.1894

--- Round 24/500 ---
Averaged Train Loss: 2.1693
Averaged Test Accuracy: 0.2813
Averaged Test AUC: 0.7113
Std Test Accuracy: 0.2056
Std Test AUC: 0.1921

--- Round 25/500 ---
Averaged Train Loss: 2.2027
Averaged Test Accuracy: 0.2724
Averaged Test AUC: 0.7068
Std Test Accuracy: 0.2148
Std Test AUC: 0.1894

--- Round 26/500 ---
Averaged Train Loss: 2.1515
Averaged Test Accuracy: 0.2926
Averaged Test AUC: 0.7151
Std Test Accuracy: 0.1949
Std Test AUC: 0.1897

--- Round 27/500 ---
Averaged Train Loss: 2.0504
Averaged Test Accuracy: 0.3002
Averaged Test AUC: 0.7318
Std Test Accuracy: 0.1877
Std Test AUC: 0.1693

--- Round 28/500 ---
Averaged Train Loss: 2.0529
Averaged Test Accuracy: 0.2995
Averaged Test AUC: 0.7330
Std Test Accuracy: 0.1788
Std Test AUC: 0.1737

--- Round 29/500 ---
Averaged Train Loss: 2.0296
Averaged Test Accuracy: 0.3047
Averaged Test AUC: 0.7391
Std Test Accuracy: 0.1683
Std Test AUC: 0.1687

--- Round 30/500 ---
Averaged Train Loss: 2.0670
Averaged Test Accuracy: 0.3016
Averaged Test AUC: 0.7329
Std Test Accuracy: 0.1937
Std Test AUC: 0.1749

--- Round 31/500 ---
Averaged Train Loss: 2.0711
Averaged Test Accuracy: 0.3049
Averaged Test AUC: 0.7327
Std Test Accuracy: 0.1949
Std Test AUC: 0.1783

--- Round 32/500 ---
Averaged Train Loss: 2.0904
Averaged Test Accuracy: 0.2982
Averaged Test AUC: 0.7324
Std Test Accuracy: 0.2116
Std Test AUC: 0.1810

--- Round 33/500 ---
Averaged Train Loss: 2.0466
Averaged Test Accuracy: 0.2992
Averaged Test AUC: 0.7398
Std Test Accuracy: 0.1755
Std Test AUC: 0.1754

--- Round 34/500 ---
Averaged Train Loss: 2.0386
Averaged Test Accuracy: 0.2993
Averaged Test AUC: 0.7423
Std Test Accuracy: 0.1724
Std Test AUC: 0.1736

--- Round 35/500 ---
Averaged Train Loss: 2.0419
Averaged Test Accuracy: 0.3133
Averaged Test AUC: 0.7423
Std Test Accuracy: 0.1921
Std Test AUC: 0.1758

--- Round 36/500 ---
Averaged Train Loss: 2.0268
Averaged Test Accuracy: 0.3126
Averaged Test AUC: 0.7454
Std Test Accuracy: 0.1651
Std Test AUC: 0.1695

--- Round 37/500 ---
Averaged Train Loss: 2.0570
Averaged Test Accuracy: 0.3038
Averaged Test AUC: 0.7414
Std Test Accuracy: 0.2125
Std Test AUC: 0.1753

--- Round 38/500 ---
Averaged Train Loss: 2.0447
Averaged Test Accuracy: 0.3190
Averaged Test AUC: 0.7432
Std Test Accuracy: 0.1882
Std Test AUC: 0.1752

--- Round 39/500 ---
Averaged Train Loss: 2.0334
Averaged Test Accuracy: 0.3203
Averaged Test AUC: 0.7450
Std Test Accuracy: 0.1944
Std Test AUC: 0.1751

--- Round 40/500 ---
Averaged Train Loss: 2.0625
Averaged Test Accuracy: 0.3181
Averaged Test AUC: 0.7425
Std Test Accuracy: 0.1983
Std Test AUC: 0.1740

--- Round 41/500 ---
Averaged Train Loss: 1.9640
Averaged Test Accuracy: 0.3293
Averaged Test AUC: 0.7555
Std Test Accuracy: 0.1742
Std Test AUC: 0.1588

--- Round 42/500 ---
Averaged Train Loss: 1.9930
Averaged Test Accuracy: 0.3197
Averaged Test AUC: 0.7522
Std Test Accuracy: 0.2066
Std Test AUC: 0.1671

--- Round 43/500 ---
Averaged Train Loss: 2.0029
Averaged Test Accuracy: 0.3250
Averaged Test AUC: 0.7517
Std Test Accuracy: 0.2008
Std Test AUC: 0.1667

--- Round 44/500 ---
Averaged Train Loss: 2.0135
Averaged Test Accuracy: 0.3182
Averaged Test AUC: 0.7518
Std Test Accuracy: 0.1954
Std Test AUC: 0.1469

--- Round 45/500 ---
Averaged Train Loss: 1.9775
Averaged Test Accuracy: 0.3296
Averaged Test AUC: 0.7568
Std Test Accuracy: 0.1957
Std Test AUC: 0.1538

--- Round 46/500 ---
Averaged Train Loss: 1.9737
Averaged Test Accuracy: 0.3312
Averaged Test AUC: 0.7580
Std Test Accuracy: 0.1996
Std Test AUC: 0.1576

--- Round 47/500 ---
Averaged Train Loss: 1.9708
Averaged Test Accuracy: 0.3359
Averaged Test AUC: 0.7581
Std Test Accuracy: 0.1953
Std Test AUC: 0.1604

--- Round 48/500 ---
Averaged Train Loss: 1.9870
Averaged Test Accuracy: 0.3330
Averaged Test AUC: 0.7566
Std Test Accuracy: 0.2026
Std Test AUC: 0.1626

--- Round 49/500 ---
Averaged Train Loss: 1.9986
Averaged Test Accuracy: 0.3326
Averaged Test AUC: 0.7550
Std Test Accuracy: 0.1948
Std Test AUC: 0.1633

--- Round 50/500 ---
Averaged Train Loss: 1.9643
Averaged Test Accuracy: 0.3308
Averaged Test AUC: 0.7600
Std Test Accuracy: 0.2169
Std Test AUC: 0.1498

--- Round 51/500 ---
Averaged Train Loss: 1.9114
Averaged Test Accuracy: 0.3435
Averaged Test AUC: 0.7674
Std Test Accuracy: 0.1905
Std Test AUC: 0.1517

--- Round 52/500 ---
Averaged Train Loss: 1.9278
Averaged Test Accuracy: 0.3400
Averaged Test AUC: 0.7672
Std Test Accuracy: 0.1931
Std Test AUC: 0.1530

--- Round 53/500 ---
Averaged Train Loss: 1.9287
Averaged Test Accuracy: 0.3451
Averaged Test AUC: 0.7681
Std Test Accuracy: 0.1601
Std Test AUC: 0.1444

--- Round 54/500 ---
Averaged Train Loss: 1.9515
Averaged Test Accuracy: 0.3289
Averaged Test AUC: 0.7648
Std Test Accuracy: 0.1615
Std Test AUC: 0.1503

--- Round 55/500 ---
Averaged Train Loss: 1.9396
Averaged Test Accuracy: 0.3370
Averaged Test AUC: 0.7659
Std Test Accuracy: 0.1574
Std Test AUC: 0.1538

--- Round 56/500 ---
Averaged Train Loss: 1.9251
Averaged Test Accuracy: 0.3491
Averaged Test AUC: 0.7689
Std Test Accuracy: 0.1731
Std Test AUC: 0.1548

--- Round 57/500 ---
Averaged Train Loss: 1.9529
Averaged Test Accuracy: 0.3423
Averaged Test AUC: 0.7647
Std Test Accuracy: 0.1849
Std Test AUC: 0.1594

--- Round 58/500 ---
Averaged Train Loss: 1.9717
Averaged Test Accuracy: 0.3402
Averaged Test AUC: 0.7627
Std Test Accuracy: 0.1985
Std Test AUC: 0.1608

--- Round 59/500 ---
Averaged Train Loss: 1.9525
Averaged Test Accuracy: 0.3404
Averaged Test AUC: 0.7666
Std Test Accuracy: 0.2022
Std Test AUC: 0.1589

--- Round 60/500 ---
Averaged Train Loss: 1.9822
Averaged Test Accuracy: 0.3365
Averaged Test AUC: 0.7631
Std Test Accuracy: 0.2032
Std Test AUC: 0.1606

--- Round 61/500 ---
Averaged Train Loss: 1.9247
Averaged Test Accuracy: 0.3457
Averaged Test AUC: 0.7694
Std Test Accuracy: 0.1610
Std Test AUC: 0.1571

--- Round 62/500 ---
Averaged Train Loss: 1.9371
Averaged Test Accuracy: 0.3395
Averaged Test AUC: 0.7689
Std Test Accuracy: 0.1584
Std Test AUC: 0.1566

--- Round 63/500 ---
Averaged Train Loss: 1.9387
Averaged Test Accuracy: 0.3497
Averaged Test AUC: 0.7676
Std Test Accuracy: 0.1805
Std Test AUC: 0.1611

--- Round 64/500 ---
Averaged Train Loss: 1.9516
Averaged Test Accuracy: 0.3453
Averaged Test AUC: 0.7678
Std Test Accuracy: 0.1560
Std Test AUC: 0.1566

--- Round 65/500 ---
Averaged Train Loss: 1.9404
Averaged Test Accuracy: 0.3476
Averaged Test AUC: 0.7690
Std Test Accuracy: 0.1541
Std Test AUC: 0.1572

--- Round 66/500 ---
Averaged Train Loss: 1.9294
Averaged Test Accuracy: 0.3537
Averaged Test AUC: 0.7694
Std Test Accuracy: 0.1720
Std Test AUC: 0.1587

--- Round 67/500 ---
Averaged Train Loss: 1.8955
Averaged Test Accuracy: 0.3662
Averaged Test AUC: 0.7729
Std Test Accuracy: 0.1742
Std Test AUC: 0.1618

--- Round 68/500 ---
Averaged Train Loss: 1.8641
Averaged Test Accuracy: 0.3576
Averaged Test AUC: 0.7795
Std Test Accuracy: 0.1752
Std Test AUC: 0.1383

--- Round 69/500 ---
Averaged Train Loss: 1.8319
Averaged Test Accuracy: 0.3596
Averaged Test AUC: 0.7868
Std Test Accuracy: 0.1799
Std Test AUC: 0.1221

--- Round 70/500 ---
Averaged Train Loss: 1.8486
Averaged Test Accuracy: 0.3626
Averaged Test AUC: 0.7831
Std Test Accuracy: 0.1737
Std Test AUC: 0.1317

--- Round 71/500 ---
Averaged Train Loss: 1.8392
Averaged Test Accuracy: 0.3724
Averaged Test AUC: 0.7836
Std Test Accuracy: 0.1680
Std Test AUC: 0.1392

--- Round 72/500 ---
Averaged Train Loss: 1.8510
Averaged Test Accuracy: 0.3562
Averaged Test AUC: 0.7843
Std Test Accuracy: 0.1949
Std Test AUC: 0.1277

--- Round 73/500 ---
Averaged Train Loss: 1.8578
Averaged Test Accuracy: 0.3552
Averaged Test AUC: 0.7820
Std Test Accuracy: 0.1519
Std Test AUC: 0.1336

--- Round 74/500 ---
Averaged Train Loss: 1.8833
Averaged Test Accuracy: 0.3502
Averaged Test AUC: 0.7786
Std Test Accuracy: 0.1511
Std Test AUC: 0.1395

--- Round 75/500 ---
Averaged Train Loss: 1.8800
Averaged Test Accuracy: 0.3622
Averaged Test AUC: 0.7784
Std Test Accuracy: 0.1740
Std Test AUC: 0.1449

--- Round 76/500 ---
Averaged Train Loss: 1.9039
Averaged Test Accuracy: 0.3518
Averaged Test AUC: 0.7763
Std Test Accuracy: 0.1551
Std Test AUC: 0.1448

--- Round 77/500 ---
Averaged Train Loss: 1.9070
Averaged Test Accuracy: 0.3550
Averaged Test AUC: 0.7762
Std Test Accuracy: 0.1505
Std Test AUC: 0.1464

--- Round 78/500 ---
Averaged Train Loss: 1.8758
Averaged Test Accuracy: 0.3665
Averaged Test AUC: 0.7777
Std Test Accuracy: 0.1566
Std Test AUC: 0.1502

--- Round 79/500 ---
Averaged Train Loss: 1.8839
Averaged Test Accuracy: 0.3681
Averaged Test AUC: 0.7778
Std Test Accuracy: 0.1753
Std Test AUC: 0.1511

--- Round 80/500 ---
Averaged Train Loss: 1.8545
Averaged Test Accuracy: 0.3639
Averaged Test AUC: 0.7821
Std Test Accuracy: 0.1618
Std Test AUC: 0.1339

--- Round 81/500 ---
Averaged Train Loss: 1.8612
Averaged Test Accuracy: 0.3598
Averaged Test AUC: 0.7820
Std Test Accuracy: 0.1529
Std Test AUC: 0.1373

--- Round 82/500 ---
Averaged Train Loss: 1.7776
Averaged Test Accuracy: 0.3747
Averaged Test AUC: 0.7945
Std Test Accuracy: 0.1735
Std Test AUC: 0.1183

--- Round 83/500 ---
Averaged Train Loss: 1.7492
Averaged Test Accuracy: 0.3509
Averaged Test AUC: 0.8019
Std Test Accuracy: 0.2133
Std Test AUC: 0.0814

--- Round 84/500 ---
Averaged Train Loss: 1.6950
Averaged Test Accuracy: 0.3662
Averaged Test AUC: 0.8143
Std Test Accuracy: 0.2132
Std Test AUC: 0.0693

--- Round 85/500 ---
Averaged Train Loss: 1.6762
Averaged Test Accuracy: 0.3865
Averaged Test AUC: 0.8158
Std Test Accuracy: 0.1328
Std Test AUC: 0.0646

--- Round 86/500 ---
Averaged Train Loss: 2.2378
Averaged Test Accuracy: 0.2624
Averaged Test AUC: 0.7831
Std Test Accuracy: 0.2474
Std Test AUC: 0.0955

--- Round 87/500 ---
Averaged Train Loss: 1.6163
Averaged Test Accuracy: 0.4033
Averaged Test AUC: 0.8253
Std Test Accuracy: 0.1503
Std Test AUC: 0.0457

--- Round 88/500 ---
Averaged Train Loss: 1.6978
Averaged Test Accuracy: 0.3685
Averaged Test AUC: 0.8134
Std Test Accuracy: 0.1897
Std Test AUC: 0.0682

--- Round 89/500 ---
Averaged Train Loss: 1.6392
Averaged Test Accuracy: 0.3851
Averaged Test AUC: 0.8233
Std Test Accuracy: 0.1719
Std Test AUC: 0.0571

--- Round 90/500 ---
Averaged Train Loss: 1.6363
Averaged Test Accuracy: 0.3911
Averaged Test AUC: 0.8229
Std Test Accuracy: 0.1172
Std Test AUC: 0.0440

--- Round 91/500 ---
Averaged Train Loss: 1.9820
Averaged Test Accuracy: 0.2887
Averaged Test AUC: 0.8007
Std Test Accuracy: 0.2516
Std Test AUC: 0.0821

--- Round 92/500 ---
Averaged Train Loss: 1.6297
Averaged Test Accuracy: 0.4101
Averaged Test AUC: 0.8200
Std Test Accuracy: 0.1537
Std Test AUC: 0.0748

--- Round 93/500 ---
Averaged Train Loss: 1.6322
Averaged Test Accuracy: 0.3902
Averaged Test AUC: 0.8248
Std Test Accuracy: 0.1797
Std Test AUC: 0.0544

--- Round 94/500 ---
Averaged Train Loss: 1.6920
Averaged Test Accuracy: 0.3712
Averaged Test AUC: 0.8156
Std Test Accuracy: 0.1981
Std Test AUC: 0.0768

--- Round 95/500 ---
Averaged Train Loss: 1.6575
Averaged Test Accuracy: 0.3572
Averaged Test AUC: 0.8211
Std Test Accuracy: 0.1716
Std Test AUC: 0.0476

--- Round 96/500 ---
Averaged Train Loss: 1.7835
Averaged Test Accuracy: 0.3301
Averaged Test AUC: 0.8137
Std Test Accuracy: 0.2079
Std Test AUC: 0.0709

--- Round 97/500 ---
Averaged Train Loss: 1.5940
Averaged Test Accuracy: 0.4063
Averaged Test AUC: 0.8257
Std Test Accuracy: 0.1498
Std Test AUC: 0.0568

--- Round 98/500 ---
Averaged Train Loss: 1.6136
Averaged Test Accuracy: 0.4045
Averaged Test AUC: 0.8266
Std Test Accuracy: 0.1521
Std Test AUC: 0.0538

--- Round 99/500 ---
Averaged Train Loss: 1.6691
Averaged Test Accuracy: 0.3827
Averaged Test AUC: 0.8194
Std Test Accuracy: 0.1943
Std Test AUC: 0.0756

--- Round 100/500 ---
Averaged Train Loss: 1.5644
Averaged Test Accuracy: 0.4211
Averaged Test AUC: 0.8339
Std Test Accuracy: 0.0829
Std Test AUC: 0.0326

--- Round 101/500 ---
Averaged Train Loss: 1.8005
Averaged Test Accuracy: 0.3194
Averaged Test AUC: 0.8108
Std Test Accuracy: 0.2087
Std Test AUC: 0.0784

--- Round 102/500 ---
Averaged Train Loss: 1.5838
Averaged Test Accuracy: 0.4071
Averaged Test AUC: 0.8284
Std Test Accuracy: 0.1473
Std Test AUC: 0.0525

--- Round 103/500 ---
Averaged Train Loss: 1.5914
Averaged Test Accuracy: 0.4139
Averaged Test AUC: 0.8308
Std Test Accuracy: 0.1429
Std Test AUC: 0.0509

--- Round 104/500 ---
Averaged Train Loss: 1.5891
Averaged Test Accuracy: 0.4134
Averaged Test AUC: 0.8325
Std Test Accuracy: 0.1643
Std Test AUC: 0.0577

--- Round 105/500 ---
Averaged Train Loss: 1.5722
Averaged Test Accuracy: 0.4053
Averaged Test AUC: 0.8351
Std Test Accuracy: 0.1346
Std Test AUC: 0.0432

--- Round 106/500 ---
Averaged Train Loss: 1.8446
Averaged Test Accuracy: 0.3051
Averaged Test AUC: 0.8027
Std Test Accuracy: 0.2261
Std Test AUC: 0.0838

--- Round 107/500 ---
Averaged Train Loss: 1.5629
Averaged Test Accuracy: 0.4178
Averaged Test AUC: 0.8313
Std Test Accuracy: 0.1436
Std Test AUC: 0.0533

--- Round 108/500 ---
Averaged Train Loss: 1.5797
Averaged Test Accuracy: 0.4196
Averaged Test AUC: 0.8327
Std Test Accuracy: 0.1408
Std Test AUC: 0.0578

--- Round 109/500 ---
Averaged Train Loss: 1.5731
Averaged Test Accuracy: 0.4190
Averaged Test AUC: 0.8337
Std Test Accuracy: 0.1646
Std Test AUC: 0.0571

--- Round 110/500 ---
Averaged Train Loss: 1.6390
Averaged Test Accuracy: 0.3815
Averaged Test AUC: 0.8244
Std Test Accuracy: 0.1515
Std Test AUC: 0.0612

--- Round 111/500 ---
Averaged Train Loss: 1.6662
Averaged Test Accuracy: 0.3590
Averaged Test AUC: 0.8242
Std Test Accuracy: 0.1915
Std Test AUC: 0.0625

--- Round 112/500 ---
Averaged Train Loss: 1.5577
Averaged Test Accuracy: 0.4166
Averaged Test AUC: 0.8320
Std Test Accuracy: 0.1472
Std Test AUC: 0.0565

--- Round 113/500 ---
Averaged Train Loss: 1.5714
Averaged Test Accuracy: 0.4270
Averaged Test AUC: 0.8322
Std Test Accuracy: 0.1339
Std Test AUC: 0.0565

--- Round 114/500 ---
Averaged Train Loss: 1.6209
Averaged Test Accuracy: 0.4001
Averaged Test AUC: 0.8296
Std Test Accuracy: 0.2010
Std Test AUC: 0.0667

--- Round 115/500 ---
Averaged Train Loss: 1.5724
Averaged Test Accuracy: 0.4154
Averaged Test AUC: 0.8332
Std Test Accuracy: 0.1213
Std Test AUC: 0.0540

--- Round 116/500 ---
Averaged Train Loss: 1.7719
Averaged Test Accuracy: 0.3299
Averaged Test AUC: 0.8122
Std Test Accuracy: 0.2190
Std Test AUC: 0.0757

--- Round 117/500 ---
Averaged Train Loss: 1.5323
Averaged Test Accuracy: 0.4336
Averaged Test AUC: 0.8372
Std Test Accuracy: 0.1351
Std Test AUC: 0.0478

--- Round 118/500 ---
Averaged Train Loss: 1.5627
Averaged Test Accuracy: 0.4272
Averaged Test AUC: 0.8338
Std Test Accuracy: 0.1406
Std Test AUC: 0.0583

--- Round 119/500 ---
Averaged Train Loss: 1.6320
Averaged Test Accuracy: 0.4015
Averaged Test AUC: 0.8286
Std Test Accuracy: 0.1934
Std Test AUC: 0.0710

--- Round 120/500 ---
Averaged Train Loss: 1.6164
Averaged Test Accuracy: 0.4009
Averaged Test AUC: 0.8290
Std Test Accuracy: 0.1722
Std Test AUC: 0.0661

--- Round 121/500 ---
Averaged Train Loss: 1.7233
Averaged Test Accuracy: 0.3463
Averaged Test AUC: 0.8192
Std Test Accuracy: 0.2023
Std Test AUC: 0.0710

--- Round 122/500 ---
Averaged Train Loss: 1.5238
Averaged Test Accuracy: 0.4337
Averaged Test AUC: 0.8370
Std Test Accuracy: 0.1413
Std Test AUC: 0.0524

--- Round 123/500 ---
Averaged Train Loss: 1.5403
Averaged Test Accuracy: 0.4337
Averaged Test AUC: 0.8379
Std Test Accuracy: 0.1409
Std Test AUC: 0.0559

--- Round 124/500 ---
Averaged Train Loss: 1.6160
Averaged Test Accuracy: 0.4050
Averaged Test AUC: 0.8307
Std Test Accuracy: 0.1936
Std Test AUC: 0.0701

--- Round 125/500 ---
Averaged Train Loss: 1.6824
Averaged Test Accuracy: 0.3594
Averaged Test AUC: 0.8306
Std Test Accuracy: 0.1872
Std Test AUC: 0.0519

--- Round 126/500 ---
Averaged Train Loss: 1.7362
Averaged Test Accuracy: 0.3504
Averaged Test AUC: 0.8258
Std Test Accuracy: 0.2226
Std Test AUC: 0.0646

--- Round 127/500 ---
Averaged Train Loss: 1.5197
Averaged Test Accuracy: 0.4362
Averaged Test AUC: 0.8411
Std Test Accuracy: 0.1470
Std Test AUC: 0.0409

--- Round 128/500 ---
Averaged Train Loss: 1.5270
Averaged Test Accuracy: 0.4346
Averaged Test AUC: 0.8382
Std Test Accuracy: 0.1368
Std Test AUC: 0.0566

--- Round 129/500 ---
Averaged Train Loss: 1.7305
Averaged Test Accuracy: 0.3733
Averaged Test AUC: 0.8289
Std Test Accuracy: 0.2031
Std Test AUC: 0.0689

--- Round 130/500 ---
Averaged Train Loss: 1.5795
Averaged Test Accuracy: 0.3976
Averaged Test AUC: 0.8379
Std Test Accuracy: 0.1702
Std Test AUC: 0.0460

--- Round 131/500 ---
Averaged Train Loss: 1.6936
Averaged Test Accuracy: 0.3636
Averaged Test AUC: 0.8251
Std Test Accuracy: 0.1993
Std Test AUC: 0.0628

--- Round 132/500 ---
Averaged Train Loss: 1.5081
Averaged Test Accuracy: 0.4460
Averaged Test AUC: 0.8409
Std Test Accuracy: 0.1376
Std Test AUC: 0.0521

--- Round 133/500 ---
Averaged Train Loss: 1.6248
Averaged Test Accuracy: 0.4018
Averaged Test AUC: 0.8267
Std Test Accuracy: 0.2009
Std Test AUC: 0.0920

--- Round 134/500 ---
Averaged Train Loss: 1.5635
Averaged Test Accuracy: 0.4237
Averaged Test AUC: 0.8420
Std Test Accuracy: 0.1741
Std Test AUC: 0.0542

--- Round 135/500 ---
Averaged Train Loss: 1.6387
Averaged Test Accuracy: 0.3840
Averaged Test AUC: 0.8339
Std Test Accuracy: 0.2063
Std Test AUC: 0.0589

--- Round 136/500 ---
Averaged Train Loss: 1.6052
Averaged Test Accuracy: 0.4001
Averaged Test AUC: 0.8349
Std Test Accuracy: 0.1668
Std Test AUC: 0.0564

--- Round 137/500 ---
Averaged Train Loss: 1.4961
Averaged Test Accuracy: 0.4438
Averaged Test AUC: 0.8438
Std Test Accuracy: 0.1265
Std Test AUC: 0.0379

--- Round 138/500 ---
Averaged Train Loss: 1.5329
Averaged Test Accuracy: 0.4343
Averaged Test AUC: 0.8382
Std Test Accuracy: 0.1729
Std Test AUC: 0.0707

--- Round 139/500 ---
Averaged Train Loss: 1.6231
Averaged Test Accuracy: 0.4107
Averaged Test AUC: 0.8363
Std Test Accuracy: 0.1924
Std Test AUC: 0.0674

--- Round 140/500 ---
Averaged Train Loss: 1.5622
Averaged Test Accuracy: 0.4218
Averaged Test AUC: 0.8409
Std Test Accuracy: 0.1768
Std Test AUC: 0.0567

--- Round 141/500 ---
Averaged Train Loss: 1.6531
Averaged Test Accuracy: 0.3872
Averaged Test AUC: 0.8280
Std Test Accuracy: 0.1785
Std Test AUC: 0.0699

--- Round 142/500 ---
Averaged Train Loss: 1.4887
Averaged Test Accuracy: 0.4479
Averaged Test AUC: 0.8438
Std Test Accuracy: 0.1283
Std Test AUC: 0.0411

--- Round 143/500 ---
Averaged Train Loss: 1.5377
Averaged Test Accuracy: 0.4204
Averaged Test AUC: 0.8397
Std Test Accuracy: 0.1714
Std Test AUC: 0.0595

--- Round 144/500 ---
Averaged Train Loss: 1.5717
Averaged Test Accuracy: 0.4278
Averaged Test AUC: 0.8417
Std Test Accuracy: 0.1719
Std Test AUC: 0.0613

--- Round 145/500 ---
Averaged Train Loss: 1.5521
Averaged Test Accuracy: 0.4289
Averaged Test AUC: 0.8416
Std Test Accuracy: 0.1783
Std Test AUC: 0.0567

--- Round 146/500 ---
Averaged Train Loss: 1.6164
Averaged Test Accuracy: 0.4077
Averaged Test AUC: 0.8316
Std Test Accuracy: 0.1720
Std Test AUC: 0.0686

--- Round 147/500 ---
Averaged Train Loss: 1.4932
Averaged Test Accuracy: 0.4466
Averaged Test AUC: 0.8440
Std Test Accuracy: 0.1377
Std Test AUC: 0.0450

--- Round 148/500 ---
Averaged Train Loss: 1.5750
Averaged Test Accuracy: 0.4026
Averaged Test AUC: 0.8361
Std Test Accuracy: 0.2022
Std Test AUC: 0.0705

--- Round 149/500 ---
Averaged Train Loss: 1.5834
Averaged Test Accuracy: 0.4137
Averaged Test AUC: 0.8406
Std Test Accuracy: 0.1759
Std Test AUC: 0.0582

--- Round 150/500 ---
Averaged Train Loss: 1.5278
Averaged Test Accuracy: 0.4337
Averaged Test AUC: 0.8456
Std Test Accuracy: 0.1727
Std Test AUC: 0.0517

--- Round 151/500 ---
Averaged Train Loss: 1.6004
Averaged Test Accuracy: 0.4120
Averaged Test AUC: 0.8337
Std Test Accuracy: 0.1749
Std Test AUC: 0.0692

--- Round 152/500 ---
Averaged Train Loss: 1.4974
Averaged Test Accuracy: 0.4449
Averaged Test AUC: 0.8439
Std Test Accuracy: 0.1382
Std Test AUC: 0.0438

--- Round 153/500 ---
Averaged Train Loss: 1.5389
Averaged Test Accuracy: 0.4182
Averaged Test AUC: 0.8398
Std Test Accuracy: 0.1899
Std Test AUC: 0.0670

--- Round 154/500 ---
Averaged Train Loss: 1.5801
Averaged Test Accuracy: 0.4164
Averaged Test AUC: 0.8417
Std Test Accuracy: 0.1757
Std Test AUC: 0.0562

--- Round 155/500 ---
Averaged Train Loss: 1.5145
Averaged Test Accuracy: 0.4386
Averaged Test AUC: 0.8479
Std Test Accuracy: 0.1623
Std Test AUC: 0.0514

--- Round 156/500 ---
Averaged Train Loss: 1.6892
Averaged Test Accuracy: 0.3783
Averaged Test AUC: 0.8263
Std Test Accuracy: 0.1962
Std Test AUC: 0.0759

--- Round 157/500 ---
Averaged Train Loss: 1.4717
Averaged Test Accuracy: 0.4545
Averaged Test AUC: 0.8470
Std Test Accuracy: 0.1282
Std Test AUC: 0.0387

--- Round 158/500 ---
Averaged Train Loss: 1.5670
Averaged Test Accuracy: 0.4098
Averaged Test AUC: 0.8354
Std Test Accuracy: 0.1933
Std Test AUC: 0.0752

--- Round 159/500 ---
Averaged Train Loss: 1.5611
Averaged Test Accuracy: 0.4254
Averaged Test AUC: 0.8434
Std Test Accuracy: 0.1734
Std Test AUC: 0.0597

--- Round 160/500 ---
Averaged Train Loss: 1.5404
Averaged Test Accuracy: 0.4276
Averaged Test AUC: 0.8453
Std Test Accuracy: 0.1870
Std Test AUC: 0.0540

--- Round 161/500 ---
Averaged Train Loss: 1.5062
Averaged Test Accuracy: 0.4431
Averaged Test AUC: 0.8465
Std Test Accuracy: 0.1811
Std Test AUC: 0.0536

--- Round 162/500 ---
Averaged Train Loss: 1.5436
Averaged Test Accuracy: 0.4179
Averaged Test AUC: 0.8424
Std Test Accuracy: 0.1708
Std Test AUC: 0.0450

--- Round 163/500 ---
Averaged Train Loss: 1.5310
Averaged Test Accuracy: 0.4288
Averaged Test AUC: 0.8404
Std Test Accuracy: 0.1960
Std Test AUC: 0.0673

--- Round 164/500 ---
Averaged Train Loss: 1.5787
Averaged Test Accuracy: 0.4305
Averaged Test AUC: 0.8420
Std Test Accuracy: 0.1757
Std Test AUC: 0.0657

--- Round 165/500 ---
Averaged Train Loss: 1.5796
Averaged Test Accuracy: 0.4152
Averaged Test AUC: 0.8425
Std Test Accuracy: 0.1796
Std Test AUC: 0.0571

--- Round 166/500 ---
Averaged Train Loss: 1.4567
Averaged Test Accuracy: 0.4594
Averaged Test AUC: 0.8533
Std Test Accuracy: 0.1373
Std Test AUC: 0.0432

--- Round 167/500 ---
Averaged Train Loss: 1.4716
Averaged Test Accuracy: 0.4514
Averaged Test AUC: 0.8488
Std Test Accuracy: 0.1406
Std Test AUC: 0.0373

--- Round 168/500 ---
Averaged Train Loss: 1.4807
Averaged Test Accuracy: 0.4426
Averaged Test AUC: 0.8485
Std Test Accuracy: 0.1702
Std Test AUC: 0.0498

--- Round 169/500 ---
Averaged Train Loss: 1.5928
Averaged Test Accuracy: 0.4251
Averaged Test AUC: 0.8409
Std Test Accuracy: 0.1790
Std Test AUC: 0.0679

--- Round 170/500 ---
Averaged Train Loss: 1.5933
Averaged Test Accuracy: 0.4053
Averaged Test AUC: 0.8426
Std Test Accuracy: 0.1891
Std Test AUC: 0.0553

--- Round 171/500 ---
Averaged Train Loss: 1.4636
Averaged Test Accuracy: 0.4579
Averaged Test AUC: 0.8530
Std Test Accuracy: 0.1453
Std Test AUC: 0.0438

--- Round 172/500 ---
Averaged Train Loss: 1.4746
Averaged Test Accuracy: 0.4482
Averaged Test AUC: 0.8489
Std Test Accuracy: 0.1401
Std Test AUC: 0.0369

--- Round 173/500 ---
Averaged Train Loss: 1.4572
Averaged Test Accuracy: 0.4570
Averaged Test AUC: 0.8495
Std Test Accuracy: 0.1461
Std Test AUC: 0.0468

--- Round 174/500 ---
Averaged Train Loss: 1.5486
Averaged Test Accuracy: 0.4379
Averaged Test AUC: 0.8452
Std Test Accuracy: 0.1706
Std Test AUC: 0.0639

--- Round 175/500 ---
Averaged Train Loss: 1.5961
Averaged Test Accuracy: 0.4087
Averaged Test AUC: 0.8436
Std Test Accuracy: 0.1948
Std Test AUC: 0.0569

--- Round 176/500 ---
Averaged Train Loss: 1.4283
Averaged Test Accuracy: 0.4753
Averaged Test AUC: 0.8564
Std Test Accuracy: 0.1422
Std Test AUC: 0.0439

--- Round 177/500 ---
Averaged Train Loss: 1.4504
Averaged Test Accuracy: 0.4626
Averaged Test AUC: 0.8522
Std Test Accuracy: 0.1451
Std Test AUC: 0.0389

--- Round 178/500 ---
Averaged Train Loss: 1.4750
Averaged Test Accuracy: 0.4457
Averaged Test AUC: 0.8497
Std Test Accuracy: 0.1736
Std Test AUC: 0.0506

--- Round 179/500 ---
Averaged Train Loss: 1.5605
Averaged Test Accuracy: 0.4344
Averaged Test AUC: 0.8449
Std Test Accuracy: 0.1797
Std Test AUC: 0.0633

--- Round 180/500 ---
Averaged Train Loss: 1.5617
Averaged Test Accuracy: 0.4202
Averaged Test AUC: 0.8463
Std Test Accuracy: 0.1851
Std Test AUC: 0.0552

--- Round 181/500 ---
Averaged Train Loss: 1.4314
Averaged Test Accuracy: 0.4715
Averaged Test AUC: 0.8569
Std Test Accuracy: 0.1468
Std Test AUC: 0.0456

--- Round 182/500 ---
Averaged Train Loss: 1.4454
Averaged Test Accuracy: 0.4615
Averaged Test AUC: 0.8522
Std Test Accuracy: 0.1316
Std Test AUC: 0.0367

--- Round 183/500 ---
Averaged Train Loss: 1.6122
Averaged Test Accuracy: 0.4038
Averaged Test AUC: 0.8353
Std Test Accuracy: 0.2126
Std Test AUC: 0.0820

--- Round 184/500 ---
Averaged Train Loss: 1.4659
Averaged Test Accuracy: 0.4633
Averaged Test AUC: 0.8522
Std Test Accuracy: 0.1314
Std Test AUC: 0.0518

--- Round 185/500 ---
Averaged Train Loss: 1.7476
Averaged Test Accuracy: 0.3588
Averaged Test AUC: 0.8338
Std Test Accuracy: 0.2335
Std Test AUC: 0.0714

--- Round 186/500 ---
Averaged Train Loss: 1.5208
Averaged Test Accuracy: 0.4268
Averaged Test AUC: 0.8475
Std Test Accuracy: 0.1799
Std Test AUC: 0.0464

--- Round 187/500 ---
Averaged Train Loss: 1.4565
Averaged Test Accuracy: 0.4588
Averaged Test AUC: 0.8514
Std Test Accuracy: 0.1348
Std Test AUC: 0.0360

--- Round 188/500 ---
Averaged Train Loss: 1.7240
Averaged Test Accuracy: 0.3813
Averaged Test AUC: 0.8238
Std Test Accuracy: 0.2124
Std Test AUC: 0.0851

--- Round 189/500 ---
Averaged Train Loss: 1.4212
Averaged Test Accuracy: 0.4780
Averaged Test AUC: 0.8556
Std Test Accuracy: 0.1461
Std Test AUC: 0.0469

--- Round 190/500 ---
Averaged Train Loss: 1.8204
Averaged Test Accuracy: 0.3536
Averaged Test AUC: 0.8278
Std Test Accuracy: 0.2357
Std Test AUC: 0.0771

--- Round 191/500 ---
Averaged Train Loss: 1.5184
Averaged Test Accuracy: 0.4353
Averaged Test AUC: 0.8460
Std Test Accuracy: 0.1657
Std Test AUC: 0.0476

--- Round 192/500 ---
Averaged Train Loss: 1.4430
Averaged Test Accuracy: 0.4621
Averaged Test AUC: 0.8526
Std Test Accuracy: 0.1293
Std Test AUC: 0.0339

--- Round 193/500 ---
Averaged Train Loss: 1.5480
Averaged Test Accuracy: 0.4268
Averaged Test AUC: 0.8392
Std Test Accuracy: 0.1781
Std Test AUC: 0.0646

--- Round 194/500 ---
Averaged Train Loss: 1.4150
Averaged Test Accuracy: 0.4822
Averaged Test AUC: 0.8574
Std Test Accuracy: 0.1288
Std Test AUC: 0.0425

--- Round 195/500 ---
Averaged Train Loss: 1.6350
Averaged Test Accuracy: 0.4182
Averaged Test AUC: 0.8413
Std Test Accuracy: 0.2035
Std Test AUC: 0.0716

--- Round 196/500 ---
Averaged Train Loss: 1.5717
Averaged Test Accuracy: 0.4224
Averaged Test AUC: 0.8446
Std Test Accuracy: 0.1926
Std Test AUC: 0.0604

--- Round 197/500 ---
Averaged Train Loss: 1.4492
Averaged Test Accuracy: 0.4584
Averaged Test AUC: 0.8529
Std Test Accuracy: 0.1336
Std Test AUC: 0.0373

--- Round 198/500 ---
Averaged Train Loss: 1.5561
Averaged Test Accuracy: 0.4151
Averaged Test AUC: 0.8415
Std Test Accuracy: 0.1820
Std Test AUC: 0.0614

--- Round 199/500 ---
Averaged Train Loss: 1.4009
Averaged Test Accuracy: 0.4891
Averaged Test AUC: 0.8588
Std Test Accuracy: 0.1144
Std Test AUC: 0.0404

--- Round 200/500 ---
Averaged Train Loss: 1.6421
Averaged Test Accuracy: 0.4156
Averaged Test AUC: 0.8408
Std Test Accuracy: 0.1957
Std Test AUC: 0.0682

--- Round 201/500 ---
Averaged Train Loss: 1.5683
Averaged Test Accuracy: 0.4201
Averaged Test AUC: 0.8461
Std Test Accuracy: 0.1890
Std Test AUC: 0.0562

--- Round 202/500 ---
Averaged Train Loss: 1.9421
Averaged Test Accuracy: 0.3075
Averaged Test AUC: 0.8141
Std Test Accuracy: 0.2401
Std Test AUC: 0.0773

--- Round 203/500 ---
Averaged Train Loss: 1.4410
Averaged Test Accuracy: 0.4691
Averaged Test AUC: 0.8517
Std Test Accuracy: 0.1571
Std Test AUC: 0.0532

--- Round 204/500 ---
Averaged Train Loss: 1.4266
Averaged Test Accuracy: 0.4729
Averaged Test AUC: 0.8568
Std Test Accuracy: 0.1648
Std Test AUC: 0.0536

--- Round 205/500 ---
Averaged Train Loss: 1.5997
Averaged Test Accuracy: 0.4195
Averaged Test AUC: 0.8438
Std Test Accuracy: 0.1897
Std Test AUC: 0.0612

--- Round 206/500 ---
Averaged Train Loss: 1.4515
Averaged Test Accuracy: 0.4594
Averaged Test AUC: 0.8555
Std Test Accuracy: 0.1466
Std Test AUC: 0.0376

--- Round 207/500 ---
Averaged Train Loss: 1.6779
Averaged Test Accuracy: 0.3628
Averaged Test AUC: 0.8366
Std Test Accuracy: 0.2021
Std Test AUC: 0.0519

--- Round 208/500 ---
Averaged Train Loss: 1.4196
Averaged Test Accuracy: 0.4832
Averaged Test AUC: 0.8549
Std Test Accuracy: 0.1450
Std Test AUC: 0.0509

--- Round 209/500 ---
Averaged Train Loss: 1.4475
Averaged Test Accuracy: 0.4679
Averaged Test AUC: 0.8554
Std Test Accuracy: 0.1895
Std Test AUC: 0.0581

--- Round 210/500 ---
Averaged Train Loss: 1.4807
Averaged Test Accuracy: 0.4608
Averaged Test AUC: 0.8542
Std Test Accuracy: 0.1424
Std Test AUC: 0.0499

--- Round 211/500 ---
Averaged Train Loss: 1.5332
Averaged Test Accuracy: 0.4294
Averaged Test AUC: 0.8486
Std Test Accuracy: 0.1634
Std Test AUC: 0.0417

--- Round 212/500 ---
Averaged Train Loss: 1.6539
Averaged Test Accuracy: 0.3734
Averaged Test AUC: 0.8364
Std Test Accuracy: 0.1857
Std Test AUC: 0.0506

--- Round 213/500 ---
Averaged Train Loss: 1.4263
Averaged Test Accuracy: 0.4771
Averaged Test AUC: 0.8549
Std Test Accuracy: 0.1525
Std Test AUC: 0.0507

--- Round 214/500 ---
Averaged Train Loss: 1.4081
Averaged Test Accuracy: 0.4851
Averaged Test AUC: 0.8584
Std Test Accuracy: 0.1531
Std Test AUC: 0.0497

--- Round 215/500 ---
Averaged Train Loss: 1.5027
Averaged Test Accuracy: 0.4550
Averaged Test AUC: 0.8519
Std Test Accuracy: 0.1524
Std Test AUC: 0.0559

--- Round 216/500 ---
Averaged Train Loss: 1.5097
Averaged Test Accuracy: 0.4394
Averaged Test AUC: 0.8515
Std Test Accuracy: 0.1712
Std Test AUC: 0.0447

--- Round 217/500 ---
Averaged Train Loss: 1.9788
Averaged Test Accuracy: 0.3361
Averaged Test AUC: 0.8073
Std Test Accuracy: 0.2146
Std Test AUC: 0.0830

--- Round 218/500 ---
Averaged Train Loss: 1.4178
Averaged Test Accuracy: 0.4808
Averaged Test AUC: 0.8511
Std Test Accuracy: 0.1545
Std Test AUC: 0.0577

--- Round 219/500 ---
Averaged Train Loss: 1.3884
Averaged Test Accuracy: 0.4975
Averaged Test AUC: 0.8600
Std Test Accuracy: 0.1343
Std Test AUC: 0.0413

--- Round 220/500 ---
Averaged Train Loss: 1.5742
Averaged Test Accuracy: 0.4190
Averaged Test AUC: 0.8474
Std Test Accuracy: 0.1787
Std Test AUC: 0.0524

--- Round 221/500 ---
Averaged Train Loss: 1.5321
Averaged Test Accuracy: 0.4307
Averaged Test AUC: 0.8478
Std Test Accuracy: 0.1595
Std Test AUC: 0.0425

--- Round 222/500 ---
Averaged Train Loss: 1.5320
Averaged Test Accuracy: 0.4407
Averaged Test AUC: 0.8429
Std Test Accuracy: 0.1503
Std Test AUC: 0.0604

--- Round 223/500 ---
Averaged Train Loss: 1.3860
Averaged Test Accuracy: 0.4941
Averaged Test AUC: 0.8573
Std Test Accuracy: 0.1401
Std Test AUC: 0.0475

--- Round 224/500 ---
Averaged Train Loss: 1.3815
Averaged Test Accuracy: 0.4946
Averaged Test AUC: 0.8612
Std Test Accuracy: 0.1258
Std Test AUC: 0.0404

--- Round 225/500 ---
Averaged Train Loss: 1.5123
Averaged Test Accuracy: 0.4460
Averaged Test AUC: 0.8530
Std Test Accuracy: 0.1715
Std Test AUC: 0.0506

--- Round 226/500 ---
Averaged Train Loss: 1.5285
Averaged Test Accuracy: 0.4325
Averaged Test AUC: 0.8503
Std Test Accuracy: 0.1686
Std Test AUC: 0.0458

--- Round 227/500 ---
Averaged Train Loss: 1.4900
Averaged Test Accuracy: 0.4476
Averaged Test AUC: 0.8481
Std Test Accuracy: 0.1496
Std Test AUC: 0.0499

--- Round 228/500 ---
Averaged Train Loss: 1.4349
Averaged Test Accuracy: 0.4830
Averaged Test AUC: 0.8507
Std Test Accuracy: 0.1681
Std Test AUC: 0.0672

--- Round 229/500 ---
Averaged Train Loss: 1.4283
Averaged Test Accuracy: 0.4840
Averaged Test AUC: 0.8562
Std Test Accuracy: 0.1722
Std Test AUC: 0.0634

--- Round 230/500 ---
Averaged Train Loss: 1.4746
Averaged Test Accuracy: 0.4628
Averaged Test AUC: 0.8525
Std Test Accuracy: 0.1571
Std Test AUC: 0.0554

--- Round 231/500 ---
Averaged Train Loss: 1.5274
Averaged Test Accuracy: 0.4327
Averaged Test AUC: 0.8467
Std Test Accuracy: 0.1797
Std Test AUC: 0.0525

--- Round 232/500 ---
Averaged Train Loss: 1.6051
Averaged Test Accuracy: 0.4140
Averaged Test AUC: 0.8388
Std Test Accuracy: 0.1634
Std Test AUC: 0.0598

--- Round 233/500 ---
Averaged Train Loss: 1.4028
Averaged Test Accuracy: 0.4810
Averaged Test AUC: 0.8546
Std Test Accuracy: 0.1641
Std Test AUC: 0.0579

--- Round 234/500 ---
Averaged Train Loss: 1.4048
Averaged Test Accuracy: 0.4896
Averaged Test AUC: 0.8590
Std Test Accuracy: 0.1508
Std Test AUC: 0.0574

--- Round 235/500 ---
Averaged Train Loss: 1.4550
Averaged Test Accuracy: 0.4692
Averaged Test AUC: 0.8544
Std Test Accuracy: 0.1521
Std Test AUC: 0.0537

--- Round 236/500 ---
Averaged Train Loss: 1.4054
Averaged Test Accuracy: 0.4828
Averaged Test AUC: 0.8591
Std Test Accuracy: 0.1230
Std Test AUC: 0.0406

--- Round 237/500 ---
Averaged Train Loss: 1.5702
Averaged Test Accuracy: 0.4167
Averaged Test AUC: 0.8430
Std Test Accuracy: 0.1623
Std Test AUC: 0.0557

--- Round 238/500 ---
Averaged Train Loss: 1.4210
Averaged Test Accuracy: 0.4843
Averaged Test AUC: 0.8514
Std Test Accuracy: 0.1683
Std Test AUC: 0.0636

--- Round 239/500 ---
Averaged Train Loss: 1.4045
Averaged Test Accuracy: 0.4891
Averaged Test AUC: 0.8590
Std Test Accuracy: 0.1552
Std Test AUC: 0.0596

--- Round 240/500 ---
Averaged Train Loss: 1.4760
Averaged Test Accuracy: 0.4682
Averaged Test AUC: 0.8531
Std Test Accuracy: 0.1720
Std Test AUC: 0.0607

--- Round 241/500 ---
Averaged Train Loss: 1.5556
Averaged Test Accuracy: 0.4206
Averaged Test AUC: 0.8464
Std Test Accuracy: 0.1714
Std Test AUC: 0.0507

--- Round 242/500 ---
Averaged Train Loss: 1.5421
Averaged Test Accuracy: 0.4297
Averaged Test AUC: 0.8448
Std Test Accuracy: 0.1578
Std Test AUC: 0.0545

--- Round 243/500 ---
Averaged Train Loss: 1.4028
Averaged Test Accuracy: 0.4840
Averaged Test AUC: 0.8553
Std Test Accuracy: 0.1676
Std Test AUC: 0.0588

--- Round 244/500 ---
Averaged Train Loss: 1.4013
Averaged Test Accuracy: 0.4917
Averaged Test AUC: 0.8597
Std Test Accuracy: 0.1618
Std Test AUC: 0.0586

--- Round 245/500 ---
Averaged Train Loss: 1.4735
Averaged Test Accuracy: 0.4697
Averaged Test AUC: 0.8538
Std Test Accuracy: 0.1712
Std Test AUC: 0.0594

--- Round 246/500 ---
Averaged Train Loss: 1.6175
Averaged Test Accuracy: 0.4205
Averaged Test AUC: 0.8397
Std Test Accuracy: 0.1970
Std Test AUC: 0.0702

--- Round 247/500 ---
Averaged Train Loss: 1.5973
Averaged Test Accuracy: 0.4114
Averaged Test AUC: 0.8415
Std Test Accuracy: 0.1652
Std Test AUC: 0.0575

--- Round 248/500 ---
Averaged Train Loss: 1.3768
Averaged Test Accuracy: 0.4936
Averaged Test AUC: 0.8587
Std Test Accuracy: 0.1478
Std Test AUC: 0.0517

--- Round 249/500 ---
Averaged Train Loss: 1.4004
Averaged Test Accuracy: 0.4934
Averaged Test AUC: 0.8600
Std Test Accuracy: 0.1545
Std Test AUC: 0.0586

--- Round 250/500 ---
Averaged Train Loss: 1.4687
Averaged Test Accuracy: 0.4708
Averaged Test AUC: 0.8542
Std Test Accuracy: 0.1720
Std Test AUC: 0.0601

--- Round 251/500 ---
Averaged Train Loss: 1.6067
Averaged Test Accuracy: 0.4227
Averaged Test AUC: 0.8430
Std Test Accuracy: 0.1899
Std Test AUC: 0.0654

--- Round 252/500 ---
Averaged Train Loss: 1.5474
Averaged Test Accuracy: 0.4274
Averaged Test AUC: 0.8459
Std Test Accuracy: 0.1603
Std Test AUC: 0.0552

--- Round 253/500 ---
Averaged Train Loss: 1.3705
Averaged Test Accuracy: 0.4955
Averaged Test AUC: 0.8596
Std Test Accuracy: 0.1498
Std Test AUC: 0.0510

--- Round 254/500 ---
Averaged Train Loss: 1.3938
Averaged Test Accuracy: 0.4946
Averaged Test AUC: 0.8607
Std Test Accuracy: 0.1522
Std Test AUC: 0.0573

--- Round 255/500 ---
Averaged Train Loss: 1.4330
Averaged Test Accuracy: 0.4787
Averaged Test AUC: 0.8586
Std Test Accuracy: 0.1607
Std Test AUC: 0.0544

--- Round 256/500 ---
Averaged Train Loss: 1.4740
Averaged Test Accuracy: 0.4640
Averaged Test AUC: 0.8508
Std Test Accuracy: 0.1542
Std Test AUC: 0.0573

--- Round 257/500 ---
Averaged Train Loss: 1.4925
Averaged Test Accuracy: 0.4444
Averaged Test AUC: 0.8517
Std Test Accuracy: 0.1440
Std Test AUC: 0.0448

--- Round 258/500 ---
Averaged Train Loss: 1.3631
Averaged Test Accuracy: 0.5001
Averaged Test AUC: 0.8622
Std Test Accuracy: 0.1559
Std Test AUC: 0.0478

--- Round 259/500 ---
Averaged Train Loss: 1.4120
Averaged Test Accuracy: 0.4894
Averaged Test AUC: 0.8586
Std Test Accuracy: 0.1639
Std Test AUC: 0.0620

--- Round 260/500 ---
Averaged Train Loss: 1.4004
Averaged Test Accuracy: 0.4876
Averaged Test AUC: 0.8614
Std Test Accuracy: 0.1487
Std Test AUC: 0.0496

--- Round 261/500 ---
Averaged Train Loss: 1.5401
Averaged Test Accuracy: 0.4417
Averaged Test AUC: 0.8439
Std Test Accuracy: 0.1773
Std Test AUC: 0.0665

--- Round 262/500 ---
Averaged Train Loss: 1.4530
Averaged Test Accuracy: 0.4565
Averaged Test AUC: 0.8548
Std Test Accuracy: 0.1297
Std Test AUC: 0.0402

--- Round 263/500 ---
Averaged Train Loss: 1.3509
Averaged Test Accuracy: 0.5042
Averaged Test AUC: 0.8637
Std Test Accuracy: 0.1440
Std Test AUC: 0.0455

--- Round 264/500 ---
Averaged Train Loss: 1.4038
Averaged Test Accuracy: 0.4879
Averaged Test AUC: 0.8592
Std Test Accuracy: 0.1572
Std Test AUC: 0.0604

--- Round 265/500 ---
Averaged Train Loss: 1.4094
Averaged Test Accuracy: 0.4879
Averaged Test AUC: 0.8608
Std Test Accuracy: 0.1581
Std Test AUC: 0.0552

--- Round 266/500 ---
Averaged Train Loss: 1.5294
Averaged Test Accuracy: 0.4459
Averaged Test AUC: 0.8449
Std Test Accuracy: 0.1699
Std Test AUC: 0.0665

--- Round 267/500 ---
Averaged Train Loss: 1.5257
Averaged Test Accuracy: 0.4379
Averaged Test AUC: 0.8471
Std Test Accuracy: 0.1388
Std Test AUC: 0.0462

--- Round 268/500 ---
Averaged Train Loss: 1.3800
Averaged Test Accuracy: 0.4911
Averaged Test AUC: 0.8609
Std Test Accuracy: 0.1579
Std Test AUC: 0.0489

--- Round 269/500 ---
Averaged Train Loss: 1.3849
Averaged Test Accuracy: 0.4939
Averaged Test AUC: 0.8615
Std Test Accuracy: 0.1582
Std Test AUC: 0.0576

--- Round 270/500 ---
Averaged Train Loss: 1.3997
Averaged Test Accuracy: 0.4909
Averaged Test AUC: 0.8624
Std Test Accuracy: 0.1655
Std Test AUC: 0.0545

--- Round 271/500 ---
Averaged Train Loss: 1.5203
Averaged Test Accuracy: 0.4488
Averaged Test AUC: 0.8458
Std Test Accuracy: 0.1741
Std Test AUC: 0.0670

--- Round 272/500 ---
Averaged Train Loss: 1.4342
Averaged Test Accuracy: 0.4742
Averaged Test AUC: 0.8563
Std Test Accuracy: 0.1184
Std Test AUC: 0.0401

--- Round 273/500 ---
Averaged Train Loss: 2.2017
Averaged Test Accuracy: 0.3295
Averaged Test AUC: 0.7791
Std Test Accuracy: 0.2556
Std Test AUC: 0.1137

--- Round 274/500 ---
Averaged Train Loss: 1.4836
Averaged Test Accuracy: 0.4616
Averaged Test AUC: 0.8575
Std Test Accuracy: 0.1899
Std Test AUC: 0.0526

--- Round 275/500 ---
Averaged Train Loss: 1.4218
Averaged Test Accuracy: 0.4817
Averaged Test AUC: 0.8615
Std Test Accuracy: 0.1753
Std Test AUC: 0.0607

--- Round 276/500 ---
Averaged Train Loss: 1.3800
Averaged Test Accuracy: 0.4911
Averaged Test AUC: 0.8646
Std Test Accuracy: 0.1550
Std Test AUC: 0.0455

--- Round 277/500 ---
Averaged Train Loss: 1.5523
Averaged Test Accuracy: 0.4270
Averaged Test AUC: 0.8436
Std Test Accuracy: 0.1486
Std Test AUC: 0.0503

--- Round 278/500 ---
Averaged Train Loss: 1.6637
Averaged Test Accuracy: 0.4090
Averaged Test AUC: 0.8337
Std Test Accuracy: 0.1966
Std Test AUC: 0.0692

--- Round 279/500 ---
Averaged Train Loss: 1.4874
Averaged Test Accuracy: 0.4537
Averaged Test AUC: 0.8565
Std Test Accuracy: 0.1937
Std Test AUC: 0.0507

--- Round 280/500 ---
Averaged Train Loss: 1.4938
Averaged Test Accuracy: 0.4636
Averaged Test AUC: 0.8559
Std Test Accuracy: 0.2144
Std Test AUC: 0.0670

--- Round 281/500 ---
Averaged Train Loss: 1.4226
Averaged Test Accuracy: 0.4755
Averaged Test AUC: 0.8595
Std Test Accuracy: 0.1718
Std Test AUC: 0.0540

--- Round 282/500 ---
Averaged Train Loss: 1.5214
Averaged Test Accuracy: 0.4389
Averaged Test AUC: 0.8483
Std Test Accuracy: 0.1420
Std Test AUC: 0.0466

--- Round 283/500 ---
Averaged Train Loss: 1.4607
Averaged Test Accuracy: 0.4712
Averaged Test AUC: 0.8501
Std Test Accuracy: 0.1574
Std Test AUC: 0.0582

--- Round 284/500 ---
Averaged Train Loss: 1.4956
Averaged Test Accuracy: 0.4496
Averaged Test AUC: 0.8565
Std Test Accuracy: 0.1957
Std Test AUC: 0.0510

--- Round 285/500 ---
Averaged Train Loss: 1.4407
Averaged Test Accuracy: 0.4804
Averaged Test AUC: 0.8609
Std Test Accuracy: 0.1855
Std Test AUC: 0.0602

--- Round 286/500 ---
Averaged Train Loss: 1.3936
Averaged Test Accuracy: 0.4836
Averaged Test AUC: 0.8639
Std Test Accuracy: 0.1681
Std Test AUC: 0.0512

--- Round 287/500 ---
Averaged Train Loss: 1.5109
Averaged Test Accuracy: 0.4476
Averaged Test AUC: 0.8502
Std Test Accuracy: 0.1409
Std Test AUC: 0.0475

--- Round 288/500 ---
Averaged Train Loss: 1.4708
Averaged Test Accuracy: 0.4645
Averaged Test AUC: 0.8498
Std Test Accuracy: 0.1627
Std Test AUC: 0.0556

--- Round 289/500 ---
Averaged Train Loss: 1.5015
Averaged Test Accuracy: 0.4508
Averaged Test AUC: 0.8566
Std Test Accuracy: 0.1964
Std Test AUC: 0.0543

--- Round 290/500 ---
Averaged Train Loss: 1.4777
Averaged Test Accuracy: 0.4691
Averaged Test AUC: 0.8584
Std Test Accuracy: 0.2143
Std Test AUC: 0.0649

--- Round 291/500 ---
Averaged Train Loss: 1.3895
Averaged Test Accuracy: 0.4858
Averaged Test AUC: 0.8628
Std Test Accuracy: 0.1538
Std Test AUC: 0.0516

--- Round 292/500 ---
Averaged Train Loss: 1.5817
Averaged Test Accuracy: 0.4197
Averaged Test AUC: 0.8446
Std Test Accuracy: 0.1593
Std Test AUC: 0.0526

--- Round 293/500 ---
Averaged Train Loss: 1.5115
Averaged Test Accuracy: 0.4404
Averaged Test AUC: 0.8491
Std Test Accuracy: 0.1848
Std Test AUC: 0.0594

--- Round 294/500 ---
Averaged Train Loss: 1.4909
Averaged Test Accuracy: 0.4556
Averaged Test AUC: 0.8572
Std Test Accuracy: 0.1978
Std Test AUC: 0.0542

--- Round 295/500 ---
Averaged Train Loss: 1.4675
Averaged Test Accuracy: 0.4730
Averaged Test AUC: 0.8588
Std Test Accuracy: 0.2043
Std Test AUC: 0.0644

--- Round 296/500 ---
Averaged Train Loss: 1.4096
Averaged Test Accuracy: 0.4768
Averaged Test AUC: 0.8622
Std Test Accuracy: 0.1701
Std Test AUC: 0.0492

--- Round 297/500 ---
Averaged Train Loss: 1.5322
Averaged Test Accuracy: 0.4347
Averaged Test AUC: 0.8478
Std Test Accuracy: 0.1477
Std Test AUC: 0.0506

--- Round 298/500 ---
Averaged Train Loss: 1.5307
Averaged Test Accuracy: 0.4426
Averaged Test AUC: 0.8460
Std Test Accuracy: 0.1843
Std Test AUC: 0.0628

--- Round 299/500 ---
Averaged Train Loss: 1.4676
Averaged Test Accuracy: 0.4598
Averaged Test AUC: 0.8576
Std Test Accuracy: 0.1902
Std Test AUC: 0.0495

--- Round 300/500 ---
Averaged Train Loss: 1.4589
Averaged Test Accuracy: 0.4749
Averaged Test AUC: 0.8597
Std Test Accuracy: 0.2034
Std Test AUC: 0.0636

--- Round 301/500 ---
Averaged Train Loss: 1.3899
Averaged Test Accuracy: 0.4854
Averaged Test AUC: 0.8639
Std Test Accuracy: 0.1651
Std Test AUC: 0.0478

--- Round 302/500 ---
Averaged Train Loss: 1.5186
Averaged Test Accuracy: 0.4417
Averaged Test AUC: 0.8499
Std Test Accuracy: 0.1559
Std Test AUC: 0.0523

--- Round 303/500 ---
Averaged Train Loss: 1.4628
Averaged Test Accuracy: 0.4622
Averaged Test AUC: 0.8539
Std Test Accuracy: 0.1676
Std Test AUC: 0.0551

--- Round 304/500 ---
Averaged Train Loss: 1.4844
Averaged Test Accuracy: 0.4568
Averaged Test AUC: 0.8586
Std Test Accuracy: 0.2023
Std Test AUC: 0.0546

--- Round 305/500 ---
Averaged Train Loss: 1.4757
Averaged Test Accuracy: 0.4704
Averaged Test AUC: 0.8583
Std Test Accuracy: 0.2116
Std Test AUC: 0.0676

--- Round 306/500 ---
Averaged Train Loss: 1.4021
Averaged Test Accuracy: 0.4761
Averaged Test AUC: 0.8635
Std Test Accuracy: 0.1642
Std Test AUC: 0.0445

--- Round 307/500 ---
Averaged Train Loss: 1.6572
Averaged Test Accuracy: 0.3982
Averaged Test AUC: 0.8374
Std Test Accuracy: 0.1713
Std Test AUC: 0.0572

--- Round 308/500 ---
Averaged Train Loss: 1.4624
Averaged Test Accuracy: 0.4644
Averaged Test AUC: 0.8509
Std Test Accuracy: 0.1661
Std Test AUC: 0.0584

--- Round 309/500 ---
Averaged Train Loss: 1.5305
Averaged Test Accuracy: 0.4451
Averaged Test AUC: 0.8564
Std Test Accuracy: 0.2123
Std Test AUC: 0.0603

--- Round 310/500 ---
Averaged Train Loss: 1.4869
Averaged Test Accuracy: 0.4679
Averaged Test AUC: 0.8575
Std Test Accuracy: 0.2157
Std Test AUC: 0.0667

--- Round 311/500 ---
Averaged Train Loss: 1.3624
Averaged Test Accuracy: 0.4908
Averaged Test AUC: 0.8667
Std Test Accuracy: 0.1506
Std Test AUC: 0.0422

--- Round 312/500 ---
Averaged Train Loss: 1.6048
Averaged Test Accuracy: 0.4114
Averaged Test AUC: 0.8439
Std Test Accuracy: 0.1672
Std Test AUC: 0.0528

--- Round 313/500 ---
Averaged Train Loss: 1.5229
Averaged Test Accuracy: 0.4443
Averaged Test AUC: 0.8469
Std Test Accuracy: 0.1915
Std Test AUC: 0.0640

--- Round 314/500 ---
Averaged Train Loss: 1.4676
Averaged Test Accuracy: 0.4633
Averaged Test AUC: 0.8596
Std Test Accuracy: 0.2045
Std Test AUC: 0.0570

--- Round 315/500 ---
Averaged Train Loss: 1.4678
Averaged Test Accuracy: 0.4730
Averaged Test AUC: 0.8571
Std Test Accuracy: 0.2056
Std Test AUC: 0.0674

--- Round 316/500 ---
Averaged Train Loss: 1.3082
Averaged Test Accuracy: 0.5165
Averaged Test AUC: 0.8700
Std Test Accuracy: 0.1055
Std Test AUC: 0.0350

--- Round 317/500 ---
Averaged Train Loss: 1.5629
Averaged Test Accuracy: 0.4244
Averaged Test AUC: 0.8461
Std Test Accuracy: 0.1567
Std Test AUC: 0.0520

--- Round 318/500 ---
Averaged Train Loss: 1.4894
Averaged Test Accuracy: 0.4574
Averaged Test AUC: 0.8481
Std Test Accuracy: 0.1695
Std Test AUC: 0.0594

--- Round 319/500 ---
Averaged Train Loss: 1.4457
Averaged Test Accuracy: 0.4732
Averaged Test AUC: 0.8621
Std Test Accuracy: 0.1953
Std Test AUC: 0.0550

--- Round 320/500 ---
Averaged Train Loss: 1.3991
Averaged Test Accuracy: 0.4920
Averaged Test AUC: 0.8620
Std Test Accuracy: 0.1739
Std Test AUC: 0.0592

--- Round 321/500 ---
Averaged Train Loss: 1.3115
Averaged Test Accuracy: 0.5126
Averaged Test AUC: 0.8713
Std Test Accuracy: 0.1178
Std Test AUC: 0.0357

--- Round 322/500 ---
Averaged Train Loss: 1.5020
Averaged Test Accuracy: 0.4470
Averaged Test AUC: 0.8492
Std Test Accuracy: 0.1330
Std Test AUC: 0.0466

--- Round 323/500 ---
Averaged Train Loss: 1.4846
Averaged Test Accuracy: 0.4568
Averaged Test AUC: 0.8502
Std Test Accuracy: 0.1640
Std Test AUC: 0.0578

--- Round 324/500 ---
Averaged Train Loss: 1.4213
Averaged Test Accuracy: 0.4835
Averaged Test AUC: 0.8630
Std Test Accuracy: 0.1889
Std Test AUC: 0.0498

--- Round 325/500 ---
Averaged Train Loss: 1.3957
Averaged Test Accuracy: 0.4939
Averaged Test AUC: 0.8626
Std Test Accuracy: 0.1783
Std Test AUC: 0.0593

--- Round 326/500 ---
Averaged Train Loss: 1.3156
Averaged Test Accuracy: 0.5125
Averaged Test AUC: 0.8705
Std Test Accuracy: 0.1167
Std Test AUC: 0.0380

--- Round 327/500 ---
Averaged Train Loss: 1.5012
Averaged Test Accuracy: 0.4445
Averaged Test AUC: 0.8506
Std Test Accuracy: 0.1425
Std Test AUC: 0.0487

--- Round 328/500 ---
Averaged Train Loss: 1.5120
Averaged Test Accuracy: 0.4498
Averaged Test AUC: 0.8494
Std Test Accuracy: 0.1855
Std Test AUC: 0.0612

--- Round 329/500 ---
Averaged Train Loss: 1.3668
Averaged Test Accuracy: 0.4973
Averaged Test AUC: 0.8670
Std Test Accuracy: 0.1729
Std Test AUC: 0.0424

--- Round 330/500 ---
Averaged Train Loss: 1.4299
Averaged Test Accuracy: 0.4853
Averaged Test AUC: 0.8594
Std Test Accuracy: 0.1924
Std Test AUC: 0.0647

--- Round 331/500 ---
Averaged Train Loss: 1.3292
Averaged Test Accuracy: 0.5078
Averaged Test AUC: 0.8699
Std Test Accuracy: 0.1213
Std Test AUC: 0.0375

--- Round 332/500 ---
Averaged Train Loss: 1.4843
Averaged Test Accuracy: 0.4514
Averaged Test AUC: 0.8515
Std Test Accuracy: 0.1510
Std Test AUC: 0.0504

--- Round 333/500 ---
Averaged Train Loss: 1.4489
Averaged Test Accuracy: 0.4745
Averaged Test AUC: 0.8538
Std Test Accuracy: 0.1595
Std Test AUC: 0.0533

--- Round 334/500 ---
Averaged Train Loss: 1.3964
Averaged Test Accuracy: 0.4902
Averaged Test AUC: 0.8658
Std Test Accuracy: 0.1886
Std Test AUC: 0.0496

--- Round 335/500 ---
Averaged Train Loss: 1.3965
Averaged Test Accuracy: 0.4935
Averaged Test AUC: 0.8641
Std Test Accuracy: 0.1867
Std Test AUC: 0.0581

--- Round 336/500 ---
Averaged Train Loss: 1.3303
Averaged Test Accuracy: 0.5028
Averaged Test AUC: 0.8679
Std Test Accuracy: 0.1329
Std Test AUC: 0.0391

--- Round 337/500 ---
Averaged Train Loss: 1.5262
Averaged Test Accuracy: 0.4373
Averaged Test AUC: 0.8484
Std Test Accuracy: 0.1615
Std Test AUC: 0.0538

--- Round 338/500 ---
Averaged Train Loss: 1.4253
Averaged Test Accuracy: 0.4812
Averaged Test AUC: 0.8563
Std Test Accuracy: 0.1549
Std Test AUC: 0.0521

--- Round 339/500 ---
Averaged Train Loss: 1.3885
Averaged Test Accuracy: 0.4898
Averaged Test AUC: 0.8668
Std Test Accuracy: 0.1825
Std Test AUC: 0.0457

--- Round 340/500 ---
Averaged Train Loss: 1.4154
Averaged Test Accuracy: 0.4894
Averaged Test AUC: 0.8609
Std Test Accuracy: 0.1913
Std Test AUC: 0.0633

--- Round 341/500 ---
Averaged Train Loss: 1.3007
Averaged Test Accuracy: 0.5168
Averaged Test AUC: 0.8719
Std Test Accuracy: 0.1197
Std Test AUC: 0.0378

--- Round 342/500 ---
Averaged Train Loss: 1.4869
Averaged Test Accuracy: 0.4487
Averaged Test AUC: 0.8526
Std Test Accuracy: 0.1566
Std Test AUC: 0.0500

--- Round 343/500 ---
Averaged Train Loss: 1.4271
Averaged Test Accuracy: 0.4782
Averaged Test AUC: 0.8571
Std Test Accuracy: 0.1542
Std Test AUC: 0.0501

--- Round 344/500 ---
Averaged Train Loss: 1.6611
Averaged Test Accuracy: 0.4152
Averaged Test AUC: 0.8522
Std Test Accuracy: 0.2177
Std Test AUC: 0.0599

--- Round 345/500 ---
Averaged Train Loss: 1.4020
Averaged Test Accuracy: 0.4929
Averaged Test AUC: 0.8649
Std Test Accuracy: 0.1972
Std Test AUC: 0.0572

--- Round 346/500 ---
Averaged Train Loss: 1.3544
Averaged Test Accuracy: 0.5079
Averaged Test AUC: 0.8690
Std Test Accuracy: 0.1563
Std Test AUC: 0.0456

--- Round 347/500 ---
Averaged Train Loss: 1.4833
Averaged Test Accuracy: 0.4507
Averaged Test AUC: 0.8583
Std Test Accuracy: 0.1679
Std Test AUC: 0.0443

--- Round 348/500 ---
Averaged Train Loss: 1.4772
Averaged Test Accuracy: 0.4590
Averaged Test AUC: 0.8538
Std Test Accuracy: 0.1850
Std Test AUC: 0.0586

--- Round 349/500 ---
Averaged Train Loss: 1.4600
Averaged Test Accuracy: 0.4614
Averaged Test AUC: 0.8612
Std Test Accuracy: 0.1912
Std Test AUC: 0.0463

--- Round 350/500 ---
Averaged Train Loss: 1.3396
Averaged Test Accuracy: 0.5071
Averaged Test AUC: 0.8699
Std Test Accuracy: 0.1824
Std Test AUC: 0.0495

--- Round 351/500 ---
Averaged Train Loss: 1.3313
Averaged Test Accuracy: 0.5136
Averaged Test AUC: 0.8707
Std Test Accuracy: 0.1473
Std Test AUC: 0.0434

--- Round 352/500 ---
Averaged Train Loss: 1.4613
Averaged Test Accuracy: 0.4598
Averaged Test AUC: 0.8587
Std Test Accuracy: 0.1679
Std Test AUC: 0.0435

--- Round 353/500 ---
Averaged Train Loss: 1.4660
Averaged Test Accuracy: 0.4637
Averaged Test AUC: 0.8553
Std Test Accuracy: 0.1820
Std Test AUC: 0.0585

--- Round 354/500 ---
Averaged Train Loss: 1.5188
Averaged Test Accuracy: 0.4466
Averaged Test AUC: 0.8584
Std Test Accuracy: 0.2074
Std Test AUC: 0.0534

--- Round 355/500 ---
Averaged Train Loss: 1.3856
Averaged Test Accuracy: 0.4993
Averaged Test AUC: 0.8660
Std Test Accuracy: 0.1973
Std Test AUC: 0.0572

--- Round 356/500 ---
Averaged Train Loss: 1.3136
Averaged Test Accuracy: 0.5184
Averaged Test AUC: 0.8719
Std Test Accuracy: 0.1481
Std Test AUC: 0.0432

--- Round 357/500 ---
Averaged Train Loss: 1.4550
Averaged Test Accuracy: 0.4568
Averaged Test AUC: 0.8580
Std Test Accuracy: 0.1638
Std Test AUC: 0.0441

--- Round 358/500 ---
Averaged Train Loss: 1.4732
Averaged Test Accuracy: 0.4623
Averaged Test AUC: 0.8551
Std Test Accuracy: 0.1830
Std Test AUC: 0.0587

--- Round 359/500 ---
Averaged Train Loss: 1.5234
Averaged Test Accuracy: 0.4447
Averaged Test AUC: 0.8556
Std Test Accuracy: 0.2156
Std Test AUC: 0.0581

--- Round 360/500 ---
Averaged Train Loss: 1.3522
Averaged Test Accuracy: 0.5061
Averaged Test AUC: 0.8685
Std Test Accuracy: 0.1907
Std Test AUC: 0.0521

--- Round 361/500 ---
Averaged Train Loss: 1.3924
Averaged Test Accuracy: 0.4982
Averaged Test AUC: 0.8658
Std Test Accuracy: 0.1777
Std Test AUC: 0.0545

--- Round 362/500 ---
Averaged Train Loss: 1.4520
Averaged Test Accuracy: 0.4584
Averaged Test AUC: 0.8583
Std Test Accuracy: 0.1649
Std Test AUC: 0.0446

--- Round 363/500 ---
Averaged Train Loss: 1.4927
Averaged Test Accuracy: 0.4558
Averaged Test AUC: 0.8521
Std Test Accuracy: 0.1844
Std Test AUC: 0.0619

--- Round 364/500 ---
Averaged Train Loss: 1.4302
Averaged Test Accuracy: 0.4774
Averaged Test AUC: 0.8633
Std Test Accuracy: 0.1928
Std Test AUC: 0.0477

--- Round 365/500 ---
Averaged Train Loss: 1.3439
Averaged Test Accuracy: 0.5103
Averaged Test AUC: 0.8686
Std Test Accuracy: 0.1863
Std Test AUC: 0.0535

--- Round 366/500 ---
Averaged Train Loss: 1.3538
Averaged Test Accuracy: 0.5081
Averaged Test AUC: 0.8692
Std Test Accuracy: 0.1650
Std Test AUC: 0.0500

--- Round 367/500 ---
Averaged Train Loss: 1.4385
Averaged Test Accuracy: 0.4635
Averaged Test AUC: 0.8597
Std Test Accuracy: 0.1629
Std Test AUC: 0.0444

--- Round 368/500 ---
Averaged Train Loss: 1.4600
Averaged Test Accuracy: 0.4613
Averaged Test AUC: 0.8557
Std Test Accuracy: 0.1946
Std Test AUC: 0.0601

--- Round 369/500 ---
Averaged Train Loss: 1.4046
Averaged Test Accuracy: 0.4784
Averaged Test AUC: 0.8643
Std Test Accuracy: 0.1772
Std Test AUC: 0.0446

--- Round 370/500 ---
Averaged Train Loss: 1.3267
Averaged Test Accuracy: 0.5132
Averaged Test AUC: 0.8706
Std Test Accuracy: 0.1771
Std Test AUC: 0.0498

--- Round 371/500 ---
Averaged Train Loss: 1.3679
Averaged Test Accuracy: 0.5041
Averaged Test AUC: 0.8671
Std Test Accuracy: 0.1742
Std Test AUC: 0.0531

--- Round 372/500 ---
Averaged Train Loss: 1.3768
Averaged Test Accuracy: 0.4885
Averaged Test AUC: 0.8639
Std Test Accuracy: 0.1268
Std Test AUC: 0.0400

--- Round 373/500 ---
Averaged Train Loss: 1.4288
Averaged Test Accuracy: 0.4716
Averaged Test AUC: 0.8589
Std Test Accuracy: 0.1699
Std Test AUC: 0.0511

--- Round 374/500 ---
Averaged Train Loss: 1.4317
Averaged Test Accuracy: 0.4691
Averaged Test AUC: 0.8618
Std Test Accuracy: 0.1827
Std Test AUC: 0.0494

--- Round 375/500 ---
Averaged Train Loss: 1.3050
Averaged Test Accuracy: 0.5210
Averaged Test AUC: 0.8720
Std Test Accuracy: 0.1438
Std Test AUC: 0.0414

--- Round 376/500 ---
Averaged Train Loss: 1.3308
Averaged Test Accuracy: 0.5132
Averaged Test AUC: 0.8702
Std Test Accuracy: 0.1549
Std Test AUC: 0.0511

--- Round 377/500 ---
Averaged Train Loss: 1.3030
Averaged Test Accuracy: 0.5206
Averaged Test AUC: 0.8718
Std Test Accuracy: 0.1144
Std Test AUC: 0.0296

--- Round 378/500 ---
Averaged Train Loss: 1.4179
Averaged Test Accuracy: 0.4745
Averaged Test AUC: 0.8606
Std Test Accuracy: 0.1701
Std Test AUC: 0.0503

--- Round 379/500 ---
Averaged Train Loss: 1.5221
Averaged Test Accuracy: 0.4432
Averaged Test AUC: 0.8535
Std Test Accuracy: 0.2092
Std Test AUC: 0.0633

--- Round 380/500 ---
Averaged Train Loss: 1.3315
Averaged Test Accuracy: 0.5128
Averaged Test AUC: 0.8701
Std Test Accuracy: 0.1843
Std Test AUC: 0.0524

--- Round 381/500 ---
Averaged Train Loss: 1.3659
Averaged Test Accuracy: 0.4987
Averaged Test AUC: 0.8682
Std Test Accuracy: 0.1610
Std Test AUC: 0.0493

--- Round 382/500 ---
Averaged Train Loss: 1.3157
Averaged Test Accuracy: 0.5115
Averaged Test AUC: 0.8709
Std Test Accuracy: 0.1221
Std Test AUC: 0.0326

--- Round 383/500 ---
Averaged Train Loss: 1.4444
Averaged Test Accuracy: 0.4658
Averaged Test AUC: 0.8570
Std Test Accuracy: 0.1724
Std Test AUC: 0.0564

--- Round 384/500 ---
Averaged Train Loss: 1.5115
Averaged Test Accuracy: 0.4525
Averaged Test AUC: 0.8552
Std Test Accuracy: 0.2039
Std Test AUC: 0.0609

--- Round 385/500 ---
Averaged Train Loss: 1.3218
Averaged Test Accuracy: 0.5167
Averaged Test AUC: 0.8711
Std Test Accuracy: 0.1768
Std Test AUC: 0.0496

--- Round 386/500 ---
Averaged Train Loss: 1.3364
Averaged Test Accuracy: 0.5146
Averaged Test AUC: 0.8704
Std Test Accuracy: 0.1469
Std Test AUC: 0.0497

--- Round 387/500 ---
Averaged Train Loss: 1.3008
Averaged Test Accuracy: 0.5182
Averaged Test AUC: 0.8718
Std Test Accuracy: 0.1169
Std Test AUC: 0.0315

--- Round 388/500 ---
Averaged Train Loss: 1.4018
Averaged Test Accuracy: 0.4819
Averaged Test AUC: 0.8620
Std Test Accuracy: 0.1645
Std Test AUC: 0.0482

--- Round 389/500 ---
Averaged Train Loss: 1.5225
Averaged Test Accuracy: 0.4473
Averaged Test AUC: 0.8542
Std Test Accuracy: 0.2079
Std Test AUC: 0.0636

--- Round 390/500 ---
Averaged Train Loss: 1.3400
Averaged Test Accuracy: 0.5094
Averaged Test AUC: 0.8703
Std Test Accuracy: 0.1860
Std Test AUC: 0.0530

--- Round 391/500 ---
Averaged Train Loss: 1.3327
Averaged Test Accuracy: 0.5122
Averaged Test AUC: 0.8707
Std Test Accuracy: 0.1416
Std Test AUC: 0.0475

--- Round 392/500 ---
Averaged Train Loss: 1.3089
Averaged Test Accuracy: 0.5172
Averaged Test AUC: 0.8702
Std Test Accuracy: 0.1053
Std Test AUC: 0.0312

--- Round 393/500 ---
Averaged Train Loss: 1.4138
Averaged Test Accuracy: 0.4761
Averaged Test AUC: 0.8612
Std Test Accuracy: 0.1661
Std Test AUC: 0.0481

--- Round 394/500 ---
Averaged Train Loss: 1.4721
Averaged Test Accuracy: 0.4553
Averaged Test AUC: 0.8588
Std Test Accuracy: 0.1962
Std Test AUC: 0.0509

--- Round 395/500 ---
Averaged Train Loss: 1.3561
Averaged Test Accuracy: 0.5059
Averaged Test AUC: 0.8689
Std Test Accuracy: 0.1922
Std Test AUC: 0.0553

--- Round 396/500 ---
Averaged Train Loss: 1.3262
Averaged Test Accuracy: 0.5137
Averaged Test AUC: 0.8717
Std Test Accuracy: 0.1450
Std Test AUC: 0.0460

--- Round 397/500 ---
Averaged Train Loss: 1.3097
Averaged Test Accuracy: 0.5165
Averaged Test AUC: 0.8707
Std Test Accuracy: 0.1123
Std Test AUC: 0.0323

--- Round 398/500 ---
Averaged Train Loss: 1.4123
Averaged Test Accuracy: 0.4784
Averaged Test AUC: 0.8600
Std Test Accuracy: 0.1662
Std Test AUC: 0.0509

--- Round 399/500 ---
Averaged Train Loss: 1.4974
Averaged Test Accuracy: 0.4546
Averaged Test AUC: 0.8562
Std Test Accuracy: 0.2004
Std Test AUC: 0.0599

--- Round 400/500 ---
Averaged Train Loss: 1.3555
Averaged Test Accuracy: 0.5049
Averaged Test AUC: 0.8694
Std Test Accuracy: 0.1958
Std Test AUC: 0.0531

--- Round 401/500 ---
Averaged Train Loss: 1.3211
Averaged Test Accuracy: 0.5163
Averaged Test AUC: 0.8715
Std Test Accuracy: 0.1372
Std Test AUC: 0.0469

--- Round 402/500 ---
Averaged Train Loss: 1.3331
Averaged Test Accuracy: 0.5018
Averaged Test AUC: 0.8690
Std Test Accuracy: 0.1307
Std Test AUC: 0.0369

--- Round 403/500 ---
Averaged Train Loss: 1.3788
Averaged Test Accuracy: 0.4897
Averaged Test AUC: 0.8641
Std Test Accuracy: 0.1577
Std Test AUC: 0.0478

--- Round 404/500 ---
Averaged Train Loss: 1.5340
Averaged Test Accuracy: 0.4432
Averaged Test AUC: 0.8534
Std Test Accuracy: 0.2041
Std Test AUC: 0.0653

--- Round 405/500 ---
Averaged Train Loss: 1.3117
Averaged Test Accuracy: 0.5206
Averaged Test AUC: 0.8717
Std Test Accuracy: 0.1705
Std Test AUC: 0.0445

--- Round 406/500 ---
Averaged Train Loss: 1.3251
Averaged Test Accuracy: 0.5172
Averaged Test AUC: 0.8704
Std Test Accuracy: 0.1292
Std Test AUC: 0.0469

--- Round 407/500 ---
Averaged Train Loss: 1.2995
Averaged Test Accuracy: 0.5153
Averaged Test AUC: 0.8724
Std Test Accuracy: 0.1099
Std Test AUC: 0.0307

--- Round 408/500 ---
Averaged Train Loss: 1.4076
Averaged Test Accuracy: 0.4796
Averaged Test AUC: 0.8610
Std Test Accuracy: 0.1684
Std Test AUC: 0.0509

--- Round 409/500 ---
Averaged Train Loss: 1.4551
Averaged Test Accuracy: 0.4654
Averaged Test AUC: 0.8616
Std Test Accuracy: 0.1893
Std Test AUC: 0.0526

--- Round 410/500 ---
Averaged Train Loss: 1.3017
Averaged Test Accuracy: 0.5231
Averaged Test AUC: 0.8732
Std Test Accuracy: 0.1688
Std Test AUC: 0.0441

--- Round 411/500 ---
Averaged Train Loss: 1.3251
Averaged Test Accuracy: 0.5155
Averaged Test AUC: 0.8715
Std Test Accuracy: 0.1452
Std Test AUC: 0.0491

--- Round 412/500 ---
Averaged Train Loss: 1.3049
Averaged Test Accuracy: 0.5135
Averaged Test AUC: 0.8713
Std Test Accuracy: 0.1145
Std Test AUC: 0.0320

--- Round 413/500 ---
Averaged Train Loss: 1.4128
Averaged Test Accuracy: 0.4784
Averaged Test AUC: 0.8598
Std Test Accuracy: 0.1681
Std Test AUC: 0.0529

--- Round 414/500 ---
Averaged Train Loss: 1.4440
Averaged Test Accuracy: 0.4654
Averaged Test AUC: 0.8625
Std Test Accuracy: 0.1893
Std Test AUC: 0.0508

--- Round 415/500 ---
Averaged Train Loss: 1.3435
Averaged Test Accuracy: 0.5067
Averaged Test AUC: 0.8706
Std Test Accuracy: 0.1925
Std Test AUC: 0.0516

--- Round 416/500 ---
Averaged Train Loss: 1.3133
Averaged Test Accuracy: 0.5212
Averaged Test AUC: 0.8726
Std Test Accuracy: 0.1544
Std Test AUC: 0.0493

--- Round 417/500 ---
Averaged Train Loss: 1.3079
Averaged Test Accuracy: 0.5154
Averaged Test AUC: 0.8706
Std Test Accuracy: 0.1255
Std Test AUC: 0.0369

--- Round 418/500 ---
Averaged Train Loss: 1.3876
Averaged Test Accuracy: 0.4824
Averaged Test AUC: 0.8634
Std Test Accuracy: 0.1671
Std Test AUC: 0.0485

--- Round 419/500 ---
Averaged Train Loss: 1.4239
Averaged Test Accuracy: 0.4753
Averaged Test AUC: 0.8639
Std Test Accuracy: 0.1850
Std Test AUC: 0.0504

--- Round 420/500 ---
Averaged Train Loss: 1.3072
Averaged Test Accuracy: 0.5206
Averaged Test AUC: 0.8722
Std Test Accuracy: 0.1699
Std Test AUC: 0.0436

--- Round 421/500 ---
Averaged Train Loss: 1.3383
Averaged Test Accuracy: 0.5131
Averaged Test AUC: 0.8713
Std Test Accuracy: 0.1472
Std Test AUC: 0.0487

--- Round 422/500 ---
Averaged Train Loss: 1.2739
Averaged Test Accuracy: 0.5243
Averaged Test AUC: 0.8742
Std Test Accuracy: 0.1019
Std Test AUC: 0.0279

--- Round 423/500 ---
Averaged Train Loss: 1.8087
Averaged Test Accuracy: 0.3984
Averaged Test AUC: 0.8199
Std Test Accuracy: 0.2239
Std Test AUC: 0.0899

--- Round 424/500 ---
Averaged Train Loss: 1.3321
Averaged Test Accuracy: 0.5088
Averaged Test AUC: 0.8689
Std Test Accuracy: 0.1476
Std Test AUC: 0.0431

--- Round 425/500 ---
Averaged Train Loss: 1.2770
Averaged Test Accuracy: 0.5313
Averaged Test AUC: 0.8739
Std Test Accuracy: 0.1402
Std Test AUC: 0.0362

--- Round 426/500 ---
Averaged Train Loss: 1.3270
Averaged Test Accuracy: 0.5182
Averaged Test AUC: 0.8716
Std Test Accuracy: 0.1528
Std Test AUC: 0.0518

--- Round 427/500 ---
Averaged Train Loss: 1.2885
Averaged Test Accuracy: 0.5222
Averaged Test AUC: 0.8722
Std Test Accuracy: 0.0980
Std Test AUC: 0.0268

--- Round 428/500 ---
Averaged Train Loss: 1.6095
Averaged Test Accuracy: 0.4462
Averaged Test AUC: 0.8365
Std Test Accuracy: 0.1780
Std Test AUC: 0.0710

--- Round 429/500 ---
Averaged Train Loss: 1.3371
Averaged Test Accuracy: 0.5075
Averaged Test AUC: 0.8687
Std Test Accuracy: 0.1362
Std Test AUC: 0.0383

--- Round 430/500 ---
Averaged Train Loss: 1.2750
Averaged Test Accuracy: 0.5307
Averaged Test AUC: 0.8746
Std Test Accuracy: 0.1482
Std Test AUC: 0.0389

--- Round 431/500 ---
Averaged Train Loss: 1.3127
Averaged Test Accuracy: 0.5223
Averaged Test AUC: 0.8728
Std Test Accuracy: 0.1448
Std Test AUC: 0.0474

--- Round 432/500 ---
Averaged Train Loss: 1.2968
Averaged Test Accuracy: 0.5180
Averaged Test AUC: 0.8711
Std Test Accuracy: 0.1482
Std Test AUC: 0.0456

--- Round 433/500 ---
Averaged Train Loss: 1.2815
Averaged Test Accuracy: 0.5309
Averaged Test AUC: 0.8754
Std Test Accuracy: 0.1385
Std Test AUC: 0.0370

--- Round 434/500 ---
Averaged Train Loss: 1.3236
Averaged Test Accuracy: 0.5117
Averaged Test AUC: 0.8673
Std Test Accuracy: 0.1535
Std Test AUC: 0.0513

--- Round 435/500 ---
Averaged Train Loss: 1.2950
Averaged Test Accuracy: 0.5257
Averaged Test AUC: 0.8725
Std Test Accuracy: 0.1448
Std Test AUC: 0.0481

--- Round 436/500 ---
Averaged Train Loss: 1.3251
Averaged Test Accuracy: 0.5138
Averaged Test AUC: 0.8675
Std Test Accuracy: 0.1615
Std Test AUC: 0.0562

--- Round 437/500 ---
Averaged Train Loss: 1.2987
Averaged Test Accuracy: 0.5178
Averaged Test AUC: 0.8736
Std Test Accuracy: 0.1335
Std Test AUC: 0.0379

--- Round 438/500 ---
Averaged Train Loss: 1.3264
Averaged Test Accuracy: 0.5130
Averaged Test AUC: 0.8666
Std Test Accuracy: 0.1581
Std Test AUC: 0.0558

--- Round 439/500 ---
Averaged Train Loss: 1.3031
Averaged Test Accuracy: 0.5191
Averaged Test AUC: 0.8730
Std Test Accuracy: 0.1477
Std Test AUC: 0.0455

--- Round 440/500 ---
Averaged Train Loss: 1.3226
Averaged Test Accuracy: 0.5119
Averaged Test AUC: 0.8671
Std Test Accuracy: 0.1546
Std Test AUC: 0.0546

--- Round 441/500 ---
Averaged Train Loss: 1.3553
Averaged Test Accuracy: 0.4975
Averaged Test AUC: 0.8699
Std Test Accuracy: 0.1729
Std Test AUC: 0.0505

--- Round 442/500 ---
Averaged Train Loss: 1.3185
Averaged Test Accuracy: 0.5123
Averaged Test AUC: 0.8677
Std Test Accuracy: 0.1504
Std Test AUC: 0.0528

--- Round 443/500 ---
Averaged Train Loss: 1.3524
Averaged Test Accuracy: 0.4964
Averaged Test AUC: 0.8704
Std Test Accuracy: 0.1698
Std Test AUC: 0.0480

--- Round 444/500 ---
Averaged Train Loss: 1.3211
Averaged Test Accuracy: 0.5119
Averaged Test AUC: 0.8667
Std Test Accuracy: 0.1484
Std Test AUC: 0.0534

--- Round 445/500 ---
Averaged Train Loss: 1.3457
Averaged Test Accuracy: 0.5015
Averaged Test AUC: 0.8703
Std Test Accuracy: 0.1706
Std Test AUC: 0.0516

--- Round 446/500 ---
Averaged Train Loss: 1.2976
Averaged Test Accuracy: 0.5186
Averaged Test AUC: 0.8709
Std Test Accuracy: 0.1472
Std Test AUC: 0.0452

--- Round 447/500 ---
Averaged Train Loss: 1.3381
Averaged Test Accuracy: 0.5113
Averaged Test AUC: 0.8722
Std Test Accuracy: 0.1693
Std Test AUC: 0.0493

--- Round 448/500 ---
Averaged Train Loss: 1.3001
Averaged Test Accuracy: 0.5201
Averaged Test AUC: 0.8698
Std Test Accuracy: 0.1434
Std Test AUC: 0.0494

--- Round 449/500 ---
Averaged Train Loss: 1.3815
Averaged Test Accuracy: 0.4899
Averaged Test AUC: 0.8676
Std Test Accuracy: 0.1806
Std Test AUC: 0.0523

--- Round 450/500 ---
Averaged Train Loss: 1.3051
Averaged Test Accuracy: 0.5176
Averaged Test AUC: 0.8693
Std Test Accuracy: 0.1424
Std Test AUC: 0.0495

--- Round 451/500 ---
Averaged Train Loss: 1.2793
Averaged Test Accuracy: 0.5285
Averaged Test AUC: 0.8752
Std Test Accuracy: 0.1371
Std Test AUC: 0.0418

--- Round 452/500 ---
Averaged Train Loss: 1.3251
Averaged Test Accuracy: 0.5122
Averaged Test AUC: 0.8677
Std Test Accuracy: 0.1513
Std Test AUC: 0.0531

--- Round 453/500 ---
Averaged Train Loss: 1.3006
Averaged Test Accuracy: 0.5219
Averaged Test AUC: 0.8735
Std Test Accuracy: 0.1486
Std Test AUC: 0.0462

--- Round 454/500 ---
Averaged Train Loss: 1.3222
Averaged Test Accuracy: 0.5133
Averaged Test AUC: 0.8684
Std Test Accuracy: 0.1525
Std Test AUC: 0.0520

--- Round 455/500 ---
Averaged Train Loss: 1.3013
Averaged Test Accuracy: 0.5205
Averaged Test AUC: 0.8732
Std Test Accuracy: 0.1452
Std Test AUC: 0.0453

--- Round 456/500 ---
Averaged Train Loss: 1.2888
Averaged Test Accuracy: 0.5216
Averaged Test AUC: 0.8714
Std Test Accuracy: 0.1423
Std Test AUC: 0.0462

--- Round 457/500 ---
Averaged Train Loss: 1.3565
Averaged Test Accuracy: 0.4992
Averaged Test AUC: 0.8698
Std Test Accuracy: 0.1716
Std Test AUC: 0.0517

--- Round 458/500 ---
Averaged Train Loss: 1.3206
Averaged Test Accuracy: 0.5159
Averaged Test AUC: 0.8683
Std Test Accuracy: 0.1490
Std Test AUC: 0.0523

--- Round 459/500 ---
Averaged Train Loss: 1.3830
Averaged Test Accuracy: 0.4882
Averaged Test AUC: 0.8684
Std Test Accuracy: 0.1780
Std Test AUC: 0.0507

--- Round 460/500 ---
Averaged Train Loss: 1.3062
Averaged Test Accuracy: 0.5176
Averaged Test AUC: 0.8682
Std Test Accuracy: 0.1420
Std Test AUC: 0.0505

--- Round 461/500 ---
Averaged Train Loss: 1.3307
Averaged Test Accuracy: 0.5106
Averaged Test AUC: 0.8708
Std Test Accuracy: 0.1512
Std Test AUC: 0.0477

--- Round 462/500 ---
Averaged Train Loss: 1.3194
Averaged Test Accuracy: 0.5124
Averaged Test AUC: 0.8681
Std Test Accuracy: 0.1483
Std Test AUC: 0.0505

--- Round 463/500 ---
Averaged Train Loss: 1.3571
Averaged Test Accuracy: 0.5003
Averaged Test AUC: 0.8679
Std Test Accuracy: 0.1653
Std Test AUC: 0.0526

--- Round 464/500 ---
Averaged Train Loss: 1.3138
Averaged Test Accuracy: 0.5150
Averaged Test AUC: 0.8679
Std Test Accuracy: 0.1487
Std Test AUC: 0.0517

--- Round 465/500 ---
Averaged Train Loss: 1.3605
Averaged Test Accuracy: 0.4989
Averaged Test AUC: 0.8695
Std Test Accuracy: 0.1708
Std Test AUC: 0.0496

--- Round 466/500 ---
Averaged Train Loss: 1.3063
Averaged Test Accuracy: 0.5208
Averaged Test AUC: 0.8685
Std Test Accuracy: 0.1449
Std Test AUC: 0.0516

--- Round 467/500 ---
Averaged Train Loss: 1.3379
Averaged Test Accuracy: 0.5095
Averaged Test AUC: 0.8725
Std Test Accuracy: 0.1697
Std Test AUC: 0.0492

--- Round 468/500 ---
Averaged Train Loss: 1.2863
Averaged Test Accuracy: 0.5249
Averaged Test AUC: 0.8725
Std Test Accuracy: 0.1377
Std Test AUC: 0.0435

--- Round 469/500 ---
Averaged Train Loss: 1.2963
Averaged Test Accuracy: 0.5187
Averaged Test AUC: 0.8741
Std Test Accuracy: 0.1436
Std Test AUC: 0.0434

--- Round 470/500 ---
Averaged Train Loss: 1.2895
Averaged Test Accuracy: 0.5204
Averaged Test AUC: 0.8715
Std Test Accuracy: 0.1332
Std Test AUC: 0.0435

--- Round 471/500 ---
Averaged Train Loss: 1.3059
Averaged Test Accuracy: 0.5164
Averaged Test AUC: 0.8735
Std Test Accuracy: 0.1471
Std Test AUC: 0.0421

--- Round 472/500 ---
Averaged Train Loss: 1.3148
Averaged Test Accuracy: 0.5162
Averaged Test AUC: 0.8676
Std Test Accuracy: 0.1468
Std Test AUC: 0.0529

--- Round 473/500 ---
Averaged Train Loss: 1.3764
Averaged Test Accuracy: 0.4930
Averaged Test AUC: 0.8689
Std Test Accuracy: 0.1764
Std Test AUC: 0.0495

--- Round 474/500 ---
Averaged Train Loss: 1.3092
Averaged Test Accuracy: 0.5197
Averaged Test AUC: 0.8682
Std Test Accuracy: 0.1430
Std Test AUC: 0.0512

--- Round 475/500 ---
Averaged Train Loss: 1.3331
Averaged Test Accuracy: 0.5128
Averaged Test AUC: 0.8730
Std Test Accuracy: 0.1623
Std Test AUC: 0.0470

--- Round 476/500 ---
Averaged Train Loss: 1.3036
Averaged Test Accuracy: 0.5212
Averaged Test AUC: 0.8694
Std Test Accuracy: 0.1430
Std Test AUC: 0.0507

--- Round 477/500 ---
Averaged Train Loss: 1.3349
Averaged Test Accuracy: 0.5078
Averaged Test AUC: 0.8715
Std Test Accuracy: 0.1647
Std Test AUC: 0.0492

--- Round 478/500 ---
Averaged Train Loss: 1.2949
Averaged Test Accuracy: 0.5222
Averaged Test AUC: 0.8703
Std Test Accuracy: 0.1306
Std Test AUC: 0.0451

--- Round 479/500 ---
Averaged Train Loss: 1.3329
Averaged Test Accuracy: 0.5122
Averaged Test AUC: 0.8733
Std Test Accuracy: 0.1591
Std Test AUC: 0.0464

--- Round 480/500 ---
Averaged Train Loss: 1.3095
Averaged Test Accuracy: 0.5167
Averaged Test AUC: 0.8697
Std Test Accuracy: 0.1465
Std Test AUC: 0.0499

--- Round 481/500 ---
Averaged Train Loss: 1.3586
Averaged Test Accuracy: 0.4987
Averaged Test AUC: 0.8696
Std Test Accuracy: 0.1712
Std Test AUC: 0.0497

--- Round 482/500 ---
Averaged Train Loss: 1.2894
Averaged Test Accuracy: 0.5239
Averaged Test AUC: 0.8707
Std Test Accuracy: 0.1298
Std Test AUC: 0.0449

--- Round 483/500 ---
Averaged Train Loss: 1.3361
Averaged Test Accuracy: 0.5114
Averaged Test AUC: 0.8730
Std Test Accuracy: 0.1625
Std Test AUC: 0.0471

--- Round 484/500 ---
Averaged Train Loss: 1.2741
Averaged Test Accuracy: 0.5284
Averaged Test AUC: 0.8736
Std Test Accuracy: 0.1268
Std Test AUC: 0.0407

--- Round 485/500 ---
Averaged Train Loss: 1.3193
Averaged Test Accuracy: 0.5158
Averaged Test AUC: 0.8722
Std Test Accuracy: 0.1495
Std Test AUC: 0.0456

--- Round 486/500 ---
Averaged Train Loss: 1.2983
Averaged Test Accuracy: 0.5222
Averaged Test AUC: 0.8703
Std Test Accuracy: 0.1427
Std Test AUC: 0.0489

--- Round 487/500 ---
Averaged Train Loss: 1.2921
Averaged Test Accuracy: 0.5263
Averaged Test AUC: 0.8742
Std Test Accuracy: 0.1371
Std Test AUC: 0.0436

--- Round 488/500 ---
Averaged Train Loss: 1.3145
Averaged Test Accuracy: 0.5176
Averaged Test AUC: 0.8693
Std Test Accuracy: 0.1509
Std Test AUC: 0.0513

--- Round 489/500 ---
Averaged Train Loss: 1.3298
Averaged Test Accuracy: 0.5110
Averaged Test AUC: 0.8721
Std Test Accuracy: 0.1586
Std Test AUC: 0.0480

--- Round 490/500 ---
Averaged Train Loss: 1.3134
Averaged Test Accuracy: 0.5208
Averaged Test AUC: 0.8681
Std Test Accuracy: 0.1487
Std Test AUC: 0.0545

--- Round 491/500 ---
Averaged Train Loss: 1.2827
Averaged Test Accuracy: 0.5317
Averaged Test AUC: 0.8749
Std Test Accuracy: 0.1393
Std Test AUC: 0.0448

--- Round 492/500 ---
Averaged Train Loss: 1.3158
Averaged Test Accuracy: 0.5178
Averaged Test AUC: 0.8692
Std Test Accuracy: 0.1534
Std Test AUC: 0.0538

--- Round 493/500 ---
Averaged Train Loss: 1.3288
Averaged Test Accuracy: 0.5110
Averaged Test AUC: 0.8716
Std Test Accuracy: 0.1609
Std Test AUC: 0.0504

--- Round 494/500 ---
Averaged Train Loss: 1.3046
Averaged Test Accuracy: 0.5219
Averaged Test AUC: 0.8698
Std Test Accuracy: 0.1463
Std Test AUC: 0.0500

--- Round 495/500 ---
Averaged Train Loss: 1.3340
Averaged Test Accuracy: 0.5107
Averaged Test AUC: 0.8719
Std Test Accuracy: 0.1538
Std Test AUC: 0.0448

--- Round 496/500 ---
Averaged Train Loss: 1.3007
Averaged Test Accuracy: 0.5235
Averaged Test AUC: 0.8697
Std Test Accuracy: 0.1488
Std Test AUC: 0.0515

--- Round 497/500 ---
Averaged Train Loss: 1.3511
Averaged Test Accuracy: 0.5053
Averaged Test AUC: 0.8706
Std Test Accuracy: 0.1615
Std Test AUC: 0.0492

--- Round 498/500 ---
Averaged Train Loss: 1.3069
Averaged Test Accuracy: 0.5228
Averaged Test AUC: 0.8698
Std Test Accuracy: 0.1486
Std Test AUC: 0.0516

--- Round 499/500 ---
Averaged Train Loss: 1.3160
Averaged Test Accuracy: 0.5158
Averaged Test AUC: 0.8731
Std Test Accuracy: 0.1630
Std Test AUC: 0.0493

--- Round 500/500 ---
Averaged Train Loss: 1.2974
Averaged Test Accuracy: 0.5243
Averaged Test AUC: 0.8709
Std Test Accuracy: 0.1506
Std Test AUC: 0.0506

========== Training Complete ==========
Best Test Accuracy: 0.5316657796700373
File path: ../results/Cifar10_FedEntPlusSmooth_smooth_trial01_0001_0.h5

Average time cost: 1949.49s.
Length:  501
std for best accuracy: 0.0
mean for best accuracy: 0.5316657796700373
All done!

Storage on cuda:0
-------------------------------------------------------------------------------
Total Tensors: 216120348 	Used Memory: 583.34M
The allocated memory on cuda:0: 601.47M
Memory differs due to the matrix alignment or invisible gradient buffer tensors
-------------------------------------------------------------------------------
