==================================================
goal = smooth_trial01_0034
device = cuda
device_id = 0
dataset = Cifar10
num_classes = 10
model = CNN
batch_size = 64
local_learning_rate = 0.01
learning_rate_decay = True
learning_rate_decay_gamma = 0.98
global_rounds = 500
top_cnt = 100
local_epochs = 5
algorithm = FedEntPlusSmooth
join_ratio = 0.1
random_join_ratio = False
num_clients = 100
prev = 0
times = 1
eval_gap = 1
save_folder_name = items
auto_break = False
dlg_eval = False
dlg_gap = 100
batch_num_per_client = 2
num_new_clients = 0
fine_tuning_epoch_new = 0
feature_dim = 512
vocab_size = 32000
max_len = 200
client_drop_rate = 0.0
train_slow_rate = 0.0
send_slow_rate = 0.0
time_select = False
time_threthold = 10000
beta = 0.0
lamda = 1.0
mu = 0.0
K = 5
p_learning_rate = 0.01
M = 5
itk = 4000
alphaK = 1.0
sigma = 1.0
alpha = 1.0
plocal_epochs = 1
tau = 1.0
fine_tuning_epochs = 10
dr_learning_rate = 0.0
L = 1.0
noise_dim = 512
generator_learning_rate = 0.005
hidden_dim = 512
server_epochs = 1000
localize_feature_extractor = False
server_learning_rate = 1.0
eta = 1.0
rand_percent = 80
layer_idx = 2
mentee_learning_rate = 0.005
T_start = 0.95
T_end = 0.98
momentum = 0.9
kl_weight = 0.0
buffer_size = 0
dp_epsilon = 0.0
H_min = None
alpha_vp = 0.0
enable_dynamic_param = False
log_fedent = False
log_filename = None
dynamic_config_path = /home/john/PFLlib/system/auto_configs/smooth_trial01_0034.json
==================================================

============= Running time: 0th =============
Creating server and clients ...
FedAvgCNN(
  (conv1): Sequential(
    (0): Conv2d(3, 32, kernel_size=(5, 5), stride=(1, 1))
    (1): ReLU(inplace=True)
    (2): MaxPool2d(kernel_size=(2, 2), stride=(2, 2), padding=0, dilation=1, ceil_mode=False)
  )
  (conv2): Sequential(
    (0): Conv2d(32, 64, kernel_size=(5, 5), stride=(1, 1))
    (1): ReLU(inplace=True)
    (2): MaxPool2d(kernel_size=(2, 2), stride=(2, 2), padding=0, dilation=1, ceil_mode=False)
  )
  (fc1): Sequential(
    (0): Linear(in_features=1600, out_features=512, bias=True)
    (1): ReLU(inplace=True)
  )
  (fc): Linear(in_features=512, out_features=10, bias=True)
)

Join ratio / total clients: 0.1 / 100
Finished creating server and clients.

--- Round 0/500 ---
Averaged Train Loss: 2.3038
Averaged Test Accuracy: 0.0928
Averaged Test AUC: 0.4894
Std Test Accuracy: 0.1434
Std Test AUC: 0.2233

--- Round 1/500 ---
Averaged Train Loss: 2.3624
Averaged Test Accuracy: 0.1192
Averaged Test AUC: 0.5061
Std Test Accuracy: 0.2165
Std Test AUC: 0.2567

--- Round 2/500 ---
Averaged Train Loss: 2.4084
Averaged Test Accuracy: 0.1109
Averaged Test AUC: 0.5241
Std Test Accuracy: 0.1964
Std Test AUC: 0.2550

--- Round 3/500 ---
Averaged Train Loss: 2.4847
Averaged Test Accuracy: 0.1332
Averaged Test AUC: 0.5410
Std Test Accuracy: 0.2307
Std Test AUC: 0.2542

--- Round 4/500 ---
Averaged Train Loss: 2.5904
Averaged Test Accuracy: 0.1705
Averaged Test AUC: 0.5482
Std Test Accuracy: 0.1989
Std Test AUC: 0.2598

--- Round 5/500 ---
Averaged Train Loss: 2.5622
Averaged Test Accuracy: 0.1573
Averaged Test AUC: 0.5677
Std Test Accuracy: 0.2136
Std Test AUC: 0.2419

--- Round 6/500 ---
Averaged Train Loss: 2.4614
Averaged Test Accuracy: 0.1720
Averaged Test AUC: 0.5942
Std Test Accuracy: 0.2113
Std Test AUC: 0.2397

--- Round 7/500 ---
Averaged Train Loss: 2.3457
Averaged Test Accuracy: 0.1924
Averaged Test AUC: 0.6297
Std Test Accuracy: 0.1942
Std Test AUC: 0.2266

--- Round 8/500 ---
Averaged Train Loss: 2.3368
Averaged Test Accuracy: 0.1865
Averaged Test AUC: 0.6416
Std Test Accuracy: 0.1793
Std Test AUC: 0.2173

--- Round 9/500 ---
Averaged Train Loss: 2.3672
Averaged Test Accuracy: 0.2060
Averaged Test AUC: 0.6330
Std Test Accuracy: 0.1927
Std Test AUC: 0.2291

--- Round 10/500 ---
Averaged Train Loss: 2.2748
Averaged Test Accuracy: 0.2386
Averaged Test AUC: 0.6432
Std Test Accuracy: 0.2040
Std Test AUC: 0.2238

--- Round 11/500 ---
Averaged Train Loss: 2.1835
Averaged Test Accuracy: 0.2018
Averaged Test AUC: 0.6804
Std Test Accuracy: 0.2205
Std Test AUC: 0.1706

--- Round 12/500 ---
Averaged Train Loss: 2.3041
Averaged Test Accuracy: 0.1843
Averaged Test AUC: 0.6749
Std Test Accuracy: 0.2006
Std Test AUC: 0.1598

--- Round 13/500 ---
Averaged Train Loss: 2.1107
Averaged Test Accuracy: 0.2310
Averaged Test AUC: 0.6989
Std Test Accuracy: 0.1881
Std Test AUC: 0.1472

--- Round 14/500 ---
Averaged Train Loss: 2.1852
Averaged Test Accuracy: 0.2368
Averaged Test AUC: 0.6859
Std Test Accuracy: 0.2079
Std Test AUC: 0.1693

--- Round 15/500 ---
Averaged Train Loss: 2.2221
Averaged Test Accuracy: 0.2386
Averaged Test AUC: 0.6803
Std Test Accuracy: 0.1915
Std Test AUC: 0.1738

--- Round 16/500 ---
Averaged Train Loss: 2.0955
Averaged Test Accuracy: 0.2415
Averaged Test AUC: 0.7106
Std Test Accuracy: 0.1882
Std Test AUC: 0.1459

--- Round 17/500 ---
Averaged Train Loss: 2.1922
Averaged Test Accuracy: 0.2267
Averaged Test AUC: 0.6950
Std Test Accuracy: 0.2099
Std Test AUC: 0.1735

--- Round 18/500 ---
Averaged Train Loss: 2.1792
Averaged Test Accuracy: 0.2062
Averaged Test AUC: 0.7092
Std Test Accuracy: 0.2003
Std Test AUC: 0.1444

--- Round 19/500 ---
Averaged Train Loss: 2.0824
Averaged Test Accuracy: 0.2300
Averaged Test AUC: 0.7216
Std Test Accuracy: 0.1864
Std Test AUC: 0.1327

--- Round 20/500 ---
Averaged Train Loss: 2.0986
Averaged Test Accuracy: 0.2440
Averaged Test AUC: 0.7275
Std Test Accuracy: 0.1924
Std Test AUC: 0.1208

--- Round 21/500 ---
Averaged Train Loss: 2.0681
Averaged Test Accuracy: 0.2625
Averaged Test AUC: 0.7302
Std Test Accuracy: 0.1721
Std Test AUC: 0.1347

--- Round 22/500 ---
Averaged Train Loss: 2.0971
Averaged Test Accuracy: 0.2289
Averaged Test AUC: 0.7277
Std Test Accuracy: 0.2003
Std Test AUC: 0.1380

--- Round 23/500 ---
Averaged Train Loss: 2.0235
Averaged Test Accuracy: 0.2583
Averaged Test AUC: 0.7402
Std Test Accuracy: 0.1920
Std Test AUC: 0.1244

--- Round 24/500 ---
Averaged Train Loss: 2.0175
Averaged Test Accuracy: 0.2680
Averaged Test AUC: 0.7412
Std Test Accuracy: 0.2043
Std Test AUC: 0.1306

--- Round 25/500 ---
Averaged Train Loss: 2.0281
Averaged Test Accuracy: 0.2608
Averaged Test AUC: 0.7451
Std Test Accuracy: 0.1822
Std Test AUC: 0.1193

--- Round 26/500 ---
Averaged Train Loss: 1.9722
Averaged Test Accuracy: 0.2771
Averaged Test AUC: 0.7482
Std Test Accuracy: 0.1938
Std Test AUC: 0.1360

--- Round 27/500 ---
Averaged Train Loss: 2.0700
Averaged Test Accuracy: 0.2390
Averaged Test AUC: 0.7407
Std Test Accuracy: 0.2067
Std Test AUC: 0.1315

--- Round 28/500 ---
Averaged Train Loss: 1.9838
Averaged Test Accuracy: 0.2859
Averaged Test AUC: 0.7481
Std Test Accuracy: 0.1996
Std Test AUC: 0.1389

--- Round 29/500 ---
Averaged Train Loss: 1.9473
Averaged Test Accuracy: 0.2891
Averaged Test AUC: 0.7596
Std Test Accuracy: 0.1824
Std Test AUC: 0.1124

--- Round 30/500 ---
Averaged Train Loss: 1.8700
Averaged Test Accuracy: 0.2867
Averaged Test AUC: 0.7731
Std Test Accuracy: 0.2015
Std Test AUC: 0.0993

--- Round 31/500 ---
Averaged Train Loss: 1.8675
Averaged Test Accuracy: 0.3119
Averaged Test AUC: 0.7698
Std Test Accuracy: 0.1814
Std Test AUC: 0.1169

--- Round 32/500 ---
Averaged Train Loss: 2.0191
Averaged Test Accuracy: 0.3137
Averaged Test AUC: 0.7327
Std Test Accuracy: 0.2042
Std Test AUC: 0.1687

--- Round 33/500 ---
Averaged Train Loss: 1.9291
Averaged Test Accuracy: 0.2992
Averaged Test AUC: 0.7615
Std Test Accuracy: 0.2133
Std Test AUC: 0.1331

--- Round 34/500 ---
Averaged Train Loss: 1.8994
Averaged Test Accuracy: 0.3125
Averaged Test AUC: 0.7678
Std Test Accuracy: 0.1905
Std Test AUC: 0.1213

--- Round 35/500 ---
Averaged Train Loss: 1.9150
Averaged Test Accuracy: 0.3076
Averaged Test AUC: 0.7654
Std Test Accuracy: 0.2068
Std Test AUC: 0.1169

--- Round 36/500 ---
Averaged Train Loss: 1.8939
Averaged Test Accuracy: 0.3230
Averaged Test AUC: 0.7694
Std Test Accuracy: 0.1851
Std Test AUC: 0.1186

--- Round 37/500 ---
Averaged Train Loss: 1.9727
Averaged Test Accuracy: 0.3010
Averaged Test AUC: 0.7575
Std Test Accuracy: 0.2088
Std Test AUC: 0.1360

--- Round 38/500 ---
Averaged Train Loss: 2.0231
Averaged Test Accuracy: 0.2942
Averaged Test AUC: 0.7518
Std Test Accuracy: 0.2176
Std Test AUC: 0.1448

--- Round 39/500 ---
Averaged Train Loss: 1.9805
Averaged Test Accuracy: 0.2812
Averaged Test AUC: 0.7623
Std Test Accuracy: 0.2033
Std Test AUC: 0.1225

--- Round 40/500 ---
Averaged Train Loss: 2.0059
Averaged Test Accuracy: 0.2843
Averaged Test AUC: 0.7599
Std Test Accuracy: 0.2091
Std Test AUC: 0.1223

--- Round 41/500 ---
Averaged Train Loss: 1.8647
Averaged Test Accuracy: 0.3252
Averaged Test AUC: 0.7779
Std Test Accuracy: 0.1971
Std Test AUC: 0.1114

--- Round 42/500 ---
Averaged Train Loss: 1.7881
Averaged Test Accuracy: 0.3353
Averaged Test AUC: 0.7927
Std Test Accuracy: 0.1691
Std Test AUC: 0.0856

--- Round 43/500 ---
Averaged Train Loss: 1.8173
Averaged Test Accuracy: 0.3296
Averaged Test AUC: 0.7854
Std Test Accuracy: 0.1900
Std Test AUC: 0.0941

--- Round 44/500 ---
Averaged Train Loss: 1.8330
Averaged Test Accuracy: 0.3208
Averaged Test AUC: 0.7833
Std Test Accuracy: 0.2153
Std Test AUC: 0.1023

--- Round 45/500 ---
Averaged Train Loss: 1.8298
Averaged Test Accuracy: 0.3417
Averaged Test AUC: 0.7820
Std Test Accuracy: 0.1998
Std Test AUC: 0.1144

--- Round 46/500 ---
Averaged Train Loss: 1.8780
Averaged Test Accuracy: 0.3085
Averaged Test AUC: 0.7814
Std Test Accuracy: 0.1753
Std Test AUC: 0.0950

--- Round 47/500 ---
Averaged Train Loss: 1.8353
Averaged Test Accuracy: 0.3229
Averaged Test AUC: 0.7865
Std Test Accuracy: 0.1839
Std Test AUC: 0.0950

--- Round 48/500 ---
Averaged Train Loss: 1.8389
Averaged Test Accuracy: 0.3223
Averaged Test AUC: 0.7851
Std Test Accuracy: 0.2192
Std Test AUC: 0.1011

--- Round 49/500 ---
Averaged Train Loss: 1.8257
Averaged Test Accuracy: 0.3278
Averaged Test AUC: 0.7851
Std Test Accuracy: 0.2127
Std Test AUC: 0.1056

--- Round 50/500 ---
Averaged Train Loss: 1.8091
Averaged Test Accuracy: 0.3410
Averaged Test AUC: 0.7877
Std Test Accuracy: 0.1684
Std Test AUC: 0.1049

--- Round 51/500 ---
Averaged Train Loss: 1.7335
Averaged Test Accuracy: 0.3596
Averaged Test AUC: 0.8010
Std Test Accuracy: 0.1662
Std Test AUC: 0.0844

--- Round 52/500 ---
Averaged Train Loss: 1.8285
Averaged Test Accuracy: 0.3425
Averaged Test AUC: 0.7862
Std Test Accuracy: 0.1855
Std Test AUC: 0.1072

--- Round 53/500 ---
Averaged Train Loss: 1.8927
Averaged Test Accuracy: 0.3236
Averaged Test AUC: 0.7764
Std Test Accuracy: 0.2210
Std Test AUC: 0.1236

--- Round 54/500 ---
Averaged Train Loss: 1.8227
Averaged Test Accuracy: 0.3424
Averaged Test AUC: 0.7883
Std Test Accuracy: 0.1943
Std Test AUC: 0.1056

--- Round 55/500 ---
Averaged Train Loss: 1.7873
Averaged Test Accuracy: 0.3515
Averaged Test AUC: 0.7905
Std Test Accuracy: 0.1848
Std Test AUC: 0.1119

--- Round 56/500 ---
Averaged Train Loss: 1.7893
Averaged Test Accuracy: 0.3485
Averaged Test AUC: 0.7954
Std Test Accuracy: 0.1982
Std Test AUC: 0.0894

--- Round 57/500 ---
Averaged Train Loss: 1.7941
Averaged Test Accuracy: 0.3402
Averaged Test AUC: 0.7964
Std Test Accuracy: 0.1961
Std Test AUC: 0.0867

--- Round 58/500 ---
Averaged Train Loss: 1.7918
Averaged Test Accuracy: 0.3395
Averaged Test AUC: 0.7938
Std Test Accuracy: 0.1706
Std Test AUC: 0.0937

--- Round 59/500 ---
Averaged Train Loss: 1.7785
Averaged Test Accuracy: 0.3606
Averaged Test AUC: 0.7965
Std Test Accuracy: 0.1895
Std Test AUC: 0.0944

--- Round 60/500 ---
Averaged Train Loss: 1.7702
Averaged Test Accuracy: 0.3471
Averaged Test AUC: 0.7968
Std Test Accuracy: 0.1583
Std Test AUC: 0.0921

--- Round 61/500 ---
Averaged Train Loss: 1.7406
Averaged Test Accuracy: 0.3678
Averaged Test AUC: 0.7985
Std Test Accuracy: 0.1612
Std Test AUC: 0.0999

--- Round 62/500 ---
Averaged Train Loss: 1.7592
Averaged Test Accuracy: 0.3662
Averaged Test AUC: 0.7978
Std Test Accuracy: 0.1491
Std Test AUC: 0.1000

--- Round 63/500 ---
Averaged Train Loss: 1.7469
Averaged Test Accuracy: 0.3729
Averaged Test AUC: 0.7980
Std Test Accuracy: 0.1644
Std Test AUC: 0.1041

--- Round 64/500 ---
Averaged Train Loss: 1.7675
Averaged Test Accuracy: 0.3610
Averaged Test AUC: 0.7990
Std Test Accuracy: 0.1841
Std Test AUC: 0.1010

--- Round 65/500 ---
Averaged Train Loss: 1.7503
Averaged Test Accuracy: 0.3649
Averaged Test AUC: 0.8006
Std Test Accuracy: 0.1673
Std Test AUC: 0.0944

--- Round 66/500 ---
Averaged Train Loss: 1.7757
Averaged Test Accuracy: 0.3578
Averaged Test AUC: 0.7987
Std Test Accuracy: 0.1956
Std Test AUC: 0.0955

--- Round 67/500 ---
Averaged Train Loss: 1.8263
Averaged Test Accuracy: 0.3288
Averaged Test AUC: 0.7965
Std Test Accuracy: 0.1721
Std Test AUC: 0.0820

--- Round 68/500 ---
Averaged Train Loss: 1.7072
Averaged Test Accuracy: 0.3776
Averaged Test AUC: 0.8092
Std Test Accuracy: 0.1773
Std Test AUC: 0.0838

--- Round 69/500 ---
Averaged Train Loss: 1.7799
Averaged Test Accuracy: 0.3630
Averaged Test AUC: 0.7991
Std Test Accuracy: 0.1979
Std Test AUC: 0.1008

--- Round 70/500 ---
Averaged Train Loss: 1.7756
Averaged Test Accuracy: 0.3527
Averaged Test AUC: 0.8023
Std Test Accuracy: 0.1857
Std Test AUC: 0.0809

--- Round 71/500 ---
Averaged Train Loss: 1.7891
Averaged Test Accuracy: 0.3427
Averaged Test AUC: 0.7982
Std Test Accuracy: 0.1994
Std Test AUC: 0.0906

--- Round 72/500 ---
Averaged Train Loss: 1.6953
Averaged Test Accuracy: 0.3797
Averaged Test AUC: 0.8097
Std Test Accuracy: 0.1641
Std Test AUC: 0.0832

--- Round 73/500 ---
Averaged Train Loss: 1.6799
Averaged Test Accuracy: 0.3733
Averaged Test AUC: 0.8141
Std Test Accuracy: 0.1635
Std Test AUC: 0.0659

--- Round 74/500 ---
Averaged Train Loss: 1.6975
Averaged Test Accuracy: 0.3799
Averaged Test AUC: 0.8080
Std Test Accuracy: 0.1678
Std Test AUC: 0.0874

--- Round 75/500 ---
Averaged Train Loss: 1.7707
Averaged Test Accuracy: 0.3427
Averaged Test AUC: 0.8023
Std Test Accuracy: 0.1653
Std Test AUC: 0.0784

--- Round 76/500 ---
Averaged Train Loss: 1.6869
Averaged Test Accuracy: 0.3793
Averaged Test AUC: 0.8118
Std Test Accuracy: 0.1651
Std Test AUC: 0.0747

--- Round 77/500 ---
Averaged Train Loss: 1.7077
Averaged Test Accuracy: 0.3819
Averaged Test AUC: 0.8071
Std Test Accuracy: 0.1653
Std Test AUC: 0.0979

--- Round 78/500 ---
Averaged Train Loss: 1.7346
Averaged Test Accuracy: 0.3613
Averaged Test AUC: 0.8059
Std Test Accuracy: 0.1665
Std Test AUC: 0.0845

--- Round 79/500 ---
Averaged Train Loss: 1.7064
Averaged Test Accuracy: 0.3728
Averaged Test AUC: 0.8086
Std Test Accuracy: 0.1905
Std Test AUC: 0.0868

--- Round 80/500 ---
Averaged Train Loss: 1.6720
Averaged Test Accuracy: 0.3876
Averaged Test AUC: 0.8137
Std Test Accuracy: 0.1579
Std Test AUC: 0.0768

--- Round 81/500 ---
Averaged Train Loss: 1.7428
Averaged Test Accuracy: 0.3717
Averaged Test AUC: 0.8038
Std Test Accuracy: 0.1765
Std Test AUC: 0.0954

--- Round 82/500 ---
Averaged Train Loss: 1.7129
Averaged Test Accuracy: 0.3743
Averaged Test AUC: 0.8103
Std Test Accuracy: 0.1771
Std Test AUC: 0.0846

--- Round 83/500 ---
Averaged Train Loss: 1.6560
Averaged Test Accuracy: 0.3966
Averaged Test AUC: 0.8167
Std Test Accuracy: 0.1467
Std Test AUC: 0.0769

--- Round 84/500 ---
Averaged Train Loss: 1.6605
Averaged Test Accuracy: 0.3934
Averaged Test AUC: 0.8167
Std Test Accuracy: 0.1440
Std Test AUC: 0.0749

--- Round 85/500 ---
Averaged Train Loss: 1.7760
Averaged Test Accuracy: 0.3552
Averaged Test AUC: 0.8022
Std Test Accuracy: 0.2241
Std Test AUC: 0.1004

--- Round 86/500 ---
Averaged Train Loss: 1.7176
Averaged Test Accuracy: 0.3735
Averaged Test AUC: 0.8131
Std Test Accuracy: 0.2055
Std Test AUC: 0.0779

--- Round 87/500 ---
Averaged Train Loss: 1.7057
Averaged Test Accuracy: 0.3699
Averaged Test AUC: 0.8136
Std Test Accuracy: 0.1818
Std Test AUC: 0.0733

--- Round 88/500 ---
Averaged Train Loss: 1.7054
Averaged Test Accuracy: 0.3787
Averaged Test AUC: 0.8136
Std Test Accuracy: 0.1963
Std Test AUC: 0.0848

--- Round 89/500 ---
Averaged Train Loss: 1.6768
Averaged Test Accuracy: 0.3926
Averaged Test AUC: 0.8163
Std Test Accuracy: 0.1766
Std Test AUC: 0.0860

--- Round 90/500 ---
Averaged Train Loss: 1.6694
Averaged Test Accuracy: 0.3955
Averaged Test AUC: 0.8140
Std Test Accuracy: 0.1667
Std Test AUC: 0.0910

--- Round 91/500 ---
Averaged Train Loss: 1.6842
Averaged Test Accuracy: 0.3783
Averaged Test AUC: 0.8151
Std Test Accuracy: 0.1544
Std Test AUC: 0.0743

--- Round 92/500 ---
Averaged Train Loss: 1.6486
Averaged Test Accuracy: 0.3976
Averaged Test AUC: 0.8195
Std Test Accuracy: 0.1648
Std Test AUC: 0.0792

--- Round 93/500 ---
Averaged Train Loss: 1.6645
Averaged Test Accuracy: 0.3985
Averaged Test AUC: 0.8179
Std Test Accuracy: 0.1713
Std Test AUC: 0.0807

--- Round 94/500 ---
Averaged Train Loss: 1.6754
Averaged Test Accuracy: 0.3918
Averaged Test AUC: 0.8156
Std Test Accuracy: 0.1410
Std Test AUC: 0.0767

--- Round 95/500 ---
Averaged Train Loss: 1.6448
Averaged Test Accuracy: 0.4105
Averaged Test AUC: 0.8172
Std Test Accuracy: 0.1524
Std Test AUC: 0.0891

--- Round 96/500 ---
Averaged Train Loss: 1.6562
Averaged Test Accuracy: 0.4097
Averaged Test AUC: 0.8170
Std Test Accuracy: 0.1613
Std Test AUC: 0.0894

--- Round 97/500 ---
Averaged Train Loss: 1.6737
Averaged Test Accuracy: 0.3964
Averaged Test AUC: 0.8154
Std Test Accuracy: 0.1429
Std Test AUC: 0.0814

--- Round 98/500 ---
Averaged Train Loss: 1.7055
Averaged Test Accuracy: 0.3827
Averaged Test AUC: 0.8100
Std Test Accuracy: 0.1563
Std Test AUC: 0.0907

--- Round 99/500 ---
Averaged Train Loss: 1.6838
Averaged Test Accuracy: 0.3805
Averaged Test AUC: 0.8143
Std Test Accuracy: 0.1860
Std Test AUC: 0.0808

--- Round 100/500 ---
Averaged Train Loss: 1.6305
Averaged Test Accuracy: 0.4010
Averaged Test AUC: 0.8218
Std Test Accuracy: 0.1623
Std Test AUC: 0.0697

--- Round 101/500 ---
Averaged Train Loss: 1.7060
Averaged Test Accuracy: 0.3765
Averaged Test AUC: 0.8113
Std Test Accuracy: 0.2042
Std Test AUC: 0.0906

--- Round 102/500 ---
Averaged Train Loss: 1.6404
Averaged Test Accuracy: 0.4050
Averaged Test AUC: 0.8196
Std Test Accuracy: 0.1469
Std Test AUC: 0.0812

--- Round 103/500 ---
Averaged Train Loss: 1.6566
Averaged Test Accuracy: 0.3917
Averaged Test AUC: 0.8219
Std Test Accuracy: 0.1826
Std Test AUC: 0.0697

--- Round 104/500 ---
Averaged Train Loss: 1.6387
Averaged Test Accuracy: 0.3876
Averaged Test AUC: 0.8234
Std Test Accuracy: 0.1584
Std Test AUC: 0.0584

--- Round 105/500 ---
Averaged Train Loss: 1.6040
Averaged Test Accuracy: 0.4053
Averaged Test AUC: 0.8278
Std Test Accuracy: 0.1744
Std Test AUC: 0.0652

--- Round 106/500 ---
Averaged Train Loss: 1.7552
Averaged Test Accuracy: 0.3782
Averaged Test AUC: 0.8008
Std Test Accuracy: 0.2101
Std Test AUC: 0.1115

--- Round 107/500 ---
Averaged Train Loss: 1.6216
Averaged Test Accuracy: 0.3959
Averaged Test AUC: 0.8258
Std Test Accuracy: 0.1745
Std Test AUC: 0.0683

--- Round 108/500 ---
Averaged Train Loss: 1.6590
Averaged Test Accuracy: 0.3984
Averaged Test AUC: 0.8208
Std Test Accuracy: 0.1872
Std Test AUC: 0.0815

--- Round 109/500 ---
Averaged Train Loss: 1.6521
Averaged Test Accuracy: 0.3991
Averaged Test AUC: 0.8201
Std Test Accuracy: 0.1865
Std Test AUC: 0.0870

--- Round 110/500 ---
Averaged Train Loss: 1.6139
Averaged Test Accuracy: 0.4059
Averaged Test AUC: 0.8257
Std Test Accuracy: 0.1685
Std Test AUC: 0.0676

--- Round 111/500 ---
Averaged Train Loss: 1.6341
Averaged Test Accuracy: 0.3910
Averaged Test AUC: 0.8253
Std Test Accuracy: 0.1431
Std Test AUC: 0.0580

--- Round 112/500 ---
Averaged Train Loss: 1.6059
Averaged Test Accuracy: 0.4026
Averaged Test AUC: 0.8274
Std Test Accuracy: 0.1491
Std Test AUC: 0.0539

--- Round 113/500 ---
Averaged Train Loss: 1.5774
Averaged Test Accuracy: 0.4141
Averaged Test AUC: 0.8317
Std Test Accuracy: 0.1666
Std Test AUC: 0.0592

--- Round 114/500 ---
Averaged Train Loss: 1.6144
Averaged Test Accuracy: 0.4071
Averaged Test AUC: 0.8245
Std Test Accuracy: 0.1670
Std Test AUC: 0.0760

--- Round 115/500 ---
Averaged Train Loss: 1.6260
Averaged Test Accuracy: 0.4121
Averaged Test AUC: 0.8244
Std Test Accuracy: 0.1673
Std Test AUC: 0.0747

--- Round 116/500 ---
Averaged Train Loss: 1.6227
Averaged Test Accuracy: 0.3999
Averaged Test AUC: 0.8265
Std Test Accuracy: 0.1844
Std Test AUC: 0.0674

--- Round 117/500 ---
Averaged Train Loss: 1.6312
Averaged Test Accuracy: 0.4059
Averaged Test AUC: 0.8231
Std Test Accuracy: 0.1651
Std Test AUC: 0.0775

--- Round 118/500 ---
Averaged Train Loss: 1.6825
Averaged Test Accuracy: 0.3821
Averaged Test AUC: 0.8187
Std Test Accuracy: 0.1593
Std Test AUC: 0.0748

--- Round 119/500 ---
Averaged Train Loss: 1.6314
Averaged Test Accuracy: 0.3961
Averaged Test AUC: 0.8285
Std Test Accuracy: 0.2014
Std Test AUC: 0.0615

--- Round 120/500 ---
Averaged Train Loss: 1.5804
Averaged Test Accuracy: 0.4154
Averaged Test AUC: 0.8330
Std Test Accuracy: 0.1574
Std Test AUC: 0.0583

--- Round 121/500 ---
Averaged Train Loss: 1.5523
Averaged Test Accuracy: 0.4242
Averaged Test AUC: 0.8351
Std Test Accuracy: 0.1509
Std Test AUC: 0.0556

--- Round 122/500 ---
Averaged Train Loss: 1.5779
Averaged Test Accuracy: 0.4081
Averaged Test AUC: 0.8324
Std Test Accuracy: 0.1792
Std Test AUC: 0.0542

--- Round 123/500 ---
Averaged Train Loss: 1.6112
Averaged Test Accuracy: 0.3982
Averaged Test AUC: 0.8306
Std Test Accuracy: 0.1923
Std Test AUC: 0.0543

--- Round 124/500 ---
Averaged Train Loss: 1.7274
Averaged Test Accuracy: 0.3859
Averaged Test AUC: 0.8063
Std Test Accuracy: 0.2133
Std Test AUC: 0.1039

--- Round 125/500 ---
Averaged Train Loss: 1.5840
Averaged Test Accuracy: 0.4139
Averaged Test AUC: 0.8353
Std Test Accuracy: 0.1879
Std Test AUC: 0.0549

--- Round 126/500 ---
Averaged Train Loss: 1.5388
Averaged Test Accuracy: 0.4318
Averaged Test AUC: 0.8382
Std Test Accuracy: 0.1389
Std Test AUC: 0.0467

--- Round 127/500 ---
Averaged Train Loss: 1.5840
Averaged Test Accuracy: 0.4178
Averaged Test AUC: 0.8307
Std Test Accuracy: 0.1721
Std Test AUC: 0.0683

--- Round 128/500 ---
Averaged Train Loss: 1.6018
Averaged Test Accuracy: 0.4043
Averaged Test AUC: 0.8312
Std Test Accuracy: 0.1853
Std Test AUC: 0.0610

--- Round 129/500 ---
Averaged Train Loss: 1.6132
Averaged Test Accuracy: 0.3994
Averaged Test AUC: 0.8288
Std Test Accuracy: 0.1923
Std Test AUC: 0.0640

--- Round 130/500 ---
Averaged Train Loss: 1.5905
Averaged Test Accuracy: 0.4113
Averaged Test AUC: 0.8297
Std Test Accuracy: 0.1650
Std Test AUC: 0.0610

--- Round 131/500 ---
Averaged Train Loss: 1.6004
Averaged Test Accuracy: 0.4051
Averaged Test AUC: 0.8319
Std Test Accuracy: 0.1862
Std Test AUC: 0.0539

--- Round 132/500 ---
Averaged Train Loss: 1.5907
Averaged Test Accuracy: 0.4124
Averaged Test AUC: 0.8296
Std Test Accuracy: 0.1379
Std Test AUC: 0.0546

--- Round 133/500 ---
Averaged Train Loss: 1.5598
Averaged Test Accuracy: 0.4172
Averaged Test AUC: 0.8399
Std Test Accuracy: 0.2021
Std Test AUC: 0.0567

--- Round 134/500 ---
Averaged Train Loss: 1.6393
Averaged Test Accuracy: 0.4071
Averaged Test AUC: 0.8283
Std Test Accuracy: 0.1891
Std Test AUC: 0.0682

--- Round 135/500 ---
Averaged Train Loss: 1.5309
Averaged Test Accuracy: 0.4307
Averaged Test AUC: 0.8416
Std Test Accuracy: 0.1184
Std Test AUC: 0.0440

--- Round 136/500 ---
Averaged Train Loss: 1.5108
Averaged Test Accuracy: 0.4417
Averaged Test AUC: 0.8422
Std Test Accuracy: 0.1145
Std Test AUC: 0.0341

--- Round 137/500 ---
Averaged Train Loss: 1.5041
Averaged Test Accuracy: 0.4425
Averaged Test AUC: 0.8449
Std Test Accuracy: 0.1596
Std Test AUC: 0.0462

--- Round 138/500 ---
Averaged Train Loss: 1.5918
Averaged Test Accuracy: 0.4190
Averaged Test AUC: 0.8366
Std Test Accuracy: 0.1847
Std Test AUC: 0.0628

--- Round 139/500 ---
Averaged Train Loss: 1.7352
Averaged Test Accuracy: 0.3507
Averaged Test AUC: 0.8247
Std Test Accuracy: 0.1985
Std Test AUC: 0.0657

--- Round 140/500 ---
Averaged Train Loss: 1.5449
Averaged Test Accuracy: 0.4200
Averaged Test AUC: 0.8393
Std Test Accuracy: 0.1482
Std Test AUC: 0.0393

--- Round 141/500 ---
Averaged Train Loss: 1.4884
Averaged Test Accuracy: 0.4508
Averaged Test AUC: 0.8459
Std Test Accuracy: 0.1359
Std Test AUC: 0.0437

--- Round 142/500 ---
Averaged Train Loss: 1.5727
Averaged Test Accuracy: 0.4206
Averaged Test AUC: 0.8384
Std Test Accuracy: 0.1876
Std Test AUC: 0.0646

--- Round 143/500 ---
Averaged Train Loss: 1.7143
Averaged Test Accuracy: 0.3637
Averaged Test AUC: 0.8287
Std Test Accuracy: 0.1910
Std Test AUC: 0.0630

--- Round 144/500 ---
Averaged Train Loss: 1.5330
Averaged Test Accuracy: 0.4246
Averaged Test AUC: 0.8427
Std Test Accuracy: 0.1510
Std Test AUC: 0.0382

--- Round 145/500 ---
Averaged Train Loss: 1.4895
Averaged Test Accuracy: 0.4555
Averaged Test AUC: 0.8463
Std Test Accuracy: 0.1415
Std Test AUC: 0.0454

--- Round 146/500 ---
Averaged Train Loss: 1.5997
Averaged Test Accuracy: 0.4142
Averaged Test AUC: 0.8353
Std Test Accuracy: 0.1829
Std Test AUC: 0.0648

--- Round 147/500 ---
Averaged Train Loss: 1.7103
Averaged Test Accuracy: 0.3683
Averaged Test AUC: 0.8313
Std Test Accuracy: 0.1931
Std Test AUC: 0.0593

--- Round 148/500 ---
Averaged Train Loss: 1.5314
Averaged Test Accuracy: 0.4297
Averaged Test AUC: 0.8412
Std Test Accuracy: 0.1417
Std Test AUC: 0.0410

--- Round 149/500 ---
Averaged Train Loss: 1.4780
Averaged Test Accuracy: 0.4535
Averaged Test AUC: 0.8489
Std Test Accuracy: 0.1483
Std Test AUC: 0.0477

--- Round 150/500 ---
Averaged Train Loss: 1.5811
Averaged Test Accuracy: 0.4200
Averaged Test AUC: 0.8375
Std Test Accuracy: 0.1851
Std Test AUC: 0.0635

--- Round 151/500 ---
Averaged Train Loss: 1.7333
Averaged Test Accuracy: 0.3600
Averaged Test AUC: 0.8263
Std Test Accuracy: 0.2020
Std Test AUC: 0.0686

--- Round 152/500 ---
Averaged Train Loss: 1.5279
Averaged Test Accuracy: 0.4275
Averaged Test AUC: 0.8425
Std Test Accuracy: 0.1477
Std Test AUC: 0.0396

--- Round 153/500 ---
Averaged Train Loss: 1.4802
Averaged Test Accuracy: 0.4524
Averaged Test AUC: 0.8480
Std Test Accuracy: 0.1555
Std Test AUC: 0.0476

--- Round 154/500 ---
Averaged Train Loss: 1.5829
Averaged Test Accuracy: 0.4246
Averaged Test AUC: 0.8395
Std Test Accuracy: 0.1822
Std Test AUC: 0.0601

--- Round 155/500 ---
Averaged Train Loss: 1.6820
Averaged Test Accuracy: 0.3713
Averaged Test AUC: 0.8317
Std Test Accuracy: 0.2009
Std Test AUC: 0.0593

--- Round 156/500 ---
Averaged Train Loss: 1.5105
Averaged Test Accuracy: 0.4362
Averaged Test AUC: 0.8441
Std Test Accuracy: 0.1373
Std Test AUC: 0.0384

--- Round 157/500 ---
Averaged Train Loss: 1.4565
Averaged Test Accuracy: 0.4650
Averaged Test AUC: 0.8511
Std Test Accuracy: 0.1438
Std Test AUC: 0.0438

--- Round 158/500 ---
Averaged Train Loss: 1.5502
Averaged Test Accuracy: 0.4303
Averaged Test AUC: 0.8428
Std Test Accuracy: 0.1718
Std Test AUC: 0.0603

--- Round 159/500 ---
Averaged Train Loss: 1.7334
Averaged Test Accuracy: 0.3614
Averaged Test AUC: 0.8302
Std Test Accuracy: 0.1999
Std Test AUC: 0.0629

--- Round 160/500 ---
Averaged Train Loss: 1.5111
Averaged Test Accuracy: 0.4369
Averaged Test AUC: 0.8444
Std Test Accuracy: 0.1384
Std Test AUC: 0.0382

--- Round 161/500 ---
Averaged Train Loss: 1.4549
Averaged Test Accuracy: 0.4639
Averaged Test AUC: 0.8517
Std Test Accuracy: 0.1479
Std Test AUC: 0.0439

--- Round 162/500 ---
Averaged Train Loss: 1.5477
Averaged Test Accuracy: 0.4307
Averaged Test AUC: 0.8425
Std Test Accuracy: 0.1732
Std Test AUC: 0.0612

--- Round 163/500 ---
Averaged Train Loss: 1.7220
Averaged Test Accuracy: 0.3677
Averaged Test AUC: 0.8296
Std Test Accuracy: 0.2004
Std Test AUC: 0.0660

--- Round 164/500 ---
Averaged Train Loss: 1.5030
Averaged Test Accuracy: 0.4369
Averaged Test AUC: 0.8463
Std Test Accuracy: 0.1513
Std Test AUC: 0.0388

--- Round 165/500 ---
Averaged Train Loss: 1.4509
Averaged Test Accuracy: 0.4642
Averaged Test AUC: 0.8522
Std Test Accuracy: 0.1543
Std Test AUC: 0.0468

--- Round 166/500 ---
Averaged Train Loss: 1.5473
Averaged Test Accuracy: 0.4349
Averaged Test AUC: 0.8438
Std Test Accuracy: 0.1744
Std Test AUC: 0.0586

--- Round 167/500 ---
Averaged Train Loss: 1.6648
Averaged Test Accuracy: 0.3851
Averaged Test AUC: 0.8352
Std Test Accuracy: 0.1861
Std Test AUC: 0.0587

--- Round 168/500 ---
Averaged Train Loss: 1.5034
Averaged Test Accuracy: 0.4413
Averaged Test AUC: 0.8460
Std Test Accuracy: 0.1509
Std Test AUC: 0.0408

--- Round 169/500 ---
Averaged Train Loss: 1.4359
Averaged Test Accuracy: 0.4701
Averaged Test AUC: 0.8541
Std Test Accuracy: 0.1456
Std Test AUC: 0.0420

--- Round 170/500 ---
Averaged Train Loss: 1.5359
Averaged Test Accuracy: 0.4351
Averaged Test AUC: 0.8448
Std Test Accuracy: 0.1771
Std Test AUC: 0.0595

--- Round 171/500 ---
Averaged Train Loss: 1.7101
Averaged Test Accuracy: 0.3703
Averaged Test AUC: 0.8323
Std Test Accuracy: 0.1993
Std Test AUC: 0.0625

--- Round 172/500 ---
Averaged Train Loss: 1.4919
Averaged Test Accuracy: 0.4425
Averaged Test AUC: 0.8474
Std Test Accuracy: 0.1418
Std Test AUC: 0.0406

--- Round 173/500 ---
Averaged Train Loss: 1.4461
Averaged Test Accuracy: 0.4675
Averaged Test AUC: 0.8532
Std Test Accuracy: 0.1501
Std Test AUC: 0.0447

--- Round 174/500 ---
Averaged Train Loss: 1.5655
Averaged Test Accuracy: 0.4280
Averaged Test AUC: 0.8414
Std Test Accuracy: 0.1797
Std Test AUC: 0.0634

--- Round 175/500 ---
Averaged Train Loss: 1.7091
Averaged Test Accuracy: 0.3701
Averaged Test AUC: 0.8315
Std Test Accuracy: 0.2021
Std Test AUC: 0.0638

--- Round 176/500 ---
Averaged Train Loss: 1.4953
Averaged Test Accuracy: 0.4420
Averaged Test AUC: 0.8456
Std Test Accuracy: 0.1371
Std Test AUC: 0.0403

--- Round 177/500 ---
Averaged Train Loss: 1.4408
Averaged Test Accuracy: 0.4726
Averaged Test AUC: 0.8537
Std Test Accuracy: 0.1495
Std Test AUC: 0.0450

--- Round 178/500 ---
Averaged Train Loss: 1.5334
Averaged Test Accuracy: 0.4398
Averaged Test AUC: 0.8447
Std Test Accuracy: 0.1725
Std Test AUC: 0.0609

--- Round 179/500 ---
Averaged Train Loss: 1.7123
Averaged Test Accuracy: 0.3692
Averaged Test AUC: 0.8323
Std Test Accuracy: 0.2009
Std Test AUC: 0.0624

--- Round 180/500 ---
Averaged Train Loss: 1.5030
Averaged Test Accuracy: 0.4383
Averaged Test AUC: 0.8463
Std Test Accuracy: 0.1427
Std Test AUC: 0.0397

--- Round 181/500 ---
Averaged Train Loss: 1.4382
Averaged Test Accuracy: 0.4727
Averaged Test AUC: 0.8541
Std Test Accuracy: 0.1535
Std Test AUC: 0.0461

--- Round 182/500 ---
Averaged Train Loss: 1.5167
Averaged Test Accuracy: 0.4398
Averaged Test AUC: 0.8468
Std Test Accuracy: 0.1679
Std Test AUC: 0.0573

--- Round 183/500 ---
Averaged Train Loss: 1.6969
Averaged Test Accuracy: 0.3785
Averaged Test AUC: 0.8329
Std Test Accuracy: 0.1896
Std Test AUC: 0.0642

--- Round 184/500 ---
Averaged Train Loss: 1.4752
Averaged Test Accuracy: 0.4503
Averaged Test AUC: 0.8490
Std Test Accuracy: 0.1453
Std Test AUC: 0.0414

--- Round 185/500 ---
Averaged Train Loss: 1.4223
Averaged Test Accuracy: 0.4790
Averaged Test AUC: 0.8555
Std Test Accuracy: 0.1408
Std Test AUC: 0.0428

--- Round 186/500 ---
Averaged Train Loss: 1.5205
Averaged Test Accuracy: 0.4452
Averaged Test AUC: 0.8466
Std Test Accuracy: 0.1676
Std Test AUC: 0.0568

--- Round 187/500 ---
Averaged Train Loss: 1.6766
Averaged Test Accuracy: 0.3779
Averaged Test AUC: 0.8354
Std Test Accuracy: 0.1989
Std Test AUC: 0.0610

--- Round 188/500 ---
Averaged Train Loss: 1.4882
Averaged Test Accuracy: 0.4447
Averaged Test AUC: 0.8464
Std Test Accuracy: 0.1389
Std Test AUC: 0.0411

--- Round 189/500 ---
Averaged Train Loss: 1.4273
Averaged Test Accuracy: 0.4749
Averaged Test AUC: 0.8547
Std Test Accuracy: 0.1479
Std Test AUC: 0.0458

--- Round 190/500 ---
Averaged Train Loss: 1.5301
Averaged Test Accuracy: 0.4413
Averaged Test AUC: 0.8457
Std Test Accuracy: 0.1752
Std Test AUC: 0.0601

--- Round 191/500 ---
Averaged Train Loss: 1.6936
Averaged Test Accuracy: 0.3795
Averaged Test AUC: 0.8339
Std Test Accuracy: 0.1922
Std Test AUC: 0.0639

--- Round 192/500 ---
Averaged Train Loss: 1.4716
Averaged Test Accuracy: 0.4499
Averaged Test AUC: 0.8499
Std Test Accuracy: 0.1422
Std Test AUC: 0.0383

--- Round 193/500 ---
Averaged Train Loss: 1.4238
Averaged Test Accuracy: 0.4762
Averaged Test AUC: 0.8557
Std Test Accuracy: 0.1489
Std Test AUC: 0.0463

--- Round 194/500 ---
Averaged Train Loss: 1.5140
Averaged Test Accuracy: 0.4444
Averaged Test AUC: 0.8478
Std Test Accuracy: 0.1679
Std Test AUC: 0.0577

--- Round 195/500 ---
Averaged Train Loss: 1.7057
Averaged Test Accuracy: 0.3759
Averaged Test AUC: 0.8354
Std Test Accuracy: 0.1984
Std Test AUC: 0.0637

--- Round 196/500 ---
Averaged Train Loss: 1.4760
Averaged Test Accuracy: 0.4492
Averaged Test AUC: 0.8485
Std Test Accuracy: 0.1398
Std Test AUC: 0.0404

--- Round 197/500 ---
Averaged Train Loss: 1.4106
Averaged Test Accuracy: 0.4791
Averaged Test AUC: 0.8581
Std Test Accuracy: 0.1509
Std Test AUC: 0.0427

--- Round 198/500 ---
Averaged Train Loss: 1.4977
Averaged Test Accuracy: 0.4488
Averaged Test AUC: 0.8501
Std Test Accuracy: 0.1682
Std Test AUC: 0.0550

--- Round 199/500 ---
Averaged Train Loss: 1.6511
Averaged Test Accuracy: 0.3922
Averaged Test AUC: 0.8382
Std Test Accuracy: 0.1898
Std Test AUC: 0.0610

--- Round 200/500 ---
Averaged Train Loss: 1.4668
Averaged Test Accuracy: 0.4522
Averaged Test AUC: 0.8506
Std Test Accuracy: 0.1415
Std Test AUC: 0.0383

--- Round 201/500 ---
Averaged Train Loss: 1.4057
Averaged Test Accuracy: 0.4847
Averaged Test AUC: 0.8582
Std Test Accuracy: 0.1401
Std Test AUC: 0.0421

--- Round 202/500 ---
Averaged Train Loss: 1.4870
Averaged Test Accuracy: 0.4534
Averaged Test AUC: 0.8505
Std Test Accuracy: 0.1617
Std Test AUC: 0.0531

--- Round 203/500 ---
Averaged Train Loss: 1.6758
Averaged Test Accuracy: 0.3837
Averaged Test AUC: 0.8368
Std Test Accuracy: 0.1935
Std Test AUC: 0.0604

--- Round 204/500 ---
Averaged Train Loss: 1.4700
Averaged Test Accuracy: 0.4516
Averaged Test AUC: 0.8504
Std Test Accuracy: 0.1436
Std Test AUC: 0.0388

--- Round 205/500 ---
Averaged Train Loss: 1.4060
Averaged Test Accuracy: 0.4833
Averaged Test AUC: 0.8582
Std Test Accuracy: 0.1399
Std Test AUC: 0.0431

--- Round 206/500 ---
Averaged Train Loss: 1.5014
Averaged Test Accuracy: 0.4456
Averaged Test AUC: 0.8497
Std Test Accuracy: 0.1721
Std Test AUC: 0.0580

--- Round 207/500 ---
Averaged Train Loss: 1.6420
Averaged Test Accuracy: 0.3990
Averaged Test AUC: 0.8388
Std Test Accuracy: 0.1883
Std Test AUC: 0.0585

--- Round 208/500 ---
Averaged Train Loss: 1.4627
Averaged Test Accuracy: 0.4540
Averaged Test AUC: 0.8516
Std Test Accuracy: 0.1460
Std Test AUC: 0.0381

--- Round 209/500 ---
Averaged Train Loss: 1.3990
Averaged Test Accuracy: 0.4879
Averaged Test AUC: 0.8589
Std Test Accuracy: 0.1437
Std Test AUC: 0.0451

--- Round 210/500 ---
Averaged Train Loss: 1.4902
Averaged Test Accuracy: 0.4492
Averaged Test AUC: 0.8506
Std Test Accuracy: 0.1783
Std Test AUC: 0.0593

--- Round 211/500 ---
Averaged Train Loss: 1.6953
Averaged Test Accuracy: 0.3895
Averaged Test AUC: 0.8384
Std Test Accuracy: 0.1921
Std Test AUC: 0.0622

--- Round 212/500 ---
Averaged Train Loss: 1.4734
Averaged Test Accuracy: 0.4488
Averaged Test AUC: 0.8511
Std Test Accuracy: 0.1537
Std Test AUC: 0.0400

--- Round 213/500 ---
Averaged Train Loss: 1.4027
Averaged Test Accuracy: 0.4828
Averaged Test AUC: 0.8590
Std Test Accuracy: 0.1432
Std Test AUC: 0.0449

--- Round 214/500 ---
Averaged Train Loss: 1.4930
Averaged Test Accuracy: 0.4498
Averaged Test AUC: 0.8503
Std Test Accuracy: 0.1700
Std Test AUC: 0.0586

--- Round 215/500 ---
Averaged Train Loss: 1.5886
Averaged Test Accuracy: 0.4087
Averaged Test AUC: 0.8437
Std Test Accuracy: 0.1809
Std Test AUC: 0.0527

--- Round 216/500 ---
Averaged Train Loss: 1.4679
Averaged Test Accuracy: 0.4519
Averaged Test AUC: 0.8507
Std Test Accuracy: 0.1447
Std Test AUC: 0.0404

--- Round 217/500 ---
Averaged Train Loss: 1.4060
Averaged Test Accuracy: 0.4792
Averaged Test AUC: 0.8582
Std Test Accuracy: 0.1488
Std Test AUC: 0.0478

--- Round 218/500 ---
Averaged Train Loss: 1.4844
Averaged Test Accuracy: 0.4517
Averaged Test AUC: 0.8516
Std Test Accuracy: 0.1732
Std Test AUC: 0.0586

--- Round 219/500 ---
Averaged Train Loss: 1.6610
Averaged Test Accuracy: 0.4025
Averaged Test AUC: 0.8418
Std Test Accuracy: 0.1947
Std Test AUC: 0.0600

--- Round 220/500 ---
Averaged Train Loss: 1.4496
Averaged Test Accuracy: 0.4597
Averaged Test AUC: 0.8526
Std Test Accuracy: 0.1412
Std Test AUC: 0.0403

--- Round 221/500 ---
Averaged Train Loss: 1.3962
Averaged Test Accuracy: 0.4839
Averaged Test AUC: 0.8597
Std Test Accuracy: 0.1453
Std Test AUC: 0.0459

--- Round 222/500 ---
Averaged Train Loss: 1.4951
Averaged Test Accuracy: 0.4504
Averaged Test AUC: 0.8506
Std Test Accuracy: 0.1744
Std Test AUC: 0.0585

--- Round 223/500 ---
Averaged Train Loss: 1.6438
Averaged Test Accuracy: 0.4012
Averaged Test AUC: 0.8413
Std Test Accuracy: 0.1940
Std Test AUC: 0.0603

--- Round 224/500 ---
Averaged Train Loss: 1.4392
Averaged Test Accuracy: 0.4631
Averaged Test AUC: 0.8541
Std Test Accuracy: 0.1435
Std Test AUC: 0.0378

--- Round 225/500 ---
Averaged Train Loss: 1.3917
Averaged Test Accuracy: 0.4863
Averaged Test AUC: 0.8603
Std Test Accuracy: 0.1428
Std Test AUC: 0.0435

--- Round 226/500 ---
Averaged Train Loss: 1.4957
Averaged Test Accuracy: 0.4481
Averaged Test AUC: 0.8505
Std Test Accuracy: 0.1758
Std Test AUC: 0.0588

--- Round 227/500 ---
Averaged Train Loss: 1.6607
Averaged Test Accuracy: 0.3948
Averaged Test AUC: 0.8391
Std Test Accuracy: 0.1943
Std Test AUC: 0.0608

--- Round 228/500 ---
Averaged Train Loss: 1.4545
Averaged Test Accuracy: 0.4574
Averaged Test AUC: 0.8540
Std Test Accuracy: 0.1513
Std Test AUC: 0.0390

--- Round 229/500 ---
Averaged Train Loss: 1.3849
Averaged Test Accuracy: 0.4873
Averaged Test AUC: 0.8611
Std Test Accuracy: 0.1456
Std Test AUC: 0.0428

--- Round 230/500 ---
Averaged Train Loss: 1.4799
Averaged Test Accuracy: 0.4541
Averaged Test AUC: 0.8525
Std Test Accuracy: 0.1735
Std Test AUC: 0.0570

--- Round 231/500 ---
Averaged Train Loss: 1.6446
Averaged Test Accuracy: 0.3997
Averaged Test AUC: 0.8405
Std Test Accuracy: 0.1909
Std Test AUC: 0.0596

--- Round 232/500 ---
Averaged Train Loss: 1.4395
Averaged Test Accuracy: 0.4631
Averaged Test AUC: 0.8545
Std Test Accuracy: 0.1430
Std Test AUC: 0.0372

--- Round 233/500 ---
Averaged Train Loss: 1.3828
Averaged Test Accuracy: 0.4882
Averaged Test AUC: 0.8613
Std Test Accuracy: 0.1426
Std Test AUC: 0.0446

--- Round 234/500 ---
Averaged Train Loss: 1.4933
Averaged Test Accuracy: 0.4506
Averaged Test AUC: 0.8509
Std Test Accuracy: 0.1738
Std Test AUC: 0.0579

--- Round 235/500 ---
Averaged Train Loss: 1.5775
Averaged Test Accuracy: 0.4156
Averaged Test AUC: 0.8456
Std Test Accuracy: 0.1764
Std Test AUC: 0.0529

--- Round 236/500 ---
Averaged Train Loss: 1.4311
Averaged Test Accuracy: 0.4662
Averaged Test AUC: 0.8544
Std Test Accuracy: 0.1381
Std Test AUC: 0.0381

--- Round 237/500 ---
Averaged Train Loss: 1.3789
Averaged Test Accuracy: 0.4908
Averaged Test AUC: 0.8616
Std Test Accuracy: 0.1398
Std Test AUC: 0.0419

--- Round 238/500 ---
Averaged Train Loss: 1.4787
Averaged Test Accuracy: 0.4546
Averaged Test AUC: 0.8527
Std Test Accuracy: 0.1704
Std Test AUC: 0.0571

--- Round 239/500 ---
Averaged Train Loss: 1.6241
Averaged Test Accuracy: 0.4031
Averaged Test AUC: 0.8438
Std Test Accuracy: 0.1851
Std Test AUC: 0.0564

--- Round 240/500 ---
Averaged Train Loss: 1.4365
Averaged Test Accuracy: 0.4655
Averaged Test AUC: 0.8550
Std Test Accuracy: 0.1454
Std Test AUC: 0.0381

--- Round 241/500 ---
Averaged Train Loss: 1.3725
Averaged Test Accuracy: 0.4945
Averaged Test AUC: 0.8627
Std Test Accuracy: 0.1439
Std Test AUC: 0.0410

--- Round 242/500 ---
Averaged Train Loss: 1.4830
Averaged Test Accuracy: 0.4514
Averaged Test AUC: 0.8520
Std Test Accuracy: 0.1787
Std Test AUC: 0.0602

--- Round 243/500 ---
Averaged Train Loss: 1.6490
Averaged Test Accuracy: 0.4091
Averaged Test AUC: 0.8414
Std Test Accuracy: 0.1859
Std Test AUC: 0.0623

--- Round 244/500 ---
Averaged Train Loss: 1.4356
Averaged Test Accuracy: 0.4636
Averaged Test AUC: 0.8555
Std Test Accuracy: 0.1565
Std Test AUC: 0.0397

--- Round 245/500 ---
Averaged Train Loss: 1.3964
Averaged Test Accuracy: 0.4886
Averaged Test AUC: 0.8593
Std Test Accuracy: 0.1526
Std Test AUC: 0.0469

--- Round 246/500 ---
Averaged Train Loss: 1.4861
Averaged Test Accuracy: 0.4526
Averaged Test AUC: 0.8525
Std Test Accuracy: 0.1790
Std Test AUC: 0.0582

--- Round 247/500 ---
Averaged Train Loss: 1.5999
Averaged Test Accuracy: 0.4133
Averaged Test AUC: 0.8443
Std Test Accuracy: 0.1781
Std Test AUC: 0.0574

--- Round 248/500 ---
Averaged Train Loss: 1.4316
Averaged Test Accuracy: 0.4662
Averaged Test AUC: 0.8541
Std Test Accuracy: 0.1374
Std Test AUC: 0.0396

--- Round 249/500 ---
Averaged Train Loss: 1.3788
Averaged Test Accuracy: 0.4892
Averaged Test AUC: 0.8620
Std Test Accuracy: 0.1444
Std Test AUC: 0.0464

--- Round 250/500 ---
Averaged Train Loss: 1.4511
Averaged Test Accuracy: 0.4629
Averaged Test AUC: 0.8556
Std Test Accuracy: 0.1638
Std Test AUC: 0.0554

--- Round 251/500 ---
Averaged Train Loss: 1.6540
Averaged Test Accuracy: 0.4067
Averaged Test AUC: 0.8434
Std Test Accuracy: 0.1928
Std Test AUC: 0.0609

--- Round 252/500 ---
Averaged Train Loss: 1.4320
Averaged Test Accuracy: 0.4685
Averaged Test AUC: 0.8564
Std Test Accuracy: 0.1500
Std Test AUC: 0.0392

--- Round 253/500 ---
Averaged Train Loss: 1.3660
Averaged Test Accuracy: 0.4984
Averaged Test AUC: 0.8631
Std Test Accuracy: 0.1375
Std Test AUC: 0.0408

--- Round 254/500 ---
Averaged Train Loss: 1.4773
Averaged Test Accuracy: 0.4548
Averaged Test AUC: 0.8532
Std Test Accuracy: 0.1740
Std Test AUC: 0.0592

--- Round 255/500 ---
Averaged Train Loss: 1.6180
Averaged Test Accuracy: 0.4078
Averaged Test AUC: 0.8445
Std Test Accuracy: 0.1837
Std Test AUC: 0.0569

--- Round 256/500 ---
Averaged Train Loss: 1.4235
Averaged Test Accuracy: 0.4699
Averaged Test AUC: 0.8568
Std Test Accuracy: 0.1448
Std Test AUC: 0.0372

--- Round 257/500 ---
Averaged Train Loss: 1.3715
Averaged Test Accuracy: 0.4967
Averaged Test AUC: 0.8632
Std Test Accuracy: 0.1491
Std Test AUC: 0.0432

--- Round 258/500 ---
Averaged Train Loss: 1.4534
Averaged Test Accuracy: 0.4628
Averaged Test AUC: 0.8558
Std Test Accuracy: 0.1700
Std Test AUC: 0.0560

--- Round 259/500 ---
Averaged Train Loss: 1.6170
Averaged Test Accuracy: 0.4116
Averaged Test AUC: 0.8450
Std Test Accuracy: 0.1848
Std Test AUC: 0.0578

--- Round 260/500 ---
Averaged Train Loss: 1.4118
Averaged Test Accuracy: 0.4757
Averaged Test AUC: 0.8573
Std Test Accuracy: 0.1374
Std Test AUC: 0.0380

--- Round 261/500 ---
Averaged Train Loss: 1.3712
Averaged Test Accuracy: 0.4925
Averaged Test AUC: 0.8629
Std Test Accuracy: 0.1454
Std Test AUC: 0.0468

--- Round 262/500 ---
Averaged Train Loss: 1.4670
Averaged Test Accuracy: 0.4570
Averaged Test AUC: 0.8543
Std Test Accuracy: 0.1751
Std Test AUC: 0.0573

--- Round 263/500 ---
Averaged Train Loss: 1.5485
Averaged Test Accuracy: 0.4264
Averaged Test AUC: 0.8488
Std Test Accuracy: 0.1721
Std Test AUC: 0.0512

--- Round 264/500 ---
Averaged Train Loss: 1.4029
Averaged Test Accuracy: 0.4771
Averaged Test AUC: 0.8577
Std Test Accuracy: 0.1302
Std Test AUC: 0.0354

--- Round 265/500 ---
Averaged Train Loss: 1.3505
Averaged Test Accuracy: 0.5053
Averaged Test AUC: 0.8650
Std Test Accuracy: 0.1293
Std Test AUC: 0.0390

--- Round 266/500 ---
Averaged Train Loss: 1.4705
Averaged Test Accuracy: 0.4588
Averaged Test AUC: 0.8544
Std Test Accuracy: 0.1748
Std Test AUC: 0.0567

--- Round 267/500 ---
Averaged Train Loss: 1.6819
Averaged Test Accuracy: 0.3974
Averaged Test AUC: 0.8409
Std Test Accuracy: 0.1915
Std Test AUC: 0.0624

--- Round 268/500 ---
Averaged Train Loss: 1.4295
Averaged Test Accuracy: 0.4685
Averaged Test AUC: 0.8579
Std Test Accuracy: 0.1509
Std Test AUC: 0.0390

--- Round 269/500 ---
Averaged Train Loss: 1.3578
Averaged Test Accuracy: 0.5004
Averaged Test AUC: 0.8647
Std Test Accuracy: 0.1582
Std Test AUC: 0.0467

--- Round 270/500 ---
Averaged Train Loss: 1.4483
Averaged Test Accuracy: 0.4652
Averaged Test AUC: 0.8568
Std Test Accuracy: 0.1750
Std Test AUC: 0.0569

--- Round 271/500 ---
Averaged Train Loss: 1.5840
Averaged Test Accuracy: 0.4270
Averaged Test AUC: 0.8473
Std Test Accuracy: 0.1800
Std Test AUC: 0.0593

--- Round 272/500 ---
Averaged Train Loss: 1.4022
Averaged Test Accuracy: 0.4798
Averaged Test AUC: 0.8590
Std Test Accuracy: 0.1441
Std Test AUC: 0.0398

--- Round 273/500 ---
Averaged Train Loss: 1.3503
Averaged Test Accuracy: 0.5019
Averaged Test AUC: 0.8657
Std Test Accuracy: 0.1446
Std Test AUC: 0.0397

--- Round 274/500 ---
Averaged Train Loss: 1.4406
Averaged Test Accuracy: 0.4686
Averaged Test AUC: 0.8572
Std Test Accuracy: 0.1741
Std Test AUC: 0.0562

--- Round 275/500 ---
Averaged Train Loss: 1.5830
Averaged Test Accuracy: 0.4244
Averaged Test AUC: 0.8469
Std Test Accuracy: 0.1804
Std Test AUC: 0.0583

--- Round 276/500 ---
Averaged Train Loss: 1.4120
Averaged Test Accuracy: 0.4763
Averaged Test AUC: 0.8572
Std Test Accuracy: 0.1412
Std Test AUC: 0.0405

--- Round 277/500 ---
Averaged Train Loss: 1.3517
Averaged Test Accuracy: 0.4995
Averaged Test AUC: 0.8647
Std Test Accuracy: 0.1356
Std Test AUC: 0.0440

--- Round 278/500 ---
Averaged Train Loss: 1.4423
Averaged Test Accuracy: 0.4703
Averaged Test AUC: 0.8572
Std Test Accuracy: 0.1640
Std Test AUC: 0.0564

--- Round 279/500 ---
Averaged Train Loss: 1.6149
Averaged Test Accuracy: 0.4128
Averaged Test AUC: 0.8469
Std Test Accuracy: 0.1856
Std Test AUC: 0.0563

--- Round 280/500 ---
Averaged Train Loss: 1.4168
Averaged Test Accuracy: 0.4727
Averaged Test AUC: 0.8570
Std Test Accuracy: 0.1409
Std Test AUC: 0.0403

--- Round 281/500 ---
Averaged Train Loss: 1.3762
Averaged Test Accuracy: 0.4945
Averaged Test AUC: 0.8629
Std Test Accuracy: 0.1615
Std Test AUC: 0.0478

--- Round 282/500 ---
Averaged Train Loss: 1.4602
Averaged Test Accuracy: 0.4617
Averaged Test AUC: 0.8523
Std Test Accuracy: 0.1668
Std Test AUC: 0.0577

--- Round 283/500 ---
Averaged Train Loss: 1.4037
Averaged Test Accuracy: 0.4844
Averaged Test AUC: 0.8628
Std Test Accuracy: 0.1695
Std Test AUC: 0.0509

--- Round 284/500 ---
Averaged Train Loss: 1.4231
Averaged Test Accuracy: 0.4747
Averaged Test AUC: 0.8565
Std Test Accuracy: 0.1554
Std Test AUC: 0.0504

--- Round 285/500 ---
Averaged Train Loss: 1.4381
Averaged Test Accuracy: 0.4735
Averaged Test AUC: 0.8583
Std Test Accuracy: 0.1868
Std Test AUC: 0.0548

--- Round 286/500 ---
Averaged Train Loss: 1.4299
Averaged Test Accuracy: 0.4718
Averaged Test AUC: 0.8562
Std Test Accuracy: 0.1634
Std Test AUC: 0.0557

--- Round 287/500 ---
Averaged Train Loss: 1.4318
Averaged Test Accuracy: 0.4733
Averaged Test AUC: 0.8604
Std Test Accuracy: 0.1773
Std Test AUC: 0.0542

--- Round 288/500 ---
Averaged Train Loss: 1.4129
Averaged Test Accuracy: 0.4775
Averaged Test AUC: 0.8572
Std Test Accuracy: 0.1563
Std Test AUC: 0.0541

--- Round 289/500 ---
Averaged Train Loss: 1.3711
Averaged Test Accuracy: 0.4960
Averaged Test AUC: 0.8654
Std Test Accuracy: 0.1532
Std Test AUC: 0.0473

--- Round 290/500 ---
Averaged Train Loss: 1.4825
Averaged Test Accuracy: 0.4596
Averaged Test AUC: 0.8499
Std Test Accuracy: 0.1698
Std Test AUC: 0.0673

--- Round 291/500 ---
Averaged Train Loss: 1.3895
Averaged Test Accuracy: 0.4885
Averaged Test AUC: 0.8629
Std Test Accuracy: 0.1614
Std Test AUC: 0.0513

--- Round 292/500 ---
Averaged Train Loss: 1.3512
Averaged Test Accuracy: 0.5022
Averaged Test AUC: 0.8647
Std Test Accuracy: 0.1026
Std Test AUC: 0.0286

--- Round 293/500 ---
Averaged Train Loss: 1.4005
Averaged Test Accuracy: 0.4903
Averaged Test AUC: 0.8620
Std Test Accuracy: 0.1607
Std Test AUC: 0.0481

--- Round 294/500 ---
Averaged Train Loss: 1.3856
Averaged Test Accuracy: 0.4921
Averaged Test AUC: 0.8615
Std Test Accuracy: 0.1408
Std Test AUC: 0.0389

--- Round 295/500 ---
Averaged Train Loss: 1.4004
Averaged Test Accuracy: 0.4885
Averaged Test AUC: 0.8616
Std Test Accuracy: 0.1730
Std Test AUC: 0.0508

--- Round 296/500 ---
Averaged Train Loss: 1.3950
Averaged Test Accuracy: 0.4930
Averaged Test AUC: 0.8595
Std Test Accuracy: 0.1509
Std Test AUC: 0.0498

--- Round 297/500 ---
Averaged Train Loss: 1.4092
Averaged Test Accuracy: 0.4877
Averaged Test AUC: 0.8616
Std Test Accuracy: 0.1775
Std Test AUC: 0.0534

--- Round 298/500 ---
Averaged Train Loss: 1.3987
Averaged Test Accuracy: 0.4905
Averaged Test AUC: 0.8595
Std Test Accuracy: 0.1530
Std Test AUC: 0.0478

--- Round 299/500 ---
Averaged Train Loss: 1.4147
Averaged Test Accuracy: 0.4860
Averaged Test AUC: 0.8610
Std Test Accuracy: 0.1698
Std Test AUC: 0.0514

--- Round 300/500 ---
Averaged Train Loss: 1.3686
Averaged Test Accuracy: 0.4990
Averaged Test AUC: 0.8637
Std Test Accuracy: 0.1338
Std Test AUC: 0.0389

--- Round 301/500 ---
Averaged Train Loss: 1.4007
Averaged Test Accuracy: 0.4898
Averaged Test AUC: 0.8630
Std Test Accuracy: 0.1744
Std Test AUC: 0.0520

--- Round 302/500 ---
Averaged Train Loss: 1.3921
Averaged Test Accuracy: 0.4918
Averaged Test AUC: 0.8598
Std Test Accuracy: 0.1387
Std Test AUC: 0.0443

--- Round 303/500 ---
Averaged Train Loss: 1.4192
Averaged Test Accuracy: 0.4845
Averaged Test AUC: 0.8598
Std Test Accuracy: 0.1782
Std Test AUC: 0.0589

--- Round 304/500 ---
Averaged Train Loss: 1.3343
Averaged Test Accuracy: 0.5126
Averaged Test AUC: 0.8675
Std Test Accuracy: 0.1138
Std Test AUC: 0.0304

--- Round 305/500 ---
Averaged Train Loss: 1.3761
Averaged Test Accuracy: 0.4956
Averaged Test AUC: 0.8640
Std Test Accuracy: 0.1597
Std Test AUC: 0.0495

--- Round 306/500 ---
Averaged Train Loss: 1.3997
Averaged Test Accuracy: 0.4882
Averaged Test AUC: 0.8599
Std Test Accuracy: 0.1524
Std Test AUC: 0.0472

--- Round 307/500 ---
Averaged Train Loss: 1.3396
Averaged Test Accuracy: 0.5069
Averaged Test AUC: 0.8662
Std Test Accuracy: 0.1231
Std Test AUC: 0.0375

--- Round 308/500 ---
Averaged Train Loss: 1.3747
Averaged Test Accuracy: 0.4957
Averaged Test AUC: 0.8611
Std Test Accuracy: 0.1276
Std Test AUC: 0.0458

--- Round 309/500 ---
Averaged Train Loss: 1.3961
Averaged Test Accuracy: 0.4879
Averaged Test AUC: 0.8650
Std Test Accuracy: 0.1611
Std Test AUC: 0.0442

--- Round 310/500 ---
Averaged Train Loss: 1.3889
Averaged Test Accuracy: 0.4922
Averaged Test AUC: 0.8607
Std Test Accuracy: 0.1539
Std Test AUC: 0.0481

--- Round 311/500 ---
Averaged Train Loss: 1.4140
Averaged Test Accuracy: 0.4820
Averaged Test AUC: 0.8633
Std Test Accuracy: 0.1726
Std Test AUC: 0.0475

--- Round 312/500 ---
Averaged Train Loss: 1.3944
Averaged Test Accuracy: 0.4902
Averaged Test AUC: 0.8590
Std Test Accuracy: 0.1448
Std Test AUC: 0.0435

--- Round 313/500 ---
Averaged Train Loss: 1.4345
Averaged Test Accuracy: 0.4770
Averaged Test AUC: 0.8571
Std Test Accuracy: 0.1853
Std Test AUC: 0.0633

--- Round 314/500 ---
Averaged Train Loss: 1.3474
Averaged Test Accuracy: 0.5057
Averaged Test AUC: 0.8653
Std Test Accuracy: 0.1357
Std Test AUC: 0.0423

--- Round 315/500 ---
Averaged Train Loss: 1.3400
Averaged Test Accuracy: 0.5063
Averaged Test AUC: 0.8680
Std Test Accuracy: 0.1376
Std Test AUC: 0.0385

--- Round 316/500 ---
Averaged Train Loss: 1.3546
Averaged Test Accuracy: 0.4990
Averaged Test AUC: 0.8654
Std Test Accuracy: 0.1351
Std Test AUC: 0.0369

--- Round 317/500 ---
Averaged Train Loss: 1.4415
Averaged Test Accuracy: 0.4693
Averaged Test AUC: 0.8581
Std Test Accuracy: 0.1861
Std Test AUC: 0.0600

--- Round 318/500 ---
Averaged Train Loss: 1.3684
Averaged Test Accuracy: 0.4937
Averaged Test AUC: 0.8645
Std Test Accuracy: 0.1458
Std Test AUC: 0.0403

--- Round 319/500 ---
Averaged Train Loss: 1.4743
Averaged Test Accuracy: 0.4669
Averaged Test AUC: 0.8541
Std Test Accuracy: 0.1920
Std Test AUC: 0.0725

--- Round 320/500 ---
Averaged Train Loss: 1.3730
Averaged Test Accuracy: 0.4943
Averaged Test AUC: 0.8631
Std Test Accuracy: 0.1453
Std Test AUC: 0.0449

--- Round 321/500 ---
Averaged Train Loss: 1.4230
Averaged Test Accuracy: 0.4890
Averaged Test AUC: 0.8593
Std Test Accuracy: 0.1918
Std Test AUC: 0.0629

--- Round 322/500 ---
Averaged Train Loss: 1.3680
Averaged Test Accuracy: 0.4983
Averaged Test AUC: 0.8630
Std Test Accuracy: 0.1489
Std Test AUC: 0.0458

--- Round 323/500 ---
Averaged Train Loss: 1.4500
Averaged Test Accuracy: 0.4751
Averaged Test AUC: 0.8567
Std Test Accuracy: 0.1837
Std Test AUC: 0.0681

--- Round 324/500 ---
Averaged Train Loss: 1.3597
Averaged Test Accuracy: 0.5035
Averaged Test AUC: 0.8644
Std Test Accuracy: 0.1488
Std Test AUC: 0.0467

--- Round 325/500 ---
Averaged Train Loss: 1.4063
Averaged Test Accuracy: 0.4872
Averaged Test AUC: 0.8615
Std Test Accuracy: 0.1726
Std Test AUC: 0.0545

--- Round 326/500 ---
Averaged Train Loss: 1.3436
Averaged Test Accuracy: 0.5056
Averaged Test AUC: 0.8660
Std Test Accuracy: 0.1341
Std Test AUC: 0.0382

--- Round 327/500 ---
Averaged Train Loss: 1.3557
Averaged Test Accuracy: 0.5022
Averaged Test AUC: 0.8667
Std Test Accuracy: 0.1510
Std Test AUC: 0.0441

--- Round 328/500 ---
Averaged Train Loss: 1.3458
Averaged Test Accuracy: 0.5045
Averaged Test AUC: 0.8652
Std Test Accuracy: 0.1292
Std Test AUC: 0.0374

--- Round 329/500 ---
Averaged Train Loss: 1.3860
Averaged Test Accuracy: 0.4902
Averaged Test AUC: 0.8635
Std Test Accuracy: 0.1670
Std Test AUC: 0.0517

--- Round 330/500 ---
Averaged Train Loss: 1.3372
Averaged Test Accuracy: 0.5086
Averaged Test AUC: 0.8674
Std Test Accuracy: 0.1366
Std Test AUC: 0.0379

--- Round 331/500 ---
Averaged Train Loss: 1.3804
Averaged Test Accuracy: 0.4948
Averaged Test AUC: 0.8646
Std Test Accuracy: 0.1535
Std Test AUC: 0.0447

--- Round 332/500 ---
Averaged Train Loss: 1.3536
Averaged Test Accuracy: 0.5003
Averaged Test AUC: 0.8649
Std Test Accuracy: 0.1328
Std Test AUC: 0.0406

--- Round 333/500 ---
Averaged Train Loss: 1.3273
Averaged Test Accuracy: 0.5126
Averaged Test AUC: 0.8698
Std Test Accuracy: 0.1316
Std Test AUC: 0.0406

--- Round 334/500 ---
Averaged Train Loss: 1.3347
Averaged Test Accuracy: 0.5086
Averaged Test AUC: 0.8669
Std Test Accuracy: 0.1249
Std Test AUC: 0.0338

--- Round 335/500 ---
Averaged Train Loss: 1.3841
Averaged Test Accuracy: 0.4941
Averaged Test AUC: 0.8643
Std Test Accuracy: 0.1648
Std Test AUC: 0.0480

--- Round 336/500 ---
Averaged Train Loss: 1.3545
Averaged Test Accuracy: 0.5042
Averaged Test AUC: 0.8641
Std Test Accuracy: 0.1434
Std Test AUC: 0.0465

--- Round 337/500 ---
Averaged Train Loss: 1.3851
Averaged Test Accuracy: 0.4925
Averaged Test AUC: 0.8643
Std Test Accuracy: 0.1700
Std Test AUC: 0.0496

--- Round 338/500 ---
Averaged Train Loss: 1.3562
Averaged Test Accuracy: 0.4999
Averaged Test AUC: 0.8650
Std Test Accuracy: 0.1374
Std Test AUC: 0.0393

--- Round 339/500 ---
Averaged Train Loss: 1.3490
Averaged Test Accuracy: 0.5010
Averaged Test AUC: 0.8679
Std Test Accuracy: 0.1611
Std Test AUC: 0.0434

--- Round 340/500 ---
Averaged Train Loss: 1.3352
Averaged Test Accuracy: 0.5072
Averaged Test AUC: 0.8671
Std Test Accuracy: 0.1339
Std Test AUC: 0.0352

--- Round 341/500 ---
Averaged Train Loss: 1.3590
Averaged Test Accuracy: 0.5017
Averaged Test AUC: 0.8672
Std Test Accuracy: 0.1559
Std Test AUC: 0.0452

--- Round 342/500 ---
Averaged Train Loss: 1.3581
Averaged Test Accuracy: 0.5024
Averaged Test AUC: 0.8643
Std Test Accuracy: 0.1404
Std Test AUC: 0.0500

--- Round 343/500 ---
Averaged Train Loss: 1.4136
Averaged Test Accuracy: 0.4828
Averaged Test AUC: 0.8638
Std Test Accuracy: 0.1784
Std Test AUC: 0.0500

--- Round 344/500 ---
Averaged Train Loss: 1.3412
Averaged Test Accuracy: 0.5050
Averaged Test AUC: 0.8662
Std Test Accuracy: 0.1282
Std Test AUC: 0.0413

--- Round 345/500 ---
Averaged Train Loss: 1.4080
Averaged Test Accuracy: 0.4813
Averaged Test AUC: 0.8621
Std Test Accuracy: 0.1730
Std Test AUC: 0.0556

--- Round 346/500 ---
Averaged Train Loss: 1.3525
Averaged Test Accuracy: 0.5056
Averaged Test AUC: 0.8657
Std Test Accuracy: 0.1407
Std Test AUC: 0.0413

--- Round 347/500 ---
Averaged Train Loss: 1.3445
Averaged Test Accuracy: 0.5027
Averaged Test AUC: 0.8678
Std Test Accuracy: 0.1386
Std Test AUC: 0.0397

--- Round 348/500 ---
Averaged Train Loss: 1.3468
Averaged Test Accuracy: 0.5020
Averaged Test AUC: 0.8664
Std Test Accuracy: 0.1391
Std Test AUC: 0.0391

--- Round 349/500 ---
Averaged Train Loss: 1.3650
Averaged Test Accuracy: 0.4957
Averaged Test AUC: 0.8658
Std Test Accuracy: 0.1614
Std Test AUC: 0.0466

--- Round 350/500 ---
Averaged Train Loss: 1.3621
Averaged Test Accuracy: 0.5015
Averaged Test AUC: 0.8636
Std Test Accuracy: 0.1352
Std Test AUC: 0.0430

--- Round 351/500 ---
Averaged Train Loss: 1.4120
Averaged Test Accuracy: 0.4830
Averaged Test AUC: 0.8612
Std Test Accuracy: 0.1886
Std Test AUC: 0.0613

--- Round 352/500 ---
Averaged Train Loss: 1.3397
Averaged Test Accuracy: 0.5087
Averaged Test AUC: 0.8672
Std Test Accuracy: 0.1390
Std Test AUC: 0.0373

--- Round 353/500 ---
Averaged Train Loss: 1.3704
Averaged Test Accuracy: 0.4959
Averaged Test AUC: 0.8651
Std Test Accuracy: 0.1662
Std Test AUC: 0.0492

--- Round 354/500 ---
Averaged Train Loss: 1.3504
Averaged Test Accuracy: 0.5045
Averaged Test AUC: 0.8671
Std Test Accuracy: 0.1555
Std Test AUC: 0.0421

--- Round 355/500 ---
Averaged Train Loss: 1.4616
Averaged Test Accuracy: 0.4673
Averaged Test AUC: 0.8584
Std Test Accuracy: 0.2040
Std Test AUC: 0.0656

--- Round 356/500 ---
Averaged Train Loss: 1.3600
Averaged Test Accuracy: 0.5049
Averaged Test AUC: 0.8644
Std Test Accuracy: 0.1500
Std Test AUC: 0.0496

--- Round 357/500 ---
Averaged Train Loss: 1.3722
Averaged Test Accuracy: 0.4944
Averaged Test AUC: 0.8661
Std Test Accuracy: 0.1758
Std Test AUC: 0.0465

--- Round 358/500 ---
Averaged Train Loss: 1.3501
Averaged Test Accuracy: 0.5039
Averaged Test AUC: 0.8660
Std Test Accuracy: 0.1544
Std Test AUC: 0.0423

--- Round 359/500 ---
Averaged Train Loss: 1.3985
Averaged Test Accuracy: 0.4840
Averaged Test AUC: 0.8651
Std Test Accuracy: 0.1673
Std Test AUC: 0.0468

--- Round 360/500 ---
Averaged Train Loss: 1.3414
Averaged Test Accuracy: 0.5045
Averaged Test AUC: 0.8668
Std Test Accuracy: 0.1386
Std Test AUC: 0.0385

--- Round 361/500 ---
Averaged Train Loss: 1.3458
Averaged Test Accuracy: 0.5052
Averaged Test AUC: 0.8670
Std Test Accuracy: 0.1554
Std Test AUC: 0.0439

--- Round 362/500 ---
Averaged Train Loss: 1.3497
Averaged Test Accuracy: 0.5075
Averaged Test AUC: 0.8663
Std Test Accuracy: 0.1512
Std Test AUC: 0.0460

--- Round 363/500 ---
Averaged Train Loss: 1.3841
Averaged Test Accuracy: 0.4904
Averaged Test AUC: 0.8645
Std Test Accuracy: 0.1846
Std Test AUC: 0.0517

--- Round 364/500 ---
Averaged Train Loss: 1.3282
Averaged Test Accuracy: 0.5092
Averaged Test AUC: 0.8688
Std Test Accuracy: 0.1278
Std Test AUC: 0.0345

--- Round 365/500 ---
Averaged Train Loss: 1.4246
Averaged Test Accuracy: 0.4752
Averaged Test AUC: 0.8613
Std Test Accuracy: 0.1945
Std Test AUC: 0.0598

--- Round 366/500 ---
Averaged Train Loss: 1.3502
Averaged Test Accuracy: 0.5040
Averaged Test AUC: 0.8655
Std Test Accuracy: 0.1426
Std Test AUC: 0.0478

--- Round 367/500 ---
Averaged Train Loss: 1.3701
Averaged Test Accuracy: 0.4967
Averaged Test AUC: 0.8660
Std Test Accuracy: 0.1871
Std Test AUC: 0.0519

--- Round 368/500 ---
Averaged Train Loss: 1.3164
Averaged Test Accuracy: 0.5175
Averaged Test AUC: 0.8697
Std Test Accuracy: 0.1416
Std Test AUC: 0.0411

--- Round 369/500 ---
Averaged Train Loss: 1.3910
Averaged Test Accuracy: 0.4848
Averaged Test AUC: 0.8644
Std Test Accuracy: 0.1865
Std Test AUC: 0.0577

--- Round 370/500 ---
Averaged Train Loss: 1.3651
Averaged Test Accuracy: 0.4966
Averaged Test AUC: 0.8655
Std Test Accuracy: 0.1585
Std Test AUC: 0.0458

--- Round 371/500 ---
Averaged Train Loss: 1.4486
Averaged Test Accuracy: 0.4691
Averaged Test AUC: 0.8595
Std Test Accuracy: 0.2069
Std Test AUC: 0.0658

--- Round 372/500 ---
Averaged Train Loss: 1.3599
Averaged Test Accuracy: 0.4958
Averaged Test AUC: 0.8665
Std Test Accuracy: 0.1619
Std Test AUC: 0.0463

--- Round 373/500 ---
Averaged Train Loss: 1.3756
Averaged Test Accuracy: 0.4955
Averaged Test AUC: 0.8656
Std Test Accuracy: 0.1807
Std Test AUC: 0.0517

--- Round 374/500 ---
Averaged Train Loss: 1.3418
Averaged Test Accuracy: 0.5051
Averaged Test AUC: 0.8672
Std Test Accuracy: 0.1491
Std Test AUC: 0.0398

--- Round 375/500 ---
Averaged Train Loss: 1.3715
Averaged Test Accuracy: 0.4959
Averaged Test AUC: 0.8655
Std Test Accuracy: 0.1749
Std Test AUC: 0.0506

--- Round 376/500 ---
Averaged Train Loss: 1.3447
Averaged Test Accuracy: 0.5043
Averaged Test AUC: 0.8665
Std Test Accuracy: 0.1416
Std Test AUC: 0.0386

--- Round 377/500 ---
Averaged Train Loss: 1.3736
Averaged Test Accuracy: 0.4916
Averaged Test AUC: 0.8648
Std Test Accuracy: 0.1752
Std Test AUC: 0.0525

--- Round 378/500 ---
Averaged Train Loss: 1.3530
Averaged Test Accuracy: 0.5007
Averaged Test AUC: 0.8675
Std Test Accuracy: 0.1591
Std Test AUC: 0.0429

--- Round 379/500 ---
Averaged Train Loss: 1.3630
Averaged Test Accuracy: 0.4943
Averaged Test AUC: 0.8656
Std Test Accuracy: 0.1666
Std Test AUC: 0.0470

--- Round 380/500 ---
Averaged Train Loss: 1.3386
Averaged Test Accuracy: 0.5075
Averaged Test AUC: 0.8671
Std Test Accuracy: 0.1435
Std Test AUC: 0.0475

--- Round 381/500 ---
Averaged Train Loss: 1.3412
Averaged Test Accuracy: 0.5056
Averaged Test AUC: 0.8672
Std Test Accuracy: 0.1540
Std Test AUC: 0.0449

--- Round 382/500 ---
Averaged Train Loss: 1.3362
Averaged Test Accuracy: 0.5049
Averaged Test AUC: 0.8682
Std Test Accuracy: 0.1523
Std Test AUC: 0.0401

--- Round 383/500 ---
Averaged Train Loss: 1.3697
Averaged Test Accuracy: 0.4913
Averaged Test AUC: 0.8650
Std Test Accuracy: 0.1751
Std Test AUC: 0.0498

--- Round 384/500 ---
Averaged Train Loss: 1.3785
Averaged Test Accuracy: 0.5028
Averaged Test AUC: 0.8629
Std Test Accuracy: 0.1568
Std Test AUC: 0.0540

--- Round 385/500 ---
Averaged Train Loss: 1.3262
Averaged Test Accuracy: 0.5101
Averaged Test AUC: 0.8692
Std Test Accuracy: 0.1557
Std Test AUC: 0.0458

--- Round 386/500 ---
Averaged Train Loss: 1.3305
Averaged Test Accuracy: 0.5112
Averaged Test AUC: 0.8677
Std Test Accuracy: 0.1413
Std Test AUC: 0.0391

--- Round 387/500 ---
Averaged Train Loss: 1.4068
Averaged Test Accuracy: 0.4828
Averaged Test AUC: 0.8621
Std Test Accuracy: 0.1981
Std Test AUC: 0.0607

--- Round 388/500 ---
Averaged Train Loss: 1.3475
Averaged Test Accuracy: 0.5080
Averaged Test AUC: 0.8667
Std Test Accuracy: 0.1544
Std Test AUC: 0.0477

--- Round 389/500 ---
Averaged Train Loss: 1.4329
Averaged Test Accuracy: 0.4776
Averaged Test AUC: 0.8608
Std Test Accuracy: 0.2004
Std Test AUC: 0.0652

--- Round 390/500 ---
Averaged Train Loss: 1.3690
Averaged Test Accuracy: 0.4977
Averaged Test AUC: 0.8652
Std Test Accuracy: 0.1629
Std Test AUC: 0.0502

--- Round 391/500 ---
Averaged Train Loss: 1.3995
Averaged Test Accuracy: 0.4878
Averaged Test AUC: 0.8631
Std Test Accuracy: 0.1939
Std Test AUC: 0.0591

--- Round 392/500 ---
Averaged Train Loss: 1.3514
Averaged Test Accuracy: 0.5043
Averaged Test AUC: 0.8663
Std Test Accuracy: 0.1530
Std Test AUC: 0.0453

--- Round 393/500 ---
Averaged Train Loss: 1.3473
Averaged Test Accuracy: 0.5023
Averaged Test AUC: 0.8681
Std Test Accuracy: 0.1720
Std Test AUC: 0.0515

--- Round 394/500 ---
Averaged Train Loss: 1.3057
Averaged Test Accuracy: 0.5198
Averaged Test AUC: 0.8708
Std Test Accuracy: 0.1406
Std Test AUC: 0.0423

--- Round 395/500 ---
Averaged Train Loss: 1.3596
Averaged Test Accuracy: 0.4995
Averaged Test AUC: 0.8672
Std Test Accuracy: 0.1756
Std Test AUC: 0.0528

--- Round 396/500 ---
Averaged Train Loss: 1.3244
Averaged Test Accuracy: 0.5126
Averaged Test AUC: 0.8696
Std Test Accuracy: 0.1445
Std Test AUC: 0.0394

--- Round 397/500 ---
Averaged Train Loss: 1.3959
Averaged Test Accuracy: 0.4847
Averaged Test AUC: 0.8632
Std Test Accuracy: 0.1830
Std Test AUC: 0.0628

--- Round 398/500 ---
Averaged Train Loss: 1.3584
Averaged Test Accuracy: 0.5030
Averaged Test AUC: 0.8664
Std Test Accuracy: 0.1635
Std Test AUC: 0.0502

--- Round 399/500 ---
Averaged Train Loss: 1.3427
Averaged Test Accuracy: 0.5065
Averaged Test AUC: 0.8670
Std Test Accuracy: 0.1696
Std Test AUC: 0.0516

--- Round 400/500 ---
Averaged Train Loss: 1.3191
Averaged Test Accuracy: 0.5114
Averaged Test AUC: 0.8694
Std Test Accuracy: 0.1405
Std Test AUC: 0.0370

--- Round 401/500 ---
Averaged Train Loss: 1.3563
Averaged Test Accuracy: 0.5005
Averaged Test AUC: 0.8673
Std Test Accuracy: 0.1789
Std Test AUC: 0.0520

--- Round 402/500 ---
Averaged Train Loss: 1.3481
Averaged Test Accuracy: 0.5030
Averaged Test AUC: 0.8669
Std Test Accuracy: 0.1564
Std Test AUC: 0.0457

--- Round 403/500 ---
Averaged Train Loss: 1.3624
Averaged Test Accuracy: 0.4979
Averaged Test AUC: 0.8672
Std Test Accuracy: 0.1838
Std Test AUC: 0.0526

--- Round 404/500 ---
Averaged Train Loss: 1.3277
Averaged Test Accuracy: 0.5102
Averaged Test AUC: 0.8675
Std Test Accuracy: 0.1151
Std Test AUC: 0.0390

--- Round 405/500 ---
Averaged Train Loss: 1.3187
Averaged Test Accuracy: 0.5117
Averaged Test AUC: 0.8694
Std Test Accuracy: 0.1499
Std Test AUC: 0.0406

--- Round 406/500 ---
Averaged Train Loss: 1.3187
Averaged Test Accuracy: 0.5111
Averaged Test AUC: 0.8705
Std Test Accuracy: 0.1504
Std Test AUC: 0.0408

--- Round 407/500 ---
Averaged Train Loss: 1.3308
Averaged Test Accuracy: 0.5075
Averaged Test AUC: 0.8682
Std Test Accuracy: 0.1651
Std Test AUC: 0.0446

--- Round 408/500 ---
Averaged Train Loss: 1.3095
Averaged Test Accuracy: 0.5152
Averaged Test AUC: 0.8709
Std Test Accuracy: 0.1348
Std Test AUC: 0.0412

--- Round 409/500 ---
Averaged Train Loss: 1.3373
Averaged Test Accuracy: 0.5058
Averaged Test AUC: 0.8691
Std Test Accuracy: 0.1639
Std Test AUC: 0.0490

--- Round 410/500 ---
Averaged Train Loss: 1.3047
Averaged Test Accuracy: 0.5194
Averaged Test AUC: 0.8714
Std Test Accuracy: 0.1356
Std Test AUC: 0.0375

--- Round 411/500 ---
Averaged Train Loss: 1.3020
Averaged Test Accuracy: 0.5224
Averaged Test AUC: 0.8724
Std Test Accuracy: 0.1391
Std Test AUC: 0.0388

--- Round 412/500 ---
Averaged Train Loss: 1.3361
Averaged Test Accuracy: 0.5015
Averaged Test AUC: 0.8679
Std Test Accuracy: 0.1496
Std Test AUC: 0.0422

--- Round 413/500 ---
Averaged Train Loss: 1.3286
Averaged Test Accuracy: 0.5090
Averaged Test AUC: 0.8689
Std Test Accuracy: 0.1378
Std Test AUC: 0.0414

--- Round 414/500 ---
Averaged Train Loss: 1.3401
Averaged Test Accuracy: 0.5010
Averaged Test AUC: 0.8689
Std Test Accuracy: 0.1458
Std Test AUC: 0.0427

--- Round 415/500 ---
Averaged Train Loss: 1.3375
Averaged Test Accuracy: 0.5051
Averaged Test AUC: 0.8695
Std Test Accuracy: 0.1669
Std Test AUC: 0.0441

--- Round 416/500 ---
Averaged Train Loss: 1.2950
Averaged Test Accuracy: 0.5204
Averaged Test AUC: 0.8724
Std Test Accuracy: 0.1364
Std Test AUC: 0.0352

--- Round 417/500 ---
Averaged Train Loss: 1.3358
Averaged Test Accuracy: 0.5047
Averaged Test AUC: 0.8693
Std Test Accuracy: 0.1654
Std Test AUC: 0.0460

--- Round 418/500 ---
Averaged Train Loss: 1.3642
Averaged Test Accuracy: 0.4938
Averaged Test AUC: 0.8663
Std Test Accuracy: 0.1698
Std Test AUC: 0.0530

--- Round 419/500 ---
Averaged Train Loss: 1.3322
Averaged Test Accuracy: 0.5079
Averaged Test AUC: 0.8693
Std Test Accuracy: 0.1616
Std Test AUC: 0.0426

--- Round 420/500 ---
Averaged Train Loss: 1.3026
Averaged Test Accuracy: 0.5183
Averaged Test AUC: 0.8715
Std Test Accuracy: 0.1390
Std Test AUC: 0.0368

--- Round 421/500 ---
Averaged Train Loss: 1.3124
Averaged Test Accuracy: 0.5175
Averaged Test AUC: 0.8703
Std Test Accuracy: 0.1548
Std Test AUC: 0.0445

--- Round 422/500 ---
Averaged Train Loss: 1.3435
Averaged Test Accuracy: 0.5073
Averaged Test AUC: 0.8662
Std Test Accuracy: 0.1612
Std Test AUC: 0.0599

--- Round 423/500 ---
Averaged Train Loss: 1.3175
Averaged Test Accuracy: 0.5111
Averaged Test AUC: 0.8710
Std Test Accuracy: 0.1608
Std Test AUC: 0.0419

--- Round 424/500 ---
Averaged Train Loss: 1.3327
Averaged Test Accuracy: 0.5067
Averaged Test AUC: 0.8692
Std Test Accuracy: 0.1515
Std Test AUC: 0.0456

--- Round 425/500 ---
Averaged Train Loss: 1.3464
Averaged Test Accuracy: 0.5027
Averaged Test AUC: 0.8680
Std Test Accuracy: 0.1753
Std Test AUC: 0.0500

--- Round 426/500 ---
Averaged Train Loss: 1.3114
Averaged Test Accuracy: 0.5135
Averaged Test AUC: 0.8713
Std Test Accuracy: 0.1478
Std Test AUC: 0.0399

--- Round 427/500 ---
Averaged Train Loss: 1.3768
Averaged Test Accuracy: 0.4941
Averaged Test AUC: 0.8662
Std Test Accuracy: 0.1816
Std Test AUC: 0.0526

--- Round 428/500 ---
Averaged Train Loss: 1.3251
Averaged Test Accuracy: 0.5047
Averaged Test AUC: 0.8700
Std Test Accuracy: 0.1522
Std Test AUC: 0.0400

--- Round 429/500 ---
Averaged Train Loss: 1.3272
Averaged Test Accuracy: 0.5078
Averaged Test AUC: 0.8695
Std Test Accuracy: 0.1692
Std Test AUC: 0.0484

--- Round 430/500 ---
Averaged Train Loss: 1.2876
Averaged Test Accuracy: 0.5220
Averaged Test AUC: 0.8723
Std Test Accuracy: 0.1117
Std Test AUC: 0.0335

--- Round 431/500 ---
Averaged Train Loss: 1.3355
Averaged Test Accuracy: 0.5075
Averaged Test AUC: 0.8693
Std Test Accuracy: 0.1720
Std Test AUC: 0.0467

--- Round 432/500 ---
Averaged Train Loss: 1.3497
Averaged Test Accuracy: 0.5038
Averaged Test AUC: 0.8660
Std Test Accuracy: 0.1656
Std Test AUC: 0.0585

--- Round 433/500 ---
Averaged Train Loss: 1.3256
Averaged Test Accuracy: 0.5074
Averaged Test AUC: 0.8701
Std Test Accuracy: 0.1635
Std Test AUC: 0.0419

--- Round 434/500 ---
Averaged Train Loss: 1.3174
Averaged Test Accuracy: 0.5130
Averaged Test AUC: 0.8698
Std Test Accuracy: 0.1451
Std Test AUC: 0.0443

--- Round 435/500 ---
Averaged Train Loss: 1.3312
Averaged Test Accuracy: 0.5062
Averaged Test AUC: 0.8703
Std Test Accuracy: 0.1633
Std Test AUC: 0.0423

--- Round 436/500 ---
Averaged Train Loss: 1.3154
Averaged Test Accuracy: 0.5126
Averaged Test AUC: 0.8701
Std Test Accuracy: 0.1451
Std Test AUC: 0.0433

--- Round 437/500 ---
Averaged Train Loss: 1.3375
Averaged Test Accuracy: 0.5061
Averaged Test AUC: 0.8682
Std Test Accuracy: 0.1721
Std Test AUC: 0.0525

--- Round 438/500 ---
Averaged Train Loss: 1.3570
Averaged Test Accuracy: 0.4991
Averaged Test AUC: 0.8668
Std Test Accuracy: 0.1694
Std Test AUC: 0.0523

--- Round 439/500 ---
Averaged Train Loss: 1.3177
Averaged Test Accuracy: 0.5126
Averaged Test AUC: 0.8708
Std Test Accuracy: 0.1589
Std Test AUC: 0.0409

--- Round 440/500 ---
Averaged Train Loss: 1.3241
Averaged Test Accuracy: 0.5044
Averaged Test AUC: 0.8704
Std Test Accuracy: 0.1515
Std Test AUC: 0.0430

--- Round 441/500 ---
Averaged Train Loss: 1.3235
Averaged Test Accuracy: 0.5152
Averaged Test AUC: 0.8710
Std Test Accuracy: 0.1653
Std Test AUC: 0.0465

--- Round 442/500 ---
Averaged Train Loss: 1.3260
Averaged Test Accuracy: 0.5104
Averaged Test AUC: 0.8694
Std Test Accuracy: 0.1644
Std Test AUC: 0.0501

--- Round 443/500 ---
Averaged Train Loss: 1.3391
Averaged Test Accuracy: 0.5040
Averaged Test AUC: 0.8697
Std Test Accuracy: 0.1766
Std Test AUC: 0.0451

--- Round 444/500 ---
Averaged Train Loss: 1.3259
Averaged Test Accuracy: 0.5125
Averaged Test AUC: 0.8686
Std Test Accuracy: 0.1588
Std Test AUC: 0.0462

--- Round 445/500 ---
Averaged Train Loss: 1.3751
Averaged Test Accuracy: 0.4955
Averaged Test AUC: 0.8656
Std Test Accuracy: 0.1834
Std Test AUC: 0.0558

--- Round 446/500 ---
Averaged Train Loss: 1.3069
Averaged Test Accuracy: 0.5174
Averaged Test AUC: 0.8708
Std Test Accuracy: 0.1321
Std Test AUC: 0.0329

--- Round 447/500 ---
Averaged Train Loss: 1.3380
Averaged Test Accuracy: 0.5052
Averaged Test AUC: 0.8689
Std Test Accuracy: 0.1642
Std Test AUC: 0.0473

--- Round 448/500 ---
Averaged Train Loss: 1.3022
Averaged Test Accuracy: 0.5194
Averaged Test AUC: 0.8712
Std Test Accuracy: 0.1104
Std Test AUC: 0.0294

--- Round 449/500 ---
Averaged Train Loss: 1.3412
Averaged Test Accuracy: 0.5003
Averaged Test AUC: 0.8695
Std Test Accuracy: 0.1661
Std Test AUC: 0.0480

--- Round 450/500 ---
Averaged Train Loss: 1.3009
Averaged Test Accuracy: 0.5170
Averaged Test AUC: 0.8716
Std Test Accuracy: 0.1365
Std Test AUC: 0.0377

--- Round 451/500 ---
Averaged Train Loss: 1.3306
Averaged Test Accuracy: 0.5064
Averaged Test AUC: 0.8707
Std Test Accuracy: 0.1692
Std Test AUC: 0.0457

--- Round 452/500 ---
Averaged Train Loss: 1.3197
Averaged Test Accuracy: 0.5090
Averaged Test AUC: 0.8706
Std Test Accuracy: 0.1495
Std Test AUC: 0.0390

--- Round 453/500 ---
Averaged Train Loss: 1.3324
Averaged Test Accuracy: 0.5123
Averaged Test AUC: 0.8678
Std Test Accuracy: 0.1685
Std Test AUC: 0.0475

--- Round 454/500 ---
Averaged Train Loss: 1.3278
Averaged Test Accuracy: 0.5052
Averaged Test AUC: 0.8699
Std Test Accuracy: 0.1581
Std Test AUC: 0.0435

--- Round 455/500 ---
Averaged Train Loss: 1.3215
Averaged Test Accuracy: 0.5100
Averaged Test AUC: 0.8710
Std Test Accuracy: 0.1717
Std Test AUC: 0.0483

--- Round 456/500 ---
Averaged Train Loss: 1.2861
Averaged Test Accuracy: 0.5250
Averaged Test AUC: 0.8723
Std Test Accuracy: 0.1400
Std Test AUC: 0.0434

--- Round 457/500 ---
Averaged Train Loss: 1.3098
Averaged Test Accuracy: 0.5148
Averaged Test AUC: 0.8726
Std Test Accuracy: 0.1615
Std Test AUC: 0.0399

--- Round 458/500 ---
Averaged Train Loss: 1.3197
Averaged Test Accuracy: 0.5156
Averaged Test AUC: 0.8695
Std Test Accuracy: 0.1600
Std Test AUC: 0.0512

--- Round 459/500 ---
Averaged Train Loss: 1.3106
Averaged Test Accuracy: 0.5128
Averaged Test AUC: 0.8719
Std Test Accuracy: 0.1433
Std Test AUC: 0.0356

--- Round 460/500 ---
Averaged Train Loss: 1.3405
Averaged Test Accuracy: 0.5005
Averaged Test AUC: 0.8684
Std Test Accuracy: 0.1704
Std Test AUC: 0.0473

--- Round 461/500 ---
Averaged Train Loss: 1.3533
Averaged Test Accuracy: 0.4973
Averaged Test AUC: 0.8692
Std Test Accuracy: 0.1746
Std Test AUC: 0.0427

--- Round 462/500 ---
Averaged Train Loss: 1.3316
Averaged Test Accuracy: 0.5056
Averaged Test AUC: 0.8692
Std Test Accuracy: 0.1668
Std Test AUC: 0.0478

--- Round 463/500 ---
Averaged Train Loss: 1.2957
Averaged Test Accuracy: 0.5220
Averaged Test AUC: 0.8731
Std Test Accuracy: 0.1418
Std Test AUC: 0.0356

--- Round 464/500 ---
Averaged Train Loss: 1.3119
Averaged Test Accuracy: 0.5130
Averaged Test AUC: 0.8710
Std Test Accuracy: 0.1598
Std Test AUC: 0.0454

--- Round 465/500 ---
Averaged Train Loss: 1.2983
Averaged Test Accuracy: 0.5194
Averaged Test AUC: 0.8724
Std Test Accuracy: 0.1410
Std Test AUC: 0.0377

--- Round 466/500 ---
Averaged Train Loss: 1.2923
Averaged Test Accuracy: 0.5221
Averaged Test AUC: 0.8729
Std Test Accuracy: 0.1452
Std Test AUC: 0.0433

--- Round 467/500 ---
Averaged Train Loss: 1.3139
Averaged Test Accuracy: 0.5178
Averaged Test AUC: 0.8710
Std Test Accuracy: 0.1676
Std Test AUC: 0.0447

--- Round 468/500 ---
Averaged Train Loss: 1.3478
Averaged Test Accuracy: 0.4994
Averaged Test AUC: 0.8682
Std Test Accuracy: 0.1831
Std Test AUC: 0.0504

--- Round 469/500 ---
Averaged Train Loss: 1.3225
Averaged Test Accuracy: 0.5148
Averaged Test AUC: 0.8703
Std Test Accuracy: 0.1686
Std Test AUC: 0.0454

--- Round 470/500 ---
Averaged Train Loss: 1.3405
Averaged Test Accuracy: 0.5027
Averaged Test AUC: 0.8687
Std Test Accuracy: 0.1759
Std Test AUC: 0.0489

--- Round 471/500 ---
Averaged Train Loss: 1.3364
Averaged Test Accuracy: 0.5003
Averaged Test AUC: 0.8701
Std Test Accuracy: 0.1756
Std Test AUC: 0.0439

--- Round 472/500 ---
Averaged Train Loss: 1.3212
Averaged Test Accuracy: 0.5125
Averaged Test AUC: 0.8694
Std Test Accuracy: 0.1581
Std Test AUC: 0.0475

--- Round 473/500 ---
Averaged Train Loss: 1.3404
Averaged Test Accuracy: 0.5021
Averaged Test AUC: 0.8707
Std Test Accuracy: 0.1837
Std Test AUC: 0.0468

--- Round 474/500 ---
Averaged Train Loss: 1.2907
Averaged Test Accuracy: 0.5234
Averaged Test AUC: 0.8727
Std Test Accuracy: 0.1505
Std Test AUC: 0.0410

--- Round 475/500 ---
Averaged Train Loss: 1.3173
Averaged Test Accuracy: 0.5110
Averaged Test AUC: 0.8721
Std Test Accuracy: 0.1678
Std Test AUC: 0.0420

--- Round 476/500 ---
Averaged Train Loss: 1.2940
Averaged Test Accuracy: 0.5194
Averaged Test AUC: 0.8718
Std Test Accuracy: 0.1451
Std Test AUC: 0.0412

--- Round 477/500 ---
Averaged Train Loss: 1.3539
Averaged Test Accuracy: 0.5006
Averaged Test AUC: 0.8685
Std Test Accuracy: 0.1836
Std Test AUC: 0.0488

--- Round 478/500 ---
Averaged Train Loss: 1.3113
Averaged Test Accuracy: 0.5158
Averaged Test AUC: 0.8717
Std Test Accuracy: 0.1598
Std Test AUC: 0.0456

--- Round 479/500 ---
Averaged Train Loss: 1.2875
Averaged Test Accuracy: 0.5285
Averaged Test AUC: 0.8744
Std Test Accuracy: 0.1352
Std Test AUC: 0.0361

--- Round 480/500 ---
Averaged Train Loss: 1.3252
Averaged Test Accuracy: 0.5054
Averaged Test AUC: 0.8698
Std Test Accuracy: 0.1691
Std Test AUC: 0.0456

--- Round 481/500 ---
Averaged Train Loss: 1.2998
Averaged Test Accuracy: 0.5238
Averaged Test AUC: 0.8709
Std Test Accuracy: 0.1538
Std Test AUC: 0.0500

--- Round 482/500 ---
Averaged Train Loss: 1.2976
Averaged Test Accuracy: 0.5216
Averaged Test AUC: 0.8707
Std Test Accuracy: 0.1468
Std Test AUC: 0.0501

--- Round 483/500 ---
Averaged Train Loss: 1.3020
Averaged Test Accuracy: 0.5148
Averaged Test AUC: 0.8736
Std Test Accuracy: 0.1486
Std Test AUC: 0.0398

--- Round 484/500 ---
Averaged Train Loss: 1.2947
Averaged Test Accuracy: 0.5186
Averaged Test AUC: 0.8724
Std Test Accuracy: 0.1494
Std Test AUC: 0.0454

--- Round 485/500 ---
Averaged Train Loss: 1.3111
Averaged Test Accuracy: 0.5154
Averaged Test AUC: 0.8710
Std Test Accuracy: 0.1554
Std Test AUC: 0.0401

--- Round 486/500 ---
Averaged Train Loss: 1.2856
Averaged Test Accuracy: 0.5222
Averaged Test AUC: 0.8729
Std Test Accuracy: 0.1465
Std Test AUC: 0.0412

--- Round 487/500 ---
Averaged Train Loss: 1.2754
Averaged Test Accuracy: 0.5273
Averaged Test AUC: 0.8750
Std Test Accuracy: 0.1411
Std Test AUC: 0.0392

--- Round 488/500 ---
Averaged Train Loss: 1.2764
Averaged Test Accuracy: 0.5251
Averaged Test AUC: 0.8743
Std Test Accuracy: 0.1355
Std Test AUC: 0.0372

--- Round 489/500 ---
Averaged Train Loss: 1.2910
Averaged Test Accuracy: 0.5224
Averaged Test AUC: 0.8736
Std Test Accuracy: 0.1516
Std Test AUC: 0.0427

--- Round 490/500 ---
Averaged Train Loss: 1.2838
Averaged Test Accuracy: 0.5259
Averaged Test AUC: 0.8730
Std Test Accuracy: 0.1408
Std Test AUC: 0.0417

--- Round 491/500 ---
Averaged Train Loss: 1.3068
Averaged Test Accuracy: 0.5176
Averaged Test AUC: 0.8720
Std Test Accuracy: 0.1611
Std Test AUC: 0.0461

--- Round 492/500 ---
Averaged Train Loss: 1.3059
Averaged Test Accuracy: 0.5170
Averaged Test AUC: 0.8714
Std Test Accuracy: 0.1553
Std Test AUC: 0.0441

--- Round 493/500 ---
Averaged Train Loss: 1.2901
Averaged Test Accuracy: 0.5227
Averaged Test AUC: 0.8722
Std Test Accuracy: 0.1480
Std Test AUC: 0.0413

--- Round 494/500 ---
Averaged Train Loss: 1.3050
Averaged Test Accuracy: 0.5147
Averaged Test AUC: 0.8709
Std Test Accuracy: 0.1498
Std Test AUC: 0.0451

--- Round 495/500 ---
Averaged Train Loss: 1.3258
Averaged Test Accuracy: 0.5160
Averaged Test AUC: 0.8702
Std Test Accuracy: 0.1762
Std Test AUC: 0.0500

--- Round 496/500 ---
Averaged Train Loss: 1.3223
Averaged Test Accuracy: 0.5109
Averaged Test AUC: 0.8701
Std Test Accuracy: 0.1742
Std Test AUC: 0.0534

--- Round 497/500 ---
Averaged Train Loss: 1.3303
Averaged Test Accuracy: 0.5149
Averaged Test AUC: 0.8686
Std Test Accuracy: 0.1802
Std Test AUC: 0.0547

--- Round 498/500 ---
Averaged Train Loss: 1.3272
Averaged Test Accuracy: 0.5085
Averaged Test AUC: 0.8693
Std Test Accuracy: 0.1689
Std Test AUC: 0.0555

--- Round 499/500 ---
Averaged Train Loss: 1.3290
Averaged Test Accuracy: 0.5115
Averaged Test AUC: 0.8692
Std Test Accuracy: 0.1716
Std Test AUC: 0.0467

--- Round 500/500 ---
Averaged Train Loss: 1.2834
Averaged Test Accuracy: 0.5209
Averaged Test AUC: 0.8742
Std Test Accuracy: 0.1443
Std Test AUC: 0.0379

========== Training Complete ==========
Best Test Accuracy: 0.5285391165513571
File path: ../results/Cifar10_FedEntPlusSmooth_smooth_trial01_0034_0.h5

Average time cost: 1943.61s.
Length:  501
std for best accuracy: 0.0
mean for best accuracy: 0.5285391165513571
All done!

Storage on cuda:0
-------------------------------------------------------------------------------
Total Tensors: 210849120 	Used Memory: 573.28M
The allocated memory on cuda:0: 591.41M
Memory differs due to the matrix alignment or invisible gradient buffer tensors
-------------------------------------------------------------------------------
