==================================================
goal = smooth_trial01_0036
device = cuda
device_id = 0
dataset = Cifar10
num_classes = 10
model = CNN
batch_size = 64
local_learning_rate = 0.01
learning_rate_decay = True
learning_rate_decay_gamma = 0.98
global_rounds = 500
top_cnt = 100
local_epochs = 5
algorithm = FedEntPlusSmooth
join_ratio = 0.1
random_join_ratio = False
num_clients = 100
prev = 0
times = 1
eval_gap = 1
save_folder_name = items
auto_break = False
dlg_eval = False
dlg_gap = 100
batch_num_per_client = 2
num_new_clients = 0
fine_tuning_epoch_new = 0
feature_dim = 512
vocab_size = 32000
max_len = 200
client_drop_rate = 0.0
train_slow_rate = 0.0
send_slow_rate = 0.0
time_select = False
time_threthold = 10000
beta = 0.0
lamda = 1.0
mu = 0.0
K = 5
p_learning_rate = 0.01
M = 5
itk = 4000
alphaK = 1.0
sigma = 1.0
alpha = 1.0
plocal_epochs = 1
tau = 1.0
fine_tuning_epochs = 10
dr_learning_rate = 0.0
L = 1.0
noise_dim = 512
generator_learning_rate = 0.005
hidden_dim = 512
server_epochs = 1000
localize_feature_extractor = False
server_learning_rate = 1.0
eta = 1.0
rand_percent = 80
layer_idx = 2
mentee_learning_rate = 0.005
T_start = 0.95
T_end = 0.98
momentum = 0.9
kl_weight = 0.0
buffer_size = 0
dp_epsilon = 0.0
H_min = None
alpha_vp = 0.0
enable_dynamic_param = False
log_fedent = False
log_filename = None
dynamic_config_path = /home/john/PFLlib/system/auto_configs/smooth_trial01_0036.json
==================================================

============= Running time: 0th =============
Creating server and clients ...
FedAvgCNN(
  (conv1): Sequential(
    (0): Conv2d(3, 32, kernel_size=(5, 5), stride=(1, 1))
    (1): ReLU(inplace=True)
    (2): MaxPool2d(kernel_size=(2, 2), stride=(2, 2), padding=0, dilation=1, ceil_mode=False)
  )
  (conv2): Sequential(
    (0): Conv2d(32, 64, kernel_size=(5, 5), stride=(1, 1))
    (1): ReLU(inplace=True)
    (2): MaxPool2d(kernel_size=(2, 2), stride=(2, 2), padding=0, dilation=1, ceil_mode=False)
  )
  (fc1): Sequential(
    (0): Linear(in_features=1600, out_features=512, bias=True)
    (1): ReLU(inplace=True)
  )
  (fc): Linear(in_features=512, out_features=10, bias=True)
)

Join ratio / total clients: 0.1 / 100
Finished creating server and clients.

--- Round 0/500 ---
Averaged Train Loss: 2.3038
Averaged Test Accuracy: 0.0928
Averaged Test AUC: 0.4894
Std Test Accuracy: 0.1434
Std Test AUC: 0.2233

--- Round 1/500 ---
Averaged Train Loss: 2.3005
Averaged Test Accuracy: 0.1293
Averaged Test AUC: 0.5166
Std Test Accuracy: 0.1843
Std Test AUC: 0.2211

--- Round 2/500 ---
Averaged Train Loss: 2.2948
Averaged Test Accuracy: 0.1418
Averaged Test AUC: 0.5521
Std Test Accuracy: 0.2046
Std Test AUC: 0.2490

--- Round 3/500 ---
Averaged Train Loss: 2.2913
Averaged Test Accuracy: 0.1660
Averaged Test AUC: 0.5452
Std Test Accuracy: 0.1960
Std Test AUC: 0.2543

--- Round 4/500 ---
Averaged Train Loss: 2.2563
Averaged Test Accuracy: 0.1170
Averaged Test AUC: 0.6011
Std Test Accuracy: 0.2207
Std Test AUC: 0.2006

--- Round 5/500 ---
Averaged Train Loss: 2.3056
Averaged Test Accuracy: 0.1573
Averaged Test AUC: 0.5802
Std Test Accuracy: 0.2635
Std Test AUC: 0.2120

--- Round 6/500 ---
Averaged Train Loss: 2.2104
Averaged Test Accuracy: 0.1946
Averaged Test AUC: 0.6199
Std Test Accuracy: 0.2507
Std Test AUC: 0.2068

--- Round 7/500 ---
Averaged Train Loss: 2.1487
Averaged Test Accuracy: 0.2021
Averaged Test AUC: 0.6807
Std Test Accuracy: 0.1907
Std Test AUC: 0.1509

--- Round 8/500 ---
Averaged Train Loss: 2.1662
Averaged Test Accuracy: 0.2223
Averaged Test AUC: 0.6513
Std Test Accuracy: 0.2271
Std Test AUC: 0.2083

--- Round 9/500 ---
Averaged Train Loss: 2.1707
Averaged Test Accuracy: 0.2247
Averaged Test AUC: 0.6508
Std Test Accuracy: 0.1971
Std Test AUC: 0.1937

--- Round 10/500 ---
Averaged Train Loss: 2.1412
Averaged Test Accuracy: 0.2209
Averaged Test AUC: 0.6714
Std Test Accuracy: 0.2489
Std Test AUC: 0.1652

--- Round 11/500 ---
Averaged Train Loss: 2.0745
Averaged Test Accuracy: 0.2372
Averaged Test AUC: 0.7021
Std Test Accuracy: 0.2111
Std Test AUC: 0.1073

--- Round 12/500 ---
Averaged Train Loss: 2.1427
Averaged Test Accuracy: 0.2168
Averaged Test AUC: 0.6726
Std Test Accuracy: 0.2422
Std Test AUC: 0.1766

--- Round 13/500 ---
Averaged Train Loss: 2.0437
Averaged Test Accuracy: 0.2492
Averaged Test AUC: 0.7153
Std Test Accuracy: 0.2234
Std Test AUC: 0.1098

--- Round 14/500 ---
Averaged Train Loss: 2.0351
Averaged Test Accuracy: 0.2593
Averaged Test AUC: 0.7103
Std Test Accuracy: 0.1680
Std Test AUC: 0.1369

--- Round 15/500 ---
Averaged Train Loss: 2.0049
Averaged Test Accuracy: 0.2612
Averaged Test AUC: 0.7304
Std Test Accuracy: 0.2056
Std Test AUC: 0.0931

--- Round 16/500 ---
Averaged Train Loss: 2.0171
Averaged Test Accuracy: 0.2346
Averaged Test AUC: 0.7383
Std Test Accuracy: 0.2255
Std Test AUC: 0.0799

--- Round 17/500 ---
Averaged Train Loss: 2.0389
Averaged Test Accuracy: 0.2462
Averaged Test AUC: 0.7230
Std Test Accuracy: 0.2346
Std Test AUC: 0.1122

--- Round 18/500 ---
Averaged Train Loss: 2.0122
Averaged Test Accuracy: 0.2487
Averaged Test AUC: 0.7260
Std Test Accuracy: 0.1941
Std Test AUC: 0.1059

--- Round 19/500 ---
Averaged Train Loss: 2.0158
Averaged Test Accuracy: 0.2553
Averaged Test AUC: 0.7260
Std Test Accuracy: 0.2093
Std Test AUC: 0.1124

--- Round 20/500 ---
Averaged Train Loss: 1.9557
Averaged Test Accuracy: 0.2744
Averaged Test AUC: 0.7399
Std Test Accuracy: 0.1994
Std Test AUC: 0.0902

--- Round 21/500 ---
Averaged Train Loss: 1.9496
Averaged Test Accuracy: 0.2655
Averaged Test AUC: 0.7477
Std Test Accuracy: 0.2111
Std Test AUC: 0.0731

--- Round 22/500 ---
Averaged Train Loss: 1.9639
Averaged Test Accuracy: 0.2837
Averaged Test AUC: 0.7403
Std Test Accuracy: 0.2157
Std Test AUC: 0.1069

--- Round 23/500 ---
Averaged Train Loss: 1.9470
Averaged Test Accuracy: 0.2813
Averaged Test AUC: 0.7449
Std Test Accuracy: 0.1687
Std Test AUC: 0.0899

--- Round 24/500 ---
Averaged Train Loss: 1.9356
Averaged Test Accuracy: 0.2759
Averaged Test AUC: 0.7515
Std Test Accuracy: 0.2092
Std Test AUC: 0.0765

--- Round 25/500 ---
Averaged Train Loss: 1.8987
Averaged Test Accuracy: 0.3089
Averaged Test AUC: 0.7592
Std Test Accuracy: 0.1383
Std Test AUC: 0.0755

--- Round 26/500 ---
Averaged Train Loss: 1.9455
Averaged Test Accuracy: 0.2743
Averaged Test AUC: 0.7459
Std Test Accuracy: 0.1715
Std Test AUC: 0.0882

--- Round 27/500 ---
Averaged Train Loss: 1.9668
Averaged Test Accuracy: 0.2686
Averaged Test AUC: 0.7441
Std Test Accuracy: 0.2211
Std Test AUC: 0.1078

--- Round 28/500 ---
Averaged Train Loss: 2.1255
Averaged Test Accuracy: 0.1931
Averaged Test AUC: 0.7225
Std Test Accuracy: 0.2101
Std Test AUC: 0.0961

--- Round 29/500 ---
Averaged Train Loss: 1.9961
Averaged Test Accuracy: 0.2676
Averaged Test AUC: 0.7448
Std Test Accuracy: 0.2247
Std Test AUC: 0.0968

--- Round 30/500 ---
Averaged Train Loss: 1.8930
Averaged Test Accuracy: 0.2929
Averaged Test AUC: 0.7637
Std Test Accuracy: 0.2109
Std Test AUC: 0.0822

--- Round 31/500 ---
Averaged Train Loss: 1.8741
Averaged Test Accuracy: 0.3046
Averaged Test AUC: 0.7674
Std Test Accuracy: 0.2011
Std Test AUC: 0.0771

--- Round 32/500 ---
Averaged Train Loss: 1.8911
Averaged Test Accuracy: 0.2914
Averaged Test AUC: 0.7624
Std Test Accuracy: 0.1959
Std Test AUC: 0.0780

--- Round 33/500 ---
Averaged Train Loss: 1.9127
Averaged Test Accuracy: 0.2857
Averaged Test AUC: 0.7626
Std Test Accuracy: 0.2260
Std Test AUC: 0.0817

--- Round 34/500 ---
Averaged Train Loss: 1.8772
Averaged Test Accuracy: 0.3023
Averaged Test AUC: 0.7678
Std Test Accuracy: 0.2078
Std Test AUC: 0.0818

--- Round 35/500 ---
Averaged Train Loss: 1.8899
Averaged Test Accuracy: 0.2875
Averaged Test AUC: 0.7710
Std Test Accuracy: 0.2295
Std Test AUC: 0.0767

--- Round 36/500 ---
Averaged Train Loss: 1.9058
Averaged Test Accuracy: 0.2873
Averaged Test AUC: 0.7642
Std Test Accuracy: 0.2200
Std Test AUC: 0.0932

--- Round 37/500 ---
Averaged Train Loss: 1.8563
Averaged Test Accuracy: 0.3013
Averaged Test AUC: 0.7722
Std Test Accuracy: 0.2031
Std Test AUC: 0.0804

--- Round 38/500 ---
Averaged Train Loss: 1.8744
Averaged Test Accuracy: 0.2920
Averaged Test AUC: 0.7689
Std Test Accuracy: 0.1918
Std Test AUC: 0.0769

--- Round 39/500 ---
Averaged Train Loss: 1.8273
Averaged Test Accuracy: 0.3236
Averaged Test AUC: 0.7789
Std Test Accuracy: 0.1852
Std Test AUC: 0.0652

--- Round 40/500 ---
Averaged Train Loss: 1.8328
Averaged Test Accuracy: 0.3263
Averaged Test AUC: 0.7752
Std Test Accuracy: 0.1466
Std Test AUC: 0.0752

--- Round 41/500 ---
Averaged Train Loss: 1.8809
Averaged Test Accuracy: 0.2926
Averaged Test AUC: 0.7660
Std Test Accuracy: 0.1832
Std Test AUC: 0.0838

--- Round 42/500 ---
Averaged Train Loss: 1.8928
Averaged Test Accuracy: 0.2926
Averaged Test AUC: 0.7712
Std Test Accuracy: 0.2148
Std Test AUC: 0.0780

--- Round 43/500 ---
Averaged Train Loss: 1.7973
Averaged Test Accuracy: 0.3453
Averaged Test AUC: 0.7836
Std Test Accuracy: 0.1641
Std Test AUC: 0.0677

--- Round 44/500 ---
Averaged Train Loss: 1.8085
Averaged Test Accuracy: 0.3382
Averaged Test AUC: 0.7802
Std Test Accuracy: 0.1720
Std Test AUC: 0.0736

--- Round 45/500 ---
Averaged Train Loss: 1.8485
Averaged Test Accuracy: 0.3051
Averaged Test AUC: 0.7819
Std Test Accuracy: 0.2284
Std Test AUC: 0.0752

--- Round 46/500 ---
Averaged Train Loss: 1.7922
Averaged Test Accuracy: 0.3375
Averaged Test AUC: 0.7867
Std Test Accuracy: 0.1629
Std Test AUC: 0.0626

--- Round 47/500 ---
Averaged Train Loss: 1.7924
Averaged Test Accuracy: 0.3412
Averaged Test AUC: 0.7875
Std Test Accuracy: 0.1843
Std Test AUC: 0.0664

--- Round 48/500 ---
Averaged Train Loss: 1.7873
Averaged Test Accuracy: 0.3395
Averaged Test AUC: 0.7896
Std Test Accuracy: 0.1972
Std Test AUC: 0.0677

--- Round 49/500 ---
Averaged Train Loss: 1.7605
Averaged Test Accuracy: 0.3560
Averaged Test AUC: 0.7922
Std Test Accuracy: 0.1618
Std Test AUC: 0.0638

--- Round 50/500 ---
Averaged Train Loss: 1.8069
Averaged Test Accuracy: 0.3350
Averaged Test AUC: 0.7845
Std Test Accuracy: 0.1964
Std Test AUC: 0.0789

--- Round 51/500 ---
Averaged Train Loss: 1.7710
Averaged Test Accuracy: 0.3464
Averaged Test AUC: 0.7958
Std Test Accuracy: 0.2011
Std Test AUC: 0.0599

--- Round 52/500 ---
Averaged Train Loss: 1.7852
Averaged Test Accuracy: 0.3310
Averaged Test AUC: 0.7929
Std Test Accuracy: 0.1875
Std Test AUC: 0.0548

--- Round 53/500 ---
Averaged Train Loss: 1.8163
Averaged Test Accuracy: 0.3080
Averaged Test AUC: 0.7849
Std Test Accuracy: 0.1901
Std Test AUC: 0.0671

--- Round 54/500 ---
Averaged Train Loss: 1.8238
Averaged Test Accuracy: 0.3083
Averaged Test AUC: 0.7830
Std Test Accuracy: 0.2113
Std Test AUC: 0.0787

--- Round 55/500 ---
Averaged Train Loss: 1.7646
Averaged Test Accuracy: 0.3378
Averaged Test AUC: 0.7942
Std Test Accuracy: 0.1910
Std Test AUC: 0.0592

--- Round 56/500 ---
Averaged Train Loss: 1.7385
Averaged Test Accuracy: 0.3685
Averaged Test AUC: 0.8003
Std Test Accuracy: 0.1715
Std Test AUC: 0.0626

--- Round 57/500 ---
Averaged Train Loss: 1.7618
Averaged Test Accuracy: 0.3606
Averaged Test AUC: 0.7941
Std Test Accuracy: 0.1961
Std Test AUC: 0.0767

--- Round 58/500 ---
Averaged Train Loss: 1.7593
Averaged Test Accuracy: 0.3542
Averaged Test AUC: 0.7985
Std Test Accuracy: 0.1944
Std Test AUC: 0.0624

--- Round 59/500 ---
Averaged Train Loss: 1.7346
Averaged Test Accuracy: 0.3628
Averaged Test AUC: 0.8015
Std Test Accuracy: 0.1611
Std Test AUC: 0.0539

--- Round 60/500 ---
Averaged Train Loss: 1.7557
Averaged Test Accuracy: 0.3457
Averaged Test AUC: 0.7971
Std Test Accuracy: 0.1690
Std Test AUC: 0.0575

--- Round 61/500 ---
Averaged Train Loss: 1.7572
Averaged Test Accuracy: 0.3509
Averaged Test AUC: 0.7976
Std Test Accuracy: 0.1856
Std Test AUC: 0.0700

--- Round 62/500 ---
Averaged Train Loss: 1.7410
Averaged Test Accuracy: 0.3597
Averaged Test AUC: 0.7986
Std Test Accuracy: 0.1781
Std Test AUC: 0.0645

--- Round 63/500 ---
Averaged Train Loss: 1.7396
Averaged Test Accuracy: 0.3608
Averaged Test AUC: 0.7981
Std Test Accuracy: 0.1386
Std Test AUC: 0.0595

--- Round 64/500 ---
Averaged Train Loss: 1.7048
Averaged Test Accuracy: 0.3792
Averaged Test AUC: 0.8073
Std Test Accuracy: 0.1669
Std Test AUC: 0.0563

--- Round 65/500 ---
Averaged Train Loss: 1.7158
Averaged Test Accuracy: 0.3653
Averaged Test AUC: 0.8052
Std Test Accuracy: 0.1763
Std Test AUC: 0.0567

--- Round 66/500 ---
Averaged Train Loss: 1.7181
Averaged Test Accuracy: 0.3635
Averaged Test AUC: 0.8042
Std Test Accuracy: 0.1636
Std Test AUC: 0.0522

--- Round 67/500 ---
Averaged Train Loss: 1.7234
Averaged Test Accuracy: 0.3668
Averaged Test AUC: 0.8036
Std Test Accuracy: 0.1910
Std Test AUC: 0.0681

--- Round 68/500 ---
Averaged Train Loss: 1.7300
Averaged Test Accuracy: 0.3564
Averaged Test AUC: 0.8023
Std Test Accuracy: 0.1816
Std Test AUC: 0.0648

--- Round 69/500 ---
Averaged Train Loss: 1.6811
Averaged Test Accuracy: 0.3955
Averaged Test AUC: 0.8071
Std Test Accuracy: 0.1284
Std Test AUC: 0.0522

--- Round 70/500 ---
Averaged Train Loss: 1.6865
Averaged Test Accuracy: 0.3872
Averaged Test AUC: 0.8088
Std Test Accuracy: 0.1635
Std Test AUC: 0.0569

--- Round 71/500 ---
Averaged Train Loss: 1.7052
Averaged Test Accuracy: 0.3740
Averaged Test AUC: 0.8078
Std Test Accuracy: 0.1783
Std Test AUC: 0.0579

--- Round 72/500 ---
Averaged Train Loss: 1.6722
Averaged Test Accuracy: 0.3985
Averaged Test AUC: 0.8096
Std Test Accuracy: 0.1317
Std Test AUC: 0.0524

--- Round 73/500 ---
Averaged Train Loss: 1.6836
Averaged Test Accuracy: 0.3870
Averaged Test AUC: 0.8105
Std Test Accuracy: 0.2018
Std Test AUC: 0.0682

--- Round 74/500 ---
Averaged Train Loss: 1.6756
Averaged Test Accuracy: 0.3910
Averaged Test AUC: 0.8127
Std Test Accuracy: 0.1452
Std Test AUC: 0.0572

--- Round 75/500 ---
Averaged Train Loss: 1.7163
Averaged Test Accuracy: 0.3601
Averaged Test AUC: 0.8094
Std Test Accuracy: 0.2142
Std Test AUC: 0.0687

--- Round 76/500 ---
Averaged Train Loss: 1.6785
Averaged Test Accuracy: 0.3876
Averaged Test AUC: 0.8123
Std Test Accuracy: 0.2009
Std Test AUC: 0.0671

--- Round 77/500 ---
Averaged Train Loss: 1.6980
Averaged Test Accuracy: 0.3751
Averaged Test AUC: 0.8118
Std Test Accuracy: 0.1732
Std Test AUC: 0.0601

--- Round 78/500 ---
Averaged Train Loss: 1.6788
Averaged Test Accuracy: 0.3873
Averaged Test AUC: 0.8105
Std Test Accuracy: 0.1636
Std Test AUC: 0.0710

--- Round 79/500 ---
Averaged Train Loss: 1.7044
Averaged Test Accuracy: 0.3854
Averaged Test AUC: 0.8026
Std Test Accuracy: 0.1338
Std Test AUC: 0.0707

--- Round 80/500 ---
Averaged Train Loss: 1.7034
Averaged Test Accuracy: 0.3733
Averaged Test AUC: 0.8101
Std Test Accuracy: 0.1805
Std Test AUC: 0.0626

--- Round 81/500 ---
Averaged Train Loss: 1.7272
Averaged Test Accuracy: 0.3585
Averaged Test AUC: 0.8097
Std Test Accuracy: 0.2193
Std Test AUC: 0.0719

--- Round 82/500 ---
Averaged Train Loss: 1.6894
Averaged Test Accuracy: 0.3805
Averaged Test AUC: 0.8100
Std Test Accuracy: 0.1520
Std Test AUC: 0.0579

--- Round 83/500 ---
Averaged Train Loss: 1.6661
Averaged Test Accuracy: 0.3928
Averaged Test AUC: 0.8146
Std Test Accuracy: 0.1538
Std Test AUC: 0.0578

--- Round 84/500 ---
Averaged Train Loss: 1.6611
Averaged Test Accuracy: 0.3853
Averaged Test AUC: 0.8157
Std Test Accuracy: 0.1452
Std Test AUC: 0.0493

--- Round 85/500 ---
Averaged Train Loss: 1.6955
Averaged Test Accuracy: 0.3705
Averaged Test AUC: 0.8115
Std Test Accuracy: 0.1679
Std Test AUC: 0.0626

--- Round 86/500 ---
Averaged Train Loss: 1.7137
Averaged Test Accuracy: 0.3779
Averaged Test AUC: 0.8072
Std Test Accuracy: 0.1719
Std Test AUC: 0.0682

--- Round 87/500 ---
Averaged Train Loss: 1.6793
Averaged Test Accuracy: 0.3806
Averaged Test AUC: 0.8147
Std Test Accuracy: 0.1912
Std Test AUC: 0.0641

--- Round 88/500 ---
Averaged Train Loss: 1.7100
Averaged Test Accuracy: 0.3725
Averaged Test AUC: 0.8114
Std Test Accuracy: 0.2209
Std Test AUC: 0.0773

--- Round 89/500 ---
Averaged Train Loss: 1.6369
Averaged Test Accuracy: 0.4047
Averaged Test AUC: 0.8201
Std Test Accuracy: 0.1780
Std Test AUC: 0.0630

--- Round 90/500 ---
Averaged Train Loss: 1.6383
Averaged Test Accuracy: 0.4082
Averaged Test AUC: 0.8187
Std Test Accuracy: 0.1416
Std Test AUC: 0.0590

--- Round 91/500 ---
Averaged Train Loss: 1.6249
Averaged Test Accuracy: 0.4063
Averaged Test AUC: 0.8223
Std Test Accuracy: 0.1364
Std Test AUC: 0.0419

--- Round 92/500 ---
Averaged Train Loss: 1.6411
Averaged Test Accuracy: 0.4025
Averaged Test AUC: 0.8232
Std Test Accuracy: 0.1469
Std Test AUC: 0.0471

--- Round 93/500 ---
Averaged Train Loss: 1.8807
Averaged Test Accuracy: 0.3245
Averaged Test AUC: 0.7787
Std Test Accuracy: 0.2472
Std Test AUC: 0.1270

--- Round 94/500 ---
Averaged Train Loss: 1.6233
Averaged Test Accuracy: 0.4047
Averaged Test AUC: 0.8248
Std Test Accuracy: 0.1890
Std Test AUC: 0.0555

--- Round 95/500 ---
Averaged Train Loss: 1.6876
Averaged Test Accuracy: 0.3788
Averaged Test AUC: 0.8104
Std Test Accuracy: 0.1857
Std Test AUC: 0.0733

--- Round 96/500 ---
Averaged Train Loss: 2.1433
Averaged Test Accuracy: 0.2686
Averaged Test AUC: 0.7668
Std Test Accuracy: 0.2434
Std Test AUC: 0.1154

--- Round 97/500 ---
Averaged Train Loss: 1.7880
Averaged Test Accuracy: 0.3425
Averaged Test AUC: 0.7942
Std Test Accuracy: 0.2350
Std Test AUC: 0.1091

--- Round 98/500 ---
Averaged Train Loss: 1.6603
Averaged Test Accuracy: 0.3858
Averaged Test AUC: 0.8221
Std Test Accuracy: 0.2036
Std Test AUC: 0.0610

--- Round 99/500 ---
Averaged Train Loss: 1.6193
Averaged Test Accuracy: 0.4019
Averaged Test AUC: 0.8226
Std Test Accuracy: 0.1694
Std Test AUC: 0.0585

--- Round 100/500 ---
Averaged Train Loss: 2.1056
Averaged Test Accuracy: 0.2737
Averaged Test AUC: 0.7685
Std Test Accuracy: 0.2324
Std Test AUC: 0.1135

--- Round 101/500 ---
Averaged Train Loss: 1.7353
Averaged Test Accuracy: 0.3662
Averaged Test AUC: 0.8028
Std Test Accuracy: 0.2158
Std Test AUC: 0.0994

--- Round 102/500 ---
Averaged Train Loss: 1.7645
Averaged Test Accuracy: 0.3413
Averaged Test AUC: 0.8113
Std Test Accuracy: 0.2401
Std Test AUC: 0.0810

--- Round 103/500 ---
Averaged Train Loss: 1.6469
Averaged Test Accuracy: 0.3793
Averaged Test AUC: 0.8227
Std Test Accuracy: 0.1951
Std Test AUC: 0.0534

--- Round 104/500 ---
Averaged Train Loss: 2.0569
Averaged Test Accuracy: 0.2911
Averaged Test AUC: 0.7829
Std Test Accuracy: 0.2443
Std Test AUC: 0.1055

--- Round 105/500 ---
Averaged Train Loss: 1.7127
Averaged Test Accuracy: 0.3653
Averaged Test AUC: 0.8069
Std Test Accuracy: 0.2221
Std Test AUC: 0.0977

--- Round 106/500 ---
Averaged Train Loss: 1.7420
Averaged Test Accuracy: 0.3443
Averaged Test AUC: 0.8169
Std Test Accuracy: 0.2273
Std Test AUC: 0.0704

--- Round 107/500 ---
Averaged Train Loss: 1.6040
Averaged Test Accuracy: 0.3924
Averaged Test AUC: 0.8291
Std Test Accuracy: 0.1747
Std Test AUC: 0.0474

--- Round 108/500 ---
Averaged Train Loss: 2.0703
Averaged Test Accuracy: 0.2877
Averaged Test AUC: 0.7815
Std Test Accuracy: 0.2448
Std Test AUC: 0.1053

--- Round 109/500 ---
Averaged Train Loss: 1.7206
Averaged Test Accuracy: 0.3675
Averaged Test AUC: 0.8077
Std Test Accuracy: 0.2201
Std Test AUC: 0.0955

--- Round 110/500 ---
Averaged Train Loss: 1.7666
Averaged Test Accuracy: 0.3327
Averaged Test AUC: 0.8163
Std Test Accuracy: 0.2364
Std Test AUC: 0.0734

--- Round 111/500 ---
Averaged Train Loss: 1.5885
Averaged Test Accuracy: 0.3989
Averaged Test AUC: 0.8318
Std Test Accuracy: 0.1699
Std Test AUC: 0.0468

--- Round 112/500 ---
Averaged Train Loss: 1.9900
Averaged Test Accuracy: 0.2928
Averaged Test AUC: 0.7913
Std Test Accuracy: 0.2437
Std Test AUC: 0.0976

--- Round 113/500 ---
Averaged Train Loss: 1.7032
Averaged Test Accuracy: 0.3729
Averaged Test AUC: 0.8101
Std Test Accuracy: 0.2184
Std Test AUC: 0.0957

--- Round 114/500 ---
Averaged Train Loss: 1.6721
Averaged Test Accuracy: 0.3732
Averaged Test AUC: 0.8270
Std Test Accuracy: 0.2092
Std Test AUC: 0.0629

--- Round 115/500 ---
Averaged Train Loss: 1.6058
Averaged Test Accuracy: 0.3937
Averaged Test AUC: 0.8302
Std Test Accuracy: 0.1770
Std Test AUC: 0.0496

--- Round 116/500 ---
Averaged Train Loss: 2.0123
Averaged Test Accuracy: 0.3000
Averaged Test AUC: 0.7871
Std Test Accuracy: 0.2337
Std Test AUC: 0.1023

--- Round 117/500 ---
Averaged Train Loss: 1.6651
Averaged Test Accuracy: 0.3912
Averaged Test AUC: 0.8166
Std Test Accuracy: 0.1967
Std Test AUC: 0.0867

--- Round 118/500 ---
Averaged Train Loss: 1.6768
Averaged Test Accuracy: 0.3739
Averaged Test AUC: 0.8275
Std Test Accuracy: 0.2162
Std Test AUC: 0.0643

--- Round 119/500 ---
Averaged Train Loss: 1.6138
Averaged Test Accuracy: 0.4012
Averaged Test AUC: 0.8321
Std Test Accuracy: 0.1651
Std Test AUC: 0.0460

--- Round 120/500 ---
Averaged Train Loss: 1.9334
Averaged Test Accuracy: 0.3097
Averaged Test AUC: 0.8032
Std Test Accuracy: 0.2328
Std Test AUC: 0.0838

--- Round 121/500 ---
Averaged Train Loss: 1.6708
Averaged Test Accuracy: 0.3816
Averaged Test AUC: 0.8156
Std Test Accuracy: 0.2217
Std Test AUC: 0.0919

--- Round 122/500 ---
Averaged Train Loss: 1.6615
Averaged Test Accuracy: 0.3800
Averaged Test AUC: 0.8301
Std Test Accuracy: 0.2129
Std Test AUC: 0.0634

--- Round 123/500 ---
Averaged Train Loss: 1.5661
Averaged Test Accuracy: 0.4104
Averaged Test AUC: 0.8356
Std Test Accuracy: 0.1576
Std Test AUC: 0.0459

--- Round 124/500 ---
Averaged Train Loss: 1.9904
Averaged Test Accuracy: 0.3042
Averaged Test AUC: 0.7954
Std Test Accuracy: 0.2350
Std Test AUC: 0.0961

--- Round 125/500 ---
Averaged Train Loss: 1.6591
Averaged Test Accuracy: 0.3890
Averaged Test AUC: 0.8194
Std Test Accuracy: 0.2100
Std Test AUC: 0.0842

--- Round 126/500 ---
Averaged Train Loss: 1.6500
Averaged Test Accuracy: 0.3831
Averaged Test AUC: 0.8326
Std Test Accuracy: 0.2057
Std Test AUC: 0.0620

--- Round 127/500 ---
Averaged Train Loss: 1.5938
Averaged Test Accuracy: 0.3956
Averaged Test AUC: 0.8332
Std Test Accuracy: 0.1868
Std Test AUC: 0.0553

--- Round 128/500 ---
Averaged Train Loss: 1.9891
Averaged Test Accuracy: 0.3092
Averaged Test AUC: 0.7952
Std Test Accuracy: 0.2368
Std Test AUC: 0.0967

--- Round 129/500 ---
Averaged Train Loss: 1.6153
Averaged Test Accuracy: 0.4050
Averaged Test AUC: 0.8268
Std Test Accuracy: 0.1927
Std Test AUC: 0.0711

--- Round 130/500 ---
Averaged Train Loss: 1.7430
Averaged Test Accuracy: 0.3556
Averaged Test AUC: 0.8260
Std Test Accuracy: 0.2351
Std Test AUC: 0.0706

--- Round 131/500 ---
Averaged Train Loss: 1.5541
Averaged Test Accuracy: 0.4171
Averaged Test AUC: 0.8380
Std Test Accuracy: 0.1509
Std Test AUC: 0.0425

--- Round 132/500 ---
Averaged Train Loss: 1.8725
Averaged Test Accuracy: 0.3228
Averaged Test AUC: 0.8071
Std Test Accuracy: 0.2288
Std Test AUC: 0.0821

--- Round 133/500 ---
Averaged Train Loss: 1.6503
Averaged Test Accuracy: 0.3928
Averaged Test AUC: 0.8214
Std Test Accuracy: 0.2034
Std Test AUC: 0.0820

--- Round 134/500 ---
Averaged Train Loss: 1.6941
Averaged Test Accuracy: 0.3694
Averaged Test AUC: 0.8299
Std Test Accuracy: 0.2235
Std Test AUC: 0.0674

--- Round 135/500 ---
Averaged Train Loss: 1.5846
Averaged Test Accuracy: 0.3994
Averaged Test AUC: 0.8355
Std Test Accuracy: 0.1891
Std Test AUC: 0.0546

--- Round 136/500 ---
Averaged Train Loss: 1.8828
Averaged Test Accuracy: 0.3233
Averaged Test AUC: 0.8074
Std Test Accuracy: 0.2266
Std Test AUC: 0.0822

--- Round 137/500 ---
Averaged Train Loss: 1.6237
Averaged Test Accuracy: 0.3978
Averaged Test AUC: 0.8253
Std Test Accuracy: 0.2088
Std Test AUC: 0.0821

--- Round 138/500 ---
Averaged Train Loss: 1.6583
Averaged Test Accuracy: 0.3821
Averaged Test AUC: 0.8338
Std Test Accuracy: 0.2123
Std Test AUC: 0.0627

--- Round 139/500 ---
Averaged Train Loss: 1.5508
Averaged Test Accuracy: 0.4230
Averaged Test AUC: 0.8387
Std Test Accuracy: 0.1586
Std Test AUC: 0.0466

--- Round 140/500 ---
Averaged Train Loss: 1.9771
Averaged Test Accuracy: 0.3159
Averaged Test AUC: 0.8007
Std Test Accuracy: 0.2371
Std Test AUC: 0.0925

--- Round 141/500 ---
Averaged Train Loss: 1.6097
Averaged Test Accuracy: 0.4020
Averaged Test AUC: 0.8269
Std Test Accuracy: 0.2051
Std Test AUC: 0.0795

--- Round 142/500 ---
Averaged Train Loss: 1.6970
Averaged Test Accuracy: 0.3703
Averaged Test AUC: 0.8314
Std Test Accuracy: 0.2290
Std Test AUC: 0.0674

--- Round 143/500 ---
Averaged Train Loss: 1.5466
Averaged Test Accuracy: 0.4276
Averaged Test AUC: 0.8409
Std Test Accuracy: 0.1419
Std Test AUC: 0.0417

--- Round 144/500 ---
Averaged Train Loss: 1.9109
Averaged Test Accuracy: 0.3302
Averaged Test AUC: 0.8097
Std Test Accuracy: 0.2333
Std Test AUC: 0.0877

--- Round 145/500 ---
Averaged Train Loss: 1.6242
Averaged Test Accuracy: 0.3934
Averaged Test AUC: 0.8246
Std Test Accuracy: 0.2118
Std Test AUC: 0.0846

--- Round 146/500 ---
Averaged Train Loss: 1.7178
Averaged Test Accuracy: 0.3630
Averaged Test AUC: 0.8310
Std Test Accuracy: 0.2239
Std Test AUC: 0.0650

--- Round 147/500 ---
Averaged Train Loss: 1.5366
Averaged Test Accuracy: 0.4256
Averaged Test AUC: 0.8408
Std Test Accuracy: 0.1592
Std Test AUC: 0.0477

--- Round 148/500 ---
Averaged Train Loss: 1.9379
Averaged Test Accuracy: 0.3241
Averaged Test AUC: 0.8065
Std Test Accuracy: 0.2341
Std Test AUC: 0.0899

--- Round 149/500 ---
Averaged Train Loss: 1.5892
Averaged Test Accuracy: 0.4146
Averaged Test AUC: 0.8311
Std Test Accuracy: 0.1949
Std Test AUC: 0.0743

--- Round 150/500 ---
Averaged Train Loss: 1.7568
Averaged Test Accuracy: 0.3542
Averaged Test AUC: 0.8295
Std Test Accuracy: 0.2289
Std Test AUC: 0.0663

--- Round 151/500 ---
Averaged Train Loss: 1.5514
Averaged Test Accuracy: 0.4141
Averaged Test AUC: 0.8398
Std Test Accuracy: 0.1757
Std Test AUC: 0.0515

--- Round 152/500 ---
Averaged Train Loss: 1.9613
Averaged Test Accuracy: 0.3200
Averaged Test AUC: 0.8075
Std Test Accuracy: 0.2365
Std Test AUC: 0.0878

--- Round 153/500 ---
Averaged Train Loss: 1.5916
Averaged Test Accuracy: 0.4108
Averaged Test AUC: 0.8315
Std Test Accuracy: 0.2055
Std Test AUC: 0.0746

--- Round 154/500 ---
Averaged Train Loss: 1.6701
Averaged Test Accuracy: 0.3793
Averaged Test AUC: 0.8354
Std Test Accuracy: 0.2217
Std Test AUC: 0.0653

--- Round 155/500 ---
Averaged Train Loss: 1.5147
Averaged Test Accuracy: 0.4317
Averaged Test AUC: 0.8453
Std Test Accuracy: 0.1649
Std Test AUC: 0.0448

--- Round 156/500 ---
Averaged Train Loss: 1.9311
Averaged Test Accuracy: 0.3273
Averaged Test AUC: 0.8074
Std Test Accuracy: 0.2351
Std Test AUC: 0.0885

--- Round 157/500 ---
Averaged Train Loss: 1.6050
Averaged Test Accuracy: 0.4080
Averaged Test AUC: 0.8281
Std Test Accuracy: 0.2067
Std Test AUC: 0.0805

--- Round 158/500 ---
Averaged Train Loss: 1.5958
Averaged Test Accuracy: 0.4053
Averaged Test AUC: 0.8424
Std Test Accuracy: 0.2022
Std Test AUC: 0.0561

--- Round 159/500 ---
Averaged Train Loss: 1.5292
Averaged Test Accuracy: 0.4303
Averaged Test AUC: 0.8454
Std Test Accuracy: 0.1528
Std Test AUC: 0.0418

--- Round 160/500 ---
Averaged Train Loss: 1.8364
Averaged Test Accuracy: 0.3367
Averaged Test AUC: 0.8145
Std Test Accuracy: 0.2231
Std Test AUC: 0.0765

--- Round 161/500 ---
Averaged Train Loss: 1.6064
Averaged Test Accuracy: 0.4003
Averaged Test AUC: 0.8283
Std Test Accuracy: 0.2154
Std Test AUC: 0.0818

--- Round 162/500 ---
Averaged Train Loss: 1.6732
Averaged Test Accuracy: 0.3760
Averaged Test AUC: 0.8370
Std Test Accuracy: 0.2102
Std Test AUC: 0.0588

--- Round 163/500 ---
Averaged Train Loss: 1.5093
Averaged Test Accuracy: 0.4297
Averaged Test AUC: 0.8462
Std Test Accuracy: 0.1690
Std Test AUC: 0.0450

--- Round 164/500 ---
Averaged Train Loss: 1.9280
Averaged Test Accuracy: 0.3301
Averaged Test AUC: 0.8100
Std Test Accuracy: 0.2351
Std Test AUC: 0.0871

--- Round 165/500 ---
Averaged Train Loss: 1.5824
Averaged Test Accuracy: 0.4084
Averaged Test AUC: 0.8321
Std Test Accuracy: 0.2016
Std Test AUC: 0.0762

--- Round 166/500 ---
Averaged Train Loss: 1.6190
Averaged Test Accuracy: 0.3979
Averaged Test AUC: 0.8412
Std Test Accuracy: 0.2129
Std Test AUC: 0.0600

--- Round 167/500 ---
Averaged Train Loss: 1.5221
Averaged Test Accuracy: 0.4363
Averaged Test AUC: 0.8459
Std Test Accuracy: 0.1477
Std Test AUC: 0.0412

--- Round 168/500 ---
Averaged Train Loss: 1.8718
Averaged Test Accuracy: 0.3383
Averaged Test AUC: 0.8164
Std Test Accuracy: 0.2369
Std Test AUC: 0.0828

--- Round 169/500 ---
Averaged Train Loss: 1.5710
Averaged Test Accuracy: 0.4142
Averaged Test AUC: 0.8344
Std Test Accuracy: 0.2077
Std Test AUC: 0.0761

--- Round 170/500 ---
Averaged Train Loss: 1.6661
Averaged Test Accuracy: 0.3830
Averaged Test AUC: 0.8384
Std Test Accuracy: 0.2183
Std Test AUC: 0.0611

--- Round 171/500 ---
Averaged Train Loss: 1.5112
Averaged Test Accuracy: 0.4418
Averaged Test AUC: 0.8472
Std Test Accuracy: 0.1421
Std Test AUC: 0.0401

--- Round 172/500 ---
Averaged Train Loss: 1.8241
Averaged Test Accuracy: 0.3490
Averaged Test AUC: 0.8200
Std Test Accuracy: 0.2260
Std Test AUC: 0.0786

--- Round 173/500 ---
Averaged Train Loss: 1.5673
Averaged Test Accuracy: 0.4207
Averaged Test AUC: 0.8346
Std Test Accuracy: 0.1952
Std Test AUC: 0.0729

--- Round 174/500 ---
Averaged Train Loss: 1.5849
Averaged Test Accuracy: 0.4117
Averaged Test AUC: 0.8452
Std Test Accuracy: 0.1976
Std Test AUC: 0.0549

--- Round 175/500 ---
Averaged Train Loss: 1.4869
Averaged Test Accuracy: 0.4410
Averaged Test AUC: 0.8491
Std Test Accuracy: 0.1561
Std Test AUC: 0.0426

--- Round 176/500 ---
Averaged Train Loss: 1.8241
Averaged Test Accuracy: 0.3500
Averaged Test AUC: 0.8204
Std Test Accuracy: 0.2268
Std Test AUC: 0.0768

--- Round 177/500 ---
Averaged Train Loss: 1.5693
Averaged Test Accuracy: 0.4197
Averaged Test AUC: 0.8354
Std Test Accuracy: 0.2004
Std Test AUC: 0.0731

--- Round 178/500 ---
Averaged Train Loss: 1.6239
Averaged Test Accuracy: 0.3966
Averaged Test AUC: 0.8421
Std Test Accuracy: 0.2075
Std Test AUC: 0.0581

--- Round 179/500 ---
Averaged Train Loss: 1.4848
Averaged Test Accuracy: 0.4514
Averaged Test AUC: 0.8474
Std Test Accuracy: 0.1535
Std Test AUC: 0.0495

--- Round 180/500 ---
Averaged Train Loss: 1.8854
Averaged Test Accuracy: 0.3401
Averaged Test AUC: 0.8153
Std Test Accuracy: 0.2311
Std Test AUC: 0.0840

--- Round 181/500 ---
Averaged Train Loss: 1.5534
Averaged Test Accuracy: 0.4210
Averaged Test AUC: 0.8374
Std Test Accuracy: 0.2044
Std Test AUC: 0.0718

--- Round 182/500 ---
Averaged Train Loss: 1.6138
Averaged Test Accuracy: 0.4023
Averaged Test AUC: 0.8433
Std Test Accuracy: 0.2118
Std Test AUC: 0.0598

--- Round 183/500 ---
Averaged Train Loss: 1.4825
Averaged Test Accuracy: 0.4423
Averaged Test AUC: 0.8499
Std Test Accuracy: 0.1634
Std Test AUC: 0.0439

--- Round 184/500 ---
Averaged Train Loss: 1.8935
Averaged Test Accuracy: 0.3376
Averaged Test AUC: 0.8154
Std Test Accuracy: 0.2316
Std Test AUC: 0.0831

--- Round 185/500 ---
Averaged Train Loss: 1.5473
Averaged Test Accuracy: 0.4278
Averaged Test AUC: 0.8376
Std Test Accuracy: 0.1945
Std Test AUC: 0.0700

--- Round 186/500 ---
Averaged Train Loss: 1.5743
Averaged Test Accuracy: 0.4163
Averaged Test AUC: 0.8470
Std Test Accuracy: 0.1983
Std Test AUC: 0.0554

--- Round 187/500 ---
Averaged Train Loss: 1.4682
Averaged Test Accuracy: 0.4529
Averaged Test AUC: 0.8523
Std Test Accuracy: 0.1681
Std Test AUC: 0.0468

--- Round 188/500 ---
Averaged Train Loss: 1.7896
Averaged Test Accuracy: 0.3598
Averaged Test AUC: 0.8238
Std Test Accuracy: 0.2282
Std Test AUC: 0.0761

--- Round 189/500 ---
Averaged Train Loss: 1.5453
Averaged Test Accuracy: 0.4291
Averaged Test AUC: 0.8379
Std Test Accuracy: 0.2006
Std Test AUC: 0.0729

--- Round 190/500 ---
Averaged Train Loss: 1.5647
Averaged Test Accuracy: 0.4188
Averaged Test AUC: 0.8482
Std Test Accuracy: 0.1969
Std Test AUC: 0.0545

--- Round 191/500 ---
Averaged Train Loss: 1.4898
Averaged Test Accuracy: 0.4470
Averaged Test AUC: 0.8505
Std Test Accuracy: 0.1411
Std Test AUC: 0.0389

--- Round 192/500 ---
Averaged Train Loss: 1.8463
Averaged Test Accuracy: 0.3474
Averaged Test AUC: 0.8205
Std Test Accuracy: 0.2288
Std Test AUC: 0.0793

--- Round 193/500 ---
Averaged Train Loss: 1.5570
Averaged Test Accuracy: 0.4255
Averaged Test AUC: 0.8376
Std Test Accuracy: 0.2026
Std Test AUC: 0.0728

--- Round 194/500 ---
Averaged Train Loss: 1.6353
Averaged Test Accuracy: 0.3979
Averaged Test AUC: 0.8429
Std Test Accuracy: 0.2156
Std Test AUC: 0.0611

--- Round 195/500 ---
Averaged Train Loss: 1.4612
Averaged Test Accuracy: 0.4542
Averaged Test AUC: 0.8524
Std Test Accuracy: 0.1544
Std Test AUC: 0.0435

--- Round 196/500 ---
Averaged Train Loss: 1.8465
Averaged Test Accuracy: 0.3501
Averaged Test AUC: 0.8193
Std Test Accuracy: 0.2305
Std Test AUC: 0.0812

--- Round 197/500 ---
Averaged Train Loss: 1.5330
Averaged Test Accuracy: 0.4347
Averaged Test AUC: 0.8406
Std Test Accuracy: 0.1979
Std Test AUC: 0.0696

--- Round 198/500 ---
Averaged Train Loss: 1.5553
Averaged Test Accuracy: 0.4234
Averaged Test AUC: 0.8495
Std Test Accuracy: 0.1938
Std Test AUC: 0.0549

--- Round 199/500 ---
Averaged Train Loss: 1.4582
Averaged Test Accuracy: 0.4530
Averaged Test AUC: 0.8533
Std Test Accuracy: 0.1513
Std Test AUC: 0.0424

--- Round 200/500 ---
Averaged Train Loss: 1.8484
Averaged Test Accuracy: 0.3489
Averaged Test AUC: 0.8230
Std Test Accuracy: 0.2287
Std Test AUC: 0.0779

--- Round 201/500 ---
Averaged Train Loss: 1.5152
Averaged Test Accuracy: 0.4401
Averaged Test AUC: 0.8432
Std Test Accuracy: 0.1835
Std Test AUC: 0.0637

--- Round 202/500 ---
Averaged Train Loss: 1.5649
Averaged Test Accuracy: 0.4208
Averaged Test AUC: 0.8494
Std Test Accuracy: 0.1948
Std Test AUC: 0.0534

--- Round 203/500 ---
Averaged Train Loss: 1.4565
Averaged Test Accuracy: 0.4576
Averaged Test AUC: 0.8533
Std Test Accuracy: 0.1475
Std Test AUC: 0.0432

--- Round 204/500 ---
Averaged Train Loss: 1.6972
Averaged Test Accuracy: 0.3816
Averaged Test AUC: 0.8380
Std Test Accuracy: 0.2055
Std Test AUC: 0.0580

--- Round 205/500 ---
Averaged Train Loss: 1.5343
Averaged Test Accuracy: 0.4307
Averaged Test AUC: 0.8398
Std Test Accuracy: 0.1973
Std Test AUC: 0.0718

--- Round 206/500 ---
Averaged Train Loss: 1.6028
Averaged Test Accuracy: 0.4064
Averaged Test AUC: 0.8457
Std Test Accuracy: 0.2100
Std Test AUC: 0.0583

--- Round 207/500 ---
Averaged Train Loss: 1.4457
Averaged Test Accuracy: 0.4654
Averaged Test AUC: 0.8539
Std Test Accuracy: 0.1510
Std Test AUC: 0.0395

--- Round 208/500 ---
Averaged Train Loss: 1.7792
Averaged Test Accuracy: 0.3629
Averaged Test AUC: 0.8290
Std Test Accuracy: 0.2138
Std Test AUC: 0.0660

--- Round 209/500 ---
Averaged Train Loss: 1.5259
Averaged Test Accuracy: 0.4331
Averaged Test AUC: 0.8408
Std Test Accuracy: 0.2009
Std Test AUC: 0.0718

--- Round 210/500 ---
Averaged Train Loss: 1.6028
Averaged Test Accuracy: 0.4104
Averaged Test AUC: 0.8463
Std Test Accuracy: 0.2082
Std Test AUC: 0.0599

--- Round 211/500 ---
Averaged Train Loss: 1.4414
Averaged Test Accuracy: 0.4647
Averaged Test AUC: 0.8547
Std Test Accuracy: 0.1394
Std Test AUC: 0.0392

--- Round 212/500 ---
Averaged Train Loss: 1.7165
Averaged Test Accuracy: 0.3768
Averaged Test AUC: 0.8355
Std Test Accuracy: 0.2084
Std Test AUC: 0.0603

--- Round 213/500 ---
Averaged Train Loss: 1.5163
Averaged Test Accuracy: 0.4369
Averaged Test AUC: 0.8421
Std Test Accuracy: 0.2019
Std Test AUC: 0.0723

--- Round 214/500 ---
Averaged Train Loss: 1.5274
Averaged Test Accuracy: 0.4313
Averaged Test AUC: 0.8525
Std Test Accuracy: 0.1905
Std Test AUC: 0.0512

--- Round 215/500 ---
Averaged Train Loss: 1.4249
Averaged Test Accuracy: 0.4716
Averaged Test AUC: 0.8559
Std Test Accuracy: 0.1248
Std Test AUC: 0.0361

--- Round 216/500 ---
Averaged Train Loss: 1.7281
Averaged Test Accuracy: 0.3828
Averaged Test AUC: 0.8391
Std Test Accuracy: 0.2091
Std Test AUC: 0.0590

--- Round 217/500 ---
Averaged Train Loss: 1.5206
Averaged Test Accuracy: 0.4405
Averaged Test AUC: 0.8434
Std Test Accuracy: 0.1935
Std Test AUC: 0.0681

--- Round 218/500 ---
Averaged Train Loss: 1.5394
Averaged Test Accuracy: 0.4296
Averaged Test AUC: 0.8521
Std Test Accuracy: 0.1951
Std Test AUC: 0.0524

--- Round 219/500 ---
Averaged Train Loss: 1.4162
Averaged Test Accuracy: 0.4810
Averaged Test AUC: 0.8563
Std Test Accuracy: 0.1176
Std Test AUC: 0.0394

--- Round 220/500 ---
Averaged Train Loss: 1.7069
Averaged Test Accuracy: 0.3850
Averaged Test AUC: 0.8394
Std Test Accuracy: 0.2064
Std Test AUC: 0.0593

--- Round 221/500 ---
Averaged Train Loss: 1.4951
Averaged Test Accuracy: 0.4491
Averaged Test AUC: 0.8462
Std Test Accuracy: 0.1848
Std Test AUC: 0.0644

--- Round 222/500 ---
Averaged Train Loss: 1.5882
Averaged Test Accuracy: 0.4125
Averaged Test AUC: 0.8479
Std Test Accuracy: 0.2147
Std Test AUC: 0.0606

--- Round 223/500 ---
Averaged Train Loss: 1.4482
Averaged Test Accuracy: 0.4689
Averaged Test AUC: 0.8582
Std Test Accuracy: 0.1376
Std Test AUC: 0.0369

--- Round 224/500 ---
Averaged Train Loss: 1.6709
Averaged Test Accuracy: 0.3898
Averaged Test AUC: 0.8395
Std Test Accuracy: 0.2043
Std Test AUC: 0.0594

--- Round 225/500 ---
Averaged Train Loss: 1.5195
Averaged Test Accuracy: 0.4340
Averaged Test AUC: 0.8437
Std Test Accuracy: 0.2073
Std Test AUC: 0.0695

--- Round 226/500 ---
Averaged Train Loss: 1.5526
Averaged Test Accuracy: 0.4228
Averaged Test AUC: 0.8511
Std Test Accuracy: 0.2007
Std Test AUC: 0.0545

--- Round 227/500 ---
Averaged Train Loss: 1.4364
Averaged Test Accuracy: 0.4701
Averaged Test AUC: 0.8559
Std Test Accuracy: 0.1436
Std Test AUC: 0.0395

--- Round 228/500 ---
Averaged Train Loss: 1.6929
Averaged Test Accuracy: 0.3769
Averaged Test AUC: 0.8364
Std Test Accuracy: 0.2126
Std Test AUC: 0.0639

--- Round 229/500 ---
Averaged Train Loss: 1.5070
Averaged Test Accuracy: 0.4407
Averaged Test AUC: 0.8450
Std Test Accuracy: 0.1972
Std Test AUC: 0.0679

--- Round 230/500 ---
Averaged Train Loss: 1.5783
Averaged Test Accuracy: 0.4159
Averaged Test AUC: 0.8495
Std Test Accuracy: 0.2100
Std Test AUC: 0.0568

--- Round 231/500 ---
Averaged Train Loss: 1.4314
Averaged Test Accuracy: 0.4733
Averaged Test AUC: 0.8557
Std Test Accuracy: 0.1477
Std Test AUC: 0.0406

--- Round 232/500 ---
Averaged Train Loss: 1.6786
Averaged Test Accuracy: 0.3931
Averaged Test AUC: 0.8398
Std Test Accuracy: 0.2042
Std Test AUC: 0.0598

--- Round 233/500 ---
Averaged Train Loss: 1.5053
Averaged Test Accuracy: 0.4405
Averaged Test AUC: 0.8449
Std Test Accuracy: 0.1995
Std Test AUC: 0.0685

--- Round 234/500 ---
Averaged Train Loss: 1.5343
Averaged Test Accuracy: 0.4316
Averaged Test AUC: 0.8533
Std Test Accuracy: 0.1975
Std Test AUC: 0.0543

--- Round 235/500 ---
Averaged Train Loss: 1.4055
Averaged Test Accuracy: 0.4752
Averaged Test AUC: 0.8596
Std Test Accuracy: 0.1436
Std Test AUC: 0.0387

--- Round 236/500 ---
Averaged Train Loss: 1.7042
Averaged Test Accuracy: 0.3852
Averaged Test AUC: 0.8365
Std Test Accuracy: 0.2059
Std Test AUC: 0.0616

--- Round 237/500 ---
Averaged Train Loss: 1.5112
Averaged Test Accuracy: 0.4382
Averaged Test AUC: 0.8448
Std Test Accuracy: 0.2028
Std Test AUC: 0.0696

--- Round 238/500 ---
Averaged Train Loss: 1.4997
Averaged Test Accuracy: 0.4411
Averaged Test AUC: 0.8560
Std Test Accuracy: 0.1894
Std Test AUC: 0.0504

--- Round 239/500 ---
Averaged Train Loss: 1.4133
Averaged Test Accuracy: 0.4719
Averaged Test AUC: 0.8582
Std Test Accuracy: 0.1526
Std Test AUC: 0.0405

--- Round 240/500 ---
Averaged Train Loss: 1.6603
Averaged Test Accuracy: 0.3958
Averaged Test AUC: 0.8420
Std Test Accuracy: 0.1965
Std Test AUC: 0.0564

--- Round 241/500 ---
Averaged Train Loss: 1.4885
Averaged Test Accuracy: 0.4501
Averaged Test AUC: 0.8483
Std Test Accuracy: 0.1945
Std Test AUC: 0.0649

--- Round 242/500 ---
Averaged Train Loss: 1.5284
Averaged Test Accuracy: 0.4314
Averaged Test AUC: 0.8533
Std Test Accuracy: 0.2029
Std Test AUC: 0.0563

--- Round 243/500 ---
Averaged Train Loss: 1.4029
Averaged Test Accuracy: 0.4858
Averaged Test AUC: 0.8594
Std Test Accuracy: 0.1206
Std Test AUC: 0.0371

--- Round 244/500 ---
Averaged Train Loss: 1.6194
Averaged Test Accuracy: 0.4076
Averaged Test AUC: 0.8474
Std Test Accuracy: 0.1836
Std Test AUC: 0.0477

--- Round 245/500 ---
Averaged Train Loss: 1.5065
Averaged Test Accuracy: 0.4397
Averaged Test AUC: 0.8447
Std Test Accuracy: 0.2020
Std Test AUC: 0.0698

--- Round 246/500 ---
Averaged Train Loss: 1.5949
Averaged Test Accuracy: 0.4156
Averaged Test AUC: 0.8491
Std Test Accuracy: 0.2165
Std Test AUC: 0.0627

--- Round 247/500 ---
Averaged Train Loss: 1.4275
Averaged Test Accuracy: 0.4743
Averaged Test AUC: 0.8580
Std Test Accuracy: 0.1631
Std Test AUC: 0.0440

--- Round 248/500 ---
Averaged Train Loss: 1.6589
Averaged Test Accuracy: 0.3900
Averaged Test AUC: 0.8397
Std Test Accuracy: 0.2042
Std Test AUC: 0.0614

--- Round 249/500 ---
Averaged Train Loss: 1.5013
Averaged Test Accuracy: 0.4401
Averaged Test AUC: 0.8453
Std Test Accuracy: 0.2044
Std Test AUC: 0.0720

--- Round 250/500 ---
Averaged Train Loss: 1.5358
Averaged Test Accuracy: 0.4345
Averaged Test AUC: 0.8533
Std Test Accuracy: 0.2045
Std Test AUC: 0.0566

--- Round 251/500 ---
Averaged Train Loss: 1.3898
Averaged Test Accuracy: 0.4860
Averaged Test AUC: 0.8614
Std Test Accuracy: 0.1165
Std Test AUC: 0.0332

--- Round 252/500 ---
Averaged Train Loss: 1.6568
Averaged Test Accuracy: 0.3989
Averaged Test AUC: 0.8392
Std Test Accuracy: 0.2050
Std Test AUC: 0.0620

--- Round 253/500 ---
Averaged Train Loss: 1.4451
Averaged Test Accuracy: 0.4650
Averaged Test AUC: 0.8517
Std Test Accuracy: 0.1783
Std Test AUC: 0.0625

--- Round 254/500 ---
Averaged Train Loss: 1.5595
Averaged Test Accuracy: 0.4249
Averaged Test AUC: 0.8523
Std Test Accuracy: 0.2078
Std Test AUC: 0.0565

--- Round 255/500 ---
Averaged Train Loss: 1.4206
Averaged Test Accuracy: 0.4743
Averaged Test AUC: 0.8602
Std Test Accuracy: 0.1229
Std Test AUC: 0.0336

--- Round 256/500 ---
Averaged Train Loss: 1.6525
Averaged Test Accuracy: 0.4061
Averaged Test AUC: 0.8452
Std Test Accuracy: 0.1973
Std Test AUC: 0.0585

--- Round 257/500 ---
Averaged Train Loss: 1.4823
Averaged Test Accuracy: 0.4537
Averaged Test AUC: 0.8479
Std Test Accuracy: 0.1913
Std Test AUC: 0.0675

--- Round 258/500 ---
Averaged Train Loss: 1.5213
Averaged Test Accuracy: 0.4363
Averaged Test AUC: 0.8550
Std Test Accuracy: 0.2007
Std Test AUC: 0.0549

--- Round 259/500 ---
Averaged Train Loss: 1.4090
Averaged Test Accuracy: 0.4782
Averaged Test AUC: 0.8608
Std Test Accuracy: 0.1625
Std Test AUC: 0.0410

--- Round 260/500 ---
Averaged Train Loss: 1.6557
Averaged Test Accuracy: 0.3989
Averaged Test AUC: 0.8413
Std Test Accuracy: 0.1952
Std Test AUC: 0.0584

--- Round 261/500 ---
Averaged Train Loss: 1.4557
Averaged Test Accuracy: 0.4580
Averaged Test AUC: 0.8514
Std Test Accuracy: 0.1795
Std Test AUC: 0.0592

--- Round 262/500 ---
Averaged Train Loss: 1.5290
Averaged Test Accuracy: 0.4364
Averaged Test AUC: 0.8540
Std Test Accuracy: 0.1982
Std Test AUC: 0.0518

--- Round 263/500 ---
Averaged Train Loss: 1.4031
Averaged Test Accuracy: 0.4823
Averaged Test AUC: 0.8616
Std Test Accuracy: 0.1516
Std Test AUC: 0.0398

--- Round 264/500 ---
Averaged Train Loss: 1.6587
Averaged Test Accuracy: 0.3991
Averaged Test AUC: 0.8421
Std Test Accuracy: 0.1962
Std Test AUC: 0.0570

--- Round 265/500 ---
Averaged Train Loss: 1.4764
Averaged Test Accuracy: 0.4515
Averaged Test AUC: 0.8494
Std Test Accuracy: 0.2028
Std Test AUC: 0.0683

--- Round 266/500 ---
Averaged Train Loss: 1.6357
Averaged Test Accuracy: 0.4027
Averaged Test AUC: 0.8486
Std Test Accuracy: 0.2191
Std Test AUC: 0.0586

--- Round 267/500 ---
Averaged Train Loss: 1.4086
Averaged Test Accuracy: 0.4795
Averaged Test AUC: 0.8619
Std Test Accuracy: 0.1673
Std Test AUC: 0.0431

--- Round 268/500 ---
Averaged Train Loss: 1.6129
Averaged Test Accuracy: 0.4140
Averaged Test AUC: 0.8500
Std Test Accuracy: 0.1808
Std Test AUC: 0.0479

--- Round 269/500 ---
Averaged Train Loss: 1.4491
Averaged Test Accuracy: 0.4578
Averaged Test AUC: 0.8525
Std Test Accuracy: 0.1868
Std Test AUC: 0.0623

--- Round 270/500 ---
Averaged Train Loss: 1.5565
Averaged Test Accuracy: 0.4258
Averaged Test AUC: 0.8536
Std Test Accuracy: 0.2051
Std Test AUC: 0.0550

--- Round 271/500 ---
Averaged Train Loss: 1.3543
Averaged Test Accuracy: 0.4981
Averaged Test AUC: 0.8660
Std Test Accuracy: 0.1279
Std Test AUC: 0.0351

--- Round 272/500 ---
Averaged Train Loss: 1.6437
Averaged Test Accuracy: 0.4113
Averaged Test AUC: 0.8481
Std Test Accuracy: 0.2030
Std Test AUC: 0.0576

--- Round 273/500 ---
Averaged Train Loss: 1.4655
Averaged Test Accuracy: 0.4592
Averaged Test AUC: 0.8521
Std Test Accuracy: 0.1943
Std Test AUC: 0.0635

--- Round 274/500 ---
Averaged Train Loss: 1.5299
Averaged Test Accuracy: 0.4319
Averaged Test AUC: 0.8553
Std Test Accuracy: 0.1996
Std Test AUC: 0.0532

--- Round 275/500 ---
Averaged Train Loss: 1.3613
Averaged Test Accuracy: 0.4949
Averaged Test AUC: 0.8648
Std Test Accuracy: 0.1189
Std Test AUC: 0.0334

--- Round 276/500 ---
Averaged Train Loss: 1.6202
Averaged Test Accuracy: 0.4135
Averaged Test AUC: 0.8469
Std Test Accuracy: 0.1949
Std Test AUC: 0.0566

--- Round 277/500 ---
Averaged Train Loss: 1.4236
Averaged Test Accuracy: 0.4701
Averaged Test AUC: 0.8546
Std Test Accuracy: 0.1749
Std Test AUC: 0.0601

--- Round 278/500 ---
Averaged Train Loss: 1.5215
Averaged Test Accuracy: 0.4363
Averaged Test AUC: 0.8560
Std Test Accuracy: 0.1999
Std Test AUC: 0.0543

--- Round 279/500 ---
Averaged Train Loss: 1.3639
Averaged Test Accuracy: 0.4943
Averaged Test AUC: 0.8645
Std Test Accuracy: 0.1177
Std Test AUC: 0.0340

--- Round 280/500 ---
Averaged Train Loss: 1.6078
Averaged Test Accuracy: 0.4134
Averaged Test AUC: 0.8491
Std Test Accuracy: 0.1880
Std Test AUC: 0.0506

--- Round 281/500 ---
Averaged Train Loss: 1.4641
Averaged Test Accuracy: 0.4599
Averaged Test AUC: 0.8513
Std Test Accuracy: 0.1892
Std Test AUC: 0.0645

--- Round 282/500 ---
Averaged Train Loss: 1.4635
Averaged Test Accuracy: 0.4565
Averaged Test AUC: 0.8606
Std Test Accuracy: 0.1847
Std Test AUC: 0.0489

--- Round 283/500 ---
Averaged Train Loss: 1.3948
Averaged Test Accuracy: 0.4829
Averaged Test AUC: 0.8624
Std Test Accuracy: 0.1195
Std Test AUC: 0.0336

--- Round 284/500 ---
Averaged Train Loss: 1.6259
Averaged Test Accuracy: 0.4071
Averaged Test AUC: 0.8457
Std Test Accuracy: 0.1913
Std Test AUC: 0.0562

--- Round 285/500 ---
Averaged Train Loss: 1.4690
Averaged Test Accuracy: 0.4523
Averaged Test AUC: 0.8503
Std Test Accuracy: 0.1971
Std Test AUC: 0.0665

--- Round 286/500 ---
Averaged Train Loss: 1.5364
Averaged Test Accuracy: 0.4305
Averaged Test AUC: 0.8554
Std Test Accuracy: 0.2033
Std Test AUC: 0.0538

--- Round 287/500 ---
Averaged Train Loss: 1.3707
Averaged Test Accuracy: 0.4918
Averaged Test AUC: 0.8643
Std Test Accuracy: 0.1221
Std Test AUC: 0.0351

--- Round 288/500 ---
Averaged Train Loss: 1.6227
Averaged Test Accuracy: 0.4103
Averaged Test AUC: 0.8477
Std Test Accuracy: 0.1896
Std Test AUC: 0.0539

--- Round 289/500 ---
Averaged Train Loss: 1.4659
Averaged Test Accuracy: 0.4556
Averaged Test AUC: 0.8522
Std Test Accuracy: 0.1941
Std Test AUC: 0.0639

--- Round 290/500 ---
Averaged Train Loss: 1.4762
Averaged Test Accuracy: 0.4524
Averaged Test AUC: 0.8601
Std Test Accuracy: 0.1872
Std Test AUC: 0.0505

--- Round 291/500 ---
Averaged Train Loss: 1.3713
Averaged Test Accuracy: 0.4857
Averaged Test AUC: 0.8639
Std Test Accuracy: 0.1374
Std Test AUC: 0.0386

--- Round 292/500 ---
Averaged Train Loss: 1.6568
Averaged Test Accuracy: 0.4037
Averaged Test AUC: 0.8440
Std Test Accuracy: 0.1943
Std Test AUC: 0.0587

--- Round 293/500 ---
Averaged Train Loss: 1.4526
Averaged Test Accuracy: 0.4637
Averaged Test AUC: 0.8532
Std Test Accuracy: 0.1864
Std Test AUC: 0.0620

--- Round 294/500 ---
Averaged Train Loss: 1.4981
Averaged Test Accuracy: 0.4476
Averaged Test AUC: 0.8583
Std Test Accuracy: 0.1946
Std Test AUC: 0.0522

--- Round 295/500 ---
Averaged Train Loss: 1.3329
Averaged Test Accuracy: 0.5077
Averaged Test AUC: 0.8674
Std Test Accuracy: 0.1098
Std Test AUC: 0.0312

--- Round 296/500 ---
Averaged Train Loss: 1.6114
Averaged Test Accuracy: 0.4112
Averaged Test AUC: 0.8460
Std Test Accuracy: 0.1938
Std Test AUC: 0.0582

--- Round 297/500 ---
Averaged Train Loss: 1.4372
Averaged Test Accuracy: 0.4682
Averaged Test AUC: 0.8544
Std Test Accuracy: 0.1839
Std Test AUC: 0.0620

--- Round 298/500 ---
Averaged Train Loss: 1.4602
Averaged Test Accuracy: 0.4591
Averaged Test AUC: 0.8600
Std Test Accuracy: 0.1863
Std Test AUC: 0.0528

--- Round 299/500 ---
Averaged Train Loss: 1.3658
Averaged Test Accuracy: 0.4947
Averaged Test AUC: 0.8657
Std Test Accuracy: 0.1133
Std Test AUC: 0.0305

--- Round 300/500 ---
Averaged Train Loss: 1.6717
Averaged Test Accuracy: 0.4013
Averaged Test AUC: 0.8447
Std Test Accuracy: 0.2006
Std Test AUC: 0.0577

--- Round 301/500 ---
Averaged Train Loss: 1.4543
Averaged Test Accuracy: 0.4606
Averaged Test AUC: 0.8521
Std Test Accuracy: 0.1927
Std Test AUC: 0.0662

--- Round 302/500 ---
Averaged Train Loss: 1.4817
Averaged Test Accuracy: 0.4488
Averaged Test AUC: 0.8580
Std Test Accuracy: 0.1936
Std Test AUC: 0.0537

--- Round 303/500 ---
Averaged Train Loss: 1.3724
Averaged Test Accuracy: 0.4886
Averaged Test AUC: 0.8655
Std Test Accuracy: 0.1502
Std Test AUC: 0.0387

--- Round 304/500 ---
Averaged Train Loss: 1.5981
Averaged Test Accuracy: 0.4160
Averaged Test AUC: 0.8482
Std Test Accuracy: 0.1862
Std Test AUC: 0.0532

--- Round 305/500 ---
Averaged Train Loss: 1.4458
Averaged Test Accuracy: 0.4630
Averaged Test AUC: 0.8534
Std Test Accuracy: 0.1918
Std Test AUC: 0.0645

--- Round 306/500 ---
Averaged Train Loss: 1.4650
Averaged Test Accuracy: 0.4532
Averaged Test AUC: 0.8593
Std Test Accuracy: 0.1875
Std Test AUC: 0.0514

--- Round 307/500 ---
Averaged Train Loss: 1.3375
Averaged Test Accuracy: 0.5058
Averaged Test AUC: 0.8676
Std Test Accuracy: 0.1167
Std Test AUC: 0.0333

--- Round 308/500 ---
Averaged Train Loss: 1.6214
Averaged Test Accuracy: 0.4091
Averaged Test AUC: 0.8460
Std Test Accuracy: 0.1910
Std Test AUC: 0.0585

--- Round 309/500 ---
Averaged Train Loss: 1.4190
Averaged Test Accuracy: 0.4728
Averaged Test AUC: 0.8562
Std Test Accuracy: 0.1859
Std Test AUC: 0.0622

--- Round 310/500 ---
Averaged Train Loss: 1.4659
Averaged Test Accuracy: 0.4564
Averaged Test AUC: 0.8608
Std Test Accuracy: 0.1892
Std Test AUC: 0.0516

--- Round 311/500 ---
Averaged Train Loss: 1.3645
Averaged Test Accuracy: 0.4958
Averaged Test AUC: 0.8650
Std Test Accuracy: 0.1450
Std Test AUC: 0.0374

--- Round 312/500 ---
Averaged Train Loss: 1.5529
Averaged Test Accuracy: 0.4317
Averaged Test AUC: 0.8527
Std Test Accuracy: 0.1803
Std Test AUC: 0.0492

--- Round 313/500 ---
Averaged Train Loss: 1.4320
Averaged Test Accuracy: 0.4657
Averaged Test AUC: 0.8548
Std Test Accuracy: 0.1825
Std Test AUC: 0.0632

--- Round 314/500 ---
Averaged Train Loss: 1.4992
Averaged Test Accuracy: 0.4429
Averaged Test AUC: 0.8586
Std Test Accuracy: 0.1982
Std Test AUC: 0.0523

--- Round 315/500 ---
Averaged Train Loss: 1.3575
Averaged Test Accuracy: 0.4963
Averaged Test AUC: 0.8664
Std Test Accuracy: 0.1513
Std Test AUC: 0.0403

--- Round 316/500 ---
Averaged Train Loss: 1.5913
Averaged Test Accuracy: 0.4208
Averaged Test AUC: 0.8472
Std Test Accuracy: 0.1968
Std Test AUC: 0.0578

--- Round 317/500 ---
Averaged Train Loss: 1.4216
Averaged Test Accuracy: 0.4692
Averaged Test AUC: 0.8564
Std Test Accuracy: 0.1889
Std Test AUC: 0.0602

--- Round 318/500 ---
Averaged Train Loss: 1.5085
Averaged Test Accuracy: 0.4413
Averaged Test AUC: 0.8584
Std Test Accuracy: 0.1992
Std Test AUC: 0.0535

--- Round 319/500 ---
Averaged Train Loss: 1.3406
Averaged Test Accuracy: 0.5048
Averaged Test AUC: 0.8671
Std Test Accuracy: 0.1286
Std Test AUC: 0.0380

--- Round 320/500 ---
Averaged Train Loss: 1.5857
Averaged Test Accuracy: 0.4240
Averaged Test AUC: 0.8513
Std Test Accuracy: 0.1838
Std Test AUC: 0.0517

--- Round 321/500 ---
Averaged Train Loss: 1.4241
Averaged Test Accuracy: 0.4697
Averaged Test AUC: 0.8558
Std Test Accuracy: 0.1824
Std Test AUC: 0.0620

--- Round 322/500 ---
Averaged Train Loss: 1.4616
Averaged Test Accuracy: 0.4552
Averaged Test AUC: 0.8596
Std Test Accuracy: 0.1854
Std Test AUC: 0.0513

--- Round 323/500 ---
Averaged Train Loss: 1.4667
Averaged Test Accuracy: 0.4631
Averaged Test AUC: 0.8576
Std Test Accuracy: 0.2028
Std Test AUC: 0.0657

--- Round 324/500 ---
Averaged Train Loss: 1.3127
Averaged Test Accuracy: 0.5164
Averaged Test AUC: 0.8706
Std Test Accuracy: 0.1250
Std Test AUC: 0.0351

--- Round 325/500 ---
Averaged Train Loss: 1.5644
Averaged Test Accuracy: 0.4253
Averaged Test AUC: 0.8515
Std Test Accuracy: 0.1879
Std Test AUC: 0.0532

--- Round 326/500 ---
Averaged Train Loss: 1.4085
Averaged Test Accuracy: 0.4743
Averaged Test AUC: 0.8573
Std Test Accuracy: 0.1837
Std Test AUC: 0.0609

--- Round 327/500 ---
Averaged Train Loss: 1.3314
Averaged Test Accuracy: 0.5092
Averaged Test AUC: 0.8698
Std Test Accuracy: 0.1736
Std Test AUC: 0.0468

--- Round 328/500 ---
Averaged Train Loss: 1.3938
Averaged Test Accuracy: 0.4864
Averaged Test AUC: 0.8647
Std Test Accuracy: 0.1817
Std Test AUC: 0.0560

--- Round 329/500 ---
Averaged Train Loss: 1.3117
Averaged Test Accuracy: 0.5160
Averaged Test AUC: 0.8705
Std Test Accuracy: 0.1297
Std Test AUC: 0.0344

--- Round 330/500 ---
Averaged Train Loss: 1.3365
Averaged Test Accuracy: 0.5019
Averaged Test AUC: 0.8673
Std Test Accuracy: 0.1238
Std Test AUC: 0.0372

--- Round 331/500 ---
Averaged Train Loss: 1.4217
Averaged Test Accuracy: 0.4711
Averaged Test AUC: 0.8569
Std Test Accuracy: 0.1881
Std Test AUC: 0.0609

--- Round 332/500 ---
Averaged Train Loss: 1.3197
Averaged Test Accuracy: 0.5118
Averaged Test AUC: 0.8709
Std Test Accuracy: 0.1645
Std Test AUC: 0.0424

--- Round 333/500 ---
Averaged Train Loss: 1.3576
Averaged Test Accuracy: 0.4973
Averaged Test AUC: 0.8685
Std Test Accuracy: 0.1607
Std Test AUC: 0.0467

--- Round 334/500 ---
Averaged Train Loss: 1.3172
Averaged Test Accuracy: 0.5108
Averaged Test AUC: 0.8702
Std Test Accuracy: 0.1268
Std Test AUC: 0.0337

--- Round 335/500 ---
Averaged Train Loss: 1.3439
Averaged Test Accuracy: 0.5055
Averaged Test AUC: 0.8660
Std Test Accuracy: 0.1521
Std Test AUC: 0.0451

--- Round 336/500 ---
Averaged Train Loss: 1.3604
Averaged Test Accuracy: 0.4983
Averaged Test AUC: 0.8648
Std Test Accuracy: 0.1689
Std Test AUC: 0.0501

--- Round 337/500 ---
Averaged Train Loss: 1.3455
Averaged Test Accuracy: 0.5038
Averaged Test AUC: 0.8684
Std Test Accuracy: 0.1784
Std Test AUC: 0.0484

--- Round 338/500 ---
Averaged Train Loss: 1.3856
Averaged Test Accuracy: 0.4904
Averaged Test AUC: 0.8652
Std Test Accuracy: 0.1728
Std Test AUC: 0.0514

--- Round 339/500 ---
Averaged Train Loss: 1.3231
Averaged Test Accuracy: 0.5102
Averaged Test AUC: 0.8697
Std Test Accuracy: 0.1337
Std Test AUC: 0.0349

--- Round 340/500 ---
Averaged Train Loss: 1.3346
Averaged Test Accuracy: 0.5075
Averaged Test AUC: 0.8667
Std Test Accuracy: 0.1552
Std Test AUC: 0.0464

--- Round 341/500 ---
Averaged Train Loss: 1.3476
Averaged Test Accuracy: 0.5001
Averaged Test AUC: 0.8657
Std Test Accuracy: 0.1571
Std Test AUC: 0.0480

--- Round 342/500 ---
Averaged Train Loss: 1.3332
Averaged Test Accuracy: 0.5082
Averaged Test AUC: 0.8697
Std Test Accuracy: 0.1747
Std Test AUC: 0.0468

--- Round 343/500 ---
Averaged Train Loss: 1.3738
Averaged Test Accuracy: 0.4921
Averaged Test AUC: 0.8664
Std Test Accuracy: 0.1729
Std Test AUC: 0.0535

--- Round 344/500 ---
Averaged Train Loss: 1.3193
Averaged Test Accuracy: 0.5090
Averaged Test AUC: 0.8701
Std Test Accuracy: 0.1401
Std Test AUC: 0.0358

--- Round 345/500 ---
Averaged Train Loss: 1.3551
Averaged Test Accuracy: 0.5007
Averaged Test AUC: 0.8647
Std Test Accuracy: 0.1499
Std Test AUC: 0.0453

--- Round 346/500 ---
Averaged Train Loss: 1.3590
Averaged Test Accuracy: 0.4991
Averaged Test AUC: 0.8647
Std Test Accuracy: 0.1581
Std Test AUC: 0.0470

--- Round 347/500 ---
Averaged Train Loss: 1.3317
Averaged Test Accuracy: 0.5087
Averaged Test AUC: 0.8699
Std Test Accuracy: 0.1778
Std Test AUC: 0.0475

--- Round 348/500 ---
Averaged Train Loss: 1.3369
Averaged Test Accuracy: 0.5030
Averaged Test AUC: 0.8686
Std Test Accuracy: 0.1633
Std Test AUC: 0.0513

--- Round 349/500 ---
Averaged Train Loss: 1.3070
Averaged Test Accuracy: 0.5126
Averaged Test AUC: 0.8711
Std Test Accuracy: 0.1352
Std Test AUC: 0.0353

--- Round 350/500 ---
Averaged Train Loss: 1.3397
Averaged Test Accuracy: 0.5025
Averaged Test AUC: 0.8679
Std Test Accuracy: 0.1667
Std Test AUC: 0.0437

--- Round 351/500 ---
Averaged Train Loss: 1.3428
Averaged Test Accuracy: 0.5020
Averaged Test AUC: 0.8670
Std Test Accuracy: 0.1537
Std Test AUC: 0.0428

--- Round 352/500 ---
Averaged Train Loss: 1.3275
Averaged Test Accuracy: 0.5100
Averaged Test AUC: 0.8702
Std Test Accuracy: 0.1803
Std Test AUC: 0.0476

--- Round 353/500 ---
Averaged Train Loss: 1.3437
Averaged Test Accuracy: 0.5035
Averaged Test AUC: 0.8700
Std Test Accuracy: 0.1682
Std Test AUC: 0.0504

--- Round 354/500 ---
Averaged Train Loss: 1.3034
Averaged Test Accuracy: 0.5174
Averaged Test AUC: 0.8721
Std Test Accuracy: 0.1299
Std Test AUC: 0.0341

--- Round 355/500 ---
Averaged Train Loss: 1.3204
Averaged Test Accuracy: 0.5108
Averaged Test AUC: 0.8698
Std Test Accuracy: 0.1573
Std Test AUC: 0.0405

--- Round 356/500 ---
Averaged Train Loss: 1.3535
Averaged Test Accuracy: 0.4995
Averaged Test AUC: 0.8646
Std Test Accuracy: 0.1517
Std Test AUC: 0.0464

--- Round 357/500 ---
Averaged Train Loss: 1.3162
Averaged Test Accuracy: 0.5131
Averaged Test AUC: 0.8709
Std Test Accuracy: 0.1736
Std Test AUC: 0.0465

--- Round 358/500 ---
Averaged Train Loss: 1.3368
Averaged Test Accuracy: 0.5066
Averaged Test AUC: 0.8706
Std Test Accuracy: 0.1687
Std Test AUC: 0.0493

--- Round 359/500 ---
Averaged Train Loss: 1.2934
Averaged Test Accuracy: 0.5224
Averaged Test AUC: 0.8731
Std Test Accuracy: 0.1272
Std Test AUC: 0.0335

--- Round 360/500 ---
Averaged Train Loss: 1.2982
Averaged Test Accuracy: 0.5176
Averaged Test AUC: 0.8726
Std Test Accuracy: 0.1532
Std Test AUC: 0.0380

--- Round 361/500 ---
Averaged Train Loss: 1.3519
Averaged Test Accuracy: 0.5016
Averaged Test AUC: 0.8647
Std Test Accuracy: 0.1567
Std Test AUC: 0.0463

--- Round 362/500 ---
Averaged Train Loss: 1.3162
Averaged Test Accuracy: 0.5146
Averaged Test AUC: 0.8714
Std Test Accuracy: 0.1741
Std Test AUC: 0.0468

--- Round 363/500 ---
Averaged Train Loss: 1.3263
Averaged Test Accuracy: 0.5098
Averaged Test AUC: 0.8719
Std Test Accuracy: 0.1694
Std Test AUC: 0.0479

--- Round 364/500 ---
Averaged Train Loss: 1.2883
Averaged Test Accuracy: 0.5231
Averaged Test AUC: 0.8740
Std Test Accuracy: 0.1380
Std Test AUC: 0.0350

--- Round 365/500 ---
Averaged Train Loss: 1.3076
Averaged Test Accuracy: 0.5135
Averaged Test AUC: 0.8723
Std Test Accuracy: 0.1694
Std Test AUC: 0.0423

--- Round 366/500 ---
Averaged Train Loss: 1.3271
Averaged Test Accuracy: 0.5078
Averaged Test AUC: 0.8686
Std Test Accuracy: 0.1534
Std Test AUC: 0.0430

--- Round 367/500 ---
Averaged Train Loss: 1.2961
Averaged Test Accuracy: 0.5204
Averaged Test AUC: 0.8734
Std Test Accuracy: 0.1687
Std Test AUC: 0.0443

--- Round 368/500 ---
Averaged Train Loss: 1.3350
Averaged Test Accuracy: 0.5013
Averaged Test AUC: 0.8697
Std Test Accuracy: 0.1685
Std Test AUC: 0.0499

--- Round 369/500 ---
Averaged Train Loss: 1.2944
Averaged Test Accuracy: 0.5190
Averaged Test AUC: 0.8723
Std Test Accuracy: 0.1295
Std Test AUC: 0.0346

--- Round 370/500 ---
Averaged Train Loss: 1.3191
Averaged Test Accuracy: 0.5094
Averaged Test AUC: 0.8714
Std Test Accuracy: 0.1818
Std Test AUC: 0.0472

--- Round 371/500 ---
Averaged Train Loss: 1.3407
Averaged Test Accuracy: 0.5055
Averaged Test AUC: 0.8662
Std Test Accuracy: 0.1556
Std Test AUC: 0.0467

--- Round 372/500 ---
Averaged Train Loss: 1.3188
Averaged Test Accuracy: 0.5142
Averaged Test AUC: 0.8716
Std Test Accuracy: 0.1831
Std Test AUC: 0.0477

--- Round 373/500 ---
Averaged Train Loss: 1.3494
Averaged Test Accuracy: 0.5043
Averaged Test AUC: 0.8694
Std Test Accuracy: 0.1685
Std Test AUC: 0.0495

--- Round 374/500 ---
Averaged Train Loss: 1.2858
Averaged Test Accuracy: 0.5252
Averaged Test AUC: 0.8741
Std Test Accuracy: 0.1311
Std Test AUC: 0.0339

--- Round 375/500 ---
Averaged Train Loss: 1.3039
Averaged Test Accuracy: 0.5147
Averaged Test AUC: 0.8727
Std Test Accuracy: 0.1673
Std Test AUC: 0.0410

--- Round 376/500 ---
Averaged Train Loss: 1.3471
Averaged Test Accuracy: 0.5025
Averaged Test AUC: 0.8657
Std Test Accuracy: 0.1550
Std Test AUC: 0.0467

--- Round 377/500 ---
Averaged Train Loss: 1.3118
Averaged Test Accuracy: 0.5158
Averaged Test AUC: 0.8718
Std Test Accuracy: 0.1802
Std Test AUC: 0.0478

--- Round 378/500 ---
Averaged Train Loss: 1.3537
Averaged Test Accuracy: 0.5009
Averaged Test AUC: 0.8687
Std Test Accuracy: 0.1750
Std Test AUC: 0.0539

--- Round 379/500 ---
Averaged Train Loss: 1.2807
Averaged Test Accuracy: 0.5251
Averaged Test AUC: 0.8749
Std Test Accuracy: 0.1341
Std Test AUC: 0.0336

--- Round 380/500 ---
Averaged Train Loss: 1.3028
Averaged Test Accuracy: 0.5148
Averaged Test AUC: 0.8725
Std Test Accuracy: 0.1682
Std Test AUC: 0.0406

--- Round 381/500 ---
Averaged Train Loss: 1.3334
Averaged Test Accuracy: 0.5072
Averaged Test AUC: 0.8678
Std Test Accuracy: 0.1520
Std Test AUC: 0.0438

--- Round 382/500 ---
Averaged Train Loss: 1.3068
Averaged Test Accuracy: 0.5163
Averaged Test AUC: 0.8730
Std Test Accuracy: 0.1750
Std Test AUC: 0.0463

--- Round 383/500 ---
Averaged Train Loss: 1.3409
Averaged Test Accuracy: 0.5007
Averaged Test AUC: 0.8712
Std Test Accuracy: 0.1724
Std Test AUC: 0.0493

--- Round 384/500 ---
Averaged Train Loss: 1.2813
Averaged Test Accuracy: 0.5273
Averaged Test AUC: 0.8749
Std Test Accuracy: 0.1323
Std Test AUC: 0.0339

--- Round 385/500 ---
Averaged Train Loss: 1.2920
Averaged Test Accuracy: 0.5180
Averaged Test AUC: 0.8741
Std Test Accuracy: 0.1654
Std Test AUC: 0.0413

--- Round 386/500 ---
Averaged Train Loss: 1.3356
Averaged Test Accuracy: 0.5071
Averaged Test AUC: 0.8674
Std Test Accuracy: 0.1487
Std Test AUC: 0.0437

--- Round 387/500 ---
Averaged Train Loss: 1.3054
Averaged Test Accuracy: 0.5186
Averaged Test AUC: 0.8733
Std Test Accuracy: 0.1764
Std Test AUC: 0.0464

--- Round 388/500 ---
Averaged Train Loss: 1.3646
Averaged Test Accuracy: 0.4979
Averaged Test AUC: 0.8692
Std Test Accuracy: 0.1820
Std Test AUC: 0.0499

--- Round 389/500 ---
Averaged Train Loss: 1.2801
Averaged Test Accuracy: 0.5245
Averaged Test AUC: 0.8750
Std Test Accuracy: 0.1281
Std Test AUC: 0.0328

--- Round 390/500 ---
Averaged Train Loss: 1.2962
Averaged Test Accuracy: 0.5180
Averaged Test AUC: 0.8733
Std Test Accuracy: 0.1677
Std Test AUC: 0.0422

--- Round 391/500 ---
Averaged Train Loss: 1.3206
Averaged Test Accuracy: 0.5114
Averaged Test AUC: 0.8696
Std Test Accuracy: 0.1564
Std Test AUC: 0.0446

--- Round 392/500 ---
Averaged Train Loss: 1.2843
Averaged Test Accuracy: 0.5236
Averaged Test AUC: 0.8753
Std Test Accuracy: 0.1643
Std Test AUC: 0.0438

--- Round 393/500 ---
Averaged Train Loss: 1.3301
Averaged Test Accuracy: 0.5079
Averaged Test AUC: 0.8710
Std Test Accuracy: 0.1638
Std Test AUC: 0.0525

--- Round 394/500 ---
Averaged Train Loss: 1.3040
Averaged Test Accuracy: 0.5126
Averaged Test AUC: 0.8731
Std Test Accuracy: 0.1485
Std Test AUC: 0.0370

--- Round 395/500 ---
Averaged Train Loss: 1.3238
Averaged Test Accuracy: 0.5037
Averaged Test AUC: 0.8706
Std Test Accuracy: 0.1775
Std Test AUC: 0.0458

--- Round 396/500 ---
Averaged Train Loss: 1.3229
Averaged Test Accuracy: 0.5102
Averaged Test AUC: 0.8685
Std Test Accuracy: 0.1474
Std Test AUC: 0.0443

--- Round 397/500 ---
Averaged Train Loss: 1.2772
Averaged Test Accuracy: 0.5267
Averaged Test AUC: 0.8759
Std Test Accuracy: 0.1642
Std Test AUC: 0.0429

--- Round 398/500 ---
Averaged Train Loss: 1.3370
Averaged Test Accuracy: 0.5081
Averaged Test AUC: 0.8708
Std Test Accuracy: 0.1642
Std Test AUC: 0.0495

--- Round 399/500 ---
Averaged Train Loss: 1.3051
Averaged Test Accuracy: 0.5138
Averaged Test AUC: 0.8729
Std Test Accuracy: 0.1469
Std Test AUC: 0.0373

--- Round 400/500 ---
Averaged Train Loss: 1.2982
Averaged Test Accuracy: 0.5143
Averaged Test AUC: 0.8732
Std Test Accuracy: 0.1694
Std Test AUC: 0.0437

--- Round 401/500 ---
Averaged Train Loss: 1.3246
Averaged Test Accuracy: 0.5088
Averaged Test AUC: 0.8688
Std Test Accuracy: 0.1508
Std Test AUC: 0.0443

--- Round 402/500 ---
Averaged Train Loss: 1.2921
Averaged Test Accuracy: 0.5226
Averaged Test AUC: 0.8748
Std Test Accuracy: 0.1782
Std Test AUC: 0.0466

--- Round 403/500 ---
Averaged Train Loss: 1.3130
Averaged Test Accuracy: 0.5129
Averaged Test AUC: 0.8735
Std Test Accuracy: 0.1609
Std Test AUC: 0.0480

--- Round 404/500 ---
Averaged Train Loss: 1.2539
Averaged Test Accuracy: 0.5325
Averaged Test AUC: 0.8775
Std Test Accuracy: 0.1233
Std Test AUC: 0.0308

--- Round 405/500 ---
Averaged Train Loss: 1.3156
Averaged Test Accuracy: 0.5094
Averaged Test AUC: 0.8710
Std Test Accuracy: 0.1731
Std Test AUC: 0.0462

--- Round 406/500 ---
Averaged Train Loss: 1.3191
Averaged Test Accuracy: 0.5115
Averaged Test AUC: 0.8695
Std Test Accuracy: 0.1488
Std Test AUC: 0.0450

--- Round 407/500 ---
Averaged Train Loss: 1.2941
Averaged Test Accuracy: 0.5216
Averaged Test AUC: 0.8744
Std Test Accuracy: 0.1748
Std Test AUC: 0.0465

--- Round 408/500 ---
Averaged Train Loss: 1.3575
Averaged Test Accuracy: 0.4955
Averaged Test AUC: 0.8693
Std Test Accuracy: 0.1772
Std Test AUC: 0.0535

--- Round 409/500 ---
Averaged Train Loss: 1.2765
Averaged Test Accuracy: 0.5257
Averaged Test AUC: 0.8757
Std Test Accuracy: 0.1333
Std Test AUC: 0.0339

--- Round 410/500 ---
Averaged Train Loss: 1.3044
Averaged Test Accuracy: 0.5138
Averaged Test AUC: 0.8724
Std Test Accuracy: 0.1716
Std Test AUC: 0.0450

--- Round 411/500 ---
Averaged Train Loss: 1.3077
Averaged Test Accuracy: 0.5148
Averaged Test AUC: 0.8714
Std Test Accuracy: 0.1492
Std Test AUC: 0.0416

--- Round 412/500 ---
Averaged Train Loss: 1.2731
Averaged Test Accuracy: 0.5269
Averaged Test AUC: 0.8765
Std Test Accuracy: 0.1607
Std Test AUC: 0.0426

--- Round 413/500 ---
Averaged Train Loss: 1.3390
Averaged Test Accuracy: 0.5061
Averaged Test AUC: 0.8706
Std Test Accuracy: 0.1730
Std Test AUC: 0.0542

--- Round 414/500 ---
Averaged Train Loss: 1.2953
Averaged Test Accuracy: 0.5181
Averaged Test AUC: 0.8745
Std Test Accuracy: 0.1510
Std Test AUC: 0.0377

--- Round 415/500 ---
Averaged Train Loss: 1.2972
Averaged Test Accuracy: 0.5149
Averaged Test AUC: 0.8740
Std Test Accuracy: 0.1737
Std Test AUC: 0.0449

--- Round 416/500 ---
Averaged Train Loss: 1.3065
Averaged Test Accuracy: 0.5128
Averaged Test AUC: 0.8707
Std Test Accuracy: 0.1501
Std Test AUC: 0.0433

--- Round 417/500 ---
Averaged Train Loss: 1.2702
Averaged Test Accuracy: 0.5273
Averaged Test AUC: 0.8770
Std Test Accuracy: 0.1624
Std Test AUC: 0.0429

--- Round 418/500 ---
Averaged Train Loss: 1.3039
Averaged Test Accuracy: 0.5181
Averaged Test AUC: 0.8747
Std Test Accuracy: 0.1645
Std Test AUC: 0.0465

--- Round 419/500 ---
Averaged Train Loss: 1.2680
Averaged Test Accuracy: 0.5279
Averaged Test AUC: 0.8766
Std Test Accuracy: 0.1294
Std Test AUC: 0.0328

--- Round 420/500 ---
Averaged Train Loss: 1.2852
Averaged Test Accuracy: 0.5212
Averaged Test AUC: 0.8753
Std Test Accuracy: 0.1711
Std Test AUC: 0.0414

--- Round 421/500 ---
Averaged Train Loss: 1.3108
Averaged Test Accuracy: 0.5150
Averaged Test AUC: 0.8703
Std Test Accuracy: 0.1490
Std Test AUC: 0.0429

--- Round 422/500 ---
Averaged Train Loss: 1.2830
Averaged Test Accuracy: 0.5250
Averaged Test AUC: 0.8759
Std Test Accuracy: 0.1708
Std Test AUC: 0.0451

--- Round 423/500 ---
Averaged Train Loss: 1.3144
Averaged Test Accuracy: 0.5110
Averaged Test AUC: 0.8728
Std Test Accuracy: 0.1635
Std Test AUC: 0.0494

--- Round 424/500 ---
Averaged Train Loss: 1.2630
Averaged Test Accuracy: 0.5294
Averaged Test AUC: 0.8766
Std Test Accuracy: 0.1267
Std Test AUC: 0.0332

--- Round 425/500 ---
Averaged Train Loss: 1.2745
Averaged Test Accuracy: 0.5241
Averaged Test AUC: 0.8764
Std Test Accuracy: 0.1695
Std Test AUC: 0.0409

--- Round 426/500 ---
Averaged Train Loss: 1.2973
Averaged Test Accuracy: 0.5175
Averaged Test AUC: 0.8726
Std Test Accuracy: 0.1479
Std Test AUC: 0.0406

--- Round 427/500 ---
Averaged Train Loss: 1.2893
Averaged Test Accuracy: 0.5232
Averaged Test AUC: 0.8749
Std Test Accuracy: 0.1710
Std Test AUC: 0.0456

--- Round 428/500 ---
Averaged Train Loss: 1.3128
Averaged Test Accuracy: 0.5139
Averaged Test AUC: 0.8728
Std Test Accuracy: 0.1682
Std Test AUC: 0.0508

--- Round 429/500 ---
Averaged Train Loss: 1.2635
Averaged Test Accuracy: 0.5253
Averaged Test AUC: 0.8766
Std Test Accuracy: 0.1311
Std Test AUC: 0.0338

--- Round 430/500 ---
Averaged Train Loss: 1.2731
Averaged Test Accuracy: 0.5240
Averaged Test AUC: 0.8760
Std Test Accuracy: 0.1609
Std Test AUC: 0.0399

--- Round 431/500 ---
Averaged Train Loss: 1.2982
Averaged Test Accuracy: 0.5142
Averaged Test AUC: 0.8718
Std Test Accuracy: 0.1481
Std Test AUC: 0.0416

--- Round 432/500 ---
Averaged Train Loss: 1.2748
Averaged Test Accuracy: 0.5254
Averaged Test AUC: 0.8764
Std Test Accuracy: 0.1694
Std Test AUC: 0.0450

--- Round 433/500 ---
Averaged Train Loss: 1.2945
Averaged Test Accuracy: 0.5204
Averaged Test AUC: 0.8758
Std Test Accuracy: 0.1547
Std Test AUC: 0.0454

--- Round 434/500 ---
Averaged Train Loss: 1.2501
Averaged Test Accuracy: 0.5358
Averaged Test AUC: 0.8780
Std Test Accuracy: 0.1244
Std Test AUC: 0.0324

--- Round 435/500 ---
Averaged Train Loss: 1.2632
Averaged Test Accuracy: 0.5269
Averaged Test AUC: 0.8771
Std Test Accuracy: 0.1614
Std Test AUC: 0.0415

--- Round 436/500 ---
Averaged Train Loss: 1.3039
Averaged Test Accuracy: 0.5162
Averaged Test AUC: 0.8711
Std Test Accuracy: 0.1541
Std Test AUC: 0.0463

--- Round 437/500 ---
Averaged Train Loss: 1.2750
Averaged Test Accuracy: 0.5260
Averaged Test AUC: 0.8764
Std Test Accuracy: 0.1691
Std Test AUC: 0.0448

--- Round 438/500 ---
Averaged Train Loss: 1.3415
Averaged Test Accuracy: 0.5060
Averaged Test AUC: 0.8711
Std Test Accuracy: 0.1731
Std Test AUC: 0.0532

--- Round 439/500 ---
Averaged Train Loss: 1.2579
Averaged Test Accuracy: 0.5309
Averaged Test AUC: 0.8774
Std Test Accuracy: 0.1328
Std Test AUC: 0.0340

--- Round 440/500 ---
Averaged Train Loss: 1.2699
Averaged Test Accuracy: 0.5228
Averaged Test AUC: 0.8760
Std Test Accuracy: 0.1618
Std Test AUC: 0.0416

--- Round 441/500 ---
Averaged Train Loss: 1.2897
Averaged Test Accuracy: 0.5185
Averaged Test AUC: 0.8735
Std Test Accuracy: 0.1518
Std Test AUC: 0.0411

--- Round 442/500 ---
Averaged Train Loss: 1.2868
Averaged Test Accuracy: 0.5220
Averaged Test AUC: 0.8755
Std Test Accuracy: 0.1738
Std Test AUC: 0.0478

--- Round 443/500 ---
Averaged Train Loss: 1.3729
Averaged Test Accuracy: 0.4973
Averaged Test AUC: 0.8688
Std Test Accuracy: 0.1886
Std Test AUC: 0.0587

--- Round 444/500 ---
Averaged Train Loss: 1.2537
Averaged Test Accuracy: 0.5297
Averaged Test AUC: 0.8777
Std Test Accuracy: 0.1334
Std Test AUC: 0.0339

--- Round 445/500 ---
Averaged Train Loss: 1.2644
Averaged Test Accuracy: 0.5265
Averaged Test AUC: 0.8768
Std Test Accuracy: 0.1622
Std Test AUC: 0.0416

--- Round 446/500 ---
Averaged Train Loss: 1.3043
Averaged Test Accuracy: 0.5139
Averaged Test AUC: 0.8712
Std Test Accuracy: 0.1499
Std Test AUC: 0.0437

--- Round 447/500 ---
Averaged Train Loss: 1.2854
Averaged Test Accuracy: 0.5234
Averaged Test AUC: 0.8758
Std Test Accuracy: 0.1770
Std Test AUC: 0.0480

--- Round 448/500 ---
Averaged Train Loss: 1.3293
Averaged Test Accuracy: 0.5097
Averaged Test AUC: 0.8730
Std Test Accuracy: 0.1733
Std Test AUC: 0.0507

--- Round 449/500 ---
Averaged Train Loss: 1.2517
Averaged Test Accuracy: 0.5339
Averaged Test AUC: 0.8786
Std Test Accuracy: 0.1333
Std Test AUC: 0.0329

--- Round 450/500 ---
Averaged Train Loss: 1.2391
Averaged Test Accuracy: 0.5349
Averaged Test AUC: 0.8796
Std Test Accuracy: 0.1471
Std Test AUC: 0.0380

--- Round 451/500 ---
Averaged Train Loss: 1.2948
Averaged Test Accuracy: 0.5158
Averaged Test AUC: 0.8722
Std Test Accuracy: 0.1505
Std Test AUC: 0.0438

--- Round 452/500 ---
Averaged Train Loss: 1.2749
Averaged Test Accuracy: 0.5243
Averaged Test AUC: 0.8771
Std Test Accuracy: 0.1725
Std Test AUC: 0.0452

--- Round 453/500 ---
Averaged Train Loss: 1.2912
Averaged Test Accuracy: 0.5199
Averaged Test AUC: 0.8761
Std Test Accuracy: 0.1604
Std Test AUC: 0.0473

--- Round 454/500 ---
Averaged Train Loss: 1.2427
Averaged Test Accuracy: 0.5359
Averaged Test AUC: 0.8793
Std Test Accuracy: 0.1283
Std Test AUC: 0.0325

--- Round 455/500 ---
Averaged Train Loss: 1.2858
Averaged Test Accuracy: 0.5182
Averaged Test AUC: 0.8748
Std Test Accuracy: 0.1655
Std Test AUC: 0.0423

--- Round 456/500 ---
Averaged Train Loss: 1.2941
Averaged Test Accuracy: 0.5165
Averaged Test AUC: 0.8722
Std Test Accuracy: 0.1515
Std Test AUC: 0.0441

--- Round 457/500 ---
Averaged Train Loss: 1.2698
Averaged Test Accuracy: 0.5260
Averaged Test AUC: 0.8774
Std Test Accuracy: 0.1680
Std Test AUC: 0.0439

--- Round 458/500 ---
Averaged Train Loss: 1.2928
Averaged Test Accuracy: 0.5232
Averaged Test AUC: 0.8752
Std Test Accuracy: 0.1585
Std Test AUC: 0.0502

--- Round 459/500 ---
Averaged Train Loss: 1.2447
Averaged Test Accuracy: 0.5361
Averaged Test AUC: 0.8791
Std Test Accuracy: 0.1321
Std Test AUC: 0.0336

--- Round 460/500 ---
Averaged Train Loss: 1.2927
Averaged Test Accuracy: 0.5156
Averaged Test AUC: 0.8743
Std Test Accuracy: 0.1677
Std Test AUC: 0.0425

--- Round 461/500 ---
Averaged Train Loss: 1.2815
Averaged Test Accuracy: 0.5226
Averaged Test AUC: 0.8738
Std Test Accuracy: 0.1468
Std Test AUC: 0.0424

--- Round 462/500 ---
Averaged Train Loss: 1.2655
Averaged Test Accuracy: 0.5301
Averaged Test AUC: 0.8774
Std Test Accuracy: 0.1682
Std Test AUC: 0.0445

--- Round 463/500 ---
Averaged Train Loss: 1.2985
Averaged Test Accuracy: 0.5164
Averaged Test AUC: 0.8748
Std Test Accuracy: 0.1625
Std Test AUC: 0.0516

--- Round 464/500 ---
Averaged Train Loss: 1.2424
Averaged Test Accuracy: 0.5381
Averaged Test AUC: 0.8789
Std Test Accuracy: 0.1370
Std Test AUC: 0.0344

--- Round 465/500 ---
Averaged Train Loss: 1.2389
Averaged Test Accuracy: 0.5364
Averaged Test AUC: 0.8795
Std Test Accuracy: 0.1487
Std Test AUC: 0.0379

--- Round 466/500 ---
Averaged Train Loss: 1.2915
Averaged Test Accuracy: 0.5214
Averaged Test AUC: 0.8728
Std Test Accuracy: 0.1550
Std Test AUC: 0.0451

--- Round 467/500 ---
Averaged Train Loss: 1.2683
Averaged Test Accuracy: 0.5289
Averaged Test AUC: 0.8775
Std Test Accuracy: 0.1685
Std Test AUC: 0.0445

--- Round 468/500 ---
Averaged Train Loss: 1.2949
Averaged Test Accuracy: 0.5203
Averaged Test AUC: 0.8759
Std Test Accuracy: 0.1637
Std Test AUC: 0.0470

--- Round 469/500 ---
Averaged Train Loss: 1.2622
Averaged Test Accuracy: 0.5291
Averaged Test AUC: 0.8772
Std Test Accuracy: 0.1444
Std Test AUC: 0.0369

--- Round 470/500 ---
Averaged Train Loss: 1.3079
Averaged Test Accuracy: 0.5110
Averaged Test AUC: 0.8729
Std Test Accuracy: 0.1815
Std Test AUC: 0.0473

--- Round 471/500 ---
Averaged Train Loss: 1.2914
Averaged Test Accuracy: 0.5182
Averaged Test AUC: 0.8725
Std Test Accuracy: 0.1495
Std Test AUC: 0.0439

--- Round 472/500 ---
Averaged Train Loss: 1.2689
Averaged Test Accuracy: 0.5275
Averaged Test AUC: 0.8776
Std Test Accuracy: 0.1752
Std Test AUC: 0.0456

--- Round 473/500 ---
Averaged Train Loss: 1.2991
Averaged Test Accuracy: 0.5173
Averaged Test AUC: 0.8737
Std Test Accuracy: 0.1664
Std Test AUC: 0.0543

--- Round 474/500 ---
Averaged Train Loss: 1.2562
Averaged Test Accuracy: 0.5297
Averaged Test AUC: 0.8778
Std Test Accuracy: 0.1445
Std Test AUC: 0.0368

--- Round 475/500 ---
Averaged Train Loss: 1.2552
Averaged Test Accuracy: 0.5289
Averaged Test AUC: 0.8790
Std Test Accuracy: 0.1679
Std Test AUC: 0.0399

--- Round 476/500 ---
Averaged Train Loss: 1.2854
Averaged Test Accuracy: 0.5201
Averaged Test AUC: 0.8735
Std Test Accuracy: 0.1511
Std Test AUC: 0.0433

--- Round 477/500 ---
Averaged Train Loss: 1.2752
Averaged Test Accuracy: 0.5256
Averaged Test AUC: 0.8764
Std Test Accuracy: 0.1707
Std Test AUC: 0.0462

--- Round 478/500 ---
Averaged Train Loss: 1.3024
Averaged Test Accuracy: 0.5171
Averaged Test AUC: 0.8752
Std Test Accuracy: 0.1666
Std Test AUC: 0.0497

--- Round 479/500 ---
Averaged Train Loss: 1.2411
Averaged Test Accuracy: 0.5363
Averaged Test AUC: 0.8794
Std Test Accuracy: 0.1274
Std Test AUC: 0.0328

--- Round 480/500 ---
Averaged Train Loss: 1.2596
Averaged Test Accuracy: 0.5281
Averaged Test AUC: 0.8773
Std Test Accuracy: 0.1632
Std Test AUC: 0.0430

--- Round 481/500 ---
Averaged Train Loss: 1.2800
Averaged Test Accuracy: 0.5212
Averaged Test AUC: 0.8743
Std Test Accuracy: 0.1437
Std Test AUC: 0.0406

--- Round 482/500 ---
Averaged Train Loss: 1.2578
Averaged Test Accuracy: 0.5310
Averaged Test AUC: 0.8779
Std Test Accuracy: 0.1624
Std Test AUC: 0.0433

--- Round 483/500 ---
Averaged Train Loss: 1.3111
Averaged Test Accuracy: 0.5143
Averaged Test AUC: 0.8758
Std Test Accuracy: 0.1704
Std Test AUC: 0.0478

--- Round 484/500 ---
Averaged Train Loss: 1.2458
Averaged Test Accuracy: 0.5385
Averaged Test AUC: 0.8795
Std Test Accuracy: 0.1431
Std Test AUC: 0.0355

--- Round 485/500 ---
Averaged Train Loss: 1.2724
Averaged Test Accuracy: 0.5234
Averaged Test AUC: 0.8764
Std Test Accuracy: 0.1716
Std Test AUC: 0.0444

--- Round 486/500 ---
Averaged Train Loss: 1.2804
Averaged Test Accuracy: 0.5229
Averaged Test AUC: 0.8739
Std Test Accuracy: 0.1443
Std Test AUC: 0.0428

--- Round 487/500 ---
Averaged Train Loss: 1.2461
Averaged Test Accuracy: 0.5339
Averaged Test AUC: 0.8786
Std Test Accuracy: 0.1473
Std Test AUC: 0.0384

--- Round 488/500 ---
Averaged Train Loss: 1.3361
Averaged Test Accuracy: 0.5067
Averaged Test AUC: 0.8726
Std Test Accuracy: 0.1735
Std Test AUC: 0.0525

--- Round 489/500 ---
Averaged Train Loss: 1.2430
Averaged Test Accuracy: 0.5379
Averaged Test AUC: 0.8797
Std Test Accuracy: 0.1457
Std Test AUC: 0.0355

--- Round 490/500 ---
Averaged Train Loss: 1.2718
Averaged Test Accuracy: 0.5263
Averaged Test AUC: 0.8777
Std Test Accuracy: 0.1781
Std Test AUC: 0.0449

--- Round 491/500 ---
Averaged Train Loss: 1.2565
Averaged Test Accuracy: 0.5285
Averaged Test AUC: 0.8771
Std Test Accuracy: 0.1442
Std Test AUC: 0.0387

--- Round 492/500 ---
Averaged Train Loss: 1.2493
Averaged Test Accuracy: 0.5341
Averaged Test AUC: 0.8792
Std Test Accuracy: 0.1584
Std Test AUC: 0.0420

--- Round 493/500 ---
Averaged Train Loss: 1.3089
Averaged Test Accuracy: 0.5132
Averaged Test AUC: 0.8752
Std Test Accuracy: 0.1696
Std Test AUC: 0.0489

--- Round 494/500 ---
Averaged Train Loss: 1.2397
Averaged Test Accuracy: 0.5361
Averaged Test AUC: 0.8799
Std Test Accuracy: 0.1313
Std Test AUC: 0.0326

--- Round 495/500 ---
Averaged Train Loss: 1.2820
Averaged Test Accuracy: 0.5197
Averaged Test AUC: 0.8773
Std Test Accuracy: 0.1876
Std Test AUC: 0.0472

--- Round 496/500 ---
Averaged Train Loss: 1.2704
Averaged Test Accuracy: 0.5259
Averaged Test AUC: 0.8752
Std Test Accuracy: 0.1467
Std Test AUC: 0.0416

--- Round 497/500 ---
Averaged Train Loss: 1.2366
Averaged Test Accuracy: 0.5363
Averaged Test AUC: 0.8801
Std Test Accuracy: 0.1462
Std Test AUC: 0.0392

--- Round 498/500 ---
Averaged Train Loss: 1.3348
Averaged Test Accuracy: 0.5064
Averaged Test AUC: 0.8726
Std Test Accuracy: 0.1770
Std Test AUC: 0.0527

--- Round 499/500 ---
Averaged Train Loss: 1.2445
Averaged Test Accuracy: 0.5357
Averaged Test AUC: 0.8793
Std Test Accuracy: 0.1371
Std Test AUC: 0.0341

--- Round 500/500 ---
Averaged Train Loss: 1.2821
Averaged Test Accuracy: 0.5188
Averaged Test AUC: 0.8775
Std Test Accuracy: 0.1858
Std Test AUC: 0.0465

========== Training Complete ==========
Best Test Accuracy: 0.5385178286322512
File path: ../results/Cifar10_FedEntPlusSmooth_smooth_trial01_0036_0.h5

Average time cost: 1821.97s.
Length:  501
std for best accuracy: 0.0
mean for best accuracy: 0.5385178286322512
All done!

Storage on cuda:0
-------------------------------------------------------------------------------
Total Tensors: 216120348 	Used Memory: 583.34M
The allocated memory on cuda:0: 601.47M
Memory differs due to the matrix alignment or invisible gradient buffer tensors
-------------------------------------------------------------------------------
