==================================================
goal = smooth_trial01_0065
device = cuda
device_id = 0
dataset = Cifar10
num_classes = 10
model = CNN
batch_size = 64
local_learning_rate = 0.01
learning_rate_decay = True
learning_rate_decay_gamma = 0.98
global_rounds = 500
top_cnt = 100
local_epochs = 5
algorithm = FedEntPlusSmooth
join_ratio = 0.1
random_join_ratio = False
num_clients = 100
prev = 0
times = 1
eval_gap = 1
save_folder_name = items
auto_break = False
dlg_eval = False
dlg_gap = 100
batch_num_per_client = 2
num_new_clients = 0
fine_tuning_epoch_new = 0
feature_dim = 512
vocab_size = 32000
max_len = 200
client_drop_rate = 0.0
train_slow_rate = 0.0
send_slow_rate = 0.0
time_select = False
time_threthold = 10000
beta = 0.0
lamda = 1.0
mu = 0.0
K = 5
p_learning_rate = 0.01
M = 5
itk = 4000
alphaK = 1.0
sigma = 1.0
alpha = 1.0
plocal_epochs = 1
tau = 1.0
fine_tuning_epochs = 10
dr_learning_rate = 0.0
L = 1.0
noise_dim = 512
generator_learning_rate = 0.005
hidden_dim = 512
server_epochs = 1000
localize_feature_extractor = False
server_learning_rate = 1.0
eta = 1.0
rand_percent = 80
layer_idx = 2
mentee_learning_rate = 0.005
T_start = 0.95
T_end = 0.98
momentum = 0.9
kl_weight = 0.0
buffer_size = 0
dp_epsilon = 0.0
H_min = None
alpha_vp = 0.0
enable_dynamic_param = False
log_fedent = False
log_filename = None
dynamic_config_path = /home/john/PFLlib/system/auto_configs/smooth_trial01_0065.json
==================================================

============= Running time: 0th =============
Creating server and clients ...
FedAvgCNN(
  (conv1): Sequential(
    (0): Conv2d(3, 32, kernel_size=(5, 5), stride=(1, 1))
    (1): ReLU(inplace=True)
    (2): MaxPool2d(kernel_size=(2, 2), stride=(2, 2), padding=0, dilation=1, ceil_mode=False)
  )
  (conv2): Sequential(
    (0): Conv2d(32, 64, kernel_size=(5, 5), stride=(1, 1))
    (1): ReLU(inplace=True)
    (2): MaxPool2d(kernel_size=(2, 2), stride=(2, 2), padding=0, dilation=1, ceil_mode=False)
  )
  (fc1): Sequential(
    (0): Linear(in_features=1600, out_features=512, bias=True)
    (1): ReLU(inplace=True)
  )
  (fc): Linear(in_features=512, out_features=10, bias=True)
)

Join ratio / total clients: 0.1 / 100
Finished creating server and clients.

--- Round 0/500 ---
Averaged Train Loss: 2.3038
Averaged Test Accuracy: 0.0928
Averaged Test AUC: 0.4894
Std Test Accuracy: 0.1434
Std Test AUC: 0.2233

--- Round 1/500 ---
Averaged Train Loss: 2.3614
Averaged Test Accuracy: 0.1181
Averaged Test AUC: 0.5091
Std Test Accuracy: 0.2259
Std Test AUC: 0.2650

--- Round 2/500 ---
Averaged Train Loss: 2.5189
Averaged Test Accuracy: 0.1543
Averaged Test AUC: 0.5170
Std Test Accuracy: 0.2425
Std Test AUC: 0.2731

--- Round 3/500 ---
Averaged Train Loss: 2.6363
Averaged Test Accuracy: 0.1239
Averaged Test AUC: 0.5318
Std Test Accuracy: 0.2311
Std Test AUC: 0.2631

--- Round 4/500 ---
Averaged Train Loss: 2.5883
Averaged Test Accuracy: 0.1580
Averaged Test AUC: 0.5587
Std Test Accuracy: 0.2442
Std Test AUC: 0.2556

--- Round 5/500 ---
Averaged Train Loss: 2.5329
Averaged Test Accuracy: 0.1725
Averaged Test AUC: 0.5674
Std Test Accuracy: 0.2399
Std Test AUC: 0.2541

--- Round 6/500 ---
Averaged Train Loss: 2.4441
Averaged Test Accuracy: 0.1984
Averaged Test AUC: 0.5897
Std Test Accuracy: 0.2458
Std Test AUC: 0.2511

--- Round 7/500 ---
Averaged Train Loss: 2.3200
Averaged Test Accuracy: 0.1766
Averaged Test AUC: 0.6137
Std Test Accuracy: 0.2393
Std Test AUC: 0.1915

--- Round 8/500 ---
Averaged Train Loss: 2.4447
Averaged Test Accuracy: 0.1873
Averaged Test AUC: 0.6105
Std Test Accuracy: 0.2422
Std Test AUC: 0.2183

--- Round 9/500 ---
Averaged Train Loss: 2.3361
Averaged Test Accuracy: 0.2188
Averaged Test AUC: 0.6347
Std Test Accuracy: 0.2476
Std Test AUC: 0.2193

--- Round 10/500 ---
Averaged Train Loss: 2.4505
Averaged Test Accuracy: 0.2074
Averaged Test AUC: 0.6281
Std Test Accuracy: 0.2621
Std Test AUC: 0.2211

--- Round 11/500 ---
Averaged Train Loss: 2.3391
Averaged Test Accuracy: 0.2243
Averaged Test AUC: 0.6432
Std Test Accuracy: 0.2550
Std Test AUC: 0.2159

--- Round 12/500 ---
Averaged Train Loss: 2.4327
Averaged Test Accuracy: 0.2076
Averaged Test AUC: 0.6454
Std Test Accuracy: 0.2451
Std Test AUC: 0.2128

--- Round 13/500 ---
Averaged Train Loss: 2.2715
Averaged Test Accuracy: 0.2360
Averaged Test AUC: 0.6610
Std Test Accuracy: 0.2408
Std Test AUC: 0.2201

--- Round 14/500 ---
Averaged Train Loss: 2.2211
Averaged Test Accuracy: 0.2362
Averaged Test AUC: 0.6712
Std Test Accuracy: 0.2327
Std Test AUC: 0.2061

--- Round 15/500 ---
Averaged Train Loss: 2.2287
Averaged Test Accuracy: 0.2330
Averaged Test AUC: 0.6804
Std Test Accuracy: 0.2493
Std Test AUC: 0.1980

--- Round 16/500 ---
Averaged Train Loss: 2.2690
Averaged Test Accuracy: 0.2346
Averaged Test AUC: 0.6758
Std Test Accuracy: 0.2547
Std Test AUC: 0.2010

--- Round 17/500 ---
Averaged Train Loss: 2.2187
Averaged Test Accuracy: 0.2382
Averaged Test AUC: 0.6879
Std Test Accuracy: 0.2311
Std Test AUC: 0.1924

--- Round 18/500 ---
Averaged Train Loss: 2.1855
Averaged Test Accuracy: 0.2516
Averaged Test AUC: 0.6952
Std Test Accuracy: 0.2248
Std Test AUC: 0.1906

--- Round 19/500 ---
Averaged Train Loss: 2.1889
Averaged Test Accuracy: 0.2437
Averaged Test AUC: 0.6996
Std Test Accuracy: 0.2392
Std Test AUC: 0.1887

--- Round 20/500 ---
Averaged Train Loss: 2.1637
Averaged Test Accuracy: 0.2662
Averaged Test AUC: 0.6993
Std Test Accuracy: 0.2179
Std Test AUC: 0.1952

--- Round 21/500 ---
Averaged Train Loss: 2.1866
Averaged Test Accuracy: 0.2503
Averaged Test AUC: 0.6979
Std Test Accuracy: 0.2541
Std Test AUC: 0.1852

--- Round 22/500 ---
Averaged Train Loss: 2.2041
Averaged Test Accuracy: 0.2414
Averaged Test AUC: 0.7043
Std Test Accuracy: 0.2577
Std Test AUC: 0.1843

--- Round 23/500 ---
Averaged Train Loss: 2.1539
Averaged Test Accuracy: 0.2557
Averaged Test AUC: 0.7091
Std Test Accuracy: 0.2557
Std Test AUC: 0.1808

--- Round 24/500 ---
Averaged Train Loss: 2.1094
Averaged Test Accuracy: 0.2356
Averaged Test AUC: 0.7306
Std Test Accuracy: 0.2484
Std Test AUC: 0.1537

--- Round 25/500 ---
Averaged Train Loss: 2.0557
Averaged Test Accuracy: 0.2775
Averaged Test AUC: 0.7269
Std Test Accuracy: 0.2284
Std Test AUC: 0.1712

--- Round 26/500 ---
Averaged Train Loss: 2.1525
Averaged Test Accuracy: 0.2559
Averaged Test AUC: 0.7122
Std Test Accuracy: 0.2533
Std Test AUC: 0.1800

--- Round 27/500 ---
Averaged Train Loss: 2.0907
Averaged Test Accuracy: 0.2677
Averaged Test AUC: 0.7241
Std Test Accuracy: 0.2502
Std Test AUC: 0.1743

--- Round 28/500 ---
Averaged Train Loss: 2.0705
Averaged Test Accuracy: 0.2532
Averaged Test AUC: 0.7381
Std Test Accuracy: 0.2487
Std Test AUC: 0.1616

--- Round 29/500 ---
Averaged Train Loss: 2.1292
Averaged Test Accuracy: 0.2469
Averaged Test AUC: 0.7352
Std Test Accuracy: 0.2498
Std Test AUC: 0.1484

--- Round 30/500 ---
Averaged Train Loss: 2.0342
Averaged Test Accuracy: 0.2660
Averaged Test AUC: 0.7426
Std Test Accuracy: 0.2496
Std Test AUC: 0.1461

--- Round 31/500 ---
Averaged Train Loss: 2.0955
Averaged Test Accuracy: 0.2733
Averaged Test AUC: 0.7309
Std Test Accuracy: 0.2394
Std Test AUC: 0.1633

--- Round 32/500 ---
Averaged Train Loss: 2.1114
Averaged Test Accuracy: 0.2750
Averaged Test AUC: 0.7281
Std Test Accuracy: 0.2512
Std Test AUC: 0.1723

--- Round 33/500 ---
Averaged Train Loss: 2.1984
Averaged Test Accuracy: 0.2441
Averaged Test AUC: 0.7326
Std Test Accuracy: 0.2558
Std Test AUC: 0.1559

--- Round 34/500 ---
Averaged Train Loss: 2.0334
Averaged Test Accuracy: 0.3020
Averaged Test AUC: 0.7422
Std Test Accuracy: 0.2101
Std Test AUC: 0.1610

--- Round 35/500 ---
Averaged Train Loss: 2.1273
Averaged Test Accuracy: 0.2827
Averaged Test AUC: 0.7267
Std Test Accuracy: 0.2389
Std Test AUC: 0.1743

--- Round 36/500 ---
Averaged Train Loss: 2.0571
Averaged Test Accuracy: 0.3127
Averaged Test AUC: 0.7342
Std Test Accuracy: 0.2115
Std Test AUC: 0.1678

--- Round 37/500 ---
Averaged Train Loss: 1.9761
Averaged Test Accuracy: 0.2815
Averaged Test AUC: 0.7562
Std Test Accuracy: 0.2535
Std Test AUC: 0.1491

--- Round 38/500 ---
Averaged Train Loss: 2.0115
Averaged Test Accuracy: 0.3100
Averaged Test AUC: 0.7467
Std Test Accuracy: 0.2307
Std Test AUC: 0.1633

--- Round 39/500 ---
Averaged Train Loss: 2.0140
Averaged Test Accuracy: 0.2878
Averaged Test AUC: 0.7502
Std Test Accuracy: 0.2442
Std Test AUC: 0.1505

--- Round 40/500 ---
Averaged Train Loss: 1.9890
Averaged Test Accuracy: 0.2841
Averaged Test AUC: 0.7599
Std Test Accuracy: 0.2486
Std Test AUC: 0.1425

--- Round 41/500 ---
Averaged Train Loss: 1.9567
Averaged Test Accuracy: 0.3252
Averaged Test AUC: 0.7592
Std Test Accuracy: 0.2134
Std Test AUC: 0.1490

--- Round 42/500 ---
Averaged Train Loss: 2.1637
Averaged Test Accuracy: 0.2636
Averaged Test AUC: 0.7427
Std Test Accuracy: 0.2564
Std Test AUC: 0.1384

--- Round 43/500 ---
Averaged Train Loss: 2.0067
Averaged Test Accuracy: 0.3042
Averaged Test AUC: 0.7534
Std Test Accuracy: 0.2237
Std Test AUC: 0.1450

--- Round 44/500 ---
Averaged Train Loss: 1.9996
Averaged Test Accuracy: 0.3158
Averaged Test AUC: 0.7526
Std Test Accuracy: 0.2247
Std Test AUC: 0.1511

--- Round 45/500 ---
Averaged Train Loss: 1.9913
Averaged Test Accuracy: 0.2968
Averaged Test AUC: 0.7579
Std Test Accuracy: 0.2441
Std Test AUC: 0.1418

--- Round 46/500 ---
Averaged Train Loss: 1.9149
Averaged Test Accuracy: 0.2983
Averaged Test AUC: 0.7709
Std Test Accuracy: 0.2410
Std Test AUC: 0.1281

--- Round 47/500 ---
Averaged Train Loss: 2.0069
Averaged Test Accuracy: 0.3032
Averaged Test AUC: 0.7556
Std Test Accuracy: 0.2276
Std Test AUC: 0.1452

--- Round 48/500 ---
Averaged Train Loss: 1.9208
Averaged Test Accuracy: 0.3018
Averaged Test AUC: 0.7715
Std Test Accuracy: 0.2442
Std Test AUC: 0.1356

--- Round 49/500 ---
Averaged Train Loss: 1.9290
Averaged Test Accuracy: 0.3226
Averaged Test AUC: 0.7690
Std Test Accuracy: 0.2139
Std Test AUC: 0.1348

--- Round 50/500 ---
Averaged Train Loss: 1.8601
Averaged Test Accuracy: 0.3261
Averaged Test AUC: 0.7807
Std Test Accuracy: 0.2217
Std Test AUC: 0.1208

--- Round 51/500 ---
Averaged Train Loss: 2.0024
Averaged Test Accuracy: 0.2775
Averaged Test AUC: 0.7676
Std Test Accuracy: 0.2574
Std Test AUC: 0.1254

--- Round 52/500 ---
Averaged Train Loss: 1.9628
Averaged Test Accuracy: 0.3016
Averaged Test AUC: 0.7673
Std Test Accuracy: 0.2509
Std Test AUC: 0.1376

--- Round 53/500 ---
Averaged Train Loss: 1.9178
Averaged Test Accuracy: 0.3098
Averaged Test AUC: 0.7728
Std Test Accuracy: 0.2421
Std Test AUC: 0.1323

--- Round 54/500 ---
Averaged Train Loss: 1.9165
Averaged Test Accuracy: 0.3375
Averaged Test AUC: 0.7720
Std Test Accuracy: 0.1954
Std Test AUC: 0.1365

--- Round 55/500 ---
Averaged Train Loss: 2.0597
Averaged Test Accuracy: 0.2872
Averaged Test AUC: 0.7554
Std Test Accuracy: 0.2463
Std Test AUC: 0.1445

--- Round 56/500 ---
Averaged Train Loss: 1.9194
Averaged Test Accuracy: 0.3206
Averaged Test AUC: 0.7729
Std Test Accuracy: 0.2210
Std Test AUC: 0.1334

--- Round 57/500 ---
Averaged Train Loss: 1.8236
Averaged Test Accuracy: 0.3513
Averaged Test AUC: 0.7849
Std Test Accuracy: 0.1820
Std Test AUC: 0.1196

--- Round 58/500 ---
Averaged Train Loss: 1.8678
Averaged Test Accuracy: 0.3492
Averaged Test AUC: 0.7779
Std Test Accuracy: 0.2085
Std Test AUC: 0.1290

--- Round 59/500 ---
Averaged Train Loss: 1.9109
Averaged Test Accuracy: 0.3373
Averaged Test AUC: 0.7754
Std Test Accuracy: 0.2098
Std Test AUC: 0.1283

--- Round 60/500 ---
Averaged Train Loss: 1.8817
Averaged Test Accuracy: 0.3232
Averaged Test AUC: 0.7797
Std Test Accuracy: 0.2315
Std Test AUC: 0.1222

--- Round 61/500 ---
Averaged Train Loss: 1.9105
Averaged Test Accuracy: 0.3381
Averaged Test AUC: 0.7736
Std Test Accuracy: 0.2280
Std Test AUC: 0.1356

--- Round 62/500 ---
Averaged Train Loss: 1.9159
Averaged Test Accuracy: 0.3101
Averaged Test AUC: 0.7790
Std Test Accuracy: 0.2497
Std Test AUC: 0.1292

--- Round 63/500 ---
Averaged Train Loss: 1.9311
Averaged Test Accuracy: 0.3119
Averaged Test AUC: 0.7725
Std Test Accuracy: 0.2395
Std Test AUC: 0.1294

--- Round 64/500 ---
Averaged Train Loss: 1.8649
Averaged Test Accuracy: 0.3103
Averaged Test AUC: 0.7873
Std Test Accuracy: 0.2484
Std Test AUC: 0.1029

--- Round 65/500 ---
Averaged Train Loss: 1.8498
Averaged Test Accuracy: 0.3187
Averaged Test AUC: 0.7899
Std Test Accuracy: 0.2443
Std Test AUC: 0.1137

--- Round 66/500 ---
Averaged Train Loss: 1.8130
Averaged Test Accuracy: 0.3363
Averaged Test AUC: 0.7921
Std Test Accuracy: 0.2272
Std Test AUC: 0.1055

--- Round 67/500 ---
Averaged Train Loss: 1.9795
Averaged Test Accuracy: 0.3194
Averaged Test AUC: 0.7663
Std Test Accuracy: 0.2355
Std Test AUC: 0.1386

--- Round 68/500 ---
Averaged Train Loss: 1.8848
Averaged Test Accuracy: 0.3051
Averaged Test AUC: 0.7879
Std Test Accuracy: 0.2506
Std Test AUC: 0.1011

--- Round 69/500 ---
Averaged Train Loss: 1.8273
Averaged Test Accuracy: 0.3367
Averaged Test AUC: 0.7885
Std Test Accuracy: 0.2189
Std Test AUC: 0.1119

--- Round 70/500 ---
Averaged Train Loss: 1.7894
Averaged Test Accuracy: 0.3483
Averaged Test AUC: 0.7943
Std Test Accuracy: 0.2218
Std Test AUC: 0.1044

--- Round 71/500 ---
Averaged Train Loss: 1.8600
Averaged Test Accuracy: 0.3309
Averaged Test AUC: 0.7856
Std Test Accuracy: 0.2509
Std Test AUC: 0.1214

--- Round 72/500 ---
Averaged Train Loss: 1.8757
Averaged Test Accuracy: 0.3246
Averaged Test AUC: 0.7861
Std Test Accuracy: 0.2425
Std Test AUC: 0.1182

--- Round 73/500 ---
Averaged Train Loss: 1.8073
Averaged Test Accuracy: 0.3210
Averaged Test AUC: 0.7988
Std Test Accuracy: 0.2384
Std Test AUC: 0.0914

--- Round 74/500 ---
Averaged Train Loss: 1.9296
Averaged Test Accuracy: 0.3037
Averaged Test AUC: 0.7790
Std Test Accuracy: 0.2473
Std Test AUC: 0.1147

--- Round 75/500 ---
Averaged Train Loss: 1.8094
Averaged Test Accuracy: 0.3381
Averaged Test AUC: 0.7939
Std Test Accuracy: 0.2225
Std Test AUC: 0.1037

--- Round 76/500 ---
Averaged Train Loss: 1.8100
Averaged Test Accuracy: 0.3565
Averaged Test AUC: 0.7939
Std Test Accuracy: 0.2058
Std Test AUC: 0.1070

--- Round 77/500 ---
Averaged Train Loss: 1.8686
Averaged Test Accuracy: 0.3099
Averaged Test AUC: 0.7877
Std Test Accuracy: 0.2489
Std Test AUC: 0.1077

--- Round 78/500 ---
Averaged Train Loss: 1.7569
Averaged Test Accuracy: 0.3728
Averaged Test AUC: 0.7978
Std Test Accuracy: 0.1846
Std Test AUC: 0.1082

--- Round 79/500 ---
Averaged Train Loss: 1.7817
Averaged Test Accuracy: 0.3566
Averaged Test AUC: 0.7988
Std Test Accuracy: 0.2014
Std Test AUC: 0.1050

--- Round 80/500 ---
Averaged Train Loss: 1.8851
Averaged Test Accuracy: 0.3308
Averaged Test AUC: 0.7830
Std Test Accuracy: 0.2301
Std Test AUC: 0.1218

--- Round 81/500 ---
Averaged Train Loss: 1.8390
Averaged Test Accuracy: 0.3311
Averaged Test AUC: 0.7893
Std Test Accuracy: 0.2320
Std Test AUC: 0.1164

--- Round 82/500 ---
Averaged Train Loss: 1.7917
Averaged Test Accuracy: 0.3620
Averaged Test AUC: 0.7978
Std Test Accuracy: 0.2041
Std Test AUC: 0.1079

--- Round 83/500 ---
Averaged Train Loss: 1.7607
Averaged Test Accuracy: 0.3773
Averaged Test AUC: 0.7989
Std Test Accuracy: 0.1832
Std Test AUC: 0.1151

--- Round 84/500 ---
Averaged Train Loss: 1.7679
Averaged Test Accuracy: 0.3592
Averaged Test AUC: 0.8023
Std Test Accuracy: 0.2076
Std Test AUC: 0.0987

--- Round 85/500 ---
Averaged Train Loss: 1.9083
Averaged Test Accuracy: 0.3150
Averaged Test AUC: 0.7898
Std Test Accuracy: 0.2393
Std Test AUC: 0.0996

--- Round 86/500 ---
Averaged Train Loss: 1.7680
Averaged Test Accuracy: 0.3711
Averaged Test AUC: 0.8000
Std Test Accuracy: 0.2029
Std Test AUC: 0.1023

--- Round 87/500 ---
Averaged Train Loss: 1.7563
Averaged Test Accuracy: 0.3580
Averaged Test AUC: 0.8029
Std Test Accuracy: 0.2012
Std Test AUC: 0.0954

--- Round 88/500 ---
Averaged Train Loss: 1.8508
Averaged Test Accuracy: 0.3404
Averaged Test AUC: 0.7892
Std Test Accuracy: 0.2289
Std Test AUC: 0.1146

--- Round 89/500 ---
Averaged Train Loss: 1.8736
Averaged Test Accuracy: 0.3463
Averaged Test AUC: 0.7828
Std Test Accuracy: 0.2361
Std Test AUC: 0.1325

--- Round 90/500 ---
Averaged Train Loss: 1.8022
Averaged Test Accuracy: 0.3586
Averaged Test AUC: 0.7951
Std Test Accuracy: 0.2176
Std Test AUC: 0.1163

--- Round 91/500 ---
Averaged Train Loss: 1.8751
Averaged Test Accuracy: 0.3382
Averaged Test AUC: 0.7863
Std Test Accuracy: 0.2320
Std Test AUC: 0.1228

--- Round 92/500 ---
Averaged Train Loss: 1.8185
Averaged Test Accuracy: 0.3595
Averaged Test AUC: 0.7950
Std Test Accuracy: 0.2165
Std Test AUC: 0.1170

--- Round 93/500 ---
Averaged Train Loss: 1.8726
Averaged Test Accuracy: 0.3196
Averaged Test AUC: 0.7953
Std Test Accuracy: 0.2392
Std Test AUC: 0.0993

--- Round 94/500 ---
Averaged Train Loss: 1.7335
Averaged Test Accuracy: 0.3530
Averaged Test AUC: 0.8095
Std Test Accuracy: 0.2191
Std Test AUC: 0.0849

--- Round 95/500 ---
Averaged Train Loss: 1.7814
Averaged Test Accuracy: 0.3309
Averaged Test AUC: 0.8032
Std Test Accuracy: 0.2438
Std Test AUC: 0.0916

--- Round 96/500 ---
Averaged Train Loss: 1.8090
Averaged Test Accuracy: 0.3284
Averaged Test AUC: 0.8012
Std Test Accuracy: 0.2390
Std Test AUC: 0.0924

--- Round 97/500 ---
Averaged Train Loss: 1.7933
Averaged Test Accuracy: 0.3291
Averaged Test AUC: 0.8011
Std Test Accuracy: 0.2429
Std Test AUC: 0.0936

--- Round 98/500 ---
Averaged Train Loss: 1.7345
Averaged Test Accuracy: 0.3584
Averaged Test AUC: 0.8080
Std Test Accuracy: 0.2268
Std Test AUC: 0.0972

--- Round 99/500 ---
Averaged Train Loss: 1.7165
Averaged Test Accuracy: 0.3908
Averaged Test AUC: 0.8096
Std Test Accuracy: 0.1866
Std Test AUC: 0.1004

--- Round 100/500 ---
Averaged Train Loss: 1.7612
Averaged Test Accuracy: 0.3816
Averaged Test AUC: 0.8046
Std Test Accuracy: 0.1932
Std Test AUC: 0.1045

--- Round 101/500 ---
Averaged Train Loss: 1.7411
Averaged Test Accuracy: 0.3607
Averaged Test AUC: 0.8094
Std Test Accuracy: 0.2278
Std Test AUC: 0.1016

--- Round 102/500 ---
Averaged Train Loss: 1.7343
Averaged Test Accuracy: 0.3842
Averaged Test AUC: 0.8085
Std Test Accuracy: 0.1970
Std Test AUC: 0.0996

--- Round 103/500 ---
Averaged Train Loss: 1.7696
Averaged Test Accuracy: 0.3413
Averaged Test AUC: 0.8047
Std Test Accuracy: 0.2311
Std Test AUC: 0.0975

--- Round 104/500 ---
Averaged Train Loss: 1.6728
Averaged Test Accuracy: 0.3831
Averaged Test AUC: 0.8179
Std Test Accuracy: 0.2016
Std Test AUC: 0.0829

--- Round 105/500 ---
Averaged Train Loss: 1.7066
Averaged Test Accuracy: 0.3853
Averaged Test AUC: 0.8100
Std Test Accuracy: 0.1890
Std Test AUC: 0.1029

--- Round 106/500 ---
Averaged Train Loss: 1.6934
Averaged Test Accuracy: 0.3735
Averaged Test AUC: 0.8146
Std Test Accuracy: 0.2049
Std Test AUC: 0.0940

--- Round 107/500 ---
Averaged Train Loss: 1.7081
Averaged Test Accuracy: 0.3678
Averaged Test AUC: 0.8133
Std Test Accuracy: 0.2238
Std Test AUC: 0.0988

--- Round 108/500 ---
Averaged Train Loss: 1.7353
Averaged Test Accuracy: 0.3648
Averaged Test AUC: 0.8071
Std Test Accuracy: 0.2204
Std Test AUC: 0.0957

--- Round 109/500 ---
Averaged Train Loss: 1.7513
Averaged Test Accuracy: 0.3757
Averaged Test AUC: 0.8059
Std Test Accuracy: 0.2166
Std Test AUC: 0.1038

--- Round 110/500 ---
Averaged Train Loss: 1.7545
Averaged Test Accuracy: 0.3443
Averaged Test AUC: 0.8067
Std Test Accuracy: 0.2398
Std Test AUC: 0.0943

--- Round 111/500 ---
Averaged Train Loss: 1.7045
Averaged Test Accuracy: 0.3817
Averaged Test AUC: 0.8139
Std Test Accuracy: 0.2028
Std Test AUC: 0.0876

--- Round 112/500 ---
Averaged Train Loss: 1.7258
Averaged Test Accuracy: 0.3852
Averaged Test AUC: 0.8118
Std Test Accuracy: 0.1982
Std Test AUC: 0.0920

--- Round 113/500 ---
Averaged Train Loss: 1.7507
Averaged Test Accuracy: 0.3693
Averaged Test AUC: 0.8072
Std Test Accuracy: 0.2122
Std Test AUC: 0.0933

--- Round 114/500 ---
Averaged Train Loss: 1.7110
Averaged Test Accuracy: 0.3788
Averaged Test AUC: 0.8095
Std Test Accuracy: 0.2043
Std Test AUC: 0.0966

--- Round 115/500 ---
Averaged Train Loss: 1.6961
Averaged Test Accuracy: 0.3836
Averaged Test AUC: 0.8185
Std Test Accuracy: 0.1673
Std Test AUC: 0.0733

--- Round 116/500 ---
Averaged Train Loss: 1.5883
Averaged Test Accuracy: 0.3971
Averaged Test AUC: 0.8302
Std Test Accuracy: 0.1862
Std Test AUC: 0.0631

--- Round 117/500 ---
Averaged Train Loss: 1.6041
Averaged Test Accuracy: 0.3891
Averaged Test AUC: 0.8283
Std Test Accuracy: 0.1916
Std Test AUC: 0.0675

--- Round 118/500 ---
Averaged Train Loss: 1.6386
Averaged Test Accuracy: 0.3717
Averaged Test AUC: 0.8244
Std Test Accuracy: 0.2104
Std Test AUC: 0.0669

--- Round 119/500 ---
Averaged Train Loss: 1.6430
Averaged Test Accuracy: 0.3952
Averaged Test AUC: 0.8239
Std Test Accuracy: 0.2015
Std Test AUC: 0.0740

--- Round 120/500 ---
Averaged Train Loss: 1.6337
Averaged Test Accuracy: 0.3779
Averaged Test AUC: 0.8260
Std Test Accuracy: 0.2089
Std Test AUC: 0.0659

--- Round 121/500 ---
Averaged Train Loss: 1.7724
Averaged Test Accuracy: 0.3763
Averaged Test AUC: 0.7991
Std Test Accuracy: 0.2163
Std Test AUC: 0.1136

--- Round 122/500 ---
Averaged Train Loss: 1.6608
Averaged Test Accuracy: 0.3664
Averaged Test AUC: 0.8228
Std Test Accuracy: 0.2243
Std Test AUC: 0.0787

--- Round 123/500 ---
Averaged Train Loss: 1.6919
Averaged Test Accuracy: 0.3820
Averaged Test AUC: 0.8165
Std Test Accuracy: 0.2175
Std Test AUC: 0.0898

--- Round 124/500 ---
Averaged Train Loss: 1.7213
Averaged Test Accuracy: 0.3813
Averaged Test AUC: 0.8109
Std Test Accuracy: 0.2151
Std Test AUC: 0.0996

--- Round 125/500 ---
Averaged Train Loss: 1.7038
Averaged Test Accuracy: 0.3935
Averaged Test AUC: 0.8154
Std Test Accuracy: 0.1971
Std Test AUC: 0.0932

--- Round 126/500 ---
Averaged Train Loss: 1.6499
Averaged Test Accuracy: 0.3801
Averaged Test AUC: 0.8249
Std Test Accuracy: 0.2135
Std Test AUC: 0.0717

--- Round 127/500 ---
Averaged Train Loss: 1.6077
Averaged Test Accuracy: 0.4055
Averaged Test AUC: 0.8291
Std Test Accuracy: 0.1863
Std Test AUC: 0.0677

--- Round 128/500 ---
Averaged Train Loss: 1.6206
Averaged Test Accuracy: 0.4064
Averaged Test AUC: 0.8317
Std Test Accuracy: 0.2160
Std Test AUC: 0.0699

--- Round 129/500 ---
Averaged Train Loss: 1.6195
Averaged Test Accuracy: 0.4030
Averaged Test AUC: 0.8302
Std Test Accuracy: 0.1954
Std Test AUC: 0.0632

--- Round 130/500 ---
Averaged Train Loss: 1.5793
Averaged Test Accuracy: 0.4184
Averaged Test AUC: 0.8305
Std Test Accuracy: 0.1334
Std Test AUC: 0.0577

--- Round 131/500 ---
Averaged Train Loss: 1.5329
Averaged Test Accuracy: 0.4230
Averaged Test AUC: 0.8410
Std Test Accuracy: 0.1444
Std Test AUC: 0.0375

--- Round 132/500 ---
Averaged Train Loss: 1.5736
Averaged Test Accuracy: 0.4190
Averaged Test AUC: 0.8352
Std Test Accuracy: 0.1769
Std Test AUC: 0.0616

--- Round 133/500 ---
Averaged Train Loss: 1.6069
Averaged Test Accuracy: 0.4146
Averaged Test AUC: 0.8312
Std Test Accuracy: 0.1800
Std Test AUC: 0.0633

--- Round 134/500 ---
Averaged Train Loss: 1.5463
Averaged Test Accuracy: 0.4238
Averaged Test AUC: 0.8397
Std Test Accuracy: 0.1552
Std Test AUC: 0.0496

--- Round 135/500 ---
Averaged Train Loss: 1.5330
Averaged Test Accuracy: 0.4226
Averaged Test AUC: 0.8392
Std Test Accuracy: 0.1357
Std Test AUC: 0.0351

--- Round 136/500 ---
Averaged Train Loss: 1.6085
Averaged Test Accuracy: 0.3954
Averaged Test AUC: 0.8315
Std Test Accuracy: 0.2041
Std Test AUC: 0.0713

--- Round 137/500 ---
Averaged Train Loss: 1.5388
Averaged Test Accuracy: 0.4329
Averaged Test AUC: 0.8396
Std Test Accuracy: 0.1633
Std Test AUC: 0.0502

--- Round 138/500 ---
Averaged Train Loss: 1.7094
Averaged Test Accuracy: 0.3741
Averaged Test AUC: 0.8094
Std Test Accuracy: 0.1647
Std Test AUC: 0.0800

--- Round 139/500 ---
Averaged Train Loss: 1.5278
Averaged Test Accuracy: 0.4365
Averaged Test AUC: 0.8422
Std Test Accuracy: 0.1802
Std Test AUC: 0.0562

--- Round 140/500 ---
Averaged Train Loss: 1.6622
Averaged Test Accuracy: 0.3928
Averaged Test AUC: 0.8322
Std Test Accuracy: 0.2069
Std Test AUC: 0.0580

--- Round 141/500 ---
Averaged Train Loss: 1.7128
Averaged Test Accuracy: 0.3582
Averaged Test AUC: 0.8168
Std Test Accuracy: 0.2038
Std Test AUC: 0.0744

--- Round 142/500 ---
Averaged Train Loss: 1.5730
Averaged Test Accuracy: 0.4052
Averaged Test AUC: 0.8365
Std Test Accuracy: 0.1565
Std Test AUC: 0.0471

--- Round 143/500 ---
Averaged Train Loss: 1.5991
Averaged Test Accuracy: 0.4196
Averaged Test AUC: 0.8338
Std Test Accuracy: 0.2044
Std Test AUC: 0.0679

--- Round 144/500 ---
Averaged Train Loss: 1.6513
Averaged Test Accuracy: 0.3771
Averaged Test AUC: 0.8290
Std Test Accuracy: 0.2159
Std Test AUC: 0.0628

--- Round 145/500 ---
Averaged Train Loss: 1.5982
Averaged Test Accuracy: 0.4037
Averaged Test AUC: 0.8334
Std Test Accuracy: 0.1579
Std Test AUC: 0.0605

--- Round 146/500 ---
Averaged Train Loss: 1.5526
Averaged Test Accuracy: 0.4341
Averaged Test AUC: 0.8366
Std Test Accuracy: 0.1901
Std Test AUC: 0.0663

--- Round 147/500 ---
Averaged Train Loss: 1.5842
Averaged Test Accuracy: 0.4292
Averaged Test AUC: 0.8293
Std Test Accuracy: 0.1642
Std Test AUC: 0.0688

--- Round 148/500 ---
Averaged Train Loss: 1.5958
Averaged Test Accuracy: 0.4083
Averaged Test AUC: 0.8343
Std Test Accuracy: 0.1627
Std Test AUC: 0.0513

--- Round 149/500 ---
Averaged Train Loss: 1.5443
Averaged Test Accuracy: 0.4375
Averaged Test AUC: 0.8419
Std Test Accuracy: 0.1788
Std Test AUC: 0.0580

--- Round 150/500 ---
Averaged Train Loss: 1.6072
Averaged Test Accuracy: 0.4121
Averaged Test AUC: 0.8254
Std Test Accuracy: 0.1504
Std Test AUC: 0.0672

--- Round 151/500 ---
Averaged Train Loss: 1.5073
Averaged Test Accuracy: 0.4437
Averaged Test AUC: 0.8448
Std Test Accuracy: 0.1606
Std Test AUC: 0.0462

--- Round 152/500 ---
Averaged Train Loss: 1.6479
Averaged Test Accuracy: 0.3993
Averaged Test AUC: 0.8334
Std Test Accuracy: 0.1973
Std Test AUC: 0.0590

--- Round 153/500 ---
Averaged Train Loss: 1.6629
Averaged Test Accuracy: 0.3859
Averaged Test AUC: 0.8234
Std Test Accuracy: 0.1878
Std Test AUC: 0.0726

--- Round 154/500 ---
Averaged Train Loss: 1.5377
Averaged Test Accuracy: 0.4245
Averaged Test AUC: 0.8410
Std Test Accuracy: 0.1384
Std Test AUC: 0.0446

--- Round 155/500 ---
Averaged Train Loss: 1.5355
Averaged Test Accuracy: 0.4331
Averaged Test AUC: 0.8421
Std Test Accuracy: 0.1919
Std Test AUC: 0.0556

--- Round 156/500 ---
Averaged Train Loss: 1.7011
Averaged Test Accuracy: 0.3721
Averaged Test AUC: 0.8245
Std Test Accuracy: 0.2279
Std Test AUC: 0.0734

--- Round 157/500 ---
Averaged Train Loss: 1.5394
Averaged Test Accuracy: 0.4282
Averaged Test AUC: 0.8407
Std Test Accuracy: 0.1523
Std Test AUC: 0.0547

--- Round 158/500 ---
Averaged Train Loss: 1.5514
Averaged Test Accuracy: 0.4377
Averaged Test AUC: 0.8356
Std Test Accuracy: 0.1975
Std Test AUC: 0.0747

--- Round 159/500 ---
Averaged Train Loss: 1.5227
Averaged Test Accuracy: 0.4396
Averaged Test AUC: 0.8403
Std Test Accuracy: 0.1514
Std Test AUC: 0.0452

--- Round 160/500 ---
Averaged Train Loss: 1.6585
Averaged Test Accuracy: 0.3930
Averaged Test AUC: 0.8322
Std Test Accuracy: 0.1973
Std Test AUC: 0.0586

--- Round 161/500 ---
Averaged Train Loss: 1.4827
Averaged Test Accuracy: 0.4550
Averaged Test AUC: 0.8489
Std Test Accuracy: 0.1610
Std Test AUC: 0.0494

--- Round 162/500 ---
Averaged Train Loss: 1.5379
Averaged Test Accuracy: 0.4350
Averaged Test AUC: 0.8420
Std Test Accuracy: 0.1833
Std Test AUC: 0.0602

--- Round 163/500 ---
Averaged Train Loss: 1.5375
Averaged Test Accuracy: 0.4357
Averaged Test AUC: 0.8383
Std Test Accuracy: 0.1449
Std Test AUC: 0.0470

--- Round 164/500 ---
Averaged Train Loss: 1.7408
Averaged Test Accuracy: 0.3768
Averaged Test AUC: 0.8264
Std Test Accuracy: 0.2280
Std Test AUC: 0.0760

--- Round 165/500 ---
Averaged Train Loss: 1.5054
Averaged Test Accuracy: 0.4490
Averaged Test AUC: 0.8450
Std Test Accuracy: 0.1642
Std Test AUC: 0.0554

--- Round 166/500 ---
Averaged Train Loss: 1.6402
Averaged Test Accuracy: 0.4101
Averaged Test AUC: 0.8215
Std Test Accuracy: 0.1508
Std Test AUC: 0.0774

--- Round 167/500 ---
Averaged Train Loss: 1.5195
Averaged Test Accuracy: 0.4427
Averaged Test AUC: 0.8448
Std Test Accuracy: 0.1660
Std Test AUC: 0.0436

--- Round 168/500 ---
Averaged Train Loss: 1.7411
Averaged Test Accuracy: 0.3689
Averaged Test AUC: 0.8250
Std Test Accuracy: 0.2249
Std Test AUC: 0.0800

--- Round 169/500 ---
Averaged Train Loss: 1.7135
Averaged Test Accuracy: 0.3793
Averaged Test AUC: 0.8175
Std Test Accuracy: 0.1651
Std Test AUC: 0.0689

--- Round 170/500 ---
Averaged Train Loss: 1.6637
Averaged Test Accuracy: 0.3833
Averaged Test AUC: 0.8306
Std Test Accuracy: 0.1933
Std Test AUC: 0.0656

--- Round 171/500 ---
Averaged Train Loss: 1.6088
Averaged Test Accuracy: 0.4196
Averaged Test AUC: 0.8376
Std Test Accuracy: 0.1971
Std Test AUC: 0.0609

--- Round 172/500 ---
Averaged Train Loss: 1.6436
Averaged Test Accuracy: 0.3999
Averaged Test AUC: 0.8366
Std Test Accuracy: 0.2143
Std Test AUC: 0.0613

--- Round 173/500 ---
Averaged Train Loss: 1.6140
Averaged Test Accuracy: 0.4029
Averaged Test AUC: 0.8340
Std Test Accuracy: 0.1638
Std Test AUC: 0.0637

--- Round 174/500 ---
Averaged Train Loss: 1.5566
Averaged Test Accuracy: 0.4227
Averaged Test AUC: 0.8416
Std Test Accuracy: 0.2093
Std Test AUC: 0.0663

--- Round 175/500 ---
Averaged Train Loss: 1.6240
Averaged Test Accuracy: 0.4071
Averaged Test AUC: 0.8296
Std Test Accuracy: 0.1974
Std Test AUC: 0.0689

--- Round 176/500 ---
Averaged Train Loss: 1.5715
Averaged Test Accuracy: 0.4214
Averaged Test AUC: 0.8402
Std Test Accuracy: 0.1761
Std Test AUC: 0.0559

--- Round 177/500 ---
Averaged Train Loss: 1.4956
Averaged Test Accuracy: 0.4564
Averaged Test AUC: 0.8464
Std Test Accuracy: 0.1601
Std Test AUC: 0.0542

--- Round 178/500 ---
Averaged Train Loss: 1.5995
Averaged Test Accuracy: 0.4265
Averaged Test AUC: 0.8285
Std Test Accuracy: 0.1609
Std Test AUC: 0.0711

--- Round 179/500 ---
Averaged Train Loss: 1.5084
Averaged Test Accuracy: 0.4460
Averaged Test AUC: 0.8477
Std Test Accuracy: 0.1694
Std Test AUC: 0.0413

--- Round 180/500 ---
Averaged Train Loss: 1.6456
Averaged Test Accuracy: 0.4002
Averaged Test AUC: 0.8340
Std Test Accuracy: 0.2131
Std Test AUC: 0.0723

--- Round 181/500 ---
Averaged Train Loss: 1.6706
Averaged Test Accuracy: 0.3954
Averaged Test AUC: 0.8231
Std Test Accuracy: 0.1592
Std Test AUC: 0.0667

--- Round 182/500 ---
Averaged Train Loss: 1.5942
Averaged Test Accuracy: 0.4079
Averaged Test AUC: 0.8365
Std Test Accuracy: 0.1885
Std Test AUC: 0.0644

--- Round 183/500 ---
Averaged Train Loss: 1.5965
Averaged Test Accuracy: 0.4266
Averaged Test AUC: 0.8395
Std Test Accuracy: 0.1930
Std Test AUC: 0.0611

--- Round 184/500 ---
Averaged Train Loss: 1.6211
Averaged Test Accuracy: 0.4061
Averaged Test AUC: 0.8393
Std Test Accuracy: 0.2067
Std Test AUC: 0.0584

--- Round 185/500 ---
Averaged Train Loss: 1.5294
Averaged Test Accuracy: 0.4258
Averaged Test AUC: 0.8424
Std Test Accuracy: 0.1401
Std Test AUC: 0.0479

--- Round 186/500 ---
Averaged Train Loss: 1.6220
Averaged Test Accuracy: 0.4063
Averaged Test AUC: 0.8372
Std Test Accuracy: 0.2242
Std Test AUC: 0.0750

--- Round 187/500 ---
Averaged Train Loss: 1.5553
Averaged Test Accuracy: 0.4315
Averaged Test AUC: 0.8361
Std Test Accuracy: 0.1863
Std Test AUC: 0.0655

--- Round 188/500 ---
Averaged Train Loss: 1.5374
Averaged Test Accuracy: 0.4315
Averaged Test AUC: 0.8448
Std Test Accuracy: 0.1738
Std Test AUC: 0.0519

--- Round 189/500 ---
Averaged Train Loss: 1.4409
Averaged Test Accuracy: 0.4744
Averaged Test AUC: 0.8531
Std Test Accuracy: 0.1426
Std Test AUC: 0.0435

--- Round 190/500 ---
Averaged Train Loss: 1.5723
Averaged Test Accuracy: 0.4309
Averaged Test AUC: 0.8320
Std Test Accuracy: 0.1586
Std Test AUC: 0.0700

--- Round 191/500 ---
Averaged Train Loss: 1.4644
Averaged Test Accuracy: 0.4623
Averaged Test AUC: 0.8514
Std Test Accuracy: 0.1609
Std Test AUC: 0.0412

--- Round 192/500 ---
Averaged Train Loss: 1.6870
Averaged Test Accuracy: 0.3900
Averaged Test AUC: 0.8339
Std Test Accuracy: 0.2207
Std Test AUC: 0.0725

--- Round 193/500 ---
Averaged Train Loss: 1.5785
Averaged Test Accuracy: 0.4299
Averaged Test AUC: 0.8313
Std Test Accuracy: 0.1389
Std Test AUC: 0.0653

--- Round 194/500 ---
Averaged Train Loss: 1.5201
Averaged Test Accuracy: 0.4478
Averaged Test AUC: 0.8416
Std Test Accuracy: 0.1743
Std Test AUC: 0.0640

--- Round 195/500 ---
Averaged Train Loss: 1.4589
Averaged Test Accuracy: 0.4647
Averaged Test AUC: 0.8513
Std Test Accuracy: 0.1572
Std Test AUC: 0.0470

--- Round 196/500 ---
Averaged Train Loss: 1.5994
Averaged Test Accuracy: 0.4154
Averaged Test AUC: 0.8409
Std Test Accuracy: 0.2047
Std Test AUC: 0.0578

--- Round 197/500 ---
Averaged Train Loss: 1.5813
Averaged Test Accuracy: 0.4321
Averaged Test AUC: 0.8374
Std Test Accuracy: 0.1805
Std Test AUC: 0.0680

--- Round 198/500 ---
Averaged Train Loss: 1.4743
Averaged Test Accuracy: 0.4598
Averaged Test AUC: 0.8485
Std Test Accuracy: 0.1557
Std Test AUC: 0.0537

--- Round 199/500 ---
Averaged Train Loss: 1.5078
Averaged Test Accuracy: 0.4510
Averaged Test AUC: 0.8426
Std Test Accuracy: 0.1605
Std Test AUC: 0.0609

--- Round 200/500 ---
Averaged Train Loss: 1.8000
Averaged Test Accuracy: 0.3787
Averaged Test AUC: 0.8286
Std Test Accuracy: 0.2347
Std Test AUC: 0.0771

--- Round 201/500 ---
Averaged Train Loss: 1.6010
Averaged Test Accuracy: 0.4073
Averaged Test AUC: 0.8372
Std Test Accuracy: 0.1850
Std Test AUC: 0.0664

--- Round 202/500 ---
Averaged Train Loss: 1.6354
Averaged Test Accuracy: 0.4021
Averaged Test AUC: 0.8253
Std Test Accuracy: 0.1597
Std Test AUC: 0.0688

--- Round 203/500 ---
Averaged Train Loss: 1.5059
Averaged Test Accuracy: 0.4517
Averaged Test AUC: 0.8455
Std Test Accuracy: 0.1982
Std Test AUC: 0.0660

--- Round 204/500 ---
Averaged Train Loss: 1.5104
Averaged Test Accuracy: 0.4415
Averaged Test AUC: 0.8486
Std Test Accuracy: 0.1684
Std Test AUC: 0.0584

--- Round 205/500 ---
Averaged Train Loss: 1.5201
Averaged Test Accuracy: 0.4474
Averaged Test AUC: 0.8414
Std Test Accuracy: 0.1291
Std Test AUC: 0.0507

--- Round 206/500 ---
Averaged Train Loss: 1.6003
Averaged Test Accuracy: 0.4228
Averaged Test AUC: 0.8354
Std Test Accuracy: 0.1940
Std Test AUC: 0.0714

--- Round 207/500 ---
Averaged Train Loss: 1.4241
Averaged Test Accuracy: 0.4765
Averaged Test AUC: 0.8537
Std Test Accuracy: 0.1513
Std Test AUC: 0.0504

--- Round 208/500 ---
Averaged Train Loss: 1.5188
Averaged Test Accuracy: 0.4423
Averaged Test AUC: 0.8490
Std Test Accuracy: 0.1839
Std Test AUC: 0.0560

--- Round 209/500 ---
Averaged Train Loss: 1.4594
Averaged Test Accuracy: 0.4615
Averaged Test AUC: 0.8534
Std Test Accuracy: 0.1626
Std Test AUC: 0.0451

--- Round 210/500 ---
Averaged Train Loss: 1.5177
Averaged Test Accuracy: 0.4400
Averaged Test AUC: 0.8448
Std Test Accuracy: 0.1646
Std Test AUC: 0.0578

--- Round 211/500 ---
Averaged Train Loss: 1.5668
Averaged Test Accuracy: 0.4119
Averaged Test AUC: 0.8391
Std Test Accuracy: 0.1943
Std Test AUC: 0.0661

--- Round 212/500 ---
Averaged Train Loss: 1.5821
Averaged Test Accuracy: 0.4390
Averaged Test AUC: 0.8364
Std Test Accuracy: 0.1873
Std Test AUC: 0.0815

--- Round 213/500 ---
Averaged Train Loss: 1.5964
Averaged Test Accuracy: 0.4061
Averaged Test AUC: 0.8406
Std Test Accuracy: 0.1701
Std Test AUC: 0.0550

--- Round 214/500 ---
Averaged Train Loss: 1.5482
Averaged Test Accuracy: 0.4348
Averaged Test AUC: 0.8370
Std Test Accuracy: 0.1570
Std Test AUC: 0.0656

--- Round 215/500 ---
Averaged Train Loss: 1.4686
Averaged Test Accuracy: 0.4608
Averaged Test AUC: 0.8497
Std Test Accuracy: 0.1844
Std Test AUC: 0.0629

--- Round 216/500 ---
Averaged Train Loss: 1.5887
Averaged Test Accuracy: 0.4300
Averaged Test AUC: 0.8396
Std Test Accuracy: 0.2120
Std Test AUC: 0.0806

--- Round 217/500 ---
Averaged Train Loss: 1.4766
Averaged Test Accuracy: 0.4485
Averaged Test AUC: 0.8495
Std Test Accuracy: 0.1456
Std Test AUC: 0.0384

--- Round 218/500 ---
Averaged Train Loss: 1.5356
Averaged Test Accuracy: 0.4466
Averaged Test AUC: 0.8415
Std Test Accuracy: 0.1863
Std Test AUC: 0.0721

--- Round 219/500 ---
Averaged Train Loss: 1.5348
Averaged Test Accuracy: 0.4434
Averaged Test AUC: 0.8480
Std Test Accuracy: 0.2155
Std Test AUC: 0.0658

--- Round 220/500 ---
Averaged Train Loss: 1.4916
Averaged Test Accuracy: 0.4513
Averaged Test AUC: 0.8479
Std Test Accuracy: 0.1696
Std Test AUC: 0.0569

--- Round 221/500 ---
Averaged Train Loss: 1.4643
Averaged Test Accuracy: 0.4623
Averaged Test AUC: 0.8502
Std Test Accuracy: 0.1705
Std Test AUC: 0.0491

--- Round 222/500 ---
Averaged Train Loss: 1.5083
Averaged Test Accuracy: 0.4568
Averaged Test AUC: 0.8455
Std Test Accuracy: 0.1851
Std Test AUC: 0.0699

--- Round 223/500 ---
Averaged Train Loss: 1.5598
Averaged Test Accuracy: 0.4181
Averaged Test AUC: 0.8421
Std Test Accuracy: 0.1966
Std Test AUC: 0.0559

--- Round 224/500 ---
Averaged Train Loss: 1.4594
Averaged Test Accuracy: 0.4681
Averaged Test AUC: 0.8528
Std Test Accuracy: 0.1725
Std Test AUC: 0.0591

--- Round 225/500 ---
Averaged Train Loss: 1.5050
Averaged Test Accuracy: 0.4512
Averaged Test AUC: 0.8457
Std Test Accuracy: 0.1964
Std Test AUC: 0.0658

--- Round 226/500 ---
Averaged Train Loss: 1.5792
Averaged Test Accuracy: 0.4280
Averaged Test AUC: 0.8419
Std Test Accuracy: 0.2228
Std Test AUC: 0.0747

--- Round 227/500 ---
Averaged Train Loss: 1.5404
Averaged Test Accuracy: 0.4329
Averaged Test AUC: 0.8419
Std Test Accuracy: 0.1753
Std Test AUC: 0.0558

--- Round 228/500 ---
Averaged Train Loss: 1.4646
Averaged Test Accuracy: 0.4634
Averaged Test AUC: 0.8542
Std Test Accuracy: 0.1697
Std Test AUC: 0.0578

--- Round 229/500 ---
Averaged Train Loss: 1.5141
Averaged Test Accuracy: 0.4617
Averaged Test AUC: 0.8441
Std Test Accuracy: 0.1979
Std Test AUC: 0.0682

--- Round 230/500 ---
Averaged Train Loss: 1.5768
Averaged Test Accuracy: 0.4355
Averaged Test AUC: 0.8330
Std Test Accuracy: 0.1750
Std Test AUC: 0.0746

--- Round 231/500 ---
Averaged Train Loss: 1.4995
Averaged Test Accuracy: 0.4531
Averaged Test AUC: 0.8511
Std Test Accuracy: 0.1816
Std Test AUC: 0.0456

--- Round 232/500 ---
Averaged Train Loss: 1.4541
Averaged Test Accuracy: 0.4676
Averaged Test AUC: 0.8543
Std Test Accuracy: 0.1856
Std Test AUC: 0.0629

--- Round 233/500 ---
Averaged Train Loss: 1.5267
Averaged Test Accuracy: 0.4418
Averaged Test AUC: 0.8418
Std Test Accuracy: 0.1697
Std Test AUC: 0.0592

--- Round 234/500 ---
Averaged Train Loss: 1.6001
Averaged Test Accuracy: 0.4284
Averaged Test AUC: 0.8383
Std Test Accuracy: 0.1986
Std Test AUC: 0.0690

--- Round 235/500 ---
Averaged Train Loss: 1.4544
Averaged Test Accuracy: 0.4685
Averaged Test AUC: 0.8551
Std Test Accuracy: 0.1752
Std Test AUC: 0.0439

--- Round 236/500 ---
Averaged Train Loss: 1.4330
Averaged Test Accuracy: 0.4703
Averaged Test AUC: 0.8546
Std Test Accuracy: 0.1444
Std Test AUC: 0.0469

--- Round 237/500 ---
Averaged Train Loss: 1.4828
Averaged Test Accuracy: 0.4617
Averaged Test AUC: 0.8497
Std Test Accuracy: 0.2024
Std Test AUC: 0.0626

--- Round 238/500 ---
Averaged Train Loss: 1.5110
Averaged Test Accuracy: 0.4555
Averaged Test AUC: 0.8471
Std Test Accuracy: 0.1757
Std Test AUC: 0.0579

--- Round 239/500 ---
Averaged Train Loss: 1.5387
Averaged Test Accuracy: 0.4337
Averaged Test AUC: 0.8422
Std Test Accuracy: 0.1957
Std Test AUC: 0.0638

--- Round 240/500 ---
Averaged Train Loss: 1.4596
Averaged Test Accuracy: 0.4656
Averaged Test AUC: 0.8541
Std Test Accuracy: 0.1926
Std Test AUC: 0.0607

--- Round 241/500 ---
Averaged Train Loss: 1.4227
Averaged Test Accuracy: 0.4751
Averaged Test AUC: 0.8559
Std Test Accuracy: 0.1514
Std Test AUC: 0.0457

--- Round 242/500 ---
Averaged Train Loss: 1.5071
Averaged Test Accuracy: 0.4555
Averaged Test AUC: 0.8436
Std Test Accuracy: 0.1571
Std Test AUC: 0.0604

--- Round 243/500 ---
Averaged Train Loss: 1.4887
Averaged Test Accuracy: 0.4468
Averaged Test AUC: 0.8515
Std Test Accuracy: 0.2047
Std Test AUC: 0.0551

--- Round 244/500 ---
Averaged Train Loss: 1.4181
Averaged Test Accuracy: 0.4807
Averaged Test AUC: 0.8558
Std Test Accuracy: 0.1657
Std Test AUC: 0.0535

--- Round 245/500 ---
Averaged Train Loss: 1.4629
Averaged Test Accuracy: 0.4604
Averaged Test AUC: 0.8506
Std Test Accuracy: 0.1551
Std Test AUC: 0.0465

--- Round 246/500 ---
Averaged Train Loss: 1.6000
Averaged Test Accuracy: 0.4262
Averaged Test AUC: 0.8435
Std Test Accuracy: 0.2028
Std Test AUC: 0.0633

--- Round 247/500 ---
Averaged Train Loss: 1.4033
Averaged Test Accuracy: 0.4819
Averaged Test AUC: 0.8589
Std Test Accuracy: 0.1587
Std Test AUC: 0.0391

--- Round 248/500 ---
Averaged Train Loss: 1.5446
Averaged Test Accuracy: 0.4365
Averaged Test AUC: 0.8400
Std Test Accuracy: 0.1744
Std Test AUC: 0.0648

--- Round 249/500 ---
Averaged Train Loss: 1.4579
Averaged Test Accuracy: 0.4717
Averaged Test AUC: 0.8523
Std Test Accuracy: 0.1988
Std Test AUC: 0.0604

--- Round 250/500 ---
Averaged Train Loss: 1.5029
Averaged Test Accuracy: 0.4476
Averaged Test AUC: 0.8509
Std Test Accuracy: 0.1728
Std Test AUC: 0.0512

--- Round 251/500 ---
Averaged Train Loss: 1.4428
Averaged Test Accuracy: 0.4584
Averaged Test AUC: 0.8543
Std Test Accuracy: 0.1741
Std Test AUC: 0.0439

--- Round 252/500 ---
Averaged Train Loss: 1.4813
Averaged Test Accuracy: 0.4588
Averaged Test AUC: 0.8510
Std Test Accuracy: 0.1956
Std Test AUC: 0.0602

--- Round 253/500 ---
Averaged Train Loss: 1.4633
Averaged Test Accuracy: 0.4641
Averaged Test AUC: 0.8527
Std Test Accuracy: 0.1645
Std Test AUC: 0.0536

--- Round 254/500 ---
Averaged Train Loss: 1.5962
Averaged Test Accuracy: 0.4113
Averaged Test AUC: 0.8369
Std Test Accuracy: 0.2006
Std Test AUC: 0.0673

--- Round 255/500 ---
Averaged Train Loss: 1.5083
Averaged Test Accuracy: 0.4390
Averaged Test AUC: 0.8504
Std Test Accuracy: 0.2103
Std Test AUC: 0.0555

--- Round 256/500 ---
Averaged Train Loss: 1.4733
Averaged Test Accuracy: 0.4615
Averaged Test AUC: 0.8500
Std Test Accuracy: 0.1780
Std Test AUC: 0.0618

--- Round 257/500 ---
Averaged Train Loss: 1.4497
Averaged Test Accuracy: 0.4670
Averaged Test AUC: 0.8524
Std Test Accuracy: 0.1454
Std Test AUC: 0.0435

--- Round 258/500 ---
Averaged Train Loss: 1.6606
Averaged Test Accuracy: 0.4068
Averaged Test AUC: 0.8387
Std Test Accuracy: 0.2076
Std Test AUC: 0.0685

--- Round 259/500 ---
Averaged Train Loss: 1.4033
Averaged Test Accuracy: 0.4828
Averaged Test AUC: 0.8590
Std Test Accuracy: 0.1630
Std Test AUC: 0.0403

--- Round 260/500 ---
Averaged Train Loss: 1.5092
Averaged Test Accuracy: 0.4530
Averaged Test AUC: 0.8428
Std Test Accuracy: 0.1545
Std Test AUC: 0.0616

--- Round 261/500 ---
Averaged Train Loss: 1.4404
Averaged Test Accuracy: 0.4754
Averaged Test AUC: 0.8548
Std Test Accuracy: 0.1978
Std Test AUC: 0.0598

--- Round 262/500 ---
Averaged Train Loss: 1.4886
Averaged Test Accuracy: 0.4550
Averaged Test AUC: 0.8525
Std Test Accuracy: 0.1694
Std Test AUC: 0.0522

--- Round 263/500 ---
Averaged Train Loss: 1.4768
Averaged Test Accuracy: 0.4488
Averaged Test AUC: 0.8511
Std Test Accuracy: 0.1931
Std Test AUC: 0.0513

--- Round 264/500 ---
Averaged Train Loss: 1.4134
Averaged Test Accuracy: 0.4779
Averaged Test AUC: 0.8593
Std Test Accuracy: 0.1697
Std Test AUC: 0.0521

--- Round 265/500 ---
Averaged Train Loss: 1.4144
Averaged Test Accuracy: 0.4749
Averaged Test AUC: 0.8579
Std Test Accuracy: 0.1503
Std Test AUC: 0.0444

--- Round 266/500 ---
Averaged Train Loss: 1.5481
Averaged Test Accuracy: 0.4284
Averaged Test AUC: 0.8425
Std Test Accuracy: 0.1847
Std Test AUC: 0.0606

--- Round 267/500 ---
Averaged Train Loss: 1.4389
Averaged Test Accuracy: 0.4690
Averaged Test AUC: 0.8573
Std Test Accuracy: 0.1895
Std Test AUC: 0.0478

--- Round 268/500 ---
Averaged Train Loss: 1.4483
Averaged Test Accuracy: 0.4710
Averaged Test AUC: 0.8524
Std Test Accuracy: 0.1717
Std Test AUC: 0.0575

--- Round 269/500 ---
Averaged Train Loss: 1.4495
Averaged Test Accuracy: 0.4633
Averaged Test AUC: 0.8529
Std Test Accuracy: 0.1553
Std Test AUC: 0.0457

--- Round 270/500 ---
Averaged Train Loss: 1.5874
Averaged Test Accuracy: 0.4284
Averaged Test AUC: 0.8426
Std Test Accuracy: 0.2049
Std Test AUC: 0.0669

--- Round 271/500 ---
Averaged Train Loss: 1.3769
Averaged Test Accuracy: 0.4880
Averaged Test AUC: 0.8618
Std Test Accuracy: 0.1350
Std Test AUC: 0.0362

--- Round 272/500 ---
Averaged Train Loss: 1.4751
Averaged Test Accuracy: 0.4637
Averaged Test AUC: 0.8482
Std Test Accuracy: 0.1564
Std Test AUC: 0.0597

--- Round 273/500 ---
Averaged Train Loss: 1.5141
Averaged Test Accuracy: 0.4475
Averaged Test AUC: 0.8519
Std Test Accuracy: 0.2118
Std Test AUC: 0.0559

--- Round 274/500 ---
Averaged Train Loss: 1.4870
Averaged Test Accuracy: 0.4527
Averaged Test AUC: 0.8531
Std Test Accuracy: 0.1667
Std Test AUC: 0.0502

--- Round 275/500 ---
Averaged Train Loss: 1.4542
Averaged Test Accuracy: 0.4673
Averaged Test AUC: 0.8529
Std Test Accuracy: 0.1831
Std Test AUC: 0.0515

--- Round 276/500 ---
Averaged Train Loss: 1.4625
Averaged Test Accuracy: 0.4509
Averaged Test AUC: 0.8530
Std Test Accuracy: 0.1730
Std Test AUC: 0.0550

--- Round 277/500 ---
Averaged Train Loss: 1.4929
Averaged Test Accuracy: 0.4476
Averaged Test AUC: 0.8504
Std Test Accuracy: 0.1735
Std Test AUC: 0.0539

--- Round 278/500 ---
Averaged Train Loss: 1.5748
Averaged Test Accuracy: 0.4306
Averaged Test AUC: 0.8472
Std Test Accuracy: 0.1982
Std Test AUC: 0.0606

--- Round 279/500 ---
Averaged Train Loss: 1.5278
Averaged Test Accuracy: 0.4465
Averaged Test AUC: 0.8400
Std Test Accuracy: 0.1498
Std Test AUC: 0.0582

--- Round 280/500 ---
Averaged Train Loss: 1.3564
Averaged Test Accuracy: 0.4991
Averaged Test AUC: 0.8648
Std Test Accuracy: 0.1305
Std Test AUC: 0.0446

--- Round 281/500 ---
Averaged Train Loss: 1.4159
Averaged Test Accuracy: 0.4776
Averaged Test AUC: 0.8595
Std Test Accuracy: 0.1882
Std Test AUC: 0.0509

--- Round 282/500 ---
Averaged Train Loss: 1.5030
Averaged Test Accuracy: 0.4437
Averaged Test AUC: 0.8483
Std Test Accuracy: 0.1851
Std Test AUC: 0.0608

--- Round 283/500 ---
Averaged Train Loss: 1.4969
Averaged Test Accuracy: 0.4387
Averaged Test AUC: 0.8505
Std Test Accuracy: 0.1625
Std Test AUC: 0.0458

--- Round 284/500 ---
Averaged Train Loss: 1.5114
Averaged Test Accuracy: 0.4548
Averaged Test AUC: 0.8484
Std Test Accuracy: 0.1933
Std Test AUC: 0.0787

--- Round 285/500 ---
Averaged Train Loss: 1.5747
Averaged Test Accuracy: 0.4314
Averaged Test AUC: 0.8419
Std Test Accuracy: 0.2006
Std Test AUC: 0.0624

--- Round 286/500 ---
Averaged Train Loss: 1.4387
Averaged Test Accuracy: 0.4670
Averaged Test AUC: 0.8545
Std Test Accuracy: 0.1379
Std Test AUC: 0.0496

--- Round 287/500 ---
Averaged Train Loss: 1.4245
Averaged Test Accuracy: 0.4763
Averaged Test AUC: 0.8567
Std Test Accuracy: 0.1723
Std Test AUC: 0.0452

--- Round 288/500 ---
Averaged Train Loss: 1.5254
Averaged Test Accuracy: 0.4522
Averaged Test AUC: 0.8491
Std Test Accuracy: 0.2012
Std Test AUC: 0.0748

--- Round 289/500 ---
Averaged Train Loss: 1.5619
Averaged Test Accuracy: 0.4253
Averaged Test AUC: 0.8393
Std Test Accuracy: 0.1444
Std Test AUC: 0.0520

--- Round 290/500 ---
Averaged Train Loss: 1.4614
Averaged Test Accuracy: 0.4609
Averaged Test AUC: 0.8534
Std Test Accuracy: 0.1459
Std Test AUC: 0.0419

--- Round 291/500 ---
Averaged Train Loss: 1.5209
Averaged Test Accuracy: 0.4374
Averaged Test AUC: 0.8537
Std Test Accuracy: 0.2017
Std Test AUC: 0.0536

--- Round 292/500 ---
Averaged Train Loss: 1.5407
Averaged Test Accuracy: 0.4295
Averaged Test AUC: 0.8488
Std Test Accuracy: 0.2171
Std Test AUC: 0.0660

--- Round 293/500 ---
Averaged Train Loss: 1.4636
Averaged Test Accuracy: 0.4594
Averaged Test AUC: 0.8543
Std Test Accuracy: 0.1591
Std Test AUC: 0.0442

--- Round 294/500 ---
Averaged Train Loss: 1.4853
Averaged Test Accuracy: 0.4597
Averaged Test AUC: 0.8509
Std Test Accuracy: 0.1697
Std Test AUC: 0.0501

--- Round 295/500 ---
Averaged Train Loss: 1.4175
Averaged Test Accuracy: 0.4820
Averaged Test AUC: 0.8543
Std Test Accuracy: 0.1340
Std Test AUC: 0.0450

--- Round 296/500 ---
Averaged Train Loss: 1.6202
Averaged Test Accuracy: 0.4250
Averaged Test AUC: 0.8445
Std Test Accuracy: 0.2153
Std Test AUC: 0.0779

--- Round 297/500 ---
Averaged Train Loss: 1.3970
Averaged Test Accuracy: 0.4888
Averaged Test AUC: 0.8586
Std Test Accuracy: 0.1397
Std Test AUC: 0.0485

--- Round 298/500 ---
Averaged Train Loss: 1.4476
Averaged Test Accuracy: 0.4700
Averaged Test AUC: 0.8580
Std Test Accuracy: 0.1811
Std Test AUC: 0.0459

--- Round 299/500 ---
Averaged Train Loss: 1.3878
Averaged Test Accuracy: 0.4853
Averaged Test AUC: 0.8615
Std Test Accuracy: 0.1337
Std Test AUC: 0.0367

--- Round 300/500 ---
Averaged Train Loss: 1.3717
Averaged Test Accuracy: 0.4977
Averaged Test AUC: 0.8640
Std Test Accuracy: 0.1785
Std Test AUC: 0.0462

--- Round 301/500 ---
Averaged Train Loss: 1.4260
Averaged Test Accuracy: 0.4756
Averaged Test AUC: 0.8561
Std Test Accuracy: 0.1398
Std Test AUC: 0.0392

--- Round 302/500 ---
Averaged Train Loss: 1.4441
Averaged Test Accuracy: 0.4727
Averaged Test AUC: 0.8581
Std Test Accuracy: 0.1925
Std Test AUC: 0.0590

--- Round 303/500 ---
Averaged Train Loss: 1.4054
Averaged Test Accuracy: 0.4796
Averaged Test AUC: 0.8574
Std Test Accuracy: 0.1241
Std Test AUC: 0.0344

--- Round 304/500 ---
Averaged Train Loss: 1.3921
Averaged Test Accuracy: 0.4890
Averaged Test AUC: 0.8647
Std Test Accuracy: 0.1816
Std Test AUC: 0.0439

--- Round 305/500 ---
Averaged Train Loss: 1.3767
Averaged Test Accuracy: 0.4916
Averaged Test AUC: 0.8616
Std Test Accuracy: 0.1079
Std Test AUC: 0.0320

--- Round 306/500 ---
Averaged Train Loss: 1.3667
Averaged Test Accuracy: 0.5013
Averaged Test AUC: 0.8638
Std Test Accuracy: 0.1665
Std Test AUC: 0.0499

--- Round 307/500 ---
Averaged Train Loss: 1.4059
Averaged Test Accuracy: 0.4879
Averaged Test AUC: 0.8566
Std Test Accuracy: 0.1386
Std Test AUC: 0.0453

--- Round 308/500 ---
Averaged Train Loss: 1.4710
Averaged Test Accuracy: 0.4603
Averaged Test AUC: 0.8566
Std Test Accuracy: 0.1869
Std Test AUC: 0.0491

--- Round 309/500 ---
Averaged Train Loss: 1.4383
Averaged Test Accuracy: 0.4788
Averaged Test AUC: 0.8548
Std Test Accuracy: 0.1915
Std Test AUC: 0.0690

--- Round 310/500 ---
Averaged Train Loss: 1.3895
Averaged Test Accuracy: 0.4934
Averaged Test AUC: 0.8588
Std Test Accuracy: 0.1418
Std Test AUC: 0.0440

--- Round 311/500 ---
Averaged Train Loss: 1.4021
Averaged Test Accuracy: 0.4751
Averaged Test AUC: 0.8607
Std Test Accuracy: 0.1606
Std Test AUC: 0.0408

--- Round 312/500 ---
Averaged Train Loss: 1.6064
Averaged Test Accuracy: 0.4198
Averaged Test AUC: 0.8408
Std Test Accuracy: 0.2174
Std Test AUC: 0.0722

--- Round 313/500 ---
Averaged Train Loss: 1.3350
Averaged Test Accuracy: 0.5125
Averaged Test AUC: 0.8664
Std Test Accuracy: 0.1342
Std Test AUC: 0.0428

--- Round 314/500 ---
Averaged Train Loss: 1.4380
Averaged Test Accuracy: 0.4725
Averaged Test AUC: 0.8566
Std Test Accuracy: 0.1557
Std Test AUC: 0.0523

--- Round 315/500 ---
Averaged Train Loss: 1.3339
Averaged Test Accuracy: 0.5044
Averaged Test AUC: 0.8683
Std Test Accuracy: 0.1361
Std Test AUC: 0.0335

--- Round 316/500 ---
Averaged Train Loss: 1.3920
Averaged Test Accuracy: 0.4827
Averaged Test AUC: 0.8599
Std Test Accuracy: 0.1591
Std Test AUC: 0.0493

--- Round 317/500 ---
Averaged Train Loss: 1.3690
Averaged Test Accuracy: 0.4959
Averaged Test AUC: 0.8670
Std Test Accuracy: 0.1634
Std Test AUC: 0.0412

--- Round 318/500 ---
Averaged Train Loss: 1.3880
Averaged Test Accuracy: 0.4860
Averaged Test AUC: 0.8624
Std Test Accuracy: 0.1480
Std Test AUC: 0.0433

--- Round 319/500 ---
Averaged Train Loss: 1.3705
Averaged Test Accuracy: 0.4884
Averaged Test AUC: 0.8636
Std Test Accuracy: 0.1623
Std Test AUC: 0.0523

--- Round 320/500 ---
Averaged Train Loss: 1.3970
Averaged Test Accuracy: 0.4826
Averaged Test AUC: 0.8632
Std Test Accuracy: 0.1803
Std Test AUC: 0.0462

--- Round 321/500 ---
Averaged Train Loss: 1.3654
Averaged Test Accuracy: 0.4994
Averaged Test AUC: 0.8636
Std Test Accuracy: 0.1478
Std Test AUC: 0.0400

--- Round 322/500 ---
Averaged Train Loss: 1.3753
Averaged Test Accuracy: 0.4978
Averaged Test AUC: 0.8612
Std Test Accuracy: 0.1553
Std Test AUC: 0.0531

--- Round 323/500 ---
Averaged Train Loss: 1.3496
Averaged Test Accuracy: 0.5053
Averaged Test AUC: 0.8659
Std Test Accuracy: 0.1509
Std Test AUC: 0.0438

--- Round 324/500 ---
Averaged Train Loss: 1.4047
Averaged Test Accuracy: 0.4845
Averaged Test AUC: 0.8635
Std Test Accuracy: 0.1949
Std Test AUC: 0.0555

--- Round 325/500 ---
Averaged Train Loss: 1.4052
Averaged Test Accuracy: 0.4787
Averaged Test AUC: 0.8580
Std Test Accuracy: 0.1500
Std Test AUC: 0.0494

--- Round 326/500 ---
Averaged Train Loss: 1.3580
Averaged Test Accuracy: 0.5020
Averaged Test AUC: 0.8639
Std Test Accuracy: 0.1593
Std Test AUC: 0.0466

--- Round 327/500 ---
Averaged Train Loss: 1.3803
Averaged Test Accuracy: 0.4886
Averaged Test AUC: 0.8645
Std Test Accuracy: 0.1695
Std Test AUC: 0.0510

--- Round 328/500 ---
Averaged Train Loss: 1.4180
Averaged Test Accuracy: 0.4676
Averaged Test AUC: 0.8580
Std Test Accuracy: 0.1749
Std Test AUC: 0.0495

--- Round 329/500 ---
Averaged Train Loss: 1.3875
Averaged Test Accuracy: 0.4961
Averaged Test AUC: 0.8624
Std Test Accuracy: 0.1776
Std Test AUC: 0.0534

--- Round 330/500 ---
Averaged Train Loss: 1.3745
Averaged Test Accuracy: 0.4937
Averaged Test AUC: 0.8650
Std Test Accuracy: 0.1850
Std Test AUC: 0.0456

--- Round 331/500 ---
Averaged Train Loss: 1.4315
Averaged Test Accuracy: 0.4717
Averaged Test AUC: 0.8561
Std Test Accuracy: 0.1692
Std Test AUC: 0.0530

--- Round 332/500 ---
Averaged Train Loss: 1.4263
Averaged Test Accuracy: 0.4733
Averaged Test AUC: 0.8635
Std Test Accuracy: 0.1510
Std Test AUC: 0.0379

--- Round 333/500 ---
Averaged Train Loss: 1.3364
Averaged Test Accuracy: 0.5069
Averaged Test AUC: 0.8683
Std Test Accuracy: 0.1594
Std Test AUC: 0.0446

--- Round 334/500 ---
Averaged Train Loss: 1.4777
Averaged Test Accuracy: 0.4531
Averaged Test AUC: 0.8524
Std Test Accuracy: 0.1662
Std Test AUC: 0.0552

--- Round 335/500 ---
Averaged Train Loss: 1.5211
Averaged Test Accuracy: 0.4443
Averaged Test AUC: 0.8542
Std Test Accuracy: 0.2158
Std Test AUC: 0.0558

--- Round 336/500 ---
Averaged Train Loss: 1.3209
Averaged Test Accuracy: 0.5118
Averaged Test AUC: 0.8699
Std Test Accuracy: 0.1254
Std Test AUC: 0.0362

--- Round 337/500 ---
Averaged Train Loss: 1.3956
Averaged Test Accuracy: 0.4818
Averaged Test AUC: 0.8594
Std Test Accuracy: 0.1301
Std Test AUC: 0.0374

--- Round 338/500 ---
Averaged Train Loss: 1.5189
Averaged Test Accuracy: 0.4475
Averaged Test AUC: 0.8541
Std Test Accuracy: 0.2076
Std Test AUC: 0.0575

--- Round 339/500 ---
Averaged Train Loss: 1.3448
Averaged Test Accuracy: 0.5032
Averaged Test AUC: 0.8680
Std Test Accuracy: 0.1642
Std Test AUC: 0.0434

--- Round 340/500 ---
Averaged Train Loss: 1.4448
Averaged Test Accuracy: 0.4725
Averaged Test AUC: 0.8525
Std Test Accuracy: 0.1535
Std Test AUC: 0.0507

--- Round 341/500 ---
Averaged Train Loss: 1.3938
Averaged Test Accuracy: 0.4927
Averaged Test AUC: 0.8633
Std Test Accuracy: 0.1638
Std Test AUC: 0.0428

--- Round 342/500 ---
Averaged Train Loss: 1.3322
Averaged Test Accuracy: 0.5092
Averaged Test AUC: 0.8678
Std Test Accuracy: 0.1510
Std Test AUC: 0.0485

--- Round 343/500 ---
Averaged Train Loss: 1.3219
Averaged Test Accuracy: 0.5142
Averaged Test AUC: 0.8696
Std Test Accuracy: 0.1504
Std Test AUC: 0.0445

--- Round 344/500 ---
Averaged Train Loss: 1.3844
Averaged Test Accuracy: 0.4862
Averaged Test AUC: 0.8624
Std Test Accuracy: 0.1732
Std Test AUC: 0.0514

--- Round 345/500 ---
Averaged Train Loss: 1.3609
Averaged Test Accuracy: 0.4988
Averaged Test AUC: 0.8637
Std Test Accuracy: 0.1394
Std Test AUC: 0.0339

--- Round 346/500 ---
Averaged Train Loss: 1.3613
Averaged Test Accuracy: 0.4999
Averaged Test AUC: 0.8652
Std Test Accuracy: 0.1766
Std Test AUC: 0.0502

--- Round 347/500 ---
Averaged Train Loss: 1.3562
Averaged Test Accuracy: 0.4995
Averaged Test AUC: 0.8647
Std Test Accuracy: 0.1441
Std Test AUC: 0.0409

--- Round 348/500 ---
Averaged Train Loss: 1.3253
Averaged Test Accuracy: 0.5068
Averaged Test AUC: 0.8692
Std Test Accuracy: 0.1396
Std Test AUC: 0.0431

--- Round 349/500 ---
Averaged Train Loss: 1.3391
Averaged Test Accuracy: 0.5071
Averaged Test AUC: 0.8691
Std Test Accuracy: 0.1634
Std Test AUC: 0.0421

--- Round 350/500 ---
Averaged Train Loss: 1.3281
Averaged Test Accuracy: 0.5112
Averaged Test AUC: 0.8669
Std Test Accuracy: 0.1143
Std Test AUC: 0.0303

--- Round 351/500 ---
Averaged Train Loss: 1.3444
Averaged Test Accuracy: 0.5051
Averaged Test AUC: 0.8655
Std Test Accuracy: 0.1605
Std Test AUC: 0.0472

--- Round 352/500 ---
Averaged Train Loss: 1.3590
Averaged Test Accuracy: 0.4994
Averaged Test AUC: 0.8670
Std Test Accuracy: 0.1756
Std Test AUC: 0.0487

--- Round 353/500 ---
Averaged Train Loss: 1.3270
Averaged Test Accuracy: 0.5100
Averaged Test AUC: 0.8682
Std Test Accuracy: 0.1117
Std Test AUC: 0.0275

--- Round 354/500 ---
Averaged Train Loss: 1.3160
Averaged Test Accuracy: 0.5157
Averaged Test AUC: 0.8690
Std Test Accuracy: 0.1481
Std Test AUC: 0.0405

--- Round 355/500 ---
Averaged Train Loss: 1.3506
Averaged Test Accuracy: 0.5025
Averaged Test AUC: 0.8669
Std Test Accuracy: 0.1662
Std Test AUC: 0.0485

--- Round 356/500 ---
Averaged Train Loss: 1.3605
Averaged Test Accuracy: 0.5035
Averaged Test AUC: 0.8622
Std Test Accuracy: 0.1260
Std Test AUC: 0.0407

--- Round 357/500 ---
Averaged Train Loss: 1.3976
Averaged Test Accuracy: 0.4884
Averaged Test AUC: 0.8600
Std Test Accuracy: 0.1825
Std Test AUC: 0.0629

--- Round 358/500 ---
Averaged Train Loss: 1.4156
Averaged Test Accuracy: 0.4815
Averaged Test AUC: 0.8604
Std Test Accuracy: 0.1639
Std Test AUC: 0.0525

--- Round 359/500 ---
Averaged Train Loss: 1.3326
Averaged Test Accuracy: 0.5077
Averaged Test AUC: 0.8672
Std Test Accuracy: 0.1404
Std Test AUC: 0.0363

--- Round 360/500 ---
Averaged Train Loss: 1.3523
Averaged Test Accuracy: 0.4955
Averaged Test AUC: 0.8667
Std Test Accuracy: 0.1666
Std Test AUC: 0.0455

--- Round 361/500 ---
Averaged Train Loss: 1.3047
Averaged Test Accuracy: 0.5192
Averaged Test AUC: 0.8721
Std Test Accuracy: 0.1246
Std Test AUC: 0.0386

--- Round 362/500 ---
Averaged Train Loss: 1.3311
Averaged Test Accuracy: 0.5059
Averaged Test AUC: 0.8681
Std Test Accuracy: 0.1519
Std Test AUC: 0.0395

--- Round 363/500 ---
Averaged Train Loss: 1.3219
Averaged Test Accuracy: 0.5120
Averaged Test AUC: 0.8695
Std Test Accuracy: 0.1355
Std Test AUC: 0.0360

--- Round 364/500 ---
Averaged Train Loss: 1.3069
Averaged Test Accuracy: 0.5200
Averaged Test AUC: 0.8724
Std Test Accuracy: 0.1346
Std Test AUC: 0.0382

--- Round 365/500 ---
Averaged Train Loss: 1.3829
Averaged Test Accuracy: 0.4837
Averaged Test AUC: 0.8608
Std Test Accuracy: 0.1595
Std Test AUC: 0.0495

--- Round 366/500 ---
Averaged Train Loss: 1.3751
Averaged Test Accuracy: 0.4900
Averaged Test AUC: 0.8634
Std Test Accuracy: 0.1440
Std Test AUC: 0.0416

--- Round 367/500 ---
Averaged Train Loss: 1.3457
Averaged Test Accuracy: 0.5019
Averaged Test AUC: 0.8669
Std Test Accuracy: 0.1745
Std Test AUC: 0.0553

--- Round 368/500 ---
Averaged Train Loss: 1.3531
Averaged Test Accuracy: 0.4987
Averaged Test AUC: 0.8636
Std Test Accuracy: 0.1404
Std Test AUC: 0.0401

--- Round 369/500 ---
Averaged Train Loss: 1.3341
Averaged Test Accuracy: 0.5039
Averaged Test AUC: 0.8687
Std Test Accuracy: 0.1491
Std Test AUC: 0.0377

--- Round 370/500 ---
Averaged Train Loss: 1.2975
Averaged Test Accuracy: 0.5195
Averaged Test AUC: 0.8714
Std Test Accuracy: 0.1387
Std Test AUC: 0.0444

--- Round 371/500 ---
Averaged Train Loss: 1.3140
Averaged Test Accuracy: 0.5160
Averaged Test AUC: 0.8690
Std Test Accuracy: 0.1296
Std Test AUC: 0.0388

--- Round 372/500 ---
Averaged Train Loss: 1.3243
Averaged Test Accuracy: 0.5090
Averaged Test AUC: 0.8707
Std Test Accuracy: 0.1558
Std Test AUC: 0.0412

--- Round 373/500 ---
Averaged Train Loss: 1.3398
Averaged Test Accuracy: 0.5046
Averaged Test AUC: 0.8668
Std Test Accuracy: 0.1401
Std Test AUC: 0.0370

--- Round 374/500 ---
Averaged Train Loss: 1.3394
Averaged Test Accuracy: 0.5033
Averaged Test AUC: 0.8688
Std Test Accuracy: 0.1536
Std Test AUC: 0.0399

--- Round 375/500 ---
Averaged Train Loss: 1.3163
Averaged Test Accuracy: 0.5144
Averaged Test AUC: 0.8703
Std Test Accuracy: 0.1436
Std Test AUC: 0.0369

--- Round 376/500 ---
Averaged Train Loss: 1.3780
Averaged Test Accuracy: 0.4884
Averaged Test AUC: 0.8647
Std Test Accuracy: 0.1752
Std Test AUC: 0.0510

--- Round 377/500 ---
Averaged Train Loss: 1.5716
Averaged Test Accuracy: 0.4255
Averaged Test AUC: 0.8456
Std Test Accuracy: 0.1964
Std Test AUC: 0.0657

--- Round 378/500 ---
Averaged Train Loss: 1.3215
Averaged Test Accuracy: 0.5129
Averaged Test AUC: 0.8690
Std Test Accuracy: 0.1396
Std Test AUC: 0.0371

--- Round 379/500 ---
Averaged Train Loss: 1.3563
Averaged Test Accuracy: 0.4966
Averaged Test AUC: 0.8666
Std Test Accuracy: 0.1358
Std Test AUC: 0.0361

--- Round 380/500 ---
Averaged Train Loss: 1.3228
Averaged Test Accuracy: 0.5043
Averaged Test AUC: 0.8704
Std Test Accuracy: 0.1497
Std Test AUC: 0.0472

--- Round 381/500 ---
Averaged Train Loss: 1.3223
Averaged Test Accuracy: 0.5114
Averaged Test AUC: 0.8696
Std Test Accuracy: 0.1509
Std Test AUC: 0.0394

--- Round 382/500 ---
Averaged Train Loss: 1.3250
Averaged Test Accuracy: 0.5086
Averaged Test AUC: 0.8694
Std Test Accuracy: 0.1474
Std Test AUC: 0.0353

--- Round 383/500 ---
Averaged Train Loss: 1.3355
Averaged Test Accuracy: 0.5099
Averaged Test AUC: 0.8685
Std Test Accuracy: 0.1684
Std Test AUC: 0.0526

--- Round 384/500 ---
Averaged Train Loss: 1.3603
Averaged Test Accuracy: 0.5029
Averaged Test AUC: 0.8630
Std Test Accuracy: 0.1698
Std Test AUC: 0.0582

--- Round 385/500 ---
Averaged Train Loss: 1.3271
Averaged Test Accuracy: 0.5019
Averaged Test AUC: 0.8694
Std Test Accuracy: 0.1555
Std Test AUC: 0.0369

--- Round 386/500 ---
Averaged Train Loss: 1.2897
Averaged Test Accuracy: 0.5245
Averaged Test AUC: 0.8734
Std Test Accuracy: 0.1286
Std Test AUC: 0.0354

--- Round 387/500 ---
Averaged Train Loss: 1.3323
Averaged Test Accuracy: 0.5055
Averaged Test AUC: 0.8681
Std Test Accuracy: 0.1551
Std Test AUC: 0.0412

--- Round 388/500 ---
Averaged Train Loss: 1.3280
Averaged Test Accuracy: 0.5041
Averaged Test AUC: 0.8693
Std Test Accuracy: 0.1271
Std Test AUC: 0.0373

--- Round 389/500 ---
Averaged Train Loss: 1.3094
Averaged Test Accuracy: 0.5157
Averaged Test AUC: 0.8709
Std Test Accuracy: 0.1510
Std Test AUC: 0.0460

--- Round 390/500 ---
Averaged Train Loss: 1.4955
Averaged Test Accuracy: 0.4514
Averaged Test AUC: 0.8515
Std Test Accuracy: 0.1905
Std Test AUC: 0.0642

--- Round 391/500 ---
Averaged Train Loss: 1.2948
Averaged Test Accuracy: 0.5208
Averaged Test AUC: 0.8714
Std Test Accuracy: 0.1259
Std Test AUC: 0.0352

--- Round 392/500 ---
Averaged Train Loss: 1.3709
Averaged Test Accuracy: 0.4939
Averaged Test AUC: 0.8693
Std Test Accuracy: 0.1630
Std Test AUC: 0.0426

--- Round 393/500 ---
Averaged Train Loss: 1.3334
Averaged Test Accuracy: 0.5082
Averaged Test AUC: 0.8694
Std Test Accuracy: 0.1697
Std Test AUC: 0.0505

--- Round 394/500 ---
Averaged Train Loss: 1.3088
Averaged Test Accuracy: 0.5153
Averaged Test AUC: 0.8698
Std Test Accuracy: 0.1270
Std Test AUC: 0.0336

--- Round 395/500 ---
Averaged Train Loss: 1.3516
Averaged Test Accuracy: 0.5054
Averaged Test AUC: 0.8670
Std Test Accuracy: 0.1804
Std Test AUC: 0.0545

--- Round 396/500 ---
Averaged Train Loss: 1.3153
Averaged Test Accuracy: 0.5120
Averaged Test AUC: 0.8709
Std Test Accuracy: 0.1649
Std Test AUC: 0.0456

--- Round 397/500 ---
Averaged Train Loss: 1.2888
Averaged Test Accuracy: 0.5251
Averaged Test AUC: 0.8718
Std Test Accuracy: 0.1395
Std Test AUC: 0.0395

--- Round 398/500 ---
Averaged Train Loss: 1.3122
Averaged Test Accuracy: 0.5141
Averaged Test AUC: 0.8690
Std Test Accuracy: 0.1409
Std Test AUC: 0.0405

--- Round 399/500 ---
Averaged Train Loss: 1.3436
Averaged Test Accuracy: 0.4991
Averaged Test AUC: 0.8678
Std Test Accuracy: 0.1625
Std Test AUC: 0.0535

--- Round 400/500 ---
Averaged Train Loss: 1.3222
Averaged Test Accuracy: 0.5118
Averaged Test AUC: 0.8708
Std Test Accuracy: 0.1651
Std Test AUC: 0.0487

--- Round 401/500 ---
Averaged Train Loss: 1.3576
Averaged Test Accuracy: 0.5007
Averaged Test AUC: 0.8631
Std Test Accuracy: 0.1417
Std Test AUC: 0.0412

--- Round 402/500 ---
Averaged Train Loss: 1.3021
Averaged Test Accuracy: 0.5222
Averaged Test AUC: 0.8729
Std Test Accuracy: 0.1330
Std Test AUC: 0.0337

--- Round 403/500 ---
Averaged Train Loss: 1.3104
Averaged Test Accuracy: 0.5176
Averaged Test AUC: 0.8718
Std Test Accuracy: 0.1481
Std Test AUC: 0.0404

--- Round 404/500 ---
Averaged Train Loss: 1.3359
Averaged Test Accuracy: 0.5033
Averaged Test AUC: 0.8683
Std Test Accuracy: 0.1613
Std Test AUC: 0.0488

--- Round 405/500 ---
Averaged Train Loss: 1.3080
Averaged Test Accuracy: 0.5108
Averaged Test AUC: 0.8706
Std Test Accuracy: 0.1315
Std Test AUC: 0.0337

--- Round 406/500 ---
Averaged Train Loss: 1.3553
Averaged Test Accuracy: 0.5033
Averaged Test AUC: 0.8680
Std Test Accuracy: 0.1802
Std Test AUC: 0.0446

--- Round 407/500 ---
Averaged Train Loss: 1.3406
Averaged Test Accuracy: 0.5001
Averaged Test AUC: 0.8675
Std Test Accuracy: 0.1688
Std Test AUC: 0.0480

--- Round 408/500 ---
Averaged Train Loss: 1.3053
Averaged Test Accuracy: 0.5172
Averaged Test AUC: 0.8705
Std Test Accuracy: 0.1384
Std Test AUC: 0.0351

--- Round 409/500 ---
Averaged Train Loss: 1.2845
Averaged Test Accuracy: 0.5273
Averaged Test AUC: 0.8736
Std Test Accuracy: 0.1286
Std Test AUC: 0.0341

--- Round 410/500 ---
Averaged Train Loss: 1.3018
Averaged Test Accuracy: 0.5175
Averaged Test AUC: 0.8709
Std Test Accuracy: 0.1380
Std Test AUC: 0.0378

--- Round 411/500 ---
Averaged Train Loss: 1.2805
Averaged Test Accuracy: 0.5303
Averaged Test AUC: 0.8735
Std Test Accuracy: 0.1249
Std Test AUC: 0.0330

--- Round 412/500 ---
Averaged Train Loss: 1.3502
Averaged Test Accuracy: 0.5014
Averaged Test AUC: 0.8652
Std Test Accuracy: 0.1671
Std Test AUC: 0.0489

--- Round 413/500 ---
Averaged Train Loss: 1.3131
Averaged Test Accuracy: 0.5133
Averaged Test AUC: 0.8710
Std Test Accuracy: 0.1372
Std Test AUC: 0.0315

--- Round 414/500 ---
Averaged Train Loss: 1.3158
Averaged Test Accuracy: 0.5080
Averaged Test AUC: 0.8697
Std Test Accuracy: 0.1385
Std Test AUC: 0.0354

--- Round 415/500 ---
Averaged Train Loss: 1.3456
Averaged Test Accuracy: 0.5039
Averaged Test AUC: 0.8648
Std Test Accuracy: 0.1388
Std Test AUC: 0.0372

--- Round 416/500 ---
Averaged Train Loss: 1.3281
Averaged Test Accuracy: 0.5083
Averaged Test AUC: 0.8693
Std Test Accuracy: 0.1673
Std Test AUC: 0.0485

--- Round 417/500 ---
Averaged Train Loss: 1.3246
Averaged Test Accuracy: 0.5147
Averaged Test AUC: 0.8676
Std Test Accuracy: 0.1461
Std Test AUC: 0.0440

--- Round 418/500 ---
Averaged Train Loss: 1.3946
Averaged Test Accuracy: 0.4867
Averaged Test AUC: 0.8616
Std Test Accuracy: 0.1694
Std Test AUC: 0.0544

--- Round 419/500 ---
Averaged Train Loss: 1.2964
Averaged Test Accuracy: 0.5199
Averaged Test AUC: 0.8722
Std Test Accuracy: 0.1383
Std Test AUC: 0.0410

--- Round 420/500 ---
Averaged Train Loss: 1.3096
Averaged Test Accuracy: 0.5157
Averaged Test AUC: 0.8710
Std Test Accuracy: 0.1743
Std Test AUC: 0.0493

--- Round 421/500 ---
Averaged Train Loss: 1.2764
Averaged Test Accuracy: 0.5278
Averaged Test AUC: 0.8748
Std Test Accuracy: 0.1399
Std Test AUC: 0.0362

--- Round 422/500 ---
Averaged Train Loss: 1.3055
Averaged Test Accuracy: 0.5156
Averaged Test AUC: 0.8705
Std Test Accuracy: 0.1263
Std Test AUC: 0.0335

--- Round 423/500 ---
Averaged Train Loss: 1.3366
Averaged Test Accuracy: 0.4991
Averaged Test AUC: 0.8686
Std Test Accuracy: 0.1626
Std Test AUC: 0.0477

--- Round 424/500 ---
Averaged Train Loss: 1.3062
Averaged Test Accuracy: 0.5168
Averaged Test AUC: 0.8729
Std Test Accuracy: 0.1571
Std Test AUC: 0.0466

--- Round 425/500 ---
Averaged Train Loss: 1.3031
Averaged Test Accuracy: 0.5161
Averaged Test AUC: 0.8700
Std Test Accuracy: 0.1348
Std Test AUC: 0.0372

--- Round 426/500 ---
Averaged Train Loss: 1.3195
Averaged Test Accuracy: 0.5108
Averaged Test AUC: 0.8702
Std Test Accuracy: 0.1733
Std Test AUC: 0.0452

--- Round 427/500 ---
Averaged Train Loss: 1.2810
Averaged Test Accuracy: 0.5231
Averaged Test AUC: 0.8740
Std Test Accuracy: 0.1390
Std Test AUC: 0.0366

--- Round 428/500 ---
Averaged Train Loss: 1.2954
Averaged Test Accuracy: 0.5214
Averaged Test AUC: 0.8721
Std Test Accuracy: 0.1291
Std Test AUC: 0.0302

--- Round 429/500 ---
Averaged Train Loss: 1.2626
Averaged Test Accuracy: 0.5318
Averaged Test AUC: 0.8747
Std Test Accuracy: 0.1117
Std Test AUC: 0.0324

--- Round 430/500 ---
Averaged Train Loss: 1.3285
Averaged Test Accuracy: 0.5110
Averaged Test AUC: 0.8708
Std Test Accuracy: 0.1790
Std Test AUC: 0.0484

--- Round 431/500 ---
Averaged Train Loss: 1.3220
Averaged Test Accuracy: 0.5119
Averaged Test AUC: 0.8701
Std Test Accuracy: 0.1743
Std Test AUC: 0.0479

--- Round 432/500 ---
Averaged Train Loss: 1.3578
Averaged Test Accuracy: 0.4956
Averaged Test AUC: 0.8646
Std Test Accuracy: 0.1584
Std Test AUC: 0.0407

--- Round 433/500 ---
Averaged Train Loss: 1.3282
Averaged Test Accuracy: 0.5100
Averaged Test AUC: 0.8691
Std Test Accuracy: 0.1706
Std Test AUC: 0.0559

--- Round 434/500 ---
Averaged Train Loss: 1.3446
Averaged Test Accuracy: 0.4930
Averaged Test AUC: 0.8678
Std Test Accuracy: 0.1749
Std Test AUC: 0.0519

--- Round 435/500 ---
Averaged Train Loss: 1.2668
Averaged Test Accuracy: 0.5308
Averaged Test AUC: 0.8750
Std Test Accuracy: 0.1139
Std Test AUC: 0.0335

--- Round 436/500 ---
Averaged Train Loss: 1.3130
Averaged Test Accuracy: 0.5149
Averaged Test AUC: 0.8713
Std Test Accuracy: 0.1324
Std Test AUC: 0.0373

--- Round 437/500 ---
Averaged Train Loss: 1.4932
Averaged Test Accuracy: 0.4486
Averaged Test AUC: 0.8562
Std Test Accuracy: 0.2378
Std Test AUC: 0.0651

--- Round 438/500 ---
Averaged Train Loss: 1.3391
Averaged Test Accuracy: 0.5006
Averaged Test AUC: 0.8673
Std Test Accuracy: 0.1713
Std Test AUC: 0.0552

--- Round 439/500 ---
Averaged Train Loss: 1.3696
Averaged Test Accuracy: 0.4910
Averaged Test AUC: 0.8643
Std Test Accuracy: 0.1777
Std Test AUC: 0.0505

--- Round 440/500 ---
Averaged Train Loss: 1.3071
Averaged Test Accuracy: 0.5120
Averaged Test AUC: 0.8714
Std Test Accuracy: 0.1512
Std Test AUC: 0.0373

--- Round 441/500 ---
Averaged Train Loss: 1.3029
Averaged Test Accuracy: 0.5134
Averaged Test AUC: 0.8720
Std Test Accuracy: 0.1480
Std Test AUC: 0.0426

--- Round 442/500 ---
Averaged Train Loss: 1.3329
Averaged Test Accuracy: 0.5045
Averaged Test AUC: 0.8711
Std Test Accuracy: 0.1560
Std Test AUC: 0.0427

--- Round 443/500 ---
Averaged Train Loss: 1.3198
Averaged Test Accuracy: 0.5070
Averaged Test AUC: 0.8702
Std Test Accuracy: 0.1503
Std Test AUC: 0.0387

--- Round 444/500 ---
Averaged Train Loss: 1.3140
Averaged Test Accuracy: 0.5138
Averaged Test AUC: 0.8705
Std Test Accuracy: 0.1116
Std Test AUC: 0.0378

--- Round 445/500 ---
Averaged Train Loss: 1.2703
Averaged Test Accuracy: 0.5267
Averaged Test AUC: 0.8748
Std Test Accuracy: 0.1308
Std Test AUC: 0.0354

--- Round 446/500 ---
Averaged Train Loss: 1.2820
Averaged Test Accuracy: 0.5234
Averaged Test AUC: 0.8731
Std Test Accuracy: 0.1473
Std Test AUC: 0.0433

--- Round 447/500 ---
Averaged Train Loss: 1.3448
Averaged Test Accuracy: 0.5019
Averaged Test AUC: 0.8689
Std Test Accuracy: 0.1721
Std Test AUC: 0.0460

--- Round 448/500 ---
Averaged Train Loss: 1.4245
Averaged Test Accuracy: 0.4755
Averaged Test AUC: 0.8636
Std Test Accuracy: 0.1707
Std Test AUC: 0.0528

--- Round 449/500 ---
Averaged Train Loss: 1.3239
Averaged Test Accuracy: 0.5047
Averaged Test AUC: 0.8701
Std Test Accuracy: 0.1627
Std Test AUC: 0.0452

--- Round 450/500 ---
Averaged Train Loss: 1.3254
Averaged Test Accuracy: 0.5050
Averaged Test AUC: 0.8710
Std Test Accuracy: 0.1725
Std Test AUC: 0.0448

--- Round 451/500 ---
Averaged Train Loss: 1.2786
Averaged Test Accuracy: 0.5262
Averaged Test AUC: 0.8745
Std Test Accuracy: 0.1264
Std Test AUC: 0.0296

--- Round 452/500 ---
Averaged Train Loss: 1.3030
Averaged Test Accuracy: 0.5172
Averaged Test AUC: 0.8707
Std Test Accuracy: 0.1420
Std Test AUC: 0.0374

--- Round 453/500 ---
Averaged Train Loss: 1.3284
Averaged Test Accuracy: 0.5063
Averaged Test AUC: 0.8719
Std Test Accuracy: 0.1704
Std Test AUC: 0.0478

--- Round 454/500 ---
Averaged Train Loss: 1.2998
Averaged Test Accuracy: 0.5176
Averaged Test AUC: 0.8732
Std Test Accuracy: 0.1662
Std Test AUC: 0.0467

--- Round 455/500 ---
Averaged Train Loss: 1.3419
Averaged Test Accuracy: 0.5019
Averaged Test AUC: 0.8664
Std Test Accuracy: 0.1630
Std Test AUC: 0.0496

--- Round 456/500 ---
Averaged Train Loss: 1.3076
Averaged Test Accuracy: 0.5143
Averaged Test AUC: 0.8729
Std Test Accuracy: 0.1623
Std Test AUC: 0.0382

--- Round 457/500 ---
Averaged Train Loss: 1.3442
Averaged Test Accuracy: 0.5018
Averaged Test AUC: 0.8705
Std Test Accuracy: 0.1922
Std Test AUC: 0.0472

--- Round 458/500 ---
Averaged Train Loss: 1.2867
Averaged Test Accuracy: 0.5261
Averaged Test AUC: 0.8726
Std Test Accuracy: 0.1498
Std Test AUC: 0.0423

--- Round 459/500 ---
Averaged Train Loss: 1.3253
Averaged Test Accuracy: 0.5145
Averaged Test AUC: 0.8660
Std Test Accuracy: 0.1599
Std Test AUC: 0.0558

--- Round 460/500 ---
Averaged Train Loss: 1.3174
Averaged Test Accuracy: 0.5125
Averaged Test AUC: 0.8728
Std Test Accuracy: 0.1831
Std Test AUC: 0.0437

--- Round 461/500 ---
Averaged Train Loss: 1.2541
Averaged Test Accuracy: 0.5379
Averaged Test AUC: 0.8773
Std Test Accuracy: 0.1170
Std Test AUC: 0.0321

--- Round 462/500 ---
Averaged Train Loss: 1.3494
Averaged Test Accuracy: 0.5069
Averaged Test AUC: 0.8687
Std Test Accuracy: 0.1433
Std Test AUC: 0.0441

--- Round 463/500 ---
Averaged Train Loss: 1.2683
Averaged Test Accuracy: 0.5270
Averaged Test AUC: 0.8757
Std Test Accuracy: 0.1215
Std Test AUC: 0.0297

--- Round 464/500 ---
Averaged Train Loss: 1.2640
Averaged Test Accuracy: 0.5319
Averaged Test AUC: 0.8754
Std Test Accuracy: 0.1330
Std Test AUC: 0.0339

--- Round 465/500 ---
Averaged Train Loss: 1.2742
Averaged Test Accuracy: 0.5271
Averaged Test AUC: 0.8752
Std Test Accuracy: 0.1322
Std Test AUC: 0.0364

--- Round 466/500 ---
Averaged Train Loss: 1.2952
Averaged Test Accuracy: 0.5188
Averaged Test AUC: 0.8721
Std Test Accuracy: 0.1496
Std Test AUC: 0.0387

--- Round 467/500 ---
Averaged Train Loss: 1.3194
Averaged Test Accuracy: 0.5114
Averaged Test AUC: 0.8697
Std Test Accuracy: 0.1304
Std Test AUC: 0.0375

--- Round 468/500 ---
Averaged Train Loss: 1.2940
Averaged Test Accuracy: 0.5200
Averaged Test AUC: 0.8731
Std Test Accuracy: 0.1548
Std Test AUC: 0.0414

--- Round 469/500 ---
Averaged Train Loss: 1.2780
Averaged Test Accuracy: 0.5251
Averaged Test AUC: 0.8733
Std Test Accuracy: 0.1333
Std Test AUC: 0.0345

--- Round 470/500 ---
Averaged Train Loss: 1.2656
Averaged Test Accuracy: 0.5305
Averaged Test AUC: 0.8753
Std Test Accuracy: 0.1361
Std Test AUC: 0.0392

--- Round 471/500 ---
Averaged Train Loss: 1.2834
Averaged Test Accuracy: 0.5220
Averaged Test AUC: 0.8730
Std Test Accuracy: 0.1434
Std Test AUC: 0.0371

--- Round 472/500 ---
Averaged Train Loss: 1.2700
Averaged Test Accuracy: 0.5287
Averaged Test AUC: 0.8749
Std Test Accuracy: 0.1292
Std Test AUC: 0.0365

--- Round 473/500 ---
Averaged Train Loss: 1.2828
Averaged Test Accuracy: 0.5239
Averaged Test AUC: 0.8741
Std Test Accuracy: 0.1364
Std Test AUC: 0.0387

--- Round 474/500 ---
Averaged Train Loss: 1.3351
Averaged Test Accuracy: 0.4961
Averaged Test AUC: 0.8692
Std Test Accuracy: 0.1625
Std Test AUC: 0.0371

--- Round 475/500 ---
Averaged Train Loss: 1.3630
Averaged Test Accuracy: 0.4932
Averaged Test AUC: 0.8687
Std Test Accuracy: 0.1561
Std Test AUC: 0.0432

--- Round 476/500 ---
Averaged Train Loss: 1.3245
Averaged Test Accuracy: 0.5092
Averaged Test AUC: 0.8690
Std Test Accuracy: 0.1757
Std Test AUC: 0.0563

--- Round 477/500 ---
Averaged Train Loss: 1.3169
Averaged Test Accuracy: 0.5112
Averaged Test AUC: 0.8723
Std Test Accuracy: 0.1649
Std Test AUC: 0.0439

--- Round 478/500 ---
Averaged Train Loss: 1.3224
Averaged Test Accuracy: 0.5123
Averaged Test AUC: 0.8675
Std Test Accuracy: 0.1295
Std Test AUC: 0.0359

--- Round 479/500 ---
Averaged Train Loss: 1.3156
Averaged Test Accuracy: 0.5123
Averaged Test AUC: 0.8698
Std Test Accuracy: 0.1706
Std Test AUC: 0.0516

--- Round 480/500 ---
Averaged Train Loss: 1.2985
Averaged Test Accuracy: 0.5197
Averaged Test AUC: 0.8739
Std Test Accuracy: 0.1584
Std Test AUC: 0.0371

--- Round 481/500 ---
Averaged Train Loss: 1.3162
Averaged Test Accuracy: 0.5120
Averaged Test AUC: 0.8684
Std Test Accuracy: 0.1357
Std Test AUC: 0.0357

--- Round 482/500 ---
Averaged Train Loss: 1.3241
Averaged Test Accuracy: 0.5078
Averaged Test AUC: 0.8704
Std Test Accuracy: 0.1854
Std Test AUC: 0.0493

--- Round 483/500 ---
Averaged Train Loss: 1.2727
Averaged Test Accuracy: 0.5282
Averaged Test AUC: 0.8762
Std Test Accuracy: 0.1453
Std Test AUC: 0.0352

--- Round 484/500 ---
Averaged Train Loss: 1.3312
Averaged Test Accuracy: 0.5055
Averaged Test AUC: 0.8666
Std Test Accuracy: 0.1272
Std Test AUC: 0.0341

--- Round 485/500 ---
Averaged Train Loss: 1.2993
Averaged Test Accuracy: 0.5170
Averaged Test AUC: 0.8722
Std Test Accuracy: 0.1663
Std Test AUC: 0.0496

--- Round 486/500 ---
Averaged Train Loss: 1.2945
Averaged Test Accuracy: 0.5225
Averaged Test AUC: 0.8741
Std Test Accuracy: 0.1464
Std Test AUC: 0.0416

--- Round 487/500 ---
Averaged Train Loss: 1.2773
Averaged Test Accuracy: 0.5269
Averaged Test AUC: 0.8727
Std Test Accuracy: 0.1231
Std Test AUC: 0.0362

--- Round 488/500 ---
Averaged Train Loss: 1.2878
Averaged Test Accuracy: 0.5212
Averaged Test AUC: 0.8732
Std Test Accuracy: 0.1582
Std Test AUC: 0.0418

--- Round 489/500 ---
Averaged Train Loss: 1.2931
Averaged Test Accuracy: 0.5228
Averaged Test AUC: 0.8744
Std Test Accuracy: 0.1564
Std Test AUC: 0.0418

--- Round 490/500 ---
Averaged Train Loss: 1.3015
Averaged Test Accuracy: 0.5188
Averaged Test AUC: 0.8704
Std Test Accuracy: 0.1467
Std Test AUC: 0.0416

--- Round 491/500 ---
Averaged Train Loss: 1.2738
Averaged Test Accuracy: 0.5259
Averaged Test AUC: 0.8745
Std Test Accuracy: 0.1308
Std Test AUC: 0.0311

--- Round 492/500 ---
Averaged Train Loss: 1.2748
Averaged Test Accuracy: 0.5259
Averaged Test AUC: 0.8754
Std Test Accuracy: 0.1350
Std Test AUC: 0.0375

--- Round 493/500 ---
Averaged Train Loss: 1.3510
Averaged Test Accuracy: 0.4998
Averaged Test AUC: 0.8692
Std Test Accuracy: 0.1794
Std Test AUC: 0.0517

--- Round 494/500 ---
Averaged Train Loss: 1.2668
Averaged Test Accuracy: 0.5295
Averaged Test AUC: 0.8751
Std Test Accuracy: 0.1367
Std Test AUC: 0.0359

--- Round 495/500 ---
Averaged Train Loss: 1.2843
Averaged Test Accuracy: 0.5243
Averaged Test AUC: 0.8753
Std Test Accuracy: 0.1608
Std Test AUC: 0.0400

--- Round 496/500 ---
Averaged Train Loss: 1.3514
Averaged Test Accuracy: 0.5037
Averaged Test AUC: 0.8692
Std Test Accuracy: 0.1995
Std Test AUC: 0.0533

--- Round 497/500 ---
Averaged Train Loss: 1.3156
Averaged Test Accuracy: 0.5116
Averaged Test AUC: 0.8706
Std Test Accuracy: 0.1492
Std Test AUC: 0.0425

--- Round 498/500 ---
Averaged Train Loss: 1.2710
Averaged Test Accuracy: 0.5293
Averaged Test AUC: 0.8740
Std Test Accuracy: 0.1066
Std Test AUC: 0.0281

--- Round 499/500 ---
Averaged Train Loss: 1.2832
Averaged Test Accuracy: 0.5232
Averaged Test AUC: 0.8744
Std Test Accuracy: 0.1542
Std Test AUC: 0.0413

--- Round 500/500 ---
Averaged Train Loss: 1.2661
Averaged Test Accuracy: 0.5266
Averaged Test AUC: 0.8763
Std Test Accuracy: 0.1266
Std Test AUC: 0.0349

========== Training Complete ==========
Best Test Accuracy: 0.5378525811601916
File path: ../results/Cifar10_FedEntPlusSmooth_smooth_trial01_0065_0.h5

Average time cost: 1886.39s.
Length:  501
std for best accuracy: 0.0
mean for best accuracy: 0.5378525811601916
All done!

Storage on cuda:0
-------------------------------------------------------------------------------
Total Tensors: 205577892 	Used Memory: 563.23M
The allocated memory on cuda:0: 581.35M
Memory differs due to the matrix alignment or invisible gradient buffer tensors
-------------------------------------------------------------------------------
