==================================================
goal = smooth_trial01_0056
device = cuda
device_id = 0
dataset = Cifar10
num_classes = 10
model = CNN
batch_size = 64
local_learning_rate = 0.01
learning_rate_decay = True
learning_rate_decay_gamma = 0.98
global_rounds = 500
top_cnt = 100
local_epochs = 5
algorithm = FedEntPlusSmooth
join_ratio = 0.1
random_join_ratio = False
num_clients = 100
prev = 0
times = 1
eval_gap = 1
save_folder_name = items
auto_break = False
dlg_eval = False
dlg_gap = 100
batch_num_per_client = 2
num_new_clients = 0
fine_tuning_epoch_new = 0
feature_dim = 512
vocab_size = 32000
max_len = 200
client_drop_rate = 0.0
train_slow_rate = 0.0
send_slow_rate = 0.0
time_select = False
time_threthold = 10000
beta = 0.0
lamda = 1.0
mu = 0.0
K = 5
p_learning_rate = 0.01
M = 5
itk = 4000
alphaK = 1.0
sigma = 1.0
alpha = 1.0
plocal_epochs = 1
tau = 1.0
fine_tuning_epochs = 10
dr_learning_rate = 0.0
L = 1.0
noise_dim = 512
generator_learning_rate = 0.005
hidden_dim = 512
server_epochs = 1000
localize_feature_extractor = False
server_learning_rate = 1.0
eta = 1.0
rand_percent = 80
layer_idx = 2
mentee_learning_rate = 0.005
T_start = 0.95
T_end = 0.98
momentum = 0.9
kl_weight = 0.0
buffer_size = 0
dp_epsilon = 0.0
H_min = None
alpha_vp = 0.0
enable_dynamic_param = False
log_fedent = False
log_filename = None
dynamic_config_path = /home/john/PFLlib/system/auto_configs/smooth_trial01_0056.json
==================================================

============= Running time: 0th =============
Creating server and clients ...
FedAvgCNN(
  (conv1): Sequential(
    (0): Conv2d(3, 32, kernel_size=(5, 5), stride=(1, 1))
    (1): ReLU(inplace=True)
    (2): MaxPool2d(kernel_size=(2, 2), stride=(2, 2), padding=0, dilation=1, ceil_mode=False)
  )
  (conv2): Sequential(
    (0): Conv2d(32, 64, kernel_size=(5, 5), stride=(1, 1))
    (1): ReLU(inplace=True)
    (2): MaxPool2d(kernel_size=(2, 2), stride=(2, 2), padding=0, dilation=1, ceil_mode=False)
  )
  (fc1): Sequential(
    (0): Linear(in_features=1600, out_features=512, bias=True)
    (1): ReLU(inplace=True)
  )
  (fc): Linear(in_features=512, out_features=10, bias=True)
)

Join ratio / total clients: 0.1 / 100
Finished creating server and clients.

--- Round 0/500 ---
Averaged Train Loss: 2.3038
Averaged Test Accuracy: 0.0928
Averaged Test AUC: 0.4894
Std Test Accuracy: 0.1434
Std Test AUC: 0.2233

--- Round 1/500 ---
Averaged Train Loss: 2.4030
Averaged Test Accuracy: 0.0989
Averaged Test AUC: 0.5104
Std Test Accuracy: 0.2400
Std Test AUC: 0.2631

--- Round 2/500 ---
Averaged Train Loss: 2.5118
Averaged Test Accuracy: 0.1404
Averaged Test AUC: 0.5225
Std Test Accuracy: 0.2349
Std Test AUC: 0.2542

--- Round 3/500 ---
Averaged Train Loss: 2.6411
Averaged Test Accuracy: 0.1186
Averaged Test AUC: 0.5344
Std Test Accuracy: 0.2100
Std Test AUC: 0.2577

--- Round 4/500 ---
Averaged Train Loss: 2.6559
Averaged Test Accuracy: 0.1676
Averaged Test AUC: 0.5628
Std Test Accuracy: 0.2249
Std Test AUC: 0.2582

--- Round 5/500 ---
Averaged Train Loss: 2.6514
Averaged Test Accuracy: 0.1903
Averaged Test AUC: 0.5769
Std Test Accuracy: 0.2225
Std Test AUC: 0.2623

--- Round 6/500 ---
Averaged Train Loss: 2.4808
Averaged Test Accuracy: 0.1893
Averaged Test AUC: 0.6000
Std Test Accuracy: 0.1914
Std Test AUC: 0.2529

--- Round 7/500 ---
Averaged Train Loss: 2.4863
Averaged Test Accuracy: 0.2106
Averaged Test AUC: 0.6069
Std Test Accuracy: 0.2300
Std Test AUC: 0.2572

--- Round 8/500 ---
Averaged Train Loss: 2.3866
Averaged Test Accuracy: 0.2121
Averaged Test AUC: 0.6207
Std Test Accuracy: 0.2198
Std Test AUC: 0.2434

--- Round 9/500 ---
Averaged Train Loss: 2.4140
Averaged Test Accuracy: 0.2163
Averaged Test AUC: 0.6252
Std Test Accuracy: 0.2187
Std Test AUC: 0.2492

--- Round 10/500 ---
Averaged Train Loss: 2.4458
Averaged Test Accuracy: 0.2232
Averaged Test AUC: 0.6164
Std Test Accuracy: 0.2360
Std Test AUC: 0.2447

--- Round 11/500 ---
Averaged Train Loss: 2.3368
Averaged Test Accuracy: 0.2199
Averaged Test AUC: 0.6436
Std Test Accuracy: 0.2539
Std Test AUC: 0.2334

--- Round 12/500 ---
Averaged Train Loss: 2.2424
Averaged Test Accuracy: 0.2313
Averaged Test AUC: 0.6630
Std Test Accuracy: 0.2448
Std Test AUC: 0.2148

--- Round 13/500 ---
Averaged Train Loss: 2.3314
Averaged Test Accuracy: 0.2317
Averaged Test AUC: 0.6480
Std Test Accuracy: 0.2404
Std Test AUC: 0.2221

--- Round 14/500 ---
Averaged Train Loss: 2.3259
Averaged Test Accuracy: 0.2213
Averaged Test AUC: 0.6623
Std Test Accuracy: 0.1936
Std Test AUC: 0.2130

--- Round 15/500 ---
Averaged Train Loss: 2.2656
Averaged Test Accuracy: 0.2650
Averaged Test AUC: 0.6698
Std Test Accuracy: 0.2131
Std Test AUC: 0.2255

--- Round 16/500 ---
Averaged Train Loss: 2.2786
Averaged Test Accuracy: 0.2372
Averaged Test AUC: 0.6731
Std Test Accuracy: 0.2552
Std Test AUC: 0.2112

--- Round 17/500 ---
Averaged Train Loss: 2.2935
Averaged Test Accuracy: 0.2447
Averaged Test AUC: 0.6712
Std Test Accuracy: 0.2274
Std Test AUC: 0.2084

--- Round 18/500 ---
Averaged Train Loss: 2.2802
Averaged Test Accuracy: 0.2453
Averaged Test AUC: 0.6782
Std Test Accuracy: 0.2399
Std Test AUC: 0.2134

--- Round 19/500 ---
Averaged Train Loss: 2.2358
Averaged Test Accuracy: 0.2706
Averaged Test AUC: 0.6855
Std Test Accuracy: 0.2441
Std Test AUC: 0.2164

--- Round 20/500 ---
Averaged Train Loss: 2.2424
Averaged Test Accuracy: 0.2529
Averaged Test AUC: 0.6881
Std Test Accuracy: 0.2436
Std Test AUC: 0.2098

--- Round 21/500 ---
Averaged Train Loss: 2.2202
Averaged Test Accuracy: 0.2718
Averaged Test AUC: 0.6928
Std Test Accuracy: 0.2053
Std Test AUC: 0.2032

--- Round 22/500 ---
Averaged Train Loss: 2.2311
Averaged Test Accuracy: 0.2720
Averaged Test AUC: 0.6942
Std Test Accuracy: 0.2168
Std Test AUC: 0.2053

--- Round 23/500 ---
Averaged Train Loss: 2.1745
Averaged Test Accuracy: 0.2746
Averaged Test AUC: 0.7015
Std Test Accuracy: 0.2313
Std Test AUC: 0.2014

--- Round 24/500 ---
Averaged Train Loss: 2.2383
Averaged Test Accuracy: 0.2777
Averaged Test AUC: 0.6948
Std Test Accuracy: 0.2194
Std Test AUC: 0.2101

--- Round 25/500 ---
Averaged Train Loss: 2.2225
Averaged Test Accuracy: 0.2551
Averaged Test AUC: 0.7001
Std Test Accuracy: 0.2514
Std Test AUC: 0.2013

--- Round 26/500 ---
Averaged Train Loss: 2.2762
Averaged Test Accuracy: 0.2630
Averaged Test AUC: 0.6946
Std Test Accuracy: 0.2375
Std Test AUC: 0.1957

--- Round 27/500 ---
Averaged Train Loss: 2.1902
Averaged Test Accuracy: 0.2794
Averaged Test AUC: 0.7074
Std Test Accuracy: 0.2145
Std Test AUC: 0.1950

--- Round 28/500 ---
Averaged Train Loss: 2.1928
Averaged Test Accuracy: 0.2863
Averaged Test AUC: 0.7064
Std Test Accuracy: 0.2318
Std Test AUC: 0.2056

--- Round 29/500 ---
Averaged Train Loss: 2.1377
Averaged Test Accuracy: 0.2910
Averaged Test AUC: 0.7158
Std Test Accuracy: 0.2297
Std Test AUC: 0.1924

--- Round 30/500 ---
Averaged Train Loss: 2.1785
Averaged Test Accuracy: 0.2753
Averaged Test AUC: 0.7132
Std Test Accuracy: 0.2372
Std Test AUC: 0.1882

--- Round 31/500 ---
Averaged Train Loss: 2.1098
Averaged Test Accuracy: 0.3067
Averaged Test AUC: 0.7202
Std Test Accuracy: 0.2119
Std Test AUC: 0.1920

--- Round 32/500 ---
Averaged Train Loss: 2.1511
Averaged Test Accuracy: 0.2916
Averaged Test AUC: 0.7193
Std Test Accuracy: 0.2288
Std Test AUC: 0.1922

--- Round 33/500 ---
Averaged Train Loss: 2.1311
Averaged Test Accuracy: 0.2763
Averaged Test AUC: 0.7266
Std Test Accuracy: 0.2480
Std Test AUC: 0.1805

--- Round 34/500 ---
Averaged Train Loss: 2.0184
Averaged Test Accuracy: 0.2979
Averaged Test AUC: 0.7452
Std Test Accuracy: 0.2220
Std Test AUC: 0.1619

--- Round 35/500 ---
Averaged Train Loss: 2.1249
Averaged Test Accuracy: 0.2768
Averaged Test AUC: 0.7284
Std Test Accuracy: 0.2402
Std Test AUC: 0.1746

--- Round 36/500 ---
Averaged Train Loss: 2.2663
Averaged Test Accuracy: 0.2699
Averaged Test AUC: 0.7068
Std Test Accuracy: 0.2496
Std Test AUC: 0.1996

--- Round 37/500 ---
Averaged Train Loss: 2.1398
Averaged Test Accuracy: 0.2828
Averaged Test AUC: 0.7260
Std Test Accuracy: 0.2389
Std Test AUC: 0.1820

--- Round 38/500 ---
Averaged Train Loss: 2.0896
Averaged Test Accuracy: 0.2935
Averaged Test AUC: 0.7368
Std Test Accuracy: 0.1965
Std Test AUC: 0.1727

--- Round 39/500 ---
Averaged Train Loss: 2.2303
Averaged Test Accuracy: 0.2802
Averaged Test AUC: 0.7133
Std Test Accuracy: 0.2426
Std Test AUC: 0.2009

--- Round 40/500 ---
Averaged Train Loss: 2.0928
Averaged Test Accuracy: 0.3065
Averaged Test AUC: 0.7339
Std Test Accuracy: 0.2133
Std Test AUC: 0.1896

--- Round 41/500 ---
Averaged Train Loss: 2.0843
Averaged Test Accuracy: 0.3059
Averaged Test AUC: 0.7376
Std Test Accuracy: 0.2010
Std Test AUC: 0.1842

--- Round 42/500 ---
Averaged Train Loss: 2.1014
Averaged Test Accuracy: 0.2960
Averaged Test AUC: 0.7348
Std Test Accuracy: 0.2267
Std Test AUC: 0.1810

--- Round 43/500 ---
Averaged Train Loss: 2.0062
Averaged Test Accuracy: 0.3040
Averaged Test AUC: 0.7518
Std Test Accuracy: 0.2411
Std Test AUC: 0.1693

--- Round 44/500 ---
Averaged Train Loss: 2.0473
Averaged Test Accuracy: 0.3168
Averaged Test AUC: 0.7450
Std Test Accuracy: 0.2208
Std Test AUC: 0.1721

--- Round 45/500 ---
Averaged Train Loss: 2.0936
Averaged Test Accuracy: 0.3161
Averaged Test AUC: 0.7388
Std Test Accuracy: 0.2221
Std Test AUC: 0.1804

--- Round 46/500 ---
Averaged Train Loss: 2.0324
Averaged Test Accuracy: 0.3208
Averaged Test AUC: 0.7470
Std Test Accuracy: 0.2244
Std Test AUC: 0.1707

--- Round 47/500 ---
Averaged Train Loss: 2.0657
Averaged Test Accuracy: 0.3135
Averaged Test AUC: 0.7454
Std Test Accuracy: 0.2265
Std Test AUC: 0.1711

--- Round 48/500 ---
Averaged Train Loss: 1.9980
Averaged Test Accuracy: 0.3282
Averaged Test AUC: 0.7516
Std Test Accuracy: 0.2151
Std Test AUC: 0.1683

--- Round 49/500 ---
Averaged Train Loss: 2.0324
Averaged Test Accuracy: 0.3065
Averaged Test AUC: 0.7483
Std Test Accuracy: 0.2362
Std Test AUC: 0.1628

--- Round 50/500 ---
Averaged Train Loss: 1.9000
Averaged Test Accuracy: 0.3268
Averaged Test AUC: 0.7705
Std Test Accuracy: 0.2231
Std Test AUC: 0.1405

--- Round 51/500 ---
Averaged Train Loss: 2.0088
Averaged Test Accuracy: 0.3218
Averaged Test AUC: 0.7534
Std Test Accuracy: 0.2277
Std Test AUC: 0.1632

--- Round 52/500 ---
Averaged Train Loss: 2.0368
Averaged Test Accuracy: 0.3070
Averaged Test AUC: 0.7515
Std Test Accuracy: 0.2366
Std Test AUC: 0.1579

--- Round 53/500 ---
Averaged Train Loss: 1.9527
Averaged Test Accuracy: 0.3271
Averaged Test AUC: 0.7620
Std Test Accuracy: 0.2151
Std Test AUC: 0.1542

--- Round 54/500 ---
Averaged Train Loss: 1.9796
Averaged Test Accuracy: 0.3238
Averaged Test AUC: 0.7597
Std Test Accuracy: 0.1946
Std Test AUC: 0.1574

--- Round 55/500 ---
Averaged Train Loss: 1.9336
Averaged Test Accuracy: 0.3290
Averaged Test AUC: 0.7670
Std Test Accuracy: 0.2182
Std Test AUC: 0.1492

--- Round 56/500 ---
Averaged Train Loss: 1.9764
Averaged Test Accuracy: 0.3308
Averaged Test AUC: 0.7625
Std Test Accuracy: 0.2157
Std Test AUC: 0.1564

--- Round 57/500 ---
Averaged Train Loss: 1.9916
Averaged Test Accuracy: 0.3348
Averaged Test AUC: 0.7592
Std Test Accuracy: 0.2098
Std Test AUC: 0.1625

--- Round 58/500 ---
Averaged Train Loss: 1.9670
Averaged Test Accuracy: 0.3240
Averaged Test AUC: 0.7624
Std Test Accuracy: 0.2238
Std Test AUC: 0.1596

--- Round 59/500 ---
Averaged Train Loss: 1.9469
Averaged Test Accuracy: 0.3151
Averaged Test AUC: 0.7657
Std Test Accuracy: 0.2399
Std Test AUC: 0.1449

--- Round 60/500 ---
Averaged Train Loss: 1.9269
Averaged Test Accuracy: 0.3348
Averaged Test AUC: 0.7666
Std Test Accuracy: 0.2096
Std Test AUC: 0.1528

--- Round 61/500 ---
Averaged Train Loss: 1.9239
Averaged Test Accuracy: 0.3259
Averaged Test AUC: 0.7720
Std Test Accuracy: 0.2285
Std Test AUC: 0.1430

--- Round 62/500 ---
Averaged Train Loss: 1.9126
Averaged Test Accuracy: 0.3285
Averaged Test AUC: 0.7701
Std Test Accuracy: 0.2280
Std Test AUC: 0.1486

--- Round 63/500 ---
Averaged Train Loss: 1.9292
Averaged Test Accuracy: 0.3345
Averaged Test AUC: 0.7677
Std Test Accuracy: 0.1969
Std Test AUC: 0.1523

--- Round 64/500 ---
Averaged Train Loss: 1.9568
Averaged Test Accuracy: 0.3377
Averaged Test AUC: 0.7662
Std Test Accuracy: 0.2243
Std Test AUC: 0.1583

--- Round 65/500 ---
Averaged Train Loss: 1.9401
Averaged Test Accuracy: 0.3350
Averaged Test AUC: 0.7667
Std Test Accuracy: 0.2195
Std Test AUC: 0.1552

--- Round 66/500 ---
Averaged Train Loss: 1.8853
Averaged Test Accuracy: 0.3472
Averaged Test AUC: 0.7763
Std Test Accuracy: 0.2114
Std Test AUC: 0.1423

--- Round 67/500 ---
Averaged Train Loss: 1.9619
Averaged Test Accuracy: 0.3212
Averaged Test AUC: 0.7676
Std Test Accuracy: 0.2464
Std Test AUC: 0.1546

--- Round 68/500 ---
Averaged Train Loss: 1.8957
Averaged Test Accuracy: 0.3530
Averaged Test AUC: 0.7734
Std Test Accuracy: 0.2139
Std Test AUC: 0.1437

--- Round 69/500 ---
Averaged Train Loss: 1.9103
Averaged Test Accuracy: 0.3222
Averaged Test AUC: 0.7742
Std Test Accuracy: 0.2384
Std Test AUC: 0.1333

--- Round 70/500 ---
Averaged Train Loss: 1.8799
Averaged Test Accuracy: 0.3451
Averaged Test AUC: 0.7760
Std Test Accuracy: 0.2245
Std Test AUC: 0.1439

--- Round 71/500 ---
Averaged Train Loss: 1.8556
Averaged Test Accuracy: 0.3385
Averaged Test AUC: 0.7834
Std Test Accuracy: 0.2271
Std Test AUC: 0.1360

--- Round 72/500 ---
Averaged Train Loss: 1.9162
Averaged Test Accuracy: 0.3420
Averaged Test AUC: 0.7742
Std Test Accuracy: 0.2281
Std Test AUC: 0.1478

--- Round 73/500 ---
Averaged Train Loss: 1.8995
Averaged Test Accuracy: 0.3532
Averaged Test AUC: 0.7747
Std Test Accuracy: 0.1935
Std Test AUC: 0.1492

--- Round 74/500 ---
Averaged Train Loss: 1.8828
Averaged Test Accuracy: 0.3561
Averaged Test AUC: 0.7773
Std Test Accuracy: 0.2111
Std Test AUC: 0.1452

--- Round 75/500 ---
Averaged Train Loss: 1.9046
Averaged Test Accuracy: 0.3385
Averaged Test AUC: 0.7774
Std Test Accuracy: 0.2236
Std Test AUC: 0.1433

--- Round 76/500 ---
Averaged Train Loss: 1.8143
Averaged Test Accuracy: 0.3606
Averaged Test AUC: 0.7896
Std Test Accuracy: 0.1955
Std Test AUC: 0.1291

--- Round 77/500 ---
Averaged Train Loss: 1.8816
Averaged Test Accuracy: 0.3477
Averaged Test AUC: 0.7798
Std Test Accuracy: 0.1885
Std Test AUC: 0.1396

--- Round 78/500 ---
Averaged Train Loss: 1.8687
Averaged Test Accuracy: 0.3432
Averaged Test AUC: 0.7837
Std Test Accuracy: 0.2149
Std Test AUC: 0.1358

--- Round 79/500 ---
Averaged Train Loss: 1.8168
Averaged Test Accuracy: 0.3505
Averaged Test AUC: 0.7903
Std Test Accuracy: 0.2179
Std Test AUC: 0.1334

--- Round 80/500 ---
Averaged Train Loss: 1.9111
Averaged Test Accuracy: 0.3328
Averaged Test AUC: 0.7778
Std Test Accuracy: 0.2379
Std Test AUC: 0.1470

--- Round 81/500 ---
Averaged Train Loss: 1.8778
Averaged Test Accuracy: 0.3545
Averaged Test AUC: 0.7786
Std Test Accuracy: 0.2018
Std Test AUC: 0.1485

--- Round 82/500 ---
Averaged Train Loss: 1.8784
Averaged Test Accuracy: 0.3495
Averaged Test AUC: 0.7790
Std Test Accuracy: 0.2217
Std Test AUC: 0.1474

--- Round 83/500 ---
Averaged Train Loss: 1.8211
Averaged Test Accuracy: 0.3553
Averaged Test AUC: 0.7898
Std Test Accuracy: 0.2154
Std Test AUC: 0.1269

--- Round 84/500 ---
Averaged Train Loss: 1.8362
Averaged Test Accuracy: 0.3606
Averaged Test AUC: 0.7867
Std Test Accuracy: 0.2177
Std Test AUC: 0.1304

--- Round 85/500 ---
Averaged Train Loss: 1.8890
Averaged Test Accuracy: 0.3413
Averaged Test AUC: 0.7809
Std Test Accuracy: 0.2261
Std Test AUC: 0.1319

--- Round 86/500 ---
Averaged Train Loss: 1.8177
Averaged Test Accuracy: 0.3494
Averaged Test AUC: 0.7919
Std Test Accuracy: 0.2182
Std Test AUC: 0.1218

--- Round 87/500 ---
Averaged Train Loss: 1.8393
Averaged Test Accuracy: 0.3479
Averaged Test AUC: 0.7860
Std Test Accuracy: 0.2146
Std Test AUC: 0.1230

--- Round 88/500 ---
Averaged Train Loss: 1.7438
Averaged Test Accuracy: 0.3727
Averaged Test AUC: 0.8004
Std Test Accuracy: 0.1878
Std Test AUC: 0.1133

--- Round 89/500 ---
Averaged Train Loss: 1.7820
Averaged Test Accuracy: 0.3681
Averaged Test AUC: 0.7951
Std Test Accuracy: 0.2039
Std Test AUC: 0.1195

--- Round 90/500 ---
Averaged Train Loss: 1.8177
Averaged Test Accuracy: 0.3522
Averaged Test AUC: 0.7913
Std Test Accuracy: 0.2244
Std Test AUC: 0.1214

--- Round 91/500 ---
Averaged Train Loss: 1.8123
Averaged Test Accuracy: 0.3503
Averaged Test AUC: 0.7946
Std Test Accuracy: 0.2208
Std Test AUC: 0.1192

--- Round 92/500 ---
Averaged Train Loss: 1.7758
Averaged Test Accuracy: 0.3714
Averaged Test AUC: 0.7958
Std Test Accuracy: 0.2057
Std Test AUC: 0.1199

--- Round 93/500 ---
Averaged Train Loss: 1.8396
Averaged Test Accuracy: 0.3683
Averaged Test AUC: 0.7862
Std Test Accuracy: 0.2110
Std Test AUC: 0.1364

--- Round 94/500 ---
Averaged Train Loss: 1.8297
Averaged Test Accuracy: 0.3681
Averaged Test AUC: 0.7908
Std Test Accuracy: 0.2116
Std Test AUC: 0.1234

--- Round 95/500 ---
Averaged Train Loss: 1.8209
Averaged Test Accuracy: 0.3689
Averaged Test AUC: 0.7895
Std Test Accuracy: 0.1902
Std Test AUC: 0.1304

--- Round 96/500 ---
Averaged Train Loss: 1.8202
Averaged Test Accuracy: 0.3570
Averaged Test AUC: 0.7928
Std Test Accuracy: 0.2129
Std Test AUC: 0.1243

--- Round 97/500 ---
Averaged Train Loss: 1.7411
Averaged Test Accuracy: 0.3755
Averaged Test AUC: 0.8033
Std Test Accuracy: 0.2022
Std Test AUC: 0.1083

--- Round 98/500 ---
Averaged Train Loss: 1.7733
Averaged Test Accuracy: 0.3620
Averaged Test AUC: 0.7987
Std Test Accuracy: 0.2169
Std Test AUC: 0.1170

--- Round 99/500 ---
Averaged Train Loss: 1.7836
Averaged Test Accuracy: 0.3611
Averaged Test AUC: 0.7971
Std Test Accuracy: 0.2178
Std Test AUC: 0.1205

--- Round 100/500 ---
Averaged Train Loss: 1.8097
Averaged Test Accuracy: 0.3534
Averaged Test AUC: 0.7943
Std Test Accuracy: 0.2229
Std Test AUC: 0.1225

--- Round 101/500 ---
Averaged Train Loss: 1.7553
Averaged Test Accuracy: 0.3746
Averaged Test AUC: 0.8000
Std Test Accuracy: 0.2050
Std Test AUC: 0.1136

--- Round 102/500 ---
Averaged Train Loss: 1.8061
Averaged Test Accuracy: 0.3590
Averaged Test AUC: 0.7933
Std Test Accuracy: 0.2156
Std Test AUC: 0.1159

--- Round 103/500 ---
Averaged Train Loss: 1.7855
Averaged Test Accuracy: 0.3705
Averaged Test AUC: 0.7956
Std Test Accuracy: 0.2018
Std Test AUC: 0.1156

--- Round 104/500 ---
Averaged Train Loss: 1.7759
Averaged Test Accuracy: 0.3727
Averaged Test AUC: 0.7982
Std Test Accuracy: 0.2128
Std Test AUC: 0.1125

--- Round 105/500 ---
Averaged Train Loss: 1.8275
Averaged Test Accuracy: 0.3562
Averaged Test AUC: 0.7921
Std Test Accuracy: 0.2264
Std Test AUC: 0.1137

--- Round 106/500 ---
Averaged Train Loss: 1.7712
Averaged Test Accuracy: 0.3706
Averaged Test AUC: 0.7977
Std Test Accuracy: 0.2024
Std Test AUC: 0.1147

--- Round 107/500 ---
Averaged Train Loss: 1.7635
Averaged Test Accuracy: 0.3760
Averaged Test AUC: 0.8000
Std Test Accuracy: 0.2074
Std Test AUC: 0.1137

--- Round 108/500 ---
Averaged Train Loss: 1.7320
Averaged Test Accuracy: 0.3732
Averaged Test AUC: 0.8061
Std Test Accuracy: 0.2111
Std Test AUC: 0.1107

--- Round 109/500 ---
Averaged Train Loss: 1.7671
Averaged Test Accuracy: 0.3784
Averaged Test AUC: 0.7989
Std Test Accuracy: 0.1851
Std Test AUC: 0.1209

--- Round 110/500 ---
Averaged Train Loss: 1.7376
Averaged Test Accuracy: 0.3804
Averaged Test AUC: 0.8029
Std Test Accuracy: 0.1969
Std Test AUC: 0.1150

--- Round 111/500 ---
Averaged Train Loss: 1.7093
Averaged Test Accuracy: 0.3829
Averaged Test AUC: 0.8080
Std Test Accuracy: 0.1955
Std Test AUC: 0.1139

--- Round 112/500 ---
Averaged Train Loss: 1.7340
Averaged Test Accuracy: 0.3819
Averaged Test AUC: 0.8036
Std Test Accuracy: 0.2057
Std Test AUC: 0.1189

--- Round 113/500 ---
Averaged Train Loss: 1.6991
Averaged Test Accuracy: 0.3898
Averaged Test AUC: 0.8097
Std Test Accuracy: 0.1923
Std Test AUC: 0.1146

--- Round 114/500 ---
Averaged Train Loss: 1.6873
Averaged Test Accuracy: 0.3945
Averaged Test AUC: 0.8110
Std Test Accuracy: 0.1717
Std Test AUC: 0.1072

--- Round 115/500 ---
Averaged Train Loss: 1.7420
Averaged Test Accuracy: 0.3918
Averaged Test AUC: 0.8038
Std Test Accuracy: 0.1893
Std Test AUC: 0.1212

--- Round 116/500 ---
Averaged Train Loss: 1.7378
Averaged Test Accuracy: 0.3915
Averaged Test AUC: 0.8037
Std Test Accuracy: 0.1949
Std Test AUC: 0.1191

--- Round 117/500 ---
Averaged Train Loss: 1.7478
Averaged Test Accuracy: 0.3809
Averaged Test AUC: 0.8009
Std Test Accuracy: 0.2093
Std Test AUC: 0.1214

--- Round 118/500 ---
Averaged Train Loss: 1.7468
Averaged Test Accuracy: 0.3918
Averaged Test AUC: 0.8036
Std Test Accuracy: 0.1873
Std Test AUC: 0.1171

--- Round 119/500 ---
Averaged Train Loss: 1.7294
Averaged Test Accuracy: 0.3946
Averaged Test AUC: 0.8031
Std Test Accuracy: 0.1803
Std Test AUC: 0.1213

--- Round 120/500 ---
Averaged Train Loss: 1.7391
Averaged Test Accuracy: 0.3916
Averaged Test AUC: 0.8011
Std Test Accuracy: 0.1849
Std Test AUC: 0.1248

--- Round 121/500 ---
Averaged Train Loss: 1.7396
Averaged Test Accuracy: 0.3900
Averaged Test AUC: 0.8026
Std Test Accuracy: 0.1973
Std Test AUC: 0.1214

--- Round 122/500 ---
Averaged Train Loss: 1.7441
Averaged Test Accuracy: 0.3875
Averaged Test AUC: 0.8031
Std Test Accuracy: 0.2036
Std Test AUC: 0.1188

--- Round 123/500 ---
Averaged Train Loss: 1.5825
Averaged Test Accuracy: 0.4146
Averaged Test AUC: 0.8330
Std Test Accuracy: 0.1679
Std Test AUC: 0.0526

--- Round 124/500 ---
Averaged Train Loss: 1.5749
Averaged Test Accuracy: 0.4112
Averaged Test AUC: 0.8334
Std Test Accuracy: 0.1362
Std Test AUC: 0.0454

--- Round 125/500 ---
Averaged Train Loss: 1.7341
Averaged Test Accuracy: 0.3540
Averaged Test AUC: 0.8074
Std Test Accuracy: 0.1555
Std Test AUC: 0.0641

--- Round 126/500 ---
Averaged Train Loss: 1.6017
Averaged Test Accuracy: 0.4082
Averaged Test AUC: 0.8290
Std Test Accuracy: 0.1857
Std Test AUC: 0.0564

--- Round 127/500 ---
Averaged Train Loss: 1.5757
Averaged Test Accuracy: 0.4188
Averaged Test AUC: 0.8336
Std Test Accuracy: 0.1854
Std Test AUC: 0.0630

--- Round 128/500 ---
Averaged Train Loss: 1.5825
Averaged Test Accuracy: 0.4081
Averaged Test AUC: 0.8314
Std Test Accuracy: 0.1414
Std Test AUC: 0.0468

--- Round 129/500 ---
Averaged Train Loss: 1.5671
Averaged Test Accuracy: 0.4174
Averaged Test AUC: 0.8365
Std Test Accuracy: 0.1802
Std Test AUC: 0.0553

--- Round 130/500 ---
Averaged Train Loss: 1.6517
Averaged Test Accuracy: 0.3763
Averaged Test AUC: 0.8235
Std Test Accuracy: 0.1871
Std Test AUC: 0.0644

--- Round 131/500 ---
Averaged Train Loss: 1.5931
Averaged Test Accuracy: 0.4001
Averaged Test AUC: 0.8300
Std Test Accuracy: 0.1704
Std Test AUC: 0.0647

--- Round 132/500 ---
Averaged Train Loss: 1.5707
Averaged Test Accuracy: 0.4145
Averaged Test AUC: 0.8350
Std Test Accuracy: 0.1719
Std Test AUC: 0.0610

--- Round 133/500 ---
Averaged Train Loss: 1.6030
Averaged Test Accuracy: 0.3966
Averaged Test AUC: 0.8318
Std Test Accuracy: 0.1861
Std Test AUC: 0.0564

--- Round 134/500 ---
Averaged Train Loss: 1.6185
Averaged Test Accuracy: 0.3953
Averaged Test AUC: 0.8248
Std Test Accuracy: 0.1455
Std Test AUC: 0.0522

--- Round 135/500 ---
Averaged Train Loss: 1.6533
Averaged Test Accuracy: 0.3799
Averaged Test AUC: 0.8260
Std Test Accuracy: 0.2033
Std Test AUC: 0.0745

--- Round 136/500 ---
Averaged Train Loss: 1.5999
Averaged Test Accuracy: 0.4027
Averaged Test AUC: 0.8361
Std Test Accuracy: 0.1703
Std Test AUC: 0.0436

--- Round 137/500 ---
Averaged Train Loss: 1.6397
Averaged Test Accuracy: 0.3949
Averaged Test AUC: 0.8198
Std Test Accuracy: 0.1277
Std Test AUC: 0.0551

--- Round 138/500 ---
Averaged Train Loss: 1.5154
Averaged Test Accuracy: 0.4383
Averaged Test AUC: 0.8425
Std Test Accuracy: 0.1370
Std Test AUC: 0.0386

--- Round 139/500 ---
Averaged Train Loss: 1.6337
Averaged Test Accuracy: 0.3978
Averaged Test AUC: 0.8258
Std Test Accuracy: 0.1994
Std Test AUC: 0.0761

--- Round 140/500 ---
Averaged Train Loss: 1.6110
Averaged Test Accuracy: 0.3975
Averaged Test AUC: 0.8272
Std Test Accuracy: 0.1270
Std Test AUC: 0.0468

--- Round 141/500 ---
Averaged Train Loss: 1.5048
Averaged Test Accuracy: 0.4413
Averaged Test AUC: 0.8438
Std Test Accuracy: 0.1448
Std Test AUC: 0.0478

--- Round 142/500 ---
Averaged Train Loss: 1.5374
Averaged Test Accuracy: 0.4264
Averaged Test AUC: 0.8388
Std Test Accuracy: 0.1548
Std Test AUC: 0.0471

--- Round 143/500 ---
Averaged Train Loss: 1.5913
Averaged Test Accuracy: 0.4033
Averaged Test AUC: 0.8326
Std Test Accuracy: 0.1731
Std Test AUC: 0.0560

--- Round 144/500 ---
Averaged Train Loss: 1.5498
Averaged Test Accuracy: 0.4196
Averaged Test AUC: 0.8387
Std Test Accuracy: 0.1517
Std Test AUC: 0.0515

--- Round 145/500 ---
Averaged Train Loss: 1.6008
Averaged Test Accuracy: 0.3920
Averaged Test AUC: 0.8328
Std Test Accuracy: 0.1566
Std Test AUC: 0.0436

--- Round 146/500 ---
Averaged Train Loss: 1.5155
Averaged Test Accuracy: 0.4320
Averaged Test AUC: 0.8423
Std Test Accuracy: 0.1497
Std Test AUC: 0.0436

--- Round 147/500 ---
Averaged Train Loss: 1.6174
Averaged Test Accuracy: 0.4149
Averaged Test AUC: 0.8282
Std Test Accuracy: 0.2082
Std Test AUC: 0.0911

--- Round 148/500 ---
Averaged Train Loss: 1.6375
Averaged Test Accuracy: 0.3808
Averaged Test AUC: 0.8268
Std Test Accuracy: 0.1514
Std Test AUC: 0.0421

--- Round 149/500 ---
Averaged Train Loss: 1.5533
Averaged Test Accuracy: 0.4222
Averaged Test AUC: 0.8359
Std Test Accuracy: 0.1147
Std Test AUC: 0.0441

--- Round 150/500 ---
Averaged Train Loss: 1.5377
Averaged Test Accuracy: 0.4325
Averaged Test AUC: 0.8387
Std Test Accuracy: 0.1518
Std Test AUC: 0.0565

--- Round 151/500 ---
Averaged Train Loss: 1.6134
Averaged Test Accuracy: 0.3991
Averaged Test AUC: 0.8318
Std Test Accuracy: 0.2083
Std Test AUC: 0.0613

--- Round 152/500 ---
Averaged Train Loss: 1.6012
Averaged Test Accuracy: 0.4010
Averaged Test AUC: 0.8286
Std Test Accuracy: 0.1466
Std Test AUC: 0.0567

--- Round 153/500 ---
Averaged Train Loss: 1.5240
Averaged Test Accuracy: 0.4304
Averaged Test AUC: 0.8393
Std Test Accuracy: 0.1349
Std Test AUC: 0.0479

--- Round 154/500 ---
Averaged Train Loss: 1.5368
Averaged Test Accuracy: 0.4325
Averaged Test AUC: 0.8409
Std Test Accuracy: 0.1683
Std Test AUC: 0.0488

--- Round 155/500 ---
Averaged Train Loss: 1.6366
Averaged Test Accuracy: 0.3920
Averaged Test AUC: 0.8274
Std Test Accuracy: 0.1763
Std Test AUC: 0.0639

--- Round 156/500 ---
Averaged Train Loss: 1.5320
Averaged Test Accuracy: 0.4323
Averaged Test AUC: 0.8407
Std Test Accuracy: 0.1457
Std Test AUC: 0.0461

--- Round 157/500 ---
Averaged Train Loss: 1.5960
Averaged Test Accuracy: 0.3944
Averaged Test AUC: 0.8359
Std Test Accuracy: 0.1592
Std Test AUC: 0.0471

--- Round 158/500 ---
Averaged Train Loss: 1.4895
Averaged Test Accuracy: 0.4425
Averaged Test AUC: 0.8471
Std Test Accuracy: 0.1515
Std Test AUC: 0.0445

--- Round 159/500 ---
Averaged Train Loss: 1.6002
Averaged Test Accuracy: 0.4129
Averaged Test AUC: 0.8308
Std Test Accuracy: 0.1983
Std Test AUC: 0.0704

--- Round 160/500 ---
Averaged Train Loss: 1.5425
Averaged Test Accuracy: 0.4222
Averaged Test AUC: 0.8382
Std Test Accuracy: 0.1312
Std Test AUC: 0.0347

--- Round 161/500 ---
Averaged Train Loss: 1.5696
Averaged Test Accuracy: 0.4095
Averaged Test AUC: 0.8352
Std Test Accuracy: 0.1360
Std Test AUC: 0.0435

--- Round 162/500 ---
Averaged Train Loss: 1.4820
Averaged Test Accuracy: 0.4498
Averaged Test AUC: 0.8479
Std Test Accuracy: 0.1483
Std Test AUC: 0.0508

--- Round 163/500 ---
Averaged Train Loss: 1.5452
Averaged Test Accuracy: 0.4274
Averaged Test AUC: 0.8406
Std Test Accuracy: 0.1959
Std Test AUC: 0.0573

--- Round 164/500 ---
Averaged Train Loss: 1.5487
Averaged Test Accuracy: 0.4200
Averaged Test AUC: 0.8382
Std Test Accuracy: 0.1623
Std Test AUC: 0.0489

--- Round 165/500 ---
Averaged Train Loss: 1.4851
Averaged Test Accuracy: 0.4412
Averaged Test AUC: 0.8480
Std Test Accuracy: 0.1298
Std Test AUC: 0.0391

--- Round 166/500 ---
Averaged Train Loss: 1.4923
Averaged Test Accuracy: 0.4478
Averaged Test AUC: 0.8472
Std Test Accuracy: 0.1564
Std Test AUC: 0.0438

--- Round 167/500 ---
Averaged Train Loss: 1.7345
Averaged Test Accuracy: 0.3572
Averaged Test AUC: 0.8198
Std Test Accuracy: 0.2312
Std Test AUC: 0.0791

--- Round 168/500 ---
Averaged Train Loss: 1.4883
Averaged Test Accuracy: 0.4582
Averaged Test AUC: 0.8460
Std Test Accuracy: 0.1223
Std Test AUC: 0.0489

--- Round 169/500 ---
Averaged Train Loss: 1.5933
Averaged Test Accuracy: 0.3994
Averaged Test AUC: 0.8352
Std Test Accuracy: 0.1750
Std Test AUC: 0.0503

--- Round 170/500 ---
Averaged Train Loss: 1.5270
Averaged Test Accuracy: 0.4249
Averaged Test AUC: 0.8431
Std Test Accuracy: 0.1658
Std Test AUC: 0.0511

--- Round 171/500 ---
Averaged Train Loss: 1.6237
Averaged Test Accuracy: 0.4026
Averaged Test AUC: 0.8320
Std Test Accuracy: 0.2139
Std Test AUC: 0.0676

--- Round 172/500 ---
Averaged Train Loss: 1.5089
Averaged Test Accuracy: 0.4473
Averaged Test AUC: 0.8460
Std Test Accuracy: 0.1352
Std Test AUC: 0.0476

--- Round 173/500 ---
Averaged Train Loss: 1.5436
Averaged Test Accuracy: 0.4247
Averaged Test AUC: 0.8388
Std Test Accuracy: 0.1275
Std Test AUC: 0.0401

--- Round 174/500 ---
Averaged Train Loss: 1.4695
Averaged Test Accuracy: 0.4522
Averaged Test AUC: 0.8508
Std Test Accuracy: 0.1538
Std Test AUC: 0.0433

--- Round 175/500 ---
Averaged Train Loss: 1.5495
Averaged Test Accuracy: 0.4270
Averaged Test AUC: 0.8437
Std Test Accuracy: 0.1900
Std Test AUC: 0.0527

--- Round 176/500 ---
Averaged Train Loss: 1.5154
Averaged Test Accuracy: 0.4393
Averaged Test AUC: 0.8407
Std Test Accuracy: 0.1268
Std Test AUC: 0.0391

--- Round 177/500 ---
Averaged Train Loss: 1.5685
Averaged Test Accuracy: 0.4123
Averaged Test AUC: 0.8426
Std Test Accuracy: 0.1721
Std Test AUC: 0.0527

--- Round 178/500 ---
Averaged Train Loss: 1.4878
Averaged Test Accuracy: 0.4457
Averaged Test AUC: 0.8491
Std Test Accuracy: 0.1661
Std Test AUC: 0.0491

--- Round 179/500 ---
Averaged Train Loss: 1.6689
Averaged Test Accuracy: 0.3813
Averaged Test AUC: 0.8322
Std Test Accuracy: 0.2273
Std Test AUC: 0.0643

--- Round 180/500 ---
Averaged Train Loss: 1.4717
Averaged Test Accuracy: 0.4515
Averaged Test AUC: 0.8491
Std Test Accuracy: 0.1204
Std Test AUC: 0.0348

--- Round 181/500 ---
Averaged Train Loss: 1.5961
Averaged Test Accuracy: 0.4114
Averaged Test AUC: 0.8373
Std Test Accuracy: 0.1943
Std Test AUC: 0.0689

--- Round 182/500 ---
Averaged Train Loss: 1.5566
Averaged Test Accuracy: 0.4174
Averaged Test AUC: 0.8377
Std Test Accuracy: 0.1677
Std Test AUC: 0.0565

--- Round 183/500 ---
Averaged Train Loss: 1.5934
Averaged Test Accuracy: 0.4057
Averaged Test AUC: 0.8426
Std Test Accuracy: 0.2172
Std Test AUC: 0.0521

--- Round 184/500 ---
Averaged Train Loss: 1.5645
Averaged Test Accuracy: 0.4298
Averaged Test AUC: 0.8368
Std Test Accuracy: 0.1510
Std Test AUC: 0.0608

--- Round 185/500 ---
Averaged Train Loss: 1.5642
Averaged Test Accuracy: 0.4260
Averaged Test AUC: 0.8359
Std Test Accuracy: 0.1627
Std Test AUC: 0.0614

--- Round 186/500 ---
Averaged Train Loss: 1.5509
Averaged Test Accuracy: 0.4224
Averaged Test AUC: 0.8425
Std Test Accuracy: 0.2027
Std Test AUC: 0.0643

--- Round 187/500 ---
Averaged Train Loss: 1.5651
Averaged Test Accuracy: 0.4186
Averaged Test AUC: 0.8412
Std Test Accuracy: 0.1937
Std Test AUC: 0.0527

--- Round 188/500 ---
Averaged Train Loss: 1.5015
Averaged Test Accuracy: 0.4554
Averaged Test AUC: 0.8443
Std Test Accuracy: 0.1469
Std Test AUC: 0.0579

--- Round 189/500 ---
Averaged Train Loss: 1.5163
Averaged Test Accuracy: 0.4301
Averaged Test AUC: 0.8479
Std Test Accuracy: 0.1588
Std Test AUC: 0.0495

--- Round 190/500 ---
Averaged Train Loss: 1.4857
Averaged Test Accuracy: 0.4451
Averaged Test AUC: 0.8497
Std Test Accuracy: 0.1759
Std Test AUC: 0.0456

--- Round 191/500 ---
Averaged Train Loss: 1.5778
Averaged Test Accuracy: 0.4190
Averaged Test AUC: 0.8342
Std Test Accuracy: 0.1711
Std Test AUC: 0.0640

--- Round 192/500 ---
Averaged Train Loss: 1.4841
Averaged Test Accuracy: 0.4556
Averaged Test AUC: 0.8484
Std Test Accuracy: 0.1503
Std Test AUC: 0.0563

--- Round 193/500 ---
Averaged Train Loss: 1.6742
Averaged Test Accuracy: 0.3864
Averaged Test AUC: 0.8302
Std Test Accuracy: 0.1952
Std Test AUC: 0.0659

--- Round 194/500 ---
Averaged Train Loss: 1.5718
Averaged Test Accuracy: 0.4075
Averaged Test AUC: 0.8415
Std Test Accuracy: 0.2058
Std Test AUC: 0.0549

--- Round 195/500 ---
Averaged Train Loss: 1.4797
Averaged Test Accuracy: 0.4507
Averaged Test AUC: 0.8484
Std Test Accuracy: 0.1722
Std Test AUC: 0.0519

--- Round 196/500 ---
Averaged Train Loss: 1.4835
Averaged Test Accuracy: 0.4538
Averaged Test AUC: 0.8482
Std Test Accuracy: 0.1363
Std Test AUC: 0.0479

--- Round 197/500 ---
Averaged Train Loss: 1.4511
Averaged Test Accuracy: 0.4617
Averaged Test AUC: 0.8512
Std Test Accuracy: 0.1010
Std Test AUC: 0.0303

--- Round 198/500 ---
Averaged Train Loss: 1.5115
Averaged Test Accuracy: 0.4344
Averaged Test AUC: 0.8465
Std Test Accuracy: 0.1696
Std Test AUC: 0.0499

--- Round 199/500 ---
Averaged Train Loss: 1.4990
Averaged Test Accuracy: 0.4494
Averaged Test AUC: 0.8482
Std Test Accuracy: 0.1641
Std Test AUC: 0.0429

--- Round 200/500 ---
Averaged Train Loss: 1.4575
Averaged Test Accuracy: 0.4644
Averaged Test AUC: 0.8515
Std Test Accuracy: 0.1262
Std Test AUC: 0.0478

--- Round 201/500 ---
Averaged Train Loss: 1.4641
Averaged Test Accuracy: 0.4578
Averaged Test AUC: 0.8510
Std Test Accuracy: 0.1585
Std Test AUC: 0.0473

--- Round 202/500 ---
Averaged Train Loss: 1.4859
Averaged Test Accuracy: 0.4449
Averaged Test AUC: 0.8509
Std Test Accuracy: 0.1471
Std Test AUC: 0.0395

--- Round 203/500 ---
Averaged Train Loss: 1.4956
Averaged Test Accuracy: 0.4357
Averaged Test AUC: 0.8466
Std Test Accuracy: 0.1585
Std Test AUC: 0.0426

--- Round 204/500 ---
Averaged Train Loss: 1.4539
Averaged Test Accuracy: 0.4671
Averaged Test AUC: 0.8520
Std Test Accuracy: 0.1485
Std Test AUC: 0.0537

--- Round 205/500 ---
Averaged Train Loss: 1.4852
Averaged Test Accuracy: 0.4447
Averaged Test AUC: 0.8502
Std Test Accuracy: 0.1612
Std Test AUC: 0.0432

--- Round 206/500 ---
Averaged Train Loss: 1.5290
Averaged Test Accuracy: 0.4254
Averaged Test AUC: 0.8441
Std Test Accuracy: 0.1764
Std Test AUC: 0.0516

--- Round 207/500 ---
Averaged Train Loss: 1.4553
Averaged Test Accuracy: 0.4525
Averaged Test AUC: 0.8538
Std Test Accuracy: 0.1621
Std Test AUC: 0.0412

--- Round 208/500 ---
Averaged Train Loss: 1.5243
Averaged Test Accuracy: 0.4505
Averaged Test AUC: 0.8430
Std Test Accuracy: 0.1618
Std Test AUC: 0.0636

--- Round 209/500 ---
Averaged Train Loss: 1.4880
Averaged Test Accuracy: 0.4512
Averaged Test AUC: 0.8447
Std Test Accuracy: 0.1403
Std Test AUC: 0.0513

--- Round 210/500 ---
Averaged Train Loss: 1.4413
Averaged Test Accuracy: 0.4692
Averaged Test AUC: 0.8544
Std Test Accuracy: 0.1372
Std Test AUC: 0.0448

--- Round 211/500 ---
Averaged Train Loss: 1.4670
Averaged Test Accuracy: 0.4532
Averaged Test AUC: 0.8528
Std Test Accuracy: 0.1515
Std Test AUC: 0.0323

--- Round 212/500 ---
Averaged Train Loss: 1.5130
Averaged Test Accuracy: 0.4476
Averaged Test AUC: 0.8421
Std Test Accuracy: 0.1487
Std Test AUC: 0.0573

--- Round 213/500 ---
Averaged Train Loss: 1.4586
Averaged Test Accuracy: 0.4720
Averaged Test AUC: 0.8473
Std Test Accuracy: 0.1367
Std Test AUC: 0.0520

--- Round 214/500 ---
Averaged Train Loss: 1.4978
Averaged Test Accuracy: 0.4432
Averaged Test AUC: 0.8495
Std Test Accuracy: 0.1565
Std Test AUC: 0.0535

--- Round 215/500 ---
Averaged Train Loss: 1.6481
Averaged Test Accuracy: 0.3838
Averaged Test AUC: 0.8307
Std Test Accuracy: 0.2351
Std Test AUC: 0.0692

--- Round 216/500 ---
Averaged Train Loss: 1.4437
Averaged Test Accuracy: 0.4680
Averaged Test AUC: 0.8527
Std Test Accuracy: 0.1468
Std Test AUC: 0.0507

--- Round 217/500 ---
Averaged Train Loss: 1.4563
Averaged Test Accuracy: 0.4717
Averaged Test AUC: 0.8517
Std Test Accuracy: 0.1421
Std Test AUC: 0.0521

--- Round 218/500 ---
Averaged Train Loss: 1.4790
Averaged Test Accuracy: 0.4562
Averaged Test AUC: 0.8472
Std Test Accuracy: 0.1165
Std Test AUC: 0.0356

--- Round 219/500 ---
Averaged Train Loss: 1.4921
Averaged Test Accuracy: 0.4408
Averaged Test AUC: 0.8523
Std Test Accuracy: 0.1992
Std Test AUC: 0.0476

--- Round 220/500 ---
Averaged Train Loss: 1.4808
Averaged Test Accuracy: 0.4570
Averaged Test AUC: 0.8496
Std Test Accuracy: 0.1692
Std Test AUC: 0.0561

--- Round 221/500 ---
Averaged Train Loss: 1.4357
Averaged Test Accuracy: 0.4679
Averaged Test AUC: 0.8520
Std Test Accuracy: 0.1269
Std Test AUC: 0.0413

--- Round 222/500 ---
Averaged Train Loss: 1.4164
Averaged Test Accuracy: 0.4823
Averaged Test AUC: 0.8570
Std Test Accuracy: 0.1228
Std Test AUC: 0.0442

--- Round 223/500 ---
Averaged Train Loss: 1.4172
Averaged Test Accuracy: 0.4744
Averaged Test AUC: 0.8579
Std Test Accuracy: 0.1542
Std Test AUC: 0.0385

--- Round 224/500 ---
Averaged Train Loss: 1.5241
Averaged Test Accuracy: 0.4359
Averaged Test AUC: 0.8408
Std Test Accuracy: 0.1300
Std Test AUC: 0.0472

--- Round 225/500 ---
Averaged Train Loss: 1.4446
Averaged Test Accuracy: 0.4695
Averaged Test AUC: 0.8503
Std Test Accuracy: 0.1408
Std Test AUC: 0.0538

--- Round 226/500 ---
Averaged Train Loss: 1.4349
Averaged Test Accuracy: 0.4694
Averaged Test AUC: 0.8551
Std Test Accuracy: 0.0947
Std Test AUC: 0.0347

--- Round 227/500 ---
Averaged Train Loss: 1.5154
Averaged Test Accuracy: 0.4266
Averaged Test AUC: 0.8493
Std Test Accuracy: 0.2012
Std Test AUC: 0.0508

--- Round 228/500 ---
Averaged Train Loss: 1.4513
Averaged Test Accuracy: 0.4637
Averaged Test AUC: 0.8534
Std Test Accuracy: 0.1307
Std Test AUC: 0.0455

--- Round 229/500 ---
Averaged Train Loss: 1.4924
Averaged Test Accuracy: 0.4492
Averaged Test AUC: 0.8461
Std Test Accuracy: 0.1636
Std Test AUC: 0.0576

--- Round 230/500 ---
Averaged Train Loss: 1.4610
Averaged Test Accuracy: 0.4485
Averaged Test AUC: 0.8533
Std Test Accuracy: 0.1412
Std Test AUC: 0.0380

--- Round 231/500 ---
Averaged Train Loss: 1.4309
Averaged Test Accuracy: 0.4630
Averaged Test AUC: 0.8556
Std Test Accuracy: 0.1672
Std Test AUC: 0.0454

--- Round 232/500 ---
Averaged Train Loss: 1.4610
Averaged Test Accuracy: 0.4578
Averaged Test AUC: 0.8517
Std Test Accuracy: 0.1198
Std Test AUC: 0.0391

--- Round 233/500 ---
Averaged Train Loss: 1.4922
Averaged Test Accuracy: 0.4558
Averaged Test AUC: 0.8465
Std Test Accuracy: 0.1852
Std Test AUC: 0.0628

--- Round 234/500 ---
Averaged Train Loss: 1.4412
Averaged Test Accuracy: 0.4568
Averaged Test AUC: 0.8546
Std Test Accuracy: 0.1373
Std Test AUC: 0.0442

--- Round 235/500 ---
Averaged Train Loss: 1.4866
Averaged Test Accuracy: 0.4522
Averaged Test AUC: 0.8536
Std Test Accuracy: 0.1848
Std Test AUC: 0.0480

--- Round 236/500 ---
Averaged Train Loss: 1.5106
Averaged Test Accuracy: 0.4444
Averaged Test AUC: 0.8485
Std Test Accuracy: 0.1890
Std Test AUC: 0.0586

--- Round 237/500 ---
Averaged Train Loss: 1.4494
Averaged Test Accuracy: 0.4624
Averaged Test AUC: 0.8522
Std Test Accuracy: 0.1449
Std Test AUC: 0.0444

--- Round 238/500 ---
Averaged Train Loss: 1.4475
Averaged Test Accuracy: 0.4647
Averaged Test AUC: 0.8544
Std Test Accuracy: 0.1331
Std Test AUC: 0.0428

--- Round 239/500 ---
Averaged Train Loss: 1.5663
Averaged Test Accuracy: 0.4254
Averaged Test AUC: 0.8429
Std Test Accuracy: 0.2063
Std Test AUC: 0.0633

--- Round 240/500 ---
Averaged Train Loss: 1.4261
Averaged Test Accuracy: 0.4713
Averaged Test AUC: 0.8571
Std Test Accuracy: 0.1290
Std Test AUC: 0.0385

--- Round 241/500 ---
Averaged Train Loss: 1.4550
Averaged Test Accuracy: 0.4645
Averaged Test AUC: 0.8513
Std Test Accuracy: 0.1562
Std Test AUC: 0.0468

--- Round 242/500 ---
Averaged Train Loss: 1.4693
Averaged Test Accuracy: 0.4588
Averaged Test AUC: 0.8529
Std Test Accuracy: 0.1626
Std Test AUC: 0.0549

--- Round 243/500 ---
Averaged Train Loss: 1.6782
Averaged Test Accuracy: 0.3820
Averaged Test AUC: 0.8318
Std Test Accuracy: 0.2438
Std Test AUC: 0.0810

--- Round 244/500 ---
Averaged Train Loss: 1.4968
Averaged Test Accuracy: 0.4553
Averaged Test AUC: 0.8495
Std Test Accuracy: 0.1809
Std Test AUC: 0.0590

--- Round 245/500 ---
Averaged Train Loss: 1.4605
Averaged Test Accuracy: 0.4649
Averaged Test AUC: 0.8510
Std Test Accuracy: 0.1671
Std Test AUC: 0.0553

--- Round 246/500 ---
Averaged Train Loss: 1.5014
Averaged Test Accuracy: 0.4367
Averaged Test AUC: 0.8519
Std Test Accuracy: 0.1738
Std Test AUC: 0.0549

--- Round 247/500 ---
Averaged Train Loss: 1.5116
Averaged Test Accuracy: 0.4348
Averaged Test AUC: 0.8475
Std Test Accuracy: 0.1809
Std Test AUC: 0.0451

--- Round 248/500 ---
Averaged Train Loss: 1.6000
Averaged Test Accuracy: 0.4222
Averaged Test AUC: 0.8393
Std Test Accuracy: 0.2159
Std Test AUC: 0.0660

--- Round 249/500 ---
Averaged Train Loss: 1.4396
Averaged Test Accuracy: 0.4647
Averaged Test AUC: 0.8557
Std Test Accuracy: 0.1592
Std Test AUC: 0.0418

--- Round 250/500 ---
Averaged Train Loss: 1.5654
Averaged Test Accuracy: 0.4236
Averaged Test AUC: 0.8399
Std Test Accuracy: 0.1712
Std Test AUC: 0.0653

--- Round 251/500 ---
Averaged Train Loss: 1.5356
Averaged Test Accuracy: 0.4292
Averaged Test AUC: 0.8495
Std Test Accuracy: 0.1991
Std Test AUC: 0.0491

--- Round 252/500 ---
Averaged Train Loss: 1.4406
Averaged Test Accuracy: 0.4659
Averaged Test AUC: 0.8571
Std Test Accuracy: 0.1894
Std Test AUC: 0.0516

--- Round 253/500 ---
Averaged Train Loss: 1.4356
Averaged Test Accuracy: 0.4679
Averaged Test AUC: 0.8525
Std Test Accuracy: 0.1041
Std Test AUC: 0.0365

--- Round 254/500 ---
Averaged Train Loss: 1.5224
Averaged Test Accuracy: 0.4299
Averaged Test AUC: 0.8444
Std Test Accuracy: 0.1422
Std Test AUC: 0.0531

--- Round 255/500 ---
Averaged Train Loss: 1.4894
Averaged Test Accuracy: 0.4542
Averaged Test AUC: 0.8499
Std Test Accuracy: 0.1811
Std Test AUC: 0.0620

--- Round 256/500 ---
Averaged Train Loss: 1.4213
Averaged Test Accuracy: 0.4788
Averaged Test AUC: 0.8555
Std Test Accuracy: 0.1297
Std Test AUC: 0.0381

--- Round 257/500 ---
Averaged Train Loss: 1.5166
Averaged Test Accuracy: 0.4339
Averaged Test AUC: 0.8447
Std Test Accuracy: 0.1373
Std Test AUC: 0.0477

--- Round 258/500 ---
Averaged Train Loss: 1.4804
Averaged Test Accuracy: 0.4494
Averaged Test AUC: 0.8506
Std Test Accuracy: 0.1775
Std Test AUC: 0.0628

--- Round 259/500 ---
Averaged Train Loss: 1.4597
Averaged Test Accuracy: 0.4490
Averaged Test AUC: 0.8550
Std Test Accuracy: 0.1624
Std Test AUC: 0.0452

--- Round 260/500 ---
Averaged Train Loss: 1.4995
Averaged Test Accuracy: 0.4439
Averaged Test AUC: 0.8479
Std Test Accuracy: 0.1441
Std Test AUC: 0.0442

--- Round 261/500 ---
Averaged Train Loss: 1.4572
Averaged Test Accuracy: 0.4639
Averaged Test AUC: 0.8534
Std Test Accuracy: 0.1588
Std Test AUC: 0.0480

--- Round 262/500 ---
Averaged Train Loss: 1.6147
Averaged Test Accuracy: 0.4174
Averaged Test AUC: 0.8305
Std Test Accuracy: 0.1755
Std Test AUC: 0.0906

--- Round 263/500 ---
Averaged Train Loss: 1.6377
Averaged Test Accuracy: 0.3951
Averaged Test AUC: 0.8427
Std Test Accuracy: 0.2242
Std Test AUC: 0.0555

--- Round 264/500 ---
Averaged Train Loss: 1.4157
Averaged Test Accuracy: 0.4770
Averaged Test AUC: 0.8582
Std Test Accuracy: 0.1571
Std Test AUC: 0.0523

--- Round 265/500 ---
Averaged Train Loss: 1.4371
Averaged Test Accuracy: 0.4669
Averaged Test AUC: 0.8532
Std Test Accuracy: 0.0948
Std Test AUC: 0.0330

--- Round 266/500 ---
Averaged Train Loss: 1.5057
Averaged Test Accuracy: 0.4467
Averaged Test AUC: 0.8449
Std Test Accuracy: 0.1355
Std Test AUC: 0.0583

--- Round 267/500 ---
Averaged Train Loss: 1.4520
Averaged Test Accuracy: 0.4699
Averaged Test AUC: 0.8530
Std Test Accuracy: 0.1343
Std Test AUC: 0.0522

--- Round 268/500 ---
Averaged Train Loss: 1.4508
Averaged Test Accuracy: 0.4692
Averaged Test AUC: 0.8521
Std Test Accuracy: 0.1547
Std Test AUC: 0.0546

--- Round 269/500 ---
Averaged Train Loss: 1.5043
Averaged Test Accuracy: 0.4303
Averaged Test AUC: 0.8490
Std Test Accuracy: 0.1475
Std Test AUC: 0.0434

--- Round 270/500 ---
Averaged Train Loss: 1.3976
Averaged Test Accuracy: 0.4854
Averaged Test AUC: 0.8601
Std Test Accuracy: 0.1400
Std Test AUC: 0.0477

--- Round 271/500 ---
Averaged Train Loss: 1.4604
Averaged Test Accuracy: 0.4511
Averaged Test AUC: 0.8524
Std Test Accuracy: 0.1757
Std Test AUC: 0.0458

--- Round 272/500 ---
Averaged Train Loss: 1.4713
Averaged Test Accuracy: 0.4670
Averaged Test AUC: 0.8486
Std Test Accuracy: 0.1738
Std Test AUC: 0.0586

--- Round 273/500 ---
Averaged Train Loss: 1.4309
Averaged Test Accuracy: 0.4623
Averaged Test AUC: 0.8565
Std Test Accuracy: 0.1467
Std Test AUC: 0.0409

--- Round 274/500 ---
Averaged Train Loss: 1.4326
Averaged Test Accuracy: 0.4627
Averaged Test AUC: 0.8543
Std Test Accuracy: 0.1551
Std Test AUC: 0.0463

--- Round 275/500 ---
Averaged Train Loss: 1.4399
Averaged Test Accuracy: 0.4592
Averaged Test AUC: 0.8536
Std Test Accuracy: 0.1317
Std Test AUC: 0.0411

--- Round 276/500 ---
Averaged Train Loss: 1.4725
Averaged Test Accuracy: 0.4613
Averaged Test AUC: 0.8513
Std Test Accuracy: 0.1848
Std Test AUC: 0.0658

--- Round 277/500 ---
Averaged Train Loss: 1.4840
Averaged Test Accuracy: 0.4456
Averaged Test AUC: 0.8483
Std Test Accuracy: 0.1780
Std Test AUC: 0.0451

--- Round 278/500 ---
Averaged Train Loss: 1.4239
Averaged Test Accuracy: 0.4771
Averaged Test AUC: 0.8540
Std Test Accuracy: 0.1231
Std Test AUC: 0.0442

--- Round 279/500 ---
Averaged Train Loss: 1.4460
Averaged Test Accuracy: 0.4588
Averaged Test AUC: 0.8573
Std Test Accuracy: 0.1502
Std Test AUC: 0.0485

--- Round 280/500 ---
Averaged Train Loss: 1.4081
Averaged Test Accuracy: 0.4792
Averaged Test AUC: 0.8582
Std Test Accuracy: 0.1405
Std Test AUC: 0.0402

--- Round 281/500 ---
Averaged Train Loss: 1.6161
Averaged Test Accuracy: 0.4021
Averaged Test AUC: 0.8390
Std Test Accuracy: 0.2160
Std Test AUC: 0.0612

--- Round 282/500 ---
Averaged Train Loss: 1.4466
Averaged Test Accuracy: 0.4659
Averaged Test AUC: 0.8558
Std Test Accuracy: 0.1552
Std Test AUC: 0.0550

--- Round 283/500 ---
Averaged Train Loss: 1.4009
Averaged Test Accuracy: 0.4815
Averaged Test AUC: 0.8569
Std Test Accuracy: 0.0847
Std Test AUC: 0.0246

--- Round 284/500 ---
Averaged Train Loss: 1.4247
Averaged Test Accuracy: 0.4751
Averaged Test AUC: 0.8559
Std Test Accuracy: 0.1513
Std Test AUC: 0.0448

--- Round 285/500 ---
Averaged Train Loss: 1.4074
Averaged Test Accuracy: 0.4788
Averaged Test AUC: 0.8588
Std Test Accuracy: 0.1316
Std Test AUC: 0.0342

--- Round 286/500 ---
Averaged Train Loss: 1.4101
Averaged Test Accuracy: 0.4759
Averaged Test AUC: 0.8584
Std Test Accuracy: 0.1421
Std Test AUC: 0.0492

--- Round 287/500 ---
Averaged Train Loss: 1.4249
Averaged Test Accuracy: 0.4687
Averaged Test AUC: 0.8576
Std Test Accuracy: 0.1625
Std Test AUC: 0.0418

--- Round 288/500 ---
Averaged Train Loss: 1.4656
Averaged Test Accuracy: 0.4569
Averaged Test AUC: 0.8525
Std Test Accuracy: 0.1750
Std Test AUC: 0.0540

--- Round 289/500 ---
Averaged Train Loss: 1.5594
Averaged Test Accuracy: 0.4212
Averaged Test AUC: 0.8462
Std Test Accuracy: 0.2156
Std Test AUC: 0.0585

--- Round 290/500 ---
Averaged Train Loss: 1.3897
Averaged Test Accuracy: 0.4851
Averaged Test AUC: 0.8617
Std Test Accuracy: 0.1380
Std Test AUC: 0.0483

--- Round 291/500 ---
Averaged Train Loss: 1.4772
Averaged Test Accuracy: 0.4426
Averaged Test AUC: 0.8530
Std Test Accuracy: 0.1761
Std Test AUC: 0.0510

--- Round 292/500 ---
Averaged Train Loss: 1.5006
Averaged Test Accuracy: 0.4555
Averaged Test AUC: 0.8442
Std Test Accuracy: 0.1523
Std Test AUC: 0.0583

--- Round 293/500 ---
Averaged Train Loss: 1.4723
Averaged Test Accuracy: 0.4567
Averaged Test AUC: 0.8541
Std Test Accuracy: 0.1649
Std Test AUC: 0.0441

--- Round 294/500 ---
Averaged Train Loss: 1.4086
Averaged Test Accuracy: 0.4752
Averaged Test AUC: 0.8602
Std Test Accuracy: 0.1379
Std Test AUC: 0.0430

--- Round 295/500 ---
Averaged Train Loss: 1.4110
Averaged Test Accuracy: 0.4670
Averaged Test AUC: 0.8562
Std Test Accuracy: 0.1434
Std Test AUC: 0.0416

--- Round 296/500 ---
Averaged Train Loss: 1.4750
Averaged Test Accuracy: 0.4617
Averaged Test AUC: 0.8501
Std Test Accuracy: 0.1829
Std Test AUC: 0.0619

--- Round 297/500 ---
Averaged Train Loss: 1.3994
Averaged Test Accuracy: 0.4876
Averaged Test AUC: 0.8606
Std Test Accuracy: 0.1339
Std Test AUC: 0.0398

--- Round 298/500 ---
Averaged Train Loss: 1.4525
Averaged Test Accuracy: 0.4527
Averaged Test AUC: 0.8528
Std Test Accuracy: 0.1600
Std Test AUC: 0.0456

--- Round 299/500 ---
Averaged Train Loss: 1.3990
Averaged Test Accuracy: 0.4788
Averaged Test AUC: 0.8600
Std Test Accuracy: 0.1336
Std Test AUC: 0.0399

--- Round 300/500 ---
Averaged Train Loss: 1.5443
Averaged Test Accuracy: 0.4401
Averaged Test AUC: 0.8454
Std Test Accuracy: 0.2063
Std Test AUC: 0.0721

--- Round 301/500 ---
Averaged Train Loss: 1.4617
Averaged Test Accuracy: 0.4610
Averaged Test AUC: 0.8540
Std Test Accuracy: 0.1786
Std Test AUC: 0.0441

--- Round 302/500 ---
Averaged Train Loss: 1.4302
Averaged Test Accuracy: 0.4724
Averaged Test AUC: 0.8554
Std Test Accuracy: 0.1325
Std Test AUC: 0.0427

--- Round 303/500 ---
Averaged Train Loss: 1.4838
Averaged Test Accuracy: 0.4512
Averaged Test AUC: 0.8511
Std Test Accuracy: 0.1708
Std Test AUC: 0.0552

--- Round 304/500 ---
Averaged Train Loss: 1.4388
Averaged Test Accuracy: 0.4736
Averaged Test AUC: 0.8552
Std Test Accuracy: 0.1542
Std Test AUC: 0.0505

--- Round 305/500 ---
Averaged Train Loss: 1.5045
Averaged Test Accuracy: 0.4429
Averaged Test AUC: 0.8491
Std Test Accuracy: 0.1772
Std Test AUC: 0.0474

--- Round 306/500 ---
Averaged Train Loss: 1.3987
Averaged Test Accuracy: 0.4794
Averaged Test AUC: 0.8613
Std Test Accuracy: 0.1469
Std Test AUC: 0.0439

--- Round 307/500 ---
Averaged Train Loss: 1.4677
Averaged Test Accuracy: 0.4458
Averaged Test AUC: 0.8510
Std Test Accuracy: 0.1632
Std Test AUC: 0.0544

--- Round 308/500 ---
Averaged Train Loss: 1.4007
Averaged Test Accuracy: 0.4893
Averaged Test AUC: 0.8605
Std Test Accuracy: 0.1504
Std Test AUC: 0.0437

--- Round 309/500 ---
Averaged Train Loss: 1.4967
Averaged Test Accuracy: 0.4407
Averaged Test AUC: 0.8543
Std Test Accuracy: 0.1889
Std Test AUC: 0.0426

--- Round 310/500 ---
Averaged Train Loss: 1.4283
Averaged Test Accuracy: 0.4707
Averaged Test AUC: 0.8566
Std Test Accuracy: 0.1370
Std Test AUC: 0.0481

--- Round 311/500 ---
Averaged Train Loss: 1.4020
Averaged Test Accuracy: 0.4811
Averaged Test AUC: 0.8581
Std Test Accuracy: 0.1439
Std Test AUC: 0.0472

--- Round 312/500 ---
Averaged Train Loss: 1.4066
Averaged Test Accuracy: 0.4890
Averaged Test AUC: 0.8596
Std Test Accuracy: 0.1594
Std Test AUC: 0.0502

--- Round 313/500 ---
Averaged Train Loss: 1.5022
Averaged Test Accuracy: 0.4445
Averaged Test AUC: 0.8489
Std Test Accuracy: 0.1949
Std Test AUC: 0.0546

--- Round 314/500 ---
Averaged Train Loss: 1.3971
Averaged Test Accuracy: 0.4815
Averaged Test AUC: 0.8608
Std Test Accuracy: 0.1269
Std Test AUC: 0.0378

--- Round 315/500 ---
Averaged Train Loss: 1.4012
Averaged Test Accuracy: 0.4808
Averaged Test AUC: 0.8580
Std Test Accuracy: 0.1561
Std Test AUC: 0.0533

--- Round 316/500 ---
Averaged Train Loss: 1.4552
Averaged Test Accuracy: 0.4685
Averaged Test AUC: 0.8557
Std Test Accuracy: 0.1692
Std Test AUC: 0.0541

--- Round 317/500 ---
Averaged Train Loss: 1.5842
Averaged Test Accuracy: 0.4206
Averaged Test AUC: 0.8440
Std Test Accuracy: 0.1978
Std Test AUC: 0.0564

--- Round 318/500 ---
Averaged Train Loss: 1.4339
Averaged Test Accuracy: 0.4609
Averaged Test AUC: 0.8587
Std Test Accuracy: 0.1624
Std Test AUC: 0.0434

--- Round 319/500 ---
Averaged Train Loss: 1.4037
Averaged Test Accuracy: 0.4834
Averaged Test AUC: 0.8565
Std Test Accuracy: 0.1445
Std Test AUC: 0.0550

--- Round 320/500 ---
Averaged Train Loss: 1.4372
Averaged Test Accuracy: 0.4749
Averaged Test AUC: 0.8553
Std Test Accuracy: 0.1755
Std Test AUC: 0.0591

--- Round 321/500 ---
Averaged Train Loss: 1.4923
Averaged Test Accuracy: 0.4464
Averaged Test AUC: 0.8489
Std Test Accuracy: 0.1654
Std Test AUC: 0.0534

--- Round 322/500 ---
Averaged Train Loss: 1.3898
Averaged Test Accuracy: 0.4873
Averaged Test AUC: 0.8617
Std Test Accuracy: 0.1199
Std Test AUC: 0.0357

--- Round 323/500 ---
Averaged Train Loss: 1.3733
Averaged Test Accuracy: 0.4967
Averaged Test AUC: 0.8630
Std Test Accuracy: 0.1488
Std Test AUC: 0.0449

--- Round 324/500 ---
Averaged Train Loss: 1.3730
Averaged Test Accuracy: 0.4926
Averaged Test AUC: 0.8629
Std Test Accuracy: 0.1311
Std Test AUC: 0.0390

--- Round 325/500 ---
Averaged Train Loss: 1.4950
Averaged Test Accuracy: 0.4518
Averaged Test AUC: 0.8493
Std Test Accuracy: 0.1788
Std Test AUC: 0.0556

--- Round 326/500 ---
Averaged Train Loss: 1.4353
Averaged Test Accuracy: 0.4733
Averaged Test AUC: 0.8583
Std Test Accuracy: 0.1585
Std Test AUC: 0.0475

--- Round 327/500 ---
Averaged Train Loss: 1.3682
Averaged Test Accuracy: 0.4980
Averaged Test AUC: 0.8621
Std Test Accuracy: 0.1177
Std Test AUC: 0.0413

--- Round 328/500 ---
Averaged Train Loss: 1.4273
Averaged Test Accuracy: 0.4716
Averaged Test AUC: 0.8549
Std Test Accuracy: 0.1503
Std Test AUC: 0.0416

--- Round 329/500 ---
Averaged Train Loss: 1.4315
Averaged Test Accuracy: 0.4734
Averaged Test AUC: 0.8595
Std Test Accuracy: 0.1858
Std Test AUC: 0.0476

--- Round 330/500 ---
Averaged Train Loss: 1.4393
Averaged Test Accuracy: 0.4617
Averaged Test AUC: 0.8589
Std Test Accuracy: 0.1570
Std Test AUC: 0.0464

--- Round 331/500 ---
Averaged Train Loss: 1.4528
Averaged Test Accuracy: 0.4773
Averaged Test AUC: 0.8506
Std Test Accuracy: 0.1215
Std Test AUC: 0.0463

--- Round 332/500 ---
Averaged Train Loss: 1.3454
Averaged Test Accuracy: 0.5046
Averaged Test AUC: 0.8660
Std Test Accuracy: 0.1161
Std Test AUC: 0.0369

--- Round 333/500 ---
Averaged Train Loss: 1.4505
Averaged Test Accuracy: 0.4669
Averaged Test AUC: 0.8544
Std Test Accuracy: 0.1857
Std Test AUC: 0.0536

--- Round 334/500 ---
Averaged Train Loss: 1.4022
Averaged Test Accuracy: 0.4832
Averaged Test AUC: 0.8613
Std Test Accuracy: 0.1262
Std Test AUC: 0.0393

--- Round 335/500 ---
Averaged Train Loss: 1.4048
Averaged Test Accuracy: 0.4811
Averaged Test AUC: 0.8604
Std Test Accuracy: 0.1598
Std Test AUC: 0.0472

--- Round 336/500 ---
Averaged Train Loss: 1.3755
Averaged Test Accuracy: 0.4830
Averaged Test AUC: 0.8613
Std Test Accuracy: 0.1269
Std Test AUC: 0.0405

--- Round 337/500 ---
Averaged Train Loss: 1.5263
Averaged Test Accuracy: 0.4230
Averaged Test AUC: 0.8517
Std Test Accuracy: 0.2124
Std Test AUC: 0.0536

--- Round 338/500 ---
Averaged Train Loss: 1.4615
Averaged Test Accuracy: 0.4616
Averaged Test AUC: 0.8537
Std Test Accuracy: 0.1619
Std Test AUC: 0.0536

--- Round 339/500 ---
Averaged Train Loss: 1.3745
Averaged Test Accuracy: 0.4918
Averaged Test AUC: 0.8626
Std Test Accuracy: 0.1516
Std Test AUC: 0.0447

--- Round 340/500 ---
Averaged Train Loss: 1.3993
Averaged Test Accuracy: 0.4768
Averaged Test AUC: 0.8586
Std Test Accuracy: 0.1445
Std Test AUC: 0.0427

--- Round 341/500 ---
Averaged Train Loss: 1.3754
Averaged Test Accuracy: 0.4921
Averaged Test AUC: 0.8624
Std Test Accuracy: 0.1423
Std Test AUC: 0.0402

--- Round 342/500 ---
Averaged Train Loss: 1.3853
Averaged Test Accuracy: 0.4871
Averaged Test AUC: 0.8616
Std Test Accuracy: 0.1204
Std Test AUC: 0.0394

--- Round 343/500 ---
Averaged Train Loss: 1.4699
Averaged Test Accuracy: 0.4646
Averaged Test AUC: 0.8499
Std Test Accuracy: 0.1621
Std Test AUC: 0.0563

--- Round 344/500 ---
Averaged Train Loss: 1.3848
Averaged Test Accuracy: 0.4819
Averaged Test AUC: 0.8613
Std Test Accuracy: 0.1721
Std Test AUC: 0.0481

--- Round 345/500 ---
Averaged Train Loss: 1.4243
Averaged Test Accuracy: 0.4743
Averaged Test AUC: 0.8578
Std Test Accuracy: 0.1895
Std Test AUC: 0.0589

--- Round 346/500 ---
Averaged Train Loss: 1.4922
Averaged Test Accuracy: 0.4389
Averaged Test AUC: 0.8497
Std Test Accuracy: 0.1257
Std Test AUC: 0.0375

--- Round 347/500 ---
Averaged Train Loss: 1.4122
Averaged Test Accuracy: 0.4784
Averaged Test AUC: 0.8590
Std Test Accuracy: 0.1825
Std Test AUC: 0.0526

--- Round 348/500 ---
Averaged Train Loss: 1.4332
Averaged Test Accuracy: 0.4627
Averaged Test AUC: 0.8585
Std Test Accuracy: 0.2029
Std Test AUC: 0.0539

--- Round 349/500 ---
Averaged Train Loss: 1.4339
Averaged Test Accuracy: 0.4616
Averaged Test AUC: 0.8567
Std Test Accuracy: 0.1829
Std Test AUC: 0.0514

--- Round 350/500 ---
Averaged Train Loss: 1.3710
Averaged Test Accuracy: 0.4900
Averaged Test AUC: 0.8626
Std Test Accuracy: 0.1121
Std Test AUC: 0.0353

--- Round 351/500 ---
Averaged Train Loss: 1.3516
Averaged Test Accuracy: 0.5030
Averaged Test AUC: 0.8661
Std Test Accuracy: 0.1411
Std Test AUC: 0.0427

--- Round 352/500 ---
Averaged Train Loss: 1.4488
Averaged Test Accuracy: 0.4594
Averaged Test AUC: 0.8548
Std Test Accuracy: 0.1748
Std Test AUC: 0.0457

--- Round 353/500 ---
Averaged Train Loss: 1.3408
Averaged Test Accuracy: 0.5036
Averaged Test AUC: 0.8672
Std Test Accuracy: 0.1435
Std Test AUC: 0.0401

--- Round 354/500 ---
Averaged Train Loss: 1.4427
Averaged Test Accuracy: 0.4593
Averaged Test AUC: 0.8577
Std Test Accuracy: 0.1458
Std Test AUC: 0.0439

--- Round 355/500 ---
Averaged Train Loss: 1.4249
Averaged Test Accuracy: 0.4763
Averaged Test AUC: 0.8572
Std Test Accuracy: 0.1528
Std Test AUC: 0.0485

--- Round 356/500 ---
Averaged Train Loss: 1.4060
Averaged Test Accuracy: 0.4868
Averaged Test AUC: 0.8592
Std Test Accuracy: 0.1695
Std Test AUC: 0.0480

--- Round 357/500 ---
Averaged Train Loss: 1.3835
Averaged Test Accuracy: 0.4850
Averaged Test AUC: 0.8620
Std Test Accuracy: 0.1754
Std Test AUC: 0.0536

--- Round 358/500 ---
Averaged Train Loss: 1.4241
Averaged Test Accuracy: 0.4687
Averaged Test AUC: 0.8581
Std Test Accuracy: 0.1271
Std Test AUC: 0.0443

--- Round 359/500 ---
Averaged Train Loss: 1.3441
Averaged Test Accuracy: 0.5099
Averaged Test AUC: 0.8660
Std Test Accuracy: 0.1291
Std Test AUC: 0.0401

--- Round 360/500 ---
Averaged Train Loss: 1.4138
Averaged Test Accuracy: 0.4778
Averaged Test AUC: 0.8598
Std Test Accuracy: 0.1771
Std Test AUC: 0.0492

--- Round 361/500 ---
Averaged Train Loss: 1.4390
Averaged Test Accuracy: 0.4644
Averaged Test AUC: 0.8564
Std Test Accuracy: 0.1788
Std Test AUC: 0.0596

--- Round 362/500 ---
Averaged Train Loss: 1.4004
Averaged Test Accuracy: 0.4768
Averaged Test AUC: 0.8604
Std Test Accuracy: 0.1248
Std Test AUC: 0.0396

--- Round 363/500 ---
Averaged Train Loss: 1.3345
Averaged Test Accuracy: 0.5089
Averaged Test AUC: 0.8675
Std Test Accuracy: 0.1185
Std Test AUC: 0.0364

--- Round 364/500 ---
Averaged Train Loss: 1.3940
Averaged Test Accuracy: 0.4864
Averaged Test AUC: 0.8595
Std Test Accuracy: 0.1429
Std Test AUC: 0.0410

--- Round 365/500 ---
Averaged Train Loss: 1.3343
Averaged Test Accuracy: 0.5102
Averaged Test AUC: 0.8676
Std Test Accuracy: 0.1363
Std Test AUC: 0.0411

--- Round 366/500 ---
Averaged Train Loss: 1.4314
Averaged Test Accuracy: 0.4642
Averaged Test AUC: 0.8571
Std Test Accuracy: 0.1470
Std Test AUC: 0.0499

--- Round 367/500 ---
Averaged Train Loss: 1.4515
Averaged Test Accuracy: 0.4753
Averaged Test AUC: 0.8502
Std Test Accuracy: 0.1552
Std Test AUC: 0.0558

--- Round 368/500 ---
Averaged Train Loss: 1.4236
Averaged Test Accuracy: 0.4755
Averaged Test AUC: 0.8587
Std Test Accuracy: 0.1895
Std Test AUC: 0.0487

--- Round 369/500 ---
Averaged Train Loss: 1.3661
Averaged Test Accuracy: 0.4972
Averaged Test AUC: 0.8648
Std Test Accuracy: 0.1678
Std Test AUC: 0.0479

--- Round 370/500 ---
Averaged Train Loss: 1.4428
Averaged Test Accuracy: 0.4606
Averaged Test AUC: 0.8550
Std Test Accuracy: 0.1240
Std Test AUC: 0.0419

--- Round 371/500 ---
Averaged Train Loss: 1.4207
Averaged Test Accuracy: 0.4719
Averaged Test AUC: 0.8573
Std Test Accuracy: 0.1691
Std Test AUC: 0.0510

--- Round 372/500 ---
Averaged Train Loss: 1.4540
Averaged Test Accuracy: 0.4617
Averaged Test AUC: 0.8576
Std Test Accuracy: 0.2049
Std Test AUC: 0.0535

--- Round 373/500 ---
Averaged Train Loss: 1.3912
Averaged Test Accuracy: 0.4868
Averaged Test AUC: 0.8635
Std Test Accuracy: 0.1690
Std Test AUC: 0.0529

--- Round 374/500 ---
Averaged Train Loss: 1.4048
Averaged Test Accuracy: 0.4720
Averaged Test AUC: 0.8596
Std Test Accuracy: 0.1217
Std Test AUC: 0.0401

--- Round 375/500 ---
Averaged Train Loss: 1.4004
Averaged Test Accuracy: 0.4806
Averaged Test AUC: 0.8606
Std Test Accuracy: 0.1717
Std Test AUC: 0.0520

--- Round 376/500 ---
Averaged Train Loss: 1.6844
Averaged Test Accuracy: 0.4011
Averaged Test AUC: 0.8430
Std Test Accuracy: 0.2535
Std Test AUC: 0.0675

--- Round 377/500 ---
Averaged Train Loss: 1.3650
Averaged Test Accuracy: 0.4952
Averaged Test AUC: 0.8623
Std Test Accuracy: 0.1460
Std Test AUC: 0.0528

--- Round 378/500 ---
Averaged Train Loss: 1.5095
Averaged Test Accuracy: 0.4340
Averaged Test AUC: 0.8544
Std Test Accuracy: 0.1585
Std Test AUC: 0.0456

--- Round 379/500 ---
Averaged Train Loss: 1.4584
Averaged Test Accuracy: 0.4630
Averaged Test AUC: 0.8588
Std Test Accuracy: 0.2135
Std Test AUC: 0.0551

--- Round 380/500 ---
Averaged Train Loss: 1.4059
Averaged Test Accuracy: 0.4785
Averaged Test AUC: 0.8569
Std Test Accuracy: 0.1321
Std Test AUC: 0.0400

--- Round 381/500 ---
Averaged Train Loss: 1.3756
Averaged Test Accuracy: 0.4880
Averaged Test AUC: 0.8630
Std Test Accuracy: 0.1589
Std Test AUC: 0.0549

--- Round 382/500 ---
Averaged Train Loss: 1.3977
Averaged Test Accuracy: 0.4876
Averaged Test AUC: 0.8601
Std Test Accuracy: 0.1496
Std Test AUC: 0.0498

--- Round 383/500 ---
Averaged Train Loss: 1.3765
Averaged Test Accuracy: 0.4910
Averaged Test AUC: 0.8616
Std Test Accuracy: 0.1256
Std Test AUC: 0.0331

--- Round 384/500 ---
Averaged Train Loss: 1.3477
Averaged Test Accuracy: 0.5029
Averaged Test AUC: 0.8655
Std Test Accuracy: 0.1322
Std Test AUC: 0.0342

--- Round 385/500 ---
Averaged Train Loss: 1.3799
Averaged Test Accuracy: 0.4929
Averaged Test AUC: 0.8631
Std Test Accuracy: 0.1810
Std Test AUC: 0.0574

--- Round 386/500 ---
Averaged Train Loss: 1.4239
Averaged Test Accuracy: 0.4659
Averaged Test AUC: 0.8573
Std Test Accuracy: 0.1226
Std Test AUC: 0.0419

--- Round 387/500 ---
Averaged Train Loss: 1.3405
Averaged Test Accuracy: 0.5094
Averaged Test AUC: 0.8670
Std Test Accuracy: 0.1154
Std Test AUC: 0.0332

--- Round 388/500 ---
Averaged Train Loss: 1.5294
Averaged Test Accuracy: 0.4426
Averaged Test AUC: 0.8538
Std Test Accuracy: 0.1945
Std Test AUC: 0.0531

--- Round 389/500 ---
Averaged Train Loss: 1.3862
Averaged Test Accuracy: 0.4927
Averaged Test AUC: 0.8601
Std Test Accuracy: 0.1477
Std Test AUC: 0.0559

--- Round 390/500 ---
Averaged Train Loss: 1.3859
Averaged Test Accuracy: 0.4809
Averaged Test AUC: 0.8629
Std Test Accuracy: 0.1308
Std Test AUC: 0.0403

--- Round 391/500 ---
Averaged Train Loss: 1.4860
Averaged Test Accuracy: 0.4467
Averaged Test AUC: 0.8564
Std Test Accuracy: 0.2033
Std Test AUC: 0.0506

--- Round 392/500 ---
Averaged Train Loss: 1.4227
Averaged Test Accuracy: 0.4718
Averaged Test AUC: 0.8582
Std Test Accuracy: 0.1294
Std Test AUC: 0.0386

--- Round 393/500 ---
Averaged Train Loss: 1.4018
Averaged Test Accuracy: 0.4839
Averaged Test AUC: 0.8600
Std Test Accuracy: 0.1733
Std Test AUC: 0.0615

--- Round 394/500 ---
Averaged Train Loss: 1.3612
Averaged Test Accuracy: 0.4961
Averaged Test AUC: 0.8622
Std Test Accuracy: 0.1392
Std Test AUC: 0.0409

--- Round 395/500 ---
Averaged Train Loss: 1.3838
Averaged Test Accuracy: 0.4841
Averaged Test AUC: 0.8601
Std Test Accuracy: 0.1226
Std Test AUC: 0.0349

--- Round 396/500 ---
Averaged Train Loss: 1.3731
Averaged Test Accuracy: 0.4958
Averaged Test AUC: 0.8639
Std Test Accuracy: 0.1197
Std Test AUC: 0.0368

--- Round 397/500 ---
Averaged Train Loss: 1.3669
Averaged Test Accuracy: 0.5015
Averaged Test AUC: 0.8628
Std Test Accuracy: 0.1722
Std Test AUC: 0.0624

--- Round 398/500 ---
Averaged Train Loss: 1.4376
Averaged Test Accuracy: 0.4635
Averaged Test AUC: 0.8541
Std Test Accuracy: 0.1329
Std Test AUC: 0.0469

--- Round 399/500 ---
Averaged Train Loss: 1.3306
Averaged Test Accuracy: 0.5096
Averaged Test AUC: 0.8682
Std Test Accuracy: 0.1568
Std Test AUC: 0.0424

--- Round 400/500 ---
Averaged Train Loss: 1.5669
Averaged Test Accuracy: 0.4335
Averaged Test AUC: 0.8505
Std Test Accuracy: 0.1754
Std Test AUC: 0.0509

--- Round 401/500 ---
Averaged Train Loss: 1.3830
Averaged Test Accuracy: 0.4928
Averaged Test AUC: 0.8598
Std Test Accuracy: 0.1439
Std Test AUC: 0.0560

--- Round 402/500 ---
Averaged Train Loss: 1.3904
Averaged Test Accuracy: 0.4805
Averaged Test AUC: 0.8612
Std Test Accuracy: 0.1379
Std Test AUC: 0.0460

--- Round 403/500 ---
Averaged Train Loss: 1.4467
Averaged Test Accuracy: 0.4655
Averaged Test AUC: 0.8573
Std Test Accuracy: 0.1965
Std Test AUC: 0.0569

--- Round 404/500 ---
Averaged Train Loss: 1.4259
Averaged Test Accuracy: 0.4715
Averaged Test AUC: 0.8562
Std Test Accuracy: 0.1234
Std Test AUC: 0.0380

--- Round 405/500 ---
Averaged Train Loss: 1.4027
Averaged Test Accuracy: 0.4825
Averaged Test AUC: 0.8591
Std Test Accuracy: 0.1716
Std Test AUC: 0.0637

--- Round 406/500 ---
Averaged Train Loss: 1.3748
Averaged Test Accuracy: 0.4918
Averaged Test AUC: 0.8615
Std Test Accuracy: 0.1259
Std Test AUC: 0.0434

--- Round 407/500 ---
Averaged Train Loss: 1.3582
Averaged Test Accuracy: 0.4923
Averaged Test AUC: 0.8641
Std Test Accuracy: 0.1391
Std Test AUC: 0.0324

--- Round 408/500 ---
Averaged Train Loss: 1.3467
Averaged Test Accuracy: 0.5004
Averaged Test AUC: 0.8659
Std Test Accuracy: 0.1388
Std Test AUC: 0.0324

--- Round 409/500 ---
Averaged Train Loss: 1.3478
Averaged Test Accuracy: 0.5061
Averaged Test AUC: 0.8670
Std Test Accuracy: 0.1597
Std Test AUC: 0.0490

--- Round 410/500 ---
Averaged Train Loss: 1.3875
Averaged Test Accuracy: 0.4785
Averaged Test AUC: 0.8602
Std Test Accuracy: 0.1080
Std Test AUC: 0.0357

--- Round 411/500 ---
Averaged Train Loss: 1.3937
Averaged Test Accuracy: 0.4787
Averaged Test AUC: 0.8638
Std Test Accuracy: 0.1896
Std Test AUC: 0.0448

--- Round 412/500 ---
Averaged Train Loss: 1.4529
Averaged Test Accuracy: 0.4684
Averaged Test AUC: 0.8606
Std Test Accuracy: 0.1720
Std Test AUC: 0.0465

--- Round 413/500 ---
Averaged Train Loss: 1.5131
Averaged Test Accuracy: 0.4508
Averaged Test AUC: 0.8477
Std Test Accuracy: 0.1714
Std Test AUC: 0.0649

--- Round 414/500 ---
Averaged Train Loss: 1.4542
Averaged Test Accuracy: 0.4550
Averaged Test AUC: 0.8571
Std Test Accuracy: 0.1650
Std Test AUC: 0.0494

--- Round 415/500 ---
Averaged Train Loss: 1.4537
Averaged Test Accuracy: 0.4586
Averaged Test AUC: 0.8581
Std Test Accuracy: 0.2096
Std Test AUC: 0.0571

--- Round 416/500 ---
Averaged Train Loss: 1.3654
Averaged Test Accuracy: 0.5004
Averaged Test AUC: 0.8624
Std Test Accuracy: 0.1034
Std Test AUC: 0.0371

--- Round 417/500 ---
Averaged Train Loss: 1.3805
Averaged Test Accuracy: 0.4898
Averaged Test AUC: 0.8630
Std Test Accuracy: 0.1692
Std Test AUC: 0.0561

--- Round 418/500 ---
Averaged Train Loss: 1.3571
Averaged Test Accuracy: 0.5011
Averaged Test AUC: 0.8646
Std Test Accuracy: 0.1516
Std Test AUC: 0.0375

--- Round 419/500 ---
Averaged Train Loss: 1.4193
Averaged Test Accuracy: 0.4757
Averaged Test AUC: 0.8559
Std Test Accuracy: 0.1517
Std Test AUC: 0.0486

--- Round 420/500 ---
Averaged Train Loss: 1.3697
Averaged Test Accuracy: 0.4954
Averaged Test AUC: 0.8646
Std Test Accuracy: 0.1522
Std Test AUC: 0.0481

--- Round 421/500 ---
Averaged Train Loss: 1.3859
Averaged Test Accuracy: 0.4836
Averaged Test AUC: 0.8646
Std Test Accuracy: 0.1972
Std Test AUC: 0.0503

--- Round 422/500 ---
Averaged Train Loss: 1.3884
Averaged Test Accuracy: 0.4836
Averaged Test AUC: 0.8597
Std Test Accuracy: 0.1321
Std Test AUC: 0.0356

--- Round 423/500 ---
Averaged Train Loss: 1.3923
Averaged Test Accuracy: 0.4863
Averaged Test AUC: 0.8613
Std Test Accuracy: 0.1490
Std Test AUC: 0.0481

--- Round 424/500 ---
Averaged Train Loss: 1.4994
Averaged Test Accuracy: 0.4484
Averaged Test AUC: 0.8562
Std Test Accuracy: 0.2069
Std Test AUC: 0.0517

--- Round 425/500 ---
Averaged Train Loss: 1.4260
Averaged Test Accuracy: 0.4726
Averaged Test AUC: 0.8563
Std Test Accuracy: 0.1624
Std Test AUC: 0.0501

--- Round 426/500 ---
Averaged Train Loss: 1.3959
Averaged Test Accuracy: 0.4756
Averaged Test AUC: 0.8612
Std Test Accuracy: 0.1563
Std Test AUC: 0.0497

--- Round 427/500 ---
Averaged Train Loss: 1.3645
Averaged Test Accuracy: 0.4980
Averaged Test AUC: 0.8629
Std Test Accuracy: 0.1597
Std Test AUC: 0.0529

--- Round 428/500 ---
Averaged Train Loss: 1.3303
Averaged Test Accuracy: 0.5080
Averaged Test AUC: 0.8682
Std Test Accuracy: 0.1493
Std Test AUC: 0.0404

--- Round 429/500 ---
Averaged Train Loss: 1.3950
Averaged Test Accuracy: 0.4872
Averaged Test AUC: 0.8617
Std Test Accuracy: 0.1817
Std Test AUC: 0.0560

--- Round 430/500 ---
Averaged Train Loss: 1.3710
Averaged Test Accuracy: 0.4979
Averaged Test AUC: 0.8637
Std Test Accuracy: 0.1664
Std Test AUC: 0.0528

--- Round 431/500 ---
Averaged Train Loss: 1.3532
Averaged Test Accuracy: 0.5063
Averaged Test AUC: 0.8652
Std Test Accuracy: 0.1638
Std Test AUC: 0.0503

--- Round 432/500 ---
Averaged Train Loss: 1.3384
Averaged Test Accuracy: 0.5054
Averaged Test AUC: 0.8662
Std Test Accuracy: 0.1526
Std Test AUC: 0.0408

--- Round 433/500 ---
Averaged Train Loss: 1.3415
Averaged Test Accuracy: 0.5013
Averaged Test AUC: 0.8671
Std Test Accuracy: 0.1607
Std Test AUC: 0.0445

--- Round 434/500 ---
Averaged Train Loss: 1.3465
Averaged Test Accuracy: 0.5025
Averaged Test AUC: 0.8656
Std Test Accuracy: 0.1624
Std Test AUC: 0.0439

--- Round 435/500 ---
Averaged Train Loss: 1.3575
Averaged Test Accuracy: 0.4973
Averaged Test AUC: 0.8634
Std Test Accuracy: 0.1351
Std Test AUC: 0.0359

--- Round 436/500 ---
Averaged Train Loss: 1.3496
Averaged Test Accuracy: 0.4997
Averaged Test AUC: 0.8631
Std Test Accuracy: 0.1373
Std Test AUC: 0.0409

--- Round 437/500 ---
Averaged Train Loss: 1.3287
Averaged Test Accuracy: 0.5150
Averaged Test AUC: 0.8679
Std Test Accuracy: 0.1507
Std Test AUC: 0.0501

--- Round 438/500 ---
Averaged Train Loss: 1.3312
Averaged Test Accuracy: 0.5104
Averaged Test AUC: 0.8676
Std Test Accuracy: 0.1562
Std Test AUC: 0.0490

--- Round 439/500 ---
Averaged Train Loss: 1.3564
Averaged Test Accuracy: 0.4985
Averaged Test AUC: 0.8649
Std Test Accuracy: 0.1745
Std Test AUC: 0.0469

--- Round 440/500 ---
Averaged Train Loss: 1.3178
Averaged Test Accuracy: 0.5151
Averaged Test AUC: 0.8688
Std Test Accuracy: 0.1487
Std Test AUC: 0.0462

--- Round 441/500 ---
Averaged Train Loss: 1.3060
Averaged Test Accuracy: 0.5221
Averaged Test AUC: 0.8703
Std Test Accuracy: 0.1362
Std Test AUC: 0.0381

--- Round 442/500 ---
Averaged Train Loss: 1.3118
Averaged Test Accuracy: 0.5160
Averaged Test AUC: 0.8691
Std Test Accuracy: 0.1176
Std Test AUC: 0.0338

--- Round 443/500 ---
Averaged Train Loss: 1.3646
Averaged Test Accuracy: 0.4952
Averaged Test AUC: 0.8640
Std Test Accuracy: 0.1803
Std Test AUC: 0.0598

--- Round 444/500 ---
Averaged Train Loss: 1.4371
Averaged Test Accuracy: 0.4718
Averaged Test AUC: 0.8539
Std Test Accuracy: 0.2080
Std Test AUC: 0.0694

--- Round 445/500 ---
Averaged Train Loss: 1.3149
Averaged Test Accuracy: 0.5144
Averaged Test AUC: 0.8697
Std Test Accuracy: 0.1478
Std Test AUC: 0.0407

--- Round 446/500 ---
Averaged Train Loss: 1.3040
Averaged Test Accuracy: 0.5196
Averaged Test AUC: 0.8699
Std Test Accuracy: 0.1254
Std Test AUC: 0.0351

--- Round 447/500 ---
Averaged Train Loss: 1.4168
Averaged Test Accuracy: 0.4814
Averaged Test AUC: 0.8545
Std Test Accuracy: 0.1689
Std Test AUC: 0.0587

--- Round 448/500 ---
Averaged Train Loss: 1.3056
Averaged Test Accuracy: 0.5220
Averaged Test AUC: 0.8714
Std Test Accuracy: 0.1196
Std Test AUC: 0.0312

--- Round 449/500 ---
Averaged Train Loss: 1.3198
Averaged Test Accuracy: 0.5114
Averaged Test AUC: 0.8693
Std Test Accuracy: 0.1439
Std Test AUC: 0.0422

--- Round 450/500 ---
Averaged Train Loss: 1.2986
Averaged Test Accuracy: 0.5192
Averaged Test AUC: 0.8713
Std Test Accuracy: 0.1287
Std Test AUC: 0.0373

--- Round 451/500 ---
Averaged Train Loss: 1.3044
Averaged Test Accuracy: 0.5191
Averaged Test AUC: 0.8700
Std Test Accuracy: 0.1101
Std Test AUC: 0.0296

--- Round 452/500 ---
Averaged Train Loss: 1.3623
Averaged Test Accuracy: 0.4890
Averaged Test AUC: 0.8664
Std Test Accuracy: 0.1548
Std Test AUC: 0.0430

--- Round 453/500 ---
Averaged Train Loss: 1.3119
Averaged Test Accuracy: 0.5161
Averaged Test AUC: 0.8707
Std Test Accuracy: 0.1384
Std Test AUC: 0.0355

--- Round 454/500 ---
Averaged Train Loss: 1.3351
Averaged Test Accuracy: 0.5075
Averaged Test AUC: 0.8668
Std Test Accuracy: 0.1696
Std Test AUC: 0.0499

--- Round 455/500 ---
Averaged Train Loss: 1.3406
Averaged Test Accuracy: 0.5024
Averaged Test AUC: 0.8677
Std Test Accuracy: 0.1617
Std Test AUC: 0.0485

--- Round 456/500 ---
Averaged Train Loss: 1.3379
Averaged Test Accuracy: 0.5063
Averaged Test AUC: 0.8660
Std Test Accuracy: 0.1649
Std Test AUC: 0.0475

--- Round 457/500 ---
Averaged Train Loss: 1.3142
Averaged Test Accuracy: 0.5112
Averaged Test AUC: 0.8708
Std Test Accuracy: 0.1518
Std Test AUC: 0.0431

--- Round 458/500 ---
Averaged Train Loss: 1.3082
Averaged Test Accuracy: 0.5180
Averaged Test AUC: 0.8711
Std Test Accuracy: 0.1422
Std Test AUC: 0.0390

--- Round 459/500 ---
Averaged Train Loss: 1.3209
Averaged Test Accuracy: 0.5106
Averaged Test AUC: 0.8702
Std Test Accuracy: 0.1395
Std Test AUC: 0.0423

--- Round 460/500 ---
Averaged Train Loss: 1.3262
Averaged Test Accuracy: 0.5106
Averaged Test AUC: 0.8669
Std Test Accuracy: 0.1570
Std Test AUC: 0.0505

--- Round 461/500 ---
Averaged Train Loss: 1.3699
Averaged Test Accuracy: 0.4905
Averaged Test AUC: 0.8643
Std Test Accuracy: 0.1165
Std Test AUC: 0.0364

--- Round 462/500 ---
Averaged Train Loss: 1.3055
Averaged Test Accuracy: 0.5184
Averaged Test AUC: 0.8697
Std Test Accuracy: 0.1131
Std Test AUC: 0.0334

--- Round 463/500 ---
Averaged Train Loss: 1.2897
Averaged Test Accuracy: 0.5255
Averaged Test AUC: 0.8714
Std Test Accuracy: 0.1145
Std Test AUC: 0.0337

--- Round 464/500 ---
Averaged Train Loss: 1.3059
Averaged Test Accuracy: 0.5154
Averaged Test AUC: 0.8702
Std Test Accuracy: 0.1448
Std Test AUC: 0.0415

--- Round 465/500 ---
Averaged Train Loss: 1.4040
Averaged Test Accuracy: 0.4862
Averaged Test AUC: 0.8588
Std Test Accuracy: 0.1453
Std Test AUC: 0.0507

--- Round 466/500 ---
Averaged Train Loss: 1.3035
Averaged Test Accuracy: 0.5176
Averaged Test AUC: 0.8702
Std Test Accuracy: 0.1268
Std Test AUC: 0.0332

--- Round 467/500 ---
Averaged Train Loss: 1.3170
Averaged Test Accuracy: 0.5120
Averaged Test AUC: 0.8685
Std Test Accuracy: 0.1103
Std Test AUC: 0.0313

--- Round 468/500 ---
Averaged Train Loss: 1.3457
Averaged Test Accuracy: 0.4988
Averaged Test AUC: 0.8679
Std Test Accuracy: 0.1328
Std Test AUC: 0.0362

--- Round 469/500 ---
Averaged Train Loss: 1.3072
Averaged Test Accuracy: 0.5174
Averaged Test AUC: 0.8699
Std Test Accuracy: 0.1164
Std Test AUC: 0.0331

--- Round 470/500 ---
Averaged Train Loss: 1.3158
Averaged Test Accuracy: 0.5133
Averaged Test AUC: 0.8689
Std Test Accuracy: 0.1021
Std Test AUC: 0.0273

--- Round 471/500 ---
Averaged Train Loss: 1.3216
Averaged Test Accuracy: 0.5086
Averaged Test AUC: 0.8701
Std Test Accuracy: 0.1694
Std Test AUC: 0.0438

--- Round 472/500 ---
Averaged Train Loss: 1.3214
Averaged Test Accuracy: 0.5108
Averaged Test AUC: 0.8678
Std Test Accuracy: 0.1418
Std Test AUC: 0.0438

--- Round 473/500 ---
Averaged Train Loss: 1.2903
Averaged Test Accuracy: 0.5239
Averaged Test AUC: 0.8717
Std Test Accuracy: 0.1346
Std Test AUC: 0.0370

--- Round 474/500 ---
Averaged Train Loss: 1.3154
Averaged Test Accuracy: 0.5084
Averaged Test AUC: 0.8696
Std Test Accuracy: 0.1393
Std Test AUC: 0.0374

--- Round 475/500 ---
Averaged Train Loss: 1.3745
Averaged Test Accuracy: 0.4829
Averaged Test AUC: 0.8660
Std Test Accuracy: 0.1595
Std Test AUC: 0.0446

--- Round 476/500 ---
Averaged Train Loss: 1.3052
Averaged Test Accuracy: 0.5140
Averaged Test AUC: 0.8709
Std Test Accuracy: 0.1399
Std Test AUC: 0.0443

--- Round 477/500 ---
Averaged Train Loss: 1.3168
Averaged Test Accuracy: 0.5126
Averaged Test AUC: 0.8682
Std Test Accuracy: 0.1424
Std Test AUC: 0.0456

--- Round 478/500 ---
Averaged Train Loss: 1.3404
Averaged Test Accuracy: 0.5044
Averaged Test AUC: 0.8658
Std Test Accuracy: 0.1687
Std Test AUC: 0.0495

--- Round 479/500 ---
Averaged Train Loss: 1.3556
Averaged Test Accuracy: 0.4979
Averaged Test AUC: 0.8671
Std Test Accuracy: 0.1234
Std Test AUC: 0.0345

--- Round 480/500 ---
Averaged Train Loss: 1.2988
Averaged Test Accuracy: 0.5185
Averaged Test AUC: 0.8719
Std Test Accuracy: 0.1411
Std Test AUC: 0.0416

--- Round 481/500 ---
Averaged Train Loss: 1.3388
Averaged Test Accuracy: 0.5013
Averaged Test AUC: 0.8682
Std Test Accuracy: 0.1590
Std Test AUC: 0.0476

--- Round 482/500 ---
Averaged Train Loss: 1.2894
Averaged Test Accuracy: 0.5243
Averaged Test AUC: 0.8715
Std Test Accuracy: 0.1062
Std Test AUC: 0.0333

--- Round 483/500 ---
Averaged Train Loss: 1.2963
Averaged Test Accuracy: 0.5185
Averaged Test AUC: 0.8716
Std Test Accuracy: 0.1097
Std Test AUC: 0.0288

--- Round 484/500 ---
Averaged Train Loss: 1.2993
Averaged Test Accuracy: 0.5182
Averaged Test AUC: 0.8714
Std Test Accuracy: 0.1363
Std Test AUC: 0.0417

--- Round 485/500 ---
Averaged Train Loss: 1.3146
Averaged Test Accuracy: 0.5135
Averaged Test AUC: 0.8681
Std Test Accuracy: 0.1369
Std Test AUC: 0.0450

--- Round 486/500 ---
Averaged Train Loss: 1.3410
Averaged Test Accuracy: 0.5027
Averaged Test AUC: 0.8662
Std Test Accuracy: 0.1628
Std Test AUC: 0.0559

--- Round 487/500 ---
Averaged Train Loss: 1.2896
Averaged Test Accuracy: 0.5200
Averaged Test AUC: 0.8717
Std Test Accuracy: 0.1247
Std Test AUC: 0.0365

--- Round 488/500 ---
Averaged Train Loss: 1.2985
Averaged Test Accuracy: 0.5156
Averaged Test AUC: 0.8709
Std Test Accuracy: 0.1261
Std Test AUC: 0.0384

--- Round 489/500 ---
Averaged Train Loss: 1.3017
Averaged Test Accuracy: 0.5182
Averaged Test AUC: 0.8710
Std Test Accuracy: 0.1286
Std Test AUC: 0.0360

--- Round 490/500 ---
Averaged Train Loss: 1.4136
Averaged Test Accuracy: 0.4821
Averaged Test AUC: 0.8603
Std Test Accuracy: 0.1751
Std Test AUC: 0.0599

--- Round 491/500 ---
Averaged Train Loss: 1.3288
Averaged Test Accuracy: 0.5112
Averaged Test AUC: 0.8674
Std Test Accuracy: 0.1612
Std Test AUC: 0.0458

--- Round 492/500 ---
Averaged Train Loss: 1.2915
Averaged Test Accuracy: 0.5194
Averaged Test AUC: 0.8734
Std Test Accuracy: 0.1274
Std Test AUC: 0.0357

--- Round 493/500 ---
Averaged Train Loss: 1.2951
Averaged Test Accuracy: 0.5186
Averaged Test AUC: 0.8716
Std Test Accuracy: 0.1541
Std Test AUC: 0.0445

--- Round 494/500 ---
Averaged Train Loss: 1.2973
Averaged Test Accuracy: 0.5183
Averaged Test AUC: 0.8722
Std Test Accuracy: 0.1310
Std Test AUC: 0.0386

--- Round 495/500 ---
Averaged Train Loss: 1.3640
Averaged Test Accuracy: 0.4896
Averaged Test AUC: 0.8679
Std Test Accuracy: 0.1474
Std Test AUC: 0.0432

--- Round 496/500 ---
Averaged Train Loss: 1.3134
Averaged Test Accuracy: 0.5102
Averaged Test AUC: 0.8719
Std Test Accuracy: 0.1615
Std Test AUC: 0.0416

--- Round 497/500 ---
Averaged Train Loss: 1.3243
Averaged Test Accuracy: 0.5038
Averaged Test AUC: 0.8700
Std Test Accuracy: 0.1604
Std Test AUC: 0.0418

--- Round 498/500 ---
Averaged Train Loss: 1.2831
Averaged Test Accuracy: 0.5275
Averaged Test AUC: 0.8727
Std Test Accuracy: 0.1031
Std Test AUC: 0.0269

--- Round 499/500 ---
Averaged Train Loss: 1.3579
Averaged Test Accuracy: 0.4961
Averaged Test AUC: 0.8658
Std Test Accuracy: 0.1145
Std Test AUC: 0.0351

--- Round 500/500 ---
Averaged Train Loss: 1.3009
Averaged Test Accuracy: 0.5191
Averaged Test AUC: 0.8707
Std Test Accuracy: 0.0935
Std Test AUC: 0.0288

========== Training Complete ==========
Best Test Accuracy: 0.5275412453432677
File path: ../results/Cifar10_FedEntPlusSmooth_smooth_trial01_0056_0.h5

Average time cost: 1950.22s.
Length:  501
std for best accuracy: 0.0
mean for best accuracy: 0.5275412453432677
All done!

Storage on cuda:0
-------------------------------------------------------------------------------
Total Tensors: 205577892 	Used Memory: 563.23M
The allocated memory on cuda:0: 581.35M
Memory differs due to the matrix alignment or invisible gradient buffer tensors
-------------------------------------------------------------------------------
