==================================================
goal = smooth_trial01_0005
device = cuda
device_id = 0
dataset = Cifar10
num_classes = 10
model = CNN
batch_size = 64
local_learning_rate = 0.01
learning_rate_decay = True
learning_rate_decay_gamma = 0.98
global_rounds = 500
top_cnt = 100
local_epochs = 5
algorithm = FedEntPlusSmooth
join_ratio = 0.1
random_join_ratio = False
num_clients = 100
prev = 0
times = 1
eval_gap = 1
save_folder_name = items
auto_break = False
dlg_eval = False
dlg_gap = 100
batch_num_per_client = 2
num_new_clients = 0
fine_tuning_epoch_new = 0
feature_dim = 512
vocab_size = 32000
max_len = 200
client_drop_rate = 0.0
train_slow_rate = 0.0
send_slow_rate = 0.0
time_select = False
time_threthold = 10000
beta = 0.0
lamda = 1.0
mu = 0.0
K = 5
p_learning_rate = 0.01
M = 5
itk = 4000
alphaK = 1.0
sigma = 1.0
alpha = 1.0
plocal_epochs = 1
tau = 1.0
fine_tuning_epochs = 10
dr_learning_rate = 0.0
L = 1.0
noise_dim = 512
generator_learning_rate = 0.005
hidden_dim = 512
server_epochs = 1000
localize_feature_extractor = False
server_learning_rate = 1.0
eta = 1.0
rand_percent = 80
layer_idx = 2
mentee_learning_rate = 0.005
T_start = 0.95
T_end = 0.98
momentum = 0.9
kl_weight = 0.0
buffer_size = 0
dp_epsilon = 0.0
H_min = None
alpha_vp = 0.0
enable_dynamic_param = False
log_fedent = False
log_filename = None
dynamic_config_path = /home/john/PFLlib/system/auto_configs/smooth_trial01_0005.json
==================================================

============= Running time: 0th =============
Creating server and clients ...
FedAvgCNN(
  (conv1): Sequential(
    (0): Conv2d(3, 32, kernel_size=(5, 5), stride=(1, 1))
    (1): ReLU(inplace=True)
    (2): MaxPool2d(kernel_size=(2, 2), stride=(2, 2), padding=0, dilation=1, ceil_mode=False)
  )
  (conv2): Sequential(
    (0): Conv2d(32, 64, kernel_size=(5, 5), stride=(1, 1))
    (1): ReLU(inplace=True)
    (2): MaxPool2d(kernel_size=(2, 2), stride=(2, 2), padding=0, dilation=1, ceil_mode=False)
  )
  (fc1): Sequential(
    (0): Linear(in_features=1600, out_features=512, bias=True)
    (1): ReLU(inplace=True)
  )
  (fc): Linear(in_features=512, out_features=10, bias=True)
)

Join ratio / total clients: 0.1 / 100
Finished creating server and clients.

--- Round 0/500 ---
Averaged Train Loss: 2.3038
Averaged Test Accuracy: 0.0928
Averaged Test AUC: 0.4894
Std Test Accuracy: 0.1434
Std Test AUC: 0.2233

--- Round 1/500 ---
Averaged Train Loss: 2.3262
Averaged Test Accuracy: 0.1114
Averaged Test AUC: 0.5068
Std Test Accuracy: 0.1930
Std Test AUC: 0.2324

--- Round 2/500 ---
Averaged Train Loss: 2.4328
Averaged Test Accuracy: 0.1428
Averaged Test AUC: 0.5213
Std Test Accuracy: 0.2420
Std Test AUC: 0.2455

--- Round 3/500 ---
Averaged Train Loss: 2.3855
Averaged Test Accuracy: 0.1693
Averaged Test AUC: 0.5471
Std Test Accuracy: 0.2056
Std Test AUC: 0.2495

--- Round 4/500 ---
Averaged Train Loss: 2.3259
Averaged Test Accuracy: 0.2007
Averaged Test AUC: 0.5741
Std Test Accuracy: 0.2235
Std Test AUC: 0.2466

--- Round 5/500 ---
Averaged Train Loss: 2.2899
Averaged Test Accuracy: 0.1947
Averaged Test AUC: 0.6059
Std Test Accuracy: 0.2099
Std Test AUC: 0.2409

--- Round 6/500 ---
Averaged Train Loss: 2.2998
Averaged Test Accuracy: 0.1990
Averaged Test AUC: 0.6144
Std Test Accuracy: 0.2121
Std Test AUC: 0.2322

--- Round 7/500 ---
Averaged Train Loss: 2.2722
Averaged Test Accuracy: 0.2227
Averaged Test AUC: 0.6325
Std Test Accuracy: 0.2096
Std Test AUC: 0.2336

--- Round 8/500 ---
Averaged Train Loss: 2.1727
Averaged Test Accuracy: 0.2419
Averaged Test AUC: 0.6622
Std Test Accuracy: 0.2139
Std Test AUC: 0.2063

--- Round 9/500 ---
Averaged Train Loss: 2.1424
Averaged Test Accuracy: 0.2508
Averaged Test AUC: 0.6774
Std Test Accuracy: 0.2173
Std Test AUC: 0.1921

--- Round 10/500 ---
Averaged Train Loss: 2.2004
Averaged Test Accuracy: 0.2437
Averaged Test AUC: 0.6693
Std Test Accuracy: 0.2269
Std Test AUC: 0.2078

--- Round 11/500 ---
Averaged Train Loss: 2.1765
Averaged Test Accuracy: 0.2609
Averaged Test AUC: 0.6744
Std Test Accuracy: 0.2201
Std Test AUC: 0.2088

--- Round 12/500 ---
Averaged Train Loss: 2.1062
Averaged Test Accuracy: 0.2763
Averaged Test AUC: 0.6967
Std Test Accuracy: 0.2073
Std Test AUC: 0.1822

--- Round 13/500 ---
Averaged Train Loss: 2.1433
Averaged Test Accuracy: 0.2660
Averaged Test AUC: 0.6914
Std Test Accuracy: 0.2129
Std Test AUC: 0.1901

--- Round 14/500 ---
Averaged Train Loss: 2.0863
Averaged Test Accuracy: 0.2726
Averaged Test AUC: 0.7122
Std Test Accuracy: 0.2290
Std Test AUC: 0.1644

--- Round 15/500 ---
Averaged Train Loss: 2.1366
Averaged Test Accuracy: 0.2713
Averaged Test AUC: 0.7059
Std Test Accuracy: 0.2336
Std Test AUC: 0.1720

--- Round 16/500 ---
Averaged Train Loss: 2.0768
Averaged Test Accuracy: 0.2881
Averaged Test AUC: 0.7102
Std Test Accuracy: 0.2017
Std Test AUC: 0.1755

--- Round 17/500 ---
Averaged Train Loss: 2.0557
Averaged Test Accuracy: 0.2891
Averaged Test AUC: 0.7224
Std Test Accuracy: 0.2139
Std Test AUC: 0.1579

--- Round 18/500 ---
Averaged Train Loss: 2.1327
Averaged Test Accuracy: 0.2814
Averaged Test AUC: 0.7129
Std Test Accuracy: 0.2281
Std Test AUC: 0.1729

--- Round 19/500 ---
Averaged Train Loss: 2.0375
Averaged Test Accuracy: 0.3109
Averaged Test AUC: 0.7236
Std Test Accuracy: 0.2019
Std Test AUC: 0.1711

--- Round 20/500 ---
Averaged Train Loss: 2.0544
Averaged Test Accuracy: 0.2976
Averaged Test AUC: 0.7244
Std Test Accuracy: 0.2355
Std Test AUC: 0.1683

--- Round 21/500 ---
Averaged Train Loss: 2.0664
Averaged Test Accuracy: 0.2966
Averaged Test AUC: 0.7253
Std Test Accuracy: 0.2253
Std Test AUC: 0.1667

--- Round 22/500 ---
Averaged Train Loss: 2.0491
Averaged Test Accuracy: 0.3043
Averaged Test AUC: 0.7277
Std Test Accuracy: 0.2173
Std Test AUC: 0.1676

--- Round 23/500 ---
Averaged Train Loss: 1.9949
Averaged Test Accuracy: 0.3028
Averaged Test AUC: 0.7423
Std Test Accuracy: 0.1994
Std Test AUC: 0.1475

--- Round 24/500 ---
Averaged Train Loss: 2.0233
Averaged Test Accuracy: 0.3109
Averaged Test AUC: 0.7401
Std Test Accuracy: 0.2155
Std Test AUC: 0.1540

--- Round 25/500 ---
Averaged Train Loss: 1.9862
Averaged Test Accuracy: 0.3079
Averaged Test AUC: 0.7451
Std Test Accuracy: 0.2291
Std Test AUC: 0.1497

--- Round 26/500 ---
Averaged Train Loss: 1.9385
Averaged Test Accuracy: 0.3222
Averaged Test AUC: 0.7530
Std Test Accuracy: 0.2038
Std Test AUC: 0.1399

--- Round 27/500 ---
Averaged Train Loss: 1.9126
Averaged Test Accuracy: 0.3193
Averaged Test AUC: 0.7621
Std Test Accuracy: 0.2249
Std Test AUC: 0.1271

--- Round 28/500 ---
Averaged Train Loss: 1.9455
Averaged Test Accuracy: 0.3225
Averaged Test AUC: 0.7581
Std Test Accuracy: 0.2332
Std Test AUC: 0.1350

--- Round 29/500 ---
Averaged Train Loss: 1.9823
Averaged Test Accuracy: 0.3249
Averaged Test AUC: 0.7545
Std Test Accuracy: 0.2414
Std Test AUC: 0.1413

--- Round 30/500 ---
Averaged Train Loss: 1.9856
Averaged Test Accuracy: 0.3272
Averaged Test AUC: 0.7534
Std Test Accuracy: 0.2273
Std Test AUC: 0.1480

--- Round 31/500 ---
Averaged Train Loss: 1.9638
Averaged Test Accuracy: 0.3092
Averaged Test AUC: 0.7613
Std Test Accuracy: 0.2471
Std Test AUC: 0.1283

--- Round 32/500 ---
Averaged Train Loss: 1.9222
Averaged Test Accuracy: 0.3224
Averaged Test AUC: 0.7647
Std Test Accuracy: 0.2266
Std Test AUC: 0.1311

--- Round 33/500 ---
Averaged Train Loss: 1.8786
Averaged Test Accuracy: 0.3346
Averaged Test AUC: 0.7729
Std Test Accuracy: 0.2151
Std Test AUC: 0.1223

--- Round 34/500 ---
Averaged Train Loss: 1.8951
Averaged Test Accuracy: 0.3437
Averaged Test AUC: 0.7685
Std Test Accuracy: 0.2143
Std Test AUC: 0.1335

--- Round 35/500 ---
Averaged Train Loss: 1.9319
Averaged Test Accuracy: 0.3401
Averaged Test AUC: 0.7663
Std Test Accuracy: 0.2207
Std Test AUC: 0.1375

--- Round 36/500 ---
Averaged Train Loss: 1.9274
Averaged Test Accuracy: 0.3359
Averaged Test AUC: 0.7670
Std Test Accuracy: 0.2267
Std Test AUC: 0.1364

--- Round 37/500 ---
Averaged Train Loss: 1.8658
Averaged Test Accuracy: 0.3552
Averaged Test AUC: 0.7752
Std Test Accuracy: 0.2153
Std Test AUC: 0.1247

--- Round 38/500 ---
Averaged Train Loss: 1.9228
Averaged Test Accuracy: 0.3432
Averaged Test AUC: 0.7714
Std Test Accuracy: 0.2393
Std Test AUC: 0.1287

--- Round 39/500 ---
Averaged Train Loss: 1.8772
Averaged Test Accuracy: 0.3209
Averaged Test AUC: 0.7807
Std Test Accuracy: 0.2416
Std Test AUC: 0.1151

--- Round 40/500 ---
Averaged Train Loss: 1.8283
Averaged Test Accuracy: 0.3507
Averaged Test AUC: 0.7830
Std Test Accuracy: 0.2170
Std Test AUC: 0.1141

--- Round 41/500 ---
Averaged Train Loss: 1.8074
Averaged Test Accuracy: 0.3538
Averaged Test AUC: 0.7884
Std Test Accuracy: 0.2323
Std Test AUC: 0.1089

--- Round 42/500 ---
Averaged Train Loss: 1.8745
Averaged Test Accuracy: 0.3397
Averaged Test AUC: 0.7807
Std Test Accuracy: 0.2268
Std Test AUC: 0.1193

--- Round 43/500 ---
Averaged Train Loss: 1.8846
Averaged Test Accuracy: 0.3371
Averaged Test AUC: 0.7796
Std Test Accuracy: 0.2291
Std Test AUC: 0.1199

--- Round 44/500 ---
Averaged Train Loss: 1.8648
Averaged Test Accuracy: 0.3372
Averaged Test AUC: 0.7845
Std Test Accuracy: 0.2400
Std Test AUC: 0.1135

--- Round 45/500 ---
Averaged Train Loss: 1.8528
Averaged Test Accuracy: 0.3529
Averaged Test AUC: 0.7835
Std Test Accuracy: 0.2321
Std Test AUC: 0.1173

--- Round 46/500 ---
Averaged Train Loss: 1.8614
Averaged Test Accuracy: 0.3530
Averaged Test AUC: 0.7849
Std Test Accuracy: 0.2407
Std Test AUC: 0.1164

--- Round 47/500 ---
Averaged Train Loss: 1.8501
Averaged Test Accuracy: 0.3558
Averaged Test AUC: 0.7864
Std Test Accuracy: 0.2398
Std Test AUC: 0.1165

--- Round 48/500 ---
Averaged Train Loss: 1.7798
Averaged Test Accuracy: 0.3611
Averaged Test AUC: 0.7944
Std Test Accuracy: 0.2235
Std Test AUC: 0.1028

--- Round 49/500 ---
Averaged Train Loss: 1.8420
Averaged Test Accuracy: 0.3463
Averaged Test AUC: 0.7882
Std Test Accuracy: 0.2270
Std Test AUC: 0.1102

--- Round 50/500 ---
Averaged Train Loss: 1.7704
Averaged Test Accuracy: 0.3560
Averaged Test AUC: 0.7972
Std Test Accuracy: 0.2308
Std Test AUC: 0.0998

--- Round 51/500 ---
Averaged Train Loss: 1.8155
Averaged Test Accuracy: 0.3560
Averaged Test AUC: 0.7920
Std Test Accuracy: 0.2254
Std Test AUC: 0.1091

--- Round 52/500 ---
Averaged Train Loss: 1.8290
Averaged Test Accuracy: 0.3588
Averaged Test AUC: 0.7903
Std Test Accuracy: 0.2246
Std Test AUC: 0.1128

--- Round 53/500 ---
Averaged Train Loss: 1.8534
Averaged Test Accuracy: 0.3605
Averaged Test AUC: 0.7875
Std Test Accuracy: 0.2430
Std Test AUC: 0.1184

--- Round 54/500 ---
Averaged Train Loss: 1.8662
Averaged Test Accuracy: 0.3576
Averaged Test AUC: 0.7869
Std Test Accuracy: 0.2428
Std Test AUC: 0.1180

--- Round 55/500 ---
Averaged Train Loss: 1.8575
Averaged Test Accuracy: 0.3587
Averaged Test AUC: 0.7884
Std Test Accuracy: 0.2313
Std Test AUC: 0.1164

--- Round 56/500 ---
Averaged Train Loss: 1.8642
Averaged Test Accuracy: 0.3616
Averaged Test AUC: 0.7871
Std Test Accuracy: 0.2286
Std Test AUC: 0.1209

--- Round 57/500 ---
Averaged Train Loss: 1.7977
Averaged Test Accuracy: 0.3550
Averaged Test AUC: 0.7981
Std Test Accuracy: 0.2324
Std Test AUC: 0.0978

--- Round 58/500 ---
Averaged Train Loss: 1.7440
Averaged Test Accuracy: 0.3737
Averaged Test AUC: 0.8049
Std Test Accuracy: 0.2177
Std Test AUC: 0.0887

--- Round 59/500 ---
Averaged Train Loss: 1.7706
Averaged Test Accuracy: 0.3721
Averaged Test AUC: 0.8013
Std Test Accuracy: 0.2161
Std Test AUC: 0.0946

--- Round 60/500 ---
Averaged Train Loss: 1.8167
Averaged Test Accuracy: 0.3690
Averaged Test AUC: 0.7947
Std Test Accuracy: 0.2370
Std Test AUC: 0.1095

--- Round 61/500 ---
Averaged Train Loss: 1.7460
Averaged Test Accuracy: 0.3705
Averaged Test AUC: 0.8014
Std Test Accuracy: 0.2222
Std Test AUC: 0.0977

--- Round 62/500 ---
Averaged Train Loss: 1.7733
Averaged Test Accuracy: 0.3501
Averaged Test AUC: 0.8027
Std Test Accuracy: 0.2341
Std Test AUC: 0.0957

--- Round 63/500 ---
Averaged Train Loss: 1.7627
Averaged Test Accuracy: 0.3796
Averaged Test AUC: 0.8000
Std Test Accuracy: 0.2195
Std Test AUC: 0.1056

--- Round 64/500 ---
Averaged Train Loss: 1.7485
Averaged Test Accuracy: 0.3737
Averaged Test AUC: 0.8011
Std Test Accuracy: 0.2203
Std Test AUC: 0.1005

--- Round 65/500 ---
Averaged Train Loss: 1.7265
Averaged Test Accuracy: 0.3892
Averaged Test AUC: 0.8043
Std Test Accuracy: 0.2118
Std Test AUC: 0.0959

--- Round 66/500 ---
Averaged Train Loss: 1.8070
Averaged Test Accuracy: 0.3756
Averaged Test AUC: 0.7975
Std Test Accuracy: 0.2271
Std Test AUC: 0.1102

--- Round 67/500 ---
Averaged Train Loss: 1.7663
Averaged Test Accuracy: 0.3767
Averaged Test AUC: 0.8013
Std Test Accuracy: 0.2127
Std Test AUC: 0.1012

--- Round 68/500 ---
Averaged Train Loss: 1.7679
Averaged Test Accuracy: 0.3737
Averaged Test AUC: 0.8016
Std Test Accuracy: 0.2320
Std Test AUC: 0.1010

--- Round 69/500 ---
Averaged Train Loss: 1.7864
Averaged Test Accuracy: 0.3727
Averaged Test AUC: 0.7991
Std Test Accuracy: 0.2325
Std Test AUC: 0.1064

--- Round 70/500 ---
Averaged Train Loss: 1.7404
Averaged Test Accuracy: 0.3797
Averaged Test AUC: 0.8059
Std Test Accuracy: 0.2120
Std Test AUC: 0.0964

--- Round 71/500 ---
Averaged Train Loss: 1.7938
Averaged Test Accuracy: 0.3712
Averaged Test AUC: 0.8018
Std Test Accuracy: 0.2246
Std Test AUC: 0.1013

--- Round 72/500 ---
Averaged Train Loss: 1.8054
Averaged Test Accuracy: 0.3751
Averaged Test AUC: 0.7983
Std Test Accuracy: 0.2388
Std Test AUC: 0.1113

--- Round 73/500 ---
Averaged Train Loss: 1.7945
Averaged Test Accuracy: 0.3764
Averaged Test AUC: 0.8000
Std Test Accuracy: 0.2288
Std Test AUC: 0.1082

--- Round 74/500 ---
Averaged Train Loss: 1.8166
Averaged Test Accuracy: 0.3681
Averaged Test AUC: 0.7962
Std Test Accuracy: 0.2453
Std Test AUC: 0.1114

--- Round 75/500 ---
Averaged Train Loss: 1.7737
Averaged Test Accuracy: 0.3767
Averaged Test AUC: 0.8015
Std Test Accuracy: 0.2324
Std Test AUC: 0.1051

--- Round 76/500 ---
Averaged Train Loss: 1.7933
Averaged Test Accuracy: 0.3776
Averaged Test AUC: 0.8008
Std Test Accuracy: 0.2384
Std Test AUC: 0.1068

--- Round 77/500 ---
Averaged Train Loss: 1.7917
Averaged Test Accuracy: 0.3806
Averaged Test AUC: 0.8015
Std Test Accuracy: 0.2310
Std Test AUC: 0.1067

--- Round 78/500 ---
Averaged Train Loss: 1.7559
Averaged Test Accuracy: 0.3884
Averaged Test AUC: 0.8009
Std Test Accuracy: 0.2089
Std Test AUC: 0.1072

--- Round 79/500 ---
Averaged Train Loss: 1.7837
Averaged Test Accuracy: 0.3743
Averaged Test AUC: 0.8012
Std Test Accuracy: 0.2382
Std Test AUC: 0.1065

--- Round 80/500 ---
Averaged Train Loss: 1.7372
Averaged Test Accuracy: 0.3874
Averaged Test AUC: 0.8073
Std Test Accuracy: 0.2094
Std Test AUC: 0.0966

--- Round 81/500 ---
Averaged Train Loss: 1.7026
Averaged Test Accuracy: 0.3962
Averaged Test AUC: 0.8104
Std Test Accuracy: 0.2089
Std Test AUC: 0.0964

--- Round 82/500 ---
Averaged Train Loss: 1.6425
Averaged Test Accuracy: 0.4039
Averaged Test AUC: 0.8196
Std Test Accuracy: 0.2002
Std Test AUC: 0.0750

--- Round 83/500 ---
Averaged Train Loss: 1.6854
Averaged Test Accuracy: 0.3907
Averaged Test AUC: 0.8136
Std Test Accuracy: 0.2148
Std Test AUC: 0.0876

--- Round 84/500 ---
Averaged Train Loss: 1.6707
Averaged Test Accuracy: 0.3961
Averaged Test AUC: 0.8154
Std Test Accuracy: 0.2125
Std Test AUC: 0.0830

--- Round 85/500 ---
Averaged Train Loss: 1.6574
Averaged Test Accuracy: 0.3993
Averaged Test AUC: 0.8170
Std Test Accuracy: 0.2051
Std Test AUC: 0.0790

--- Round 86/500 ---
Averaged Train Loss: 1.7739
Averaged Test Accuracy: 0.3770
Averaged Test AUC: 0.8059
Std Test Accuracy: 0.2337
Std Test AUC: 0.1024

--- Round 87/500 ---
Averaged Train Loss: 1.7295
Averaged Test Accuracy: 0.3793
Averaged Test AUC: 0.8127
Std Test Accuracy: 0.2272
Std Test AUC: 0.0869

--- Round 88/500 ---
Averaged Train Loss: 1.7147
Averaged Test Accuracy: 0.3876
Averaged Test AUC: 0.8116
Std Test Accuracy: 0.2285
Std Test AUC: 0.0927

--- Round 89/500 ---
Averaged Train Loss: 1.6898
Averaged Test Accuracy: 0.3956
Averaged Test AUC: 0.8146
Std Test Accuracy: 0.2041
Std Test AUC: 0.0894

--- Round 90/500 ---
Averaged Train Loss: 1.7149
Averaged Test Accuracy: 0.3892
Averaged Test AUC: 0.8113
Std Test Accuracy: 0.2271
Std Test AUC: 0.0942

--- Round 91/500 ---
Averaged Train Loss: 1.7052
Averaged Test Accuracy: 0.3969
Averaged Test AUC: 0.8126
Std Test Accuracy: 0.2202
Std Test AUC: 0.0948

--- Round 92/500 ---
Averaged Train Loss: 1.7107
Averaged Test Accuracy: 0.3967
Averaged Test AUC: 0.8086
Std Test Accuracy: 0.2069
Std Test AUC: 0.0973

--- Round 93/500 ---
Averaged Train Loss: 1.7191
Averaged Test Accuracy: 0.3955
Averaged Test AUC: 0.8078
Std Test Accuracy: 0.2038
Std Test AUC: 0.0996

--- Round 94/500 ---
Averaged Train Loss: 1.7349
Averaged Test Accuracy: 0.3923
Averaged Test AUC: 0.8102
Std Test Accuracy: 0.2217
Std Test AUC: 0.0983

--- Round 95/500 ---
Averaged Train Loss: 1.7464
Averaged Test Accuracy: 0.3896
Averaged Test AUC: 0.8090
Std Test Accuracy: 0.2351
Std Test AUC: 0.1009

--- Round 96/500 ---
Averaged Train Loss: 1.7490
Averaged Test Accuracy: 0.3882
Averaged Test AUC: 0.8089
Std Test Accuracy: 0.2364
Std Test AUC: 0.1008

--- Round 97/500 ---
Averaged Train Loss: 1.7499
Averaged Test Accuracy: 0.3840
Averaged Test AUC: 0.8105
Std Test Accuracy: 0.2234
Std Test AUC: 0.0953

--- Round 98/500 ---
Averaged Train Loss: 1.7357
Averaged Test Accuracy: 0.3916
Averaged Test AUC: 0.8109
Std Test Accuracy: 0.2237
Std Test AUC: 0.0978

--- Round 99/500 ---
Averaged Train Loss: 1.6787
Averaged Test Accuracy: 0.4014
Averaged Test AUC: 0.8151
Std Test Accuracy: 0.2028
Std Test AUC: 0.0878

--- Round 100/500 ---
Averaged Train Loss: 1.7012
Averaged Test Accuracy: 0.3894
Averaged Test AUC: 0.8132
Std Test Accuracy: 0.2190
Std Test AUC: 0.0915

--- Round 101/500 ---
Averaged Train Loss: 1.6563
Averaged Test Accuracy: 0.4063
Averaged Test AUC: 0.8200
Std Test Accuracy: 0.2106
Std Test AUC: 0.0835

--- Round 102/500 ---
Averaged Train Loss: 1.6703
Averaged Test Accuracy: 0.3993
Averaged Test AUC: 0.8192
Std Test Accuracy: 0.2154
Std Test AUC: 0.0851

--- Round 103/500 ---
Averaged Train Loss: 1.6937
Averaged Test Accuracy: 0.3899
Averaged Test AUC: 0.8188
Std Test Accuracy: 0.2237
Std Test AUC: 0.0801

--- Round 104/500 ---
Averaged Train Loss: 1.6800
Averaged Test Accuracy: 0.3959
Averaged Test AUC: 0.8171
Std Test Accuracy: 0.2230
Std Test AUC: 0.0876

--- Round 105/500 ---
Averaged Train Loss: 1.6971
Averaged Test Accuracy: 0.3900
Averaged Test AUC: 0.8145
Std Test Accuracy: 0.2240
Std Test AUC: 0.0903

--- Round 106/500 ---
Averaged Train Loss: 1.7032
Averaged Test Accuracy: 0.3938
Averaged Test AUC: 0.8166
Std Test Accuracy: 0.2211
Std Test AUC: 0.0874

--- Round 107/500 ---
Averaged Train Loss: 1.7089
Averaged Test Accuracy: 0.3960
Averaged Test AUC: 0.8150
Std Test Accuracy: 0.2248
Std Test AUC: 0.0929

--- Round 108/500 ---
Averaged Train Loss: 1.6199
Averaged Test Accuracy: 0.4171
Averaged Test AUC: 0.8230
Std Test Accuracy: 0.2034
Std Test AUC: 0.0760

--- Round 109/500 ---
Averaged Train Loss: 1.6338
Averaged Test Accuracy: 0.4071
Averaged Test AUC: 0.8240
Std Test Accuracy: 0.2120
Std Test AUC: 0.0770

--- Round 110/500 ---
Averaged Train Loss: 1.6802
Averaged Test Accuracy: 0.4000
Averaged Test AUC: 0.8182
Std Test Accuracy: 0.2291
Std Test AUC: 0.0887

--- Round 111/500 ---
Averaged Train Loss: 1.6390
Averaged Test Accuracy: 0.4075
Averaged Test AUC: 0.8212
Std Test Accuracy: 0.2136
Std Test AUC: 0.0797

--- Round 112/500 ---
Averaged Train Loss: 1.6803
Averaged Test Accuracy: 0.4001
Averaged Test AUC: 0.8189
Std Test Accuracy: 0.2217
Std Test AUC: 0.0873

--- Round 113/500 ---
Averaged Train Loss: 1.6411
Averaged Test Accuracy: 0.4151
Averaged Test AUC: 0.8211
Std Test Accuracy: 0.2019
Std Test AUC: 0.0867

--- Round 114/500 ---
Averaged Train Loss: 1.6821
Averaged Test Accuracy: 0.3877
Averaged Test AUC: 0.8195
Std Test Accuracy: 0.2296
Std Test AUC: 0.0809

--- Round 115/500 ---
Averaged Train Loss: 1.6478
Averaged Test Accuracy: 0.4060
Averaged Test AUC: 0.8239
Std Test Accuracy: 0.2135
Std Test AUC: 0.0740

--- Round 116/500 ---
Averaged Train Loss: 1.6428
Averaged Test Accuracy: 0.4082
Averaged Test AUC: 0.8229
Std Test Accuracy: 0.2066
Std Test AUC: 0.0776

--- Round 117/500 ---
Averaged Train Loss: 1.6201
Averaged Test Accuracy: 0.4224
Averaged Test AUC: 0.8234
Std Test Accuracy: 0.1962
Std Test AUC: 0.0840

--- Round 118/500 ---
Averaged Train Loss: 1.6085
Averaged Test Accuracy: 0.4212
Averaged Test AUC: 0.8255
Std Test Accuracy: 0.2001
Std Test AUC: 0.0737

--- Round 119/500 ---
Averaged Train Loss: 1.6382
Averaged Test Accuracy: 0.4069
Averaged Test AUC: 0.8223
Std Test Accuracy: 0.2159
Std Test AUC: 0.0799

--- Round 120/500 ---
Averaged Train Loss: 1.5804
Averaged Test Accuracy: 0.4233
Averaged Test AUC: 0.8308
Std Test Accuracy: 0.1917
Std Test AUC: 0.0624

--- Round 121/500 ---
Averaged Train Loss: 1.6166
Averaged Test Accuracy: 0.4091
Averaged Test AUC: 0.8272
Std Test Accuracy: 0.2011
Std Test AUC: 0.0672

--- Round 122/500 ---
Averaged Train Loss: 1.5878
Averaged Test Accuracy: 0.4231
Averaged Test AUC: 0.8283
Std Test Accuracy: 0.1894
Std Test AUC: 0.0672

--- Round 123/500 ---
Averaged Train Loss: 1.7309
Averaged Test Accuracy: 0.3642
Averaged Test AUC: 0.8148
Std Test Accuracy: 0.2302
Std Test AUC: 0.0794

--- Round 124/500 ---
Averaged Train Loss: 1.5868
Averaged Test Accuracy: 0.4224
Averaged Test AUC: 0.8283
Std Test Accuracy: 0.1896
Std Test AUC: 0.0701

--- Round 125/500 ---
Averaged Train Loss: 1.6691
Averaged Test Accuracy: 0.3737
Averaged Test AUC: 0.8221
Std Test Accuracy: 0.2124
Std Test AUC: 0.0640

--- Round 126/500 ---
Averaged Train Loss: 1.5884
Averaged Test Accuracy: 0.4111
Averaged Test AUC: 0.8323
Std Test Accuracy: 0.1990
Std Test AUC: 0.0603

--- Round 127/500 ---
Averaged Train Loss: 1.6448
Averaged Test Accuracy: 0.3906
Averaged Test AUC: 0.8242
Std Test Accuracy: 0.2117
Std Test AUC: 0.0694

--- Round 128/500 ---
Averaged Train Loss: 1.5948
Averaged Test Accuracy: 0.4093
Averaged Test AUC: 0.8310
Std Test Accuracy: 0.2106
Std Test AUC: 0.0670

--- Round 129/500 ---
Averaged Train Loss: 1.6453
Averaged Test Accuracy: 0.3928
Averaged Test AUC: 0.8252
Std Test Accuracy: 0.2225
Std Test AUC: 0.0732

--- Round 130/500 ---
Averaged Train Loss: 1.5596
Averaged Test Accuracy: 0.4262
Averaged Test AUC: 0.8348
Std Test Accuracy: 0.1743
Std Test AUC: 0.0539

--- Round 131/500 ---
Averaged Train Loss: 1.6365
Averaged Test Accuracy: 0.3907
Averaged Test AUC: 0.8284
Std Test Accuracy: 0.2160
Std Test AUC: 0.0639

--- Round 132/500 ---
Averaged Train Loss: 1.5876
Averaged Test Accuracy: 0.4139
Averaged Test AUC: 0.8315
Std Test Accuracy: 0.1994
Std Test AUC: 0.0650

--- Round 133/500 ---
Averaged Train Loss: 1.6654
Averaged Test Accuracy: 0.3863
Averaged Test AUC: 0.8233
Std Test Accuracy: 0.2222
Std Test AUC: 0.0757

--- Round 134/500 ---
Averaged Train Loss: 1.5644
Averaged Test Accuracy: 0.4246
Averaged Test AUC: 0.8345
Std Test Accuracy: 0.1980
Std Test AUC: 0.0649

--- Round 135/500 ---
Averaged Train Loss: 1.6367
Averaged Test Accuracy: 0.4016
Averaged Test AUC: 0.8251
Std Test Accuracy: 0.2164
Std Test AUC: 0.0733

--- Round 136/500 ---
Averaged Train Loss: 1.5834
Averaged Test Accuracy: 0.4220
Averaged Test AUC: 0.8333
Std Test Accuracy: 0.2031
Std Test AUC: 0.0657

--- Round 137/500 ---
Averaged Train Loss: 1.6408
Averaged Test Accuracy: 0.3978
Averaged Test AUC: 0.8262
Std Test Accuracy: 0.2228
Std Test AUC: 0.0738

--- Round 138/500 ---
Averaged Train Loss: 1.5425
Averaged Test Accuracy: 0.4335
Averaged Test AUC: 0.8380
Std Test Accuracy: 0.1706
Std Test AUC: 0.0504

--- Round 139/500 ---
Averaged Train Loss: 1.6466
Averaged Test Accuracy: 0.3887
Averaged Test AUC: 0.8274
Std Test Accuracy: 0.2289
Std Test AUC: 0.0757

--- Round 140/500 ---
Averaged Train Loss: 1.5900
Averaged Test Accuracy: 0.4108
Averaged Test AUC: 0.8345
Std Test Accuracy: 0.2025
Std Test AUC: 0.0621

--- Round 141/500 ---
Averaged Train Loss: 1.6146
Averaged Test Accuracy: 0.4005
Averaged Test AUC: 0.8297
Std Test Accuracy: 0.2140
Std Test AUC: 0.0683

--- Round 142/500 ---
Averaged Train Loss: 1.5686
Averaged Test Accuracy: 0.4230
Averaged Test AUC: 0.8333
Std Test Accuracy: 0.1942
Std Test AUC: 0.0671

--- Round 143/500 ---
Averaged Train Loss: 1.6541
Averaged Test Accuracy: 0.3931
Averaged Test AUC: 0.8284
Std Test Accuracy: 0.2194
Std Test AUC: 0.0690

--- Round 144/500 ---
Averaged Train Loss: 1.5588
Averaged Test Accuracy: 0.4296
Averaged Test AUC: 0.8362
Std Test Accuracy: 0.1943
Std Test AUC: 0.0628

--- Round 145/500 ---
Averaged Train Loss: 1.6102
Averaged Test Accuracy: 0.3937
Averaged Test AUC: 0.8320
Std Test Accuracy: 0.2062
Std Test AUC: 0.0598

--- Round 146/500 ---
Averaged Train Loss: 1.5660
Averaged Test Accuracy: 0.4244
Averaged Test AUC: 0.8373
Std Test Accuracy: 0.1962
Std Test AUC: 0.0618

--- Round 147/500 ---
Averaged Train Loss: 1.6232
Averaged Test Accuracy: 0.4017
Averaged Test AUC: 0.8318
Std Test Accuracy: 0.2091
Std Test AUC: 0.0639

--- Round 148/500 ---
Averaged Train Loss: 1.5556
Averaged Test Accuracy: 0.4303
Averaged Test AUC: 0.8371
Std Test Accuracy: 0.1962
Std Test AUC: 0.0624

--- Round 149/500 ---
Averaged Train Loss: 1.6094
Averaged Test Accuracy: 0.4059
Averaged Test AUC: 0.8326
Std Test Accuracy: 0.2061
Std Test AUC: 0.0596

--- Round 150/500 ---
Averaged Train Loss: 1.5423
Averaged Test Accuracy: 0.4277
Averaged Test AUC: 0.8400
Std Test Accuracy: 0.1914
Std Test AUC: 0.0545

--- Round 151/500 ---
Averaged Train Loss: 1.6472
Averaged Test Accuracy: 0.3952
Averaged Test AUC: 0.8295
Std Test Accuracy: 0.2284
Std Test AUC: 0.0710

--- Round 152/500 ---
Averaged Train Loss: 1.5859
Averaged Test Accuracy: 0.4168
Averaged Test AUC: 0.8350
Std Test Accuracy: 0.2056
Std Test AUC: 0.0657

--- Round 153/500 ---
Averaged Train Loss: 1.6241
Averaged Test Accuracy: 0.4025
Averaged Test AUC: 0.8314
Std Test Accuracy: 0.2109
Std Test AUC: 0.0657

--- Round 154/500 ---
Averaged Train Loss: 1.5712
Averaged Test Accuracy: 0.4224
Averaged Test AUC: 0.8363
Std Test Accuracy: 0.2000
Std Test AUC: 0.0628

--- Round 155/500 ---
Averaged Train Loss: 1.6036
Averaged Test Accuracy: 0.4097
Averaged Test AUC: 0.8322
Std Test Accuracy: 0.2135
Std Test AUC: 0.0686

--- Round 156/500 ---
Averaged Train Loss: 1.5529
Averaged Test Accuracy: 0.4285
Averaged Test AUC: 0.8382
Std Test Accuracy: 0.1944
Std Test AUC: 0.0608

--- Round 157/500 ---
Averaged Train Loss: 1.5846
Averaged Test Accuracy: 0.4146
Averaged Test AUC: 0.8346
Std Test Accuracy: 0.2151
Std Test AUC: 0.0648

--- Round 158/500 ---
Averaged Train Loss: 1.5544
Averaged Test Accuracy: 0.4254
Averaged Test AUC: 0.8383
Std Test Accuracy: 0.2030
Std Test AUC: 0.0614

--- Round 159/500 ---
Averaged Train Loss: 1.5832
Averaged Test Accuracy: 0.4184
Averaged Test AUC: 0.8339
Std Test Accuracy: 0.2005
Std Test AUC: 0.0644

--- Round 160/500 ---
Averaged Train Loss: 1.5544
Averaged Test Accuracy: 0.4267
Averaged Test AUC: 0.8385
Std Test Accuracy: 0.1964
Std Test AUC: 0.0601

--- Round 161/500 ---
Averaged Train Loss: 1.5906
Averaged Test Accuracy: 0.4172
Averaged Test AUC: 0.8317
Std Test Accuracy: 0.1998
Std Test AUC: 0.0675

--- Round 162/500 ---
Averaged Train Loss: 1.5472
Averaged Test Accuracy: 0.4301
Averaged Test AUC: 0.8397
Std Test Accuracy: 0.1980
Std Test AUC: 0.0587

--- Round 163/500 ---
Averaged Train Loss: 1.6043
Averaged Test Accuracy: 0.4098
Averaged Test AUC: 0.8341
Std Test Accuracy: 0.2075
Std Test AUC: 0.0619

--- Round 164/500 ---
Averaged Train Loss: 1.5442
Averaged Test Accuracy: 0.4286
Averaged Test AUC: 0.8398
Std Test Accuracy: 0.1933
Std Test AUC: 0.0578

--- Round 165/500 ---
Averaged Train Loss: 1.5912
Averaged Test Accuracy: 0.4158
Averaged Test AUC: 0.8335
Std Test Accuracy: 0.2097
Std Test AUC: 0.0655

--- Round 166/500 ---
Averaged Train Loss: 1.5380
Averaged Test Accuracy: 0.4313
Averaged Test AUC: 0.8409
Std Test Accuracy: 0.1959
Std Test AUC: 0.0564

--- Round 167/500 ---
Averaged Train Loss: 1.5873
Averaged Test Accuracy: 0.4197
Averaged Test AUC: 0.8344
Std Test Accuracy: 0.2104
Std Test AUC: 0.0668

--- Round 168/500 ---
Averaged Train Loss: 1.5495
Averaged Test Accuracy: 0.4285
Averaged Test AUC: 0.8401
Std Test Accuracy: 0.1984
Std Test AUC: 0.0577

--- Round 169/500 ---
Averaged Train Loss: 1.6087
Averaged Test Accuracy: 0.4072
Averaged Test AUC: 0.8347
Std Test Accuracy: 0.2108
Std Test AUC: 0.0605

--- Round 170/500 ---
Averaged Train Loss: 1.5343
Averaged Test Accuracy: 0.4353
Averaged Test AUC: 0.8412
Std Test Accuracy: 0.1869
Std Test AUC: 0.0560

--- Round 171/500 ---
Averaged Train Loss: 1.5737
Averaged Test Accuracy: 0.4230
Averaged Test AUC: 0.8363
Std Test Accuracy: 0.2054
Std Test AUC: 0.0628

--- Round 172/500 ---
Averaged Train Loss: 1.5133
Averaged Test Accuracy: 0.4421
Averaged Test AUC: 0.8437
Std Test Accuracy: 0.1856
Std Test AUC: 0.0548

--- Round 173/500 ---
Averaged Train Loss: 1.5407
Averaged Test Accuracy: 0.4305
Averaged Test AUC: 0.8386
Std Test Accuracy: 0.1721
Std Test AUC: 0.0536

--- Round 174/500 ---
Averaged Train Loss: 1.5319
Averaged Test Accuracy: 0.4337
Averaged Test AUC: 0.8412
Std Test Accuracy: 0.1899
Std Test AUC: 0.0550

--- Round 175/500 ---
Averaged Train Loss: 1.6006
Averaged Test Accuracy: 0.4128
Averaged Test AUC: 0.8327
Std Test Accuracy: 0.2161
Std Test AUC: 0.0706

--- Round 176/500 ---
Averaged Train Loss: 1.5218
Averaged Test Accuracy: 0.4413
Averaged Test AUC: 0.8411
Std Test Accuracy: 0.1832
Std Test AUC: 0.0552

--- Round 177/500 ---
Averaged Train Loss: 1.5663
Averaged Test Accuracy: 0.4194
Averaged Test AUC: 0.8382
Std Test Accuracy: 0.2080
Std Test AUC: 0.0602

--- Round 178/500 ---
Averaged Train Loss: 1.5585
Averaged Test Accuracy: 0.4249
Averaged Test AUC: 0.8397
Std Test Accuracy: 0.2030
Std Test AUC: 0.0605

--- Round 179/500 ---
Averaged Train Loss: 1.5517
Averaged Test Accuracy: 0.4276
Averaged Test AUC: 0.8396
Std Test Accuracy: 0.2088
Std Test AUC: 0.0589

--- Round 180/500 ---
Averaged Train Loss: 1.5287
Averaged Test Accuracy: 0.4359
Averaged Test AUC: 0.8427
Std Test Accuracy: 0.1973
Std Test AUC: 0.0561

--- Round 181/500 ---
Averaged Train Loss: 1.6431
Averaged Test Accuracy: 0.3978
Averaged Test AUC: 0.8295
Std Test Accuracy: 0.2331
Std Test AUC: 0.0745

--- Round 182/500 ---
Averaged Train Loss: 1.5082
Averaged Test Accuracy: 0.4442
Averaged Test AUC: 0.8444
Std Test Accuracy: 0.1947
Std Test AUC: 0.0554

--- Round 183/500 ---
Averaged Train Loss: 1.5456
Averaged Test Accuracy: 0.4313
Averaged Test AUC: 0.8382
Std Test Accuracy: 0.1891
Std Test AUC: 0.0589

--- Round 184/500 ---
Averaged Train Loss: 1.5259
Averaged Test Accuracy: 0.4361
Averaged Test AUC: 0.8427
Std Test Accuracy: 0.1954
Std Test AUC: 0.0561

--- Round 185/500 ---
Averaged Train Loss: 1.5281
Averaged Test Accuracy: 0.4364
Averaged Test AUC: 0.8411
Std Test Accuracy: 0.1900
Std Test AUC: 0.0570

--- Round 186/500 ---
Averaged Train Loss: 1.5162
Averaged Test Accuracy: 0.4389
Averaged Test AUC: 0.8441
Std Test Accuracy: 0.1910
Std Test AUC: 0.0538

--- Round 187/500 ---
Averaged Train Loss: 1.5658
Averaged Test Accuracy: 0.4274
Averaged Test AUC: 0.8377
Std Test Accuracy: 0.2100
Std Test AUC: 0.0644

--- Round 188/500 ---
Averaged Train Loss: 1.5282
Averaged Test Accuracy: 0.4385
Averaged Test AUC: 0.8427
Std Test Accuracy: 0.1992
Std Test AUC: 0.0578

--- Round 189/500 ---
Averaged Train Loss: 1.5549
Averaged Test Accuracy: 0.4309
Averaged Test AUC: 0.8383
Std Test Accuracy: 0.1985
Std Test AUC: 0.0634

--- Round 190/500 ---
Averaged Train Loss: 1.5555
Averaged Test Accuracy: 0.4296
Averaged Test AUC: 0.8397
Std Test Accuracy: 0.2049
Std Test AUC: 0.0620

--- Round 191/500 ---
Averaged Train Loss: 1.5612
Averaged Test Accuracy: 0.4287
Averaged Test AUC: 0.8367
Std Test Accuracy: 0.1962
Std Test AUC: 0.0638

--- Round 192/500 ---
Averaged Train Loss: 1.4748
Averaged Test Accuracy: 0.4602
Averaged Test AUC: 0.8469
Std Test Accuracy: 0.1450
Std Test AUC: 0.0419

--- Round 193/500 ---
Averaged Train Loss: 1.5551
Averaged Test Accuracy: 0.4311
Averaged Test AUC: 0.8385
Std Test Accuracy: 0.2014
Std Test AUC: 0.0604

--- Round 194/500 ---
Averaged Train Loss: 1.5139
Averaged Test Accuracy: 0.4423
Averaged Test AUC: 0.8440
Std Test Accuracy: 0.1922
Std Test AUC: 0.0541

--- Round 195/500 ---
Averaged Train Loss: 1.5907
Averaged Test Accuracy: 0.4172
Averaged Test AUC: 0.8352
Std Test Accuracy: 0.2096
Std Test AUC: 0.0655

--- Round 196/500 ---
Averaged Train Loss: 1.5296
Averaged Test Accuracy: 0.4355
Averaged Test AUC: 0.8432
Std Test Accuracy: 0.1973
Std Test AUC: 0.0547

--- Round 197/500 ---
Averaged Train Loss: 1.5497
Averaged Test Accuracy: 0.4326
Averaged Test AUC: 0.8385
Std Test Accuracy: 0.1937
Std Test AUC: 0.0611

--- Round 198/500 ---
Averaged Train Loss: 1.5515
Averaged Test Accuracy: 0.4305
Averaged Test AUC: 0.8406
Std Test Accuracy: 0.2012
Std Test AUC: 0.0599

--- Round 199/500 ---
Averaged Train Loss: 1.6116
Averaged Test Accuracy: 0.4085
Averaged Test AUC: 0.8365
Std Test Accuracy: 0.2269
Std Test AUC: 0.0629

--- Round 200/500 ---
Averaged Train Loss: 1.5385
Averaged Test Accuracy: 0.4309
Averaged Test AUC: 0.8426
Std Test Accuracy: 0.1995
Std Test AUC: 0.0573

--- Round 201/500 ---
Averaged Train Loss: 1.5567
Averaged Test Accuracy: 0.4329
Averaged Test AUC: 0.8385
Std Test Accuracy: 0.1961
Std Test AUC: 0.0641

--- Round 202/500 ---
Averaged Train Loss: 1.5165
Averaged Test Accuracy: 0.4419
Averaged Test AUC: 0.8436
Std Test Accuracy: 0.1910
Std Test AUC: 0.0559

--- Round 203/500 ---
Averaged Train Loss: 1.5389
Averaged Test Accuracy: 0.4340
Averaged Test AUC: 0.8410
Std Test Accuracy: 0.2065
Std Test AUC: 0.0601

--- Round 204/500 ---
Averaged Train Loss: 1.5246
Averaged Test Accuracy: 0.4361
Averaged Test AUC: 0.8434
Std Test Accuracy: 0.1978
Std Test AUC: 0.0561

--- Round 205/500 ---
Averaged Train Loss: 1.5470
Averaged Test Accuracy: 0.4330
Averaged Test AUC: 0.8403
Std Test Accuracy: 0.2043
Std Test AUC: 0.0600

--- Round 206/500 ---
Averaged Train Loss: 1.5114
Averaged Test Accuracy: 0.4408
Averaged Test AUC: 0.8449
Std Test Accuracy: 0.1897
Std Test AUC: 0.0531

--- Round 207/500 ---
Averaged Train Loss: 1.5342
Averaged Test Accuracy: 0.4365
Averaged Test AUC: 0.8403
Std Test Accuracy: 0.1857
Std Test AUC: 0.0582

--- Round 208/500 ---
Averaged Train Loss: 1.5076
Averaged Test Accuracy: 0.4441
Averaged Test AUC: 0.8454
Std Test Accuracy: 0.1812
Std Test AUC: 0.0515

--- Round 209/500 ---
Averaged Train Loss: 1.5382
Averaged Test Accuracy: 0.4283
Averaged Test AUC: 0.8420
Std Test Accuracy: 0.1861
Std Test AUC: 0.0517

--- Round 210/500 ---
Averaged Train Loss: 1.4794
Averaged Test Accuracy: 0.4522
Averaged Test AUC: 0.8480
Std Test Accuracy: 0.1735
Std Test AUC: 0.0456

--- Round 211/500 ---
Averaged Train Loss: 1.5413
Averaged Test Accuracy: 0.4355
Averaged Test AUC: 0.8407
Std Test Accuracy: 0.1971
Std Test AUC: 0.0586

--- Round 212/500 ---
Averaged Train Loss: 1.4984
Averaged Test Accuracy: 0.4462
Averaged Test AUC: 0.8460
Std Test Accuracy: 0.1889
Std Test AUC: 0.0513

--- Round 213/500 ---
Averaged Train Loss: 1.5515
Averaged Test Accuracy: 0.4270
Averaged Test AUC: 0.8415
Std Test Accuracy: 0.1944
Std Test AUC: 0.0551

--- Round 214/500 ---
Averaged Train Loss: 1.5046
Averaged Test Accuracy: 0.4450
Averaged Test AUC: 0.8454
Std Test Accuracy: 0.1853
Std Test AUC: 0.0515

--- Round 215/500 ---
Averaged Train Loss: 1.6020
Averaged Test Accuracy: 0.4128
Averaged Test AUC: 0.8391
Std Test Accuracy: 0.2209
Std Test AUC: 0.0612

--- Round 216/500 ---
Averaged Train Loss: 1.5105
Averaged Test Accuracy: 0.4415
Averaged Test AUC: 0.8457
Std Test Accuracy: 0.1907
Std Test AUC: 0.0540

--- Round 217/500 ---
Averaged Train Loss: 1.5972
Averaged Test Accuracy: 0.4144
Averaged Test AUC: 0.8356
Std Test Accuracy: 0.2265
Std Test AUC: 0.0685

--- Round 218/500 ---
Averaged Train Loss: 1.4742
Averaged Test Accuracy: 0.4547
Averaged Test AUC: 0.8476
Std Test Accuracy: 0.1631
Std Test AUC: 0.0454

--- Round 219/500 ---
Averaged Train Loss: 1.5847
Averaged Test Accuracy: 0.4170
Averaged Test AUC: 0.8364
Std Test Accuracy: 0.2232
Std Test AUC: 0.0663

--- Round 220/500 ---
Averaged Train Loss: 1.4673
Averaged Test Accuracy: 0.4582
Averaged Test AUC: 0.8484
Std Test Accuracy: 0.1639
Std Test AUC: 0.0432

--- Round 221/500 ---
Averaged Train Loss: 1.5094
Averaged Test Accuracy: 0.4419
Averaged Test AUC: 0.8438
Std Test Accuracy: 0.1766
Std Test AUC: 0.0501

--- Round 222/500 ---
Averaged Train Loss: 1.4805
Averaged Test Accuracy: 0.4511
Averaged Test AUC: 0.8478
Std Test Accuracy: 0.1811
Std Test AUC: 0.0483

--- Round 223/500 ---
Averaged Train Loss: 1.5281
Averaged Test Accuracy: 0.4382
Averaged Test AUC: 0.8420
Std Test Accuracy: 0.1943
Std Test AUC: 0.0579

--- Round 224/500 ---
Averaged Train Loss: 1.4927
Averaged Test Accuracy: 0.4486
Averaged Test AUC: 0.8468
Std Test Accuracy: 0.1929
Std Test AUC: 0.0518

--- Round 225/500 ---
Averaged Train Loss: 1.5954
Averaged Test Accuracy: 0.4185
Averaged Test AUC: 0.8350
Std Test Accuracy: 0.2248
Std Test AUC: 0.0690

--- Round 226/500 ---
Averaged Train Loss: 1.5106
Averaged Test Accuracy: 0.4392
Averaged Test AUC: 0.8457
Std Test Accuracy: 0.1872
Std Test AUC: 0.0493

--- Round 227/500 ---
Averaged Train Loss: 1.5118
Averaged Test Accuracy: 0.4438
Averaged Test AUC: 0.8429
Std Test Accuracy: 0.1783
Std Test AUC: 0.0551

--- Round 228/500 ---
Averaged Train Loss: 1.4874
Averaged Test Accuracy: 0.4503
Averaged Test AUC: 0.8474
Std Test Accuracy: 0.1838
Std Test AUC: 0.0511

--- Round 229/500 ---
Averaged Train Loss: 1.5221
Averaged Test Accuracy: 0.4375
Averaged Test AUC: 0.8429
Std Test Accuracy: 0.1869
Std Test AUC: 0.0531

--- Round 230/500 ---
Averaged Train Loss: 1.4788
Averaged Test Accuracy: 0.4509
Averaged Test AUC: 0.8481
Std Test Accuracy: 0.1779
Std Test AUC: 0.0492

--- Round 231/500 ---
Averaged Train Loss: 1.5237
Averaged Test Accuracy: 0.4427
Averaged Test AUC: 0.8430
Std Test Accuracy: 0.1973
Std Test AUC: 0.0572

--- Round 232/500 ---
Averaged Train Loss: 1.5024
Averaged Test Accuracy: 0.4454
Averaged Test AUC: 0.8460
Std Test Accuracy: 0.1968
Std Test AUC: 0.0548

--- Round 233/500 ---
Averaged Train Loss: 1.5061
Averaged Test Accuracy: 0.4414
Averaged Test AUC: 0.8447
Std Test Accuracy: 0.1806
Std Test AUC: 0.0522

--- Round 234/500 ---
Averaged Train Loss: 1.4896
Averaged Test Accuracy: 0.4472
Averaged Test AUC: 0.8473
Std Test Accuracy: 0.1849
Std Test AUC: 0.0506

--- Round 235/500 ---
Averaged Train Loss: 1.4895
Averaged Test Accuracy: 0.4492
Averaged Test AUC: 0.8469
Std Test Accuracy: 0.1820
Std Test AUC: 0.0506

--- Round 236/500 ---
Averaged Train Loss: 1.4716
Averaged Test Accuracy: 0.4619
Averaged Test AUC: 0.8476
Std Test Accuracy: 0.1832
Std Test AUC: 0.0545

--- Round 237/500 ---
Averaged Train Loss: 1.5610
Averaged Test Accuracy: 0.4210
Averaged Test AUC: 0.8423
Std Test Accuracy: 0.2090
Std Test AUC: 0.0520

--- Round 238/500 ---
Averaged Train Loss: 1.4960
Averaged Test Accuracy: 0.4524
Averaged Test AUC: 0.8456
Std Test Accuracy: 0.1941
Std Test AUC: 0.0571

--- Round 239/500 ---
Averaged Train Loss: 1.5562
Averaged Test Accuracy: 0.4230
Averaged Test AUC: 0.8407
Std Test Accuracy: 0.2162
Std Test AUC: 0.0621

--- Round 240/500 ---
Averaged Train Loss: 1.5044
Averaged Test Accuracy: 0.4435
Averaged Test AUC: 0.8456
Std Test Accuracy: 0.1983
Std Test AUC: 0.0555

--- Round 241/500 ---
Averaged Train Loss: 1.5906
Averaged Test Accuracy: 0.4151
Averaged Test AUC: 0.8362
Std Test Accuracy: 0.2275
Std Test AUC: 0.0691

--- Round 242/500 ---
Averaged Train Loss: 1.5034
Averaged Test Accuracy: 0.4404
Averaged Test AUC: 0.8468
Std Test Accuracy: 0.1908
Std Test AUC: 0.0501

--- Round 243/500 ---
Averaged Train Loss: 1.5026
Averaged Test Accuracy: 0.4468
Averaged Test AUC: 0.8438
Std Test Accuracy: 0.1750
Std Test AUC: 0.0533

--- Round 244/500 ---
Averaged Train Loss: 1.4726
Averaged Test Accuracy: 0.4538
Averaged Test AUC: 0.8483
Std Test Accuracy: 0.1825
Std Test AUC: 0.0490

--- Round 245/500 ---
Averaged Train Loss: 1.5347
Averaged Test Accuracy: 0.4394
Averaged Test AUC: 0.8413
Std Test Accuracy: 0.1868
Std Test AUC: 0.0606

--- Round 246/500 ---
Averaged Train Loss: 1.4572
Averaged Test Accuracy: 0.4659
Averaged Test AUC: 0.8501
Std Test Accuracy: 0.1663
Std Test AUC: 0.0472

--- Round 247/500 ---
Averaged Train Loss: 1.5150
Averaged Test Accuracy: 0.4440
Averaged Test AUC: 0.8438
Std Test Accuracy: 0.1790
Std Test AUC: 0.0568

--- Round 248/500 ---
Averaged Train Loss: 1.5039
Averaged Test Accuracy: 0.4435
Averaged Test AUC: 0.8454
Std Test Accuracy: 0.1992
Std Test AUC: 0.0547

--- Round 249/500 ---
Averaged Train Loss: 1.5035
Averaged Test Accuracy: 0.4466
Averaged Test AUC: 0.8442
Std Test Accuracy: 0.1866
Std Test AUC: 0.0590

--- Round 250/500 ---
Averaged Train Loss: 1.4970
Averaged Test Accuracy: 0.4519
Averaged Test AUC: 0.8467
Std Test Accuracy: 0.1772
Std Test AUC: 0.0495

--- Round 251/500 ---
Averaged Train Loss: 1.5387
Averaged Test Accuracy: 0.4321
Averaged Test AUC: 0.8419
Std Test Accuracy: 0.2094
Std Test AUC: 0.0649

--- Round 252/500 ---
Averaged Train Loss: 1.4786
Averaged Test Accuracy: 0.4545
Averaged Test AUC: 0.8478
Std Test Accuracy: 0.1802
Std Test AUC: 0.0544

--- Round 253/500 ---
Averaged Train Loss: 1.4950
Averaged Test Accuracy: 0.4509
Averaged Test AUC: 0.8443
Std Test Accuracy: 0.1863
Std Test AUC: 0.0564

--- Round 254/500 ---
Averaged Train Loss: 1.4447
Averaged Test Accuracy: 0.4687
Averaged Test AUC: 0.8507
Std Test Accuracy: 0.1466
Std Test AUC: 0.0401

--- Round 255/500 ---
Averaged Train Loss: 1.5108
Averaged Test Accuracy: 0.4429
Averaged Test AUC: 0.8433
Std Test Accuracy: 0.1928
Std Test AUC: 0.0587

--- Round 256/500 ---
Averaged Train Loss: 1.4333
Averaged Test Accuracy: 0.4710
Averaged Test AUC: 0.8523
Std Test Accuracy: 0.1391
Std Test AUC: 0.0371

--- Round 257/500 ---
Averaged Train Loss: 1.5138
Averaged Test Accuracy: 0.4414
Averaged Test AUC: 0.8425
Std Test Accuracy: 0.1899
Std Test AUC: 0.0597

--- Round 258/500 ---
Averaged Train Loss: 1.4572
Averaged Test Accuracy: 0.4625
Averaged Test AUC: 0.8495
Std Test Accuracy: 0.1649
Std Test AUC: 0.0453

--- Round 259/500 ---
Averaged Train Loss: 1.5605
Averaged Test Accuracy: 0.4307
Averaged Test AUC: 0.8387
Std Test Accuracy: 0.2156
Std Test AUC: 0.0710

--- Round 260/500 ---
Averaged Train Loss: 1.5040
Averaged Test Accuracy: 0.4457
Averaged Test AUC: 0.8456
Std Test Accuracy: 0.2025
Std Test AUC: 0.0597

--- Round 261/500 ---
Averaged Train Loss: 1.5466
Averaged Test Accuracy: 0.4267
Averaged Test AUC: 0.8411
Std Test Accuracy: 0.2150
Std Test AUC: 0.0637

--- Round 262/500 ---
Averaged Train Loss: 1.4927
Averaged Test Accuracy: 0.4471
Averaged Test AUC: 0.8469
Std Test Accuracy: 0.2002
Std Test AUC: 0.0558

--- Round 263/500 ---
Averaged Train Loss: 1.5061
Averaged Test Accuracy: 0.4453
Averaged Test AUC: 0.8445
Std Test Accuracy: 0.1993
Std Test AUC: 0.0594

--- Round 264/500 ---
Averaged Train Loss: 1.4786
Averaged Test Accuracy: 0.4528
Averaged Test AUC: 0.8478
Std Test Accuracy: 0.1955
Std Test AUC: 0.0530

--- Round 265/500 ---
Averaged Train Loss: 1.4895
Averaged Test Accuracy: 0.4478
Averaged Test AUC: 0.8445
Std Test Accuracy: 0.1766
Std Test AUC: 0.0556

--- Round 266/500 ---
Averaged Train Loss: 1.4334
Averaged Test Accuracy: 0.4735
Averaged Test AUC: 0.8516
Std Test Accuracy: 0.1363
Std Test AUC: 0.0365

--- Round 267/500 ---
Averaged Train Loss: 1.5052
Averaged Test Accuracy: 0.4445
Averaged Test AUC: 0.8432
Std Test Accuracy: 0.1870
Std Test AUC: 0.0585

--- Round 268/500 ---
Averaged Train Loss: 1.4550
Averaged Test Accuracy: 0.4632
Averaged Test AUC: 0.8494
Std Test Accuracy: 0.1619
Std Test AUC: 0.0451

--- Round 269/500 ---
Averaged Train Loss: 1.4776
Averaged Test Accuracy: 0.4488
Averaged Test AUC: 0.8471
Std Test Accuracy: 0.1762
Std Test AUC: 0.0489

--- Round 270/500 ---
Averaged Train Loss: 1.4801
Averaged Test Accuracy: 0.4539
Averaged Test AUC: 0.8483
Std Test Accuracy: 0.1860
Std Test AUC: 0.0520

--- Round 271/500 ---
Averaged Train Loss: 1.4795
Averaged Test Accuracy: 0.4526
Averaged Test AUC: 0.8462
Std Test Accuracy: 0.1744
Std Test AUC: 0.0518

--- Round 272/500 ---
Averaged Train Loss: 1.4874
Averaged Test Accuracy: 0.4504
Averaged Test AUC: 0.8471
Std Test Accuracy: 0.1887
Std Test AUC: 0.0533

--- Round 273/500 ---
Averaged Train Loss: 1.5039
Averaged Test Accuracy: 0.4445
Averaged Test AUC: 0.8448
Std Test Accuracy: 0.1981
Std Test AUC: 0.0568

--- Round 274/500 ---
Averaged Train Loss: 1.4828
Averaged Test Accuracy: 0.4509
Averaged Test AUC: 0.8482
Std Test Accuracy: 0.1919
Std Test AUC: 0.0515

--- Round 275/500 ---
Averaged Train Loss: 1.4656
Averaged Test Accuracy: 0.4586
Averaged Test AUC: 0.8475
Std Test Accuracy: 0.1501
Std Test AUC: 0.0460

--- Round 276/500 ---
Averaged Train Loss: 1.4342
Averaged Test Accuracy: 0.4719
Averaged Test AUC: 0.8521
Std Test Accuracy: 0.1619
Std Test AUC: 0.0432

--- Round 277/500 ---
Averaged Train Loss: 1.4503
Averaged Test Accuracy: 0.4612
Averaged Test AUC: 0.8493
Std Test Accuracy: 0.1625
Std Test AUC: 0.0480

--- Round 278/500 ---
Averaged Train Loss: 1.4432
Averaged Test Accuracy: 0.4644
Averaged Test AUC: 0.8517
Std Test Accuracy: 0.1610
Std Test AUC: 0.0415

--- Round 279/500 ---
Averaged Train Loss: 1.4805
Averaged Test Accuracy: 0.4522
Averaged Test AUC: 0.8469
Std Test Accuracy: 0.1822
Std Test AUC: 0.0529

--- Round 280/500 ---
Averaged Train Loss: 1.4593
Averaged Test Accuracy: 0.4603
Averaged Test AUC: 0.8502
Std Test Accuracy: 0.1778
Std Test AUC: 0.0476

--- Round 281/500 ---
Averaged Train Loss: 1.4917
Averaged Test Accuracy: 0.4494
Averaged Test AUC: 0.8458
Std Test Accuracy: 0.1898
Std Test AUC: 0.0553

--- Round 282/500 ---
Averaged Train Loss: 1.4746
Averaged Test Accuracy: 0.4586
Averaged Test AUC: 0.8488
Std Test Accuracy: 0.1680
Std Test AUC: 0.0475

--- Round 283/500 ---
Averaged Train Loss: 1.5003
Averaged Test Accuracy: 0.4438
Averaged Test AUC: 0.8469
Std Test Accuracy: 0.1784
Std Test AUC: 0.0487

--- Round 284/500 ---
Averaged Train Loss: 1.4548
Averaged Test Accuracy: 0.4611
Averaged Test AUC: 0.8506
Std Test Accuracy: 0.1695
Std Test AUC: 0.0448

--- Round 285/500 ---
Averaged Train Loss: 1.4772
Averaged Test Accuracy: 0.4559
Averaged Test AUC: 0.8464
Std Test Accuracy: 0.1626
Std Test AUC: 0.0501

--- Round 286/500 ---
Averaged Train Loss: 1.4333
Averaged Test Accuracy: 0.4714
Averaged Test AUC: 0.8526
Std Test Accuracy: 0.1600
Std Test AUC: 0.0445

--- Round 287/500 ---
Averaged Train Loss: 1.4695
Averaged Test Accuracy: 0.4571
Averaged Test AUC: 0.8485
Std Test Accuracy: 0.1811
Std Test AUC: 0.0502

--- Round 288/500 ---
Averaged Train Loss: 1.4711
Averaged Test Accuracy: 0.4554
Averaged Test AUC: 0.8496
Std Test Accuracy: 0.1738
Std Test AUC: 0.0454

--- Round 289/500 ---
Averaged Train Loss: 1.4846
Averaged Test Accuracy: 0.4519
Averaged Test AUC: 0.8469
Std Test Accuracy: 0.1872
Std Test AUC: 0.0538

--- Round 290/500 ---
Averaged Train Loss: 1.4728
Averaged Test Accuracy: 0.4532
Averaged Test AUC: 0.8497
Std Test Accuracy: 0.1907
Std Test AUC: 0.0490

--- Round 291/500 ---
Averaged Train Loss: 1.4790
Averaged Test Accuracy: 0.4546
Averaged Test AUC: 0.8471
Std Test Accuracy: 0.1900
Std Test AUC: 0.0563

--- Round 292/500 ---
Averaged Train Loss: 1.4686
Averaged Test Accuracy: 0.4559
Averaged Test AUC: 0.8496
Std Test Accuracy: 0.1930
Std Test AUC: 0.0520

--- Round 293/500 ---
Averaged Train Loss: 1.4804
Averaged Test Accuracy: 0.4544
Averaged Test AUC: 0.8478
Std Test Accuracy: 0.1911
Std Test AUC: 0.0551

--- Round 294/500 ---
Averaged Train Loss: 1.4669
Averaged Test Accuracy: 0.4594
Averaged Test AUC: 0.8498
Std Test Accuracy: 0.1889
Std Test AUC: 0.0508

--- Round 295/500 ---
Averaged Train Loss: 1.4821
Averaged Test Accuracy: 0.4546
Averaged Test AUC: 0.8460
Std Test Accuracy: 0.1755
Std Test AUC: 0.0552

--- Round 296/500 ---
Averaged Train Loss: 1.4709
Averaged Test Accuracy: 0.4545
Averaged Test AUC: 0.8490
Std Test Accuracy: 0.1832
Std Test AUC: 0.0490

--- Round 297/500 ---
Averaged Train Loss: 1.4768
Averaged Test Accuracy: 0.4560
Averaged Test AUC: 0.8461
Std Test Accuracy: 0.1631
Std Test AUC: 0.0511

--- Round 298/500 ---
Averaged Train Loss: 1.4404
Averaged Test Accuracy: 0.4673
Averaged Test AUC: 0.8515
Std Test Accuracy: 0.1649
Std Test AUC: 0.0439

--- Round 299/500 ---
Averaged Train Loss: 1.4874
Averaged Test Accuracy: 0.4538
Averaged Test AUC: 0.8452
Std Test Accuracy: 0.1821
Std Test AUC: 0.0565

--- Round 300/500 ---
Averaged Train Loss: 1.4318
Averaged Test Accuracy: 0.4734
Averaged Test AUC: 0.8521
Std Test Accuracy: 0.1444
Std Test AUC: 0.0388

--- Round 301/500 ---
Averaged Train Loss: 1.4585
Averaged Test Accuracy: 0.4600
Averaged Test AUC: 0.8494
Std Test Accuracy: 0.1657
Std Test AUC: 0.0475

--- Round 302/500 ---
Averaged Train Loss: 1.4427
Averaged Test Accuracy: 0.4656
Averaged Test AUC: 0.8519
Std Test Accuracy: 0.1709
Std Test AUC: 0.0445

--- Round 303/500 ---
Averaged Train Loss: 1.4817
Averaged Test Accuracy: 0.4524
Averaged Test AUC: 0.8472
Std Test Accuracy: 0.1838
Std Test AUC: 0.0535

--- Round 304/500 ---
Averaged Train Loss: 1.4455
Averaged Test Accuracy: 0.4697
Averaged Test AUC: 0.8510
Std Test Accuracy: 0.1749
Std Test AUC: 0.0505

--- Round 305/500 ---
Averaged Train Loss: 1.4919
Averaged Test Accuracy: 0.4414
Averaged Test AUC: 0.8473
Std Test Accuracy: 0.1755
Std Test AUC: 0.0485

--- Round 306/500 ---
Averaged Train Loss: 1.4466
Averaged Test Accuracy: 0.4649
Averaged Test AUC: 0.8517
Std Test Accuracy: 0.1802
Std Test AUC: 0.0496

--- Round 307/500 ---
Averaged Train Loss: 1.5198
Averaged Test Accuracy: 0.4315
Averaged Test AUC: 0.8445
Std Test Accuracy: 0.1981
Std Test AUC: 0.0556

--- Round 308/500 ---
Averaged Train Loss: 1.4476
Averaged Test Accuracy: 0.4681
Averaged Test AUC: 0.8508
Std Test Accuracy: 0.1709
Std Test AUC: 0.0512

--- Round 309/500 ---
Averaged Train Loss: 1.4864
Averaged Test Accuracy: 0.4434
Averaged Test AUC: 0.8485
Std Test Accuracy: 0.1798
Std Test AUC: 0.0475

--- Round 310/500 ---
Averaged Train Loss: 1.4341
Averaged Test Accuracy: 0.4724
Averaged Test AUC: 0.8525
Std Test Accuracy: 0.1661
Std Test AUC: 0.0474

--- Round 311/500 ---
Averaged Train Loss: 1.4787
Averaged Test Accuracy: 0.4474
Averaged Test AUC: 0.8482
Std Test Accuracy: 0.1689
Std Test AUC: 0.0447

--- Round 312/500 ---
Averaged Train Loss: 1.4431
Averaged Test Accuracy: 0.4680
Averaged Test AUC: 0.8512
Std Test Accuracy: 0.1718
Std Test AUC: 0.0494

--- Round 313/500 ---
Averaged Train Loss: 1.5190
Averaged Test Accuracy: 0.4303
Averaged Test AUC: 0.8450
Std Test Accuracy: 0.1943
Std Test AUC: 0.0540

--- Round 314/500 ---
Averaged Train Loss: 1.4462
Averaged Test Accuracy: 0.4689
Averaged Test AUC: 0.8511
Std Test Accuracy: 0.1815
Std Test AUC: 0.0501

--- Round 315/500 ---
Averaged Train Loss: 1.4958
Averaged Test Accuracy: 0.4501
Averaged Test AUC: 0.8465
Std Test Accuracy: 0.1938
Std Test AUC: 0.0622

--- Round 316/500 ---
Averaged Train Loss: 1.4670
Averaged Test Accuracy: 0.4600
Averaged Test AUC: 0.8502
Std Test Accuracy: 0.1869
Std Test AUC: 0.0548

--- Round 317/500 ---
Averaged Train Loss: 1.4584
Averaged Test Accuracy: 0.4603
Averaged Test AUC: 0.8498
Std Test Accuracy: 0.1795
Std Test AUC: 0.0501

--- Round 318/500 ---
Averaged Train Loss: 1.4146
Averaged Test Accuracy: 0.4796
Averaged Test AUC: 0.8541
Std Test Accuracy: 0.1312
Std Test AUC: 0.0367

--- Round 319/500 ---
Averaged Train Loss: 1.4523
Averaged Test Accuracy: 0.4629
Averaged Test AUC: 0.8501
Std Test Accuracy: 0.1721
Std Test AUC: 0.0479

--- Round 320/500 ---
Averaged Train Loss: 1.4163
Averaged Test Accuracy: 0.4784
Averaged Test AUC: 0.8537
Std Test Accuracy: 0.1273
Std Test AUC: 0.0358

--- Round 321/500 ---
Averaged Train Loss: 1.4537
Averaged Test Accuracy: 0.4639
Averaged Test AUC: 0.8501
Std Test Accuracy: 0.1822
Std Test AUC: 0.0505

--- Round 322/500 ---
Averaged Train Loss: 1.4200
Averaged Test Accuracy: 0.4753
Averaged Test AUC: 0.8532
Std Test Accuracy: 0.1401
Std Test AUC: 0.0382

--- Round 323/500 ---
Averaged Train Loss: 1.4183
Averaged Test Accuracy: 0.4751
Averaged Test AUC: 0.8532
Std Test Accuracy: 0.1430
Std Test AUC: 0.0420

--- Round 324/500 ---
Averaged Train Loss: 1.4443
Averaged Test Accuracy: 0.4635
Averaged Test AUC: 0.8525
Std Test Accuracy: 0.1771
Std Test AUC: 0.0461

--- Round 325/500 ---
Averaged Train Loss: 1.4413
Averaged Test Accuracy: 0.4680
Averaged Test AUC: 0.8503
Std Test Accuracy: 0.1434
Std Test AUC: 0.0444

--- Round 326/500 ---
Averaged Train Loss: 1.4259
Averaged Test Accuracy: 0.4686
Averaged Test AUC: 0.8537
Std Test Accuracy: 0.1509
Std Test AUC: 0.0369

--- Round 327/500 ---
Averaged Train Loss: 1.4392
Averaged Test Accuracy: 0.4659
Averaged Test AUC: 0.8505
Std Test Accuracy: 0.1435
Std Test AUC: 0.0435

--- Round 328/500 ---
Averaged Train Loss: 1.4062
Averaged Test Accuracy: 0.4827
Averaged Test AUC: 0.8545
Std Test Accuracy: 0.1220
Std Test AUC: 0.0317

--- Round 329/500 ---
Averaged Train Loss: 1.4312
Averaged Test Accuracy: 0.4693
Averaged Test AUC: 0.8523
Std Test Accuracy: 0.1520
Std Test AUC: 0.0435

--- Round 330/500 ---
Averaged Train Loss: 1.4063
Averaged Test Accuracy: 0.4812
Averaged Test AUC: 0.8551
Std Test Accuracy: 0.1131
Std Test AUC: 0.0348

--- Round 331/500 ---
Averaged Train Loss: 1.4320
Averaged Test Accuracy: 0.4684
Averaged Test AUC: 0.8518
Std Test Accuracy: 0.1313
Std Test AUC: 0.0395

--- Round 332/500 ---
Averaged Train Loss: 1.4165
Averaged Test Accuracy: 0.4745
Averaged Test AUC: 0.8539
Std Test Accuracy: 0.1526
Std Test AUC: 0.0394

--- Round 333/500 ---
Averaged Train Loss: 1.4586
Averaged Test Accuracy: 0.4595
Averaged Test AUC: 0.8500
Std Test Accuracy: 0.1771
Std Test AUC: 0.0490

--- Round 334/500 ---
Averaged Train Loss: 1.4441
Averaged Test Accuracy: 0.4633
Averaged Test AUC: 0.8523
Std Test Accuracy: 0.1777
Std Test AUC: 0.0461

--- Round 335/500 ---
Averaged Train Loss: 1.5149
Averaged Test Accuracy: 0.4406
Averaged Test AUC: 0.8442
Std Test Accuracy: 0.2098
Std Test AUC: 0.0584

--- Round 336/500 ---
Averaged Train Loss: 1.4590
Averaged Test Accuracy: 0.4578
Averaged Test AUC: 0.8501
Std Test Accuracy: 0.1775
Std Test AUC: 0.0471

--- Round 337/500 ---
Averaged Train Loss: 1.4660
Averaged Test Accuracy: 0.4540
Averaged Test AUC: 0.8496
Std Test Accuracy: 0.1708
Std Test AUC: 0.0458

--- Round 338/500 ---
Averaged Train Loss: 1.4349
Averaged Test Accuracy: 0.4634
Averaged Test AUC: 0.8526
Std Test Accuracy: 0.1609
Std Test AUC: 0.0438

--- Round 339/500 ---
Averaged Train Loss: 1.4384
Averaged Test Accuracy: 0.4662
Averaged Test AUC: 0.8521
Std Test Accuracy: 0.1685
Std Test AUC: 0.0442

--- Round 340/500 ---
Averaged Train Loss: 1.4363
Averaged Test Accuracy: 0.4682
Averaged Test AUC: 0.8526
Std Test Accuracy: 0.1740
Std Test AUC: 0.0446

--- Round 341/500 ---
Averaged Train Loss: 1.4355
Averaged Test Accuracy: 0.4689
Averaged Test AUC: 0.8510
Std Test Accuracy: 0.1497
Std Test AUC: 0.0455

--- Round 342/500 ---
Averaged Train Loss: 1.4048
Averaged Test Accuracy: 0.4826
Averaged Test AUC: 0.8546
Std Test Accuracy: 0.1241
Std Test AUC: 0.0326

--- Round 343/500 ---
Averaged Train Loss: 1.4377
Averaged Test Accuracy: 0.4677
Averaged Test AUC: 0.8514
Std Test Accuracy: 0.1600
Std Test AUC: 0.0456

--- Round 344/500 ---
Averaged Train Loss: 1.4240
Averaged Test Accuracy: 0.4725
Averaged Test AUC: 0.8538
Std Test Accuracy: 0.1650
Std Test AUC: 0.0427

--- Round 345/500 ---
Averaged Train Loss: 1.4250
Averaged Test Accuracy: 0.4725
Averaged Test AUC: 0.8528
Std Test Accuracy: 0.1459
Std Test AUC: 0.0433

--- Round 346/500 ---
Averaged Train Loss: 1.4288
Averaged Test Accuracy: 0.4683
Averaged Test AUC: 0.8540
Std Test Accuracy: 0.1542
Std Test AUC: 0.0388

--- Round 347/500 ---
Averaged Train Loss: 1.4326
Averaged Test Accuracy: 0.4700
Averaged Test AUC: 0.8523
Std Test Accuracy: 0.1584
Std Test AUC: 0.0448

--- Round 348/500 ---
Averaged Train Loss: 1.4133
Averaged Test Accuracy: 0.4780
Averaged Test AUC: 0.8554
Std Test Accuracy: 0.1580
Std Test AUC: 0.0434

--- Round 349/500 ---
Averaged Train Loss: 1.4339
Averaged Test Accuracy: 0.4680
Averaged Test AUC: 0.8522
Std Test Accuracy: 0.1641
Std Test AUC: 0.0458

--- Round 350/500 ---
Averaged Train Loss: 1.4289
Averaged Test Accuracy: 0.4703
Averaged Test AUC: 0.8538
Std Test Accuracy: 0.1694
Std Test AUC: 0.0437

--- Round 351/500 ---
Averaged Train Loss: 1.4221
Averaged Test Accuracy: 0.4744
Averaged Test AUC: 0.8538
Std Test Accuracy: 0.1521
Std Test AUC: 0.0434

--- Round 352/500 ---
Averaged Train Loss: 1.3994
Averaged Test Accuracy: 0.4856
Averaged Test AUC: 0.8562
Std Test Accuracy: 0.1259
Std Test AUC: 0.0321

--- Round 353/500 ---
Averaged Train Loss: 1.4204
Averaged Test Accuracy: 0.4763
Averaged Test AUC: 0.8538
Std Test Accuracy: 0.1456
Std Test AUC: 0.0416

--- Round 354/500 ---
Averaged Train Loss: 1.4027
Averaged Test Accuracy: 0.4833
Averaged Test AUC: 0.8556
Std Test Accuracy: 0.1123
Std Test AUC: 0.0336

--- Round 355/500 ---
Averaged Train Loss: 1.4257
Averaged Test Accuracy: 0.4728
Averaged Test AUC: 0.8528
Std Test Accuracy: 0.1506
Std Test AUC: 0.0417

--- Round 356/500 ---
Averaged Train Loss: 1.4201
Averaged Test Accuracy: 0.4739
Averaged Test AUC: 0.8546
Std Test Accuracy: 0.1590
Std Test AUC: 0.0401

--- Round 357/500 ---
Averaged Train Loss: 1.4230
Averaged Test Accuracy: 0.4715
Averaged Test AUC: 0.8523
Std Test Accuracy: 0.1410
Std Test AUC: 0.0419

--- Round 358/500 ---
Averaged Train Loss: 1.4245
Averaged Test Accuracy: 0.4717
Averaged Test AUC: 0.8538
Std Test Accuracy: 0.1655
Std Test AUC: 0.0434

--- Round 359/500 ---
Averaged Train Loss: 1.4197
Averaged Test Accuracy: 0.4767
Averaged Test AUC: 0.8541
Std Test Accuracy: 0.1611
Std Test AUC: 0.0438

--- Round 360/500 ---
Averaged Train Loss: 1.4209
Averaged Test Accuracy: 0.4740
Averaged Test AUC: 0.8544
Std Test Accuracy: 0.1656
Std Test AUC: 0.0439

--- Round 361/500 ---
Averaged Train Loss: 1.4254
Averaged Test Accuracy: 0.4740
Averaged Test AUC: 0.8521
Std Test Accuracy: 0.1432
Std Test AUC: 0.0427

--- Round 362/500 ---
Averaged Train Loss: 1.4169
Averaged Test Accuracy: 0.4761
Averaged Test AUC: 0.8543
Std Test Accuracy: 0.1606
Std Test AUC: 0.0435

--- Round 363/500 ---
Averaged Train Loss: 1.4342
Averaged Test Accuracy: 0.4689
Averaged Test AUC: 0.8522
Std Test Accuracy: 0.1636
Std Test AUC: 0.0462

--- Round 364/500 ---
Averaged Train Loss: 1.4046
Averaged Test Accuracy: 0.4820
Averaged Test AUC: 0.8553
Std Test Accuracy: 0.1229
Std Test AUC: 0.0343

--- Round 365/500 ---
Averaged Train Loss: 1.4380
Averaged Test Accuracy: 0.4659
Averaged Test AUC: 0.8524
Std Test Accuracy: 0.1774
Std Test AUC: 0.0499

--- Round 366/500 ---
Averaged Train Loss: 1.4311
Averaged Test Accuracy: 0.4702
Averaged Test AUC: 0.8535
Std Test Accuracy: 0.1742
Std Test AUC: 0.0472

--- Round 367/500 ---
Averaged Train Loss: 1.4538
Averaged Test Accuracy: 0.4619
Averaged Test AUC: 0.8494
Std Test Accuracy: 0.1747
Std Test AUC: 0.0540

--- Round 368/500 ---
Averaged Train Loss: 1.4416
Averaged Test Accuracy: 0.4625
Averaged Test AUC: 0.8527
Std Test Accuracy: 0.1712
Std Test AUC: 0.0443

--- Round 369/500 ---
Averaged Train Loss: 1.4210
Averaged Test Accuracy: 0.4729
Averaged Test AUC: 0.8526
Std Test Accuracy: 0.1399
Std Test AUC: 0.0416

--- Round 370/500 ---
Averaged Train Loss: 1.4399
Averaged Test Accuracy: 0.4657
Averaged Test AUC: 0.8507
Std Test Accuracy: 0.1575
Std Test AUC: 0.0495

--- Round 371/500 ---
Averaged Train Loss: 1.4405
Averaged Test Accuracy: 0.4651
Averaged Test AUC: 0.8504
Std Test Accuracy: 0.1646
Std Test AUC: 0.0503

--- Round 372/500 ---
Averaged Train Loss: 1.4210
Averaged Test Accuracy: 0.4754
Averaged Test AUC: 0.8536
Std Test Accuracy: 0.1671
Std Test AUC: 0.0483

--- Round 373/500 ---
Averaged Train Loss: 1.4620
Averaged Test Accuracy: 0.4601
Averaged Test AUC: 0.8503
Std Test Accuracy: 0.1890
Std Test AUC: 0.0579

--- Round 374/500 ---
Averaged Train Loss: 1.4391
Averaged Test Accuracy: 0.4707
Averaged Test AUC: 0.8523
Std Test Accuracy: 0.1825
Std Test AUC: 0.0535

--- Round 375/500 ---
Averaged Train Loss: 1.4737
Averaged Test Accuracy: 0.4519
Averaged Test AUC: 0.8492
Std Test Accuracy: 0.2007
Std Test AUC: 0.0549

--- Round 376/500 ---
Averaged Train Loss: 1.4619
Averaged Test Accuracy: 0.4596
Averaged Test AUC: 0.8511
Std Test Accuracy: 0.1914
Std Test AUC: 0.0525

--- Round 377/500 ---
Averaged Train Loss: 1.4149
Averaged Test Accuracy: 0.4773
Averaged Test AUC: 0.8533
Std Test Accuracy: 0.1367
Std Test AUC: 0.0403

--- Round 378/500 ---
Averaged Train Loss: 1.4044
Averaged Test Accuracy: 0.4826
Averaged Test AUC: 0.8563
Std Test Accuracy: 0.1448
Std Test AUC: 0.0363

--- Round 379/500 ---
Averaged Train Loss: 1.4140
Averaged Test Accuracy: 0.4782
Averaged Test AUC: 0.8533
Std Test Accuracy: 0.1310
Std Test AUC: 0.0394

--- Round 380/500 ---
Averaged Train Loss: 1.3873
Averaged Test Accuracy: 0.4891
Averaged Test AUC: 0.8565
Std Test Accuracy: 0.1174
Std Test AUC: 0.0304

--- Round 381/500 ---
Averaged Train Loss: 1.4219
Averaged Test Accuracy: 0.4778
Averaged Test AUC: 0.8527
Std Test Accuracy: 0.1342
Std Test AUC: 0.0418

--- Round 382/500 ---
Averaged Train Loss: 1.4036
Averaged Test Accuracy: 0.4800
Averaged Test AUC: 0.8556
Std Test Accuracy: 0.1502
Std Test AUC: 0.0378

--- Round 383/500 ---
Averaged Train Loss: 1.4320
Averaged Test Accuracy: 0.4699
Averaged Test AUC: 0.8514
Std Test Accuracy: 0.1648
Std Test AUC: 0.0482

--- Round 384/500 ---
Averaged Train Loss: 1.4250
Averaged Test Accuracy: 0.4717
Averaged Test AUC: 0.8536
Std Test Accuracy: 0.1758
Std Test AUC: 0.0449

--- Round 385/500 ---
Averaged Train Loss: 1.4331
Averaged Test Accuracy: 0.4700
Averaged Test AUC: 0.8517
Std Test Accuracy: 0.1741
Std Test AUC: 0.0485

--- Round 386/500 ---
Averaged Train Loss: 1.4298
Averaged Test Accuracy: 0.4701
Averaged Test AUC: 0.8541
Std Test Accuracy: 0.1828
Std Test AUC: 0.0456

--- Round 387/500 ---
Averaged Train Loss: 1.4179
Averaged Test Accuracy: 0.4783
Averaged Test AUC: 0.8529
Std Test Accuracy: 0.1463
Std Test AUC: 0.0426

--- Round 388/500 ---
Averaged Train Loss: 1.4202
Averaged Test Accuracy: 0.4733
Averaged Test AUC: 0.8541
Std Test Accuracy: 0.1682
Std Test AUC: 0.0434

--- Round 389/500 ---
Averaged Train Loss: 1.4207
Averaged Test Accuracy: 0.4749
Averaged Test AUC: 0.8526
Std Test Accuracy: 0.1435
Std Test AUC: 0.0425

--- Round 390/500 ---
Averaged Train Loss: 1.3927
Averaged Test Accuracy: 0.4873
Averaged Test AUC: 0.8563
Std Test Accuracy: 0.1156
Std Test AUC: 0.0303

--- Round 391/500 ---
Averaged Train Loss: 1.4097
Averaged Test Accuracy: 0.4782
Averaged Test AUC: 0.8537
Std Test Accuracy: 0.1233
Std Test AUC: 0.0370

--- Round 392/500 ---
Averaged Train Loss: 1.4012
Averaged Test Accuracy: 0.4827
Averaged Test AUC: 0.8558
Std Test Accuracy: 0.1392
Std Test AUC: 0.0363

--- Round 393/500 ---
Averaged Train Loss: 1.4145
Averaged Test Accuracy: 0.4776
Averaged Test AUC: 0.8540
Std Test Accuracy: 0.1585
Std Test AUC: 0.0448

--- Round 394/500 ---
Averaged Train Loss: 1.4113
Averaged Test Accuracy: 0.4785
Averaged Test AUC: 0.8553
Std Test Accuracy: 0.1689
Std Test AUC: 0.0443

--- Round 395/500 ---
Averaged Train Loss: 1.4275
Averaged Test Accuracy: 0.4712
Averaged Test AUC: 0.8523
Std Test Accuracy: 0.1560
Std Test AUC: 0.0474

--- Round 396/500 ---
Averaged Train Loss: 1.4418
Averaged Test Accuracy: 0.4644
Averaged Test AUC: 0.8514
Std Test Accuracy: 0.1708
Std Test AUC: 0.0516

--- Round 397/500 ---
Averaged Train Loss: 1.4418
Averaged Test Accuracy: 0.4645
Averaged Test AUC: 0.8503
Std Test Accuracy: 0.1607
Std Test AUC: 0.0514

--- Round 398/500 ---
Averaged Train Loss: 1.4391
Averaged Test Accuracy: 0.4677
Averaged Test AUC: 0.8512
Std Test Accuracy: 0.1786
Std Test AUC: 0.0527

--- Round 399/500 ---
Averaged Train Loss: 1.4051
Averaged Test Accuracy: 0.4822
Averaged Test AUC: 0.8546
Std Test Accuracy: 0.1253
Std Test AUC: 0.0385

--- Round 400/500 ---
Averaged Train Loss: 1.3998
Averaged Test Accuracy: 0.4830
Averaged Test AUC: 0.8562
Std Test Accuracy: 0.1449
Std Test AUC: 0.0389

--- Round 401/500 ---
Averaged Train Loss: 1.4040
Averaged Test Accuracy: 0.4823
Averaged Test AUC: 0.8546
Std Test Accuracy: 0.1296
Std Test AUC: 0.0380

--- Round 402/500 ---
Averaged Train Loss: 1.4057
Averaged Test Accuracy: 0.4779
Averaged Test AUC: 0.8559
Std Test Accuracy: 0.1677
Std Test AUC: 0.0419

--- Round 403/500 ---
Averaged Train Loss: 1.4122
Averaged Test Accuracy: 0.4783
Averaged Test AUC: 0.8544
Std Test Accuracy: 0.1661
Std Test AUC: 0.0458

--- Round 404/500 ---
Averaged Train Loss: 1.3925
Averaged Test Accuracy: 0.4881
Averaged Test AUC: 0.8569
Std Test Accuracy: 0.1333
Std Test AUC: 0.0354

--- Round 405/500 ---
Averaged Train Loss: 1.3994
Averaged Test Accuracy: 0.4829
Averaged Test AUC: 0.8552
Std Test Accuracy: 0.1273
Std Test AUC: 0.0362

--- Round 406/500 ---
Averaged Train Loss: 1.3891
Averaged Test Accuracy: 0.4880
Averaged Test AUC: 0.8567
Std Test Accuracy: 0.1037
Std Test AUC: 0.0289

--- Round 407/500 ---
Averaged Train Loss: 1.3884
Averaged Test Accuracy: 0.4872
Averaged Test AUC: 0.8569
Std Test Accuracy: 0.1203
Std Test AUC: 0.0342

--- Round 408/500 ---
Averaged Train Loss: 1.3868
Averaged Test Accuracy: 0.4854
Averaged Test AUC: 0.8576
Std Test Accuracy: 0.1319
Std Test AUC: 0.0346

--- Round 409/500 ---
Averaged Train Loss: 1.3937
Averaged Test Accuracy: 0.4869
Averaged Test AUC: 0.8571
Std Test Accuracy: 0.1446
Std Test AUC: 0.0382

--- Round 410/500 ---
Averaged Train Loss: 1.4082
Averaged Test Accuracy: 0.4769
Averaged Test AUC: 0.8561
Std Test Accuracy: 0.1608
Std Test AUC: 0.0400

--- Round 411/500 ---
Averaged Train Loss: 1.4068
Averaged Test Accuracy: 0.4816
Averaged Test AUC: 0.8553
Std Test Accuracy: 0.1579
Std Test AUC: 0.0435

--- Round 412/500 ---
Averaged Train Loss: 1.3876
Averaged Test Accuracy: 0.4896
Averaged Test AUC: 0.8572
Std Test Accuracy: 0.1337
Std Test AUC: 0.0346

--- Round 413/500 ---
Averaged Train Loss: 1.4109
Averaged Test Accuracy: 0.4790
Averaged Test AUC: 0.8544
Std Test Accuracy: 0.1537
Std Test AUC: 0.0434

--- Round 414/500 ---
Averaged Train Loss: 1.3981
Averaged Test Accuracy: 0.4826
Averaged Test AUC: 0.8561
Std Test Accuracy: 0.1428
Std Test AUC: 0.0366

--- Round 415/500 ---
Averaged Train Loss: 1.4013
Averaged Test Accuracy: 0.4821
Averaged Test AUC: 0.8548
Std Test Accuracy: 0.1123
Std Test AUC: 0.0319

--- Round 416/500 ---
Averaged Train Loss: 1.3876
Averaged Test Accuracy: 0.4897
Averaged Test AUC: 0.8565
Std Test Accuracy: 0.1116
Std Test AUC: 0.0289

--- Round 417/500 ---
Averaged Train Loss: 1.4051
Averaged Test Accuracy: 0.4820
Averaged Test AUC: 0.8543
Std Test Accuracy: 0.1098
Std Test AUC: 0.0307

--- Round 418/500 ---
Averaged Train Loss: 1.3865
Averaged Test Accuracy: 0.4882
Averaged Test AUC: 0.8564
Std Test Accuracy: 0.0998
Std Test AUC: 0.0274

--- Round 419/500 ---
Averaged Train Loss: 1.4410
Averaged Test Accuracy: 0.4667
Averaged Test AUC: 0.8512
Std Test Accuracy: 0.1773
Std Test AUC: 0.0505

--- Round 420/500 ---
Averaged Train Loss: 1.4259
Averaged Test Accuracy: 0.4770
Averaged Test AUC: 0.8530
Std Test Accuracy: 0.1748
Std Test AUC: 0.0522

--- Round 421/500 ---
Averaged Train Loss: 1.4521
Averaged Test Accuracy: 0.4618
Averaged Test AUC: 0.8510
Std Test Accuracy: 0.1949
Std Test AUC: 0.0530

--- Round 422/500 ---
Averaged Train Loss: 1.4317
Averaged Test Accuracy: 0.4661
Averaged Test AUC: 0.8536
Std Test Accuracy: 0.1755
Std Test AUC: 0.0419

--- Round 423/500 ---
Averaged Train Loss: 1.4185
Averaged Test Accuracy: 0.4735
Averaged Test AUC: 0.8532
Std Test Accuracy: 0.1624
Std Test AUC: 0.0452

--- Round 424/500 ---
Averaged Train Loss: 1.4230
Averaged Test Accuracy: 0.4702
Averaged Test AUC: 0.8536
Std Test Accuracy: 0.1689
Std Test AUC: 0.0471

--- Round 425/500 ---
Averaged Train Loss: 1.4007
Averaged Test Accuracy: 0.4828
Averaged Test AUC: 0.8546
Std Test Accuracy: 0.1312
Std Test AUC: 0.0388

--- Round 426/500 ---
Averaged Train Loss: 1.3968
Averaged Test Accuracy: 0.4822
Averaged Test AUC: 0.8566
Std Test Accuracy: 0.1327
Std Test AUC: 0.0329

--- Round 427/500 ---
Averaged Train Loss: 1.3961
Averaged Test Accuracy: 0.4855
Averaged Test AUC: 0.8554
Std Test Accuracy: 0.1248
Std Test AUC: 0.0347

--- Round 428/500 ---
Averaged Train Loss: 1.3862
Averaged Test Accuracy: 0.4900
Averaged Test AUC: 0.8570
Std Test Accuracy: 0.0993
Std Test AUC: 0.0267

--- Round 429/500 ---
Averaged Train Loss: 1.3841
Averaged Test Accuracy: 0.4908
Averaged Test AUC: 0.8575
Std Test Accuracy: 0.1193
Std Test AUC: 0.0346

--- Round 430/500 ---
Averaged Train Loss: 1.4095
Averaged Test Accuracy: 0.4745
Averaged Test AUC: 0.8546
Std Test Accuracy: 0.1441
Std Test AUC: 0.0440

--- Round 431/500 ---
Averaged Train Loss: 1.3942
Averaged Test Accuracy: 0.4865
Averaged Test AUC: 0.8555
Std Test Accuracy: 0.1172
Std Test AUC: 0.0358

--- Round 432/500 ---
Averaged Train Loss: 1.3927
Averaged Test Accuracy: 0.4842
Averaged Test AUC: 0.8562
Std Test Accuracy: 0.1365
Std Test AUC: 0.0376

--- Round 433/500 ---
Averaged Train Loss: 1.4211
Averaged Test Accuracy: 0.4733
Averaged Test AUC: 0.8529
Std Test Accuracy: 0.1584
Std Test AUC: 0.0465

--- Round 434/500 ---
Averaged Train Loss: 1.4049
Averaged Test Accuracy: 0.4808
Averaged Test AUC: 0.8552
Std Test Accuracy: 0.1251
Std Test AUC: 0.0342

--- Round 435/500 ---
Averaged Train Loss: 1.4248
Averaged Test Accuracy: 0.4725
Averaged Test AUC: 0.8527
Std Test Accuracy: 0.1346
Std Test AUC: 0.0391

--- Round 436/500 ---
Averaged Train Loss: 1.4325
Averaged Test Accuracy: 0.4707
Averaged Test AUC: 0.8513
Std Test Accuracy: 0.1206
Std Test AUC: 0.0349

--- Round 437/500 ---
Averaged Train Loss: 1.4170
Averaged Test Accuracy: 0.4798
Averaged Test AUC: 0.8532
Std Test Accuracy: 0.1107
Std Test AUC: 0.0383

--- Round 438/500 ---
Averaged Train Loss: 1.4225
Averaged Test Accuracy: 0.4717
Averaged Test AUC: 0.8535
Std Test Accuracy: 0.1255
Std Test AUC: 0.0350

--- Round 439/500 ---
Averaged Train Loss: 1.4524
Averaged Test Accuracy: 0.4635
Averaged Test AUC: 0.8492
Std Test Accuracy: 0.1675
Std Test AUC: 0.0622

--- Round 440/500 ---
Averaged Train Loss: 1.4234
Averaged Test Accuracy: 0.4717
Averaged Test AUC: 0.8540
Std Test Accuracy: 0.1515
Std Test AUC: 0.0444

--- Round 441/500 ---
Averaged Train Loss: 1.4432
Averaged Test Accuracy: 0.4691
Averaged Test AUC: 0.8520
Std Test Accuracy: 0.1694
Std Test AUC: 0.0582

--- Round 442/500 ---
Averaged Train Loss: 1.4773
Averaged Test Accuracy: 0.4554
Averaged Test AUC: 0.8484
Std Test Accuracy: 0.1887
Std Test AUC: 0.0637

--- Round 443/500 ---
Averaged Train Loss: 1.4777
Averaged Test Accuracy: 0.4609
Averaged Test AUC: 0.8478
Std Test Accuracy: 0.1855
Std Test AUC: 0.0710

--- Round 444/500 ---
Averaged Train Loss: 1.5322
Averaged Test Accuracy: 0.4463
Averaged Test AUC: 0.8414
Std Test Accuracy: 0.2008
Std Test AUC: 0.0817

--- Round 445/500 ---
Averaged Train Loss: 1.4844
Averaged Test Accuracy: 0.4604
Averaged Test AUC: 0.8469
Std Test Accuracy: 0.1888
Std Test AUC: 0.0748

--- Round 446/500 ---
Averaged Train Loss: 1.5514
Averaged Test Accuracy: 0.4371
Averaged Test AUC: 0.8401
Std Test Accuracy: 0.2020
Std Test AUC: 0.0843

--- Round 447/500 ---
Averaged Train Loss: 1.4988
Averaged Test Accuracy: 0.4563
Averaged Test AUC: 0.8452
Std Test Accuracy: 0.1916
Std Test AUC: 0.0788

--- Round 448/500 ---
Averaged Train Loss: 1.5299
Averaged Test Accuracy: 0.4501
Averaged Test AUC: 0.8428
Std Test Accuracy: 0.2042
Std Test AUC: 0.0809

--- Round 449/500 ---
Averaged Train Loss: 1.4981
Averaged Test Accuracy: 0.4571
Averaged Test AUC: 0.8451
Std Test Accuracy: 0.1893
Std Test AUC: 0.0786

--- Round 450/500 ---
Averaged Train Loss: 1.5240
Averaged Test Accuracy: 0.4505
Averaged Test AUC: 0.8428
Std Test Accuracy: 0.2002
Std Test AUC: 0.0801

--- Round 451/500 ---
Averaged Train Loss: 1.4929
Averaged Test Accuracy: 0.4629
Averaged Test AUC: 0.8456
Std Test Accuracy: 0.1868
Std Test AUC: 0.0767

--- Round 452/500 ---
Averaged Train Loss: 1.5433
Averaged Test Accuracy: 0.4508
Averaged Test AUC: 0.8407
Std Test Accuracy: 0.2067
Std Test AUC: 0.0855

--- Round 453/500 ---
Averaged Train Loss: 1.4760
Averaged Test Accuracy: 0.4648
Averaged Test AUC: 0.8486
Std Test Accuracy: 0.1875
Std Test AUC: 0.0703

--- Round 454/500 ---
Averaged Train Loss: 1.5496
Averaged Test Accuracy: 0.4476
Averaged Test AUC: 0.8411
Std Test Accuracy: 0.2041
Std Test AUC: 0.0836

--- Round 455/500 ---
Averaged Train Loss: 1.4735
Averaged Test Accuracy: 0.4657
Averaged Test AUC: 0.8488
Std Test Accuracy: 0.1880
Std Test AUC: 0.0704

--- Round 456/500 ---
Averaged Train Loss: 1.5409
Averaged Test Accuracy: 0.4498
Averaged Test AUC: 0.8410
Std Test Accuracy: 0.2023
Std Test AUC: 0.0847

--- Round 457/500 ---
Averaged Train Loss: 1.4844
Averaged Test Accuracy: 0.4655
Averaged Test AUC: 0.8480
Std Test Accuracy: 0.1874
Std Test AUC: 0.0727

--- Round 458/500 ---
Averaged Train Loss: 1.5466
Averaged Test Accuracy: 0.4517
Averaged Test AUC: 0.8416
Std Test Accuracy: 0.2028
Std Test AUC: 0.0847

--- Round 459/500 ---
Averaged Train Loss: 1.4861
Averaged Test Accuracy: 0.4652
Averaged Test AUC: 0.8478
Std Test Accuracy: 0.1913
Std Test AUC: 0.0739

--- Round 460/500 ---
Averaged Train Loss: 1.5380
Averaged Test Accuracy: 0.4516
Averaged Test AUC: 0.8414
Std Test Accuracy: 0.2011
Std Test AUC: 0.0853

--- Round 461/500 ---
Averaged Train Loss: 1.4994
Averaged Test Accuracy: 0.4639
Averaged Test AUC: 0.8466
Std Test Accuracy: 0.1923
Std Test AUC: 0.0784

--- Round 462/500 ---
Averaged Train Loss: 1.5477
Averaged Test Accuracy: 0.4512
Averaged Test AUC: 0.8407
Std Test Accuracy: 0.2026
Std Test AUC: 0.0880

--- Round 463/500 ---
Averaged Train Loss: 1.4939
Averaged Test Accuracy: 0.4618
Averaged Test AUC: 0.8474
Std Test Accuracy: 0.1933
Std Test AUC: 0.0774

--- Round 464/500 ---
Averaged Train Loss: 1.5477
Averaged Test Accuracy: 0.4509
Averaged Test AUC: 0.8408
Std Test Accuracy: 0.2006
Std Test AUC: 0.0873

--- Round 465/500 ---
Averaged Train Loss: 1.4929
Averaged Test Accuracy: 0.4635
Averaged Test AUC: 0.8473
Std Test Accuracy: 0.1933
Std Test AUC: 0.0772

--- Round 466/500 ---
Averaged Train Loss: 1.5443
Averaged Test Accuracy: 0.4518
Averaged Test AUC: 0.8420
Std Test Accuracy: 0.2025
Std Test AUC: 0.0849

--- Round 467/500 ---
Averaged Train Loss: 1.4964
Averaged Test Accuracy: 0.4616
Averaged Test AUC: 0.8479
Std Test Accuracy: 0.1936
Std Test AUC: 0.0746

--- Round 468/500 ---
Averaged Train Loss: 1.5327
Averaged Test Accuracy: 0.4574
Averaged Test AUC: 0.8439
Std Test Accuracy: 0.1977
Std Test AUC: 0.0795

--- Round 469/500 ---
Averaged Train Loss: 1.5016
Averaged Test Accuracy: 0.4637
Averaged Test AUC: 0.8468
Std Test Accuracy: 0.1944
Std Test AUC: 0.0787

--- Round 470/500 ---
Averaged Train Loss: 1.5558
Averaged Test Accuracy: 0.4510
Averaged Test AUC: 0.8403
Std Test Accuracy: 0.2032
Std Test AUC: 0.0883

--- Round 471/500 ---
Averaged Train Loss: 1.4693
Averaged Test Accuracy: 0.4690
Averaged Test AUC: 0.8500
Std Test Accuracy: 0.1891
Std Test AUC: 0.0705

--- Round 472/500 ---
Averaged Train Loss: 1.5406
Averaged Test Accuracy: 0.4534
Averaged Test AUC: 0.8431
Std Test Accuracy: 0.2035
Std Test AUC: 0.0823

--- Round 473/500 ---
Averaged Train Loss: 1.4889
Averaged Test Accuracy: 0.4625
Averaged Test AUC: 0.8477
Std Test Accuracy: 0.1896
Std Test AUC: 0.0742

--- Round 474/500 ---
Averaged Train Loss: 1.5239
Averaged Test Accuracy: 0.4556
Averaged Test AUC: 0.8441
Std Test Accuracy: 0.1973
Std Test AUC: 0.0801

--- Round 475/500 ---
Averaged Train Loss: 1.4837
Averaged Test Accuracy: 0.4663
Averaged Test AUC: 0.8490
Std Test Accuracy: 0.1909
Std Test AUC: 0.0737

--- Round 476/500 ---
Averaged Train Loss: 1.5393
Averaged Test Accuracy: 0.4518
Averaged Test AUC: 0.8424
Std Test Accuracy: 0.1986
Std Test AUC: 0.0841

--- Round 477/500 ---
Averaged Train Loss: 1.4801
Averaged Test Accuracy: 0.4662
Averaged Test AUC: 0.8490
Std Test Accuracy: 0.1848
Std Test AUC: 0.0733

--- Round 478/500 ---
Averaged Train Loss: 1.5369
Averaged Test Accuracy: 0.4523
Averaged Test AUC: 0.8428
Std Test Accuracy: 0.1961
Std Test AUC: 0.0839

--- Round 479/500 ---
Averaged Train Loss: 1.4854
Averaged Test Accuracy: 0.4678
Averaged Test AUC: 0.8488
Std Test Accuracy: 0.1908
Std Test AUC: 0.0747

--- Round 480/500 ---
Averaged Train Loss: 1.5307
Averaged Test Accuracy: 0.4560
Averaged Test AUC: 0.8441
Std Test Accuracy: 0.2003
Std Test AUC: 0.0814

--- Round 481/500 ---
Averaged Train Loss: 1.4857
Averaged Test Accuracy: 0.4658
Averaged Test AUC: 0.8493
Std Test Accuracy: 0.1930
Std Test AUC: 0.0732

--- Round 482/500 ---
Averaged Train Loss: 1.5485
Averaged Test Accuracy: 0.4488
Averaged Test AUC: 0.8424
Std Test Accuracy: 0.2005
Std Test AUC: 0.0839

--- Round 483/500 ---
Averaged Train Loss: 1.4936
Averaged Test Accuracy: 0.4669
Averaged Test AUC: 0.8483
Std Test Accuracy: 0.1920
Std Test AUC: 0.0761

--- Round 484/500 ---
Averaged Train Loss: 1.5509
Averaged Test Accuracy: 0.4495
Averaged Test AUC: 0.8420
Std Test Accuracy: 0.2004
Std Test AUC: 0.0849

--- Round 485/500 ---
Averaged Train Loss: 1.4953
Averaged Test Accuracy: 0.4655
Averaged Test AUC: 0.8485
Std Test Accuracy: 0.1930
Std Test AUC: 0.0756

--- Round 486/500 ---
Averaged Train Loss: 1.5590
Averaged Test Accuracy: 0.4477
Averaged Test AUC: 0.8414
Std Test Accuracy: 0.2011
Std Test AUC: 0.0864

--- Round 487/500 ---
Averaged Train Loss: 1.4961
Averaged Test Accuracy: 0.4679
Averaged Test AUC: 0.8483
Std Test Accuracy: 0.1914
Std Test AUC: 0.0768

--- Round 488/500 ---
Averaged Train Loss: 1.5439
Averaged Test Accuracy: 0.4550
Averaged Test AUC: 0.8439
Std Test Accuracy: 0.1991
Std Test AUC: 0.0816

--- Round 489/500 ---
Averaged Train Loss: 1.4980
Averaged Test Accuracy: 0.4666
Averaged Test AUC: 0.8487
Std Test Accuracy: 0.1940
Std Test AUC: 0.0755

--- Round 490/500 ---
Averaged Train Loss: 1.5263
Averaged Test Accuracy: 0.4578
Averaged Test AUC: 0.8457
Std Test Accuracy: 0.1973
Std Test AUC: 0.0797

--- Round 491/500 ---
Averaged Train Loss: 1.4830
Averaged Test Accuracy: 0.4665
Averaged Test AUC: 0.8503
Std Test Accuracy: 0.1932
Std Test AUC: 0.0721

--- Round 492/500 ---
Averaged Train Loss: 1.5356
Averaged Test Accuracy: 0.4544
Averaged Test AUC: 0.8440
Std Test Accuracy: 0.1992
Std Test AUC: 0.0819

--- Round 493/500 ---
Averaged Train Loss: 1.4809
Averaged Test Accuracy: 0.4653
Averaged Test AUC: 0.8497
Std Test Accuracy: 0.1849
Std Test AUC: 0.0727

--- Round 494/500 ---
Averaged Train Loss: 1.5395
Averaged Test Accuracy: 0.4532
Averaged Test AUC: 0.8443
Std Test Accuracy: 0.2010
Std Test AUC: 0.0821

--- Round 495/500 ---
Averaged Train Loss: 1.4817
Averaged Test Accuracy: 0.4687
Averaged Test AUC: 0.8504
Std Test Accuracy: 0.1883
Std Test AUC: 0.0702

--- Round 496/500 ---
Averaged Train Loss: 1.5366
Averaged Test Accuracy: 0.4554
Averaged Test AUC: 0.8446
Std Test Accuracy: 0.2015
Std Test AUC: 0.0819

--- Round 497/500 ---
Averaged Train Loss: 1.4759
Averaged Test Accuracy: 0.4737
Averaged Test AUC: 0.8510
Std Test Accuracy: 0.1860
Std Test AUC: 0.0684

--- Round 498/500 ---
Averaged Train Loss: 1.5479
Averaged Test Accuracy: 0.4539
Averaged Test AUC: 0.8437
Std Test Accuracy: 0.2015
Std Test AUC: 0.0820

--- Round 499/500 ---
Averaged Train Loss: 1.4730
Averaged Test Accuracy: 0.4718
Averaged Test AUC: 0.8512
Std Test Accuracy: 0.1858
Std Test AUC: 0.0682

--- Round 500/500 ---
Averaged Train Loss: 1.5356
Averaged Test Accuracy: 0.4575
Averaged Test AUC: 0.8447
Std Test Accuracy: 0.1999
Std Test AUC: 0.0815

========== Training Complete ==========
Best Test Accuracy: 0.4908195848855774
File path: ../results/Cifar10_FedEntPlusSmooth_smooth_trial01_0005_0.h5

Average time cost: 1914.0s.
Length:  501
std for best accuracy: 0.0
mean for best accuracy: 0.4908195848855774
All done!

Storage on cuda:0
-------------------------------------------------------------------------------
Total Tensors: 175707600 	Used Memory: 506.23M
The allocated memory on cuda:0: 524.36M
Memory differs due to the matrix alignment or invisible gradient buffer tensors
-------------------------------------------------------------------------------
