==================================================
goal = smooth_trial01_0016
device = cuda
device_id = 0
dataset = Cifar10
num_classes = 10
model = CNN
batch_size = 64
local_learning_rate = 0.01
learning_rate_decay = True
learning_rate_decay_gamma = 0.98
global_rounds = 500
top_cnt = 100
local_epochs = 5
algorithm = FedEntPlusSmooth
join_ratio = 0.1
random_join_ratio = False
num_clients = 100
prev = 0
times = 1
eval_gap = 1
save_folder_name = items
auto_break = False
dlg_eval = False
dlg_gap = 100
batch_num_per_client = 2
num_new_clients = 0
fine_tuning_epoch_new = 0
feature_dim = 512
vocab_size = 32000
max_len = 200
client_drop_rate = 0.0
train_slow_rate = 0.0
send_slow_rate = 0.0
time_select = False
time_threthold = 10000
beta = 0.0
lamda = 1.0
mu = 0.0
K = 5
p_learning_rate = 0.01
M = 5
itk = 4000
alphaK = 1.0
sigma = 1.0
alpha = 1.0
plocal_epochs = 1
tau = 1.0
fine_tuning_epochs = 10
dr_learning_rate = 0.0
L = 1.0
noise_dim = 512
generator_learning_rate = 0.005
hidden_dim = 512
server_epochs = 1000
localize_feature_extractor = False
server_learning_rate = 1.0
eta = 1.0
rand_percent = 80
layer_idx = 2
mentee_learning_rate = 0.005
T_start = 0.95
T_end = 0.98
momentum = 0.9
kl_weight = 0.0
buffer_size = 0
dp_epsilon = 0.0
H_min = None
alpha_vp = 0.0
enable_dynamic_param = False
log_fedent = False
log_filename = None
dynamic_config_path = /home/john/PFLlib/system/auto_configs/smooth_trial01_0016.json
==================================================

============= Running time: 0th =============
Creating server and clients ...
FedAvgCNN(
  (conv1): Sequential(
    (0): Conv2d(3, 32, kernel_size=(5, 5), stride=(1, 1))
    (1): ReLU(inplace=True)
    (2): MaxPool2d(kernel_size=(2, 2), stride=(2, 2), padding=0, dilation=1, ceil_mode=False)
  )
  (conv2): Sequential(
    (0): Conv2d(32, 64, kernel_size=(5, 5), stride=(1, 1))
    (1): ReLU(inplace=True)
    (2): MaxPool2d(kernel_size=(2, 2), stride=(2, 2), padding=0, dilation=1, ceil_mode=False)
  )
  (fc1): Sequential(
    (0): Linear(in_features=1600, out_features=512, bias=True)
    (1): ReLU(inplace=True)
  )
  (fc): Linear(in_features=512, out_features=10, bias=True)
)

Join ratio / total clients: 0.1 / 100
Finished creating server and clients.

--- Round 0/500 ---
Averaged Train Loss: 2.3038
Averaged Test Accuracy: 0.0928
Averaged Test AUC: 0.4894
Std Test Accuracy: 0.1434
Std Test AUC: 0.2233

--- Round 1/500 ---
Averaged Train Loss: 2.3532
Averaged Test Accuracy: 0.1404
Averaged Test AUC: 0.5159
Std Test Accuracy: 0.2094
Std Test AUC: 0.2502

--- Round 2/500 ---
Averaged Train Loss: 2.6420
Averaged Test Accuracy: 0.1125
Averaged Test AUC: 0.5196
Std Test Accuracy: 0.1996
Std Test AUC: 0.2525

--- Round 3/500 ---
Averaged Train Loss: 2.7903
Averaged Test Accuracy: 0.1247
Averaged Test AUC: 0.5270
Std Test Accuracy: 0.1963
Std Test AUC: 0.2546

--- Round 4/500 ---
Averaged Train Loss: 2.6031
Averaged Test Accuracy: 0.1698
Averaged Test AUC: 0.5469
Std Test Accuracy: 0.2116
Std Test AUC: 0.2628

--- Round 5/500 ---
Averaged Train Loss: 2.5849
Averaged Test Accuracy: 0.1622
Averaged Test AUC: 0.5664
Std Test Accuracy: 0.2026
Std Test AUC: 0.2567

--- Round 6/500 ---
Averaged Train Loss: 2.5665
Averaged Test Accuracy: 0.2019
Averaged Test AUC: 0.5817
Std Test Accuracy: 0.1996
Std Test AUC: 0.2596

--- Round 7/500 ---
Averaged Train Loss: 2.3936
Averaged Test Accuracy: 0.1729
Averaged Test AUC: 0.6172
Std Test Accuracy: 0.2085
Std Test AUC: 0.2394

--- Round 8/500 ---
Averaged Train Loss: 2.3949
Averaged Test Accuracy: 0.1744
Averaged Test AUC: 0.6262
Std Test Accuracy: 0.2121
Std Test AUC: 0.2271

--- Round 9/500 ---
Averaged Train Loss: 2.3799
Averaged Test Accuracy: 0.1955
Averaged Test AUC: 0.6290
Std Test Accuracy: 0.2103
Std Test AUC: 0.2229

--- Round 10/500 ---
Averaged Train Loss: 2.2926
Averaged Test Accuracy: 0.1943
Averaged Test AUC: 0.6561
Std Test Accuracy: 0.1942
Std Test AUC: 0.2044

--- Round 11/500 ---
Averaged Train Loss: 2.2360
Averaged Test Accuracy: 0.2235
Averaged Test AUC: 0.6679
Std Test Accuracy: 0.2295
Std Test AUC: 0.2120

--- Round 12/500 ---
Averaged Train Loss: 2.2832
Averaged Test Accuracy: 0.2097
Averaged Test AUC: 0.6687
Std Test Accuracy: 0.1868
Std Test AUC: 0.1870

--- Round 13/500 ---
Averaged Train Loss: 2.1846
Averaged Test Accuracy: 0.2163
Averaged Test AUC: 0.6881
Std Test Accuracy: 0.1949
Std Test AUC: 0.1826

--- Round 14/500 ---
Averaged Train Loss: 2.2386
Averaged Test Accuracy: 0.2259
Averaged Test AUC: 0.6825
Std Test Accuracy: 0.1882
Std Test AUC: 0.1774

--- Round 15/500 ---
Averaged Train Loss: 2.2678
Averaged Test Accuracy: 0.2356
Averaged Test AUC: 0.6784
Std Test Accuracy: 0.2085
Std Test AUC: 0.1845

--- Round 16/500 ---
Averaged Train Loss: 2.2088
Averaged Test Accuracy: 0.2455
Averaged Test AUC: 0.6907
Std Test Accuracy: 0.2016
Std Test AUC: 0.1762

--- Round 17/500 ---
Averaged Train Loss: 2.1849
Averaged Test Accuracy: 0.2450
Averaged Test AUC: 0.6966
Std Test Accuracy: 0.2038
Std Test AUC: 0.1771

--- Round 18/500 ---
Averaged Train Loss: 2.2685
Averaged Test Accuracy: 0.2212
Averaged Test AUC: 0.6901
Std Test Accuracy: 0.2121
Std Test AUC: 0.1658

--- Round 19/500 ---
Averaged Train Loss: 2.1477
Averaged Test Accuracy: 0.2259
Averaged Test AUC: 0.7080
Std Test Accuracy: 0.1967
Std Test AUC: 0.1733

--- Round 20/500 ---
Averaged Train Loss: 2.1513
Averaged Test Accuracy: 0.2546
Averaged Test AUC: 0.7084
Std Test Accuracy: 0.2071
Std Test AUC: 0.1698

--- Round 21/500 ---
Averaged Train Loss: 2.1293
Averaged Test Accuracy: 0.2389
Averaged Test AUC: 0.7158
Std Test Accuracy: 0.1933
Std Test AUC: 0.1612

--- Round 22/500 ---
Averaged Train Loss: 2.2072
Averaged Test Accuracy: 0.2332
Averaged Test AUC: 0.7048
Std Test Accuracy: 0.2161
Std Test AUC: 0.1739

--- Round 23/500 ---
Averaged Train Loss: 2.1461
Averaged Test Accuracy: 0.2475
Averaged Test AUC: 0.7158
Std Test Accuracy: 0.1879
Std Test AUC: 0.1673

--- Round 24/500 ---
Averaged Train Loss: 2.0608
Averaged Test Accuracy: 0.2664
Averaged Test AUC: 0.7277
Std Test Accuracy: 0.2004
Std Test AUC: 0.1669

--- Round 25/500 ---
Averaged Train Loss: 2.0892
Averaged Test Accuracy: 0.2801
Averaged Test AUC: 0.7268
Std Test Accuracy: 0.1910
Std Test AUC: 0.1596

--- Round 26/500 ---
Averaged Train Loss: 2.0576
Averaged Test Accuracy: 0.2817
Averaged Test AUC: 0.7292
Std Test Accuracy: 0.2163
Std Test AUC: 0.1677

--- Round 27/500 ---
Averaged Train Loss: 2.1000
Averaged Test Accuracy: 0.2675
Averaged Test AUC: 0.7275
Std Test Accuracy: 0.2084
Std Test AUC: 0.1577

--- Round 28/500 ---
Averaged Train Loss: 2.0442
Averaged Test Accuracy: 0.2789
Averaged Test AUC: 0.7384
Std Test Accuracy: 0.1896
Std Test AUC: 0.1484

--- Round 29/500 ---
Averaged Train Loss: 2.0184
Averaged Test Accuracy: 0.2823
Averaged Test AUC: 0.7423
Std Test Accuracy: 0.2282
Std Test AUC: 0.1536

--- Round 30/500 ---
Averaged Train Loss: 2.0060
Averaged Test Accuracy: 0.2841
Averaged Test AUC: 0.7459
Std Test Accuracy: 0.2156
Std Test AUC: 0.1471

--- Round 31/500 ---
Averaged Train Loss: 2.0551
Averaged Test Accuracy: 0.2745
Averaged Test AUC: 0.7367
Std Test Accuracy: 0.2183
Std Test AUC: 0.1656

--- Round 32/500 ---
Averaged Train Loss: 1.9896
Averaged Test Accuracy: 0.3027
Averaged Test AUC: 0.7489
Std Test Accuracy: 0.1904
Std Test AUC: 0.1470

--- Round 33/500 ---
Averaged Train Loss: 1.9843
Averaged Test Accuracy: 0.2843
Averaged Test AUC: 0.7528
Std Test Accuracy: 0.1940
Std Test AUC: 0.1385

--- Round 34/500 ---
Averaged Train Loss: 1.9630
Averaged Test Accuracy: 0.2861
Averaged Test AUC: 0.7569
Std Test Accuracy: 0.1931
Std Test AUC: 0.1331

--- Round 35/500 ---
Averaged Train Loss: 2.0181
Averaged Test Accuracy: 0.2678
Averaged Test AUC: 0.7521
Std Test Accuracy: 0.2063
Std Test AUC: 0.1296

--- Round 36/500 ---
Averaged Train Loss: 1.8968
Averaged Test Accuracy: 0.3103
Averaged Test AUC: 0.7682
Std Test Accuracy: 0.2134
Std Test AUC: 0.1242

--- Round 37/500 ---
Averaged Train Loss: 1.9258
Averaged Test Accuracy: 0.3109
Averaged Test AUC: 0.7638
Std Test Accuracy: 0.2152
Std Test AUC: 0.1334

--- Round 38/500 ---
Averaged Train Loss: 1.9439
Averaged Test Accuracy: 0.3062
Averaged Test AUC: 0.7614
Std Test Accuracy: 0.2038
Std Test AUC: 0.1346

--- Round 39/500 ---
Averaged Train Loss: 1.9792
Averaged Test Accuracy: 0.2930
Averaged Test AUC: 0.7570
Std Test Accuracy: 0.2049
Std Test AUC: 0.1361

--- Round 40/500 ---
Averaged Train Loss: 1.9765
Averaged Test Accuracy: 0.2996
Averaged Test AUC: 0.7579
Std Test Accuracy: 0.2088
Std Test AUC: 0.1384

--- Round 41/500 ---
Averaged Train Loss: 1.8734
Averaged Test Accuracy: 0.3184
Averaged Test AUC: 0.7747
Std Test Accuracy: 0.2172
Std Test AUC: 0.1203

--- Round 42/500 ---
Averaged Train Loss: 1.9590
Averaged Test Accuracy: 0.3026
Averaged Test AUC: 0.7619
Std Test Accuracy: 0.2056
Std Test AUC: 0.1306

--- Round 43/500 ---
Averaged Train Loss: 1.9308
Averaged Test Accuracy: 0.3113
Averaged Test AUC: 0.7644
Std Test Accuracy: 0.2054
Std Test AUC: 0.1349

--- Round 44/500 ---
Averaged Train Loss: 1.9481
Averaged Test Accuracy: 0.3122
Averaged Test AUC: 0.7618
Std Test Accuracy: 0.1820
Std Test AUC: 0.1413

--- Round 45/500 ---
Averaged Train Loss: 1.9570
Averaged Test Accuracy: 0.3146
Averaged Test AUC: 0.7595
Std Test Accuracy: 0.1776
Std Test AUC: 0.1499

--- Round 46/500 ---
Averaged Train Loss: 1.9630
Averaged Test Accuracy: 0.3188
Averaged Test AUC: 0.7622
Std Test Accuracy: 0.1928
Std Test AUC: 0.1404

--- Round 47/500 ---
Averaged Train Loss: 1.9373
Averaged Test Accuracy: 0.3203
Averaged Test AUC: 0.7658
Std Test Accuracy: 0.1696
Std Test AUC: 0.1422

--- Round 48/500 ---
Averaged Train Loss: 1.9181
Averaged Test Accuracy: 0.3159
Averaged Test AUC: 0.7693
Std Test Accuracy: 0.1731
Std Test AUC: 0.1335

--- Round 49/500 ---
Averaged Train Loss: 1.8955
Averaged Test Accuracy: 0.3186
Averaged Test AUC: 0.7722
Std Test Accuracy: 0.1859
Std Test AUC: 0.1283

--- Round 50/500 ---
Averaged Train Loss: 1.8373
Averaged Test Accuracy: 0.3348
Averaged Test AUC: 0.7826
Std Test Accuracy: 0.2168
Std Test AUC: 0.1179

--- Round 51/500 ---
Averaged Train Loss: 1.9196
Averaged Test Accuracy: 0.3107
Averaged Test AUC: 0.7715
Std Test Accuracy: 0.2095
Std Test AUC: 0.1190

--- Round 52/500 ---
Averaged Train Loss: 1.8645
Averaged Test Accuracy: 0.3320
Averaged Test AUC: 0.7782
Std Test Accuracy: 0.1755
Std Test AUC: 0.1235

--- Round 53/500 ---
Averaged Train Loss: 1.7991
Averaged Test Accuracy: 0.3328
Averaged Test AUC: 0.8012
Std Test Accuracy: 0.2228
Std Test AUC: 0.0757

--- Round 54/500 ---
Averaged Train Loss: 1.6696
Averaged Test Accuracy: 0.3864
Averaged Test AUC: 0.8138
Std Test Accuracy: 0.1336
Std Test AUC: 0.0524

--- Round 55/500 ---
Averaged Train Loss: 1.6946
Averaged Test Accuracy: 0.3646
Averaged Test AUC: 0.8111
Std Test Accuracy: 0.1639
Std Test AUC: 0.0562

--- Round 56/500 ---
Averaged Train Loss: 1.7121
Averaged Test Accuracy: 0.3747
Averaged Test AUC: 0.8024
Std Test Accuracy: 0.1362
Std Test AUC: 0.0841

--- Round 57/500 ---
Averaged Train Loss: 1.7562
Averaged Test Accuracy: 0.3514
Averaged Test AUC: 0.8067
Std Test Accuracy: 0.2256
Std Test AUC: 0.0786

--- Round 58/500 ---
Averaged Train Loss: 1.9237
Averaged Test Accuracy: 0.2859
Averaged Test AUC: 0.7811
Std Test Accuracy: 0.2392
Std Test AUC: 0.0963

--- Round 59/500 ---
Averaged Train Loss: 1.7295
Averaged Test Accuracy: 0.3618
Averaged Test AUC: 0.8113
Std Test Accuracy: 0.1922
Std Test AUC: 0.0625

--- Round 60/500 ---
Averaged Train Loss: 1.6839
Averaged Test Accuracy: 0.3742
Averaged Test AUC: 0.8093
Std Test Accuracy: 0.1842
Std Test AUC: 0.0751

--- Round 61/500 ---
Averaged Train Loss: 1.6591
Averaged Test Accuracy: 0.3870
Averaged Test AUC: 0.8187
Std Test Accuracy: 0.1995
Std Test AUC: 0.0624

--- Round 62/500 ---
Averaged Train Loss: 1.6731
Averaged Test Accuracy: 0.3817
Averaged Test AUC: 0.8162
Std Test Accuracy: 0.2064
Std Test AUC: 0.0763

--- Round 63/500 ---
Averaged Train Loss: 1.6477
Averaged Test Accuracy: 0.3763
Averaged Test AUC: 0.8183
Std Test Accuracy: 0.1538
Std Test AUC: 0.0592

--- Round 64/500 ---
Averaged Train Loss: 1.6523
Averaged Test Accuracy: 0.3747
Averaged Test AUC: 0.8185
Std Test Accuracy: 0.1448
Std Test AUC: 0.0480

--- Round 65/500 ---
Averaged Train Loss: 1.7272
Averaged Test Accuracy: 0.3418
Averaged Test AUC: 0.8134
Std Test Accuracy: 0.2382
Std Test AUC: 0.0723

--- Round 66/500 ---
Averaged Train Loss: 1.6143
Averaged Test Accuracy: 0.4087
Averaged Test AUC: 0.8254
Std Test Accuracy: 0.1701
Std Test AUC: 0.0591

--- Round 67/500 ---
Averaged Train Loss: 1.5952
Averaged Test Accuracy: 0.4133
Averaged Test AUC: 0.8281
Std Test Accuracy: 0.1302
Std Test AUC: 0.0453

--- Round 68/500 ---
Averaged Train Loss: 1.6434
Averaged Test Accuracy: 0.3976
Averaged Test AUC: 0.8213
Std Test Accuracy: 0.1465
Std Test AUC: 0.0613

--- Round 69/500 ---
Averaged Train Loss: 1.7253
Averaged Test Accuracy: 0.3790
Averaged Test AUC: 0.8078
Std Test Accuracy: 0.1722
Std Test AUC: 0.0730

--- Round 70/500 ---
Averaged Train Loss: 1.6614
Averaged Test Accuracy: 0.3852
Averaged Test AUC: 0.8205
Std Test Accuracy: 0.2180
Std Test AUC: 0.0748

--- Round 71/500 ---
Averaged Train Loss: 1.6471
Averaged Test Accuracy: 0.3930
Averaged Test AUC: 0.8188
Std Test Accuracy: 0.1637
Std Test AUC: 0.0632

--- Round 72/500 ---
Averaged Train Loss: 1.7320
Averaged Test Accuracy: 0.3461
Averaged Test AUC: 0.8120
Std Test Accuracy: 0.2208
Std Test AUC: 0.0716

--- Round 73/500 ---
Averaged Train Loss: 1.5925
Averaged Test Accuracy: 0.4184
Averaged Test AUC: 0.8285
Std Test Accuracy: 0.1355
Std Test AUC: 0.0498

--- Round 74/500 ---
Averaged Train Loss: 1.8068
Averaged Test Accuracy: 0.3204
Averaged Test AUC: 0.8055
Std Test Accuracy: 0.2272
Std Test AUC: 0.0766

--- Round 75/500 ---
Averaged Train Loss: 1.5759
Averaged Test Accuracy: 0.4235
Averaged Test AUC: 0.8343
Std Test Accuracy: 0.1454
Std Test AUC: 0.0411

--- Round 76/500 ---
Averaged Train Loss: 1.5892
Averaged Test Accuracy: 0.4159
Averaged Test AUC: 0.8303
Std Test Accuracy: 0.1508
Std Test AUC: 0.0568

--- Round 77/500 ---
Averaged Train Loss: 1.6793
Averaged Test Accuracy: 0.3695
Averaged Test AUC: 0.8200
Std Test Accuracy: 0.1925
Std Test AUC: 0.0627

--- Round 78/500 ---
Averaged Train Loss: 1.6115
Averaged Test Accuracy: 0.4015
Averaged Test AUC: 0.8283
Std Test Accuracy: 0.1777
Std Test AUC: 0.0635

--- Round 79/500 ---
Averaged Train Loss: 1.6501
Averaged Test Accuracy: 0.3837
Averaged Test AUC: 0.8246
Std Test Accuracy: 0.1840
Std Test AUC: 0.0704

--- Round 80/500 ---
Averaged Train Loss: 1.5979
Averaged Test Accuracy: 0.4071
Averaged Test AUC: 0.8293
Std Test Accuracy: 0.1556
Std Test AUC: 0.0559

--- Round 81/500 ---
Averaged Train Loss: 1.5869
Averaged Test Accuracy: 0.4168
Averaged Test AUC: 0.8297
Std Test Accuracy: 0.1647
Std Test AUC: 0.0628

--- Round 82/500 ---
Averaged Train Loss: 1.5961
Averaged Test Accuracy: 0.4100
Averaged Test AUC: 0.8282
Std Test Accuracy: 0.1565
Std Test AUC: 0.0563

--- Round 83/500 ---
Averaged Train Loss: 1.5611
Averaged Test Accuracy: 0.4188
Averaged Test AUC: 0.8341
Std Test Accuracy: 0.1664
Std Test AUC: 0.0448

--- Round 84/500 ---
Averaged Train Loss: 1.5806
Averaged Test Accuracy: 0.4215
Averaged Test AUC: 0.8351
Std Test Accuracy: 0.1836
Std Test AUC: 0.0564

--- Round 85/500 ---
Averaged Train Loss: 1.6498
Averaged Test Accuracy: 0.3858
Averaged Test AUC: 0.8238
Std Test Accuracy: 0.1952
Std Test AUC: 0.0711

--- Round 86/500 ---
Averaged Train Loss: 1.6842
Averaged Test Accuracy: 0.3566
Averaged Test AUC: 0.8182
Std Test Accuracy: 0.1915
Std Test AUC: 0.0606

--- Round 87/500 ---
Averaged Train Loss: 1.5628
Averaged Test Accuracy: 0.4172
Averaged Test AUC: 0.8374
Std Test Accuracy: 0.1432
Std Test AUC: 0.0359

--- Round 88/500 ---
Averaged Train Loss: 1.5363
Averaged Test Accuracy: 0.4369
Averaged Test AUC: 0.8397
Std Test Accuracy: 0.1463
Std Test AUC: 0.0491

--- Round 89/500 ---
Averaged Train Loss: 1.5271
Averaged Test Accuracy: 0.4415
Averaged Test AUC: 0.8398
Std Test Accuracy: 0.1360
Std Test AUC: 0.0479

--- Round 90/500 ---
Averaged Train Loss: 1.5625
Averaged Test Accuracy: 0.4306
Averaged Test AUC: 0.8327
Std Test Accuracy: 0.1669
Std Test AUC: 0.0665

--- Round 91/500 ---
Averaged Train Loss: 1.6091
Averaged Test Accuracy: 0.4045
Averaged Test AUC: 0.8320
Std Test Accuracy: 0.1884
Std Test AUC: 0.0589

--- Round 92/500 ---
Averaged Train Loss: 1.5976
Averaged Test Accuracy: 0.3969
Averaged Test AUC: 0.8310
Std Test Accuracy: 0.1594
Std Test AUC: 0.0523

--- Round 93/500 ---
Averaged Train Loss: 1.5536
Averaged Test Accuracy: 0.4300
Averaged Test AUC: 0.8366
Std Test Accuracy: 0.1767
Std Test AUC: 0.0545

--- Round 94/500 ---
Averaged Train Loss: 1.5723
Averaged Test Accuracy: 0.4241
Averaged Test AUC: 0.8347
Std Test Accuracy: 0.1714
Std Test AUC: 0.0582

--- Round 95/500 ---
Averaged Train Loss: 1.5456
Averaged Test Accuracy: 0.4324
Averaged Test AUC: 0.8386
Std Test Accuracy: 0.1503
Std Test AUC: 0.0486

--- Round 96/500 ---
Averaged Train Loss: 1.5480
Averaged Test Accuracy: 0.4298
Averaged Test AUC: 0.8389
Std Test Accuracy: 0.1476
Std Test AUC: 0.0469

--- Round 97/500 ---
Averaged Train Loss: 1.5504
Averaged Test Accuracy: 0.4220
Averaged Test AUC: 0.8356
Std Test Accuracy: 0.1438
Std Test AUC: 0.0453

--- Round 98/500 ---
Averaged Train Loss: 1.5413
Averaged Test Accuracy: 0.4295
Averaged Test AUC: 0.8377
Std Test Accuracy: 0.1493
Std Test AUC: 0.0568

--- Round 99/500 ---
Averaged Train Loss: 1.5716
Averaged Test Accuracy: 0.4232
Averaged Test AUC: 0.8367
Std Test Accuracy: 0.1770
Std Test AUC: 0.0613

--- Round 100/500 ---
Averaged Train Loss: 1.5136
Averaged Test Accuracy: 0.4421
Averaged Test AUC: 0.8433
Std Test Accuracy: 0.1347
Std Test AUC: 0.0411

--- Round 101/500 ---
Averaged Train Loss: 1.7205
Averaged Test Accuracy: 0.3689
Averaged Test AUC: 0.8165
Std Test Accuracy: 0.1963
Std Test AUC: 0.0713

--- Round 102/500 ---
Averaged Train Loss: 1.5508
Averaged Test Accuracy: 0.4256
Averaged Test AUC: 0.8411
Std Test Accuracy: 0.1812
Std Test AUC: 0.0505

--- Round 103/500 ---
Averaged Train Loss: 1.5749
Averaged Test Accuracy: 0.4221
Averaged Test AUC: 0.8371
Std Test Accuracy: 0.2010
Std Test AUC: 0.0604

--- Round 104/500 ---
Averaged Train Loss: 1.5491
Averaged Test Accuracy: 0.4234
Averaged Test AUC: 0.8393
Std Test Accuracy: 0.1528
Std Test AUC: 0.0429

--- Round 105/500 ---
Averaged Train Loss: 1.6211
Averaged Test Accuracy: 0.3926
Averaged Test AUC: 0.8326
Std Test Accuracy: 0.2229
Std Test AUC: 0.0667

--- Round 106/500 ---
Averaged Train Loss: 1.5466
Averaged Test Accuracy: 0.4383
Averaged Test AUC: 0.8379
Std Test Accuracy: 0.1320
Std Test AUC: 0.0497

--- Round 107/500 ---
Averaged Train Loss: 1.5820
Averaged Test Accuracy: 0.4016
Averaged Test AUC: 0.8332
Std Test Accuracy: 0.1428
Std Test AUC: 0.0411

--- Round 108/500 ---
Averaged Train Loss: 1.6101
Averaged Test Accuracy: 0.4028
Averaged Test AUC: 0.8266
Std Test Accuracy: 0.1930
Std Test AUC: 0.0761

--- Round 109/500 ---
Averaged Train Loss: 1.5278
Averaged Test Accuracy: 0.4312
Averaged Test AUC: 0.8422
Std Test Accuracy: 0.1802
Std Test AUC: 0.0563

--- Round 110/500 ---
Averaged Train Loss: 1.5160
Averaged Test Accuracy: 0.4433
Averaged Test AUC: 0.8440
Std Test Accuracy: 0.1372
Std Test AUC: 0.0401

--- Round 111/500 ---
Averaged Train Loss: 1.6038
Averaged Test Accuracy: 0.4107
Averaged Test AUC: 0.8392
Std Test Accuracy: 0.2079
Std Test AUC: 0.0614

--- Round 112/500 ---
Averaged Train Loss: 1.5075
Averaged Test Accuracy: 0.4414
Averaged Test AUC: 0.8432
Std Test Accuracy: 0.1502
Std Test AUC: 0.0497

--- Round 113/500 ---
Averaged Train Loss: 1.4758
Averaged Test Accuracy: 0.4551
Averaged Test AUC: 0.8477
Std Test Accuracy: 0.1208
Std Test AUC: 0.0365

--- Round 114/500 ---
Averaged Train Loss: 1.5026
Averaged Test Accuracy: 0.4526
Averaged Test AUC: 0.8453
Std Test Accuracy: 0.1357
Std Test AUC: 0.0422

--- Round 115/500 ---
Averaged Train Loss: 1.5139
Averaged Test Accuracy: 0.4363
Averaged Test AUC: 0.8420
Std Test Accuracy: 0.1179
Std Test AUC: 0.0335

--- Round 116/500 ---
Averaged Train Loss: 1.5139
Averaged Test Accuracy: 0.4401
Averaged Test AUC: 0.8441
Std Test Accuracy: 0.1453
Std Test AUC: 0.0460

--- Round 117/500 ---
Averaged Train Loss: 1.6416
Averaged Test Accuracy: 0.3958
Averaged Test AUC: 0.8365
Std Test Accuracy: 0.1928
Std Test AUC: 0.0527

--- Round 118/500 ---
Averaged Train Loss: 1.5436
Averaged Test Accuracy: 0.4249
Averaged Test AUC: 0.8420
Std Test Accuracy: 0.1886
Std Test AUC: 0.0612

--- Round 119/500 ---
Averaged Train Loss: 1.5009
Averaged Test Accuracy: 0.4494
Averaged Test AUC: 0.8447
Std Test Accuracy: 0.1505
Std Test AUC: 0.0520

--- Round 120/500 ---
Averaged Train Loss: 1.5005
Averaged Test Accuracy: 0.4463
Averaged Test AUC: 0.8453
Std Test Accuracy: 0.1839
Std Test AUC: 0.0542

--- Round 121/500 ---
Averaged Train Loss: 1.5502
Averaged Test Accuracy: 0.4315
Averaged Test AUC: 0.8419
Std Test Accuracy: 0.1754
Std Test AUC: 0.0529

--- Round 122/500 ---
Averaged Train Loss: 1.5924
Averaged Test Accuracy: 0.4107
Averaged Test AUC: 0.8392
Std Test Accuracy: 0.1711
Std Test AUC: 0.0497

--- Round 123/500 ---
Averaged Train Loss: 1.5034
Averaged Test Accuracy: 0.4475
Averaged Test AUC: 0.8439
Std Test Accuracy: 0.1582
Std Test AUC: 0.0527

--- Round 124/500 ---
Averaged Train Loss: 1.5557
Averaged Test Accuracy: 0.4109
Averaged Test AUC: 0.8380
Std Test Accuracy: 0.1539
Std Test AUC: 0.0427

--- Round 125/500 ---
Averaged Train Loss: 1.4616
Averaged Test Accuracy: 0.4651
Averaged Test AUC: 0.8502
Std Test Accuracy: 0.1073
Std Test AUC: 0.0339

--- Round 126/500 ---
Averaged Train Loss: 1.5480
Averaged Test Accuracy: 0.4313
Averaged Test AUC: 0.8420
Std Test Accuracy: 0.1999
Std Test AUC: 0.0569

--- Round 127/500 ---
Averaged Train Loss: 1.5082
Averaged Test Accuracy: 0.4466
Averaged Test AUC: 0.8435
Std Test Accuracy: 0.1485
Std Test AUC: 0.0581

--- Round 128/500 ---
Averaged Train Loss: 1.5059
Averaged Test Accuracy: 0.4520
Averaged Test AUC: 0.8419
Std Test Accuracy: 0.1479
Std Test AUC: 0.0566

--- Round 129/500 ---
Averaged Train Loss: 1.4862
Averaged Test Accuracy: 0.4512
Averaged Test AUC: 0.8486
Std Test Accuracy: 0.1405
Std Test AUC: 0.0434

--- Round 130/500 ---
Averaged Train Loss: 1.5812
Averaged Test Accuracy: 0.4124
Averaged Test AUC: 0.8408
Std Test Accuracy: 0.1992
Std Test AUC: 0.0505

--- Round 131/500 ---
Averaged Train Loss: 1.4661
Averaged Test Accuracy: 0.4627
Averaged Test AUC: 0.8485
Std Test Accuracy: 0.1292
Std Test AUC: 0.0372

--- Round 132/500 ---
Averaged Train Loss: 1.4447
Averaged Test Accuracy: 0.4681
Averaged Test AUC: 0.8516
Std Test Accuracy: 0.1015
Std Test AUC: 0.0319

--- Round 133/500 ---
Averaged Train Loss: 1.4546
Averaged Test Accuracy: 0.4642
Averaged Test AUC: 0.8507
Std Test Accuracy: 0.1450
Std Test AUC: 0.0394

--- Round 134/500 ---
Averaged Train Loss: 1.5350
Averaged Test Accuracy: 0.4442
Averaged Test AUC: 0.8413
Std Test Accuracy: 0.1756
Std Test AUC: 0.0688

--- Round 135/500 ---
Averaged Train Loss: 1.5731
Averaged Test Accuracy: 0.4183
Averaged Test AUC: 0.8361
Std Test Accuracy: 0.1638
Std Test AUC: 0.0507

--- Round 136/500 ---
Averaged Train Loss: 1.5171
Averaged Test Accuracy: 0.4327
Averaged Test AUC: 0.8422
Std Test Accuracy: 0.1726
Std Test AUC: 0.0548

--- Round 137/500 ---
Averaged Train Loss: 1.4605
Averaged Test Accuracy: 0.4657
Averaged Test AUC: 0.8507
Std Test Accuracy: 0.1630
Std Test AUC: 0.0489

--- Round 138/500 ---
Averaged Train Loss: 1.4915
Averaged Test Accuracy: 0.4502
Averaged Test AUC: 0.8491
Std Test Accuracy: 0.1731
Std Test AUC: 0.0441

--- Round 139/500 ---
Averaged Train Loss: 1.5824
Averaged Test Accuracy: 0.4147
Averaged Test AUC: 0.8346
Std Test Accuracy: 0.1654
Std Test AUC: 0.0541

--- Round 140/500 ---
Averaged Train Loss: 1.4304
Averaged Test Accuracy: 0.4752
Averaged Test AUC: 0.8540
Std Test Accuracy: 0.1086
Std Test AUC: 0.0355

--- Round 141/500 ---
Averaged Train Loss: 1.4333
Averaged Test Accuracy: 0.4712
Averaged Test AUC: 0.8519
Std Test Accuracy: 0.1153
Std Test AUC: 0.0354

--- Round 142/500 ---
Averaged Train Loss: 1.4808
Averaged Test Accuracy: 0.4576
Averaged Test AUC: 0.8490
Std Test Accuracy: 0.1821
Std Test AUC: 0.0546

--- Round 143/500 ---
Averaged Train Loss: 1.4860
Averaged Test Accuracy: 0.4656
Averaged Test AUC: 0.8466
Std Test Accuracy: 0.1524
Std Test AUC: 0.0551

--- Round 144/500 ---
Averaged Train Loss: 1.4528
Averaged Test Accuracy: 0.4695
Averaged Test AUC: 0.8510
Std Test Accuracy: 0.1429
Std Test AUC: 0.0409

--- Round 145/500 ---
Averaged Train Loss: 1.4293
Averaged Test Accuracy: 0.4783
Averaged Test AUC: 0.8534
Std Test Accuracy: 0.1215
Std Test AUC: 0.0382

--- Round 146/500 ---
Averaged Train Loss: 1.5007
Averaged Test Accuracy: 0.4516
Averaged Test AUC: 0.8457
Std Test Accuracy: 0.1447
Std Test AUC: 0.0432

--- Round 147/500 ---
Averaged Train Loss: 1.5133
Averaged Test Accuracy: 0.4315
Averaged Test AUC: 0.8433
Std Test Accuracy: 0.1303
Std Test AUC: 0.0372

--- Round 148/500 ---
Averaged Train Loss: 1.4976
Averaged Test Accuracy: 0.4516
Averaged Test AUC: 0.8464
Std Test Accuracy: 0.1789
Std Test AUC: 0.0578

--- Round 149/500 ---
Averaged Train Loss: 1.4824
Averaged Test Accuracy: 0.4488
Averaged Test AUC: 0.8490
Std Test Accuracy: 0.1501
Std Test AUC: 0.0430

--- Round 150/500 ---
Averaged Train Loss: 1.5339
Averaged Test Accuracy: 0.4226
Averaged Test AUC: 0.8413
Std Test Accuracy: 0.1721
Std Test AUC: 0.0458

--- Round 151/500 ---
Averaged Train Loss: 1.5466
Averaged Test Accuracy: 0.4325
Averaged Test AUC: 0.8441
Std Test Accuracy: 0.2096
Std Test AUC: 0.0642

--- Round 152/500 ---
Averaged Train Loss: 1.5083
Averaged Test Accuracy: 0.4542
Averaged Test AUC: 0.8441
Std Test Accuracy: 0.1903
Std Test AUC: 0.0675

--- Round 153/500 ---
Averaged Train Loss: 1.4535
Averaged Test Accuracy: 0.4672
Averaged Test AUC: 0.8512
Std Test Accuracy: 0.1625
Std Test AUC: 0.0558

--- Round 154/500 ---
Averaged Train Loss: 1.4417
Averaged Test Accuracy: 0.4708
Averaged Test AUC: 0.8524
Std Test Accuracy: 0.1587
Std Test AUC: 0.0474

--- Round 155/500 ---
Averaged Train Loss: 1.4660
Averaged Test Accuracy: 0.4578
Averaged Test AUC: 0.8522
Std Test Accuracy: 0.1862
Std Test AUC: 0.0490

--- Round 156/500 ---
Averaged Train Loss: 1.4606
Averaged Test Accuracy: 0.4683
Averaged Test AUC: 0.8521
Std Test Accuracy: 0.1670
Std Test AUC: 0.0514

--- Round 157/500 ---
Averaged Train Loss: 1.4789
Averaged Test Accuracy: 0.4490
Averaged Test AUC: 0.8519
Std Test Accuracy: 0.1626
Std Test AUC: 0.0442

--- Round 158/500 ---
Averaged Train Loss: 1.4721
Averaged Test Accuracy: 0.4633
Averaged Test AUC: 0.8510
Std Test Accuracy: 0.1824
Std Test AUC: 0.0584

--- Round 159/500 ---
Averaged Train Loss: 1.5539
Averaged Test Accuracy: 0.4255
Averaged Test AUC: 0.8422
Std Test Accuracy: 0.2120
Std Test AUC: 0.0614

--- Round 160/500 ---
Averaged Train Loss: 1.5708
Averaged Test Accuracy: 0.4286
Averaged Test AUC: 0.8403
Std Test Accuracy: 0.2005
Std Test AUC: 0.0647

--- Round 161/500 ---
Averaged Train Loss: 1.5014
Averaged Test Accuracy: 0.4327
Averaged Test AUC: 0.8455
Std Test Accuracy: 0.1508
Std Test AUC: 0.0396

--- Round 162/500 ---
Averaged Train Loss: 1.5143
Averaged Test Accuracy: 0.4480
Averaged Test AUC: 0.8485
Std Test Accuracy: 0.1761
Std Test AUC: 0.0544

--- Round 163/500 ---
Averaged Train Loss: 1.4732
Averaged Test Accuracy: 0.4548
Averaged Test AUC: 0.8531
Std Test Accuracy: 0.1746
Std Test AUC: 0.0510

--- Round 164/500 ---
Averaged Train Loss: 1.4581
Averaged Test Accuracy: 0.4627
Averaged Test AUC: 0.8521
Std Test Accuracy: 0.1503
Std Test AUC: 0.0450

--- Round 165/500 ---
Averaged Train Loss: 1.4522
Averaged Test Accuracy: 0.4694
Averaged Test AUC: 0.8528
Std Test Accuracy: 0.1643
Std Test AUC: 0.0538

--- Round 166/500 ---
Averaged Train Loss: 1.4730
Averaged Test Accuracy: 0.4628
Averaged Test AUC: 0.8483
Std Test Accuracy: 0.1535
Std Test AUC: 0.0518

--- Round 167/500 ---
Averaged Train Loss: 1.4301
Averaged Test Accuracy: 0.4726
Averaged Test AUC: 0.8556
Std Test Accuracy: 0.1708
Std Test AUC: 0.0445

--- Round 168/500 ---
Averaged Train Loss: 1.4127
Averaged Test Accuracy: 0.4864
Averaged Test AUC: 0.8571
Std Test Accuracy: 0.1555
Std Test AUC: 0.0429

--- Round 169/500 ---
Averaged Train Loss: 1.4200
Averaged Test Accuracy: 0.4803
Averaged Test AUC: 0.8565
Std Test Accuracy: 0.1536
Std Test AUC: 0.0466

--- Round 170/500 ---
Averaged Train Loss: 1.5778
Averaged Test Accuracy: 0.4172
Averaged Test AUC: 0.8409
Std Test Accuracy: 0.2013
Std Test AUC: 0.0617

--- Round 171/500 ---
Averaged Train Loss: 1.4207
Averaged Test Accuracy: 0.4787
Averaged Test AUC: 0.8568
Std Test Accuracy: 0.1182
Std Test AUC: 0.0383

--- Round 172/500 ---
Averaged Train Loss: 1.7114
Averaged Test Accuracy: 0.3845
Averaged Test AUC: 0.8309
Std Test Accuracy: 0.2285
Std Test AUC: 0.0741

--- Round 173/500 ---
Averaged Train Loss: 1.4086
Averaged Test Accuracy: 0.4838
Averaged Test AUC: 0.8575
Std Test Accuracy: 0.1365
Std Test AUC: 0.0419

--- Round 174/500 ---
Averaged Train Loss: 1.4156
Averaged Test Accuracy: 0.4783
Averaged Test AUC: 0.8568
Std Test Accuracy: 0.1352
Std Test AUC: 0.0417

--- Round 175/500 ---
Averaged Train Loss: 1.4372
Averaged Test Accuracy: 0.4737
Averaged Test AUC: 0.8551
Std Test Accuracy: 0.1522
Std Test AUC: 0.0486

--- Round 176/500 ---
Averaged Train Loss: 1.4352
Averaged Test Accuracy: 0.4625
Averaged Test AUC: 0.8557
Std Test Accuracy: 0.1500
Std Test AUC: 0.0453

--- Round 177/500 ---
Averaged Train Loss: 1.4136
Averaged Test Accuracy: 0.4872
Averaged Test AUC: 0.8571
Std Test Accuracy: 0.1652
Std Test AUC: 0.0512

--- Round 178/500 ---
Averaged Train Loss: 1.3842
Averaged Test Accuracy: 0.4955
Averaged Test AUC: 0.8600
Std Test Accuracy: 0.1300
Std Test AUC: 0.0397

--- Round 179/500 ---
Averaged Train Loss: 1.4416
Averaged Test Accuracy: 0.4749
Averaged Test AUC: 0.8535
Std Test Accuracy: 0.1764
Std Test AUC: 0.0551

--- Round 180/500 ---
Averaged Train Loss: 1.4231
Averaged Test Accuracy: 0.4783
Averaged Test AUC: 0.8576
Std Test Accuracy: 0.1281
Std Test AUC: 0.0376

--- Round 181/500 ---
Averaged Train Loss: 1.4063
Averaged Test Accuracy: 0.4871
Averaged Test AUC: 0.8573
Std Test Accuracy: 0.1487
Std Test AUC: 0.0490

--- Round 182/500 ---
Averaged Train Loss: 1.4758
Averaged Test Accuracy: 0.4443
Averaged Test AUC: 0.8503
Std Test Accuracy: 0.1725
Std Test AUC: 0.0481

--- Round 183/500 ---
Averaged Train Loss: 1.5025
Averaged Test Accuracy: 0.4400
Averaged Test AUC: 0.8499
Std Test Accuracy: 0.1928
Std Test AUC: 0.0588

--- Round 184/500 ---
Averaged Train Loss: 1.4409
Averaged Test Accuracy: 0.4660
Averaged Test AUC: 0.8521
Std Test Accuracy: 0.1106
Std Test AUC: 0.0307

--- Round 185/500 ---
Averaged Train Loss: 1.4236
Averaged Test Accuracy: 0.4844
Averaged Test AUC: 0.8570
Std Test Accuracy: 0.1658
Std Test AUC: 0.0504

--- Round 186/500 ---
Averaged Train Loss: 1.3837
Averaged Test Accuracy: 0.4976
Averaged Test AUC: 0.8606
Std Test Accuracy: 0.1199
Std Test AUC: 0.0371

--- Round 187/500 ---
Averaged Train Loss: 1.4387
Averaged Test Accuracy: 0.4663
Averaged Test AUC: 0.8551
Std Test Accuracy: 0.1587
Std Test AUC: 0.0472

--- Round 188/500 ---
Averaged Train Loss: 1.4071
Averaged Test Accuracy: 0.4765
Averaged Test AUC: 0.8586
Std Test Accuracy: 0.1152
Std Test AUC: 0.0292

--- Round 189/500 ---
Averaged Train Loss: 1.5079
Averaged Test Accuracy: 0.4408
Averaged Test AUC: 0.8417
Std Test Accuracy: 0.1454
Std Test AUC: 0.0482

--- Round 190/500 ---
Averaged Train Loss: 1.4209
Averaged Test Accuracy: 0.4819
Averaged Test AUC: 0.8560
Std Test Accuracy: 0.1560
Std Test AUC: 0.0502

--- Round 191/500 ---
Averaged Train Loss: 1.4117
Averaged Test Accuracy: 0.4795
Averaged Test AUC: 0.8578
Std Test Accuracy: 0.1130
Std Test AUC: 0.0319

--- Round 192/500 ---
Averaged Train Loss: 1.3801
Averaged Test Accuracy: 0.4955
Averaged Test AUC: 0.8595
Std Test Accuracy: 0.1174
Std Test AUC: 0.0347

--- Round 193/500 ---
Averaged Train Loss: 1.4730
Averaged Test Accuracy: 0.4578
Averaged Test AUC: 0.8510
Std Test Accuracy: 0.1915
Std Test AUC: 0.0552

--- Round 194/500 ---
Averaged Train Loss: 1.4632
Averaged Test Accuracy: 0.4719
Averaged Test AUC: 0.8523
Std Test Accuracy: 0.1872
Std Test AUC: 0.0647

--- Round 195/500 ---
Averaged Train Loss: 1.4263
Averaged Test Accuracy: 0.4789
Averaged Test AUC: 0.8552
Std Test Accuracy: 0.1650
Std Test AUC: 0.0520

--- Round 196/500 ---
Averaged Train Loss: 1.4378
Averaged Test Accuracy: 0.4725
Averaged Test AUC: 0.8554
Std Test Accuracy: 0.1749
Std Test AUC: 0.0518

--- Round 197/500 ---
Averaged Train Loss: 1.4322
Averaged Test Accuracy: 0.4732
Averaged Test AUC: 0.8564
Std Test Accuracy: 0.1769
Std Test AUC: 0.0544

--- Round 198/500 ---
Averaged Train Loss: 1.4977
Averaged Test Accuracy: 0.4555
Averaged Test AUC: 0.8491
Std Test Accuracy: 0.1774
Std Test AUC: 0.0645

--- Round 199/500 ---
Averaged Train Loss: 1.4203
Averaged Test Accuracy: 0.4864
Averaged Test AUC: 0.8575
Std Test Accuracy: 0.1704
Std Test AUC: 0.0574

--- Round 200/500 ---
Averaged Train Loss: 1.4556
Averaged Test Accuracy: 0.4721
Averaged Test AUC: 0.8539
Std Test Accuracy: 0.1938
Std Test AUC: 0.0574

--- Round 201/500 ---
Averaged Train Loss: 1.4096
Averaged Test Accuracy: 0.4860
Averaged Test AUC: 0.8578
Std Test Accuracy: 0.1547
Std Test AUC: 0.0493

--- Round 202/500 ---
Averaged Train Loss: 1.3937
Averaged Test Accuracy: 0.4894
Averaged Test AUC: 0.8583
Std Test Accuracy: 0.1243
Std Test AUC: 0.0411

--- Round 203/500 ---
Averaged Train Loss: 1.4008
Averaged Test Accuracy: 0.4909
Averaged Test AUC: 0.8597
Std Test Accuracy: 0.1647
Std Test AUC: 0.0495

--- Round 204/500 ---
Averaged Train Loss: 1.3795
Averaged Test Accuracy: 0.4903
Averaged Test AUC: 0.8591
Std Test Accuracy: 0.1327
Std Test AUC: 0.0402

--- Round 205/500 ---
Averaged Train Loss: 1.6078
Averaged Test Accuracy: 0.4167
Averaged Test AUC: 0.8418
Std Test Accuracy: 0.1915
Std Test AUC: 0.0590

--- Round 206/500 ---
Averaged Train Loss: 1.3891
Averaged Test Accuracy: 0.4928
Averaged Test AUC: 0.8615
Std Test Accuracy: 0.1348
Std Test AUC: 0.0402

--- Round 207/500 ---
Averaged Train Loss: 1.4402
Averaged Test Accuracy: 0.4720
Averaged Test AUC: 0.8562
Std Test Accuracy: 0.1462
Std Test AUC: 0.0424

--- Round 208/500 ---
Averaged Train Loss: 1.3676
Averaged Test Accuracy: 0.4950
Averaged Test AUC: 0.8627
Std Test Accuracy: 0.1386
Std Test AUC: 0.0453

--- Round 209/500 ---
Averaged Train Loss: 1.4137
Averaged Test Accuracy: 0.4761
Averaged Test AUC: 0.8606
Std Test Accuracy: 0.1659
Std Test AUC: 0.0453

--- Round 210/500 ---
Averaged Train Loss: 1.3575
Averaged Test Accuracy: 0.5022
Averaged Test AUC: 0.8637
Std Test Accuracy: 0.1175
Std Test AUC: 0.0355

--- Round 211/500 ---
Averaged Train Loss: 1.4163
Averaged Test Accuracy: 0.4802
Averaged Test AUC: 0.8599
Std Test Accuracy: 0.1732
Std Test AUC: 0.0428

--- Round 212/500 ---
Averaged Train Loss: 1.3752
Averaged Test Accuracy: 0.4963
Averaged Test AUC: 0.8643
Std Test Accuracy: 0.1368
Std Test AUC: 0.0368

--- Round 213/500 ---
Averaged Train Loss: 1.7031
Averaged Test Accuracy: 0.3956
Averaged Test AUC: 0.8343
Std Test Accuracy: 0.2211
Std Test AUC: 0.0772

--- Round 214/500 ---
Averaged Train Loss: 1.3676
Averaged Test Accuracy: 0.4963
Averaged Test AUC: 0.8636
Std Test Accuracy: 0.1317
Std Test AUC: 0.0329

--- Round 215/500 ---
Averaged Train Loss: 1.3560
Averaged Test Accuracy: 0.5069
Averaged Test AUC: 0.8644
Std Test Accuracy: 0.1080
Std Test AUC: 0.0354

--- Round 216/500 ---
Averaged Train Loss: 1.4493
Averaged Test Accuracy: 0.4651
Averaged Test AUC: 0.8564
Std Test Accuracy: 0.1353
Std Test AUC: 0.0460

--- Round 217/500 ---
Averaged Train Loss: 1.4237
Averaged Test Accuracy: 0.4673
Averaged Test AUC: 0.8557
Std Test Accuracy: 0.1349
Std Test AUC: 0.0399

--- Round 218/500 ---
Averaged Train Loss: 1.3712
Averaged Test Accuracy: 0.4935
Averaged Test AUC: 0.8616
Std Test Accuracy: 0.0997
Std Test AUC: 0.0300

--- Round 219/500 ---
Averaged Train Loss: 1.4055
Averaged Test Accuracy: 0.4825
Averaged Test AUC: 0.8572
Std Test Accuracy: 0.1494
Std Test AUC: 0.0475

--- Round 220/500 ---
Averaged Train Loss: 1.3867
Averaged Test Accuracy: 0.4906
Averaged Test AUC: 0.8626
Std Test Accuracy: 0.1573
Std Test AUC: 0.0491

--- Round 221/500 ---
Averaged Train Loss: 1.3708
Averaged Test Accuracy: 0.5008
Averaged Test AUC: 0.8610
Std Test Accuracy: 0.1476
Std Test AUC: 0.0510

--- Round 222/500 ---
Averaged Train Loss: 1.3663
Averaged Test Accuracy: 0.4917
Averaged Test AUC: 0.8633
Std Test Accuracy: 0.1127
Std Test AUC: 0.0305

--- Round 223/500 ---
Averaged Train Loss: 1.5553
Averaged Test Accuracy: 0.4467
Averaged Test AUC: 0.8464
Std Test Accuracy: 0.2183
Std Test AUC: 0.0737

--- Round 224/500 ---
Averaged Train Loss: 1.3609
Averaged Test Accuracy: 0.5007
Averaged Test AUC: 0.8647
Std Test Accuracy: 0.1508
Std Test AUC: 0.0429

--- Round 225/500 ---
Averaged Train Loss: 1.3630
Averaged Test Accuracy: 0.5032
Averaged Test AUC: 0.8626
Std Test Accuracy: 0.1251
Std Test AUC: 0.0413

--- Round 226/500 ---
Averaged Train Loss: 1.4034
Averaged Test Accuracy: 0.4807
Averaged Test AUC: 0.8580
Std Test Accuracy: 0.1358
Std Test AUC: 0.0439

--- Round 227/500 ---
Averaged Train Loss: 1.4896
Averaged Test Accuracy: 0.4518
Averaged Test AUC: 0.8554
Std Test Accuracy: 0.2148
Std Test AUC: 0.0578

--- Round 228/500 ---
Averaged Train Loss: 1.4309
Averaged Test Accuracy: 0.4779
Averaged Test AUC: 0.8587
Std Test Accuracy: 0.1855
Std Test AUC: 0.0563

--- Round 229/500 ---
Averaged Train Loss: 1.3372
Averaged Test Accuracy: 0.5092
Averaged Test AUC: 0.8669
Std Test Accuracy: 0.1226
Std Test AUC: 0.0364

--- Round 230/500 ---
Averaged Train Loss: 1.3716
Averaged Test Accuracy: 0.4951
Averaged Test AUC: 0.8626
Std Test Accuracy: 0.1300
Std Test AUC: 0.0403

--- Round 231/500 ---
Averaged Train Loss: 1.3356
Averaged Test Accuracy: 0.5118
Averaged Test AUC: 0.8668
Std Test Accuracy: 0.1348
Std Test AUC: 0.0368

--- Round 232/500 ---
Averaged Train Loss: 1.3673
Averaged Test Accuracy: 0.4979
Averaged Test AUC: 0.8636
Std Test Accuracy: 0.1445
Std Test AUC: 0.0438

--- Round 233/500 ---
Averaged Train Loss: 1.3605
Averaged Test Accuracy: 0.4978
Averaged Test AUC: 0.8639
Std Test Accuracy: 0.1299
Std Test AUC: 0.0419

--- Round 234/500 ---
Averaged Train Loss: 1.3567
Averaged Test Accuracy: 0.5049
Averaged Test AUC: 0.8658
Std Test Accuracy: 0.1641
Std Test AUC: 0.0476

--- Round 235/500 ---
Averaged Train Loss: 1.4275
Averaged Test Accuracy: 0.4789
Averaged Test AUC: 0.8585
Std Test Accuracy: 0.1839
Std Test AUC: 0.0578

--- Round 236/500 ---
Averaged Train Loss: 1.3907
Averaged Test Accuracy: 0.4903
Averaged Test AUC: 0.8624
Std Test Accuracy: 0.1681
Std Test AUC: 0.0436

--- Round 237/500 ---
Averaged Train Loss: 1.3874
Averaged Test Accuracy: 0.4909
Averaged Test AUC: 0.8595
Std Test Accuracy: 0.1323
Std Test AUC: 0.0499

--- Round 238/500 ---
Averaged Train Loss: 1.4201
Averaged Test Accuracy: 0.4782
Averaged Test AUC: 0.8593
Std Test Accuracy: 0.1868
Std Test AUC: 0.0562

--- Round 239/500 ---
Averaged Train Loss: 1.4138
Averaged Test Accuracy: 0.4806
Averaged Test AUC: 0.8581
Std Test Accuracy: 0.1782
Std Test AUC: 0.0543

--- Round 240/500 ---
Averaged Train Loss: 1.4041
Averaged Test Accuracy: 0.4900
Averaged Test AUC: 0.8594
Std Test Accuracy: 0.1779
Std Test AUC: 0.0511

--- Round 241/500 ---
Averaged Train Loss: 1.3464
Averaged Test Accuracy: 0.5063
Averaged Test AUC: 0.8660
Std Test Accuracy: 0.1194
Std Test AUC: 0.0301

--- Round 242/500 ---
Averaged Train Loss: 1.4882
Averaged Test Accuracy: 0.4472
Averaged Test AUC: 0.8497
Std Test Accuracy: 0.1538
Std Test AUC: 0.0476

--- Round 243/500 ---
Averaged Train Loss: 1.7466
Averaged Test Accuracy: 0.3912
Averaged Test AUC: 0.8330
Std Test Accuracy: 0.2361
Std Test AUC: 0.0731

--- Round 244/500 ---
Averaged Train Loss: 1.3679
Averaged Test Accuracy: 0.4980
Averaged Test AUC: 0.8628
Std Test Accuracy: 0.1261
Std Test AUC: 0.0393

--- Round 245/500 ---
Averaged Train Loss: 1.3358
Averaged Test Accuracy: 0.5043
Averaged Test AUC: 0.8668
Std Test Accuracy: 0.1152
Std Test AUC: 0.0337

--- Round 246/500 ---
Averaged Train Loss: 1.4278
Averaged Test Accuracy: 0.4661
Averaged Test AUC: 0.8564
Std Test Accuracy: 0.1368
Std Test AUC: 0.0379

--- Round 247/500 ---
Averaged Train Loss: 1.4415
Averaged Test Accuracy: 0.4766
Averaged Test AUC: 0.8563
Std Test Accuracy: 0.1937
Std Test AUC: 0.0542

--- Round 248/500 ---
Averaged Train Loss: 1.4460
Averaged Test Accuracy: 0.4699
Averaged Test AUC: 0.8597
Std Test Accuracy: 0.2056
Std Test AUC: 0.0538

--- Round 249/500 ---
Averaged Train Loss: 1.3462
Averaged Test Accuracy: 0.5106
Averaged Test AUC: 0.8642
Std Test Accuracy: 0.1328
Std Test AUC: 0.0391

--- Round 250/500 ---
Averaged Train Loss: 1.3425
Averaged Test Accuracy: 0.5091
Averaged Test AUC: 0.8644
Std Test Accuracy: 0.1314
Std Test AUC: 0.0453

--- Round 251/500 ---
Averaged Train Loss: 1.3159
Averaged Test Accuracy: 0.5172
Averaged Test AUC: 0.8691
Std Test Accuracy: 0.1146
Std Test AUC: 0.0359

--- Round 252/500 ---
Averaged Train Loss: 1.4684
Averaged Test Accuracy: 0.4613
Averaged Test AUC: 0.8575
Std Test Accuracy: 0.1958
Std Test AUC: 0.0586

--- Round 253/500 ---
Averaged Train Loss: 1.3616
Averaged Test Accuracy: 0.5016
Averaged Test AUC: 0.8654
Std Test Accuracy: 0.1495
Std Test AUC: 0.0474

--- Round 254/500 ---
Averaged Train Loss: 1.3572
Averaged Test Accuracy: 0.5032
Averaged Test AUC: 0.8659
Std Test Accuracy: 0.1349
Std Test AUC: 0.0406

--- Round 255/500 ---
Averaged Train Loss: 1.3703
Averaged Test Accuracy: 0.4854
Averaged Test AUC: 0.8630
Std Test Accuracy: 0.1486
Std Test AUC: 0.0373

--- Round 256/500 ---
Averaged Train Loss: 1.4013
Averaged Test Accuracy: 0.4878
Averaged Test AUC: 0.8627
Std Test Accuracy: 0.1960
Std Test AUC: 0.0594

--- Round 257/500 ---
Averaged Train Loss: 1.4817
Averaged Test Accuracy: 0.4553
Averaged Test AUC: 0.8548
Std Test Accuracy: 0.1930
Std Test AUC: 0.0545

--- Round 258/500 ---
Averaged Train Loss: 1.3646
Averaged Test Accuracy: 0.4952
Averaged Test AUC: 0.8658
Std Test Accuracy: 0.1463
Std Test AUC: 0.0408

--- Round 259/500 ---
Averaged Train Loss: 1.3287
Averaged Test Accuracy: 0.5166
Averaged Test AUC: 0.8686
Std Test Accuracy: 0.1225
Std Test AUC: 0.0370

--- Round 260/500 ---
Averaged Train Loss: 1.3416
Averaged Test Accuracy: 0.5088
Averaged Test AUC: 0.8671
Std Test Accuracy: 0.1577
Std Test AUC: 0.0468

--- Round 261/500 ---
Averaged Train Loss: 1.3547
Averaged Test Accuracy: 0.4981
Averaged Test AUC: 0.8648
Std Test Accuracy: 0.1615
Std Test AUC: 0.0452

--- Round 262/500 ---
Averaged Train Loss: 1.3926
Averaged Test Accuracy: 0.4838
Averaged Test AUC: 0.8611
Std Test Accuracy: 0.1649
Std Test AUC: 0.0496

--- Round 263/500 ---
Averaged Train Loss: 1.4438
Averaged Test Accuracy: 0.4798
Averaged Test AUC: 0.8552
Std Test Accuracy: 0.1533
Std Test AUC: 0.0585

--- Round 264/500 ---
Averaged Train Loss: 1.3196
Averaged Test Accuracy: 0.5119
Averaged Test AUC: 0.8693
Std Test Accuracy: 0.1463
Std Test AUC: 0.0427

--- Round 265/500 ---
Averaged Train Loss: 1.3856
Averaged Test Accuracy: 0.4923
Averaged Test AUC: 0.8627
Std Test Accuracy: 0.1800
Std Test AUC: 0.0571

--- Round 266/500 ---
Averaged Train Loss: 1.3215
Averaged Test Accuracy: 0.5172
Averaged Test AUC: 0.8687
Std Test Accuracy: 0.1478
Std Test AUC: 0.0461

--- Round 267/500 ---
Averaged Train Loss: 1.3814
Averaged Test Accuracy: 0.5001
Averaged Test AUC: 0.8639
Std Test Accuracy: 0.1598
Std Test AUC: 0.0508

--- Round 268/500 ---
Averaged Train Loss: 1.3719
Averaged Test Accuracy: 0.4937
Averaged Test AUC: 0.8662
Std Test Accuracy: 0.1744
Std Test AUC: 0.0462

--- Round 269/500 ---
Averaged Train Loss: 1.3653
Averaged Test Accuracy: 0.4973
Averaged Test AUC: 0.8641
Std Test Accuracy: 0.1880
Std Test AUC: 0.0523

--- Round 270/500 ---
Averaged Train Loss: 1.3976
Averaged Test Accuracy: 0.4828
Averaged Test AUC: 0.8610
Std Test Accuracy: 0.1534
Std Test AUC: 0.0445

--- Round 271/500 ---
Averaged Train Loss: 1.4548
Averaged Test Accuracy: 0.4649
Averaged Test AUC: 0.8561
Std Test Accuracy: 0.1885
Std Test AUC: 0.0559

--- Round 272/500 ---
Averaged Train Loss: 1.3400
Averaged Test Accuracy: 0.5105
Averaged Test AUC: 0.8684
Std Test Accuracy: 0.1320
Std Test AUC: 0.0382

--- Round 273/500 ---
Averaged Train Loss: 1.3200
Averaged Test Accuracy: 0.5109
Averaged Test AUC: 0.8681
Std Test Accuracy: 0.1144
Std Test AUC: 0.0338

--- Round 274/500 ---
Averaged Train Loss: 1.3928
Averaged Test Accuracy: 0.4909
Averaged Test AUC: 0.8612
Std Test Accuracy: 0.1629
Std Test AUC: 0.0504

--- Round 275/500 ---
Averaged Train Loss: 1.3515
Averaged Test Accuracy: 0.5047
Averaged Test AUC: 0.8646
Std Test Accuracy: 0.1430
Std Test AUC: 0.0493

--- Round 276/500 ---
Averaged Train Loss: 1.3734
Averaged Test Accuracy: 0.4913
Averaged Test AUC: 0.8623
Std Test Accuracy: 0.1321
Std Test AUC: 0.0378

--- Round 277/500 ---
Averaged Train Loss: 1.3475
Averaged Test Accuracy: 0.5020
Averaged Test AUC: 0.8680
Std Test Accuracy: 0.1533
Std Test AUC: 0.0380

--- Round 278/500 ---
Averaged Train Loss: 1.4496
Averaged Test Accuracy: 0.4623
Averaged Test AUC: 0.8607
Std Test Accuracy: 0.1906
Std Test AUC: 0.0450

--- Round 279/500 ---
Averaged Train Loss: 1.3805
Averaged Test Accuracy: 0.4920
Averaged Test AUC: 0.8627
Std Test Accuracy: 0.1734
Std Test AUC: 0.0547

--- Round 280/500 ---
Averaged Train Loss: 1.3604
Averaged Test Accuracy: 0.4973
Averaged Test AUC: 0.8634
Std Test Accuracy: 0.1417
Std Test AUC: 0.0443

--- Round 281/500 ---
Averaged Train Loss: 1.2986
Averaged Test Accuracy: 0.5241
Averaged Test AUC: 0.8717
Std Test Accuracy: 0.1086
Std Test AUC: 0.0344

--- Round 282/500 ---
Averaged Train Loss: 1.3930
Averaged Test Accuracy: 0.4824
Averaged Test AUC: 0.8634
Std Test Accuracy: 0.1661
Std Test AUC: 0.0425

--- Round 283/500 ---
Averaged Train Loss: 1.3613
Averaged Test Accuracy: 0.4996
Averaged Test AUC: 0.8654
Std Test Accuracy: 0.1816
Std Test AUC: 0.0566

--- Round 284/500 ---
Averaged Train Loss: 1.3861
Averaged Test Accuracy: 0.4826
Averaged Test AUC: 0.8625
Std Test Accuracy: 0.1631
Std Test AUC: 0.0489

--- Round 285/500 ---
Averaged Train Loss: 1.3955
Averaged Test Accuracy: 0.4874
Averaged Test AUC: 0.8620
Std Test Accuracy: 0.1733
Std Test AUC: 0.0545

--- Round 286/500 ---
Averaged Train Loss: 1.3469
Averaged Test Accuracy: 0.5082
Averaged Test AUC: 0.8663
Std Test Accuracy: 0.1421
Std Test AUC: 0.0435

--- Round 287/500 ---
Averaged Train Loss: 1.3560
Averaged Test Accuracy: 0.4944
Averaged Test AUC: 0.8649
Std Test Accuracy: 0.1211
Std Test AUC: 0.0326

--- Round 288/500 ---
Averaged Train Loss: 1.3416
Averaged Test Accuracy: 0.5069
Averaged Test AUC: 0.8673
Std Test Accuracy: 0.1529
Std Test AUC: 0.0482

--- Round 289/500 ---
Averaged Train Loss: 1.3895
Averaged Test Accuracy: 0.4882
Averaged Test AUC: 0.8633
Std Test Accuracy: 0.1901
Std Test AUC: 0.0594

--- Round 290/500 ---
Averaged Train Loss: 1.3477
Averaged Test Accuracy: 0.5022
Averaged Test AUC: 0.8651
Std Test Accuracy: 0.1180
Std Test AUC: 0.0322

--- Round 291/500 ---
Averaged Train Loss: 1.3354
Averaged Test Accuracy: 0.5071
Averaged Test AUC: 0.8687
Std Test Accuracy: 0.1602
Std Test AUC: 0.0504

--- Round 292/500 ---
Averaged Train Loss: 1.3692
Averaged Test Accuracy: 0.4979
Averaged Test AUC: 0.8670
Std Test Accuracy: 0.1657
Std Test AUC: 0.0454

--- Round 293/500 ---
Averaged Train Loss: 1.3468
Averaged Test Accuracy: 0.5027
Averaged Test AUC: 0.8681
Std Test Accuracy: 0.1836
Std Test AUC: 0.0525

--- Round 294/500 ---
Averaged Train Loss: 1.4296
Averaged Test Accuracy: 0.4552
Averaged Test AUC: 0.8592
Std Test Accuracy: 0.1578
Std Test AUC: 0.0394

--- Round 295/500 ---
Averaged Train Loss: 1.3309
Averaged Test Accuracy: 0.5084
Averaged Test AUC: 0.8679
Std Test Accuracy: 0.1220
Std Test AUC: 0.0302

--- Round 296/500 ---
Averaged Train Loss: 1.3783
Averaged Test Accuracy: 0.4905
Averaged Test AUC: 0.8665
Std Test Accuracy: 0.1780
Std Test AUC: 0.0420

--- Round 297/500 ---
Averaged Train Loss: 1.3318
Averaged Test Accuracy: 0.5072
Averaged Test AUC: 0.8695
Std Test Accuracy: 0.1733
Std Test AUC: 0.0488

--- Round 298/500 ---
Averaged Train Loss: 1.3107
Averaged Test Accuracy: 0.5116
Averaged Test AUC: 0.8708
Std Test Accuracy: 0.1235
Std Test AUC: 0.0358

--- Round 299/500 ---
Averaged Train Loss: 1.3847
Averaged Test Accuracy: 0.4913
Averaged Test AUC: 0.8620
Std Test Accuracy: 0.1290
Std Test AUC: 0.0380

--- Round 300/500 ---
Averaged Train Loss: 1.3845
Averaged Test Accuracy: 0.4937
Averaged Test AUC: 0.8658
Std Test Accuracy: 0.1859
Std Test AUC: 0.0523

--- Round 301/500 ---
Averaged Train Loss: 1.3715
Averaged Test Accuracy: 0.4939
Averaged Test AUC: 0.8657
Std Test Accuracy: 0.1745
Std Test AUC: 0.0505

--- Round 302/500 ---
Averaged Train Loss: 1.3488
Averaged Test Accuracy: 0.5026
Averaged Test AUC: 0.8670
Std Test Accuracy: 0.1548
Std Test AUC: 0.0517

--- Round 303/500 ---
Averaged Train Loss: 1.4519
Averaged Test Accuracy: 0.4595
Averaged Test AUC: 0.8548
Std Test Accuracy: 0.1909
Std Test AUC: 0.0662

--- Round 304/500 ---
Averaged Train Loss: 1.3286
Averaged Test Accuracy: 0.5105
Averaged Test AUC: 0.8705
Std Test Accuracy: 0.1525
Std Test AUC: 0.0405

--- Round 305/500 ---
Averaged Train Loss: 1.3362
Averaged Test Accuracy: 0.5051
Averaged Test AUC: 0.8668
Std Test Accuracy: 0.1752
Std Test AUC: 0.0450

--- Round 306/500 ---
Averaged Train Loss: 1.4065
Averaged Test Accuracy: 0.4729
Averaged Test AUC: 0.8587
Std Test Accuracy: 0.1365
Std Test AUC: 0.0417

--- Round 307/500 ---
Averaged Train Loss: 1.3939
Averaged Test Accuracy: 0.4834
Averaged Test AUC: 0.8647
Std Test Accuracy: 0.1373
Std Test AUC: 0.0365

--- Round 308/500 ---
Averaged Train Loss: 1.3137
Averaged Test Accuracy: 0.5188
Averaged Test AUC: 0.8700
Std Test Accuracy: 0.1406
Std Test AUC: 0.0417

--- Round 309/500 ---
Averaged Train Loss: 1.3299
Averaged Test Accuracy: 0.5089
Averaged Test AUC: 0.8692
Std Test Accuracy: 0.1603
Std Test AUC: 0.0471

--- Round 310/500 ---
Averaged Train Loss: 1.3253
Averaged Test Accuracy: 0.5147
Averaged Test AUC: 0.8715
Std Test Accuracy: 0.1587
Std Test AUC: 0.0412

--- Round 311/500 ---
Averaged Train Loss: 1.6593
Averaged Test Accuracy: 0.4193
Averaged Test AUC: 0.8425
Std Test Accuracy: 0.2200
Std Test AUC: 0.0731

--- Round 312/500 ---
Averaged Train Loss: 1.3613
Averaged Test Accuracy: 0.4983
Averaged Test AUC: 0.8687
Std Test Accuracy: 0.2045
Std Test AUC: 0.0502

--- Round 313/500 ---
Averaged Train Loss: 1.2960
Averaged Test Accuracy: 0.5204
Averaged Test AUC: 0.8728
Std Test Accuracy: 0.1134
Std Test AUC: 0.0330

--- Round 314/500 ---
Averaged Train Loss: 1.3228
Averaged Test Accuracy: 0.5083
Averaged Test AUC: 0.8704
Std Test Accuracy: 0.1488
Std Test AUC: 0.0442

--- Round 315/500 ---
Averaged Train Loss: 1.3323
Averaged Test Accuracy: 0.5103
Averaged Test AUC: 0.8678
Std Test Accuracy: 0.1528
Std Test AUC: 0.0526

--- Round 316/500 ---
Averaged Train Loss: 1.3364
Averaged Test Accuracy: 0.5083
Averaged Test AUC: 0.8689
Std Test Accuracy: 0.1882
Std Test AUC: 0.0533

--- Round 317/500 ---
Averaged Train Loss: 1.3138
Averaged Test Accuracy: 0.5170
Averaged Test AUC: 0.8719
Std Test Accuracy: 0.1430
Std Test AUC: 0.0423

--- Round 318/500 ---
Averaged Train Loss: 1.3328
Averaged Test Accuracy: 0.5098
Averaged Test AUC: 0.8692
Std Test Accuracy: 0.1596
Std Test AUC: 0.0482

--- Round 319/500 ---
Averaged Train Loss: 1.3044
Averaged Test Accuracy: 0.5154
Averaged Test AUC: 0.8724
Std Test Accuracy: 0.1273
Std Test AUC: 0.0363

--- Round 320/500 ---
Averaged Train Loss: 1.3329
Averaged Test Accuracy: 0.5123
Averaged Test AUC: 0.8698
Std Test Accuracy: 0.1647
Std Test AUC: 0.0526

--- Round 321/500 ---
Averaged Train Loss: 1.3623
Averaged Test Accuracy: 0.4929
Averaged Test AUC: 0.8681
Std Test Accuracy: 0.1963
Std Test AUC: 0.0477

--- Round 322/500 ---
Averaged Train Loss: 1.3207
Averaged Test Accuracy: 0.5109
Averaged Test AUC: 0.8701
Std Test Accuracy: 0.1450
Std Test AUC: 0.0420

--- Round 323/500 ---
Averaged Train Loss: 1.3899
Averaged Test Accuracy: 0.4794
Averaged Test AUC: 0.8629
Std Test Accuracy: 0.1620
Std Test AUC: 0.0383

--- Round 324/500 ---
Averaged Train Loss: 1.4090
Averaged Test Accuracy: 0.4804
Averaged Test AUC: 0.8642
Std Test Accuracy: 0.1911
Std Test AUC: 0.0491

--- Round 325/500 ---
Averaged Train Loss: 1.3011
Averaged Test Accuracy: 0.5166
Averaged Test AUC: 0.8729
Std Test Accuracy: 0.1474
Std Test AUC: 0.0406

--- Round 326/500 ---
Averaged Train Loss: 1.2982
Averaged Test Accuracy: 0.5180
Averaged Test AUC: 0.8730
Std Test Accuracy: 0.1548
Std Test AUC: 0.0388

--- Round 327/500 ---
Averaged Train Loss: 1.3269
Averaged Test Accuracy: 0.5104
Averaged Test AUC: 0.8687
Std Test Accuracy: 0.1488
Std Test AUC: 0.0447

--- Round 328/500 ---
Averaged Train Loss: 1.4367
Averaged Test Accuracy: 0.4684
Averaged Test AUC: 0.8615
Std Test Accuracy: 0.1824
Std Test AUC: 0.0500

--- Round 329/500 ---
Averaged Train Loss: 1.2757
Averaged Test Accuracy: 0.5307
Averaged Test AUC: 0.8748
Std Test Accuracy: 0.1311
Std Test AUC: 0.0341

--- Round 330/500 ---
Averaged Train Loss: 1.3899
Averaged Test Accuracy: 0.4840
Averaged Test AUC: 0.8614
Std Test Accuracy: 0.1406
Std Test AUC: 0.0417

--- Round 331/500 ---
Averaged Train Loss: 1.3186
Averaged Test Accuracy: 0.5159
Averaged Test AUC: 0.8692
Std Test Accuracy: 0.1352
Std Test AUC: 0.0434

--- Round 332/500 ---
Averaged Train Loss: 1.3722
Averaged Test Accuracy: 0.4940
Averaged Test AUC: 0.8657
Std Test Accuracy: 0.1440
Std Test AUC: 0.0444

--- Round 333/500 ---
Averaged Train Loss: 1.4216
Averaged Test Accuracy: 0.4749
Averaged Test AUC: 0.8650
Std Test Accuracy: 0.2011
Std Test AUC: 0.0484

--- Round 334/500 ---
Averaged Train Loss: 1.3413
Averaged Test Accuracy: 0.5049
Averaged Test AUC: 0.8705
Std Test Accuracy: 0.1655
Std Test AUC: 0.0409

--- Round 335/500 ---
Averaged Train Loss: 1.3177
Averaged Test Accuracy: 0.5120
Averaged Test AUC: 0.8704
Std Test Accuracy: 0.1587
Std Test AUC: 0.0509

--- Round 336/500 ---
Averaged Train Loss: 1.2916
Averaged Test Accuracy: 0.5218
Averaged Test AUC: 0.8725
Std Test Accuracy: 0.1225
Std Test AUC: 0.0354

--- Round 337/500 ---
Averaged Train Loss: 1.4007
Averaged Test Accuracy: 0.4840
Averaged Test AUC: 0.8665
Std Test Accuracy: 0.2023
Std Test AUC: 0.0499

--- Round 338/500 ---
Averaged Train Loss: 1.3650
Averaged Test Accuracy: 0.4970
Averaged Test AUC: 0.8673
Std Test Accuracy: 0.1928
Std Test AUC: 0.0529

--- Round 339/500 ---
Averaged Train Loss: 1.3150
Averaged Test Accuracy: 0.5210
Averaged Test AUC: 0.8693
Std Test Accuracy: 0.1269
Std Test AUC: 0.0430

--- Round 340/500 ---
Averaged Train Loss: 1.3134
Averaged Test Accuracy: 0.5151
Averaged Test AUC: 0.8712
Std Test Accuracy: 0.1323
Std Test AUC: 0.0376

--- Round 341/500 ---
Averaged Train Loss: 1.4120
Averaged Test Accuracy: 0.4800
Averaged Test AUC: 0.8603
Std Test Accuracy: 0.1578
Std Test AUC: 0.0423

--- Round 342/500 ---
Averaged Train Loss: 1.2977
Averaged Test Accuracy: 0.5186
Averaged Test AUC: 0.8729
Std Test Accuracy: 0.1485
Std Test AUC: 0.0432

--- Round 343/500 ---
Averaged Train Loss: 1.2927
Averaged Test Accuracy: 0.5241
Averaged Test AUC: 0.8743
Std Test Accuracy: 0.1178
Std Test AUC: 0.0362

--- Round 344/500 ---
Averaged Train Loss: 1.4825
Averaged Test Accuracy: 0.4564
Averaged Test AUC: 0.8520
Std Test Accuracy: 0.2005
Std Test AUC: 0.0658

--- Round 345/500 ---
Averaged Train Loss: 1.3116
Averaged Test Accuracy: 0.5173
Averaged Test AUC: 0.8697
Std Test Accuracy: 0.1549
Std Test AUC: 0.0546

--- Round 346/500 ---
Averaged Train Loss: 1.3551
Averaged Test Accuracy: 0.5064
Averaged Test AUC: 0.8667
Std Test Accuracy: 0.1816
Std Test AUC: 0.0457

--- Round 347/500 ---
Averaged Train Loss: 1.7788
Averaged Test Accuracy: 0.3649
Averaged Test AUC: 0.8293
Std Test Accuracy: 0.2496
Std Test AUC: 0.0897

--- Round 348/500 ---
Averaged Train Loss: 1.3818
Averaged Test Accuracy: 0.4850
Averaged Test AUC: 0.8629
Std Test Accuracy: 0.1625
Std Test AUC: 0.0538

--- Round 349/500 ---
Averaged Train Loss: 1.3529
Averaged Test Accuracy: 0.5015
Averaged Test AUC: 0.8695
Std Test Accuracy: 0.1873
Std Test AUC: 0.0529

--- Round 350/500 ---
Averaged Train Loss: 1.5591
Averaged Test Accuracy: 0.4282
Averaged Test AUC: 0.8477
Std Test Accuracy: 0.2191
Std Test AUC: 0.0745

--- Round 351/500 ---
Averaged Train Loss: 1.3636
Averaged Test Accuracy: 0.4896
Averaged Test AUC: 0.8663
Std Test Accuracy: 0.1597
Std Test AUC: 0.0479

--- Round 352/500 ---
Averaged Train Loss: 1.3032
Averaged Test Accuracy: 0.5190
Averaged Test AUC: 0.8743
Std Test Accuracy: 0.1550
Std Test AUC: 0.0417

--- Round 353/500 ---
Averaged Train Loss: 1.4798
Averaged Test Accuracy: 0.4565
Averaged Test AUC: 0.8530
Std Test Accuracy: 0.2012
Std Test AUC: 0.0673

--- Round 354/500 ---
Averaged Train Loss: 1.3366
Averaged Test Accuracy: 0.5006
Averaged Test AUC: 0.8705
Std Test Accuracy: 0.1634
Std Test AUC: 0.0402

--- Round 355/500 ---
Averaged Train Loss: 1.2942
Averaged Test Accuracy: 0.5237
Averaged Test AUC: 0.8750
Std Test Accuracy: 0.1587
Std Test AUC: 0.0439

--- Round 356/500 ---
Averaged Train Loss: 1.4467
Averaged Test Accuracy: 0.4681
Averaged Test AUC: 0.8552
Std Test Accuracy: 0.2005
Std Test AUC: 0.0663

--- Round 357/500 ---
Averaged Train Loss: 1.3523
Averaged Test Accuracy: 0.4954
Averaged Test AUC: 0.8675
Std Test Accuracy: 0.1672
Std Test AUC: 0.0478

--- Round 358/500 ---
Averaged Train Loss: 1.2957
Averaged Test Accuracy: 0.5219
Averaged Test AUC: 0.8747
Std Test Accuracy: 0.1607
Std Test AUC: 0.0447

--- Round 359/500 ---
Averaged Train Loss: 1.3836
Averaged Test Accuracy: 0.4838
Averaged Test AUC: 0.8626
Std Test Accuracy: 0.1760
Std Test AUC: 0.0555

--- Round 360/500 ---
Averaged Train Loss: 1.3006
Averaged Test Accuracy: 0.5146
Averaged Test AUC: 0.8729
Std Test Accuracy: 0.1470
Std Test AUC: 0.0371

--- Round 361/500 ---
Averaged Train Loss: 1.2886
Averaged Test Accuracy: 0.5272
Averaged Test AUC: 0.8750
Std Test Accuracy: 0.1582
Std Test AUC: 0.0432

--- Round 362/500 ---
Averaged Train Loss: 1.4501
Averaged Test Accuracy: 0.4615
Averaged Test AUC: 0.8556
Std Test Accuracy: 0.1833
Std Test AUC: 0.0569

--- Round 363/500 ---
Averaged Train Loss: 1.3286
Averaged Test Accuracy: 0.5014
Averaged Test AUC: 0.8699
Std Test Accuracy: 0.1459
Std Test AUC: 0.0397

--- Round 364/500 ---
Averaged Train Loss: 1.2923
Averaged Test Accuracy: 0.5233
Averaged Test AUC: 0.8753
Std Test Accuracy: 0.1593
Std Test AUC: 0.0435

--- Round 365/500 ---
Averaged Train Loss: 1.4198
Averaged Test Accuracy: 0.4691
Averaged Test AUC: 0.8583
Std Test Accuracy: 0.1726
Std Test AUC: 0.0522

--- Round 366/500 ---
Averaged Train Loss: 1.3300
Averaged Test Accuracy: 0.5029
Averaged Test AUC: 0.8701
Std Test Accuracy: 0.1578
Std Test AUC: 0.0418

--- Round 367/500 ---
Averaged Train Loss: 1.3450
Averaged Test Accuracy: 0.5055
Averaged Test AUC: 0.8716
Std Test Accuracy: 0.1791
Std Test AUC: 0.0498

--- Round 368/500 ---
Averaged Train Loss: 1.3496
Averaged Test Accuracy: 0.4989
Averaged Test AUC: 0.8663
Std Test Accuracy: 0.1641
Std Test AUC: 0.0493

--- Round 369/500 ---
Averaged Train Loss: 1.3232
Averaged Test Accuracy: 0.5007
Averaged Test AUC: 0.8702
Std Test Accuracy: 0.1548
Std Test AUC: 0.0395

--- Round 370/500 ---
Averaged Train Loss: 1.3381
Averaged Test Accuracy: 0.5064
Averaged Test AUC: 0.8713
Std Test Accuracy: 0.1702
Std Test AUC: 0.0471

--- Round 371/500 ---
Averaged Train Loss: 1.4246
Averaged Test Accuracy: 0.4680
Averaged Test AUC: 0.8615
Std Test Accuracy: 0.2059
Std Test AUC: 0.0560

--- Round 372/500 ---
Averaged Train Loss: 1.2984
Averaged Test Accuracy: 0.5148
Averaged Test AUC: 0.8723
Std Test Accuracy: 0.1477
Std Test AUC: 0.0407

--- Round 373/500 ---
Averaged Train Loss: 1.3368
Averaged Test Accuracy: 0.5122
Averaged Test AUC: 0.8698
Std Test Accuracy: 0.1825
Std Test AUC: 0.0601

--- Round 374/500 ---
Averaged Train Loss: 1.3883
Averaged Test Accuracy: 0.4862
Averaged Test AUC: 0.8632
Std Test Accuracy: 0.1879
Std Test AUC: 0.0539

--- Round 375/500 ---
Averaged Train Loss: 1.3069
Averaged Test Accuracy: 0.5121
Averaged Test AUC: 0.8717
Std Test Accuracy: 0.1607
Std Test AUC: 0.0438

--- Round 376/500 ---
Averaged Train Loss: 1.2957
Averaged Test Accuracy: 0.5193
Averaged Test AUC: 0.8743
Std Test Accuracy: 0.1640
Std Test AUC: 0.0447

--- Round 377/500 ---
Averaged Train Loss: 1.4017
Averaged Test Accuracy: 0.4800
Averaged Test AUC: 0.8629
Std Test Accuracy: 0.1901
Std Test AUC: 0.0541

--- Round 378/500 ---
Averaged Train Loss: 1.3008
Averaged Test Accuracy: 0.5172
Averaged Test AUC: 0.8746
Std Test Accuracy: 0.1495
Std Test AUC: 0.0339

--- Round 379/500 ---
Averaged Train Loss: 1.3087
Averaged Test Accuracy: 0.5109
Averaged Test AUC: 0.8731
Std Test Accuracy: 0.1723
Std Test AUC: 0.0456

--- Round 380/500 ---
Averaged Train Loss: 1.3698
Averaged Test Accuracy: 0.4867
Averaged Test AUC: 0.8656
Std Test Accuracy: 0.1842
Std Test AUC: 0.0515

--- Round 381/500 ---
Averaged Train Loss: 1.3291
Averaged Test Accuracy: 0.5045
Averaged Test AUC: 0.8701
Std Test Accuracy: 0.1599
Std Test AUC: 0.0434

--- Round 382/500 ---
Averaged Train Loss: 1.3577
Averaged Test Accuracy: 0.4939
Averaged Test AUC: 0.8684
Std Test Accuracy: 0.1905
Std Test AUC: 0.0516

--- Round 383/500 ---
Averaged Train Loss: 1.4167
Averaged Test Accuracy: 0.4675
Averaged Test AUC: 0.8610
Std Test Accuracy: 0.1898
Std Test AUC: 0.0556

--- Round 384/500 ---
Averaged Train Loss: 1.3696
Averaged Test Accuracy: 0.4904
Averaged Test AUC: 0.8693
Std Test Accuracy: 0.1902
Std Test AUC: 0.0446

--- Round 385/500 ---
Averaged Train Loss: 1.3635
Averaged Test Accuracy: 0.4925
Averaged Test AUC: 0.8674
Std Test Accuracy: 0.1905
Std Test AUC: 0.0513

--- Round 386/500 ---
Averaged Train Loss: 1.4337
Averaged Test Accuracy: 0.4670
Averaged Test AUC: 0.8583
Std Test Accuracy: 0.1699
Std Test AUC: 0.0537

--- Round 387/500 ---
Averaged Train Loss: 1.3251
Averaged Test Accuracy: 0.5035
Averaged Test AUC: 0.8706
Std Test Accuracy: 0.1534
Std Test AUC: 0.0407

--- Round 388/500 ---
Averaged Train Loss: 1.2782
Averaged Test Accuracy: 0.5301
Averaged Test AUC: 0.8757
Std Test Accuracy: 0.1412
Std Test AUC: 0.0383

--- Round 389/500 ---
Averaged Train Loss: 1.4332
Averaged Test Accuracy: 0.4631
Averaged Test AUC: 0.8610
Std Test Accuracy: 0.2015
Std Test AUC: 0.0549

--- Round 390/500 ---
Averaged Train Loss: 1.3530
Averaged Test Accuracy: 0.4989
Averaged Test AUC: 0.8698
Std Test Accuracy: 0.1632
Std Test AUC: 0.0457

--- Round 391/500 ---
Averaged Train Loss: 1.3197
Averaged Test Accuracy: 0.5112
Averaged Test AUC: 0.8730
Std Test Accuracy: 0.1736
Std Test AUC: 0.0458

--- Round 392/500 ---
Averaged Train Loss: 1.3903
Averaged Test Accuracy: 0.4812
Averaged Test AUC: 0.8640
Std Test Accuracy: 0.1796
Std Test AUC: 0.0507

--- Round 393/500 ---
Averaged Train Loss: 1.3085
Averaged Test Accuracy: 0.5152
Averaged Test AUC: 0.8735
Std Test Accuracy: 0.1526
Std Test AUC: 0.0411

--- Round 394/500 ---
Averaged Train Loss: 1.2638
Averaged Test Accuracy: 0.5318
Averaged Test AUC: 0.8766
Std Test Accuracy: 0.1435
Std Test AUC: 0.0396

--- Round 395/500 ---
Averaged Train Loss: 1.3395
Averaged Test Accuracy: 0.4978
Averaged Test AUC: 0.8683
Std Test Accuracy: 0.1468
Std Test AUC: 0.0405

--- Round 396/500 ---
Averaged Train Loss: 1.2969
Averaged Test Accuracy: 0.5189
Averaged Test AUC: 0.8750
Std Test Accuracy: 0.1620
Std Test AUC: 0.0419

--- Round 397/500 ---
Averaged Train Loss: 1.2527
Averaged Test Accuracy: 0.5358
Averaged Test AUC: 0.8787
Std Test Accuracy: 0.1310
Std Test AUC: 0.0332

--- Round 398/500 ---
Averaged Train Loss: 1.4143
Averaged Test Accuracy: 0.4710
Averaged Test AUC: 0.8619
Std Test Accuracy: 0.1918
Std Test AUC: 0.0541

--- Round 399/500 ---
Averaged Train Loss: 1.2900
Averaged Test Accuracy: 0.5195
Averaged Test AUC: 0.8752
Std Test Accuracy: 0.1560
Std Test AUC: 0.0398

--- Round 400/500 ---
Averaged Train Loss: 1.2649
Averaged Test Accuracy: 0.5286
Averaged Test AUC: 0.8783
Std Test Accuracy: 0.1562
Std Test AUC: 0.0401

--- Round 401/500 ---
Averaged Train Loss: 1.4247
Averaged Test Accuracy: 0.4755
Averaged Test AUC: 0.8625
Std Test Accuracy: 0.2079
Std Test AUC: 0.0586

--- Round 402/500 ---
Averaged Train Loss: 1.3126
Averaged Test Accuracy: 0.5144
Averaged Test AUC: 0.8725
Std Test Accuracy: 0.1523
Std Test AUC: 0.0446

--- Round 403/500 ---
Averaged Train Loss: 1.2846
Averaged Test Accuracy: 0.5232
Averaged Test AUC: 0.8750
Std Test Accuracy: 0.1324
Std Test AUC: 0.0338

--- Round 404/500 ---
Averaged Train Loss: 1.4034
Averaged Test Accuracy: 0.4778
Averaged Test AUC: 0.8640
Std Test Accuracy: 0.1932
Std Test AUC: 0.0555

--- Round 405/500 ---
Averaged Train Loss: 1.2968
Averaged Test Accuracy: 0.5168
Averaged Test AUC: 0.8751
Std Test Accuracy: 0.1479
Std Test AUC: 0.0378

--- Round 406/500 ---
Averaged Train Loss: 1.2894
Averaged Test Accuracy: 0.5234
Averaged Test AUC: 0.8744
Std Test Accuracy: 0.1421
Std Test AUC: 0.0385

--- Round 407/500 ---
Averaged Train Loss: 1.4800
Averaged Test Accuracy: 0.4523
Averaged Test AUC: 0.8573
Std Test Accuracy: 0.2092
Std Test AUC: 0.0602

--- Round 408/500 ---
Averaged Train Loss: 1.2910
Averaged Test Accuracy: 0.5218
Averaged Test AUC: 0.8750
Std Test Accuracy: 0.1553
Std Test AUC: 0.0444

--- Round 409/500 ---
Averaged Train Loss: 1.3155
Averaged Test Accuracy: 0.5120
Averaged Test AUC: 0.8716
Std Test Accuracy: 0.1739
Std Test AUC: 0.0510

--- Round 410/500 ---
Averaged Train Loss: 1.4108
Averaged Test Accuracy: 0.4760
Averaged Test AUC: 0.8618
Std Test Accuracy: 0.1822
Std Test AUC: 0.0570

--- Round 411/500 ---
Averaged Train Loss: 1.3611
Averaged Test Accuracy: 0.4952
Averaged Test AUC: 0.8719
Std Test Accuracy: 0.1816
Std Test AUC: 0.0428

--- Round 412/500 ---
Averaged Train Loss: 1.2556
Averaged Test Accuracy: 0.5311
Averaged Test AUC: 0.8785
Std Test Accuracy: 0.1507
Std Test AUC: 0.0413

--- Round 413/500 ---
Averaged Train Loss: 1.3354
Averaged Test Accuracy: 0.5027
Averaged Test AUC: 0.8691
Std Test Accuracy: 0.1580
Std Test AUC: 0.0464

--- Round 414/500 ---
Averaged Train Loss: 1.3277
Averaged Test Accuracy: 0.5112
Averaged Test AUC: 0.8694
Std Test Accuracy: 0.1710
Std Test AUC: 0.0535

--- Round 415/500 ---
Averaged Train Loss: 1.2401
Averaged Test Accuracy: 0.5423
Averaged Test AUC: 0.8808
Std Test Accuracy: 0.1319
Std Test AUC: 0.0362

--- Round 416/500 ---
Averaged Train Loss: 1.4066
Averaged Test Accuracy: 0.4777
Averaged Test AUC: 0.8616
Std Test Accuracy: 0.1944
Std Test AUC: 0.0612

--- Round 417/500 ---
Averaged Train Loss: 1.3058
Averaged Test Accuracy: 0.5109
Averaged Test AUC: 0.8725
Std Test Accuracy: 0.1520
Std Test AUC: 0.0422

--- Round 418/500 ---
Averaged Train Loss: 1.2621
Averaged Test Accuracy: 0.5331
Averaged Test AUC: 0.8786
Std Test Accuracy: 0.1452
Std Test AUC: 0.0430

--- Round 419/500 ---
Averaged Train Loss: 1.4693
Averaged Test Accuracy: 0.4586
Averaged Test AUC: 0.8592
Std Test Accuracy: 0.2199
Std Test AUC: 0.0647

--- Round 420/500 ---
Averaged Train Loss: 1.2907
Averaged Test Accuracy: 0.5186
Averaged Test AUC: 0.8749
Std Test Accuracy: 0.1660
Std Test AUC: 0.0420

--- Round 421/500 ---
Averaged Train Loss: 1.2692
Averaged Test Accuracy: 0.5278
Averaged Test AUC: 0.8784
Std Test Accuracy: 0.1601
Std Test AUC: 0.0418

--- Round 422/500 ---
Averaged Train Loss: 1.4154
Averaged Test Accuracy: 0.4813
Averaged Test AUC: 0.8615
Std Test Accuracy: 0.2042
Std Test AUC: 0.0639

--- Round 423/500 ---
Averaged Train Loss: 1.2750
Averaged Test Accuracy: 0.5228
Averaged Test AUC: 0.8763
Std Test Accuracy: 0.1523
Std Test AUC: 0.0387

--- Round 424/500 ---
Averaged Train Loss: 1.2709
Averaged Test Accuracy: 0.5281
Averaged Test AUC: 0.8781
Std Test Accuracy: 0.1570
Std Test AUC: 0.0436

--- Round 425/500 ---
Averaged Train Loss: 1.4276
Averaged Test Accuracy: 0.4800
Averaged Test AUC: 0.8586
Std Test Accuracy: 0.1954
Std Test AUC: 0.0634

--- Round 426/500 ---
Averaged Train Loss: 1.3254
Averaged Test Accuracy: 0.5063
Averaged Test AUC: 0.8722
Std Test Accuracy: 0.1718
Std Test AUC: 0.0453

--- Round 427/500 ---
Averaged Train Loss: 1.2889
Averaged Test Accuracy: 0.5188
Averaged Test AUC: 0.8770
Std Test Accuracy: 0.1799
Std Test AUC: 0.0465

--- Round 428/500 ---
Averaged Train Loss: 1.3500
Averaged Test Accuracy: 0.4990
Averaged Test AUC: 0.8678
Std Test Accuracy: 0.1676
Std Test AUC: 0.0484

--- Round 429/500 ---
Averaged Train Loss: 1.2728
Averaged Test Accuracy: 0.5287
Averaged Test AUC: 0.8765
Std Test Accuracy: 0.1460
Std Test AUC: 0.0421

--- Round 430/500 ---
Averaged Train Loss: 1.2638
Averaged Test Accuracy: 0.5317
Averaged Test AUC: 0.8774
Std Test Accuracy: 0.1390
Std Test AUC: 0.0360

--- Round 431/500 ---
Averaged Train Loss: 1.4062
Averaged Test Accuracy: 0.4820
Averaged Test AUC: 0.8616
Std Test Accuracy: 0.1928
Std Test AUC: 0.0623

--- Round 432/500 ---
Averaged Train Loss: 1.2905
Averaged Test Accuracy: 0.5189
Averaged Test AUC: 0.8762
Std Test Accuracy: 0.1612
Std Test AUC: 0.0395

--- Round 433/500 ---
Averaged Train Loss: 1.2776
Averaged Test Accuracy: 0.5282
Averaged Test AUC: 0.8774
Std Test Accuracy: 0.1694
Std Test AUC: 0.0439

--- Round 434/500 ---
Averaged Train Loss: 1.3927
Averaged Test Accuracy: 0.4850
Averaged Test AUC: 0.8637
Std Test Accuracy: 0.1904
Std Test AUC: 0.0582

--- Round 435/500 ---
Averaged Train Loss: 1.3142
Averaged Test Accuracy: 0.5107
Averaged Test AUC: 0.8728
Std Test Accuracy: 0.1599
Std Test AUC: 0.0437

--- Round 436/500 ---
Averaged Train Loss: 1.2624
Averaged Test Accuracy: 0.5305
Averaged Test AUC: 0.8780
Std Test Accuracy: 0.1547
Std Test AUC: 0.0404

--- Round 437/500 ---
Averaged Train Loss: 1.3765
Averaged Test Accuracy: 0.4846
Averaged Test AUC: 0.8649
Std Test Accuracy: 0.1698
Std Test AUC: 0.0506

--- Round 438/500 ---
Averaged Train Loss: 1.3263
Averaged Test Accuracy: 0.5072
Averaged Test AUC: 0.8730
Std Test Accuracy: 0.1748
Std Test AUC: 0.0467

--- Round 439/500 ---
Averaged Train Loss: 1.2534
Averaged Test Accuracy: 0.5337
Averaged Test AUC: 0.8791
Std Test Accuracy: 0.1512
Std Test AUC: 0.0386

--- Round 440/500 ---
Averaged Train Loss: 1.4269
Averaged Test Accuracy: 0.4723
Averaged Test AUC: 0.8595
Std Test Accuracy: 0.1827
Std Test AUC: 0.0621

--- Round 441/500 ---
Averaged Train Loss: 1.3113
Averaged Test Accuracy: 0.5147
Averaged Test AUC: 0.8729
Std Test Accuracy: 0.1686
Std Test AUC: 0.0485

--- Round 442/500 ---
Averaged Train Loss: 1.2730
Averaged Test Accuracy: 0.5303
Averaged Test AUC: 0.8772
Std Test Accuracy: 0.1700
Std Test AUC: 0.0449

--- Round 443/500 ---
Averaged Train Loss: 1.3276
Averaged Test Accuracy: 0.5090
Averaged Test AUC: 0.8690
Std Test Accuracy: 0.1509
Std Test AUC: 0.0490

--- Round 444/500 ---
Averaged Train Loss: 1.3119
Averaged Test Accuracy: 0.5076
Averaged Test AUC: 0.8740
Std Test Accuracy: 0.1517
Std Test AUC: 0.0380

--- Round 445/500 ---
Averaged Train Loss: 1.2866
Averaged Test Accuracy: 0.5246
Averaged Test AUC: 0.8750
Std Test Accuracy: 0.1561
Std Test AUC: 0.0455

--- Round 446/500 ---
Averaged Train Loss: 1.3198
Averaged Test Accuracy: 0.5100
Averaged Test AUC: 0.8700
Std Test Accuracy: 0.1564
Std Test AUC: 0.0486

--- Round 447/500 ---
Averaged Train Loss: 1.3161
Averaged Test Accuracy: 0.5092
Averaged Test AUC: 0.8739
Std Test Accuracy: 0.1816
Std Test AUC: 0.0464

--- Round 448/500 ---
Averaged Train Loss: 1.2672
Averaged Test Accuracy: 0.5321
Averaged Test AUC: 0.8787
Std Test Accuracy: 0.1560
Std Test AUC: 0.0400

--- Round 449/500 ---
Averaged Train Loss: 1.3274
Averaged Test Accuracy: 0.5062
Averaged Test AUC: 0.8704
Std Test Accuracy: 0.1654
Std Test AUC: 0.0467

--- Round 450/500 ---
Averaged Train Loss: 1.2913
Averaged Test Accuracy: 0.5134
Averaged Test AUC: 0.8759
Std Test Accuracy: 0.1481
Std Test AUC: 0.0352

--- Round 451/500 ---
Averaged Train Loss: 1.2733
Averaged Test Accuracy: 0.5256
Averaged Test AUC: 0.8774
Std Test Accuracy: 0.1639
Std Test AUC: 0.0415

--- Round 452/500 ---
Averaged Train Loss: 1.4433
Averaged Test Accuracy: 0.4696
Averaged Test AUC: 0.8618
Std Test Accuracy: 0.2122
Std Test AUC: 0.0628

--- Round 453/500 ---
Averaged Train Loss: 1.3321
Averaged Test Accuracy: 0.5072
Averaged Test AUC: 0.8733
Std Test Accuracy: 0.1789
Std Test AUC: 0.0454

--- Round 454/500 ---
Averaged Train Loss: 1.2741
Averaged Test Accuracy: 0.5259
Averaged Test AUC: 0.8773
Std Test Accuracy: 0.1599
Std Test AUC: 0.0414

--- Round 455/500 ---
Averaged Train Loss: 1.3502
Averaged Test Accuracy: 0.4936
Averaged Test AUC: 0.8692
Std Test Accuracy: 0.1757
Std Test AUC: 0.0479

--- Round 456/500 ---
Averaged Train Loss: 1.2733
Averaged Test Accuracy: 0.5197
Averaged Test AUC: 0.8760
Std Test Accuracy: 0.1376
Std Test AUC: 0.0344

--- Round 457/500 ---
Averaged Train Loss: 1.3169
Averaged Test Accuracy: 0.5107
Averaged Test AUC: 0.8739
Std Test Accuracy: 0.1747
Std Test AUC: 0.0454

--- Round 458/500 ---
Averaged Train Loss: 1.3840
Averaged Test Accuracy: 0.4837
Averaged Test AUC: 0.8667
Std Test Accuracy: 0.1868
Std Test AUC: 0.0504

--- Round 459/500 ---
Averaged Train Loss: 1.3060
Averaged Test Accuracy: 0.5128
Averaged Test AUC: 0.8754
Std Test Accuracy: 0.1585
Std Test AUC: 0.0378

--- Round 460/500 ---
Averaged Train Loss: 1.3212
Averaged Test Accuracy: 0.5106
Averaged Test AUC: 0.8728
Std Test Accuracy: 0.1740
Std Test AUC: 0.0482

--- Round 461/500 ---
Averaged Train Loss: 1.3858
Averaged Test Accuracy: 0.4818
Averaged Test AUC: 0.8659
Std Test Accuracy: 0.1848
Std Test AUC: 0.0512

--- Round 462/500 ---
Averaged Train Loss: 1.3128
Averaged Test Accuracy: 0.5102
Averaged Test AUC: 0.8735
Std Test Accuracy: 0.1630
Std Test AUC: 0.0405

--- Round 463/500 ---
Averaged Train Loss: 1.2397
Averaged Test Accuracy: 0.5372
Averaged Test AUC: 0.8814
Std Test Accuracy: 0.1493
Std Test AUC: 0.0385

--- Round 464/500 ---
Averaged Train Loss: 1.3463
Averaged Test Accuracy: 0.4966
Averaged Test AUC: 0.8697
Std Test Accuracy: 0.1814
Std Test AUC: 0.0492

--- Round 465/500 ---
Averaged Train Loss: 1.2999
Averaged Test Accuracy: 0.5213
Averaged Test AUC: 0.8741
Std Test Accuracy: 0.1781
Std Test AUC: 0.0511

--- Round 466/500 ---
Averaged Train Loss: 1.2455
Averaged Test Accuracy: 0.5355
Averaged Test AUC: 0.8795
Std Test Accuracy: 0.1444
Std Test AUC: 0.0383

--- Round 467/500 ---
Averaged Train Loss: 1.3224
Averaged Test Accuracy: 0.5068
Averaged Test AUC: 0.8710
Std Test Accuracy: 0.1665
Std Test AUC: 0.0466

--- Round 468/500 ---
Averaged Train Loss: 1.3625
Averaged Test Accuracy: 0.5098
Averaged Test AUC: 0.8672
Std Test Accuracy: 0.1859
Std Test AUC: 0.0600

--- Round 469/500 ---
Averaged Train Loss: 1.3188
Averaged Test Accuracy: 0.5113
Averaged Test AUC: 0.8730
Std Test Accuracy: 0.1786
Std Test AUC: 0.0511

--- Round 470/500 ---
Averaged Train Loss: 1.4277
Averaged Test Accuracy: 0.4732
Averaged Test AUC: 0.8638
Std Test Accuracy: 0.2078
Std Test AUC: 0.0587

--- Round 471/500 ---
Averaged Train Loss: 1.3061
Averaged Test Accuracy: 0.5198
Averaged Test AUC: 0.8746
Std Test Accuracy: 0.1699
Std Test AUC: 0.0492

--- Round 472/500 ---
Averaged Train Loss: 1.2981
Averaged Test Accuracy: 0.5217
Averaged Test AUC: 0.8750
Std Test Accuracy: 0.1635
Std Test AUC: 0.0453

--- Round 473/500 ---
Averaged Train Loss: 1.4361
Averaged Test Accuracy: 0.4712
Averaged Test AUC: 0.8631
Std Test Accuracy: 0.2056
Std Test AUC: 0.0574

--- Round 474/500 ---
Averaged Train Loss: 1.2993
Averaged Test Accuracy: 0.5095
Averaged Test AUC: 0.8748
Std Test Accuracy: 0.1609
Std Test AUC: 0.0414

--- Round 475/500 ---
Averaged Train Loss: 1.2574
Averaged Test Accuracy: 0.5303
Averaged Test AUC: 0.8790
Std Test Accuracy: 0.1580
Std Test AUC: 0.0406

--- Round 476/500 ---
Averaged Train Loss: 1.3990
Averaged Test Accuracy: 0.4834
Averaged Test AUC: 0.8648
Std Test Accuracy: 0.1947
Std Test AUC: 0.0567

--- Round 477/500 ---
Averaged Train Loss: 1.2948
Averaged Test Accuracy: 0.5204
Averaged Test AUC: 0.8763
Std Test Accuracy: 0.1764
Std Test AUC: 0.0447

--- Round 478/500 ---
Averaged Train Loss: 1.3211
Averaged Test Accuracy: 0.5086
Averaged Test AUC: 0.8739
Std Test Accuracy: 0.1812
Std Test AUC: 0.0497

--- Round 479/500 ---
Averaged Train Loss: 1.3573
Averaged Test Accuracy: 0.4950
Averaged Test AUC: 0.8694
Std Test Accuracy: 0.1879
Std Test AUC: 0.0534

--- Round 480/500 ---
Averaged Train Loss: 1.2909
Averaged Test Accuracy: 0.5194
Averaged Test AUC: 0.8753
Std Test Accuracy: 0.1571
Std Test AUC: 0.0392

--- Round 481/500 ---
Averaged Train Loss: 1.3160
Averaged Test Accuracy: 0.5106
Averaged Test AUC: 0.8740
Std Test Accuracy: 0.1773
Std Test AUC: 0.0477

--- Round 482/500 ---
Averaged Train Loss: 1.4250
Averaged Test Accuracy: 0.4740
Averaged Test AUC: 0.8642
Std Test Accuracy: 0.2078
Std Test AUC: 0.0582

--- Round 483/500 ---
Averaged Train Loss: 1.3171
Averaged Test Accuracy: 0.5126
Averaged Test AUC: 0.8752
Std Test Accuracy: 0.1687
Std Test AUC: 0.0431

--- Round 484/500 ---
Averaged Train Loss: 1.2763
Averaged Test Accuracy: 0.5249
Averaged Test AUC: 0.8779
Std Test Accuracy: 0.1672
Std Test AUC: 0.0438

--- Round 485/500 ---
Averaged Train Loss: 1.3405
Averaged Test Accuracy: 0.5020
Averaged Test AUC: 0.8692
Std Test Accuracy: 0.1703
Std Test AUC: 0.0503

--- Round 486/500 ---
Averaged Train Loss: 1.2826
Averaged Test Accuracy: 0.5196
Averaged Test AUC: 0.8758
Std Test Accuracy: 0.1528
Std Test AUC: 0.0415

--- Round 487/500 ---
Averaged Train Loss: 1.2640
Averaged Test Accuracy: 0.5283
Averaged Test AUC: 0.8793
Std Test Accuracy: 0.1629
Std Test AUC: 0.0439

--- Round 488/500 ---
Averaged Train Loss: 1.3427
Averaged Test Accuracy: 0.4967
Averaged Test AUC: 0.8702
Std Test Accuracy: 0.1771
Std Test AUC: 0.0482

--- Round 489/500 ---
Averaged Train Loss: 1.2741
Averaged Test Accuracy: 0.5161
Averaged Test AUC: 0.8759
Std Test Accuracy: 0.1372
Std Test AUC: 0.0354

--- Round 490/500 ---
Averaged Train Loss: 1.2992
Averaged Test Accuracy: 0.5221
Averaged Test AUC: 0.8765
Std Test Accuracy: 0.1856
Std Test AUC: 0.0521

--- Round 491/500 ---
Averaged Train Loss: 1.3352
Averaged Test Accuracy: 0.5017
Averaged Test AUC: 0.8710
Std Test Accuracy: 0.1750
Std Test AUC: 0.0483

--- Round 492/500 ---
Averaged Train Loss: 1.2980
Averaged Test Accuracy: 0.5171
Averaged Test AUC: 0.8755
Std Test Accuracy: 0.1593
Std Test AUC: 0.0400

--- Round 493/500 ---
Averaged Train Loss: 1.3200
Averaged Test Accuracy: 0.5090
Averaged Test AUC: 0.8740
Std Test Accuracy: 0.1808
Std Test AUC: 0.0485

--- Round 494/500 ---
Averaged Train Loss: 1.3449
Averaged Test Accuracy: 0.5003
Averaged Test AUC: 0.8689
Std Test Accuracy: 0.1703
Std Test AUC: 0.0526

--- Round 495/500 ---
Averaged Train Loss: 1.3480
Averaged Test Accuracy: 0.4933
Averaged Test AUC: 0.8711
Std Test Accuracy: 0.1727
Std Test AUC: 0.0448

--- Round 496/500 ---
Averaged Train Loss: 1.2191
Averaged Test Accuracy: 0.5455
Averaged Test AUC: 0.8832
Std Test Accuracy: 0.1276
Std Test AUC: 0.0335

--- Round 497/500 ---
Averaged Train Loss: 1.3311
Averaged Test Accuracy: 0.5050
Averaged Test AUC: 0.8699
Std Test Accuracy: 0.1622
Std Test AUC: 0.0489

--- Round 498/500 ---
Averaged Train Loss: 1.3294
Averaged Test Accuracy: 0.5024
Averaged Test AUC: 0.8727
Std Test Accuracy: 0.1701
Std Test AUC: 0.0455

--- Round 499/500 ---
Averaged Train Loss: 1.2330
Averaged Test Accuracy: 0.5406
Averaged Test AUC: 0.8815
Std Test Accuracy: 0.1498
Std Test AUC: 0.0384

--- Round 500/500 ---
Averaged Train Loss: 1.3169
Averaged Test Accuracy: 0.5094
Averaged Test AUC: 0.8710
Std Test Accuracy: 0.1592
Std Test AUC: 0.0498

========== Training Complete ==========
Best Test Accuracy: 0.545502927088877
File path: ../results/Cifar10_FedEntPlusSmooth_smooth_trial01_0016_0.h5

Average time cost: 1803.46s.
Length:  501
std for best accuracy: 0.0
mean for best accuracy: 0.545502927088877
All done!

Storage on cuda:0
-------------------------------------------------------------------------------
Total Tensors: 210849120 	Used Memory: 573.28M
The allocated memory on cuda:0: 591.41M
Memory differs due to the matrix alignment or invisible gradient buffer tensors
-------------------------------------------------------------------------------
