==================================================
goal = smooth_trial01_0097
device = cuda
device_id = 0
dataset = Cifar10
num_classes = 10
model = CNN
batch_size = 64
local_learning_rate = 0.01
learning_rate_decay = True
learning_rate_decay_gamma = 0.98
global_rounds = 500
top_cnt = 100
local_epochs = 5
algorithm = FedEntPlusSmooth
join_ratio = 0.1
random_join_ratio = False
num_clients = 100
prev = 0
times = 1
eval_gap = 1
save_folder_name = items
auto_break = False
dlg_eval = False
dlg_gap = 100
batch_num_per_client = 2
num_new_clients = 0
fine_tuning_epoch_new = 0
feature_dim = 512
vocab_size = 32000
max_len = 200
client_drop_rate = 0.0
train_slow_rate = 0.0
send_slow_rate = 0.0
time_select = False
time_threthold = 10000
beta = 0.0
lamda = 1.0
mu = 0.0
K = 5
p_learning_rate = 0.01
M = 5
itk = 4000
alphaK = 1.0
sigma = 1.0
alpha = 1.0
plocal_epochs = 1
tau = 1.0
fine_tuning_epochs = 10
dr_learning_rate = 0.0
L = 1.0
noise_dim = 512
generator_learning_rate = 0.005
hidden_dim = 512
server_epochs = 1000
localize_feature_extractor = False
server_learning_rate = 1.0
eta = 1.0
rand_percent = 80
layer_idx = 2
mentee_learning_rate = 0.005
T_start = 0.95
T_end = 0.98
momentum = 0.9
kl_weight = 0.0
buffer_size = 0
dp_epsilon = 0.0
H_min = None
alpha_vp = 0.0
enable_dynamic_param = False
log_fedent = False
log_filename = None
dynamic_config_path = /home/john/PFLlib/system/auto_configs/smooth_trial01_0097.json
==================================================

============= Running time: 0th =============
Creating server and clients ...
FedAvgCNN(
  (conv1): Sequential(
    (0): Conv2d(3, 32, kernel_size=(5, 5), stride=(1, 1))
    (1): ReLU(inplace=True)
    (2): MaxPool2d(kernel_size=(2, 2), stride=(2, 2), padding=0, dilation=1, ceil_mode=False)
  )
  (conv2): Sequential(
    (0): Conv2d(32, 64, kernel_size=(5, 5), stride=(1, 1))
    (1): ReLU(inplace=True)
    (2): MaxPool2d(kernel_size=(2, 2), stride=(2, 2), padding=0, dilation=1, ceil_mode=False)
  )
  (fc1): Sequential(
    (0): Linear(in_features=1600, out_features=512, bias=True)
    (1): ReLU(inplace=True)
  )
  (fc): Linear(in_features=512, out_features=10, bias=True)
)

Join ratio / total clients: 0.1 / 100
Finished creating server and clients.

--- Round 0/500 ---
Averaged Train Loss: 2.3038
Averaged Test Accuracy: 0.0928
Averaged Test AUC: 0.4894
Std Test Accuracy: 0.1434
Std Test AUC: 0.2233

--- Round 1/500 ---
Averaged Train Loss: 2.2988
Averaged Test Accuracy: 0.0812
Averaged Test AUC: 0.5193
Std Test Accuracy: 0.1785
Std Test AUC: 0.2103

--- Round 2/500 ---
Averaged Train Loss: 2.2970
Averaged Test Accuracy: 0.0999
Averaged Test AUC: 0.5431
Std Test Accuracy: 0.2240
Std Test AUC: 0.2138

--- Round 3/500 ---
Averaged Train Loss: 2.3157
Averaged Test Accuracy: 0.1035
Averaged Test AUC: 0.5428
Std Test Accuracy: 0.2217
Std Test AUC: 0.2418

--- Round 4/500 ---
Averaged Train Loss: 2.3086
Averaged Test Accuracy: 0.1076
Averaged Test AUC: 0.5525
Std Test Accuracy: 0.2206
Std Test AUC: 0.2417

--- Round 5/500 ---
Averaged Train Loss: 2.2854
Averaged Test Accuracy: 0.1500
Averaged Test AUC: 0.5775
Std Test Accuracy: 0.2304
Std Test AUC: 0.2207

--- Round 6/500 ---
Averaged Train Loss: 2.2746
Averaged Test Accuracy: 0.1406
Averaged Test AUC: 0.5962
Std Test Accuracy: 0.2076
Std Test AUC: 0.2125

--- Round 7/500 ---
Averaged Train Loss: 2.1300
Averaged Test Accuracy: 0.2220
Averaged Test AUC: 0.6898
Std Test Accuracy: 0.1979
Std Test AUC: 0.1201

--- Round 8/500 ---
Averaged Train Loss: 2.1356
Averaged Test Accuracy: 0.2082
Averaged Test AUC: 0.6657
Std Test Accuracy: 0.2315
Std Test AUC: 0.1555

--- Round 9/500 ---
Averaged Train Loss: 2.1975
Averaged Test Accuracy: 0.1670
Averaged Test AUC: 0.6536
Std Test Accuracy: 0.2224
Std Test AUC: 0.1607

--- Round 10/500 ---
Averaged Train Loss: 2.2037
Averaged Test Accuracy: 0.1801
Averaged Test AUC: 0.6540
Std Test Accuracy: 0.2010
Std Test AUC: 0.1708

--- Round 11/500 ---
Averaged Train Loss: 2.0392
Averaged Test Accuracy: 0.2467
Averaged Test AUC: 0.7134
Std Test Accuracy: 0.2001
Std Test AUC: 0.0971

--- Round 12/500 ---
Averaged Train Loss: 2.0470
Averaged Test Accuracy: 0.2541
Averaged Test AUC: 0.7125
Std Test Accuracy: 0.1899
Std Test AUC: 0.1007

--- Round 13/500 ---
Averaged Train Loss: 2.0850
Averaged Test Accuracy: 0.2209
Averaged Test AUC: 0.6986
Std Test Accuracy: 0.1798
Std Test AUC: 0.1209

--- Round 14/500 ---
Averaged Train Loss: 2.0447
Averaged Test Accuracy: 0.2416
Averaged Test AUC: 0.7163
Std Test Accuracy: 0.2068
Std Test AUC: 0.1075

--- Round 15/500 ---
Averaged Train Loss: 2.0825
Averaged Test Accuracy: 0.2207
Averaged Test AUC: 0.7057
Std Test Accuracy: 0.1806
Std Test AUC: 0.1147

--- Round 16/500 ---
Averaged Train Loss: 2.0957
Averaged Test Accuracy: 0.2199
Averaged Test AUC: 0.6943
Std Test Accuracy: 0.1910
Std Test AUC: 0.1335

--- Round 17/500 ---
Averaged Train Loss: 2.0509
Averaged Test Accuracy: 0.2240
Averaged Test AUC: 0.7194
Std Test Accuracy: 0.2504
Std Test AUC: 0.1088

--- Round 18/500 ---
Averaged Train Loss: 2.0149
Averaged Test Accuracy: 0.2470
Averaged Test AUC: 0.7231
Std Test Accuracy: 0.1918
Std Test AUC: 0.1049

--- Round 19/500 ---
Averaged Train Loss: 2.0025
Averaged Test Accuracy: 0.2629
Averaged Test AUC: 0.7284
Std Test Accuracy: 0.1931
Std Test AUC: 0.1046

--- Round 20/500 ---
Averaged Train Loss: 2.0468
Averaged Test Accuracy: 0.2438
Averaged Test AUC: 0.7221
Std Test Accuracy: 0.2184
Std Test AUC: 0.1073

--- Round 21/500 ---
Averaged Train Loss: 1.9746
Averaged Test Accuracy: 0.2621
Averaged Test AUC: 0.7363
Std Test Accuracy: 0.2119
Std Test AUC: 0.0875

--- Round 22/500 ---
Averaged Train Loss: 2.0027
Averaged Test Accuracy: 0.2487
Averaged Test AUC: 0.7388
Std Test Accuracy: 0.2439
Std Test AUC: 0.0990

--- Round 23/500 ---
Averaged Train Loss: 1.9718
Averaged Test Accuracy: 0.2547
Averaged Test AUC: 0.7444
Std Test Accuracy: 0.2311
Std Test AUC: 0.0831

--- Round 24/500 ---
Averaged Train Loss: 1.9709
Averaged Test Accuracy: 0.2576
Averaged Test AUC: 0.7414
Std Test Accuracy: 0.2071
Std Test AUC: 0.0846

--- Round 25/500 ---
Averaged Train Loss: 2.1959
Averaged Test Accuracy: 0.2016
Averaged Test AUC: 0.6962
Std Test Accuracy: 0.1999
Std Test AUC: 0.1301

--- Round 26/500 ---
Averaged Train Loss: 2.0613
Averaged Test Accuracy: 0.2175
Averaged Test AUC: 0.7219
Std Test Accuracy: 0.2090
Std Test AUC: 0.1041

--- Round 27/500 ---
Averaged Train Loss: 1.9225
Averaged Test Accuracy: 0.2966
Averaged Test AUC: 0.7525
Std Test Accuracy: 0.1763
Std Test AUC: 0.0785

--- Round 28/500 ---
Averaged Train Loss: 1.8985
Averaged Test Accuracy: 0.3010
Averaged Test AUC: 0.7623
Std Test Accuracy: 0.1921
Std Test AUC: 0.0613

--- Round 29/500 ---
Averaged Train Loss: 1.9000
Averaged Test Accuracy: 0.3040
Averaged Test AUC: 0.7577
Std Test Accuracy: 0.1593
Std Test AUC: 0.0812

--- Round 30/500 ---
Averaged Train Loss: 1.9507
Averaged Test Accuracy: 0.2690
Averaged Test AUC: 0.7484
Std Test Accuracy: 0.2006
Std Test AUC: 0.0900

--- Round 31/500 ---
Averaged Train Loss: 1.8904
Averaged Test Accuracy: 0.3110
Averaged Test AUC: 0.7624
Std Test Accuracy: 0.1855
Std Test AUC: 0.0731

--- Round 32/500 ---
Averaged Train Loss: 1.9836
Averaged Test Accuracy: 0.2544
Averaged Test AUC: 0.7459
Std Test Accuracy: 0.2122
Std Test AUC: 0.0979

--- Round 33/500 ---
Averaged Train Loss: 1.9926
Averaged Test Accuracy: 0.2511
Averaged Test AUC: 0.7447
Std Test Accuracy: 0.2155
Std Test AUC: 0.1010

--- Round 34/500 ---
Averaged Train Loss: 1.9067
Averaged Test Accuracy: 0.2968
Averaged Test AUC: 0.7638
Std Test Accuracy: 0.1896
Std Test AUC: 0.0761

--- Round 35/500 ---
Averaged Train Loss: 1.9078
Averaged Test Accuracy: 0.2915
Averaged Test AUC: 0.7584
Std Test Accuracy: 0.1457
Std Test AUC: 0.0840

--- Round 36/500 ---
Averaged Train Loss: 1.8367
Averaged Test Accuracy: 0.3284
Averaged Test AUC: 0.7751
Std Test Accuracy: 0.1639
Std Test AUC: 0.0553

--- Round 37/500 ---
Averaged Train Loss: 1.8795
Averaged Test Accuracy: 0.2994
Averaged Test AUC: 0.7645
Std Test Accuracy: 0.1747
Std Test AUC: 0.0754

--- Round 38/500 ---
Averaged Train Loss: 1.8479
Averaged Test Accuracy: 0.3234
Averaged Test AUC: 0.7735
Std Test Accuracy: 0.1864
Std Test AUC: 0.0740

--- Round 39/500 ---
Averaged Train Loss: 1.9100
Averaged Test Accuracy: 0.2830
Averaged Test AUC: 0.7662
Std Test Accuracy: 0.2362
Std Test AUC: 0.0903

--- Round 40/500 ---
Averaged Train Loss: 1.8589
Averaged Test Accuracy: 0.3129
Averaged Test AUC: 0.7713
Std Test Accuracy: 0.2059
Std Test AUC: 0.0692

--- Round 41/500 ---
Averaged Train Loss: 1.8998
Averaged Test Accuracy: 0.2898
Averaged Test AUC: 0.7656
Std Test Accuracy: 0.2105
Std Test AUC: 0.0959

--- Round 42/500 ---
Averaged Train Loss: 1.8781
Averaged Test Accuracy: 0.2947
Averaged Test AUC: 0.7691
Std Test Accuracy: 0.1955
Std Test AUC: 0.0757

--- Round 43/500 ---
Averaged Train Loss: 1.8602
Averaged Test Accuracy: 0.3260
Averaged Test AUC: 0.7720
Std Test Accuracy: 0.2045
Std Test AUC: 0.0899

--- Round 44/500 ---
Averaged Train Loss: 1.8919
Averaged Test Accuracy: 0.3131
Averaged Test AUC: 0.7682
Std Test Accuracy: 0.2365
Std Test AUC: 0.0995

--- Round 45/500 ---
Averaged Train Loss: 1.8431
Averaged Test Accuracy: 0.3191
Averaged Test AUC: 0.7792
Std Test Accuracy: 0.1963
Std Test AUC: 0.0682

--- Round 46/500 ---
Averaged Train Loss: 1.8427
Averaged Test Accuracy: 0.3315
Averaged Test AUC: 0.7773
Std Test Accuracy: 0.2008
Std Test AUC: 0.0861

--- Round 47/500 ---
Averaged Train Loss: 1.8173
Averaged Test Accuracy: 0.3200
Averaged Test AUC: 0.7827
Std Test Accuracy: 0.1772
Std Test AUC: 0.0603

--- Round 48/500 ---
Averaged Train Loss: 1.8615
Averaged Test Accuracy: 0.3257
Averaged Test AUC: 0.7628
Std Test Accuracy: 0.1348
Std Test AUC: 0.0888

--- Round 49/500 ---
Averaged Train Loss: 1.8301
Averaged Test Accuracy: 0.3159
Averaged Test AUC: 0.7815
Std Test Accuracy: 0.1976
Std Test AUC: 0.0761

--- Round 50/500 ---
Averaged Train Loss: 1.8352
Averaged Test Accuracy: 0.3301
Averaged Test AUC: 0.7689
Std Test Accuracy: 0.1408
Std Test AUC: 0.0821

--- Round 51/500 ---
Averaged Train Loss: 1.7493
Averaged Test Accuracy: 0.3670
Averaged Test AUC: 0.7930
Std Test Accuracy: 0.1337
Std Test AUC: 0.0618

--- Round 52/500 ---
Averaged Train Loss: 1.8144
Averaged Test Accuracy: 0.3327
Averaged Test AUC: 0.7877
Std Test Accuracy: 0.1755
Std Test AUC: 0.0621

--- Round 53/500 ---
Averaged Train Loss: 1.7802
Averaged Test Accuracy: 0.3463
Averaged Test AUC: 0.7912
Std Test Accuracy: 0.1603
Std Test AUC: 0.0639

--- Round 54/500 ---
Averaged Train Loss: 1.7977
Averaged Test Accuracy: 0.3284
Averaged Test AUC: 0.7875
Std Test Accuracy: 0.1941
Std Test AUC: 0.0744

--- Round 55/500 ---
Averaged Train Loss: 1.7171
Averaged Test Accuracy: 0.3739
Averaged Test AUC: 0.8027
Std Test Accuracy: 0.1521
Std Test AUC: 0.0484

--- Round 56/500 ---
Averaged Train Loss: 1.7491
Averaged Test Accuracy: 0.3521
Averaged Test AUC: 0.7969
Std Test Accuracy: 0.1844
Std Test AUC: 0.0631

--- Round 57/500 ---
Averaged Train Loss: 1.8110
Averaged Test Accuracy: 0.3206
Averaged Test AUC: 0.7917
Std Test Accuracy: 0.2126
Std Test AUC: 0.0683

--- Round 58/500 ---
Averaged Train Loss: 1.7616
Averaged Test Accuracy: 0.3487
Averaged Test AUC: 0.7970
Std Test Accuracy: 0.1878
Std Test AUC: 0.0608

--- Round 59/500 ---
Averaged Train Loss: 1.7212
Averaged Test Accuracy: 0.3731
Averaged Test AUC: 0.8029
Std Test Accuracy: 0.1754
Std Test AUC: 0.0546

--- Round 60/500 ---
Averaged Train Loss: 1.7445
Averaged Test Accuracy: 0.3545
Averaged Test AUC: 0.7963
Std Test Accuracy: 0.1454
Std Test AUC: 0.0645

--- Round 61/500 ---
Averaged Train Loss: 1.7135
Averaged Test Accuracy: 0.3672
Averaged Test AUC: 0.8036
Std Test Accuracy: 0.1395
Std Test AUC: 0.0522

--- Round 62/500 ---
Averaged Train Loss: 1.7267
Averaged Test Accuracy: 0.3680
Averaged Test AUC: 0.8018
Std Test Accuracy: 0.1594
Std Test AUC: 0.0599

--- Round 63/500 ---
Averaged Train Loss: 1.7606
Averaged Test Accuracy: 0.3436
Averaged Test AUC: 0.7996
Std Test Accuracy: 0.1993
Std Test AUC: 0.0676

--- Round 64/500 ---
Averaged Train Loss: 1.7247
Averaged Test Accuracy: 0.3626
Averaged Test AUC: 0.8041
Std Test Accuracy: 0.1973
Std Test AUC: 0.0649

--- Round 65/500 ---
Averaged Train Loss: 1.7220
Averaged Test Accuracy: 0.3613
Averaged Test AUC: 0.8040
Std Test Accuracy: 0.1873
Std Test AUC: 0.0615

--- Round 66/500 ---
Averaged Train Loss: 1.7148
Averaged Test Accuracy: 0.3730
Averaged Test AUC: 0.8056
Std Test Accuracy: 0.1638
Std Test AUC: 0.0589

--- Round 67/500 ---
Averaged Train Loss: 1.7020
Averaged Test Accuracy: 0.3677
Averaged Test AUC: 0.8059
Std Test Accuracy: 0.1603
Std Test AUC: 0.0528

--- Round 68/500 ---
Averaged Train Loss: 1.7277
Averaged Test Accuracy: 0.3632
Averaged Test AUC: 0.8021
Std Test Accuracy: 0.1780
Std Test AUC: 0.0730

--- Round 69/500 ---
Averaged Train Loss: 1.6991
Averaged Test Accuracy: 0.3754
Averaged Test AUC: 0.8074
Std Test Accuracy: 0.1388
Std Test AUC: 0.0602

--- Round 70/500 ---
Averaged Train Loss: 1.7220
Averaged Test Accuracy: 0.3641
Averaged Test AUC: 0.8033
Std Test Accuracy: 0.1797
Std Test AUC: 0.0652

--- Round 71/500 ---
Averaged Train Loss: 1.6843
Averaged Test Accuracy: 0.3789
Averaged Test AUC: 0.8116
Std Test Accuracy: 0.2057
Std Test AUC: 0.0615

--- Round 72/500 ---
Averaged Train Loss: 1.8300
Averaged Test Accuracy: 0.3165
Averaged Test AUC: 0.7913
Std Test Accuracy: 0.2134
Std Test AUC: 0.0769

--- Round 73/500 ---
Averaged Train Loss: 1.7212
Averaged Test Accuracy: 0.3620
Averaged Test AUC: 0.8087
Std Test Accuracy: 0.1908
Std Test AUC: 0.0571

--- Round 74/500 ---
Averaged Train Loss: 1.6799
Averaged Test Accuracy: 0.3715
Averaged Test AUC: 0.8136
Std Test Accuracy: 0.1630
Std Test AUC: 0.0518

--- Round 75/500 ---
Averaged Train Loss: 1.6822
Averaged Test Accuracy: 0.3815
Averaged Test AUC: 0.8084
Std Test Accuracy: 0.1200
Std Test AUC: 0.0548

--- Round 76/500 ---
Averaged Train Loss: 1.6846
Averaged Test Accuracy: 0.3735
Averaged Test AUC: 0.8119
Std Test Accuracy: 0.2025
Std Test AUC: 0.0679

--- Round 77/500 ---
Averaged Train Loss: 1.6463
Averaged Test Accuracy: 0.3997
Averaged Test AUC: 0.8183
Std Test Accuracy: 0.1487
Std Test AUC: 0.0443

--- Round 78/500 ---
Averaged Train Loss: 1.7159
Averaged Test Accuracy: 0.3721
Averaged Test AUC: 0.8080
Std Test Accuracy: 0.2106
Std Test AUC: 0.0768

--- Round 79/500 ---
Averaged Train Loss: 1.6887
Averaged Test Accuracy: 0.3836
Averaged Test AUC: 0.8122
Std Test Accuracy: 0.2099
Std Test AUC: 0.0710

--- Round 80/500 ---
Averaged Train Loss: 1.6452
Averaged Test Accuracy: 0.3951
Averaged Test AUC: 0.8165
Std Test Accuracy: 0.1350
Std Test AUC: 0.0515

--- Round 81/500 ---
Averaged Train Loss: 1.6480
Averaged Test Accuracy: 0.3965
Averaged Test AUC: 0.8168
Std Test Accuracy: 0.1415
Std Test AUC: 0.0516

--- Round 82/500 ---
Averaged Train Loss: 1.6912
Averaged Test Accuracy: 0.3908
Averaged Test AUC: 0.8041
Std Test Accuracy: 0.1316
Std Test AUC: 0.0647

--- Round 83/500 ---
Averaged Train Loss: 1.6240
Averaged Test Accuracy: 0.4054
Averaged Test AUC: 0.8203
Std Test Accuracy: 0.1448
Std Test AUC: 0.0449

--- Round 84/500 ---
Averaged Train Loss: 1.6834
Averaged Test Accuracy: 0.3816
Averaged Test AUC: 0.8173
Std Test Accuracy: 0.1810
Std Test AUC: 0.0517

--- Round 85/500 ---
Averaged Train Loss: 1.6179
Averaged Test Accuracy: 0.4104
Averaged Test AUC: 0.8227
Std Test Accuracy: 0.1544
Std Test AUC: 0.0464

--- Round 86/500 ---
Averaged Train Loss: 1.6715
Averaged Test Accuracy: 0.3875
Averaged Test AUC: 0.8162
Std Test Accuracy: 0.2065
Std Test AUC: 0.0694

--- Round 87/500 ---
Averaged Train Loss: 1.6078
Averaged Test Accuracy: 0.4105
Averaged Test AUC: 0.8227
Std Test Accuracy: 0.1458
Std Test AUC: 0.0538

--- Round 88/500 ---
Averaged Train Loss: 1.6270
Averaged Test Accuracy: 0.4056
Averaged Test AUC: 0.8225
Std Test Accuracy: 0.1913
Std Test AUC: 0.0598

--- Round 89/500 ---
Averaged Train Loss: 1.6452
Averaged Test Accuracy: 0.4007
Averaged Test AUC: 0.8199
Std Test Accuracy: 0.2030
Std Test AUC: 0.0667

--- Round 90/500 ---
Averaged Train Loss: 1.6313
Averaged Test Accuracy: 0.3981
Averaged Test AUC: 0.8220
Std Test Accuracy: 0.1751
Std Test AUC: 0.0501

--- Round 91/500 ---
Averaged Train Loss: 1.6167
Averaged Test Accuracy: 0.4047
Averaged Test AUC: 0.8224
Std Test Accuracy: 0.1232
Std Test AUC: 0.0429

--- Round 92/500 ---
Averaged Train Loss: 1.6242
Averaged Test Accuracy: 0.4012
Averaged Test AUC: 0.8209
Std Test Accuracy: 0.1317
Std Test AUC: 0.0521

--- Round 93/500 ---
Averaged Train Loss: 1.6040
Averaged Test Accuracy: 0.4199
Averaged Test AUC: 0.8251
Std Test Accuracy: 0.1519
Std Test AUC: 0.0478

--- Round 94/500 ---
Averaged Train Loss: 1.6286
Averaged Test Accuracy: 0.4065
Averaged Test AUC: 0.8201
Std Test Accuracy: 0.1588
Std Test AUC: 0.0572

--- Round 95/500 ---
Averaged Train Loss: 1.7103
Averaged Test Accuracy: 0.3663
Averaged Test AUC: 0.8112
Std Test Accuracy: 0.1906
Std Test AUC: 0.0618

--- Round 96/500 ---
Averaged Train Loss: 1.6087
Averaged Test Accuracy: 0.4089
Averaged Test AUC: 0.8265
Std Test Accuracy: 0.1850
Std Test AUC: 0.0535

--- Round 97/500 ---
Averaged Train Loss: 1.5911
Averaged Test Accuracy: 0.4233
Averaged Test AUC: 0.8289
Std Test Accuracy: 0.1556
Std Test AUC: 0.0460

--- Round 98/500 ---
Averaged Train Loss: 1.6111
Averaged Test Accuracy: 0.4031
Averaged Test AUC: 0.8268
Std Test Accuracy: 0.1686
Std Test AUC: 0.0488

--- Round 99/500 ---
Averaged Train Loss: 1.6053
Averaged Test Accuracy: 0.4043
Averaged Test AUC: 0.8265
Std Test Accuracy: 0.1483
Std Test AUC: 0.0378

--- Round 100/500 ---
Averaged Train Loss: 1.6427
Averaged Test Accuracy: 0.3915
Averaged Test AUC: 0.8220
Std Test Accuracy: 0.2067
Std Test AUC: 0.0650

--- Round 101/500 ---
Averaged Train Loss: 1.6073
Averaged Test Accuracy: 0.4051
Averaged Test AUC: 0.8278
Std Test Accuracy: 0.1740
Std Test AUC: 0.0440

--- Round 102/500 ---
Averaged Train Loss: 1.5955
Averaged Test Accuracy: 0.4135
Averaged Test AUC: 0.8269
Std Test Accuracy: 0.1620
Std Test AUC: 0.0525

--- Round 103/500 ---
Averaged Train Loss: 1.7182
Averaged Test Accuracy: 0.3643
Averaged Test AUC: 0.8106
Std Test Accuracy: 0.1933
Std Test AUC: 0.0663

--- Round 104/500 ---
Averaged Train Loss: 1.5654
Averaged Test Accuracy: 0.4333
Averaged Test AUC: 0.8330
Std Test Accuracy: 0.1428
Std Test AUC: 0.0411

--- Round 105/500 ---
Averaged Train Loss: 1.5834
Averaged Test Accuracy: 0.4233
Averaged Test AUC: 0.8288
Std Test Accuracy: 0.1369
Std Test AUC: 0.0475

--- Round 106/500 ---
Averaged Train Loss: 1.6163
Averaged Test Accuracy: 0.4055
Averaged Test AUC: 0.8285
Std Test Accuracy: 0.1672
Std Test AUC: 0.0470

--- Round 107/500 ---
Averaged Train Loss: 1.6237
Averaged Test Accuracy: 0.4047
Averaged Test AUC: 0.8257
Std Test Accuracy: 0.1752
Std Test AUC: 0.0535

--- Round 108/500 ---
Averaged Train Loss: 1.6211
Averaged Test Accuracy: 0.3950
Averaged Test AUC: 0.8251
Std Test Accuracy: 0.1691
Std Test AUC: 0.0507

--- Round 109/500 ---
Averaged Train Loss: 1.5928
Averaged Test Accuracy: 0.4190
Averaged Test AUC: 0.8293
Std Test Accuracy: 0.1855
Std Test AUC: 0.0613

--- Round 110/500 ---
Averaged Train Loss: 1.6185
Averaged Test Accuracy: 0.4099
Averaged Test AUC: 0.8256
Std Test Accuracy: 0.1811
Std Test AUC: 0.0589

--- Round 111/500 ---
Averaged Train Loss: 1.5898
Averaged Test Accuracy: 0.4172
Averaged Test AUC: 0.8301
Std Test Accuracy: 0.1908
Std Test AUC: 0.0580

--- Round 112/500 ---
Averaged Train Loss: 1.6237
Averaged Test Accuracy: 0.4065
Averaged Test AUC: 0.8246
Std Test Accuracy: 0.1814
Std Test AUC: 0.0597

--- Round 113/500 ---
Averaged Train Loss: 1.6771
Averaged Test Accuracy: 0.3806
Averaged Test AUC: 0.8176
Std Test Accuracy: 0.1897
Std Test AUC: 0.0597

--- Round 114/500 ---
Averaged Train Loss: 1.5604
Averaged Test Accuracy: 0.4182
Averaged Test AUC: 0.8335
Std Test Accuracy: 0.1468
Std Test AUC: 0.0392

--- Round 115/500 ---
Averaged Train Loss: 1.5582
Averaged Test Accuracy: 0.4304
Averaged Test AUC: 0.8321
Std Test Accuracy: 0.1546
Std Test AUC: 0.0507

--- Round 116/500 ---
Averaged Train Loss: 1.5803
Averaged Test Accuracy: 0.4160
Averaged Test AUC: 0.8299
Std Test Accuracy: 0.1604
Std Test AUC: 0.0517

--- Round 117/500 ---
Averaged Train Loss: 1.6076
Averaged Test Accuracy: 0.4021
Averaged Test AUC: 0.8285
Std Test Accuracy: 0.1755
Std Test AUC: 0.0525

--- Round 118/500 ---
Averaged Train Loss: 1.5489
Averaged Test Accuracy: 0.4362
Averaged Test AUC: 0.8358
Std Test Accuracy: 0.1324
Std Test AUC: 0.0400

--- Round 119/500 ---
Averaged Train Loss: 1.5382
Averaged Test Accuracy: 0.4377
Averaged Test AUC: 0.8360
Std Test Accuracy: 0.1393
Std Test AUC: 0.0424

--- Round 120/500 ---
Averaged Train Loss: 1.5618
Averaged Test Accuracy: 0.4290
Averaged Test AUC: 0.8326
Std Test Accuracy: 0.1167
Std Test AUC: 0.0403

--- Round 121/500 ---
Averaged Train Loss: 1.5564
Averaged Test Accuracy: 0.4282
Averaged Test AUC: 0.8327
Std Test Accuracy: 0.1474
Std Test AUC: 0.0495

--- Round 122/500 ---
Averaged Train Loss: 1.5267
Averaged Test Accuracy: 0.4399
Averaged Test AUC: 0.8378
Std Test Accuracy: 0.1270
Std Test AUC: 0.0418

--- Round 123/500 ---
Averaged Train Loss: 1.7766
Averaged Test Accuracy: 0.3470
Averaged Test AUC: 0.8000
Std Test Accuracy: 0.1948
Std Test AUC: 0.0948

--- Round 124/500 ---
Averaged Train Loss: 1.7143
Averaged Test Accuracy: 0.3683
Averaged Test AUC: 0.8254
Std Test Accuracy: 0.2278
Std Test AUC: 0.0673

--- Round 125/500 ---
Averaged Train Loss: 1.6403
Averaged Test Accuracy: 0.4019
Averaged Test AUC: 0.8225
Std Test Accuracy: 0.1939
Std Test AUC: 0.0702

--- Round 126/500 ---
Averaged Train Loss: 1.6755
Averaged Test Accuracy: 0.3919
Averaged Test AUC: 0.8124
Std Test Accuracy: 0.1483
Std Test AUC: 0.0841

--- Round 127/500 ---
Averaged Train Loss: 1.7045
Averaged Test Accuracy: 0.3743
Averaged Test AUC: 0.8220
Std Test Accuracy: 0.2199
Std Test AUC: 0.0724

--- Round 128/500 ---
Averaged Train Loss: 1.8410
Averaged Test Accuracy: 0.3343
Averaged Test AUC: 0.7921
Std Test Accuracy: 0.1975
Std Test AUC: 0.0966

--- Round 129/500 ---
Averaged Train Loss: 1.7103
Averaged Test Accuracy: 0.3851
Averaged Test AUC: 0.8162
Std Test Accuracy: 0.2218
Std Test AUC: 0.0940

--- Round 130/500 ---
Averaged Train Loss: 1.6828
Averaged Test Accuracy: 0.3830
Averaged Test AUC: 0.8203
Std Test Accuracy: 0.1971
Std Test AUC: 0.0686

--- Round 131/500 ---
Averaged Train Loss: 1.7436
Averaged Test Accuracy: 0.3362
Averaged Test AUC: 0.8135
Std Test Accuracy: 0.2135
Std Test AUC: 0.0724

--- Round 132/500 ---
Averaged Train Loss: 1.7997
Averaged Test Accuracy: 0.3266
Averaged Test AUC: 0.8082
Std Test Accuracy: 0.2409
Std Test AUC: 0.0988

--- Round 133/500 ---
Averaged Train Loss: 1.6422
Averaged Test Accuracy: 0.3930
Averaged Test AUC: 0.8284
Std Test Accuracy: 0.1843
Std Test AUC: 0.0657

--- Round 134/500 ---
Averaged Train Loss: 1.5990
Averaged Test Accuracy: 0.4142
Averaged Test AUC: 0.8251
Std Test Accuracy: 0.1602
Std Test AUC: 0.0596

--- Round 135/500 ---
Averaged Train Loss: 1.7328
Averaged Test Accuracy: 0.3549
Averaged Test AUC: 0.8139
Std Test Accuracy: 0.2148
Std Test AUC: 0.0796

--- Round 136/500 ---
Averaged Train Loss: 1.5259
Averaged Test Accuracy: 0.4391
Averaged Test AUC: 0.8376
Std Test Accuracy: 0.1394
Std Test AUC: 0.0454

--- Round 137/500 ---
Averaged Train Loss: 1.6384
Averaged Test Accuracy: 0.3717
Averaged Test AUC: 0.8229
Std Test Accuracy: 0.1588
Std Test AUC: 0.0557

--- Round 138/500 ---
Averaged Train Loss: 1.6623
Averaged Test Accuracy: 0.3934
Averaged Test AUC: 0.8238
Std Test Accuracy: 0.2070
Std Test AUC: 0.0837

--- Round 139/500 ---
Averaged Train Loss: 1.6247
Averaged Test Accuracy: 0.4015
Averaged Test AUC: 0.8270
Std Test Accuracy: 0.1832
Std Test AUC: 0.0598

--- Round 140/500 ---
Averaged Train Loss: 1.6705
Averaged Test Accuracy: 0.3950
Averaged Test AUC: 0.8119
Std Test Accuracy: 0.1652
Std Test AUC: 0.0659

--- Round 141/500 ---
Averaged Train Loss: 1.7830
Averaged Test Accuracy: 0.3473
Averaged Test AUC: 0.8116
Std Test Accuracy: 0.2304
Std Test AUC: 0.0849

--- Round 142/500 ---
Averaged Train Loss: 1.5238
Averaged Test Accuracy: 0.4401
Averaged Test AUC: 0.8389
Std Test Accuracy: 0.1598
Std Test AUC: 0.0532

--- Round 143/500 ---
Averaged Train Loss: 1.5931
Averaged Test Accuracy: 0.4032
Averaged Test AUC: 0.8294
Std Test Accuracy: 0.1350
Std Test AUC: 0.0501

--- Round 144/500 ---
Averaged Train Loss: 1.6571
Averaged Test Accuracy: 0.3975
Averaged Test AUC: 0.8286
Std Test Accuracy: 0.2016
Std Test AUC: 0.0765

--- Round 145/500 ---
Averaged Train Loss: 1.6806
Averaged Test Accuracy: 0.3833
Averaged Test AUC: 0.8258
Std Test Accuracy: 0.2234
Std Test AUC: 0.0704

--- Round 146/500 ---
Averaged Train Loss: 1.6434
Averaged Test Accuracy: 0.3924
Averaged Test AUC: 0.8209
Std Test Accuracy: 0.1750
Std Test AUC: 0.0607

--- Round 147/500 ---
Averaged Train Loss: 1.8440
Averaged Test Accuracy: 0.3371
Averaged Test AUC: 0.8067
Std Test Accuracy: 0.2293
Std Test AUC: 0.0847

--- Round 148/500 ---
Averaged Train Loss: 1.5259
Averaged Test Accuracy: 0.4427
Averaged Test AUC: 0.8386
Std Test Accuracy: 0.1681
Std Test AUC: 0.0582

--- Round 149/500 ---
Averaged Train Loss: 1.5402
Averaged Test Accuracy: 0.4234
Averaged Test AUC: 0.8370
Std Test Accuracy: 0.1294
Std Test AUC: 0.0431

--- Round 150/500 ---
Averaged Train Loss: 1.6371
Averaged Test Accuracy: 0.4020
Averaged Test AUC: 0.8312
Std Test Accuracy: 0.2036
Std Test AUC: 0.0750

--- Round 151/500 ---
Averaged Train Loss: 1.6682
Averaged Test Accuracy: 0.3832
Averaged Test AUC: 0.8277
Std Test Accuracy: 0.2096
Std Test AUC: 0.0673

--- Round 152/500 ---
Averaged Train Loss: 1.5790
Averaged Test Accuracy: 0.4203
Averaged Test AUC: 0.8299
Std Test Accuracy: 0.1589
Std Test AUC: 0.0561

--- Round 153/500 ---
Averaged Train Loss: 1.8170
Averaged Test Accuracy: 0.3487
Averaged Test AUC: 0.8126
Std Test Accuracy: 0.2308
Std Test AUC: 0.0836

--- Round 154/500 ---
Averaged Train Loss: 1.5030
Averaged Test Accuracy: 0.4522
Averaged Test AUC: 0.8416
Std Test Accuracy: 0.1515
Std Test AUC: 0.0503

--- Round 155/500 ---
Averaged Train Loss: 1.5741
Averaged Test Accuracy: 0.4065
Averaged Test AUC: 0.8354
Std Test Accuracy: 0.1424
Std Test AUC: 0.0446

--- Round 156/500 ---
Averaged Train Loss: 1.5984
Averaged Test Accuracy: 0.4243
Averaged Test AUC: 0.8343
Std Test Accuracy: 0.1816
Std Test AUC: 0.0712

--- Round 157/500 ---
Averaged Train Loss: 1.7506
Averaged Test Accuracy: 0.3742
Averaged Test AUC: 0.8198
Std Test Accuracy: 0.2362
Std Test AUC: 0.0845

--- Round 158/500 ---
Averaged Train Loss: 1.5317
Averaged Test Accuracy: 0.4398
Averaged Test AUC: 0.8368
Std Test Accuracy: 0.1330
Std Test AUC: 0.0501

--- Round 159/500 ---
Averaged Train Loss: 1.7175
Averaged Test Accuracy: 0.3809
Averaged Test AUC: 0.8184
Std Test Accuracy: 0.2000
Std Test AUC: 0.0791

--- Round 160/500 ---
Averaged Train Loss: 1.5044
Averaged Test Accuracy: 0.4491
Averaged Test AUC: 0.8461
Std Test Accuracy: 0.1560
Std Test AUC: 0.0499

--- Round 161/500 ---
Averaged Train Loss: 1.5700
Averaged Test Accuracy: 0.4085
Averaged Test AUC: 0.8347
Std Test Accuracy: 0.1682
Std Test AUC: 0.0534

--- Round 162/500 ---
Averaged Train Loss: 1.6997
Averaged Test Accuracy: 0.3865
Averaged Test AUC: 0.8301
Std Test Accuracy: 0.2134
Std Test AUC: 0.0666

--- Round 163/500 ---
Averaged Train Loss: 1.7708
Averaged Test Accuracy: 0.3890
Averaged Test AUC: 0.8140
Std Test Accuracy: 0.2223
Std Test AUC: 0.1011

--- Round 164/500 ---
Averaged Train Loss: 1.6714
Averaged Test Accuracy: 0.3771
Averaged Test AUC: 0.8245
Std Test Accuracy: 0.1809
Std Test AUC: 0.0618

--- Round 165/500 ---
Averaged Train Loss: 1.6196
Averaged Test Accuracy: 0.4075
Averaged Test AUC: 0.8342
Std Test Accuracy: 0.2157
Std Test AUC: 0.0776

--- Round 166/500 ---
Averaged Train Loss: 1.5689
Averaged Test Accuracy: 0.4318
Averaged Test AUC: 0.8359
Std Test Accuracy: 0.1950
Std Test AUC: 0.0713

--- Round 167/500 ---
Averaged Train Loss: 1.5468
Averaged Test Accuracy: 0.4239
Averaged Test AUC: 0.8403
Std Test Accuracy: 0.1433
Std Test AUC: 0.0468

--- Round 168/500 ---
Averaged Train Loss: 1.6490
Averaged Test Accuracy: 0.4184
Averaged Test AUC: 0.8264
Std Test Accuracy: 0.1682
Std Test AUC: 0.0696

--- Round 169/500 ---
Averaged Train Loss: 1.6193
Averaged Test Accuracy: 0.4231
Averaged Test AUC: 0.8289
Std Test Accuracy: 0.1992
Std Test AUC: 0.0895

--- Round 170/500 ---
Averaged Train Loss: 1.5965
Averaged Test Accuracy: 0.4044
Averaged Test AUC: 0.8369
Std Test Accuracy: 0.1775
Std Test AUC: 0.0530

--- Round 171/500 ---
Averaged Train Loss: 1.6467
Averaged Test Accuracy: 0.4007
Averaged Test AUC: 0.8306
Std Test Accuracy: 0.2265
Std Test AUC: 0.0833

--- Round 172/500 ---
Averaged Train Loss: 1.5929
Averaged Test Accuracy: 0.4185
Averaged Test AUC: 0.8333
Std Test Accuracy: 0.1854
Std Test AUC: 0.0674

--- Round 173/500 ---
Averaged Train Loss: 1.4944
Averaged Test Accuracy: 0.4432
Averaged Test AUC: 0.8476
Std Test Accuracy: 0.1345
Std Test AUC: 0.0441

--- Round 174/500 ---
Averaged Train Loss: 1.7159
Averaged Test Accuracy: 0.4021
Averaged Test AUC: 0.8199
Std Test Accuracy: 0.1750
Std Test AUC: 0.0743

--- Round 175/500 ---
Averaged Train Loss: 1.6566
Averaged Test Accuracy: 0.4203
Averaged Test AUC: 0.8303
Std Test Accuracy: 0.2153
Std Test AUC: 0.0877

--- Round 176/500 ---
Averaged Train Loss: 1.4983
Averaged Test Accuracy: 0.4464
Averaged Test AUC: 0.8458
Std Test Accuracy: 0.1161
Std Test AUC: 0.0425

--- Round 177/500 ---
Averaged Train Loss: 1.5321
Averaged Test Accuracy: 0.4397
Averaged Test AUC: 0.8439
Std Test Accuracy: 0.1829
Std Test AUC: 0.0589

--- Round 178/500 ---
Averaged Train Loss: 1.6479
Averaged Test Accuracy: 0.4025
Averaged Test AUC: 0.8299
Std Test Accuracy: 0.2108
Std Test AUC: 0.0835

--- Round 179/500 ---
Averaged Train Loss: 1.5929
Averaged Test Accuracy: 0.4216
Averaged Test AUC: 0.8359
Std Test Accuracy: 0.1637
Std Test AUC: 0.0550

--- Round 180/500 ---
Averaged Train Loss: 1.6340
Averaged Test Accuracy: 0.4147
Averaged Test AUC: 0.8267
Std Test Accuracy: 0.1777
Std Test AUC: 0.0730

--- Round 181/500 ---
Averaged Train Loss: 1.4935
Averaged Test Accuracy: 0.4542
Averaged Test AUC: 0.8481
Std Test Accuracy: 0.1788
Std Test AUC: 0.0611

--- Round 182/500 ---
Averaged Train Loss: 1.5269
Averaged Test Accuracy: 0.4322
Averaged Test AUC: 0.8430
Std Test Accuracy: 0.1299
Std Test AUC: 0.0422

--- Round 183/500 ---
Averaged Train Loss: 1.4966
Averaged Test Accuracy: 0.4515
Averaged Test AUC: 0.8455
Std Test Accuracy: 0.1731
Std Test AUC: 0.0683

--- Round 184/500 ---
Averaged Train Loss: 1.4862
Averaged Test Accuracy: 0.4567
Averaged Test AUC: 0.8457
Std Test Accuracy: 0.1305
Std Test AUC: 0.0448

--- Round 185/500 ---
Averaged Train Loss: 1.5384
Averaged Test Accuracy: 0.4419
Averaged Test AUC: 0.8459
Std Test Accuracy: 0.1816
Std Test AUC: 0.0598

--- Round 186/500 ---
Averaged Train Loss: 1.6743
Averaged Test Accuracy: 0.4107
Averaged Test AUC: 0.8229
Std Test Accuracy: 0.1781
Std Test AUC: 0.0786

--- Round 187/500 ---
Averaged Train Loss: 1.5764
Averaged Test Accuracy: 0.4298
Averaged Test AUC: 0.8388
Std Test Accuracy: 0.1702
Std Test AUC: 0.0606

--- Round 188/500 ---
Averaged Train Loss: 1.4856
Averaged Test Accuracy: 0.4552
Averaged Test AUC: 0.8478
Std Test Accuracy: 0.1449
Std Test AUC: 0.0436

--- Round 189/500 ---
Averaged Train Loss: 1.6138
Averaged Test Accuracy: 0.4120
Averaged Test AUC: 0.8332
Std Test Accuracy: 0.1843
Std Test AUC: 0.0722

--- Round 190/500 ---
Averaged Train Loss: 1.5493
Averaged Test Accuracy: 0.4196
Averaged Test AUC: 0.8448
Std Test Accuracy: 0.1784
Std Test AUC: 0.0487

--- Round 191/500 ---
Averaged Train Loss: 1.4828
Averaged Test Accuracy: 0.4624
Averaged Test AUC: 0.8490
Std Test Accuracy: 0.1775
Std Test AUC: 0.0590

--- Round 192/500 ---
Averaged Train Loss: 1.6308
Averaged Test Accuracy: 0.4081
Averaged Test AUC: 0.8321
Std Test Accuracy: 0.1547
Std Test AUC: 0.0603

--- Round 193/500 ---
Averaged Train Loss: 1.4762
Averaged Test Accuracy: 0.4638
Averaged Test AUC: 0.8474
Std Test Accuracy: 0.1320
Std Test AUC: 0.0497

--- Round 194/500 ---
Averaged Train Loss: 1.4798
Averaged Test Accuracy: 0.4505
Averaged Test AUC: 0.8485
Std Test Accuracy: 0.1339
Std Test AUC: 0.0453

--- Round 195/500 ---
Averaged Train Loss: 1.5440
Averaged Test Accuracy: 0.4392
Averaged Test AUC: 0.8458
Std Test Accuracy: 0.1879
Std Test AUC: 0.0604

--- Round 196/500 ---
Averaged Train Loss: 1.4812
Averaged Test Accuracy: 0.4560
Averaged Test AUC: 0.8475
Std Test Accuracy: 0.1180
Std Test AUC: 0.0448

--- Round 197/500 ---
Averaged Train Loss: 1.4858
Averaged Test Accuracy: 0.4705
Averaged Test AUC: 0.8466
Std Test Accuracy: 0.1811
Std Test AUC: 0.0669

--- Round 198/500 ---
Averaged Train Loss: 1.7583
Averaged Test Accuracy: 0.3779
Averaged Test AUC: 0.8209
Std Test Accuracy: 0.1695
Std Test AUC: 0.0684

--- Round 199/500 ---
Averaged Train Loss: 1.5226
Averaged Test Accuracy: 0.4503
Averaged Test AUC: 0.8430
Std Test Accuracy: 0.1701
Std Test AUC: 0.0593

--- Round 200/500 ---
Averaged Train Loss: 1.4662
Averaged Test Accuracy: 0.4643
Averaged Test AUC: 0.8508
Std Test Accuracy: 0.1448
Std Test AUC: 0.0495

--- Round 201/500 ---
Averaged Train Loss: 1.5478
Averaged Test Accuracy: 0.4357
Averaged Test AUC: 0.8447
Std Test Accuracy: 0.1887
Std Test AUC: 0.0593

--- Round 202/500 ---
Averaged Train Loss: 1.4546
Averaged Test Accuracy: 0.4709
Averaged Test AUC: 0.8540
Std Test Accuracy: 0.1627
Std Test AUC: 0.0478

--- Round 203/500 ---
Averaged Train Loss: 1.4809
Averaged Test Accuracy: 0.4582
Averaged Test AUC: 0.8471
Std Test Accuracy: 0.1618
Std Test AUC: 0.0582

--- Round 204/500 ---
Averaged Train Loss: 1.4720
Averaged Test Accuracy: 0.4637
Averaged Test AUC: 0.8514
Std Test Accuracy: 0.1609
Std Test AUC: 0.0479

--- Round 205/500 ---
Averaged Train Loss: 1.6524
Averaged Test Accuracy: 0.3914
Averaged Test AUC: 0.8344
Std Test Accuracy: 0.2129
Std Test AUC: 0.0654

--- Round 206/500 ---
Averaged Train Loss: 1.4737
Averaged Test Accuracy: 0.4687
Averaged Test AUC: 0.8506
Std Test Accuracy: 0.1608
Std Test AUC: 0.0576

--- Round 207/500 ---
Averaged Train Loss: 1.5099
Averaged Test Accuracy: 0.4518
Averaged Test AUC: 0.8438
Std Test Accuracy: 0.1689
Std Test AUC: 0.0660

--- Round 208/500 ---
Averaged Train Loss: 1.5163
Averaged Test Accuracy: 0.4495
Averaged Test AUC: 0.8413
Std Test Accuracy: 0.1329
Std Test AUC: 0.0546

--- Round 209/500 ---
Averaged Train Loss: 1.5187
Averaged Test Accuracy: 0.4506
Averaged Test AUC: 0.8457
Std Test Accuracy: 0.1788
Std Test AUC: 0.0639

--- Round 210/500 ---
Averaged Train Loss: 1.7274
Averaged Test Accuracy: 0.4085
Averaged Test AUC: 0.8207
Std Test Accuracy: 0.1753
Std Test AUC: 0.0742

--- Round 211/500 ---
Averaged Train Loss: 1.5709
Averaged Test Accuracy: 0.4375
Averaged Test AUC: 0.8393
Std Test Accuracy: 0.1673
Std Test AUC: 0.0580

--- Round 212/500 ---
Averaged Train Loss: 1.4593
Averaged Test Accuracy: 0.4641
Averaged Test AUC: 0.8511
Std Test Accuracy: 0.1462
Std Test AUC: 0.0417

--- Round 213/500 ---
Averaged Train Loss: 1.5655
Averaged Test Accuracy: 0.4240
Averaged Test AUC: 0.8460
Std Test Accuracy: 0.2093
Std Test AUC: 0.0602

--- Round 214/500 ---
Averaged Train Loss: 1.4677
Averaged Test Accuracy: 0.4651
Averaged Test AUC: 0.8481
Std Test Accuracy: 0.1271
Std Test AUC: 0.0448

--- Round 215/500 ---
Averaged Train Loss: 1.5280
Averaged Test Accuracy: 0.4499
Averaged Test AUC: 0.8456
Std Test Accuracy: 0.1845
Std Test AUC: 0.0653

--- Round 216/500 ---
Averaged Train Loss: 1.7287
Averaged Test Accuracy: 0.4069
Averaged Test AUC: 0.8214
Std Test Accuracy: 0.1725
Std Test AUC: 0.0756

--- Round 217/500 ---
Averaged Train Loss: 1.5615
Averaged Test Accuracy: 0.4375
Averaged Test AUC: 0.8418
Std Test Accuracy: 0.1652
Std Test AUC: 0.0566

--- Round 218/500 ---
Averaged Train Loss: 1.4448
Averaged Test Accuracy: 0.4723
Averaged Test AUC: 0.8528
Std Test Accuracy: 0.1533
Std Test AUC: 0.0456

--- Round 219/500 ---
Averaged Train Loss: 1.5602
Averaged Test Accuracy: 0.4234
Averaged Test AUC: 0.8475
Std Test Accuracy: 0.2050
Std Test AUC: 0.0573

--- Round 220/500 ---
Averaged Train Loss: 1.5155
Averaged Test Accuracy: 0.4500
Averaged Test AUC: 0.8430
Std Test Accuracy: 0.1320
Std Test AUC: 0.0532

--- Round 221/500 ---
Averaged Train Loss: 1.5049
Averaged Test Accuracy: 0.4592
Averaged Test AUC: 0.8480
Std Test Accuracy: 0.1808
Std Test AUC: 0.0649

--- Round 222/500 ---
Averaged Train Loss: 1.7412
Averaged Test Accuracy: 0.3820
Averaged Test AUC: 0.8250
Std Test Accuracy: 0.1707
Std Test AUC: 0.0717

--- Round 223/500 ---
Averaged Train Loss: 1.4500
Averaged Test Accuracy: 0.4710
Averaged Test AUC: 0.8512
Std Test Accuracy: 0.1456
Std Test AUC: 0.0535

--- Round 224/500 ---
Averaged Train Loss: 1.4761
Averaged Test Accuracy: 0.4576
Averaged Test AUC: 0.8516
Std Test Accuracy: 0.1329
Std Test AUC: 0.0436

--- Round 225/500 ---
Averaged Train Loss: 1.5352
Averaged Test Accuracy: 0.4480
Averaged Test AUC: 0.8459
Std Test Accuracy: 0.1838
Std Test AUC: 0.0586

--- Round 226/500 ---
Averaged Train Loss: 1.4934
Averaged Test Accuracy: 0.4571
Averaged Test AUC: 0.8533
Std Test Accuracy: 0.1804
Std Test AUC: 0.0536

--- Round 227/500 ---
Averaged Train Loss: 1.4440
Averaged Test Accuracy: 0.4719
Averaged Test AUC: 0.8520
Std Test Accuracy: 0.1424
Std Test AUC: 0.0563

--- Round 228/500 ---
Averaged Train Loss: 1.5378
Averaged Test Accuracy: 0.4384
Averaged Test AUC: 0.8494
Std Test Accuracy: 0.1827
Std Test AUC: 0.0490

--- Round 229/500 ---
Averaged Train Loss: 1.7047
Averaged Test Accuracy: 0.3952
Averaged Test AUC: 0.8318
Std Test Accuracy: 0.2211
Std Test AUC: 0.0721

--- Round 230/500 ---
Averaged Train Loss: 1.5249
Averaged Test Accuracy: 0.4515
Averaged Test AUC: 0.8481
Std Test Accuracy: 0.1974
Std Test AUC: 0.0607

--- Round 231/500 ---
Averaged Train Loss: 1.4964
Averaged Test Accuracy: 0.4508
Averaged Test AUC: 0.8485
Std Test Accuracy: 0.1580
Std Test AUC: 0.0531

--- Round 232/500 ---
Averaged Train Loss: 1.5347
Averaged Test Accuracy: 0.4490
Averaged Test AUC: 0.8432
Std Test Accuracy: 0.1699
Std Test AUC: 0.0603

--- Round 233/500 ---
Averaged Train Loss: 1.4606
Averaged Test Accuracy: 0.4719
Averaged Test AUC: 0.8542
Std Test Accuracy: 0.1788
Std Test AUC: 0.0585

--- Round 234/500 ---
Averaged Train Loss: 1.6253
Averaged Test Accuracy: 0.4139
Averaged Test AUC: 0.8385
Std Test Accuracy: 0.1648
Std Test AUC: 0.0546

--- Round 235/500 ---
Averaged Train Loss: 1.6522
Averaged Test Accuracy: 0.4268
Averaged Test AUC: 0.8340
Std Test Accuracy: 0.1988
Std Test AUC: 0.0709

--- Round 236/500 ---
Averaged Train Loss: 1.4823
Averaged Test Accuracy: 0.4581
Averaged Test AUC: 0.8494
Std Test Accuracy: 0.1333
Std Test AUC: 0.0464

--- Round 237/500 ---
Averaged Train Loss: 1.4693
Averaged Test Accuracy: 0.4622
Averaged Test AUC: 0.8533
Std Test Accuracy: 0.1677
Std Test AUC: 0.0493

--- Round 238/500 ---
Averaged Train Loss: 1.4904
Averaged Test Accuracy: 0.4548
Averaged Test AUC: 0.8520
Std Test Accuracy: 0.1697
Std Test AUC: 0.0548

--- Round 239/500 ---
Averaged Train Loss: 1.4574
Averaged Test Accuracy: 0.4675
Averaged Test AUC: 0.8560
Std Test Accuracy: 0.1768
Std Test AUC: 0.0517

--- Round 240/500 ---
Averaged Train Loss: 1.4759
Averaged Test Accuracy: 0.4532
Averaged Test AUC: 0.8516
Std Test Accuracy: 0.1191
Std Test AUC: 0.0386

--- Round 241/500 ---
Averaged Train Loss: 1.4668
Averaged Test Accuracy: 0.4749
Averaged Test AUC: 0.8510
Std Test Accuracy: 0.1596
Std Test AUC: 0.0617

--- Round 242/500 ---
Averaged Train Loss: 1.5292
Averaged Test Accuracy: 0.4561
Averaged Test AUC: 0.8422
Std Test Accuracy: 0.1476
Std Test AUC: 0.0628

--- Round 243/500 ---
Averaged Train Loss: 1.4850
Averaged Test Accuracy: 0.4657
Averaged Test AUC: 0.8483
Std Test Accuracy: 0.1504
Std Test AUC: 0.0564

--- Round 244/500 ---
Averaged Train Loss: 1.5445
Averaged Test Accuracy: 0.4441
Averaged Test AUC: 0.8459
Std Test Accuracy: 0.1897
Std Test AUC: 0.0686

--- Round 245/500 ---
Averaged Train Loss: 1.4828
Averaged Test Accuracy: 0.4693
Averaged Test AUC: 0.8512
Std Test Accuracy: 0.1823
Std Test AUC: 0.0647

--- Round 246/500 ---
Averaged Train Loss: 1.5517
Averaged Test Accuracy: 0.4347
Averaged Test AUC: 0.8427
Std Test Accuracy: 0.1390
Std Test AUC: 0.0613

--- Round 247/500 ---
Averaged Train Loss: 1.4943
Averaged Test Accuracy: 0.4643
Averaged Test AUC: 0.8497
Std Test Accuracy: 0.1880
Std Test AUC: 0.0708

--- Round 248/500 ---
Averaged Train Loss: 1.6073
Averaged Test Accuracy: 0.4185
Averaged Test AUC: 0.8392
Std Test Accuracy: 0.1716
Std Test AUC: 0.0594

--- Round 249/500 ---
Averaged Train Loss: 1.4017
Averaged Test Accuracy: 0.4855
Averaged Test AUC: 0.8599
Std Test Accuracy: 0.1314
Std Test AUC: 0.0413

--- Round 250/500 ---
Averaged Train Loss: 1.5770
Averaged Test Accuracy: 0.4343
Averaged Test AUC: 0.8433
Std Test Accuracy: 0.2006
Std Test AUC: 0.0718

--- Round 251/500 ---
Averaged Train Loss: 1.5837
Averaged Test Accuracy: 0.4301
Averaged Test AUC: 0.8477
Std Test Accuracy: 0.1896
Std Test AUC: 0.0548

--- Round 252/500 ---
Averaged Train Loss: 1.5228
Averaged Test Accuracy: 0.4271
Averaged Test AUC: 0.8510
Std Test Accuracy: 0.1402
Std Test AUC: 0.0412

--- Round 253/500 ---
Averaged Train Loss: 1.5857
Averaged Test Accuracy: 0.4381
Averaged Test AUC: 0.8435
Std Test Accuracy: 0.2131
Std Test AUC: 0.0776

--- Round 254/500 ---
Averaged Train Loss: 1.4765
Averaged Test Accuracy: 0.4586
Averaged Test AUC: 0.8548
Std Test Accuracy: 0.1785
Std Test AUC: 0.0506

--- Round 255/500 ---
Averaged Train Loss: 1.4529
Averaged Test Accuracy: 0.4651
Averaged Test AUC: 0.8519
Std Test Accuracy: 0.1218
Std Test AUC: 0.0451

--- Round 256/500 ---
Averaged Train Loss: 1.5055
Averaged Test Accuracy: 0.4580
Averaged Test AUC: 0.8517
Std Test Accuracy: 0.1856
Std Test AUC: 0.0587

--- Round 257/500 ---
Averaged Train Loss: 1.5793
Averaged Test Accuracy: 0.4268
Averaged Test AUC: 0.8425
Std Test Accuracy: 0.1870
Std Test AUC: 0.0710

--- Round 258/500 ---
Averaged Train Loss: 1.5262
Averaged Test Accuracy: 0.4456
Averaged Test AUC: 0.8521
Std Test Accuracy: 0.1909
Std Test AUC: 0.0556

--- Round 259/500 ---
Averaged Train Loss: 1.5890
Averaged Test Accuracy: 0.4238
Averaged Test AUC: 0.8407
Std Test Accuracy: 0.2072
Std Test AUC: 0.0712

--- Round 260/500 ---
Averaged Train Loss: 1.6242
Averaged Test Accuracy: 0.4117
Averaged Test AUC: 0.8451
Std Test Accuracy: 0.2151
Std Test AUC: 0.0606

--- Round 261/500 ---
Averaged Train Loss: 1.5566
Averaged Test Accuracy: 0.4302
Averaged Test AUC: 0.8483
Std Test Accuracy: 0.2019
Std Test AUC: 0.0559

--- Round 262/500 ---
Averaged Train Loss: 1.3771
Averaged Test Accuracy: 0.4940
Averaged Test AUC: 0.8636
Std Test Accuracy: 0.1166
Std Test AUC: 0.0391

--- Round 263/500 ---
Averaged Train Loss: 1.4155
Averaged Test Accuracy: 0.4830
Averaged Test AUC: 0.8598
Std Test Accuracy: 0.1725
Std Test AUC: 0.0522

--- Round 264/500 ---
Averaged Train Loss: 1.4455
Averaged Test Accuracy: 0.4623
Averaged Test AUC: 0.8562
Std Test Accuracy: 0.1478
Std Test AUC: 0.0403

--- Round 265/500 ---
Averaged Train Loss: 1.4086
Averaged Test Accuracy: 0.4845
Averaged Test AUC: 0.8586
Std Test Accuracy: 0.1589
Std Test AUC: 0.0464

--- Round 266/500 ---
Averaged Train Loss: 1.4890
Averaged Test Accuracy: 0.4605
Averaged Test AUC: 0.8509
Std Test Accuracy: 0.1465
Std Test AUC: 0.0535

--- Round 267/500 ---
Averaged Train Loss: 1.4665
Averaged Test Accuracy: 0.4715
Averaged Test AUC: 0.8541
Std Test Accuracy: 0.1844
Std Test AUC: 0.0538

--- Round 268/500 ---
Averaged Train Loss: 1.4526
Averaged Test Accuracy: 0.4645
Averaged Test AUC: 0.8550
Std Test Accuracy: 0.1394
Std Test AUC: 0.0479

--- Round 269/500 ---
Averaged Train Loss: 1.6542
Averaged Test Accuracy: 0.4117
Averaged Test AUC: 0.8433
Std Test Accuracy: 0.2189
Std Test AUC: 0.0636

--- Round 270/500 ---
Averaged Train Loss: 1.5933
Averaged Test Accuracy: 0.4290
Averaged Test AUC: 0.8430
Std Test Accuracy: 0.2019
Std Test AUC: 0.0661

--- Round 271/500 ---
Averaged Train Loss: 1.3970
Averaged Test Accuracy: 0.4918
Averaged Test AUC: 0.8629
Std Test Accuracy: 0.1807
Std Test AUC: 0.0531

--- Round 272/500 ---
Averaged Train Loss: 1.4930
Averaged Test Accuracy: 0.4526
Averaged Test AUC: 0.8487
Std Test Accuracy: 0.1798
Std Test AUC: 0.0689

--- Round 273/500 ---
Averaged Train Loss: 1.6044
Averaged Test Accuracy: 0.4245
Averaged Test AUC: 0.8450
Std Test Accuracy: 0.2048
Std Test AUC: 0.0620

--- Round 274/500 ---
Averaged Train Loss: 1.5624
Averaged Test Accuracy: 0.4477
Averaged Test AUC: 0.8442
Std Test Accuracy: 0.2026
Std Test AUC: 0.0783

--- Round 275/500 ---
Averaged Train Loss: 1.6495
Averaged Test Accuracy: 0.4073
Averaged Test AUC: 0.8405
Std Test Accuracy: 0.1919
Std Test AUC: 0.0619

--- Round 276/500 ---
Averaged Train Loss: 1.4990
Averaged Test Accuracy: 0.4546
Averaged Test AUC: 0.8553
Std Test Accuracy: 0.1980
Std Test AUC: 0.0518

--- Round 277/500 ---
Averaged Train Loss: 1.3843
Averaged Test Accuracy: 0.4926
Averaged Test AUC: 0.8608
Std Test Accuracy: 0.1394
Std Test AUC: 0.0501

--- Round 278/500 ---
Averaged Train Loss: 1.4370
Averaged Test Accuracy: 0.4768
Averaged Test AUC: 0.8569
Std Test Accuracy: 0.1677
Std Test AUC: 0.0534

--- Round 279/500 ---
Averaged Train Loss: 1.5369
Averaged Test Accuracy: 0.4462
Averaged Test AUC: 0.8467
Std Test Accuracy: 0.1774
Std Test AUC: 0.0525

--- Round 280/500 ---
Averaged Train Loss: 1.4059
Averaged Test Accuracy: 0.4864
Averaged Test AUC: 0.8606
Std Test Accuracy: 0.1592
Std Test AUC: 0.0540

--- Round 281/500 ---
Averaged Train Loss: 1.4041
Averaged Test Accuracy: 0.4885
Averaged Test AUC: 0.8635
Std Test Accuracy: 0.1814
Std Test AUC: 0.0497

--- Round 282/500 ---
Averaged Train Loss: 1.5156
Averaged Test Accuracy: 0.4529
Averaged Test AUC: 0.8464
Std Test Accuracy: 0.1714
Std Test AUC: 0.0624

--- Round 283/500 ---
Averaged Train Loss: 1.3529
Averaged Test Accuracy: 0.5033
Averaged Test AUC: 0.8665
Std Test Accuracy: 0.1398
Std Test AUC: 0.0420

--- Round 284/500 ---
Averaged Train Loss: 1.3540
Averaged Test Accuracy: 0.5047
Averaged Test AUC: 0.8665
Std Test Accuracy: 0.1440
Std Test AUC: 0.0392

--- Round 285/500 ---
Averaged Train Loss: 1.4974
Averaged Test Accuracy: 0.4464
Averaged Test AUC: 0.8512
Std Test Accuracy: 0.1613
Std Test AUC: 0.0488

--- Round 286/500 ---
Averaged Train Loss: 1.3722
Averaged Test Accuracy: 0.4966
Averaged Test AUC: 0.8614
Std Test Accuracy: 0.1505
Std Test AUC: 0.0568

--- Round 287/500 ---
Averaged Train Loss: 1.4241
Averaged Test Accuracy: 0.4782
Averaged Test AUC: 0.8580
Std Test Accuracy: 0.1338
Std Test AUC: 0.0467

--- Round 288/500 ---
Averaged Train Loss: 1.4033
Averaged Test Accuracy: 0.4861
Averaged Test AUC: 0.8615
Std Test Accuracy: 0.1690
Std Test AUC: 0.0453

--- Round 289/500 ---
Averaged Train Loss: 1.4545
Averaged Test Accuracy: 0.4655
Averaged Test AUC: 0.8547
Std Test Accuracy: 0.1556
Std Test AUC: 0.0551

--- Round 290/500 ---
Averaged Train Loss: 1.4954
Averaged Test Accuracy: 0.4602
Averaged Test AUC: 0.8508
Std Test Accuracy: 0.1758
Std Test AUC: 0.0540

--- Round 291/500 ---
Averaged Train Loss: 1.5749
Averaged Test Accuracy: 0.4320
Averaged Test AUC: 0.8446
Std Test Accuracy: 0.2016
Std Test AUC: 0.0630

--- Round 292/500 ---
Averaged Train Loss: 1.3904
Averaged Test Accuracy: 0.4941
Averaged Test AUC: 0.8615
Std Test Accuracy: 0.1728
Std Test AUC: 0.0596

--- Round 293/500 ---
Averaged Train Loss: 1.4284
Averaged Test Accuracy: 0.4800
Averaged Test AUC: 0.8578
Std Test Accuracy: 0.1406
Std Test AUC: 0.0503

--- Round 294/500 ---
Averaged Train Loss: 1.4115
Averaged Test Accuracy: 0.4848
Averaged Test AUC: 0.8591
Std Test Accuracy: 0.1711
Std Test AUC: 0.0500

--- Round 295/500 ---
Averaged Train Loss: 1.4140
Averaged Test Accuracy: 0.4863
Averaged Test AUC: 0.8611
Std Test Accuracy: 0.1803
Std Test AUC: 0.0578

--- Round 296/500 ---
Averaged Train Loss: 1.4638
Averaged Test Accuracy: 0.4702
Averaged Test AUC: 0.8513
Std Test Accuracy: 0.1728
Std Test AUC: 0.0617

--- Round 297/500 ---
Averaged Train Loss: 1.4120
Averaged Test Accuracy: 0.4854
Averaged Test AUC: 0.8589
Std Test Accuracy: 0.1625
Std Test AUC: 0.0495

--- Round 298/500 ---
Averaged Train Loss: 1.3599
Averaged Test Accuracy: 0.5063
Averaged Test AUC: 0.8644
Std Test Accuracy: 0.1667
Std Test AUC: 0.0581

--- Round 299/500 ---
Averaged Train Loss: 1.4194
Averaged Test Accuracy: 0.4797
Averaged Test AUC: 0.8580
Std Test Accuracy: 0.1483
Std Test AUC: 0.0483

--- Round 300/500 ---
Averaged Train Loss: 1.4418
Averaged Test Accuracy: 0.4720
Averaged Test AUC: 0.8573
Std Test Accuracy: 0.1807
Std Test AUC: 0.0516

--- Round 301/500 ---
Averaged Train Loss: 1.5261
Averaged Test Accuracy: 0.4454
Averaged Test AUC: 0.8505
Std Test Accuracy: 0.1745
Std Test AUC: 0.0612

--- Round 302/500 ---
Averaged Train Loss: 1.4286
Averaged Test Accuracy: 0.4810
Averaged Test AUC: 0.8567
Std Test Accuracy: 0.1700
Std Test AUC: 0.0518

--- Round 303/500 ---
Averaged Train Loss: 1.4528
Averaged Test Accuracy: 0.4656
Averaged Test AUC: 0.8575
Std Test Accuracy: 0.1554
Std Test AUC: 0.0424

--- Round 304/500 ---
Averaged Train Loss: 1.3422
Averaged Test Accuracy: 0.5096
Averaged Test AUC: 0.8669
Std Test Accuracy: 0.1467
Std Test AUC: 0.0493

--- Round 305/500 ---
Averaged Train Loss: 1.4650
Averaged Test Accuracy: 0.4673
Averaged Test AUC: 0.8527
Std Test Accuracy: 0.1582
Std Test AUC: 0.0543

--- Round 306/500 ---
Averaged Train Loss: 1.4178
Averaged Test Accuracy: 0.4793
Averaged Test AUC: 0.8593
Std Test Accuracy: 0.1701
Std Test AUC: 0.0468

--- Round 307/500 ---
Averaged Train Loss: 1.4427
Averaged Test Accuracy: 0.4736
Averaged Test AUC: 0.8564
Std Test Accuracy: 0.1448
Std Test AUC: 0.0552

--- Round 308/500 ---
Averaged Train Loss: 1.4228
Averaged Test Accuracy: 0.4840
Averaged Test AUC: 0.8577
Std Test Accuracy: 0.1639
Std Test AUC: 0.0515

--- Round 309/500 ---
Averaged Train Loss: 1.4679
Averaged Test Accuracy: 0.4575
Averaged Test AUC: 0.8550
Std Test Accuracy: 0.1590
Std Test AUC: 0.0441

--- Round 310/500 ---
Averaged Train Loss: 1.3368
Averaged Test Accuracy: 0.5106
Averaged Test AUC: 0.8680
Std Test Accuracy: 0.1552
Std Test AUC: 0.0480

--- Round 311/500 ---
Averaged Train Loss: 1.4402
Averaged Test Accuracy: 0.4782
Averaged Test AUC: 0.8550
Std Test Accuracy: 0.1565
Std Test AUC: 0.0545

--- Round 312/500 ---
Averaged Train Loss: 1.4436
Averaged Test Accuracy: 0.4735
Averaged Test AUC: 0.8580
Std Test Accuracy: 0.1845
Std Test AUC: 0.0519

--- Round 313/500 ---
Averaged Train Loss: 1.5283
Averaged Test Accuracy: 0.4522
Averaged Test AUC: 0.8522
Std Test Accuracy: 0.2082
Std Test AUC: 0.0665

--- Round 314/500 ---
Averaged Train Loss: 1.3771
Averaged Test Accuracy: 0.4931
Averaged Test AUC: 0.8635
Std Test Accuracy: 0.1425
Std Test AUC: 0.0402

--- Round 315/500 ---
Averaged Train Loss: 1.4871
Averaged Test Accuracy: 0.4621
Averaged Test AUC: 0.8534
Std Test Accuracy: 0.2040
Std Test AUC: 0.0607

--- Round 316/500 ---
Averaged Train Loss: 1.4057
Averaged Test Accuracy: 0.4866
Averaged Test AUC: 0.8624
Std Test Accuracy: 0.1714
Std Test AUC: 0.0538

--- Round 317/500 ---
Averaged Train Loss: 1.3681
Averaged Test Accuracy: 0.4918
Averaged Test AUC: 0.8647
Std Test Accuracy: 0.1225
Std Test AUC: 0.0406

--- Round 318/500 ---
Averaged Train Loss: 1.5491
Averaged Test Accuracy: 0.4400
Averaged Test AUC: 0.8493
Std Test Accuracy: 0.2206
Std Test AUC: 0.0597

--- Round 319/500 ---
Averaged Train Loss: 1.4511
Averaged Test Accuracy: 0.4687
Averaged Test AUC: 0.8578
Std Test Accuracy: 0.1834
Std Test AUC: 0.0572

--- Round 320/500 ---
Averaged Train Loss: 1.4167
Averaged Test Accuracy: 0.4765
Averaged Test AUC: 0.8590
Std Test Accuracy: 0.1494
Std Test AUC: 0.0474

--- Round 321/500 ---
Averaged Train Loss: 1.3329
Averaged Test Accuracy: 0.5092
Averaged Test AUC: 0.8686
Std Test Accuracy: 0.1225
Std Test AUC: 0.0366

--- Round 322/500 ---
Averaged Train Loss: 1.3763
Averaged Test Accuracy: 0.4921
Averaged Test AUC: 0.8640
Std Test Accuracy: 0.1293
Std Test AUC: 0.0442

--- Round 323/500 ---
Averaged Train Loss: 1.3305
Averaged Test Accuracy: 0.5103
Averaged Test AUC: 0.8677
Std Test Accuracy: 0.1585
Std Test AUC: 0.0475

--- Round 324/500 ---
Averaged Train Loss: 1.3301
Averaged Test Accuracy: 0.5059
Averaged Test AUC: 0.8685
Std Test Accuracy: 0.1204
Std Test AUC: 0.0403

--- Round 325/500 ---
Averaged Train Loss: 1.3617
Averaged Test Accuracy: 0.4901
Averaged Test AUC: 0.8666
Std Test Accuracy: 0.1422
Std Test AUC: 0.0403

--- Round 326/500 ---
Averaged Train Loss: 1.3053
Averaged Test Accuracy: 0.5130
Averaged Test AUC: 0.8710
Std Test Accuracy: 0.1202
Std Test AUC: 0.0382

--- Round 327/500 ---
Averaged Train Loss: 1.3167
Averaged Test Accuracy: 0.5104
Averaged Test AUC: 0.8696
Std Test Accuracy: 0.1426
Std Test AUC: 0.0469

--- Round 328/500 ---
Averaged Train Loss: 1.3790
Averaged Test Accuracy: 0.4868
Averaged Test AUC: 0.8620
Std Test Accuracy: 0.1788
Std Test AUC: 0.0551

--- Round 329/500 ---
Averaged Train Loss: 1.3615
Averaged Test Accuracy: 0.4973
Averaged Test AUC: 0.8676
Std Test Accuracy: 0.1697
Std Test AUC: 0.0468

--- Round 330/500 ---
Averaged Train Loss: 1.3111
Averaged Test Accuracy: 0.5175
Averaged Test AUC: 0.8715
Std Test Accuracy: 0.1294
Std Test AUC: 0.0368

--- Round 331/500 ---
Averaged Train Loss: 1.3882
Averaged Test Accuracy: 0.4887
Averaged Test AUC: 0.8643
Std Test Accuracy: 0.1491
Std Test AUC: 0.0453

--- Round 332/500 ---
Averaged Train Loss: 1.3148
Averaged Test Accuracy: 0.5122
Averaged Test AUC: 0.8685
Std Test Accuracy: 0.1329
Std Test AUC: 0.0425

--- Round 333/500 ---
Averaged Train Loss: 1.3048
Averaged Test Accuracy: 0.5158
Averaged Test AUC: 0.8725
Std Test Accuracy: 0.1406
Std Test AUC: 0.0383

--- Round 334/500 ---
Averaged Train Loss: 1.3617
Averaged Test Accuracy: 0.4937
Averaged Test AUC: 0.8662
Std Test Accuracy: 0.1855
Std Test AUC: 0.0548

--- Round 335/500 ---
Averaged Train Loss: 1.3280
Averaged Test Accuracy: 0.5074
Averaged Test AUC: 0.8686
Std Test Accuracy: 0.1462
Std Test AUC: 0.0450

--- Round 336/500 ---
Averaged Train Loss: 1.3298
Averaged Test Accuracy: 0.5045
Averaged Test AUC: 0.8699
Std Test Accuracy: 0.1631
Std Test AUC: 0.0444

--- Round 337/500 ---
Averaged Train Loss: 1.3179
Averaged Test Accuracy: 0.5101
Averaged Test AUC: 0.8708
Std Test Accuracy: 0.1461
Std Test AUC: 0.0428

--- Round 338/500 ---
Averaged Train Loss: 1.3071
Averaged Test Accuracy: 0.5137
Averaged Test AUC: 0.8704
Std Test Accuracy: 0.1190
Std Test AUC: 0.0366

--- Round 339/500 ---
Averaged Train Loss: 1.3315
Averaged Test Accuracy: 0.5061
Averaged Test AUC: 0.8678
Std Test Accuracy: 0.1540
Std Test AUC: 0.0459

--- Round 340/500 ---
Averaged Train Loss: 1.3246
Averaged Test Accuracy: 0.5089
Averaged Test AUC: 0.8692
Std Test Accuracy: 0.1507
Std Test AUC: 0.0429

--- Round 341/500 ---
Averaged Train Loss: 1.2908
Averaged Test Accuracy: 0.5202
Averaged Test AUC: 0.8726
Std Test Accuracy: 0.1193
Std Test AUC: 0.0356

--- Round 342/500 ---
Averaged Train Loss: 1.3041
Averaged Test Accuracy: 0.5160
Averaged Test AUC: 0.8734
Std Test Accuracy: 0.1411
Std Test AUC: 0.0382

--- Round 343/500 ---
Averaged Train Loss: 1.2892
Averaged Test Accuracy: 0.5228
Averaged Test AUC: 0.8717
Std Test Accuracy: 0.1324
Std Test AUC: 0.0390

--- Round 344/500 ---
Averaged Train Loss: 1.3320
Averaged Test Accuracy: 0.5072
Averaged Test AUC: 0.8659
Std Test Accuracy: 0.1602
Std Test AUC: 0.0510

--- Round 345/500 ---
Averaged Train Loss: 1.3100
Averaged Test Accuracy: 0.5138
Averaged Test AUC: 0.8714
Std Test Accuracy: 0.1205
Std Test AUC: 0.0327

--- Round 346/500 ---
Averaged Train Loss: 1.3269
Averaged Test Accuracy: 0.5078
Averaged Test AUC: 0.8698
Std Test Accuracy: 0.1703
Std Test AUC: 0.0498

--- Round 347/500 ---
Averaged Train Loss: 1.3154
Averaged Test Accuracy: 0.5116
Averaged Test AUC: 0.8707
Std Test Accuracy: 0.1656
Std Test AUC: 0.0503

--- Round 348/500 ---
Averaged Train Loss: 1.3137
Averaged Test Accuracy: 0.5084
Averaged Test AUC: 0.8691
Std Test Accuracy: 0.1208
Std Test AUC: 0.0359

--- Round 349/500 ---
Averaged Train Loss: 1.2957
Averaged Test Accuracy: 0.5149
Averaged Test AUC: 0.8731
Std Test Accuracy: 0.1241
Std Test AUC: 0.0350

--- Round 350/500 ---
Averaged Train Loss: 1.2724
Averaged Test Accuracy: 0.5291
Averaged Test AUC: 0.8748
Std Test Accuracy: 0.1265
Std Test AUC: 0.0376

--- Round 351/500 ---
Averaged Train Loss: 1.2733
Averaged Test Accuracy: 0.5324
Averaged Test AUC: 0.8744
Std Test Accuracy: 0.1342
Std Test AUC: 0.0415

--- Round 352/500 ---
Averaged Train Loss: 1.3498
Averaged Test Accuracy: 0.4962
Averaged Test AUC: 0.8674
Std Test Accuracy: 0.1584
Std Test AUC: 0.0538

--- Round 353/500 ---
Averaged Train Loss: 1.2798
Averaged Test Accuracy: 0.5260
Averaged Test AUC: 0.8758
Std Test Accuracy: 0.1203
Std Test AUC: 0.0330

--- Round 354/500 ---
Averaged Train Loss: 1.3216
Averaged Test Accuracy: 0.5080
Averaged Test AUC: 0.8686
Std Test Accuracy: 0.1291
Std Test AUC: 0.0371

--- Round 355/500 ---
Averaged Train Loss: 1.4344
Averaged Test Accuracy: 0.4731
Averaged Test AUC: 0.8649
Std Test Accuracy: 0.1929
Std Test AUC: 0.0462

--- Round 356/500 ---
Averaged Train Loss: 1.3046
Averaged Test Accuracy: 0.5162
Averaged Test AUC: 0.8703
Std Test Accuracy: 0.1512
Std Test AUC: 0.0536

--- Round 357/500 ---
Averaged Train Loss: 1.2872
Averaged Test Accuracy: 0.5208
Averaged Test AUC: 0.8742
Std Test Accuracy: 0.1461
Std Test AUC: 0.0420

--- Round 358/500 ---
Averaged Train Loss: 1.3339
Averaged Test Accuracy: 0.5077
Averaged Test AUC: 0.8678
Std Test Accuracy: 0.1611
Std Test AUC: 0.0466

--- Round 359/500 ---
Averaged Train Loss: 1.4044
Averaged Test Accuracy: 0.4817
Averaged Test AUC: 0.8626
Std Test Accuracy: 0.2165
Std Test AUC: 0.0650

--- Round 360/500 ---
Averaged Train Loss: 1.2875
Averaged Test Accuracy: 0.5218
Averaged Test AUC: 0.8739
Std Test Accuracy: 0.1466
Std Test AUC: 0.0417

--- Round 361/500 ---
Averaged Train Loss: 1.3543
Averaged Test Accuracy: 0.4983
Averaged Test AUC: 0.8668
Std Test Accuracy: 0.1542
Std Test AUC: 0.0478

--- Round 362/500 ---
Averaged Train Loss: 1.2558
Averaged Test Accuracy: 0.5349
Averaged Test AUC: 0.8760
Std Test Accuracy: 0.1299
Std Test AUC: 0.0385

--- Round 363/500 ---
Averaged Train Loss: 1.2872
Averaged Test Accuracy: 0.5210
Averaged Test AUC: 0.8732
Std Test Accuracy: 0.1327
Std Test AUC: 0.0365

--- Round 364/500 ---
Averaged Train Loss: 1.2905
Averaged Test Accuracy: 0.5230
Averaged Test AUC: 0.8732
Std Test Accuracy: 0.1293
Std Test AUC: 0.0398

--- Round 365/500 ---
Averaged Train Loss: 1.3205
Averaged Test Accuracy: 0.5158
Averaged Test AUC: 0.8667
Std Test Accuracy: 0.1705
Std Test AUC: 0.0601

--- Round 366/500 ---
Averaged Train Loss: 1.3183
Averaged Test Accuracy: 0.5149
Averaged Test AUC: 0.8695
Std Test Accuracy: 0.1748
Std Test AUC: 0.0587

--- Round 367/500 ---
Averaged Train Loss: 1.2802
Averaged Test Accuracy: 0.5223
Averaged Test AUC: 0.8733
Std Test Accuracy: 0.1400
Std Test AUC: 0.0399

--- Round 368/500 ---
Averaged Train Loss: 1.3254
Averaged Test Accuracy: 0.5136
Averaged Test AUC: 0.8697
Std Test Accuracy: 0.1400
Std Test AUC: 0.0460

--- Round 369/500 ---
Averaged Train Loss: 1.3472
Averaged Test Accuracy: 0.5046
Averaged Test AUC: 0.8686
Std Test Accuracy: 0.1593
Std Test AUC: 0.0502

--- Round 370/500 ---
Averaged Train Loss: 1.3138
Averaged Test Accuracy: 0.5107
Averaged Test AUC: 0.8711
Std Test Accuracy: 0.1655
Std Test AUC: 0.0471

--- Round 371/500 ---
Averaged Train Loss: 1.2729
Averaged Test Accuracy: 0.5256
Averaged Test AUC: 0.8745
Std Test Accuracy: 0.1257
Std Test AUC: 0.0341

--- Round 372/500 ---
Averaged Train Loss: 1.3696
Averaged Test Accuracy: 0.4905
Averaged Test AUC: 0.8660
Std Test Accuracy: 0.1951
Std Test AUC: 0.0564

--- Round 373/500 ---
Averaged Train Loss: 1.2751
Averaged Test Accuracy: 0.5289
Averaged Test AUC: 0.8735
Std Test Accuracy: 0.1452
Std Test AUC: 0.0467

--- Round 374/500 ---
Averaged Train Loss: 1.2646
Averaged Test Accuracy: 0.5322
Averaged Test AUC: 0.8752
Std Test Accuracy: 0.1341
Std Test AUC: 0.0386

--- Round 375/500 ---
Averaged Train Loss: 1.2949
Averaged Test Accuracy: 0.5193
Averaged Test AUC: 0.8731
Std Test Accuracy: 0.1630
Std Test AUC: 0.0448

--- Round 376/500 ---
Averaged Train Loss: 1.2926
Averaged Test Accuracy: 0.5219
Averaged Test AUC: 0.8727
Std Test Accuracy: 0.1486
Std Test AUC: 0.0467

--- Round 377/500 ---
Averaged Train Loss: 1.3229
Averaged Test Accuracy: 0.5092
Averaged Test AUC: 0.8705
Std Test Accuracy: 0.1845
Std Test AUC: 0.0498

--- Round 378/500 ---
Averaged Train Loss: 1.3539
Averaged Test Accuracy: 0.4987
Averaged Test AUC: 0.8642
Std Test Accuracy: 0.1803
Std Test AUC: 0.0601

--- Round 379/500 ---
Averaged Train Loss: 1.3753
Averaged Test Accuracy: 0.4873
Averaged Test AUC: 0.8684
Std Test Accuracy: 0.1734
Std Test AUC: 0.0475

--- Round 380/500 ---
Averaged Train Loss: 1.2896
Averaged Test Accuracy: 0.5212
Averaged Test AUC: 0.8745
Std Test Accuracy: 0.1388
Std Test AUC: 0.0385

--- Round 381/500 ---
Averaged Train Loss: 1.2897
Averaged Test Accuracy: 0.5204
Averaged Test AUC: 0.8724
Std Test Accuracy: 0.1584
Std Test AUC: 0.0487

--- Round 382/500 ---
Averaged Train Loss: 1.2720
Averaged Test Accuracy: 0.5261
Averaged Test AUC: 0.8730
Std Test Accuracy: 0.1167
Std Test AUC: 0.0371

--- Round 383/500 ---
Averaged Train Loss: 1.3142
Averaged Test Accuracy: 0.5085
Averaged Test AUC: 0.8717
Std Test Accuracy: 0.1710
Std Test AUC: 0.0455

--- Round 384/500 ---
Averaged Train Loss: 1.2703
Averaged Test Accuracy: 0.5239
Averaged Test AUC: 0.8760
Std Test Accuracy: 0.1400
Std Test AUC: 0.0373

--- Round 385/500 ---
Averaged Train Loss: 1.2964
Averaged Test Accuracy: 0.5174
Averaged Test AUC: 0.8710
Std Test Accuracy: 0.1459
Std Test AUC: 0.0434

--- Round 386/500 ---
Averaged Train Loss: 1.3258
Averaged Test Accuracy: 0.5094
Averaged Test AUC: 0.8671
Std Test Accuracy: 0.1601
Std Test AUC: 0.0510

--- Round 387/500 ---
Averaged Train Loss: 1.2853
Averaged Test Accuracy: 0.5251
Averaged Test AUC: 0.8739
Std Test Accuracy: 0.1510
Std Test AUC: 0.0492

--- Round 388/500 ---
Averaged Train Loss: 1.2495
Averaged Test Accuracy: 0.5331
Averaged Test AUC: 0.8773
Std Test Accuracy: 0.1034
Std Test AUC: 0.0289

--- Round 389/500 ---
Averaged Train Loss: 1.2970
Averaged Test Accuracy: 0.5174
Averaged Test AUC: 0.8726
Std Test Accuracy: 0.1666
Std Test AUC: 0.0474

--- Round 390/500 ---
Averaged Train Loss: 1.3277
Averaged Test Accuracy: 0.5027
Averaged Test AUC: 0.8707
Std Test Accuracy: 0.1587
Std Test AUC: 0.0409

--- Round 391/500 ---
Averaged Train Loss: 1.2415
Averaged Test Accuracy: 0.5400
Averaged Test AUC: 0.8775
Std Test Accuracy: 0.1297
Std Test AUC: 0.0382

--- Round 392/500 ---
Averaged Train Loss: 1.2798
Averaged Test Accuracy: 0.5233
Averaged Test AUC: 0.8760
Std Test Accuracy: 0.1528
Std Test AUC: 0.0439

--- Round 393/500 ---
Averaged Train Loss: 1.2647
Averaged Test Accuracy: 0.5276
Averaged Test AUC: 0.8763
Std Test Accuracy: 0.1318
Std Test AUC: 0.0358

--- Round 394/500 ---
Averaged Train Loss: 1.2728
Averaged Test Accuracy: 0.5270
Averaged Test AUC: 0.8731
Std Test Accuracy: 0.1167
Std Test AUC: 0.0360

--- Round 395/500 ---
Averaged Train Loss: 1.2664
Averaged Test Accuracy: 0.5287
Averaged Test AUC: 0.8742
Std Test Accuracy: 0.1301
Std Test AUC: 0.0374

--- Round 396/500 ---
Averaged Train Loss: 1.3298
Averaged Test Accuracy: 0.5018
Averaged Test AUC: 0.8711
Std Test Accuracy: 0.1867
Std Test AUC: 0.0498

--- Round 397/500 ---
Averaged Train Loss: 1.2959
Averaged Test Accuracy: 0.5188
Averaged Test AUC: 0.8699
Std Test Accuracy: 0.1370
Std Test AUC: 0.0443

--- Round 398/500 ---
Averaged Train Loss: 1.2408
Averaged Test Accuracy: 0.5387
Averaged Test AUC: 0.8787
Std Test Accuracy: 0.1298
Std Test AUC: 0.0359

--- Round 399/500 ---
Averaged Train Loss: 1.3213
Averaged Test Accuracy: 0.5080
Averaged Test AUC: 0.8728
Std Test Accuracy: 0.1767
Std Test AUC: 0.0499

--- Round 400/500 ---
Averaged Train Loss: 1.2997
Averaged Test Accuracy: 0.5106
Averaged Test AUC: 0.8717
Std Test Accuracy: 0.1416
Std Test AUC: 0.0410

--- Round 401/500 ---
Averaged Train Loss: 1.4257
Averaged Test Accuracy: 0.4719
Averaged Test AUC: 0.8627
Std Test Accuracy: 0.1855
Std Test AUC: 0.0552

--- Round 402/500 ---
Averaged Train Loss: 1.3039
Averaged Test Accuracy: 0.5126
Averaged Test AUC: 0.8726
Std Test Accuracy: 0.1826
Std Test AUC: 0.0514

--- Round 403/500 ---
Averaged Train Loss: 1.2736
Averaged Test Accuracy: 0.5265
Averaged Test AUC: 0.8762
Std Test Accuracy: 0.1520
Std Test AUC: 0.0418

--- Round 404/500 ---
Averaged Train Loss: 1.3140
Averaged Test Accuracy: 0.5116
Averaged Test AUC: 0.8722
Std Test Accuracy: 0.1809
Std Test AUC: 0.0500

--- Round 405/500 ---
Averaged Train Loss: 1.3128
Averaged Test Accuracy: 0.5086
Averaged Test AUC: 0.8709
Std Test Accuracy: 0.1620
Std Test AUC: 0.0435

--- Round 406/500 ---
Averaged Train Loss: 1.2618
Averaged Test Accuracy: 0.5327
Averaged Test AUC: 0.8755
Std Test Accuracy: 0.1377
Std Test AUC: 0.0392

--- Round 407/500 ---
Averaged Train Loss: 1.2788
Averaged Test Accuracy: 0.5210
Averaged Test AUC: 0.8747
Std Test Accuracy: 0.1507
Std Test AUC: 0.0399

--- Round 408/500 ---
Averaged Train Loss: 1.2647
Averaged Test Accuracy: 0.5303
Averaged Test AUC: 0.8768
Std Test Accuracy: 0.1201
Std Test AUC: 0.0346

--- Round 409/500 ---
Averaged Train Loss: 1.2676
Averaged Test Accuracy: 0.5281
Averaged Test AUC: 0.8765
Std Test Accuracy: 0.1508
Std Test AUC: 0.0429

--- Round 410/500 ---
Averaged Train Loss: 1.2554
Averaged Test Accuracy: 0.5329
Averaged Test AUC: 0.8769
Std Test Accuracy: 0.1258
Std Test AUC: 0.0357

--- Round 411/500 ---
Averaged Train Loss: 1.2759
Averaged Test Accuracy: 0.5270
Averaged Test AUC: 0.8763
Std Test Accuracy: 0.1501
Std Test AUC: 0.0372

--- Round 412/500 ---
Averaged Train Loss: 1.3536
Averaged Test Accuracy: 0.5029
Averaged Test AUC: 0.8696
Std Test Accuracy: 0.2122
Std Test AUC: 0.0598

--- Round 413/500 ---
Averaged Train Loss: 1.2691
Averaged Test Accuracy: 0.5289
Averaged Test AUC: 0.8749
Std Test Accuracy: 0.1692
Std Test AUC: 0.0499

--- Round 414/500 ---
Averaged Train Loss: 1.2428
Averaged Test Accuracy: 0.5394
Averaged Test AUC: 0.8771
Std Test Accuracy: 0.1233
Std Test AUC: 0.0350

--- Round 415/500 ---
Averaged Train Loss: 1.2459
Averaged Test Accuracy: 0.5361
Averaged Test AUC: 0.8784
Std Test Accuracy: 0.1148
Std Test AUC: 0.0322

--- Round 416/500 ---
Averaged Train Loss: 1.2867
Averaged Test Accuracy: 0.5206
Averaged Test AUC: 0.8735
Std Test Accuracy: 0.1672
Std Test AUC: 0.0460

--- Round 417/500 ---
Averaged Train Loss: 1.2835
Averaged Test Accuracy: 0.5223
Averaged Test AUC: 0.8763
Std Test Accuracy: 0.1482
Std Test AUC: 0.0408

--- Round 418/500 ---
Averaged Train Loss: 1.2514
Averaged Test Accuracy: 0.5328
Averaged Test AUC: 0.8766
Std Test Accuracy: 0.1287
Std Test AUC: 0.0419

--- Round 419/500 ---
Averaged Train Loss: 1.2459
Averaged Test Accuracy: 0.5362
Averaged Test AUC: 0.8764
Std Test Accuracy: 0.1193
Std Test AUC: 0.0363

--- Round 420/500 ---
Averaged Train Loss: 1.2873
Averaged Test Accuracy: 0.5210
Averaged Test AUC: 0.8745
Std Test Accuracy: 0.1654
Std Test AUC: 0.0482

--- Round 421/500 ---
Averaged Train Loss: 1.2968
Averaged Test Accuracy: 0.5103
Averaged Test AUC: 0.8723
Std Test Accuracy: 0.1328
Std Test AUC: 0.0351

--- Round 422/500 ---
Averaged Train Loss: 1.2440
Averaged Test Accuracy: 0.5363
Averaged Test AUC: 0.8777
Std Test Accuracy: 0.1092
Std Test AUC: 0.0282

--- Round 423/500 ---
Averaged Train Loss: 1.2817
Averaged Test Accuracy: 0.5249
Averaged Test AUC: 0.8752
Std Test Accuracy: 0.1435
Std Test AUC: 0.0375

--- Round 424/500 ---
Averaged Train Loss: 1.2799
Averaged Test Accuracy: 0.5275
Averaged Test AUC: 0.8742
Std Test Accuracy: 0.1587
Std Test AUC: 0.0523

--- Round 425/500 ---
Averaged Train Loss: 1.2313
Averaged Test Accuracy: 0.5419
Averaged Test AUC: 0.8781
Std Test Accuracy: 0.1430
Std Test AUC: 0.0404

--- Round 426/500 ---
Averaged Train Loss: 1.2700
Averaged Test Accuracy: 0.5241
Averaged Test AUC: 0.8755
Std Test Accuracy: 0.1509
Std Test AUC: 0.0418

--- Round 427/500 ---
Averaged Train Loss: 1.2969
Averaged Test Accuracy: 0.5184
Averaged Test AUC: 0.8738
Std Test Accuracy: 0.1678
Std Test AUC: 0.0438

--- Round 428/500 ---
Averaged Train Loss: 1.2861
Averaged Test Accuracy: 0.5292
Averaged Test AUC: 0.8750
Std Test Accuracy: 0.1799
Std Test AUC: 0.0549

--- Round 429/500 ---
Averaged Train Loss: 1.2903
Averaged Test Accuracy: 0.5194
Averaged Test AUC: 0.8755
Std Test Accuracy: 0.1766
Std Test AUC: 0.0487

--- Round 430/500 ---
Averaged Train Loss: 1.4316
Averaged Test Accuracy: 0.4719
Averaged Test AUC: 0.8634
Std Test Accuracy: 0.2038
Std Test AUC: 0.0623

--- Round 431/500 ---
Averaged Train Loss: 1.2850
Averaged Test Accuracy: 0.5224
Averaged Test AUC: 0.8770
Std Test Accuracy: 0.1341
Std Test AUC: 0.0330

--- Round 432/500 ---
Averaged Train Loss: 1.2676
Averaged Test Accuracy: 0.5278
Averaged Test AUC: 0.8751
Std Test Accuracy: 0.1518
Std Test AUC: 0.0499

--- Round 433/500 ---
Averaged Train Loss: 1.2760
Averaged Test Accuracy: 0.5236
Averaged Test AUC: 0.8778
Std Test Accuracy: 0.1499
Std Test AUC: 0.0400

--- Round 434/500 ---
Averaged Train Loss: 1.2231
Averaged Test Accuracy: 0.5424
Averaged Test AUC: 0.8802
Std Test Accuracy: 0.1263
Std Test AUC: 0.0343

--- Round 435/500 ---
Averaged Train Loss: 1.2822
Averaged Test Accuracy: 0.5241
Averaged Test AUC: 0.8738
Std Test Accuracy: 0.1754
Std Test AUC: 0.0591

--- Round 436/500 ---
Averaged Train Loss: 1.2414
Averaged Test Accuracy: 0.5365
Averaged Test AUC: 0.8787
Std Test Accuracy: 0.1446
Std Test AUC: 0.0441

--- Round 437/500 ---
Averaged Train Loss: 1.2712
Averaged Test Accuracy: 0.5243
Averaged Test AUC: 0.8776
Std Test Accuracy: 0.1508
Std Test AUC: 0.0389

--- Round 438/500 ---
Averaged Train Loss: 1.2875
Averaged Test Accuracy: 0.5212
Averaged Test AUC: 0.8731
Std Test Accuracy: 0.1444
Std Test AUC: 0.0461

--- Round 439/500 ---
Averaged Train Loss: 1.2810
Averaged Test Accuracy: 0.5220
Averaged Test AUC: 0.8763
Std Test Accuracy: 0.1717
Std Test AUC: 0.0493

--- Round 440/500 ---
Averaged Train Loss: 1.2802
Averaged Test Accuracy: 0.5232
Averaged Test AUC: 0.8754
Std Test Accuracy: 0.1872
Std Test AUC: 0.0541

--- Round 441/500 ---
Averaged Train Loss: 1.2623
Averaged Test Accuracy: 0.5334
Averaged Test AUC: 0.8766
Std Test Accuracy: 0.1155
Std Test AUC: 0.0381

--- Round 442/500 ---
Averaged Train Loss: 1.2836
Averaged Test Accuracy: 0.5230
Averaged Test AUC: 0.8747
Std Test Accuracy: 0.1685
Std Test AUC: 0.0489

--- Round 443/500 ---
Averaged Train Loss: 1.2226
Averaged Test Accuracy: 0.5453
Averaged Test AUC: 0.8809
Std Test Accuracy: 0.1404
Std Test AUC: 0.0405

--- Round 444/500 ---
Averaged Train Loss: 1.2386
Averaged Test Accuracy: 0.5364
Averaged Test AUC: 0.8800
Std Test Accuracy: 0.1252
Std Test AUC: 0.0316

--- Round 445/500 ---
Averaged Train Loss: 1.2480
Averaged Test Accuracy: 0.5334
Averaged Test AUC: 0.8787
Std Test Accuracy: 0.1603
Std Test AUC: 0.0420

--- Round 446/500 ---
Averaged Train Loss: 1.3408
Averaged Test Accuracy: 0.5023
Averaged Test AUC: 0.8696
Std Test Accuracy: 0.1940
Std Test AUC: 0.0598

--- Round 447/500 ---
Averaged Train Loss: 1.2274
Averaged Test Accuracy: 0.5445
Averaged Test AUC: 0.8810
Std Test Accuracy: 0.1109
Std Test AUC: 0.0283

--- Round 448/500 ---
Averaged Train Loss: 1.2329
Averaged Test Accuracy: 0.5411
Averaged Test AUC: 0.8794
Std Test Accuracy: 0.1447
Std Test AUC: 0.0449

--- Round 449/500 ---
Averaged Train Loss: 1.2564
Averaged Test Accuracy: 0.5333
Averaged Test AUC: 0.8784
Std Test Accuracy: 0.1561
Std Test AUC: 0.0398

--- Round 450/500 ---
Averaged Train Loss: 1.2510
Averaged Test Accuracy: 0.5304
Averaged Test AUC: 0.8771
Std Test Accuracy: 0.1518
Std Test AUC: 0.0417

--- Round 451/500 ---
Averaged Train Loss: 1.2334
Averaged Test Accuracy: 0.5404
Averaged Test AUC: 0.8792
Std Test Accuracy: 0.1306
Std Test AUC: 0.0386

--- Round 452/500 ---
Averaged Train Loss: 1.2464
Averaged Test Accuracy: 0.5365
Averaged Test AUC: 0.8760
Std Test Accuracy: 0.1253
Std Test AUC: 0.0372

--- Round 453/500 ---
Averaged Train Loss: 1.2740
Averaged Test Accuracy: 0.5255
Averaged Test AUC: 0.8748
Std Test Accuracy: 0.1691
Std Test AUC: 0.0479

--- Round 454/500 ---
Averaged Train Loss: 1.2561
Averaged Test Accuracy: 0.5314
Averaged Test AUC: 0.8776
Std Test Accuracy: 0.1394
Std Test AUC: 0.0389

--- Round 455/500 ---
Averaged Train Loss: 1.2306
Averaged Test Accuracy: 0.5398
Averaged Test AUC: 0.8804
Std Test Accuracy: 0.1349
Std Test AUC: 0.0393

--- Round 456/500 ---
Averaged Train Loss: 1.2862
Averaged Test Accuracy: 0.5180
Averaged Test AUC: 0.8738
Std Test Accuracy: 0.1685
Std Test AUC: 0.0479

--- Round 457/500 ---
Averaged Train Loss: 1.2486
Averaged Test Accuracy: 0.5370
Averaged Test AUC: 0.8791
Std Test Accuracy: 0.1358
Std Test AUC: 0.0398

--- Round 458/500 ---
Averaged Train Loss: 1.2144
Averaged Test Accuracy: 0.5478
Averaged Test AUC: 0.8817
Std Test Accuracy: 0.0968
Std Test AUC: 0.0259

--- Round 459/500 ---
Averaged Train Loss: 1.2440
Averaged Test Accuracy: 0.5361
Averaged Test AUC: 0.8793
Std Test Accuracy: 0.1354
Std Test AUC: 0.0385

--- Round 460/500 ---
Averaged Train Loss: 1.3073
Averaged Test Accuracy: 0.5166
Averaged Test AUC: 0.8713
Std Test Accuracy: 0.1792
Std Test AUC: 0.0517

--- Round 461/500 ---
Averaged Train Loss: 1.2160
Averaged Test Accuracy: 0.5467
Averaged Test AUC: 0.8812
Std Test Accuracy: 0.1307
Std Test AUC: 0.0373

--- Round 462/500 ---
Averaged Train Loss: 1.2308
Averaged Test Accuracy: 0.5446
Averaged Test AUC: 0.8803
Std Test Accuracy: 0.1493
Std Test AUC: 0.0388

--- Round 463/500 ---
Averaged Train Loss: 1.2352
Averaged Test Accuracy: 0.5373
Averaged Test AUC: 0.8801
Std Test Accuracy: 0.1268
Std Test AUC: 0.0328

--- Round 464/500 ---
Averaged Train Loss: 1.2262
Averaged Test Accuracy: 0.5424
Averaged Test AUC: 0.8805
Std Test Accuracy: 0.0995
Std Test AUC: 0.0273

--- Round 465/500 ---
Averaged Train Loss: 1.2190
Averaged Test Accuracy: 0.5478
Averaged Test AUC: 0.8812
Std Test Accuracy: 0.1144
Std Test AUC: 0.0329

--- Round 466/500 ---
Averaged Train Loss: 1.2547
Averaged Test Accuracy: 0.5328
Averaged Test AUC: 0.8774
Std Test Accuracy: 0.1412
Std Test AUC: 0.0446

--- Round 467/500 ---
Averaged Train Loss: 1.2843
Averaged Test Accuracy: 0.5195
Averaged Test AUC: 0.8763
Std Test Accuracy: 0.1763
Std Test AUC: 0.0488

--- Round 468/500 ---
Averaged Train Loss: 1.2271
Averaged Test Accuracy: 0.5442
Averaged Test AUC: 0.8802
Std Test Accuracy: 0.1309
Std Test AUC: 0.0425

--- Round 469/500 ---
Averaged Train Loss: 1.2790
Averaged Test Accuracy: 0.5190
Averaged Test AUC: 0.8766
Std Test Accuracy: 0.1495
Std Test AUC: 0.0375

--- Round 470/500 ---
Averaged Train Loss: 1.2378
Averaged Test Accuracy: 0.5348
Averaged Test AUC: 0.8798
Std Test Accuracy: 0.1585
Std Test AUC: 0.0436

--- Round 471/500 ---
Averaged Train Loss: 1.2400
Averaged Test Accuracy: 0.5389
Averaged Test AUC: 0.8785
Std Test Accuracy: 0.1315
Std Test AUC: 0.0427

--- Round 472/500 ---
Averaged Train Loss: 1.2708
Averaged Test Accuracy: 0.5191
Averaged Test AUC: 0.8767
Std Test Accuracy: 0.1248
Std Test AUC: 0.0311

--- Round 473/500 ---
Averaged Train Loss: 1.2222
Averaged Test Accuracy: 0.5431
Averaged Test AUC: 0.8811
Std Test Accuracy: 0.1256
Std Test AUC: 0.0349

--- Round 474/500 ---
Averaged Train Loss: 1.2513
Averaged Test Accuracy: 0.5307
Averaged Test AUC: 0.8781
Std Test Accuracy: 0.1635
Std Test AUC: 0.0476

--- Round 475/500 ---
Averaged Train Loss: 1.2687
Averaged Test Accuracy: 0.5249
Averaged Test AUC: 0.8771
Std Test Accuracy: 0.1711
Std Test AUC: 0.0424

--- Round 476/500 ---
Averaged Train Loss: 1.2318
Averaged Test Accuracy: 0.5370
Averaged Test AUC: 0.8807
Std Test Accuracy: 0.1356
Std Test AUC: 0.0349

--- Round 477/500 ---
Averaged Train Loss: 1.2746
Averaged Test Accuracy: 0.5271
Averaged Test AUC: 0.8739
Std Test Accuracy: 0.1540
Std Test AUC: 0.0492

--- Round 478/500 ---
Averaged Train Loss: 1.3216
Averaged Test Accuracy: 0.5047
Averaged Test AUC: 0.8703
Std Test Accuracy: 0.1418
Std Test AUC: 0.0416

--- Round 479/500 ---
Averaged Train Loss: 1.2217
Averaged Test Accuracy: 0.5458
Averaged Test AUC: 0.8814
Std Test Accuracy: 0.1164
Std Test AUC: 0.0319

--- Round 480/500 ---
Averaged Train Loss: 1.2684
Averaged Test Accuracy: 0.5255
Averaged Test AUC: 0.8758
Std Test Accuracy: 0.1574
Std Test AUC: 0.0455

--- Round 481/500 ---
Averaged Train Loss: 1.2411
Averaged Test Accuracy: 0.5386
Averaged Test AUC: 0.8782
Std Test Accuracy: 0.1536
Std Test AUC: 0.0439

--- Round 482/500 ---
Averaged Train Loss: 1.3244
Averaged Test Accuracy: 0.5033
Averaged Test AUC: 0.8734
Std Test Accuracy: 0.1888
Std Test AUC: 0.0496

--- Round 483/500 ---
Averaged Train Loss: 1.2782
Averaged Test Accuracy: 0.5231
Averaged Test AUC: 0.8765
Std Test Accuracy: 0.1671
Std Test AUC: 0.0480

--- Round 484/500 ---
Averaged Train Loss: 1.2487
Averaged Test Accuracy: 0.5371
Averaged Test AUC: 0.8784
Std Test Accuracy: 0.1475
Std Test AUC: 0.0371

--- Round 485/500 ---
Averaged Train Loss: 1.2211
Averaged Test Accuracy: 0.5429
Averaged Test AUC: 0.8811
Std Test Accuracy: 0.1217
Std Test AUC: 0.0323

--- Round 486/500 ---
Averaged Train Loss: 1.2684
Averaged Test Accuracy: 0.5235
Averaged Test AUC: 0.8760
Std Test Accuracy: 0.1479
Std Test AUC: 0.0399

--- Round 487/500 ---
Averaged Train Loss: 1.3127
Averaged Test Accuracy: 0.5156
Averaged Test AUC: 0.8729
Std Test Accuracy: 0.1747
Std Test AUC: 0.0524

--- Round 488/500 ---
Averaged Train Loss: 1.2303
Averaged Test Accuracy: 0.5391
Averaged Test AUC: 0.8788
Std Test Accuracy: 0.1452
Std Test AUC: 0.0420

--- Round 489/500 ---
Averaged Train Loss: 1.2238
Averaged Test Accuracy: 0.5446
Averaged Test AUC: 0.8805
Std Test Accuracy: 0.1399
Std Test AUC: 0.0396

--- Round 490/500 ---
Averaged Train Loss: 1.2663
Averaged Test Accuracy: 0.5265
Averaged Test AUC: 0.8774
Std Test Accuracy: 0.1618
Std Test AUC: 0.0437

--- Round 491/500 ---
Averaged Train Loss: 1.2269
Averaged Test Accuracy: 0.5408
Averaged Test AUC: 0.8804
Std Test Accuracy: 0.1330
Std Test AUC: 0.0349

--- Round 492/500 ---
Averaged Train Loss: 1.2792
Averaged Test Accuracy: 0.5162
Averaged Test AUC: 0.8744
Std Test Accuracy: 0.1236
Std Test AUC: 0.0315

--- Round 493/500 ---
Averaged Train Loss: 1.2338
Averaged Test Accuracy: 0.5349
Averaged Test AUC: 0.8795
Std Test Accuracy: 0.1111
Std Test AUC: 0.0303

--- Round 494/500 ---
Averaged Train Loss: 1.2231
Averaged Test Accuracy: 0.5437
Averaged Test AUC: 0.8804
Std Test Accuracy: 0.1556
Std Test AUC: 0.0423

--- Round 495/500 ---
Averaged Train Loss: 1.2609
Averaged Test Accuracy: 0.5277
Averaged Test AUC: 0.8755
Std Test Accuracy: 0.1562
Std Test AUC: 0.0490

--- Round 496/500 ---
Averaged Train Loss: 1.3172
Averaged Test Accuracy: 0.5134
Averaged Test AUC: 0.8714
Std Test Accuracy: 0.1500
Std Test AUC: 0.0434

--- Round 497/500 ---
Averaged Train Loss: 1.2182
Averaged Test Accuracy: 0.5464
Averaged Test AUC: 0.8817
Std Test Accuracy: 0.1473
Std Test AUC: 0.0415

--- Round 498/500 ---
Averaged Train Loss: 1.2225
Averaged Test Accuracy: 0.5418
Averaged Test AUC: 0.8804
Std Test Accuracy: 0.1602
Std Test AUC: 0.0444

--- Round 499/500 ---
Averaged Train Loss: 1.2386
Averaged Test Accuracy: 0.5350
Averaged Test AUC: 0.8802
Std Test Accuracy: 0.1523
Std Test AUC: 0.0404

--- Round 500/500 ---
Averaged Train Loss: 1.2299
Averaged Test Accuracy: 0.5408
Averaged Test AUC: 0.8807
Std Test Accuracy: 0.1431
Std Test AUC: 0.0413

========== Training Complete ==========
Best Test Accuracy: 0.5477647684938797
File path: ../results/Cifar10_FedEntPlusSmooth_smooth_trial01_0097_0.h5

Average time cost: 1798.65s.
Length:  501
std for best accuracy: 0.0
mean for best accuracy: 0.5477647684938797
All done!

Storage on cuda:0
-------------------------------------------------------------------------------
Total Tensors: 209092044 	Used Memory: 569.93M
The allocated memory on cuda:0: 588.06M
Memory differs due to the matrix alignment or invisible gradient buffer tensors
-------------------------------------------------------------------------------
