==================================================
goal = smooth_trial01_0019
device = cuda
device_id = 0
dataset = Cifar10
num_classes = 10
model = CNN
batch_size = 64
local_learning_rate = 0.01
learning_rate_decay = True
learning_rate_decay_gamma = 0.98
global_rounds = 500
top_cnt = 100
local_epochs = 5
algorithm = FedEntPlusSmooth
join_ratio = 0.1
random_join_ratio = False
num_clients = 100
prev = 0
times = 1
eval_gap = 1
save_folder_name = items
auto_break = False
dlg_eval = False
dlg_gap = 100
batch_num_per_client = 2
num_new_clients = 0
fine_tuning_epoch_new = 0
feature_dim = 512
vocab_size = 32000
max_len = 200
client_drop_rate = 0.0
train_slow_rate = 0.0
send_slow_rate = 0.0
time_select = False
time_threthold = 10000
beta = 0.0
lamda = 1.0
mu = 0.0
K = 5
p_learning_rate = 0.01
M = 5
itk = 4000
alphaK = 1.0
sigma = 1.0
alpha = 1.0
plocal_epochs = 1
tau = 1.0
fine_tuning_epochs = 10
dr_learning_rate = 0.0
L = 1.0
noise_dim = 512
generator_learning_rate = 0.005
hidden_dim = 512
server_epochs = 1000
localize_feature_extractor = False
server_learning_rate = 1.0
eta = 1.0
rand_percent = 80
layer_idx = 2
mentee_learning_rate = 0.005
T_start = 0.95
T_end = 0.98
momentum = 0.9
kl_weight = 0.0
buffer_size = 0
dp_epsilon = 0.0
H_min = None
alpha_vp = 0.0
enable_dynamic_param = False
log_fedent = False
log_filename = None
dynamic_config_path = /home/john/PFLlib/system/auto_configs/smooth_trial01_0019.json
==================================================

============= Running time: 0th =============
Creating server and clients ...
FedAvgCNN(
  (conv1): Sequential(
    (0): Conv2d(3, 32, kernel_size=(5, 5), stride=(1, 1))
    (1): ReLU(inplace=True)
    (2): MaxPool2d(kernel_size=(2, 2), stride=(2, 2), padding=0, dilation=1, ceil_mode=False)
  )
  (conv2): Sequential(
    (0): Conv2d(32, 64, kernel_size=(5, 5), stride=(1, 1))
    (1): ReLU(inplace=True)
    (2): MaxPool2d(kernel_size=(2, 2), stride=(2, 2), padding=0, dilation=1, ceil_mode=False)
  )
  (fc1): Sequential(
    (0): Linear(in_features=1600, out_features=512, bias=True)
    (1): ReLU(inplace=True)
  )
  (fc): Linear(in_features=512, out_features=10, bias=True)
)

Join ratio / total clients: 0.1 / 100
Finished creating server and clients.

--- Round 0/500 ---
Averaged Train Loss: 2.3038
Averaged Test Accuracy: 0.0928
Averaged Test AUC: 0.4894
Std Test Accuracy: 0.1434
Std Test AUC: 0.2233

--- Round 1/500 ---
Averaged Train Loss: 2.3586
Averaged Test Accuracy: 0.1015
Averaged Test AUC: 0.5140
Std Test Accuracy: 0.1942
Std Test AUC: 0.2483

--- Round 2/500 ---
Averaged Train Loss: 2.5706
Averaged Test Accuracy: 0.1125
Averaged Test AUC: 0.5216
Std Test Accuracy: 0.1985
Std Test AUC: 0.2421

--- Round 3/500 ---
Averaged Train Loss: 2.5762
Averaged Test Accuracy: 0.1484
Averaged Test AUC: 0.5368
Std Test Accuracy: 0.1708
Std Test AUC: 0.2526

--- Round 4/500 ---
Averaged Train Loss: 2.5145
Averaged Test Accuracy: 0.1665
Averaged Test AUC: 0.5628
Std Test Accuracy: 0.1901
Std Test AUC: 0.2535

--- Round 5/500 ---
Averaged Train Loss: 2.4963
Averaged Test Accuracy: 0.1487
Averaged Test AUC: 0.5740
Std Test Accuracy: 0.2062
Std Test AUC: 0.2409

--- Round 6/500 ---
Averaged Train Loss: 2.5583
Averaged Test Accuracy: 0.1515
Averaged Test AUC: 0.5787
Std Test Accuracy: 0.2123
Std Test AUC: 0.2333

--- Round 7/500 ---
Averaged Train Loss: 2.4340
Averaged Test Accuracy: 0.1642
Averaged Test AUC: 0.6135
Std Test Accuracy: 0.1987
Std Test AUC: 0.2238

--- Round 8/500 ---
Averaged Train Loss: 2.4303
Averaged Test Accuracy: 0.1601
Averaged Test AUC: 0.6297
Std Test Accuracy: 0.2148
Std Test AUC: 0.2112

--- Round 9/500 ---
Averaged Train Loss: 2.4025
Averaged Test Accuracy: 0.1669
Averaged Test AUC: 0.6433
Std Test Accuracy: 0.2126
Std Test AUC: 0.2037

--- Round 10/500 ---
Averaged Train Loss: 2.3304
Averaged Test Accuracy: 0.2167
Averaged Test AUC: 0.6578
Std Test Accuracy: 0.1983
Std Test AUC: 0.2081

--- Round 11/500 ---
Averaged Train Loss: 2.3402
Averaged Test Accuracy: 0.1986
Averaged Test AUC: 0.6503
Std Test Accuracy: 0.2095
Std Test AUC: 0.2045

--- Round 12/500 ---
Averaged Train Loss: 2.2446
Averaged Test Accuracy: 0.2008
Averaged Test AUC: 0.6720
Std Test Accuracy: 0.2061
Std Test AUC: 0.1895

--- Round 13/500 ---
Averaged Train Loss: 2.2462
Averaged Test Accuracy: 0.2367
Averaged Test AUC: 0.6714
Std Test Accuracy: 0.1949
Std Test AUC: 0.1915

--- Round 14/500 ---
Averaged Train Loss: 2.2488
Averaged Test Accuracy: 0.2293
Averaged Test AUC: 0.6721
Std Test Accuracy: 0.2047
Std Test AUC: 0.1847

--- Round 15/500 ---
Averaged Train Loss: 2.2753
Averaged Test Accuracy: 0.2505
Averaged Test AUC: 0.6667
Std Test Accuracy: 0.1942
Std Test AUC: 0.1832

--- Round 16/500 ---
Averaged Train Loss: 2.1418
Averaged Test Accuracy: 0.2545
Averaged Test AUC: 0.6984
Std Test Accuracy: 0.2061
Std Test AUC: 0.1675

--- Round 17/500 ---
Averaged Train Loss: 2.2307
Averaged Test Accuracy: 0.2113
Averaged Test AUC: 0.6915
Std Test Accuracy: 0.2082
Std Test AUC: 0.1746

--- Round 18/500 ---
Averaged Train Loss: 2.1243
Averaged Test Accuracy: 0.2582
Averaged Test AUC: 0.7063
Std Test Accuracy: 0.1989
Std Test AUC: 0.1715

--- Round 19/500 ---
Averaged Train Loss: 2.1404
Averaged Test Accuracy: 0.2418
Averaged Test AUC: 0.7068
Std Test Accuracy: 0.2018
Std Test AUC: 0.1699

--- Round 20/500 ---
Averaged Train Loss: 2.1569
Averaged Test Accuracy: 0.2390
Averaged Test AUC: 0.7049
Std Test Accuracy: 0.2070
Std Test AUC: 0.1639

--- Round 21/500 ---
Averaged Train Loss: 2.1080
Averaged Test Accuracy: 0.2652
Averaged Test AUC: 0.7164
Std Test Accuracy: 0.1716
Std Test AUC: 0.1695

--- Round 22/500 ---
Averaged Train Loss: 2.0486
Averaged Test Accuracy: 0.2757
Averaged Test AUC: 0.7280
Std Test Accuracy: 0.1891
Std Test AUC: 0.1589

--- Round 23/500 ---
Averaged Train Loss: 2.1131
Averaged Test Accuracy: 0.2505
Averaged Test AUC: 0.7205
Std Test Accuracy: 0.1862
Std Test AUC: 0.1639

--- Round 24/500 ---
Averaged Train Loss: 2.0842
Averaged Test Accuracy: 0.2862
Averaged Test AUC: 0.7236
Std Test Accuracy: 0.1759
Std Test AUC: 0.1737

--- Round 25/500 ---
Averaged Train Loss: 2.1088
Averaged Test Accuracy: 0.2914
Averaged Test AUC: 0.7215
Std Test Accuracy: 0.1952
Std Test AUC: 0.1774

--- Round 26/500 ---
Averaged Train Loss: 2.0459
Averaged Test Accuracy: 0.2937
Averaged Test AUC: 0.7307
Std Test Accuracy: 0.1999
Std Test AUC: 0.1641

--- Round 27/500 ---
Averaged Train Loss: 2.1500
Averaged Test Accuracy: 0.2446
Averaged Test AUC: 0.7205
Std Test Accuracy: 0.2056
Std Test AUC: 0.1631

--- Round 28/500 ---
Averaged Train Loss: 2.0550
Averaged Test Accuracy: 0.2763
Averaged Test AUC: 0.7352
Std Test Accuracy: 0.1801
Std Test AUC: 0.1658

--- Round 29/500 ---
Averaged Train Loss: 2.0390
Averaged Test Accuracy: 0.3024
Averaged Test AUC: 0.7369
Std Test Accuracy: 0.2065
Std Test AUC: 0.1778

--- Round 30/500 ---
Averaged Train Loss: 2.0627
Averaged Test Accuracy: 0.2838
Averaged Test AUC: 0.7364
Std Test Accuracy: 0.1763
Std Test AUC: 0.1688

--- Round 31/500 ---
Averaged Train Loss: 2.0457
Averaged Test Accuracy: 0.3067
Averaged Test AUC: 0.7378
Std Test Accuracy: 0.1880
Std Test AUC: 0.1740

--- Round 32/500 ---
Averaged Train Loss: 2.0000
Averaged Test Accuracy: 0.3092
Averaged Test AUC: 0.7461
Std Test Accuracy: 0.1837
Std Test AUC: 0.1592

--- Round 33/500 ---
Averaged Train Loss: 1.9833
Averaged Test Accuracy: 0.3030
Averaged Test AUC: 0.7499
Std Test Accuracy: 0.1862
Std Test AUC: 0.1522

--- Round 34/500 ---
Averaged Train Loss: 1.9393
Averaged Test Accuracy: 0.3055
Averaged Test AUC: 0.7588
Std Test Accuracy: 0.1751
Std Test AUC: 0.1374

--- Round 35/500 ---
Averaged Train Loss: 1.9257
Averaged Test Accuracy: 0.3177
Averaged Test AUC: 0.7621
Std Test Accuracy: 0.1736
Std Test AUC: 0.1315

--- Round 36/500 ---
Averaged Train Loss: 1.9831
Averaged Test Accuracy: 0.3124
Averaged Test AUC: 0.7529
Std Test Accuracy: 0.2031
Std Test AUC: 0.1475

--- Round 37/500 ---
Averaged Train Loss: 1.9580
Averaged Test Accuracy: 0.3208
Averaged Test AUC: 0.7571
Std Test Accuracy: 0.2112
Std Test AUC: 0.1532

--- Round 38/500 ---
Averaged Train Loss: 1.9845
Averaged Test Accuracy: 0.3032
Averaged Test AUC: 0.7524
Std Test Accuracy: 0.1950
Std Test AUC: 0.1492

--- Round 39/500 ---
Averaged Train Loss: 1.9056
Averaged Test Accuracy: 0.3216
Averaged Test AUC: 0.7659
Std Test Accuracy: 0.1787
Std Test AUC: 0.1389

--- Round 40/500 ---
Averaged Train Loss: 1.9230
Averaged Test Accuracy: 0.3218
Averaged Test AUC: 0.7657
Std Test Accuracy: 0.1916
Std Test AUC: 0.1307

--- Round 41/500 ---
Averaged Train Loss: 1.8259
Averaged Test Accuracy: 0.3521
Averaged Test AUC: 0.7794
Std Test Accuracy: 0.1673
Std Test AUC: 0.1188

--- Round 42/500 ---
Averaged Train Loss: 1.8697
Averaged Test Accuracy: 0.3404
Averaged Test AUC: 0.7718
Std Test Accuracy: 0.1919
Std Test AUC: 0.1327

--- Round 43/500 ---
Averaged Train Loss: 1.9193
Averaged Test Accuracy: 0.3306
Averaged Test AUC: 0.7653
Std Test Accuracy: 0.1869
Std Test AUC: 0.1310

--- Round 44/500 ---
Averaged Train Loss: 1.9053
Averaged Test Accuracy: 0.3301
Averaged Test AUC: 0.7684
Std Test Accuracy: 0.1904
Std Test AUC: 0.1251

--- Round 45/500 ---
Averaged Train Loss: 1.9230
Averaged Test Accuracy: 0.3173
Averaged Test AUC: 0.7674
Std Test Accuracy: 0.2070
Std Test AUC: 0.1244

--- Round 46/500 ---
Averaged Train Loss: 1.9318
Averaged Test Accuracy: 0.3065
Averaged Test AUC: 0.7670
Std Test Accuracy: 0.1951
Std Test AUC: 0.1275

--- Round 47/500 ---
Averaged Train Loss: 1.9143
Averaged Test Accuracy: 0.3362
Averaged Test AUC: 0.7684
Std Test Accuracy: 0.1934
Std Test AUC: 0.1362

--- Round 48/500 ---
Averaged Train Loss: 1.9216
Averaged Test Accuracy: 0.3381
Averaged Test AUC: 0.7672
Std Test Accuracy: 0.2075
Std Test AUC: 0.1458

--- Round 49/500 ---
Averaged Train Loss: 1.9491
Averaged Test Accuracy: 0.3355
Averaged Test AUC: 0.7635
Std Test Accuracy: 0.1943
Std Test AUC: 0.1480

--- Round 50/500 ---
Averaged Train Loss: 1.8628
Averaged Test Accuracy: 0.3478
Averaged Test AUC: 0.7755
Std Test Accuracy: 0.1780
Std Test AUC: 0.1386

--- Round 51/500 ---
Averaged Train Loss: 1.9095
Averaged Test Accuracy: 0.3407
Averaged Test AUC: 0.7699
Std Test Accuracy: 0.1944
Std Test AUC: 0.1442

--- Round 52/500 ---
Averaged Train Loss: 1.9346
Averaged Test Accuracy: 0.3295
Averaged Test AUC: 0.7675
Std Test Accuracy: 0.1931
Std Test AUC: 0.1389

--- Round 53/500 ---
Averaged Train Loss: 1.9138
Averaged Test Accuracy: 0.3427
Averaged Test AUC: 0.7700
Std Test Accuracy: 0.2002
Std Test AUC: 0.1422

--- Round 54/500 ---
Averaged Train Loss: 1.8551
Averaged Test Accuracy: 0.3491
Averaged Test AUC: 0.7789
Std Test Accuracy: 0.1714
Std Test AUC: 0.1316

--- Round 55/500 ---
Averaged Train Loss: 1.8887
Averaged Test Accuracy: 0.3389
Averaged Test AUC: 0.7762
Std Test Accuracy: 0.1854
Std Test AUC: 0.1259

--- Round 56/500 ---
Averaged Train Loss: 1.8377
Averaged Test Accuracy: 0.3540
Averaged Test AUC: 0.7843
Std Test Accuracy: 0.1874
Std Test AUC: 0.1177

--- Round 57/500 ---
Averaged Train Loss: 1.8294
Averaged Test Accuracy: 0.3570
Averaged Test AUC: 0.7844
Std Test Accuracy: 0.1905
Std Test AUC: 0.1251

--- Round 58/500 ---
Averaged Train Loss: 1.8257
Averaged Test Accuracy: 0.3548
Averaged Test AUC: 0.7852
Std Test Accuracy: 0.1744
Std Test AUC: 0.1191

--- Round 59/500 ---
Averaged Train Loss: 1.8139
Averaged Test Accuracy: 0.3505
Averaged Test AUC: 0.7879
Std Test Accuracy: 0.1836
Std Test AUC: 0.1063

--- Round 60/500 ---
Averaged Train Loss: 1.8244
Averaged Test Accuracy: 0.3519
Averaged Test AUC: 0.7856
Std Test Accuracy: 0.1590
Std Test AUC: 0.1185

--- Round 61/500 ---
Averaged Train Loss: 1.8282
Averaged Test Accuracy: 0.3606
Averaged Test AUC: 0.7842
Std Test Accuracy: 0.1677
Std Test AUC: 0.1291

--- Round 62/500 ---
Averaged Train Loss: 1.8888
Averaged Test Accuracy: 0.3447
Averaged Test AUC: 0.7768
Std Test Accuracy: 0.1977
Std Test AUC: 0.1236

--- Round 63/500 ---
Averaged Train Loss: 1.7959
Averaged Test Accuracy: 0.3658
Averaged Test AUC: 0.7891
Std Test Accuracy: 0.1624
Std Test AUC: 0.1157

--- Round 64/500 ---
Averaged Train Loss: 1.8370
Averaged Test Accuracy: 0.3548
Averaged Test AUC: 0.7845
Std Test Accuracy: 0.1519
Std Test AUC: 0.1235

--- Round 65/500 ---
Averaged Train Loss: 1.8495
Averaged Test Accuracy: 0.3482
Averaged Test AUC: 0.7823
Std Test Accuracy: 0.1763
Std Test AUC: 0.1211

--- Round 66/500 ---
Averaged Train Loss: 1.8733
Averaged Test Accuracy: 0.3266
Averaged Test AUC: 0.7818
Std Test Accuracy: 0.1864
Std Test AUC: 0.1189

--- Round 67/500 ---
Averaged Train Loss: 1.8333
Averaged Test Accuracy: 0.3610
Averaged Test AUC: 0.7849
Std Test Accuracy: 0.1721
Std Test AUC: 0.1261

--- Round 68/500 ---
Averaged Train Loss: 1.7754
Averaged Test Accuracy: 0.3745
Averaged Test AUC: 0.7922
Std Test Accuracy: 0.1636
Std Test AUC: 0.1193

--- Round 69/500 ---
Averaged Train Loss: 1.8089
Averaged Test Accuracy: 0.3705
Averaged Test AUC: 0.7883
Std Test Accuracy: 0.1419
Std Test AUC: 0.1265

--- Round 70/500 ---
Averaged Train Loss: 1.8255
Averaged Test Accuracy: 0.3714
Averaged Test AUC: 0.7866
Std Test Accuracy: 0.1675
Std Test AUC: 0.1321

--- Round 71/500 ---
Averaged Train Loss: 1.8442
Averaged Test Accuracy: 0.3689
Averaged Test AUC: 0.7838
Std Test Accuracy: 0.1450
Std Test AUC: 0.1370

--- Round 72/500 ---
Averaged Train Loss: 1.8137
Averaged Test Accuracy: 0.3634
Averaged Test AUC: 0.7897
Std Test Accuracy: 0.1754
Std Test AUC: 0.1165

--- Round 73/500 ---
Averaged Train Loss: 1.7096
Averaged Test Accuracy: 0.3643
Averaged Test AUC: 0.8168
Std Test Accuracy: 0.2193
Std Test AUC: 0.0662

--- Round 74/500 ---
Averaged Train Loss: 1.7166
Averaged Test Accuracy: 0.3739
Averaged Test AUC: 0.8072
Std Test Accuracy: 0.1815
Std Test AUC: 0.0811

--- Round 75/500 ---
Averaged Train Loss: 1.7117
Averaged Test Accuracy: 0.3788
Averaged Test AUC: 0.8110
Std Test Accuracy: 0.1444
Std Test AUC: 0.0683

--- Round 76/500 ---
Averaged Train Loss: 1.6580
Averaged Test Accuracy: 0.3956
Averaged Test AUC: 0.8212
Std Test Accuracy: 0.1779
Std Test AUC: 0.0700

--- Round 77/500 ---
Averaged Train Loss: 1.6563
Averaged Test Accuracy: 0.3836
Averaged Test AUC: 0.8177
Std Test Accuracy: 0.1774
Std Test AUC: 0.0627

--- Round 78/500 ---
Averaged Train Loss: 1.6635
Averaged Test Accuracy: 0.3787
Averaged Test AUC: 0.8230
Std Test Accuracy: 0.2059
Std Test AUC: 0.0605

--- Round 79/500 ---
Averaged Train Loss: 1.6663
Averaged Test Accuracy: 0.3938
Averaged Test AUC: 0.8187
Std Test Accuracy: 0.1961
Std Test AUC: 0.0753

--- Round 80/500 ---
Averaged Train Loss: 1.7211
Averaged Test Accuracy: 0.3733
Averaged Test AUC: 0.8082
Std Test Accuracy: 0.1633
Std Test AUC: 0.0734

--- Round 81/500 ---
Averaged Train Loss: 1.6343
Averaged Test Accuracy: 0.4036
Averaged Test AUC: 0.8236
Std Test Accuracy: 0.1799
Std Test AUC: 0.0685

--- Round 82/500 ---
Averaged Train Loss: 1.6304
Averaged Test Accuracy: 0.3955
Averaged Test AUC: 0.8212
Std Test Accuracy: 0.1797
Std Test AUC: 0.0642

--- Round 83/500 ---
Averaged Train Loss: 1.6394
Averaged Test Accuracy: 0.3864
Averaged Test AUC: 0.8272
Std Test Accuracy: 0.2083
Std Test AUC: 0.0555

--- Round 84/500 ---
Averaged Train Loss: 1.6655
Averaged Test Accuracy: 0.3836
Averaged Test AUC: 0.8204
Std Test Accuracy: 0.2179
Std Test AUC: 0.0695

--- Round 85/500 ---
Averaged Train Loss: 1.6477
Averaged Test Accuracy: 0.3924
Averaged Test AUC: 0.8216
Std Test Accuracy: 0.1547
Std Test AUC: 0.0628

--- Round 86/500 ---
Averaged Train Loss: 1.6285
Averaged Test Accuracy: 0.4072
Averaged Test AUC: 0.8252
Std Test Accuracy: 0.1779
Std Test AUC: 0.0696

--- Round 87/500 ---
Averaged Train Loss: 1.6103
Averaged Test Accuracy: 0.4021
Averaged Test AUC: 0.8246
Std Test Accuracy: 0.1706
Std Test AUC: 0.0606

--- Round 88/500 ---
Averaged Train Loss: 1.6185
Averaged Test Accuracy: 0.3948
Averaged Test AUC: 0.8309
Std Test Accuracy: 0.2027
Std Test AUC: 0.0535

--- Round 89/500 ---
Averaged Train Loss: 1.6593
Averaged Test Accuracy: 0.3862
Averaged Test AUC: 0.8214
Std Test Accuracy: 0.2154
Std Test AUC: 0.0715

--- Round 90/500 ---
Averaged Train Loss: 1.6414
Averaged Test Accuracy: 0.3878
Averaged Test AUC: 0.8225
Std Test Accuracy: 0.1812
Std Test AUC: 0.0656

--- Round 91/500 ---
Averaged Train Loss: 1.5997
Averaged Test Accuracy: 0.4178
Averaged Test AUC: 0.8310
Std Test Accuracy: 0.1796
Std Test AUC: 0.0652

--- Round 92/500 ---
Averaged Train Loss: 1.5958
Averaged Test Accuracy: 0.4104
Averaged Test AUC: 0.8264
Std Test Accuracy: 0.1651
Std Test AUC: 0.0616

--- Round 93/500 ---
Averaged Train Loss: 1.6085
Averaged Test Accuracy: 0.4003
Averaged Test AUC: 0.8319
Std Test Accuracy: 0.1963
Std Test AUC: 0.0554

--- Round 94/500 ---
Averaged Train Loss: 1.6205
Averaged Test Accuracy: 0.4031
Averaged Test AUC: 0.8267
Std Test Accuracy: 0.2018
Std Test AUC: 0.0666

--- Round 95/500 ---
Averaged Train Loss: 1.6237
Averaged Test Accuracy: 0.3898
Averaged Test AUC: 0.8263
Std Test Accuracy: 0.1814
Std Test AUC: 0.0634

--- Round 96/500 ---
Averaged Train Loss: 1.5991
Averaged Test Accuracy: 0.4168
Averaged Test AUC: 0.8316
Std Test Accuracy: 0.1880
Std Test AUC: 0.0674

--- Round 97/500 ---
Averaged Train Loss: 1.5802
Averaged Test Accuracy: 0.4169
Averaged Test AUC: 0.8291
Std Test Accuracy: 0.1565
Std Test AUC: 0.0591

--- Round 98/500 ---
Averaged Train Loss: 1.5822
Averaged Test Accuracy: 0.4075
Averaged Test AUC: 0.8368
Std Test Accuracy: 0.1897
Std Test AUC: 0.0489

--- Round 99/500 ---
Averaged Train Loss: 1.6136
Averaged Test Accuracy: 0.4035
Averaged Test AUC: 0.8278
Std Test Accuracy: 0.2059
Std Test AUC: 0.0675

--- Round 100/500 ---
Averaged Train Loss: 1.6155
Averaged Test Accuracy: 0.4074
Averaged Test AUC: 0.8259
Std Test Accuracy: 0.1582
Std Test AUC: 0.0625

--- Round 101/500 ---
Averaged Train Loss: 1.5790
Averaged Test Accuracy: 0.4274
Averaged Test AUC: 0.8357
Std Test Accuracy: 0.1796
Std Test AUC: 0.0634

--- Round 102/500 ---
Averaged Train Loss: 1.5630
Averaged Test Accuracy: 0.4199
Averaged Test AUC: 0.8333
Std Test Accuracy: 0.1656
Std Test AUC: 0.0524

--- Round 103/500 ---
Averaged Train Loss: 1.5802
Averaged Test Accuracy: 0.4055
Averaged Test AUC: 0.8383
Std Test Accuracy: 0.1972
Std Test AUC: 0.0493

--- Round 104/500 ---
Averaged Train Loss: 1.5992
Averaged Test Accuracy: 0.4068
Averaged Test AUC: 0.8308
Std Test Accuracy: 0.2068
Std Test AUC: 0.0645

--- Round 105/500 ---
Averaged Train Loss: 1.6044
Averaged Test Accuracy: 0.4126
Averaged Test AUC: 0.8278
Std Test Accuracy: 0.1552
Std Test AUC: 0.0602

--- Round 106/500 ---
Averaged Train Loss: 1.5588
Averaged Test Accuracy: 0.4326
Averaged Test AUC: 0.8385
Std Test Accuracy: 0.1821
Std Test AUC: 0.0617

--- Round 107/500 ---
Averaged Train Loss: 1.5428
Averaged Test Accuracy: 0.4288
Averaged Test AUC: 0.8362
Std Test Accuracy: 0.1592
Std Test AUC: 0.0509

--- Round 108/500 ---
Averaged Train Loss: 1.5662
Averaged Test Accuracy: 0.4128
Averaged Test AUC: 0.8383
Std Test Accuracy: 0.1936
Std Test AUC: 0.0517

--- Round 109/500 ---
Averaged Train Loss: 1.5750
Averaged Test Accuracy: 0.4177
Averaged Test AUC: 0.8354
Std Test Accuracy: 0.2081
Std Test AUC: 0.0636

--- Round 110/500 ---
Averaged Train Loss: 1.5792
Averaged Test Accuracy: 0.4151
Averaged Test AUC: 0.8335
Std Test Accuracy: 0.1621
Std Test AUC: 0.0573

--- Round 111/500 ---
Averaged Train Loss: 1.5623
Averaged Test Accuracy: 0.4280
Averaged Test AUC: 0.8388
Std Test Accuracy: 0.1930
Std Test AUC: 0.0637

--- Round 112/500 ---
Averaged Train Loss: 1.5408
Averaged Test Accuracy: 0.4253
Averaged Test AUC: 0.8377
Std Test Accuracy: 0.1661
Std Test AUC: 0.0484

--- Round 113/500 ---
Averaged Train Loss: 1.5558
Averaged Test Accuracy: 0.4169
Averaged Test AUC: 0.8409
Std Test Accuracy: 0.1906
Std Test AUC: 0.0482

--- Round 114/500 ---
Averaged Train Loss: 1.5755
Averaged Test Accuracy: 0.4195
Averaged Test AUC: 0.8345
Std Test Accuracy: 0.2095
Std Test AUC: 0.0651

--- Round 115/500 ---
Averaged Train Loss: 1.5862
Averaged Test Accuracy: 0.4119
Averaged Test AUC: 0.8335
Std Test Accuracy: 0.1709
Std Test AUC: 0.0603

--- Round 116/500 ---
Averaged Train Loss: 1.5568
Averaged Test Accuracy: 0.4359
Averaged Test AUC: 0.8394
Std Test Accuracy: 0.1819
Std Test AUC: 0.0653

--- Round 117/500 ---
Averaged Train Loss: 1.5278
Averaged Test Accuracy: 0.4320
Averaged Test AUC: 0.8396
Std Test Accuracy: 0.1607
Std Test AUC: 0.0480

--- Round 118/500 ---
Averaged Train Loss: 1.5409
Averaged Test Accuracy: 0.4234
Averaged Test AUC: 0.8432
Std Test Accuracy: 0.1853
Std Test AUC: 0.0455

--- Round 119/500 ---
Averaged Train Loss: 1.5576
Averaged Test Accuracy: 0.4263
Averaged Test AUC: 0.8375
Std Test Accuracy: 0.1972
Std Test AUC: 0.0627

--- Round 120/500 ---
Averaged Train Loss: 1.5743
Averaged Test Accuracy: 0.4179
Averaged Test AUC: 0.8347
Std Test Accuracy: 0.1691
Std Test AUC: 0.0614

--- Round 121/500 ---
Averaged Train Loss: 1.5412
Averaged Test Accuracy: 0.4429
Averaged Test AUC: 0.8413
Std Test Accuracy: 0.1712
Std Test AUC: 0.0634

--- Round 122/500 ---
Averaged Train Loss: 1.5158
Averaged Test Accuracy: 0.4321
Averaged Test AUC: 0.8409
Std Test Accuracy: 0.1593
Std Test AUC: 0.0460

--- Round 123/500 ---
Averaged Train Loss: 1.5377
Averaged Test Accuracy: 0.4236
Averaged Test AUC: 0.8432
Std Test Accuracy: 0.1845
Std Test AUC: 0.0470

--- Round 124/500 ---
Averaged Train Loss: 1.5540
Averaged Test Accuracy: 0.4264
Averaged Test AUC: 0.8387
Std Test Accuracy: 0.2102
Std Test AUC: 0.0640

--- Round 125/500 ---
Averaged Train Loss: 1.5388
Averaged Test Accuracy: 0.4278
Averaged Test AUC: 0.8397
Std Test Accuracy: 0.1540
Std Test AUC: 0.0537

--- Round 126/500 ---
Averaged Train Loss: 1.5461
Averaged Test Accuracy: 0.4453
Averaged Test AUC: 0.8415
Std Test Accuracy: 0.1806
Std Test AUC: 0.0634

--- Round 127/500 ---
Averaged Train Loss: 1.5124
Averaged Test Accuracy: 0.4375
Averaged Test AUC: 0.8420
Std Test Accuracy: 0.1605
Std Test AUC: 0.0487

--- Round 128/500 ---
Averaged Train Loss: 1.5266
Averaged Test Accuracy: 0.4279
Averaged Test AUC: 0.8452
Std Test Accuracy: 0.1838
Std Test AUC: 0.0474

--- Round 129/500 ---
Averaged Train Loss: 1.5448
Averaged Test Accuracy: 0.4331
Averaged Test AUC: 0.8403
Std Test Accuracy: 0.2005
Std Test AUC: 0.0620

--- Round 130/500 ---
Averaged Train Loss: 1.5352
Averaged Test Accuracy: 0.4365
Averaged Test AUC: 0.8400
Std Test Accuracy: 0.1513
Std Test AUC: 0.0525

--- Round 131/500 ---
Averaged Train Loss: 1.5349
Averaged Test Accuracy: 0.4447
Averaged Test AUC: 0.8433
Std Test Accuracy: 0.1849
Std Test AUC: 0.0631

--- Round 132/500 ---
Averaged Train Loss: 1.4978
Averaged Test Accuracy: 0.4424
Averaged Test AUC: 0.8442
Std Test Accuracy: 0.1589
Std Test AUC: 0.0459

--- Round 133/500 ---
Averaged Train Loss: 1.5203
Averaged Test Accuracy: 0.4317
Averaged Test AUC: 0.8461
Std Test Accuracy: 0.1821
Std Test AUC: 0.0460

--- Round 134/500 ---
Averaged Train Loss: 1.5365
Averaged Test Accuracy: 0.4339
Averaged Test AUC: 0.8422
Std Test Accuracy: 0.2070
Std Test AUC: 0.0600

--- Round 135/500 ---
Averaged Train Loss: 1.5419
Averaged Test Accuracy: 0.4366
Averaged Test AUC: 0.8383
Std Test Accuracy: 0.1480
Std Test AUC: 0.0560

--- Round 136/500 ---
Averaged Train Loss: 1.5124
Averaged Test Accuracy: 0.4522
Averaged Test AUC: 0.8458
Std Test Accuracy: 0.1712
Std Test AUC: 0.0605

--- Round 137/500 ---
Averaged Train Loss: 1.4923
Averaged Test Accuracy: 0.4458
Averaged Test AUC: 0.8448
Std Test Accuracy: 0.1605
Std Test AUC: 0.0472

--- Round 138/500 ---
Averaged Train Loss: 1.5184
Averaged Test Accuracy: 0.4342
Averaged Test AUC: 0.8469
Std Test Accuracy: 0.1747
Std Test AUC: 0.0452

--- Round 139/500 ---
Averaged Train Loss: 1.5253
Averaged Test Accuracy: 0.4401
Averaged Test AUC: 0.8426
Std Test Accuracy: 0.1921
Std Test AUC: 0.0584

--- Round 140/500 ---
Averaged Train Loss: 1.5067
Averaged Test Accuracy: 0.4377
Averaged Test AUC: 0.8450
Std Test Accuracy: 0.1559
Std Test AUC: 0.0513

--- Round 141/500 ---
Averaged Train Loss: 1.5138
Averaged Test Accuracy: 0.4517
Averaged Test AUC: 0.8455
Std Test Accuracy: 0.1861
Std Test AUC: 0.0628

--- Round 142/500 ---
Averaged Train Loss: 1.4869
Averaged Test Accuracy: 0.4465
Averaged Test AUC: 0.8460
Std Test Accuracy: 0.1547
Std Test AUC: 0.0459

--- Round 143/500 ---
Averaged Train Loss: 1.5034
Averaged Test Accuracy: 0.4392
Averaged Test AUC: 0.8482
Std Test Accuracy: 0.1787
Std Test AUC: 0.0459

--- Round 144/500 ---
Averaged Train Loss: 1.5174
Averaged Test Accuracy: 0.4433
Averaged Test AUC: 0.8436
Std Test Accuracy: 0.1914
Std Test AUC: 0.0584

--- Round 145/500 ---
Averaged Train Loss: 1.5102
Averaged Test Accuracy: 0.4453
Averaged Test AUC: 0.8445
Std Test Accuracy: 0.1467
Std Test AUC: 0.0517

--- Round 146/500 ---
Averaged Train Loss: 1.4934
Averaged Test Accuracy: 0.4598
Averaged Test AUC: 0.8491
Std Test Accuracy: 0.1734
Std Test AUC: 0.0559

--- Round 147/500 ---
Averaged Train Loss: 1.4787
Averaged Test Accuracy: 0.4524
Averaged Test AUC: 0.8467
Std Test Accuracy: 0.1490
Std Test AUC: 0.0456

--- Round 148/500 ---
Averaged Train Loss: 1.5052
Averaged Test Accuracy: 0.4368
Averaged Test AUC: 0.8486
Std Test Accuracy: 0.1814
Std Test AUC: 0.0451

--- Round 149/500 ---
Averaged Train Loss: 1.5045
Averaged Test Accuracy: 0.4478
Averaged Test AUC: 0.8457
Std Test Accuracy: 0.1919
Std Test AUC: 0.0581

--- Round 150/500 ---
Averaged Train Loss: 1.5063
Averaged Test Accuracy: 0.4441
Averaged Test AUC: 0.8448
Std Test Accuracy: 0.1549
Std Test AUC: 0.0549

--- Round 151/500 ---
Averaged Train Loss: 1.4873
Averaged Test Accuracy: 0.4601
Averaged Test AUC: 0.8494
Std Test Accuracy: 0.1700
Std Test AUC: 0.0578

--- Round 152/500 ---
Averaged Train Loss: 1.4834
Averaged Test Accuracy: 0.4493
Averaged Test AUC: 0.8468
Std Test Accuracy: 0.1543
Std Test AUC: 0.0451

--- Round 153/500 ---
Averaged Train Loss: 1.4855
Averaged Test Accuracy: 0.4439
Averaged Test AUC: 0.8511
Std Test Accuracy: 0.1695
Std Test AUC: 0.0422

--- Round 154/500 ---
Averaged Train Loss: 1.5076
Averaged Test Accuracy: 0.4476
Averaged Test AUC: 0.8466
Std Test Accuracy: 0.1978
Std Test AUC: 0.0583

--- Round 155/500 ---
Averaged Train Loss: 1.4974
Averaged Test Accuracy: 0.4464
Averaged Test AUC: 0.8462
Std Test Accuracy: 0.1522
Std Test AUC: 0.0537

--- Round 156/500 ---
Averaged Train Loss: 1.4797
Averaged Test Accuracy: 0.4637
Averaged Test AUC: 0.8512
Std Test Accuracy: 0.1814
Std Test AUC: 0.0569

--- Round 157/500 ---
Averaged Train Loss: 1.4700
Averaged Test Accuracy: 0.4536
Averaged Test AUC: 0.8483
Std Test Accuracy: 0.1492
Std Test AUC: 0.0444

--- Round 158/500 ---
Averaged Train Loss: 1.4904
Averaged Test Accuracy: 0.4466
Averaged Test AUC: 0.8513
Std Test Accuracy: 0.1814
Std Test AUC: 0.0456

--- Round 159/500 ---
Averaged Train Loss: 1.5015
Averaged Test Accuracy: 0.4503
Averaged Test AUC: 0.8460
Std Test Accuracy: 0.1923
Std Test AUC: 0.0589

--- Round 160/500 ---
Averaged Train Loss: 1.4819
Averaged Test Accuracy: 0.4501
Averaged Test AUC: 0.8487
Std Test Accuracy: 0.1535
Std Test AUC: 0.0511

--- Round 161/500 ---
Averaged Train Loss: 1.4796
Averaged Test Accuracy: 0.4606
Averaged Test AUC: 0.8512
Std Test Accuracy: 0.1829
Std Test AUC: 0.0566

--- Round 162/500 ---
Averaged Train Loss: 1.4845
Averaged Test Accuracy: 0.4447
Averaged Test AUC: 0.8477
Std Test Accuracy: 0.1650
Std Test AUC: 0.0466

--- Round 163/500 ---
Averaged Train Loss: 1.4819
Averaged Test Accuracy: 0.4462
Averaged Test AUC: 0.8519
Std Test Accuracy: 0.1768
Std Test AUC: 0.0439

--- Round 164/500 ---
Averaged Train Loss: 1.5240
Averaged Test Accuracy: 0.4423
Averaged Test AUC: 0.8445
Std Test Accuracy: 0.2033
Std Test AUC: 0.0630

--- Round 165/500 ---
Averaged Train Loss: 1.4858
Averaged Test Accuracy: 0.4526
Averaged Test AUC: 0.8471
Std Test Accuracy: 0.1516
Std Test AUC: 0.0539

--- Round 166/500 ---
Averaged Train Loss: 1.4709
Averaged Test Accuracy: 0.4660
Averaged Test AUC: 0.8522
Std Test Accuracy: 0.1789
Std Test AUC: 0.0573

--- Round 167/500 ---
Averaged Train Loss: 1.4643
Averaged Test Accuracy: 0.4549
Averaged Test AUC: 0.8500
Std Test Accuracy: 0.1564
Std Test AUC: 0.0441

--- Round 168/500 ---
Averaged Train Loss: 1.4812
Averaged Test Accuracy: 0.4478
Averaged Test AUC: 0.8527
Std Test Accuracy: 0.1781
Std Test AUC: 0.0439

--- Round 169/500 ---
Averaged Train Loss: 1.4943
Averaged Test Accuracy: 0.4513
Averaged Test AUC: 0.8482
Std Test Accuracy: 0.2003
Std Test AUC: 0.0597

--- Round 170/500 ---
Averaged Train Loss: 1.4954
Averaged Test Accuracy: 0.4549
Averaged Test AUC: 0.8467
Std Test Accuracy: 0.1549
Std Test AUC: 0.0518

--- Round 171/500 ---
Averaged Train Loss: 1.4584
Averaged Test Accuracy: 0.4668
Averaged Test AUC: 0.8543
Std Test Accuracy: 0.1768
Std Test AUC: 0.0549

--- Round 172/500 ---
Averaged Train Loss: 1.4607
Averaged Test Accuracy: 0.4550
Averaged Test AUC: 0.8506
Std Test Accuracy: 0.1562
Std Test AUC: 0.0434

--- Round 173/500 ---
Averaged Train Loss: 1.4689
Averaged Test Accuracy: 0.4546
Averaged Test AUC: 0.8548
Std Test Accuracy: 0.1658
Std Test AUC: 0.0401

--- Round 174/500 ---
Averaged Train Loss: 1.4826
Averaged Test Accuracy: 0.4581
Averaged Test AUC: 0.8489
Std Test Accuracy: 0.1916
Std Test AUC: 0.0588

--- Round 175/500 ---
Averaged Train Loss: 1.4811
Averaged Test Accuracy: 0.4537
Averaged Test AUC: 0.8479
Std Test Accuracy: 0.1508
Std Test AUC: 0.0530

--- Round 176/500 ---
Averaged Train Loss: 1.4492
Averaged Test Accuracy: 0.4747
Averaged Test AUC: 0.8550
Std Test Accuracy: 0.1741
Std Test AUC: 0.0542

--- Round 177/500 ---
Averaged Train Loss: 1.4555
Averaged Test Accuracy: 0.4621
Averaged Test AUC: 0.8510
Std Test Accuracy: 0.1490
Std Test AUC: 0.0438

--- Round 178/500 ---
Averaged Train Loss: 1.4636
Averaged Test Accuracy: 0.4574
Averaged Test AUC: 0.8543
Std Test Accuracy: 0.1711
Std Test AUC: 0.0425

--- Round 179/500 ---
Averaged Train Loss: 1.4793
Averaged Test Accuracy: 0.4568
Averaged Test AUC: 0.8496
Std Test Accuracy: 0.1853
Std Test AUC: 0.0565

--- Round 180/500 ---
Averaged Train Loss: 1.4727
Averaged Test Accuracy: 0.4614
Averaged Test AUC: 0.8496
Std Test Accuracy: 0.1432
Std Test AUC: 0.0498

--- Round 181/500 ---
Averaged Train Loss: 1.4563
Averaged Test Accuracy: 0.4707
Averaged Test AUC: 0.8546
Std Test Accuracy: 0.1789
Std Test AUC: 0.0563

--- Round 182/500 ---
Averaged Train Loss: 1.4499
Averaged Test Accuracy: 0.4586
Averaged Test AUC: 0.8521
Std Test Accuracy: 0.1537
Std Test AUC: 0.0419

--- Round 183/500 ---
Averaged Train Loss: 1.4562
Averaged Test Accuracy: 0.4597
Averaged Test AUC: 0.8555
Std Test Accuracy: 0.1680
Std Test AUC: 0.0409

--- Round 184/500 ---
Averaged Train Loss: 1.4652
Averaged Test Accuracy: 0.4643
Averaged Test AUC: 0.8517
Std Test Accuracy: 0.1842
Std Test AUC: 0.0562

--- Round 185/500 ---
Averaged Train Loss: 1.4460
Averaged Test Accuracy: 0.4647
Averaged Test AUC: 0.8524
Std Test Accuracy: 0.1429
Std Test AUC: 0.0478

--- Round 186/500 ---
Averaged Train Loss: 1.4389
Averaged Test Accuracy: 0.4750
Averaged Test AUC: 0.8568
Std Test Accuracy: 0.1791
Std Test AUC: 0.0536

--- Round 187/500 ---
Averaged Train Loss: 1.4490
Averaged Test Accuracy: 0.4620
Averaged Test AUC: 0.8525
Std Test Accuracy: 0.1584
Std Test AUC: 0.0442

--- Round 188/500 ---
Averaged Train Loss: 1.4538
Averaged Test Accuracy: 0.4623
Averaged Test AUC: 0.8555
Std Test Accuracy: 0.1693
Std Test AUC: 0.0418

--- Round 189/500 ---
Averaged Train Loss: 1.4691
Averaged Test Accuracy: 0.4600
Averaged Test AUC: 0.8517
Std Test Accuracy: 0.1976
Std Test AUC: 0.0576

--- Round 190/500 ---
Averaged Train Loss: 1.4864
Averaged Test Accuracy: 0.4517
Averaged Test AUC: 0.8499
Std Test Accuracy: 0.1648
Std Test AUC: 0.0553

--- Round 191/500 ---
Averaged Train Loss: 1.4368
Averaged Test Accuracy: 0.4772
Averaged Test AUC: 0.8569
Std Test Accuracy: 0.1738
Std Test AUC: 0.0541

--- Round 192/500 ---
Averaged Train Loss: 1.4481
Averaged Test Accuracy: 0.4605
Averaged Test AUC: 0.8519
Std Test Accuracy: 0.1644
Std Test AUC: 0.0483

--- Round 193/500 ---
Averaged Train Loss: 1.4541
Averaged Test Accuracy: 0.4605
Averaged Test AUC: 0.8557
Std Test Accuracy: 0.1741
Std Test AUC: 0.0428

--- Round 194/500 ---
Averaged Train Loss: 1.4684
Averaged Test Accuracy: 0.4637
Averaged Test AUC: 0.8515
Std Test Accuracy: 0.1906
Std Test AUC: 0.0579

--- Round 195/500 ---
Averaged Train Loss: 1.4492
Averaged Test Accuracy: 0.4719
Averaged Test AUC: 0.8528
Std Test Accuracy: 0.1402
Std Test AUC: 0.0505

--- Round 196/500 ---
Averaged Train Loss: 1.4492
Averaged Test Accuracy: 0.4717
Averaged Test AUC: 0.8555
Std Test Accuracy: 0.1937
Std Test AUC: 0.0595

--- Round 197/500 ---
Averaged Train Loss: 1.4484
Averaged Test Accuracy: 0.4608
Averaged Test AUC: 0.8527
Std Test Accuracy: 0.1633
Std Test AUC: 0.0471

--- Round 198/500 ---
Averaged Train Loss: 1.4375
Averaged Test Accuracy: 0.4688
Averaged Test AUC: 0.8572
Std Test Accuracy: 0.1604
Std Test AUC: 0.0403

--- Round 199/500 ---
Averaged Train Loss: 1.4628
Averaged Test Accuracy: 0.4647
Averaged Test AUC: 0.8520
Std Test Accuracy: 0.1900
Std Test AUC: 0.0572

--- Round 200/500 ---
Averaged Train Loss: 1.4573
Averaged Test Accuracy: 0.4658
Averaged Test AUC: 0.8523
Std Test Accuracy: 0.1525
Std Test AUC: 0.0519

--- Round 201/500 ---
Averaged Train Loss: 1.4319
Averaged Test Accuracy: 0.4799
Averaged Test AUC: 0.8577
Std Test Accuracy: 0.1754
Std Test AUC: 0.0556

--- Round 202/500 ---
Averaged Train Loss: 1.4175
Averaged Test Accuracy: 0.4758
Averaged Test AUC: 0.8560
Std Test Accuracy: 0.1490
Std Test AUC: 0.0416

--- Round 203/500 ---
Averaged Train Loss: 1.4339
Averaged Test Accuracy: 0.4685
Averaged Test AUC: 0.8582
Std Test Accuracy: 0.1640
Std Test AUC: 0.0398

--- Round 204/500 ---
Averaged Train Loss: 1.4421
Averaged Test Accuracy: 0.4725
Averaged Test AUC: 0.8546
Std Test Accuracy: 0.1810
Std Test AUC: 0.0531

--- Round 205/500 ---
Averaged Train Loss: 1.4553
Averaged Test Accuracy: 0.4613
Averaged Test AUC: 0.8538
Std Test Accuracy: 0.1539
Std Test AUC: 0.0497

--- Round 206/500 ---
Averaged Train Loss: 1.4480
Averaged Test Accuracy: 0.4738
Averaged Test AUC: 0.8559
Std Test Accuracy: 0.1885
Std Test AUC: 0.0583

--- Round 207/500 ---
Averaged Train Loss: 1.4267
Averaged Test Accuracy: 0.4701
Averaged Test AUC: 0.8553
Std Test Accuracy: 0.1558
Std Test AUC: 0.0444

--- Round 208/500 ---
Averaged Train Loss: 1.4406
Averaged Test Accuracy: 0.4663
Averaged Test AUC: 0.8579
Std Test Accuracy: 0.1722
Std Test AUC: 0.0425

--- Round 209/500 ---
Averaged Train Loss: 1.4327
Averaged Test Accuracy: 0.4750
Averaged Test AUC: 0.8557
Std Test Accuracy: 0.1748
Std Test AUC: 0.0521

--- Round 210/500 ---
Averaged Train Loss: 1.4497
Averaged Test Accuracy: 0.4651
Averaged Test AUC: 0.8536
Std Test Accuracy: 0.1604
Std Test AUC: 0.0503

--- Round 211/500 ---
Averaged Train Loss: 1.4437
Averaged Test Accuracy: 0.4775
Averaged Test AUC: 0.8567
Std Test Accuracy: 0.1843
Std Test AUC: 0.0570

--- Round 212/500 ---
Averaged Train Loss: 1.4297
Averaged Test Accuracy: 0.4672
Averaged Test AUC: 0.8550
Std Test Accuracy: 0.1604
Std Test AUC: 0.0456

--- Round 213/500 ---
Averaged Train Loss: 1.4221
Averaged Test Accuracy: 0.4756
Averaged Test AUC: 0.8592
Std Test Accuracy: 0.1600
Std Test AUC: 0.0406

--- Round 214/500 ---
Averaged Train Loss: 1.4431
Averaged Test Accuracy: 0.4719
Averaged Test AUC: 0.8549
Std Test Accuracy: 0.1860
Std Test AUC: 0.0542

--- Round 215/500 ---
Averaged Train Loss: 1.4557
Averaged Test Accuracy: 0.4625
Averaged Test AUC: 0.8534
Std Test Accuracy: 0.1642
Std Test AUC: 0.0532

--- Round 216/500 ---
Averaged Train Loss: 1.4292
Averaged Test Accuracy: 0.4819
Averaged Test AUC: 0.8579
Std Test Accuracy: 0.1728
Std Test AUC: 0.0567

--- Round 217/500 ---
Averaged Train Loss: 1.4317
Averaged Test Accuracy: 0.4656
Averaged Test AUC: 0.8552
Std Test Accuracy: 0.1576
Std Test AUC: 0.0438

--- Round 218/500 ---
Averaged Train Loss: 1.4321
Averaged Test Accuracy: 0.4701
Averaged Test AUC: 0.8584
Std Test Accuracy: 0.1684
Std Test AUC: 0.0423

--- Round 219/500 ---
Averaged Train Loss: 1.4339
Averaged Test Accuracy: 0.4763
Averaged Test AUC: 0.8560
Std Test Accuracy: 0.1852
Std Test AUC: 0.0531

--- Round 220/500 ---
Averaged Train Loss: 1.4431
Averaged Test Accuracy: 0.4670
Averaged Test AUC: 0.8556
Std Test Accuracy: 0.1535
Std Test AUC: 0.0487

--- Round 221/500 ---
Averaged Train Loss: 1.4240
Averaged Test Accuracy: 0.4874
Averaged Test AUC: 0.8588
Std Test Accuracy: 0.1743
Std Test AUC: 0.0559

--- Round 222/500 ---
Averaged Train Loss: 1.4152
Averaged Test Accuracy: 0.4764
Averaged Test AUC: 0.8570
Std Test Accuracy: 0.1500
Std Test AUC: 0.0426

--- Round 223/500 ---
Averaged Train Loss: 1.4282
Averaged Test Accuracy: 0.4711
Averaged Test AUC: 0.8584
Std Test Accuracy: 0.1643
Std Test AUC: 0.0420

--- Round 224/500 ---
Averaged Train Loss: 1.4306
Averaged Test Accuracy: 0.4759
Averaged Test AUC: 0.8562
Std Test Accuracy: 0.1882
Std Test AUC: 0.0548

--- Round 225/500 ---
Averaged Train Loss: 1.4144
Averaged Test Accuracy: 0.4780
Averaged Test AUC: 0.8588
Std Test Accuracy: 0.1403
Std Test AUC: 0.0480

--- Round 226/500 ---
Averaged Train Loss: 1.4256
Averaged Test Accuracy: 0.4839
Averaged Test AUC: 0.8589
Std Test Accuracy: 0.1807
Std Test AUC: 0.0574

--- Round 227/500 ---
Averaged Train Loss: 1.4008
Averaged Test Accuracy: 0.4826
Averaged Test AUC: 0.8587
Std Test Accuracy: 0.1420
Std Test AUC: 0.0399

--- Round 228/500 ---
Averaged Train Loss: 1.4288
Averaged Test Accuracy: 0.4704
Averaged Test AUC: 0.8585
Std Test Accuracy: 0.1651
Std Test AUC: 0.0420

--- Round 229/500 ---
Averaged Train Loss: 1.4367
Averaged Test Accuracy: 0.4750
Averaged Test AUC: 0.8548
Std Test Accuracy: 0.1779
Std Test AUC: 0.0541

--- Round 230/500 ---
Averaged Train Loss: 1.4206
Averaged Test Accuracy: 0.4747
Averaged Test AUC: 0.8570
Std Test Accuracy: 0.1506
Std Test AUC: 0.0486

--- Round 231/500 ---
Averaged Train Loss: 1.4207
Averaged Test Accuracy: 0.4825
Averaged Test AUC: 0.8597
Std Test Accuracy: 0.1856
Std Test AUC: 0.0583

--- Round 232/500 ---
Averaged Train Loss: 1.3973
Averaged Test Accuracy: 0.4841
Averaged Test AUC: 0.8592
Std Test Accuracy: 0.1466
Std Test AUC: 0.0414

--- Round 233/500 ---
Averaged Train Loss: 1.4097
Averaged Test Accuracy: 0.4790
Averaged Test AUC: 0.8611
Std Test Accuracy: 0.1613
Std Test AUC: 0.0396

--- Round 234/500 ---
Averaged Train Loss: 1.4362
Averaged Test Accuracy: 0.4771
Averaged Test AUC: 0.8551
Std Test Accuracy: 0.1824
Std Test AUC: 0.0545

--- Round 235/500 ---
Averaged Train Loss: 1.4140
Averaged Test Accuracy: 0.4850
Averaged Test AUC: 0.8576
Std Test Accuracy: 0.1404
Std Test AUC: 0.0459

--- Round 236/500 ---
Averaged Train Loss: 1.3907
Averaged Test Accuracy: 0.4917
Averaged Test AUC: 0.8623
Std Test Accuracy: 0.1659
Std Test AUC: 0.0524

--- Round 237/500 ---
Averaged Train Loss: 1.3935
Averaged Test Accuracy: 0.4860
Averaged Test AUC: 0.8596
Std Test Accuracy: 0.1430
Std Test AUC: 0.0397

--- Round 238/500 ---
Averaged Train Loss: 1.4109
Averaged Test Accuracy: 0.4802
Averaged Test AUC: 0.8602
Std Test Accuracy: 0.1510
Std Test AUC: 0.0404

--- Round 239/500 ---
Averaged Train Loss: 1.4189
Averaged Test Accuracy: 0.4800
Averaged Test AUC: 0.8580
Std Test Accuracy: 0.1900
Std Test AUC: 0.0531

--- Round 240/500 ---
Averaged Train Loss: 1.4271
Averaged Test Accuracy: 0.4761
Averaged Test AUC: 0.8562
Std Test Accuracy: 0.1534
Std Test AUC: 0.0502

--- Round 241/500 ---
Averaged Train Loss: 1.4158
Averaged Test Accuracy: 0.4845
Averaged Test AUC: 0.8609
Std Test Accuracy: 0.1977
Std Test AUC: 0.0575

--- Round 242/500 ---
Averaged Train Loss: 1.4640
Averaged Test Accuracy: 0.4726
Averaged Test AUC: 0.8512
Std Test Accuracy: 0.1521
Std Test AUC: 0.0612

--- Round 243/500 ---
Averaged Train Loss: 1.5864
Averaged Test Accuracy: 0.4268
Averaged Test AUC: 0.8485
Std Test Accuracy: 0.2266
Std Test AUC: 0.0699

--- Round 244/500 ---
Averaged Train Loss: 1.4417
Averaged Test Accuracy: 0.4727
Averaged Test AUC: 0.8545
Std Test Accuracy: 0.1563
Std Test AUC: 0.0550

--- Round 245/500 ---
Averaged Train Loss: 1.4185
Averaged Test Accuracy: 0.4818
Averaged Test AUC: 0.8549
Std Test Accuracy: 0.1341
Std Test AUC: 0.0496

--- Round 246/500 ---
Averaged Train Loss: 1.5939
Averaged Test Accuracy: 0.4309
Averaged Test AUC: 0.8483
Std Test Accuracy: 0.2246
Std Test AUC: 0.0712

--- Round 247/500 ---
Averaged Train Loss: 1.4634
Averaged Test Accuracy: 0.4679
Averaged Test AUC: 0.8503
Std Test Accuracy: 0.1566
Std Test AUC: 0.0562

--- Round 248/500 ---
Averaged Train Loss: 1.4297
Averaged Test Accuracy: 0.4738
Averaged Test AUC: 0.8542
Std Test Accuracy: 0.1323
Std Test AUC: 0.0470

--- Round 249/500 ---
Averaged Train Loss: 1.4432
Averaged Test Accuracy: 0.4679
Averaged Test AUC: 0.8598
Std Test Accuracy: 0.2008
Std Test AUC: 0.0528

--- Round 250/500 ---
Averaged Train Loss: 1.4638
Averaged Test Accuracy: 0.4633
Averaged Test AUC: 0.8524
Std Test Accuracy: 0.1616
Std Test AUC: 0.0535

--- Round 251/500 ---
Averaged Train Loss: 1.4256
Averaged Test Accuracy: 0.4749
Averaged Test AUC: 0.8550
Std Test Accuracy: 0.1292
Std Test AUC: 0.0470

--- Round 252/500 ---
Averaged Train Loss: 1.5039
Averaged Test Accuracy: 0.4568
Averaged Test AUC: 0.8554
Std Test Accuracy: 0.2255
Std Test AUC: 0.0627

--- Round 253/500 ---
Averaged Train Loss: 1.4797
Averaged Test Accuracy: 0.4482
Averaged Test AUC: 0.8553
Std Test Accuracy: 0.2022
Std Test AUC: 0.0590

--- Round 254/500 ---
Averaged Train Loss: 1.4242
Averaged Test Accuracy: 0.4751
Averaged Test AUC: 0.8555
Std Test Accuracy: 0.1342
Std Test AUC: 0.0461

--- Round 255/500 ---
Averaged Train Loss: 1.4659
Averaged Test Accuracy: 0.4696
Averaged Test AUC: 0.8578
Std Test Accuracy: 0.2158
Std Test AUC: 0.0598

--- Round 256/500 ---
Averaged Train Loss: 1.4455
Averaged Test Accuracy: 0.4728
Averaged Test AUC: 0.8563
Std Test Accuracy: 0.1786
Std Test AUC: 0.0576

--- Round 257/500 ---
Averaged Train Loss: 1.4117
Averaged Test Accuracy: 0.4810
Averaged Test AUC: 0.8573
Std Test Accuracy: 0.1357
Std Test AUC: 0.0427

--- Round 258/500 ---
Averaged Train Loss: 1.4099
Averaged Test Accuracy: 0.4854
Averaged Test AUC: 0.8627
Std Test Accuracy: 0.1662
Std Test AUC: 0.0426

--- Round 259/500 ---
Averaged Train Loss: 1.4226
Averaged Test Accuracy: 0.4796
Averaged Test AUC: 0.8583
Std Test Accuracy: 0.1626
Std Test AUC: 0.0527

--- Round 260/500 ---
Averaged Train Loss: 1.4033
Averaged Test Accuracy: 0.4858
Averaged Test AUC: 0.8583
Std Test Accuracy: 0.1359
Std Test AUC: 0.0437

--- Round 261/500 ---
Averaged Train Loss: 1.4058
Averaged Test Accuracy: 0.4831
Averaged Test AUC: 0.8629
Std Test Accuracy: 0.1788
Std Test AUC: 0.0468

--- Round 262/500 ---
Averaged Train Loss: 1.3657
Averaged Test Accuracy: 0.4988
Averaged Test AUC: 0.8649
Std Test Accuracy: 0.1679
Std Test AUC: 0.0485

--- Round 263/500 ---
Averaged Train Loss: 1.4046
Averaged Test Accuracy: 0.4804
Averaged Test AUC: 0.8597
Std Test Accuracy: 0.1501
Std Test AUC: 0.0402

--- Round 264/500 ---
Averaged Train Loss: 1.3569
Averaged Test Accuracy: 0.5017
Averaged Test AUC: 0.8642
Std Test Accuracy: 0.1556
Std Test AUC: 0.0463

--- Round 265/500 ---
Averaged Train Loss: 1.4268
Averaged Test Accuracy: 0.4777
Averaged Test AUC: 0.8590
Std Test Accuracy: 0.1984
Std Test AUC: 0.0575

--- Round 266/500 ---
Averaged Train Loss: 1.4749
Averaged Test Accuracy: 0.4566
Averaged Test AUC: 0.8531
Std Test Accuracy: 0.1735
Std Test AUC: 0.0530

--- Round 267/500 ---
Averaged Train Loss: 1.3482
Averaged Test Accuracy: 0.5047
Averaged Test AUC: 0.8651
Std Test Accuracy: 0.1347
Std Test AUC: 0.0380

--- Round 268/500 ---
Averaged Train Loss: 1.4032
Averaged Test Accuracy: 0.4838
Averaged Test AUC: 0.8626
Std Test Accuracy: 0.1769
Std Test AUC: 0.0481

--- Round 269/500 ---
Averaged Train Loss: 1.4446
Averaged Test Accuracy: 0.4652
Averaged Test AUC: 0.8556
Std Test Accuracy: 0.1637
Std Test AUC: 0.0480

--- Round 270/500 ---
Averaged Train Loss: 1.3604
Averaged Test Accuracy: 0.5000
Averaged Test AUC: 0.8637
Std Test Accuracy: 0.1357
Std Test AUC: 0.0389

--- Round 271/500 ---
Averaged Train Loss: 1.3555
Averaged Test Accuracy: 0.5013
Averaged Test AUC: 0.8668
Std Test Accuracy: 0.1606
Std Test AUC: 0.0443

--- Round 272/500 ---
Averaged Train Loss: 1.4436
Averaged Test Accuracy: 0.4580
Averaged Test AUC: 0.8557
Std Test Accuracy: 0.1532
Std Test AUC: 0.0403

--- Round 273/500 ---
Averaged Train Loss: 1.3335
Averaged Test Accuracy: 0.5083
Averaged Test AUC: 0.8674
Std Test Accuracy: 0.1235
Std Test AUC: 0.0337

--- Round 274/500 ---
Averaged Train Loss: 1.4031
Averaged Test Accuracy: 0.4755
Averaged Test AUC: 0.8640
Std Test Accuracy: 0.1892
Std Test AUC: 0.0464

--- Round 275/500 ---
Averaged Train Loss: 1.4228
Averaged Test Accuracy: 0.4725
Averaged Test AUC: 0.8580
Std Test Accuracy: 0.1540
Std Test AUC: 0.0436

--- Round 276/500 ---
Averaged Train Loss: 1.3565
Averaged Test Accuracy: 0.5011
Averaged Test AUC: 0.8641
Std Test Accuracy: 0.1571
Std Test AUC: 0.0481

--- Round 277/500 ---
Averaged Train Loss: 1.3728
Averaged Test Accuracy: 0.4893
Averaged Test AUC: 0.8647
Std Test Accuracy: 0.1658
Std Test AUC: 0.0514

--- Round 278/500 ---
Averaged Train Loss: 1.3996
Averaged Test Accuracy: 0.4766
Averaged Test AUC: 0.8584
Std Test Accuracy: 0.1160
Std Test AUC: 0.0336

--- Round 279/500 ---
Averaged Train Loss: 1.3555
Averaged Test Accuracy: 0.5019
Averaged Test AUC: 0.8647
Std Test Accuracy: 0.1517
Std Test AUC: 0.0436

--- Round 280/500 ---
Averaged Train Loss: 1.3792
Averaged Test Accuracy: 0.4880
Averaged Test AUC: 0.8642
Std Test Accuracy: 0.1720
Std Test AUC: 0.0521

--- Round 281/500 ---
Averaged Train Loss: 1.3974
Averaged Test Accuracy: 0.4775
Averaged Test AUC: 0.8583
Std Test Accuracy: 0.1199
Std Test AUC: 0.0349

--- Round 282/500 ---
Averaged Train Loss: 1.3950
Averaged Test Accuracy: 0.4916
Averaged Test AUC: 0.8609
Std Test Accuracy: 0.1825
Std Test AUC: 0.0619

--- Round 283/500 ---
Averaged Train Loss: 1.4127
Averaged Test Accuracy: 0.4801
Averaged Test AUC: 0.8623
Std Test Accuracy: 0.1926
Std Test AUC: 0.0546

--- Round 284/500 ---
Averaged Train Loss: 1.4485
Averaged Test Accuracy: 0.4649
Averaged Test AUC: 0.8560
Std Test Accuracy: 0.1705
Std Test AUC: 0.0507

--- Round 285/500 ---
Averaged Train Loss: 1.3348
Averaged Test Accuracy: 0.5092
Averaged Test AUC: 0.8679
Std Test Accuracy: 0.1413
Std Test AUC: 0.0424

--- Round 286/500 ---
Averaged Train Loss: 1.3578
Averaged Test Accuracy: 0.5009
Averaged Test AUC: 0.8652
Std Test Accuracy: 0.1601
Std Test AUC: 0.0435

--- Round 287/500 ---
Averaged Train Loss: 1.4185
Averaged Test Accuracy: 0.4722
Averaged Test AUC: 0.8588
Std Test Accuracy: 0.1622
Std Test AUC: 0.0439

--- Round 288/500 ---
Averaged Train Loss: 1.3444
Averaged Test Accuracy: 0.5050
Averaged Test AUC: 0.8667
Std Test Accuracy: 0.1467
Std Test AUC: 0.0390

--- Round 289/500 ---
Averaged Train Loss: 1.3966
Averaged Test Accuracy: 0.4818
Averaged Test AUC: 0.8636
Std Test Accuracy: 0.1826
Std Test AUC: 0.0515

--- Round 290/500 ---
Averaged Train Loss: 1.4086
Averaged Test Accuracy: 0.4755
Averaged Test AUC: 0.8592
Std Test Accuracy: 0.1479
Std Test AUC: 0.0397

--- Round 291/500 ---
Averaged Train Loss: 1.3394
Averaged Test Accuracy: 0.5088
Averaged Test AUC: 0.8680
Std Test Accuracy: 0.1613
Std Test AUC: 0.0447

--- Round 292/500 ---
Averaged Train Loss: 1.3869
Averaged Test Accuracy: 0.4903
Averaged Test AUC: 0.8631
Std Test Accuracy: 0.1634
Std Test AUC: 0.0468

--- Round 293/500 ---
Averaged Train Loss: 1.3933
Averaged Test Accuracy: 0.4822
Averaged Test AUC: 0.8607
Std Test Accuracy: 0.1390
Std Test AUC: 0.0381

--- Round 294/500 ---
Averaged Train Loss: 1.3249
Averaged Test Accuracy: 0.5121
Averaged Test AUC: 0.8688
Std Test Accuracy: 0.1385
Std Test AUC: 0.0377

--- Round 295/500 ---
Averaged Train Loss: 1.3715
Averaged Test Accuracy: 0.4952
Averaged Test AUC: 0.8660
Std Test Accuracy: 0.1836
Std Test AUC: 0.0493

--- Round 296/500 ---
Averaged Train Loss: 1.4204
Averaged Test Accuracy: 0.4733
Averaged Test AUC: 0.8583
Std Test Accuracy: 0.1598
Std Test AUC: 0.0423

--- Round 297/500 ---
Averaged Train Loss: 1.3258
Averaged Test Accuracy: 0.5116
Averaged Test AUC: 0.8684
Std Test Accuracy: 0.1408
Std Test AUC: 0.0412

--- Round 298/500 ---
Averaged Train Loss: 1.3983
Averaged Test Accuracy: 0.4880
Averaged Test AUC: 0.8630
Std Test Accuracy: 0.1988
Std Test AUC: 0.0558

--- Round 299/500 ---
Averaged Train Loss: 1.3971
Averaged Test Accuracy: 0.4818
Averaged Test AUC: 0.8604
Std Test Accuracy: 0.1567
Std Test AUC: 0.0411

--- Round 300/500 ---
Averaged Train Loss: 1.3683
Averaged Test Accuracy: 0.4939
Averaged Test AUC: 0.8662
Std Test Accuracy: 0.1767
Std Test AUC: 0.0446

--- Round 301/500 ---
Averaged Train Loss: 1.3641
Averaged Test Accuracy: 0.4985
Averaged Test AUC: 0.8665
Std Test Accuracy: 0.1704
Std Test AUC: 0.0447

--- Round 302/500 ---
Averaged Train Loss: 1.3895
Averaged Test Accuracy: 0.4790
Averaged Test AUC: 0.8606
Std Test Accuracy: 0.1191
Std Test AUC: 0.0323

--- Round 303/500 ---
Averaged Train Loss: 1.3693
Averaged Test Accuracy: 0.4910
Averaged Test AUC: 0.8652
Std Test Accuracy: 0.1667
Std Test AUC: 0.0476

--- Round 304/500 ---
Averaged Train Loss: 1.3632
Averaged Test Accuracy: 0.4988
Averaged Test AUC: 0.8645
Std Test Accuracy: 0.1544
Std Test AUC: 0.0511

--- Round 305/500 ---
Averaged Train Loss: 1.3785
Averaged Test Accuracy: 0.4850
Averaged Test AUC: 0.8618
Std Test Accuracy: 0.1169
Std Test AUC: 0.0322

--- Round 306/500 ---
Averaged Train Loss: 1.3730
Averaged Test Accuracy: 0.4900
Averaged Test AUC: 0.8648
Std Test Accuracy: 0.1766
Std Test AUC: 0.0478

--- Round 307/500 ---
Averaged Train Loss: 1.3830
Averaged Test Accuracy: 0.4856
Averaged Test AUC: 0.8647
Std Test Accuracy: 0.1816
Std Test AUC: 0.0515

--- Round 308/500 ---
Averaged Train Loss: 1.3924
Averaged Test Accuracy: 0.4824
Averaged Test AUC: 0.8607
Std Test Accuracy: 0.1435
Std Test AUC: 0.0382

--- Round 309/500 ---
Averaged Train Loss: 1.4924
Averaged Test Accuracy: 0.4717
Averaged Test AUC: 0.8530
Std Test Accuracy: 0.2079
Std Test AUC: 0.0761

--- Round 310/500 ---
Averaged Train Loss: 1.4334
Averaged Test Accuracy: 0.4745
Averaged Test AUC: 0.8565
Std Test Accuracy: 0.1926
Std Test AUC: 0.0659

--- Round 311/500 ---
Averaged Train Loss: 1.4166
Averaged Test Accuracy: 0.4801
Averaged Test AUC: 0.8590
Std Test Accuracy: 0.1706
Std Test AUC: 0.0517

--- Round 312/500 ---
Averaged Train Loss: 1.3375
Averaged Test Accuracy: 0.5090
Averaged Test AUC: 0.8676
Std Test Accuracy: 0.1470
Std Test AUC: 0.0397

--- Round 313/500 ---
Averaged Train Loss: 1.3792
Averaged Test Accuracy: 0.4939
Averaged Test AUC: 0.8641
Std Test Accuracy: 0.1831
Std Test AUC: 0.0518

--- Round 314/500 ---
Averaged Train Loss: 1.4288
Averaged Test Accuracy: 0.4752
Averaged Test AUC: 0.8532
Std Test Accuracy: 0.1554
Std Test AUC: 0.0640

--- Round 315/500 ---
Averaged Train Loss: 1.3288
Averaged Test Accuracy: 0.5141
Averaged Test AUC: 0.8682
Std Test Accuracy: 0.1284
Std Test AUC: 0.0372

--- Round 316/500 ---
Averaged Train Loss: 1.4273
Averaged Test Accuracy: 0.4695
Averaged Test AUC: 0.8610
Std Test Accuracy: 0.2073
Std Test AUC: 0.0571

--- Round 317/500 ---
Averaged Train Loss: 1.4236
Averaged Test Accuracy: 0.4727
Averaged Test AUC: 0.8568
Std Test Accuracy: 0.1446
Std Test AUC: 0.0471

--- Round 318/500 ---
Averaged Train Loss: 1.3118
Averaged Test Accuracy: 0.5164
Averaged Test AUC: 0.8710
Std Test Accuracy: 0.1361
Std Test AUC: 0.0369

--- Round 319/500 ---
Averaged Train Loss: 1.3509
Averaged Test Accuracy: 0.4935
Averaged Test AUC: 0.8669
Std Test Accuracy: 0.1543
Std Test AUC: 0.0431

--- Round 320/500 ---
Averaged Train Loss: 1.4230
Averaged Test Accuracy: 0.4637
Averaged Test AUC: 0.8576
Std Test Accuracy: 0.1361
Std Test AUC: 0.0391

--- Round 321/500 ---
Averaged Train Loss: 1.3150
Averaged Test Accuracy: 0.5174
Averaged Test AUC: 0.8705
Std Test Accuracy: 0.1373
Std Test AUC: 0.0380

--- Round 322/500 ---
Averaged Train Loss: 1.3912
Averaged Test Accuracy: 0.4813
Averaged Test AUC: 0.8631
Std Test Accuracy: 0.1748
Std Test AUC: 0.0473

--- Round 323/500 ---
Averaged Train Loss: 1.3995
Averaged Test Accuracy: 0.4810
Averaged Test AUC: 0.8598
Std Test Accuracy: 0.1544
Std Test AUC: 0.0453

--- Round 324/500 ---
Averaged Train Loss: 1.3460
Averaged Test Accuracy: 0.5097
Averaged Test AUC: 0.8675
Std Test Accuracy: 0.1672
Std Test AUC: 0.0535

--- Round 325/500 ---
Averaged Train Loss: 1.3395
Averaged Test Accuracy: 0.5067
Averaged Test AUC: 0.8689
Std Test Accuracy: 0.1683
Std Test AUC: 0.0472

--- Round 326/500 ---
Averaged Train Loss: 1.4123
Averaged Test Accuracy: 0.4716
Averaged Test AUC: 0.8579
Std Test Accuracy: 0.1478
Std Test AUC: 0.0426

--- Round 327/500 ---
Averaged Train Loss: 1.3096
Averaged Test Accuracy: 0.5179
Averaged Test AUC: 0.8699
Std Test Accuracy: 0.1031
Std Test AUC: 0.0295

--- Round 328/500 ---
Averaged Train Loss: 1.3489
Averaged Test Accuracy: 0.4996
Averaged Test AUC: 0.8672
Std Test Accuracy: 0.1615
Std Test AUC: 0.0505

--- Round 329/500 ---
Averaged Train Loss: 1.3797
Averaged Test Accuracy: 0.4864
Averaged Test AUC: 0.8603
Std Test Accuracy: 0.1303
Std Test AUC: 0.0397

--- Round 330/500 ---
Averaged Train Loss: 1.3148
Averaged Test Accuracy: 0.5183
Averaged Test AUC: 0.8704
Std Test Accuracy: 0.1329
Std Test AUC: 0.0382

--- Round 331/500 ---
Averaged Train Loss: 1.3211
Averaged Test Accuracy: 0.5142
Averaged Test AUC: 0.8706
Std Test Accuracy: 0.1502
Std Test AUC: 0.0423

--- Round 332/500 ---
Averaged Train Loss: 1.4090
Averaged Test Accuracy: 0.4763
Averaged Test AUC: 0.8594
Std Test Accuracy: 0.1637
Std Test AUC: 0.0476

--- Round 333/500 ---
Averaged Train Loss: 1.3275
Averaged Test Accuracy: 0.5088
Averaged Test AUC: 0.8693
Std Test Accuracy: 0.1411
Std Test AUC: 0.0378

--- Round 334/500 ---
Averaged Train Loss: 1.3246
Averaged Test Accuracy: 0.5077
Averaged Test AUC: 0.8701
Std Test Accuracy: 0.1482
Std Test AUC: 0.0451

--- Round 335/500 ---
Averaged Train Loss: 1.4033
Averaged Test Accuracy: 0.4784
Averaged Test AUC: 0.8589
Std Test Accuracy: 0.1284
Std Test AUC: 0.0390

--- Round 336/500 ---
Averaged Train Loss: 1.3541
Averaged Test Accuracy: 0.4992
Averaged Test AUC: 0.8665
Std Test Accuracy: 0.1668
Std Test AUC: 0.0446

--- Round 337/500 ---
Averaged Train Loss: 1.3497
Averaged Test Accuracy: 0.5023
Averaged Test AUC: 0.8689
Std Test Accuracy: 0.1752
Std Test AUC: 0.0489

--- Round 338/500 ---
Averaged Train Loss: 1.4219
Averaged Test Accuracy: 0.4665
Averaged Test AUC: 0.8582
Std Test Accuracy: 0.1342
Std Test AUC: 0.0384

--- Round 339/500 ---
Averaged Train Loss: 1.4133
Averaged Test Accuracy: 0.4826
Averaged Test AUC: 0.8620
Std Test Accuracy: 0.1937
Std Test AUC: 0.0555

--- Round 340/500 ---
Averaged Train Loss: 1.3509
Averaged Test Accuracy: 0.4989
Averaged Test AUC: 0.8668
Std Test Accuracy: 0.1707
Std Test AUC: 0.0500

--- Round 341/500 ---
Averaged Train Loss: 1.3765
Averaged Test Accuracy: 0.4892
Averaged Test AUC: 0.8606
Std Test Accuracy: 0.1333
Std Test AUC: 0.0421

--- Round 342/500 ---
Averaged Train Loss: 1.3201
Averaged Test Accuracy: 0.5135
Averaged Test AUC: 0.8704
Std Test Accuracy: 0.1493
Std Test AUC: 0.0424

--- Round 343/500 ---
Averaged Train Loss: 1.3192
Averaged Test Accuracy: 0.5114
Averaged Test AUC: 0.8708
Std Test Accuracy: 0.1499
Std Test AUC: 0.0426

--- Round 344/500 ---
Averaged Train Loss: 1.4536
Averaged Test Accuracy: 0.4584
Averaged Test AUC: 0.8539
Std Test Accuracy: 0.1582
Std Test AUC: 0.0483

--- Round 345/500 ---
Averaged Train Loss: 1.3472
Averaged Test Accuracy: 0.5051
Averaged Test AUC: 0.8692
Std Test Accuracy: 0.1769
Std Test AUC: 0.0495

--- Round 346/500 ---
Averaged Train Loss: 1.3416
Averaged Test Accuracy: 0.5057
Averaged Test AUC: 0.8679
Std Test Accuracy: 0.1601
Std Test AUC: 0.0444

--- Round 347/500 ---
Averaged Train Loss: 1.4279
Averaged Test Accuracy: 0.4617
Averaged Test AUC: 0.8566
Std Test Accuracy: 0.1428
Std Test AUC: 0.0411

--- Round 348/500 ---
Averaged Train Loss: 1.3829
Averaged Test Accuracy: 0.4878
Averaged Test AUC: 0.8638
Std Test Accuracy: 0.1844
Std Test AUC: 0.0561

--- Round 349/500 ---
Averaged Train Loss: 1.2985
Averaged Test Accuracy: 0.5180
Averaged Test AUC: 0.8711
Std Test Accuracy: 0.1306
Std Test AUC: 0.0365

--- Round 350/500 ---
Averaged Train Loss: 1.3966
Averaged Test Accuracy: 0.4782
Averaged Test AUC: 0.8599
Std Test Accuracy: 0.1379
Std Test AUC: 0.0420

--- Round 351/500 ---
Averaged Train Loss: 1.3048
Averaged Test Accuracy: 0.5179
Averaged Test AUC: 0.8725
Std Test Accuracy: 0.1477
Std Test AUC: 0.0360

--- Round 352/500 ---
Averaged Train Loss: 1.3088
Averaged Test Accuracy: 0.5180
Averaged Test AUC: 0.8707
Std Test Accuracy: 0.1257
Std Test AUC: 0.0356

--- Round 353/500 ---
Averaged Train Loss: 1.4334
Averaged Test Accuracy: 0.4629
Averaged Test AUC: 0.8569
Std Test Accuracy: 0.1449
Std Test AUC: 0.0424

--- Round 354/500 ---
Averaged Train Loss: 1.3088
Averaged Test Accuracy: 0.5156
Averaged Test AUC: 0.8723
Std Test Accuracy: 0.1467
Std Test AUC: 0.0355

--- Round 355/500 ---
Averaged Train Loss: 1.3667
Averaged Test Accuracy: 0.4973
Averaged Test AUC: 0.8654
Std Test Accuracy: 0.1790
Std Test AUC: 0.0552

--- Round 356/500 ---
Averaged Train Loss: 1.3867
Averaged Test Accuracy: 0.4845
Averaged Test AUC: 0.8601
Std Test Accuracy: 0.1286
Std Test AUC: 0.0431

--- Round 357/500 ---
Averaged Train Loss: 1.3289
Averaged Test Accuracy: 0.5098
Averaged Test AUC: 0.8695
Std Test Accuracy: 0.1624
Std Test AUC: 0.0411

--- Round 358/500 ---
Averaged Train Loss: 1.3714
Averaged Test Accuracy: 0.4935
Averaged Test AUC: 0.8661
Std Test Accuracy: 0.1712
Std Test AUC: 0.0511

--- Round 359/500 ---
Averaged Train Loss: 1.4091
Averaged Test Accuracy: 0.4739
Averaged Test AUC: 0.8576
Std Test Accuracy: 0.1355
Std Test AUC: 0.0443

--- Round 360/500 ---
Averaged Train Loss: 1.3114
Averaged Test Accuracy: 0.5180
Averaged Test AUC: 0.8714
Std Test Accuracy: 0.1527
Std Test AUC: 0.0415

--- Round 361/500 ---
Averaged Train Loss: 1.3204
Averaged Test Accuracy: 0.5112
Averaged Test AUC: 0.8706
Std Test Accuracy: 0.1477
Std Test AUC: 0.0413

--- Round 362/500 ---
Averaged Train Loss: 1.4078
Averaged Test Accuracy: 0.4711
Averaged Test AUC: 0.8591
Std Test Accuracy: 0.1465
Std Test AUC: 0.0417

--- Round 363/500 ---
Averaged Train Loss: 1.3377
Averaged Test Accuracy: 0.5126
Averaged Test AUC: 0.8687
Std Test Accuracy: 0.1679
Std Test AUC: 0.0507

--- Round 364/500 ---
Averaged Train Loss: 1.3482
Averaged Test Accuracy: 0.5014
Averaged Test AUC: 0.8681
Std Test Accuracy: 0.1663
Std Test AUC: 0.0476

--- Round 365/500 ---
Averaged Train Loss: 1.3902
Averaged Test Accuracy: 0.4806
Averaged Test AUC: 0.8604
Std Test Accuracy: 0.1350
Std Test AUC: 0.0403

--- Round 366/500 ---
Averaged Train Loss: 1.2936
Averaged Test Accuracy: 0.5228
Averaged Test AUC: 0.8732
Std Test Accuracy: 0.1430
Std Test AUC: 0.0371

--- Round 367/500 ---
Averaged Train Loss: 1.3382
Averaged Test Accuracy: 0.5035
Averaged Test AUC: 0.8698
Std Test Accuracy: 0.1676
Std Test AUC: 0.0470

--- Round 368/500 ---
Averaged Train Loss: 1.3828
Averaged Test Accuracy: 0.4836
Averaged Test AUC: 0.8607
Std Test Accuracy: 0.1398
Std Test AUC: 0.0421

--- Round 369/500 ---
Averaged Train Loss: 1.2854
Averaged Test Accuracy: 0.5284
Averaged Test AUC: 0.8733
Std Test Accuracy: 0.1207
Std Test AUC: 0.0324

--- Round 370/500 ---
Averaged Train Loss: 1.3216
Averaged Test Accuracy: 0.5144
Averaged Test AUC: 0.8699
Std Test Accuracy: 0.1637
Std Test AUC: 0.0470

--- Round 371/500 ---
Averaged Train Loss: 1.4007
Averaged Test Accuracy: 0.4763
Averaged Test AUC: 0.8586
Std Test Accuracy: 0.1453
Std Test AUC: 0.0448

--- Round 372/500 ---
Averaged Train Loss: 1.2936
Averaged Test Accuracy: 0.5228
Averaged Test AUC: 0.8728
Std Test Accuracy: 0.1297
Std Test AUC: 0.0340

--- Round 373/500 ---
Averaged Train Loss: 1.3135
Averaged Test Accuracy: 0.5180
Averaged Test AUC: 0.8716
Std Test Accuracy: 0.1549
Std Test AUC: 0.0476

--- Round 374/500 ---
Averaged Train Loss: 1.3782
Averaged Test Accuracy: 0.4901
Averaged Test AUC: 0.8615
Std Test Accuracy: 0.1505
Std Test AUC: 0.0476

--- Round 375/500 ---
Averaged Train Loss: 1.3093
Averaged Test Accuracy: 0.5162
Averaged Test AUC: 0.8717
Std Test Accuracy: 0.1477
Std Test AUC: 0.0359

--- Round 376/500 ---
Averaged Train Loss: 1.3061
Averaged Test Accuracy: 0.5158
Averaged Test AUC: 0.8720
Std Test Accuracy: 0.1302
Std Test AUC: 0.0366

--- Round 377/500 ---
Averaged Train Loss: 1.4005
Averaged Test Accuracy: 0.4788
Averaged Test AUC: 0.8593
Std Test Accuracy: 0.1546
Std Test AUC: 0.0474

--- Round 378/500 ---
Averaged Train Loss: 1.3162
Averaged Test Accuracy: 0.5165
Averaged Test AUC: 0.8714
Std Test Accuracy: 0.1597
Std Test AUC: 0.0392

--- Round 379/500 ---
Averaged Train Loss: 1.2896
Averaged Test Accuracy: 0.5218
Averaged Test AUC: 0.8738
Std Test Accuracy: 0.1267
Std Test AUC: 0.0347

--- Round 380/500 ---
Averaged Train Loss: 1.3720
Averaged Test Accuracy: 0.4912
Averaged Test AUC: 0.8609
Std Test Accuracy: 0.1347
Std Test AUC: 0.0463

--- Round 381/500 ---
Averaged Train Loss: 1.3365
Averaged Test Accuracy: 0.5120
Averaged Test AUC: 0.8694
Std Test Accuracy: 0.1756
Std Test AUC: 0.0523

--- Round 382/500 ---
Averaged Train Loss: 1.3370
Averaged Test Accuracy: 0.5068
Averaged Test AUC: 0.8687
Std Test Accuracy: 0.1779
Std Test AUC: 0.0461

--- Round 383/500 ---
Averaged Train Loss: 1.4188
Averaged Test Accuracy: 0.4643
Averaged Test AUC: 0.8582
Std Test Accuracy: 0.1458
Std Test AUC: 0.0416

--- Round 384/500 ---
Averaged Train Loss: 1.3696
Averaged Test Accuracy: 0.4951
Averaged Test AUC: 0.8647
Std Test Accuracy: 0.1722
Std Test AUC: 0.0579

--- Round 385/500 ---
Averaged Train Loss: 1.3876
Averaged Test Accuracy: 0.4943
Averaged Test AUC: 0.8634
Std Test Accuracy: 0.1895
Std Test AUC: 0.0602

--- Round 386/500 ---
Averaged Train Loss: 1.3761
Averaged Test Accuracy: 0.4878
Averaged Test AUC: 0.8624
Std Test Accuracy: 0.1480
Std Test AUC: 0.0424

--- Round 387/500 ---
Averaged Train Loss: 1.3141
Averaged Test Accuracy: 0.5219
Averaged Test AUC: 0.8707
Std Test Accuracy: 0.1574
Std Test AUC: 0.0449

--- Round 388/500 ---
Averaged Train Loss: 1.2941
Averaged Test Accuracy: 0.5217
Averaged Test AUC: 0.8732
Std Test Accuracy: 0.1561
Std Test AUC: 0.0447

--- Round 389/500 ---
Averaged Train Loss: 1.3629
Averaged Test Accuracy: 0.4902
Averaged Test AUC: 0.8634
Std Test Accuracy: 0.1376
Std Test AUC: 0.0397

--- Round 390/500 ---
Averaged Train Loss: 1.3141
Averaged Test Accuracy: 0.5126
Averaged Test AUC: 0.8713
Std Test Accuracy: 0.1580
Std Test AUC: 0.0381

--- Round 391/500 ---
Averaged Train Loss: 1.3134
Averaged Test Accuracy: 0.5157
Averaged Test AUC: 0.8712
Std Test Accuracy: 0.1623
Std Test AUC: 0.0434

--- Round 392/500 ---
Averaged Train Loss: 1.3935
Averaged Test Accuracy: 0.4829
Averaged Test AUC: 0.8608
Std Test Accuracy: 0.1548
Std Test AUC: 0.0482

--- Round 393/500 ---
Averaged Train Loss: 1.3090
Averaged Test Accuracy: 0.5165
Averaged Test AUC: 0.8710
Std Test Accuracy: 0.1470
Std Test AUC: 0.0359

--- Round 394/500 ---
Averaged Train Loss: 1.3122
Averaged Test Accuracy: 0.5182
Averaged Test AUC: 0.8716
Std Test Accuracy: 0.1669
Std Test AUC: 0.0454

--- Round 395/500 ---
Averaged Train Loss: 1.3723
Averaged Test Accuracy: 0.4896
Averaged Test AUC: 0.8623
Std Test Accuracy: 0.1337
Std Test AUC: 0.0396

--- Round 396/500 ---
Averaged Train Loss: 1.3114
Averaged Test Accuracy: 0.5153
Averaged Test AUC: 0.8705
Std Test Accuracy: 0.1330
Std Test AUC: 0.0332

--- Round 397/500 ---
Averaged Train Loss: 1.3284
Averaged Test Accuracy: 0.5134
Averaged Test AUC: 0.8695
Std Test Accuracy: 0.1703
Std Test AUC: 0.0496

--- Round 398/500 ---
Averaged Train Loss: 1.3636
Averaged Test Accuracy: 0.4933
Averaged Test AUC: 0.8633
Std Test Accuracy: 0.1217
Std Test AUC: 0.0375

--- Round 399/500 ---
Averaged Train Loss: 1.3239
Averaged Test Accuracy: 0.5122
Averaged Test AUC: 0.8693
Std Test Accuracy: 0.1505
Std Test AUC: 0.0392

--- Round 400/500 ---
Averaged Train Loss: 1.3311
Averaged Test Accuracy: 0.5078
Averaged Test AUC: 0.8692
Std Test Accuracy: 0.1598
Std Test AUC: 0.0485

--- Round 401/500 ---
Averaged Train Loss: 1.3793
Averaged Test Accuracy: 0.4916
Averaged Test AUC: 0.8622
Std Test Accuracy: 0.1563
Std Test AUC: 0.0471

--- Round 402/500 ---
Averaged Train Loss: 1.3289
Averaged Test Accuracy: 0.5096
Averaged Test AUC: 0.8691
Std Test Accuracy: 0.1580
Std Test AUC: 0.0412

--- Round 403/500 ---
Averaged Train Loss: 1.2825
Averaged Test Accuracy: 0.5260
Averaged Test AUC: 0.8736
Std Test Accuracy: 0.1051
Std Test AUC: 0.0310

--- Round 404/500 ---
Averaged Train Loss: 1.3510
Averaged Test Accuracy: 0.5011
Averaged Test AUC: 0.8648
Std Test Accuracy: 0.1285
Std Test AUC: 0.0388

--- Round 405/500 ---
Averaged Train Loss: 1.3188
Averaged Test Accuracy: 0.5139
Averaged Test AUC: 0.8704
Std Test Accuracy: 0.1521
Std Test AUC: 0.0388

--- Round 406/500 ---
Averaged Train Loss: 1.2888
Averaged Test Accuracy: 0.5234
Averaged Test AUC: 0.8735
Std Test Accuracy: 0.1127
Std Test AUC: 0.0325

--- Round 407/500 ---
Averaged Train Loss: 1.3580
Averaged Test Accuracy: 0.4937
Averaged Test AUC: 0.8634
Std Test Accuracy: 0.1418
Std Test AUC: 0.0446

--- Round 408/500 ---
Averaged Train Loss: 1.3152
Averaged Test Accuracy: 0.5160
Averaged Test AUC: 0.8709
Std Test Accuracy: 0.1506
Std Test AUC: 0.0411

--- Round 409/500 ---
Averaged Train Loss: 1.3315
Averaged Test Accuracy: 0.5087
Averaged Test AUC: 0.8694
Std Test Accuracy: 0.1462
Std Test AUC: 0.0378

--- Round 410/500 ---
Averaged Train Loss: 1.3618
Averaged Test Accuracy: 0.4905
Averaged Test AUC: 0.8640
Std Test Accuracy: 0.1172
Std Test AUC: 0.0342

--- Round 411/500 ---
Averaged Train Loss: 1.3022
Averaged Test Accuracy: 0.5211
Averaged Test AUC: 0.8712
Std Test Accuracy: 0.1455
Std Test AUC: 0.0380

--- Round 412/500 ---
Averaged Train Loss: 1.3321
Averaged Test Accuracy: 0.5060
Averaged Test AUC: 0.8695
Std Test Accuracy: 0.1658
Std Test AUC: 0.0436

--- Round 413/500 ---
Averaged Train Loss: 1.3703
Averaged Test Accuracy: 0.4881
Averaged Test AUC: 0.8631
Std Test Accuracy: 0.1267
Std Test AUC: 0.0369

--- Round 414/500 ---
Averaged Train Loss: 1.3039
Averaged Test Accuracy: 0.5182
Averaged Test AUC: 0.8707
Std Test Accuracy: 0.1439
Std Test AUC: 0.0383

--- Round 415/500 ---
Averaged Train Loss: 1.3642
Averaged Test Accuracy: 0.4976
Averaged Test AUC: 0.8669
Std Test Accuracy: 0.1787
Std Test AUC: 0.0486

--- Round 416/500 ---
Averaged Train Loss: 1.3733
Averaged Test Accuracy: 0.4846
Averaged Test AUC: 0.8630
Std Test Accuracy: 0.1271
Std Test AUC: 0.0352

--- Round 417/500 ---
Averaged Train Loss: 1.2965
Averaged Test Accuracy: 0.5225
Averaged Test AUC: 0.8729
Std Test Accuracy: 0.1629
Std Test AUC: 0.0426

--- Round 418/500 ---
Averaged Train Loss: 1.3700
Averaged Test Accuracy: 0.4937
Averaged Test AUC: 0.8680
Std Test Accuracy: 0.1934
Std Test AUC: 0.0513

--- Round 419/500 ---
Averaged Train Loss: 1.3664
Averaged Test Accuracy: 0.4899
Averaged Test AUC: 0.8638
Std Test Accuracy: 0.1521
Std Test AUC: 0.0437

--- Round 420/500 ---
Averaged Train Loss: 1.2945
Averaged Test Accuracy: 0.5224
Averaged Test AUC: 0.8728
Std Test Accuracy: 0.1548
Std Test AUC: 0.0402

--- Round 421/500 ---
Averaged Train Loss: 1.3047
Averaged Test Accuracy: 0.5187
Averaged Test AUC: 0.8713
Std Test Accuracy: 0.1594
Std Test AUC: 0.0496

--- Round 422/500 ---
Averaged Train Loss: 1.3271
Averaged Test Accuracy: 0.5023
Averaged Test AUC: 0.8669
Std Test Accuracy: 0.1270
Std Test AUC: 0.0368

--- Round 423/500 ---
Averaged Train Loss: 1.3234
Averaged Test Accuracy: 0.5108
Averaged Test AUC: 0.8700
Std Test Accuracy: 0.1559
Std Test AUC: 0.0416

--- Round 424/500 ---
Averaged Train Loss: 1.3203
Averaged Test Accuracy: 0.5168
Averaged Test AUC: 0.8716
Std Test Accuracy: 0.1685
Std Test AUC: 0.0497

--- Round 425/500 ---
Averaged Train Loss: 1.3359
Averaged Test Accuracy: 0.4993
Averaged Test AUC: 0.8668
Std Test Accuracy: 0.1253
Std Test AUC: 0.0339

--- Round 426/500 ---
Averaged Train Loss: 1.2986
Averaged Test Accuracy: 0.5198
Averaged Test AUC: 0.8708
Std Test Accuracy: 0.1352
Std Test AUC: 0.0402

--- Round 427/500 ---
Averaged Train Loss: 1.3249
Averaged Test Accuracy: 0.5134
Averaged Test AUC: 0.8720
Std Test Accuracy: 0.1771
Std Test AUC: 0.0467

--- Round 428/500 ---
Averaged Train Loss: 1.3516
Averaged Test Accuracy: 0.4981
Averaged Test AUC: 0.8651
Std Test Accuracy: 0.1533
Std Test AUC: 0.0476

--- Round 429/500 ---
Averaged Train Loss: 1.2928
Averaged Test Accuracy: 0.5210
Averaged Test AUC: 0.8712
Std Test Accuracy: 0.1407
Std Test AUC: 0.0360

--- Round 430/500 ---
Averaged Train Loss: 1.3363
Averaged Test Accuracy: 0.5140
Averaged Test AUC: 0.8690
Std Test Accuracy: 0.1754
Std Test AUC: 0.0535

--- Round 431/500 ---
Averaged Train Loss: 1.3659
Averaged Test Accuracy: 0.4974
Averaged Test AUC: 0.8635
Std Test Accuracy: 0.1566
Std Test AUC: 0.0506

--- Round 432/500 ---
Averaged Train Loss: 1.2751
Averaged Test Accuracy: 0.5261
Averaged Test AUC: 0.8734
Std Test Accuracy: 0.1347
Std Test AUC: 0.0339

--- Round 433/500 ---
Averaged Train Loss: 1.3345
Averaged Test Accuracy: 0.5112
Averaged Test AUC: 0.8696
Std Test Accuracy: 0.1616
Std Test AUC: 0.0463

--- Round 434/500 ---
Averaged Train Loss: 1.3396
Averaged Test Accuracy: 0.5041
Averaged Test AUC: 0.8651
Std Test Accuracy: 0.1408
Std Test AUC: 0.0433

--- Round 435/500 ---
Averaged Train Loss: 1.3739
Averaged Test Accuracy: 0.5015
Averaged Test AUC: 0.8620
Std Test Accuracy: 0.1873
Std Test AUC: 0.0714

--- Round 436/500 ---
Averaged Train Loss: 1.2983
Averaged Test Accuracy: 0.5215
Averaged Test AUC: 0.8724
Std Test Accuracy: 0.1587
Std Test AUC: 0.0418

--- Round 437/500 ---
Averaged Train Loss: 1.3417
Averaged Test Accuracy: 0.5013
Averaged Test AUC: 0.8664
Std Test Accuracy: 0.1520
Std Test AUC: 0.0447

--- Round 438/500 ---
Averaged Train Loss: 1.3214
Averaged Test Accuracy: 0.5142
Averaged Test AUC: 0.8683
Std Test Accuracy: 0.1522
Std Test AUC: 0.0473

--- Round 439/500 ---
Averaged Train Loss: 1.2694
Averaged Test Accuracy: 0.5347
Averaged Test AUC: 0.8744
Std Test Accuracy: 0.1073
Std Test AUC: 0.0287

--- Round 440/500 ---
Averaged Train Loss: 1.3245
Averaged Test Accuracy: 0.5094
Averaged Test AUC: 0.8675
Std Test Accuracy: 0.1475
Std Test AUC: 0.0455

--- Round 441/500 ---
Averaged Train Loss: 1.3132
Averaged Test Accuracy: 0.5130
Averaged Test AUC: 0.8716
Std Test Accuracy: 0.1619
Std Test AUC: 0.0414

--- Round 442/500 ---
Averaged Train Loss: 1.2877
Averaged Test Accuracy: 0.5265
Averaged Test AUC: 0.8737
Std Test Accuracy: 0.1451
Std Test AUC: 0.0386

--- Round 443/500 ---
Averaged Train Loss: 1.3053
Averaged Test Accuracy: 0.5105
Averaged Test AUC: 0.8699
Std Test Accuracy: 0.1117
Std Test AUC: 0.0328

--- Round 444/500 ---
Averaged Train Loss: 1.4088
Averaged Test Accuracy: 0.4766
Averaged Test AUC: 0.8641
Std Test Accuracy: 0.1956
Std Test AUC: 0.0490

--- Round 445/500 ---
Averaged Train Loss: 1.3115
Averaged Test Accuracy: 0.5190
Averaged Test AUC: 0.8717
Std Test Accuracy: 0.1715
Std Test AUC: 0.0441

--- Round 446/500 ---
Averaged Train Loss: 1.2988
Averaged Test Accuracy: 0.5172
Averaged Test AUC: 0.8703
Std Test Accuracy: 0.1205
Std Test AUC: 0.0403

--- Round 447/500 ---
Averaged Train Loss: 1.2938
Averaged Test Accuracy: 0.5146
Averaged Test AUC: 0.8734
Std Test Accuracy: 0.1435
Std Test AUC: 0.0370

--- Round 448/500 ---
Averaged Train Loss: 1.2835
Averaged Test Accuracy: 0.5268
Averaged Test AUC: 0.8747
Std Test Accuracy: 0.1480
Std Test AUC: 0.0371

--- Round 449/500 ---
Averaged Train Loss: 1.2932
Averaged Test Accuracy: 0.5171
Averaged Test AUC: 0.8712
Std Test Accuracy: 0.1323
Std Test AUC: 0.0380

--- Round 450/500 ---
Averaged Train Loss: 1.3097
Averaged Test Accuracy: 0.5132
Averaged Test AUC: 0.8698
Std Test Accuracy: 0.1064
Std Test AUC: 0.0326

--- Round 451/500 ---
Averaged Train Loss: 1.2989
Averaged Test Accuracy: 0.5176
Averaged Test AUC: 0.8725
Std Test Accuracy: 0.1630
Std Test AUC: 0.0435

--- Round 452/500 ---
Averaged Train Loss: 1.2911
Averaged Test Accuracy: 0.5171
Averaged Test AUC: 0.8709
Std Test Accuracy: 0.1250
Std Test AUC: 0.0346

--- Round 453/500 ---
Averaged Train Loss: 1.3050
Averaged Test Accuracy: 0.5152
Averaged Test AUC: 0.8704
Std Test Accuracy: 0.1041
Std Test AUC: 0.0320

--- Round 454/500 ---
Averaged Train Loss: 1.3664
Averaged Test Accuracy: 0.4995
Averaged Test AUC: 0.8693
Std Test Accuracy: 0.1834
Std Test AUC: 0.0487

--- Round 455/500 ---
Averaged Train Loss: 1.3131
Averaged Test Accuracy: 0.5118
Averaged Test AUC: 0.8704
Std Test Accuracy: 0.1514
Std Test AUC: 0.0438

--- Round 456/500 ---
Averaged Train Loss: 1.3161
Averaged Test Accuracy: 0.5094
Averaged Test AUC: 0.8685
Std Test Accuracy: 0.1292
Std Test AUC: 0.0376

--- Round 457/500 ---
Averaged Train Loss: 1.2754
Averaged Test Accuracy: 0.5261
Averaged Test AUC: 0.8752
Std Test Accuracy: 0.1403
Std Test AUC: 0.0359

--- Round 458/500 ---
Averaged Train Loss: 1.3041
Averaged Test Accuracy: 0.5149
Averaged Test AUC: 0.8708
Std Test Accuracy: 0.1340
Std Test AUC: 0.0388

--- Round 459/500 ---
Averaged Train Loss: 1.3527
Averaged Test Accuracy: 0.4947
Averaged Test AUC: 0.8658
Std Test Accuracy: 0.1487
Std Test AUC: 0.0425

--- Round 460/500 ---
Averaged Train Loss: 1.2910
Averaged Test Accuracy: 0.5189
Averaged Test AUC: 0.8740
Std Test Accuracy: 0.1380
Std Test AUC: 0.0338

--- Round 461/500 ---
Averaged Train Loss: 1.2820
Averaged Test Accuracy: 0.5226
Averaged Test AUC: 0.8725
Std Test Accuracy: 0.1267
Std Test AUC: 0.0402

--- Round 462/500 ---
Averaged Train Loss: 1.3265
Averaged Test Accuracy: 0.5053
Averaged Test AUC: 0.8685
Std Test Accuracy: 0.1383
Std Test AUC: 0.0389

--- Round 463/500 ---
Averaged Train Loss: 1.2824
Averaged Test Accuracy: 0.5268
Averaged Test AUC: 0.8750
Std Test Accuracy: 0.1432
Std Test AUC: 0.0364

--- Round 464/500 ---
Averaged Train Loss: 1.3211
Averaged Test Accuracy: 0.5078
Averaged Test AUC: 0.8696
Std Test Accuracy: 0.1511
Std Test AUC: 0.0425

--- Round 465/500 ---
Averaged Train Loss: 1.3078
Averaged Test Accuracy: 0.5128
Averaged Test AUC: 0.8710
Std Test Accuracy: 0.1337
Std Test AUC: 0.0349

--- Round 466/500 ---
Averaged Train Loss: 1.2883
Averaged Test Accuracy: 0.5215
Averaged Test AUC: 0.8744
Std Test Accuracy: 0.1558
Std Test AUC: 0.0373

--- Round 467/500 ---
Averaged Train Loss: 1.2966
Averaged Test Accuracy: 0.5191
Averaged Test AUC: 0.8707
Std Test Accuracy: 0.1333
Std Test AUC: 0.0432

--- Round 468/500 ---
Averaged Train Loss: 1.3063
Averaged Test Accuracy: 0.5118
Averaged Test AUC: 0.8716
Std Test Accuracy: 0.1404
Std Test AUC: 0.0356

--- Round 469/500 ---
Averaged Train Loss: 1.2624
Averaged Test Accuracy: 0.5332
Averaged Test AUC: 0.8757
Std Test Accuracy: 0.1383
Std Test AUC: 0.0337

--- Round 470/500 ---
Averaged Train Loss: 1.2811
Averaged Test Accuracy: 0.5232
Averaged Test AUC: 0.8724
Std Test Accuracy: 0.1260
Std Test AUC: 0.0401

--- Round 471/500 ---
Averaged Train Loss: 1.3304
Averaged Test Accuracy: 0.5017
Averaged Test AUC: 0.8686
Std Test Accuracy: 0.1413
Std Test AUC: 0.0370

--- Round 472/500 ---
Averaged Train Loss: 1.2889
Averaged Test Accuracy: 0.5233
Averaged Test AUC: 0.8729
Std Test Accuracy: 0.1365
Std Test AUC: 0.0333

--- Round 473/500 ---
Averaged Train Loss: 1.2990
Averaged Test Accuracy: 0.5175
Averaged Test AUC: 0.8708
Std Test Accuracy: 0.1336
Std Test AUC: 0.0390

--- Round 474/500 ---
Averaged Train Loss: 1.3536
Averaged Test Accuracy: 0.4948
Averaged Test AUC: 0.8675
Std Test Accuracy: 0.1608
Std Test AUC: 0.0417

--- Round 475/500 ---
Averaged Train Loss: 1.3166
Averaged Test Accuracy: 0.5146
Averaged Test AUC: 0.8713
Std Test Accuracy: 0.1730
Std Test AUC: 0.0440

--- Round 476/500 ---
Averaged Train Loss: 1.2825
Averaged Test Accuracy: 0.5276
Averaged Test AUC: 0.8719
Std Test Accuracy: 0.1327
Std Test AUC: 0.0456

--- Round 477/500 ---
Averaged Train Loss: 1.3272
Averaged Test Accuracy: 0.5019
Averaged Test AUC: 0.8688
Std Test Accuracy: 0.1409
Std Test AUC: 0.0385

--- Round 478/500 ---
Averaged Train Loss: 1.2667
Averaged Test Accuracy: 0.5323
Averaged Test AUC: 0.8754
Std Test Accuracy: 0.1306
Std Test AUC: 0.0313

--- Round 479/500 ---
Averaged Train Loss: 1.2699
Averaged Test Accuracy: 0.5271
Averaged Test AUC: 0.8745
Std Test Accuracy: 0.1255
Std Test AUC: 0.0366

--- Round 480/500 ---
Averaged Train Loss: 1.2664
Averaged Test Accuracy: 0.5268
Averaged Test AUC: 0.8753
Std Test Accuracy: 0.1372
Std Test AUC: 0.0371

--- Round 481/500 ---
Averaged Train Loss: 1.2711
Averaged Test Accuracy: 0.5302
Averaged Test AUC: 0.8748
Std Test Accuracy: 0.1375
Std Test AUC: 0.0332

--- Round 482/500 ---
Averaged Train Loss: 1.2936
Averaged Test Accuracy: 0.5176
Averaged Test AUC: 0.8716
Std Test Accuracy: 0.1409
Std Test AUC: 0.0394

--- Round 483/500 ---
Averaged Train Loss: 1.2942
Averaged Test Accuracy: 0.5199
Averaged Test AUC: 0.8711
Std Test Accuracy: 0.1377
Std Test AUC: 0.0416

--- Round 484/500 ---
Averaged Train Loss: 1.2599
Averaged Test Accuracy: 0.5332
Averaged Test AUC: 0.8752
Std Test Accuracy: 0.1059
Std Test AUC: 0.0254

--- Round 485/500 ---
Averaged Train Loss: 1.2829
Averaged Test Accuracy: 0.5236
Averaged Test AUC: 0.8717
Std Test Accuracy: 0.1407
Std Test AUC: 0.0476

--- Round 486/500 ---
Averaged Train Loss: 1.2859
Averaged Test Accuracy: 0.5245
Averaged Test AUC: 0.8731
Std Test Accuracy: 0.1473
Std Test AUC: 0.0376

--- Round 487/500 ---
Averaged Train Loss: 1.3033
Averaged Test Accuracy: 0.5175
Averaged Test AUC: 0.8723
Std Test Accuracy: 0.1574
Std Test AUC: 0.0371

--- Round 488/500 ---
Averaged Train Loss: 1.2554
Averaged Test Accuracy: 0.5303
Averaged Test AUC: 0.8758
Std Test Accuracy: 0.1046
Std Test AUC: 0.0297

--- Round 489/500 ---
Averaged Train Loss: 1.2594
Averaged Test Accuracy: 0.5329
Averaged Test AUC: 0.8749
Std Test Accuracy: 0.1219
Std Test AUC: 0.0366

--- Round 490/500 ---
Averaged Train Loss: 1.3377
Averaged Test Accuracy: 0.5030
Averaged Test AUC: 0.8705
Std Test Accuracy: 0.1774
Std Test AUC: 0.0432

--- Round 491/500 ---
Averaged Train Loss: 1.2427
Averaged Test Accuracy: 0.5369
Averaged Test AUC: 0.8763
Std Test Accuracy: 0.1022
Std Test AUC: 0.0312

--- Round 492/500 ---
Averaged Train Loss: 1.2781
Averaged Test Accuracy: 0.5273
Averaged Test AUC: 0.8727
Std Test Accuracy: 0.1299
Std Test AUC: 0.0362

--- Round 493/500 ---
Averaged Train Loss: 1.3398
Averaged Test Accuracy: 0.5016
Averaged Test AUC: 0.8708
Std Test Accuracy: 0.1827
Std Test AUC: 0.0430

--- Round 494/500 ---
Averaged Train Loss: 1.2852
Averaged Test Accuracy: 0.5256
Averaged Test AUC: 0.8713
Std Test Accuracy: 0.1338
Std Test AUC: 0.0475

--- Round 495/500 ---
Averaged Train Loss: 1.2738
Averaged Test Accuracy: 0.5261
Averaged Test AUC: 0.8726
Std Test Accuracy: 0.1173
Std Test AUC: 0.0331

--- Round 496/500 ---
Averaged Train Loss: 1.3060
Averaged Test Accuracy: 0.5140
Averaged Test AUC: 0.8736
Std Test Accuracy: 0.1729
Std Test AUC: 0.0434

--- Round 497/500 ---
Averaged Train Loss: 1.2717
Averaged Test Accuracy: 0.5265
Averaged Test AUC: 0.8741
Std Test Accuracy: 0.1314
Std Test AUC: 0.0370

--- Round 498/500 ---
Averaged Train Loss: 1.2929
Averaged Test Accuracy: 0.5133
Averaged Test AUC: 0.8715
Std Test Accuracy: 0.1237
Std Test AUC: 0.0342

--- Round 499/500 ---
Averaged Train Loss: 1.2751
Averaged Test Accuracy: 0.5261
Averaged Test AUC: 0.8753
Std Test Accuracy: 0.1484
Std Test AUC: 0.0360

--- Round 500/500 ---
Averaged Train Loss: 1.2803
Averaged Test Accuracy: 0.5214
Averaged Test AUC: 0.8728
Std Test Accuracy: 0.1192
Std Test AUC: 0.0334

========== Training Complete ==========
Best Test Accuracy: 0.5368547099521022
File path: ../results/Cifar10_FedEntPlusSmooth_smooth_trial01_0019_0.h5

Average time cost: 1885.06s.
Length:  501
std for best accuracy: 0.0
mean for best accuracy: 0.5368547099521022
All done!

Storage on cuda:0
-------------------------------------------------------------------------------
Total Tensors: 202063740 	Used Memory: 556.52M
The allocated memory on cuda:0: 574.65M
Memory differs due to the matrix alignment or invisible gradient buffer tensors
-------------------------------------------------------------------------------
