==================================================
goal = smooth_trial01_0074
device = cuda
device_id = 0
dataset = Cifar10
num_classes = 10
model = CNN
batch_size = 64
local_learning_rate = 0.01
learning_rate_decay = True
learning_rate_decay_gamma = 0.98
global_rounds = 500
top_cnt = 100
local_epochs = 5
algorithm = FedEntPlusSmooth
join_ratio = 0.1
random_join_ratio = False
num_clients = 100
prev = 0
times = 1
eval_gap = 1
save_folder_name = items
auto_break = False
dlg_eval = False
dlg_gap = 100
batch_num_per_client = 2
num_new_clients = 0
fine_tuning_epoch_new = 0
feature_dim = 512
vocab_size = 32000
max_len = 200
client_drop_rate = 0.0
train_slow_rate = 0.0
send_slow_rate = 0.0
time_select = False
time_threthold = 10000
beta = 0.0
lamda = 1.0
mu = 0.0
K = 5
p_learning_rate = 0.01
M = 5
itk = 4000
alphaK = 1.0
sigma = 1.0
alpha = 1.0
plocal_epochs = 1
tau = 1.0
fine_tuning_epochs = 10
dr_learning_rate = 0.0
L = 1.0
noise_dim = 512
generator_learning_rate = 0.005
hidden_dim = 512
server_epochs = 1000
localize_feature_extractor = False
server_learning_rate = 1.0
eta = 1.0
rand_percent = 80
layer_idx = 2
mentee_learning_rate = 0.005
T_start = 0.95
T_end = 0.98
momentum = 0.9
kl_weight = 0.0
buffer_size = 0
dp_epsilon = 0.0
H_min = None
alpha_vp = 0.0
enable_dynamic_param = False
log_fedent = False
log_filename = None
dynamic_config_path = /home/john/PFLlib/system/auto_configs/smooth_trial01_0074.json
==================================================

============= Running time: 0th =============
Creating server and clients ...
FedAvgCNN(
  (conv1): Sequential(
    (0): Conv2d(3, 32, kernel_size=(5, 5), stride=(1, 1))
    (1): ReLU(inplace=True)
    (2): MaxPool2d(kernel_size=(2, 2), stride=(2, 2), padding=0, dilation=1, ceil_mode=False)
  )
  (conv2): Sequential(
    (0): Conv2d(32, 64, kernel_size=(5, 5), stride=(1, 1))
    (1): ReLU(inplace=True)
    (2): MaxPool2d(kernel_size=(2, 2), stride=(2, 2), padding=0, dilation=1, ceil_mode=False)
  )
  (fc1): Sequential(
    (0): Linear(in_features=1600, out_features=512, bias=True)
    (1): ReLU(inplace=True)
  )
  (fc): Linear(in_features=512, out_features=10, bias=True)
)

Join ratio / total clients: 0.1 / 100
Finished creating server and clients.

--- Round 0/500 ---
Averaged Train Loss: 2.3038
Averaged Test Accuracy: 0.0928
Averaged Test AUC: 0.4894
Std Test Accuracy: 0.1434
Std Test AUC: 0.2233

--- Round 1/500 ---
Averaged Train Loss: 2.2975
Averaged Test Accuracy: 0.1327
Averaged Test AUC: 0.5296
Std Test Accuracy: 0.1880
Std Test AUC: 0.2186

--- Round 2/500 ---
Averaged Train Loss: 2.3005
Averaged Test Accuracy: 0.1472
Averaged Test AUC: 0.5336
Std Test Accuracy: 0.2201
Std Test AUC: 0.2351

--- Round 3/500 ---
Averaged Train Loss: 2.3161
Averaged Test Accuracy: 0.1415
Averaged Test AUC: 0.5458
Std Test Accuracy: 0.2824
Std Test AUC: 0.2502

--- Round 4/500 ---
Averaged Train Loss: 2.3137
Averaged Test Accuracy: 0.1666
Averaged Test AUC: 0.5790
Std Test Accuracy: 0.2197
Std Test AUC: 0.2180

--- Round 5/500 ---
Averaged Train Loss: 2.2118
Averaged Test Accuracy: 0.2105
Averaged Test AUC: 0.6282
Std Test Accuracy: 0.2380
Std Test AUC: 0.2183

--- Round 6/500 ---
Averaged Train Loss: 2.2266
Averaged Test Accuracy: 0.1686
Averaged Test AUC: 0.6190
Std Test Accuracy: 0.2051
Std Test AUC: 0.1855

--- Round 7/500 ---
Averaged Train Loss: 2.1244
Averaged Test Accuracy: 0.2315
Averaged Test AUC: 0.6713
Std Test Accuracy: 0.1728
Std Test AUC: 0.1478

--- Round 8/500 ---
Averaged Train Loss: 2.1876
Averaged Test Accuracy: 0.1955
Averaged Test AUC: 0.6661
Std Test Accuracy: 0.1996
Std Test AUC: 0.1473

--- Round 9/500 ---
Averaged Train Loss: 2.1808
Averaged Test Accuracy: 0.1993
Averaged Test AUC: 0.6638
Std Test Accuracy: 0.1981
Std Test AUC: 0.1451

--- Round 10/500 ---
Averaged Train Loss: 2.0840
Averaged Test Accuracy: 0.2142
Averaged Test AUC: 0.7017
Std Test Accuracy: 0.2337
Std Test AUC: 0.1104

--- Round 11/500 ---
Averaged Train Loss: 2.1052
Averaged Test Accuracy: 0.2121
Averaged Test AUC: 0.6929
Std Test Accuracy: 0.1808
Std Test AUC: 0.1225

--- Round 12/500 ---
Averaged Train Loss: 2.0589
Averaged Test Accuracy: 0.2389
Averaged Test AUC: 0.7108
Std Test Accuracy: 0.2306
Std Test AUC: 0.1014

--- Round 13/500 ---
Averaged Train Loss: 2.0127
Averaged Test Accuracy: 0.2789
Averaged Test AUC: 0.7235
Std Test Accuracy: 0.1734
Std Test AUC: 0.0841

--- Round 14/500 ---
Averaged Train Loss: 2.0500
Averaged Test Accuracy: 0.2442
Averaged Test AUC: 0.7137
Std Test Accuracy: 0.2275
Std Test AUC: 0.1167

--- Round 15/500 ---
Averaged Train Loss: 2.0151
Averaged Test Accuracy: 0.2458
Averaged Test AUC: 0.7239
Std Test Accuracy: 0.2205
Std Test AUC: 0.1078

--- Round 16/500 ---
Averaged Train Loss: 2.0296
Averaged Test Accuracy: 0.2667
Averaged Test AUC: 0.7183
Std Test Accuracy: 0.2146
Std Test AUC: 0.1219

--- Round 17/500 ---
Averaged Train Loss: 1.9960
Averaged Test Accuracy: 0.2601
Averaged Test AUC: 0.7287
Std Test Accuracy: 0.2214
Std Test AUC: 0.0994

--- Round 18/500 ---
Averaged Train Loss: 2.0172
Averaged Test Accuracy: 0.2436
Averaged Test AUC: 0.7338
Std Test Accuracy: 0.2492
Std Test AUC: 0.1041

--- Round 19/500 ---
Averaged Train Loss: 1.9676
Averaged Test Accuracy: 0.2660
Averaged Test AUC: 0.7397
Std Test Accuracy: 0.2013
Std Test AUC: 0.0883

--- Round 20/500 ---
Averaged Train Loss: 1.9680
Averaged Test Accuracy: 0.2623
Averaged Test AUC: 0.7396
Std Test Accuracy: 0.2164
Std Test AUC: 0.0896

--- Round 21/500 ---
Averaged Train Loss: 1.9334
Averaged Test Accuracy: 0.2860
Averaged Test AUC: 0.7497
Std Test Accuracy: 0.1809
Std Test AUC: 0.0796

--- Round 22/500 ---
Averaged Train Loss: 2.0075
Averaged Test Accuracy: 0.2417
Averaged Test AUC: 0.7360
Std Test Accuracy: 0.2114
Std Test AUC: 0.0942

--- Round 23/500 ---
Averaged Train Loss: 1.9493
Averaged Test Accuracy: 0.2822
Averaged Test AUC: 0.7459
Std Test Accuracy: 0.1615
Std Test AUC: 0.0783

--- Round 24/500 ---
Averaged Train Loss: 1.9082
Averaged Test Accuracy: 0.3018
Averaged Test AUC: 0.7593
Std Test Accuracy: 0.1541
Std Test AUC: 0.0502

--- Round 25/500 ---
Averaged Train Loss: 1.9685
Averaged Test Accuracy: 0.2574
Averaged Test AUC: 0.7430
Std Test Accuracy: 0.2009
Std Test AUC: 0.0817

--- Round 26/500 ---
Averaged Train Loss: 1.9551
Averaged Test Accuracy: 0.2730
Averaged Test AUC: 0.7442
Std Test Accuracy: 0.1932
Std Test AUC: 0.0775

--- Round 27/500 ---
Averaged Train Loss: 1.8807
Averaged Test Accuracy: 0.3124
Averaged Test AUC: 0.7622
Std Test Accuracy: 0.1729
Std Test AUC: 0.0645

--- Round 28/500 ---
Averaged Train Loss: 1.8828
Averaged Test Accuracy: 0.3112
Averaged Test AUC: 0.7639
Std Test Accuracy: 0.1691
Std Test AUC: 0.0683

--- Round 29/500 ---
Averaged Train Loss: 1.9189
Averaged Test Accuracy: 0.2912
Averaged Test AUC: 0.7523
Std Test Accuracy: 0.1486
Std Test AUC: 0.0859

--- Round 30/500 ---
Averaged Train Loss: 1.9675
Averaged Test Accuracy: 0.2751
Averaged Test AUC: 0.7495
Std Test Accuracy: 0.2099
Std Test AUC: 0.1001

--- Round 31/500 ---
Averaged Train Loss: 1.8821
Averaged Test Accuracy: 0.3103
Averaged Test AUC: 0.7669
Std Test Accuracy: 0.1603
Std Test AUC: 0.0564

--- Round 32/500 ---
Averaged Train Loss: 2.0372
Averaged Test Accuracy: 0.2453
Averaged Test AUC: 0.7412
Std Test Accuracy: 0.2154
Std Test AUC: 0.1003

--- Round 33/500 ---
Averaged Train Loss: 1.8871
Averaged Test Accuracy: 0.3032
Averaged Test AUC: 0.7636
Std Test Accuracy: 0.1973
Std Test AUC: 0.0742

--- Round 34/500 ---
Averaged Train Loss: 1.9342
Averaged Test Accuracy: 0.2720
Averaged Test AUC: 0.7583
Std Test Accuracy: 0.2082
Std Test AUC: 0.0852

--- Round 35/500 ---
Averaged Train Loss: 1.9358
Averaged Test Accuracy: 0.2695
Averaged Test AUC: 0.7558
Std Test Accuracy: 0.2083
Std Test AUC: 0.0865

--- Round 36/500 ---
Averaged Train Loss: 1.8217
Averaged Test Accuracy: 0.3383
Averaged Test AUC: 0.7815
Std Test Accuracy: 0.1396
Std Test AUC: 0.0501

--- Round 37/500 ---
Averaged Train Loss: 1.9108
Averaged Test Accuracy: 0.2942
Averaged Test AUC: 0.7660
Std Test Accuracy: 0.1896
Std Test AUC: 0.0753

--- Round 38/500 ---
Averaged Train Loss: 1.8903
Averaged Test Accuracy: 0.2931
Averaged Test AUC: 0.7662
Std Test Accuracy: 0.1987
Std Test AUC: 0.0803

--- Round 39/500 ---
Averaged Train Loss: 1.8422
Averaged Test Accuracy: 0.3218
Averaged Test AUC: 0.7746
Std Test Accuracy: 0.1851
Std Test AUC: 0.0740

--- Round 40/500 ---
Averaged Train Loss: 1.7904
Averaged Test Accuracy: 0.3540
Averaged Test AUC: 0.7846
Std Test Accuracy: 0.1419
Std Test AUC: 0.0589

--- Round 41/500 ---
Averaged Train Loss: 1.8481
Averaged Test Accuracy: 0.3215
Averaged Test AUC: 0.7714
Std Test Accuracy: 0.1381
Std Test AUC: 0.0700

--- Round 42/500 ---
Averaged Train Loss: 1.8614
Averaged Test Accuracy: 0.2900
Averaged Test AUC: 0.7723
Std Test Accuracy: 0.1869
Std Test AUC: 0.0622

--- Round 43/500 ---
Averaged Train Loss: 1.8485
Averaged Test Accuracy: 0.2937
Averaged Test AUC: 0.7758
Std Test Accuracy: 0.1788
Std Test AUC: 0.0568

--- Round 44/500 ---
Averaged Train Loss: 1.8586
Averaged Test Accuracy: 0.2951
Averaged Test AUC: 0.7722
Std Test Accuracy: 0.1938
Std Test AUC: 0.0721

--- Round 45/500 ---
Averaged Train Loss: 1.8452
Averaged Test Accuracy: 0.3304
Averaged Test AUC: 0.7684
Std Test Accuracy: 0.1870
Std Test AUC: 0.1039

--- Round 46/500 ---
Averaged Train Loss: 1.8287
Averaged Test Accuracy: 0.3218
Averaged Test AUC: 0.7766
Std Test Accuracy: 0.1591
Std Test AUC: 0.0708

--- Round 47/500 ---
Averaged Train Loss: 1.8532
Averaged Test Accuracy: 0.3040
Averaged Test AUC: 0.7763
Std Test Accuracy: 0.1822
Std Test AUC: 0.0734

--- Round 48/500 ---
Averaged Train Loss: 1.8151
Averaged Test Accuracy: 0.3261
Averaged Test AUC: 0.7833
Std Test Accuracy: 0.1892
Std Test AUC: 0.0666

--- Round 49/500 ---
Averaged Train Loss: 1.8191
Averaged Test Accuracy: 0.3252
Averaged Test AUC: 0.7847
Std Test Accuracy: 0.2030
Std Test AUC: 0.0690

--- Round 50/500 ---
Averaged Train Loss: 1.8130
Averaged Test Accuracy: 0.3220
Averaged Test AUC: 0.7822
Std Test Accuracy: 0.1907
Std Test AUC: 0.0765

--- Round 51/500 ---
Averaged Train Loss: 1.8240
Averaged Test Accuracy: 0.3271
Averaged Test AUC: 0.7779
Std Test Accuracy: 0.1563
Std Test AUC: 0.0834

--- Round 52/500 ---
Averaged Train Loss: 1.7916
Averaged Test Accuracy: 0.3419
Averaged Test AUC: 0.7887
Std Test Accuracy: 0.1633
Std Test AUC: 0.0637

--- Round 53/500 ---
Averaged Train Loss: 1.7980
Averaged Test Accuracy: 0.3359
Averaged Test AUC: 0.7901
Std Test Accuracy: 0.1838
Std Test AUC: 0.0616

--- Round 54/500 ---
Averaged Train Loss: 1.7799
Averaged Test Accuracy: 0.3375
Averaged Test AUC: 0.7931
Std Test Accuracy: 0.2169
Std Test AUC: 0.0696

--- Round 55/500 ---
Averaged Train Loss: 1.7762
Averaged Test Accuracy: 0.3488
Averaged Test AUC: 0.7930
Std Test Accuracy: 0.1795
Std Test AUC: 0.0669

--- Round 56/500 ---
Averaged Train Loss: 1.7355
Averaged Test Accuracy: 0.3654
Averaged Test AUC: 0.7993
Std Test Accuracy: 0.1571
Std Test AUC: 0.0566

--- Round 57/500 ---
Averaged Train Loss: 1.7435
Averaged Test Accuracy: 0.3586
Averaged Test AUC: 0.7977
Std Test Accuracy: 0.1725
Std Test AUC: 0.0617

--- Round 58/500 ---
Averaged Train Loss: 1.7496
Averaged Test Accuracy: 0.3570
Averaged Test AUC: 0.7954
Std Test Accuracy: 0.1843
Std Test AUC: 0.0685

--- Round 59/500 ---
Averaged Train Loss: 1.7444
Averaged Test Accuracy: 0.3412
Averaged Test AUC: 0.7984
Std Test Accuracy: 0.1643
Std Test AUC: 0.0472

--- Round 60/500 ---
Averaged Train Loss: 1.7462
Averaged Test Accuracy: 0.3630
Averaged Test AUC: 0.7987
Std Test Accuracy: 0.1978
Std Test AUC: 0.0715

--- Round 61/500 ---
Averaged Train Loss: 1.7691
Averaged Test Accuracy: 0.3453
Averaged Test AUC: 0.7965
Std Test Accuracy: 0.1971
Std Test AUC: 0.0661

--- Round 62/500 ---
Averaged Train Loss: 1.7566
Averaged Test Accuracy: 0.3492
Averaged Test AUC: 0.8013
Std Test Accuracy: 0.1947
Std Test AUC: 0.0620

--- Round 63/500 ---
Averaged Train Loss: 1.7491
Averaged Test Accuracy: 0.3524
Averaged Test AUC: 0.8006
Std Test Accuracy: 0.1877
Std Test AUC: 0.0616

--- Round 64/500 ---
Averaged Train Loss: 1.6803
Averaged Test Accuracy: 0.3856
Averaged Test AUC: 0.8098
Std Test Accuracy: 0.1514
Std Test AUC: 0.0512

--- Round 65/500 ---
Averaged Train Loss: 1.8306
Averaged Test Accuracy: 0.3101
Averaged Test AUC: 0.7867
Std Test Accuracy: 0.2000
Std Test AUC: 0.0736

--- Round 66/500 ---
Averaged Train Loss: 1.6960
Averaged Test Accuracy: 0.3801
Averaged Test AUC: 0.8072
Std Test Accuracy: 0.1757
Std Test AUC: 0.0589

--- Round 67/500 ---
Averaged Train Loss: 1.7048
Averaged Test Accuracy: 0.3605
Averaged Test AUC: 0.8057
Std Test Accuracy: 0.1773
Std Test AUC: 0.0572

--- Round 68/500 ---
Averaged Train Loss: 1.6873
Averaged Test Accuracy: 0.3766
Averaged Test AUC: 0.8094
Std Test Accuracy: 0.1749
Std Test AUC: 0.0575

--- Round 69/500 ---
Averaged Train Loss: 1.6856
Averaged Test Accuracy: 0.3700
Averaged Test AUC: 0.8090
Std Test Accuracy: 0.1714
Std Test AUC: 0.0550

--- Round 70/500 ---
Averaged Train Loss: 1.7359
Averaged Test Accuracy: 0.3425
Averaged Test AUC: 0.8012
Std Test Accuracy: 0.1837
Std Test AUC: 0.0656

--- Round 71/500 ---
Averaged Train Loss: 1.7533
Averaged Test Accuracy: 0.3473
Averaged Test AUC: 0.7960
Std Test Accuracy: 0.1656
Std Test AUC: 0.0762

--- Round 72/500 ---
Averaged Train Loss: 1.7460
Averaged Test Accuracy: 0.3527
Averaged Test AUC: 0.7999
Std Test Accuracy: 0.1944
Std Test AUC: 0.0716

--- Round 73/500 ---
Averaged Train Loss: 1.7907
Averaged Test Accuracy: 0.3296
Averaged Test AUC: 0.7966
Std Test Accuracy: 0.1974
Std Test AUC: 0.0697

--- Round 74/500 ---
Averaged Train Loss: 1.6819
Averaged Test Accuracy: 0.3814
Averaged Test AUC: 0.8099
Std Test Accuracy: 0.1421
Std Test AUC: 0.0564

--- Round 75/500 ---
Averaged Train Loss: 1.6815
Averaged Test Accuracy: 0.3667
Averaged Test AUC: 0.8111
Std Test Accuracy: 0.1550
Std Test AUC: 0.0457

--- Round 76/500 ---
Averaged Train Loss: 1.6353
Averaged Test Accuracy: 0.4097
Averaged Test AUC: 0.8181
Std Test Accuracy: 0.1048
Std Test AUC: 0.0308

--- Round 77/500 ---
Averaged Train Loss: 1.6453
Averaged Test Accuracy: 0.4007
Averaged Test AUC: 0.8182
Std Test Accuracy: 0.1704
Std Test AUC: 0.0483

--- Round 78/500 ---
Averaged Train Loss: 1.6810
Averaged Test Accuracy: 0.3855
Averaged Test AUC: 0.8118
Std Test Accuracy: 0.1607
Std Test AUC: 0.0566

--- Round 79/500 ---
Averaged Train Loss: 1.6318
Averaged Test Accuracy: 0.4064
Averaged Test AUC: 0.8203
Std Test Accuracy: 0.1539
Std Test AUC: 0.0507

--- Round 80/500 ---
Averaged Train Loss: 1.7679
Averaged Test Accuracy: 0.3331
Averaged Test AUC: 0.7996
Std Test Accuracy: 0.1939
Std Test AUC: 0.0649

--- Round 81/500 ---
Averaged Train Loss: 1.6242
Averaged Test Accuracy: 0.4079
Averaged Test AUC: 0.8214
Std Test Accuracy: 0.1460
Std Test AUC: 0.0449

--- Round 82/500 ---
Averaged Train Loss: 1.6770
Averaged Test Accuracy: 0.3783
Averaged Test AUC: 0.8151
Std Test Accuracy: 0.1936
Std Test AUC: 0.0608

--- Round 83/500 ---
Averaged Train Loss: 1.7069
Averaged Test Accuracy: 0.3741
Averaged Test AUC: 0.8101
Std Test Accuracy: 0.2112
Std Test AUC: 0.0796

--- Round 84/500 ---
Averaged Train Loss: 1.6876
Averaged Test Accuracy: 0.3703
Averaged Test AUC: 0.8138
Std Test Accuracy: 0.1966
Std Test AUC: 0.0624

--- Round 85/500 ---
Averaged Train Loss: 1.6406
Averaged Test Accuracy: 0.4033
Averaged Test AUC: 0.8176
Std Test Accuracy: 0.1648
Std Test AUC: 0.0550

--- Round 86/500 ---
Averaged Train Loss: 1.6595
Averaged Test Accuracy: 0.3804
Averaged Test AUC: 0.8160
Std Test Accuracy: 0.1748
Std Test AUC: 0.0520

--- Round 87/500 ---
Averaged Train Loss: 1.6593
Averaged Test Accuracy: 0.3886
Averaged Test AUC: 0.8179
Std Test Accuracy: 0.1694
Std Test AUC: 0.0490

--- Round 88/500 ---
Averaged Train Loss: 1.7425
Averaged Test Accuracy: 0.3488
Averaged Test AUC: 0.8051
Std Test Accuracy: 0.1924
Std Test AUC: 0.0681

--- Round 89/500 ---
Averaged Train Loss: 1.6724
Averaged Test Accuracy: 0.3674
Averaged Test AUC: 0.8141
Std Test Accuracy: 0.1717
Std Test AUC: 0.0536

--- Round 90/500 ---
Averaged Train Loss: 1.6503
Averaged Test Accuracy: 0.3751
Averaged Test AUC: 0.8180
Std Test Accuracy: 0.1574
Std Test AUC: 0.0428

--- Round 91/500 ---
Averaged Train Loss: 1.6749
Averaged Test Accuracy: 0.3608
Averaged Test AUC: 0.8141
Std Test Accuracy: 0.1757
Std Test AUC: 0.0521

--- Round 92/500 ---
Averaged Train Loss: 1.7538
Averaged Test Accuracy: 0.3375
Averaged Test AUC: 0.8042
Std Test Accuracy: 0.1905
Std Test AUC: 0.0656

--- Round 93/500 ---
Averaged Train Loss: 1.6646
Averaged Test Accuracy: 0.3759
Averaged Test AUC: 0.8152
Std Test Accuracy: 0.1566
Std Test AUC: 0.0540

--- Round 94/500 ---
Averaged Train Loss: 1.5923
Averaged Test Accuracy: 0.4235
Averaged Test AUC: 0.8264
Std Test Accuracy: 0.1062
Std Test AUC: 0.0347

--- Round 95/500 ---
Averaged Train Loss: 1.6425
Averaged Test Accuracy: 0.4097
Averaged Test AUC: 0.8186
Std Test Accuracy: 0.1548
Std Test AUC: 0.0573

--- Round 96/500 ---
Averaged Train Loss: 1.6502
Averaged Test Accuracy: 0.3913
Averaged Test AUC: 0.8210
Std Test Accuracy: 0.1970
Std Test AUC: 0.0678

--- Round 97/500 ---
Averaged Train Loss: 1.6341
Averaged Test Accuracy: 0.4017
Averaged Test AUC: 0.8221
Std Test Accuracy: 0.1853
Std Test AUC: 0.0603

--- Round 98/500 ---
Averaged Train Loss: 1.6258
Averaged Test Accuracy: 0.4095
Averaged Test AUC: 0.8225
Std Test Accuracy: 0.1674
Std Test AUC: 0.0565

--- Round 99/500 ---
Averaged Train Loss: 1.6880
Averaged Test Accuracy: 0.3734
Averaged Test AUC: 0.8161
Std Test Accuracy: 0.1963
Std Test AUC: 0.0663

--- Round 100/500 ---
Averaged Train Loss: 1.5713
Averaged Test Accuracy: 0.4335
Averaged Test AUC: 0.8305
Std Test Accuracy: 0.1049
Std Test AUC: 0.0332

--- Round 101/500 ---
Averaged Train Loss: 1.6168
Averaged Test Accuracy: 0.4191
Averaged Test AUC: 0.8239
Std Test Accuracy: 0.1448
Std Test AUC: 0.0539

--- Round 102/500 ---
Averaged Train Loss: 1.6226
Averaged Test Accuracy: 0.4024
Averaged Test AUC: 0.8245
Std Test Accuracy: 0.1630
Std Test AUC: 0.0511

--- Round 103/500 ---
Averaged Train Loss: 1.5763
Averaged Test Accuracy: 0.4247
Averaged Test AUC: 0.8306
Std Test Accuracy: 0.1359
Std Test AUC: 0.0382

--- Round 104/500 ---
Averaged Train Loss: 1.6054
Averaged Test Accuracy: 0.4145
Averaged Test AUC: 0.8250
Std Test Accuracy: 0.1471
Std Test AUC: 0.0540

--- Round 105/500 ---
Averaged Train Loss: 1.6086
Averaged Test Accuracy: 0.4087
Averaged Test AUC: 0.8234
Std Test Accuracy: 0.1278
Std Test AUC: 0.0522

--- Round 106/500 ---
Averaged Train Loss: 1.6552
Averaged Test Accuracy: 0.3914
Averaged Test AUC: 0.8165
Std Test Accuracy: 0.1425
Std Test AUC: 0.0624

--- Round 107/500 ---
Averaged Train Loss: 1.5983
Averaged Test Accuracy: 0.4113
Averaged Test AUC: 0.8288
Std Test Accuracy: 0.1397
Std Test AUC: 0.0413

--- Round 108/500 ---
Averaged Train Loss: 1.6437
Averaged Test Accuracy: 0.4061
Averaged Test AUC: 0.8151
Std Test Accuracy: 0.1346
Std Test AUC: 0.0591

--- Round 109/500 ---
Averaged Train Loss: 1.5987
Averaged Test Accuracy: 0.4031
Averaged Test AUC: 0.8266
Std Test Accuracy: 0.1353
Std Test AUC: 0.0476

--- Round 110/500 ---
Averaged Train Loss: 1.5994
Averaged Test Accuracy: 0.3984
Averaged Test AUC: 0.8270
Std Test Accuracy: 0.1362
Std Test AUC: 0.0405

--- Round 111/500 ---
Averaged Train Loss: 1.6264
Averaged Test Accuracy: 0.3900
Averaged Test AUC: 0.8230
Std Test Accuracy: 0.1531
Std Test AUC: 0.0489

--- Round 112/500 ---
Averaged Train Loss: 1.6200
Averaged Test Accuracy: 0.4047
Averaged Test AUC: 0.8275
Std Test Accuracy: 0.1592
Std Test AUC: 0.0455

--- Round 113/500 ---
Averaged Train Loss: 1.6265
Averaged Test Accuracy: 0.4002
Averaged Test AUC: 0.8236
Std Test Accuracy: 0.1376
Std Test AUC: 0.0503

--- Round 114/500 ---
Averaged Train Loss: 1.6489
Averaged Test Accuracy: 0.3869
Averaged Test AUC: 0.8186
Std Test Accuracy: 0.1464
Std Test AUC: 0.0594

--- Round 115/500 ---
Averaged Train Loss: 1.5768
Averaged Test Accuracy: 0.4210
Averaged Test AUC: 0.8302
Std Test Accuracy: 0.1542
Std Test AUC: 0.0490

--- Round 116/500 ---
Averaged Train Loss: 1.6009
Averaged Test Accuracy: 0.4140
Averaged Test AUC: 0.8300
Std Test Accuracy: 0.1562
Std Test AUC: 0.0444

--- Round 117/500 ---
Averaged Train Loss: 1.6492
Averaged Test Accuracy: 0.3927
Averaged Test AUC: 0.8250
Std Test Accuracy: 0.1935
Std Test AUC: 0.0573

--- Round 118/500 ---
Averaged Train Loss: 1.7793
Averaged Test Accuracy: 0.3451
Averaged Test AUC: 0.7984
Std Test Accuracy: 0.2049
Std Test AUC: 0.0888

--- Round 119/500 ---
Averaged Train Loss: 1.6317
Averaged Test Accuracy: 0.3968
Averaged Test AUC: 0.8223
Std Test Accuracy: 0.1877
Std Test AUC: 0.0613

--- Round 120/500 ---
Averaged Train Loss: 1.6068
Averaged Test Accuracy: 0.4193
Averaged Test AUC: 0.8223
Std Test Accuracy: 0.1659
Std Test AUC: 0.0714

--- Round 121/500 ---
Averaged Train Loss: 1.5683
Averaged Test Accuracy: 0.4190
Averaged Test AUC: 0.8316
Std Test Accuracy: 0.1517
Std Test AUC: 0.0422

--- Round 122/500 ---
Averaged Train Loss: 1.5683
Averaged Test Accuracy: 0.4296
Averaged Test AUC: 0.8304
Std Test Accuracy: 0.1472
Std Test AUC: 0.0501

--- Round 123/500 ---
Averaged Train Loss: 1.5836
Averaged Test Accuracy: 0.4071
Averaged Test AUC: 0.8308
Std Test Accuracy: 0.1665
Std Test AUC: 0.0453

--- Round 124/500 ---
Averaged Train Loss: 1.5886
Averaged Test Accuracy: 0.4091
Averaged Test AUC: 0.8284
Std Test Accuracy: 0.1349
Std Test AUC: 0.0475

--- Round 125/500 ---
Averaged Train Loss: 1.5822
Averaged Test Accuracy: 0.4181
Averaged Test AUC: 0.8332
Std Test Accuracy: 0.1769
Std Test AUC: 0.0568

--- Round 126/500 ---
Averaged Train Loss: 1.5766
Averaged Test Accuracy: 0.4269
Averaged Test AUC: 0.8321
Std Test Accuracy: 0.1387
Std Test AUC: 0.0497

--- Round 127/500 ---
Averaged Train Loss: 1.5502
Averaged Test Accuracy: 0.4388
Averaged Test AUC: 0.8358
Std Test Accuracy: 0.1276
Std Test AUC: 0.0453

--- Round 128/500 ---
Averaged Train Loss: 1.7280
Averaged Test Accuracy: 0.3614
Averaged Test AUC: 0.8055
Std Test Accuracy: 0.1660
Std Test AUC: 0.0821

--- Round 129/500 ---
Averaged Train Loss: 1.6672
Averaged Test Accuracy: 0.3936
Averaged Test AUC: 0.8286
Std Test Accuracy: 0.1906
Std Test AUC: 0.0571

--- Round 130/500 ---
Averaged Train Loss: 1.5742
Averaged Test Accuracy: 0.4210
Averaged Test AUC: 0.8314
Std Test Accuracy: 0.1284
Std Test AUC: 0.0424

--- Round 131/500 ---
Averaged Train Loss: 1.7355
Averaged Test Accuracy: 0.3787
Averaged Test AUC: 0.8153
Std Test Accuracy: 0.2238
Std Test AUC: 0.0917

--- Round 132/500 ---
Averaged Train Loss: 1.6315
Averaged Test Accuracy: 0.4113
Averaged Test AUC: 0.8226
Std Test Accuracy: 0.1939
Std Test AUC: 0.0804

--- Round 133/500 ---
Averaged Train Loss: 1.7605
Averaged Test Accuracy: 0.3610
Averaged Test AUC: 0.8034
Std Test Accuracy: 0.2090
Std Test AUC: 0.0917

--- Round 134/500 ---
Averaged Train Loss: 1.6139
Averaged Test Accuracy: 0.4049
Averaged Test AUC: 0.8319
Std Test Accuracy: 0.2106
Std Test AUC: 0.0608

--- Round 135/500 ---
Averaged Train Loss: 1.5409
Averaged Test Accuracy: 0.4309
Averaged Test AUC: 0.8376
Std Test Accuracy: 0.1429
Std Test AUC: 0.0376

--- Round 136/500 ---
Averaged Train Loss: 1.8925
Averaged Test Accuracy: 0.3192
Averaged Test AUC: 0.8060
Std Test Accuracy: 0.2147
Std Test AUC: 0.0787

--- Round 137/500 ---
Averaged Train Loss: 1.8079
Averaged Test Accuracy: 0.3184
Averaged Test AUC: 0.8037
Std Test Accuracy: 0.2160
Std Test AUC: 0.0804

--- Round 138/500 ---
Averaged Train Loss: 1.6328
Averaged Test Accuracy: 0.4031
Averaged Test AUC: 0.8270
Std Test Accuracy: 0.2000
Std Test AUC: 0.0725

--- Round 139/500 ---
Averaged Train Loss: 1.5889
Averaged Test Accuracy: 0.4160
Averaged Test AUC: 0.8356
Std Test Accuracy: 0.2000
Std Test AUC: 0.0585

--- Round 140/500 ---
Averaged Train Loss: 1.6194
Averaged Test Accuracy: 0.3942
Averaged Test AUC: 0.8251
Std Test Accuracy: 0.1727
Std Test AUC: 0.0608

--- Round 141/500 ---
Averaged Train Loss: 1.8004
Averaged Test Accuracy: 0.3402
Averaged Test AUC: 0.8015
Std Test Accuracy: 0.1610
Std Test AUC: 0.0729

--- Round 142/500 ---
Averaged Train Loss: 1.6018
Averaged Test Accuracy: 0.4011
Averaged Test AUC: 0.8331
Std Test Accuracy: 0.1734
Std Test AUC: 0.0618

--- Round 143/500 ---
Averaged Train Loss: 1.7794
Averaged Test Accuracy: 0.3554
Averaged Test AUC: 0.8175
Std Test Accuracy: 0.2547
Std Test AUC: 0.0859

--- Round 144/500 ---
Averaged Train Loss: 1.6011
Averaged Test Accuracy: 0.4170
Averaged Test AUC: 0.8318
Std Test Accuracy: 0.1904
Std Test AUC: 0.0613

--- Round 145/500 ---
Averaged Train Loss: 1.9660
Averaged Test Accuracy: 0.3004
Averaged Test AUC: 0.7916
Std Test Accuracy: 0.2073
Std Test AUC: 0.0756

--- Round 146/500 ---
Averaged Train Loss: 1.8490
Averaged Test Accuracy: 0.3234
Averaged Test AUC: 0.8119
Std Test Accuracy: 0.2335
Std Test AUC: 0.0838

--- Round 147/500 ---
Averaged Train Loss: 1.5925
Averaged Test Accuracy: 0.4154
Averaged Test AUC: 0.8323
Std Test Accuracy: 0.2031
Std Test AUC: 0.0732

--- Round 148/500 ---
Averaged Train Loss: 1.9317
Averaged Test Accuracy: 0.3503
Averaged Test AUC: 0.7918
Std Test Accuracy: 0.2517
Std Test AUC: 0.1230

--- Round 149/500 ---
Averaged Train Loss: 1.6522
Averaged Test Accuracy: 0.3841
Averaged Test AUC: 0.8234
Std Test Accuracy: 0.1799
Std Test AUC: 0.0602

--- Round 150/500 ---
Averaged Train Loss: 1.8390
Averaged Test Accuracy: 0.2950
Averaged Test AUC: 0.8124
Std Test Accuracy: 0.2169
Std Test AUC: 0.0731

--- Round 151/500 ---
Averaged Train Loss: 1.6726
Averaged Test Accuracy: 0.3761
Averaged Test AUC: 0.8327
Std Test Accuracy: 0.2320
Std Test AUC: 0.0688

--- Round 152/500 ---
Averaged Train Loss: 1.7041
Averaged Test Accuracy: 0.3753
Averaged Test AUC: 0.8217
Std Test Accuracy: 0.2216
Std Test AUC: 0.0863

--- Round 153/500 ---
Averaged Train Loss: 2.0121
Averaged Test Accuracy: 0.3091
Averaged Test AUC: 0.7927
Std Test Accuracy: 0.2744
Std Test AUC: 0.1083

--- Round 154/500 ---
Averaged Train Loss: 1.7355
Averaged Test Accuracy: 0.3709
Averaged Test AUC: 0.8206
Std Test Accuracy: 0.1862
Std Test AUC: 0.0759

--- Round 155/500 ---
Averaged Train Loss: 1.5323
Averaged Test Accuracy: 0.4333
Averaged Test AUC: 0.8416
Std Test Accuracy: 0.1501
Std Test AUC: 0.0449

--- Round 156/500 ---
Averaged Train Loss: 1.7671
Averaged Test Accuracy: 0.3578
Averaged Test AUC: 0.8174
Std Test Accuracy: 0.1993
Std Test AUC: 0.0725

--- Round 157/500 ---
Averaged Train Loss: 1.6201
Averaged Test Accuracy: 0.3938
Averaged Test AUC: 0.8298
Std Test Accuracy: 0.1821
Std Test AUC: 0.0619

--- Round 158/500 ---
Averaged Train Loss: 1.7340
Averaged Test Accuracy: 0.3822
Averaged Test AUC: 0.8219
Std Test Accuracy: 0.2310
Std Test AUC: 0.0825

--- Round 159/500 ---
Averaged Train Loss: 1.5039
Averaged Test Accuracy: 0.4437
Averaged Test AUC: 0.8449
Std Test Accuracy: 0.1684
Std Test AUC: 0.0457

--- Round 160/500 ---
Averaged Train Loss: 1.7445
Averaged Test Accuracy: 0.3519
Averaged Test AUC: 0.8167
Std Test Accuracy: 0.2089
Std Test AUC: 0.0763

--- Round 161/500 ---
Averaged Train Loss: 1.6737
Averaged Test Accuracy: 0.3914
Averaged Test AUC: 0.8188
Std Test Accuracy: 0.1447
Std Test AUC: 0.0650

--- Round 162/500 ---
Averaged Train Loss: 1.6819
Averaged Test Accuracy: 0.3872
Averaged Test AUC: 0.8258
Std Test Accuracy: 0.2006
Std Test AUC: 0.0808

--- Round 163/500 ---
Averaged Train Loss: 1.6346
Averaged Test Accuracy: 0.4045
Averaged Test AUC: 0.8319
Std Test Accuracy: 0.2102
Std Test AUC: 0.0784

--- Round 164/500 ---
Averaged Train Loss: 1.6020
Averaged Test Accuracy: 0.4105
Averaged Test AUC: 0.8299
Std Test Accuracy: 0.1772
Std Test AUC: 0.0660

--- Round 165/500 ---
Averaged Train Loss: 1.9807
Averaged Test Accuracy: 0.3105
Averaged Test AUC: 0.7957
Std Test Accuracy: 0.2043
Std Test AUC: 0.0754

--- Round 166/500 ---
Averaged Train Loss: 1.5303
Averaged Test Accuracy: 0.4417
Averaged Test AUC: 0.8418
Std Test Accuracy: 0.1661
Std Test AUC: 0.0603

--- Round 167/500 ---
Averaged Train Loss: 1.5488
Averaged Test Accuracy: 0.4265
Averaged Test AUC: 0.8411
Std Test Accuracy: 0.1842
Std Test AUC: 0.0689

--- Round 168/500 ---
Averaged Train Loss: 1.7304
Averaged Test Accuracy: 0.3896
Averaged Test AUC: 0.8199
Std Test Accuracy: 0.2268
Std Test AUC: 0.0969

--- Round 169/500 ---
Averaged Train Loss: 1.7245
Averaged Test Accuracy: 0.3658
Averaged Test AUC: 0.8157
Std Test Accuracy: 0.1872
Std Test AUC: 0.0652

--- Round 170/500 ---
Averaged Train Loss: 1.5018
Averaged Test Accuracy: 0.4515
Averaged Test AUC: 0.8416
Std Test Accuracy: 0.1176
Std Test AUC: 0.0431

--- Round 171/500 ---
Averaged Train Loss: 1.8175
Averaged Test Accuracy: 0.3310
Averaged Test AUC: 0.8211
Std Test Accuracy: 0.2226
Std Test AUC: 0.0750

--- Round 172/500 ---
Averaged Train Loss: 1.6570
Averaged Test Accuracy: 0.4001
Averaged Test AUC: 0.8282
Std Test Accuracy: 0.2123
Std Test AUC: 0.0864

--- Round 173/500 ---
Averaged Train Loss: 1.8348
Averaged Test Accuracy: 0.3471
Averaged Test AUC: 0.8094
Std Test Accuracy: 0.2409
Std Test AUC: 0.0974

--- Round 174/500 ---
Averaged Train Loss: 1.5463
Averaged Test Accuracy: 0.4286
Averaged Test AUC: 0.8423
Std Test Accuracy: 0.1899
Std Test AUC: 0.0527

--- Round 175/500 ---
Averaged Train Loss: 1.7147
Averaged Test Accuracy: 0.3408
Averaged Test AUC: 0.8291
Std Test Accuracy: 0.2100
Std Test AUC: 0.0617

--- Round 176/500 ---
Averaged Train Loss: 1.8048
Averaged Test Accuracy: 0.3498
Averaged Test AUC: 0.8235
Std Test Accuracy: 0.2012
Std Test AUC: 0.0676

--- Round 177/500 ---
Averaged Train Loss: 1.5781
Averaged Test Accuracy: 0.4113
Averaged Test AUC: 0.8380
Std Test Accuracy: 0.1815
Std Test AUC: 0.0627

--- Round 178/500 ---
Averaged Train Loss: 1.7837
Averaged Test Accuracy: 0.3821
Averaged Test AUC: 0.8202
Std Test Accuracy: 0.2512
Std Test AUC: 0.0932

--- Round 179/500 ---
Averaged Train Loss: 1.5926
Averaged Test Accuracy: 0.3936
Averaged Test AUC: 0.8385
Std Test Accuracy: 0.1761
Std Test AUC: 0.0496

--- Round 180/500 ---
Averaged Train Loss: 1.7808
Averaged Test Accuracy: 0.3449
Averaged Test AUC: 0.8175
Std Test Accuracy: 0.2208
Std Test AUC: 0.0771

--- Round 181/500 ---
Averaged Train Loss: 1.6279
Averaged Test Accuracy: 0.4172
Averaged Test AUC: 0.8245
Std Test Accuracy: 0.1454
Std Test AUC: 0.0770

--- Round 182/500 ---
Averaged Train Loss: 1.5674
Averaged Test Accuracy: 0.4291
Averaged Test AUC: 0.8438
Std Test Accuracy: 0.1798
Std Test AUC: 0.0630

--- Round 183/500 ---
Averaged Train Loss: 1.5331
Averaged Test Accuracy: 0.4411
Averaged Test AUC: 0.8439
Std Test Accuracy: 0.1894
Std Test AUC: 0.0638

--- Round 184/500 ---
Averaged Train Loss: 1.6012
Averaged Test Accuracy: 0.4103
Averaged Test AUC: 0.8314
Std Test Accuracy: 0.1923
Std Test AUC: 0.0662

--- Round 185/500 ---
Averaged Train Loss: 1.8505
Averaged Test Accuracy: 0.3455
Averaged Test AUC: 0.8080
Std Test Accuracy: 0.1807
Std Test AUC: 0.0704

--- Round 186/500 ---
Averaged Train Loss: 1.4994
Averaged Test Accuracy: 0.4524
Averaged Test AUC: 0.8492
Std Test Accuracy: 0.1830
Std Test AUC: 0.0585

--- Round 187/500 ---
Averaged Train Loss: 1.5567
Averaged Test Accuracy: 0.4270
Averaged Test AUC: 0.8423
Std Test Accuracy: 0.1680
Std Test AUC: 0.0658

--- Round 188/500 ---
Averaged Train Loss: 1.6646
Averaged Test Accuracy: 0.4191
Averaged Test AUC: 0.8283
Std Test Accuracy: 0.2239
Std Test AUC: 0.0963

--- Round 189/500 ---
Averaged Train Loss: 1.6900
Averaged Test Accuracy: 0.3779
Averaged Test AUC: 0.8215
Std Test Accuracy: 0.1885
Std Test AUC: 0.0664

--- Round 190/500 ---
Averaged Train Loss: 1.5181
Averaged Test Accuracy: 0.4422
Averaged Test AUC: 0.8452
Std Test Accuracy: 0.1471
Std Test AUC: 0.0485

--- Round 191/500 ---
Averaged Train Loss: 1.6588
Averaged Test Accuracy: 0.3995
Averaged Test AUC: 0.8335
Std Test Accuracy: 0.2291
Std Test AUC: 0.0804

--- Round 192/500 ---
Averaged Train Loss: 1.6651
Averaged Test Accuracy: 0.4016
Averaged Test AUC: 0.8289
Std Test Accuracy: 0.1845
Std Test AUC: 0.0707

--- Round 193/500 ---
Averaged Train Loss: 1.7954
Averaged Test Accuracy: 0.3618
Averaged Test AUC: 0.8143
Std Test Accuracy: 0.2305
Std Test AUC: 0.0922

--- Round 194/500 ---
Averaged Train Loss: 1.6237
Averaged Test Accuracy: 0.4046
Averaged Test AUC: 0.8416
Std Test Accuracy: 0.2120
Std Test AUC: 0.0525

--- Round 195/500 ---
Averaged Train Loss: 1.7923
Averaged Test Accuracy: 0.3246
Averaged Test AUC: 0.8256
Std Test Accuracy: 0.2172
Std Test AUC: 0.0675

--- Round 196/500 ---
Averaged Train Loss: 1.6465
Averaged Test Accuracy: 0.3995
Averaged Test AUC: 0.8349
Std Test Accuracy: 0.2109
Std Test AUC: 0.0776

--- Round 197/500 ---
Averaged Train Loss: 1.4851
Averaged Test Accuracy: 0.4430
Averaged Test AUC: 0.8487
Std Test Accuracy: 0.1486
Std Test AUC: 0.0453

--- Round 198/500 ---
Averaged Train Loss: 1.8989
Averaged Test Accuracy: 0.3675
Averaged Test AUC: 0.8150
Std Test Accuracy: 0.2573
Std Test AUC: 0.0981

--- Round 199/500 ---
Averaged Train Loss: 1.6173
Averaged Test Accuracy: 0.4001
Averaged Test AUC: 0.8388
Std Test Accuracy: 0.1745
Std Test AUC: 0.0593

--- Round 200/500 ---
Averaged Train Loss: 1.7084
Averaged Test Accuracy: 0.3644
Averaged Test AUC: 0.8233
Std Test Accuracy: 0.2267
Std Test AUC: 0.0786

--- Round 201/500 ---
Averaged Train Loss: 1.5518
Averaged Test Accuracy: 0.4315
Averaged Test AUC: 0.8399
Std Test Accuracy: 0.1528
Std Test AUC: 0.0607

--- Round 202/500 ---
Averaged Train Loss: 1.5252
Averaged Test Accuracy: 0.4413
Averaged Test AUC: 0.8474
Std Test Accuracy: 0.2082
Std Test AUC: 0.0648

--- Round 203/500 ---
Averaged Train Loss: 1.6884
Averaged Test Accuracy: 0.3973
Averaged Test AUC: 0.8354
Std Test Accuracy: 0.2295
Std Test AUC: 0.0750

--- Round 204/500 ---
Averaged Train Loss: 1.5577
Averaged Test Accuracy: 0.4274
Averaged Test AUC: 0.8404
Std Test Accuracy: 0.1789
Std Test AUC: 0.0607

--- Round 205/500 ---
Averaged Train Loss: 1.9921
Averaged Test Accuracy: 0.3098
Averaged Test AUC: 0.8069
Std Test Accuracy: 0.2199
Std Test AUC: 0.0723

--- Round 206/500 ---
Averaged Train Loss: 1.6317
Averaged Test Accuracy: 0.4219
Averaged Test AUC: 0.8351
Std Test Accuracy: 0.2040
Std Test AUC: 0.0811

--- Round 207/500 ---
Averaged Train Loss: 1.5793
Averaged Test Accuracy: 0.4248
Averaged Test AUC: 0.8411
Std Test Accuracy: 0.2108
Std Test AUC: 0.0690

--- Round 208/500 ---
Averaged Train Loss: 1.7918
Averaged Test Accuracy: 0.3944
Averaged Test AUC: 0.8197
Std Test Accuracy: 0.2400
Std Test AUC: 0.1024

--- Round 209/500 ---
Averaged Train Loss: 1.6866
Averaged Test Accuracy: 0.3936
Averaged Test AUC: 0.8239
Std Test Accuracy: 0.1590
Std Test AUC: 0.0631

--- Round 210/500 ---
Averaged Train Loss: 1.4796
Averaged Test Accuracy: 0.4518
Averaged Test AUC: 0.8494
Std Test Accuracy: 0.1635
Std Test AUC: 0.0502

--- Round 211/500 ---
Averaged Train Loss: 1.5904
Averaged Test Accuracy: 0.4315
Averaged Test AUC: 0.8405
Std Test Accuracy: 0.1980
Std Test AUC: 0.0791

--- Round 212/500 ---
Averaged Train Loss: 1.7274
Averaged Test Accuracy: 0.3869
Averaged Test AUC: 0.8228
Std Test Accuracy: 0.2013
Std Test AUC: 0.0842

--- Round 213/500 ---
Averaged Train Loss: 1.8352
Averaged Test Accuracy: 0.3579
Averaged Test AUC: 0.8181
Std Test Accuracy: 0.2484
Std Test AUC: 0.0875

--- Round 214/500 ---
Averaged Train Loss: 1.4344
Averaged Test Accuracy: 0.4737
Averaged Test AUC: 0.8563
Std Test Accuracy: 0.1696
Std Test AUC: 0.0457

--- Round 215/500 ---
Averaged Train Loss: 1.6625
Averaged Test Accuracy: 0.3685
Averaged Test AUC: 0.8356
Std Test Accuracy: 0.1922
Std Test AUC: 0.0642

--- Round 216/500 ---
Averaged Train Loss: 1.5897
Averaged Test Accuracy: 0.4230
Averaged Test AUC: 0.8409
Std Test Accuracy: 0.2004
Std Test AUC: 0.0781

--- Round 217/500 ---
Averaged Train Loss: 1.5628
Averaged Test Accuracy: 0.4212
Averaged Test AUC: 0.8398
Std Test Accuracy: 0.1768
Std Test AUC: 0.0641

--- Round 218/500 ---
Averaged Train Loss: 1.8112
Averaged Test Accuracy: 0.3833
Averaged Test AUC: 0.8240
Std Test Accuracy: 0.2528
Std Test AUC: 0.0900

--- Round 219/500 ---
Averaged Train Loss: 1.6132
Averaged Test Accuracy: 0.4049
Averaged Test AUC: 0.8409
Std Test Accuracy: 0.1766
Std Test AUC: 0.0590

--- Round 220/500 ---
Averaged Train Loss: 1.6786
Averaged Test Accuracy: 0.3769
Averaged Test AUC: 0.8293
Std Test Accuracy: 0.2224
Std Test AUC: 0.0753

--- Round 221/500 ---
Averaged Train Loss: 1.5261
Averaged Test Accuracy: 0.4423
Averaged Test AUC: 0.8443
Std Test Accuracy: 0.1576
Std Test AUC: 0.0638

--- Round 222/500 ---
Averaged Train Loss: 1.5474
Averaged Test Accuracy: 0.4365
Averaged Test AUC: 0.8463
Std Test Accuracy: 0.2113
Std Test AUC: 0.0724

--- Round 223/500 ---
Averaged Train Loss: 1.5878
Averaged Test Accuracy: 0.4255
Averaged Test AUC: 0.8464
Std Test Accuracy: 0.2186
Std Test AUC: 0.0621

--- Round 224/500 ---
Averaged Train Loss: 1.5205
Averaged Test Accuracy: 0.4429
Averaged Test AUC: 0.8450
Std Test Accuracy: 0.1695
Std Test AUC: 0.0571

--- Round 225/500 ---
Averaged Train Loss: 2.0035
Averaged Test Accuracy: 0.3097
Averaged Test AUC: 0.8140
Std Test Accuracy: 0.2273
Std Test AUC: 0.0688

--- Round 226/500 ---
Averaged Train Loss: 1.6237
Averaged Test Accuracy: 0.4259
Averaged Test AUC: 0.8386
Std Test Accuracy: 0.2114
Std Test AUC: 0.0806

--- Round 227/500 ---
Averaged Train Loss: 1.5551
Averaged Test Accuracy: 0.4353
Averaged Test AUC: 0.8447
Std Test Accuracy: 0.2088
Std Test AUC: 0.0677

--- Round 228/500 ---
Averaged Train Loss: 1.7618
Averaged Test Accuracy: 0.4045
Averaged Test AUC: 0.8257
Std Test Accuracy: 0.2395
Std Test AUC: 0.0978

--- Round 229/500 ---
Averaged Train Loss: 1.6420
Averaged Test Accuracy: 0.4072
Averaged Test AUC: 0.8298
Std Test Accuracy: 0.1557
Std Test AUC: 0.0614

--- Round 230/500 ---
Averaged Train Loss: 1.4666
Averaged Test Accuracy: 0.4600
Averaged Test AUC: 0.8516
Std Test Accuracy: 0.1379
Std Test AUC: 0.0420

--- Round 231/500 ---
Averaged Train Loss: 1.5500
Averaged Test Accuracy: 0.4393
Averaged Test AUC: 0.8461
Std Test Accuracy: 0.1953
Std Test AUC: 0.0715

--- Round 232/500 ---
Averaged Train Loss: 1.6813
Averaged Test Accuracy: 0.4027
Averaged Test AUC: 0.8297
Std Test Accuracy: 0.1952
Std Test AUC: 0.0817

--- Round 233/500 ---
Averaged Train Loss: 1.8267
Averaged Test Accuracy: 0.3640
Averaged Test AUC: 0.8213
Std Test Accuracy: 0.2474
Std Test AUC: 0.0871

--- Round 234/500 ---
Averaged Train Loss: 1.6117
Averaged Test Accuracy: 0.4185
Averaged Test AUC: 0.8368
Std Test Accuracy: 0.1983
Std Test AUC: 0.0702

--- Round 235/500 ---
Averaged Train Loss: 1.5641
Averaged Test Accuracy: 0.4140
Averaged Test AUC: 0.8441
Std Test Accuracy: 0.1750
Std Test AUC: 0.0590

--- Round 236/500 ---
Averaged Train Loss: 1.5888
Averaged Test Accuracy: 0.4357
Averaged Test AUC: 0.8410
Std Test Accuracy: 0.1981
Std Test AUC: 0.0752

--- Round 237/500 ---
Averaged Train Loss: 1.7525
Averaged Test Accuracy: 0.3659
Averaged Test AUC: 0.8229
Std Test Accuracy: 0.2362
Std Test AUC: 0.0902

--- Round 238/500 ---
Averaged Train Loss: 1.6383
Averaged Test Accuracy: 0.4223
Averaged Test AUC: 0.8425
Std Test Accuracy: 0.2358
Std Test AUC: 0.0756

--- Round 239/500 ---
Averaged Train Loss: 1.6198
Averaged Test Accuracy: 0.4054
Averaged Test AUC: 0.8423
Std Test Accuracy: 0.1786
Std Test AUC: 0.0600

--- Round 240/500 ---
Averaged Train Loss: 1.4286
Averaged Test Accuracy: 0.4719
Averaged Test AUC: 0.8570
Std Test Accuracy: 0.1526
Std Test AUC: 0.0464

--- Round 241/500 ---
Averaged Train Loss: 1.5976
Averaged Test Accuracy: 0.4251
Averaged Test AUC: 0.8421
Std Test Accuracy: 0.2057
Std Test AUC: 0.0792

--- Round 242/500 ---
Averaged Train Loss: 1.4945
Averaged Test Accuracy: 0.4363
Averaged Test AUC: 0.8490
Std Test Accuracy: 0.1671
Std Test AUC: 0.0563

--- Round 243/500 ---
Averaged Train Loss: 1.5417
Averaged Test Accuracy: 0.4393
Averaged Test AUC: 0.8473
Std Test Accuracy: 0.1811
Std Test AUC: 0.0614

--- Round 244/500 ---
Averaged Train Loss: 1.4365
Averaged Test Accuracy: 0.4702
Averaged Test AUC: 0.8573
Std Test Accuracy: 0.1905
Std Test AUC: 0.0532

--- Round 245/500 ---
Averaged Train Loss: 1.5803
Averaged Test Accuracy: 0.4137
Averaged Test AUC: 0.8387
Std Test Accuracy: 0.2009
Std Test AUC: 0.0697

--- Round 246/500 ---
Averaged Train Loss: 1.4714
Averaged Test Accuracy: 0.4617
Averaged Test AUC: 0.8534
Std Test Accuracy: 0.1545
Std Test AUC: 0.0522

--- Round 247/500 ---
Averaged Train Loss: 1.4675
Averaged Test Accuracy: 0.4602
Averaged Test AUC: 0.8575
Std Test Accuracy: 0.1671
Std Test AUC: 0.0508

--- Round 248/500 ---
Averaged Train Loss: 1.5978
Averaged Test Accuracy: 0.4532
Averaged Test AUC: 0.8406
Std Test Accuracy: 0.2113
Std Test AUC: 0.0891

--- Round 249/500 ---
Averaged Train Loss: 1.4804
Averaged Test Accuracy: 0.4595
Averaged Test AUC: 0.8518
Std Test Accuracy: 0.1583
Std Test AUC: 0.0511

--- Round 250/500 ---
Averaged Train Loss: 1.8754
Averaged Test Accuracy: 0.3393
Averaged Test AUC: 0.8231
Std Test Accuracy: 0.2272
Std Test AUC: 0.0660

--- Round 251/500 ---
Averaged Train Loss: 1.5897
Averaged Test Accuracy: 0.4296
Averaged Test AUC: 0.8433
Std Test Accuracy: 0.2004
Std Test AUC: 0.0785

--- Round 252/500 ---
Averaged Train Loss: 1.5864
Averaged Test Accuracy: 0.4447
Averaged Test AUC: 0.8406
Std Test Accuracy: 0.2049
Std Test AUC: 0.0837

--- Round 253/500 ---
Averaged Train Loss: 1.6199
Averaged Test Accuracy: 0.4321
Averaged Test AUC: 0.8364
Std Test Accuracy: 0.2198
Std Test AUC: 0.0945

--- Round 254/500 ---
Averaged Train Loss: 1.6096
Averaged Test Accuracy: 0.4146
Averaged Test AUC: 0.8352
Std Test Accuracy: 0.1510
Std Test AUC: 0.0548

--- Round 255/500 ---
Averaged Train Loss: 1.6039
Averaged Test Accuracy: 0.3967
Averaged Test AUC: 0.8433
Std Test Accuracy: 0.1764
Std Test AUC: 0.0604

--- Round 256/500 ---
Averaged Train Loss: 1.6539
Averaged Test Accuracy: 0.4230
Averaged Test AUC: 0.8329
Std Test Accuracy: 0.1797
Std Test AUC: 0.0759

--- Round 257/500 ---
Averaged Train Loss: 1.6220
Averaged Test Accuracy: 0.4370
Averaged Test AUC: 0.8283
Std Test Accuracy: 0.1935
Std Test AUC: 0.0952

--- Round 258/500 ---
Averaged Train Loss: 1.7591
Averaged Test Accuracy: 0.3813
Averaged Test AUC: 0.8256
Std Test Accuracy: 0.2255
Std Test AUC: 0.0893

--- Round 259/500 ---
Averaged Train Loss: 1.5912
Averaged Test Accuracy: 0.4161
Averaged Test AUC: 0.8444
Std Test Accuracy: 0.1644
Std Test AUC: 0.0594

--- Round 260/500 ---
Averaged Train Loss: 1.4087
Averaged Test Accuracy: 0.4816
Averaged Test AUC: 0.8583
Std Test Accuracy: 0.1292
Std Test AUC: 0.0438

--- Round 261/500 ---
Averaged Train Loss: 1.5792
Averaged Test Accuracy: 0.4300
Averaged Test AUC: 0.8463
Std Test Accuracy: 0.1997
Std Test AUC: 0.0757

--- Round 262/500 ---
Averaged Train Loss: 1.5982
Averaged Test Accuracy: 0.4364
Averaged Test AUC: 0.8326
Std Test Accuracy: 0.1693
Std Test AUC: 0.0826

--- Round 263/500 ---
Averaged Train Loss: 1.5203
Averaged Test Accuracy: 0.4553
Averaged Test AUC: 0.8501
Std Test Accuracy: 0.1781
Std Test AUC: 0.0710

--- Round 264/500 ---
Averaged Train Loss: 1.4537
Averaged Test Accuracy: 0.4639
Averaged Test AUC: 0.8543
Std Test Accuracy: 0.1595
Std Test AUC: 0.0480

--- Round 265/500 ---
Averaged Train Loss: 1.6039
Averaged Test Accuracy: 0.4137
Averaged Test AUC: 0.8392
Std Test Accuracy: 0.2110
Std Test AUC: 0.0746

--- Round 266/500 ---
Averaged Train Loss: 1.4503
Averaged Test Accuracy: 0.4655
Averaged Test AUC: 0.8564
Std Test Accuracy: 0.1442
Std Test AUC: 0.0466

--- Round 267/500 ---
Averaged Train Loss: 1.5042
Averaged Test Accuracy: 0.4640
Averaged Test AUC: 0.8416
Std Test Accuracy: 0.1894
Std Test AUC: 0.0752

--- Round 268/500 ---
Averaged Train Loss: 1.7160
Averaged Test Accuracy: 0.4208
Averaged Test AUC: 0.8400
Std Test Accuracy: 0.2177
Std Test AUC: 0.0769

--- Round 269/500 ---
Averaged Train Loss: 1.4593
Averaged Test Accuracy: 0.4649
Averaged Test AUC: 0.8555
Std Test Accuracy: 0.1665
Std Test AUC: 0.0502

--- Round 270/500 ---
Averaged Train Loss: 1.6702
Averaged Test Accuracy: 0.3936
Averaged Test AUC: 0.8347
Std Test Accuracy: 0.1976
Std Test AUC: 0.0610

--- Round 271/500 ---
Averaged Train Loss: 1.5010
Averaged Test Accuracy: 0.4505
Averaged Test AUC: 0.8542
Std Test Accuracy: 0.1990
Std Test AUC: 0.0669

--- Round 272/500 ---
Averaged Train Loss: 1.5076
Averaged Test Accuracy: 0.4611
Averaged Test AUC: 0.8464
Std Test Accuracy: 0.2033
Std Test AUC: 0.0843

--- Round 273/500 ---
Averaged Train Loss: 1.5118
Averaged Test Accuracy: 0.4380
Averaged Test AUC: 0.8508
Std Test Accuracy: 0.1824
Std Test AUC: 0.0497

--- Round 274/500 ---
Averaged Train Loss: 1.4657
Averaged Test Accuracy: 0.4611
Averaged Test AUC: 0.8569
Std Test Accuracy: 0.1723
Std Test AUC: 0.0564

--- Round 275/500 ---
Averaged Train Loss: 1.5705
Averaged Test Accuracy: 0.4340
Averaged Test AUC: 0.8445
Std Test Accuracy: 0.2171
Std Test AUC: 0.0681

--- Round 276/500 ---
Averaged Train Loss: 1.5563
Averaged Test Accuracy: 0.4165
Averaged Test AUC: 0.8450
Std Test Accuracy: 0.1901
Std Test AUC: 0.0576

--- Round 277/500 ---
Averaged Train Loss: 1.4775
Averaged Test Accuracy: 0.4604
Averaged Test AUC: 0.8553
Std Test Accuracy: 0.1897
Std Test AUC: 0.0561

--- Round 278/500 ---
Averaged Train Loss: 1.4579
Averaged Test Accuracy: 0.4700
Averaged Test AUC: 0.8583
Std Test Accuracy: 0.1962
Std Test AUC: 0.0588

--- Round 279/500 ---
Averaged Train Loss: 1.5687
Averaged Test Accuracy: 0.4213
Averaged Test AUC: 0.8409
Std Test Accuracy: 0.1530
Std Test AUC: 0.0541

--- Round 280/500 ---
Averaged Train Loss: 1.3580
Averaged Test Accuracy: 0.4986
Averaged Test AUC: 0.8665
Std Test Accuracy: 0.1368
Std Test AUC: 0.0409

--- Round 281/500 ---
Averaged Train Loss: 1.6404
Averaged Test Accuracy: 0.4207
Averaged Test AUC: 0.8389
Std Test Accuracy: 0.2159
Std Test AUC: 0.0758

--- Round 282/500 ---
Averaged Train Loss: 1.3421
Averaged Test Accuracy: 0.5075
Averaged Test AUC: 0.8685
Std Test Accuracy: 0.1498
Std Test AUC: 0.0476

--- Round 283/500 ---
Averaged Train Loss: 1.3129
Averaged Test Accuracy: 0.5185
Averaged Test AUC: 0.8716
Std Test Accuracy: 0.1179
Std Test AUC: 0.0352

--- Round 284/500 ---
Averaged Train Loss: 1.3515
Averaged Test Accuracy: 0.5067
Averaged Test AUC: 0.8669
Std Test Accuracy: 0.1261
Std Test AUC: 0.0365

--- Round 285/500 ---
Averaged Train Loss: 1.3862
Averaged Test Accuracy: 0.4896
Averaged Test AUC: 0.8642
Std Test Accuracy: 0.1784
Std Test AUC: 0.0520

--- Round 286/500 ---
Averaged Train Loss: 1.4070
Averaged Test Accuracy: 0.4812
Averaged Test AUC: 0.8630
Std Test Accuracy: 0.1898
Std Test AUC: 0.0583

--- Round 287/500 ---
Averaged Train Loss: 1.4115
Averaged Test Accuracy: 0.4825
Averaged Test AUC: 0.8637
Std Test Accuracy: 0.1727
Std Test AUC: 0.0483

--- Round 288/500 ---
Averaged Train Loss: 1.3538
Averaged Test Accuracy: 0.4987
Averaged Test AUC: 0.8668
Std Test Accuracy: 0.1474
Std Test AUC: 0.0421

--- Round 289/500 ---
Averaged Train Loss: 1.3925
Averaged Test Accuracy: 0.4890
Averaged Test AUC: 0.8623
Std Test Accuracy: 0.1463
Std Test AUC: 0.0467

--- Round 290/500 ---
Averaged Train Loss: 1.3141
Averaged Test Accuracy: 0.5182
Averaged Test AUC: 0.8710
Std Test Accuracy: 0.1475
Std Test AUC: 0.0425

--- Round 291/500 ---
Averaged Train Loss: 1.3572
Averaged Test Accuracy: 0.4973
Averaged Test AUC: 0.8669
Std Test Accuracy: 0.1699
Std Test AUC: 0.0464

--- Round 292/500 ---
Averaged Train Loss: 1.3788
Averaged Test Accuracy: 0.4854
Averaged Test AUC: 0.8655
Std Test Accuracy: 0.1402
Std Test AUC: 0.0382

--- Round 293/500 ---
Averaged Train Loss: 1.3519
Averaged Test Accuracy: 0.5019
Averaged Test AUC: 0.8689
Std Test Accuracy: 0.1421
Std Test AUC: 0.0409

--- Round 294/500 ---
Averaged Train Loss: 1.4635
Averaged Test Accuracy: 0.4645
Averaged Test AUC: 0.8588
Std Test Accuracy: 0.1667
Std Test AUC: 0.0520

--- Round 295/500 ---
Averaged Train Loss: 1.3626
Averaged Test Accuracy: 0.4983
Averaged Test AUC: 0.8656
Std Test Accuracy: 0.1757
Std Test AUC: 0.0525

--- Round 296/500 ---
Averaged Train Loss: 1.2898
Averaged Test Accuracy: 0.5263
Averaged Test AUC: 0.8736
Std Test Accuracy: 0.1116
Std Test AUC: 0.0316

--- Round 297/500 ---
Averaged Train Loss: 1.2965
Averaged Test Accuracy: 0.5228
Averaged Test AUC: 0.8726
Std Test Accuracy: 0.1217
Std Test AUC: 0.0417

--- Round 298/500 ---
Averaged Train Loss: 1.4179
Averaged Test Accuracy: 0.4745
Averaged Test AUC: 0.8616
Std Test Accuracy: 0.1868
Std Test AUC: 0.0530

--- Round 299/500 ---
Averaged Train Loss: 1.3355
Averaged Test Accuracy: 0.5062
Averaged Test AUC: 0.8691
Std Test Accuracy: 0.1473
Std Test AUC: 0.0471

--- Round 300/500 ---
Averaged Train Loss: 1.3244
Averaged Test Accuracy: 0.5145
Averaged Test AUC: 0.8682
Std Test Accuracy: 0.1170
Std Test AUC: 0.0381

--- Round 301/500 ---
Averaged Train Loss: 1.3631
Averaged Test Accuracy: 0.5011
Averaged Test AUC: 0.8676
Std Test Accuracy: 0.1667
Std Test AUC: 0.0530

--- Round 302/500 ---
Averaged Train Loss: 1.3925
Averaged Test Accuracy: 0.4839
Averaged Test AUC: 0.8634
Std Test Accuracy: 0.1824
Std Test AUC: 0.0530

--- Round 303/500 ---
Averaged Train Loss: 1.3363
Averaged Test Accuracy: 0.5075
Averaged Test AUC: 0.8712
Std Test Accuracy: 0.1609
Std Test AUC: 0.0458

--- Round 304/500 ---
Averaged Train Loss: 1.3784
Averaged Test Accuracy: 0.4908
Averaged Test AUC: 0.8655
Std Test Accuracy: 0.1559
Std Test AUC: 0.0448

--- Round 305/500 ---
Averaged Train Loss: 1.3263
Averaged Test Accuracy: 0.5135
Averaged Test AUC: 0.8692
Std Test Accuracy: 0.1404
Std Test AUC: 0.0377

--- Round 306/500 ---
Averaged Train Loss: 1.3265
Averaged Test Accuracy: 0.5108
Averaged Test AUC: 0.8701
Std Test Accuracy: 0.1485
Std Test AUC: 0.0456

--- Round 307/500 ---
Averaged Train Loss: 1.3951
Averaged Test Accuracy: 0.4878
Averaged Test AUC: 0.8628
Std Test Accuracy: 0.1850
Std Test AUC: 0.0567

--- Round 308/500 ---
Averaged Train Loss: 1.4707
Averaged Test Accuracy: 0.4627
Averaged Test AUC: 0.8601
Std Test Accuracy: 0.2051
Std Test AUC: 0.0529

--- Round 309/500 ---
Averaged Train Loss: 1.3191
Averaged Test Accuracy: 0.5174
Averaged Test AUC: 0.8713
Std Test Accuracy: 0.1552
Std Test AUC: 0.0466

--- Round 310/500 ---
Averaged Train Loss: 1.3402
Averaged Test Accuracy: 0.5071
Averaged Test AUC: 0.8700
Std Test Accuracy: 0.1527
Std Test AUC: 0.0464

--- Round 311/500 ---
Averaged Train Loss: 1.3813
Averaged Test Accuracy: 0.4919
Averaged Test AUC: 0.8666
Std Test Accuracy: 0.1686
Std Test AUC: 0.0431

--- Round 312/500 ---
Averaged Train Loss: 1.3133
Averaged Test Accuracy: 0.5159
Averaged Test AUC: 0.8706
Std Test Accuracy: 0.1492
Std Test AUC: 0.0452

--- Round 313/500 ---
Averaged Train Loss: 1.3193
Averaged Test Accuracy: 0.5121
Averaged Test AUC: 0.8707
Std Test Accuracy: 0.1677
Std Test AUC: 0.0465

--- Round 314/500 ---
Averaged Train Loss: 1.3487
Averaged Test Accuracy: 0.5027
Averaged Test AUC: 0.8688
Std Test Accuracy: 0.1696
Std Test AUC: 0.0444

--- Round 315/500 ---
Averaged Train Loss: 1.3430
Averaged Test Accuracy: 0.5085
Averaged Test AUC: 0.8693
Std Test Accuracy: 0.1383
Std Test AUC: 0.0464

--- Round 316/500 ---
Averaged Train Loss: 1.3257
Averaged Test Accuracy: 0.5138
Averaged Test AUC: 0.8688
Std Test Accuracy: 0.1727
Std Test AUC: 0.0502

--- Round 317/500 ---
Averaged Train Loss: 1.3698
Averaged Test Accuracy: 0.4952
Averaged Test AUC: 0.8653
Std Test Accuracy: 0.1606
Std Test AUC: 0.0512

--- Round 318/500 ---
Averaged Train Loss: 1.3243
Averaged Test Accuracy: 0.5131
Averaged Test AUC: 0.8706
Std Test Accuracy: 0.1686
Std Test AUC: 0.0430

--- Round 319/500 ---
Averaged Train Loss: 1.3644
Averaged Test Accuracy: 0.4959
Averaged Test AUC: 0.8657
Std Test Accuracy: 0.1606
Std Test AUC: 0.0496

--- Round 320/500 ---
Averaged Train Loss: 1.2927
Averaged Test Accuracy: 0.5235
Averaged Test AUC: 0.8723
Std Test Accuracy: 0.1370
Std Test AUC: 0.0385

--- Round 321/500 ---
Averaged Train Loss: 1.3566
Averaged Test Accuracy: 0.5076
Averaged Test AUC: 0.8658
Std Test Accuracy: 0.1860
Std Test AUC: 0.0615

--- Round 322/500 ---
Averaged Train Loss: 1.3147
Averaged Test Accuracy: 0.5130
Averaged Test AUC: 0.8718
Std Test Accuracy: 0.1513
Std Test AUC: 0.0457

--- Round 323/500 ---
Averaged Train Loss: 1.3219
Averaged Test Accuracy: 0.5126
Averaged Test AUC: 0.8705
Std Test Accuracy: 0.1360
Std Test AUC: 0.0357

--- Round 324/500 ---
Averaged Train Loss: 1.3148
Averaged Test Accuracy: 0.5154
Averaged Test AUC: 0.8731
Std Test Accuracy: 0.1570
Std Test AUC: 0.0396

--- Round 325/500 ---
Averaged Train Loss: 1.3633
Averaged Test Accuracy: 0.4976
Averaged Test AUC: 0.8662
Std Test Accuracy: 0.1793
Std Test AUC: 0.0506

--- Round 326/500 ---
Averaged Train Loss: 1.3825
Averaged Test Accuracy: 0.4837
Averaged Test AUC: 0.8629
Std Test Accuracy: 0.1497
Std Test AUC: 0.0439

--- Round 327/500 ---
Averaged Train Loss: 1.3098
Averaged Test Accuracy: 0.5195
Averaged Test AUC: 0.8712
Std Test Accuracy: 0.1682
Std Test AUC: 0.0537

--- Round 328/500 ---
Averaged Train Loss: 1.3482
Averaged Test Accuracy: 0.5068
Averaged Test AUC: 0.8695
Std Test Accuracy: 0.1747
Std Test AUC: 0.0489

--- Round 329/500 ---
Averaged Train Loss: 1.3180
Averaged Test Accuracy: 0.5138
Averaged Test AUC: 0.8724
Std Test Accuracy: 0.1516
Std Test AUC: 0.0351

--- Round 330/500 ---
Averaged Train Loss: 1.3037
Averaged Test Accuracy: 0.5199
Averaged Test AUC: 0.8714
Std Test Accuracy: 0.1588
Std Test AUC: 0.0471

--- Round 331/500 ---
Averaged Train Loss: 1.2992
Averaged Test Accuracy: 0.5201
Averaged Test AUC: 0.8715
Std Test Accuracy: 0.1388
Std Test AUC: 0.0414

--- Round 332/500 ---
Averaged Train Loss: 1.2966
Averaged Test Accuracy: 0.5194
Averaged Test AUC: 0.8731
Std Test Accuracy: 0.1539
Std Test AUC: 0.0413

--- Round 333/500 ---
Averaged Train Loss: 1.3111
Averaged Test Accuracy: 0.5198
Averaged Test AUC: 0.8713
Std Test Accuracy: 0.1412
Std Test AUC: 0.0465

--- Round 334/500 ---
Averaged Train Loss: 1.2743
Averaged Test Accuracy: 0.5293
Averaged Test AUC: 0.8749
Std Test Accuracy: 0.1303
Std Test AUC: 0.0374

--- Round 335/500 ---
Averaged Train Loss: 1.4148
Averaged Test Accuracy: 0.4729
Averaged Test AUC: 0.8629
Std Test Accuracy: 0.1857
Std Test AUC: 0.0535

--- Round 336/500 ---
Averaged Train Loss: 1.2824
Averaged Test Accuracy: 0.5317
Averaged Test AUC: 0.8742
Std Test Accuracy: 0.1273
Std Test AUC: 0.0368

--- Round 337/500 ---
Averaged Train Loss: 1.3298
Averaged Test Accuracy: 0.5094
Averaged Test AUC: 0.8717
Std Test Accuracy: 0.1508
Std Test AUC: 0.0390

--- Round 338/500 ---
Averaged Train Loss: 1.3128
Averaged Test Accuracy: 0.5153
Averaged Test AUC: 0.8725
Std Test Accuracy: 0.1346
Std Test AUC: 0.0377

--- Round 339/500 ---
Averaged Train Loss: 1.3075
Averaged Test Accuracy: 0.5180
Averaged Test AUC: 0.8724
Std Test Accuracy: 0.1471
Std Test AUC: 0.0410

--- Round 340/500 ---
Averaged Train Loss: 1.3654
Averaged Test Accuracy: 0.4990
Averaged Test AUC: 0.8658
Std Test Accuracy: 0.1589
Std Test AUC: 0.0521

--- Round 341/500 ---
Averaged Train Loss: 1.2603
Averaged Test Accuracy: 0.5354
Averaged Test AUC: 0.8763
Std Test Accuracy: 0.1314
Std Test AUC: 0.0360

--- Round 342/500 ---
Averaged Train Loss: 1.2876
Averaged Test Accuracy: 0.5228
Averaged Test AUC: 0.8735
Std Test Accuracy: 0.1435
Std Test AUC: 0.0354

--- Round 343/500 ---
Averaged Train Loss: 1.2649
Averaged Test Accuracy: 0.5353
Averaged Test AUC: 0.8755
Std Test Accuracy: 0.1263
Std Test AUC: 0.0345

--- Round 344/500 ---
Averaged Train Loss: 1.3746
Averaged Test Accuracy: 0.4854
Averaged Test AUC: 0.8661
Std Test Accuracy: 0.1755
Std Test AUC: 0.0500

--- Round 345/500 ---
Averaged Train Loss: 1.2710
Averaged Test Accuracy: 0.5313
Averaged Test AUC: 0.8749
Std Test Accuracy: 0.1220
Std Test AUC: 0.0365

--- Round 346/500 ---
Averaged Train Loss: 1.3192
Averaged Test Accuracy: 0.5132
Averaged Test AUC: 0.8696
Std Test Accuracy: 0.1088
Std Test AUC: 0.0350

--- Round 347/500 ---
Averaged Train Loss: 1.2570
Averaged Test Accuracy: 0.5391
Averaged Test AUC: 0.8774
Std Test Accuracy: 0.1273
Std Test AUC: 0.0359

--- Round 348/500 ---
Averaged Train Loss: 1.2997
Averaged Test Accuracy: 0.5190
Averaged Test AUC: 0.8736
Std Test Accuracy: 0.1525
Std Test AUC: 0.0422

--- Round 349/500 ---
Averaged Train Loss: 1.2774
Averaged Test Accuracy: 0.5262
Averaged Test AUC: 0.8749
Std Test Accuracy: 0.1505
Std Test AUC: 0.0455

--- Round 350/500 ---
Averaged Train Loss: 1.3445
Averaged Test Accuracy: 0.5034
Averaged Test AUC: 0.8684
Std Test Accuracy: 0.1621
Std Test AUC: 0.0449

--- Round 351/500 ---
Averaged Train Loss: 1.3425
Averaged Test Accuracy: 0.5107
Averaged Test AUC: 0.8672
Std Test Accuracy: 0.1673
Std Test AUC: 0.0575

--- Round 352/500 ---
Averaged Train Loss: 1.3818
Averaged Test Accuracy: 0.4882
Averaged Test AUC: 0.8653
Std Test Accuracy: 0.1940
Std Test AUC: 0.0590

--- Round 353/500 ---
Averaged Train Loss: 1.2670
Averaged Test Accuracy: 0.5293
Averaged Test AUC: 0.8760
Std Test Accuracy: 0.1357
Std Test AUC: 0.0407

--- Round 354/500 ---
Averaged Train Loss: 1.3268
Averaged Test Accuracy: 0.5126
Averaged Test AUC: 0.8716
Std Test Accuracy: 0.1730
Std Test AUC: 0.0525

--- Round 355/500 ---
Averaged Train Loss: 1.2799
Averaged Test Accuracy: 0.5260
Averaged Test AUC: 0.8749
Std Test Accuracy: 0.1471
Std Test AUC: 0.0389

--- Round 356/500 ---
Averaged Train Loss: 1.4054
Averaged Test Accuracy: 0.4652
Averaged Test AUC: 0.8624
Std Test Accuracy: 0.1283
Std Test AUC: 0.0370

--- Round 357/500 ---
Averaged Train Loss: 1.2842
Averaged Test Accuracy: 0.5254
Averaged Test AUC: 0.8736
Std Test Accuracy: 0.1394
Std Test AUC: 0.0346

--- Round 358/500 ---
Averaged Train Loss: 1.2773
Averaged Test Accuracy: 0.5304
Averaged Test AUC: 0.8743
Std Test Accuracy: 0.1251
Std Test AUC: 0.0381

--- Round 359/500 ---
Averaged Train Loss: 1.2819
Averaged Test Accuracy: 0.5269
Averaged Test AUC: 0.8753
Std Test Accuracy: 0.1275
Std Test AUC: 0.0366

--- Round 360/500 ---
Averaged Train Loss: 1.3350
Averaged Test Accuracy: 0.5072
Averaged Test AUC: 0.8683
Std Test Accuracy: 0.1646
Std Test AUC: 0.0484

--- Round 361/500 ---
Averaged Train Loss: 1.2708
Averaged Test Accuracy: 0.5320
Averaged Test AUC: 0.8764
Std Test Accuracy: 0.1379
Std Test AUC: 0.0397

--- Round 362/500 ---
Averaged Train Loss: 1.2697
Averaged Test Accuracy: 0.5311
Averaged Test AUC: 0.8754
Std Test Accuracy: 0.1477
Std Test AUC: 0.0401

--- Round 363/500 ---
Averaged Train Loss: 1.2673
Averaged Test Accuracy: 0.5323
Averaged Test AUC: 0.8761
Std Test Accuracy: 0.1358
Std Test AUC: 0.0415

--- Round 364/500 ---
Averaged Train Loss: 1.3994
Averaged Test Accuracy: 0.4838
Averaged Test AUC: 0.8654
Std Test Accuracy: 0.1754
Std Test AUC: 0.0523

--- Round 365/500 ---
Averaged Train Loss: 1.3163
Averaged Test Accuracy: 0.5148
Averaged Test AUC: 0.8713
Std Test Accuracy: 0.1590
Std Test AUC: 0.0495

--- Round 366/500 ---
Averaged Train Loss: 1.2538
Averaged Test Accuracy: 0.5410
Averaged Test AUC: 0.8778
Std Test Accuracy: 0.1308
Std Test AUC: 0.0376

--- Round 367/500 ---
Averaged Train Loss: 1.3449
Averaged Test Accuracy: 0.5072
Averaged Test AUC: 0.8674
Std Test Accuracy: 0.1816
Std Test AUC: 0.0652

--- Round 368/500 ---
Averaged Train Loss: 1.3294
Averaged Test Accuracy: 0.5049
Averaged Test AUC: 0.8708
Std Test Accuracy: 0.1749
Std Test AUC: 0.0513

--- Round 369/500 ---
Averaged Train Loss: 1.2997
Averaged Test Accuracy: 0.5214
Averaged Test AUC: 0.8703
Std Test Accuracy: 0.1310
Std Test AUC: 0.0417

--- Round 370/500 ---
Averaged Train Loss: 1.2754
Averaged Test Accuracy: 0.5319
Averaged Test AUC: 0.8753
Std Test Accuracy: 0.1463
Std Test AUC: 0.0401

--- Round 371/500 ---
Averaged Train Loss: 1.2688
Averaged Test Accuracy: 0.5312
Averaged Test AUC: 0.8757
Std Test Accuracy: 0.1260
Std Test AUC: 0.0399

--- Round 372/500 ---
Averaged Train Loss: 1.3124
Averaged Test Accuracy: 0.5154
Averaged Test AUC: 0.8724
Std Test Accuracy: 0.1496
Std Test AUC: 0.0445

--- Round 373/500 ---
Averaged Train Loss: 1.2735
Averaged Test Accuracy: 0.5288
Averaged Test AUC: 0.8755
Std Test Accuracy: 0.1284
Std Test AUC: 0.0352

--- Round 374/500 ---
Averaged Train Loss: 1.3469
Averaged Test Accuracy: 0.5029
Averaged Test AUC: 0.8718
Std Test Accuracy: 0.1737
Std Test AUC: 0.0504

--- Round 375/500 ---
Averaged Train Loss: 1.2869
Averaged Test Accuracy: 0.5261
Averaged Test AUC: 0.8746
Std Test Accuracy: 0.1683
Std Test AUC: 0.0469

--- Round 376/500 ---
Averaged Train Loss: 1.2911
Averaged Test Accuracy: 0.5196
Averaged Test AUC: 0.8735
Std Test Accuracy: 0.1249
Std Test AUC: 0.0313

--- Round 377/500 ---
Averaged Train Loss: 1.4262
Averaged Test Accuracy: 0.4715
Averaged Test AUC: 0.8609
Std Test Accuracy: 0.1876
Std Test AUC: 0.0557

--- Round 378/500 ---
Averaged Train Loss: 1.2829
Averaged Test Accuracy: 0.5247
Averaged Test AUC: 0.8758
Std Test Accuracy: 0.1467
Std Test AUC: 0.0415

--- Round 379/500 ---
Averaged Train Loss: 1.3159
Averaged Test Accuracy: 0.5115
Averaged Test AUC: 0.8704
Std Test Accuracy: 0.1790
Std Test AUC: 0.0587

--- Round 380/500 ---
Averaged Train Loss: 1.2522
Averaged Test Accuracy: 0.5368
Averaged Test AUC: 0.8779
Std Test Accuracy: 0.1436
Std Test AUC: 0.0374

--- Round 381/500 ---
Averaged Train Loss: 1.3378
Averaged Test Accuracy: 0.5146
Averaged Test AUC: 0.8676
Std Test Accuracy: 0.1676
Std Test AUC: 0.0612

--- Round 382/500 ---
Averaged Train Loss: 1.2947
Averaged Test Accuracy: 0.5216
Averaged Test AUC: 0.8744
Std Test Accuracy: 0.1661
Std Test AUC: 0.0470

--- Round 383/500 ---
Averaged Train Loss: 1.2945
Averaged Test Accuracy: 0.5214
Averaged Test AUC: 0.8757
Std Test Accuracy: 0.1532
Std Test AUC: 0.0384

--- Round 384/500 ---
Averaged Train Loss: 1.3514
Averaged Test Accuracy: 0.5059
Averaged Test AUC: 0.8672
Std Test Accuracy: 0.1786
Std Test AUC: 0.0572

--- Round 385/500 ---
Averaged Train Loss: 1.3290
Averaged Test Accuracy: 0.5106
Averaged Test AUC: 0.8723
Std Test Accuracy: 0.1697
Std Test AUC: 0.0436

--- Round 386/500 ---
Averaged Train Loss: 1.2696
Averaged Test Accuracy: 0.5313
Averaged Test AUC: 0.8756
Std Test Accuracy: 0.1568
Std Test AUC: 0.0447

--- Round 387/500 ---
Averaged Train Loss: 1.3425
Averaged Test Accuracy: 0.5098
Averaged Test AUC: 0.8687
Std Test Accuracy: 0.1946
Std Test AUC: 0.0632

--- Round 388/500 ---
Averaged Train Loss: 1.2382
Averaged Test Accuracy: 0.5430
Averaged Test AUC: 0.8791
Std Test Accuracy: 0.1100
Std Test AUC: 0.0311

--- Round 389/500 ---
Averaged Train Loss: 1.2439
Averaged Test Accuracy: 0.5391
Averaged Test AUC: 0.8782
Std Test Accuracy: 0.1251
Std Test AUC: 0.0332

--- Round 390/500 ---
Averaged Train Loss: 1.2511
Averaged Test Accuracy: 0.5357
Averaged Test AUC: 0.8759
Std Test Accuracy: 0.1238
Std Test AUC: 0.0382

--- Round 391/500 ---
Averaged Train Loss: 1.2720
Averaged Test Accuracy: 0.5306
Averaged Test AUC: 0.8753
Std Test Accuracy: 0.1391
Std Test AUC: 0.0369

--- Round 392/500 ---
Averaged Train Loss: 1.2735
Averaged Test Accuracy: 0.5272
Averaged Test AUC: 0.8749
Std Test Accuracy: 0.1518
Std Test AUC: 0.0431

--- Round 393/500 ---
Averaged Train Loss: 1.4257
Averaged Test Accuracy: 0.4741
Averaged Test AUC: 0.8625
Std Test Accuracy: 0.2110
Std Test AUC: 0.0595

--- Round 394/500 ---
Averaged Train Loss: 1.2604
Averaged Test Accuracy: 0.5311
Averaged Test AUC: 0.8761
Std Test Accuracy: 0.1279
Std Test AUC: 0.0398

--- Round 395/500 ---
Averaged Train Loss: 1.2710
Averaged Test Accuracy: 0.5300
Averaged Test AUC: 0.8745
Std Test Accuracy: 0.1585
Std Test AUC: 0.0443

--- Round 396/500 ---
Averaged Train Loss: 1.2740
Averaged Test Accuracy: 0.5280
Averaged Test AUC: 0.8762
Std Test Accuracy: 0.1437
Std Test AUC: 0.0409

--- Round 397/500 ---
Averaged Train Loss: 1.3626
Averaged Test Accuracy: 0.4910
Averaged Test AUC: 0.8654
Std Test Accuracy: 0.1469
Std Test AUC: 0.0432

--- Round 398/500 ---
Averaged Train Loss: 1.2754
Averaged Test Accuracy: 0.5300
Averaged Test AUC: 0.8769
Std Test Accuracy: 0.1388
Std Test AUC: 0.0405

--- Round 399/500 ---
Averaged Train Loss: 1.2696
Averaged Test Accuracy: 0.5295
Averaged Test AUC: 0.8767
Std Test Accuracy: 0.1310
Std Test AUC: 0.0347

--- Round 400/500 ---
Averaged Train Loss: 1.2356
Averaged Test Accuracy: 0.5428
Averaged Test AUC: 0.8787
Std Test Accuracy: 0.1142
Std Test AUC: 0.0328

--- Round 401/500 ---
Averaged Train Loss: 1.2589
Averaged Test Accuracy: 0.5350
Averaged Test AUC: 0.8773
Std Test Accuracy: 0.1422
Std Test AUC: 0.0413

--- Round 402/500 ---
Averaged Train Loss: 1.2938
Averaged Test Accuracy: 0.5172
Averaged Test AUC: 0.8745
Std Test Accuracy: 0.1423
Std Test AUC: 0.0386

--- Round 403/500 ---
Averaged Train Loss: 1.3246
Averaged Test Accuracy: 0.5116
Averaged Test AUC: 0.8699
Std Test Accuracy: 0.1793
Std Test AUC: 0.0581

--- Round 404/500 ---
Averaged Train Loss: 1.2837
Averaged Test Accuracy: 0.5276
Averaged Test AUC: 0.8740
Std Test Accuracy: 0.1555
Std Test AUC: 0.0483

--- Round 405/500 ---
Averaged Train Loss: 1.2482
Averaged Test Accuracy: 0.5371
Averaged Test AUC: 0.8786
Std Test Accuracy: 0.1249
Std Test AUC: 0.0312

--- Round 406/500 ---
Averaged Train Loss: 1.2779
Averaged Test Accuracy: 0.5224
Averaged Test AUC: 0.8747
Std Test Accuracy: 0.1182
Std Test AUC: 0.0315

--- Round 407/500 ---
Averaged Train Loss: 1.2698
Averaged Test Accuracy: 0.5292
Averaged Test AUC: 0.8761
Std Test Accuracy: 0.1524
Std Test AUC: 0.0433

--- Round 408/500 ---
Averaged Train Loss: 1.2485
Averaged Test Accuracy: 0.5388
Averaged Test AUC: 0.8786
Std Test Accuracy: 0.1324
Std Test AUC: 0.0412

--- Round 409/500 ---
Averaged Train Loss: 1.2777
Averaged Test Accuracy: 0.5307
Averaged Test AUC: 0.8739
Std Test Accuracy: 0.1549
Std Test AUC: 0.0485

--- Round 410/500 ---
Averaged Train Loss: 1.3051
Averaged Test Accuracy: 0.5253
Averaged Test AUC: 0.8730
Std Test Accuracy: 0.1474
Std Test AUC: 0.0464

--- Round 411/500 ---
Averaged Train Loss: 1.2571
Averaged Test Accuracy: 0.5311
Averaged Test AUC: 0.8776
Std Test Accuracy: 0.1503
Std Test AUC: 0.0365

--- Round 412/500 ---
Averaged Train Loss: 1.2479
Averaged Test Accuracy: 0.5396
Averaged Test AUC: 0.8772
Std Test Accuracy: 0.1218
Std Test AUC: 0.0386

--- Round 413/500 ---
Averaged Train Loss: 1.3263
Averaged Test Accuracy: 0.5108
Averaged Test AUC: 0.8701
Std Test Accuracy: 0.1556
Std Test AUC: 0.0442

--- Round 414/500 ---
Averaged Train Loss: 1.2716
Averaged Test Accuracy: 0.5332
Averaged Test AUC: 0.8770
Std Test Accuracy: 0.1657
Std Test AUC: 0.0456

--- Round 415/500 ---
Averaged Train Loss: 1.2782
Averaged Test Accuracy: 0.5265
Averaged Test AUC: 0.8762
Std Test Accuracy: 0.1243
Std Test AUC: 0.0329

--- Round 416/500 ---
Averaged Train Loss: 1.2658
Averaged Test Accuracy: 0.5281
Averaged Test AUC: 0.8758
Std Test Accuracy: 0.1334
Std Test AUC: 0.0357

--- Round 417/500 ---
Averaged Train Loss: 1.2490
Averaged Test Accuracy: 0.5402
Averaged Test AUC: 0.8787
Std Test Accuracy: 0.1317
Std Test AUC: 0.0377

--- Round 418/500 ---
Averaged Train Loss: 1.2765
Averaged Test Accuracy: 0.5274
Averaged Test AUC: 0.8765
Std Test Accuracy: 0.1610
Std Test AUC: 0.0461

--- Round 419/500 ---
Averaged Train Loss: 1.2472
Averaged Test Accuracy: 0.5422
Averaged Test AUC: 0.8775
Std Test Accuracy: 0.1130
Std Test AUC: 0.0336

--- Round 420/500 ---
Averaged Train Loss: 1.2469
Averaged Test Accuracy: 0.5383
Averaged Test AUC: 0.8766
Std Test Accuracy: 0.1302
Std Test AUC: 0.0402

--- Round 421/500 ---
Averaged Train Loss: 1.2284
Averaged Test Accuracy: 0.5451
Averaged Test AUC: 0.8799
Std Test Accuracy: 0.1327
Std Test AUC: 0.0369

--- Round 422/500 ---
Averaged Train Loss: 1.2773
Averaged Test Accuracy: 0.5300
Averaged Test AUC: 0.8762
Std Test Accuracy: 0.1772
Std Test AUC: 0.0510

--- Round 423/500 ---
Averaged Train Loss: 1.2411
Averaged Test Accuracy: 0.5393
Averaged Test AUC: 0.8780
Std Test Accuracy: 0.1145
Std Test AUC: 0.0307

--- Round 424/500 ---
Averaged Train Loss: 1.2895
Averaged Test Accuracy: 0.5208
Averaged Test AUC: 0.8753
Std Test Accuracy: 0.1627
Std Test AUC: 0.0476

--- Round 425/500 ---
Averaged Train Loss: 1.2675
Averaged Test Accuracy: 0.5281
Averaged Test AUC: 0.8773
Std Test Accuracy: 0.1351
Std Test AUC: 0.0382

--- Round 426/500 ---
Averaged Train Loss: 1.3020
Averaged Test Accuracy: 0.5194
Averaged Test AUC: 0.8746
Std Test Accuracy: 0.1739
Std Test AUC: 0.0483

--- Round 427/500 ---
Averaged Train Loss: 1.2575
Averaged Test Accuracy: 0.5310
Averaged Test AUC: 0.8768
Std Test Accuracy: 0.1270
Std Test AUC: 0.0351

--- Round 428/500 ---
Averaged Train Loss: 1.2465
Averaged Test Accuracy: 0.5385
Averaged Test AUC: 0.8784
Std Test Accuracy: 0.1392
Std Test AUC: 0.0385

--- Round 429/500 ---
Averaged Train Loss: 1.3059
Averaged Test Accuracy: 0.5178
Averaged Test AUC: 0.8734
Std Test Accuracy: 0.1638
Std Test AUC: 0.0497

--- Round 430/500 ---
Averaged Train Loss: 1.2573
Averaged Test Accuracy: 0.5350
Averaged Test AUC: 0.8771
Std Test Accuracy: 0.1544
Std Test AUC: 0.0452

--- Round 431/500 ---
Averaged Train Loss: 1.2828
Averaged Test Accuracy: 0.5269
Averaged Test AUC: 0.8760
Std Test Accuracy: 0.1766
Std Test AUC: 0.0512

--- Round 432/500 ---
Averaged Train Loss: 1.2736
Averaged Test Accuracy: 0.5275
Averaged Test AUC: 0.8755
Std Test Accuracy: 0.1464
Std Test AUC: 0.0430

--- Round 433/500 ---
Averaged Train Loss: 1.2554
Averaged Test Accuracy: 0.5341
Averaged Test AUC: 0.8789
Std Test Accuracy: 0.1546
Std Test AUC: 0.0421

--- Round 434/500 ---
Averaged Train Loss: 1.4495
Averaged Test Accuracy: 0.4708
Averaged Test AUC: 0.8628
Std Test Accuracy: 0.2123
Std Test AUC: 0.0601

--- Round 435/500 ---
Averaged Train Loss: 1.2722
Averaged Test Accuracy: 0.5246
Averaged Test AUC: 0.8768
Std Test Accuracy: 0.1218
Std Test AUC: 0.0335

--- Round 436/500 ---
Averaged Train Loss: 1.2191
Averaged Test Accuracy: 0.5488
Averaged Test AUC: 0.8808
Std Test Accuracy: 0.1111
Std Test AUC: 0.0287

--- Round 437/500 ---
Averaged Train Loss: 1.2404
Averaged Test Accuracy: 0.5408
Averaged Test AUC: 0.8798
Std Test Accuracy: 0.1494
Std Test AUC: 0.0395

--- Round 438/500 ---
Averaged Train Loss: 1.2787
Averaged Test Accuracy: 0.5288
Averaged Test AUC: 0.8778
Std Test Accuracy: 0.1586
Std Test AUC: 0.0421

--- Round 439/500 ---
Averaged Train Loss: 1.2266
Averaged Test Accuracy: 0.5426
Averaged Test AUC: 0.8799
Std Test Accuracy: 0.1091
Std Test AUC: 0.0292

--- Round 440/500 ---
Averaged Train Loss: 1.2283
Averaged Test Accuracy: 0.5422
Averaged Test AUC: 0.8798
Std Test Accuracy: 0.1427
Std Test AUC: 0.0400

--- Round 441/500 ---
Averaged Train Loss: 1.3071
Averaged Test Accuracy: 0.5140
Averaged Test AUC: 0.8743
Std Test Accuracy: 0.1667
Std Test AUC: 0.0497

--- Round 442/500 ---
Averaged Train Loss: 1.2641
Averaged Test Accuracy: 0.5361
Averaged Test AUC: 0.8760
Std Test Accuracy: 0.1671
Std Test AUC: 0.0508

--- Round 443/500 ---
Averaged Train Loss: 1.3555
Averaged Test Accuracy: 0.5075
Averaged Test AUC: 0.8694
Std Test Accuracy: 0.2163
Std Test AUC: 0.0660

--- Round 444/500 ---
Averaged Train Loss: 1.2382
Averaged Test Accuracy: 0.5424
Averaged Test AUC: 0.8805
Std Test Accuracy: 0.1278
Std Test AUC: 0.0370

--- Round 445/500 ---
Averaged Train Loss: 1.2971
Averaged Test Accuracy: 0.5171
Averaged Test AUC: 0.8708
Std Test Accuracy: 0.1562
Std Test AUC: 0.0501

--- Round 446/500 ---
Averaged Train Loss: 1.2916
Averaged Test Accuracy: 0.5196
Averaged Test AUC: 0.8751
Std Test Accuracy: 0.1494
Std Test AUC: 0.0411

--- Round 447/500 ---
Averaged Train Loss: 1.2477
Averaged Test Accuracy: 0.5387
Averaged Test AUC: 0.8782
Std Test Accuracy: 0.1435
Std Test AUC: 0.0496

--- Round 448/500 ---
Averaged Train Loss: 1.3106
Averaged Test Accuracy: 0.5164
Averaged Test AUC: 0.8753
Std Test Accuracy: 0.1886
Std Test AUC: 0.0483

--- Round 449/500 ---
Averaged Train Loss: 1.2545
Averaged Test Accuracy: 0.5336
Averaged Test AUC: 0.8771
Std Test Accuracy: 0.1450
Std Test AUC: 0.0421

--- Round 450/500 ---
Averaged Train Loss: 1.2544
Averaged Test Accuracy: 0.5373
Averaged Test AUC: 0.8783
Std Test Accuracy: 0.1349
Std Test AUC: 0.0425

--- Round 451/500 ---
Averaged Train Loss: 1.2338
Averaged Test Accuracy: 0.5425
Averaged Test AUC: 0.8808
Std Test Accuracy: 0.1262
Std Test AUC: 0.0335

--- Round 452/500 ---
Averaged Train Loss: 1.3895
Averaged Test Accuracy: 0.4730
Averaged Test AUC: 0.8653
Std Test Accuracy: 0.1414
Std Test AUC: 0.0414

--- Round 453/500 ---
Averaged Train Loss: 1.2300
Averaged Test Accuracy: 0.5426
Averaged Test AUC: 0.8795
Std Test Accuracy: 0.1159
Std Test AUC: 0.0328

--- Round 454/500 ---
Averaged Train Loss: 1.2657
Averaged Test Accuracy: 0.5264
Averaged Test AUC: 0.8766
Std Test Accuracy: 0.1473
Std Test AUC: 0.0392

--- Round 455/500 ---
Averaged Train Loss: 1.2395
Averaged Test Accuracy: 0.5371
Averaged Test AUC: 0.8798
Std Test Accuracy: 0.1211
Std Test AUC: 0.0352

--- Round 456/500 ---
Averaged Train Loss: 1.3156
Averaged Test Accuracy: 0.5169
Averaged Test AUC: 0.8755
Std Test Accuracy: 0.1657
Std Test AUC: 0.0410

--- Round 457/500 ---
Averaged Train Loss: 1.2772
Averaged Test Accuracy: 0.5253
Averaged Test AUC: 0.8775
Std Test Accuracy: 0.1456
Std Test AUC: 0.0338

--- Round 458/500 ---
Averaged Train Loss: 1.2731
Averaged Test Accuracy: 0.5299
Averaged Test AUC: 0.8759
Std Test Accuracy: 0.1649
Std Test AUC: 0.0542

--- Round 459/500 ---
Averaged Train Loss: 1.2762
Averaged Test Accuracy: 0.5265
Averaged Test AUC: 0.8768
Std Test Accuracy: 0.1632
Std Test AUC: 0.0457

--- Round 460/500 ---
Averaged Train Loss: 1.2794
Averaged Test Accuracy: 0.5315
Averaged Test AUC: 0.8760
Std Test Accuracy: 0.1393
Std Test AUC: 0.0475

--- Round 461/500 ---
Averaged Train Loss: 1.2365
Averaged Test Accuracy: 0.5418
Averaged Test AUC: 0.8781
Std Test Accuracy: 0.1350
Std Test AUC: 0.0453

--- Round 462/500 ---
Averaged Train Loss: 1.2192
Averaged Test Accuracy: 0.5466
Averaged Test AUC: 0.8812
Std Test Accuracy: 0.1460
Std Test AUC: 0.0376

--- Round 463/500 ---
Averaged Train Loss: 1.2713
Averaged Test Accuracy: 0.5324
Averaged Test AUC: 0.8758
Std Test Accuracy: 0.1469
Std Test AUC: 0.0414

--- Round 464/500 ---
Averaged Train Loss: 1.3034
Averaged Test Accuracy: 0.5166
Averaged Test AUC: 0.8720
Std Test Accuracy: 0.1605
Std Test AUC: 0.0505

--- Round 465/500 ---
Averaged Train Loss: 1.3670
Averaged Test Accuracy: 0.4825
Averaged Test AUC: 0.8671
Std Test Accuracy: 0.1318
Std Test AUC: 0.0365

--- Round 466/500 ---
Averaged Train Loss: 1.2893
Averaged Test Accuracy: 0.5228
Averaged Test AUC: 0.8740
Std Test Accuracy: 0.1633
Std Test AUC: 0.0504

--- Round 467/500 ---
Averaged Train Loss: 1.2501
Averaged Test Accuracy: 0.5348
Averaged Test AUC: 0.8792
Std Test Accuracy: 0.1630
Std Test AUC: 0.0397

--- Round 468/500 ---
Averaged Train Loss: 1.2461
Averaged Test Accuracy: 0.5370
Averaged Test AUC: 0.8784
Std Test Accuracy: 0.1355
Std Test AUC: 0.0418

--- Round 469/500 ---
Averaged Train Loss: 1.2335
Averaged Test Accuracy: 0.5404
Averaged Test AUC: 0.8800
Std Test Accuracy: 0.1469
Std Test AUC: 0.0445

--- Round 470/500 ---
Averaged Train Loss: 1.2335
Averaged Test Accuracy: 0.5435
Averaged Test AUC: 0.8804
Std Test Accuracy: 0.1319
Std Test AUC: 0.0352

--- Round 471/500 ---
Averaged Train Loss: 1.2782
Averaged Test Accuracy: 0.5226
Averaged Test AUC: 0.8752
Std Test Accuracy: 0.1577
Std Test AUC: 0.0517

--- Round 472/500 ---
Averaged Train Loss: 1.3234
Averaged Test Accuracy: 0.5059
Averaged Test AUC: 0.8742
Std Test Accuracy: 0.1722
Std Test AUC: 0.0452

--- Round 473/500 ---
Averaged Train Loss: 1.2273
Averaged Test Accuracy: 0.5452
Averaged Test AUC: 0.8809
Std Test Accuracy: 0.1346
Std Test AUC: 0.0353

--- Round 474/500 ---
Averaged Train Loss: 1.3104
Averaged Test Accuracy: 0.5084
Averaged Test AUC: 0.8714
Std Test Accuracy: 0.1468
Std Test AUC: 0.0435

--- Round 475/500 ---
Averaged Train Loss: 1.2306
Averaged Test Accuracy: 0.5422
Averaged Test AUC: 0.8803
Std Test Accuracy: 0.1609
Std Test AUC: 0.0419

--- Round 476/500 ---
Averaged Train Loss: 1.4782
Averaged Test Accuracy: 0.4619
Averaged Test AUC: 0.8576
Std Test Accuracy: 0.2171
Std Test AUC: 0.0679

--- Round 477/500 ---
Averaged Train Loss: 1.2561
Averaged Test Accuracy: 0.5315
Averaged Test AUC: 0.8788
Std Test Accuracy: 0.1404
Std Test AUC: 0.0390

--- Round 478/500 ---
Averaged Train Loss: 1.2221
Averaged Test Accuracy: 0.5420
Averaged Test AUC: 0.8804
Std Test Accuracy: 0.1214
Std Test AUC: 0.0329

--- Round 479/500 ---
Averaged Train Loss: 1.2702
Averaged Test Accuracy: 0.5297
Averaged Test AUC: 0.8755
Std Test Accuracy: 0.1663
Std Test AUC: 0.0493

--- Round 480/500 ---
Averaged Train Loss: 1.3148
Averaged Test Accuracy: 0.5009
Averaged Test AUC: 0.8716
Std Test Accuracy: 0.1208
Std Test AUC: 0.0311

--- Round 481/500 ---
Averaged Train Loss: 1.2130
Averaged Test Accuracy: 0.5476
Averaged Test AUC: 0.8809
Std Test Accuracy: 0.1258
Std Test AUC: 0.0356

--- Round 482/500 ---
Averaged Train Loss: 1.3086
Averaged Test Accuracy: 0.5050
Averaged Test AUC: 0.8741
Std Test Accuracy: 0.1589
Std Test AUC: 0.0392

--- Round 483/500 ---
Averaged Train Loss: 1.2212
Averaged Test Accuracy: 0.5453
Averaged Test AUC: 0.8795
Std Test Accuracy: 0.1395
Std Test AUC: 0.0411

--- Round 484/500 ---
Averaged Train Loss: 1.2818
Averaged Test Accuracy: 0.5273
Averaged Test AUC: 0.8775
Std Test Accuracy: 0.1475
Std Test AUC: 0.0384

--- Round 485/500 ---
Averaged Train Loss: 1.3505
Averaged Test Accuracy: 0.4937
Averaged Test AUC: 0.8667
Std Test Accuracy: 0.1400
Std Test AUC: 0.0454

--- Round 486/500 ---
Averaged Train Loss: 1.2183
Averaged Test Accuracy: 0.5471
Averaged Test AUC: 0.8809
Std Test Accuracy: 0.1350
Std Test AUC: 0.0349

--- Round 487/500 ---
Averaged Train Loss: 1.2207
Averaged Test Accuracy: 0.5439
Averaged Test AUC: 0.8809
Std Test Accuracy: 0.1111
Std Test AUC: 0.0285

--- Round 488/500 ---
Averaged Train Loss: 1.2466
Averaged Test Accuracy: 0.5365
Averaged Test AUC: 0.8781
Std Test Accuracy: 0.1519
Std Test AUC: 0.0427

--- Round 489/500 ---
Averaged Train Loss: 1.2443
Averaged Test Accuracy: 0.5335
Averaged Test AUC: 0.8795
Std Test Accuracy: 0.1414
Std Test AUC: 0.0350

--- Round 490/500 ---
Averaged Train Loss: 1.2480
Averaged Test Accuracy: 0.5366
Averaged Test AUC: 0.8799
Std Test Accuracy: 0.1587
Std Test AUC: 0.0419

--- Round 491/500 ---
Averaged Train Loss: 1.2323
Averaged Test Accuracy: 0.5389
Averaged Test AUC: 0.8805
Std Test Accuracy: 0.1354
Std Test AUC: 0.0378

--- Round 492/500 ---
Averaged Train Loss: 1.2290
Averaged Test Accuracy: 0.5463
Averaged Test AUC: 0.8795
Std Test Accuracy: 0.1472
Std Test AUC: 0.0428

--- Round 493/500 ---
Averaged Train Loss: 1.3309
Averaged Test Accuracy: 0.5037
Averaged Test AUC: 0.8697
Std Test Accuracy: 0.1707
Std Test AUC: 0.0532

--- Round 494/500 ---
Averaged Train Loss: 1.2564
Averaged Test Accuracy: 0.5337
Averaged Test AUC: 0.8782
Std Test Accuracy: 0.1419
Std Test AUC: 0.0436

--- Round 495/500 ---
Averaged Train Loss: 1.3003
Averaged Test Accuracy: 0.5100
Averaged Test AUC: 0.8714
Std Test Accuracy: 0.1335
Std Test AUC: 0.0396

--- Round 496/500 ---
Averaged Train Loss: 1.2500
Averaged Test Accuracy: 0.5320
Averaged Test AUC: 0.8765
Std Test Accuracy: 0.1029
Std Test AUC: 0.0302

--- Round 497/500 ---
Averaged Train Loss: 1.2048
Averaged Test Accuracy: 0.5510
Averaged Test AUC: 0.8817
Std Test Accuracy: 0.1026
Std Test AUC: 0.0270

--- Round 498/500 ---
Averaged Train Loss: 1.2361
Averaged Test Accuracy: 0.5353
Averaged Test AUC: 0.8802
Std Test Accuracy: 0.1422
Std Test AUC: 0.0374

--- Round 499/500 ---
Averaged Train Loss: 1.3777
Averaged Test Accuracy: 0.4838
Averaged Test AUC: 0.8652
Std Test Accuracy: 0.1440
Std Test AUC: 0.0458

--- Round 500/500 ---
Averaged Train Loss: 1.2677
Averaged Test Accuracy: 0.5255
Averaged Test AUC: 0.8775
Std Test Accuracy: 0.1224
Std Test AUC: 0.0293

========== Training Complete ==========
Best Test Accuracy: 0.5509579563597659
File path: ../results/Cifar10_FedEntPlusSmooth_smooth_trial01_0074_0.h5

Average time cost: 1718.07s.
Length:  501
std for best accuracy: 0.0
mean for best accuracy: 0.5509579563597659
All done!

Storage on cuda:0
-------------------------------------------------------------------------------
Total Tensors: 205577892 	Used Memory: 563.23M
The allocated memory on cuda:0: 581.35M
Memory differs due to the matrix alignment or invisible gradient buffer tensors
-------------------------------------------------------------------------------
