==================================================
goal = smooth_trial01_0080
device = cuda
device_id = 0
dataset = Cifar10
num_classes = 10
model = CNN
batch_size = 64
local_learning_rate = 0.01
learning_rate_decay = True
learning_rate_decay_gamma = 0.98
global_rounds = 500
top_cnt = 100
local_epochs = 5
algorithm = FedEntPlusSmooth
join_ratio = 0.1
random_join_ratio = False
num_clients = 100
prev = 0
times = 1
eval_gap = 1
save_folder_name = items
auto_break = False
dlg_eval = False
dlg_gap = 100
batch_num_per_client = 2
num_new_clients = 0
fine_tuning_epoch_new = 0
feature_dim = 512
vocab_size = 32000
max_len = 200
client_drop_rate = 0.0
train_slow_rate = 0.0
send_slow_rate = 0.0
time_select = False
time_threthold = 10000
beta = 0.0
lamda = 1.0
mu = 0.0
K = 5
p_learning_rate = 0.01
M = 5
itk = 4000
alphaK = 1.0
sigma = 1.0
alpha = 1.0
plocal_epochs = 1
tau = 1.0
fine_tuning_epochs = 10
dr_learning_rate = 0.0
L = 1.0
noise_dim = 512
generator_learning_rate = 0.005
hidden_dim = 512
server_epochs = 1000
localize_feature_extractor = False
server_learning_rate = 1.0
eta = 1.0
rand_percent = 80
layer_idx = 2
mentee_learning_rate = 0.005
T_start = 0.95
T_end = 0.98
momentum = 0.9
kl_weight = 0.0
buffer_size = 0
dp_epsilon = 0.0
H_min = None
alpha_vp = 0.0
enable_dynamic_param = False
log_fedent = False
log_filename = None
dynamic_config_path = /home/john/PFLlib/system/auto_configs/smooth_trial01_0080.json
==================================================

============= Running time: 0th =============
Creating server and clients ...
FedAvgCNN(
  (conv1): Sequential(
    (0): Conv2d(3, 32, kernel_size=(5, 5), stride=(1, 1))
    (1): ReLU(inplace=True)
    (2): MaxPool2d(kernel_size=(2, 2), stride=(2, 2), padding=0, dilation=1, ceil_mode=False)
  )
  (conv2): Sequential(
    (0): Conv2d(32, 64, kernel_size=(5, 5), stride=(1, 1))
    (1): ReLU(inplace=True)
    (2): MaxPool2d(kernel_size=(2, 2), stride=(2, 2), padding=0, dilation=1, ceil_mode=False)
  )
  (fc1): Sequential(
    (0): Linear(in_features=1600, out_features=512, bias=True)
    (1): ReLU(inplace=True)
  )
  (fc): Linear(in_features=512, out_features=10, bias=True)
)

Join ratio / total clients: 0.1 / 100
Finished creating server and clients.

--- Round 0/500 ---
Averaged Train Loss: 2.3038
Averaged Test Accuracy: 0.0928
Averaged Test AUC: 0.4894
Std Test Accuracy: 0.1434
Std Test AUC: 0.2233

--- Round 1/500 ---
Averaged Train Loss: 2.3109
Averaged Test Accuracy: 0.0989
Averaged Test AUC: 0.5187
Std Test Accuracy: 0.2400
Std Test AUC: 0.2401

--- Round 2/500 ---
Averaged Train Loss: 2.3031
Averaged Test Accuracy: 0.1567
Averaged Test AUC: 0.5456
Std Test Accuracy: 0.2533
Std Test AUC: 0.2443

--- Round 3/500 ---
Averaged Train Loss: 2.5418
Averaged Test Accuracy: 0.1484
Averaged Test AUC: 0.5378
Std Test Accuracy: 0.2070
Std Test AUC: 0.2209

--- Round 4/500 ---
Averaged Train Loss: 2.2297
Averaged Test Accuracy: 0.1672
Averaged Test AUC: 0.6210
Std Test Accuracy: 0.2813
Std Test AUC: 0.2098

--- Round 5/500 ---
Averaged Train Loss: 2.4332
Averaged Test Accuracy: 0.1561
Averaged Test AUC: 0.5863
Std Test Accuracy: 0.2397
Std Test AUC: 0.2190

--- Round 6/500 ---
Averaged Train Loss: 2.3007
Averaged Test Accuracy: 0.1815
Averaged Test AUC: 0.6357
Std Test Accuracy: 0.2707
Std Test AUC: 0.1858

--- Round 7/500 ---
Averaged Train Loss: 2.1979
Averaged Test Accuracy: 0.1864
Averaged Test AUC: 0.6612
Std Test Accuracy: 0.2011
Std Test AUC: 0.1556

--- Round 8/500 ---
Averaged Train Loss: 2.3469
Averaged Test Accuracy: 0.1784
Averaged Test AUC: 0.6406
Std Test Accuracy: 0.2422
Std Test AUC: 0.1844

--- Round 9/500 ---
Averaged Train Loss: 2.1425
Averaged Test Accuracy: 0.2240
Averaged Test AUC: 0.6841
Std Test Accuracy: 0.1968
Std Test AUC: 0.1583

--- Round 10/500 ---
Averaged Train Loss: 2.1263
Averaged Test Accuracy: 0.2404
Averaged Test AUC: 0.6929
Std Test Accuracy: 0.2300
Std Test AUC: 0.1426

--- Round 11/500 ---
Averaged Train Loss: 2.0966
Averaged Test Accuracy: 0.2203
Averaged Test AUC: 0.7142
Std Test Accuracy: 0.2570
Std Test AUC: 0.1223

--- Round 12/500 ---
Averaged Train Loss: 2.1088
Averaged Test Accuracy: 0.2221
Averaged Test AUC: 0.7036
Std Test Accuracy: 0.2418
Std Test AUC: 0.1427

--- Round 13/500 ---
Averaged Train Loss: 2.0569
Averaged Test Accuracy: 0.2457
Averaged Test AUC: 0.7209
Std Test Accuracy: 0.2493
Std Test AUC: 0.1291

--- Round 14/500 ---
Averaged Train Loss: 2.0181
Averaged Test Accuracy: 0.2443
Averaged Test AUC: 0.7321
Std Test Accuracy: 0.2483
Std Test AUC: 0.1094

--- Round 15/500 ---
Averaged Train Loss: 1.9724
Averaged Test Accuracy: 0.2702
Averaged Test AUC: 0.7400
Std Test Accuracy: 0.2108
Std Test AUC: 0.0965

--- Round 16/500 ---
Averaged Train Loss: 1.9988
Averaged Test Accuracy: 0.2645
Averaged Test AUC: 0.7347
Std Test Accuracy: 0.2298
Std Test AUC: 0.1168

--- Round 17/500 ---
Averaged Train Loss: 2.2065
Averaged Test Accuracy: 0.2154
Averaged Test AUC: 0.7023
Std Test Accuracy: 0.2101
Std Test AUC: 0.1328

--- Round 18/500 ---
Averaged Train Loss: 2.0017
Averaged Test Accuracy: 0.2734
Averaged Test AUC: 0.7253
Std Test Accuracy: 0.2152
Std Test AUC: 0.1306

--- Round 19/500 ---
Averaged Train Loss: 2.0381
Averaged Test Accuracy: 0.2469
Averaged Test AUC: 0.7335
Std Test Accuracy: 0.1891
Std Test AUC: 0.1170

--- Round 20/500 ---
Averaged Train Loss: 1.9694
Averaged Test Accuracy: 0.2825
Averaged Test AUC: 0.7440
Std Test Accuracy: 0.2276
Std Test AUC: 0.1295

--- Round 21/500 ---
Averaged Train Loss: 1.9219
Averaged Test Accuracy: 0.2854
Averaged Test AUC: 0.7559
Std Test Accuracy: 0.2227
Std Test AUC: 0.1005

--- Round 22/500 ---
Averaged Train Loss: 1.9195
Averaged Test Accuracy: 0.2870
Averaged Test AUC: 0.7566
Std Test Accuracy: 0.2174
Std Test AUC: 0.0994

--- Round 23/500 ---
Averaged Train Loss: 1.8647
Averaged Test Accuracy: 0.3061
Averaged Test AUC: 0.7699
Std Test Accuracy: 0.2029
Std Test AUC: 0.0799

--- Round 24/500 ---
Averaged Train Loss: 1.8774
Averaged Test Accuracy: 0.3032
Averaged Test AUC: 0.7687
Std Test Accuracy: 0.2061
Std Test AUC: 0.0888

--- Round 25/500 ---
Averaged Train Loss: 2.0664
Averaged Test Accuracy: 0.2307
Averaged Test AUC: 0.7369
Std Test Accuracy: 0.2053
Std Test AUC: 0.1103

--- Round 26/500 ---
Averaged Train Loss: 1.8982
Averaged Test Accuracy: 0.2932
Averaged Test AUC: 0.7568
Std Test Accuracy: 0.2090
Std Test AUC: 0.1108

--- Round 27/500 ---
Averaged Train Loss: 1.8629
Averaged Test Accuracy: 0.3078
Averaged Test AUC: 0.7770
Std Test Accuracy: 0.2281
Std Test AUC: 0.0866

--- Round 28/500 ---
Averaged Train Loss: 1.8271
Averaged Test Accuracy: 0.3171
Averaged Test AUC: 0.7781
Std Test Accuracy: 0.1597
Std Test AUC: 0.0724

--- Round 29/500 ---
Averaged Train Loss: 1.8265
Averaged Test Accuracy: 0.3176
Averaged Test AUC: 0.7802
Std Test Accuracy: 0.1960
Std Test AUC: 0.0716

--- Round 30/500 ---
Averaged Train Loss: 2.0468
Averaged Test Accuracy: 0.2247
Averaged Test AUC: 0.7503
Std Test Accuracy: 0.2365
Std Test AUC: 0.1004

--- Round 31/500 ---
Averaged Train Loss: 1.9246
Averaged Test Accuracy: 0.2883
Averaged Test AUC: 0.7669
Std Test Accuracy: 0.2350
Std Test AUC: 0.0972

--- Round 32/500 ---
Averaged Train Loss: 1.8413
Averaged Test Accuracy: 0.3166
Averaged Test AUC: 0.7818
Std Test Accuracy: 0.2376
Std Test AUC: 0.0887

--- Round 33/500 ---
Averaged Train Loss: 1.8055
Averaged Test Accuracy: 0.3344
Averaged Test AUC: 0.7882
Std Test Accuracy: 0.2233
Std Test AUC: 0.0787

--- Round 34/500 ---
Averaged Train Loss: 1.8219
Averaged Test Accuracy: 0.3244
Averaged Test AUC: 0.7808
Std Test Accuracy: 0.1994
Std Test AUC: 0.0857

--- Round 35/500 ---
Averaged Train Loss: 1.8023
Averaged Test Accuracy: 0.3334
Averaged Test AUC: 0.7843
Std Test Accuracy: 0.1943
Std Test AUC: 0.0791

--- Round 36/500 ---
Averaged Train Loss: 1.7770
Averaged Test Accuracy: 0.3463
Averaged Test AUC: 0.7911
Std Test Accuracy: 0.1837
Std Test AUC: 0.0735

--- Round 37/500 ---
Averaged Train Loss: 1.9898
Averaged Test Accuracy: 0.2660
Averaged Test AUC: 0.7600
Std Test Accuracy: 0.2257
Std Test AUC: 0.1079

--- Round 38/500 ---
Averaged Train Loss: 1.8065
Averaged Test Accuracy: 0.3179
Averaged Test AUC: 0.7910
Std Test Accuracy: 0.1817
Std Test AUC: 0.0727

--- Round 39/500 ---
Averaged Train Loss: 1.7491
Averaged Test Accuracy: 0.3493
Averaged Test AUC: 0.7999
Std Test Accuracy: 0.2209
Std Test AUC: 0.0701

--- Round 40/500 ---
Averaged Train Loss: 1.8352
Averaged Test Accuracy: 0.3200
Averaged Test AUC: 0.7871
Std Test Accuracy: 0.2336
Std Test AUC: 0.0886

--- Round 41/500 ---
Averaged Train Loss: 1.9986
Averaged Test Accuracy: 0.2735
Averaged Test AUC: 0.7633
Std Test Accuracy: 0.1994
Std Test AUC: 0.1050

--- Round 42/500 ---
Averaged Train Loss: 1.7453
Averaged Test Accuracy: 0.3491
Averaged Test AUC: 0.8016
Std Test Accuracy: 0.2209
Std Test AUC: 0.0687

--- Round 43/500 ---
Averaged Train Loss: 1.7289
Averaged Test Accuracy: 0.3483
Averaged Test AUC: 0.8021
Std Test Accuracy: 0.1700
Std Test AUC: 0.0601

--- Round 44/500 ---
Averaged Train Loss: 1.8662
Averaged Test Accuracy: 0.2913
Averaged Test AUC: 0.7805
Std Test Accuracy: 0.2348
Std Test AUC: 0.0939

--- Round 45/500 ---
Averaged Train Loss: 1.7125
Averaged Test Accuracy: 0.3651
Averaged Test AUC: 0.8040
Std Test Accuracy: 0.1736
Std Test AUC: 0.0604

--- Round 46/500 ---
Averaged Train Loss: 1.8272
Averaged Test Accuracy: 0.3306
Averaged Test AUC: 0.7840
Std Test Accuracy: 0.2099
Std Test AUC: 0.0888

--- Round 47/500 ---
Averaged Train Loss: 1.7400
Averaged Test Accuracy: 0.3620
Averaged Test AUC: 0.7974
Std Test Accuracy: 0.1745
Std Test AUC: 0.0702

--- Round 48/500 ---
Averaged Train Loss: 1.7356
Averaged Test Accuracy: 0.3565
Averaged Test AUC: 0.8031
Std Test Accuracy: 0.2102
Std Test AUC: 0.0733

--- Round 49/500 ---
Averaged Train Loss: 1.6993
Averaged Test Accuracy: 0.3684
Averaged Test AUC: 0.8071
Std Test Accuracy: 0.1982
Std Test AUC: 0.0633

--- Round 50/500 ---
Averaged Train Loss: 1.7746
Averaged Test Accuracy: 0.3385
Averaged Test AUC: 0.7969
Std Test Accuracy: 0.1811
Std Test AUC: 0.0761

--- Round 51/500 ---
Averaged Train Loss: 1.8259
Averaged Test Accuracy: 0.3177
Averaged Test AUC: 0.7914
Std Test Accuracy: 0.2545
Std Test AUC: 0.0893

--- Round 52/500 ---
Averaged Train Loss: 1.9464
Averaged Test Accuracy: 0.3044
Averaged Test AUC: 0.7738
Std Test Accuracy: 0.1993
Std Test AUC: 0.1060

--- Round 53/500 ---
Averaged Train Loss: 1.7791
Averaged Test Accuracy: 0.3193
Averaged Test AUC: 0.7962
Std Test Accuracy: 0.1886
Std Test AUC: 0.0685

--- Round 54/500 ---
Averaged Train Loss: 1.7231
Averaged Test Accuracy: 0.3553
Averaged Test AUC: 0.8078
Std Test Accuracy: 0.1706
Std Test AUC: 0.0660

--- Round 55/500 ---
Averaged Train Loss: 1.6771
Averaged Test Accuracy: 0.3699
Averaged Test AUC: 0.8142
Std Test Accuracy: 0.1895
Std Test AUC: 0.0621

--- Round 56/500 ---
Averaged Train Loss: 1.7247
Averaged Test Accuracy: 0.3664
Averaged Test AUC: 0.8050
Std Test Accuracy: 0.1990
Std Test AUC: 0.0782

--- Round 57/500 ---
Averaged Train Loss: 1.6781
Averaged Test Accuracy: 0.3711
Averaged Test AUC: 0.8111
Std Test Accuracy: 0.1493
Std Test AUC: 0.0564

--- Round 58/500 ---
Averaged Train Loss: 1.6636
Averaged Test Accuracy: 0.3749
Averaged Test AUC: 0.8151
Std Test Accuracy: 0.1824
Std Test AUC: 0.0592

--- Round 59/500 ---
Averaged Train Loss: 1.7338
Averaged Test Accuracy: 0.3668
Averaged Test AUC: 0.8042
Std Test Accuracy: 0.2020
Std Test AUC: 0.0798

--- Round 60/500 ---
Averaged Train Loss: 1.9525
Averaged Test Accuracy: 0.2714
Averaged Test AUC: 0.7818
Std Test Accuracy: 0.2330
Std Test AUC: 0.0909

--- Round 61/500 ---
Averaged Train Loss: 1.6771
Averaged Test Accuracy: 0.3731
Averaged Test AUC: 0.8098
Std Test Accuracy: 0.1705
Std Test AUC: 0.0680

--- Round 62/500 ---
Averaged Train Loss: 1.7287
Averaged Test Accuracy: 0.3706
Averaged Test AUC: 0.8052
Std Test Accuracy: 0.2004
Std Test AUC: 0.0814

--- Round 63/500 ---
Averaged Train Loss: 1.6823
Averaged Test Accuracy: 0.3741
Averaged Test AUC: 0.8157
Std Test Accuracy: 0.1648
Std Test AUC: 0.0617

--- Round 64/500 ---
Averaged Train Loss: 1.6534
Averaged Test Accuracy: 0.3829
Averaged Test AUC: 0.8174
Std Test Accuracy: 0.1995
Std Test AUC: 0.0648

--- Round 65/500 ---
Averaged Train Loss: 1.6720
Averaged Test Accuracy: 0.3825
Averaged Test AUC: 0.8161
Std Test Accuracy: 0.2091
Std Test AUC: 0.0686

--- Round 66/500 ---
Averaged Train Loss: 1.7393
Averaged Test Accuracy: 0.3626
Averaged Test AUC: 0.8073
Std Test Accuracy: 0.2258
Std Test AUC: 0.0760

--- Round 67/500 ---
Averaged Train Loss: 1.6302
Averaged Test Accuracy: 0.3922
Averaged Test AUC: 0.8204
Std Test Accuracy: 0.1790
Std Test AUC: 0.0594

--- Round 68/500 ---
Averaged Train Loss: 1.6192
Averaged Test Accuracy: 0.4008
Averaged Test AUC: 0.8246
Std Test Accuracy: 0.1882
Std Test AUC: 0.0544

--- Round 69/500 ---
Averaged Train Loss: 1.6929
Averaged Test Accuracy: 0.3807
Averaged Test AUC: 0.8129
Std Test Accuracy: 0.1935
Std Test AUC: 0.0734

--- Round 70/500 ---
Averaged Train Loss: 1.9075
Averaged Test Accuracy: 0.3121
Averaged Test AUC: 0.7866
Std Test Accuracy: 0.1814
Std Test AUC: 0.0880

--- Round 71/500 ---
Averaged Train Loss: 1.6766
Averaged Test Accuracy: 0.3844
Averaged Test AUC: 0.8171
Std Test Accuracy: 0.2019
Std Test AUC: 0.0762

--- Round 72/500 ---
Averaged Train Loss: 1.6445
Averaged Test Accuracy: 0.3876
Averaged Test AUC: 0.8205
Std Test Accuracy: 0.1754
Std Test AUC: 0.0599

--- Round 73/500 ---
Averaged Train Loss: 1.8162
Averaged Test Accuracy: 0.3105
Averaged Test AUC: 0.7990
Std Test Accuracy: 0.2137
Std Test AUC: 0.0743

--- Round 74/500 ---
Averaged Train Loss: 1.6493
Averaged Test Accuracy: 0.3947
Averaged Test AUC: 0.8214
Std Test Accuracy: 0.1821
Std Test AUC: 0.0647

--- Round 75/500 ---
Averaged Train Loss: 1.8823
Averaged Test Accuracy: 0.2913
Averaged Test AUC: 0.7946
Std Test Accuracy: 0.2284
Std Test AUC: 0.0741

--- Round 76/500 ---
Averaged Train Loss: 1.6975
Averaged Test Accuracy: 0.3737
Averaged Test AUC: 0.8158
Std Test Accuracy: 0.2062
Std Test AUC: 0.0659

--- Round 77/500 ---
Averaged Train Loss: 1.6179
Averaged Test Accuracy: 0.4045
Averaged Test AUC: 0.8247
Std Test Accuracy: 0.1638
Std Test AUC: 0.0526

--- Round 78/500 ---
Averaged Train Loss: 1.6194
Averaged Test Accuracy: 0.4029
Averaged Test AUC: 0.8258
Std Test Accuracy: 0.1703
Std Test AUC: 0.0533

--- Round 79/500 ---
Averaged Train Loss: 1.6440
Averaged Test Accuracy: 0.4010
Averaged Test AUC: 0.8229
Std Test Accuracy: 0.1956
Std Test AUC: 0.0634

--- Round 80/500 ---
Averaged Train Loss: 1.7069
Averaged Test Accuracy: 0.3699
Averaged Test AUC: 0.8156
Std Test Accuracy: 0.2273
Std Test AUC: 0.0740

--- Round 81/500 ---
Averaged Train Loss: 1.6017
Averaged Test Accuracy: 0.4101
Averaged Test AUC: 0.8277
Std Test Accuracy: 0.1866
Std Test AUC: 0.0564

--- Round 82/500 ---
Averaged Train Loss: 1.5917
Averaged Test Accuracy: 0.4136
Averaged Test AUC: 0.8289
Std Test Accuracy: 0.1689
Std Test AUC: 0.0539

--- Round 83/500 ---
Averaged Train Loss: 1.6987
Averaged Test Accuracy: 0.3779
Averaged Test AUC: 0.8125
Std Test Accuracy: 0.1851
Std Test AUC: 0.0790

--- Round 84/500 ---
Averaged Train Loss: 1.6382
Averaged Test Accuracy: 0.4059
Averaged Test AUC: 0.8225
Std Test Accuracy: 0.1936
Std Test AUC: 0.0789

--- Round 85/500 ---
Averaged Train Loss: 1.5991
Averaged Test Accuracy: 0.4058
Averaged Test AUC: 0.8283
Std Test Accuracy: 0.1833
Std Test AUC: 0.0604

--- Round 86/500 ---
Averaged Train Loss: 1.6720
Averaged Test Accuracy: 0.3865
Averaged Test AUC: 0.8173
Std Test Accuracy: 0.1840
Std Test AUC: 0.0761

--- Round 87/500 ---
Averaged Train Loss: 1.6053
Averaged Test Accuracy: 0.4100
Averaged Test AUC: 0.8284
Std Test Accuracy: 0.1914
Std Test AUC: 0.0602

--- Round 88/500 ---
Averaged Train Loss: 1.5988
Averaged Test Accuracy: 0.4105
Averaged Test AUC: 0.8283
Std Test Accuracy: 0.1794
Std Test AUC: 0.0707

--- Round 89/500 ---
Averaged Train Loss: 1.5640
Averaged Test Accuracy: 0.4305
Averaged Test AUC: 0.8334
Std Test Accuracy: 0.1571
Std Test AUC: 0.0496

--- Round 90/500 ---
Averaged Train Loss: 1.5777
Averaged Test Accuracy: 0.4105
Averaged Test AUC: 0.8294
Std Test Accuracy: 0.1602
Std Test AUC: 0.0539

--- Round 91/500 ---
Averaged Train Loss: 1.7426
Averaged Test Accuracy: 0.3521
Averaged Test AUC: 0.8064
Std Test Accuracy: 0.1941
Std Test AUC: 0.0905

--- Round 92/500 ---
Averaged Train Loss: 1.5947
Averaged Test Accuracy: 0.4091
Averaged Test AUC: 0.8306
Std Test Accuracy: 0.1939
Std Test AUC: 0.0711

--- Round 93/500 ---
Averaged Train Loss: 1.6249
Averaged Test Accuracy: 0.3968
Averaged Test AUC: 0.8251
Std Test Accuracy: 0.1801
Std Test AUC: 0.0659

--- Round 94/500 ---
Averaged Train Loss: 1.7085
Averaged Test Accuracy: 0.3677
Averaged Test AUC: 0.8124
Std Test Accuracy: 0.1605
Std Test AUC: 0.0648

--- Round 95/500 ---
Averaged Train Loss: 1.5368
Averaged Test Accuracy: 0.4407
Averaged Test AUC: 0.8385
Std Test Accuracy: 0.1393
Std Test AUC: 0.0453

--- Round 96/500 ---
Averaged Train Loss: 1.7975
Averaged Test Accuracy: 0.3407
Averaged Test AUC: 0.8038
Std Test Accuracy: 0.1708
Std Test AUC: 0.0744

--- Round 97/500 ---
Averaged Train Loss: 1.5931
Averaged Test Accuracy: 0.4000
Averaged Test AUC: 0.8280
Std Test Accuracy: 0.1600
Std Test AUC: 0.0544

--- Round 98/500 ---
Averaged Train Loss: 1.7165
Averaged Test Accuracy: 0.3654
Averaged Test AUC: 0.8113
Std Test Accuracy: 0.1873
Std Test AUC: 0.0842

--- Round 99/500 ---
Averaged Train Loss: 1.7575
Averaged Test Accuracy: 0.3405
Averaged Test AUC: 0.8104
Std Test Accuracy: 0.2157
Std Test AUC: 0.0867

--- Round 100/500 ---
Averaged Train Loss: 1.5747
Averaged Test Accuracy: 0.4122
Averaged Test AUC: 0.8332
Std Test Accuracy: 0.1573
Std Test AUC: 0.0470

--- Round 101/500 ---
Averaged Train Loss: 1.7638
Averaged Test Accuracy: 0.3421
Averaged Test AUC: 0.8060
Std Test Accuracy: 0.2198
Std Test AUC: 0.0954

--- Round 102/500 ---
Averaged Train Loss: 1.5746
Averaged Test Accuracy: 0.4090
Averaged Test AUC: 0.8314
Std Test Accuracy: 0.1591
Std Test AUC: 0.0555

--- Round 103/500 ---
Averaged Train Loss: 1.5661
Averaged Test Accuracy: 0.4313
Averaged Test AUC: 0.8320
Std Test Accuracy: 0.1707
Std Test AUC: 0.0699

--- Round 104/500 ---
Averaged Train Loss: 1.5578
Averaged Test Accuracy: 0.4172
Averaged Test AUC: 0.8358
Std Test Accuracy: 0.1727
Std Test AUC: 0.0537

--- Round 105/500 ---
Averaged Train Loss: 1.5391
Averaged Test Accuracy: 0.4345
Averaged Test AUC: 0.8390
Std Test Accuracy: 0.1757
Std Test AUC: 0.0559

--- Round 106/500 ---
Averaged Train Loss: 1.5516
Averaged Test Accuracy: 0.4307
Averaged Test AUC: 0.8366
Std Test Accuracy: 0.1583
Std Test AUC: 0.0540

--- Round 107/500 ---
Averaged Train Loss: 1.5764
Averaged Test Accuracy: 0.4166
Averaged Test AUC: 0.8346
Std Test Accuracy: 0.1814
Std Test AUC: 0.0659

--- Round 108/500 ---
Averaged Train Loss: 1.7315
Averaged Test Accuracy: 0.3455
Averaged Test AUC: 0.8161
Std Test Accuracy: 0.2083
Std Test AUC: 0.0705

--- Round 109/500 ---
Averaged Train Loss: 1.5799
Averaged Test Accuracy: 0.4197
Averaged Test AUC: 0.8325
Std Test Accuracy: 0.1682
Std Test AUC: 0.0627

--- Round 110/500 ---
Averaged Train Loss: 1.7825
Averaged Test Accuracy: 0.3503
Averaged Test AUC: 0.8079
Std Test Accuracy: 0.1759
Std Test AUC: 0.0726

--- Round 111/500 ---
Averaged Train Loss: 1.5477
Averaged Test Accuracy: 0.4320
Averaged Test AUC: 0.8361
Std Test Accuracy: 0.1750
Std Test AUC: 0.0639

--- Round 112/500 ---
Averaged Train Loss: 1.5359
Averaged Test Accuracy: 0.4383
Averaged Test AUC: 0.8410
Std Test Accuracy: 0.1724
Std Test AUC: 0.0514

--- Round 113/500 ---
Averaged Train Loss: 1.5167
Averaged Test Accuracy: 0.4429
Averaged Test AUC: 0.8422
Std Test Accuracy: 0.1415
Std Test AUC: 0.0425

--- Round 114/500 ---
Averaged Train Loss: 1.5487
Averaged Test Accuracy: 0.4261
Averaged Test AUC: 0.8359
Std Test Accuracy: 0.1476
Std Test AUC: 0.0532

--- Round 115/500 ---
Averaged Train Loss: 1.5675
Averaged Test Accuracy: 0.4271
Averaged Test AUC: 0.8347
Std Test Accuracy: 0.1718
Std Test AUC: 0.0623

--- Round 116/500 ---
Averaged Train Loss: 1.6534
Averaged Test Accuracy: 0.3885
Averaged Test AUC: 0.8222
Std Test Accuracy: 0.1576
Std Test AUC: 0.0600

--- Round 117/500 ---
Averaged Train Loss: 1.5444
Averaged Test Accuracy: 0.4224
Averaged Test AUC: 0.8378
Std Test Accuracy: 0.1504
Std Test AUC: 0.0484

--- Round 118/500 ---
Averaged Train Loss: 1.5329
Averaged Test Accuracy: 0.4351
Averaged Test AUC: 0.8420
Std Test Accuracy: 0.1683
Std Test AUC: 0.0470

--- Round 119/500 ---
Averaged Train Loss: 1.5737
Averaged Test Accuracy: 0.4236
Averaged Test AUC: 0.8342
Std Test Accuracy: 0.1500
Std Test AUC: 0.0534

--- Round 120/500 ---
Averaged Train Loss: 1.6750
Averaged Test Accuracy: 0.3614
Averaged Test AUC: 0.8226
Std Test Accuracy: 0.2045
Std Test AUC: 0.0603

--- Round 121/500 ---
Averaged Train Loss: 1.7388
Averaged Test Accuracy: 0.3629
Averaged Test AUC: 0.8128
Std Test Accuracy: 0.1946
Std Test AUC: 0.0756

--- Round 122/500 ---
Averaged Train Loss: 1.5173
Averaged Test Accuracy: 0.4432
Averaged Test AUC: 0.8407
Std Test Accuracy: 0.1403
Std Test AUC: 0.0421

--- Round 123/500 ---
Averaged Train Loss: 2.1369
Averaged Test Accuracy: 0.2552
Averaged Test AUC: 0.7914
Std Test Accuracy: 0.2417
Std Test AUC: 0.0965

--- Round 124/500 ---
Averaged Train Loss: 1.8156
Averaged Test Accuracy: 0.3550
Averaged Test AUC: 0.8075
Std Test Accuracy: 0.2605
Std Test AUC: 0.0989

--- Round 125/500 ---
Averaged Train Loss: 1.5623
Averaged Test Accuracy: 0.4196
Averaged Test AUC: 0.8340
Std Test Accuracy: 0.1349
Std Test AUC: 0.0464

--- Round 126/500 ---
Averaged Train Loss: 1.5113
Averaged Test Accuracy: 0.4461
Averaged Test AUC: 0.8425
Std Test Accuracy: 0.1582
Std Test AUC: 0.0477

--- Round 127/500 ---
Averaged Train Loss: 1.6038
Averaged Test Accuracy: 0.4089
Averaged Test AUC: 0.8336
Std Test Accuracy: 0.2173
Std Test AUC: 0.0664

--- Round 128/500 ---
Averaged Train Loss: 1.6297
Averaged Test Accuracy: 0.3953
Averaged Test AUC: 0.8236
Std Test Accuracy: 0.1983
Std Test AUC: 0.0899

--- Round 129/500 ---
Averaged Train Loss: 1.6629
Averaged Test Accuracy: 0.3938
Averaged Test AUC: 0.8243
Std Test Accuracy: 0.2252
Std Test AUC: 0.0780

--- Round 130/500 ---
Averaged Train Loss: 1.5481
Averaged Test Accuracy: 0.4365
Averaged Test AUC: 0.8349
Std Test Accuracy: 0.1492
Std Test AUC: 0.0593

--- Round 131/500 ---
Averaged Train Loss: 1.6674
Averaged Test Accuracy: 0.3757
Averaged Test AUC: 0.8272
Std Test Accuracy: 0.2114
Std Test AUC: 0.0676

--- Round 132/500 ---
Averaged Train Loss: 1.5555
Averaged Test Accuracy: 0.4308
Averaged Test AUC: 0.8337
Std Test Accuracy: 0.1570
Std Test AUC: 0.0618

--- Round 133/500 ---
Averaged Train Loss: 1.5370
Averaged Test Accuracy: 0.4178
Averaged Test AUC: 0.8434
Std Test Accuracy: 0.1841
Std Test AUC: 0.0505

--- Round 134/500 ---
Averaged Train Loss: 1.7369
Averaged Test Accuracy: 0.3798
Averaged Test AUC: 0.8153
Std Test Accuracy: 0.2508
Std Test AUC: 0.1021

--- Round 135/500 ---
Averaged Train Loss: 1.6802
Averaged Test Accuracy: 0.3679
Averaged Test AUC: 0.8233
Std Test Accuracy: 0.2057
Std Test AUC: 0.0687

--- Round 136/500 ---
Averaged Train Loss: 1.5813
Averaged Test Accuracy: 0.4216
Averaged Test AUC: 0.8269
Std Test Accuracy: 0.1659
Std Test AUC: 0.0771

--- Round 137/500 ---
Averaged Train Loss: 1.5052
Averaged Test Accuracy: 0.4419
Averaged Test AUC: 0.8470
Std Test Accuracy: 0.1810
Std Test AUC: 0.0554

--- Round 138/500 ---
Averaged Train Loss: 1.5428
Averaged Test Accuracy: 0.4320
Averaged Test AUC: 0.8402
Std Test Accuracy: 0.1884
Std Test AUC: 0.0642

--- Round 139/500 ---
Averaged Train Loss: 1.6860
Averaged Test Accuracy: 0.3957
Averaged Test AUC: 0.8182
Std Test Accuracy: 0.2113
Std Test AUC: 0.0960

--- Round 140/500 ---
Averaged Train Loss: 1.6419
Averaged Test Accuracy: 0.3976
Averaged Test AUC: 0.8215
Std Test Accuracy: 0.1987
Std Test AUC: 0.0823

--- Round 141/500 ---
Averaged Train Loss: 1.4725
Averaged Test Accuracy: 0.4583
Averaged Test AUC: 0.8486
Std Test Accuracy: 0.1423
Std Test AUC: 0.0442

--- Round 142/500 ---
Averaged Train Loss: 1.6148
Averaged Test Accuracy: 0.4033
Averaged Test AUC: 0.8368
Std Test Accuracy: 0.2276
Std Test AUC: 0.0691

--- Round 143/500 ---
Averaged Train Loss: 1.5283
Averaged Test Accuracy: 0.4376
Averaged Test AUC: 0.8419
Std Test Accuracy: 0.1708
Std Test AUC: 0.0591

--- Round 144/500 ---
Averaged Train Loss: 1.6280
Averaged Test Accuracy: 0.3917
Averaged Test AUC: 0.8276
Std Test Accuracy: 0.1578
Std Test AUC: 0.0571

--- Round 145/500 ---
Averaged Train Loss: 1.5060
Averaged Test Accuracy: 0.4351
Averaged Test AUC: 0.8463
Std Test Accuracy: 0.1768
Std Test AUC: 0.0505

--- Round 146/500 ---
Averaged Train Loss: 1.6195
Averaged Test Accuracy: 0.4139
Averaged Test AUC: 0.8413
Std Test Accuracy: 0.2020
Std Test AUC: 0.0600

--- Round 147/500 ---
Averaged Train Loss: 1.6095
Averaged Test Accuracy: 0.4098
Averaged Test AUC: 0.8354
Std Test Accuracy: 0.2251
Std Test AUC: 0.0718

--- Round 148/500 ---
Averaged Train Loss: 1.5802
Averaged Test Accuracy: 0.4165
Averaged Test AUC: 0.8295
Std Test Accuracy: 0.1450
Std Test AUC: 0.0624

--- Round 149/500 ---
Averaged Train Loss: 1.5205
Averaged Test Accuracy: 0.4377
Averaged Test AUC: 0.8437
Std Test Accuracy: 0.1855
Std Test AUC: 0.0573

--- Round 150/500 ---
Averaged Train Loss: 1.5278
Averaged Test Accuracy: 0.4230
Averaged Test AUC: 0.8464
Std Test Accuracy: 0.1961
Std Test AUC: 0.0489

--- Round 151/500 ---
Averaged Train Loss: 1.5497
Averaged Test Accuracy: 0.4295
Averaged Test AUC: 0.8403
Std Test Accuracy: 0.2082
Std Test AUC: 0.0654

--- Round 152/500 ---
Averaged Train Loss: 1.5464
Averaged Test Accuracy: 0.4292
Averaged Test AUC: 0.8366
Std Test Accuracy: 0.1714
Std Test AUC: 0.0584

--- Round 153/500 ---
Averaged Train Loss: 1.5269
Averaged Test Accuracy: 0.4292
Averaged Test AUC: 0.8446
Std Test Accuracy: 0.1744
Std Test AUC: 0.0492

--- Round 154/500 ---
Averaged Train Loss: 1.6104
Averaged Test Accuracy: 0.4149
Averaged Test AUC: 0.8353
Std Test Accuracy: 0.2319
Std Test AUC: 0.0740

--- Round 155/500 ---
Averaged Train Loss: 1.5537
Averaged Test Accuracy: 0.4183
Averaged Test AUC: 0.8424
Std Test Accuracy: 0.2074
Std Test AUC: 0.0609

--- Round 156/500 ---
Averaged Train Loss: 1.5233
Averaged Test Accuracy: 0.4362
Averaged Test AUC: 0.8373
Std Test Accuracy: 0.1544
Std Test AUC: 0.0622

--- Round 157/500 ---
Averaged Train Loss: 1.4836
Averaged Test Accuracy: 0.4487
Averaged Test AUC: 0.8499
Std Test Accuracy: 0.1543
Std Test AUC: 0.0407

--- Round 158/500 ---
Averaged Train Loss: 1.5706
Averaged Test Accuracy: 0.4226
Averaged Test AUC: 0.8436
Std Test Accuracy: 0.2140
Std Test AUC: 0.0654

--- Round 159/500 ---
Averaged Train Loss: 1.7990
Averaged Test Accuracy: 0.3660
Averaged Test AUC: 0.8198
Std Test Accuracy: 0.2362
Std Test AUC: 0.0813

--- Round 160/500 ---
Averaged Train Loss: 1.6194
Averaged Test Accuracy: 0.4107
Averaged Test AUC: 0.8260
Std Test Accuracy: 0.1781
Std Test AUC: 0.0773

--- Round 161/500 ---
Averaged Train Loss: 1.5247
Averaged Test Accuracy: 0.4428
Averaged Test AUC: 0.8458
Std Test Accuracy: 0.1581
Std Test AUC: 0.0455

--- Round 162/500 ---
Averaged Train Loss: 1.6188
Averaged Test Accuracy: 0.4070
Averaged Test AUC: 0.8347
Std Test Accuracy: 0.2011
Std Test AUC: 0.0662

--- Round 163/500 ---
Averaged Train Loss: 1.6289
Averaged Test Accuracy: 0.4079
Averaged Test AUC: 0.8372
Std Test Accuracy: 0.2232
Std Test AUC: 0.0695

--- Round 164/500 ---
Averaged Train Loss: 1.5350
Averaged Test Accuracy: 0.4379
Averaged Test AUC: 0.8388
Std Test Accuracy: 0.1419
Std Test AUC: 0.0601

--- Round 165/500 ---
Averaged Train Loss: 1.4693
Averaged Test Accuracy: 0.4548
Averaged Test AUC: 0.8510
Std Test Accuracy: 0.1646
Std Test AUC: 0.0511

--- Round 166/500 ---
Averaged Train Loss: 1.5814
Averaged Test Accuracy: 0.4296
Averaged Test AUC: 0.8406
Std Test Accuracy: 0.1893
Std Test AUC: 0.0615

--- Round 167/500 ---
Averaged Train Loss: 1.4882
Averaged Test Accuracy: 0.4518
Averaged Test AUC: 0.8487
Std Test Accuracy: 0.1944
Std Test AUC: 0.0620

--- Round 168/500 ---
Averaged Train Loss: 1.5391
Averaged Test Accuracy: 0.4343
Averaged Test AUC: 0.8386
Std Test Accuracy: 0.1615
Std Test AUC: 0.0579

--- Round 169/500 ---
Averaged Train Loss: 1.5363
Averaged Test Accuracy: 0.4331
Averaged Test AUC: 0.8428
Std Test Accuracy: 0.1996
Std Test AUC: 0.0622

--- Round 170/500 ---
Averaged Train Loss: 1.4388
Averaged Test Accuracy: 0.4668
Averaged Test AUC: 0.8551
Std Test Accuracy: 0.1341
Std Test AUC: 0.0372

--- Round 171/500 ---
Averaged Train Loss: 1.4922
Averaged Test Accuracy: 0.4523
Averaged Test AUC: 0.8488
Std Test Accuracy: 0.1577
Std Test AUC: 0.0498

--- Round 172/500 ---
Averaged Train Loss: 1.5518
Averaged Test Accuracy: 0.4383
Averaged Test AUC: 0.8339
Std Test Accuracy: 0.1660
Std Test AUC: 0.0756

--- Round 173/500 ---
Averaged Train Loss: 1.4546
Averaged Test Accuracy: 0.4617
Averaged Test AUC: 0.8543
Std Test Accuracy: 0.1818
Std Test AUC: 0.0499

--- Round 174/500 ---
Averaged Train Loss: 1.5597
Averaged Test Accuracy: 0.4323
Averaged Test AUC: 0.8392
Std Test Accuracy: 0.2123
Std Test AUC: 0.0749

--- Round 175/500 ---
Averaged Train Loss: 1.5147
Averaged Test Accuracy: 0.4423
Averaged Test AUC: 0.8451
Std Test Accuracy: 0.1903
Std Test AUC: 0.0563

--- Round 176/500 ---
Averaged Train Loss: 1.5959
Averaged Test Accuracy: 0.4127
Averaged Test AUC: 0.8298
Std Test Accuracy: 0.1846
Std Test AUC: 0.0730

--- Round 177/500 ---
Averaged Train Loss: 1.5953
Averaged Test Accuracy: 0.4012
Averaged Test AUC: 0.8354
Std Test Accuracy: 0.2097
Std Test AUC: 0.0685

--- Round 178/500 ---
Averaged Train Loss: 1.5587
Averaged Test Accuracy: 0.4315
Averaged Test AUC: 0.8451
Std Test Accuracy: 0.2223
Std Test AUC: 0.0728

--- Round 179/500 ---
Averaged Train Loss: 1.6451
Averaged Test Accuracy: 0.4021
Averaged Test AUC: 0.8325
Std Test Accuracy: 0.2143
Std Test AUC: 0.0718

--- Round 180/500 ---
Averaged Train Loss: 1.5320
Averaged Test Accuracy: 0.4361
Averaged Test AUC: 0.8403
Std Test Accuracy: 0.1468
Std Test AUC: 0.0560

--- Round 181/500 ---
Averaged Train Loss: 1.5579
Averaged Test Accuracy: 0.4242
Averaged Test AUC: 0.8455
Std Test Accuracy: 0.1771
Std Test AUC: 0.0479

--- Round 182/500 ---
Averaged Train Loss: 1.6340
Averaged Test Accuracy: 0.4003
Averaged Test AUC: 0.8320
Std Test Accuracy: 0.2241
Std Test AUC: 0.0790

--- Round 183/500 ---
Averaged Train Loss: 1.5630
Averaged Test Accuracy: 0.4341
Averaged Test AUC: 0.8443
Std Test Accuracy: 0.2184
Std Test AUC: 0.0713

--- Round 184/500 ---
Averaged Train Loss: 1.5264
Averaged Test Accuracy: 0.4305
Averaged Test AUC: 0.8421
Std Test Accuracy: 0.1428
Std Test AUC: 0.0444

--- Round 185/500 ---
Averaged Train Loss: 1.4089
Averaged Test Accuracy: 0.4771
Averaged Test AUC: 0.8581
Std Test Accuracy: 0.1378
Std Test AUC: 0.0370

--- Round 186/500 ---
Averaged Train Loss: 1.6246
Averaged Test Accuracy: 0.4145
Averaged Test AUC: 0.8378
Std Test Accuracy: 0.1932
Std Test AUC: 0.0625

--- Round 187/500 ---
Averaged Train Loss: 1.4930
Averaged Test Accuracy: 0.4539
Averaged Test AUC: 0.8470
Std Test Accuracy: 0.1923
Std Test AUC: 0.0698

--- Round 188/500 ---
Averaged Train Loss: 1.5235
Averaged Test Accuracy: 0.4468
Averaged Test AUC: 0.8410
Std Test Accuracy: 0.1550
Std Test AUC: 0.0601

--- Round 189/500 ---
Averaged Train Loss: 1.4339
Averaged Test Accuracy: 0.4716
Averaged Test AUC: 0.8551
Std Test Accuracy: 0.1575
Std Test AUC: 0.0482

--- Round 190/500 ---
Averaged Train Loss: 1.4374
Averaged Test Accuracy: 0.4687
Averaged Test AUC: 0.8555
Std Test Accuracy: 0.1474
Std Test AUC: 0.0400

--- Round 191/500 ---
Averaged Train Loss: 1.4932
Averaged Test Accuracy: 0.4452
Averaged Test AUC: 0.8511
Std Test Accuracy: 0.1957
Std Test AUC: 0.0536

--- Round 192/500 ---
Averaged Train Loss: 1.5434
Averaged Test Accuracy: 0.4355
Averaged Test AUC: 0.8359
Std Test Accuracy: 0.1828
Std Test AUC: 0.0776

--- Round 193/500 ---
Averaged Train Loss: 1.4734
Averaged Test Accuracy: 0.4591
Averaged Test AUC: 0.8522
Std Test Accuracy: 0.2007
Std Test AUC: 0.0615

--- Round 194/500 ---
Averaged Train Loss: 1.5019
Averaged Test Accuracy: 0.4516
Averaged Test AUC: 0.8470
Std Test Accuracy: 0.1960
Std Test AUC: 0.0677

--- Round 195/500 ---
Averaged Train Loss: 1.4598
Averaged Test Accuracy: 0.4646
Averaged Test AUC: 0.8520
Std Test Accuracy: 0.1612
Std Test AUC: 0.0519

--- Round 196/500 ---
Averaged Train Loss: 1.5932
Averaged Test Accuracy: 0.4140
Averaged Test AUC: 0.8319
Std Test Accuracy: 0.1999
Std Test AUC: 0.0773

--- Round 197/500 ---
Averaged Train Loss: 1.4966
Averaged Test Accuracy: 0.4426
Averaged Test AUC: 0.8479
Std Test Accuracy: 0.1871
Std Test AUC: 0.0605

--- Round 198/500 ---
Averaged Train Loss: 1.5505
Averaged Test Accuracy: 0.4332
Averaged Test AUC: 0.8480
Std Test Accuracy: 0.2305
Std Test AUC: 0.0665

--- Round 199/500 ---
Averaged Train Loss: 1.5915
Averaged Test Accuracy: 0.4159
Averaged Test AUC: 0.8395
Std Test Accuracy: 0.2148
Std Test AUC: 0.0722

--- Round 200/500 ---
Averaged Train Loss: 1.5136
Averaged Test Accuracy: 0.4357
Averaged Test AUC: 0.8432
Std Test Accuracy: 0.1501
Std Test AUC: 0.0484

--- Round 201/500 ---
Averaged Train Loss: 1.5711
Averaged Test Accuracy: 0.4200
Averaged Test AUC: 0.8444
Std Test Accuracy: 0.2070
Std Test AUC: 0.0568

--- Round 202/500 ---
Averaged Train Loss: 1.5797
Averaged Test Accuracy: 0.4180
Averaged Test AUC: 0.8408
Std Test Accuracy: 0.2240
Std Test AUC: 0.0725

--- Round 203/500 ---
Averaged Train Loss: 1.7148
Averaged Test Accuracy: 0.3958
Averaged Test AUC: 0.8356
Std Test Accuracy: 0.2356
Std Test AUC: 0.0733

--- Round 204/500 ---
Averaged Train Loss: 1.4933
Averaged Test Accuracy: 0.4433
Averaged Test AUC: 0.8464
Std Test Accuracy: 0.1539
Std Test AUC: 0.0493

--- Round 205/500 ---
Averaged Train Loss: 1.4092
Averaged Test Accuracy: 0.4754
Averaged Test AUC: 0.8592
Std Test Accuracy: 0.1216
Std Test AUC: 0.0329

--- Round 206/500 ---
Averaged Train Loss: 1.7054
Averaged Test Accuracy: 0.3917
Averaged Test AUC: 0.8305
Std Test Accuracy: 0.2471
Std Test AUC: 0.0790

--- Round 207/500 ---
Averaged Train Loss: 1.4189
Averaged Test Accuracy: 0.4736
Averaged Test AUC: 0.8580
Std Test Accuracy: 0.1803
Std Test AUC: 0.0535

--- Round 208/500 ---
Averaged Train Loss: 1.4558
Averaged Test Accuracy: 0.4689
Averaged Test AUC: 0.8509
Std Test Accuracy: 0.1375
Std Test AUC: 0.0502

--- Round 209/500 ---
Averaged Train Loss: 1.4313
Averaged Test Accuracy: 0.4719
Averaged Test AUC: 0.8558
Std Test Accuracy: 0.1777
Std Test AUC: 0.0545

--- Round 210/500 ---
Averaged Train Loss: 1.4303
Averaged Test Accuracy: 0.4703
Averaged Test AUC: 0.8564
Std Test Accuracy: 0.1316
Std Test AUC: 0.0365

--- Round 211/500 ---
Averaged Train Loss: 1.4885
Averaged Test Accuracy: 0.4415
Averaged Test AUC: 0.8533
Std Test Accuracy: 0.2060
Std Test AUC: 0.0549

--- Round 212/500 ---
Averaged Train Loss: 1.4873
Averaged Test Accuracy: 0.4567
Averaged Test AUC: 0.8448
Std Test Accuracy: 0.1808
Std Test AUC: 0.0718

--- Round 213/500 ---
Averaged Train Loss: 1.4411
Averaged Test Accuracy: 0.4684
Averaged Test AUC: 0.8575
Std Test Accuracy: 0.1925
Std Test AUC: 0.0528

--- Round 214/500 ---
Averaged Train Loss: 1.5213
Averaged Test Accuracy: 0.4419
Averaged Test AUC: 0.8450
Std Test Accuracy: 0.2062
Std Test AUC: 0.0703

--- Round 215/500 ---
Averaged Train Loss: 1.4674
Averaged Test Accuracy: 0.4642
Averaged Test AUC: 0.8505
Std Test Accuracy: 0.1831
Std Test AUC: 0.0591

--- Round 216/500 ---
Averaged Train Loss: 1.5181
Averaged Test Accuracy: 0.4411
Averaged Test AUC: 0.8425
Std Test Accuracy: 0.1859
Std Test AUC: 0.0710

--- Round 217/500 ---
Averaged Train Loss: 1.4142
Averaged Test Accuracy: 0.4810
Averaged Test AUC: 0.8598
Std Test Accuracy: 0.1644
Std Test AUC: 0.0489

--- Round 218/500 ---
Averaged Train Loss: 1.5211
Averaged Test Accuracy: 0.4423
Averaged Test AUC: 0.8504
Std Test Accuracy: 0.2143
Std Test AUC: 0.0654

--- Round 219/500 ---
Averaged Train Loss: 1.5484
Averaged Test Accuracy: 0.4407
Averaged Test AUC: 0.8398
Std Test Accuracy: 0.2117
Std Test AUC: 0.0794

--- Round 220/500 ---
Averaged Train Loss: 1.5103
Averaged Test Accuracy: 0.4394
Averaged Test AUC: 0.8447
Std Test Accuracy: 0.1637
Std Test AUC: 0.0549

--- Round 221/500 ---
Averaged Train Loss: 1.5705
Averaged Test Accuracy: 0.4170
Averaged Test AUC: 0.8417
Std Test Accuracy: 0.2081
Std Test AUC: 0.0713

--- Round 222/500 ---
Averaged Train Loss: 1.4262
Averaged Test Accuracy: 0.4742
Averaged Test AUC: 0.8602
Std Test Accuracy: 0.1931
Std Test AUC: 0.0526

--- Round 223/500 ---
Averaged Train Loss: 1.5919
Averaged Test Accuracy: 0.4228
Averaged Test AUC: 0.8395
Std Test Accuracy: 0.2336
Std Test AUC: 0.0817

--- Round 224/500 ---
Averaged Train Loss: 1.5021
Averaged Test Accuracy: 0.4343
Averaged Test AUC: 0.8476
Std Test Accuracy: 0.1548
Std Test AUC: 0.0440

--- Round 225/500 ---
Averaged Train Loss: 1.4104
Averaged Test Accuracy: 0.4768
Averaged Test AUC: 0.8617
Std Test Accuracy: 0.1424
Std Test AUC: 0.0357

--- Round 226/500 ---
Averaged Train Loss: 1.5067
Averaged Test Accuracy: 0.4395
Averaged Test AUC: 0.8488
Std Test Accuracy: 0.2047
Std Test AUC: 0.0684

--- Round 227/500 ---
Averaged Train Loss: 1.4795
Averaged Test Accuracy: 0.4578
Averaged Test AUC: 0.8555
Std Test Accuracy: 0.2100
Std Test AUC: 0.0573

--- Round 228/500 ---
Averaged Train Loss: 1.4490
Averaged Test Accuracy: 0.4671
Averaged Test AUC: 0.8517
Std Test Accuracy: 0.1490
Std Test AUC: 0.0477

--- Round 229/500 ---
Averaged Train Loss: 1.4243
Averaged Test Accuracy: 0.4761
Averaged Test AUC: 0.8576
Std Test Accuracy: 0.1592
Std Test AUC: 0.0510

--- Round 230/500 ---
Averaged Train Loss: 1.5177
Averaged Test Accuracy: 0.4357
Averaged Test AUC: 0.8536
Std Test Accuracy: 0.2171
Std Test AUC: 0.0588

--- Round 231/500 ---
Averaged Train Loss: 1.4626
Averaged Test Accuracy: 0.4661
Averaged Test AUC: 0.8528
Std Test Accuracy: 0.1943
Std Test AUC: 0.0586

--- Round 232/500 ---
Averaged Train Loss: 1.4676
Averaged Test Accuracy: 0.4575
Averaged Test AUC: 0.8472
Std Test Accuracy: 0.1696
Std Test AUC: 0.0623

--- Round 233/500 ---
Averaged Train Loss: 1.4044
Averaged Test Accuracy: 0.4828
Averaged Test AUC: 0.8588
Std Test Accuracy: 0.1755
Std Test AUC: 0.0572

--- Round 234/500 ---
Averaged Train Loss: 1.4045
Averaged Test Accuracy: 0.4828
Averaged Test AUC: 0.8606
Std Test Accuracy: 0.1580
Std Test AUC: 0.0480

--- Round 235/500 ---
Averaged Train Loss: 1.4774
Averaged Test Accuracy: 0.4503
Averaged Test AUC: 0.8562
Std Test Accuracy: 0.2106
Std Test AUC: 0.0540

--- Round 236/500 ---
Averaged Train Loss: 1.5231
Averaged Test Accuracy: 0.4442
Averaged Test AUC: 0.8423
Std Test Accuracy: 0.1516
Std Test AUC: 0.0648

--- Round 237/500 ---
Averaged Train Loss: 1.3719
Averaged Test Accuracy: 0.4923
Averaged Test AUC: 0.8635
Std Test Accuracy: 0.1342
Std Test AUC: 0.0348

--- Round 238/500 ---
Averaged Train Loss: 1.5084
Averaged Test Accuracy: 0.4512
Averaged Test AUC: 0.8510
Std Test Accuracy: 0.2149
Std Test AUC: 0.0673

--- Round 239/500 ---
Averaged Train Loss: 1.4111
Averaged Test Accuracy: 0.4760
Averaged Test AUC: 0.8592
Std Test Accuracy: 0.1666
Std Test AUC: 0.0484

--- Round 240/500 ---
Averaged Train Loss: 1.5115
Averaged Test Accuracy: 0.4357
Averaged Test AUC: 0.8461
Std Test Accuracy: 0.1777
Std Test AUC: 0.0554

--- Round 241/500 ---
Averaged Train Loss: 1.4226
Averaged Test Accuracy: 0.4715
Averaged Test AUC: 0.8584
Std Test Accuracy: 0.1664
Std Test AUC: 0.0530

--- Round 242/500 ---
Averaged Train Loss: 1.4141
Averaged Test Accuracy: 0.4741
Averaged Test AUC: 0.8609
Std Test Accuracy: 0.1662
Std Test AUC: 0.0462

--- Round 243/500 ---
Averaged Train Loss: 1.5590
Averaged Test Accuracy: 0.4332
Averaged Test AUC: 0.8466
Std Test Accuracy: 0.2205
Std Test AUC: 0.0683

--- Round 244/500 ---
Averaged Train Loss: 1.4761
Averaged Test Accuracy: 0.4456
Averaged Test AUC: 0.8488
Std Test Accuracy: 0.1526
Std Test AUC: 0.0505

--- Round 245/500 ---
Averaged Train Loss: 1.4265
Averaged Test Accuracy: 0.4715
Averaged Test AUC: 0.8607
Std Test Accuracy: 0.1881
Std Test AUC: 0.0486

--- Round 246/500 ---
Averaged Train Loss: 1.4685
Averaged Test Accuracy: 0.4578
Averaged Test AUC: 0.8534
Std Test Accuracy: 0.1892
Std Test AUC: 0.0659

--- Round 247/500 ---
Averaged Train Loss: 1.4057
Averaged Test Accuracy: 0.4744
Averaged Test AUC: 0.8627
Std Test Accuracy: 0.1759
Std Test AUC: 0.0451

--- Round 248/500 ---
Averaged Train Loss: 1.4547
Averaged Test Accuracy: 0.4639
Averaged Test AUC: 0.8515
Std Test Accuracy: 0.1415
Std Test AUC: 0.0522

--- Round 249/500 ---
Averaged Train Loss: 1.4290
Averaged Test Accuracy: 0.4659
Averaged Test AUC: 0.8588
Std Test Accuracy: 0.1472
Std Test AUC: 0.0389

--- Round 250/500 ---
Averaged Train Loss: 1.5090
Averaged Test Accuracy: 0.4496
Averaged Test AUC: 0.8549
Std Test Accuracy: 0.2159
Std Test AUC: 0.0583

--- Round 251/500 ---
Averaged Train Loss: 1.4176
Averaged Test Accuracy: 0.4828
Averaged Test AUC: 0.8570
Std Test Accuracy: 0.1684
Std Test AUC: 0.0543

--- Round 252/500 ---
Averaged Train Loss: 1.4562
Averaged Test Accuracy: 0.4693
Averaged Test AUC: 0.8491
Std Test Accuracy: 0.1757
Std Test AUC: 0.0675

--- Round 253/500 ---
Averaged Train Loss: 1.4085
Averaged Test Accuracy: 0.4812
Averaged Test AUC: 0.8614
Std Test Accuracy: 0.1928
Std Test AUC: 0.0548

--- Round 254/500 ---
Averaged Train Loss: 1.4488
Averaged Test Accuracy: 0.4603
Averaged Test AUC: 0.8592
Std Test Accuracy: 0.1673
Std Test AUC: 0.0433

--- Round 255/500 ---
Averaged Train Loss: 1.4906
Averaged Test Accuracy: 0.4547
Averaged Test AUC: 0.8515
Std Test Accuracy: 0.2212
Std Test AUC: 0.0667

--- Round 256/500 ---
Averaged Train Loss: 1.4816
Averaged Test Accuracy: 0.4490
Averaged Test AUC: 0.8476
Std Test Accuracy: 0.1440
Std Test AUC: 0.0502

--- Round 257/500 ---
Averaged Train Loss: 1.3565
Averaged Test Accuracy: 0.4981
Averaged Test AUC: 0.8656
Std Test Accuracy: 0.1399
Std Test AUC: 0.0396

--- Round 258/500 ---
Averaged Train Loss: 1.5328
Averaged Test Accuracy: 0.4411
Averaged Test AUC: 0.8524
Std Test Accuracy: 0.2136
Std Test AUC: 0.0626

--- Round 259/500 ---
Averaged Train Loss: 1.4078
Averaged Test Accuracy: 0.4812
Averaged Test AUC: 0.8612
Std Test Accuracy: 0.1593
Std Test AUC: 0.0456

--- Round 260/500 ---
Averaged Train Loss: 1.4636
Averaged Test Accuracy: 0.4511
Averaged Test AUC: 0.8520
Std Test Accuracy: 0.1530
Std Test AUC: 0.0436

--- Round 261/500 ---
Averaged Train Loss: 1.4020
Averaged Test Accuracy: 0.4815
Averaged Test AUC: 0.8597
Std Test Accuracy: 0.1579
Std Test AUC: 0.0524

--- Round 262/500 ---
Averaged Train Loss: 1.4077
Averaged Test Accuracy: 0.4785
Averaged Test AUC: 0.8613
Std Test Accuracy: 0.1744
Std Test AUC: 0.0557

--- Round 263/500 ---
Averaged Train Loss: 1.5031
Averaged Test Accuracy: 0.4559
Averaged Test AUC: 0.8541
Std Test Accuracy: 0.2164
Std Test AUC: 0.0634

--- Round 264/500 ---
Averaged Train Loss: 1.4152
Averaged Test Accuracy: 0.4754
Averaged Test AUC: 0.8553
Std Test Accuracy: 0.1459
Std Test AUC: 0.0510

--- Round 265/500 ---
Averaged Train Loss: 1.3888
Averaged Test Accuracy: 0.4864
Averaged Test AUC: 0.8615
Std Test Accuracy: 0.1529
Std Test AUC: 0.0459

--- Round 266/500 ---
Averaged Train Loss: 1.4536
Averaged Test Accuracy: 0.4644
Averaged Test AUC: 0.8553
Std Test Accuracy: 0.1877
Std Test AUC: 0.0617

--- Round 267/500 ---
Averaged Train Loss: 1.4202
Averaged Test Accuracy: 0.4740
Averaged Test AUC: 0.8613
Std Test Accuracy: 0.1911
Std Test AUC: 0.0516

--- Round 268/500 ---
Averaged Train Loss: 1.4582
Averaged Test Accuracy: 0.4679
Averaged Test AUC: 0.8513
Std Test Accuracy: 0.1584
Std Test AUC: 0.0585

--- Round 269/500 ---
Averaged Train Loss: 1.3683
Averaged Test Accuracy: 0.4896
Averaged Test AUC: 0.8645
Std Test Accuracy: 0.1267
Std Test AUC: 0.0364

--- Round 270/500 ---
Averaged Train Loss: 1.3932
Averaged Test Accuracy: 0.4890
Averaged Test AUC: 0.8619
Std Test Accuracy: 0.1503
Std Test AUC: 0.0446

--- Round 271/500 ---
Averaged Train Loss: 1.4832
Averaged Test Accuracy: 0.4550
Averaged Test AUC: 0.8508
Std Test Accuracy: 0.2066
Std Test AUC: 0.0702

--- Round 272/500 ---
Averaged Train Loss: 1.4736
Averaged Test Accuracy: 0.4608
Averaged Test AUC: 0.8500
Std Test Accuracy: 0.1616
Std Test AUC: 0.0576

--- Round 273/500 ---
Averaged Train Loss: 1.3739
Averaged Test Accuracy: 0.4939
Averaged Test AUC: 0.8651
Std Test Accuracy: 0.1716
Std Test AUC: 0.0552

--- Round 274/500 ---
Averaged Train Loss: 1.3887
Averaged Test Accuracy: 0.4840
Averaged Test AUC: 0.8657
Std Test Accuracy: 0.1501
Std Test AUC: 0.0411

--- Round 275/500 ---
Averaged Train Loss: 1.5927
Averaged Test Accuracy: 0.4394
Averaged Test AUC: 0.8363
Std Test Accuracy: 0.2125
Std Test AUC: 0.0903

--- Round 276/500 ---
Averaged Train Loss: 1.4721
Averaged Test Accuracy: 0.4549
Averaged Test AUC: 0.8482
Std Test Accuracy: 0.1559
Std Test AUC: 0.0578

--- Round 277/500 ---
Averaged Train Loss: 1.3569
Averaged Test Accuracy: 0.4978
Averaged Test AUC: 0.8671
Std Test Accuracy: 0.1571
Std Test AUC: 0.0419

--- Round 278/500 ---
Averaged Train Loss: 1.5480
Averaged Test Accuracy: 0.4536
Averaged Test AUC: 0.8498
Std Test Accuracy: 0.2058
Std Test AUC: 0.0783

--- Round 279/500 ---
Averaged Train Loss: 1.4268
Averaged Test Accuracy: 0.4852
Averaged Test AUC: 0.8545
Std Test Accuracy: 0.1728
Std Test AUC: 0.0724

--- Round 280/500 ---
Averaged Train Loss: 1.4520
Averaged Test Accuracy: 0.4594
Averaged Test AUC: 0.8542
Std Test Accuracy: 0.1547
Std Test AUC: 0.0467

--- Round 281/500 ---
Averaged Train Loss: 1.4668
Averaged Test Accuracy: 0.4488
Averaged Test AUC: 0.8559
Std Test Accuracy: 0.1887
Std Test AUC: 0.0546

--- Round 282/500 ---
Averaged Train Loss: 1.3962
Averaged Test Accuracy: 0.4834
Averaged Test AUC: 0.8635
Std Test Accuracy: 0.1844
Std Test AUC: 0.0521

--- Round 283/500 ---
Averaged Train Loss: 1.4033
Averaged Test Accuracy: 0.4806
Averaged Test AUC: 0.8629
Std Test Accuracy: 0.1865
Std Test AUC: 0.0501

--- Round 284/500 ---
Averaged Train Loss: 1.3859
Averaged Test Accuracy: 0.4820
Averaged Test AUC: 0.8586
Std Test Accuracy: 0.1361
Std Test AUC: 0.0467

--- Round 285/500 ---
Averaged Train Loss: 1.4053
Averaged Test Accuracy: 0.4796
Averaged Test AUC: 0.8609
Std Test Accuracy: 0.1813
Std Test AUC: 0.0530

--- Round 286/500 ---
Averaged Train Loss: 1.5777
Averaged Test Accuracy: 0.4163
Averaged Test AUC: 0.8467
Std Test Accuracy: 0.2264
Std Test AUC: 0.0679

--- Round 287/500 ---
Averaged Train Loss: 1.3551
Averaged Test Accuracy: 0.4999
Averaged Test AUC: 0.8664
Std Test Accuracy: 0.1626
Std Test AUC: 0.0431

--- Round 288/500 ---
Averaged Train Loss: 1.4432
Averaged Test Accuracy: 0.4779
Averaged Test AUC: 0.8553
Std Test Accuracy: 0.1656
Std Test AUC: 0.0571

--- Round 289/500 ---
Averaged Train Loss: 1.3760
Averaged Test Accuracy: 0.4925
Averaged Test AUC: 0.8638
Std Test Accuracy: 0.1534
Std Test AUC: 0.0476

--- Round 290/500 ---
Averaged Train Loss: 1.4644
Averaged Test Accuracy: 0.4688
Averaged Test AUC: 0.8573
Std Test Accuracy: 0.2145
Std Test AUC: 0.0637

--- Round 291/500 ---
Averaged Train Loss: 1.4274
Averaged Test Accuracy: 0.4741
Averaged Test AUC: 0.8593
Std Test Accuracy: 0.1894
Std Test AUC: 0.0541

--- Round 292/500 ---
Averaged Train Loss: 1.4458
Averaged Test Accuracy: 0.4665
Averaged Test AUC: 0.8523
Std Test Accuracy: 0.1615
Std Test AUC: 0.0600

--- Round 293/500 ---
Averaged Train Loss: 1.3412
Averaged Test Accuracy: 0.5047
Averaged Test AUC: 0.8690
Std Test Accuracy: 0.1663
Std Test AUC: 0.0467

--- Round 294/500 ---
Averaged Train Loss: 1.3592
Averaged Test Accuracy: 0.5009
Averaged Test AUC: 0.8663
Std Test Accuracy: 0.1514
Std Test AUC: 0.0454

--- Round 295/500 ---
Averaged Train Loss: 1.5068
Averaged Test Accuracy: 0.4546
Averaged Test AUC: 0.8514
Std Test Accuracy: 0.2248
Std Test AUC: 0.0705

--- Round 296/500 ---
Averaged Train Loss: 1.5344
Averaged Test Accuracy: 0.4417
Averaged Test AUC: 0.8428
Std Test Accuracy: 0.1991
Std Test AUC: 0.0713

--- Round 297/500 ---
Averaged Train Loss: 1.3431
Averaged Test Accuracy: 0.5037
Averaged Test AUC: 0.8691
Std Test Accuracy: 0.1496
Std Test AUC: 0.0382

--- Round 298/500 ---
Averaged Train Loss: 1.3641
Averaged Test Accuracy: 0.4973
Averaged Test AUC: 0.8658
Std Test Accuracy: 0.1593
Std Test AUC: 0.0471

--- Round 299/500 ---
Averaged Train Loss: 1.3771
Averaged Test Accuracy: 0.4860
Averaged Test AUC: 0.8650
Std Test Accuracy: 0.1723
Std Test AUC: 0.0512

--- Round 300/500 ---
Averaged Train Loss: 1.4049
Averaged Test Accuracy: 0.4842
Averaged Test AUC: 0.8592
Std Test Accuracy: 0.1516
Std Test AUC: 0.0479

--- Round 301/500 ---
Averaged Train Loss: 1.3791
Averaged Test Accuracy: 0.4870
Averaged Test AUC: 0.8667
Std Test Accuracy: 0.1639
Std Test AUC: 0.0408

--- Round 302/500 ---
Averaged Train Loss: 1.3726
Averaged Test Accuracy: 0.4892
Averaged Test AUC: 0.8661
Std Test Accuracy: 0.1551
Std Test AUC: 0.0421

--- Round 303/500 ---
Averaged Train Loss: 1.4081
Averaged Test Accuracy: 0.4770
Averaged Test AUC: 0.8623
Std Test Accuracy: 0.1893
Std Test AUC: 0.0521

--- Round 304/500 ---
Averaged Train Loss: 1.3766
Averaged Test Accuracy: 0.4882
Averaged Test AUC: 0.8614
Std Test Accuracy: 0.1330
Std Test AUC: 0.0429

--- Round 305/500 ---
Averaged Train Loss: 1.3745
Averaged Test Accuracy: 0.4922
Averaged Test AUC: 0.8658
Std Test Accuracy: 0.1899
Std Test AUC: 0.0509

--- Round 306/500 ---
Averaged Train Loss: 1.4340
Averaged Test Accuracy: 0.4764
Averaged Test AUC: 0.8607
Std Test Accuracy: 0.1548
Std Test AUC: 0.0447

--- Round 307/500 ---
Averaged Train Loss: 1.3461
Averaged Test Accuracy: 0.4997
Averaged Test AUC: 0.8666
Std Test Accuracy: 0.1685
Std Test AUC: 0.0510

--- Round 308/500 ---
Averaged Train Loss: 1.3943
Averaged Test Accuracy: 0.4855
Averaged Test AUC: 0.8600
Std Test Accuracy: 0.1685
Std Test AUC: 0.0530

--- Round 309/500 ---
Averaged Train Loss: 1.3758
Averaged Test Accuracy: 0.4894
Averaged Test AUC: 0.8646
Std Test Accuracy: 0.1676
Std Test AUC: 0.0503

--- Round 310/500 ---
Averaged Train Loss: 1.4109
Averaged Test Accuracy: 0.4832
Averaged Test AUC: 0.8606
Std Test Accuracy: 0.1961
Std Test AUC: 0.0581

--- Round 311/500 ---
Averaged Train Loss: 1.3929
Averaged Test Accuracy: 0.4884
Averaged Test AUC: 0.8623
Std Test Accuracy: 0.1863
Std Test AUC: 0.0543

--- Round 312/500 ---
Averaged Train Loss: 1.4399
Averaged Test Accuracy: 0.4745
Averaged Test AUC: 0.8528
Std Test Accuracy: 0.1751
Std Test AUC: 0.0678

--- Round 313/500 ---
Averaged Train Loss: 1.3118
Averaged Test Accuracy: 0.5110
Averaged Test AUC: 0.8701
Std Test Accuracy: 0.1368
Std Test AUC: 0.0393

--- Round 314/500 ---
Averaged Train Loss: 1.4598
Averaged Test Accuracy: 0.4648
Averaged Test AUC: 0.8571
Std Test Accuracy: 0.2089
Std Test AUC: 0.0652

--- Round 315/500 ---
Averaged Train Loss: 1.4184
Averaged Test Accuracy: 0.4798
Averaged Test AUC: 0.8609
Std Test Accuracy: 0.2059
Std Test AUC: 0.0610

--- Round 316/500 ---
Averaged Train Loss: 1.4477
Averaged Test Accuracy: 0.4708
Averaged Test AUC: 0.8538
Std Test Accuracy: 0.1702
Std Test AUC: 0.0588

--- Round 317/500 ---
Averaged Train Loss: 1.4298
Averaged Test Accuracy: 0.4729
Averaged Test AUC: 0.8636
Std Test Accuracy: 0.2092
Std Test AUC: 0.0526

--- Round 318/500 ---
Averaged Train Loss: 1.4501
Averaged Test Accuracy: 0.4733
Averaged Test AUC: 0.8549
Std Test Accuracy: 0.2038
Std Test AUC: 0.0680

--- Round 319/500 ---
Averaged Train Loss: 1.4364
Averaged Test Accuracy: 0.4743
Averaged Test AUC: 0.8552
Std Test Accuracy: 0.1615
Std Test AUC: 0.0475

--- Round 320/500 ---
Averaged Train Loss: 1.4794
Averaged Test Accuracy: 0.4564
Averaged Test AUC: 0.8584
Std Test Accuracy: 0.2114
Std Test AUC: 0.0599

--- Round 321/500 ---
Averaged Train Loss: 1.4661
Averaged Test Accuracy: 0.4685
Averaged Test AUC: 0.8538
Std Test Accuracy: 0.2004
Std Test AUC: 0.0696

--- Round 322/500 ---
Averaged Train Loss: 1.4160
Averaged Test Accuracy: 0.4759
Averaged Test AUC: 0.8573
Std Test Accuracy: 0.1546
Std Test AUC: 0.0491

--- Round 323/500 ---
Averaged Train Loss: 1.4800
Averaged Test Accuracy: 0.4549
Averaged Test AUC: 0.8583
Std Test Accuracy: 0.2071
Std Test AUC: 0.0565

--- Round 324/500 ---
Averaged Train Loss: 1.4130
Averaged Test Accuracy: 0.4742
Averaged Test AUC: 0.8627
Std Test Accuracy: 0.1929
Std Test AUC: 0.0553

--- Round 325/500 ---
Averaged Train Loss: 1.4234
Averaged Test Accuracy: 0.4669
Averaged Test AUC: 0.8576
Std Test Accuracy: 0.1452
Std Test AUC: 0.0409

--- Round 326/500 ---
Averaged Train Loss: 1.4092
Averaged Test Accuracy: 0.4722
Averaged Test AUC: 0.8608
Std Test Accuracy: 0.1565
Std Test AUC: 0.0425

--- Round 327/500 ---
Averaged Train Loss: 1.3468
Averaged Test Accuracy: 0.4993
Averaged Test AUC: 0.8677
Std Test Accuracy: 0.1637
Std Test AUC: 0.0502

--- Round 328/500 ---
Averaged Train Loss: 1.4293
Averaged Test Accuracy: 0.4828
Averaged Test AUC: 0.8534
Std Test Accuracy: 0.1582
Std Test AUC: 0.0623

--- Round 329/500 ---
Averaged Train Loss: 1.3006
Averaged Test Accuracy: 0.5159
Averaged Test AUC: 0.8726
Std Test Accuracy: 0.1347
Std Test AUC: 0.0357

--- Round 330/500 ---
Averaged Train Loss: 1.2992
Averaged Test Accuracy: 0.5168
Averaged Test AUC: 0.8722
Std Test Accuracy: 0.1204
Std Test AUC: 0.0383

--- Round 331/500 ---
Averaged Train Loss: 1.3650
Averaged Test Accuracy: 0.4900
Averaged Test AUC: 0.8657
Std Test Accuracy: 0.1668
Std Test AUC: 0.0461

--- Round 332/500 ---
Averaged Train Loss: 1.4965
Averaged Test Accuracy: 0.4596
Averaged Test AUC: 0.8466
Std Test Accuracy: 0.1915
Std Test AUC: 0.0680

--- Round 333/500 ---
Averaged Train Loss: 1.2946
Averaged Test Accuracy: 0.5231
Averaged Test AUC: 0.8709
Std Test Accuracy: 0.1231
Std Test AUC: 0.0373

--- Round 334/500 ---
Averaged Train Loss: 1.3574
Averaged Test Accuracy: 0.4943
Averaged Test AUC: 0.8665
Std Test Accuracy: 0.1669
Std Test AUC: 0.0451

--- Round 335/500 ---
Averaged Train Loss: 1.2979
Averaged Test Accuracy: 0.5196
Averaged Test AUC: 0.8741
Std Test Accuracy: 0.1223
Std Test AUC: 0.0329

--- Round 336/500 ---
Averaged Train Loss: 1.3369
Averaged Test Accuracy: 0.5037
Averaged Test AUC: 0.8704
Std Test Accuracy: 0.1703
Std Test AUC: 0.0485

--- Round 337/500 ---
Averaged Train Loss: 1.2890
Averaged Test Accuracy: 0.5232
Averaged Test AUC: 0.8744
Std Test Accuracy: 0.1402
Std Test AUC: 0.0384

--- Round 338/500 ---
Averaged Train Loss: 1.3022
Averaged Test Accuracy: 0.5189
Averaged Test AUC: 0.8729
Std Test Accuracy: 0.1369
Std Test AUC: 0.0392

--- Round 339/500 ---
Averaged Train Loss: 1.3134
Averaged Test Accuracy: 0.5160
Averaged Test AUC: 0.8716
Std Test Accuracy: 0.1239
Std Test AUC: 0.0372

--- Round 340/500 ---
Averaged Train Loss: 1.2893
Averaged Test Accuracy: 0.5194
Averaged Test AUC: 0.8740
Std Test Accuracy: 0.1273
Std Test AUC: 0.0369

--- Round 341/500 ---
Averaged Train Loss: 1.2849
Averaged Test Accuracy: 0.5239
Averaged Test AUC: 0.8745
Std Test Accuracy: 0.1244
Std Test AUC: 0.0402

--- Round 342/500 ---
Averaged Train Loss: 1.2878
Averaged Test Accuracy: 0.5202
Averaged Test AUC: 0.8732
Std Test Accuracy: 0.1253
Std Test AUC: 0.0315

--- Round 343/500 ---
Averaged Train Loss: 1.2881
Averaged Test Accuracy: 0.5219
Averaged Test AUC: 0.8733
Std Test Accuracy: 0.1263
Std Test AUC: 0.0355

--- Round 344/500 ---
Averaged Train Loss: 1.3891
Averaged Test Accuracy: 0.4867
Averaged Test AUC: 0.8631
Std Test Accuracy: 0.1455
Std Test AUC: 0.0495

--- Round 345/500 ---
Averaged Train Loss: 1.3005
Averaged Test Accuracy: 0.5191
Averaged Test AUC: 0.8741
Std Test Accuracy: 0.1469
Std Test AUC: 0.0408

--- Round 346/500 ---
Averaged Train Loss: 1.3156
Averaged Test Accuracy: 0.5094
Averaged Test AUC: 0.8705
Std Test Accuracy: 0.1297
Std Test AUC: 0.0379

--- Round 347/500 ---
Averaged Train Loss: 1.2706
Averaged Test Accuracy: 0.5296
Averaged Test AUC: 0.8756
Std Test Accuracy: 0.1053
Std Test AUC: 0.0326

--- Round 348/500 ---
Averaged Train Loss: 1.2860
Averaged Test Accuracy: 0.5222
Averaged Test AUC: 0.8743
Std Test Accuracy: 0.1445
Std Test AUC: 0.0423

--- Round 349/500 ---
Averaged Train Loss: 1.2903
Averaged Test Accuracy: 0.5231
Averaged Test AUC: 0.8745
Std Test Accuracy: 0.1420
Std Test AUC: 0.0358

--- Round 350/500 ---
Averaged Train Loss: 1.3037
Averaged Test Accuracy: 0.5133
Averaged Test AUC: 0.8720
Std Test Accuracy: 0.1329
Std Test AUC: 0.0407

--- Round 351/500 ---
Averaged Train Loss: 1.2895
Averaged Test Accuracy: 0.5228
Averaged Test AUC: 0.8754
Std Test Accuracy: 0.1435
Std Test AUC: 0.0374

--- Round 352/500 ---
Averaged Train Loss: 1.3474
Averaged Test Accuracy: 0.4929
Averaged Test AUC: 0.8674
Std Test Accuracy: 0.1404
Std Test AUC: 0.0363

--- Round 353/500 ---
Averaged Train Loss: 1.3099
Averaged Test Accuracy: 0.5164
Averaged Test AUC: 0.8731
Std Test Accuracy: 0.1624
Std Test AUC: 0.0407

--- Round 354/500 ---
Averaged Train Loss: 1.2734
Averaged Test Accuracy: 0.5283
Averaged Test AUC: 0.8759
Std Test Accuracy: 0.1336
Std Test AUC: 0.0352

--- Round 355/500 ---
Averaged Train Loss: 1.3165
Averaged Test Accuracy: 0.5102
Averaged Test AUC: 0.8725
Std Test Accuracy: 0.1495
Std Test AUC: 0.0488

--- Round 356/500 ---
Averaged Train Loss: 1.2799
Averaged Test Accuracy: 0.5281
Averaged Test AUC: 0.8752
Std Test Accuracy: 0.1307
Std Test AUC: 0.0392

--- Round 357/500 ---
Averaged Train Loss: 1.2759
Averaged Test Accuracy: 0.5253
Averaged Test AUC: 0.8763
Std Test Accuracy: 0.1327
Std Test AUC: 0.0313

--- Round 358/500 ---
Averaged Train Loss: 1.4017
Averaged Test Accuracy: 0.4897
Averaged Test AUC: 0.8613
Std Test Accuracy: 0.1886
Std Test AUC: 0.0612

--- Round 359/500 ---
Averaged Train Loss: 1.3054
Averaged Test Accuracy: 0.5180
Averaged Test AUC: 0.8732
Std Test Accuracy: 0.1531
Std Test AUC: 0.0448

--- Round 360/500 ---
Averaged Train Loss: 1.3794
Averaged Test Accuracy: 0.4858
Averaged Test AUC: 0.8644
Std Test Accuracy: 0.1869
Std Test AUC: 0.0619

--- Round 361/500 ---
Averaged Train Loss: 1.3385
Averaged Test Accuracy: 0.5023
Averaged Test AUC: 0.8685
Std Test Accuracy: 0.1496
Std Test AUC: 0.0429

--- Round 362/500 ---
Averaged Train Loss: 1.2708
Averaged Test Accuracy: 0.5297
Averaged Test AUC: 0.8761
Std Test Accuracy: 0.1303
Std Test AUC: 0.0386

--- Round 363/500 ---
Averaged Train Loss: 1.3271
Averaged Test Accuracy: 0.5069
Averaged Test AUC: 0.8701
Std Test Accuracy: 0.1809
Std Test AUC: 0.0540

--- Round 364/500 ---
Averaged Train Loss: 1.2841
Averaged Test Accuracy: 0.5244
Averaged Test AUC: 0.8747
Std Test Accuracy: 0.1627
Std Test AUC: 0.0425

--- Round 365/500 ---
Averaged Train Loss: 1.3006
Averaged Test Accuracy: 0.5124
Averaged Test AUC: 0.8730
Std Test Accuracy: 0.1541
Std Test AUC: 0.0394

--- Round 366/500 ---
Averaged Train Loss: 1.3440
Averaged Test Accuracy: 0.5057
Averaged Test AUC: 0.8685
Std Test Accuracy: 0.1894
Std Test AUC: 0.0567

--- Round 367/500 ---
Averaged Train Loss: 1.3018
Averaged Test Accuracy: 0.5192
Averaged Test AUC: 0.8727
Std Test Accuracy: 0.1489
Std Test AUC: 0.0480

--- Round 368/500 ---
Averaged Train Loss: 1.3152
Averaged Test Accuracy: 0.5127
Averaged Test AUC: 0.8702
Std Test Accuracy: 0.1424
Std Test AUC: 0.0409

--- Round 369/500 ---
Averaged Train Loss: 1.3086
Averaged Test Accuracy: 0.5119
Averaged Test AUC: 0.8727
Std Test Accuracy: 0.1515
Std Test AUC: 0.0427

--- Round 370/500 ---
Averaged Train Loss: 1.3573
Averaged Test Accuracy: 0.4927
Averaged Test AUC: 0.8685
Std Test Accuracy: 0.1870
Std Test AUC: 0.0531

--- Round 371/500 ---
Averaged Train Loss: 1.2598
Averaged Test Accuracy: 0.5350
Averaged Test AUC: 0.8773
Std Test Accuracy: 0.1112
Std Test AUC: 0.0354

--- Round 372/500 ---
Averaged Train Loss: 1.2975
Averaged Test Accuracy: 0.5135
Averaged Test AUC: 0.8727
Std Test Accuracy: 0.1281
Std Test AUC: 0.0317

--- Round 373/500 ---
Averaged Train Loss: 1.3566
Averaged Test Accuracy: 0.4942
Averaged Test AUC: 0.8683
Std Test Accuracy: 0.1513
Std Test AUC: 0.0383

--- Round 374/500 ---
Averaged Train Loss: 1.2740
Averaged Test Accuracy: 0.5277
Averaged Test AUC: 0.8751
Std Test Accuracy: 0.1007
Std Test AUC: 0.0315

--- Round 375/500 ---
Averaged Train Loss: 1.2988
Averaged Test Accuracy: 0.5201
Averaged Test AUC: 0.8732
Std Test Accuracy: 0.1512
Std Test AUC: 0.0415

--- Round 376/500 ---
Averaged Train Loss: 1.2959
Averaged Test Accuracy: 0.5182
Averaged Test AUC: 0.8744
Std Test Accuracy: 0.1544
Std Test AUC: 0.0421

--- Round 377/500 ---
Averaged Train Loss: 1.3004
Averaged Test Accuracy: 0.5194
Averaged Test AUC: 0.8720
Std Test Accuracy: 0.1519
Std Test AUC: 0.0427

--- Round 378/500 ---
Averaged Train Loss: 1.3035
Averaged Test Accuracy: 0.5164
Averaged Test AUC: 0.8715
Std Test Accuracy: 0.1737
Std Test AUC: 0.0497

--- Round 379/500 ---
Averaged Train Loss: 1.2675
Averaged Test Accuracy: 0.5305
Averaged Test AUC: 0.8766
Std Test Accuracy: 0.1234
Std Test AUC: 0.0364

--- Round 380/500 ---
Averaged Train Loss: 1.3130
Averaged Test Accuracy: 0.5123
Averaged Test AUC: 0.8716
Std Test Accuracy: 0.1397
Std Test AUC: 0.0353

--- Round 381/500 ---
Averaged Train Loss: 1.2915
Averaged Test Accuracy: 0.5189
Averaged Test AUC: 0.8753
Std Test Accuracy: 0.1658
Std Test AUC: 0.0385

--- Round 382/500 ---
Averaged Train Loss: 1.2788
Averaged Test Accuracy: 0.5237
Averaged Test AUC: 0.8754
Std Test Accuracy: 0.1099
Std Test AUC: 0.0339

--- Round 383/500 ---
Averaged Train Loss: 1.2916
Averaged Test Accuracy: 0.5166
Averaged Test AUC: 0.8722
Std Test Accuracy: 0.1305
Std Test AUC: 0.0397

--- Round 384/500 ---
Averaged Train Loss: 1.2938
Averaged Test Accuracy: 0.5219
Averaged Test AUC: 0.8741
Std Test Accuracy: 0.1629
Std Test AUC: 0.0477

--- Round 385/500 ---
Averaged Train Loss: 1.3220
Averaged Test Accuracy: 0.5122
Averaged Test AUC: 0.8713
Std Test Accuracy: 0.1584
Std Test AUC: 0.0475

--- Round 386/500 ---
Averaged Train Loss: 1.2777
Averaged Test Accuracy: 0.5270
Averaged Test AUC: 0.8757
Std Test Accuracy: 0.1466
Std Test AUC: 0.0387

--- Round 387/500 ---
Averaged Train Loss: 1.3274
Averaged Test Accuracy: 0.5170
Averaged Test AUC: 0.8666
Std Test Accuracy: 0.1662
Std Test AUC: 0.0549

--- Round 388/500 ---
Averaged Train Loss: 1.2850
Averaged Test Accuracy: 0.5212
Averaged Test AUC: 0.8747
Std Test Accuracy: 0.1503
Std Test AUC: 0.0405

--- Round 389/500 ---
Averaged Train Loss: 1.2717
Averaged Test Accuracy: 0.5293
Averaged Test AUC: 0.8763
Std Test Accuracy: 0.1413
Std Test AUC: 0.0401

--- Round 390/500 ---
Averaged Train Loss: 1.3405
Averaged Test Accuracy: 0.5074
Averaged Test AUC: 0.8699
Std Test Accuracy: 0.1592
Std Test AUC: 0.0426

--- Round 391/500 ---
Averaged Train Loss: 1.2559
Averaged Test Accuracy: 0.5353
Averaged Test AUC: 0.8778
Std Test Accuracy: 0.1198
Std Test AUC: 0.0285

--- Round 392/500 ---
Averaged Train Loss: 1.2605
Averaged Test Accuracy: 0.5320
Averaged Test AUC: 0.8779
Std Test Accuracy: 0.1040
Std Test AUC: 0.0306

--- Round 393/500 ---
Averaged Train Loss: 1.2840
Averaged Test Accuracy: 0.5195
Averaged Test AUC: 0.8735
Std Test Accuracy: 0.1582
Std Test AUC: 0.0459

--- Round 394/500 ---
Averaged Train Loss: 1.2604
Averaged Test Accuracy: 0.5327
Averaged Test AUC: 0.8775
Std Test Accuracy: 0.1207
Std Test AUC: 0.0349

--- Round 395/500 ---
Averaged Train Loss: 1.2674
Averaged Test Accuracy: 0.5277
Averaged Test AUC: 0.8761
Std Test Accuracy: 0.1004
Std Test AUC: 0.0310

--- Round 396/500 ---
Averaged Train Loss: 1.3160
Averaged Test Accuracy: 0.5110
Averaged Test AUC: 0.8717
Std Test Accuracy: 0.1765
Std Test AUC: 0.0511

--- Round 397/500 ---
Averaged Train Loss: 1.3104
Averaged Test Accuracy: 0.5176
Averaged Test AUC: 0.8716
Std Test Accuracy: 0.1575
Std Test AUC: 0.0454

--- Round 398/500 ---
Averaged Train Loss: 1.2817
Averaged Test Accuracy: 0.5269
Averaged Test AUC: 0.8749
Std Test Accuracy: 0.1486
Std Test AUC: 0.0396

--- Round 399/500 ---
Averaged Train Loss: 1.2793
Averaged Test Accuracy: 0.5272
Averaged Test AUC: 0.8749
Std Test Accuracy: 0.1390
Std Test AUC: 0.0349

--- Round 400/500 ---
Averaged Train Loss: 1.3097
Averaged Test Accuracy: 0.5168
Averaged Test AUC: 0.8722
Std Test Accuracy: 0.1095
Std Test AUC: 0.0333

--- Round 401/500 ---
Averaged Train Loss: 1.3083
Averaged Test Accuracy: 0.5108
Averaged Test AUC: 0.8711
Std Test Accuracy: 0.1141
Std Test AUC: 0.0326

--- Round 402/500 ---
Averaged Train Loss: 1.2711
Averaged Test Accuracy: 0.5286
Averaged Test AUC: 0.8766
Std Test Accuracy: 0.1328
Std Test AUC: 0.0389

--- Round 403/500 ---
Averaged Train Loss: 1.2739
Averaged Test Accuracy: 0.5302
Averaged Test AUC: 0.8763
Std Test Accuracy: 0.1448
Std Test AUC: 0.0408

--- Round 404/500 ---
Averaged Train Loss: 1.2666
Averaged Test Accuracy: 0.5273
Averaged Test AUC: 0.8761
Std Test Accuracy: 0.1442
Std Test AUC: 0.0381

--- Round 405/500 ---
Averaged Train Loss: 1.2937
Averaged Test Accuracy: 0.5140
Averaged Test AUC: 0.8736
Std Test Accuracy: 0.1673
Std Test AUC: 0.0464

--- Round 406/500 ---
Averaged Train Loss: 1.2812
Averaged Test Accuracy: 0.5239
Averaged Test AUC: 0.8752
Std Test Accuracy: 0.1179
Std Test AUC: 0.0354

--- Round 407/500 ---
Averaged Train Loss: 1.2790
Averaged Test Accuracy: 0.5205
Averaged Test AUC: 0.8753
Std Test Accuracy: 0.1592
Std Test AUC: 0.0408

--- Round 408/500 ---
Averaged Train Loss: 1.2634
Averaged Test Accuracy: 0.5327
Averaged Test AUC: 0.8769
Std Test Accuracy: 0.1129
Std Test AUC: 0.0326

--- Round 409/500 ---
Averaged Train Loss: 1.3096
Averaged Test Accuracy: 0.5192
Averaged Test AUC: 0.8732
Std Test Accuracy: 0.1446
Std Test AUC: 0.0426

--- Round 410/500 ---
Averaged Train Loss: 1.2654
Averaged Test Accuracy: 0.5316
Averaged Test AUC: 0.8762
Std Test Accuracy: 0.1318
Std Test AUC: 0.0355

--- Round 411/500 ---
Averaged Train Loss: 1.2772
Averaged Test Accuracy: 0.5273
Averaged Test AUC: 0.8724
Std Test Accuracy: 0.1300
Std Test AUC: 0.0434

--- Round 412/500 ---
Averaged Train Loss: 1.2523
Averaged Test Accuracy: 0.5358
Averaged Test AUC: 0.8777
Std Test Accuracy: 0.1286
Std Test AUC: 0.0387

--- Round 413/500 ---
Averaged Train Loss: 1.2803
Averaged Test Accuracy: 0.5269
Averaged Test AUC: 0.8759
Std Test Accuracy: 0.1610
Std Test AUC: 0.0472

--- Round 414/500 ---
Averaged Train Loss: 1.2814
Averaged Test Accuracy: 0.5253
Averaged Test AUC: 0.8745
Std Test Accuracy: 0.1526
Std Test AUC: 0.0406

--- Round 415/500 ---
Averaged Train Loss: 1.3414
Averaged Test Accuracy: 0.5054
Averaged Test AUC: 0.8688
Std Test Accuracy: 0.1883
Std Test AUC: 0.0574

--- Round 416/500 ---
Averaged Train Loss: 1.2433
Averaged Test Accuracy: 0.5347
Averaged Test AUC: 0.8784
Std Test Accuracy: 0.1259
Std Test AUC: 0.0336

--- Round 417/500 ---
Averaged Train Loss: 1.2492
Averaged Test Accuracy: 0.5336
Averaged Test AUC: 0.8776
Std Test Accuracy: 0.1416
Std Test AUC: 0.0390

--- Round 418/500 ---
Averaged Train Loss: 1.3014
Averaged Test Accuracy: 0.5146
Averaged Test AUC: 0.8740
Std Test Accuracy: 0.1411
Std Test AUC: 0.0327

--- Round 419/500 ---
Averaged Train Loss: 1.2484
Averaged Test Accuracy: 0.5379
Averaged Test AUC: 0.8788
Std Test Accuracy: 0.1244
Std Test AUC: 0.0306

--- Round 420/500 ---
Averaged Train Loss: 1.2981
Averaged Test Accuracy: 0.5186
Averaged Test AUC: 0.8737
Std Test Accuracy: 0.1234
Std Test AUC: 0.0352

--- Round 421/500 ---
Averaged Train Loss: 1.2632
Averaged Test Accuracy: 0.5283
Averaged Test AUC: 0.8764
Std Test Accuracy: 0.1170
Std Test AUC: 0.0379

--- Round 422/500 ---
Averaged Train Loss: 1.2394
Averaged Test Accuracy: 0.5399
Averaged Test AUC: 0.8788
Std Test Accuracy: 0.1154
Std Test AUC: 0.0352

--- Round 423/500 ---
Averaged Train Loss: 1.2433
Averaged Test Accuracy: 0.5392
Averaged Test AUC: 0.8791
Std Test Accuracy: 0.1053
Std Test AUC: 0.0265

--- Round 424/500 ---
Averaged Train Loss: 1.2873
Averaged Test Accuracy: 0.5268
Averaged Test AUC: 0.8752
Std Test Accuracy: 0.1493
Std Test AUC: 0.0478

--- Round 425/500 ---
Averaged Train Loss: 1.3076
Averaged Test Accuracy: 0.5139
Averaged Test AUC: 0.8736
Std Test Accuracy: 0.1733
Std Test AUC: 0.0522

--- Round 426/500 ---
Averaged Train Loss: 1.2485
Averaged Test Accuracy: 0.5337
Averaged Test AUC: 0.8782
Std Test Accuracy: 0.1098
Std Test AUC: 0.0294

--- Round 427/500 ---
Averaged Train Loss: 1.2888
Averaged Test Accuracy: 0.5228
Averaged Test AUC: 0.8749
Std Test Accuracy: 0.1414
Std Test AUC: 0.0378

--- Round 428/500 ---
Averaged Train Loss: 1.2893
Averaged Test Accuracy: 0.5228
Averaged Test AUC: 0.8757
Std Test Accuracy: 0.1509
Std Test AUC: 0.0375

--- Round 429/500 ---
Averaged Train Loss: 1.2655
Averaged Test Accuracy: 0.5329
Averaged Test AUC: 0.8768
Std Test Accuracy: 0.1571
Std Test AUC: 0.0446

--- Round 430/500 ---
Averaged Train Loss: 1.3301
Averaged Test Accuracy: 0.5108
Averaged Test AUC: 0.8696
Std Test Accuracy: 0.1566
Std Test AUC: 0.0452

--- Round 431/500 ---
Averaged Train Loss: 1.2699
Averaged Test Accuracy: 0.5266
Averaged Test AUC: 0.8765
Std Test Accuracy: 0.1336
Std Test AUC: 0.0338

--- Round 432/500 ---
Averaged Train Loss: 1.2800
Averaged Test Accuracy: 0.5228
Averaged Test AUC: 0.8747
Std Test Accuracy: 0.1528
Std Test AUC: 0.0391

--- Round 433/500 ---
Averaged Train Loss: 1.2633
Averaged Test Accuracy: 0.5329
Averaged Test AUC: 0.8783
Std Test Accuracy: 0.1334
Std Test AUC: 0.0387

--- Round 434/500 ---
Averaged Train Loss: 1.2554
Averaged Test Accuracy: 0.5348
Averaged Test AUC: 0.8785
Std Test Accuracy: 0.1404
Std Test AUC: 0.0357

--- Round 435/500 ---
Averaged Train Loss: 1.2564
Averaged Test Accuracy: 0.5331
Averaged Test AUC: 0.8781
Std Test Accuracy: 0.1375
Std Test AUC: 0.0393

--- Round 436/500 ---
Averaged Train Loss: 1.3667
Averaged Test Accuracy: 0.4974
Averaged Test AUC: 0.8643
Std Test Accuracy: 0.1583
Std Test AUC: 0.0598

--- Round 437/500 ---
Averaged Train Loss: 1.2811
Averaged Test Accuracy: 0.5297
Averaged Test AUC: 0.8756
Std Test Accuracy: 0.1735
Std Test AUC: 0.0446

--- Round 438/500 ---
Averaged Train Loss: 1.2415
Averaged Test Accuracy: 0.5373
Averaged Test AUC: 0.8786
Std Test Accuracy: 0.1150
Std Test AUC: 0.0303

--- Round 439/500 ---
Averaged Train Loss: 1.2534
Averaged Test Accuracy: 0.5348
Averaged Test AUC: 0.8771
Std Test Accuracy: 0.1202
Std Test AUC: 0.0316

--- Round 440/500 ---
Averaged Train Loss: 1.2753
Averaged Test Accuracy: 0.5258
Averaged Test AUC: 0.8771
Std Test Accuracy: 0.1312
Std Test AUC: 0.0363

--- Round 441/500 ---
Averaged Train Loss: 1.2888
Averaged Test Accuracy: 0.5196
Averaged Test AUC: 0.8760
Std Test Accuracy: 0.1696
Std Test AUC: 0.0447

--- Round 442/500 ---
Averaged Train Loss: 1.2478
Averaged Test Accuracy: 0.5316
Averaged Test AUC: 0.8788
Std Test Accuracy: 0.1315
Std Test AUC: 0.0329

--- Round 443/500 ---
Averaged Train Loss: 1.2711
Averaged Test Accuracy: 0.5249
Averaged Test AUC: 0.8762
Std Test Accuracy: 0.1669
Std Test AUC: 0.0456

--- Round 444/500 ---
Averaged Train Loss: 1.2470
Averaged Test Accuracy: 0.5364
Averaged Test AUC: 0.8792
Std Test Accuracy: 0.1256
Std Test AUC: 0.0299

--- Round 445/500 ---
Averaged Train Loss: 1.2437
Averaged Test Accuracy: 0.5357
Averaged Test AUC: 0.8782
Std Test Accuracy: 0.1030
Std Test AUC: 0.0271

--- Round 446/500 ---
Averaged Train Loss: 1.2798
Averaged Test Accuracy: 0.5265
Averaged Test AUC: 0.8755
Std Test Accuracy: 0.1265
Std Test AUC: 0.0396

--- Round 447/500 ---
Averaged Train Loss: 1.3214
Averaged Test Accuracy: 0.5107
Averaged Test AUC: 0.8697
Std Test Accuracy: 0.1805
Std Test AUC: 0.0506

--- Round 448/500 ---
Averaged Train Loss: 1.2743
Averaged Test Accuracy: 0.5251
Averaged Test AUC: 0.8765
Std Test Accuracy: 0.1349
Std Test AUC: 0.0348

--- Round 449/500 ---
Averaged Train Loss: 1.2957
Averaged Test Accuracy: 0.5089
Averaged Test AUC: 0.8743
Std Test Accuracy: 0.1495
Std Test AUC: 0.0371

--- Round 450/500 ---
Averaged Train Loss: 1.2861
Averaged Test Accuracy: 0.5175
Averaged Test AUC: 0.8756
Std Test Accuracy: 0.1677
Std Test AUC: 0.0462

--- Round 451/500 ---
Averaged Train Loss: 1.2904
Averaged Test Accuracy: 0.5253
Averaged Test AUC: 0.8741
Std Test Accuracy: 0.1459
Std Test AUC: 0.0401

--- Round 452/500 ---
Averaged Train Loss: 1.2550
Averaged Test Accuracy: 0.5355
Averaged Test AUC: 0.8785
Std Test Accuracy: 0.1427
Std Test AUC: 0.0393

--- Round 453/500 ---
Averaged Train Loss: 1.2923
Averaged Test Accuracy: 0.5191
Averaged Test AUC: 0.8755
Std Test Accuracy: 0.1804
Std Test AUC: 0.0428

--- Round 454/500 ---
Averaged Train Loss: 1.2990
Averaged Test Accuracy: 0.5176
Averaged Test AUC: 0.8738
Std Test Accuracy: 0.1631
Std Test AUC: 0.0408

--- Round 455/500 ---
Averaged Train Loss: 1.2430
Averaged Test Accuracy: 0.5345
Averaged Test AUC: 0.8794
Std Test Accuracy: 0.1363
Std Test AUC: 0.0344

--- Round 456/500 ---
Averaged Train Loss: 1.2782
Averaged Test Accuracy: 0.5224
Averaged Test AUC: 0.8747
Std Test Accuracy: 0.1577
Std Test AUC: 0.0437

--- Round 457/500 ---
Averaged Train Loss: 1.3861
Averaged Test Accuracy: 0.4981
Averaged Test AUC: 0.8652
Std Test Accuracy: 0.2034
Std Test AUC: 0.0574

--- Round 458/500 ---
Averaged Train Loss: 1.2629
Averaged Test Accuracy: 0.5265
Averaged Test AUC: 0.8774
Std Test Accuracy: 0.1560
Std Test AUC: 0.0381

--- Round 459/500 ---
Averaged Train Loss: 1.2372
Averaged Test Accuracy: 0.5424
Averaged Test AUC: 0.8786
Std Test Accuracy: 0.1249
Std Test AUC: 0.0362

--- Round 460/500 ---
Averaged Train Loss: 1.3781
Averaged Test Accuracy: 0.4959
Averaged Test AUC: 0.8659
Std Test Accuracy: 0.1903
Std Test AUC: 0.0531

--- Round 461/500 ---
Averaged Train Loss: 1.2689
Averaged Test Accuracy: 0.5289
Averaged Test AUC: 0.8758
Std Test Accuracy: 0.1461
Std Test AUC: 0.0426

--- Round 462/500 ---
Averaged Train Loss: 1.2433
Averaged Test Accuracy: 0.5379
Averaged Test AUC: 0.8790
Std Test Accuracy: 0.1120
Std Test AUC: 0.0292

--- Round 463/500 ---
Averaged Train Loss: 1.3463
Averaged Test Accuracy: 0.5004
Averaged Test AUC: 0.8725
Std Test Accuracy: 0.1476
Std Test AUC: 0.0379

--- Round 464/500 ---
Averaged Train Loss: 1.2907
Averaged Test Accuracy: 0.5150
Averaged Test AUC: 0.8751
Std Test Accuracy: 0.1514
Std Test AUC: 0.0386

--- Round 465/500 ---
Averaged Train Loss: 1.2414
Averaged Test Accuracy: 0.5403
Averaged Test AUC: 0.8794
Std Test Accuracy: 0.1194
Std Test AUC: 0.0354

--- Round 466/500 ---
Averaged Train Loss: 1.2492
Averaged Test Accuracy: 0.5369
Averaged Test AUC: 0.8789
Std Test Accuracy: 0.1544
Std Test AUC: 0.0410

--- Round 467/500 ---
Averaged Train Loss: 1.2658
Averaged Test Accuracy: 0.5259
Averaged Test AUC: 0.8752
Std Test Accuracy: 0.1411
Std Test AUC: 0.0409

--- Round 468/500 ---
Averaged Train Loss: 1.2723
Averaged Test Accuracy: 0.5341
Averaged Test AUC: 0.8766
Std Test Accuracy: 0.1591
Std Test AUC: 0.0427

--- Round 469/500 ---
Averaged Train Loss: 1.2625
Averaged Test Accuracy: 0.5351
Averaged Test AUC: 0.8768
Std Test Accuracy: 0.1042
Std Test AUC: 0.0328

--- Round 470/500 ---
Averaged Train Loss: 1.2519
Averaged Test Accuracy: 0.5350
Averaged Test AUC: 0.8778
Std Test Accuracy: 0.1538
Std Test AUC: 0.0414

--- Round 471/500 ---
Averaged Train Loss: 1.2310
Averaged Test Accuracy: 0.5414
Averaged Test AUC: 0.8801
Std Test Accuracy: 0.1169
Std Test AUC: 0.0313

--- Round 472/500 ---
Averaged Train Loss: 1.2871
Averaged Test Accuracy: 0.5239
Averaged Test AUC: 0.8747
Std Test Accuracy: 0.1525
Std Test AUC: 0.0431

--- Round 473/500 ---
Averaged Train Loss: 1.2404
Averaged Test Accuracy: 0.5368
Averaged Test AUC: 0.8782
Std Test Accuracy: 0.1359
Std Test AUC: 0.0344

--- Round 474/500 ---
Averaged Train Loss: 1.2446
Averaged Test Accuracy: 0.5337
Averaged Test AUC: 0.8787
Std Test Accuracy: 0.1536
Std Test AUC: 0.0393

--- Round 475/500 ---
Averaged Train Loss: 1.2315
Averaged Test Accuracy: 0.5384
Averaged Test AUC: 0.8792
Std Test Accuracy: 0.1009
Std Test AUC: 0.0259

--- Round 476/500 ---
Averaged Train Loss: 1.2589
Averaged Test Accuracy: 0.5323
Averaged Test AUC: 0.8768
Std Test Accuracy: 0.1524
Std Test AUC: 0.0391

--- Round 477/500 ---
Averaged Train Loss: 1.2594
Averaged Test Accuracy: 0.5304
Averaged Test AUC: 0.8784
Std Test Accuracy: 0.1561
Std Test AUC: 0.0349

--- Round 478/500 ---
Averaged Train Loss: 1.2877
Averaged Test Accuracy: 0.5173
Averaged Test AUC: 0.8739
Std Test Accuracy: 0.1505
Std Test AUC: 0.0408

--- Round 479/500 ---
Averaged Train Loss: 1.2365
Averaged Test Accuracy: 0.5434
Averaged Test AUC: 0.8800
Std Test Accuracy: 0.1247
Std Test AUC: 0.0334

--- Round 480/500 ---
Averaged Train Loss: 1.2456
Averaged Test Accuracy: 0.5336
Averaged Test AUC: 0.8788
Std Test Accuracy: 0.1544
Std Test AUC: 0.0365

--- Round 481/500 ---
Averaged Train Loss: 1.2571
Averaged Test Accuracy: 0.5345
Averaged Test AUC: 0.8785
Std Test Accuracy: 0.1481
Std Test AUC: 0.0386

--- Round 482/500 ---
Averaged Train Loss: 1.2707
Averaged Test Accuracy: 0.5251
Averaged Test AUC: 0.8757
Std Test Accuracy: 0.1084
Std Test AUC: 0.0282

--- Round 483/500 ---
Averaged Train Loss: 1.2823
Averaged Test Accuracy: 0.5269
Averaged Test AUC: 0.8766
Std Test Accuracy: 0.1706
Std Test AUC: 0.0479

--- Round 484/500 ---
Averaged Train Loss: 1.2394
Averaged Test Accuracy: 0.5395
Averaged Test AUC: 0.8796
Std Test Accuracy: 0.1067
Std Test AUC: 0.0324

--- Round 485/500 ---
Averaged Train Loss: 1.4097
Averaged Test Accuracy: 0.4786
Averaged Test AUC: 0.8648
Std Test Accuracy: 0.2135
Std Test AUC: 0.0591

--- Round 486/500 ---
Averaged Train Loss: 1.2793
Averaged Test Accuracy: 0.5224
Averaged Test AUC: 0.8772
Std Test Accuracy: 0.1725
Std Test AUC: 0.0407

--- Round 487/500 ---
Averaged Train Loss: 1.2480
Averaged Test Accuracy: 0.5341
Averaged Test AUC: 0.8798
Std Test Accuracy: 0.1395
Std Test AUC: 0.0325

--- Round 488/500 ---
Averaged Train Loss: 1.2659
Averaged Test Accuracy: 0.5283
Averaged Test AUC: 0.8783
Std Test Accuracy: 0.1419
Std Test AUC: 0.0362

--- Round 489/500 ---
Averaged Train Loss: 1.2559
Averaged Test Accuracy: 0.5278
Averaged Test AUC: 0.8789
Std Test Accuracy: 0.1374
Std Test AUC: 0.0358

--- Round 490/500 ---
Averaged Train Loss: 1.3208
Averaged Test Accuracy: 0.5136
Averaged Test AUC: 0.8732
Std Test Accuracy: 0.1721
Std Test AUC: 0.0433

--- Round 491/500 ---
Averaged Train Loss: 1.3381
Averaged Test Accuracy: 0.5009
Averaged Test AUC: 0.8709
Std Test Accuracy: 0.1583
Std Test AUC: 0.0457

--- Round 492/500 ---
Averaged Train Loss: 1.2552
Averaged Test Accuracy: 0.5322
Averaged Test AUC: 0.8777
Std Test Accuracy: 0.1126
Std Test AUC: 0.0296

--- Round 493/500 ---
Averaged Train Loss: 1.2699
Averaged Test Accuracy: 0.5265
Averaged Test AUC: 0.8773
Std Test Accuracy: 0.1657
Std Test AUC: 0.0417

--- Round 494/500 ---
Averaged Train Loss: 1.2443
Averaged Test Accuracy: 0.5400
Averaged Test AUC: 0.8794
Std Test Accuracy: 0.1330
Std Test AUC: 0.0350

--- Round 495/500 ---
Averaged Train Loss: 1.2627
Averaged Test Accuracy: 0.5276
Averaged Test AUC: 0.8759
Std Test Accuracy: 0.1155
Std Test AUC: 0.0310

--- Round 496/500 ---
Averaged Train Loss: 1.2972
Averaged Test Accuracy: 0.5209
Averaged Test AUC: 0.8733
Std Test Accuracy: 0.1657
Std Test AUC: 0.0503

--- Round 497/500 ---
Averaged Train Loss: 1.2794
Averaged Test Accuracy: 0.5233
Averaged Test AUC: 0.8749
Std Test Accuracy: 0.1551
Std Test AUC: 0.0476

--- Round 498/500 ---
Averaged Train Loss: 1.2511
Averaged Test Accuracy: 0.5310
Averaged Test AUC: 0.8781
Std Test Accuracy: 0.1347
Std Test AUC: 0.0341

--- Round 499/500 ---
Averaged Train Loss: 1.3012
Averaged Test Accuracy: 0.5053
Averaged Test AUC: 0.8719
Std Test Accuracy: 0.1274
Std Test AUC: 0.0353

--- Round 500/500 ---
Averaged Train Loss: 1.2257
Averaged Test Accuracy: 0.5448
Averaged Test AUC: 0.8804
Std Test Accuracy: 0.1412
Std Test AUC: 0.0368

========== Training Complete ==========
Best Test Accuracy: 0.5447711548696115
File path: ../results/Cifar10_FedEntPlusSmooth_smooth_trial01_0080_0.h5

Average time cost: 1769.77s.
Length:  501
std for best accuracy: 0.0
mean for best accuracy: 0.5447711548696115
All done!

Storage on cuda:0
-------------------------------------------------------------------------------
Total Tensors: 202063740 	Used Memory: 556.52M
The allocated memory on cuda:0: 574.65M
Memory differs due to the matrix alignment or invisible gradient buffer tensors
-------------------------------------------------------------------------------
