==================================================
goal = smooth_trial01_0086
device = cuda
device_id = 0
dataset = Cifar10
num_classes = 10
model = CNN
batch_size = 64
local_learning_rate = 0.01
learning_rate_decay = True
learning_rate_decay_gamma = 0.98
global_rounds = 500
top_cnt = 100
local_epochs = 5
algorithm = FedEntPlusSmooth
join_ratio = 0.1
random_join_ratio = False
num_clients = 100
prev = 0
times = 1
eval_gap = 1
save_folder_name = items
auto_break = False
dlg_eval = False
dlg_gap = 100
batch_num_per_client = 2
num_new_clients = 0
fine_tuning_epoch_new = 0
feature_dim = 512
vocab_size = 32000
max_len = 200
client_drop_rate = 0.0
train_slow_rate = 0.0
send_slow_rate = 0.0
time_select = False
time_threthold = 10000
beta = 0.0
lamda = 1.0
mu = 0.0
K = 5
p_learning_rate = 0.01
M = 5
itk = 4000
alphaK = 1.0
sigma = 1.0
alpha = 1.0
plocal_epochs = 1
tau = 1.0
fine_tuning_epochs = 10
dr_learning_rate = 0.0
L = 1.0
noise_dim = 512
generator_learning_rate = 0.005
hidden_dim = 512
server_epochs = 1000
localize_feature_extractor = False
server_learning_rate = 1.0
eta = 1.0
rand_percent = 80
layer_idx = 2
mentee_learning_rate = 0.005
T_start = 0.95
T_end = 0.98
momentum = 0.9
kl_weight = 0.0
buffer_size = 0
dp_epsilon = 0.0
H_min = None
alpha_vp = 0.0
enable_dynamic_param = False
log_fedent = False
log_filename = None
dynamic_config_path = /home/john/PFLlib/system/auto_configs/smooth_trial01_0086.json
==================================================

============= Running time: 0th =============
Creating server and clients ...
FedAvgCNN(
  (conv1): Sequential(
    (0): Conv2d(3, 32, kernel_size=(5, 5), stride=(1, 1))
    (1): ReLU(inplace=True)
    (2): MaxPool2d(kernel_size=(2, 2), stride=(2, 2), padding=0, dilation=1, ceil_mode=False)
  )
  (conv2): Sequential(
    (0): Conv2d(32, 64, kernel_size=(5, 5), stride=(1, 1))
    (1): ReLU(inplace=True)
    (2): MaxPool2d(kernel_size=(2, 2), stride=(2, 2), padding=0, dilation=1, ceil_mode=False)
  )
  (fc1): Sequential(
    (0): Linear(in_features=1600, out_features=512, bias=True)
    (1): ReLU(inplace=True)
  )
  (fc): Linear(in_features=512, out_features=10, bias=True)
)

Join ratio / total clients: 0.1 / 100
Finished creating server and clients.

--- Round 0/500 ---
Averaged Train Loss: 2.3038
Averaged Test Accuracy: 0.0928
Averaged Test AUC: 0.4894
Std Test Accuracy: 0.1434
Std Test AUC: 0.2233

--- Round 1/500 ---
Averaged Train Loss: 2.3032
Averaged Test Accuracy: 0.0989
Averaged Test AUC: 0.4952
Std Test Accuracy: 0.1348
Std Test AUC: 0.2345

--- Round 2/500 ---
Averaged Train Loss: 2.3070
Averaged Test Accuracy: 0.1187
Averaged Test AUC: 0.5047
Std Test Accuracy: 0.2274
Std Test AUC: 0.2395

--- Round 3/500 ---
Averaged Train Loss: 2.2924
Averaged Test Accuracy: 0.1133
Averaged Test AUC: 0.5225
Std Test Accuracy: 0.1785
Std Test AUC: 0.2573

--- Round 4/500 ---
Averaged Train Loss: 2.2959
Averaged Test Accuracy: 0.1748
Averaged Test AUC: 0.5450
Std Test Accuracy: 0.1860
Std Test AUC: 0.2640

--- Round 5/500 ---
Averaged Train Loss: 2.3128
Averaged Test Accuracy: 0.1034
Averaged Test AUC: 0.5405
Std Test Accuracy: 0.2218
Std Test AUC: 0.2392

--- Round 6/500 ---
Averaged Train Loss: 2.2414
Averaged Test Accuracy: 0.1664
Averaged Test AUC: 0.6040
Std Test Accuracy: 0.2197
Std Test AUC: 0.1990

--- Round 7/500 ---
Averaged Train Loss: 2.2497
Averaged Test Accuracy: 0.1865
Averaged Test AUC: 0.5965
Std Test Accuracy: 0.1939
Std Test AUC: 0.2051

--- Round 8/500 ---
Averaged Train Loss: 2.2723
Averaged Test Accuracy: 0.1489
Averaged Test AUC: 0.6074
Std Test Accuracy: 0.2226
Std Test AUC: 0.1994

--- Round 9/500 ---
Averaged Train Loss: 2.1558
Averaged Test Accuracy: 0.1855
Averaged Test AUC: 0.6668
Std Test Accuracy: 0.2117
Std Test AUC: 0.1445

--- Round 10/500 ---
Averaged Train Loss: 2.2116
Averaged Test Accuracy: 0.1686
Averaged Test AUC: 0.6408
Std Test Accuracy: 0.2214
Std Test AUC: 0.1739

--- Round 11/500 ---
Averaged Train Loss: 2.2320
Averaged Test Accuracy: 0.1724
Averaged Test AUC: 0.6385
Std Test Accuracy: 0.2037
Std Test AUC: 0.1752

--- Round 12/500 ---
Averaged Train Loss: 2.1014
Averaged Test Accuracy: 0.2301
Averaged Test AUC: 0.6898
Std Test Accuracy: 0.1591
Std Test AUC: 0.1289

--- Round 13/500 ---
Averaged Train Loss: 2.1045
Averaged Test Accuracy: 0.2058
Averaged Test AUC: 0.6862
Std Test Accuracy: 0.1839
Std Test AUC: 0.1395

--- Round 14/500 ---
Averaged Train Loss: 2.0678
Averaged Test Accuracy: 0.2274
Averaged Test AUC: 0.7081
Std Test Accuracy: 0.2149
Std Test AUC: 0.0999

--- Round 15/500 ---
Averaged Train Loss: 2.0965
Averaged Test Accuracy: 0.2060
Averaged Test AUC: 0.6903
Std Test Accuracy: 0.2054
Std Test AUC: 0.1095

--- Round 16/500 ---
Averaged Train Loss: 2.1080
Averaged Test Accuracy: 0.2097
Averaged Test AUC: 0.6998
Std Test Accuracy: 0.2579
Std Test AUC: 0.1325

--- Round 17/500 ---
Averaged Train Loss: 2.1134
Averaged Test Accuracy: 0.2187
Averaged Test AUC: 0.6943
Std Test Accuracy: 0.2542
Std Test AUC: 0.1555

--- Round 18/500 ---
Averaged Train Loss: 2.0959
Averaged Test Accuracy: 0.2229
Averaged Test AUC: 0.7019
Std Test Accuracy: 0.2145
Std Test AUC: 0.1223

--- Round 19/500 ---
Averaged Train Loss: 2.0207
Averaged Test Accuracy: 0.2266
Averaged Test AUC: 0.7180
Std Test Accuracy: 0.1972
Std Test AUC: 0.1025

--- Round 20/500 ---
Averaged Train Loss: 2.0227
Averaged Test Accuracy: 0.2360
Averaged Test AUC: 0.7168
Std Test Accuracy: 0.1823
Std Test AUC: 0.1184

--- Round 21/500 ---
Averaged Train Loss: 2.0665
Averaged Test Accuracy: 0.2240
Averaged Test AUC: 0.7087
Std Test Accuracy: 0.2041
Std Test AUC: 0.1226

--- Round 22/500 ---
Averaged Train Loss: 2.0388
Averaged Test Accuracy: 0.2290
Averaged Test AUC: 0.7162
Std Test Accuracy: 0.2135
Std Test AUC: 0.1156

--- Round 23/500 ---
Averaged Train Loss: 1.9578
Averaged Test Accuracy: 0.2777
Averaged Test AUC: 0.7460
Std Test Accuracy: 0.1219
Std Test AUC: 0.0544

--- Round 24/500 ---
Averaged Train Loss: 1.9767
Averaged Test Accuracy: 0.2755
Averaged Test AUC: 0.7361
Std Test Accuracy: 0.2112
Std Test AUC: 0.1045

--- Round 25/500 ---
Averaged Train Loss: 2.0176
Averaged Test Accuracy: 0.2499
Averaged Test AUC: 0.7297
Std Test Accuracy: 0.2121
Std Test AUC: 0.1006

--- Round 26/500 ---
Averaged Train Loss: 2.0247
Averaged Test Accuracy: 0.2538
Averaged Test AUC: 0.7242
Std Test Accuracy: 0.2006
Std Test AUC: 0.1283

--- Round 27/500 ---
Averaged Train Loss: 1.9962
Averaged Test Accuracy: 0.2581
Averaged Test AUC: 0.7306
Std Test Accuracy: 0.1620
Std Test AUC: 0.1053

--- Round 28/500 ---
Averaged Train Loss: 1.9583
Averaged Test Accuracy: 0.2734
Averaged Test AUC: 0.7466
Std Test Accuracy: 0.2093
Std Test AUC: 0.0831

--- Round 29/500 ---
Averaged Train Loss: 1.9905
Averaged Test Accuracy: 0.2497
Averaged Test AUC: 0.7354
Std Test Accuracy: 0.1782
Std Test AUC: 0.0939

--- Round 30/500 ---
Averaged Train Loss: 2.0220
Averaged Test Accuracy: 0.2427
Averaged Test AUC: 0.7268
Std Test Accuracy: 0.1829
Std Test AUC: 0.1043

--- Round 31/500 ---
Averaged Train Loss: 2.0293
Averaged Test Accuracy: 0.2290
Averaged Test AUC: 0.7279
Std Test Accuracy: 0.1925
Std Test AUC: 0.0993

--- Round 32/500 ---
Averaged Train Loss: 1.9264
Averaged Test Accuracy: 0.2843
Averaged Test AUC: 0.7531
Std Test Accuracy: 0.2029
Std Test AUC: 0.0868

--- Round 33/500 ---
Averaged Train Loss: 1.9360
Averaged Test Accuracy: 0.2805
Averaged Test AUC: 0.7486
Std Test Accuracy: 0.2009
Std Test AUC: 0.1040

--- Round 34/500 ---
Averaged Train Loss: 1.8934
Averaged Test Accuracy: 0.3013
Averaged Test AUC: 0.7578
Std Test Accuracy: 0.1841
Std Test AUC: 0.0795

--- Round 35/500 ---
Averaged Train Loss: 1.9386
Averaged Test Accuracy: 0.2819
Averaged Test AUC: 0.7507
Std Test Accuracy: 0.1964
Std Test AUC: 0.0978

--- Round 36/500 ---
Averaged Train Loss: 1.8975
Averaged Test Accuracy: 0.3047
Averaged Test AUC: 0.7622
Std Test Accuracy: 0.1980
Std Test AUC: 0.0797

--- Round 37/500 ---
Averaged Train Loss: 1.8790
Averaged Test Accuracy: 0.3125
Averaged Test AUC: 0.7665
Std Test Accuracy: 0.1840
Std Test AUC: 0.0755

--- Round 38/500 ---
Averaged Train Loss: 1.8661
Averaged Test Accuracy: 0.3089
Averaged Test AUC: 0.7692
Std Test Accuracy: 0.1848
Std Test AUC: 0.0570

--- Round 39/500 ---
Averaged Train Loss: 1.8974
Averaged Test Accuracy: 0.2908
Averaged Test AUC: 0.7623
Std Test Accuracy: 0.2110
Std Test AUC: 0.0880

--- Round 40/500 ---
Averaged Train Loss: 1.9027
Averaged Test Accuracy: 0.2840
Averaged Test AUC: 0.7609
Std Test Accuracy: 0.2016
Std Test AUC: 0.0836

--- Round 41/500 ---
Averaged Train Loss: 1.8668
Averaged Test Accuracy: 0.3249
Averaged Test AUC: 0.7656
Std Test Accuracy: 0.1366
Std Test AUC: 0.0884

--- Round 42/500 ---
Averaged Train Loss: 1.8929
Averaged Test Accuracy: 0.2885
Averaged Test AUC: 0.7644
Std Test Accuracy: 0.2123
Std Test AUC: 0.0890

--- Round 43/500 ---
Averaged Train Loss: 1.8589
Averaged Test Accuracy: 0.3119
Averaged Test AUC: 0.7715
Std Test Accuracy: 0.1745
Std Test AUC: 0.0644

--- Round 44/500 ---
Averaged Train Loss: 1.8475
Averaged Test Accuracy: 0.3133
Averaged Test AUC: 0.7738
Std Test Accuracy: 0.1625
Std Test AUC: 0.0629

--- Round 45/500 ---
Averaged Train Loss: 1.8348
Averaged Test Accuracy: 0.3154
Averaged Test AUC: 0.7774
Std Test Accuracy: 0.1892
Std Test AUC: 0.0563

--- Round 46/500 ---
Averaged Train Loss: 1.8446
Averaged Test Accuracy: 0.3240
Averaged Test AUC: 0.7777
Std Test Accuracy: 0.1641
Std Test AUC: 0.0692

--- Round 47/500 ---
Averaged Train Loss: 1.8712
Averaged Test Accuracy: 0.3145
Averaged Test AUC: 0.7705
Std Test Accuracy: 0.2229
Std Test AUC: 0.0926

--- Round 48/500 ---
Averaged Train Loss: 1.9181
Averaged Test Accuracy: 0.2829
Averaged Test AUC: 0.7613
Std Test Accuracy: 0.2085
Std Test AUC: 0.0931

--- Round 49/500 ---
Averaged Train Loss: 1.7997
Averaged Test Accuracy: 0.3446
Averaged Test AUC: 0.7856
Std Test Accuracy: 0.1304
Std Test AUC: 0.0659

--- Round 50/500 ---
Averaged Train Loss: 1.8513
Averaged Test Accuracy: 0.2982
Averaged Test AUC: 0.7749
Std Test Accuracy: 0.1999
Std Test AUC: 0.0804

--- Round 51/500 ---
Averaged Train Loss: 1.8258
Averaged Test Accuracy: 0.3240
Averaged Test AUC: 0.7841
Std Test Accuracy: 0.1769
Std Test AUC: 0.0727

--- Round 52/500 ---
Averaged Train Loss: 1.8484
Averaged Test Accuracy: 0.3076
Averaged Test AUC: 0.7797
Std Test Accuracy: 0.2260
Std Test AUC: 0.0788

--- Round 53/500 ---
Averaged Train Loss: 1.8084
Averaged Test Accuracy: 0.3257
Averaged Test AUC: 0.7855
Std Test Accuracy: 0.1966
Std Test AUC: 0.0722

--- Round 54/500 ---
Averaged Train Loss: 1.8292
Averaged Test Accuracy: 0.3223
Averaged Test AUC: 0.7790
Std Test Accuracy: 0.2000
Std Test AUC: 0.0863

--- Round 55/500 ---
Averaged Train Loss: 1.9023
Averaged Test Accuracy: 0.2835
Averaged Test AUC: 0.7694
Std Test Accuracy: 0.1921
Std Test AUC: 0.0815

--- Round 56/500 ---
Averaged Train Loss: 1.7756
Averaged Test Accuracy: 0.3387
Averaged Test AUC: 0.7926
Std Test Accuracy: 0.2048
Std Test AUC: 0.0775

--- Round 57/500 ---
Averaged Train Loss: 1.8414
Averaged Test Accuracy: 0.3138
Averaged Test AUC: 0.7790
Std Test Accuracy: 0.1876
Std Test AUC: 0.0800

--- Round 58/500 ---
Averaged Train Loss: 1.7687
Averaged Test Accuracy: 0.3529
Averaged Test AUC: 0.7903
Std Test Accuracy: 0.1735
Std Test AUC: 0.0864

--- Round 59/500 ---
Averaged Train Loss: 1.7026
Averaged Test Accuracy: 0.3864
Averaged Test AUC: 0.8075
Std Test Accuracy: 0.1084
Std Test AUC: 0.0420

--- Round 60/500 ---
Averaged Train Loss: 1.7198
Averaged Test Accuracy: 0.3739
Averaged Test AUC: 0.8035
Std Test Accuracy: 0.0938
Std Test AUC: 0.0417

--- Round 61/500 ---
Averaged Train Loss: 1.7578
Averaged Test Accuracy: 0.3448
Averaged Test AUC: 0.7951
Std Test Accuracy: 0.1774
Std Test AUC: 0.0719

--- Round 62/500 ---
Averaged Train Loss: 1.7303
Averaged Test Accuracy: 0.3553
Averaged Test AUC: 0.8011
Std Test Accuracy: 0.1645
Std Test AUC: 0.0550

--- Round 63/500 ---
Averaged Train Loss: 1.7292
Averaged Test Accuracy: 0.3610
Averaged Test AUC: 0.7985
Std Test Accuracy: 0.1842
Std Test AUC: 0.0724

--- Round 64/500 ---
Averaged Train Loss: 1.7486
Averaged Test Accuracy: 0.3540
Averaged Test AUC: 0.7972
Std Test Accuracy: 0.2016
Std Test AUC: 0.0776

--- Round 65/500 ---
Averaged Train Loss: 1.7030
Averaged Test Accuracy: 0.3719
Averaged Test AUC: 0.8077
Std Test Accuracy: 0.1500
Std Test AUC: 0.0549

--- Round 66/500 ---
Averaged Train Loss: 1.6813
Averaged Test Accuracy: 0.3855
Averaged Test AUC: 0.8116
Std Test Accuracy: 0.1415
Std Test AUC: 0.0438

--- Round 67/500 ---
Averaged Train Loss: 1.7155
Averaged Test Accuracy: 0.3545
Averaged Test AUC: 0.8047
Std Test Accuracy: 0.1675
Std Test AUC: 0.0531

--- Round 68/500 ---
Averaged Train Loss: 1.6864
Averaged Test Accuracy: 0.3825
Averaged Test AUC: 0.8082
Std Test Accuracy: 0.1702
Std Test AUC: 0.0590

--- Round 69/500 ---
Averaged Train Loss: 1.7163
Averaged Test Accuracy: 0.3598
Averaged Test AUC: 0.8058
Std Test Accuracy: 0.2100
Std Test AUC: 0.0694

--- Round 70/500 ---
Averaged Train Loss: 1.6710
Averaged Test Accuracy: 0.3970
Averaged Test AUC: 0.8105
Std Test Accuracy: 0.1452
Std Test AUC: 0.0623

--- Round 71/500 ---
Averaged Train Loss: 1.6689
Averaged Test Accuracy: 0.3865
Averaged Test AUC: 0.8135
Std Test Accuracy: 0.1494
Std Test AUC: 0.0481

--- Round 72/500 ---
Averaged Train Loss: 1.7130
Averaged Test Accuracy: 0.3604
Averaged Test AUC: 0.8083
Std Test Accuracy: 0.2133
Std Test AUC: 0.0658

--- Round 73/500 ---
Averaged Train Loss: 1.6907
Averaged Test Accuracy: 0.3783
Averaged Test AUC: 0.8093
Std Test Accuracy: 0.2125
Std Test AUC: 0.0734

--- Round 74/500 ---
Averaged Train Loss: 1.6638
Averaged Test Accuracy: 0.3961
Averaged Test AUC: 0.8125
Std Test Accuracy: 0.1526
Std Test AUC: 0.0636

--- Round 75/500 ---
Averaged Train Loss: 1.7482
Averaged Test Accuracy: 0.3467
Averaged Test AUC: 0.7992
Std Test Accuracy: 0.2120
Std Test AUC: 0.0797

--- Round 76/500 ---
Averaged Train Loss: 1.6594
Averaged Test Accuracy: 0.3950
Averaged Test AUC: 0.8164
Std Test Accuracy: 0.1616
Std Test AUC: 0.0554

--- Round 77/500 ---
Averaged Train Loss: 1.6763
Averaged Test Accuracy: 0.3834
Averaged Test AUC: 0.8121
Std Test Accuracy: 0.1783
Std Test AUC: 0.0642

--- Round 78/500 ---
Averaged Train Loss: 1.6883
Averaged Test Accuracy: 0.3694
Averaged Test AUC: 0.8083
Std Test Accuracy: 0.1635
Std Test AUC: 0.0577

--- Round 79/500 ---
Averaged Train Loss: 1.6762
Averaged Test Accuracy: 0.3673
Averaged Test AUC: 0.8119
Std Test Accuracy: 0.1661
Std Test AUC: 0.0543

--- Round 80/500 ---
Averaged Train Loss: 1.7230
Averaged Test Accuracy: 0.3568
Averaged Test AUC: 0.8092
Std Test Accuracy: 0.2242
Std Test AUC: 0.0707

--- Round 81/500 ---
Averaged Train Loss: 1.6894
Averaged Test Accuracy: 0.3731
Averaged Test AUC: 0.8111
Std Test Accuracy: 0.2127
Std Test AUC: 0.0752

--- Round 82/500 ---
Averaged Train Loss: 1.6539
Averaged Test Accuracy: 0.3932
Averaged Test AUC: 0.8165
Std Test Accuracy: 0.1910
Std Test AUC: 0.0620

--- Round 83/500 ---
Averaged Train Loss: 1.6410
Averaged Test Accuracy: 0.3954
Averaged Test AUC: 0.8192
Std Test Accuracy: 0.1643
Std Test AUC: 0.0497

--- Round 84/500 ---
Averaged Train Loss: 1.6339
Averaged Test Accuracy: 0.4053
Averaged Test AUC: 0.8202
Std Test Accuracy: 0.1533
Std Test AUC: 0.0572

--- Round 85/500 ---
Averaged Train Loss: 1.6510
Averaged Test Accuracy: 0.3944
Averaged Test AUC: 0.8193
Std Test Accuracy: 0.1755
Std Test AUC: 0.0528

--- Round 86/500 ---
Averaged Train Loss: 1.6613
Averaged Test Accuracy: 0.3804
Averaged Test AUC: 0.8158
Std Test Accuracy: 0.1756
Std Test AUC: 0.0608

--- Round 87/500 ---
Averaged Train Loss: 1.6762
Averaged Test Accuracy: 0.3806
Averaged Test AUC: 0.8136
Std Test Accuracy: 0.1861
Std Test AUC: 0.0615

--- Round 88/500 ---
Averaged Train Loss: 1.6759
Averaged Test Accuracy: 0.3693
Averaged Test AUC: 0.8142
Std Test Accuracy: 0.1833
Std Test AUC: 0.0589

--- Round 89/500 ---
Averaged Train Loss: 1.6446
Averaged Test Accuracy: 0.3994
Averaged Test AUC: 0.8182
Std Test Accuracy: 0.1909
Std Test AUC: 0.0637

--- Round 90/500 ---
Averaged Train Loss: 1.6320
Averaged Test Accuracy: 0.4079
Averaged Test AUC: 0.8192
Std Test Accuracy: 0.1451
Std Test AUC: 0.0592

--- Round 91/500 ---
Averaged Train Loss: 1.6166
Averaged Test Accuracy: 0.4087
Averaged Test AUC: 0.8235
Std Test Accuracy: 0.1515
Std Test AUC: 0.0518

--- Round 92/500 ---
Averaged Train Loss: 1.6745
Averaged Test Accuracy: 0.3723
Averaged Test AUC: 0.8173
Std Test Accuracy: 0.1914
Std Test AUC: 0.0686

--- Round 93/500 ---
Averaged Train Loss: 1.6238
Averaged Test Accuracy: 0.4082
Averaged Test AUC: 0.8233
Std Test Accuracy: 0.1190
Std Test AUC: 0.0439

--- Round 94/500 ---
Averaged Train Loss: 1.5938
Averaged Test Accuracy: 0.4180
Averaged Test AUC: 0.8271
Std Test Accuracy: 0.1249
Std Test AUC: 0.0457

--- Round 95/500 ---
Averaged Train Loss: 1.6014
Averaged Test Accuracy: 0.4081
Averaged Test AUC: 0.8268
Std Test Accuracy: 0.1503
Std Test AUC: 0.0478

--- Round 96/500 ---
Averaged Train Loss: 1.6212
Averaged Test Accuracy: 0.3969
Averaged Test AUC: 0.8244
Std Test Accuracy: 0.1686
Std Test AUC: 0.0531

--- Round 97/500 ---
Averaged Train Loss: 1.5996
Averaged Test Accuracy: 0.4193
Averaged Test AUC: 0.8269
Std Test Accuracy: 0.1805
Std Test AUC: 0.0568

--- Round 98/500 ---
Averaged Train Loss: 1.6245
Averaged Test Accuracy: 0.3956
Averaged Test AUC: 0.8223
Std Test Accuracy: 0.1643
Std Test AUC: 0.0511

--- Round 99/500 ---
Averaged Train Loss: 1.5887
Averaged Test Accuracy: 0.4152
Averaged Test AUC: 0.8285
Std Test Accuracy: 0.1562
Std Test AUC: 0.0524

--- Round 100/500 ---
Averaged Train Loss: 1.5832
Averaged Test Accuracy: 0.4186
Averaged Test AUC: 0.8295
Std Test Accuracy: 0.1319
Std Test AUC: 0.0441

--- Round 101/500 ---
Averaged Train Loss: 1.5966
Averaged Test Accuracy: 0.4065
Averaged Test AUC: 0.8266
Std Test Accuracy: 0.1376
Std Test AUC: 0.0458

--- Round 102/500 ---
Averaged Train Loss: 1.6271
Averaged Test Accuracy: 0.3920
Averaged Test AUC: 0.8224
Std Test Accuracy: 0.1719
Std Test AUC: 0.0615

--- Round 103/500 ---
Averaged Train Loss: 1.5949
Averaged Test Accuracy: 0.4107
Averaged Test AUC: 0.8278
Std Test Accuracy: 0.1514
Std Test AUC: 0.0457

--- Round 104/500 ---
Averaged Train Loss: 1.6363
Averaged Test Accuracy: 0.3895
Averaged Test AUC: 0.8255
Std Test Accuracy: 0.2050
Std Test AUC: 0.0619

--- Round 105/500 ---
Averaged Train Loss: 1.5915
Averaged Test Accuracy: 0.4129
Averaged Test AUC: 0.8285
Std Test Accuracy: 0.1393
Std Test AUC: 0.0449

--- Round 106/500 ---
Averaged Train Loss: 1.6049
Averaged Test Accuracy: 0.4107
Averaged Test AUC: 0.8261
Std Test Accuracy: 0.1621
Std Test AUC: 0.0521

--- Round 107/500 ---
Averaged Train Loss: 1.5916
Averaged Test Accuracy: 0.4157
Averaged Test AUC: 0.8270
Std Test Accuracy: 0.1580
Std Test AUC: 0.0527

--- Round 108/500 ---
Averaged Train Loss: 1.5836
Averaged Test Accuracy: 0.4198
Averaged Test AUC: 0.8286
Std Test Accuracy: 0.1506
Std Test AUC: 0.0440

--- Round 109/500 ---
Averaged Train Loss: 1.6262
Averaged Test Accuracy: 0.4057
Averaged Test AUC: 0.8267
Std Test Accuracy: 0.1831
Std Test AUC: 0.0541

--- Round 110/500 ---
Averaged Train Loss: 1.5925
Averaged Test Accuracy: 0.4148
Averaged Test AUC: 0.8297
Std Test Accuracy: 0.1526
Std Test AUC: 0.0505

--- Round 111/500 ---
Averaged Train Loss: 1.5887
Averaged Test Accuracy: 0.4075
Averaged Test AUC: 0.8299
Std Test Accuracy: 0.1656
Std Test AUC: 0.0466

--- Round 112/500 ---
Averaged Train Loss: 1.6275
Averaged Test Accuracy: 0.3960
Averaged Test AUC: 0.8267
Std Test Accuracy: 0.1860
Std Test AUC: 0.0556

--- Round 113/500 ---
Averaged Train Loss: 1.5654
Averaged Test Accuracy: 0.4293
Averaged Test AUC: 0.8346
Std Test Accuracy: 0.1651
Std Test AUC: 0.0490

--- Round 114/500 ---
Averaged Train Loss: 1.6390
Averaged Test Accuracy: 0.4000
Averaged Test AUC: 0.8248
Std Test Accuracy: 0.2045
Std Test AUC: 0.0720

--- Round 115/500 ---
Averaged Train Loss: 1.5649
Averaged Test Accuracy: 0.4301
Averaged Test AUC: 0.8328
Std Test Accuracy: 0.1426
Std Test AUC: 0.0499

--- Round 116/500 ---
Averaged Train Loss: 1.5701
Averaged Test Accuracy: 0.4298
Averaged Test AUC: 0.8336
Std Test Accuracy: 0.1726
Std Test AUC: 0.0517

--- Round 117/500 ---
Averaged Train Loss: 1.6004
Averaged Test Accuracy: 0.4055
Averaged Test AUC: 0.8284
Std Test Accuracy: 0.1623
Std Test AUC: 0.0503

--- Round 118/500 ---
Averaged Train Loss: 1.6074
Averaged Test Accuracy: 0.4127
Averaged Test AUC: 0.8310
Std Test Accuracy: 0.1635
Std Test AUC: 0.0473

--- Round 119/500 ---
Averaged Train Loss: 1.5948
Averaged Test Accuracy: 0.4171
Averaged Test AUC: 0.8284
Std Test Accuracy: 0.1680
Std Test AUC: 0.0542

--- Round 120/500 ---
Averaged Train Loss: 1.5554
Averaged Test Accuracy: 0.4256
Averaged Test AUC: 0.8358
Std Test Accuracy: 0.1515
Std Test AUC: 0.0456

--- Round 121/500 ---
Averaged Train Loss: 1.6721
Averaged Test Accuracy: 0.3796
Averaged Test AUC: 0.8201
Std Test Accuracy: 0.1846
Std Test AUC: 0.0585

--- Round 122/500 ---
Averaged Train Loss: 1.5849
Averaged Test Accuracy: 0.4121
Averaged Test AUC: 0.8297
Std Test Accuracy: 0.1570
Std Test AUC: 0.0490

--- Round 123/500 ---
Averaged Train Loss: 1.5802
Averaged Test Accuracy: 0.4083
Averaged Test AUC: 0.8308
Std Test Accuracy: 0.1542
Std Test AUC: 0.0455

--- Round 124/500 ---
Averaged Train Loss: 1.5416
Averaged Test Accuracy: 0.4389
Averaged Test AUC: 0.8364
Std Test Accuracy: 0.1511
Std Test AUC: 0.0491

--- Round 125/500 ---
Averaged Train Loss: 1.5376
Averaged Test Accuracy: 0.4341
Averaged Test AUC: 0.8383
Std Test Accuracy: 0.1356
Std Test AUC: 0.0348

--- Round 126/500 ---
Averaged Train Loss: 1.5669
Averaged Test Accuracy: 0.4172
Averaged Test AUC: 0.8335
Std Test Accuracy: 0.1353
Std Test AUC: 0.0413

--- Round 127/500 ---
Averaged Train Loss: 1.5716
Averaged Test Accuracy: 0.4226
Averaged Test AUC: 0.8334
Std Test Accuracy: 0.1587
Std Test AUC: 0.0495

--- Round 128/500 ---
Averaged Train Loss: 1.5212
Averaged Test Accuracy: 0.4433
Averaged Test AUC: 0.8401
Std Test Accuracy: 0.1375
Std Test AUC: 0.0436

--- Round 129/500 ---
Averaged Train Loss: 1.5241
Averaged Test Accuracy: 0.4426
Averaged Test AUC: 0.8394
Std Test Accuracy: 0.1450
Std Test AUC: 0.0506

--- Round 130/500 ---
Averaged Train Loss: 1.5864
Averaged Test Accuracy: 0.4124
Averaged Test AUC: 0.8333
Std Test Accuracy: 0.1914
Std Test AUC: 0.0569

--- Round 131/500 ---
Averaged Train Loss: 1.5432
Averaged Test Accuracy: 0.4357
Averaged Test AUC: 0.8377
Std Test Accuracy: 0.1509
Std Test AUC: 0.0473

--- Round 132/500 ---
Averaged Train Loss: 1.5446
Averaged Test Accuracy: 0.4309
Averaged Test AUC: 0.8356
Std Test Accuracy: 0.1301
Std Test AUC: 0.0444

--- Round 133/500 ---
Averaged Train Loss: 1.7272
Averaged Test Accuracy: 0.3580
Averaged Test AUC: 0.8089
Std Test Accuracy: 0.1634
Std Test AUC: 0.0788

--- Round 134/500 ---
Averaged Train Loss: 1.5414
Averaged Test Accuracy: 0.4254
Averaged Test AUC: 0.8367
Std Test Accuracy: 0.1733
Std Test AUC: 0.0531

--- Round 135/500 ---
Averaged Train Loss: 1.7029
Averaged Test Accuracy: 0.3577
Averaged Test AUC: 0.8268
Std Test Accuracy: 0.2279
Std Test AUC: 0.0586

--- Round 136/500 ---
Averaged Train Loss: 1.5685
Averaged Test Accuracy: 0.4217
Averaged Test AUC: 0.8338
Std Test Accuracy: 0.1765
Std Test AUC: 0.0612

--- Round 137/500 ---
Averaged Train Loss: 1.5348
Averaged Test Accuracy: 0.4311
Averaged Test AUC: 0.8377
Std Test Accuracy: 0.1617
Std Test AUC: 0.0500

--- Round 138/500 ---
Averaged Train Loss: 1.6705
Averaged Test Accuracy: 0.3886
Averaged Test AUC: 0.8151
Std Test Accuracy: 0.1525
Std Test AUC: 0.0825

--- Round 139/500 ---
Averaged Train Loss: 1.6193
Averaged Test Accuracy: 0.3995
Averaged Test AUC: 0.8313
Std Test Accuracy: 0.2137
Std Test AUC: 0.0735

--- Round 140/500 ---
Averaged Train Loss: 1.5954
Averaged Test Accuracy: 0.4103
Averaged Test AUC: 0.8368
Std Test Accuracy: 0.2097
Std Test AUC: 0.0577

--- Round 141/500 ---
Averaged Train Loss: 1.5443
Averaged Test Accuracy: 0.4235
Averaged Test AUC: 0.8356
Std Test Accuracy: 0.1382
Std Test AUC: 0.0434

--- Round 142/500 ---
Averaged Train Loss: 1.8858
Averaged Test Accuracy: 0.3065
Averaged Test AUC: 0.7929
Std Test Accuracy: 0.1979
Std Test AUC: 0.0812

--- Round 143/500 ---
Averaged Train Loss: 1.5713
Averaged Test Accuracy: 0.4329
Averaged Test AUC: 0.8347
Std Test Accuracy: 0.1832
Std Test AUC: 0.0683

--- Round 144/500 ---
Averaged Train Loss: 1.6397
Averaged Test Accuracy: 0.3820
Averaged Test AUC: 0.8319
Std Test Accuracy: 0.2137
Std Test AUC: 0.0628

--- Round 145/500 ---
Averaged Train Loss: 1.5622
Averaged Test Accuracy: 0.4248
Averaged Test AUC: 0.8377
Std Test Accuracy: 0.1991
Std Test AUC: 0.0623

--- Round 146/500 ---
Averaged Train Loss: 2.0241
Averaged Test Accuracy: 0.2620
Averaged Test AUC: 0.7875
Std Test Accuracy: 0.2065
Std Test AUC: 0.0818

--- Round 147/500 ---
Averaged Train Loss: 1.7571
Averaged Test Accuracy: 0.3358
Averaged Test AUC: 0.8207
Std Test Accuracy: 0.2190
Std Test AUC: 0.0703

--- Round 148/500 ---
Averaged Train Loss: 1.7559
Averaged Test Accuracy: 0.3775
Averaged Test AUC: 0.8179
Std Test Accuracy: 0.2209
Std Test AUC: 0.0814

--- Round 149/500 ---
Averaged Train Loss: 1.6744
Averaged Test Accuracy: 0.3980
Averaged Test AUC: 0.8254
Std Test Accuracy: 0.2310
Std Test AUC: 0.0875

--- Round 150/500 ---
Averaged Train Loss: 1.8237
Averaged Test Accuracy: 0.3169
Averaged Test AUC: 0.8095
Std Test Accuracy: 0.2557
Std Test AUC: 0.0781

--- Round 151/500 ---
Averaged Train Loss: 1.9167
Averaged Test Accuracy: 0.2893
Averaged Test AUC: 0.8165
Std Test Accuracy: 0.2076
Std Test AUC: 0.0614

--- Round 152/500 ---
Averaged Train Loss: 1.5239
Averaged Test Accuracy: 0.4346
Averaged Test AUC: 0.8432
Std Test Accuracy: 0.1907
Std Test AUC: 0.0601

--- Round 153/500 ---
Averaged Train Loss: 1.6709
Averaged Test Accuracy: 0.4101
Averaged Test AUC: 0.8227
Std Test Accuracy: 0.2288
Std Test AUC: 0.0898

--- Round 154/500 ---
Averaged Train Loss: 1.6988
Averaged Test Accuracy: 0.3701
Averaged Test AUC: 0.8183
Std Test Accuracy: 0.2098
Std Test AUC: 0.0800

--- Round 155/500 ---
Averaged Train Loss: 1.5578
Averaged Test Accuracy: 0.4262
Averaged Test AUC: 0.8336
Std Test Accuracy: 0.1283
Std Test AUC: 0.0529

--- Round 156/500 ---
Averaged Train Loss: 1.5131
Averaged Test Accuracy: 0.4441
Averaged Test AUC: 0.8421
Std Test Accuracy: 0.1661
Std Test AUC: 0.0510

--- Round 157/500 ---
Averaged Train Loss: 1.5704
Averaged Test Accuracy: 0.4219
Averaged Test AUC: 0.8347
Std Test Accuracy: 0.1859
Std Test AUC: 0.0627

--- Round 158/500 ---
Averaged Train Loss: 1.7291
Averaged Test Accuracy: 0.3852
Averaged Test AUC: 0.8079
Std Test Accuracy: 0.1797
Std Test AUC: 0.0971

--- Round 159/500 ---
Averaged Train Loss: 1.5578
Averaged Test Accuracy: 0.4226
Averaged Test AUC: 0.8405
Std Test Accuracy: 0.1560
Std Test AUC: 0.0508

--- Round 160/500 ---
Averaged Train Loss: 1.5781
Averaged Test Accuracy: 0.4150
Averaged Test AUC: 0.8341
Std Test Accuracy: 0.2123
Std Test AUC: 0.0668

--- Round 161/500 ---
Averaged Train Loss: 1.5853
Averaged Test Accuracy: 0.4179
Averaged Test AUC: 0.8293
Std Test Accuracy: 0.1610
Std Test AUC: 0.0570

--- Round 162/500 ---
Averaged Train Loss: 1.7945
Averaged Test Accuracy: 0.3491
Averaged Test AUC: 0.8046
Std Test Accuracy: 0.1704
Std Test AUC: 0.0775

--- Round 163/500 ---
Averaged Train Loss: 1.6099
Averaged Test Accuracy: 0.4167
Averaged Test AUC: 0.8344
Std Test Accuracy: 0.2117
Std Test AUC: 0.0739

--- Round 164/500 ---
Averaged Train Loss: 1.5698
Averaged Test Accuracy: 0.4232
Averaged Test AUC: 0.8399
Std Test Accuracy: 0.1888
Std Test AUC: 0.0549

--- Round 165/500 ---
Averaged Train Loss: 1.6268
Averaged Test Accuracy: 0.3947
Averaged Test AUC: 0.8311
Std Test Accuracy: 0.2290
Std Test AUC: 0.0737

--- Round 166/500 ---
Averaged Train Loss: 1.8502
Averaged Test Accuracy: 0.3306
Averaged Test AUC: 0.8017
Std Test Accuracy: 0.1716
Std Test AUC: 0.0748

--- Round 167/500 ---
Averaged Train Loss: 1.5636
Averaged Test Accuracy: 0.4194
Averaged Test AUC: 0.8424
Std Test Accuracy: 0.1987
Std Test AUC: 0.0563

--- Round 168/500 ---
Averaged Train Loss: 1.6411
Averaged Test Accuracy: 0.4019
Averaged Test AUC: 0.8293
Std Test Accuracy: 0.2023
Std Test AUC: 0.0792

--- Round 169/500 ---
Averaged Train Loss: 1.7113
Averaged Test Accuracy: 0.3969
Averaged Test AUC: 0.8246
Std Test Accuracy: 0.2163
Std Test AUC: 0.0831

--- Round 170/500 ---
Averaged Train Loss: 1.8969
Averaged Test Accuracy: 0.3052
Averaged Test AUC: 0.8036
Std Test Accuracy: 0.2523
Std Test AUC: 0.0854

--- Round 171/500 ---
Averaged Train Loss: 1.5812
Averaged Test Accuracy: 0.4133
Averaged Test AUC: 0.8397
Std Test Accuracy: 0.2006
Std Test AUC: 0.0526

--- Round 172/500 ---
Averaged Train Loss: 1.7325
Averaged Test Accuracy: 0.3580
Averaged Test AUC: 0.8235
Std Test Accuracy: 0.2181
Std Test AUC: 0.0768

--- Round 173/500 ---
Averaged Train Loss: 1.5979
Averaged Test Accuracy: 0.4294
Averaged Test AUC: 0.8340
Std Test Accuracy: 0.2130
Std Test AUC: 0.0844

--- Round 174/500 ---
Averaged Train Loss: 1.6626
Averaged Test Accuracy: 0.3935
Averaged Test AUC: 0.8260
Std Test Accuracy: 0.2140
Std Test AUC: 0.0775

--- Round 175/500 ---
Averaged Train Loss: 1.8215
Averaged Test Accuracy: 0.3483
Averaged Test AUC: 0.8222
Std Test Accuracy: 0.2638
Std Test AUC: 0.0814

--- Round 176/500 ---
Averaged Train Loss: 1.8065
Averaged Test Accuracy: 0.3183
Averaged Test AUC: 0.8266
Std Test Accuracy: 0.1967
Std Test AUC: 0.0574

--- Round 177/500 ---
Averaged Train Loss: 1.5333
Averaged Test Accuracy: 0.4292
Averaged Test AUC: 0.8449
Std Test Accuracy: 0.2041
Std Test AUC: 0.0612

--- Round 178/500 ---
Averaged Train Loss: 1.7407
Averaged Test Accuracy: 0.3860
Averaged Test AUC: 0.8103
Std Test Accuracy: 0.1614
Std Test AUC: 0.0905

--- Round 179/500 ---
Averaged Train Loss: 1.8138
Averaged Test Accuracy: 0.3718
Averaged Test AUC: 0.8246
Std Test Accuracy: 0.2340
Std Test AUC: 0.0773

--- Round 180/500 ---
Averaged Train Loss: 1.4962
Averaged Test Accuracy: 0.4464
Averaged Test AUC: 0.8445
Std Test Accuracy: 0.1438
Std Test AUC: 0.0491

--- Round 181/500 ---
Averaged Train Loss: 1.4844
Averaged Test Accuracy: 0.4530
Averaged Test AUC: 0.8469
Std Test Accuracy: 0.1704
Std Test AUC: 0.0526

--- Round 182/500 ---
Averaged Train Loss: 1.7714
Averaged Test Accuracy: 0.3588
Averaged Test AUC: 0.8092
Std Test Accuracy: 0.1602
Std Test AUC: 0.0740

--- Round 183/500 ---
Averaged Train Loss: 1.5365
Averaged Test Accuracy: 0.4429
Averaged Test AUC: 0.8429
Std Test Accuracy: 0.1827
Std Test AUC: 0.0719

--- Round 184/500 ---
Averaged Train Loss: 1.5497
Averaged Test Accuracy: 0.4230
Averaged Test AUC: 0.8445
Std Test Accuracy: 0.1769
Std Test AUC: 0.0506

--- Round 185/500 ---
Averaged Train Loss: 1.5463
Averaged Test Accuracy: 0.4328
Averaged Test AUC: 0.8397
Std Test Accuracy: 0.2100
Std Test AUC: 0.0687

--- Round 186/500 ---
Averaged Train Loss: 1.7735
Averaged Test Accuracy: 0.3515
Averaged Test AUC: 0.8121
Std Test Accuracy: 0.1601
Std Test AUC: 0.0672

--- Round 187/500 ---
Averaged Train Loss: 1.5604
Averaged Test Accuracy: 0.4254
Averaged Test AUC: 0.8440
Std Test Accuracy: 0.2069
Std Test AUC: 0.0559

--- Round 188/500 ---
Averaged Train Loss: 1.5920
Averaged Test Accuracy: 0.4202
Averaged Test AUC: 0.8367
Std Test Accuracy: 0.1966
Std Test AUC: 0.0741

--- Round 189/500 ---
Averaged Train Loss: 1.6512
Averaged Test Accuracy: 0.4055
Averaged Test AUC: 0.8331
Std Test Accuracy: 0.2139
Std Test AUC: 0.0733

--- Round 190/500 ---
Averaged Train Loss: 1.8748
Averaged Test Accuracy: 0.3118
Averaged Test AUC: 0.8111
Std Test Accuracy: 0.2519
Std Test AUC: 0.0812

--- Round 191/500 ---
Averaged Train Loss: 1.5116
Averaged Test Accuracy: 0.4453
Averaged Test AUC: 0.8428
Std Test Accuracy: 0.1603
Std Test AUC: 0.0586

--- Round 192/500 ---
Averaged Train Loss: 1.6645
Averaged Test Accuracy: 0.3783
Averaged Test AUC: 0.8332
Std Test Accuracy: 0.2039
Std Test AUC: 0.0682

--- Round 193/500 ---
Averaged Train Loss: 1.5121
Averaged Test Accuracy: 0.4538
Averaged Test AUC: 0.8453
Std Test Accuracy: 0.1871
Std Test AUC: 0.0593

--- Round 194/500 ---
Averaged Train Loss: 1.7524
Averaged Test Accuracy: 0.3811
Averaged Test AUC: 0.8219
Std Test Accuracy: 0.2305
Std Test AUC: 0.0873

--- Round 195/500 ---
Averaged Train Loss: 1.5967
Averaged Test Accuracy: 0.4129
Averaged Test AUC: 0.8375
Std Test Accuracy: 0.2186
Std Test AUC: 0.0689

--- Round 196/500 ---
Averaged Train Loss: 1.6821
Averaged Test Accuracy: 0.3666
Averaged Test AUC: 0.8357
Std Test Accuracy: 0.1832
Std Test AUC: 0.0596

--- Round 197/500 ---
Averaged Train Loss: 1.5668
Averaged Test Accuracy: 0.4327
Averaged Test AUC: 0.8420
Std Test Accuracy: 0.2098
Std Test AUC: 0.0649

--- Round 198/500 ---
Averaged Train Loss: 1.5836
Averaged Test Accuracy: 0.4186
Averaged Test AUC: 0.8327
Std Test Accuracy: 0.1557
Std Test AUC: 0.0597

--- Round 199/500 ---
Averaged Train Loss: 1.6296
Averaged Test Accuracy: 0.4225
Averaged Test AUC: 0.8422
Std Test Accuracy: 0.2012
Std Test AUC: 0.0607

--- Round 200/500 ---
Averaged Train Loss: 1.4368
Averaged Test Accuracy: 0.4721
Averaged Test AUC: 0.8513
Std Test Accuracy: 0.1272
Std Test AUC: 0.0456

--- Round 201/500 ---
Averaged Train Loss: 1.5864
Averaged Test Accuracy: 0.4146
Averaged Test AUC: 0.8476
Std Test Accuracy: 0.2210
Std Test AUC: 0.0531

--- Round 202/500 ---
Averaged Train Loss: 1.7703
Averaged Test Accuracy: 0.3820
Averaged Test AUC: 0.8124
Std Test Accuracy: 0.1578
Std Test AUC: 0.0804

--- Round 203/500 ---
Averaged Train Loss: 1.5330
Averaged Test Accuracy: 0.4446
Averaged Test AUC: 0.8430
Std Test Accuracy: 0.1949
Std Test AUC: 0.0662

--- Round 204/500 ---
Averaged Train Loss: 1.5036
Averaged Test Accuracy: 0.4399
Averaged Test AUC: 0.8497
Std Test Accuracy: 0.1613
Std Test AUC: 0.0442

--- Round 205/500 ---
Averaged Train Loss: 1.7357
Averaged Test Accuracy: 0.3809
Averaged Test AUC: 0.8268
Std Test Accuracy: 0.2564
Std Test AUC: 0.0909

--- Round 206/500 ---
Averaged Train Loss: 1.6748
Averaged Test Accuracy: 0.3874
Averaged Test AUC: 0.8248
Std Test Accuracy: 0.1659
Std Test AUC: 0.0632

--- Round 207/500 ---
Averaged Train Loss: 1.5137
Averaged Test Accuracy: 0.4449
Averaged Test AUC: 0.8455
Std Test Accuracy: 0.1820
Std Test AUC: 0.0586

--- Round 208/500 ---
Averaged Train Loss: 1.4700
Averaged Test Accuracy: 0.4544
Averaged Test AUC: 0.8533
Std Test Accuracy: 0.1937
Std Test AUC: 0.0539

--- Round 209/500 ---
Averaged Train Loss: 1.8212
Averaged Test Accuracy: 0.3848
Averaged Test AUC: 0.8367
Std Test Accuracy: 0.2387
Std Test AUC: 0.0699

--- Round 210/500 ---
Averaged Train Loss: 1.9580
Averaged Test Accuracy: 0.3107
Averaged Test AUC: 0.8067
Std Test Accuracy: 0.2567
Std Test AUC: 0.0871

--- Round 211/500 ---
Averaged Train Loss: 1.4829
Averaged Test Accuracy: 0.4630
Averaged Test AUC: 0.8475
Std Test Accuracy: 0.1691
Std Test AUC: 0.0598

--- Round 212/500 ---
Averaged Train Loss: 2.0069
Averaged Test Accuracy: 0.3212
Averaged Test AUC: 0.8133
Std Test Accuracy: 0.2419
Std Test AUC: 0.0879

--- Round 213/500 ---
Averaged Train Loss: 1.5225
Averaged Test Accuracy: 0.4429
Averaged Test AUC: 0.8506
Std Test Accuracy: 0.2144
Std Test AUC: 0.0647

--- Round 214/500 ---
Averaged Train Loss: 1.6980
Averaged Test Accuracy: 0.3951
Averaged Test AUC: 0.8312
Std Test Accuracy: 0.2223
Std Test AUC: 0.0754

--- Round 215/500 ---
Averaged Train Loss: 1.7078
Averaged Test Accuracy: 0.3838
Averaged Test AUC: 0.8273
Std Test Accuracy: 0.2308
Std Test AUC: 0.0794

--- Round 216/500 ---
Averaged Train Loss: 1.6009
Averaged Test Accuracy: 0.4049
Averaged Test AUC: 0.8408
Std Test Accuracy: 0.1872
Std Test AUC: 0.0670

--- Round 217/500 ---
Averaged Train Loss: 1.6141
Averaged Test Accuracy: 0.4254
Averaged Test AUC: 0.8368
Std Test Accuracy: 0.2090
Std Test AUC: 0.0712

--- Round 218/500 ---
Averaged Train Loss: 1.5756
Averaged Test Accuracy: 0.4162
Averaged Test AUC: 0.8395
Std Test Accuracy: 0.2098
Std Test AUC: 0.0709

--- Round 219/500 ---
Averaged Train Loss: 1.5712
Averaged Test Accuracy: 0.4325
Averaged Test AUC: 0.8449
Std Test Accuracy: 0.2128
Std Test AUC: 0.0645

--- Round 220/500 ---
Averaged Train Loss: 1.4537
Averaged Test Accuracy: 0.4645
Averaged Test AUC: 0.8531
Std Test Accuracy: 0.1290
Std Test AUC: 0.0459

--- Round 221/500 ---
Averaged Train Loss: 1.5238
Averaged Test Accuracy: 0.4388
Averaged Test AUC: 0.8466
Std Test Accuracy: 0.1944
Std Test AUC: 0.0614

--- Round 222/500 ---
Averaged Train Loss: 1.7271
Averaged Test Accuracy: 0.3737
Averaged Test AUC: 0.8209
Std Test Accuracy: 0.1502
Std Test AUC: 0.0656

--- Round 223/500 ---
Averaged Train Loss: 1.6762
Averaged Test Accuracy: 0.4341
Averaged Test AUC: 0.8313
Std Test Accuracy: 0.2374
Std Test AUC: 0.1039

--- Round 224/500 ---
Averaged Train Loss: 1.5538
Averaged Test Accuracy: 0.4228
Averaged Test AUC: 0.8451
Std Test Accuracy: 0.1852
Std Test AUC: 0.0562

--- Round 225/500 ---
Averaged Train Loss: 1.4377
Averaged Test Accuracy: 0.4659
Averaged Test AUC: 0.8545
Std Test Accuracy: 0.1527
Std Test AUC: 0.0514

--- Round 226/500 ---
Averaged Train Loss: 1.6611
Averaged Test Accuracy: 0.3928
Averaged Test AUC: 0.8293
Std Test Accuracy: 0.1457
Std Test AUC: 0.0606

--- Round 227/500 ---
Averaged Train Loss: 1.5470
Averaged Test Accuracy: 0.4370
Averaged Test AUC: 0.8468
Std Test Accuracy: 0.2032
Std Test AUC: 0.0579

--- Round 228/500 ---
Averaged Train Loss: 1.6258
Averaged Test Accuracy: 0.4302
Averaged Test AUC: 0.8363
Std Test Accuracy: 0.2483
Std Test AUC: 0.0956

--- Round 229/500 ---
Averaged Train Loss: 1.6727
Averaged Test Accuracy: 0.3827
Averaged Test AUC: 0.8361
Std Test Accuracy: 0.2047
Std Test AUC: 0.0653

--- Round 230/500 ---
Averaged Train Loss: 1.8302
Averaged Test Accuracy: 0.3358
Averaged Test AUC: 0.8175
Std Test Accuracy: 0.2314
Std Test AUC: 0.0785

--- Round 231/500 ---
Averaged Train Loss: 1.4805
Averaged Test Accuracy: 0.4572
Averaged Test AUC: 0.8530
Std Test Accuracy: 0.1848
Std Test AUC: 0.0595

--- Round 232/500 ---
Averaged Train Loss: 1.6013
Averaged Test Accuracy: 0.4115
Averaged Test AUC: 0.8470
Std Test Accuracy: 0.2341
Std Test AUC: 0.0600

--- Round 233/500 ---
Averaged Train Loss: 1.4136
Averaged Test Accuracy: 0.4822
Averaged Test AUC: 0.8580
Std Test Accuracy: 0.1815
Std Test AUC: 0.0637

--- Round 234/500 ---
Averaged Train Loss: 1.7327
Averaged Test Accuracy: 0.3841
Averaged Test AUC: 0.8210
Std Test Accuracy: 0.1854
Std Test AUC: 0.0784

--- Round 235/500 ---
Averaged Train Loss: 1.6585
Averaged Test Accuracy: 0.4016
Averaged Test AUC: 0.8391
Std Test Accuracy: 0.2042
Std Test AUC: 0.0675

--- Round 236/500 ---
Averaged Train Loss: 1.3901
Averaged Test Accuracy: 0.4903
Averaged Test AUC: 0.8604
Std Test Accuracy: 0.1383
Std Test AUC: 0.0427

--- Round 237/500 ---
Averaged Train Loss: 1.5407
Averaged Test Accuracy: 0.4379
Averaged Test AUC: 0.8472
Std Test Accuracy: 0.1892
Std Test AUC: 0.0595

--- Round 238/500 ---
Averaged Train Loss: 1.5558
Averaged Test Accuracy: 0.4273
Averaged Test AUC: 0.8430
Std Test Accuracy: 0.1962
Std Test AUC: 0.0728

--- Round 239/500 ---
Averaged Train Loss: 1.4536
Averaged Test Accuracy: 0.4662
Averaged Test AUC: 0.8548
Std Test Accuracy: 0.1895
Std Test AUC: 0.0570

--- Round 240/500 ---
Averaged Train Loss: 1.5299
Averaged Test Accuracy: 0.4362
Averaged Test AUC: 0.8485
Std Test Accuracy: 0.1726
Std Test AUC: 0.0526

--- Round 241/500 ---
Averaged Train Loss: 1.6064
Averaged Test Accuracy: 0.3960
Averaged Test AUC: 0.8456
Std Test Accuracy: 0.1952
Std Test AUC: 0.0589

--- Round 242/500 ---
Averaged Train Loss: 1.6571
Averaged Test Accuracy: 0.4037
Averaged Test AUC: 0.8316
Std Test Accuracy: 0.1974
Std Test AUC: 0.0710

--- Round 243/500 ---
Averaged Train Loss: 1.5361
Averaged Test Accuracy: 0.4482
Averaged Test AUC: 0.8468
Std Test Accuracy: 0.2241
Std Test AUC: 0.0808

--- Round 244/500 ---
Averaged Train Loss: 1.5544
Averaged Test Accuracy: 0.4398
Averaged Test AUC: 0.8471
Std Test Accuracy: 0.2230
Std Test AUC: 0.0640

--- Round 245/500 ---
Averaged Train Loss: 1.4960
Averaged Test Accuracy: 0.4432
Averaged Test AUC: 0.8503
Std Test Accuracy: 0.1606
Std Test AUC: 0.0631

--- Round 246/500 ---
Averaged Train Loss: 1.5392
Averaged Test Accuracy: 0.4286
Averaged Test AUC: 0.8442
Std Test Accuracy: 0.1647
Std Test AUC: 0.0517

--- Round 247/500 ---
Averaged Train Loss: 1.4726
Averaged Test Accuracy: 0.4608
Averaged Test AUC: 0.8524
Std Test Accuracy: 0.2072
Std Test AUC: 0.0633

--- Round 248/500 ---
Averaged Train Loss: 1.5166
Averaged Test Accuracy: 0.4546
Averaged Test AUC: 0.8488
Std Test Accuracy: 0.2186
Std Test AUC: 0.0769

--- Round 249/500 ---
Averaged Train Loss: 1.4358
Averaged Test Accuracy: 0.4691
Averaged Test AUC: 0.8574
Std Test Accuracy: 0.1493
Std Test AUC: 0.0467

--- Round 250/500 ---
Averaged Train Loss: 1.9281
Averaged Test Accuracy: 0.3267
Averaged Test AUC: 0.8170
Std Test Accuracy: 0.2394
Std Test AUC: 0.0875

--- Round 251/500 ---
Averaged Train Loss: 1.4877
Averaged Test Accuracy: 0.4554
Averaged Test AUC: 0.8559
Std Test Accuracy: 0.2144
Std Test AUC: 0.0579

--- Round 252/500 ---
Averaged Train Loss: 1.5603
Averaged Test Accuracy: 0.4347
Averaged Test AUC: 0.8445
Std Test Accuracy: 0.2370
Std Test AUC: 0.0760

--- Round 253/500 ---
Averaged Train Loss: 1.4434
Averaged Test Accuracy: 0.4675
Averaged Test AUC: 0.8566
Std Test Accuracy: 0.1957
Std Test AUC: 0.0607

--- Round 254/500 ---
Averaged Train Loss: 1.5107
Averaged Test Accuracy: 0.4365
Averaged Test AUC: 0.8490
Std Test Accuracy: 0.1711
Std Test AUC: 0.0501

--- Round 255/500 ---
Averaged Train Loss: 1.5331
Averaged Test Accuracy: 0.4305
Averaged Test AUC: 0.8451
Std Test Accuracy: 0.2078
Std Test AUC: 0.0691

--- Round 256/500 ---
Averaged Train Loss: 1.6154
Averaged Test Accuracy: 0.4154
Averaged Test AUC: 0.8471
Std Test Accuracy: 0.2246
Std Test AUC: 0.0602

--- Round 257/500 ---
Averaged Train Loss: 1.4735
Averaged Test Accuracy: 0.4582
Averaged Test AUC: 0.8540
Std Test Accuracy: 0.1726
Std Test AUC: 0.0576

--- Round 258/500 ---
Averaged Train Loss: 1.5398
Averaged Test Accuracy: 0.4347
Averaged Test AUC: 0.8456
Std Test Accuracy: 0.1819
Std Test AUC: 0.0672

--- Round 259/500 ---
Averaged Train Loss: 1.4094
Averaged Test Accuracy: 0.4850
Averaged Test AUC: 0.8602
Std Test Accuracy: 0.1873
Std Test AUC: 0.0587

--- Round 260/500 ---
Averaged Train Loss: 1.5112
Averaged Test Accuracy: 0.4431
Averaged Test AUC: 0.8483
Std Test Accuracy: 0.1865
Std Test AUC: 0.0589

--- Round 261/500 ---
Averaged Train Loss: 1.5217
Averaged Test Accuracy: 0.4414
Averaged Test AUC: 0.8489
Std Test Accuracy: 0.1802
Std Test AUC: 0.0590

--- Round 262/500 ---
Averaged Train Loss: 1.6376
Averaged Test Accuracy: 0.4060
Averaged Test AUC: 0.8354
Std Test Accuracy: 0.1864
Std Test AUC: 0.0683

--- Round 263/500 ---
Averaged Train Loss: 1.4762
Averaged Test Accuracy: 0.4584
Averaged Test AUC: 0.8564
Std Test Accuracy: 0.2231
Std Test AUC: 0.0670

--- Round 264/500 ---
Averaged Train Loss: 1.4410
Averaged Test Accuracy: 0.4746
Averaged Test AUC: 0.8561
Std Test Accuracy: 0.1889
Std Test AUC: 0.0630

--- Round 265/500 ---
Averaged Train Loss: 1.5156
Averaged Test Accuracy: 0.4428
Averaged Test AUC: 0.8533
Std Test Accuracy: 0.2155
Std Test AUC: 0.0562

--- Round 266/500 ---
Averaged Train Loss: 1.6612
Averaged Test Accuracy: 0.3974
Averaged Test AUC: 0.8387
Std Test Accuracy: 0.1705
Std Test AUC: 0.0611

--- Round 267/500 ---
Averaged Train Loss: 1.4506
Averaged Test Accuracy: 0.4708
Averaged Test AUC: 0.8557
Std Test Accuracy: 0.2007
Std Test AUC: 0.0627

--- Round 268/500 ---
Averaged Train Loss: 1.4569
Averaged Test Accuracy: 0.4711
Averaged Test AUC: 0.8572
Std Test Accuracy: 0.2032
Std Test AUC: 0.0685

--- Round 269/500 ---
Averaged Train Loss: 1.4585
Averaged Test Accuracy: 0.4639
Averaged Test AUC: 0.8611
Std Test Accuracy: 0.1993
Std Test AUC: 0.0523

--- Round 270/500 ---
Averaged Train Loss: 1.8365
Averaged Test Accuracy: 0.3402
Averaged Test AUC: 0.8242
Std Test Accuracy: 0.2262
Std Test AUC: 0.0718

--- Round 271/500 ---
Averaged Train Loss: 1.4325
Averaged Test Accuracy: 0.4659
Averaged Test AUC: 0.8579
Std Test Accuracy: 0.1711
Std Test AUC: 0.0515

--- Round 272/500 ---
Averaged Train Loss: 1.4845
Averaged Test Accuracy: 0.4546
Averaged Test AUC: 0.8540
Std Test Accuracy: 0.2116
Std Test AUC: 0.0628

--- Round 273/500 ---
Averaged Train Loss: 1.4685
Averaged Test Accuracy: 0.4603
Averaged Test AUC: 0.8597
Std Test Accuracy: 0.2131
Std Test AUC: 0.0585

--- Round 274/500 ---
Averaged Train Loss: 1.5659
Averaged Test Accuracy: 0.4260
Averaged Test AUC: 0.8451
Std Test Accuracy: 0.1946
Std Test AUC: 0.0609

--- Round 275/500 ---
Averaged Train Loss: 1.5427
Averaged Test Accuracy: 0.4196
Averaged Test AUC: 0.8498
Std Test Accuracy: 0.1550
Std Test AUC: 0.0531

--- Round 276/500 ---
Averaged Train Loss: 1.4575
Averaged Test Accuracy: 0.4684
Averaged Test AUC: 0.8535
Std Test Accuracy: 0.1691
Std Test AUC: 0.0558

--- Round 277/500 ---
Averaged Train Loss: 1.5560
Averaged Test Accuracy: 0.4393
Averaged Test AUC: 0.8542
Std Test Accuracy: 0.2385
Std Test AUC: 0.0663

--- Round 278/500 ---
Averaged Train Loss: 1.5037
Averaged Test Accuracy: 0.4560
Averaged Test AUC: 0.8485
Std Test Accuracy: 0.1665
Std Test AUC: 0.0605

--- Round 279/500 ---
Averaged Train Loss: 1.3599
Averaged Test Accuracy: 0.4971
Averaged Test AUC: 0.8669
Std Test Accuracy: 0.1396
Std Test AUC: 0.0402

--- Round 280/500 ---
Averaged Train Loss: 1.3900
Averaged Test Accuracy: 0.4923
Averaged Test AUC: 0.8611
Std Test Accuracy: 0.1600
Std Test AUC: 0.0547

--- Round 281/500 ---
Averaged Train Loss: 1.4980
Averaged Test Accuracy: 0.4568
Averaged Test AUC: 0.8515
Std Test Accuracy: 0.1966
Std Test AUC: 0.0615

--- Round 282/500 ---
Averaged Train Loss: 1.6677
Averaged Test Accuracy: 0.4047
Averaged Test AUC: 0.8303
Std Test Accuracy: 0.1905
Std Test AUC: 0.0786

--- Round 283/500 ---
Averaged Train Loss: 1.5427
Averaged Test Accuracy: 0.4445
Averaged Test AUC: 0.8473
Std Test Accuracy: 0.2144
Std Test AUC: 0.0730

--- Round 284/500 ---
Averaged Train Loss: 1.3933
Averaged Test Accuracy: 0.4898
Averaged Test AUC: 0.8641
Std Test Accuracy: 0.1981
Std Test AUC: 0.0586

--- Round 285/500 ---
Averaged Train Loss: 1.5230
Averaged Test Accuracy: 0.4522
Averaged Test AUC: 0.8457
Std Test Accuracy: 0.1738
Std Test AUC: 0.0552

--- Round 286/500 ---
Averaged Train Loss: 1.5222
Averaged Test Accuracy: 0.4351
Averaged Test AUC: 0.8464
Std Test Accuracy: 0.1842
Std Test AUC: 0.0618

--- Round 287/500 ---
Averaged Train Loss: 1.4449
Averaged Test Accuracy: 0.4615
Averaged Test AUC: 0.8585
Std Test Accuracy: 0.1658
Std Test AUC: 0.0475

--- Round 288/500 ---
Averaged Train Loss: 1.4937
Averaged Test Accuracy: 0.4501
Averaged Test AUC: 0.8580
Std Test Accuracy: 0.2209
Std Test AUC: 0.0621

--- Round 289/500 ---
Averaged Train Loss: 1.4159
Averaged Test Accuracy: 0.4782
Averaged Test AUC: 0.8621
Std Test Accuracy: 0.1832
Std Test AUC: 0.0568

--- Round 290/500 ---
Averaged Train Loss: 1.7494
Averaged Test Accuracy: 0.3769
Averaged Test AUC: 0.8248
Std Test Accuracy: 0.1876
Std Test AUC: 0.0701

--- Round 291/500 ---
Averaged Train Loss: 1.4211
Averaged Test Accuracy: 0.4642
Averaged Test AUC: 0.8604
Std Test Accuracy: 0.1529
Std Test AUC: 0.0401

--- Round 292/500 ---
Averaged Train Loss: 1.4236
Averaged Test Accuracy: 0.4790
Averaged Test AUC: 0.8608
Std Test Accuracy: 0.2160
Std Test AUC: 0.0636

--- Round 293/500 ---
Averaged Train Loss: 1.4209
Averaged Test Accuracy: 0.4788
Averaged Test AUC: 0.8633
Std Test Accuracy: 0.1951
Std Test AUC: 0.0590

--- Round 294/500 ---
Averaged Train Loss: 1.6336
Averaged Test Accuracy: 0.3970
Averaged Test AUC: 0.8429
Std Test Accuracy: 0.2072
Std Test AUC: 0.0697

--- Round 295/500 ---
Averaged Train Loss: 1.4481
Averaged Test Accuracy: 0.4526
Averaged Test AUC: 0.8588
Std Test Accuracy: 0.1503
Std Test AUC: 0.0424

--- Round 296/500 ---
Averaged Train Loss: 1.4863
Averaged Test Accuracy: 0.4660
Averaged Test AUC: 0.8562
Std Test Accuracy: 0.2121
Std Test AUC: 0.0577

--- Round 297/500 ---
Averaged Train Loss: 1.4869
Averaged Test Accuracy: 0.4663
Averaged Test AUC: 0.8555
Std Test Accuracy: 0.2019
Std Test AUC: 0.0710

--- Round 298/500 ---
Averaged Train Loss: 1.4301
Averaged Test Accuracy: 0.4814
Averaged Test AUC: 0.8567
Std Test Accuracy: 0.1688
Std Test AUC: 0.0623

--- Round 299/500 ---
Averaged Train Loss: 1.3899
Averaged Test Accuracy: 0.4882
Averaged Test AUC: 0.8598
Std Test Accuracy: 0.1536
Std Test AUC: 0.0507

--- Round 300/500 ---
Averaged Train Loss: 1.4172
Averaged Test Accuracy: 0.4885
Averaged Test AUC: 0.8595
Std Test Accuracy: 0.1745
Std Test AUC: 0.0570

--- Round 301/500 ---
Averaged Train Loss: 1.5389
Averaged Test Accuracy: 0.4465
Averaged Test AUC: 0.8484
Std Test Accuracy: 0.2032
Std Test AUC: 0.0592

--- Round 302/500 ---
Averaged Train Loss: 1.4177
Averaged Test Accuracy: 0.4776
Averaged Test AUC: 0.8570
Std Test Accuracy: 0.1504
Std Test AUC: 0.0598

--- Round 303/500 ---
Averaged Train Loss: 1.5176
Averaged Test Accuracy: 0.4456
Averaged Test AUC: 0.8535
Std Test Accuracy: 0.2100
Std Test AUC: 0.0662

--- Round 304/500 ---
Averaged Train Loss: 1.6256
Averaged Test Accuracy: 0.4200
Averaged Test AUC: 0.8359
Std Test Accuracy: 0.2026
Std Test AUC: 0.0761

--- Round 305/500 ---
Averaged Train Loss: 1.4168
Averaged Test Accuracy: 0.4870
Averaged Test AUC: 0.8591
Std Test Accuracy: 0.1815
Std Test AUC: 0.0657

--- Round 306/500 ---
Averaged Train Loss: 1.5349
Averaged Test Accuracy: 0.4298
Averaged Test AUC: 0.8494
Std Test Accuracy: 0.1627
Std Test AUC: 0.0487

--- Round 307/500 ---
Averaged Train Loss: 1.4866
Averaged Test Accuracy: 0.4476
Averaged Test AUC: 0.8575
Std Test Accuracy: 0.1692
Std Test AUC: 0.0442

--- Round 308/500 ---
Averaged Train Loss: 1.4784
Averaged Test Accuracy: 0.4627
Averaged Test AUC: 0.8552
Std Test Accuracy: 0.1937
Std Test AUC: 0.0651

--- Round 309/500 ---
Averaged Train Loss: 1.3149
Averaged Test Accuracy: 0.5128
Averaged Test AUC: 0.8716
Std Test Accuracy: 0.1270
Std Test AUC: 0.0324

--- Round 310/500 ---
Averaged Train Loss: 1.5569
Averaged Test Accuracy: 0.4286
Averaged Test AUC: 0.8442
Std Test Accuracy: 0.1599
Std Test AUC: 0.0551

--- Round 311/500 ---
Averaged Train Loss: 1.4141
Averaged Test Accuracy: 0.4729
Averaged Test AUC: 0.8594
Std Test Accuracy: 0.1601
Std Test AUC: 0.0498

--- Round 312/500 ---
Averaged Train Loss: 1.4051
Averaged Test Accuracy: 0.4800
Averaged Test AUC: 0.8644
Std Test Accuracy: 0.1779
Std Test AUC: 0.0560

--- Round 313/500 ---
Averaged Train Loss: 1.3782
Averaged Test Accuracy: 0.4888
Averaged Test AUC: 0.8672
Std Test Accuracy: 0.1705
Std Test AUC: 0.0419

--- Round 314/500 ---
Averaged Train Loss: 1.2916
Averaged Test Accuracy: 0.5182
Averaged Test AUC: 0.8741
Std Test Accuracy: 0.1366
Std Test AUC: 0.0362

--- Round 315/500 ---
Averaged Train Loss: 1.3228
Averaged Test Accuracy: 0.5077
Averaged Test AUC: 0.8691
Std Test Accuracy: 0.1497
Std Test AUC: 0.0435

--- Round 316/500 ---
Averaged Train Loss: 1.3294
Averaged Test Accuracy: 0.5063
Averaged Test AUC: 0.8712
Std Test Accuracy: 0.1603
Std Test AUC: 0.0380

--- Round 317/500 ---
Averaged Train Loss: 1.3773
Averaged Test Accuracy: 0.4945
Averaged Test AUC: 0.8709
Std Test Accuracy: 0.1620
Std Test AUC: 0.0389

--- Round 318/500 ---
Averaged Train Loss: 1.4483
Averaged Test Accuracy: 0.4546
Averaged Test AUC: 0.8576
Std Test Accuracy: 0.1862
Std Test AUC: 0.0523

--- Round 319/500 ---
Averaged Train Loss: 1.3229
Averaged Test Accuracy: 0.5084
Averaged Test AUC: 0.8709
Std Test Accuracy: 0.1582
Std Test AUC: 0.0503

--- Round 320/500 ---
Averaged Train Loss: 1.3937
Averaged Test Accuracy: 0.4845
Averaged Test AUC: 0.8645
Std Test Accuracy: 0.1658
Std Test AUC: 0.0570

--- Round 321/500 ---
Averaged Train Loss: 1.3168
Averaged Test Accuracy: 0.5152
Averaged Test AUC: 0.8713
Std Test Accuracy: 0.1608
Std Test AUC: 0.0452

--- Round 322/500 ---
Averaged Train Loss: 1.4006
Averaged Test Accuracy: 0.4715
Averaged Test AUC: 0.8621
Std Test Accuracy: 0.1389
Std Test AUC: 0.0374

--- Round 323/500 ---
Averaged Train Loss: 1.3050
Averaged Test Accuracy: 0.5171
Averaged Test AUC: 0.8734
Std Test Accuracy: 0.1336
Std Test AUC: 0.0360

--- Round 324/500 ---
Averaged Train Loss: 1.3085
Averaged Test Accuracy: 0.5155
Averaged Test AUC: 0.8729
Std Test Accuracy: 0.1603
Std Test AUC: 0.0448

--- Round 325/500 ---
Averaged Train Loss: 1.3959
Averaged Test Accuracy: 0.4827
Averaged Test AUC: 0.8682
Std Test Accuracy: 0.2020
Std Test AUC: 0.0511

--- Round 326/500 ---
Averaged Train Loss: 1.3790
Averaged Test Accuracy: 0.4828
Averaged Test AUC: 0.8642
Std Test Accuracy: 0.1384
Std Test AUC: 0.0407

--- Round 327/500 ---
Averaged Train Loss: 1.3040
Averaged Test Accuracy: 0.5148
Averaged Test AUC: 0.8711
Std Test Accuracy: 0.1331
Std Test AUC: 0.0385

--- Round 328/500 ---
Averaged Train Loss: 1.3138
Averaged Test Accuracy: 0.5116
Averaged Test AUC: 0.8725
Std Test Accuracy: 0.1391
Std Test AUC: 0.0367

--- Round 329/500 ---
Averaged Train Loss: 1.4218
Averaged Test Accuracy: 0.4738
Averaged Test AUC: 0.8628
Std Test Accuracy: 0.2072
Std Test AUC: 0.0560

--- Round 330/500 ---
Averaged Train Loss: 1.3248
Averaged Test Accuracy: 0.5061
Averaged Test AUC: 0.8701
Std Test Accuracy: 0.1560
Std Test AUC: 0.0467

--- Round 331/500 ---
Averaged Train Loss: 1.3138
Averaged Test Accuracy: 0.5164
Averaged Test AUC: 0.8685
Std Test Accuracy: 0.1452
Std Test AUC: 0.0474

--- Round 332/500 ---
Averaged Train Loss: 1.5369
Averaged Test Accuracy: 0.4329
Averaged Test AUC: 0.8541
Std Test Accuracy: 0.2063
Std Test AUC: 0.0658

--- Round 333/500 ---
Averaged Train Loss: 1.4830
Averaged Test Accuracy: 0.4518
Averaged Test AUC: 0.8594
Std Test Accuracy: 0.1975
Std Test AUC: 0.0560

--- Round 334/500 ---
Averaged Train Loss: 1.3006
Averaged Test Accuracy: 0.5176
Averaged Test AUC: 0.8732
Std Test Accuracy: 0.1484
Std Test AUC: 0.0408

--- Round 335/500 ---
Averaged Train Loss: 1.3969
Averaged Test Accuracy: 0.4837
Averaged Test AUC: 0.8659
Std Test Accuracy: 0.1889
Std Test AUC: 0.0574

--- Round 336/500 ---
Averaged Train Loss: 1.4024
Averaged Test Accuracy: 0.4820
Averaged Test AUC: 0.8689
Std Test Accuracy: 0.1955
Std Test AUC: 0.0463

--- Round 337/500 ---
Averaged Train Loss: 1.2737
Averaged Test Accuracy: 0.5283
Averaged Test AUC: 0.8757
Std Test Accuracy: 0.1049
Std Test AUC: 0.0346

--- Round 338/500 ---
Averaged Train Loss: 1.3158
Averaged Test Accuracy: 0.5126
Averaged Test AUC: 0.8721
Std Test Accuracy: 0.1528
Std Test AUC: 0.0462

--- Round 339/500 ---
Averaged Train Loss: 1.3252
Averaged Test Accuracy: 0.5061
Averaged Test AUC: 0.8718
Std Test Accuracy: 0.1579
Std Test AUC: 0.0421

--- Round 340/500 ---
Averaged Train Loss: 1.3565
Averaged Test Accuracy: 0.4988
Averaged Test AUC: 0.8708
Std Test Accuracy: 0.1694
Std Test AUC: 0.0428

--- Round 341/500 ---
Averaged Train Loss: 1.3271
Averaged Test Accuracy: 0.5046
Averaged Test AUC: 0.8706
Std Test Accuracy: 0.1692
Std Test AUC: 0.0468

--- Round 342/500 ---
Averaged Train Loss: 1.3539
Averaged Test Accuracy: 0.5046
Averaged Test AUC: 0.8632
Std Test Accuracy: 0.1623
Std Test AUC: 0.0592

--- Round 343/500 ---
Averaged Train Loss: 1.2745
Averaged Test Accuracy: 0.5266
Averaged Test AUC: 0.8765
Std Test Accuracy: 0.1099
Std Test AUC: 0.0278

--- Round 344/500 ---
Averaged Train Loss: 1.3035
Averaged Test Accuracy: 0.5154
Averaged Test AUC: 0.8719
Std Test Accuracy: 0.1648
Std Test AUC: 0.0472

--- Round 345/500 ---
Averaged Train Loss: 1.4192
Averaged Test Accuracy: 0.4693
Averaged Test AUC: 0.8601
Std Test Accuracy: 0.1569
Std Test AUC: 0.0461

--- Round 346/500 ---
Averaged Train Loss: 1.2978
Averaged Test Accuracy: 0.5209
Averaged Test AUC: 0.8737
Std Test Accuracy: 0.1078
Std Test AUC: 0.0309

--- Round 347/500 ---
Averaged Train Loss: 1.3290
Averaged Test Accuracy: 0.5088
Averaged Test AUC: 0.8700
Std Test Accuracy: 0.1676
Std Test AUC: 0.0525

--- Round 348/500 ---
Averaged Train Loss: 1.4013
Averaged Test Accuracy: 0.4759
Averaged Test AUC: 0.8662
Std Test Accuracy: 0.1823
Std Test AUC: 0.0480

--- Round 349/500 ---
Averaged Train Loss: 1.3484
Averaged Test Accuracy: 0.5028
Averaged Test AUC: 0.8703
Std Test Accuracy: 0.1709
Std Test AUC: 0.0515

--- Round 350/500 ---
Averaged Train Loss: 1.3805
Averaged Test Accuracy: 0.4778
Averaged Test AUC: 0.8642
Std Test Accuracy: 0.1352
Std Test AUC: 0.0392

--- Round 351/500 ---
Averaged Train Loss: 1.3084
Averaged Test Accuracy: 0.5137
Averaged Test AUC: 0.8736
Std Test Accuracy: 0.1617
Std Test AUC: 0.0444

--- Round 352/500 ---
Averaged Train Loss: 1.2673
Averaged Test Accuracy: 0.5266
Averaged Test AUC: 0.8769
Std Test Accuracy: 0.1116
Std Test AUC: 0.0279

--- Round 353/500 ---
Averaged Train Loss: 1.2896
Averaged Test Accuracy: 0.5185
Averaged Test AUC: 0.8743
Std Test Accuracy: 0.1184
Std Test AUC: 0.0311

--- Round 354/500 ---
Averaged Train Loss: 1.4454
Averaged Test Accuracy: 0.4643
Averaged Test AUC: 0.8578
Std Test Accuracy: 0.1760
Std Test AUC: 0.0522

--- Round 355/500 ---
Averaged Train Loss: 1.2591
Averaged Test Accuracy: 0.5303
Averaged Test AUC: 0.8775
Std Test Accuracy: 0.1130
Std Test AUC: 0.0273

--- Round 356/500 ---
Averaged Train Loss: 1.3089
Averaged Test Accuracy: 0.5187
Averaged Test AUC: 0.8715
Std Test Accuracy: 0.1463
Std Test AUC: 0.0438

--- Round 357/500 ---
Averaged Train Loss: 1.3302
Averaged Test Accuracy: 0.5170
Averaged Test AUC: 0.8692
Std Test Accuracy: 0.1835
Std Test AUC: 0.0645

--- Round 358/500 ---
Averaged Train Loss: 1.3079
Averaged Test Accuracy: 0.5122
Averaged Test AUC: 0.8730
Std Test Accuracy: 0.1602
Std Test AUC: 0.0429

--- Round 359/500 ---
Averaged Train Loss: 1.2892
Averaged Test Accuracy: 0.5217
Averaged Test AUC: 0.8759
Std Test Accuracy: 0.1101
Std Test AUC: 0.0292

--- Round 360/500 ---
Averaged Train Loss: 1.3033
Averaged Test Accuracy: 0.5200
Averaged Test AUC: 0.8732
Std Test Accuracy: 0.1120
Std Test AUC: 0.0340

--- Round 361/500 ---
Averaged Train Loss: 1.2757
Averaged Test Accuracy: 0.5242
Averaged Test AUC: 0.8746
Std Test Accuracy: 0.1208
Std Test AUC: 0.0337

--- Round 362/500 ---
Averaged Train Loss: 1.2999
Averaged Test Accuracy: 0.5184
Averaged Test AUC: 0.8712
Std Test Accuracy: 0.1655
Std Test AUC: 0.0567

--- Round 363/500 ---
Averaged Train Loss: 1.3087
Averaged Test Accuracy: 0.5158
Averaged Test AUC: 0.8720
Std Test Accuracy: 0.1464
Std Test AUC: 0.0424

--- Round 364/500 ---
Averaged Train Loss: 1.2816
Averaged Test Accuracy: 0.5208
Averaged Test AUC: 0.8753
Std Test Accuracy: 0.1416
Std Test AUC: 0.0344

--- Round 365/500 ---
Averaged Train Loss: 1.3825
Averaged Test Accuracy: 0.4872
Averaged Test AUC: 0.8621
Std Test Accuracy: 0.1524
Std Test AUC: 0.0494

--- Round 366/500 ---
Averaged Train Loss: 1.3137
Averaged Test Accuracy: 0.5108
Averaged Test AUC: 0.8722
Std Test Accuracy: 0.1708
Std Test AUC: 0.0554

--- Round 367/500 ---
Averaged Train Loss: 1.2488
Averaged Test Accuracy: 0.5344
Averaged Test AUC: 0.8782
Std Test Accuracy: 0.1155
Std Test AUC: 0.0332

--- Round 368/500 ---
Averaged Train Loss: 1.3445
Averaged Test Accuracy: 0.4953
Averaged Test AUC: 0.8698
Std Test Accuracy: 0.1349
Std Test AUC: 0.0352

--- Round 369/500 ---
Averaged Train Loss: 1.2866
Averaged Test Accuracy: 0.5228
Averaged Test AUC: 0.8760
Std Test Accuracy: 0.1388
Std Test AUC: 0.0374

--- Round 370/500 ---
Averaged Train Loss: 1.3637
Averaged Test Accuracy: 0.4992
Averaged Test AUC: 0.8697
Std Test Accuracy: 0.1993
Std Test AUC: 0.0569

--- Round 371/500 ---
Averaged Train Loss: 1.4081
Averaged Test Accuracy: 0.4758
Averaged Test AUC: 0.8617
Std Test Accuracy: 0.1804
Std Test AUC: 0.0522

--- Round 372/500 ---
Averaged Train Loss: 1.3345
Averaged Test Accuracy: 0.4975
Averaged Test AUC: 0.8700
Std Test Accuracy: 0.1602
Std Test AUC: 0.0419

--- Round 373/500 ---
Averaged Train Loss: 1.3328
Averaged Test Accuracy: 0.5001
Averaged Test AUC: 0.8718
Std Test Accuracy: 0.1551
Std Test AUC: 0.0409

--- Round 374/500 ---
Averaged Train Loss: 1.2626
Averaged Test Accuracy: 0.5317
Averaged Test AUC: 0.8776
Std Test Accuracy: 0.1421
Std Test AUC: 0.0418

--- Round 375/500 ---
Averaged Train Loss: 1.2596
Averaged Test Accuracy: 0.5309
Averaged Test AUC: 0.8763
Std Test Accuracy: 0.1318
Std Test AUC: 0.0436

--- Round 376/500 ---
Averaged Train Loss: 1.3001
Averaged Test Accuracy: 0.5176
Averaged Test AUC: 0.8735
Std Test Accuracy: 0.1800
Std Test AUC: 0.0533

--- Round 377/500 ---
Averaged Train Loss: 1.2998
Averaged Test Accuracy: 0.5209
Averaged Test AUC: 0.8759
Std Test Accuracy: 0.1417
Std Test AUC: 0.0434

--- Round 378/500 ---
Averaged Train Loss: 1.2824
Averaged Test Accuracy: 0.5237
Averaged Test AUC: 0.8748
Std Test Accuracy: 0.1634
Std Test AUC: 0.0470

--- Round 379/500 ---
Averaged Train Loss: 1.4959
Averaged Test Accuracy: 0.4424
Averaged Test AUC: 0.8566
Std Test Accuracy: 0.1796
Std Test AUC: 0.0490

--- Round 380/500 ---
Averaged Train Loss: 1.3438
Averaged Test Accuracy: 0.4906
Averaged Test AUC: 0.8663
Std Test Accuracy: 0.1221
Std Test AUC: 0.0386

--- Round 381/500 ---
Averaged Train Loss: 1.3656
Averaged Test Accuracy: 0.4892
Averaged Test AUC: 0.8689
Std Test Accuracy: 0.1767
Std Test AUC: 0.0501

--- Round 382/500 ---
Averaged Train Loss: 1.2875
Averaged Test Accuracy: 0.5232
Averaged Test AUC: 0.8755
Std Test Accuracy: 0.1329
Std Test AUC: 0.0416

--- Round 383/500 ---
Averaged Train Loss: 1.4267
Averaged Test Accuracy: 0.4709
Averaged Test AUC: 0.8574
Std Test Accuracy: 0.1462
Std Test AUC: 0.0576

--- Round 384/500 ---
Averaged Train Loss: 1.3197
Averaged Test Accuracy: 0.5112
Averaged Test AUC: 0.8715
Std Test Accuracy: 0.1828
Std Test AUC: 0.0547

--- Round 385/500 ---
Averaged Train Loss: 1.3351
Averaged Test Accuracy: 0.5057
Averaged Test AUC: 0.8718
Std Test Accuracy: 0.1732
Std Test AUC: 0.0491

--- Round 386/500 ---
Averaged Train Loss: 1.4260
Averaged Test Accuracy: 0.4711
Averaged Test AUC: 0.8604
Std Test Accuracy: 0.1731
Std Test AUC: 0.0498

--- Round 387/500 ---
Averaged Train Loss: 1.2641
Averaged Test Accuracy: 0.5266
Averaged Test AUC: 0.8766
Std Test Accuracy: 0.1597
Std Test AUC: 0.0433

--- Round 388/500 ---
Averaged Train Loss: 1.2495
Averaged Test Accuracy: 0.5329
Averaged Test AUC: 0.8777
Std Test Accuracy: 0.1182
Std Test AUC: 0.0300

--- Round 389/500 ---
Averaged Train Loss: 1.2833
Averaged Test Accuracy: 0.5234
Averaged Test AUC: 0.8753
Std Test Accuracy: 0.1481
Std Test AUC: 0.0398

--- Round 390/500 ---
Averaged Train Loss: 1.2315
Averaged Test Accuracy: 0.5408
Averaged Test AUC: 0.8808
Std Test Accuracy: 0.1165
Std Test AUC: 0.0302

--- Round 391/500 ---
Averaged Train Loss: 1.2805
Averaged Test Accuracy: 0.5216
Averaged Test AUC: 0.8753
Std Test Accuracy: 0.1391
Std Test AUC: 0.0399

--- Round 392/500 ---
Averaged Train Loss: 1.3343
Averaged Test Accuracy: 0.4973
Averaged Test AUC: 0.8669
Std Test Accuracy: 0.1260
Std Test AUC: 0.0424

--- Round 393/500 ---
Averaged Train Loss: 1.2701
Averaged Test Accuracy: 0.5251
Averaged Test AUC: 0.8754
Std Test Accuracy: 0.1616
Std Test AUC: 0.0451

--- Round 394/500 ---
Averaged Train Loss: 1.3210
Averaged Test Accuracy: 0.5099
Averaged Test AUC: 0.8749
Std Test Accuracy: 0.1803
Std Test AUC: 0.0492

--- Round 395/500 ---
Averaged Train Loss: 1.3694
Averaged Test Accuracy: 0.4817
Averaged Test AUC: 0.8656
Std Test Accuracy: 0.1385
Std Test AUC: 0.0404

--- Round 396/500 ---
Averaged Train Loss: 1.4526
Averaged Test Accuracy: 0.4500
Averaged Test AUC: 0.8635
Std Test Accuracy: 0.1839
Std Test AUC: 0.0446

--- Round 397/500 ---
Averaged Train Loss: 1.2468
Averaged Test Accuracy: 0.5337
Averaged Test AUC: 0.8788
Std Test Accuracy: 0.1420
Std Test AUC: 0.0367

--- Round 398/500 ---
Averaged Train Loss: 1.2976
Averaged Test Accuracy: 0.5192
Averaged Test AUC: 0.8760
Std Test Accuracy: 0.1502
Std Test AUC: 0.0396

--- Round 399/500 ---
Averaged Train Loss: 1.3963
Averaged Test Accuracy: 0.4797
Averaged Test AUC: 0.8686
Std Test Accuracy: 0.1817
Std Test AUC: 0.0459

--- Round 400/500 ---
Averaged Train Loss: 1.2626
Averaged Test Accuracy: 0.5285
Averaged Test AUC: 0.8762
Std Test Accuracy: 0.1525
Std Test AUC: 0.0458

--- Round 401/500 ---
Averaged Train Loss: 1.3414
Averaged Test Accuracy: 0.5017
Averaged Test AUC: 0.8663
Std Test Accuracy: 0.1397
Std Test AUC: 0.0511

--- Round 402/500 ---
Averaged Train Loss: 1.3986
Averaged Test Accuracy: 0.4796
Averaged Test AUC: 0.8666
Std Test Accuracy: 0.1924
Std Test AUC: 0.0506

--- Round 403/500 ---
Averaged Train Loss: 1.2462
Averaged Test Accuracy: 0.5349
Averaged Test AUC: 0.8784
Std Test Accuracy: 0.1079
Std Test AUC: 0.0296

--- Round 404/500 ---
Averaged Train Loss: 1.2493
Averaged Test Accuracy: 0.5330
Averaged Test AUC: 0.8779
Std Test Accuracy: 0.1368
Std Test AUC: 0.0411

--- Round 405/500 ---
Averaged Train Loss: 1.3483
Averaged Test Accuracy: 0.4889
Averaged Test AUC: 0.8676
Std Test Accuracy: 0.1298
Std Test AUC: 0.0386

--- Round 406/500 ---
Averaged Train Loss: 1.2540
Averaged Test Accuracy: 0.5345
Averaged Test AUC: 0.8782
Std Test Accuracy: 0.1460
Std Test AUC: 0.0389

--- Round 407/500 ---
Averaged Train Loss: 1.3006
Averaged Test Accuracy: 0.5184
Averaged Test AUC: 0.8738
Std Test Accuracy: 0.1749
Std Test AUC: 0.0476

--- Round 408/500 ---
Averaged Train Loss: 1.4524
Averaged Test Accuracy: 0.4626
Averaged Test AUC: 0.8576
Std Test Accuracy: 0.1665
Std Test AUC: 0.0561

--- Round 409/500 ---
Averaged Train Loss: 1.2426
Averaged Test Accuracy: 0.5350
Averaged Test AUC: 0.8805
Std Test Accuracy: 0.1226
Std Test AUC: 0.0302

--- Round 410/500 ---
Averaged Train Loss: 1.3418
Averaged Test Accuracy: 0.5020
Averaged Test AUC: 0.8730
Std Test Accuracy: 0.1823
Std Test AUC: 0.0479

--- Round 411/500 ---
Averaged Train Loss: 1.3019
Averaged Test Accuracy: 0.5152
Averaged Test AUC: 0.8754
Std Test Accuracy: 0.1548
Std Test AUC: 0.0416

--- Round 412/500 ---
Averaged Train Loss: 1.2552
Averaged Test Accuracy: 0.5309
Averaged Test AUC: 0.8785
Std Test Accuracy: 0.1518
Std Test AUC: 0.0433

--- Round 413/500 ---
Averaged Train Loss: 1.3081
Averaged Test Accuracy: 0.5168
Averaged Test AUC: 0.8732
Std Test Accuracy: 0.1603
Std Test AUC: 0.0442

--- Round 414/500 ---
Averaged Train Loss: 1.2762
Averaged Test Accuracy: 0.5242
Averaged Test AUC: 0.8778
Std Test Accuracy: 0.1304
Std Test AUC: 0.0337

--- Round 415/500 ---
Averaged Train Loss: 1.2534
Averaged Test Accuracy: 0.5341
Averaged Test AUC: 0.8788
Std Test Accuracy: 0.1372
Std Test AUC: 0.0375

--- Round 416/500 ---
Averaged Train Loss: 1.2787
Averaged Test Accuracy: 0.5251
Averaged Test AUC: 0.8758
Std Test Accuracy: 0.1646
Std Test AUC: 0.0512

--- Round 417/500 ---
Averaged Train Loss: 1.3039
Averaged Test Accuracy: 0.5204
Averaged Test AUC: 0.8743
Std Test Accuracy: 0.1523
Std Test AUC: 0.0425

--- Round 418/500 ---
Averaged Train Loss: 1.3405
Averaged Test Accuracy: 0.4916
Averaged Test AUC: 0.8684
Std Test Accuracy: 0.1297
Std Test AUC: 0.0364

--- Round 419/500 ---
Averaged Train Loss: 1.2494
Averaged Test Accuracy: 0.5318
Averaged Test AUC: 0.8792
Std Test Accuracy: 0.1480
Std Test AUC: 0.0413

--- Round 420/500 ---
Averaged Train Loss: 1.3695
Averaged Test Accuracy: 0.4911
Averaged Test AUC: 0.8682
Std Test Accuracy: 0.1920
Std Test AUC: 0.0536

--- Round 421/500 ---
Averaged Train Loss: 1.2841
Averaged Test Accuracy: 0.5273
Averaged Test AUC: 0.8753
Std Test Accuracy: 0.1643
Std Test AUC: 0.0476

--- Round 422/500 ---
Averaged Train Loss: 1.2612
Averaged Test Accuracy: 0.5291
Averaged Test AUC: 0.8781
Std Test Accuracy: 0.1519
Std Test AUC: 0.0433

--- Round 423/500 ---
Averaged Train Loss: 1.2718
Averaged Test Accuracy: 0.5270
Averaged Test AUC: 0.8785
Std Test Accuracy: 0.1434
Std Test AUC: 0.0375

--- Round 424/500 ---
Averaged Train Loss: 1.3179
Averaged Test Accuracy: 0.5126
Averaged Test AUC: 0.8719
Std Test Accuracy: 0.1676
Std Test AUC: 0.0546

--- Round 425/500 ---
Averaged Train Loss: 1.3228
Averaged Test Accuracy: 0.5082
Averaged Test AUC: 0.8690
Std Test Accuracy: 0.1540
Std Test AUC: 0.0522

--- Round 426/500 ---
Averaged Train Loss: 1.2487
Averaged Test Accuracy: 0.5312
Averaged Test AUC: 0.8765
Std Test Accuracy: 0.1180
Std Test AUC: 0.0345

--- Round 427/500 ---
Averaged Train Loss: 1.2439
Averaged Test Accuracy: 0.5371
Averaged Test AUC: 0.8791
Std Test Accuracy: 0.1510
Std Test AUC: 0.0417

--- Round 428/500 ---
Averaged Train Loss: 1.3111
Averaged Test Accuracy: 0.5080
Averaged Test AUC: 0.8710
Std Test Accuracy: 0.1189
Std Test AUC: 0.0346

--- Round 429/500 ---
Averaged Train Loss: 1.2682
Averaged Test Accuracy: 0.5218
Averaged Test AUC: 0.8765
Std Test Accuracy: 0.1314
Std Test AUC: 0.0357

--- Round 430/500 ---
Averaged Train Loss: 1.2538
Averaged Test Accuracy: 0.5320
Averaged Test AUC: 0.8798
Std Test Accuracy: 0.1513
Std Test AUC: 0.0408

--- Round 431/500 ---
Averaged Train Loss: 1.2904
Averaged Test Accuracy: 0.5232
Averaged Test AUC: 0.8724
Std Test Accuracy: 0.1695
Std Test AUC: 0.0615

--- Round 432/500 ---
Averaged Train Loss: 1.2263
Averaged Test Accuracy: 0.5416
Averaged Test AUC: 0.8808
Std Test Accuracy: 0.1428
Std Test AUC: 0.0387

--- Round 433/500 ---
Averaged Train Loss: 1.3067
Averaged Test Accuracy: 0.5172
Averaged Test AUC: 0.8746
Std Test Accuracy: 0.1852
Std Test AUC: 0.0522

--- Round 434/500 ---
Averaged Train Loss: 1.3605
Averaged Test Accuracy: 0.5029
Averaged Test AUC: 0.8649
Std Test Accuracy: 0.1809
Std Test AUC: 0.0606

--- Round 435/500 ---
Averaged Train Loss: 1.3015
Averaged Test Accuracy: 0.5129
Averaged Test AUC: 0.8719
Std Test Accuracy: 0.1233
Std Test AUC: 0.0356

--- Round 436/500 ---
Averaged Train Loss: 1.2931
Averaged Test Accuracy: 0.5170
Averaged Test AUC: 0.8746
Std Test Accuracy: 0.1306
Std Test AUC: 0.0365

--- Round 437/500 ---
Averaged Train Loss: 1.2370
Averaged Test Accuracy: 0.5410
Averaged Test AUC: 0.8798
Std Test Accuracy: 0.1544
Std Test AUC: 0.0459

--- Round 438/500 ---
Averaged Train Loss: 1.2767
Averaged Test Accuracy: 0.5263
Averaged Test AUC: 0.8787
Std Test Accuracy: 0.1604
Std Test AUC: 0.0407

--- Round 439/500 ---
Averaged Train Loss: 1.3905
Averaged Test Accuracy: 0.4828
Averaged Test AUC: 0.8643
Std Test Accuracy: 0.1705
Std Test AUC: 0.0480

--- Round 440/500 ---
Averaged Train Loss: 1.2419
Averaged Test Accuracy: 0.5306
Averaged Test AUC: 0.8789
Std Test Accuracy: 0.1502
Std Test AUC: 0.0422

--- Round 441/500 ---
Averaged Train Loss: 1.2445
Averaged Test Accuracy: 0.5338
Averaged Test AUC: 0.8800
Std Test Accuracy: 0.1408
Std Test AUC: 0.0326

--- Round 442/500 ---
Averaged Train Loss: 1.3371
Averaged Test Accuracy: 0.5048
Averaged Test AUC: 0.8676
Std Test Accuracy: 0.1545
Std Test AUC: 0.0545

--- Round 443/500 ---
Averaged Train Loss: 1.3371
Averaged Test Accuracy: 0.5019
Averaged Test AUC: 0.8723
Std Test Accuracy: 0.1801
Std Test AUC: 0.0485

--- Round 444/500 ---
Averaged Train Loss: 1.5872
Averaged Test Accuracy: 0.4283
Averaged Test AUC: 0.8513
Std Test Accuracy: 0.2150
Std Test AUC: 0.0632

--- Round 445/500 ---
Averaged Train Loss: 1.2623
Averaged Test Accuracy: 0.5257
Averaged Test AUC: 0.8772
Std Test Accuracy: 0.1458
Std Test AUC: 0.0378

--- Round 446/500 ---
Averaged Train Loss: 1.3327
Averaged Test Accuracy: 0.5071
Averaged Test AUC: 0.8687
Std Test Accuracy: 0.1707
Std Test AUC: 0.0545

--- Round 447/500 ---
Averaged Train Loss: 1.2501
Averaged Test Accuracy: 0.5339
Averaged Test AUC: 0.8800
Std Test Accuracy: 0.1559
Std Test AUC: 0.0398

--- Round 448/500 ---
Averaged Train Loss: 1.2439
Averaged Test Accuracy: 0.5341
Averaged Test AUC: 0.8798
Std Test Accuracy: 0.1321
Std Test AUC: 0.0375

--- Round 449/500 ---
Averaged Train Loss: 1.2338
Averaged Test Accuracy: 0.5382
Averaged Test AUC: 0.8808
Std Test Accuracy: 0.1248
Std Test AUC: 0.0310

--- Round 450/500 ---
Averaged Train Loss: 1.2363
Averaged Test Accuracy: 0.5347
Averaged Test AUC: 0.8794
Std Test Accuracy: 0.1012
Std Test AUC: 0.0292

--- Round 451/500 ---
Averaged Train Loss: 1.2671
Averaged Test Accuracy: 0.5210
Averaged Test AUC: 0.8783
Std Test Accuracy: 0.1670
Std Test AUC: 0.0442

--- Round 452/500 ---
Averaged Train Loss: 1.2390
Averaged Test Accuracy: 0.5356
Averaged Test AUC: 0.8796
Std Test Accuracy: 0.1023
Std Test AUC: 0.0291

--- Round 453/500 ---
Averaged Train Loss: 1.2707
Averaged Test Accuracy: 0.5230
Averaged Test AUC: 0.8786
Std Test Accuracy: 0.1284
Std Test AUC: 0.0316

--- Round 454/500 ---
Averaged Train Loss: 1.3953
Averaged Test Accuracy: 0.4784
Averaged Test AUC: 0.8630
Std Test Accuracy: 0.1662
Std Test AUC: 0.0483

--- Round 455/500 ---
Averaged Train Loss: 1.2091
Averaged Test Accuracy: 0.5462
Averaged Test AUC: 0.8818
Std Test Accuracy: 0.1279
Std Test AUC: 0.0344

--- Round 456/500 ---
Averaged Train Loss: 1.4061
Averaged Test Accuracy: 0.4761
Averaged Test AUC: 0.8637
Std Test Accuracy: 0.1766
Std Test AUC: 0.0561

--- Round 457/500 ---
Averaged Train Loss: 1.3110
Averaged Test Accuracy: 0.5193
Averaged Test AUC: 0.8686
Std Test Accuracy: 0.1440
Std Test AUC: 0.0488

--- Round 458/500 ---
Averaged Train Loss: 1.4584
Averaged Test Accuracy: 0.4589
Averaged Test AUC: 0.8644
Std Test Accuracy: 0.1972
Std Test AUC: 0.0530

--- Round 459/500 ---
Averaged Train Loss: 1.2451
Averaged Test Accuracy: 0.5367
Averaged Test AUC: 0.8768
Std Test Accuracy: 0.1364
Std Test AUC: 0.0466

--- Round 460/500 ---
Averaged Train Loss: 1.3165
Averaged Test Accuracy: 0.5101
Averaged Test AUC: 0.8706
Std Test Accuracy: 0.1447
Std Test AUC: 0.0469

--- Round 461/500 ---
Averaged Train Loss: 1.3057
Averaged Test Accuracy: 0.5196
Averaged Test AUC: 0.8733
Std Test Accuracy: 0.1449
Std Test AUC: 0.0437

--- Round 462/500 ---
Averaged Train Loss: 1.2059
Averaged Test Accuracy: 0.5470
Averaged Test AUC: 0.8823
Std Test Accuracy: 0.1222
Std Test AUC: 0.0332

--- Round 463/500 ---
Averaged Train Loss: 1.2504
Averaged Test Accuracy: 0.5342
Averaged Test AUC: 0.8798
Std Test Accuracy: 0.1348
Std Test AUC: 0.0391

--- Round 464/500 ---
Averaged Train Loss: 1.3642
Averaged Test Accuracy: 0.4895
Averaged Test AUC: 0.8659
Std Test Accuracy: 0.1544
Std Test AUC: 0.0453

--- Round 465/500 ---
Averaged Train Loss: 1.2279
Averaged Test Accuracy: 0.5407
Averaged Test AUC: 0.8793
Std Test Accuracy: 0.1115
Std Test AUC: 0.0329

--- Round 466/500 ---
Averaged Train Loss: 1.2992
Averaged Test Accuracy: 0.5180
Averaged Test AUC: 0.8766
Std Test Accuracy: 0.1714
Std Test AUC: 0.0434

--- Round 467/500 ---
Averaged Train Loss: 1.2296
Averaged Test Accuracy: 0.5389
Averaged Test AUC: 0.8787
Std Test Accuracy: 0.1416
Std Test AUC: 0.0422

--- Round 468/500 ---
Averaged Train Loss: 1.2340
Averaged Test Accuracy: 0.5412
Averaged Test AUC: 0.8791
Std Test Accuracy: 0.1184
Std Test AUC: 0.0392

--- Round 469/500 ---
Averaged Train Loss: 1.3167
Averaged Test Accuracy: 0.5098
Averaged Test AUC: 0.8752
Std Test Accuracy: 0.1829
Std Test AUC: 0.0488

--- Round 470/500 ---
Averaged Train Loss: 1.2087
Averaged Test Accuracy: 0.5488
Averaged Test AUC: 0.8828
Std Test Accuracy: 0.1298
Std Test AUC: 0.0379

--- Round 471/500 ---
Averaged Train Loss: 1.3359
Averaged Test Accuracy: 0.5084
Averaged Test AUC: 0.8720
Std Test Accuracy: 0.1935
Std Test AUC: 0.0515

--- Round 472/500 ---
Averaged Train Loss: 1.3014
Averaged Test Accuracy: 0.5226
Averaged Test AUC: 0.8749
Std Test Accuracy: 0.1922
Std Test AUC: 0.0527

--- Round 473/500 ---
Averaged Train Loss: 1.2374
Averaged Test Accuracy: 0.5345
Averaged Test AUC: 0.8795
Std Test Accuracy: 0.1471
Std Test AUC: 0.0414

--- Round 474/500 ---
Averaged Train Loss: 1.4296
Averaged Test Accuracy: 0.4697
Averaged Test AUC: 0.8608
Std Test Accuracy: 0.1509
Std Test AUC: 0.0519

--- Round 475/500 ---
Averaged Train Loss: 1.2672
Averaged Test Accuracy: 0.5216
Averaged Test AUC: 0.8776
Std Test Accuracy: 0.1427
Std Test AUC: 0.0371

--- Round 476/500 ---
Averaged Train Loss: 1.2417
Averaged Test Accuracy: 0.5381
Averaged Test AUC: 0.8810
Std Test Accuracy: 0.1287
Std Test AUC: 0.0359

--- Round 477/500 ---
Averaged Train Loss: 1.2832
Averaged Test Accuracy: 0.5255
Averaged Test AUC: 0.8760
Std Test Accuracy: 0.1412
Std Test AUC: 0.0417

--- Round 478/500 ---
Averaged Train Loss: 1.2494
Averaged Test Accuracy: 0.5323
Averaged Test AUC: 0.8793
Std Test Accuracy: 0.1594
Std Test AUC: 0.0443

--- Round 479/500 ---
Averaged Train Loss: 1.2593
Averaged Test Accuracy: 0.5307
Averaged Test AUC: 0.8787
Std Test Accuracy: 0.1571
Std Test AUC: 0.0473

--- Round 480/500 ---
Averaged Train Loss: 1.3055
Averaged Test Accuracy: 0.5152
Averaged Test AUC: 0.8744
Std Test Accuracy: 0.1541
Std Test AUC: 0.0436

--- Round 481/500 ---
Averaged Train Loss: 1.2581
Averaged Test Accuracy: 0.5274
Averaged Test AUC: 0.8792
Std Test Accuracy: 0.1523
Std Test AUC: 0.0371

--- Round 482/500 ---
Averaged Train Loss: 1.2438
Averaged Test Accuracy: 0.5369
Averaged Test AUC: 0.8791
Std Test Accuracy: 0.1234
Std Test AUC: 0.0383

--- Round 483/500 ---
Averaged Train Loss: 1.3815
Averaged Test Accuracy: 0.4858
Averaged Test AUC: 0.8642
Std Test Accuracy: 0.1645
Std Test AUC: 0.0494

--- Round 484/500 ---
Averaged Train Loss: 1.2633
Averaged Test Accuracy: 0.5265
Averaged Test AUC: 0.8799
Std Test Accuracy: 0.1537
Std Test AUC: 0.0365

--- Round 485/500 ---
Averaged Train Loss: 1.2301
Averaged Test Accuracy: 0.5375
Averaged Test AUC: 0.8820
Std Test Accuracy: 0.1410
Std Test AUC: 0.0386

--- Round 486/500 ---
Averaged Train Loss: 1.2498
Averaged Test Accuracy: 0.5269
Averaged Test AUC: 0.8776
Std Test Accuracy: 0.1257
Std Test AUC: 0.0327

--- Round 487/500 ---
Averaged Train Loss: 1.2685
Averaged Test Accuracy: 0.5282
Averaged Test AUC: 0.8763
Std Test Accuracy: 0.1637
Std Test AUC: 0.0534

--- Round 488/500 ---
Averaged Train Loss: 1.2419
Averaged Test Accuracy: 0.5344
Averaged Test AUC: 0.8803
Std Test Accuracy: 0.1542
Std Test AUC: 0.0405

--- Round 489/500 ---
Averaged Train Loss: 1.2660
Averaged Test Accuracy: 0.5277
Averaged Test AUC: 0.8786
Std Test Accuracy: 0.1533
Std Test AUC: 0.0416

--- Round 490/500 ---
Averaged Train Loss: 1.2471
Averaged Test Accuracy: 0.5356
Averaged Test AUC: 0.8781
Std Test Accuracy: 0.1574
Std Test AUC: 0.0476

--- Round 491/500 ---
Averaged Train Loss: 1.2219
Averaged Test Accuracy: 0.5439
Averaged Test AUC: 0.8810
Std Test Accuracy: 0.1418
Std Test AUC: 0.0420

--- Round 492/500 ---
Averaged Train Loss: 1.2842
Averaged Test Accuracy: 0.5176
Averaged Test AUC: 0.8742
Std Test Accuracy: 0.1206
Std Test AUC: 0.0331

--- Round 493/500 ---
Averaged Train Loss: 1.2208
Averaged Test Accuracy: 0.5361
Averaged Test AUC: 0.8809
Std Test Accuracy: 0.1099
Std Test AUC: 0.0278

--- Round 494/500 ---
Averaged Train Loss: 1.3598
Averaged Test Accuracy: 0.5033
Averaged Test AUC: 0.8662
Std Test Accuracy: 0.1705
Std Test AUC: 0.0648

--- Round 495/500 ---
Averaged Train Loss: 1.2512
Averaged Test Accuracy: 0.5331
Averaged Test AUC: 0.8792
Std Test Accuracy: 0.1583
Std Test AUC: 0.0497

--- Round 496/500 ---
Averaged Train Loss: 1.2469
Averaged Test Accuracy: 0.5361
Averaged Test AUC: 0.8793
Std Test Accuracy: 0.1591
Std Test AUC: 0.0487

--- Round 497/500 ---
Averaged Train Loss: 1.2790
Averaged Test Accuracy: 0.5266
Averaged Test AUC: 0.8780
Std Test Accuracy: 0.1583
Std Test AUC: 0.0460

--- Round 498/500 ---
Averaged Train Loss: 1.3303
Averaged Test Accuracy: 0.5082
Averaged Test AUC: 0.8689
Std Test Accuracy: 0.1643
Std Test AUC: 0.0573

--- Round 499/500 ---
Averaged Train Loss: 1.2251
Averaged Test Accuracy: 0.5433
Averaged Test AUC: 0.8803
Std Test Accuracy: 0.1427
Std Test AUC: 0.0443

--- Round 500/500 ---
Averaged Train Loss: 1.2884
Averaged Test Accuracy: 0.5160
Averaged Test AUC: 0.8768
Std Test Accuracy: 0.1605
Std Test AUC: 0.0422

========== Training Complete ==========
Best Test Accuracy: 0.5487626397019691
File path: ../results/Cifar10_FedEntPlusSmooth_smooth_trial01_0086_0.h5

Average time cost: 1736.21s.
Length:  501
std for best accuracy: 0.0
mean for best accuracy: 0.5487626397019691
All done!

Storage on cuda:0
-------------------------------------------------------------------------------
Total Tensors: 200306664 	Used Memory: 553.17M
The allocated memory on cuda:0: 571.29M
Memory differs due to the matrix alignment or invisible gradient buffer tensors
-------------------------------------------------------------------------------
