==================================================
goal = smooth_trial01_0055
device = cuda
device_id = 0
dataset = Cifar10
num_classes = 10
model = CNN
batch_size = 64
local_learning_rate = 0.01
learning_rate_decay = True
learning_rate_decay_gamma = 0.98
global_rounds = 500
top_cnt = 100
local_epochs = 5
algorithm = FedEntPlusSmooth
join_ratio = 0.1
random_join_ratio = False
num_clients = 100
prev = 0
times = 1
eval_gap = 1
save_folder_name = items
auto_break = False
dlg_eval = False
dlg_gap = 100
batch_num_per_client = 2
num_new_clients = 0
fine_tuning_epoch_new = 0
feature_dim = 512
vocab_size = 32000
max_len = 200
client_drop_rate = 0.0
train_slow_rate = 0.0
send_slow_rate = 0.0
time_select = False
time_threthold = 10000
beta = 0.0
lamda = 1.0
mu = 0.0
K = 5
p_learning_rate = 0.01
M = 5
itk = 4000
alphaK = 1.0
sigma = 1.0
alpha = 1.0
plocal_epochs = 1
tau = 1.0
fine_tuning_epochs = 10
dr_learning_rate = 0.0
L = 1.0
noise_dim = 512
generator_learning_rate = 0.005
hidden_dim = 512
server_epochs = 1000
localize_feature_extractor = False
server_learning_rate = 1.0
eta = 1.0
rand_percent = 80
layer_idx = 2
mentee_learning_rate = 0.005
T_start = 0.95
T_end = 0.98
momentum = 0.9
kl_weight = 0.0
buffer_size = 0
dp_epsilon = 0.0
H_min = None
alpha_vp = 0.0
enable_dynamic_param = False
log_fedent = False
log_filename = None
dynamic_config_path = /home/john/PFLlib/system/auto_configs/smooth_trial01_0055.json
==================================================

============= Running time: 0th =============
Creating server and clients ...
FedAvgCNN(
  (conv1): Sequential(
    (0): Conv2d(3, 32, kernel_size=(5, 5), stride=(1, 1))
    (1): ReLU(inplace=True)
    (2): MaxPool2d(kernel_size=(2, 2), stride=(2, 2), padding=0, dilation=1, ceil_mode=False)
  )
  (conv2): Sequential(
    (0): Conv2d(32, 64, kernel_size=(5, 5), stride=(1, 1))
    (1): ReLU(inplace=True)
    (2): MaxPool2d(kernel_size=(2, 2), stride=(2, 2), padding=0, dilation=1, ceil_mode=False)
  )
  (fc1): Sequential(
    (0): Linear(in_features=1600, out_features=512, bias=True)
    (1): ReLU(inplace=True)
  )
  (fc): Linear(in_features=512, out_features=10, bias=True)
)

Join ratio / total clients: 0.1 / 100
Finished creating server and clients.

--- Round 0/500 ---
Averaged Train Loss: 2.3038
Averaged Test Accuracy: 0.0928
Averaged Test AUC: 0.4894
Std Test Accuracy: 0.1434
Std Test AUC: 0.2233

--- Round 1/500 ---
Averaged Train Loss: 2.4186
Averaged Test Accuracy: 0.1036
Averaged Test AUC: 0.5071
Std Test Accuracy: 0.2025
Std Test AUC: 0.2392

--- Round 2/500 ---
Averaged Train Loss: 2.5746
Averaged Test Accuracy: 0.1394
Averaged Test AUC: 0.5261
Std Test Accuracy: 0.2021
Std Test AUC: 0.2475

--- Round 3/500 ---
Averaged Train Loss: 2.6393
Averaged Test Accuracy: 0.1424
Averaged Test AUC: 0.5393
Std Test Accuracy: 0.2178
Std Test AUC: 0.2439

--- Round 4/500 ---
Averaged Train Loss: 2.5508
Averaged Test Accuracy: 0.1480
Averaged Test AUC: 0.5651
Std Test Accuracy: 0.2074
Std Test AUC: 0.2392

--- Round 5/500 ---
Averaged Train Loss: 2.4260
Averaged Test Accuracy: 0.1569
Averaged Test AUC: 0.5841
Std Test Accuracy: 0.2164
Std Test AUC: 0.2354

--- Round 6/500 ---
Averaged Train Loss: 2.4095
Averaged Test Accuracy: 0.1541
Averaged Test AUC: 0.6084
Std Test Accuracy: 0.2221
Std Test AUC: 0.2182

--- Round 7/500 ---
Averaged Train Loss: 2.3375
Averaged Test Accuracy: 0.1906
Averaged Test AUC: 0.6285
Std Test Accuracy: 0.1876
Std Test AUC: 0.2020

--- Round 8/500 ---
Averaged Train Loss: 2.3028
Averaged Test Accuracy: 0.1871
Averaged Test AUC: 0.6457
Std Test Accuracy: 0.1914
Std Test AUC: 0.1778

--- Round 9/500 ---
Averaged Train Loss: 2.6329
Averaged Test Accuracy: 0.1586
Averaged Test AUC: 0.6365
Std Test Accuracy: 0.2087
Std Test AUC: 0.1765

--- Round 10/500 ---
Averaged Train Loss: 2.1040
Averaged Test Accuracy: 0.2257
Averaged Test AUC: 0.6973
Std Test Accuracy: 0.1840
Std Test AUC: 0.1492

--- Round 11/500 ---
Averaged Train Loss: 2.1614
Averaged Test Accuracy: 0.2280
Averaged Test AUC: 0.6821
Std Test Accuracy: 0.1876
Std Test AUC: 0.1621

--- Round 12/500 ---
Averaged Train Loss: 2.4643
Averaged Test Accuracy: 0.1790
Averaged Test AUC: 0.6673
Std Test Accuracy: 0.2055
Std Test AUC: 0.1539

--- Round 13/500 ---
Averaged Train Loss: 2.1407
Averaged Test Accuracy: 0.2282
Averaged Test AUC: 0.6996
Std Test Accuracy: 0.1885
Std Test AUC: 0.1406

--- Round 14/500 ---
Averaged Train Loss: 2.2298
Averaged Test Accuracy: 0.2104
Averaged Test AUC: 0.6947
Std Test Accuracy: 0.1831
Std Test AUC: 0.1426

--- Round 15/500 ---
Averaged Train Loss: 2.4276
Averaged Test Accuracy: 0.1780
Averaged Test AUC: 0.6883
Std Test Accuracy: 0.1986
Std Test AUC: 0.1375

--- Round 16/500 ---
Averaged Train Loss: 2.1990
Averaged Test Accuracy: 0.2172
Averaged Test AUC: 0.7006
Std Test Accuracy: 0.1956
Std Test AUC: 0.1435

--- Round 17/500 ---
Averaged Train Loss: 2.1489
Averaged Test Accuracy: 0.2179
Averaged Test AUC: 0.7129
Std Test Accuracy: 0.1907
Std Test AUC: 0.1467

--- Round 18/500 ---
Averaged Train Loss: 2.3128
Averaged Test Accuracy: 0.1928
Averaged Test AUC: 0.7154
Std Test Accuracy: 0.2042
Std Test AUC: 0.1179

--- Round 19/500 ---
Averaged Train Loss: 2.3931
Averaged Test Accuracy: 0.1920
Averaged Test AUC: 0.6921
Std Test Accuracy: 0.2173
Std Test AUC: 0.1536

--- Round 20/500 ---
Averaged Train Loss: 1.9695
Averaged Test Accuracy: 0.2646
Averaged Test AUC: 0.7353
Std Test Accuracy: 0.2077
Std Test AUC: 0.1274

--- Round 21/500 ---
Averaged Train Loss: 2.0153
Averaged Test Accuracy: 0.2492
Averaged Test AUC: 0.7347
Std Test Accuracy: 0.2318
Std Test AUC: 0.1465

--- Round 22/500 ---
Averaged Train Loss: 2.1369
Averaged Test Accuracy: 0.2141
Averaged Test AUC: 0.7265
Std Test Accuracy: 0.2029
Std Test AUC: 0.1314

--- Round 23/500 ---
Averaged Train Loss: 2.0955
Averaged Test Accuracy: 0.2503
Averaged Test AUC: 0.7252
Std Test Accuracy: 0.2059
Std Test AUC: 0.1486

--- Round 24/500 ---
Averaged Train Loss: 1.9427
Averaged Test Accuracy: 0.2853
Averaged Test AUC: 0.7516
Std Test Accuracy: 0.1742
Std Test AUC: 0.1184

--- Round 25/500 ---
Averaged Train Loss: 2.0154
Averaged Test Accuracy: 0.2774
Averaged Test AUC: 0.7390
Std Test Accuracy: 0.2311
Std Test AUC: 0.1501

--- Round 26/500 ---
Averaged Train Loss: 2.0262
Averaged Test Accuracy: 0.2422
Averaged Test AUC: 0.7413
Std Test Accuracy: 0.2031
Std Test AUC: 0.1365

--- Round 27/500 ---
Averaged Train Loss: 1.9709
Averaged Test Accuracy: 0.2688
Averaged Test AUC: 0.7534
Std Test Accuracy: 0.1995
Std Test AUC: 0.1185

--- Round 28/500 ---
Averaged Train Loss: 2.2653
Averaged Test Accuracy: 0.2162
Averaged Test AUC: 0.7298
Std Test Accuracy: 0.2130
Std Test AUC: 0.1183

--- Round 29/500 ---
Averaged Train Loss: 1.9453
Averaged Test Accuracy: 0.2869
Averaged Test AUC: 0.7558
Std Test Accuracy: 0.1817
Std Test AUC: 0.1318

--- Round 30/500 ---
Averaged Train Loss: 1.9575
Averaged Test Accuracy: 0.2783
Averaged Test AUC: 0.7558
Std Test Accuracy: 0.1879
Std Test AUC: 0.1318

--- Round 31/500 ---
Averaged Train Loss: 2.2235
Averaged Test Accuracy: 0.2342
Averaged Test AUC: 0.7301
Std Test Accuracy: 0.2120
Std Test AUC: 0.1398

--- Round 32/500 ---
Averaged Train Loss: 1.9929
Averaged Test Accuracy: 0.2613
Averaged Test AUC: 0.7563
Std Test Accuracy: 0.1924
Std Test AUC: 0.1187

--- Round 33/500 ---
Averaged Train Loss: 1.9747
Averaged Test Accuracy: 0.2686
Averaged Test AUC: 0.7648
Std Test Accuracy: 0.1782
Std Test AUC: 0.0971

--- Round 34/500 ---
Averaged Train Loss: 2.0946
Averaged Test Accuracy: 0.2399
Averaged Test AUC: 0.7492
Std Test Accuracy: 0.2128
Std Test AUC: 0.1118

--- Round 35/500 ---
Averaged Train Loss: 1.8812
Averaged Test Accuracy: 0.2924
Averaged Test AUC: 0.7764
Std Test Accuracy: 0.1811
Std Test AUC: 0.0972

--- Round 36/500 ---
Averaged Train Loss: 1.8672
Averaged Test Accuracy: 0.3091
Averaged Test AUC: 0.7750
Std Test Accuracy: 0.2046
Std Test AUC: 0.0983

--- Round 37/500 ---
Averaged Train Loss: 2.0895
Averaged Test Accuracy: 0.2553
Averaged Test AUC: 0.7514
Std Test Accuracy: 0.2019
Std Test AUC: 0.1230

--- Round 38/500 ---
Averaged Train Loss: 1.9310
Averaged Test Accuracy: 0.2996
Averaged Test AUC: 0.7649
Std Test Accuracy: 0.2073
Std Test AUC: 0.1247

--- Round 39/500 ---
Averaged Train Loss: 1.9458
Averaged Test Accuracy: 0.2924
Averaged Test AUC: 0.7623
Std Test Accuracy: 0.2016
Std Test AUC: 0.1310

--- Round 40/500 ---
Averaged Train Loss: 1.8732
Averaged Test Accuracy: 0.3070
Averaged Test AUC: 0.7763
Std Test Accuracy: 0.1935
Std Test AUC: 0.1071

--- Round 41/500 ---
Averaged Train Loss: 1.8429
Averaged Test Accuracy: 0.3295
Averaged Test AUC: 0.7810
Std Test Accuracy: 0.1965
Std Test AUC: 0.1086

--- Round 42/500 ---
Averaged Train Loss: 1.9254
Averaged Test Accuracy: 0.2865
Averaged Test AUC: 0.7737
Std Test Accuracy: 0.1838
Std Test AUC: 0.0961

--- Round 43/500 ---
Averaged Train Loss: 1.8924
Averaged Test Accuracy: 0.3179
Averaged Test AUC: 0.7748
Std Test Accuracy: 0.1668
Std Test AUC: 0.1099

--- Round 44/500 ---
Averaged Train Loss: 1.8249
Averaged Test Accuracy: 0.3282
Averaged Test AUC: 0.7842
Std Test Accuracy: 0.1931
Std Test AUC: 0.1015

--- Round 45/500 ---
Averaged Train Loss: 1.8103
Averaged Test Accuracy: 0.3426
Averaged Test AUC: 0.7865
Std Test Accuracy: 0.1811
Std Test AUC: 0.1054

--- Round 46/500 ---
Averaged Train Loss: 1.8424
Averaged Test Accuracy: 0.3262
Averaged Test AUC: 0.7831
Std Test Accuracy: 0.2356
Std Test AUC: 0.1126

--- Round 47/500 ---
Averaged Train Loss: 1.8628
Averaged Test Accuracy: 0.3224
Averaged Test AUC: 0.7807
Std Test Accuracy: 0.1748
Std Test AUC: 0.1052

--- Round 48/500 ---
Averaged Train Loss: 1.8876
Averaged Test Accuracy: 0.3026
Averaged Test AUC: 0.7845
Std Test Accuracy: 0.1770
Std Test AUC: 0.0860

--- Round 49/500 ---
Averaged Train Loss: 1.8481
Averaged Test Accuracy: 0.3201
Averaged Test AUC: 0.7840
Std Test Accuracy: 0.1622
Std Test AUC: 0.1003

--- Round 50/500 ---
Averaged Train Loss: 1.8616
Averaged Test Accuracy: 0.3222
Averaged Test AUC: 0.7836
Std Test Accuracy: 0.1864
Std Test AUC: 0.1075

--- Round 51/500 ---
Averaged Train Loss: 1.9890
Averaged Test Accuracy: 0.2841
Averaged Test AUC: 0.7709
Std Test Accuracy: 0.1947
Std Test AUC: 0.1012

--- Round 52/500 ---
Averaged Train Loss: 1.7608
Averaged Test Accuracy: 0.3447
Averaged Test AUC: 0.7981
Std Test Accuracy: 0.2061
Std Test AUC: 0.0842

--- Round 53/500 ---
Averaged Train Loss: 1.8197
Averaged Test Accuracy: 0.3268
Averaged Test AUC: 0.7894
Std Test Accuracy: 0.1609
Std Test AUC: 0.0911

--- Round 54/500 ---
Averaged Train Loss: 1.8315
Averaged Test Accuracy: 0.3421
Averaged Test AUC: 0.7870
Std Test Accuracy: 0.1679
Std Test AUC: 0.1041

--- Round 55/500 ---
Averaged Train Loss: 1.9302
Averaged Test Accuracy: 0.3054
Averaged Test AUC: 0.7782
Std Test Accuracy: 0.1802
Std Test AUC: 0.0971

--- Round 56/500 ---
Averaged Train Loss: 1.9014
Averaged Test Accuracy: 0.3028
Averaged Test AUC: 0.7852
Std Test Accuracy: 0.1746
Std Test AUC: 0.0874

--- Round 57/500 ---
Averaged Train Loss: 1.9860
Averaged Test Accuracy: 0.2870
Averaged Test AUC: 0.7755
Std Test Accuracy: 0.1973
Std Test AUC: 0.0950

--- Round 58/500 ---
Averaged Train Loss: 1.7820
Averaged Test Accuracy: 0.3397
Averaged Test AUC: 0.7981
Std Test Accuracy: 0.1907
Std Test AUC: 0.0799

--- Round 59/500 ---
Averaged Train Loss: 1.7794
Averaged Test Accuracy: 0.3573
Averaged Test AUC: 0.7949
Std Test Accuracy: 0.1566
Std Test AUC: 0.0977

--- Round 60/500 ---
Averaged Train Loss: 1.7357
Averaged Test Accuracy: 0.3711
Averaged Test AUC: 0.8017
Std Test Accuracy: 0.1698
Std Test AUC: 0.1038

--- Round 61/500 ---
Averaged Train Loss: 1.7771
Averaged Test Accuracy: 0.3559
Averaged Test AUC: 0.7947
Std Test Accuracy: 0.2075
Std Test AUC: 0.1114

--- Round 62/500 ---
Averaged Train Loss: 1.7438
Averaged Test Accuracy: 0.3579
Averaged Test AUC: 0.8012
Std Test Accuracy: 0.1766
Std Test AUC: 0.0847

--- Round 63/500 ---
Averaged Train Loss: 1.8402
Averaged Test Accuracy: 0.3412
Averaged Test AUC: 0.7887
Std Test Accuracy: 0.2075
Std Test AUC: 0.1076

--- Round 64/500 ---
Averaged Train Loss: 1.7984
Averaged Test Accuracy: 0.3582
Averaged Test AUC: 0.7923
Std Test Accuracy: 0.1601
Std Test AUC: 0.1080

--- Round 65/500 ---
Averaged Train Loss: 1.7810
Averaged Test Accuracy: 0.3636
Averaged Test AUC: 0.7948
Std Test Accuracy: 0.1684
Std Test AUC: 0.1061

--- Round 66/500 ---
Averaged Train Loss: 1.7258
Averaged Test Accuracy: 0.3688
Averaged Test AUC: 0.8046
Std Test Accuracy: 0.1965
Std Test AUC: 0.0865

--- Round 67/500 ---
Averaged Train Loss: 1.7147
Averaged Test Accuracy: 0.3813
Averaged Test AUC: 0.8016
Std Test Accuracy: 0.1685
Std Test AUC: 0.0987

--- Round 68/500 ---
Averaged Train Loss: 1.6887
Averaged Test Accuracy: 0.3764
Averaged Test AUC: 0.8112
Std Test Accuracy: 0.1441
Std Test AUC: 0.0740

--- Round 69/500 ---
Averaged Train Loss: 1.7191
Averaged Test Accuracy: 0.3612
Averaged Test AUC: 0.8064
Std Test Accuracy: 0.2014
Std Test AUC: 0.0825

--- Round 70/500 ---
Averaged Train Loss: 1.7323
Averaged Test Accuracy: 0.3652
Averaged Test AUC: 0.8043
Std Test Accuracy: 0.1895
Std Test AUC: 0.0882

--- Round 71/500 ---
Averaged Train Loss: 1.7177
Averaged Test Accuracy: 0.3612
Averaged Test AUC: 0.8082
Std Test Accuracy: 0.1780
Std Test AUC: 0.0759

--- Round 72/500 ---
Averaged Train Loss: 1.7309
Averaged Test Accuracy: 0.3657
Averaged Test AUC: 0.8069
Std Test Accuracy: 0.2042
Std Test AUC: 0.0758

--- Round 73/500 ---
Averaged Train Loss: 1.7156
Averaged Test Accuracy: 0.3669
Averaged Test AUC: 0.8090
Std Test Accuracy: 0.1730
Std Test AUC: 0.0809

--- Round 74/500 ---
Averaged Train Loss: 1.7447
Averaged Test Accuracy: 0.3556
Averaged Test AUC: 0.8031
Std Test Accuracy: 0.1848
Std Test AUC: 0.0870

--- Round 75/500 ---
Averaged Train Loss: 1.7505
Averaged Test Accuracy: 0.3529
Averaged Test AUC: 0.8039
Std Test Accuracy: 0.1562
Std Test AUC: 0.0814

--- Round 76/500 ---
Averaged Train Loss: 1.7147
Averaged Test Accuracy: 0.3738
Averaged Test AUC: 0.8084
Std Test Accuracy: 0.1989
Std Test AUC: 0.0847

--- Round 77/500 ---
Averaged Train Loss: 1.7627
Averaged Test Accuracy: 0.3546
Averaged Test AUC: 0.8034
Std Test Accuracy: 0.2344
Std Test AUC: 0.0954

--- Round 78/500 ---
Averaged Train Loss: 1.7285
Averaged Test Accuracy: 0.3624
Averaged Test AUC: 0.8050
Std Test Accuracy: 0.1558
Std Test AUC: 0.0816

--- Round 79/500 ---
Averaged Train Loss: 1.6722
Averaged Test Accuracy: 0.3891
Averaged Test AUC: 0.8135
Std Test Accuracy: 0.1701
Std Test AUC: 0.0833

--- Round 80/500 ---
Averaged Train Loss: 1.7236
Averaged Test Accuracy: 0.3612
Averaged Test AUC: 0.8113
Std Test Accuracy: 0.1589
Std Test AUC: 0.0706

--- Round 81/500 ---
Averaged Train Loss: 1.7146
Averaged Test Accuracy: 0.3710
Averaged Test AUC: 0.8147
Std Test Accuracy: 0.1904
Std Test AUC: 0.0670

--- Round 82/500 ---
Averaged Train Loss: 1.7081
Averaged Test Accuracy: 0.3715
Averaged Test AUC: 0.8110
Std Test Accuracy: 0.2090
Std Test AUC: 0.0881

--- Round 83/500 ---
Averaged Train Loss: 1.7306
Averaged Test Accuracy: 0.3667
Averaged Test AUC: 0.8117
Std Test Accuracy: 0.1948
Std Test AUC: 0.0741

--- Round 84/500 ---
Averaged Train Loss: 1.7055
Averaged Test Accuracy: 0.3690
Averaged Test AUC: 0.8112
Std Test Accuracy: 0.1436
Std Test AUC: 0.0738

--- Round 85/500 ---
Averaged Train Loss: 1.8501
Averaged Test Accuracy: 0.3315
Averaged Test AUC: 0.7949
Std Test Accuracy: 0.1822
Std Test AUC: 0.0961

--- Round 86/500 ---
Averaged Train Loss: 1.7622
Averaged Test Accuracy: 0.3459
Averaged Test AUC: 0.8087
Std Test Accuracy: 0.1704
Std Test AUC: 0.0712

--- Round 87/500 ---
Averaged Train Loss: 1.7701
Averaged Test Accuracy: 0.3524
Averaged Test AUC: 0.8051
Std Test Accuracy: 0.1578
Std Test AUC: 0.0771

--- Round 88/500 ---
Averaged Train Loss: 1.6608
Averaged Test Accuracy: 0.3847
Averaged Test AUC: 0.8219
Std Test Accuracy: 0.1987
Std Test AUC: 0.0595

--- Round 89/500 ---
Averaged Train Loss: 1.7134
Averaged Test Accuracy: 0.3687
Averaged Test AUC: 0.8165
Std Test Accuracy: 0.1911
Std Test AUC: 0.0637

--- Round 90/500 ---
Averaged Train Loss: 1.7418
Averaged Test Accuracy: 0.3628
Averaged Test AUC: 0.8092
Std Test Accuracy: 0.2166
Std Test AUC: 0.0811

--- Round 91/500 ---
Averaged Train Loss: 1.6431
Averaged Test Accuracy: 0.3909
Averaged Test AUC: 0.8189
Std Test Accuracy: 0.1980
Std Test AUC: 0.0787

--- Round 92/500 ---
Averaged Train Loss: 1.6787
Averaged Test Accuracy: 0.3806
Averaged Test AUC: 0.8140
Std Test Accuracy: 0.1509
Std Test AUC: 0.0766

--- Round 93/500 ---
Averaged Train Loss: 1.7374
Averaged Test Accuracy: 0.3604
Averaged Test AUC: 0.8107
Std Test Accuracy: 0.1601
Std Test AUC: 0.0711

--- Round 94/500 ---
Averaged Train Loss: 1.7894
Averaged Test Accuracy: 0.3300
Averaged Test AUC: 0.8106
Std Test Accuracy: 0.1781
Std Test AUC: 0.0637

--- Round 95/500 ---
Averaged Train Loss: 1.6031
Averaged Test Accuracy: 0.4045
Averaged Test AUC: 0.8271
Std Test Accuracy: 0.1709
Std Test AUC: 0.0652

--- Round 96/500 ---
Averaged Train Loss: 1.6642
Averaged Test Accuracy: 0.3846
Averaged Test AUC: 0.8225
Std Test Accuracy: 0.1853
Std Test AUC: 0.0604

--- Round 97/500 ---
Averaged Train Loss: 1.6393
Averaged Test Accuracy: 0.3977
Averaged Test AUC: 0.8202
Std Test Accuracy: 0.1613
Std Test AUC: 0.0722

--- Round 98/500 ---
Averaged Train Loss: 1.7243
Averaged Test Accuracy: 0.3624
Averaged Test AUC: 0.8144
Std Test Accuracy: 0.1560
Std Test AUC: 0.0643

--- Round 99/500 ---
Averaged Train Loss: 1.7466
Averaged Test Accuracy: 0.3607
Averaged Test AUC: 0.8098
Std Test Accuracy: 0.1593
Std Test AUC: 0.0731

--- Round 100/500 ---
Averaged Train Loss: 1.6399
Averaged Test Accuracy: 0.4005
Averaged Test AUC: 0.8202
Std Test Accuracy: 0.1520
Std Test AUC: 0.0710

--- Round 101/500 ---
Averaged Train Loss: 1.6583
Averaged Test Accuracy: 0.3960
Averaged Test AUC: 0.8204
Std Test Accuracy: 0.2019
Std Test AUC: 0.0716

--- Round 102/500 ---
Averaged Train Loss: 1.5815
Averaged Test Accuracy: 0.4142
Averaged Test AUC: 0.8283
Std Test Accuracy: 0.1508
Std Test AUC: 0.0599

--- Round 103/500 ---
Averaged Train Loss: 1.6104
Averaged Test Accuracy: 0.4072
Averaged Test AUC: 0.8246
Std Test Accuracy: 0.1704
Std Test AUC: 0.0722

--- Round 104/500 ---
Averaged Train Loss: 1.6040
Averaged Test Accuracy: 0.4117
Averaged Test AUC: 0.8256
Std Test Accuracy: 0.1635
Std Test AUC: 0.0831

--- Round 105/500 ---
Averaged Train Loss: 1.6099
Averaged Test Accuracy: 0.4144
Averaged Test AUC: 0.8245
Std Test Accuracy: 0.1592
Std Test AUC: 0.0883

--- Round 106/500 ---
Averaged Train Loss: 1.6419
Averaged Test Accuracy: 0.4096
Averaged Test AUC: 0.8203
Std Test Accuracy: 0.1455
Std Test AUC: 0.0850

--- Round 107/500 ---
Averaged Train Loss: 1.6605
Averaged Test Accuracy: 0.3982
Averaged Test AUC: 0.8172
Std Test Accuracy: 0.1973
Std Test AUC: 0.0937

--- Round 108/500 ---
Averaged Train Loss: 1.6547
Averaged Test Accuracy: 0.3999
Averaged Test AUC: 0.8175
Std Test Accuracy: 0.1610
Std Test AUC: 0.0897

--- Round 109/500 ---
Averaged Train Loss: 1.6329
Averaged Test Accuracy: 0.4080
Averaged Test AUC: 0.8222
Std Test Accuracy: 0.1664
Std Test AUC: 0.0874

--- Round 110/500 ---
Averaged Train Loss: 1.6469
Averaged Test Accuracy: 0.3972
Averaged Test AUC: 0.8199
Std Test Accuracy: 0.1568
Std Test AUC: 0.0781

--- Round 111/500 ---
Averaged Train Loss: 1.6441
Averaged Test Accuracy: 0.3995
Averaged Test AUC: 0.8216
Std Test Accuracy: 0.1668
Std Test AUC: 0.0807

--- Round 112/500 ---
Averaged Train Loss: 1.6016
Averaged Test Accuracy: 0.4139
Averaged Test AUC: 0.8271
Std Test Accuracy: 0.1601
Std Test AUC: 0.0669

--- Round 113/500 ---
Averaged Train Loss: 1.6663
Averaged Test Accuracy: 0.3861
Averaged Test AUC: 0.8194
Std Test Accuracy: 0.1550
Std Test AUC: 0.0691

--- Round 114/500 ---
Averaged Train Loss: 1.6638
Averaged Test Accuracy: 0.3721
Averaged Test AUC: 0.8230
Std Test Accuracy: 0.1630
Std Test AUC: 0.0563

--- Round 115/500 ---
Averaged Train Loss: 1.5957
Averaged Test Accuracy: 0.4067
Averaged Test AUC: 0.8298
Std Test Accuracy: 0.1635
Std Test AUC: 0.0576

--- Round 116/500 ---
Averaged Train Loss: 1.5919
Averaged Test Accuracy: 0.4199
Averaged Test AUC: 0.8275
Std Test Accuracy: 0.1592
Std Test AUC: 0.0716

--- Round 117/500 ---
Averaged Train Loss: 1.5856
Averaged Test Accuracy: 0.4178
Averaged Test AUC: 0.8305
Std Test Accuracy: 0.1558
Std Test AUC: 0.0628

--- Round 118/500 ---
Averaged Train Loss: 1.7368
Averaged Test Accuracy: 0.3850
Averaged Test AUC: 0.8182
Std Test Accuracy: 0.2414
Std Test AUC: 0.0955

--- Round 119/500 ---
Averaged Train Loss: 1.5827
Averaged Test Accuracy: 0.4267
Averaged Test AUC: 0.8331
Std Test Accuracy: 0.1799
Std Test AUC: 0.0706

--- Round 120/500 ---
Averaged Train Loss: 1.5276
Averaged Test Accuracy: 0.4381
Averaged Test AUC: 0.8422
Std Test Accuracy: 0.1337
Std Test AUC: 0.0433

--- Round 121/500 ---
Averaged Train Loss: 1.5544
Averaged Test Accuracy: 0.4291
Averaged Test AUC: 0.8325
Std Test Accuracy: 0.1323
Std Test AUC: 0.0555

--- Round 122/500 ---
Averaged Train Loss: 1.6457
Averaged Test Accuracy: 0.3852
Averaged Test AUC: 0.8274
Std Test Accuracy: 0.2247
Std Test AUC: 0.0749

--- Round 123/500 ---
Averaged Train Loss: 1.5973
Averaged Test Accuracy: 0.4196
Averaged Test AUC: 0.8303
Std Test Accuracy: 0.1460
Std Test AUC: 0.0626

--- Round 124/500 ---
Averaged Train Loss: 1.8001
Averaged Test Accuracy: 0.3240
Averaged Test AUC: 0.8107
Std Test Accuracy: 0.1609
Std Test AUC: 0.0555

--- Round 125/500 ---
Averaged Train Loss: 1.6138
Averaged Test Accuracy: 0.4227
Averaged Test AUC: 0.8274
Std Test Accuracy: 0.2005
Std Test AUC: 0.0715

--- Round 126/500 ---
Averaged Train Loss: 1.6833
Averaged Test Accuracy: 0.3825
Averaged Test AUC: 0.8222
Std Test Accuracy: 0.2259
Std Test AUC: 0.0827

--- Round 127/500 ---
Averaged Train Loss: 1.7270
Averaged Test Accuracy: 0.3684
Averaged Test AUC: 0.8118
Std Test Accuracy: 0.1880
Std Test AUC: 0.0792

--- Round 128/500 ---
Averaged Train Loss: 1.7471
Averaged Test Accuracy: 0.3561
Averaged Test AUC: 0.8206
Std Test Accuracy: 0.1830
Std Test AUC: 0.0697

--- Round 129/500 ---
Averaged Train Loss: 1.7445
Averaged Test Accuracy: 0.3898
Averaged Test AUC: 0.8135
Std Test Accuracy: 0.2275
Std Test AUC: 0.0937

--- Round 130/500 ---
Averaged Train Loss: 1.7063
Averaged Test Accuracy: 0.3676
Averaged Test AUC: 0.8183
Std Test Accuracy: 0.2228
Std Test AUC: 0.0900

--- Round 131/500 ---
Averaged Train Loss: 1.6188
Averaged Test Accuracy: 0.3989
Averaged Test AUC: 0.8292
Std Test Accuracy: 0.1722
Std Test AUC: 0.0638

--- Round 132/500 ---
Averaged Train Loss: 1.5658
Averaged Test Accuracy: 0.4288
Averaged Test AUC: 0.8340
Std Test Accuracy: 0.1596
Std Test AUC: 0.0644

--- Round 133/500 ---
Averaged Train Loss: 1.6818
Averaged Test Accuracy: 0.3704
Averaged Test AUC: 0.8208
Std Test Accuracy: 0.2395
Std Test AUC: 0.0837

--- Round 134/500 ---
Averaged Train Loss: 1.5516
Averaged Test Accuracy: 0.4275
Averaged Test AUC: 0.8413
Std Test Accuracy: 0.2006
Std Test AUC: 0.0661

--- Round 135/500 ---
Averaged Train Loss: 1.6524
Averaged Test Accuracy: 0.3783
Averaged Test AUC: 0.8312
Std Test Accuracy: 0.2022
Std Test AUC: 0.0597

--- Round 136/500 ---
Averaged Train Loss: 1.6562
Averaged Test Accuracy: 0.3985
Averaged Test AUC: 0.8165
Std Test Accuracy: 0.1496
Std Test AUC: 0.0804

--- Round 137/500 ---
Averaged Train Loss: 1.5189
Averaged Test Accuracy: 0.4429
Averaged Test AUC: 0.8424
Std Test Accuracy: 0.1728
Std Test AUC: 0.0575

--- Round 138/500 ---
Averaged Train Loss: 1.6662
Averaged Test Accuracy: 0.4011
Averaged Test AUC: 0.8273
Std Test Accuracy: 0.2371
Std Test AUC: 0.0916

--- Round 139/500 ---
Averaged Train Loss: 1.6865
Averaged Test Accuracy: 0.3811
Averaged Test AUC: 0.8191
Std Test Accuracy: 0.1539
Std Test AUC: 0.0636

--- Round 140/500 ---
Averaged Train Loss: 1.6032
Averaged Test Accuracy: 0.4015
Averaged Test AUC: 0.8351
Std Test Accuracy: 0.1735
Std Test AUC: 0.0603

--- Round 141/500 ---
Averaged Train Loss: 1.6843
Averaged Test Accuracy: 0.4061
Averaged Test AUC: 0.8208
Std Test Accuracy: 0.2178
Std Test AUC: 0.0892

--- Round 142/500 ---
Averaged Train Loss: 1.6618
Averaged Test Accuracy: 0.3792
Averaged Test AUC: 0.8283
Std Test Accuracy: 0.2330
Std Test AUC: 0.0771

--- Round 143/500 ---
Averaged Train Loss: 1.8141
Averaged Test Accuracy: 0.3225
Averaged Test AUC: 0.8198
Std Test Accuracy: 0.1991
Std Test AUC: 0.0656

--- Round 144/500 ---
Averaged Train Loss: 1.5652
Averaged Test Accuracy: 0.4208
Averaged Test AUC: 0.8385
Std Test Accuracy: 0.1924
Std Test AUC: 0.0665

--- Round 145/500 ---
Averaged Train Loss: 1.7670
Averaged Test Accuracy: 0.3842
Averaged Test AUC: 0.8178
Std Test Accuracy: 0.2433
Std Test AUC: 0.0955

--- Round 146/500 ---
Averaged Train Loss: 1.5550
Averaged Test Accuracy: 0.4259
Averaged Test AUC: 0.8370
Std Test Accuracy: 0.1705
Std Test AUC: 0.0686

--- Round 147/500 ---
Averaged Train Loss: 1.5910
Averaged Test Accuracy: 0.4086
Averaged Test AUC: 0.8380
Std Test Accuracy: 0.1907
Std Test AUC: 0.0546

--- Round 148/500 ---
Averaged Train Loss: 1.5648
Averaged Test Accuracy: 0.4353
Averaged Test AUC: 0.8376
Std Test Accuracy: 0.1849
Std Test AUC: 0.0724

--- Round 149/500 ---
Averaged Train Loss: 1.7397
Averaged Test Accuracy: 0.3678
Averaged Test AUC: 0.8170
Std Test Accuracy: 0.2315
Std Test AUC: 0.0955

--- Round 150/500 ---
Averaged Train Loss: 1.4660
Averaged Test Accuracy: 0.4641
Averaged Test AUC: 0.8507
Std Test Accuracy: 0.1648
Std Test AUC: 0.0526

--- Round 151/500 ---
Averaged Train Loss: 1.5915
Averaged Test Accuracy: 0.4183
Averaged Test AUC: 0.8375
Std Test Accuracy: 0.1743
Std Test AUC: 0.0563

--- Round 152/500 ---
Averaged Train Loss: 1.5533
Averaged Test Accuracy: 0.4325
Averaged Test AUC: 0.8352
Std Test Accuracy: 0.1589
Std Test AUC: 0.0635

--- Round 153/500 ---
Averaged Train Loss: 1.5256
Averaged Test Accuracy: 0.4277
Averaged Test AUC: 0.8427
Std Test Accuracy: 0.1831
Std Test AUC: 0.0553

--- Round 154/500 ---
Averaged Train Loss: 1.4968
Averaged Test Accuracy: 0.4498
Averaged Test AUC: 0.8482
Std Test Accuracy: 0.1826
Std Test AUC: 0.0566

--- Round 155/500 ---
Averaged Train Loss: 1.5250
Averaged Test Accuracy: 0.4375
Averaged Test AUC: 0.8427
Std Test Accuracy: 0.1746
Std Test AUC: 0.0521

--- Round 156/500 ---
Averaged Train Loss: 1.5674
Averaged Test Accuracy: 0.4090
Averaged Test AUC: 0.8389
Std Test Accuracy: 0.1343
Std Test AUC: 0.0428

--- Round 157/500 ---
Averaged Train Loss: 1.6624
Averaged Test Accuracy: 0.3984
Averaged Test AUC: 0.8256
Std Test Accuracy: 0.2194
Std Test AUC: 0.0827

--- Round 158/500 ---
Averaged Train Loss: 1.4725
Averaged Test Accuracy: 0.4570
Averaged Test AUC: 0.8506
Std Test Accuracy: 0.1672
Std Test AUC: 0.0462

--- Round 159/500 ---
Averaged Train Loss: 1.6572
Averaged Test Accuracy: 0.3938
Averaged Test AUC: 0.8227
Std Test Accuracy: 0.1649
Std Test AUC: 0.0625

--- Round 160/500 ---
Averaged Train Loss: 1.5232
Averaged Test Accuracy: 0.4378
Averaged Test AUC: 0.8428
Std Test Accuracy: 0.1561
Std Test AUC: 0.0509

--- Round 161/500 ---
Averaged Train Loss: 1.7385
Averaged Test Accuracy: 0.3749
Averaged Test AUC: 0.8214
Std Test Accuracy: 0.2386
Std Test AUC: 0.0903

--- Round 162/500 ---
Averaged Train Loss: 1.5679
Averaged Test Accuracy: 0.4256
Averaged Test AUC: 0.8338
Std Test Accuracy: 0.1553
Std Test AUC: 0.0578

--- Round 163/500 ---
Averaged Train Loss: 1.5552
Averaged Test Accuracy: 0.4221
Averaged Test AUC: 0.8400
Std Test Accuracy: 0.1475
Std Test AUC: 0.0451

--- Round 164/500 ---
Averaged Train Loss: 1.7172
Averaged Test Accuracy: 0.3756
Averaged Test AUC: 0.8236
Std Test Accuracy: 0.1922
Std Test AUC: 0.0688

--- Round 165/500 ---
Averaged Train Loss: 1.7065
Averaged Test Accuracy: 0.3704
Averaged Test AUC: 0.8228
Std Test Accuracy: 0.2239
Std Test AUC: 0.0846

--- Round 166/500 ---
Averaged Train Loss: 1.5122
Averaged Test Accuracy: 0.4433
Averaged Test AUC: 0.8447
Std Test Accuracy: 0.1614
Std Test AUC: 0.0522

--- Round 167/500 ---
Averaged Train Loss: 1.4899
Averaged Test Accuracy: 0.4502
Averaged Test AUC: 0.8495
Std Test Accuracy: 0.1733
Std Test AUC: 0.0427

--- Round 168/500 ---
Averaged Train Loss: 1.5650
Averaged Test Accuracy: 0.4243
Averaged Test AUC: 0.8364
Std Test Accuracy: 0.1638
Std Test AUC: 0.0591

--- Round 169/500 ---
Averaged Train Loss: 1.5560
Averaged Test Accuracy: 0.4237
Averaged Test AUC: 0.8370
Std Test Accuracy: 0.1811
Std Test AUC: 0.0682

--- Round 170/500 ---
Averaged Train Loss: 1.4826
Averaged Test Accuracy: 0.4531
Averaged Test AUC: 0.8509
Std Test Accuracy: 0.1699
Std Test AUC: 0.0453

--- Round 171/500 ---
Averaged Train Loss: 1.6458
Averaged Test Accuracy: 0.3933
Averaged Test AUC: 0.8264
Std Test Accuracy: 0.1830
Std Test AUC: 0.0644

--- Round 172/500 ---
Averaged Train Loss: 1.5388
Averaged Test Accuracy: 0.4377
Averaged Test AUC: 0.8427
Std Test Accuracy: 0.1688
Std Test AUC: 0.0621

--- Round 173/500 ---
Averaged Train Loss: 1.6812
Averaged Test Accuracy: 0.4014
Averaged Test AUC: 0.8227
Std Test Accuracy: 0.2176
Std Test AUC: 0.0934

--- Round 174/500 ---
Averaged Train Loss: 1.6000
Averaged Test Accuracy: 0.4170
Averaged Test AUC: 0.8307
Std Test Accuracy: 0.1861
Std Test AUC: 0.0709

--- Round 175/500 ---
Averaged Train Loss: 1.4992
Averaged Test Accuracy: 0.4417
Averaged Test AUC: 0.8456
Std Test Accuracy: 0.1340
Std Test AUC: 0.0325

--- Round 176/500 ---
Averaged Train Loss: 1.6120
Averaged Test Accuracy: 0.4209
Averaged Test AUC: 0.8351
Std Test Accuracy: 0.2050
Std Test AUC: 0.0786

--- Round 177/500 ---
Averaged Train Loss: 1.7742
Averaged Test Accuracy: 0.3530
Averaged Test AUC: 0.8159
Std Test Accuracy: 0.2290
Std Test AUC: 0.0917

--- Round 178/500 ---
Averaged Train Loss: 1.5045
Averaged Test Accuracy: 0.4440
Averaged Test AUC: 0.8461
Std Test Accuracy: 0.1568
Std Test AUC: 0.0460

--- Round 179/500 ---
Averaged Train Loss: 1.4721
Averaged Test Accuracy: 0.4591
Averaged Test AUC: 0.8479
Std Test Accuracy: 0.1537
Std Test AUC: 0.0494

--- Round 180/500 ---
Averaged Train Loss: 1.5032
Averaged Test Accuracy: 0.4521
Averaged Test AUC: 0.8456
Std Test Accuracy: 0.1535
Std Test AUC: 0.0557

--- Round 181/500 ---
Averaged Train Loss: 1.5070
Averaged Test Accuracy: 0.4417
Averaged Test AUC: 0.8425
Std Test Accuracy: 0.1648
Std Test AUC: 0.0633

--- Round 182/500 ---
Averaged Train Loss: 1.5398
Averaged Test Accuracy: 0.4283
Averaged Test AUC: 0.8466
Std Test Accuracy: 0.1984
Std Test AUC: 0.0476

--- Round 183/500 ---
Averaged Train Loss: 1.5844
Averaged Test Accuracy: 0.4141
Averaged Test AUC: 0.8314
Std Test Accuracy: 0.1561
Std Test AUC: 0.0620

--- Round 184/500 ---
Averaged Train Loss: 1.5513
Averaged Test Accuracy: 0.4415
Averaged Test AUC: 0.8418
Std Test Accuracy: 0.1742
Std Test AUC: 0.0720

--- Round 185/500 ---
Averaged Train Loss: 1.6727
Averaged Test Accuracy: 0.3972
Averaged Test AUC: 0.8286
Std Test Accuracy: 0.2217
Std Test AUC: 0.0855

--- Round 186/500 ---
Averaged Train Loss: 1.5786
Averaged Test Accuracy: 0.4215
Averaged Test AUC: 0.8445
Std Test Accuracy: 0.2214
Std Test AUC: 0.0583

--- Round 187/500 ---
Averaged Train Loss: 1.6685
Averaged Test Accuracy: 0.3971
Averaged Test AUC: 0.8277
Std Test Accuracy: 0.1465
Std Test AUC: 0.0570

--- Round 188/500 ---
Averaged Train Loss: 1.6263
Averaged Test Accuracy: 0.4059
Averaged Test AUC: 0.8392
Std Test Accuracy: 0.2346
Std Test AUC: 0.0753

--- Round 189/500 ---
Averaged Train Loss: 1.6631
Averaged Test Accuracy: 0.4186
Averaged Test AUC: 0.8288
Std Test Accuracy: 0.2123
Std Test AUC: 0.0847

--- Round 190/500 ---
Averaged Train Loss: 1.5786
Averaged Test Accuracy: 0.4300
Averaged Test AUC: 0.8328
Std Test Accuracy: 0.1662
Std Test AUC: 0.0669

--- Round 191/500 ---
Averaged Train Loss: 1.5045
Averaged Test Accuracy: 0.4487
Averaged Test AUC: 0.8457
Std Test Accuracy: 0.1373
Std Test AUC: 0.0522

--- Round 192/500 ---
Averaged Train Loss: 1.5733
Averaged Test Accuracy: 0.4303
Averaged Test AUC: 0.8396
Std Test Accuracy: 0.2245
Std Test AUC: 0.0785

--- Round 193/500 ---
Averaged Train Loss: 1.5942
Averaged Test Accuracy: 0.4127
Averaged Test AUC: 0.8346
Std Test Accuracy: 0.2018
Std Test AUC: 0.0773

--- Round 194/500 ---
Averaged Train Loss: 1.5450
Averaged Test Accuracy: 0.4270
Averaged Test AUC: 0.8426
Std Test Accuracy: 0.1714
Std Test AUC: 0.0497

--- Round 195/500 ---
Averaged Train Loss: 1.4646
Averaged Test Accuracy: 0.4611
Averaged Test AUC: 0.8520
Std Test Accuracy: 0.1430
Std Test AUC: 0.0455

--- Round 196/500 ---
Averaged Train Loss: 1.5336
Averaged Test Accuracy: 0.4319
Averaged Test AUC: 0.8446
Std Test Accuracy: 0.1868
Std Test AUC: 0.0620

--- Round 197/500 ---
Averaged Train Loss: 1.5302
Averaged Test Accuracy: 0.4510
Averaged Test AUC: 0.8417
Std Test Accuracy: 0.1913
Std Test AUC: 0.0777

--- Round 198/500 ---
Averaged Train Loss: 1.4756
Averaged Test Accuracy: 0.4544
Averaged Test AUC: 0.8515
Std Test Accuracy: 0.1805
Std Test AUC: 0.0450

--- Round 199/500 ---
Averaged Train Loss: 1.6003
Averaged Test Accuracy: 0.4125
Averaged Test AUC: 0.8322
Std Test Accuracy: 0.1485
Std Test AUC: 0.0564

--- Round 200/500 ---
Averaged Train Loss: 1.5336
Averaged Test Accuracy: 0.4367
Averaged Test AUC: 0.8470
Std Test Accuracy: 0.1935
Std Test AUC: 0.0620

--- Round 201/500 ---
Averaged Train Loss: 1.4331
Averaged Test Accuracy: 0.4778
Averaged Test AUC: 0.8521
Std Test Accuracy: 0.1461
Std Test AUC: 0.0579

--- Round 202/500 ---
Averaged Train Loss: 1.5640
Averaged Test Accuracy: 0.4301
Averaged Test AUC: 0.8365
Std Test Accuracy: 0.1857
Std Test AUC: 0.0663

--- Round 203/500 ---
Averaged Train Loss: 1.5396
Averaged Test Accuracy: 0.4414
Averaged Test AUC: 0.8405
Std Test Accuracy: 0.1417
Std Test AUC: 0.0505

--- Round 204/500 ---
Averaged Train Loss: 1.4682
Averaged Test Accuracy: 0.4654
Averaged Test AUC: 0.8495
Std Test Accuracy: 0.1621
Std Test AUC: 0.0602

--- Round 205/500 ---
Averaged Train Loss: 1.5413
Averaged Test Accuracy: 0.4496
Averaged Test AUC: 0.8404
Std Test Accuracy: 0.1860
Std Test AUC: 0.0714

--- Round 206/500 ---
Averaged Train Loss: 1.4758
Averaged Test Accuracy: 0.4538
Averaged Test AUC: 0.8502
Std Test Accuracy: 0.1835
Std Test AUC: 0.0535

--- Round 207/500 ---
Averaged Train Loss: 1.5106
Averaged Test Accuracy: 0.4404
Averaged Test AUC: 0.8475
Std Test Accuracy: 0.1516
Std Test AUC: 0.0481

--- Round 208/500 ---
Averaged Train Loss: 1.4680
Averaged Test Accuracy: 0.4643
Averaged Test AUC: 0.8506
Std Test Accuracy: 0.1783
Std Test AUC: 0.0609

--- Round 209/500 ---
Averaged Train Loss: 1.6340
Averaged Test Accuracy: 0.4011
Averaged Test AUC: 0.8281
Std Test Accuracy: 0.1934
Std Test AUC: 0.0778

--- Round 210/500 ---
Averaged Train Loss: 1.4605
Averaged Test Accuracy: 0.4582
Averaged Test AUC: 0.8540
Std Test Accuracy: 0.1711
Std Test AUC: 0.0395

--- Round 211/500 ---
Averaged Train Loss: 1.4866
Averaged Test Accuracy: 0.4577
Averaged Test AUC: 0.8515
Std Test Accuracy: 0.1806
Std Test AUC: 0.0538

--- Round 212/500 ---
Averaged Train Loss: 1.4939
Averaged Test Accuracy: 0.4398
Averaged Test AUC: 0.8468
Std Test Accuracy: 0.1704
Std Test AUC: 0.0627

--- Round 213/500 ---
Averaged Train Loss: 1.4748
Averaged Test Accuracy: 0.4582
Averaged Test AUC: 0.8490
Std Test Accuracy: 0.1510
Std Test AUC: 0.0545

--- Round 214/500 ---
Averaged Train Loss: 1.5537
Averaged Test Accuracy: 0.4417
Averaged Test AUC: 0.8429
Std Test Accuracy: 0.2143
Std Test AUC: 0.0716

--- Round 215/500 ---
Averaged Train Loss: 1.6136
Averaged Test Accuracy: 0.4178
Averaged Test AUC: 0.8306
Std Test Accuracy: 0.1560
Std Test AUC: 0.0682

--- Round 216/500 ---
Averaged Train Loss: 1.4999
Averaged Test Accuracy: 0.4592
Averaged Test AUC: 0.8441
Std Test Accuracy: 0.1690
Std Test AUC: 0.0714

--- Round 217/500 ---
Averaged Train Loss: 1.5564
Averaged Test Accuracy: 0.4258
Averaged Test AUC: 0.8444
Std Test Accuracy: 0.2099
Std Test AUC: 0.0572

--- Round 218/500 ---
Averaged Train Loss: 1.6194
Averaged Test Accuracy: 0.4033
Averaged Test AUC: 0.8301
Std Test Accuracy: 0.2134
Std Test AUC: 0.0794

--- Round 219/500 ---
Averaged Train Loss: 1.5434
Averaged Test Accuracy: 0.4303
Averaged Test AUC: 0.8451
Std Test Accuracy: 0.1824
Std Test AUC: 0.0590

--- Round 220/500 ---
Averaged Train Loss: 1.5404
Averaged Test Accuracy: 0.4397
Averaged Test AUC: 0.8458
Std Test Accuracy: 0.2065
Std Test AUC: 0.0718

--- Round 221/500 ---
Averaged Train Loss: 1.4980
Averaged Test Accuracy: 0.4486
Averaged Test AUC: 0.8467
Std Test Accuracy: 0.1829
Std Test AUC: 0.0576

--- Round 222/500 ---
Averaged Train Loss: 1.4153
Averaged Test Accuracy: 0.4798
Averaged Test AUC: 0.8549
Std Test Accuracy: 0.1525
Std Test AUC: 0.0512

--- Round 223/500 ---
Averaged Train Loss: 1.4312
Averaged Test Accuracy: 0.4780
Averaged Test AUC: 0.8569
Std Test Accuracy: 0.1659
Std Test AUC: 0.0481

--- Round 224/500 ---
Averaged Train Loss: 1.4749
Averaged Test Accuracy: 0.4590
Averaged Test AUC: 0.8480
Std Test Accuracy: 0.1405
Std Test AUC: 0.0587

--- Round 225/500 ---
Averaged Train Loss: 1.4171
Averaged Test Accuracy: 0.4800
Averaged Test AUC: 0.8592
Std Test Accuracy: 0.1577
Std Test AUC: 0.0373

--- Round 226/500 ---
Averaged Train Loss: 1.5175
Averaged Test Accuracy: 0.4482
Averaged Test AUC: 0.8450
Std Test Accuracy: 0.2081
Std Test AUC: 0.0723

--- Round 227/500 ---
Averaged Train Loss: 1.4937
Averaged Test Accuracy: 0.4535
Averaged Test AUC: 0.8447
Std Test Accuracy: 0.1641
Std Test AUC: 0.0624

--- Round 228/500 ---
Averaged Train Loss: 1.5386
Averaged Test Accuracy: 0.4355
Averaged Test AUC: 0.8450
Std Test Accuracy: 0.1876
Std Test AUC: 0.0727

--- Round 229/500 ---
Averaged Train Loss: 1.5379
Averaged Test Accuracy: 0.4403
Averaged Test AUC: 0.8459
Std Test Accuracy: 0.2207
Std Test AUC: 0.0647

--- Round 230/500 ---
Averaged Train Loss: 1.6955
Averaged Test Accuracy: 0.3779
Averaged Test AUC: 0.8265
Std Test Accuracy: 0.2205
Std Test AUC: 0.0837

--- Round 231/500 ---
Averaged Train Loss: 1.4028
Averaged Test Accuracy: 0.4797
Averaged Test AUC: 0.8592
Std Test Accuracy: 0.1266
Std Test AUC: 0.0321

--- Round 232/500 ---
Averaged Train Loss: 1.4506
Averaged Test Accuracy: 0.4706
Averaged Test AUC: 0.8540
Std Test Accuracy: 0.1864
Std Test AUC: 0.0635

--- Round 233/500 ---
Averaged Train Loss: 1.5066
Averaged Test Accuracy: 0.4429
Averaged Test AUC: 0.8466
Std Test Accuracy: 0.1972
Std Test AUC: 0.0563

--- Round 234/500 ---
Averaged Train Loss: 1.4076
Averaged Test Accuracy: 0.4797
Averaged Test AUC: 0.8588
Std Test Accuracy: 0.1437
Std Test AUC: 0.0348

--- Round 235/500 ---
Averaged Train Loss: 1.4131
Averaged Test Accuracy: 0.4796
Averaged Test AUC: 0.8577
Std Test Accuracy: 0.1619
Std Test AUC: 0.0469

--- Round 236/500 ---
Averaged Train Loss: 1.4652
Averaged Test Accuracy: 0.4673
Averaged Test AUC: 0.8485
Std Test Accuracy: 0.1453
Std Test AUC: 0.0661

--- Round 237/500 ---
Averaged Train Loss: 1.4399
Averaged Test Accuracy: 0.4660
Averaged Test AUC: 0.8552
Std Test Accuracy: 0.1648
Std Test AUC: 0.0447

--- Round 238/500 ---
Averaged Train Loss: 1.5165
Averaged Test Accuracy: 0.4503
Averaged Test AUC: 0.8447
Std Test Accuracy: 0.2095
Std Test AUC: 0.0750

--- Round 239/500 ---
Averaged Train Loss: 1.4919
Averaged Test Accuracy: 0.4548
Averaged Test AUC: 0.8444
Std Test Accuracy: 0.1666
Std Test AUC: 0.0655

--- Round 240/500 ---
Averaged Train Loss: 1.5083
Averaged Test Accuracy: 0.4460
Averaged Test AUC: 0.8477
Std Test Accuracy: 0.1824
Std Test AUC: 0.0710

--- Round 241/500 ---
Averaged Train Loss: 1.5019
Averaged Test Accuracy: 0.4540
Averaged Test AUC: 0.8491
Std Test Accuracy: 0.2142
Std Test AUC: 0.0624

--- Round 242/500 ---
Averaged Train Loss: 1.6287
Averaged Test Accuracy: 0.4041
Averaged Test AUC: 0.8340
Std Test Accuracy: 0.2160
Std Test AUC: 0.0788

--- Round 243/500 ---
Averaged Train Loss: 1.3783
Averaged Test Accuracy: 0.4930
Averaged Test AUC: 0.8616
Std Test Accuracy: 0.1378
Std Test AUC: 0.0349

--- Round 244/500 ---
Averaged Train Loss: 1.4527
Averaged Test Accuracy: 0.4715
Averaged Test AUC: 0.8535
Std Test Accuracy: 0.1928
Std Test AUC: 0.0663

--- Round 245/500 ---
Averaged Train Loss: 1.5629
Averaged Test Accuracy: 0.4281
Averaged Test AUC: 0.8479
Std Test Accuracy: 0.2267
Std Test AUC: 0.0627

--- Round 246/500 ---
Averaged Train Loss: 1.4914
Averaged Test Accuracy: 0.4423
Averaged Test AUC: 0.8458
Std Test Accuracy: 0.1451
Std Test AUC: 0.0476

--- Round 247/500 ---
Averaged Train Loss: 1.4171
Averaged Test Accuracy: 0.4838
Averaged Test AUC: 0.8577
Std Test Accuracy: 0.1715
Std Test AUC: 0.0528

--- Round 248/500 ---
Averaged Train Loss: 1.4139
Averaged Test Accuracy: 0.4826
Averaged Test AUC: 0.8600
Std Test Accuracy: 0.1642
Std Test AUC: 0.0523

--- Round 249/500 ---
Averaged Train Loss: 1.4969
Averaged Test Accuracy: 0.4513
Averaged Test AUC: 0.8471
Std Test Accuracy: 0.1920
Std Test AUC: 0.0625

--- Round 250/500 ---
Averaged Train Loss: 1.4081
Averaged Test Accuracy: 0.4774
Averaged Test AUC: 0.8569
Std Test Accuracy: 0.1616
Std Test AUC: 0.0438

--- Round 251/500 ---
Averaged Train Loss: 1.4523
Averaged Test Accuracy: 0.4756
Averaged Test AUC: 0.8548
Std Test Accuracy: 0.1762
Std Test AUC: 0.0535

--- Round 252/500 ---
Averaged Train Loss: 1.5202
Averaged Test Accuracy: 0.4482
Averaged Test AUC: 0.8492
Std Test Accuracy: 0.2041
Std Test AUC: 0.0695

--- Round 253/500 ---
Averaged Train Loss: 1.4995
Averaged Test Accuracy: 0.4385
Averaged Test AUC: 0.8472
Std Test Accuracy: 0.1300
Std Test AUC: 0.0422

--- Round 254/500 ---
Averaged Train Loss: 1.6245
Averaged Test Accuracy: 0.4120
Averaged Test AUC: 0.8380
Std Test Accuracy: 0.2370
Std Test AUC: 0.0757

--- Round 255/500 ---
Averaged Train Loss: 1.4722
Averaged Test Accuracy: 0.4631
Averaged Test AUC: 0.8492
Std Test Accuracy: 0.1823
Std Test AUC: 0.0636

--- Round 256/500 ---
Averaged Train Loss: 1.5321
Averaged Test Accuracy: 0.4359
Averaged Test AUC: 0.8440
Std Test Accuracy: 0.1896
Std Test AUC: 0.0718

--- Round 257/500 ---
Averaged Train Loss: 1.3849
Averaged Test Accuracy: 0.4920
Averaged Test AUC: 0.8611
Std Test Accuracy: 0.1338
Std Test AUC: 0.0358

--- Round 258/500 ---
Averaged Train Loss: 1.7376
Averaged Test Accuracy: 0.3893
Averaged Test AUC: 0.8276
Std Test Accuracy: 0.2414
Std Test AUC: 0.0843

--- Round 259/500 ---
Averaged Train Loss: 1.5487
Averaged Test Accuracy: 0.4348
Averaged Test AUC: 0.8391
Std Test Accuracy: 0.1558
Std Test AUC: 0.0601

--- Round 260/500 ---
Averaged Train Loss: 1.5143
Averaged Test Accuracy: 0.4379
Averaged Test AUC: 0.8490
Std Test Accuracy: 0.1920
Std Test AUC: 0.0715

--- Round 261/500 ---
Averaged Train Loss: 1.4334
Averaged Test Accuracy: 0.4717
Averaged Test AUC: 0.8564
Std Test Accuracy: 0.1706
Std Test AUC: 0.0467

--- Round 262/500 ---
Averaged Train Loss: 1.5834
Averaged Test Accuracy: 0.4210
Averaged Test AUC: 0.8363
Std Test Accuracy: 0.2065
Std Test AUC: 0.0711

--- Round 263/500 ---
Averaged Train Loss: 1.4211
Averaged Test Accuracy: 0.4731
Averaged Test AUC: 0.8555
Std Test Accuracy: 0.1402
Std Test AUC: 0.0425

--- Round 264/500 ---
Averaged Train Loss: 1.5859
Averaged Test Accuracy: 0.4335
Averaged Test AUC: 0.8450
Std Test Accuracy: 0.1999
Std Test AUC: 0.0739

--- Round 265/500 ---
Averaged Train Loss: 1.4819
Averaged Test Accuracy: 0.4496
Averaged Test AUC: 0.8487
Std Test Accuracy: 0.1709
Std Test AUC: 0.0501

--- Round 266/500 ---
Averaged Train Loss: 1.4505
Averaged Test Accuracy: 0.4645
Averaged Test AUC: 0.8548
Std Test Accuracy: 0.1620
Std Test AUC: 0.0430

--- Round 267/500 ---
Averaged Train Loss: 1.4790
Averaged Test Accuracy: 0.4651
Averaged Test AUC: 0.8527
Std Test Accuracy: 0.1872
Std Test AUC: 0.0574

--- Round 268/500 ---
Averaged Train Loss: 1.4762
Averaged Test Accuracy: 0.4503
Averaged Test AUC: 0.8504
Std Test Accuracy: 0.1748
Std Test AUC: 0.0636

--- Round 269/500 ---
Averaged Train Loss: 1.5001
Averaged Test Accuracy: 0.4401
Averaged Test AUC: 0.8525
Std Test Accuracy: 0.1835
Std Test AUC: 0.0430

--- Round 270/500 ---
Averaged Train Loss: 1.4968
Averaged Test Accuracy: 0.4434
Averaged Test AUC: 0.8509
Std Test Accuracy: 0.2008
Std Test AUC: 0.0536

--- Round 271/500 ---
Averaged Train Loss: 1.5184
Averaged Test Accuracy: 0.4385
Averaged Test AUC: 0.8453
Std Test Accuracy: 0.1638
Std Test AUC: 0.0602

--- Round 272/500 ---
Averaged Train Loss: 1.4300
Averaged Test Accuracy: 0.4770
Averaged Test AUC: 0.8579
Std Test Accuracy: 0.1762
Std Test AUC: 0.0563

--- Round 273/500 ---
Averaged Train Loss: 1.5436
Averaged Test Accuracy: 0.4341
Averaged Test AUC: 0.8501
Std Test Accuracy: 0.2137
Std Test AUC: 0.0563

--- Round 274/500 ---
Averaged Train Loss: 1.6500
Averaged Test Accuracy: 0.3865
Averaged Test AUC: 0.8354
Std Test Accuracy: 0.2331
Std Test AUC: 0.0687

--- Round 275/500 ---
Averaged Train Loss: 1.4351
Averaged Test Accuracy: 0.4723
Averaged Test AUC: 0.8584
Std Test Accuracy: 0.1753
Std Test AUC: 0.0548

--- Round 276/500 ---
Averaged Train Loss: 1.5606
Averaged Test Accuracy: 0.4419
Averaged Test AUC: 0.8449
Std Test Accuracy: 0.2006
Std Test AUC: 0.0708

--- Round 277/500 ---
Averaged Train Loss: 1.5182
Averaged Test Accuracy: 0.4476
Averaged Test AUC: 0.8457
Std Test Accuracy: 0.1783
Std Test AUC: 0.0587

--- Round 278/500 ---
Averaged Train Loss: 1.4028
Averaged Test Accuracy: 0.4796
Averaged Test AUC: 0.8591
Std Test Accuracy: 0.1568
Std Test AUC: 0.0402

--- Round 279/500 ---
Averaged Train Loss: 1.4210
Averaged Test Accuracy: 0.4753
Averaged Test AUC: 0.8601
Std Test Accuracy: 0.1648
Std Test AUC: 0.0532

--- Round 280/500 ---
Averaged Train Loss: 1.4764
Averaged Test Accuracy: 0.4600
Averaged Test AUC: 0.8537
Std Test Accuracy: 0.2082
Std Test AUC: 0.0609

--- Round 281/500 ---
Averaged Train Loss: 1.5177
Averaged Test Accuracy: 0.4343
Averaged Test AUC: 0.8489
Std Test Accuracy: 0.1487
Std Test AUC: 0.0471

--- Round 282/500 ---
Averaged Train Loss: 1.5720
Averaged Test Accuracy: 0.4367
Averaged Test AUC: 0.8420
Std Test Accuracy: 0.2271
Std Test AUC: 0.0763

--- Round 283/500 ---
Averaged Train Loss: 1.5585
Averaged Test Accuracy: 0.4387
Averaged Test AUC: 0.8478
Std Test Accuracy: 0.2197
Std Test AUC: 0.0754

--- Round 284/500 ---
Averaged Train Loss: 1.5325
Averaged Test Accuracy: 0.4276
Averaged Test AUC: 0.8462
Std Test Accuracy: 0.2029
Std Test AUC: 0.0566

--- Round 285/500 ---
Averaged Train Loss: 1.4108
Averaged Test Accuracy: 0.4784
Averaged Test AUC: 0.8570
Std Test Accuracy: 0.1464
Std Test AUC: 0.0438

--- Round 286/500 ---
Averaged Train Loss: 1.3684
Averaged Test Accuracy: 0.4912
Averaged Test AUC: 0.8632
Std Test Accuracy: 0.1545
Std Test AUC: 0.0483

--- Round 287/500 ---
Averaged Train Loss: 1.4288
Averaged Test Accuracy: 0.4749
Averaged Test AUC: 0.8558
Std Test Accuracy: 0.1479
Std Test AUC: 0.0525

--- Round 288/500 ---
Averaged Train Loss: 1.4187
Averaged Test Accuracy: 0.4729
Averaged Test AUC: 0.8589
Std Test Accuracy: 0.1656
Std Test AUC: 0.0407

--- Round 289/500 ---
Averaged Train Loss: 1.5063
Averaged Test Accuracy: 0.4479
Averaged Test AUC: 0.8560
Std Test Accuracy: 0.2189
Std Test AUC: 0.0559

--- Round 290/500 ---
Averaged Train Loss: 1.4562
Averaged Test Accuracy: 0.4561
Averaged Test AUC: 0.8518
Std Test Accuracy: 0.1359
Std Test AUC: 0.0442

--- Round 291/500 ---
Averaged Train Loss: 1.4322
Averaged Test Accuracy: 0.4760
Averaged Test AUC: 0.8575
Std Test Accuracy: 0.1933
Std Test AUC: 0.0647

--- Round 292/500 ---
Averaged Train Loss: 1.4152
Averaged Test Accuracy: 0.4829
Averaged Test AUC: 0.8596
Std Test Accuracy: 0.1834
Std Test AUC: 0.0500

--- Round 293/500 ---
Averaged Train Loss: 1.5683
Averaged Test Accuracy: 0.4222
Averaged Test AUC: 0.8452
Std Test Accuracy: 0.2203
Std Test AUC: 0.0613

--- Round 294/500 ---
Averaged Train Loss: 1.4237
Averaged Test Accuracy: 0.4660
Averaged Test AUC: 0.8585
Std Test Accuracy: 0.1358
Std Test AUC: 0.0434

--- Round 295/500 ---
Averaged Train Loss: 1.4731
Averaged Test Accuracy: 0.4598
Averaged Test AUC: 0.8548
Std Test Accuracy: 0.2131
Std Test AUC: 0.0640

--- Round 296/500 ---
Averaged Train Loss: 1.4741
Averaged Test Accuracy: 0.4558
Averaged Test AUC: 0.8518
Std Test Accuracy: 0.1990
Std Test AUC: 0.0630

--- Round 297/500 ---
Averaged Train Loss: 1.5927
Averaged Test Accuracy: 0.4276
Averaged Test AUC: 0.8504
Std Test Accuracy: 0.2373
Std Test AUC: 0.0658

--- Round 298/500 ---
Averaged Train Loss: 1.3860
Averaged Test Accuracy: 0.4826
Averaged Test AUC: 0.8626
Std Test Accuracy: 0.1405
Std Test AUC: 0.0418

--- Round 299/500 ---
Averaged Train Loss: 1.3863
Averaged Test Accuracy: 0.4882
Averaged Test AUC: 0.8587
Std Test Accuracy: 0.1332
Std Test AUC: 0.0479

--- Round 300/500 ---
Averaged Train Loss: 1.5097
Averaged Test Accuracy: 0.4484
Averaged Test AUC: 0.8515
Std Test Accuracy: 0.2144
Std Test AUC: 0.0617

--- Round 301/500 ---
Averaged Train Loss: 1.4424
Averaged Test Accuracy: 0.4665
Averaged Test AUC: 0.8564
Std Test Accuracy: 0.1914
Std Test AUC: 0.0520

--- Round 302/500 ---
Averaged Train Loss: 1.4863
Averaged Test Accuracy: 0.4451
Averaged Test AUC: 0.8499
Std Test Accuracy: 0.1468
Std Test AUC: 0.0480

--- Round 303/500 ---
Averaged Train Loss: 1.4698
Averaged Test Accuracy: 0.4643
Averaged Test AUC: 0.8549
Std Test Accuracy: 0.2064
Std Test AUC: 0.0636

--- Round 304/500 ---
Averaged Train Loss: 1.3702
Averaged Test Accuracy: 0.4923
Averaged Test AUC: 0.8645
Std Test Accuracy: 0.1593
Std Test AUC: 0.0434

--- Round 305/500 ---
Averaged Train Loss: 1.5013
Averaged Test Accuracy: 0.4518
Averaged Test AUC: 0.8487
Std Test Accuracy: 0.1808
Std Test AUC: 0.0576

--- Round 306/500 ---
Averaged Train Loss: 1.4012
Averaged Test Accuracy: 0.4822
Averaged Test AUC: 0.8597
Std Test Accuracy: 0.1346
Std Test AUC: 0.0426

--- Round 307/500 ---
Averaged Train Loss: 1.4036
Averaged Test Accuracy: 0.4837
Averaged Test AUC: 0.8609
Std Test Accuracy: 0.1871
Std Test AUC: 0.0579

--- Round 308/500 ---
Averaged Train Loss: 1.4716
Averaged Test Accuracy: 0.4515
Averaged Test AUC: 0.8524
Std Test Accuracy: 0.1841
Std Test AUC: 0.0548

--- Round 309/500 ---
Averaged Train Loss: 1.4377
Averaged Test Accuracy: 0.4729
Averaged Test AUC: 0.8559
Std Test Accuracy: 0.1817
Std Test AUC: 0.0507

--- Round 310/500 ---
Averaged Train Loss: 1.3893
Averaged Test Accuracy: 0.4838
Averaged Test AUC: 0.8609
Std Test Accuracy: 0.1324
Std Test AUC: 0.0384

--- Round 311/500 ---
Averaged Train Loss: 1.4007
Averaged Test Accuracy: 0.4873
Averaged Test AUC: 0.8581
Std Test Accuracy: 0.1555
Std Test AUC: 0.0570

--- Round 312/500 ---
Averaged Train Loss: 1.4133
Averaged Test Accuracy: 0.4786
Averaged Test AUC: 0.8606
Std Test Accuracy: 0.1940
Std Test AUC: 0.0565

--- Round 313/500 ---
Averaged Train Loss: 1.4525
Averaged Test Accuracy: 0.4606
Averaged Test AUC: 0.8585
Std Test Accuracy: 0.1955
Std Test AUC: 0.0484

--- Round 314/500 ---
Averaged Train Loss: 1.4830
Averaged Test Accuracy: 0.4526
Averaged Test AUC: 0.8499
Std Test Accuracy: 0.1308
Std Test AUC: 0.0438

--- Round 315/500 ---
Averaged Train Loss: 1.4711
Averaged Test Accuracy: 0.4621
Averaged Test AUC: 0.8555
Std Test Accuracy: 0.2171
Std Test AUC: 0.0664

--- Round 316/500 ---
Averaged Train Loss: 1.5406
Averaged Test Accuracy: 0.4451
Averaged Test AUC: 0.8490
Std Test Accuracy: 0.2225
Std Test AUC: 0.0690

--- Round 317/500 ---
Averaged Train Loss: 1.4828
Averaged Test Accuracy: 0.4527
Averaged Test AUC: 0.8504
Std Test Accuracy: 0.1871
Std Test AUC: 0.0571

--- Round 318/500 ---
Averaged Train Loss: 1.3755
Averaged Test Accuracy: 0.4860
Averaged Test AUC: 0.8623
Std Test Accuracy: 0.1391
Std Test AUC: 0.0407

--- Round 319/500 ---
Averaged Train Loss: 1.4314
Averaged Test Accuracy: 0.4780
Averaged Test AUC: 0.8604
Std Test Accuracy: 0.2000
Std Test AUC: 0.0555

--- Round 320/500 ---
Averaged Train Loss: 1.4880
Averaged Test Accuracy: 0.4506
Averaged Test AUC: 0.8500
Std Test Accuracy: 0.1926
Std Test AUC: 0.0616

--- Round 321/500 ---
Averaged Train Loss: 1.3600
Averaged Test Accuracy: 0.4980
Averaged Test AUC: 0.8638
Std Test Accuracy: 0.1401
Std Test AUC: 0.0391

--- Round 322/500 ---
Averaged Train Loss: 1.4112
Averaged Test Accuracy: 0.4807
Averaged Test AUC: 0.8592
Std Test Accuracy: 0.1615
Std Test AUC: 0.0480

--- Round 323/500 ---
Averaged Train Loss: 1.3666
Averaged Test Accuracy: 0.4948
Averaged Test AUC: 0.8618
Std Test Accuracy: 0.1356
Std Test AUC: 0.0467

--- Round 324/500 ---
Averaged Train Loss: 1.3674
Averaged Test Accuracy: 0.4899
Averaged Test AUC: 0.8639
Std Test Accuracy: 0.1499
Std Test AUC: 0.0388

--- Round 325/500 ---
Averaged Train Loss: 1.3711
Averaged Test Accuracy: 0.4927
Averaged Test AUC: 0.8641
Std Test Accuracy: 0.1842
Std Test AUC: 0.0476

--- Round 326/500 ---
Averaged Train Loss: 1.4375
Averaged Test Accuracy: 0.4700
Averaged Test AUC: 0.8529
Std Test Accuracy: 0.1519
Std Test AUC: 0.0513

--- Round 327/500 ---
Averaged Train Loss: 1.3706
Averaged Test Accuracy: 0.4950
Averaged Test AUC: 0.8640
Std Test Accuracy: 0.1522
Std Test AUC: 0.0439

--- Round 328/500 ---
Averaged Train Loss: 1.3959
Averaged Test Accuracy: 0.4805
Averaged Test AUC: 0.8622
Std Test Accuracy: 0.1876
Std Test AUC: 0.0510

--- Round 329/500 ---
Averaged Train Loss: 1.3974
Averaged Test Accuracy: 0.4838
Averaged Test AUC: 0.8582
Std Test Accuracy: 0.1460
Std Test AUC: 0.0442

--- Round 330/500 ---
Averaged Train Loss: 1.4630
Averaged Test Accuracy: 0.4443
Averaged Test AUC: 0.8571
Std Test Accuracy: 0.1648
Std Test AUC: 0.0419

--- Round 331/500 ---
Averaged Train Loss: 1.5463
Averaged Test Accuracy: 0.4460
Averaged Test AUC: 0.8506
Std Test Accuracy: 0.1975
Std Test AUC: 0.0614

--- Round 332/500 ---
Averaged Train Loss: 1.5413
Averaged Test Accuracy: 0.4304
Averaged Test AUC: 0.8449
Std Test Accuracy: 0.1987
Std Test AUC: 0.0633

--- Round 333/500 ---
Averaged Train Loss: 1.3592
Averaged Test Accuracy: 0.4997
Averaged Test AUC: 0.8627
Std Test Accuracy: 0.1320
Std Test AUC: 0.0413

--- Round 334/500 ---
Averaged Train Loss: 1.4033
Averaged Test Accuracy: 0.4894
Averaged Test AUC: 0.8587
Std Test Accuracy: 0.1638
Std Test AUC: 0.0469

--- Round 335/500 ---
Averaged Train Loss: 1.4092
Averaged Test Accuracy: 0.4859
Averaged Test AUC: 0.8575
Std Test Accuracy: 0.1785
Std Test AUC: 0.0624

--- Round 336/500 ---
Averaged Train Loss: 1.4313
Averaged Test Accuracy: 0.4699
Averaged Test AUC: 0.8573
Std Test Accuracy: 0.1874
Std Test AUC: 0.0546

--- Round 337/500 ---
Averaged Train Loss: 1.3484
Averaged Test Accuracy: 0.5036
Averaged Test AUC: 0.8655
Std Test Accuracy: 0.1291
Std Test AUC: 0.0408

--- Round 338/500 ---
Averaged Train Loss: 1.4395
Averaged Test Accuracy: 0.4614
Averaged Test AUC: 0.8536
Std Test Accuracy: 0.1564
Std Test AUC: 0.0473

--- Round 339/500 ---
Averaged Train Loss: 1.3883
Averaged Test Accuracy: 0.4935
Averaged Test AUC: 0.8616
Std Test Accuracy: 0.1674
Std Test AUC: 0.0478

--- Round 340/500 ---
Averaged Train Loss: 1.3455
Averaged Test Accuracy: 0.5040
Averaged Test AUC: 0.8644
Std Test Accuracy: 0.1486
Std Test AUC: 0.0450

--- Round 341/500 ---
Averaged Train Loss: 1.3701
Averaged Test Accuracy: 0.4869
Averaged Test AUC: 0.8641
Std Test Accuracy: 0.1530
Std Test AUC: 0.0364

--- Round 342/500 ---
Averaged Train Loss: 1.3882
Averaged Test Accuracy: 0.4866
Averaged Test AUC: 0.8608
Std Test Accuracy: 0.1636
Std Test AUC: 0.0453

--- Round 343/500 ---
Averaged Train Loss: 1.3406
Averaged Test Accuracy: 0.5055
Averaged Test AUC: 0.8668
Std Test Accuracy: 0.1470
Std Test AUC: 0.0382

--- Round 344/500 ---
Averaged Train Loss: 1.3790
Averaged Test Accuracy: 0.4922
Averaged Test AUC: 0.8608
Std Test Accuracy: 0.1722
Std Test AUC: 0.0599

--- Round 345/500 ---
Averaged Train Loss: 1.3797
Averaged Test Accuracy: 0.4820
Averaged Test AUC: 0.8630
Std Test Accuracy: 0.1652
Std Test AUC: 0.0413

--- Round 346/500 ---
Averaged Train Loss: 1.4786
Averaged Test Accuracy: 0.4638
Averaged Test AUC: 0.8544
Std Test Accuracy: 0.1805
Std Test AUC: 0.0538

--- Round 347/500 ---
Averaged Train Loss: 1.3845
Averaged Test Accuracy: 0.4763
Averaged Test AUC: 0.8626
Std Test Accuracy: 0.1559
Std Test AUC: 0.0391

--- Round 348/500 ---
Averaged Train Loss: 1.5665
Averaged Test Accuracy: 0.4223
Averaged Test AUC: 0.8460
Std Test Accuracy: 0.1980
Std Test AUC: 0.0680

--- Round 349/500 ---
Averaged Train Loss: 1.6612
Averaged Test Accuracy: 0.4123
Averaged Test AUC: 0.8429
Std Test Accuracy: 0.2422
Std Test AUC: 0.0748

--- Round 350/500 ---
Averaged Train Loss: 1.4563
Averaged Test Accuracy: 0.4587
Averaged Test AUC: 0.8571
Std Test Accuracy: 0.1688
Std Test AUC: 0.0506

--- Round 351/500 ---
Averaged Train Loss: 1.4019
Averaged Test Accuracy: 0.4792
Averaged Test AUC: 0.8575
Std Test Accuracy: 0.1395
Std Test AUC: 0.0461

--- Round 352/500 ---
Averaged Train Loss: 1.4053
Averaged Test Accuracy: 0.4864
Averaged Test AUC: 0.8584
Std Test Accuracy: 0.1777
Std Test AUC: 0.0649

--- Round 353/500 ---
Averaged Train Loss: 1.5077
Averaged Test Accuracy: 0.4428
Averaged Test AUC: 0.8561
Std Test Accuracy: 0.2059
Std Test AUC: 0.0530

--- Round 354/500 ---
Averaged Train Loss: 1.5167
Averaged Test Accuracy: 0.4542
Averaged Test AUC: 0.8449
Std Test Accuracy: 0.1527
Std Test AUC: 0.0628

--- Round 355/500 ---
Averaged Train Loss: 1.3809
Averaged Test Accuracy: 0.4940
Averaged Test AUC: 0.8617
Std Test Accuracy: 0.1800
Std Test AUC: 0.0537

--- Round 356/500 ---
Averaged Train Loss: 1.3722
Averaged Test Accuracy: 0.4931
Averaged Test AUC: 0.8617
Std Test Accuracy: 0.1615
Std Test AUC: 0.0575

--- Round 357/500 ---
Averaged Train Loss: 1.5059
Averaged Test Accuracy: 0.4386
Averaged Test AUC: 0.8540
Std Test Accuracy: 0.2108
Std Test AUC: 0.0520

--- Round 358/500 ---
Averaged Train Loss: 1.4527
Averaged Test Accuracy: 0.4677
Averaged Test AUC: 0.8552
Std Test Accuracy: 0.1730
Std Test AUC: 0.0530

--- Round 359/500 ---
Averaged Train Loss: 1.3059
Averaged Test Accuracy: 0.5174
Averaged Test AUC: 0.8701
Std Test Accuracy: 0.1328
Std Test AUC: 0.0354

--- Round 360/500 ---
Averaged Train Loss: 1.5398
Averaged Test Accuracy: 0.4323
Averaged Test AUC: 0.8484
Std Test Accuracy: 0.1915
Std Test AUC: 0.0650

--- Round 361/500 ---
Averaged Train Loss: 1.6101
Averaged Test Accuracy: 0.4364
Averaged Test AUC: 0.8385
Std Test Accuracy: 0.2015
Std Test AUC: 0.0768

--- Round 362/500 ---
Averaged Train Loss: 1.6537
Averaged Test Accuracy: 0.4158
Averaged Test AUC: 0.8402
Std Test Accuracy: 0.2052
Std Test AUC: 0.0711

--- Round 363/500 ---
Averaged Train Loss: 1.4559
Averaged Test Accuracy: 0.4626
Averaged Test AUC: 0.8516
Std Test Accuracy: 0.1874
Std Test AUC: 0.0658

--- Round 364/500 ---
Averaged Train Loss: 1.4197
Averaged Test Accuracy: 0.4786
Averaged Test AUC: 0.8599
Std Test Accuracy: 0.1898
Std Test AUC: 0.0602

--- Round 365/500 ---
Averaged Train Loss: 1.4278
Averaged Test Accuracy: 0.4841
Averaged Test AUC: 0.8566
Std Test Accuracy: 0.1598
Std Test AUC: 0.0606

--- Round 366/500 ---
Averaged Train Loss: 1.5360
Averaged Test Accuracy: 0.4389
Averaged Test AUC: 0.8435
Std Test Accuracy: 0.1508
Std Test AUC: 0.0591

--- Round 367/500 ---
Averaged Train Loss: 1.5297
Averaged Test Accuracy: 0.4540
Averaged Test AUC: 0.8512
Std Test Accuracy: 0.2298
Std Test AUC: 0.0692

--- Round 368/500 ---
Averaged Train Loss: 1.3664
Averaged Test Accuracy: 0.4985
Averaged Test AUC: 0.8622
Std Test Accuracy: 0.1676
Std Test AUC: 0.0595

--- Round 369/500 ---
Averaged Train Loss: 1.3604
Averaged Test Accuracy: 0.4928
Averaged Test AUC: 0.8645
Std Test Accuracy: 0.1321
Std Test AUC: 0.0386

--- Round 370/500 ---
Averaged Train Loss: 1.4823
Averaged Test Accuracy: 0.4550
Averaged Test AUC: 0.8503
Std Test Accuracy: 0.1965
Std Test AUC: 0.0662

--- Round 371/500 ---
Averaged Train Loss: 1.4040
Averaged Test Accuracy: 0.4868
Averaged Test AUC: 0.8602
Std Test Accuracy: 0.1820
Std Test AUC: 0.0559

--- Round 372/500 ---
Averaged Train Loss: 1.4781
Averaged Test Accuracy: 0.4597
Averaged Test AUC: 0.8524
Std Test Accuracy: 0.1856
Std Test AUC: 0.0685

--- Round 373/500 ---
Averaged Train Loss: 1.4848
Averaged Test Accuracy: 0.4685
Averaged Test AUC: 0.8502
Std Test Accuracy: 0.1872
Std Test AUC: 0.0731

--- Round 374/500 ---
Averaged Train Loss: 1.5756
Averaged Test Accuracy: 0.4270
Averaged Test AUC: 0.8478
Std Test Accuracy: 0.2080
Std Test AUC: 0.0668

--- Round 375/500 ---
Averaged Train Loss: 1.4946
Averaged Test Accuracy: 0.4476
Averaged Test AUC: 0.8527
Std Test Accuracy: 0.2176
Std Test AUC: 0.0622

--- Round 376/500 ---
Averaged Train Loss: 1.4786
Averaged Test Accuracy: 0.4577
Averaged Test AUC: 0.8553
Std Test Accuracy: 0.2078
Std Test AUC: 0.0706

--- Round 377/500 ---
Averaged Train Loss: 1.3358
Averaged Test Accuracy: 0.5107
Averaged Test AUC: 0.8661
Std Test Accuracy: 0.1380
Std Test AUC: 0.0469

--- Round 378/500 ---
Averaged Train Loss: 1.4257
Averaged Test Accuracy: 0.4740
Averaged Test AUC: 0.8566
Std Test Accuracy: 0.1851
Std Test AUC: 0.0592

--- Round 379/500 ---
Averaged Train Loss: 1.4832
Averaged Test Accuracy: 0.4535
Averaged Test AUC: 0.8504
Std Test Accuracy: 0.2021
Std Test AUC: 0.0637

--- Round 380/500 ---
Averaged Train Loss: 1.3797
Averaged Test Accuracy: 0.4890
Averaged Test AUC: 0.8636
Std Test Accuracy: 0.1730
Std Test AUC: 0.0569

--- Round 381/500 ---
Averaged Train Loss: 1.4085
Averaged Test Accuracy: 0.4885
Averaged Test AUC: 0.8575
Std Test Accuracy: 0.1766
Std Test AUC: 0.0668

--- Round 382/500 ---
Averaged Train Loss: 1.4159
Averaged Test Accuracy: 0.4804
Averaged Test AUC: 0.8544
Std Test Accuracy: 0.1485
Std Test AUC: 0.0557

--- Round 383/500 ---
Averaged Train Loss: 1.4113
Averaged Test Accuracy: 0.4835
Averaged Test AUC: 0.8583
Std Test Accuracy: 0.1839
Std Test AUC: 0.0557

--- Round 384/500 ---
Averaged Train Loss: 1.4443
Averaged Test Accuracy: 0.4797
Averaged Test AUC: 0.8557
Std Test Accuracy: 0.1918
Std Test AUC: 0.0745

--- Round 385/500 ---
Averaged Train Loss: 1.3757
Averaged Test Accuracy: 0.4876
Averaged Test AUC: 0.8616
Std Test Accuracy: 0.1387
Std Test AUC: 0.0433

--- Round 386/500 ---
Averaged Train Loss: 1.3631
Averaged Test Accuracy: 0.4916
Averaged Test AUC: 0.8650
Std Test Accuracy: 0.1526
Std Test AUC: 0.0413

--- Round 387/500 ---
Averaged Train Loss: 1.4576
Averaged Test Accuracy: 0.4783
Averaged Test AUC: 0.8547
Std Test Accuracy: 0.2055
Std Test AUC: 0.0638

--- Round 388/500 ---
Averaged Train Loss: 1.5399
Averaged Test Accuracy: 0.4378
Averaged Test AUC: 0.8504
Std Test Accuracy: 0.2010
Std Test AUC: 0.0675

--- Round 389/500 ---
Averaged Train Loss: 1.3354
Averaged Test Accuracy: 0.5060
Averaged Test AUC: 0.8674
Std Test Accuracy: 0.1497
Std Test AUC: 0.0461

--- Round 390/500 ---
Averaged Train Loss: 1.4587
Averaged Test Accuracy: 0.4602
Averaged Test AUC: 0.8532
Std Test Accuracy: 0.1715
Std Test AUC: 0.0556

--- Round 391/500 ---
Averaged Train Loss: 1.4890
Averaged Test Accuracy: 0.4491
Averaged Test AUC: 0.8478
Std Test Accuracy: 0.2031
Std Test AUC: 0.0676

--- Round 392/500 ---
Averaged Train Loss: 1.4128
Averaged Test Accuracy: 0.4819
Averaged Test AUC: 0.8587
Std Test Accuracy: 0.1658
Std Test AUC: 0.0612

--- Round 393/500 ---
Averaged Train Loss: 1.3749
Averaged Test Accuracy: 0.4979
Averaged Test AUC: 0.8626
Std Test Accuracy: 0.1682
Std Test AUC: 0.0542

--- Round 394/500 ---
Averaged Train Loss: 1.4558
Averaged Test Accuracy: 0.4588
Averaged Test AUC: 0.8521
Std Test Accuracy: 0.1417
Std Test AUC: 0.0456

--- Round 395/500 ---
Averaged Train Loss: 1.3827
Averaged Test Accuracy: 0.4942
Averaged Test AUC: 0.8600
Std Test Accuracy: 0.1767
Std Test AUC: 0.0583

--- Round 396/500 ---
Averaged Train Loss: 1.3997
Averaged Test Accuracy: 0.4933
Averaged Test AUC: 0.8598
Std Test Accuracy: 0.1773
Std Test AUC: 0.0691

--- Round 397/500 ---
Averaged Train Loss: 1.3297
Averaged Test Accuracy: 0.5088
Averaged Test AUC: 0.8684
Std Test Accuracy: 0.1592
Std Test AUC: 0.0430

--- Round 398/500 ---
Averaged Train Loss: 1.6152
Averaged Test Accuracy: 0.4041
Averaged Test AUC: 0.8467
Std Test Accuracy: 0.1720
Std Test AUC: 0.0515

--- Round 399/500 ---
Averaged Train Loss: 1.4424
Averaged Test Accuracy: 0.4751
Averaged Test AUC: 0.8556
Std Test Accuracy: 0.1887
Std Test AUC: 0.0618

--- Round 400/500 ---
Averaged Train Loss: 1.4837
Averaged Test Accuracy: 0.4595
Averaged Test AUC: 0.8540
Std Test Accuracy: 0.1993
Std Test AUC: 0.0698

--- Round 401/500 ---
Averaged Train Loss: 1.3574
Averaged Test Accuracy: 0.4975
Averaged Test AUC: 0.8664
Std Test Accuracy: 0.1740
Std Test AUC: 0.0479

--- Round 402/500 ---
Averaged Train Loss: 1.4376
Averaged Test Accuracy: 0.4705
Averaged Test AUC: 0.8526
Std Test Accuracy: 0.1627
Std Test AUC: 0.0576

--- Round 403/500 ---
Averaged Train Loss: 1.4911
Averaged Test Accuracy: 0.4498
Averaged Test AUC: 0.8502
Std Test Accuracy: 0.2094
Std Test AUC: 0.0684

--- Round 404/500 ---
Averaged Train Loss: 1.4050
Averaged Test Accuracy: 0.4912
Averaged Test AUC: 0.8601
Std Test Accuracy: 0.1813
Std Test AUC: 0.0688

--- Round 405/500 ---
Averaged Train Loss: 1.4448
Averaged Test Accuracy: 0.4761
Averaged Test AUC: 0.8555
Std Test Accuracy: 0.1859
Std Test AUC: 0.0665

--- Round 406/500 ---
Averaged Train Loss: 1.4885
Averaged Test Accuracy: 0.4469
Averaged Test AUC: 0.8496
Std Test Accuracy: 0.1503
Std Test AUC: 0.0469

--- Round 407/500 ---
Averaged Train Loss: 1.3700
Averaged Test Accuracy: 0.4979
Averaged Test AUC: 0.8610
Std Test Accuracy: 0.1692
Std Test AUC: 0.0624

--- Round 408/500 ---
Averaged Train Loss: 1.4502
Averaged Test Accuracy: 0.4755
Averaged Test AUC: 0.8564
Std Test Accuracy: 0.1995
Std Test AUC: 0.0750

--- Round 409/500 ---
Averaged Train Loss: 1.3705
Averaged Test Accuracy: 0.4874
Averaged Test AUC: 0.8652
Std Test Accuracy: 0.1582
Std Test AUC: 0.0407

--- Round 410/500 ---
Averaged Train Loss: 1.4348
Averaged Test Accuracy: 0.4607
Averaged Test AUC: 0.8573
Std Test Accuracy: 0.1585
Std Test AUC: 0.0417

--- Round 411/500 ---
Averaged Train Loss: 1.3764
Averaged Test Accuracy: 0.5009
Averaged Test AUC: 0.8612
Std Test Accuracy: 0.1772
Std Test AUC: 0.0557

--- Round 412/500 ---
Averaged Train Loss: 1.3825
Averaged Test Accuracy: 0.4877
Averaged Test AUC: 0.8621
Std Test Accuracy: 0.1710
Std Test AUC: 0.0598

--- Round 413/500 ---
Averaged Train Loss: 1.4166
Averaged Test Accuracy: 0.4822
Averaged Test AUC: 0.8642
Std Test Accuracy: 0.1930
Std Test AUC: 0.0557

--- Round 414/500 ---
Averaged Train Loss: 1.3963
Averaged Test Accuracy: 0.4788
Averaged Test AUC: 0.8577
Std Test Accuracy: 0.1587
Std Test AUC: 0.0478

--- Round 415/500 ---
Averaged Train Loss: 1.3391
Averaged Test Accuracy: 0.5038
Averaged Test AUC: 0.8663
Std Test Accuracy: 0.1696
Std Test AUC: 0.0503

--- Round 416/500 ---
Averaged Train Loss: 1.3510
Averaged Test Accuracy: 0.4995
Averaged Test AUC: 0.8653
Std Test Accuracy: 0.1572
Std Test AUC: 0.0505

--- Round 417/500 ---
Averaged Train Loss: 1.3988
Averaged Test Accuracy: 0.4891
Averaged Test AUC: 0.8645
Std Test Accuracy: 0.1829
Std Test AUC: 0.0549

--- Round 418/500 ---
Averaged Train Loss: 1.4953
Averaged Test Accuracy: 0.4401
Averaged Test AUC: 0.8527
Std Test Accuracy: 0.1826
Std Test AUC: 0.0538

--- Round 419/500 ---
Averaged Train Loss: 1.3401
Averaged Test Accuracy: 0.5027
Averaged Test AUC: 0.8675
Std Test Accuracy: 0.1798
Std Test AUC: 0.0523

--- Round 420/500 ---
Averaged Train Loss: 1.3265
Averaged Test Accuracy: 0.5087
Averaged Test AUC: 0.8677
Std Test Accuracy: 0.1599
Std Test AUC: 0.0489

--- Round 421/500 ---
Averaged Train Loss: 1.4316
Averaged Test Accuracy: 0.4769
Averaged Test AUC: 0.8629
Std Test Accuracy: 0.2041
Std Test AUC: 0.0533

--- Round 422/500 ---
Averaged Train Loss: 1.3548
Averaged Test Accuracy: 0.4965
Averaged Test AUC: 0.8667
Std Test Accuracy: 0.1944
Std Test AUC: 0.0536

--- Round 423/500 ---
Averaged Train Loss: 1.3357
Averaged Test Accuracy: 0.5008
Averaged Test AUC: 0.8660
Std Test Accuracy: 0.1362
Std Test AUC: 0.0391

--- Round 424/500 ---
Averaged Train Loss: 1.4266
Averaged Test Accuracy: 0.4798
Averaged Test AUC: 0.8602
Std Test Accuracy: 0.1933
Std Test AUC: 0.0616

--- Round 425/500 ---
Averaged Train Loss: 1.3617
Averaged Test Accuracy: 0.4950
Averaged Test AUC: 0.8671
Std Test Accuracy: 0.1808
Std Test AUC: 0.0504

--- Round 426/500 ---
Averaged Train Loss: 1.3703
Averaged Test Accuracy: 0.4900
Averaged Test AUC: 0.8656
Std Test Accuracy: 0.1954
Std Test AUC: 0.0537

--- Round 427/500 ---
Averaged Train Loss: 1.3220
Averaged Test Accuracy: 0.5064
Averaged Test AUC: 0.8676
Std Test Accuracy: 0.1333
Std Test AUC: 0.0436

--- Round 428/500 ---
Averaged Train Loss: 1.3242
Averaged Test Accuracy: 0.5096
Averaged Test AUC: 0.8700
Std Test Accuracy: 0.1700
Std Test AUC: 0.0484

--- Round 429/500 ---
Averaged Train Loss: 1.4602
Averaged Test Accuracy: 0.4566
Averaged Test AUC: 0.8604
Std Test Accuracy: 0.2229
Std Test AUC: 0.0554

--- Round 430/500 ---
Averaged Train Loss: 1.3014
Averaged Test Accuracy: 0.5154
Averaged Test AUC: 0.8711
Std Test Accuracy: 0.1479
Std Test AUC: 0.0392

--- Round 431/500 ---
Averaged Train Loss: 1.2877
Averaged Test Accuracy: 0.5212
Averaged Test AUC: 0.8707
Std Test Accuracy: 0.1112
Std Test AUC: 0.0348

--- Round 432/500 ---
Averaged Train Loss: 1.2967
Averaged Test Accuracy: 0.5159
Averaged Test AUC: 0.8731
Std Test Accuracy: 0.1484
Std Test AUC: 0.0408

--- Round 433/500 ---
Averaged Train Loss: 1.3925
Averaged Test Accuracy: 0.4818
Averaged Test AUC: 0.8654
Std Test Accuracy: 0.1925
Std Test AUC: 0.0462

--- Round 434/500 ---
Averaged Train Loss: 1.3945
Averaged Test Accuracy: 0.4799
Averaged Test AUC: 0.8621
Std Test Accuracy: 0.2088
Std Test AUC: 0.0596

--- Round 435/500 ---
Averaged Train Loss: 1.2984
Averaged Test Accuracy: 0.5176
Averaged Test AUC: 0.8700
Std Test Accuracy: 0.1558
Std Test AUC: 0.0434

--- Round 436/500 ---
Averaged Train Loss: 1.3027
Averaged Test Accuracy: 0.5162
Averaged Test AUC: 0.8727
Std Test Accuracy: 0.1495
Std Test AUC: 0.0413

--- Round 437/500 ---
Averaged Train Loss: 1.3814
Averaged Test Accuracy: 0.4862
Averaged Test AUC: 0.8664
Std Test Accuracy: 0.1966
Std Test AUC: 0.0487

--- Round 438/500 ---
Averaged Train Loss: 1.3864
Averaged Test Accuracy: 0.4916
Averaged Test AUC: 0.8642
Std Test Accuracy: 0.2074
Std Test AUC: 0.0572

--- Round 439/500 ---
Averaged Train Loss: 1.3327
Averaged Test Accuracy: 0.5027
Averaged Test AUC: 0.8672
Std Test Accuracy: 0.1718
Std Test AUC: 0.0532

--- Round 440/500 ---
Averaged Train Loss: 1.3370
Averaged Test Accuracy: 0.5039
Averaged Test AUC: 0.8694
Std Test Accuracy: 0.1503
Std Test AUC: 0.0369

--- Round 441/500 ---
Averaged Train Loss: 1.3710
Averaged Test Accuracy: 0.4927
Averaged Test AUC: 0.8689
Std Test Accuracy: 0.1846
Std Test AUC: 0.0473

--- Round 442/500 ---
Averaged Train Loss: 1.3692
Averaged Test Accuracy: 0.4920
Averaged Test AUC: 0.8637
Std Test Accuracy: 0.1705
Std Test AUC: 0.0475

--- Round 443/500 ---
Averaged Train Loss: 1.3365
Averaged Test Accuracy: 0.5023
Averaged Test AUC: 0.8676
Std Test Accuracy: 0.1828
Std Test AUC: 0.0555

--- Round 444/500 ---
Averaged Train Loss: 1.3286
Averaged Test Accuracy: 0.5078
Averaged Test AUC: 0.8706
Std Test Accuracy: 0.1752
Std Test AUC: 0.0435

--- Round 445/500 ---
Averaged Train Loss: 1.3653
Averaged Test Accuracy: 0.4897
Averaged Test AUC: 0.8671
Std Test Accuracy: 0.1713
Std Test AUC: 0.0404

--- Round 446/500 ---
Averaged Train Loss: 1.3616
Averaged Test Accuracy: 0.4990
Averaged Test AUC: 0.8650
Std Test Accuracy: 0.1920
Std Test AUC: 0.0510

--- Round 447/500 ---
Averaged Train Loss: 1.4480
Averaged Test Accuracy: 0.4702
Averaged Test AUC: 0.8532
Std Test Accuracy: 0.1825
Std Test AUC: 0.0696

--- Round 448/500 ---
Averaged Train Loss: 1.3081
Averaged Test Accuracy: 0.5138
Averaged Test AUC: 0.8716
Std Test Accuracy: 0.1804
Std Test AUC: 0.0499

--- Round 449/500 ---
Averaged Train Loss: 1.2799
Averaged Test Accuracy: 0.5232
Averaged Test AUC: 0.8735
Std Test Accuracy: 0.1312
Std Test AUC: 0.0321

--- Round 450/500 ---
Averaged Train Loss: 1.3053
Averaged Test Accuracy: 0.5161
Averaged Test AUC: 0.8708
Std Test Accuracy: 0.1552
Std Test AUC: 0.0403

--- Round 451/500 ---
Averaged Train Loss: 1.3951
Averaged Test Accuracy: 0.4772
Averaged Test AUC: 0.8604
Std Test Accuracy: 0.1551
Std Test AUC: 0.0529

--- Round 452/500 ---
Averaged Train Loss: 1.3796
Averaged Test Accuracy: 0.4922
Averaged Test AUC: 0.8644
Std Test Accuracy: 0.2007
Std Test AUC: 0.0632

--- Round 453/500 ---
Averaged Train Loss: 1.3190
Averaged Test Accuracy: 0.5086
Averaged Test AUC: 0.8707
Std Test Accuracy: 0.1718
Std Test AUC: 0.0425

--- Round 454/500 ---
Averaged Train Loss: 1.3125
Averaged Test Accuracy: 0.5151
Averaged Test AUC: 0.8695
Std Test Accuracy: 0.1625
Std Test AUC: 0.0432

--- Round 455/500 ---
Averaged Train Loss: 1.4194
Averaged Test Accuracy: 0.4633
Averaged Test AUC: 0.8608
Std Test Accuracy: 0.1705
Std Test AUC: 0.0480

--- Round 456/500 ---
Averaged Train Loss: 1.3891
Averaged Test Accuracy: 0.4902
Averaged Test AUC: 0.8625
Std Test Accuracy: 0.1996
Std Test AUC: 0.0691

--- Round 457/500 ---
Averaged Train Loss: 1.3080
Averaged Test Accuracy: 0.5124
Averaged Test AUC: 0.8719
Std Test Accuracy: 0.1494
Std Test AUC: 0.0391

--- Round 458/500 ---
Averaged Train Loss: 1.3716
Averaged Test Accuracy: 0.4937
Averaged Test AUC: 0.8627
Std Test Accuracy: 0.1757
Std Test AUC: 0.0497

--- Round 459/500 ---
Averaged Train Loss: 1.4125
Averaged Test Accuracy: 0.4731
Averaged Test AUC: 0.8602
Std Test Accuracy: 0.1571
Std Test AUC: 0.0502

--- Round 460/500 ---
Averaged Train Loss: 1.4325
Averaged Test Accuracy: 0.4753
Averaged Test AUC: 0.8604
Std Test Accuracy: 0.2101
Std Test AUC: 0.0674

--- Round 461/500 ---
Averaged Train Loss: 1.3074
Averaged Test Accuracy: 0.5129
Averaged Test AUC: 0.8730
Std Test Accuracy: 0.1530
Std Test AUC: 0.0378

--- Round 462/500 ---
Averaged Train Loss: 1.3900
Averaged Test Accuracy: 0.4958
Averaged Test AUC: 0.8600
Std Test Accuracy: 0.1733
Std Test AUC: 0.0556

--- Round 463/500 ---
Averaged Train Loss: 1.3952
Averaged Test Accuracy: 0.4798
Averaged Test AUC: 0.8617
Std Test Accuracy: 0.1624
Std Test AUC: 0.0492

--- Round 464/500 ---
Averaged Train Loss: 1.3646
Averaged Test Accuracy: 0.4947
Averaged Test AUC: 0.8653
Std Test Accuracy: 0.1824
Std Test AUC: 0.0599

--- Round 465/500 ---
Averaged Train Loss: 1.3627
Averaged Test Accuracy: 0.4977
Averaged Test AUC: 0.8661
Std Test Accuracy: 0.1952
Std Test AUC: 0.0586

--- Round 466/500 ---
Averaged Train Loss: 1.3381
Averaged Test Accuracy: 0.5087
Averaged Test AUC: 0.8682
Std Test Accuracy: 0.1644
Std Test AUC: 0.0433

--- Round 467/500 ---
Averaged Train Loss: 1.3335
Averaged Test Accuracy: 0.5013
Averaged Test AUC: 0.8666
Std Test Accuracy: 0.1469
Std Test AUC: 0.0380

--- Round 468/500 ---
Averaged Train Loss: 1.3928
Averaged Test Accuracy: 0.4895
Averaged Test AUC: 0.8621
Std Test Accuracy: 0.1954
Std Test AUC: 0.0636

--- Round 469/500 ---
Averaged Train Loss: 1.3598
Averaged Test Accuracy: 0.4987
Averaged Test AUC: 0.8670
Std Test Accuracy: 0.2091
Std Test AUC: 0.0597

--- Round 470/500 ---
Averaged Train Loss: 1.3689
Averaged Test Accuracy: 0.4967
Averaged Test AUC: 0.8639
Std Test Accuracy: 0.1635
Std Test AUC: 0.0470

--- Round 471/500 ---
Averaged Train Loss: 1.3589
Averaged Test Accuracy: 0.4909
Averaged Test AUC: 0.8642
Std Test Accuracy: 0.1134
Std Test AUC: 0.0323

--- Round 472/500 ---
Averaged Train Loss: 1.3626
Averaged Test Accuracy: 0.4971
Averaged Test AUC: 0.8671
Std Test Accuracy: 0.1883
Std Test AUC: 0.0570

--- Round 473/500 ---
Averaged Train Loss: 1.3456
Averaged Test Accuracy: 0.5039
Averaged Test AUC: 0.8679
Std Test Accuracy: 0.1803
Std Test AUC: 0.0574

--- Round 474/500 ---
Averaged Train Loss: 1.4046
Averaged Test Accuracy: 0.4781
Averaged Test AUC: 0.8598
Std Test Accuracy: 0.1348
Std Test AUC: 0.0427

--- Round 475/500 ---
Averaged Train Loss: 1.3958
Averaged Test Accuracy: 0.4878
Averaged Test AUC: 0.8594
Std Test Accuracy: 0.1557
Std Test AUC: 0.0575

--- Round 476/500 ---
Averaged Train Loss: 1.3307
Averaged Test Accuracy: 0.5093
Averaged Test AUC: 0.8690
Std Test Accuracy: 0.1879
Std Test AUC: 0.0591

--- Round 477/500 ---
Averaged Train Loss: 1.3149
Averaged Test Accuracy: 0.5154
Averaged Test AUC: 0.8710
Std Test Accuracy: 0.1673
Std Test AUC: 0.0442

--- Round 478/500 ---
Averaged Train Loss: 1.3513
Averaged Test Accuracy: 0.4966
Averaged Test AUC: 0.8640
Std Test Accuracy: 0.1214
Std Test AUC: 0.0357

--- Round 479/500 ---
Averaged Train Loss: 1.3313
Averaged Test Accuracy: 0.5059
Averaged Test AUC: 0.8681
Std Test Accuracy: 0.1824
Std Test AUC: 0.0521

--- Round 480/500 ---
Averaged Train Loss: 1.3834
Averaged Test Accuracy: 0.4935
Averaged Test AUC: 0.8646
Std Test Accuracy: 0.2069
Std Test AUC: 0.0651

--- Round 481/500 ---
Averaged Train Loss: 1.2873
Averaged Test Accuracy: 0.5213
Averaged Test AUC: 0.8727
Std Test Accuracy: 0.1453
Std Test AUC: 0.0379

--- Round 482/500 ---
Averaged Train Loss: 1.3012
Averaged Test Accuracy: 0.5162
Averaged Test AUC: 0.8711
Std Test Accuracy: 0.1308
Std Test AUC: 0.0389

--- Round 483/500 ---
Averaged Train Loss: 1.2729
Averaged Test Accuracy: 0.5271
Averaged Test AUC: 0.8739
Std Test Accuracy: 0.1426
Std Test AUC: 0.0372

--- Round 484/500 ---
Averaged Train Loss: 1.3451
Averaged Test Accuracy: 0.5028
Averaged Test AUC: 0.8686
Std Test Accuracy: 0.1945
Std Test AUC: 0.0565

--- Round 485/500 ---
Averaged Train Loss: 1.3239
Averaged Test Accuracy: 0.5061
Averaged Test AUC: 0.8699
Std Test Accuracy: 0.1489
Std Test AUC: 0.0359

--- Round 486/500 ---
Averaged Train Loss: 1.2997
Averaged Test Accuracy: 0.5157
Averaged Test AUC: 0.8713
Std Test Accuracy: 0.1366
Std Test AUC: 0.0380

--- Round 487/500 ---
Averaged Train Loss: 1.3845
Averaged Test Accuracy: 0.4806
Averaged Test AUC: 0.8665
Std Test Accuracy: 0.1631
Std Test AUC: 0.0454

--- Round 488/500 ---
Averaged Train Loss: 1.3227
Averaged Test Accuracy: 0.5079
Averaged Test AUC: 0.8708
Std Test Accuracy: 0.1908
Std Test AUC: 0.0524

--- Round 489/500 ---
Averaged Train Loss: 1.2890
Averaged Test Accuracy: 0.5249
Averaged Test AUC: 0.8731
Std Test Accuracy: 0.1585
Std Test AUC: 0.0417

--- Round 490/500 ---
Averaged Train Loss: 1.2871
Averaged Test Accuracy: 0.5184
Averaged Test AUC: 0.8734
Std Test Accuracy: 0.1216
Std Test AUC: 0.0331

--- Round 491/500 ---
Averaged Train Loss: 1.2985
Averaged Test Accuracy: 0.5122
Averaged Test AUC: 0.8732
Std Test Accuracy: 0.1553
Std Test AUC: 0.0369

--- Round 492/500 ---
Averaged Train Loss: 1.2835
Averaged Test Accuracy: 0.5276
Averaged Test AUC: 0.8740
Std Test Accuracy: 0.1528
Std Test AUC: 0.0470

--- Round 493/500 ---
Averaged Train Loss: 1.3057
Averaged Test Accuracy: 0.5165
Averaged Test AUC: 0.8717
Std Test Accuracy: 0.1574
Std Test AUC: 0.0375

--- Round 494/500 ---
Averaged Train Loss: 1.2700
Averaged Test Accuracy: 0.5269
Averaged Test AUC: 0.8759
Std Test Accuracy: 0.1382
Std Test AUC: 0.0400

--- Round 495/500 ---
Averaged Train Loss: 1.3046
Averaged Test Accuracy: 0.5165
Averaged Test AUC: 0.8711
Std Test Accuracy: 0.1544
Std Test AUC: 0.0423

--- Round 496/500 ---
Averaged Train Loss: 1.3023
Averaged Test Accuracy: 0.5168
Averaged Test AUC: 0.8723
Std Test Accuracy: 0.1823
Std Test AUC: 0.0476

--- Round 497/500 ---
Averaged Train Loss: 1.2661
Averaged Test Accuracy: 0.5293
Averaged Test AUC: 0.8754
Std Test Accuracy: 0.1247
Std Test AUC: 0.0324

--- Round 498/500 ---
Averaged Train Loss: 1.3087
Averaged Test Accuracy: 0.5167
Averaged Test AUC: 0.8732
Std Test Accuracy: 0.1782
Std Test AUC: 0.0470

--- Round 499/500 ---
Averaged Train Loss: 1.3136
Averaged Test Accuracy: 0.5098
Averaged Test AUC: 0.8700
Std Test Accuracy: 0.1629
Std Test AUC: 0.0412

--- Round 500/500 ---
Averaged Train Loss: 1.2873
Averaged Test Accuracy: 0.5210
Averaged Test AUC: 0.8737
Std Test Accuracy: 0.1720
Std Test AUC: 0.0489

========== Training Complete ==========
Best Test Accuracy: 0.5293374135178286
File path: ../results/Cifar10_FedEntPlusSmooth_smooth_trial01_0055_0.h5

Average time cost: 1875.55s.
Length:  501
std for best accuracy: 0.0
mean for best accuracy: 0.5293374135178286
All done!

Storage on cuda:0
-------------------------------------------------------------------------------
Total Tensors: 200306664 	Used Memory: 553.17M
The allocated memory on cuda:0: 570.36M
Memory differs due to the matrix alignment or invisible gradient buffer tensors
-------------------------------------------------------------------------------
