==================================================
goal = smooth_trial01_0089
device = cuda
device_id = 0
dataset = Cifar10
num_classes = 10
model = CNN
batch_size = 64
local_learning_rate = 0.01
learning_rate_decay = True
learning_rate_decay_gamma = 0.98
global_rounds = 500
top_cnt = 100
local_epochs = 5
algorithm = FedEntPlusSmooth
join_ratio = 0.1
random_join_ratio = False
num_clients = 100
prev = 0
times = 1
eval_gap = 1
save_folder_name = items
auto_break = False
dlg_eval = False
dlg_gap = 100
batch_num_per_client = 2
num_new_clients = 0
fine_tuning_epoch_new = 0
feature_dim = 512
vocab_size = 32000
max_len = 200
client_drop_rate = 0.0
train_slow_rate = 0.0
send_slow_rate = 0.0
time_select = False
time_threthold = 10000
beta = 0.0
lamda = 1.0
mu = 0.0
K = 5
p_learning_rate = 0.01
M = 5
itk = 4000
alphaK = 1.0
sigma = 1.0
alpha = 1.0
plocal_epochs = 1
tau = 1.0
fine_tuning_epochs = 10
dr_learning_rate = 0.0
L = 1.0
noise_dim = 512
generator_learning_rate = 0.005
hidden_dim = 512
server_epochs = 1000
localize_feature_extractor = False
server_learning_rate = 1.0
eta = 1.0
rand_percent = 80
layer_idx = 2
mentee_learning_rate = 0.005
T_start = 0.95
T_end = 0.98
momentum = 0.9
kl_weight = 0.0
buffer_size = 0
dp_epsilon = 0.0
H_min = None
alpha_vp = 0.0
enable_dynamic_param = False
log_fedent = False
log_filename = None
dynamic_config_path = /home/john/PFLlib/system/auto_configs/smooth_trial01_0089.json
==================================================

============= Running time: 0th =============
Creating server and clients ...
FedAvgCNN(
  (conv1): Sequential(
    (0): Conv2d(3, 32, kernel_size=(5, 5), stride=(1, 1))
    (1): ReLU(inplace=True)
    (2): MaxPool2d(kernel_size=(2, 2), stride=(2, 2), padding=0, dilation=1, ceil_mode=False)
  )
  (conv2): Sequential(
    (0): Conv2d(32, 64, kernel_size=(5, 5), stride=(1, 1))
    (1): ReLU(inplace=True)
    (2): MaxPool2d(kernel_size=(2, 2), stride=(2, 2), padding=0, dilation=1, ceil_mode=False)
  )
  (fc1): Sequential(
    (0): Linear(in_features=1600, out_features=512, bias=True)
    (1): ReLU(inplace=True)
  )
  (fc): Linear(in_features=512, out_features=10, bias=True)
)

Join ratio / total clients: 0.1 / 100
Finished creating server and clients.

--- Round 0/500 ---
Averaged Train Loss: 2.3038
Averaged Test Accuracy: 0.0928
Averaged Test AUC: 0.4894
Std Test Accuracy: 0.1434
Std Test AUC: 0.2233

--- Round 1/500 ---
Averaged Train Loss: 2.3055
Averaged Test Accuracy: 0.0993
Averaged Test AUC: 0.5112
Std Test Accuracy: 0.2174
Std Test AUC: 0.2327

--- Round 2/500 ---
Averaged Train Loss: 2.3088
Averaged Test Accuracy: 0.0993
Averaged Test AUC: 0.5102
Std Test Accuracy: 0.2242
Std Test AUC: 0.2509

--- Round 3/500 ---
Averaged Train Loss: 2.3086
Averaged Test Accuracy: 0.1409
Averaged Test AUC: 0.5358
Std Test Accuracy: 0.2676
Std Test AUC: 0.2503

--- Round 4/500 ---
Averaged Train Loss: 2.3294
Averaged Test Accuracy: 0.1522
Averaged Test AUC: 0.5496
Std Test Accuracy: 0.2586
Std Test AUC: 0.2435

--- Round 5/500 ---
Averaged Train Loss: 2.2678
Averaged Test Accuracy: 0.1909
Averaged Test AUC: 0.5966
Std Test Accuracy: 0.2407
Std Test AUC: 0.2381

--- Round 6/500 ---
Averaged Train Loss: 2.2605
Averaged Test Accuracy: 0.1794
Averaged Test AUC: 0.6025
Std Test Accuracy: 0.2057
Std Test AUC: 0.2112

--- Round 7/500 ---
Averaged Train Loss: 2.3163
Averaged Test Accuracy: 0.1589
Averaged Test AUC: 0.5934
Std Test Accuracy: 0.1984
Std Test AUC: 0.1935

--- Round 8/500 ---
Averaged Train Loss: 2.2216
Averaged Test Accuracy: 0.1946
Averaged Test AUC: 0.6293
Std Test Accuracy: 0.1962
Std Test AUC: 0.1864

--- Round 9/500 ---
Averaged Train Loss: 2.2089
Averaged Test Accuracy: 0.1936
Averaged Test AUC: 0.6419
Std Test Accuracy: 0.2545
Std Test AUC: 0.1803

--- Round 10/500 ---
Averaged Train Loss: 2.1176
Averaged Test Accuracy: 0.2248
Averaged Test AUC: 0.6825
Std Test Accuracy: 0.2083
Std Test AUC: 0.1353

--- Round 11/500 ---
Averaged Train Loss: 2.1734
Averaged Test Accuracy: 0.1923
Averaged Test AUC: 0.6807
Std Test Accuracy: 0.2686
Std Test AUC: 0.1406

--- Round 12/500 ---
Averaged Train Loss: 2.0661
Averaged Test Accuracy: 0.2564
Averaged Test AUC: 0.7004
Std Test Accuracy: 0.1982
Std Test AUC: 0.1369

--- Round 13/500 ---
Averaged Train Loss: 2.0947
Averaged Test Accuracy: 0.2157
Averaged Test AUC: 0.6895
Std Test Accuracy: 0.2539
Std Test AUC: 0.1684

--- Round 14/500 ---
Averaged Train Loss: 2.0129
Averaged Test Accuracy: 0.2553
Averaged Test AUC: 0.7250
Std Test Accuracy: 0.1700
Std Test AUC: 0.0891

--- Round 15/500 ---
Averaged Train Loss: 2.0250
Averaged Test Accuracy: 0.2572
Averaged Test AUC: 0.7196
Std Test Accuracy: 0.2095
Std Test AUC: 0.1113

--- Round 16/500 ---
Averaged Train Loss: 2.0838
Averaged Test Accuracy: 0.2364
Averaged Test AUC: 0.7081
Std Test Accuracy: 0.2136
Std Test AUC: 0.1324

--- Round 17/500 ---
Averaged Train Loss: 2.0468
Averaged Test Accuracy: 0.2446
Averaged Test AUC: 0.7188
Std Test Accuracy: 0.2472
Std Test AUC: 0.1262

--- Round 18/500 ---
Averaged Train Loss: 2.0158
Averaged Test Accuracy: 0.2425
Averaged Test AUC: 0.7289
Std Test Accuracy: 0.1885
Std Test AUC: 0.0904

--- Round 19/500 ---
Averaged Train Loss: 1.9451
Averaged Test Accuracy: 0.2859
Averaged Test AUC: 0.7474
Std Test Accuracy: 0.1526
Std Test AUC: 0.0619

--- Round 20/500 ---
Averaged Train Loss: 2.0638
Averaged Test Accuracy: 0.2355
Averaged Test AUC: 0.7167
Std Test Accuracy: 0.1868
Std Test AUC: 0.1076

--- Round 21/500 ---
Averaged Train Loss: 1.9596
Averaged Test Accuracy: 0.2760
Averaged Test AUC: 0.7436
Std Test Accuracy: 0.1982
Std Test AUC: 0.0985

--- Round 22/500 ---
Averaged Train Loss: 1.9772
Averaged Test Accuracy: 0.2641
Averaged Test AUC: 0.7479
Std Test Accuracy: 0.2253
Std Test AUC: 0.0769

--- Round 23/500 ---
Averaged Train Loss: 1.9704
Averaged Test Accuracy: 0.2557
Averaged Test AUC: 0.7437
Std Test Accuracy: 0.2147
Std Test AUC: 0.0901

--- Round 24/500 ---
Averaged Train Loss: 1.9595
Averaged Test Accuracy: 0.2889
Averaged Test AUC: 0.7412
Std Test Accuracy: 0.1790
Std Test AUC: 0.1115

--- Round 25/500 ---
Averaged Train Loss: 1.9282
Averaged Test Accuracy: 0.3069
Averaged Test AUC: 0.7500
Std Test Accuracy: 0.1830
Std Test AUC: 0.1000

--- Round 26/500 ---
Averaged Train Loss: 1.9752
Averaged Test Accuracy: 0.2658
Averaged Test AUC: 0.7441
Std Test Accuracy: 0.1869
Std Test AUC: 0.0917

--- Round 27/500 ---
Averaged Train Loss: 2.0310
Averaged Test Accuracy: 0.2264
Averaged Test AUC: 0.7362
Std Test Accuracy: 0.1993
Std Test AUC: 0.0936

--- Round 28/500 ---
Averaged Train Loss: 1.9243
Averaged Test Accuracy: 0.2727
Averaged Test AUC: 0.7558
Std Test Accuracy: 0.1849
Std Test AUC: 0.0668

--- Round 29/500 ---
Averaged Train Loss: 1.9324
Averaged Test Accuracy: 0.2796
Averaged Test AUC: 0.7576
Std Test Accuracy: 0.2157
Std Test AUC: 0.0825

--- Round 30/500 ---
Averaged Train Loss: 1.9220
Averaged Test Accuracy: 0.2882
Averaged Test AUC: 0.7581
Std Test Accuracy: 0.1964
Std Test AUC: 0.0810

--- Round 31/500 ---
Averaged Train Loss: 1.9425
Averaged Test Accuracy: 0.2805
Averaged Test AUC: 0.7612
Std Test Accuracy: 0.2429
Std Test AUC: 0.0888

--- Round 32/500 ---
Averaged Train Loss: 1.8877
Averaged Test Accuracy: 0.3016
Averaged Test AUC: 0.7624
Std Test Accuracy: 0.1777
Std Test AUC: 0.0868

--- Round 33/500 ---
Averaged Train Loss: 2.0570
Averaged Test Accuracy: 0.2532
Averaged Test AUC: 0.7378
Std Test Accuracy: 0.2391
Std Test AUC: 0.1190

--- Round 34/500 ---
Averaged Train Loss: 1.9087
Averaged Test Accuracy: 0.2855
Averaged Test AUC: 0.7654
Std Test Accuracy: 0.2208
Std Test AUC: 0.0855

--- Round 35/500 ---
Averaged Train Loss: 1.8684
Averaged Test Accuracy: 0.3025
Averaged Test AUC: 0.7682
Std Test Accuracy: 0.1918
Std Test AUC: 0.0780

--- Round 36/500 ---
Averaged Train Loss: 1.8782
Averaged Test Accuracy: 0.3001
Averaged Test AUC: 0.7714
Std Test Accuracy: 0.2124
Std Test AUC: 0.0776

--- Round 37/500 ---
Averaged Train Loss: 1.8702
Averaged Test Accuracy: 0.3018
Averaged Test AUC: 0.7704
Std Test Accuracy: 0.2148
Std Test AUC: 0.0758

--- Round 38/500 ---
Averaged Train Loss: 1.8737
Averaged Test Accuracy: 0.2986
Averaged Test AUC: 0.7703
Std Test Accuracy: 0.1991
Std Test AUC: 0.0777

--- Round 39/500 ---
Averaged Train Loss: 1.8702
Averaged Test Accuracy: 0.3186
Averaged Test AUC: 0.7676
Std Test Accuracy: 0.1841
Std Test AUC: 0.0978

--- Round 40/500 ---
Averaged Train Loss: 1.8732
Averaged Test Accuracy: 0.3008
Averaged Test AUC: 0.7752
Std Test Accuracy: 0.2391
Std Test AUC: 0.0904

--- Round 41/500 ---
Averaged Train Loss: 1.8629
Averaged Test Accuracy: 0.3079
Averaged Test AUC: 0.7766
Std Test Accuracy: 0.2338
Std Test AUC: 0.0864

--- Round 42/500 ---
Averaged Train Loss: 1.9369
Averaged Test Accuracy: 0.2949
Averaged Test AUC: 0.7592
Std Test Accuracy: 0.2015
Std Test AUC: 0.0938

--- Round 43/500 ---
Averaged Train Loss: 1.8270
Averaged Test Accuracy: 0.3156
Averaged Test AUC: 0.7857
Std Test Accuracy: 0.2237
Std Test AUC: 0.0709

--- Round 44/500 ---
Averaged Train Loss: 1.7870
Averaged Test Accuracy: 0.3440
Averaged Test AUC: 0.7901
Std Test Accuracy: 0.2019
Std Test AUC: 0.0752

--- Round 45/500 ---
Averaged Train Loss: 1.7811
Averaged Test Accuracy: 0.3447
Averaged Test AUC: 0.7947
Std Test Accuracy: 0.2000
Std Test AUC: 0.0629

--- Round 46/500 ---
Averaged Train Loss: 1.8256
Averaged Test Accuracy: 0.3202
Averaged Test AUC: 0.7888
Std Test Accuracy: 0.2450
Std Test AUC: 0.0781

--- Round 47/500 ---
Averaged Train Loss: 1.8588
Averaged Test Accuracy: 0.3051
Averaged Test AUC: 0.7792
Std Test Accuracy: 0.2231
Std Test AUC: 0.0899

--- Round 48/500 ---
Averaged Train Loss: 1.7628
Averaged Test Accuracy: 0.3471
Averaged Test AUC: 0.7963
Std Test Accuracy: 0.1704
Std Test AUC: 0.0562

--- Round 49/500 ---
Averaged Train Loss: 1.7031
Averaged Test Accuracy: 0.3857
Averaged Test AUC: 0.8059
Std Test Accuracy: 0.1133
Std Test AUC: 0.0351

--- Round 50/500 ---
Averaged Train Loss: 1.7966
Averaged Test Accuracy: 0.3280
Averaged Test AUC: 0.7913
Std Test Accuracy: 0.2242
Std Test AUC: 0.0782

--- Round 51/500 ---
Averaged Train Loss: 1.7654
Averaged Test Accuracy: 0.3428
Averaged Test AUC: 0.7972
Std Test Accuracy: 0.2165
Std Test AUC: 0.0711

--- Round 52/500 ---
Averaged Train Loss: 1.7538
Averaged Test Accuracy: 0.3560
Averaged Test AUC: 0.7944
Std Test Accuracy: 0.1493
Std Test AUC: 0.0665

--- Round 53/500 ---
Averaged Train Loss: 1.7483
Averaged Test Accuracy: 0.3536
Averaged Test AUC: 0.7997
Std Test Accuracy: 0.2040
Std Test AUC: 0.0689

--- Round 54/500 ---
Averaged Train Loss: 1.7366
Averaged Test Accuracy: 0.3631
Averaged Test AUC: 0.7975
Std Test Accuracy: 0.1460
Std Test AUC: 0.0650

--- Round 55/500 ---
Averaged Train Loss: 1.7337
Averaged Test Accuracy: 0.3596
Averaged Test AUC: 0.8012
Std Test Accuracy: 0.1634
Std Test AUC: 0.0613

--- Round 56/500 ---
Averaged Train Loss: 1.7066
Averaged Test Accuracy: 0.3771
Averaged Test AUC: 0.8075
Std Test Accuracy: 0.1860
Std Test AUC: 0.0538

--- Round 57/500 ---
Averaged Train Loss: 1.7476
Averaged Test Accuracy: 0.3535
Averaged Test AUC: 0.8008
Std Test Accuracy: 0.1840
Std Test AUC: 0.0645

--- Round 58/500 ---
Averaged Train Loss: 1.7032
Averaged Test Accuracy: 0.3769
Averaged Test AUC: 0.8073
Std Test Accuracy: 0.1662
Std Test AUC: 0.0565

--- Round 59/500 ---
Averaged Train Loss: 1.7273
Averaged Test Accuracy: 0.3636
Averaged Test AUC: 0.8067
Std Test Accuracy: 0.2004
Std Test AUC: 0.0576

--- Round 60/500 ---
Averaged Train Loss: 1.7103
Averaged Test Accuracy: 0.3760
Averaged Test AUC: 0.8061
Std Test Accuracy: 0.1910
Std Test AUC: 0.0663

--- Round 61/500 ---
Averaged Train Loss: 1.7393
Averaged Test Accuracy: 0.3585
Averaged Test AUC: 0.8052
Std Test Accuracy: 0.2050
Std Test AUC: 0.0652

--- Round 62/500 ---
Averaged Train Loss: 1.7280
Averaged Test Accuracy: 0.3482
Averaged Test AUC: 0.8055
Std Test Accuracy: 0.1868
Std Test AUC: 0.0547

--- Round 63/500 ---
Averaged Train Loss: 1.7233
Averaged Test Accuracy: 0.3596
Averaged Test AUC: 0.8064
Std Test Accuracy: 0.2070
Std Test AUC: 0.0679

--- Round 64/500 ---
Averaged Train Loss: 1.7122
Averaged Test Accuracy: 0.3663
Averaged Test AUC: 0.8086
Std Test Accuracy: 0.2018
Std Test AUC: 0.0628

--- Round 65/500 ---
Averaged Train Loss: 1.8100
Averaged Test Accuracy: 0.3365
Averaged Test AUC: 0.7960
Std Test Accuracy: 0.2267
Std Test AUC: 0.0777

--- Round 66/500 ---
Averaged Train Loss: 1.6849
Averaged Test Accuracy: 0.3832
Averaged Test AUC: 0.8106
Std Test Accuracy: 0.1887
Std Test AUC: 0.0647

--- Round 67/500 ---
Averaged Train Loss: 1.6842
Averaged Test Accuracy: 0.3729
Averaged Test AUC: 0.8108
Std Test Accuracy: 0.1842
Std Test AUC: 0.0586

--- Round 68/500 ---
Averaged Train Loss: 1.6797
Averaged Test Accuracy: 0.3805
Averaged Test AUC: 0.8118
Std Test Accuracy: 0.1771
Std Test AUC: 0.0624

--- Round 69/500 ---
Averaged Train Loss: 1.6853
Averaged Test Accuracy: 0.3711
Averaged Test AUC: 0.8116
Std Test Accuracy: 0.1676
Std Test AUC: 0.0550

--- Round 70/500 ---
Averaged Train Loss: 1.6657
Averaged Test Accuracy: 0.3827
Averaged Test AUC: 0.8146
Std Test Accuracy: 0.1492
Std Test AUC: 0.0506

--- Round 71/500 ---
Averaged Train Loss: 1.6835
Averaged Test Accuracy: 0.3725
Averaged Test AUC: 0.8109
Std Test Accuracy: 0.1645
Std Test AUC: 0.0574

--- Round 72/500 ---
Averaged Train Loss: 1.6354
Averaged Test Accuracy: 0.4085
Averaged Test AUC: 0.8199
Std Test Accuracy: 0.1518
Std Test AUC: 0.0470

--- Round 73/500 ---
Averaged Train Loss: 1.6761
Averaged Test Accuracy: 0.3735
Averaged Test AUC: 0.8133
Std Test Accuracy: 0.1670
Std Test AUC: 0.0522

--- Round 74/500 ---
Averaged Train Loss: 1.6940
Averaged Test Accuracy: 0.3840
Averaged Test AUC: 0.8059
Std Test Accuracy: 0.1731
Std Test AUC: 0.0781

--- Round 75/500 ---
Averaged Train Loss: 1.6291
Averaged Test Accuracy: 0.4101
Averaged Test AUC: 0.8215
Std Test Accuracy: 0.1497
Std Test AUC: 0.0459

--- Round 76/500 ---
Averaged Train Loss: 1.6717
Averaged Test Accuracy: 0.3810
Averaged Test AUC: 0.8168
Std Test Accuracy: 0.1885
Std Test AUC: 0.0577

--- Round 77/500 ---
Averaged Train Loss: 1.6286
Averaged Test Accuracy: 0.4080
Averaged Test AUC: 0.8217
Std Test Accuracy: 0.1570
Std Test AUC: 0.0510

--- Round 78/500 ---
Averaged Train Loss: 1.6687
Averaged Test Accuracy: 0.3870
Averaged Test AUC: 0.8164
Std Test Accuracy: 0.1919
Std Test AUC: 0.0630

--- Round 79/500 ---
Averaged Train Loss: 1.6838
Averaged Test Accuracy: 0.3808
Averaged Test AUC: 0.8172
Std Test Accuracy: 0.2004
Std Test AUC: 0.0557

--- Round 80/500 ---
Averaged Train Loss: 1.6759
Averaged Test Accuracy: 0.3865
Averaged Test AUC: 0.8137
Std Test Accuracy: 0.1729
Std Test AUC: 0.0625

--- Round 81/500 ---
Averaged Train Loss: 1.6293
Averaged Test Accuracy: 0.4041
Averaged Test AUC: 0.8231
Std Test Accuracy: 0.1667
Std Test AUC: 0.0547

--- Round 82/500 ---
Averaged Train Loss: 1.6580
Averaged Test Accuracy: 0.3876
Averaged Test AUC: 0.8180
Std Test Accuracy: 0.1934
Std Test AUC: 0.0653

--- Round 83/500 ---
Averaged Train Loss: 1.6763
Averaged Test Accuracy: 0.3753
Averaged Test AUC: 0.8169
Std Test Accuracy: 0.2027
Std Test AUC: 0.0636

--- Round 84/500 ---
Averaged Train Loss: 1.6800
Averaged Test Accuracy: 0.3795
Averaged Test AUC: 0.8163
Std Test Accuracy: 0.2069
Std Test AUC: 0.0662

--- Round 85/500 ---
Averaged Train Loss: 1.6099
Averaged Test Accuracy: 0.4148
Averaged Test AUC: 0.8259
Std Test Accuracy: 0.1433
Std Test AUC: 0.0416

--- Round 86/500 ---
Averaged Train Loss: 1.6475
Averaged Test Accuracy: 0.3948
Averaged Test AUC: 0.8203
Std Test Accuracy: 0.1778
Std Test AUC: 0.0633

--- Round 87/500 ---
Averaged Train Loss: 1.6591
Averaged Test Accuracy: 0.3876
Averaged Test AUC: 0.8186
Std Test Accuracy: 0.2030
Std Test AUC: 0.0613

--- Round 88/500 ---
Averaged Train Loss: 1.6117
Averaged Test Accuracy: 0.4101
Averaged Test AUC: 0.8268
Std Test Accuracy: 0.1706
Std Test AUC: 0.0525

--- Round 89/500 ---
Averaged Train Loss: 1.6513
Averaged Test Accuracy: 0.3897
Averaged Test AUC: 0.8205
Std Test Accuracy: 0.1932
Std Test AUC: 0.0654

--- Round 90/500 ---
Averaged Train Loss: 1.6073
Averaged Test Accuracy: 0.4088
Averaged Test AUC: 0.8242
Std Test Accuracy: 0.1277
Std Test AUC: 0.0441

--- Round 91/500 ---
Averaged Train Loss: 1.6132
Averaged Test Accuracy: 0.4129
Averaged Test AUC: 0.8231
Std Test Accuracy: 0.1568
Std Test AUC: 0.0581

--- Round 92/500 ---
Averaged Train Loss: 1.6201
Averaged Test Accuracy: 0.4091
Averaged Test AUC: 0.8247
Std Test Accuracy: 0.1532
Std Test AUC: 0.0501

--- Round 93/500 ---
Averaged Train Loss: 1.6859
Averaged Test Accuracy: 0.3780
Averaged Test AUC: 0.8128
Std Test Accuracy: 0.1819
Std Test AUC: 0.0648

--- Round 94/500 ---
Averaged Train Loss: 1.6295
Averaged Test Accuracy: 0.3952
Averaged Test AUC: 0.8234
Std Test Accuracy: 0.1950
Std Test AUC: 0.0558

--- Round 95/500 ---
Averaged Train Loss: 1.6224
Averaged Test Accuracy: 0.4007
Averaged Test AUC: 0.8271
Std Test Accuracy: 0.1940
Std Test AUC: 0.0528

--- Round 96/500 ---
Averaged Train Loss: 1.6165
Averaged Test Accuracy: 0.4003
Averaged Test AUC: 0.8276
Std Test Accuracy: 0.1795
Std Test AUC: 0.0531

--- Round 97/500 ---
Averaged Train Loss: 1.6188
Averaged Test Accuracy: 0.4078
Averaged Test AUC: 0.8260
Std Test Accuracy: 0.1678
Std Test AUC: 0.0533

--- Round 98/500 ---
Averaged Train Loss: 1.5968
Averaged Test Accuracy: 0.4103
Averaged Test AUC: 0.8291
Std Test Accuracy: 0.1735
Std Test AUC: 0.0485

--- Round 99/500 ---
Averaged Train Loss: 1.5573
Averaged Test Accuracy: 0.4336
Averaged Test AUC: 0.8336
Std Test Accuracy: 0.1480
Std Test AUC: 0.0451

--- Round 100/500 ---
Averaged Train Loss: 1.5985
Averaged Test Accuracy: 0.4106
Averaged Test AUC: 0.8271
Std Test Accuracy: 0.1338
Std Test AUC: 0.0482

--- Round 101/500 ---
Averaged Train Loss: 1.6439
Averaged Test Accuracy: 0.3870
Averaged Test AUC: 0.8215
Std Test Accuracy: 0.1617
Std Test AUC: 0.0571

--- Round 102/500 ---
Averaged Train Loss: 1.5970
Averaged Test Accuracy: 0.4050
Averaged Test AUC: 0.8276
Std Test Accuracy: 0.1532
Std Test AUC: 0.0465

--- Round 103/500 ---
Averaged Train Loss: 1.6111
Averaged Test Accuracy: 0.4047
Averaged Test AUC: 0.8269
Std Test Accuracy: 0.1844
Std Test AUC: 0.0548

--- Round 104/500 ---
Averaged Train Loss: 1.6056
Averaged Test Accuracy: 0.3993
Averaged Test AUC: 0.8281
Std Test Accuracy: 0.1810
Std Test AUC: 0.0459

--- Round 105/500 ---
Averaged Train Loss: 1.6192
Averaged Test Accuracy: 0.4055
Averaged Test AUC: 0.8256
Std Test Accuracy: 0.1846
Std Test AUC: 0.0623

--- Round 106/500 ---
Averaged Train Loss: 1.5806
Averaged Test Accuracy: 0.4259
Averaged Test AUC: 0.8298
Std Test Accuracy: 0.1505
Std Test AUC: 0.0555

--- Round 107/500 ---
Averaged Train Loss: 1.5982
Averaged Test Accuracy: 0.4115
Averaged Test AUC: 0.8283
Std Test Accuracy: 0.1645
Std Test AUC: 0.0504

--- Round 108/500 ---
Averaged Train Loss: 1.5437
Averaged Test Accuracy: 0.4384
Averaged Test AUC: 0.8357
Std Test Accuracy: 0.1106
Std Test AUC: 0.0363

--- Round 109/500 ---
Averaged Train Loss: 1.5820
Averaged Test Accuracy: 0.4218
Averaged Test AUC: 0.8324
Std Test Accuracy: 0.1584
Std Test AUC: 0.0554

--- Round 110/500 ---
Averaged Train Loss: 1.5764
Averaged Test Accuracy: 0.4218
Averaged Test AUC: 0.8312
Std Test Accuracy: 0.1235
Std Test AUC: 0.0426

--- Round 111/500 ---
Averaged Train Loss: 1.6075
Averaged Test Accuracy: 0.4088
Averaged Test AUC: 0.8276
Std Test Accuracy: 0.1804
Std Test AUC: 0.0606

--- Round 112/500 ---
Averaged Train Loss: 1.5653
Averaged Test Accuracy: 0.4306
Averaged Test AUC: 0.8325
Std Test Accuracy: 0.1714
Std Test AUC: 0.0541

--- Round 113/500 ---
Averaged Train Loss: 1.5897
Averaged Test Accuracy: 0.4234
Averaged Test AUC: 0.8255
Std Test Accuracy: 0.1593
Std Test AUC: 0.0713

--- Round 114/500 ---
Averaged Train Loss: 1.5620
Averaged Test Accuracy: 0.4259
Averaged Test AUC: 0.8347
Std Test Accuracy: 0.1656
Std Test AUC: 0.0557

--- Round 115/500 ---
Averaged Train Loss: 1.5804
Averaged Test Accuracy: 0.4150
Averaged Test AUC: 0.8328
Std Test Accuracy: 0.1797
Std Test AUC: 0.0547

--- Round 116/500 ---
Averaged Train Loss: 1.5753
Averaged Test Accuracy: 0.4226
Averaged Test AUC: 0.8312
Std Test Accuracy: 0.1521
Std Test AUC: 0.0523

--- Round 117/500 ---
Averaged Train Loss: 1.5626
Averaged Test Accuracy: 0.4233
Averaged Test AUC: 0.8352
Std Test Accuracy: 0.1571
Std Test AUC: 0.0473

--- Round 118/500 ---
Averaged Train Loss: 1.5560
Averaged Test Accuracy: 0.4301
Averaged Test AUC: 0.8366
Std Test Accuracy: 0.1582
Std Test AUC: 0.0504

--- Round 119/500 ---
Averaged Train Loss: 1.5253
Averaged Test Accuracy: 0.4466
Averaged Test AUC: 0.8388
Std Test Accuracy: 0.1309
Std Test AUC: 0.0411

--- Round 120/500 ---
Averaged Train Loss: 1.5760
Averaged Test Accuracy: 0.4168
Averaged Test AUC: 0.8343
Std Test Accuracy: 0.1816
Std Test AUC: 0.0503

--- Round 121/500 ---
Averaged Train Loss: 1.6089
Averaged Test Accuracy: 0.4051
Averaged Test AUC: 0.8302
Std Test Accuracy: 0.1942
Std Test AUC: 0.0616

--- Round 122/500 ---
Averaged Train Loss: 1.6000
Averaged Test Accuracy: 0.4133
Averaged Test AUC: 0.8305
Std Test Accuracy: 0.1642
Std Test AUC: 0.0576

--- Round 123/500 ---
Averaged Train Loss: 1.6980
Averaged Test Accuracy: 0.3730
Averaged Test AUC: 0.8104
Std Test Accuracy: 0.1906
Std Test AUC: 0.0834

--- Round 124/500 ---
Averaged Train Loss: 1.5794
Averaged Test Accuracy: 0.4162
Averaged Test AUC: 0.8316
Std Test Accuracy: 0.1812
Std Test AUC: 0.0603

--- Round 125/500 ---
Averaged Train Loss: 1.7343
Averaged Test Accuracy: 0.3355
Averaged Test AUC: 0.8129
Std Test Accuracy: 0.1676
Std Test AUC: 0.0591

--- Round 126/500 ---
Averaged Train Loss: 1.7588
Averaged Test Accuracy: 0.3448
Averaged Test AUC: 0.8141
Std Test Accuracy: 0.2466
Std Test AUC: 0.0799

--- Round 127/500 ---
Averaged Train Loss: 1.6954
Averaged Test Accuracy: 0.3830
Averaged Test AUC: 0.8122
Std Test Accuracy: 0.1589
Std Test AUC: 0.0874

--- Round 128/500 ---
Averaged Train Loss: 1.5925
Averaged Test Accuracy: 0.4214
Averaged Test AUC: 0.8333
Std Test Accuracy: 0.2098
Std Test AUC: 0.0687

--- Round 129/500 ---
Averaged Train Loss: 1.8304
Averaged Test Accuracy: 0.3159
Averaged Test AUC: 0.8005
Std Test Accuracy: 0.2031
Std Test AUC: 0.0835

--- Round 130/500 ---
Averaged Train Loss: 1.6257
Averaged Test Accuracy: 0.4151
Averaged Test AUC: 0.8265
Std Test Accuracy: 0.2261
Std Test AUC: 0.0858

--- Round 131/500 ---
Averaged Train Loss: 1.7824
Averaged Test Accuracy: 0.3300
Averaged Test AUC: 0.8125
Std Test Accuracy: 0.2438
Std Test AUC: 0.0826

--- Round 132/500 ---
Averaged Train Loss: 1.6000
Averaged Test Accuracy: 0.4031
Averaged Test AUC: 0.8252
Std Test Accuracy: 0.1611
Std Test AUC: 0.0698

--- Round 133/500 ---
Averaged Train Loss: 1.7595
Averaged Test Accuracy: 0.3688
Averaged Test AUC: 0.8121
Std Test Accuracy: 0.2198
Std Test AUC: 0.0922

--- Round 134/500 ---
Averaged Train Loss: 1.6694
Averaged Test Accuracy: 0.3979
Averaged Test AUC: 0.8208
Std Test Accuracy: 0.1455
Std Test AUC: 0.0688

--- Round 135/500 ---
Averaged Train Loss: 1.6678
Averaged Test Accuracy: 0.3864
Averaged Test AUC: 0.8176
Std Test Accuracy: 0.2131
Std Test AUC: 0.0976

--- Round 136/500 ---
Averaged Train Loss: 1.6848
Averaged Test Accuracy: 0.3763
Averaged Test AUC: 0.8203
Std Test Accuracy: 0.1766
Std Test AUC: 0.0637

--- Round 137/500 ---
Averaged Train Loss: 1.7196
Averaged Test Accuracy: 0.3876
Averaged Test AUC: 0.8195
Std Test Accuracy: 0.2086
Std Test AUC: 0.0889

--- Round 138/500 ---
Averaged Train Loss: 1.9042
Averaged Test Accuracy: 0.3055
Averaged Test AUC: 0.7958
Std Test Accuracy: 0.1951
Std Test AUC: 0.0918

--- Round 139/500 ---
Averaged Train Loss: 1.6937
Averaged Test Accuracy: 0.4010
Averaged Test AUC: 0.8211
Std Test Accuracy: 0.2097
Std Test AUC: 0.0887

--- Round 140/500 ---
Averaged Train Loss: 1.7205
Averaged Test Accuracy: 0.3711
Averaged Test AUC: 0.8171
Std Test Accuracy: 0.1852
Std Test AUC: 0.0690

--- Round 141/500 ---
Averaged Train Loss: 1.5960
Averaged Test Accuracy: 0.4107
Averaged Test AUC: 0.8300
Std Test Accuracy: 0.1857
Std Test AUC: 0.0684

--- Round 142/500 ---
Averaged Train Loss: 1.6813
Averaged Test Accuracy: 0.3791
Averaged Test AUC: 0.8226
Std Test Accuracy: 0.1871
Std Test AUC: 0.0654

--- Round 143/500 ---
Averaged Train Loss: 1.6782
Averaged Test Accuracy: 0.4001
Averaged Test AUC: 0.8260
Std Test Accuracy: 0.2101
Std Test AUC: 0.0848

--- Round 144/500 ---
Averaged Train Loss: 1.7932
Averaged Test Accuracy: 0.3560
Averaged Test AUC: 0.8075
Std Test Accuracy: 0.1690
Std Test AUC: 0.0806

--- Round 145/500 ---
Averaged Train Loss: 1.6635
Averaged Test Accuracy: 0.4049
Averaged Test AUC: 0.8262
Std Test Accuracy: 0.2149
Std Test AUC: 0.0885

--- Round 146/500 ---
Averaged Train Loss: 1.6245
Averaged Test Accuracy: 0.4051
Averaged Test AUC: 0.8294
Std Test Accuracy: 0.1516
Std Test AUC: 0.0572

--- Round 147/500 ---
Averaged Train Loss: 1.5971
Averaged Test Accuracy: 0.4090
Averaged Test AUC: 0.8300
Std Test Accuracy: 0.1918
Std Test AUC: 0.0655

--- Round 148/500 ---
Averaged Train Loss: 1.7184
Averaged Test Accuracy: 0.3813
Averaged Test AUC: 0.8190
Std Test Accuracy: 0.2182
Std Test AUC: 0.0861

--- Round 149/500 ---
Averaged Train Loss: 1.7194
Averaged Test Accuracy: 0.3667
Averaged Test AUC: 0.8237
Std Test Accuracy: 0.2185
Std Test AUC: 0.0721

--- Round 150/500 ---
Averaged Train Loss: 1.6341
Averaged Test Accuracy: 0.4007
Averaged Test AUC: 0.8264
Std Test Accuracy: 0.1525
Std Test AUC: 0.0627

--- Round 151/500 ---
Averaged Train Loss: 1.6834
Averaged Test Accuracy: 0.3979
Averaged Test AUC: 0.8239
Std Test Accuracy: 0.1928
Std Test AUC: 0.0704

--- Round 152/500 ---
Averaged Train Loss: 1.6228
Averaged Test Accuracy: 0.3931
Averaged Test AUC: 0.8313
Std Test Accuracy: 0.2005
Std Test AUC: 0.0587

--- Round 153/500 ---
Averaged Train Loss: 1.5907
Averaged Test Accuracy: 0.4208
Averaged Test AUC: 0.8314
Std Test Accuracy: 0.1790
Std Test AUC: 0.0664

--- Round 154/500 ---
Averaged Train Loss: 1.6999
Averaged Test Accuracy: 0.3858
Averaged Test AUC: 0.8212
Std Test Accuracy: 0.1767
Std Test AUC: 0.0712

--- Round 155/500 ---
Averaged Train Loss: 1.5470
Averaged Test Accuracy: 0.4247
Averaged Test AUC: 0.8394
Std Test Accuracy: 0.1775
Std Test AUC: 0.0680

--- Round 156/500 ---
Averaged Train Loss: 1.7488
Averaged Test Accuracy: 0.3644
Averaged Test AUC: 0.8165
Std Test Accuracy: 0.1689
Std Test AUC: 0.0743

--- Round 157/500 ---
Averaged Train Loss: 1.7287
Averaged Test Accuracy: 0.4079
Averaged Test AUC: 0.8207
Std Test Accuracy: 0.2208
Std Test AUC: 0.1001

--- Round 158/500 ---
Averaged Train Loss: 1.5864
Averaged Test Accuracy: 0.4135
Averaged Test AUC: 0.8321
Std Test Accuracy: 0.1751
Std Test AUC: 0.0597

--- Round 159/500 ---
Averaged Train Loss: 1.5375
Averaged Test Accuracy: 0.4286
Averaged Test AUC: 0.8437
Std Test Accuracy: 0.1732
Std Test AUC: 0.0496

--- Round 160/500 ---
Averaged Train Loss: 1.6906
Averaged Test Accuracy: 0.3958
Averaged Test AUC: 0.8221
Std Test Accuracy: 0.1705
Std Test AUC: 0.0789

--- Round 161/500 ---
Averaged Train Loss: 1.6696
Averaged Test Accuracy: 0.4026
Averaged Test AUC: 0.8231
Std Test Accuracy: 0.2151
Std Test AUC: 0.0857

--- Round 162/500 ---
Averaged Train Loss: 1.5193
Averaged Test Accuracy: 0.4288
Averaged Test AUC: 0.8451
Std Test Accuracy: 0.1597
Std Test AUC: 0.0448

--- Round 163/500 ---
Averaged Train Loss: 1.7451
Averaged Test Accuracy: 0.3668
Averaged Test AUC: 0.8215
Std Test Accuracy: 0.2243
Std Test AUC: 0.0861

--- Round 164/500 ---
Averaged Train Loss: 1.5057
Averaged Test Accuracy: 0.4481
Averaged Test AUC: 0.8458
Std Test Accuracy: 0.1647
Std Test AUC: 0.0560

--- Round 165/500 ---
Averaged Train Loss: 1.8819
Averaged Test Accuracy: 0.3316
Averaged Test AUC: 0.8070
Std Test Accuracy: 0.2450
Std Test AUC: 0.0988

--- Round 166/500 ---
Averaged Train Loss: 1.5399
Averaged Test Accuracy: 0.4272
Averaged Test AUC: 0.8448
Std Test Accuracy: 0.1888
Std Test AUC: 0.0563

--- Round 167/500 ---
Averaged Train Loss: 1.7164
Averaged Test Accuracy: 0.3801
Averaged Test AUC: 0.8187
Std Test Accuracy: 0.2168
Std Test AUC: 0.0901

--- Round 168/500 ---
Averaged Train Loss: 1.5319
Averaged Test Accuracy: 0.4335
Averaged Test AUC: 0.8444
Std Test Accuracy: 0.1628
Std Test AUC: 0.0481

--- Round 169/500 ---
Averaged Train Loss: 1.7055
Averaged Test Accuracy: 0.3658
Averaged Test AUC: 0.8242
Std Test Accuracy: 0.2308
Std Test AUC: 0.0784

--- Round 170/500 ---
Averaged Train Loss: 1.4816
Averaged Test Accuracy: 0.4560
Averaged Test AUC: 0.8514
Std Test Accuracy: 0.1591
Std Test AUC: 0.0454

--- Round 171/500 ---
Averaged Train Loss: 1.7717
Averaged Test Accuracy: 0.3604
Averaged Test AUC: 0.8144
Std Test Accuracy: 0.2273
Std Test AUC: 0.0893

--- Round 172/500 ---
Averaged Train Loss: 1.5580
Averaged Test Accuracy: 0.4223
Averaged Test AUC: 0.8454
Std Test Accuracy: 0.1810
Std Test AUC: 0.0477

--- Round 173/500 ---
Averaged Train Loss: 1.5775
Averaged Test Accuracy: 0.4240
Averaged Test AUC: 0.8401
Std Test Accuracy: 0.1983
Std Test AUC: 0.0620

--- Round 174/500 ---
Averaged Train Loss: 1.6208
Averaged Test Accuracy: 0.4134
Averaged Test AUC: 0.8314
Std Test Accuracy: 0.1646
Std Test AUC: 0.0683

--- Round 175/500 ---
Averaged Train Loss: 1.5870
Averaged Test Accuracy: 0.4205
Averaged Test AUC: 0.8402
Std Test Accuracy: 0.2106
Std Test AUC: 0.0714

--- Round 176/500 ---
Averaged Train Loss: 1.5130
Averaged Test Accuracy: 0.4403
Averaged Test AUC: 0.8485
Std Test Accuracy: 0.1708
Std Test AUC: 0.0432

--- Round 177/500 ---
Averaged Train Loss: 1.6698
Averaged Test Accuracy: 0.4010
Averaged Test AUC: 0.8229
Std Test Accuracy: 0.2064
Std Test AUC: 0.0951

--- Round 178/500 ---
Averaged Train Loss: 1.5554
Averaged Test Accuracy: 0.4245
Averaged Test AUC: 0.8442
Std Test Accuracy: 0.2004
Std Test AUC: 0.0557

--- Round 179/500 ---
Averaged Train Loss: 1.7404
Averaged Test Accuracy: 0.3635
Averaged Test AUC: 0.8203
Std Test Accuracy: 0.2228
Std Test AUC: 0.0791

--- Round 180/500 ---
Averaged Train Loss: 1.5128
Averaged Test Accuracy: 0.4449
Averaged Test AUC: 0.8474
Std Test Accuracy: 0.1659
Std Test AUC: 0.0555

--- Round 181/500 ---
Averaged Train Loss: 1.7111
Averaged Test Accuracy: 0.3838
Averaged Test AUC: 0.8246
Std Test Accuracy: 0.2126
Std Test AUC: 0.0762

--- Round 182/500 ---
Averaged Train Loss: 1.5500
Averaged Test Accuracy: 0.4296
Averaged Test AUC: 0.8441
Std Test Accuracy: 0.1543
Std Test AUC: 0.0439

--- Round 183/500 ---
Averaged Train Loss: 1.5393
Averaged Test Accuracy: 0.4470
Averaged Test AUC: 0.8378
Std Test Accuracy: 0.1861
Std Test AUC: 0.0844

--- Round 184/500 ---
Averaged Train Loss: 1.6664
Averaged Test Accuracy: 0.3993
Averaged Test AUC: 0.8301
Std Test Accuracy: 0.1806
Std Test AUC: 0.0649

--- Round 185/500 ---
Averaged Train Loss: 1.5966
Averaged Test Accuracy: 0.4174
Averaged Test AUC: 0.8379
Std Test Accuracy: 0.1982
Std Test AUC: 0.0688

--- Round 186/500 ---
Averaged Train Loss: 1.5223
Averaged Test Accuracy: 0.4326
Averaged Test AUC: 0.8436
Std Test Accuracy: 0.1525
Std Test AUC: 0.0503

--- Round 187/500 ---
Averaged Train Loss: 1.6224
Averaged Test Accuracy: 0.4119
Averaged Test AUC: 0.8349
Std Test Accuracy: 0.1960
Std Test AUC: 0.0627

--- Round 188/500 ---
Averaged Train Loss: 1.5953
Averaged Test Accuracy: 0.4017
Averaged Test AUC: 0.8393
Std Test Accuracy: 0.1908
Std Test AUC: 0.0536

--- Round 189/500 ---
Averaged Train Loss: 1.5797
Averaged Test Accuracy: 0.4260
Averaged Test AUC: 0.8352
Std Test Accuracy: 0.1929
Std Test AUC: 0.0802

--- Round 190/500 ---
Averaged Train Loss: 1.7096
Averaged Test Accuracy: 0.3838
Averaged Test AUC: 0.8272
Std Test Accuracy: 0.1834
Std Test AUC: 0.0640

--- Round 191/500 ---
Averaged Train Loss: 1.5864
Averaged Test Accuracy: 0.4253
Averaged Test AUC: 0.8406
Std Test Accuracy: 0.1940
Std Test AUC: 0.0729

--- Round 192/500 ---
Averaged Train Loss: 1.6131
Averaged Test Accuracy: 0.4137
Averaged Test AUC: 0.8323
Std Test Accuracy: 0.1631
Std Test AUC: 0.0697

--- Round 193/500 ---
Averaged Train Loss: 1.5988
Averaged Test Accuracy: 0.4327
Averaged Test AUC: 0.8406
Std Test Accuracy: 0.2070
Std Test AUC: 0.0686

--- Round 194/500 ---
Averaged Train Loss: 1.6375
Averaged Test Accuracy: 0.4053
Averaged Test AUC: 0.8333
Std Test Accuracy: 0.1706
Std Test AUC: 0.0608

--- Round 195/500 ---
Averaged Train Loss: 1.6085
Averaged Test Accuracy: 0.4149
Averaged Test AUC: 0.8359
Std Test Accuracy: 0.2195
Std Test AUC: 0.0823

--- Round 196/500 ---
Averaged Train Loss: 1.4682
Averaged Test Accuracy: 0.4683
Averaged Test AUC: 0.8515
Std Test Accuracy: 0.1561
Std Test AUC: 0.0583

--- Round 197/500 ---
Averaged Train Loss: 1.7474
Averaged Test Accuracy: 0.3777
Averaged Test AUC: 0.8258
Std Test Accuracy: 0.2428
Std Test AUC: 0.0857

--- Round 198/500 ---
Averaged Train Loss: 1.4464
Averaged Test Accuracy: 0.4731
Averaged Test AUC: 0.8536
Std Test Accuracy: 0.1577
Std Test AUC: 0.0578

--- Round 199/500 ---
Averaged Train Loss: 1.6570
Averaged Test Accuracy: 0.3987
Averaged Test AUC: 0.8312
Std Test Accuracy: 0.1982
Std Test AUC: 0.0690

--- Round 200/500 ---
Averaged Train Loss: 1.5024
Averaged Test Accuracy: 0.4480
Averaged Test AUC: 0.8516
Std Test Accuracy: 0.1753
Std Test AUC: 0.0476

--- Round 201/500 ---
Averaged Train Loss: 1.7076
Averaged Test Accuracy: 0.3834
Averaged Test AUC: 0.8257
Std Test Accuracy: 0.2090
Std Test AUC: 0.0874

--- Round 202/500 ---
Averaged Train Loss: 1.4633
Averaged Test Accuracy: 0.4611
Averaged Test AUC: 0.8532
Std Test Accuracy: 0.1297
Std Test AUC: 0.0465

--- Round 203/500 ---
Averaged Train Loss: 1.5463
Averaged Test Accuracy: 0.4450
Averaged Test AUC: 0.8419
Std Test Accuracy: 0.1980
Std Test AUC: 0.0777

--- Round 204/500 ---
Averaged Train Loss: 1.6990
Averaged Test Accuracy: 0.3912
Averaged Test AUC: 0.8277
Std Test Accuracy: 0.1717
Std Test AUC: 0.0703

--- Round 205/500 ---
Averaged Train Loss: 1.5893
Averaged Test Accuracy: 0.4263
Averaged Test AUC: 0.8416
Std Test Accuracy: 0.1890
Std Test AUC: 0.0581

--- Round 206/500 ---
Averaged Train Loss: 1.5432
Averaged Test Accuracy: 0.4307
Averaged Test AUC: 0.8432
Std Test Accuracy: 0.1817
Std Test AUC: 0.0609

--- Round 207/500 ---
Averaged Train Loss: 1.6375
Averaged Test Accuracy: 0.4100
Averaged Test AUC: 0.8340
Std Test Accuracy: 0.1964
Std Test AUC: 0.0712

--- Round 208/500 ---
Averaged Train Loss: 1.5467
Averaged Test Accuracy: 0.4312
Averaged Test AUC: 0.8458
Std Test Accuracy: 0.1724
Std Test AUC: 0.0447

--- Round 209/500 ---
Averaged Train Loss: 1.5553
Averaged Test Accuracy: 0.4410
Averaged Test AUC: 0.8430
Std Test Accuracy: 0.1989
Std Test AUC: 0.0752

--- Round 210/500 ---
Averaged Train Loss: 1.6711
Averaged Test Accuracy: 0.3987
Averaged Test AUC: 0.8303
Std Test Accuracy: 0.1700
Std Test AUC: 0.0676

--- Round 211/500 ---
Averaged Train Loss: 1.4708
Averaged Test Accuracy: 0.4606
Averaged Test AUC: 0.8522
Std Test Accuracy: 0.1612
Std Test AUC: 0.0524

--- Round 212/500 ---
Averaged Train Loss: 1.5954
Averaged Test Accuracy: 0.4145
Averaged Test AUC: 0.8398
Std Test Accuracy: 0.2166
Std Test AUC: 0.0670

--- Round 213/500 ---
Averaged Train Loss: 1.5843
Averaged Test Accuracy: 0.4240
Averaged Test AUC: 0.8422
Std Test Accuracy: 0.1842
Std Test AUC: 0.0660

--- Round 214/500 ---
Averaged Train Loss: 1.5161
Averaged Test Accuracy: 0.4425
Averaged Test AUC: 0.8458
Std Test Accuracy: 0.1551
Std Test AUC: 0.0532

--- Round 215/500 ---
Averaged Train Loss: 1.6317
Averaged Test Accuracy: 0.4124
Averaged Test AUC: 0.8392
Std Test Accuracy: 0.2030
Std Test AUC: 0.0638

--- Round 216/500 ---
Averaged Train Loss: 1.6049
Averaged Test Accuracy: 0.4230
Averaged Test AUC: 0.8344
Std Test Accuracy: 0.1659
Std Test AUC: 0.0734

--- Round 217/500 ---
Averaged Train Loss: 1.4601
Averaged Test Accuracy: 0.4645
Averaged Test AUC: 0.8526
Std Test Accuracy: 0.1614
Std Test AUC: 0.0544

--- Round 218/500 ---
Averaged Train Loss: 1.5223
Averaged Test Accuracy: 0.4370
Averaged Test AUC: 0.8480
Std Test Accuracy: 0.1772
Std Test AUC: 0.0501

--- Round 219/500 ---
Averaged Train Loss: 1.5441
Averaged Test Accuracy: 0.4444
Averaged Test AUC: 0.8460
Std Test Accuracy: 0.1998
Std Test AUC: 0.0688

--- Round 220/500 ---
Averaged Train Loss: 1.5380
Averaged Test Accuracy: 0.4426
Averaged Test AUC: 0.8406
Std Test Accuracy: 0.1433
Std Test AUC: 0.0593

--- Round 221/500 ---
Averaged Train Loss: 1.6327
Averaged Test Accuracy: 0.4270
Averaged Test AUC: 0.8383
Std Test Accuracy: 0.2132
Std Test AUC: 0.0739

--- Round 222/500 ---
Averaged Train Loss: 1.5158
Averaged Test Accuracy: 0.4458
Averaged Test AUC: 0.8446
Std Test Accuracy: 0.1546
Std Test AUC: 0.0609

--- Round 223/500 ---
Averaged Train Loss: 1.6699
Averaged Test Accuracy: 0.4086
Averaged Test AUC: 0.8298
Std Test Accuracy: 0.1736
Std Test AUC: 0.0716

--- Round 224/500 ---
Averaged Train Loss: 1.5963
Averaged Test Accuracy: 0.4254
Averaged Test AUC: 0.8423
Std Test Accuracy: 0.2081
Std Test AUC: 0.0614

--- Round 225/500 ---
Averaged Train Loss: 1.5696
Averaged Test Accuracy: 0.4346
Averaged Test AUC: 0.8447
Std Test Accuracy: 0.1735
Std Test AUC: 0.0637

--- Round 226/500 ---
Averaged Train Loss: 1.5396
Averaged Test Accuracy: 0.4352
Averaged Test AUC: 0.8474
Std Test Accuracy: 0.1860
Std Test AUC: 0.0487

--- Round 227/500 ---
Averaged Train Loss: 1.5760
Averaged Test Accuracy: 0.4336
Averaged Test AUC: 0.8413
Std Test Accuracy: 0.2141
Std Test AUC: 0.0834

--- Round 228/500 ---
Averaged Train Loss: 1.5355
Averaged Test Accuracy: 0.4407
Averaged Test AUC: 0.8446
Std Test Accuracy: 0.1521
Std Test AUC: 0.0567

--- Round 229/500 ---
Averaged Train Loss: 1.4904
Averaged Test Accuracy: 0.4610
Averaged Test AUC: 0.8518
Std Test Accuracy: 0.1686
Std Test AUC: 0.0539

--- Round 230/500 ---
Averaged Train Loss: 1.5749
Averaged Test Accuracy: 0.4231
Averaged Test AUC: 0.8405
Std Test Accuracy: 0.1584
Std Test AUC: 0.0594

--- Round 231/500 ---
Averaged Train Loss: 1.5506
Averaged Test Accuracy: 0.4389
Averaged Test AUC: 0.8461
Std Test Accuracy: 0.1998
Std Test AUC: 0.0715

--- Round 232/500 ---
Averaged Train Loss: 1.5226
Averaged Test Accuracy: 0.4325
Averaged Test AUC: 0.8478
Std Test Accuracy: 0.1356
Std Test AUC: 0.0433

--- Round 233/500 ---
Averaged Train Loss: 1.5416
Averaged Test Accuracy: 0.4439
Averaged Test AUC: 0.8460
Std Test Accuracy: 0.2061
Std Test AUC: 0.0722

--- Round 234/500 ---
Averaged Train Loss: 1.5409
Averaged Test Accuracy: 0.4404
Averaged Test AUC: 0.8450
Std Test Accuracy: 0.1376
Std Test AUC: 0.0611

--- Round 235/500 ---
Averaged Train Loss: 1.5214
Averaged Test Accuracy: 0.4491
Averaged Test AUC: 0.8487
Std Test Accuracy: 0.1924
Std Test AUC: 0.0610

--- Round 236/500 ---
Averaged Train Loss: 1.5504
Averaged Test Accuracy: 0.4327
Averaged Test AUC: 0.8438
Std Test Accuracy: 0.1588
Std Test AUC: 0.0575

--- Round 237/500 ---
Averaged Train Loss: 1.5163
Averaged Test Accuracy: 0.4498
Averaged Test AUC: 0.8495
Std Test Accuracy: 0.1901
Std Test AUC: 0.0669

--- Round 238/500 ---
Averaged Train Loss: 1.5364
Averaged Test Accuracy: 0.4365
Averaged Test AUC: 0.8464
Std Test Accuracy: 0.1837
Std Test AUC: 0.0549

--- Round 239/500 ---
Averaged Train Loss: 1.5591
Averaged Test Accuracy: 0.4272
Averaged Test AUC: 0.8492
Std Test Accuracy: 0.1838
Std Test AUC: 0.0521

--- Round 240/500 ---
Averaged Train Loss: 1.4742
Averaged Test Accuracy: 0.4647
Averaged Test AUC: 0.8538
Std Test Accuracy: 0.1847
Std Test AUC: 0.0600

--- Round 241/500 ---
Averaged Train Loss: 1.5701
Averaged Test Accuracy: 0.4318
Averaged Test AUC: 0.8406
Std Test Accuracy: 0.1857
Std Test AUC: 0.0656

--- Round 242/500 ---
Averaged Train Loss: 1.5083
Averaged Test Accuracy: 0.4522
Averaged Test AUC: 0.8538
Std Test Accuracy: 0.1918
Std Test AUC: 0.0507

--- Round 243/500 ---
Averaged Train Loss: 1.5353
Averaged Test Accuracy: 0.4449
Averaged Test AUC: 0.8473
Std Test Accuracy: 0.1871
Std Test AUC: 0.0734

--- Round 244/500 ---
Averaged Train Loss: 1.5542
Averaged Test Accuracy: 0.4379
Averaged Test AUC: 0.8438
Std Test Accuracy: 0.1612
Std Test AUC: 0.0660

--- Round 245/500 ---
Averaged Train Loss: 1.4837
Averaged Test Accuracy: 0.4499
Averaged Test AUC: 0.8538
Std Test Accuracy: 0.1918
Std Test AUC: 0.0538

--- Round 246/500 ---
Averaged Train Loss: 1.5187
Averaged Test Accuracy: 0.4462
Averaged Test AUC: 0.8502
Std Test Accuracy: 0.1477
Std Test AUC: 0.0531

--- Round 247/500 ---
Averaged Train Loss: 1.5204
Averaged Test Accuracy: 0.4541
Averaged Test AUC: 0.8490
Std Test Accuracy: 0.2019
Std Test AUC: 0.0658

--- Round 248/500 ---
Averaged Train Loss: 1.6369
Averaged Test Accuracy: 0.4083
Averaged Test AUC: 0.8361
Std Test Accuracy: 0.1695
Std Test AUC: 0.0608

--- Round 249/500 ---
Averaged Train Loss: 1.5462
Averaged Test Accuracy: 0.4439
Averaged Test AUC: 0.8471
Std Test Accuracy: 0.1861
Std Test AUC: 0.0717

--- Round 250/500 ---
Averaged Train Loss: 1.5397
Averaged Test Accuracy: 0.4405
Averaged Test AUC: 0.8462
Std Test Accuracy: 0.1687
Std Test AUC: 0.0618

--- Round 251/500 ---
Averaged Train Loss: 1.5251
Averaged Test Accuracy: 0.4403
Averaged Test AUC: 0.8510
Std Test Accuracy: 0.2046
Std Test AUC: 0.0597

--- Round 252/500 ---
Averaged Train Loss: 1.4721
Averaged Test Accuracy: 0.4618
Averaged Test AUC: 0.8544
Std Test Accuracy: 0.1405
Std Test AUC: 0.0501

--- Round 253/500 ---
Averaged Train Loss: 1.5475
Averaged Test Accuracy: 0.4506
Averaged Test AUC: 0.8459
Std Test Accuracy: 0.2125
Std Test AUC: 0.0729

--- Round 254/500 ---
Averaged Train Loss: 1.5921
Averaged Test Accuracy: 0.4132
Averaged Test AUC: 0.8443
Std Test Accuracy: 0.1922
Std Test AUC: 0.0578

--- Round 255/500 ---
Averaged Train Loss: 1.5332
Averaged Test Accuracy: 0.4376
Averaged Test AUC: 0.8525
Std Test Accuracy: 0.1756
Std Test AUC: 0.0529

--- Round 256/500 ---
Averaged Train Loss: 1.5009
Averaged Test Accuracy: 0.4515
Averaged Test AUC: 0.8501
Std Test Accuracy: 0.1682
Std Test AUC: 0.0500

--- Round 257/500 ---
Averaged Train Loss: 1.5407
Averaged Test Accuracy: 0.4393
Averaged Test AUC: 0.8454
Std Test Accuracy: 0.1685
Std Test AUC: 0.0572

--- Round 258/500 ---
Averaged Train Loss: 1.4938
Averaged Test Accuracy: 0.4522
Averaged Test AUC: 0.8531
Std Test Accuracy: 0.1719
Std Test AUC: 0.0472

--- Round 259/500 ---
Averaged Train Loss: 1.5394
Averaged Test Accuracy: 0.4523
Averaged Test AUC: 0.8473
Std Test Accuracy: 0.2059
Std Test AUC: 0.0762

--- Round 260/500 ---
Averaged Train Loss: 1.5573
Averaged Test Accuracy: 0.4158
Averaged Test AUC: 0.8465
Std Test Accuracy: 0.1499
Std Test AUC: 0.0445

--- Round 261/500 ---
Averaged Train Loss: 1.5083
Averaged Test Accuracy: 0.4560
Averaged Test AUC: 0.8511
Std Test Accuracy: 0.1830
Std Test AUC: 0.0695

--- Round 262/500 ---
Averaged Train Loss: 1.6379
Averaged Test Accuracy: 0.4188
Averaged Test AUC: 0.8381
Std Test Accuracy: 0.2109
Std Test AUC: 0.0706

--- Round 263/500 ---
Averaged Train Loss: 1.3953
Averaged Test Accuracy: 0.4921
Averaged Test AUC: 0.8622
Std Test Accuracy: 0.1444
Std Test AUC: 0.0487

--- Round 264/500 ---
Averaged Train Loss: 1.6005
Averaged Test Accuracy: 0.4107
Averaged Test AUC: 0.8449
Std Test Accuracy: 0.2131
Std Test AUC: 0.0669

--- Round 265/500 ---
Averaged Train Loss: 1.5336
Averaged Test Accuracy: 0.4522
Averaged Test AUC: 0.8477
Std Test Accuracy: 0.1837
Std Test AUC: 0.0691

--- Round 266/500 ---
Averaged Train Loss: 1.5247
Averaged Test Accuracy: 0.4370
Averaged Test AUC: 0.8516
Std Test Accuracy: 0.1992
Std Test AUC: 0.0486

--- Round 267/500 ---
Averaged Train Loss: 1.5947
Averaged Test Accuracy: 0.4253
Averaged Test AUC: 0.8461
Std Test Accuracy: 0.1822
Std Test AUC: 0.0616

--- Round 268/500 ---
Averaged Train Loss: 1.5757
Averaged Test Accuracy: 0.4419
Averaged Test AUC: 0.8415
Std Test Accuracy: 0.1790
Std Test AUC: 0.0693

--- Round 269/500 ---
Averaged Train Loss: 1.5463
Averaged Test Accuracy: 0.4450
Averaged Test AUC: 0.8457
Std Test Accuracy: 0.1480
Std Test AUC: 0.0526

--- Round 270/500 ---
Averaged Train Loss: 1.5122
Averaged Test Accuracy: 0.4401
Averaged Test AUC: 0.8509
Std Test Accuracy: 0.1747
Std Test AUC: 0.0560

--- Round 271/500 ---
Averaged Train Loss: 1.5247
Averaged Test Accuracy: 0.4562
Averaged Test AUC: 0.8511
Std Test Accuracy: 0.2041
Std Test AUC: 0.0636

--- Round 272/500 ---
Averaged Train Loss: 1.4603
Averaged Test Accuracy: 0.4606
Averaged Test AUC: 0.8545
Std Test Accuracy: 0.1345
Std Test AUC: 0.0436

--- Round 273/500 ---
Averaged Train Loss: 1.5247
Averaged Test Accuracy: 0.4381
Averaged Test AUC: 0.8526
Std Test Accuracy: 0.1890
Std Test AUC: 0.0625

--- Round 274/500 ---
Averaged Train Loss: 1.5311
Averaged Test Accuracy: 0.4492
Averaged Test AUC: 0.8474
Std Test Accuracy: 0.1819
Std Test AUC: 0.0652

--- Round 275/500 ---
Averaged Train Loss: 1.3920
Averaged Test Accuracy: 0.4953
Averaged Test AUC: 0.8583
Std Test Accuracy: 0.1326
Std Test AUC: 0.0477

--- Round 276/500 ---
Averaged Train Loss: 1.6191
Averaged Test Accuracy: 0.4155
Averaged Test AUC: 0.8416
Std Test Accuracy: 0.1735
Std Test AUC: 0.0565

--- Round 277/500 ---
Averaged Train Loss: 1.5749
Averaged Test Accuracy: 0.4461
Averaged Test AUC: 0.8434
Std Test Accuracy: 0.2108
Std Test AUC: 0.0760

--- Round 278/500 ---
Averaged Train Loss: 1.5309
Averaged Test Accuracy: 0.4367
Averaged Test AUC: 0.8498
Std Test Accuracy: 0.1460
Std Test AUC: 0.0488

--- Round 279/500 ---
Averaged Train Loss: 1.4687
Averaged Test Accuracy: 0.4577
Averaged Test AUC: 0.8570
Std Test Accuracy: 0.1926
Std Test AUC: 0.0603

--- Round 280/500 ---
Averaged Train Loss: 1.4851
Averaged Test Accuracy: 0.4650
Averaged Test AUC: 0.8499
Std Test Accuracy: 0.1692
Std Test AUC: 0.0706

--- Round 281/500 ---
Averaged Train Loss: 1.3996
Averaged Test Accuracy: 0.4875
Averaged Test AUC: 0.8610
Std Test Accuracy: 0.1293
Std Test AUC: 0.0443

--- Round 282/500 ---
Averaged Train Loss: 1.6005
Averaged Test Accuracy: 0.4118
Averaged Test AUC: 0.8447
Std Test Accuracy: 0.1821
Std Test AUC: 0.0577

--- Round 283/500 ---
Averaged Train Loss: 1.5796
Averaged Test Accuracy: 0.4488
Averaged Test AUC: 0.8417
Std Test Accuracy: 0.2009
Std Test AUC: 0.0744

--- Round 284/500 ---
Averaged Train Loss: 1.3953
Averaged Test Accuracy: 0.4860
Averaged Test AUC: 0.8602
Std Test Accuracy: 0.1166
Std Test AUC: 0.0360

--- Round 285/500 ---
Averaged Train Loss: 1.6271
Averaged Test Accuracy: 0.4139
Averaged Test AUC: 0.8460
Std Test Accuracy: 0.1883
Std Test AUC: 0.0597

--- Round 286/500 ---
Averaged Train Loss: 1.6199
Averaged Test Accuracy: 0.4334
Averaged Test AUC: 0.8386
Std Test Accuracy: 0.2183
Std Test AUC: 0.0788

--- Round 287/500 ---
Averaged Train Loss: 1.4106
Averaged Test Accuracy: 0.4777
Averaged Test AUC: 0.8610
Std Test Accuracy: 0.1244
Std Test AUC: 0.0395

--- Round 288/500 ---
Averaged Train Loss: 1.4479
Averaged Test Accuracy: 0.4697
Averaged Test AUC: 0.8565
Std Test Accuracy: 0.1442
Std Test AUC: 0.0475

--- Round 289/500 ---
Averaged Train Loss: 1.5422
Averaged Test Accuracy: 0.4542
Averaged Test AUC: 0.8465
Std Test Accuracy: 0.2028
Std Test AUC: 0.0741

--- Round 290/500 ---
Averaged Train Loss: 1.4116
Averaged Test Accuracy: 0.4749
Averaged Test AUC: 0.8601
Std Test Accuracy: 0.1115
Std Test AUC: 0.0308

--- Round 291/500 ---
Averaged Train Loss: 1.5703
Averaged Test Accuracy: 0.4333
Averaged Test AUC: 0.8504
Std Test Accuracy: 0.1853
Std Test AUC: 0.0639

--- Round 292/500 ---
Averaged Train Loss: 1.6491
Averaged Test Accuracy: 0.4282
Averaged Test AUC: 0.8438
Std Test Accuracy: 0.2268
Std Test AUC: 0.0697

--- Round 293/500 ---
Averaged Train Loss: 1.4704
Averaged Test Accuracy: 0.4588
Averaged Test AUC: 0.8557
Std Test Accuracy: 0.1750
Std Test AUC: 0.0536

--- Round 294/500 ---
Averaged Train Loss: 1.3705
Averaged Test Accuracy: 0.4975
Averaged Test AUC: 0.8659
Std Test Accuracy: 0.1532
Std Test AUC: 0.0444

--- Round 295/500 ---
Averaged Train Loss: 1.6248
Averaged Test Accuracy: 0.4270
Averaged Test AUC: 0.8392
Std Test Accuracy: 0.2181
Std Test AUC: 0.0792

--- Round 296/500 ---
Averaged Train Loss: 1.5246
Averaged Test Accuracy: 0.4550
Averaged Test AUC: 0.8498
Std Test Accuracy: 0.2197
Std Test AUC: 0.0738

--- Round 297/500 ---
Averaged Train Loss: 1.6062
Averaged Test Accuracy: 0.4163
Averaged Test AUC: 0.8446
Std Test Accuracy: 0.1943
Std Test AUC: 0.0650

--- Round 298/500 ---
Averaged Train Loss: 1.5574
Averaged Test Accuracy: 0.4430
Averaged Test AUC: 0.8500
Std Test Accuracy: 0.2070
Std Test AUC: 0.0599

--- Round 299/500 ---
Averaged Train Loss: 1.4890
Averaged Test Accuracy: 0.4600
Averaged Test AUC: 0.8542
Std Test Accuracy: 0.2027
Std Test AUC: 0.0704

--- Round 300/500 ---
Averaged Train Loss: 1.4281
Averaged Test Accuracy: 0.4791
Averaged Test AUC: 0.8584
Std Test Accuracy: 0.1384
Std Test AUC: 0.0497

--- Round 301/500 ---
Averaged Train Loss: 1.5070
Averaged Test Accuracy: 0.4657
Averaged Test AUC: 0.8504
Std Test Accuracy: 0.2000
Std Test AUC: 0.0726

--- Round 302/500 ---
Averaged Train Loss: 1.4076
Averaged Test Accuracy: 0.4794
Averaged Test AUC: 0.8623
Std Test Accuracy: 0.1274
Std Test AUC: 0.0355

--- Round 303/500 ---
Averaged Train Loss: 1.4734
Averaged Test Accuracy: 0.4565
Averaged Test AUC: 0.8595
Std Test Accuracy: 0.1569
Std Test AUC: 0.0457

--- Round 304/500 ---
Averaged Train Loss: 1.6044
Averaged Test Accuracy: 0.4303
Averaged Test AUC: 0.8421
Std Test Accuracy: 0.2070
Std Test AUC: 0.0775

--- Round 305/500 ---
Averaged Train Loss: 1.4088
Averaged Test Accuracy: 0.4868
Averaged Test AUC: 0.8632
Std Test Accuracy: 0.1725
Std Test AUC: 0.0505

--- Round 306/500 ---
Averaged Train Loss: 1.4667
Averaged Test Accuracy: 0.4627
Averaged Test AUC: 0.8551
Std Test Accuracy: 0.1373
Std Test AUC: 0.0501

--- Round 307/500 ---
Averaged Train Loss: 1.6217
Averaged Test Accuracy: 0.4381
Averaged Test AUC: 0.8383
Std Test Accuracy: 0.2286
Std Test AUC: 0.0894

--- Round 308/500 ---
Averaged Train Loss: 1.5217
Averaged Test Accuracy: 0.4555
Averaged Test AUC: 0.8509
Std Test Accuracy: 0.1906
Std Test AUC: 0.0738

--- Round 309/500 ---
Averaged Train Loss: 1.4763
Averaged Test Accuracy: 0.4649
Averaged Test AUC: 0.8535
Std Test Accuracy: 0.1386
Std Test AUC: 0.0557

--- Round 310/500 ---
Averaged Train Loss: 1.4383
Averaged Test Accuracy: 0.4749
Averaged Test AUC: 0.8593
Std Test Accuracy: 0.1943
Std Test AUC: 0.0550

--- Round 311/500 ---
Averaged Train Loss: 1.4982
Averaged Test Accuracy: 0.4608
Averaged Test AUC: 0.8551
Std Test Accuracy: 0.1981
Std Test AUC: 0.0633

--- Round 312/500 ---
Averaged Train Loss: 1.4664
Averaged Test Accuracy: 0.4615
Averaged Test AUC: 0.8540
Std Test Accuracy: 0.1227
Std Test AUC: 0.0441

--- Round 313/500 ---
Averaged Train Loss: 1.4693
Averaged Test Accuracy: 0.4726
Averaged Test AUC: 0.8556
Std Test Accuracy: 0.2014
Std Test AUC: 0.0620

--- Round 314/500 ---
Averaged Train Loss: 1.3710
Averaged Test Accuracy: 0.4933
Averaged Test AUC: 0.8663
Std Test Accuracy: 0.1269
Std Test AUC: 0.0382

--- Round 315/500 ---
Averaged Train Loss: 1.4889
Averaged Test Accuracy: 0.4536
Averaged Test AUC: 0.8514
Std Test Accuracy: 0.1563
Std Test AUC: 0.0577

--- Round 316/500 ---
Averaged Train Loss: 1.4667
Averaged Test Accuracy: 0.4649
Averaged Test AUC: 0.8542
Std Test Accuracy: 0.1889
Std Test AUC: 0.0588

--- Round 317/500 ---
Averaged Train Loss: 1.3810
Averaged Test Accuracy: 0.4912
Averaged Test AUC: 0.8620
Std Test Accuracy: 0.1430
Std Test AUC: 0.0470

--- Round 318/500 ---
Averaged Train Loss: 1.3420
Averaged Test Accuracy: 0.5035
Averaged Test AUC: 0.8642
Std Test Accuracy: 0.1262
Std Test AUC: 0.0450

--- Round 319/500 ---
Averaged Train Loss: 1.3178
Averaged Test Accuracy: 0.5149
Averaged Test AUC: 0.8702
Std Test Accuracy: 0.1333
Std Test AUC: 0.0399

--- Round 320/500 ---
Averaged Train Loss: 1.3136
Averaged Test Accuracy: 0.5162
Averaged Test AUC: 0.8708
Std Test Accuracy: 0.1316
Std Test AUC: 0.0399

--- Round 321/500 ---
Averaged Train Loss: 1.3183
Averaged Test Accuracy: 0.5126
Averaged Test AUC: 0.8704
Std Test Accuracy: 0.1389
Std Test AUC: 0.0432

--- Round 322/500 ---
Averaged Train Loss: 1.3315
Averaged Test Accuracy: 0.5090
Averaged Test AUC: 0.8670
Std Test Accuracy: 0.1512
Std Test AUC: 0.0433

--- Round 323/500 ---
Averaged Train Loss: 1.2913
Averaged Test Accuracy: 0.5226
Averaged Test AUC: 0.8732
Std Test Accuracy: 0.1089
Std Test AUC: 0.0327

--- Round 324/500 ---
Averaged Train Loss: 1.4964
Averaged Test Accuracy: 0.4520
Averaged Test AUC: 0.8512
Std Test Accuracy: 0.1974
Std Test AUC: 0.0674

--- Round 325/500 ---
Averaged Train Loss: 1.4085
Averaged Test Accuracy: 0.4824
Averaged Test AUC: 0.8614
Std Test Accuracy: 0.1862
Std Test AUC: 0.0613

--- Round 326/500 ---
Averaged Train Loss: 1.3564
Averaged Test Accuracy: 0.5011
Averaged Test AUC: 0.8667
Std Test Accuracy: 0.1666
Std Test AUC: 0.0542

--- Round 327/500 ---
Averaged Train Loss: 1.3197
Averaged Test Accuracy: 0.5128
Averaged Test AUC: 0.8678
Std Test Accuracy: 0.1554
Std Test AUC: 0.0502

--- Round 328/500 ---
Averaged Train Loss: 1.4077
Averaged Test Accuracy: 0.4849
Averaged Test AUC: 0.8630
Std Test Accuracy: 0.2068
Std Test AUC: 0.0622

--- Round 329/500 ---
Averaged Train Loss: 1.3054
Averaged Test Accuracy: 0.5165
Averaged Test AUC: 0.8711
Std Test Accuracy: 0.1389
Std Test AUC: 0.0450

--- Round 330/500 ---
Averaged Train Loss: 1.2932
Averaged Test Accuracy: 0.5246
Averaged Test AUC: 0.8732
Std Test Accuracy: 0.1219
Std Test AUC: 0.0363

--- Round 331/500 ---
Averaged Train Loss: 1.3712
Averaged Test Accuracy: 0.4878
Averaged Test AUC: 0.8676
Std Test Accuracy: 0.1561
Std Test AUC: 0.0454

--- Round 332/500 ---
Averaged Train Loss: 1.3448
Averaged Test Accuracy: 0.5024
Averaged Test AUC: 0.8668
Std Test Accuracy: 0.1415
Std Test AUC: 0.0412

--- Round 333/500 ---
Averaged Train Loss: 1.3012
Averaged Test Accuracy: 0.5181
Averaged Test AUC: 0.8714
Std Test Accuracy: 0.1313
Std Test AUC: 0.0403

--- Round 334/500 ---
Averaged Train Loss: 1.3181
Averaged Test Accuracy: 0.5101
Averaged Test AUC: 0.8702
Std Test Accuracy: 0.1403
Std Test AUC: 0.0467

--- Round 335/500 ---
Averaged Train Loss: 1.3714
Averaged Test Accuracy: 0.4971
Averaged Test AUC: 0.8660
Std Test Accuracy: 0.1722
Std Test AUC: 0.0468

--- Round 336/500 ---
Averaged Train Loss: 1.2958
Averaged Test Accuracy: 0.5243
Averaged Test AUC: 0.8723
Std Test Accuracy: 0.1387
Std Test AUC: 0.0448

--- Round 337/500 ---
Averaged Train Loss: 1.3171
Averaged Test Accuracy: 0.5104
Averaged Test AUC: 0.8704
Std Test Accuracy: 0.1560
Std Test AUC: 0.0449

--- Round 338/500 ---
Averaged Train Loss: 1.4154
Averaged Test Accuracy: 0.4770
Averaged Test AUC: 0.8606
Std Test Accuracy: 0.2046
Std Test AUC: 0.0644

--- Round 339/500 ---
Averaged Train Loss: 1.3079
Averaged Test Accuracy: 0.5200
Averaged Test AUC: 0.8708
Std Test Accuracy: 0.1298
Std Test AUC: 0.0396

--- Round 340/500 ---
Averaged Train Loss: 1.3062
Averaged Test Accuracy: 0.5138
Averaged Test AUC: 0.8713
Std Test Accuracy: 0.1084
Std Test AUC: 0.0317

--- Round 341/500 ---
Averaged Train Loss: 1.3474
Averaged Test Accuracy: 0.4927
Averaged Test AUC: 0.8656
Std Test Accuracy: 0.1460
Std Test AUC: 0.0432

--- Round 342/500 ---
Averaged Train Loss: 1.3220
Averaged Test Accuracy: 0.5078
Averaged Test AUC: 0.8689
Std Test Accuracy: 0.1623
Std Test AUC: 0.0480

--- Round 343/500 ---
Averaged Train Loss: 1.2931
Averaged Test Accuracy: 0.5234
Averaged Test AUC: 0.8732
Std Test Accuracy: 0.1389
Std Test AUC: 0.0376

--- Round 344/500 ---
Averaged Train Loss: 1.2863
Averaged Test Accuracy: 0.5230
Averaged Test AUC: 0.8735
Std Test Accuracy: 0.1223
Std Test AUC: 0.0368

--- Round 345/500 ---
Averaged Train Loss: 1.3291
Averaged Test Accuracy: 0.5087
Averaged Test AUC: 0.8705
Std Test Accuracy: 0.1787
Std Test AUC: 0.0502

--- Round 346/500 ---
Averaged Train Loss: 1.2904
Averaged Test Accuracy: 0.5249
Averaged Test AUC: 0.8721
Std Test Accuracy: 0.1462
Std Test AUC: 0.0477

--- Round 347/500 ---
Averaged Train Loss: 1.3849
Averaged Test Accuracy: 0.4862
Averaged Test AUC: 0.8645
Std Test Accuracy: 0.1896
Std Test AUC: 0.0529

--- Round 348/500 ---
Averaged Train Loss: 1.3538
Averaged Test Accuracy: 0.4892
Averaged Test AUC: 0.8660
Std Test Accuracy: 0.1211
Std Test AUC: 0.0313

--- Round 349/500 ---
Averaged Train Loss: 1.2708
Averaged Test Accuracy: 0.5277
Averaged Test AUC: 0.8751
Std Test Accuracy: 0.1112
Std Test AUC: 0.0341

--- Round 350/500 ---
Averaged Train Loss: 1.3056
Averaged Test Accuracy: 0.5139
Averaged Test AUC: 0.8725
Std Test Accuracy: 0.1613
Std Test AUC: 0.0436

--- Round 351/500 ---
Averaged Train Loss: 1.2917
Averaged Test Accuracy: 0.5174
Averaged Test AUC: 0.8732
Std Test Accuracy: 0.1104
Std Test AUC: 0.0337

--- Round 352/500 ---
Averaged Train Loss: 1.3648
Averaged Test Accuracy: 0.4975
Averaged Test AUC: 0.8639
Std Test Accuracy: 0.1761
Std Test AUC: 0.0613

--- Round 353/500 ---
Averaged Train Loss: 1.3003
Averaged Test Accuracy: 0.5153
Averaged Test AUC: 0.8734
Std Test Accuracy: 0.1530
Std Test AUC: 0.0415

--- Round 354/500 ---
Averaged Train Loss: 1.3249
Averaged Test Accuracy: 0.5073
Averaged Test AUC: 0.8705
Std Test Accuracy: 0.1727
Std Test AUC: 0.0482

--- Round 355/500 ---
Averaged Train Loss: 1.2946
Averaged Test Accuracy: 0.5196
Averaged Test AUC: 0.8725
Std Test Accuracy: 0.1340
Std Test AUC: 0.0395

--- Round 356/500 ---
Averaged Train Loss: 1.2871
Averaged Test Accuracy: 0.5246
Averaged Test AUC: 0.8735
Std Test Accuracy: 0.1273
Std Test AUC: 0.0383

--- Round 357/500 ---
Averaged Train Loss: 1.2662
Averaged Test Accuracy: 0.5311
Averaged Test AUC: 0.8759
Std Test Accuracy: 0.1307
Std Test AUC: 0.0349

--- Round 358/500 ---
Averaged Train Loss: 1.3101
Averaged Test Accuracy: 0.5179
Averaged Test AUC: 0.8688
Std Test Accuracy: 0.1327
Std Test AUC: 0.0407

--- Round 359/500 ---
Averaged Train Loss: 1.3868
Averaged Test Accuracy: 0.4871
Averaged Test AUC: 0.8631
Std Test Accuracy: 0.1922
Std Test AUC: 0.0586

--- Round 360/500 ---
Averaged Train Loss: 1.3808
Averaged Test Accuracy: 0.4923
Averaged Test AUC: 0.8691
Std Test Accuracy: 0.1658
Std Test AUC: 0.0423

--- Round 361/500 ---
Averaged Train Loss: 1.3568
Averaged Test Accuracy: 0.4963
Averaged Test AUC: 0.8666
Std Test Accuracy: 0.1727
Std Test AUC: 0.0556

--- Round 362/500 ---
Averaged Train Loss: 1.3156
Averaged Test Accuracy: 0.5115
Averaged Test AUC: 0.8684
Std Test Accuracy: 0.1450
Std Test AUC: 0.0424

--- Round 363/500 ---
Averaged Train Loss: 1.2818
Averaged Test Accuracy: 0.5254
Averaged Test AUC: 0.8742
Std Test Accuracy: 0.1375
Std Test AUC: 0.0386

--- Round 364/500 ---
Averaged Train Loss: 1.2729
Averaged Test Accuracy: 0.5267
Averaged Test AUC: 0.8754
Std Test Accuracy: 0.1217
Std Test AUC: 0.0356

--- Round 365/500 ---
Averaged Train Loss: 1.3348
Averaged Test Accuracy: 0.5074
Averaged Test AUC: 0.8671
Std Test Accuracy: 0.1446
Std Test AUC: 0.0477

--- Round 366/500 ---
Averaged Train Loss: 1.2945
Averaged Test Accuracy: 0.5180
Averaged Test AUC: 0.8734
Std Test Accuracy: 0.1362
Std Test AUC: 0.0399

--- Round 367/500 ---
Averaged Train Loss: 1.3849
Averaged Test Accuracy: 0.4912
Averaged Test AUC: 0.8646
Std Test Accuracy: 0.1893
Std Test AUC: 0.0598

--- Round 368/500 ---
Averaged Train Loss: 1.2861
Averaged Test Accuracy: 0.5225
Averaged Test AUC: 0.8731
Std Test Accuracy: 0.1382
Std Test AUC: 0.0481

--- Round 369/500 ---
Averaged Train Loss: 1.2663
Averaged Test Accuracy: 0.5303
Averaged Test AUC: 0.8759
Std Test Accuracy: 0.1376
Std Test AUC: 0.0370

--- Round 370/500 ---
Averaged Train Loss: 1.3530
Averaged Test Accuracy: 0.4933
Averaged Test AUC: 0.8676
Std Test Accuracy: 0.1792
Std Test AUC: 0.0518

--- Round 371/500 ---
Averaged Train Loss: 1.4007
Averaged Test Accuracy: 0.4795
Averaged Test AUC: 0.8646
Std Test Accuracy: 0.1776
Std Test AUC: 0.0487

--- Round 372/500 ---
Averaged Train Loss: 1.2820
Averaged Test Accuracy: 0.5273
Averaged Test AUC: 0.8744
Std Test Accuracy: 0.1409
Std Test AUC: 0.0393

--- Round 373/500 ---
Averaged Train Loss: 1.2957
Averaged Test Accuracy: 0.5212
Averaged Test AUC: 0.8731
Std Test Accuracy: 0.1621
Std Test AUC: 0.0459

--- Round 374/500 ---
Averaged Train Loss: 1.3212
Averaged Test Accuracy: 0.5149
Averaged Test AUC: 0.8699
Std Test Accuracy: 0.1563
Std Test AUC: 0.0517

--- Round 375/500 ---
Averaged Train Loss: 1.2593
Averaged Test Accuracy: 0.5334
Averaged Test AUC: 0.8767
Std Test Accuracy: 0.1144
Std Test AUC: 0.0306

--- Round 376/500 ---
Averaged Train Loss: 1.3014
Averaged Test Accuracy: 0.5182
Averaged Test AUC: 0.8726
Std Test Accuracy: 0.1415
Std Test AUC: 0.0406

--- Round 377/500 ---
Averaged Train Loss: 1.3036
Averaged Test Accuracy: 0.5169
Averaged Test AUC: 0.8731
Std Test Accuracy: 0.1563
Std Test AUC: 0.0435

--- Round 378/500 ---
Averaged Train Loss: 1.2661
Averaged Test Accuracy: 0.5330
Averaged Test AUC: 0.8751
Std Test Accuracy: 0.1194
Std Test AUC: 0.0361

--- Round 379/500 ---
Averaged Train Loss: 1.2972
Averaged Test Accuracy: 0.5148
Averaged Test AUC: 0.8713
Std Test Accuracy: 0.1175
Std Test AUC: 0.0345

--- Round 380/500 ---
Averaged Train Loss: 1.2954
Averaged Test Accuracy: 0.5184
Averaged Test AUC: 0.8730
Std Test Accuracy: 0.1655
Std Test AUC: 0.0479

--- Round 381/500 ---
Averaged Train Loss: 1.3057
Averaged Test Accuracy: 0.5147
Averaged Test AUC: 0.8729
Std Test Accuracy: 0.1584
Std Test AUC: 0.0436

--- Round 382/500 ---
Averaged Train Loss: 1.2564
Averaged Test Accuracy: 0.5366
Averaged Test AUC: 0.8764
Std Test Accuracy: 0.1288
Std Test AUC: 0.0372

--- Round 383/500 ---
Averaged Train Loss: 1.2863
Averaged Test Accuracy: 0.5250
Averaged Test AUC: 0.8741
Std Test Accuracy: 0.1523
Std Test AUC: 0.0414

--- Round 384/500 ---
Averaged Train Loss: 1.2837
Averaged Test Accuracy: 0.5255
Averaged Test AUC: 0.8745
Std Test Accuracy: 0.1301
Std Test AUC: 0.0362

--- Round 385/500 ---
Averaged Train Loss: 1.2730
Averaged Test Accuracy: 0.5257
Averaged Test AUC: 0.8761
Std Test Accuracy: 0.1312
Std Test AUC: 0.0377

--- Round 386/500 ---
Averaged Train Loss: 1.3160
Averaged Test Accuracy: 0.5120
Averaged Test AUC: 0.8716
Std Test Accuracy: 0.1414
Std Test AUC: 0.0365

--- Round 387/500 ---
Averaged Train Loss: 1.3258
Averaged Test Accuracy: 0.5122
Averaged Test AUC: 0.8705
Std Test Accuracy: 0.1708
Std Test AUC: 0.0499

--- Round 388/500 ---
Averaged Train Loss: 1.2724
Averaged Test Accuracy: 0.5315
Averaged Test AUC: 0.8741
Std Test Accuracy: 0.1531
Std Test AUC: 0.0469

--- Round 389/500 ---
Averaged Train Loss: 1.2697
Averaged Test Accuracy: 0.5269
Averaged Test AUC: 0.8758
Std Test Accuracy: 0.1149
Std Test AUC: 0.0317

--- Round 390/500 ---
Averaged Train Loss: 1.2753
Averaged Test Accuracy: 0.5252
Averaged Test AUC: 0.8754
Std Test Accuracy: 0.1583
Std Test AUC: 0.0420

--- Round 391/500 ---
Averaged Train Loss: 1.2945
Averaged Test Accuracy: 0.5190
Averaged Test AUC: 0.8740
Std Test Accuracy: 0.1601
Std Test AUC: 0.0433

--- Round 392/500 ---
Averaged Train Loss: 1.2759
Averaged Test Accuracy: 0.5235
Averaged Test AUC: 0.8753
Std Test Accuracy: 0.1313
Std Test AUC: 0.0426

--- Round 393/500 ---
Averaged Train Loss: 1.2666
Averaged Test Accuracy: 0.5276
Averaged Test AUC: 0.8761
Std Test Accuracy: 0.1593
Std Test AUC: 0.0454

--- Round 394/500 ---
Averaged Train Loss: 1.2625
Averaged Test Accuracy: 0.5345
Averaged Test AUC: 0.8771
Std Test Accuracy: 0.1354
Std Test AUC: 0.0382

--- Round 395/500 ---
Averaged Train Loss: 1.3932
Averaged Test Accuracy: 0.4874
Averaged Test AUC: 0.8639
Std Test Accuracy: 0.1738
Std Test AUC: 0.0456

--- Round 396/500 ---
Averaged Train Loss: 1.3353
Averaged Test Accuracy: 0.5076
Averaged Test AUC: 0.8699
Std Test Accuracy: 0.1691
Std Test AUC: 0.0499

--- Round 397/500 ---
Averaged Train Loss: 1.2651
Averaged Test Accuracy: 0.5318
Averaged Test AUC: 0.8771
Std Test Accuracy: 0.1395
Std Test AUC: 0.0415

--- Round 398/500 ---
Averaged Train Loss: 1.2547
Averaged Test Accuracy: 0.5382
Averaged Test AUC: 0.8781
Std Test Accuracy: 0.1334
Std Test AUC: 0.0375

--- Round 399/500 ---
Averaged Train Loss: 1.2594
Averaged Test Accuracy: 0.5355
Averaged Test AUC: 0.8779
Std Test Accuracy: 0.1380
Std Test AUC: 0.0389

--- Round 400/500 ---
Averaged Train Loss: 1.2690
Averaged Test Accuracy: 0.5301
Averaged Test AUC: 0.8759
Std Test Accuracy: 0.1344
Std Test AUC: 0.0409

--- Round 401/500 ---
Averaged Train Loss: 1.2522
Averaged Test Accuracy: 0.5366
Averaged Test AUC: 0.8775
Std Test Accuracy: 0.1337
Std Test AUC: 0.0365

--- Round 402/500 ---
Averaged Train Loss: 1.2735
Averaged Test Accuracy: 0.5251
Averaged Test AUC: 0.8747
Std Test Accuracy: 0.1420
Std Test AUC: 0.0442

--- Round 403/500 ---
Averaged Train Loss: 1.2786
Averaged Test Accuracy: 0.5232
Averaged Test AUC: 0.8759
Std Test Accuracy: 0.1530
Std Test AUC: 0.0397

--- Round 404/500 ---
Averaged Train Loss: 1.3290
Averaged Test Accuracy: 0.5118
Averaged Test AUC: 0.8698
Std Test Accuracy: 0.1827
Std Test AUC: 0.0544

--- Round 405/500 ---
Averaged Train Loss: 1.2695
Averaged Test Accuracy: 0.5314
Averaged Test AUC: 0.8760
Std Test Accuracy: 0.1549
Std Test AUC: 0.0431

--- Round 406/500 ---
Averaged Train Loss: 1.2789
Averaged Test Accuracy: 0.5267
Averaged Test AUC: 0.8762
Std Test Accuracy: 0.1484
Std Test AUC: 0.0407

--- Round 407/500 ---
Averaged Train Loss: 1.2623
Averaged Test Accuracy: 0.5283
Averaged Test AUC: 0.8772
Std Test Accuracy: 0.1315
Std Test AUC: 0.0371

--- Round 408/500 ---
Averaged Train Loss: 1.3189
Averaged Test Accuracy: 0.5108
Averaged Test AUC: 0.8747
Std Test Accuracy: 0.1510
Std Test AUC: 0.0389

--- Round 409/500 ---
Averaged Train Loss: 1.3048
Averaged Test Accuracy: 0.5133
Averaged Test AUC: 0.8717
Std Test Accuracy: 0.1238
Std Test AUC: 0.0324

--- Round 410/500 ---
Averaged Train Loss: 1.2722
Averaged Test Accuracy: 0.5311
Averaged Test AUC: 0.8765
Std Test Accuracy: 0.1695
Std Test AUC: 0.0438

--- Round 411/500 ---
Averaged Train Loss: 1.2533
Averaged Test Accuracy: 0.5335
Averaged Test AUC: 0.8766
Std Test Accuracy: 0.1277
Std Test AUC: 0.0383

--- Round 412/500 ---
Averaged Train Loss: 1.2490
Averaged Test Accuracy: 0.5359
Averaged Test AUC: 0.8780
Std Test Accuracy: 0.1115
Std Test AUC: 0.0306

--- Round 413/500 ---
Averaged Train Loss: 1.2724
Averaged Test Accuracy: 0.5284
Averaged Test AUC: 0.8766
Std Test Accuracy: 0.1341
Std Test AUC: 0.0382

--- Round 414/500 ---
Averaged Train Loss: 1.2587
Averaged Test Accuracy: 0.5335
Averaged Test AUC: 0.8773
Std Test Accuracy: 0.1386
Std Test AUC: 0.0414

--- Round 415/500 ---
Averaged Train Loss: 1.2469
Averaged Test Accuracy: 0.5387
Averaged Test AUC: 0.8784
Std Test Accuracy: 0.1333
Std Test AUC: 0.0353

--- Round 416/500 ---
Averaged Train Loss: 1.2562
Averaged Test Accuracy: 0.5377
Averaged Test AUC: 0.8777
Std Test Accuracy: 0.1493
Std Test AUC: 0.0414

--- Round 417/500 ---
Averaged Train Loss: 1.3219
Averaged Test Accuracy: 0.5096
Averaged Test AUC: 0.8715
Std Test Accuracy: 0.1605
Std Test AUC: 0.0419

--- Round 418/500 ---
Averaged Train Loss: 1.3710
Averaged Test Accuracy: 0.4838
Averaged Test AUC: 0.8665
Std Test Accuracy: 0.1828
Std Test AUC: 0.0504

--- Round 419/500 ---
Averaged Train Loss: 1.2385
Averaged Test Accuracy: 0.5406
Averaged Test AUC: 0.8782
Std Test Accuracy: 0.1060
Std Test AUC: 0.0294

--- Round 420/500 ---
Averaged Train Loss: 1.2900
Averaged Test Accuracy: 0.5228
Averaged Test AUC: 0.8741
Std Test Accuracy: 0.1449
Std Test AUC: 0.0431

--- Round 421/500 ---
Averaged Train Loss: 1.2768
Averaged Test Accuracy: 0.5273
Averaged Test AUC: 0.8736
Std Test Accuracy: 0.1442
Std Test AUC: 0.0433

--- Round 422/500 ---
Averaged Train Loss: 1.2478
Averaged Test Accuracy: 0.5355
Averaged Test AUC: 0.8778
Std Test Accuracy: 0.1338
Std Test AUC: 0.0426

--- Round 423/500 ---
Averaged Train Loss: 1.2385
Averaged Test Accuracy: 0.5402
Averaged Test AUC: 0.8796
Std Test Accuracy: 0.1026
Std Test AUC: 0.0306

--- Round 424/500 ---
Averaged Train Loss: 1.3033
Averaged Test Accuracy: 0.5100
Averaged Test AUC: 0.8716
Std Test Accuracy: 0.1225
Std Test AUC: 0.0337

--- Round 425/500 ---
Averaged Train Loss: 1.2546
Averaged Test Accuracy: 0.5331
Averaged Test AUC: 0.8778
Std Test Accuracy: 0.1251
Std Test AUC: 0.0338

--- Round 426/500 ---
Averaged Train Loss: 1.2679
Averaged Test Accuracy: 0.5316
Averaged Test AUC: 0.8771
Std Test Accuracy: 0.1476
Std Test AUC: 0.0424

--- Round 427/500 ---
Averaged Train Loss: 1.2549
Averaged Test Accuracy: 0.5347
Averaged Test AUC: 0.8781
Std Test Accuracy: 0.1581
Std Test AUC: 0.0436

--- Round 428/500 ---
Averaged Train Loss: 1.2551
Averaged Test Accuracy: 0.5321
Averaged Test AUC: 0.8785
Std Test Accuracy: 0.1403
Std Test AUC: 0.0338

--- Round 429/500 ---
Averaged Train Loss: 1.2790
Averaged Test Accuracy: 0.5257
Averaged Test AUC: 0.8741
Std Test Accuracy: 0.1332
Std Test AUC: 0.0391

--- Round 430/500 ---
Averaged Train Loss: 1.2967
Averaged Test Accuracy: 0.5140
Averaged Test AUC: 0.8738
Std Test Accuracy: 0.1819
Std Test AUC: 0.0490

--- Round 431/500 ---
Averaged Train Loss: 1.3346
Averaged Test Accuracy: 0.5003
Averaged Test AUC: 0.8702
Std Test Accuracy: 0.1746
Std Test AUC: 0.0433

--- Round 432/500 ---
Averaged Train Loss: 1.2487
Averaged Test Accuracy: 0.5353
Averaged Test AUC: 0.8786
Std Test Accuracy: 0.1555
Std Test AUC: 0.0406

--- Round 433/500 ---
Averaged Train Loss: 1.2664
Averaged Test Accuracy: 0.5321
Averaged Test AUC: 0.8746
Std Test Accuracy: 0.1449
Std Test AUC: 0.0442

--- Round 434/500 ---
Averaged Train Loss: 1.2726
Averaged Test Accuracy: 0.5289
Averaged Test AUC: 0.8746
Std Test Accuracy: 0.1509
Std Test AUC: 0.0420

--- Round 435/500 ---
Averaged Train Loss: 1.2664
Averaged Test Accuracy: 0.5290
Averaged Test AUC: 0.8768
Std Test Accuracy: 0.1608
Std Test AUC: 0.0394

--- Round 436/500 ---
Averaged Train Loss: 1.2581
Averaged Test Accuracy: 0.5329
Averaged Test AUC: 0.8774
Std Test Accuracy: 0.1247
Std Test AUC: 0.0353

--- Round 437/500 ---
Averaged Train Loss: 1.2492
Averaged Test Accuracy: 0.5326
Averaged Test AUC: 0.8780
Std Test Accuracy: 0.1475
Std Test AUC: 0.0407

--- Round 438/500 ---
Averaged Train Loss: 1.2591
Averaged Test Accuracy: 0.5353
Averaged Test AUC: 0.8771
Std Test Accuracy: 0.1421
Std Test AUC: 0.0379

--- Round 439/500 ---
Averaged Train Loss: 1.3764
Averaged Test Accuracy: 0.4890
Averaged Test AUC: 0.8679
Std Test Accuracy: 0.2021
Std Test AUC: 0.0570

--- Round 440/500 ---
Averaged Train Loss: 1.2509
Averaged Test Accuracy: 0.5323
Averaged Test AUC: 0.8775
Std Test Accuracy: 0.1524
Std Test AUC: 0.0398

--- Round 441/500 ---
Averaged Train Loss: 1.2634
Averaged Test Accuracy: 0.5286
Averaged Test AUC: 0.8778
Std Test Accuracy: 0.1596
Std Test AUC: 0.0446

--- Round 442/500 ---
Averaged Train Loss: 1.2919
Averaged Test Accuracy: 0.5199
Averaged Test AUC: 0.8735
Std Test Accuracy: 0.1620
Std Test AUC: 0.0494

--- Round 443/500 ---
Averaged Train Loss: 1.3762
Averaged Test Accuracy: 0.4947
Averaged Test AUC: 0.8714
Std Test Accuracy: 0.1676
Std Test AUC: 0.0411

--- Round 444/500 ---
Averaged Train Loss: 1.2653
Averaged Test Accuracy: 0.5285
Averaged Test AUC: 0.8772
Std Test Accuracy: 0.1682
Std Test AUC: 0.0424

--- Round 445/500 ---
Averaged Train Loss: 1.2660
Averaged Test Accuracy: 0.5282
Averaged Test AUC: 0.8767
Std Test Accuracy: 0.1454
Std Test AUC: 0.0420

--- Round 446/500 ---
Averaged Train Loss: 1.2599
Averaged Test Accuracy: 0.5306
Averaged Test AUC: 0.8777
Std Test Accuracy: 0.1474
Std Test AUC: 0.0386

--- Round 447/500 ---
Averaged Train Loss: 1.2927
Averaged Test Accuracy: 0.5214
Averaged Test AUC: 0.8756
Std Test Accuracy: 0.1681
Std Test AUC: 0.0497

--- Round 448/500 ---
Averaged Train Loss: 1.2408
Averaged Test Accuracy: 0.5397
Averaged Test AUC: 0.8789
Std Test Accuracy: 0.1252
Std Test AUC: 0.0300

--- Round 449/500 ---
Averaged Train Loss: 1.2405
Averaged Test Accuracy: 0.5399
Averaged Test AUC: 0.8794
Std Test Accuracy: 0.1355
Std Test AUC: 0.0339

--- Round 450/500 ---
Averaged Train Loss: 1.2971
Averaged Test Accuracy: 0.5208
Averaged Test AUC: 0.8749
Std Test Accuracy: 0.1631
Std Test AUC: 0.0493

--- Round 451/500 ---
Averaged Train Loss: 1.2798
Averaged Test Accuracy: 0.5241
Averaged Test AUC: 0.8761
Std Test Accuracy: 0.1550
Std Test AUC: 0.0450

--- Round 452/500 ---
Averaged Train Loss: 1.2844
Averaged Test Accuracy: 0.5247
Averaged Test AUC: 0.8734
Std Test Accuracy: 0.1082
Std Test AUC: 0.0325

--- Round 453/500 ---
Averaged Train Loss: 1.2788
Averaged Test Accuracy: 0.5239
Averaged Test AUC: 0.8769
Std Test Accuracy: 0.1650
Std Test AUC: 0.0439

--- Round 454/500 ---
Averaged Train Loss: 1.2436
Averaged Test Accuracy: 0.5384
Averaged Test AUC: 0.8792
Std Test Accuracy: 0.1458
Std Test AUC: 0.0374

--- Round 455/500 ---
Averaged Train Loss: 1.2738
Averaged Test Accuracy: 0.5264
Averaged Test AUC: 0.8754
Std Test Accuracy: 0.1536
Std Test AUC: 0.0418

--- Round 456/500 ---
Averaged Train Loss: 1.2813
Averaged Test Accuracy: 0.5182
Averaged Test AUC: 0.8755
Std Test Accuracy: 0.1676
Std Test AUC: 0.0430

--- Round 457/500 ---
Averaged Train Loss: 1.2708
Averaged Test Accuracy: 0.5283
Averaged Test AUC: 0.8762
Std Test Accuracy: 0.1598
Std Test AUC: 0.0469

--- Round 458/500 ---
Averaged Train Loss: 1.3304
Averaged Test Accuracy: 0.5019
Averaged Test AUC: 0.8720
Std Test Accuracy: 0.1696
Std Test AUC: 0.0462

--- Round 459/500 ---
Averaged Train Loss: 1.2631
Averaged Test Accuracy: 0.5294
Averaged Test AUC: 0.8770
Std Test Accuracy: 0.1455
Std Test AUC: 0.0376

--- Round 460/500 ---
Averaged Train Loss: 1.2623
Averaged Test Accuracy: 0.5306
Averaged Test AUC: 0.8773
Std Test Accuracy: 0.1408
Std Test AUC: 0.0390

--- Round 461/500 ---
Averaged Train Loss: 1.2844
Averaged Test Accuracy: 0.5223
Averaged Test AUC: 0.8750
Std Test Accuracy: 0.1684
Std Test AUC: 0.0504

--- Round 462/500 ---
Averaged Train Loss: 1.2444
Averaged Test Accuracy: 0.5345
Averaged Test AUC: 0.8776
Std Test Accuracy: 0.1453
Std Test AUC: 0.0439

--- Round 463/500 ---
Averaged Train Loss: 1.2606
Averaged Test Accuracy: 0.5298
Averaged Test AUC: 0.8771
Std Test Accuracy: 0.1407
Std Test AUC: 0.0409

--- Round 464/500 ---
Averaged Train Loss: 1.2480
Averaged Test Accuracy: 0.5308
Averaged Test AUC: 0.8791
Std Test Accuracy: 0.1442
Std Test AUC: 0.0369

--- Round 465/500 ---
Averaged Train Loss: 1.4240
Averaged Test Accuracy: 0.4708
Averaged Test AUC: 0.8658
Std Test Accuracy: 0.1984
Std Test AUC: 0.0510

--- Round 466/500 ---
Averaged Train Loss: 1.2532
Averaged Test Accuracy: 0.5306
Averaged Test AUC: 0.8783
Std Test Accuracy: 0.1356
Std Test AUC: 0.0397

--- Round 467/500 ---
Averaged Train Loss: 1.2974
Averaged Test Accuracy: 0.5158
Averaged Test AUC: 0.8741
Std Test Accuracy: 0.1332
Std Test AUC: 0.0384

--- Round 468/500 ---
Averaged Train Loss: 1.2126
Averaged Test Accuracy: 0.5470
Averaged Test AUC: 0.8815
Std Test Accuracy: 0.1135
Std Test AUC: 0.0314

--- Round 469/500 ---
Averaged Train Loss: 1.2362
Averaged Test Accuracy: 0.5404
Averaged Test AUC: 0.8794
Std Test Accuracy: 0.1464
Std Test AUC: 0.0388

--- Round 470/500 ---
Averaged Train Loss: 1.2545
Averaged Test Accuracy: 0.5345
Averaged Test AUC: 0.8773
Std Test Accuracy: 0.1523
Std Test AUC: 0.0453

--- Round 471/500 ---
Averaged Train Loss: 1.2910
Averaged Test Accuracy: 0.5221
Averaged Test AUC: 0.8739
Std Test Accuracy: 0.1730
Std Test AUC: 0.0521

--- Round 472/500 ---
Averaged Train Loss: 1.3082
Averaged Test Accuracy: 0.5119
Averaged Test AUC: 0.8747
Std Test Accuracy: 0.1982
Std Test AUC: 0.0512

--- Round 473/500 ---
Averaged Train Loss: 1.2355
Averaged Test Accuracy: 0.5409
Averaged Test AUC: 0.8802
Std Test Accuracy: 0.1444
Std Test AUC: 0.0409

--- Round 474/500 ---
Averaged Train Loss: 1.2196
Averaged Test Accuracy: 0.5434
Averaged Test AUC: 0.8812
Std Test Accuracy: 0.1181
Std Test AUC: 0.0323

--- Round 475/500 ---
Averaged Train Loss: 1.2984
Averaged Test Accuracy: 0.5200
Averaged Test AUC: 0.8752
Std Test Accuracy: 0.1787
Std Test AUC: 0.0455

--- Round 476/500 ---
Averaged Train Loss: 1.2594
Averaged Test Accuracy: 0.5282
Averaged Test AUC: 0.8768
Std Test Accuracy: 0.1423
Std Test AUC: 0.0384

--- Round 477/500 ---
Averaged Train Loss: 1.2515
Averaged Test Accuracy: 0.5337
Averaged Test AUC: 0.8791
Std Test Accuracy: 0.1587
Std Test AUC: 0.0450

--- Round 478/500 ---
Averaged Train Loss: 1.2719
Averaged Test Accuracy: 0.5255
Averaged Test AUC: 0.8754
Std Test Accuracy: 0.1389
Std Test AUC: 0.0375

--- Round 479/500 ---
Averaged Train Loss: 1.2200
Averaged Test Accuracy: 0.5462
Averaged Test AUC: 0.8811
Std Test Accuracy: 0.1128
Std Test AUC: 0.0334

--- Round 480/500 ---
Averaged Train Loss: 1.2490
Averaged Test Accuracy: 0.5349
Averaged Test AUC: 0.8785
Std Test Accuracy: 0.1666
Std Test AUC: 0.0451

--- Round 481/500 ---
Averaged Train Loss: 1.2244
Averaged Test Accuracy: 0.5465
Averaged Test AUC: 0.8800
Std Test Accuracy: 0.1397
Std Test AUC: 0.0361

--- Round 482/500 ---
Averaged Train Loss: 1.2432
Averaged Test Accuracy: 0.5337
Averaged Test AUC: 0.8796
Std Test Accuracy: 0.1584
Std Test AUC: 0.0434

--- Round 483/500 ---
Averaged Train Loss: 1.2268
Averaged Test Accuracy: 0.5408
Averaged Test AUC: 0.8807
Std Test Accuracy: 0.1462
Std Test AUC: 0.0390

--- Round 484/500 ---
Averaged Train Loss: 1.2202
Averaged Test Accuracy: 0.5447
Averaged Test AUC: 0.8805
Std Test Accuracy: 0.1268
Std Test AUC: 0.0347

--- Round 485/500 ---
Averaged Train Loss: 1.2642
Averaged Test Accuracy: 0.5335
Averaged Test AUC: 0.8767
Std Test Accuracy: 0.1440
Std Test AUC: 0.0444

--- Round 486/500 ---
Averaged Train Loss: 1.2298
Averaged Test Accuracy: 0.5365
Averaged Test AUC: 0.8802
Std Test Accuracy: 0.1230
Std Test AUC: 0.0312

--- Round 487/500 ---
Averaged Train Loss: 1.2414
Averaged Test Accuracy: 0.5391
Averaged Test AUC: 0.8778
Std Test Accuracy: 0.1434
Std Test AUC: 0.0385

--- Round 488/500 ---
Averaged Train Loss: 1.2542
Averaged Test Accuracy: 0.5340
Averaged Test AUC: 0.8760
Std Test Accuracy: 0.1460
Std Test AUC: 0.0449

--- Round 489/500 ---
Averaged Train Loss: 1.3557
Averaged Test Accuracy: 0.5096
Averaged Test AUC: 0.8681
Std Test Accuracy: 0.1966
Std Test AUC: 0.0669

--- Round 490/500 ---
Averaged Train Loss: 1.2291
Averaged Test Accuracy: 0.5443
Averaged Test AUC: 0.8810
Std Test Accuracy: 0.1376
Std Test AUC: 0.0375

--- Round 491/500 ---
Averaged Train Loss: 1.2788
Averaged Test Accuracy: 0.5237
Averaged Test AUC: 0.8766
Std Test Accuracy: 0.1594
Std Test AUC: 0.0448

--- Round 492/500 ---
Averaged Train Loss: 1.2144
Averaged Test Accuracy: 0.5462
Averaged Test AUC: 0.8816
Std Test Accuracy: 0.1323
Std Test AUC: 0.0380

--- Round 493/500 ---
Averaged Train Loss: 1.2100
Averaged Test Accuracy: 0.5474
Averaged Test AUC: 0.8816
Std Test Accuracy: 0.1210
Std Test AUC: 0.0320

--- Round 494/500 ---
Averaged Train Loss: 1.2079
Averaged Test Accuracy: 0.5512
Averaged Test AUC: 0.8815
Std Test Accuracy: 0.1188
Std Test AUC: 0.0332

--- Round 495/500 ---
Averaged Train Loss: 1.2533
Averaged Test Accuracy: 0.5338
Averaged Test AUC: 0.8793
Std Test Accuracy: 0.1406
Std Test AUC: 0.0393

--- Round 496/500 ---
Averaged Train Loss: 1.2636
Averaged Test Accuracy: 0.5345
Averaged Test AUC: 0.8771
Std Test Accuracy: 0.1493
Std Test AUC: 0.0437

--- Round 497/500 ---
Averaged Train Loss: 1.2220
Averaged Test Accuracy: 0.5410
Averaged Test AUC: 0.8804
Std Test Accuracy: 0.1414
Std Test AUC: 0.0376

--- Round 498/500 ---
Averaged Train Loss: 1.2459
Averaged Test Accuracy: 0.5361
Averaged Test AUC: 0.8793
Std Test Accuracy: 0.1312
Std Test AUC: 0.0347

--- Round 499/500 ---
Averaged Train Loss: 1.2468
Averaged Test Accuracy: 0.5346
Averaged Test AUC: 0.8803
Std Test Accuracy: 0.1435
Std Test AUC: 0.0362

--- Round 500/500 ---
Averaged Train Loss: 1.2120
Averaged Test Accuracy: 0.5464
Averaged Test AUC: 0.8817
Std Test Accuracy: 0.1189
Std Test AUC: 0.0302

========== Training Complete ==========
Best Test Accuracy: 0.5512240553485896
File path: ../results/Cifar10_FedEntPlusSmooth_smooth_trial01_0089_0.h5

Average time cost: 1794.9s.
Length:  501
std for best accuracy: 0.0
mean for best accuracy: 0.5512240553485896
All done!

Storage on cuda:0
-------------------------------------------------------------------------------
Total Tensors: 205577892 	Used Memory: 563.23M
The allocated memory on cuda:0: 581.35M
Memory differs due to the matrix alignment or invisible gradient buffer tensors
-------------------------------------------------------------------------------
