==================================================
goal = smooth_trial01_0009
device = cuda
device_id = 0
dataset = Cifar10
num_classes = 10
model = CNN
batch_size = 64
local_learning_rate = 0.01
learning_rate_decay = True
learning_rate_decay_gamma = 0.98
global_rounds = 500
top_cnt = 100
local_epochs = 5
algorithm = FedEntPlusSmooth
join_ratio = 0.1
random_join_ratio = False
num_clients = 100
prev = 0
times = 1
eval_gap = 1
save_folder_name = items
auto_break = False
dlg_eval = False
dlg_gap = 100
batch_num_per_client = 2
num_new_clients = 0
fine_tuning_epoch_new = 0
feature_dim = 512
vocab_size = 32000
max_len = 200
client_drop_rate = 0.0
train_slow_rate = 0.0
send_slow_rate = 0.0
time_select = False
time_threthold = 10000
beta = 0.0
lamda = 1.0
mu = 0.0
K = 5
p_learning_rate = 0.01
M = 5
itk = 4000
alphaK = 1.0
sigma = 1.0
alpha = 1.0
plocal_epochs = 1
tau = 1.0
fine_tuning_epochs = 10
dr_learning_rate = 0.0
L = 1.0
noise_dim = 512
generator_learning_rate = 0.005
hidden_dim = 512
server_epochs = 1000
localize_feature_extractor = False
server_learning_rate = 1.0
eta = 1.0
rand_percent = 80
layer_idx = 2
mentee_learning_rate = 0.005
T_start = 0.95
T_end = 0.98
momentum = 0.9
kl_weight = 0.0
buffer_size = 0
dp_epsilon = 0.0
H_min = None
alpha_vp = 0.0
enable_dynamic_param = False
log_fedent = False
log_filename = None
dynamic_config_path = /home/john/PFLlib/system/auto_configs/smooth_trial01_0009.json
==================================================

============= Running time: 0th =============
Creating server and clients ...
FedAvgCNN(
  (conv1): Sequential(
    (0): Conv2d(3, 32, kernel_size=(5, 5), stride=(1, 1))
    (1): ReLU(inplace=True)
    (2): MaxPool2d(kernel_size=(2, 2), stride=(2, 2), padding=0, dilation=1, ceil_mode=False)
  )
  (conv2): Sequential(
    (0): Conv2d(32, 64, kernel_size=(5, 5), stride=(1, 1))
    (1): ReLU(inplace=True)
    (2): MaxPool2d(kernel_size=(2, 2), stride=(2, 2), padding=0, dilation=1, ceil_mode=False)
  )
  (fc1): Sequential(
    (0): Linear(in_features=1600, out_features=512, bias=True)
    (1): ReLU(inplace=True)
  )
  (fc): Linear(in_features=512, out_features=10, bias=True)
)

Join ratio / total clients: 0.1 / 100
Finished creating server and clients.

--- Round 0/500 ---
Averaged Train Loss: 2.3038
Averaged Test Accuracy: 0.0928
Averaged Test AUC: 0.4894
Std Test Accuracy: 0.1434
Std Test AUC: 0.2233

--- Round 1/500 ---
Averaged Train Loss: 2.3751
Averaged Test Accuracy: 0.0992
Averaged Test AUC: 0.5210
Std Test Accuracy: 0.2399
Std Test AUC: 0.2613

--- Round 2/500 ---
Averaged Train Loss: 2.5275
Averaged Test Accuracy: 0.1411
Averaged Test AUC: 0.5370
Std Test Accuracy: 0.2260
Std Test AUC: 0.2539

--- Round 3/500 ---
Averaged Train Loss: 2.5702
Averaged Test Accuracy: 0.1513
Averaged Test AUC: 0.5514
Std Test Accuracy: 0.1985
Std Test AUC: 0.2588

--- Round 4/500 ---
Averaged Train Loss: 2.5599
Averaged Test Accuracy: 0.1923
Averaged Test AUC: 0.5803
Std Test Accuracy: 0.2377
Std Test AUC: 0.2647

--- Round 5/500 ---
Averaged Train Loss: 2.5252
Averaged Test Accuracy: 0.1843
Averaged Test AUC: 0.6050
Std Test Accuracy: 0.1957
Std Test AUC: 0.2590

--- Round 6/500 ---
Averaged Train Loss: 2.5302
Averaged Test Accuracy: 0.2030
Averaged Test AUC: 0.6139
Std Test Accuracy: 0.1851
Std Test AUC: 0.2593

--- Round 7/500 ---
Averaged Train Loss: 2.5031
Averaged Test Accuracy: 0.2145
Averaged Test AUC: 0.6224
Std Test Accuracy: 0.1871
Std Test AUC: 0.2590

--- Round 8/500 ---
Averaged Train Loss: 2.4090
Averaged Test Accuracy: 0.2149
Averaged Test AUC: 0.6393
Std Test Accuracy: 0.1904
Std Test AUC: 0.2580

--- Round 9/500 ---
Averaged Train Loss: 2.3312
Averaged Test Accuracy: 0.2380
Averaged Test AUC: 0.6505
Std Test Accuracy: 0.1879
Std Test AUC: 0.2576

--- Round 10/500 ---
Averaged Train Loss: 2.3379
Averaged Test Accuracy: 0.2368
Averaged Test AUC: 0.6517
Std Test Accuracy: 0.2176
Std Test AUC: 0.2537

--- Round 11/500 ---
Averaged Train Loss: 2.3376
Averaged Test Accuracy: 0.2418
Averaged Test AUC: 0.6570
Std Test Accuracy: 0.1996
Std Test AUC: 0.2486

--- Round 12/500 ---
Averaged Train Loss: 2.3101
Averaged Test Accuracy: 0.2467
Averaged Test AUC: 0.6632
Std Test Accuracy: 0.2139
Std Test AUC: 0.2438

--- Round 13/500 ---
Averaged Train Loss: 2.2984
Averaged Test Accuracy: 0.2546
Averaged Test AUC: 0.6664
Std Test Accuracy: 0.2023
Std Test AUC: 0.2443

--- Round 14/500 ---
Averaged Train Loss: 2.3163
Averaged Test Accuracy: 0.2646
Averaged Test AUC: 0.6676
Std Test Accuracy: 0.1904
Std Test AUC: 0.2413

--- Round 15/500 ---
Averaged Train Loss: 2.2497
Averaged Test Accuracy: 0.2628
Averaged Test AUC: 0.6759
Std Test Accuracy: 0.1865
Std Test AUC: 0.2373

--- Round 16/500 ---
Averaged Train Loss: 2.2575
Averaged Test Accuracy: 0.2622
Averaged Test AUC: 0.6784
Std Test Accuracy: 0.2105
Std Test AUC: 0.2387

--- Round 17/500 ---
Averaged Train Loss: 2.2109
Averaged Test Accuracy: 0.2849
Averaged Test AUC: 0.6859
Std Test Accuracy: 0.1877
Std Test AUC: 0.2328

--- Round 18/500 ---
Averaged Train Loss: 2.1969
Averaged Test Accuracy: 0.2778
Averaged Test AUC: 0.6910
Std Test Accuracy: 0.2010
Std Test AUC: 0.2233

--- Round 19/500 ---
Averaged Train Loss: 2.2203
Averaged Test Accuracy: 0.2753
Averaged Test AUC: 0.6890
Std Test Accuracy: 0.2001
Std Test AUC: 0.2287

--- Round 20/500 ---
Averaged Train Loss: 2.1828
Averaged Test Accuracy: 0.2797
Averaged Test AUC: 0.6937
Std Test Accuracy: 0.1841
Std Test AUC: 0.2246

--- Round 21/500 ---
Averaged Train Loss: 2.2168
Averaged Test Accuracy: 0.2845
Averaged Test AUC: 0.6916
Std Test Accuracy: 0.1898
Std Test AUC: 0.2256

--- Round 22/500 ---
Averaged Train Loss: 2.1791
Averaged Test Accuracy: 0.2847
Averaged Test AUC: 0.6973
Std Test Accuracy: 0.1962
Std Test AUC: 0.2242

--- Round 23/500 ---
Averaged Train Loss: 2.1743
Averaged Test Accuracy: 0.2730
Averaged Test AUC: 0.7000
Std Test Accuracy: 0.2294
Std Test AUC: 0.2213

--- Round 24/500 ---
Averaged Train Loss: 2.1631
Averaged Test Accuracy: 0.2937
Averaged Test AUC: 0.7030
Std Test Accuracy: 0.1912
Std Test AUC: 0.2240

--- Round 25/500 ---
Averaged Train Loss: 2.1537
Averaged Test Accuracy: 0.3032
Averaged Test AUC: 0.7066
Std Test Accuracy: 0.1948
Std Test AUC: 0.2233

--- Round 26/500 ---
Averaged Train Loss: 2.1709
Averaged Test Accuracy: 0.2984
Averaged Test AUC: 0.7055
Std Test Accuracy: 0.2007
Std Test AUC: 0.2233

--- Round 27/500 ---
Averaged Train Loss: 2.1738
Averaged Test Accuracy: 0.2951
Averaged Test AUC: 0.7053
Std Test Accuracy: 0.1979
Std Test AUC: 0.2252

--- Round 28/500 ---
Averaged Train Loss: 2.1344
Averaged Test Accuracy: 0.2968
Averaged Test AUC: 0.7125
Std Test Accuracy: 0.2039
Std Test AUC: 0.2165

--- Round 29/500 ---
Averaged Train Loss: 2.1496
Averaged Test Accuracy: 0.2936
Averaged Test AUC: 0.7110
Std Test Accuracy: 0.2153
Std Test AUC: 0.2216

--- Round 30/500 ---
Averaged Train Loss: 2.1486
Averaged Test Accuracy: 0.3046
Averaged Test AUC: 0.7131
Std Test Accuracy: 0.1973
Std Test AUC: 0.2198

--- Round 31/500 ---
Averaged Train Loss: 2.1129
Averaged Test Accuracy: 0.3081
Averaged Test AUC: 0.7176
Std Test Accuracy: 0.1890
Std Test AUC: 0.2138

--- Round 32/500 ---
Averaged Train Loss: 2.1101
Averaged Test Accuracy: 0.3099
Averaged Test AUC: 0.7203
Std Test Accuracy: 0.1958
Std Test AUC: 0.2125

--- Round 33/500 ---
Averaged Train Loss: 2.0845
Averaged Test Accuracy: 0.3140
Averaged Test AUC: 0.7226
Std Test Accuracy: 0.1963
Std Test AUC: 0.2100

--- Round 34/500 ---
Averaged Train Loss: 2.0984
Averaged Test Accuracy: 0.3145
Averaged Test AUC: 0.7222
Std Test Accuracy: 0.1986
Std Test AUC: 0.2122

--- Round 35/500 ---
Averaged Train Loss: 2.1204
Averaged Test Accuracy: 0.3089
Averaged Test AUC: 0.7201
Std Test Accuracy: 0.2047
Std Test AUC: 0.2141

--- Round 36/500 ---
Averaged Train Loss: 2.0975
Averaged Test Accuracy: 0.3183
Averaged Test AUC: 0.7228
Std Test Accuracy: 0.2012
Std Test AUC: 0.2148

--- Round 37/500 ---
Averaged Train Loss: 2.1025
Averaged Test Accuracy: 0.3161
Averaged Test AUC: 0.7237
Std Test Accuracy: 0.1990
Std Test AUC: 0.2128

--- Round 38/500 ---
Averaged Train Loss: 2.1090
Averaged Test Accuracy: 0.3190
Averaged Test AUC: 0.7244
Std Test Accuracy: 0.2083
Std Test AUC: 0.2134

--- Round 39/500 ---
Averaged Train Loss: 2.0948
Averaged Test Accuracy: 0.3203
Averaged Test AUC: 0.7259
Std Test Accuracy: 0.1926
Std Test AUC: 0.2126

--- Round 40/500 ---
Averaged Train Loss: 2.0939
Averaged Test Accuracy: 0.3238
Averaged Test AUC: 0.7261
Std Test Accuracy: 0.2050
Std Test AUC: 0.2145

--- Round 41/500 ---
Averaged Train Loss: 2.0756
Averaged Test Accuracy: 0.3317
Averaged Test AUC: 0.7298
Std Test Accuracy: 0.2021
Std Test AUC: 0.2121

--- Round 42/500 ---
Averaged Train Loss: 2.0961
Averaged Test Accuracy: 0.3254
Averaged Test AUC: 0.7291
Std Test Accuracy: 0.2065
Std Test AUC: 0.2117

--- Round 43/500 ---
Averaged Train Loss: 2.0635
Averaged Test Accuracy: 0.3254
Averaged Test AUC: 0.7348
Std Test Accuracy: 0.2061
Std Test AUC: 0.2051

--- Round 44/500 ---
Averaged Train Loss: 2.0717
Averaged Test Accuracy: 0.3260
Averaged Test AUC: 0.7334
Std Test Accuracy: 0.2047
Std Test AUC: 0.2064

--- Round 45/500 ---
Averaged Train Loss: 2.0623
Averaged Test Accuracy: 0.3293
Averaged Test AUC: 0.7358
Std Test Accuracy: 0.1993
Std Test AUC: 0.2032

--- Round 46/500 ---
Averaged Train Loss: 2.0912
Averaged Test Accuracy: 0.3162
Averaged Test AUC: 0.7334
Std Test Accuracy: 0.2122
Std Test AUC: 0.2051

--- Round 47/500 ---
Averaged Train Loss: 2.0837
Averaged Test Accuracy: 0.3185
Averaged Test AUC: 0.7336
Std Test Accuracy: 0.2158
Std Test AUC: 0.2080

--- Round 48/500 ---
Averaged Train Loss: 2.0410
Averaged Test Accuracy: 0.3211
Averaged Test AUC: 0.7399
Std Test Accuracy: 0.1800
Std Test AUC: 0.1974

--- Round 49/500 ---
Averaged Train Loss: 2.0364
Averaged Test Accuracy: 0.3303
Averaged Test AUC: 0.7400
Std Test Accuracy: 0.2031
Std Test AUC: 0.2024

--- Round 50/500 ---
Averaged Train Loss: 2.0031
Averaged Test Accuracy: 0.3367
Averaged Test AUC: 0.7448
Std Test Accuracy: 0.2009
Std Test AUC: 0.1963

--- Round 51/500 ---
Averaged Train Loss: 2.0225
Averaged Test Accuracy: 0.3380
Averaged Test AUC: 0.7428
Std Test Accuracy: 0.1974
Std Test AUC: 0.1985

--- Round 52/500 ---
Averaged Train Loss: 2.0029
Averaged Test Accuracy: 0.3309
Averaged Test AUC: 0.7457
Std Test Accuracy: 0.1899
Std Test AUC: 0.1883

--- Round 53/500 ---
Averaged Train Loss: 2.0057
Averaged Test Accuracy: 0.3353
Averaged Test AUC: 0.7442
Std Test Accuracy: 0.2037
Std Test AUC: 0.1949

--- Round 54/500 ---
Averaged Train Loss: 1.9815
Averaged Test Accuracy: 0.3397
Averaged Test AUC: 0.7479
Std Test Accuracy: 0.1960
Std Test AUC: 0.1891

--- Round 55/500 ---
Averaged Train Loss: 1.9966
Averaged Test Accuracy: 0.3378
Averaged Test AUC: 0.7460
Std Test Accuracy: 0.2005
Std Test AUC: 0.1934

--- Round 56/500 ---
Averaged Train Loss: 1.9663
Averaged Test Accuracy: 0.3403
Averaged Test AUC: 0.7505
Std Test Accuracy: 0.1837
Std Test AUC: 0.1831

--- Round 57/500 ---
Averaged Train Loss: 1.9319
Averaged Test Accuracy: 0.3417
Averaged Test AUC: 0.7574
Std Test Accuracy: 0.1790
Std Test AUC: 0.1758

--- Round 58/500 ---
Averaged Train Loss: 1.9805
Averaged Test Accuracy: 0.3384
Averaged Test AUC: 0.7527
Std Test Accuracy: 0.1995
Std Test AUC: 0.1808

--- Round 59/500 ---
Averaged Train Loss: 1.9785
Averaged Test Accuracy: 0.3379
Averaged Test AUC: 0.7525
Std Test Accuracy: 0.1984
Std Test AUC: 0.1830

--- Round 60/500 ---
Averaged Train Loss: 1.9441
Averaged Test Accuracy: 0.3457
Averaged Test AUC: 0.7570
Std Test Accuracy: 0.2017
Std Test AUC: 0.1826

--- Round 61/500 ---
Averaged Train Loss: 1.9218
Averaged Test Accuracy: 0.3568
Averaged Test AUC: 0.7585
Std Test Accuracy: 0.1908
Std Test AUC: 0.1788

--- Round 62/500 ---
Averaged Train Loss: 1.9751
Averaged Test Accuracy: 0.3437
Averaged Test AUC: 0.7542
Std Test Accuracy: 0.2017
Std Test AUC: 0.1828

--- Round 63/500 ---
Averaged Train Loss: 2.0013
Averaged Test Accuracy: 0.3393
Averaged Test AUC: 0.7511
Std Test Accuracy: 0.2018
Std Test AUC: 0.1857

--- Round 64/500 ---
Averaged Train Loss: 2.0065
Averaged Test Accuracy: 0.3417
Averaged Test AUC: 0.7513
Std Test Accuracy: 0.2057
Std Test AUC: 0.1866

--- Round 65/500 ---
Averaged Train Loss: 1.9782
Averaged Test Accuracy: 0.3471
Averaged Test AUC: 0.7529
Std Test Accuracy: 0.2095
Std Test AUC: 0.1883

--- Round 66/500 ---
Averaged Train Loss: 1.9185
Averaged Test Accuracy: 0.3603
Averaged Test AUC: 0.7583
Std Test Accuracy: 0.1967
Std Test AUC: 0.1814

--- Round 67/500 ---
Averaged Train Loss: 1.9468
Averaged Test Accuracy: 0.3517
Averaged Test AUC: 0.7549
Std Test Accuracy: 0.1953
Std Test AUC: 0.1857

--- Round 68/500 ---
Averaged Train Loss: 1.9592
Averaged Test Accuracy: 0.3517
Averaged Test AUC: 0.7540
Std Test Accuracy: 0.2033
Std Test AUC: 0.1884

--- Round 69/500 ---
Averaged Train Loss: 1.9309
Averaged Test Accuracy: 0.3490
Averaged Test AUC: 0.7592
Std Test Accuracy: 0.1966
Std Test AUC: 0.1769

--- Round 70/500 ---
Averaged Train Loss: 1.9400
Averaged Test Accuracy: 0.3504
Averaged Test AUC: 0.7574
Std Test Accuracy: 0.2018
Std Test AUC: 0.1830

--- Round 71/500 ---
Averaged Train Loss: 1.9443
Averaged Test Accuracy: 0.3542
Averaged Test AUC: 0.7580
Std Test Accuracy: 0.2000
Std Test AUC: 0.1836

--- Round 72/500 ---
Averaged Train Loss: 1.9425
Averaged Test Accuracy: 0.3584
Averaged Test AUC: 0.7587
Std Test Accuracy: 0.1968
Std Test AUC: 0.1834

--- Round 73/500 ---
Averaged Train Loss: 1.9289
Averaged Test Accuracy: 0.3578
Averaged Test AUC: 0.7604
Std Test Accuracy: 0.2008
Std Test AUC: 0.1825

--- Round 74/500 ---
Averaged Train Loss: 1.8760
Averaged Test Accuracy: 0.3617
Averaged Test AUC: 0.7679
Std Test Accuracy: 0.1957
Std Test AUC: 0.1658

--- Round 75/500 ---
Averaged Train Loss: 1.9234
Averaged Test Accuracy: 0.3525
Averaged Test AUC: 0.7620
Std Test Accuracy: 0.2104
Std Test AUC: 0.1731

--- Round 76/500 ---
Averaged Train Loss: 1.9266
Averaged Test Accuracy: 0.3563
Averaged Test AUC: 0.7619
Std Test Accuracy: 0.2013
Std Test AUC: 0.1762

--- Round 77/500 ---
Averaged Train Loss: 1.9380
Averaged Test Accuracy: 0.3536
Averaged Test AUC: 0.7608
Std Test Accuracy: 0.2034
Std Test AUC: 0.1782

--- Round 78/500 ---
Averaged Train Loss: 1.9699
Averaged Test Accuracy: 0.3493
Averaged Test AUC: 0.7599
Std Test Accuracy: 0.2036
Std Test AUC: 0.1770

--- Round 79/500 ---
Averaged Train Loss: 1.9019
Averaged Test Accuracy: 0.3677
Averaged Test AUC: 0.7632
Std Test Accuracy: 0.1886
Std Test AUC: 0.1803

--- Round 80/500 ---
Averaged Train Loss: 1.9261
Averaged Test Accuracy: 0.3608
Averaged Test AUC: 0.7611
Std Test Accuracy: 0.1956
Std Test AUC: 0.1820

--- Round 81/500 ---
Averaged Train Loss: 1.9413
Averaged Test Accuracy: 0.3602
Averaged Test AUC: 0.7599
Std Test Accuracy: 0.1998
Std Test AUC: 0.1846

--- Round 82/500 ---
Averaged Train Loss: 1.9173
Averaged Test Accuracy: 0.3548
Averaged Test AUC: 0.7640
Std Test Accuracy: 0.1954
Std Test AUC: 0.1726

--- Round 83/500 ---
Averaged Train Loss: 1.8515
Averaged Test Accuracy: 0.3600
Averaged Test AUC: 0.7756
Std Test Accuracy: 0.1896
Std Test AUC: 0.1515

--- Round 84/500 ---
Averaged Train Loss: 1.8528
Averaged Test Accuracy: 0.3665
Averaged Test AUC: 0.7771
Std Test Accuracy: 0.1817
Std Test AUC: 0.1544

--- Round 85/500 ---
Averaged Train Loss: 1.8818
Averaged Test Accuracy: 0.3616
Averaged Test AUC: 0.7710
Std Test Accuracy: 0.1924
Std Test AUC: 0.1645

--- Round 86/500 ---
Averaged Train Loss: 1.8973
Averaged Test Accuracy: 0.3628
Averaged Test AUC: 0.7672
Std Test Accuracy: 0.1939
Std Test AUC: 0.1726

--- Round 87/500 ---
Averaged Train Loss: 1.8221
Averaged Test Accuracy: 0.3770
Averaged Test AUC: 0.7785
Std Test Accuracy: 0.1746
Std Test AUC: 0.1541

--- Round 88/500 ---
Averaged Train Loss: 1.8732
Averaged Test Accuracy: 0.3673
Averaged Test AUC: 0.7696
Std Test Accuracy: 0.1981
Std Test AUC: 0.1655

--- Round 89/500 ---
Averaged Train Loss: 1.8930
Averaged Test Accuracy: 0.3638
Averaged Test AUC: 0.7682
Std Test Accuracy: 0.1979
Std Test AUC: 0.1701

--- Round 90/500 ---
Averaged Train Loss: 1.9265
Averaged Test Accuracy: 0.3585
Averaged Test AUC: 0.7670
Std Test Accuracy: 0.2007
Std Test AUC: 0.1700

--- Round 91/500 ---
Averaged Train Loss: 1.9157
Averaged Test Accuracy: 0.3638
Averaged Test AUC: 0.7647
Std Test Accuracy: 0.2002
Std Test AUC: 0.1771

--- Round 92/500 ---
Averaged Train Loss: 1.9030
Averaged Test Accuracy: 0.3672
Averaged Test AUC: 0.7670
Std Test Accuracy: 0.2089
Std Test AUC: 0.1756

--- Round 93/500 ---
Averaged Train Loss: 1.9287
Averaged Test Accuracy: 0.3544
Averaged Test AUC: 0.7644
Std Test Accuracy: 0.2170
Std Test AUC: 0.1779

--- Round 94/500 ---
Averaged Train Loss: 1.9153
Averaged Test Accuracy: 0.3685
Averaged Test AUC: 0.7634
Std Test Accuracy: 0.2041
Std Test AUC: 0.1796

--- Round 95/500 ---
Averaged Train Loss: 1.8990
Averaged Test Accuracy: 0.3705
Averaged Test AUC: 0.7670
Std Test Accuracy: 0.1945
Std Test AUC: 0.1773

--- Round 96/500 ---
Averaged Train Loss: 1.9556
Averaged Test Accuracy: 0.3436
Averaged Test AUC: 0.7682
Std Test Accuracy: 0.2165
Std Test AUC: 0.1621

--- Round 97/500 ---
Averaged Train Loss: 1.9790
Averaged Test Accuracy: 0.3454
Averaged Test AUC: 0.7654
Std Test Accuracy: 0.2339
Std Test AUC: 0.1649

--- Round 98/500 ---
Averaged Train Loss: 1.9638
Averaged Test Accuracy: 0.3536
Averaged Test AUC: 0.7664
Std Test Accuracy: 0.2208
Std Test AUC: 0.1615

--- Round 99/500 ---
Averaged Train Loss: 1.9830
Averaged Test Accuracy: 0.3391
Averaged Test AUC: 0.7637
Std Test Accuracy: 0.2353
Std Test AUC: 0.1673

--- Round 100/500 ---
Averaged Train Loss: 1.9792
Averaged Test Accuracy: 0.3546
Averaged Test AUC: 0.7637
Std Test Accuracy: 0.2278
Std Test AUC: 0.1691

--- Round 101/500 ---
Averaged Train Loss: 1.8512
Averaged Test Accuracy: 0.3700
Averaged Test AUC: 0.7809
Std Test Accuracy: 0.1959
Std Test AUC: 0.1507

--- Round 102/500 ---
Averaged Train Loss: 1.8198
Averaged Test Accuracy: 0.3721
Averaged Test AUC: 0.7872
Std Test Accuracy: 0.1567
Std Test AUC: 0.1414

--- Round 103/500 ---
Averaged Train Loss: 1.7991
Averaged Test Accuracy: 0.3872
Averaged Test AUC: 0.7888
Std Test Accuracy: 0.1737
Std Test AUC: 0.1453

--- Round 104/500 ---
Averaged Train Loss: 1.8168
Averaged Test Accuracy: 0.3821
Averaged Test AUC: 0.7872
Std Test Accuracy: 0.1826
Std Test AUC: 0.1475

--- Round 105/500 ---
Averaged Train Loss: 1.8011
Averaged Test Accuracy: 0.3928
Averaged Test AUC: 0.7899
Std Test Accuracy: 0.1473
Std Test AUC: 0.1442

--- Round 106/500 ---
Averaged Train Loss: 1.8058
Averaged Test Accuracy: 0.3874
Averaged Test AUC: 0.7898
Std Test Accuracy: 0.1727
Std Test AUC: 0.1490

--- Round 107/500 ---
Averaged Train Loss: 1.8238
Averaged Test Accuracy: 0.3838
Averaged Test AUC: 0.7875
Std Test Accuracy: 0.1612
Std Test AUC: 0.1496

--- Round 108/500 ---
Averaged Train Loss: 1.8364
Averaged Test Accuracy: 0.3809
Averaged Test AUC: 0.7855
Std Test Accuracy: 0.1392
Std Test AUC: 0.1499

--- Round 109/500 ---
Averaged Train Loss: 1.8347
Averaged Test Accuracy: 0.3711
Averaged Test AUC: 0.7863
Std Test Accuracy: 0.1885
Std Test AUC: 0.1566

--- Round 110/500 ---
Averaged Train Loss: 1.8447
Averaged Test Accuracy: 0.3793
Averaged Test AUC: 0.7849
Std Test Accuracy: 0.1877
Std Test AUC: 0.1551

--- Round 111/500 ---
Averaged Train Loss: 1.8491
Averaged Test Accuracy: 0.3815
Averaged Test AUC: 0.7842
Std Test Accuracy: 0.1840
Std Test AUC: 0.1554

--- Round 112/500 ---
Averaged Train Loss: 1.8579
Averaged Test Accuracy: 0.3699
Averaged Test AUC: 0.7830
Std Test Accuracy: 0.2018
Std Test AUC: 0.1608

--- Round 113/500 ---
Averaged Train Loss: 1.8462
Averaged Test Accuracy: 0.3863
Averaged Test AUC: 0.7843
Std Test Accuracy: 0.1409
Std Test AUC: 0.1559

--- Round 114/500 ---
Averaged Train Loss: 1.7525
Averaged Test Accuracy: 0.3978
Averaged Test AUC: 0.7970
Std Test Accuracy: 0.1631
Std Test AUC: 0.1365

--- Round 115/500 ---
Averaged Train Loss: 1.7554
Averaged Test Accuracy: 0.3984
Averaged Test AUC: 0.7978
Std Test Accuracy: 0.1728
Std Test AUC: 0.1304

--- Round 116/500 ---
Averaged Train Loss: 1.7648
Averaged Test Accuracy: 0.3962
Averaged Test AUC: 0.7975
Std Test Accuracy: 0.1655
Std Test AUC: 0.1327

--- Round 117/500 ---
Averaged Train Loss: 1.7922
Averaged Test Accuracy: 0.3813
Averaged Test AUC: 0.7932
Std Test Accuracy: 0.1888
Std Test AUC: 0.1398

--- Round 118/500 ---
Averaged Train Loss: 1.8106
Averaged Test Accuracy: 0.3864
Averaged Test AUC: 0.7911
Std Test Accuracy: 0.1398
Std Test AUC: 0.1391

--- Round 119/500 ---
Averaged Train Loss: 1.7545
Averaged Test Accuracy: 0.3961
Averaged Test AUC: 0.7988
Std Test Accuracy: 0.1501
Std Test AUC: 0.1281

--- Round 120/500 ---
Averaged Train Loss: 1.7795
Averaged Test Accuracy: 0.3922
Averaged Test AUC: 0.7954
Std Test Accuracy: 0.1784
Std Test AUC: 0.1354

--- Round 121/500 ---
Averaged Train Loss: 1.8055
Averaged Test Accuracy: 0.3831
Averaged Test AUC: 0.7922
Std Test Accuracy: 0.1911
Std Test AUC: 0.1381

--- Round 122/500 ---
Averaged Train Loss: 1.8085
Averaged Test Accuracy: 0.3851
Averaged Test AUC: 0.7915
Std Test Accuracy: 0.1878
Std Test AUC: 0.1410

--- Round 123/500 ---
Averaged Train Loss: 1.7706
Averaged Test Accuracy: 0.4069
Averaged Test AUC: 0.7965
Std Test Accuracy: 0.1433
Std Test AUC: 0.1405

--- Round 124/500 ---
Averaged Train Loss: 1.8075
Averaged Test Accuracy: 0.3931
Averaged Test AUC: 0.7919
Std Test Accuracy: 0.1705
Std Test AUC: 0.1439

--- Round 125/500 ---
Averaged Train Loss: 1.7800
Averaged Test Accuracy: 0.4033
Averaged Test AUC: 0.7969
Std Test Accuracy: 0.1435
Std Test AUC: 0.1380

--- Round 126/500 ---
Averaged Train Loss: 1.7945
Averaged Test Accuracy: 0.3993
Averaged Test AUC: 0.7938
Std Test Accuracy: 0.1393
Std Test AUC: 0.1431

--- Round 127/500 ---
Averaged Train Loss: 1.7997
Averaged Test Accuracy: 0.3962
Averaged Test AUC: 0.7929
Std Test Accuracy: 0.1617
Std Test AUC: 0.1445

--- Round 128/500 ---
Averaged Train Loss: 1.7443
Averaged Test Accuracy: 0.4005
Averaged Test AUC: 0.8022
Std Test Accuracy: 0.1678
Std Test AUC: 0.1278

--- Round 129/500 ---
Averaged Train Loss: 1.7788
Averaged Test Accuracy: 0.3935
Averaged Test AUC: 0.7971
Std Test Accuracy: 0.1753
Std Test AUC: 0.1344

--- Round 130/500 ---
Averaged Train Loss: 1.8155
Averaged Test Accuracy: 0.3675
Averaged Test AUC: 0.7936
Std Test Accuracy: 0.1972
Std Test AUC: 0.1409

--- Round 131/500 ---
Averaged Train Loss: 1.7762
Averaged Test Accuracy: 0.3979
Averaged Test AUC: 0.7978
Std Test Accuracy: 0.1659
Std Test AUC: 0.1374

--- Round 132/500 ---
Averaged Train Loss: 1.7324
Averaged Test Accuracy: 0.4009
Averaged Test AUC: 0.8053
Std Test Accuracy: 0.1710
Std Test AUC: 0.1205

--- Round 133/500 ---
Averaged Train Loss: 1.7306
Averaged Test Accuracy: 0.4126
Averaged Test AUC: 0.8026
Std Test Accuracy: 0.1325
Std Test AUC: 0.1291

--- Round 134/500 ---
Averaged Train Loss: 1.7499
Averaged Test Accuracy: 0.3974
Averaged Test AUC: 0.7995
Std Test Accuracy: 0.1725
Std Test AUC: 0.1346

--- Round 135/500 ---
Averaged Train Loss: 1.7782
Averaged Test Accuracy: 0.3871
Averaged Test AUC: 0.7959
Std Test Accuracy: 0.1908
Std Test AUC: 0.1395

--- Round 136/500 ---
Averaged Train Loss: 1.7894
Averaged Test Accuracy: 0.3962
Averaged Test AUC: 0.7948
Std Test Accuracy: 0.1779
Std Test AUC: 0.1405

--- Round 137/500 ---
Averaged Train Loss: 1.7838
Averaged Test Accuracy: 0.3954
Averaged Test AUC: 0.7957
Std Test Accuracy: 0.1792
Std Test AUC: 0.1405

--- Round 138/500 ---
Averaged Train Loss: 1.7609
Averaged Test Accuracy: 0.4121
Averaged Test AUC: 0.7981
Std Test Accuracy: 0.1412
Std Test AUC: 0.1402

--- Round 139/500 ---
Averaged Train Loss: 1.7798
Averaged Test Accuracy: 0.4041
Averaged Test AUC: 0.7962
Std Test Accuracy: 0.1641
Std Test AUC: 0.1422

--- Round 140/500 ---
Averaged Train Loss: 1.7928
Averaged Test Accuracy: 0.4006
Averaged Test AUC: 0.7945
Std Test Accuracy: 0.1720
Std Test AUC: 0.1451

--- Round 141/500 ---
Averaged Train Loss: 1.7913
Averaged Test Accuracy: 0.4049
Averaged Test AUC: 0.7946
Std Test Accuracy: 0.1725
Std Test AUC: 0.1453

--- Round 142/500 ---
Averaged Train Loss: 1.8243
Averaged Test Accuracy: 0.3929
Averaged Test AUC: 0.7927
Std Test Accuracy: 0.1729
Std Test AUC: 0.1440

--- Round 143/500 ---
Averaged Train Loss: 1.8090
Averaged Test Accuracy: 0.3952
Averaged Test AUC: 0.7935
Std Test Accuracy: 0.1820
Std Test AUC: 0.1470

--- Round 144/500 ---
Averaged Train Loss: 1.7818
Averaged Test Accuracy: 0.4025
Averaged Test AUC: 0.7966
Std Test Accuracy: 0.1666
Std Test AUC: 0.1464

--- Round 145/500 ---
Averaged Train Loss: 1.8101
Averaged Test Accuracy: 0.3938
Averaged Test AUC: 0.7935
Std Test Accuracy: 0.1820
Std Test AUC: 0.1468

--- Round 146/500 ---
Averaged Train Loss: 1.7554
Averaged Test Accuracy: 0.4029
Averaged Test AUC: 0.8024
Std Test Accuracy: 0.1688
Std Test AUC: 0.1297

--- Round 147/500 ---
Averaged Train Loss: 1.7868
Averaged Test Accuracy: 0.3918
Averaged Test AUC: 0.7964
Std Test Accuracy: 0.1778
Std Test AUC: 0.1347

--- Round 148/500 ---
Averaged Train Loss: 1.7803
Averaged Test Accuracy: 0.3978
Averaged Test AUC: 0.7971
Std Test Accuracy: 0.1792
Std Test AUC: 0.1386

--- Round 149/500 ---
Averaged Train Loss: 1.7659
Averaged Test Accuracy: 0.4092
Averaged Test AUC: 0.7980
Std Test Accuracy: 0.1350
Std Test AUC: 0.1398

--- Round 150/500 ---
Averaged Train Loss: 1.7771
Averaged Test Accuracy: 0.4057
Averaged Test AUC: 0.7970
Std Test Accuracy: 0.1613
Std Test AUC: 0.1424

--- Round 151/500 ---
Averaged Train Loss: 1.8270
Averaged Test Accuracy: 0.3800
Averaged Test AUC: 0.7915
Std Test Accuracy: 0.1921
Std Test AUC: 0.1454

--- Round 152/500 ---
Averaged Train Loss: 1.7249
Averaged Test Accuracy: 0.4051
Averaged Test AUC: 0.8053
Std Test Accuracy: 0.1763
Std Test AUC: 0.1233

--- Round 153/500 ---
Averaged Train Loss: 1.7361
Averaged Test Accuracy: 0.4009
Averaged Test AUC: 0.8036
Std Test Accuracy: 0.1743
Std Test AUC: 0.1251

--- Round 154/500 ---
Averaged Train Loss: 1.7523
Averaged Test Accuracy: 0.3998
Averaged Test AUC: 0.8017
Std Test Accuracy: 0.1790
Std Test AUC: 0.1288

--- Round 155/500 ---
Averaged Train Loss: 1.7422
Averaged Test Accuracy: 0.4129
Averaged Test AUC: 0.8023
Std Test Accuracy: 0.1339
Std Test AUC: 0.1304

--- Round 156/500 ---
Averaged Train Loss: 1.7417
Averaged Test Accuracy: 0.4125
Averaged Test AUC: 0.8024
Std Test Accuracy: 0.1525
Std Test AUC: 0.1336

--- Round 157/500 ---
Averaged Train Loss: 1.7587
Averaged Test Accuracy: 0.4069
Averaged Test AUC: 0.8004
Std Test Accuracy: 0.1643
Std Test AUC: 0.1373

--- Round 158/500 ---
Averaged Train Loss: 1.7776
Averaged Test Accuracy: 0.4027
Averaged Test AUC: 0.7980
Std Test Accuracy: 0.1700
Std Test AUC: 0.1402

--- Round 159/500 ---
Averaged Train Loss: 1.7876
Averaged Test Accuracy: 0.4027
Averaged Test AUC: 0.7970
Std Test Accuracy: 0.1713
Std Test AUC: 0.1420

--- Round 160/500 ---
Averaged Train Loss: 1.7542
Averaged Test Accuracy: 0.4084
Averaged Test AUC: 0.8017
Std Test Accuracy: 0.1631
Std Test AUC: 0.1363

--- Round 161/500 ---
Averaged Train Loss: 1.7990
Averaged Test Accuracy: 0.3805
Averaged Test AUC: 0.7975
Std Test Accuracy: 0.1909
Std Test AUC: 0.1414

--- Round 162/500 ---
Averaged Train Loss: 1.7199
Averaged Test Accuracy: 0.4115
Averaged Test AUC: 0.8090
Std Test Accuracy: 0.1656
Std Test AUC: 0.1208

--- Round 163/500 ---
Averaged Train Loss: 1.7285
Averaged Test Accuracy: 0.4131
Averaged Test AUC: 0.8056
Std Test Accuracy: 0.1310
Std Test AUC: 0.1251

--- Round 164/500 ---
Averaged Train Loss: 1.7622
Averaged Test Accuracy: 0.3988
Averaged Test AUC: 0.8011
Std Test Accuracy: 0.1741
Std Test AUC: 0.1312

--- Round 165/500 ---
Averaged Train Loss: 1.7528
Averaged Test Accuracy: 0.4041
Averaged Test AUC: 0.8021
Std Test Accuracy: 0.1740
Std Test AUC: 0.1323

--- Round 166/500 ---
Averaged Train Loss: 1.7583
Averaged Test Accuracy: 0.3987
Averaged Test AUC: 0.8003
Std Test Accuracy: 0.1832
Std Test AUC: 0.1370

--- Round 167/500 ---
Averaged Train Loss: 1.7699
Averaged Test Accuracy: 0.4017
Averaged Test AUC: 0.8004
Std Test Accuracy: 0.1877
Std Test AUC: 0.1356

--- Round 168/500 ---
Averaged Train Loss: 1.7481
Averaged Test Accuracy: 0.4081
Averaged Test AUC: 0.8029
Std Test Accuracy: 0.1640
Std Test AUC: 0.1342

--- Round 169/500 ---
Averaged Train Loss: 1.7568
Averaged Test Accuracy: 0.4088
Averaged Test AUC: 0.8010
Std Test Accuracy: 0.1668
Std Test AUC: 0.1364

--- Round 170/500 ---
Averaged Train Loss: 1.7604
Averaged Test Accuracy: 0.4089
Averaged Test AUC: 0.8005
Std Test Accuracy: 0.1679
Std Test AUC: 0.1388

--- Round 171/500 ---
Averaged Train Loss: 1.7828
Averaged Test Accuracy: 0.3956
Averaged Test AUC: 0.7976
Std Test Accuracy: 0.1855
Std Test AUC: 0.1413

--- Round 172/500 ---
Averaged Train Loss: 1.7813
Averaged Test Accuracy: 0.4035
Averaged Test AUC: 0.7971
Std Test Accuracy: 0.1750
Std Test AUC: 0.1423

--- Round 173/500 ---
Averaged Train Loss: 1.7618
Averaged Test Accuracy: 0.4127
Averaged Test AUC: 0.8004
Std Test Accuracy: 0.1668
Std Test AUC: 0.1417

--- Round 174/500 ---
Averaged Train Loss: 1.7739
Averaged Test Accuracy: 0.4089
Averaged Test AUC: 0.7990
Std Test Accuracy: 0.1674
Std Test AUC: 0.1421

--- Round 175/500 ---
Averaged Train Loss: 1.7780
Averaged Test Accuracy: 0.4089
Averaged Test AUC: 0.7981
Std Test Accuracy: 0.1696
Std Test AUC: 0.1459

--- Round 176/500 ---
Averaged Train Loss: 1.7772
Averaged Test Accuracy: 0.4084
Averaged Test AUC: 0.7966
Std Test Accuracy: 0.1722
Std Test AUC: 0.1489

--- Round 177/500 ---
Averaged Train Loss: 1.7890
Averaged Test Accuracy: 0.4085
Averaged Test AUC: 0.7967
Std Test Accuracy: 0.1741
Std Test AUC: 0.1482

--- Round 178/500 ---
Averaged Train Loss: 1.7537
Averaged Test Accuracy: 0.4182
Averaged Test AUC: 0.8028
Std Test Accuracy: 0.1430
Std Test AUC: 0.1391

--- Round 179/500 ---
Averaged Train Loss: 1.7844
Averaged Test Accuracy: 0.3934
Averaged Test AUC: 0.7994
Std Test Accuracy: 0.1784
Std Test AUC: 0.1460

--- Round 180/500 ---
Averaged Train Loss: 1.7465
Averaged Test Accuracy: 0.4019
Averaged Test AUC: 0.8048
Std Test Accuracy: 0.1621
Std Test AUC: 0.1280

--- Round 181/500 ---
Averaged Train Loss: 1.7304
Averaged Test Accuracy: 0.4127
Averaged Test AUC: 0.8066
Std Test Accuracy: 0.1629
Std Test AUC: 0.1296

--- Round 182/500 ---
Averaged Train Loss: 1.7497
Averaged Test Accuracy: 0.4050
Averaged Test AUC: 0.8031
Std Test Accuracy: 0.1731
Std Test AUC: 0.1339

--- Round 183/500 ---
Averaged Train Loss: 1.7206
Averaged Test Accuracy: 0.4043
Averaged Test AUC: 0.8078
Std Test Accuracy: 0.1631
Std Test AUC: 0.1187

--- Round 184/500 ---
Averaged Train Loss: 1.7278
Averaged Test Accuracy: 0.4083
Averaged Test AUC: 0.8061
Std Test Accuracy: 0.1626
Std Test AUC: 0.1223

--- Round 185/500 ---
Averaged Train Loss: 1.7315
Averaged Test Accuracy: 0.4072
Averaged Test AUC: 0.8050
Std Test Accuracy: 0.1677
Std Test AUC: 0.1265

--- Round 186/500 ---
Averaged Train Loss: 1.7377
Averaged Test Accuracy: 0.4084
Averaged Test AUC: 0.8049
Std Test Accuracy: 0.1672
Std Test AUC: 0.1277

--- Round 187/500 ---
Averaged Train Loss: 1.7237
Averaged Test Accuracy: 0.4191
Averaged Test AUC: 0.8060
Std Test Accuracy: 0.1621
Std Test AUC: 0.1316

--- Round 188/500 ---
Averaged Train Loss: 1.7463
Averaged Test Accuracy: 0.4130
Averaged Test AUC: 0.8034
Std Test Accuracy: 0.1652
Std Test AUC: 0.1328

--- Round 189/500 ---
Averaged Train Loss: 1.7718
Averaged Test Accuracy: 0.3940
Averaged Test AUC: 0.7990
Std Test Accuracy: 0.1873
Std Test AUC: 0.1382

--- Round 190/500 ---
Averaged Train Loss: 1.7936
Averaged Test Accuracy: 0.3850
Averaged Test AUC: 0.7978
Std Test Accuracy: 0.2009
Std Test AUC: 0.1426

--- Round 191/500 ---
Averaged Train Loss: 1.7500
Averaged Test Accuracy: 0.4157
Averaged Test AUC: 0.8021
Std Test Accuracy: 0.1600
Std Test AUC: 0.1380

--- Round 192/500 ---
Averaged Train Loss: 1.7631
Averaged Test Accuracy: 0.3980
Averaged Test AUC: 0.7995
Std Test Accuracy: 0.1860
Std Test AUC: 0.1447

--- Round 193/500 ---
Averaged Train Loss: 1.7424
Averaged Test Accuracy: 0.4196
Averaged Test AUC: 0.8019
Std Test Accuracy: 0.1419
Std Test AUC: 0.1421

--- Round 194/500 ---
Averaged Train Loss: 1.7207
Averaged Test Accuracy: 0.4235
Averaged Test AUC: 0.8058
Std Test Accuracy: 0.1510
Std Test AUC: 0.1376

--- Round 195/500 ---
Averaged Train Loss: 1.7542
Averaged Test Accuracy: 0.4132
Averaged Test AUC: 0.8024
Std Test Accuracy: 0.1693
Std Test AUC: 0.1386

--- Round 196/500 ---
Averaged Train Loss: 1.7166
Averaged Test Accuracy: 0.4173
Averaged Test AUC: 0.8068
Std Test Accuracy: 0.1596
Std Test AUC: 0.1303

--- Round 197/500 ---
Averaged Train Loss: 1.7277
Averaged Test Accuracy: 0.4179
Averaged Test AUC: 0.8067
Std Test Accuracy: 0.1661
Std Test AUC: 0.1319

--- Round 198/500 ---
Averaged Train Loss: 1.7330
Averaged Test Accuracy: 0.4193
Averaged Test AUC: 0.8044
Std Test Accuracy: 0.1432
Std Test AUC: 0.1347

--- Round 199/500 ---
Averaged Train Loss: 1.7228
Averaged Test Accuracy: 0.4231
Averaged Test AUC: 0.8069
Std Test Accuracy: 0.1454
Std Test AUC: 0.1339

--- Round 200/500 ---
Averaged Train Loss: 1.7616
Averaged Test Accuracy: 0.3986
Averaged Test AUC: 0.8021
Std Test Accuracy: 0.1828
Std Test AUC: 0.1395

--- Round 201/500 ---
Averaged Train Loss: 1.6799
Averaged Test Accuracy: 0.4218
Averaged Test AUC: 0.8132
Std Test Accuracy: 0.1548
Std Test AUC: 0.1209

--- Round 202/500 ---
Averaged Train Loss: 1.6583
Averaged Test Accuracy: 0.4214
Averaged Test AUC: 0.8182
Std Test Accuracy: 0.1577
Std Test AUC: 0.1055

--- Round 203/500 ---
Averaged Train Loss: 1.6649
Averaged Test Accuracy: 0.4238
Averaged Test AUC: 0.8160
Std Test Accuracy: 0.1551
Std Test AUC: 0.1135

--- Round 204/500 ---
Averaged Train Loss: 1.6804
Averaged Test Accuracy: 0.4252
Averaged Test AUC: 0.8128
Std Test Accuracy: 0.1325
Std Test AUC: 0.1173

--- Round 205/500 ---
Averaged Train Loss: 1.6846
Averaged Test Accuracy: 0.4239
Averaged Test AUC: 0.8121
Std Test Accuracy: 0.1475
Std Test AUC: 0.1212

--- Round 206/500 ---
Averaged Train Loss: 1.7000
Averaged Test Accuracy: 0.4248
Averaged Test AUC: 0.8096
Std Test Accuracy: 0.1348
Std Test AUC: 0.1248

--- Round 207/500 ---
Averaged Train Loss: 1.7132
Averaged Test Accuracy: 0.4228
Averaged Test AUC: 0.8093
Std Test Accuracy: 0.1467
Std Test AUC: 0.1245

--- Round 208/500 ---
Averaged Train Loss: 1.7198
Averaged Test Accuracy: 0.4154
Averaged Test AUC: 0.8069
Std Test Accuracy: 0.1685
Std Test AUC: 0.1315

--- Round 209/500 ---
Averaged Train Loss: 1.7402
Averaged Test Accuracy: 0.4109
Averaged Test AUC: 0.8047
Std Test Accuracy: 0.1771
Std Test AUC: 0.1332

--- Round 210/500 ---
Averaged Train Loss: 1.7355
Averaged Test Accuracy: 0.4049
Averaged Test AUC: 0.8064
Std Test Accuracy: 0.1752
Std Test AUC: 0.1343

--- Round 211/500 ---
Averaged Train Loss: 1.7585
Averaged Test Accuracy: 0.4013
Averaged Test AUC: 0.8030
Std Test Accuracy: 0.1768
Std Test AUC: 0.1333

--- Round 212/500 ---
Averaged Train Loss: 1.7230
Averaged Test Accuracy: 0.4203
Averaged Test AUC: 0.8059
Std Test Accuracy: 0.1644
Std Test AUC: 0.1356

--- Round 213/500 ---
Averaged Train Loss: 1.7498
Averaged Test Accuracy: 0.4116
Averaged Test AUC: 0.8034
Std Test Accuracy: 0.1758
Std Test AUC: 0.1369

--- Round 214/500 ---
Averaged Train Loss: 1.7642
Averaged Test Accuracy: 0.4069
Averaged Test AUC: 0.8017
Std Test Accuracy: 0.1804
Std Test AUC: 0.1386

--- Round 215/500 ---
Averaged Train Loss: 1.7608
Averaged Test Accuracy: 0.4097
Averaged Test AUC: 0.8022
Std Test Accuracy: 0.1849
Std Test AUC: 0.1391

--- Round 216/500 ---
Averaged Train Loss: 1.7311
Averaged Test Accuracy: 0.4142
Averaged Test AUC: 0.8063
Std Test Accuracy: 0.1726
Std Test AUC: 0.1342

--- Round 217/500 ---
Averaged Train Loss: 1.7264
Averaged Test Accuracy: 0.4235
Averaged Test AUC: 0.8056
Std Test Accuracy: 0.1411
Std Test AUC: 0.1354

--- Round 218/500 ---
Averaged Train Loss: 1.7280
Averaged Test Accuracy: 0.4181
Averaged Test AUC: 0.8057
Std Test Accuracy: 0.1600
Std Test AUC: 0.1351

--- Round 219/500 ---
Averaged Train Loss: 1.7505
Averaged Test Accuracy: 0.4115
Averaged Test AUC: 0.8037
Std Test Accuracy: 0.1741
Std Test AUC: 0.1364

--- Round 220/500 ---
Averaged Train Loss: 1.7619
Averaged Test Accuracy: 0.4107
Averaged Test AUC: 0.8024
Std Test Accuracy: 0.1785
Std Test AUC: 0.1384

--- Round 221/500 ---
Averaged Train Loss: 1.7452
Averaged Test Accuracy: 0.4166
Averaged Test AUC: 0.8023
Std Test Accuracy: 0.1732
Std Test AUC: 0.1417

--- Round 222/500 ---
Averaged Train Loss: 1.6887
Averaged Test Accuracy: 0.4192
Averaged Test AUC: 0.8119
Std Test Accuracy: 0.1706
Std Test AUC: 0.1191

--- Round 223/500 ---
Averaged Train Loss: 1.6870
Averaged Test Accuracy: 0.4180
Averaged Test AUC: 0.8126
Std Test Accuracy: 0.1710
Std Test AUC: 0.1126

--- Round 224/500 ---
Averaged Train Loss: 1.6950
Averaged Test Accuracy: 0.4183
Averaged Test AUC: 0.8116
Std Test Accuracy: 0.1658
Std Test AUC: 0.1147

--- Round 225/500 ---
Averaged Train Loss: 1.6901
Averaged Test Accuracy: 0.4242
Averaged Test AUC: 0.8119
Std Test Accuracy: 0.1391
Std Test AUC: 0.1167

--- Round 226/500 ---
Averaged Train Loss: 1.6820
Averaged Test Accuracy: 0.4257
Averaged Test AUC: 0.8127
Std Test Accuracy: 0.1519
Std Test AUC: 0.1208

--- Round 227/500 ---
Averaged Train Loss: 1.6834
Averaged Test Accuracy: 0.4250
Averaged Test AUC: 0.8122
Std Test Accuracy: 0.1492
Std Test AUC: 0.1232

--- Round 228/500 ---
Averaged Train Loss: 1.7061
Averaged Test Accuracy: 0.4192
Averaged Test AUC: 0.8100
Std Test Accuracy: 0.1608
Std Test AUC: 0.1247

--- Round 229/500 ---
Averaged Train Loss: 1.7212
Averaged Test Accuracy: 0.4113
Averaged Test AUC: 0.8080
Std Test Accuracy: 0.1732
Std Test AUC: 0.1273

--- Round 230/500 ---
Averaged Train Loss: 1.7269
Averaged Test Accuracy: 0.4089
Averaged Test AUC: 0.8076
Std Test Accuracy: 0.1779
Std Test AUC: 0.1274

--- Round 231/500 ---
Averaged Train Loss: 1.6824
Averaged Test Accuracy: 0.4200
Averaged Test AUC: 0.8133
Std Test Accuracy: 0.1663
Std Test AUC: 0.1187

--- Round 232/500 ---
Averaged Train Loss: 1.6810
Averaged Test Accuracy: 0.4220
Averaged Test AUC: 0.8132
Std Test Accuracy: 0.1662
Std Test AUC: 0.1210

--- Round 233/500 ---
Averaged Train Loss: 1.6714
Averaged Test Accuracy: 0.4196
Averaged Test AUC: 0.8145
Std Test Accuracy: 0.1686
Std Test AUC: 0.1130

--- Round 234/500 ---
Averaged Train Loss: 1.6186
Averaged Test Accuracy: 0.4256
Averaged Test AUC: 0.8233
Std Test Accuracy: 0.1582
Std Test AUC: 0.0961

--- Round 235/500 ---
Averaged Train Loss: 1.6434
Averaged Test Accuracy: 0.4176
Averaged Test AUC: 0.8206
Std Test Accuracy: 0.1683
Std Test AUC: 0.1011

--- Round 236/500 ---
Averaged Train Loss: 1.6617
Averaged Test Accuracy: 0.4133
Averaged Test AUC: 0.8178
Std Test Accuracy: 0.1727
Std Test AUC: 0.1055

--- Round 237/500 ---
Averaged Train Loss: 1.6336
Averaged Test Accuracy: 0.4208
Averaged Test AUC: 0.8215
Std Test Accuracy: 0.1599
Std Test AUC: 0.0942

--- Round 238/500 ---
Averaged Train Loss: 1.6402
Averaged Test Accuracy: 0.4237
Averaged Test AUC: 0.8197
Std Test Accuracy: 0.1372
Std Test AUC: 0.0984

--- Round 239/500 ---
Averaged Train Loss: 1.6459
Averaged Test Accuracy: 0.4210
Averaged Test AUC: 0.8188
Std Test Accuracy: 0.1579
Std Test AUC: 0.1025

--- Round 240/500 ---
Averaged Train Loss: 1.6292
Averaged Test Accuracy: 0.4188
Averaged Test AUC: 0.8219
Std Test Accuracy: 0.1622
Std Test AUC: 0.0903

--- Round 241/500 ---
Averaged Train Loss: 1.6389
Averaged Test Accuracy: 0.4142
Averaged Test AUC: 0.8205
Std Test Accuracy: 0.1719
Std Test AUC: 0.0941

--- Round 242/500 ---
Averaged Train Loss: 1.6575
Averaged Test Accuracy: 0.4107
Averaged Test AUC: 0.8181
Std Test Accuracy: 0.1795
Std Test AUC: 0.0990

--- Round 243/500 ---
Averaged Train Loss: 1.6557
Averaged Test Accuracy: 0.4106
Averaged Test AUC: 0.8185
Std Test Accuracy: 0.1818
Std Test AUC: 0.1011

--- Round 244/500 ---
Averaged Train Loss: 1.6764
Averaged Test Accuracy: 0.4023
Averaged Test AUC: 0.8151
Std Test Accuracy: 0.1911
Std Test AUC: 0.1065

--- Round 245/500 ---
Averaged Train Loss: 1.6834
Averaged Test Accuracy: 0.4035
Averaged Test AUC: 0.8141
Std Test Accuracy: 0.1896
Std Test AUC: 0.1086

--- Round 246/500 ---
Averaged Train Loss: 1.6666
Averaged Test Accuracy: 0.4177
Averaged Test AUC: 0.8154
Std Test Accuracy: 0.1535
Std Test AUC: 0.1089

--- Round 247/500 ---
Averaged Train Loss: 1.6513
Averaged Test Accuracy: 0.4270
Averaged Test AUC: 0.8159
Std Test Accuracy: 0.1607
Std Test AUC: 0.1122

--- Round 248/500 ---
Averaged Train Loss: 1.6550
Averaged Test Accuracy: 0.4292
Averaged Test AUC: 0.8153
Std Test Accuracy: 0.1404
Std Test AUC: 0.1140

--- Round 249/500 ---
Averaged Train Loss: 1.6512
Averaged Test Accuracy: 0.4240
Averaged Test AUC: 0.8171
Std Test Accuracy: 0.1536
Std Test AUC: 0.1067

--- Round 250/500 ---
Averaged Train Loss: 1.6423
Averaged Test Accuracy: 0.4155
Averaged Test AUC: 0.8193
Std Test Accuracy: 0.1617
Std Test AUC: 0.0963

--- Round 251/500 ---
Averaged Train Loss: 1.6485
Averaged Test Accuracy: 0.4160
Averaged Test AUC: 0.8186
Std Test Accuracy: 0.1561
Std Test AUC: 0.0995

--- Round 252/500 ---
Averaged Train Loss: 1.6281
Averaged Test Accuracy: 0.4135
Averaged Test AUC: 0.8227
Std Test Accuracy: 0.1585
Std Test AUC: 0.0867

--- Round 253/500 ---
Averaged Train Loss: 1.6341
Averaged Test Accuracy: 0.4148
Averaged Test AUC: 0.8211
Std Test Accuracy: 0.1735
Std Test AUC: 0.0923

--- Round 254/500 ---
Averaged Train Loss: 1.6189
Averaged Test Accuracy: 0.4234
Averaged Test AUC: 0.8244
Std Test Accuracy: 0.1529
Std Test AUC: 0.0875

--- Round 255/500 ---
Averaged Train Loss: 1.6198
Averaged Test Accuracy: 0.4235
Averaged Test AUC: 0.8248
Std Test Accuracy: 0.1498
Std Test AUC: 0.0874

--- Round 256/500 ---
Averaged Train Loss: 1.6336
Averaged Test Accuracy: 0.4238
Averaged Test AUC: 0.8233
Std Test Accuracy: 0.1523
Std Test AUC: 0.0915

--- Round 257/500 ---
Averaged Train Loss: 1.5862
Averaged Test Accuracy: 0.4301
Averaged Test AUC: 0.8304
Std Test Accuracy: 0.1567
Std Test AUC: 0.0746

--- Round 258/500 ---
Averaged Train Loss: 1.6053
Averaged Test Accuracy: 0.4195
Averaged Test AUC: 0.8270
Std Test Accuracy: 0.1642
Std Test AUC: 0.0812

--- Round 259/500 ---
Averaged Train Loss: 1.6284
Averaged Test Accuracy: 0.4139
Averaged Test AUC: 0.8236
Std Test Accuracy: 0.1769
Std Test AUC: 0.0879

--- Round 260/500 ---
Averaged Train Loss: 1.6471
Averaged Test Accuracy: 0.4101
Averaged Test AUC: 0.8206
Std Test Accuracy: 0.1810
Std Test AUC: 0.0927

--- Round 261/500 ---
Averaged Train Loss: 1.6610
Averaged Test Accuracy: 0.4027
Averaged Test AUC: 0.8180
Std Test Accuracy: 0.1926
Std Test AUC: 0.0998

--- Round 262/500 ---
Averaged Train Loss: 1.6441
Averaged Test Accuracy: 0.4152
Averaged Test AUC: 0.8195
Std Test Accuracy: 0.1762
Std Test AUC: 0.0937

--- Round 263/500 ---
Averaged Train Loss: 1.6547
Averaged Test Accuracy: 0.3960
Averaged Test AUC: 0.8196
Std Test Accuracy: 0.1948
Std Test AUC: 0.0993

--- Round 264/500 ---
Averaged Train Loss: 1.6503
Averaged Test Accuracy: 0.4032
Averaged Test AUC: 0.8196
Std Test Accuracy: 0.1881
Std Test AUC: 0.0990

--- Round 265/500 ---
Averaged Train Loss: 1.6335
Averaged Test Accuracy: 0.4170
Averaged Test AUC: 0.8215
Std Test Accuracy: 0.1686
Std Test AUC: 0.0989

--- Round 266/500 ---
Averaged Train Loss: 1.5899
Averaged Test Accuracy: 0.4270
Averaged Test AUC: 0.8283
Std Test Accuracy: 0.1635
Std Test AUC: 0.0809

--- Round 267/500 ---
Averaged Train Loss: 1.6179
Averaged Test Accuracy: 0.4177
Averaged Test AUC: 0.8246
Std Test Accuracy: 0.1712
Std Test AUC: 0.0871

--- Round 268/500 ---
Averaged Train Loss: 1.6361
Averaged Test Accuracy: 0.4109
Averaged Test AUC: 0.8217
Std Test Accuracy: 0.1817
Std Test AUC: 0.0919

--- Round 269/500 ---
Averaged Train Loss: 1.6522
Averaged Test Accuracy: 0.4055
Averaged Test AUC: 0.8191
Std Test Accuracy: 0.1889
Std Test AUC: 0.0962

--- Round 270/500 ---
Averaged Train Loss: 1.6638
Averaged Test Accuracy: 0.4031
Averaged Test AUC: 0.8182
Std Test Accuracy: 0.1910
Std Test AUC: 0.0982

--- Round 271/500 ---
Averaged Train Loss: 1.6724
Averaged Test Accuracy: 0.4012
Averaged Test AUC: 0.8166
Std Test Accuracy: 0.1944
Std Test AUC: 0.1011

--- Round 272/500 ---
Averaged Train Loss: 1.6494
Averaged Test Accuracy: 0.4178
Averaged Test AUC: 0.8188
Std Test Accuracy: 0.1596
Std Test AUC: 0.1007

--- Round 273/500 ---
Averaged Train Loss: 1.6530
Averaged Test Accuracy: 0.4078
Averaged Test AUC: 0.8198
Std Test Accuracy: 0.1865
Std Test AUC: 0.0959

--- Round 274/500 ---
Averaged Train Loss: 1.6599
Averaged Test Accuracy: 0.4077
Averaged Test AUC: 0.8185
Std Test Accuracy: 0.1915
Std Test AUC: 0.1000

--- Round 275/500 ---
Averaged Train Loss: 1.6729
Averaged Test Accuracy: 0.4066
Averaged Test AUC: 0.8168
Std Test Accuracy: 0.1944
Std Test AUC: 0.1025

--- Round 276/500 ---
Averaged Train Loss: 1.7048
Averaged Test Accuracy: 0.3874
Averaged Test AUC: 0.8132
Std Test Accuracy: 0.2149
Std Test AUC: 0.1094

--- Round 277/500 ---
Averaged Train Loss: 1.7143
Averaged Test Accuracy: 0.3892
Averaged Test AUC: 0.8108
Std Test Accuracy: 0.2127
Std Test AUC: 0.1111

--- Round 278/500 ---
Averaged Train Loss: 1.6394
Averaged Test Accuracy: 0.4098
Averaged Test AUC: 0.8204
Std Test Accuracy: 0.1927
Std Test AUC: 0.0948

--- Round 279/500 ---
Averaged Train Loss: 1.6520
Averaged Test Accuracy: 0.4072
Averaged Test AUC: 0.8194
Std Test Accuracy: 0.2016
Std Test AUC: 0.0971

--- Round 280/500 ---
Averaged Train Loss: 1.6293
Averaged Test Accuracy: 0.4121
Averaged Test AUC: 0.8224
Std Test Accuracy: 0.1915
Std Test AUC: 0.0889

--- Round 281/500 ---
Averaged Train Loss: 1.6072
Averaged Test Accuracy: 0.4227
Averaged Test AUC: 0.8247
Std Test Accuracy: 0.1592
Std Test AUC: 0.0841

--- Round 282/500 ---
Averaged Train Loss: 1.5904
Averaged Test Accuracy: 0.4283
Averaged Test AUC: 0.8271
Std Test Accuracy: 0.1542
Std Test AUC: 0.0857

--- Round 283/500 ---
Averaged Train Loss: 1.6019
Averaged Test Accuracy: 0.4278
Averaged Test AUC: 0.8262
Std Test Accuracy: 0.1643
Std Test AUC: 0.0900

--- Round 284/500 ---
Averaged Train Loss: 1.6481
Averaged Test Accuracy: 0.4002
Averaged Test AUC: 0.8220
Std Test Accuracy: 0.1925
Std Test AUC: 0.0977

--- Round 285/500 ---
Averaged Train Loss: 1.6457
Averaged Test Accuracy: 0.4107
Averaged Test AUC: 0.8220
Std Test Accuracy: 0.1871
Std Test AUC: 0.0977

--- Round 286/500 ---
Averaged Train Loss: 1.6322
Averaged Test Accuracy: 0.4103
Averaged Test AUC: 0.8234
Std Test Accuracy: 0.1841
Std Test AUC: 0.0911

--- Round 287/500 ---
Averaged Train Loss: 1.6591
Averaged Test Accuracy: 0.3968
Averaged Test AUC: 0.8218
Std Test Accuracy: 0.2015
Std Test AUC: 0.0895

--- Round 288/500 ---
Averaged Train Loss: 1.6605
Averaged Test Accuracy: 0.3961
Averaged Test AUC: 0.8210
Std Test Accuracy: 0.2051
Std Test AUC: 0.0915

--- Round 289/500 ---
Averaged Train Loss: 1.6715
Averaged Test Accuracy: 0.3959
Averaged Test AUC: 0.8194
Std Test Accuracy: 0.2049
Std Test AUC: 0.0941

--- Round 290/500 ---
Averaged Train Loss: 1.6722
Averaged Test Accuracy: 0.3948
Averaged Test AUC: 0.8189
Std Test Accuracy: 0.2075
Std Test AUC: 0.0956

--- Round 291/500 ---
Averaged Train Loss: 1.6386
Averaged Test Accuracy: 0.4115
Averaged Test AUC: 0.8234
Std Test Accuracy: 0.1790
Std Test AUC: 0.0888

--- Round 292/500 ---
Averaged Train Loss: 1.6474
Averaged Test Accuracy: 0.4095
Averaged Test AUC: 0.8222
Std Test Accuracy: 0.1893
Std Test AUC: 0.0925

--- Round 293/500 ---
Averaged Train Loss: 1.6657
Averaged Test Accuracy: 0.4014
Averaged Test AUC: 0.8201
Std Test Accuracy: 0.1985
Std Test AUC: 0.0969

--- Round 294/500 ---
Averaged Train Loss: 1.6809
Averaged Test Accuracy: 0.3961
Averaged Test AUC: 0.8182
Std Test Accuracy: 0.2051
Std Test AUC: 0.0997

--- Round 295/500 ---
Averaged Train Loss: 1.7071
Averaged Test Accuracy: 0.3882
Averaged Test AUC: 0.8153
Std Test Accuracy: 0.2100
Std Test AUC: 0.1024

--- Round 296/500 ---
Averaged Train Loss: 1.6697
Averaged Test Accuracy: 0.4125
Averaged Test AUC: 0.8186
Std Test Accuracy: 0.1826
Std Test AUC: 0.1009

--- Round 297/500 ---
Averaged Train Loss: 1.6317
Averaged Test Accuracy: 0.4241
Averaged Test AUC: 0.8223
Std Test Accuracy: 0.1666
Std Test AUC: 0.0959

--- Round 298/500 ---
Averaged Train Loss: 1.6148
Averaged Test Accuracy: 0.4317
Averaged Test AUC: 0.8235
Std Test Accuracy: 0.1487
Std Test AUC: 0.0976

--- Round 299/500 ---
Averaged Train Loss: 1.6244
Averaged Test Accuracy: 0.4258
Averaged Test AUC: 0.8228
Std Test Accuracy: 0.1661
Std Test AUC: 0.1004

--- Round 300/500 ---
Averaged Train Loss: 1.6549
Averaged Test Accuracy: 0.4087
Averaged Test AUC: 0.8185
Std Test Accuracy: 0.1876
Std Test AUC: 0.1058

--- Round 301/500 ---
Averaged Train Loss: 1.5965
Averaged Test Accuracy: 0.4195
Averaged Test AUC: 0.8273
Std Test Accuracy: 0.1737
Std Test AUC: 0.0893

--- Round 302/500 ---
Averaged Train Loss: 1.6112
Averaged Test Accuracy: 0.4205
Averaged Test AUC: 0.8259
Std Test Accuracy: 0.1748
Std Test AUC: 0.0908

--- Round 303/500 ---
Averaged Train Loss: 1.6181
Averaged Test Accuracy: 0.4165
Averaged Test AUC: 0.8252
Std Test Accuracy: 0.1821
Std Test AUC: 0.0915

--- Round 304/500 ---
Averaged Train Loss: 1.6176
Averaged Test Accuracy: 0.4062
Averaged Test AUC: 0.8267
Std Test Accuracy: 0.1847
Std Test AUC: 0.0807

--- Round 305/500 ---
Averaged Train Loss: 1.5902
Averaged Test Accuracy: 0.4217
Averaged Test AUC: 0.8290
Std Test Accuracy: 0.1717
Std Test AUC: 0.0773

--- Round 306/500 ---
Averaged Train Loss: 1.6163
Averaged Test Accuracy: 0.4091
Averaged Test AUC: 0.8259
Std Test Accuracy: 0.1879
Std Test AUC: 0.0830

--- Round 307/500 ---
Averaged Train Loss: 1.6283
Averaged Test Accuracy: 0.4081
Averaged Test AUC: 0.8252
Std Test Accuracy: 0.1911
Std Test AUC: 0.0849

--- Round 308/500 ---
Averaged Train Loss: 1.5966
Averaged Test Accuracy: 0.4265
Averaged Test AUC: 0.8280
Std Test Accuracy: 0.1663
Std Test AUC: 0.0840

--- Round 309/500 ---
Averaged Train Loss: 1.6012
Averaged Test Accuracy: 0.4208
Averaged Test AUC: 0.8276
Std Test Accuracy: 0.1751
Std Test AUC: 0.0843

--- Round 310/500 ---
Averaged Train Loss: 1.5932
Averaged Test Accuracy: 0.4212
Averaged Test AUC: 0.8293
Std Test Accuracy: 0.1742
Std Test AUC: 0.0814

--- Round 311/500 ---
Averaged Train Loss: 1.5879
Averaged Test Accuracy: 0.4283
Averaged Test AUC: 0.8289
Std Test Accuracy: 0.1532
Std Test AUC: 0.0834

--- Round 312/500 ---
Averaged Train Loss: 1.5994
Averaged Test Accuracy: 0.4271
Averaged Test AUC: 0.8275
Std Test Accuracy: 0.1649
Std Test AUC: 0.0865

--- Round 313/500 ---
Averaged Train Loss: 1.6123
Averaged Test Accuracy: 0.4207
Averaged Test AUC: 0.8265
Std Test Accuracy: 0.1766
Std Test AUC: 0.0880

--- Round 314/500 ---
Averaged Train Loss: 1.6169
Averaged Test Accuracy: 0.4182
Averaged Test AUC: 0.8256
Std Test Accuracy: 0.1788
Std Test AUC: 0.0904

--- Round 315/500 ---
Averaged Train Loss: 1.6280
Averaged Test Accuracy: 0.4114
Averaged Test AUC: 0.8251
Std Test Accuracy: 0.1855
Std Test AUC: 0.0922

--- Round 316/500 ---
Averaged Train Loss: 1.6085
Averaged Test Accuracy: 0.4202
Averaged Test AUC: 0.8262
Std Test Accuracy: 0.1773
Std Test AUC: 0.0917

--- Round 317/500 ---
Averaged Train Loss: 1.6222
Averaged Test Accuracy: 0.4164
Averaged Test AUC: 0.8247
Std Test Accuracy: 0.1867
Std Test AUC: 0.0937

--- Round 318/500 ---
Averaged Train Loss: 1.6170
Averaged Test Accuracy: 0.4207
Averaged Test AUC: 0.8255
Std Test Accuracy: 0.1745
Std Test AUC: 0.0941

--- Round 319/500 ---
Averaged Train Loss: 1.6196
Averaged Test Accuracy: 0.4220
Averaged Test AUC: 0.8243
Std Test Accuracy: 0.1660
Std Test AUC: 0.0962

--- Round 320/500 ---
Averaged Train Loss: 1.6125
Averaged Test Accuracy: 0.4178
Averaged Test AUC: 0.8271
Std Test Accuracy: 0.1754
Std Test AUC: 0.0832

--- Round 321/500 ---
Averaged Train Loss: 1.6181
Averaged Test Accuracy: 0.4154
Averaged Test AUC: 0.8257
Std Test Accuracy: 0.1746
Std Test AUC: 0.0863

--- Round 322/500 ---
Averaged Train Loss: 1.6098
Averaged Test Accuracy: 0.4214
Averaged Test AUC: 0.8265
Std Test Accuracy: 0.1694
Std Test AUC: 0.0874

--- Round 323/500 ---
Averaged Train Loss: 1.6049
Averaged Test Accuracy: 0.4229
Averaged Test AUC: 0.8267
Std Test Accuracy: 0.1690
Std Test AUC: 0.0892

--- Round 324/500 ---
Averaged Train Loss: 1.6021
Averaged Test Accuracy: 0.4252
Averaged Test AUC: 0.8277
Std Test Accuracy: 0.1703
Std Test AUC: 0.0884

--- Round 325/500 ---
Averaged Train Loss: 1.6081
Averaged Test Accuracy: 0.4213
Averaged Test AUC: 0.8273
Std Test Accuracy: 0.1718
Std Test AUC: 0.0887

--- Round 326/500 ---
Averaged Train Loss: 1.5938
Averaged Test Accuracy: 0.4267
Averaged Test AUC: 0.8281
Std Test Accuracy: 0.1669
Std Test AUC: 0.0875

--- Round 327/500 ---
Averaged Train Loss: 1.6134
Averaged Test Accuracy: 0.4186
Averaged Test AUC: 0.8263
Std Test Accuracy: 0.1797
Std Test AUC: 0.0907

--- Round 328/500 ---
Averaged Train Loss: 1.6051
Averaged Test Accuracy: 0.4220
Averaged Test AUC: 0.8266
Std Test Accuracy: 0.1751
Std Test AUC: 0.0908

--- Round 329/500 ---
Averaged Train Loss: 1.5573
Averaged Test Accuracy: 0.4315
Averaged Test AUC: 0.8338
Std Test Accuracy: 0.1671
Std Test AUC: 0.0710

--- Round 330/500 ---
Averaged Train Loss: 1.5937
Averaged Test Accuracy: 0.4139
Averaged Test AUC: 0.8291
Std Test Accuracy: 0.1919
Std Test AUC: 0.0796

--- Round 331/500 ---
Averaged Train Loss: 1.5985
Averaged Test Accuracy: 0.4179
Averaged Test AUC: 0.8291
Std Test Accuracy: 0.1914
Std Test AUC: 0.0816

--- Round 332/500 ---
Averaged Train Loss: 1.6131
Averaged Test Accuracy: 0.4107
Averaged Test AUC: 0.8272
Std Test Accuracy: 0.1971
Std Test AUC: 0.0844

--- Round 333/500 ---
Averaged Train Loss: 1.6184
Averaged Test Accuracy: 0.4081
Averaged Test AUC: 0.8268
Std Test Accuracy: 0.1998
Std Test AUC: 0.0843

--- Round 334/500 ---
Averaged Train Loss: 1.6447
Averaged Test Accuracy: 0.3874
Averaged Test AUC: 0.8253
Std Test Accuracy: 0.2089
Std Test AUC: 0.0868

--- Round 335/500 ---
Averaged Train Loss: 1.6386
Averaged Test Accuracy: 0.3947
Averaged Test AUC: 0.8257
Std Test Accuracy: 0.2050
Std Test AUC: 0.0871

--- Round 336/500 ---
Averaged Train Loss: 1.6110
Averaged Test Accuracy: 0.4038
Averaged Test AUC: 0.8305
Std Test Accuracy: 0.1917
Std Test AUC: 0.0746

--- Round 337/500 ---
Averaged Train Loss: 1.6015
Averaged Test Accuracy: 0.4069
Averaged Test AUC: 0.8320
Std Test Accuracy: 0.1860
Std Test AUC: 0.0716

--- Round 338/500 ---
Averaged Train Loss: 1.5698
Averaged Test Accuracy: 0.4207
Averaged Test AUC: 0.8360
Std Test Accuracy: 0.1772
Std Test AUC: 0.0592

--- Round 339/500 ---
Averaged Train Loss: 1.5852
Averaged Test Accuracy: 0.4146
Averaged Test AUC: 0.8333
Std Test Accuracy: 0.1904
Std Test AUC: 0.0667

--- Round 340/500 ---
Averaged Train Loss: 1.5895
Averaged Test Accuracy: 0.4150
Averaged Test AUC: 0.8322
Std Test Accuracy: 0.1929
Std Test AUC: 0.0701

--- Round 341/500 ---
Averaged Train Loss: 1.5949
Averaged Test Accuracy: 0.4113
Averaged Test AUC: 0.8314
Std Test Accuracy: 0.1942
Std Test AUC: 0.0711

--- Round 342/500 ---
Averaged Train Loss: 1.5604
Averaged Test Accuracy: 0.4306
Averaged Test AUC: 0.8349
Std Test Accuracy: 0.1733
Std Test AUC: 0.0677

--- Round 343/500 ---
Averaged Train Loss: 1.5720
Averaged Test Accuracy: 0.4255
Averaged Test AUC: 0.8335
Std Test Accuracy: 0.1769
Std Test AUC: 0.0702

--- Round 344/500 ---
Averaged Train Loss: 1.5536
Averaged Test Accuracy: 0.4296
Averaged Test AUC: 0.8356
Std Test Accuracy: 0.1646
Std Test AUC: 0.0605

--- Round 345/500 ---
Averaged Train Loss: 1.5540
Averaged Test Accuracy: 0.4302
Averaged Test AUC: 0.8355
Std Test Accuracy: 0.1622
Std Test AUC: 0.0614

--- Round 346/500 ---
Averaged Train Loss: 1.5600
Averaged Test Accuracy: 0.4293
Averaged Test AUC: 0.8353
Std Test Accuracy: 0.1725
Std Test AUC: 0.0647

--- Round 347/500 ---
Averaged Train Loss: 1.5620
Averaged Test Accuracy: 0.4282
Averaged Test AUC: 0.8355
Std Test Accuracy: 0.1720
Std Test AUC: 0.0644

--- Round 348/500 ---
Averaged Train Loss: 1.5701
Averaged Test Accuracy: 0.4243
Averaged Test AUC: 0.8344
Std Test Accuracy: 0.1748
Std Test AUC: 0.0672

--- Round 349/500 ---
Averaged Train Loss: 1.5788
Averaged Test Accuracy: 0.4240
Averaged Test AUC: 0.8339
Std Test Accuracy: 0.1736
Std Test AUC: 0.0674

--- Round 350/500 ---
Averaged Train Loss: 1.5860
Averaged Test Accuracy: 0.4226
Averaged Test AUC: 0.8330
Std Test Accuracy: 0.1734
Std Test AUC: 0.0696

--- Round 351/500 ---
Averaged Train Loss: 1.5995
Averaged Test Accuracy: 0.4161
Averaged Test AUC: 0.8313
Std Test Accuracy: 0.1799
Std Test AUC: 0.0732

--- Round 352/500 ---
Averaged Train Loss: 1.6199
Averaged Test Accuracy: 0.4107
Averaged Test AUC: 0.8305
Std Test Accuracy: 0.1847
Std Test AUC: 0.0729

--- Round 353/500 ---
Averaged Train Loss: 1.6301
Averaged Test Accuracy: 0.4061
Averaged Test AUC: 0.8296
Std Test Accuracy: 0.1838
Std Test AUC: 0.0748

--- Round 354/500 ---
Averaged Train Loss: 1.6172
Averaged Test Accuracy: 0.4123
Averaged Test AUC: 0.8306
Std Test Accuracy: 0.1843
Std Test AUC: 0.0765

--- Round 355/500 ---
Averaged Train Loss: 1.6115
Averaged Test Accuracy: 0.4132
Averaged Test AUC: 0.8308
Std Test Accuracy: 0.1837
Std Test AUC: 0.0767

--- Round 356/500 ---
Averaged Train Loss: 1.6121
Averaged Test Accuracy: 0.4099
Averaged Test AUC: 0.8285
Std Test Accuracy: 0.1985
Std Test AUC: 0.0843

--- Round 357/500 ---
Averaged Train Loss: 1.6118
Averaged Test Accuracy: 0.4082
Averaged Test AUC: 0.8283
Std Test Accuracy: 0.1980
Std Test AUC: 0.0844

--- Round 358/500 ---
Averaged Train Loss: 1.6227
Averaged Test Accuracy: 0.4060
Averaged Test AUC: 0.8273
Std Test Accuracy: 0.2017
Std Test AUC: 0.0863

--- Round 359/500 ---
Averaged Train Loss: 1.5933
Averaged Test Accuracy: 0.4118
Averaged Test AUC: 0.8315
Std Test Accuracy: 0.1919
Std Test AUC: 0.0771

--- Round 360/500 ---
Averaged Train Loss: 1.6061
Averaged Test Accuracy: 0.4012
Averaged Test AUC: 0.8312
Std Test Accuracy: 0.2030
Std Test AUC: 0.0740

--- Round 361/500 ---
Averaged Train Loss: 1.5915
Averaged Test Accuracy: 0.4041
Averaged Test AUC: 0.8330
Std Test Accuracy: 0.2008
Std Test AUC: 0.0677

--- Round 362/500 ---
Averaged Train Loss: 1.5717
Averaged Test Accuracy: 0.4181
Averaged Test AUC: 0.8348
Std Test Accuracy: 0.1837
Std Test AUC: 0.0652

--- Round 363/500 ---
Averaged Train Loss: 1.5658
Averaged Test Accuracy: 0.4254
Averaged Test AUC: 0.8346
Std Test Accuracy: 0.1681
Std Test AUC: 0.0668

--- Round 364/500 ---
Averaged Train Loss: 1.5714
Averaged Test Accuracy: 0.4238
Averaged Test AUC: 0.8342
Std Test Accuracy: 0.1704
Std Test AUC: 0.0683

--- Round 365/500 ---
Averaged Train Loss: 1.5554
Averaged Test Accuracy: 0.4274
Averaged Test AUC: 0.8366
Std Test Accuracy: 0.1691
Std Test AUC: 0.0638

--- Round 366/500 ---
Averaged Train Loss: 1.5718
Averaged Test Accuracy: 0.4173
Averaged Test AUC: 0.8361
Std Test Accuracy: 0.1842
Std Test AUC: 0.0600

--- Round 367/500 ---
Averaged Train Loss: 1.5709
Averaged Test Accuracy: 0.4206
Averaged Test AUC: 0.8349
Std Test Accuracy: 0.1720
Std Test AUC: 0.0633

--- Round 368/500 ---
Averaged Train Loss: 1.5707
Averaged Test Accuracy: 0.4196
Averaged Test AUC: 0.8347
Std Test Accuracy: 0.1705
Std Test AUC: 0.0645

--- Round 369/500 ---
Averaged Train Loss: 1.5693
Averaged Test Accuracy: 0.4240
Averaged Test AUC: 0.8352
Std Test Accuracy: 0.1731
Std Test AUC: 0.0666

--- Round 370/500 ---
Averaged Train Loss: 1.5747
Averaged Test Accuracy: 0.4217
Averaged Test AUC: 0.8347
Std Test Accuracy: 0.1756
Std Test AUC: 0.0678

--- Round 371/500 ---
Averaged Train Loss: 1.5781
Averaged Test Accuracy: 0.4198
Averaged Test AUC: 0.8342
Std Test Accuracy: 0.1795
Std Test AUC: 0.0689

--- Round 372/500 ---
Averaged Train Loss: 1.5818
Averaged Test Accuracy: 0.4221
Averaged Test AUC: 0.8327
Std Test Accuracy: 0.1728
Std Test AUC: 0.0725

--- Round 373/500 ---
Averaged Train Loss: 1.5340
Averaged Test Accuracy: 0.4415
Averaged Test AUC: 0.8389
Std Test Accuracy: 0.1590
Std Test AUC: 0.0655

--- Round 374/500 ---
Averaged Train Loss: 1.5279
Averaged Test Accuracy: 0.4436
Averaged Test AUC: 0.8391
Std Test Accuracy: 0.1565
Std Test AUC: 0.0645

--- Round 375/500 ---
Averaged Train Loss: 1.5263
Averaged Test Accuracy: 0.4464
Averaged Test AUC: 0.8390
Std Test Accuracy: 0.1548
Std Test AUC: 0.0706

--- Round 376/500 ---
Averaged Train Loss: 1.5318
Averaged Test Accuracy: 0.4482
Averaged Test AUC: 0.8396
Std Test Accuracy: 0.1602
Std Test AUC: 0.0678

--- Round 377/500 ---
Averaged Train Loss: 1.5439
Averaged Test Accuracy: 0.4419
Averaged Test AUC: 0.8384
Std Test Accuracy: 0.1644
Std Test AUC: 0.0717

--- Round 378/500 ---
Averaged Train Loss: 1.5470
Averaged Test Accuracy: 0.4427
Averaged Test AUC: 0.8371
Std Test Accuracy: 0.1648
Std Test AUC: 0.0750

--- Round 379/500 ---
Averaged Train Loss: 1.5456
Averaged Test Accuracy: 0.4402
Averaged Test AUC: 0.8367
Std Test Accuracy: 0.1643
Std Test AUC: 0.0759

--- Round 380/500 ---
Averaged Train Loss: 1.5438
Averaged Test Accuracy: 0.4424
Averaged Test AUC: 0.8366
Std Test Accuracy: 0.1594
Std Test AUC: 0.0769

--- Round 381/500 ---
Averaged Train Loss: 1.5469
Averaged Test Accuracy: 0.4341
Averaged Test AUC: 0.8383
Std Test Accuracy: 0.1635
Std Test AUC: 0.0639

--- Round 382/500 ---
Averaged Train Loss: 1.5382
Averaged Test Accuracy: 0.4294
Averaged Test AUC: 0.8392
Std Test Accuracy: 0.1651
Std Test AUC: 0.0545

--- Round 383/500 ---
Averaged Train Loss: 1.5263
Averaged Test Accuracy: 0.4359
Averaged Test AUC: 0.8419
Std Test Accuracy: 0.1592
Std Test AUC: 0.0458

--- Round 384/500 ---
Averaged Train Loss: 1.5290
Averaged Test Accuracy: 0.4294
Averaged Test AUC: 0.8416
Std Test Accuracy: 0.1624
Std Test AUC: 0.0415

--- Round 385/500 ---
Averaged Train Loss: 1.5125
Averaged Test Accuracy: 0.4355
Averaged Test AUC: 0.8429
Std Test Accuracy: 0.1480
Std Test AUC: 0.0408

--- Round 386/500 ---
Averaged Train Loss: 1.5164
Averaged Test Accuracy: 0.4353
Averaged Test AUC: 0.8428
Std Test Accuracy: 0.1513
Std Test AUC: 0.0412

--- Round 387/500 ---
Averaged Train Loss: 1.5185
Averaged Test Accuracy: 0.4351
Averaged Test AUC: 0.8423
Std Test Accuracy: 0.1522
Std Test AUC: 0.0439

--- Round 388/500 ---
Averaged Train Loss: 1.5280
Averaged Test Accuracy: 0.4313
Averaged Test AUC: 0.8406
Std Test Accuracy: 0.1597
Std Test AUC: 0.0461

--- Round 389/500 ---
Averaged Train Loss: 1.5059
Averaged Test Accuracy: 0.4422
Averaged Test AUC: 0.8447
Std Test Accuracy: 0.1416
Std Test AUC: 0.0346

--- Round 390/500 ---
Averaged Train Loss: 1.5000
Averaged Test Accuracy: 0.4449
Averaged Test AUC: 0.8457
Std Test Accuracy: 0.1447
Std Test AUC: 0.0370

--- Round 391/500 ---
Averaged Train Loss: 1.5191
Averaged Test Accuracy: 0.4299
Averaged Test AUC: 0.8431
Std Test Accuracy: 0.1620
Std Test AUC: 0.0449

--- Round 392/500 ---
Averaged Train Loss: 1.5168
Averaged Test Accuracy: 0.4357
Averaged Test AUC: 0.8434
Std Test Accuracy: 0.1608
Std Test AUC: 0.0470

--- Round 393/500 ---
Averaged Train Loss: 1.5284
Averaged Test Accuracy: 0.4327
Averaged Test AUC: 0.8413
Std Test Accuracy: 0.1663
Std Test AUC: 0.0508

--- Round 394/500 ---
Averaged Train Loss: 1.5110
Averaged Test Accuracy: 0.4377
Averaged Test AUC: 0.8434
Std Test Accuracy: 0.1470
Std Test AUC: 0.0414

--- Round 395/500 ---
Averaged Train Loss: 1.5085
Averaged Test Accuracy: 0.4387
Averaged Test AUC: 0.8435
Std Test Accuracy: 0.1481
Std Test AUC: 0.0422

--- Round 396/500 ---
Averaged Train Loss: 1.5046
Averaged Test Accuracy: 0.4438
Averaged Test AUC: 0.8440
Std Test Accuracy: 0.1485
Std Test AUC: 0.0440

--- Round 397/500 ---
Averaged Train Loss: 1.5002
Averaged Test Accuracy: 0.4492
Averaged Test AUC: 0.8449
Std Test Accuracy: 0.1465
Std Test AUC: 0.0430

--- Round 398/500 ---
Averaged Train Loss: 1.4980
Averaged Test Accuracy: 0.4498
Averaged Test AUC: 0.8453
Std Test Accuracy: 0.1446
Std Test AUC: 0.0427

--- Round 399/500 ---
Averaged Train Loss: 1.5012
Averaged Test Accuracy: 0.4484
Averaged Test AUC: 0.8451
Std Test Accuracy: 0.1457
Std Test AUC: 0.0431

--- Round 400/500 ---
Averaged Train Loss: 1.5115
Averaged Test Accuracy: 0.4430
Averaged Test AUC: 0.8433
Std Test Accuracy: 0.1561
Std Test AUC: 0.0463

--- Round 401/500 ---
Averaged Train Loss: 1.5126
Averaged Test Accuracy: 0.4445
Averaged Test AUC: 0.8430
Std Test Accuracy: 0.1564
Std Test AUC: 0.0470

--- Round 402/500 ---
Averaged Train Loss: 1.5391
Averaged Test Accuracy: 0.4301
Averaged Test AUC: 0.8395
Std Test Accuracy: 0.1663
Std Test AUC: 0.0528

--- Round 403/500 ---
Averaged Train Loss: 1.5466
Averaged Test Accuracy: 0.4267
Averaged Test AUC: 0.8387
Std Test Accuracy: 0.1676
Std Test AUC: 0.0528

--- Round 404/500 ---
Averaged Train Loss: 1.5417
Averaged Test Accuracy: 0.4280
Averaged Test AUC: 0.8393
Std Test Accuracy: 0.1643
Std Test AUC: 0.0525

--- Round 405/500 ---
Averaged Train Loss: 1.5320
Averaged Test Accuracy: 0.4326
Averaged Test AUC: 0.8402
Std Test Accuracy: 0.1622
Std Test AUC: 0.0510

--- Round 406/500 ---
Averaged Train Loss: 1.5291
Averaged Test Accuracy: 0.4362
Averaged Test AUC: 0.8408
Std Test Accuracy: 0.1633
Std Test AUC: 0.0532

--- Round 407/500 ---
Averaged Train Loss: 1.5518
Averaged Test Accuracy: 0.4246
Averaged Test AUC: 0.8379
Std Test Accuracy: 0.1744
Std Test AUC: 0.0582

--- Round 408/500 ---
Averaged Train Loss: 1.5976
Averaged Test Accuracy: 0.4018
Averaged Test AUC: 0.8328
Std Test Accuracy: 0.1863
Std Test AUC: 0.0642

--- Round 409/500 ---
Averaged Train Loss: 1.5725
Averaged Test Accuracy: 0.4162
Averaged Test AUC: 0.8366
Std Test Accuracy: 0.1832
Std Test AUC: 0.0624

--- Round 410/500 ---
Averaged Train Loss: 1.6125
Averaged Test Accuracy: 0.3974
Averaged Test AUC: 0.8318
Std Test Accuracy: 0.1950
Std Test AUC: 0.0680

--- Round 411/500 ---
Averaged Train Loss: 1.5944
Averaged Test Accuracy: 0.4057
Averaged Test AUC: 0.8334
Std Test Accuracy: 0.1893
Std Test AUC: 0.0673

--- Round 412/500 ---
Averaged Train Loss: 1.6470
Averaged Test Accuracy: 0.3806
Averaged Test AUC: 0.8278
Std Test Accuracy: 0.2034
Std Test AUC: 0.0731

--- Round 413/500 ---
Averaged Train Loss: 1.6326
Averaged Test Accuracy: 0.3886
Averaged Test AUC: 0.8292
Std Test Accuracy: 0.2007
Std Test AUC: 0.0722

--- Round 414/500 ---
Averaged Train Loss: 1.5929
Averaged Test Accuracy: 0.4039
Averaged Test AUC: 0.8337
Std Test Accuracy: 0.1918
Std Test AUC: 0.0649

--- Round 415/500 ---
Averaged Train Loss: 1.6099
Averaged Test Accuracy: 0.3947
Averaged Test AUC: 0.8324
Std Test Accuracy: 0.1934
Std Test AUC: 0.0650

--- Round 416/500 ---
Averaged Train Loss: 1.5716
Averaged Test Accuracy: 0.4131
Averaged Test AUC: 0.8367
Std Test Accuracy: 0.1878
Std Test AUC: 0.0581

--- Round 417/500 ---
Averaged Train Loss: 1.5831
Averaged Test Accuracy: 0.4105
Averaged Test AUC: 0.8362
Std Test Accuracy: 0.1932
Std Test AUC: 0.0599

--- Round 418/500 ---
Averaged Train Loss: 1.5441
Averaged Test Accuracy: 0.4292
Averaged Test AUC: 0.8397
Std Test Accuracy: 0.1707
Std Test AUC: 0.0570

--- Round 419/500 ---
Averaged Train Loss: 1.5879
Averaged Test Accuracy: 0.4085
Averaged Test AUC: 0.8346
Std Test Accuracy: 0.1868
Std Test AUC: 0.0632

--- Round 420/500 ---
Averaged Train Loss: 1.5753
Averaged Test Accuracy: 0.4174
Averaged Test AUC: 0.8355
Std Test Accuracy: 0.1807
Std Test AUC: 0.0646

--- Round 421/500 ---
Averaged Train Loss: 1.5682
Averaged Test Accuracy: 0.4216
Averaged Test AUC: 0.8369
Std Test Accuracy: 0.1813
Std Test AUC: 0.0648

--- Round 422/500 ---
Averaged Train Loss: 1.5629
Averaged Test Accuracy: 0.4236
Averaged Test AUC: 0.8374
Std Test Accuracy: 0.1789
Std Test AUC: 0.0646

--- Round 423/500 ---
Averaged Train Loss: 1.5591
Averaged Test Accuracy: 0.4272
Averaged Test AUC: 0.8379
Std Test Accuracy: 0.1794
Std Test AUC: 0.0647

--- Round 424/500 ---
Averaged Train Loss: 1.5993
Averaged Test Accuracy: 0.4086
Averaged Test AUC: 0.8331
Std Test Accuracy: 0.1906
Std Test AUC: 0.0701

--- Round 425/500 ---
Averaged Train Loss: 1.5863
Averaged Test Accuracy: 0.4123
Averaged Test AUC: 0.8342
Std Test Accuracy: 0.1886
Std Test AUC: 0.0681

--- Round 426/500 ---
Averaged Train Loss: 1.6425
Averaged Test Accuracy: 0.3864
Averaged Test AUC: 0.8284
Std Test Accuracy: 0.2054
Std Test AUC: 0.0743

--- Round 427/500 ---
Averaged Train Loss: 1.6089
Averaged Test Accuracy: 0.3914
Averaged Test AUC: 0.8330
Std Test Accuracy: 0.1981
Std Test AUC: 0.0624

--- Round 428/500 ---
Averaged Train Loss: 1.6334
Averaged Test Accuracy: 0.3764
Averaged Test AUC: 0.8322
Std Test Accuracy: 0.2051
Std Test AUC: 0.0578

--- Round 429/500 ---
Averaged Train Loss: 1.6930
Averaged Test Accuracy: 0.3532
Averaged Test AUC: 0.8260
Std Test Accuracy: 0.2196
Std Test AUC: 0.0647

--- Round 430/500 ---
Averaged Train Loss: 1.7561
Averaged Test Accuracy: 0.3330
Averaged Test AUC: 0.8200
Std Test Accuracy: 0.2323
Std Test AUC: 0.0711

--- Round 431/500 ---
Averaged Train Loss: 1.7347
Averaged Test Accuracy: 0.3386
Averaged Test AUC: 0.8219
Std Test Accuracy: 0.2287
Std Test AUC: 0.0696

--- Round 432/500 ---
Averaged Train Loss: 1.7080
Averaged Test Accuracy: 0.3501
Averaged Test AUC: 0.8241
Std Test Accuracy: 0.2224
Std Test AUC: 0.0693

--- Round 433/500 ---
Averaged Train Loss: 1.6237
Averaged Test Accuracy: 0.3870
Averaged Test AUC: 0.8314
Std Test Accuracy: 0.2006
Std Test AUC: 0.0628

--- Round 434/500 ---
Averaged Train Loss: 1.6056
Averaged Test Accuracy: 0.3950
Averaged Test AUC: 0.8332
Std Test Accuracy: 0.1965
Std Test AUC: 0.0605

--- Round 435/500 ---
Averaged Train Loss: 1.6235
Averaged Test Accuracy: 0.3876
Averaged Test AUC: 0.8308
Std Test Accuracy: 0.2078
Std Test AUC: 0.0658

--- Round 436/500 ---
Averaged Train Loss: 1.6184
Averaged Test Accuracy: 0.3899
Averaged Test AUC: 0.8313
Std Test Accuracy: 0.2063
Std Test AUC: 0.0649

--- Round 437/500 ---
Averaged Train Loss: 1.6060
Averaged Test Accuracy: 0.3970
Averaged Test AUC: 0.8329
Std Test Accuracy: 0.2022
Std Test AUC: 0.0637

--- Round 438/500 ---
Averaged Train Loss: 1.6626
Averaged Test Accuracy: 0.3733
Averaged Test AUC: 0.8268
Std Test Accuracy: 0.2133
Std Test AUC: 0.0704

--- Round 439/500 ---
Averaged Train Loss: 1.6519
Averaged Test Accuracy: 0.3779
Averaged Test AUC: 0.8279
Std Test Accuracy: 0.2118
Std Test AUC: 0.0694

--- Round 440/500 ---
Averaged Train Loss: 1.6488
Averaged Test Accuracy: 0.3809
Averaged Test AUC: 0.8279
Std Test Accuracy: 0.2148
Std Test AUC: 0.0706

--- Round 441/500 ---
Averaged Train Loss: 1.6221
Averaged Test Accuracy: 0.3910
Averaged Test AUC: 0.8307
Std Test Accuracy: 0.2055
Std Test AUC: 0.0675

--- Round 442/500 ---
Averaged Train Loss: 1.6118
Averaged Test Accuracy: 0.3938
Averaged Test AUC: 0.8317
Std Test Accuracy: 0.2025
Std Test AUC: 0.0660

--- Round 443/500 ---
Averaged Train Loss: 1.7009
Averaged Test Accuracy: 0.3687
Averaged Test AUC: 0.8254
Std Test Accuracy: 0.2378
Std Test AUC: 0.0806

--- Round 444/500 ---
Averaged Train Loss: 1.5491
Averaged Test Accuracy: 0.4268
Averaged Test AUC: 0.8355
Std Test Accuracy: 0.1674
Std Test AUC: 0.0608

--- Round 445/500 ---
Averaged Train Loss: 1.6190
Averaged Test Accuracy: 0.3908
Averaged Test AUC: 0.8271
Std Test Accuracy: 0.1696
Std Test AUC: 0.0633

--- Round 446/500 ---
Averaged Train Loss: 1.5987
Averaged Test Accuracy: 0.3998
Averaged Test AUC: 0.8302
Std Test Accuracy: 0.1636
Std Test AUC: 0.0604

--- Round 447/500 ---
Averaged Train Loss: 1.6216
Averaged Test Accuracy: 0.4070
Averaged Test AUC: 0.8312
Std Test Accuracy: 0.1987
Std Test AUC: 0.0733

--- Round 448/500 ---
Averaged Train Loss: 1.5556
Averaged Test Accuracy: 0.4275
Averaged Test AUC: 0.8361
Std Test Accuracy: 0.1569
Std Test AUC: 0.0595

--- Round 449/500 ---
Averaged Train Loss: 1.5709
Averaged Test Accuracy: 0.4216
Averaged Test AUC: 0.8337
Std Test Accuracy: 0.1314
Std Test AUC: 0.0600

--- Round 450/500 ---
Averaged Train Loss: 1.5330
Averaged Test Accuracy: 0.4377
Averaged Test AUC: 0.8400
Std Test Accuracy: 0.1309
Std Test AUC: 0.0539

--- Round 451/500 ---
Averaged Train Loss: 1.6317
Averaged Test Accuracy: 0.4179
Averaged Test AUC: 0.8326
Std Test Accuracy: 0.1959
Std Test AUC: 0.0753

--- Round 452/500 ---
Averaged Train Loss: 1.5580
Averaged Test Accuracy: 0.4248
Averaged Test AUC: 0.8356
Std Test Accuracy: 0.1505
Std Test AUC: 0.0584

--- Round 453/500 ---
Averaged Train Loss: 1.5267
Averaged Test Accuracy: 0.4335
Averaged Test AUC: 0.8446
Std Test Accuracy: 0.1491
Std Test AUC: 0.0506

--- Round 454/500 ---
Averaged Train Loss: 1.5310
Averaged Test Accuracy: 0.4273
Averaged Test AUC: 0.8440
Std Test Accuracy: 0.1547
Std Test AUC: 0.0528

--- Round 455/500 ---
Averaged Train Loss: 1.6063
Averaged Test Accuracy: 0.4243
Averaged Test AUC: 0.8346
Std Test Accuracy: 0.1973
Std Test AUC: 0.0754

--- Round 456/500 ---
Averaged Train Loss: 1.5258
Averaged Test Accuracy: 0.4354
Averaged Test AUC: 0.8385
Std Test Accuracy: 0.1422
Std Test AUC: 0.0594

--- Round 457/500 ---
Averaged Train Loss: 1.5355
Averaged Test Accuracy: 0.4223
Averaged Test AUC: 0.8430
Std Test Accuracy: 0.1487
Std Test AUC: 0.0481

--- Round 458/500 ---
Averaged Train Loss: 1.5430
Averaged Test Accuracy: 0.4164
Averaged Test AUC: 0.8425
Std Test Accuracy: 0.1628
Std Test AUC: 0.0478

--- Round 459/500 ---
Averaged Train Loss: 1.5850
Averaged Test Accuracy: 0.4270
Averaged Test AUC: 0.8386
Std Test Accuracy: 0.1926
Std Test AUC: 0.0686

--- Round 460/500 ---
Averaged Train Loss: 1.5643
Averaged Test Accuracy: 0.4234
Averaged Test AUC: 0.8350
Std Test Accuracy: 0.1592
Std Test AUC: 0.0593

--- Round 461/500 ---
Averaged Train Loss: 1.6268
Averaged Test Accuracy: 0.3970
Averaged Test AUC: 0.8324
Std Test Accuracy: 0.1667
Std Test AUC: 0.0596

--- Round 462/500 ---
Averaged Train Loss: 1.6151
Averaged Test Accuracy: 0.3904
Averaged Test AUC: 0.8348
Std Test Accuracy: 0.1704
Std Test AUC: 0.0541

--- Round 463/500 ---
Averaged Train Loss: 1.5722
Averaged Test Accuracy: 0.4296
Averaged Test AUC: 0.8402
Std Test Accuracy: 0.1878
Std Test AUC: 0.0650

--- Round 464/500 ---
Averaged Train Loss: 1.5200
Averaged Test Accuracy: 0.4433
Averaged Test AUC: 0.8414
Std Test Accuracy: 0.1517
Std Test AUC: 0.0558

--- Round 465/500 ---
Averaged Train Loss: 1.5478
Averaged Test Accuracy: 0.4214
Averaged Test AUC: 0.8406
Std Test Accuracy: 0.1436
Std Test AUC: 0.0533

--- Round 466/500 ---
Averaged Train Loss: 1.5199
Averaged Test Accuracy: 0.4321
Averaged Test AUC: 0.8449
Std Test Accuracy: 0.1393
Std Test AUC: 0.0485

--- Round 467/500 ---
Averaged Train Loss: 1.5936
Averaged Test Accuracy: 0.4186
Averaged Test AUC: 0.8368
Std Test Accuracy: 0.1926
Std Test AUC: 0.0722

--- Round 468/500 ---
Averaged Train Loss: 1.5255
Averaged Test Accuracy: 0.4445
Averaged Test AUC: 0.8407
Std Test Accuracy: 0.1507
Std Test AUC: 0.0615

--- Round 469/500 ---
Averaged Train Loss: 1.5233
Averaged Test Accuracy: 0.4282
Averaged Test AUC: 0.8461
Std Test Accuracy: 0.1659
Std Test AUC: 0.0535

--- Round 470/500 ---
Averaged Train Loss: 1.5606
Averaged Test Accuracy: 0.4128
Averaged Test AUC: 0.8427
Std Test Accuracy: 0.1732
Std Test AUC: 0.0562

--- Round 471/500 ---
Averaged Train Loss: 1.5963
Averaged Test Accuracy: 0.4166
Averaged Test AUC: 0.8367
Std Test Accuracy: 0.2079
Std Test AUC: 0.0759

--- Round 472/500 ---
Averaged Train Loss: 1.5031
Averaged Test Accuracy: 0.4503
Averaged Test AUC: 0.8421
Std Test Accuracy: 0.1398
Std Test AUC: 0.0562

--- Round 473/500 ---
Averaged Train Loss: 1.4808
Averaged Test Accuracy: 0.4471
Averaged Test AUC: 0.8504
Std Test Accuracy: 0.1544
Std Test AUC: 0.0510

--- Round 474/500 ---
Averaged Train Loss: 1.5083
Averaged Test Accuracy: 0.4387
Averaged Test AUC: 0.8482
Std Test Accuracy: 0.1630
Std Test AUC: 0.0507

--- Round 475/500 ---
Averaged Train Loss: 1.5893
Averaged Test Accuracy: 0.4228
Averaged Test AUC: 0.8362
Std Test Accuracy: 0.1875
Std Test AUC: 0.0750

--- Round 476/500 ---
Averaged Train Loss: 1.5002
Averaged Test Accuracy: 0.4522
Averaged Test AUC: 0.8433
Std Test Accuracy: 0.1485
Std Test AUC: 0.0592

--- Round 477/500 ---
Averaged Train Loss: 1.5197
Averaged Test Accuracy: 0.4276
Averaged Test AUC: 0.8470
Std Test Accuracy: 0.1588
Std Test AUC: 0.0486

--- Round 478/500 ---
Averaged Train Loss: 1.5755
Averaged Test Accuracy: 0.4114
Averaged Test AUC: 0.8424
Std Test Accuracy: 0.1756
Std Test AUC: 0.0549

--- Round 479/500 ---
Averaged Train Loss: 1.5325
Averaged Test Accuracy: 0.4347
Averaged Test AUC: 0.8436
Std Test Accuracy: 0.1796
Std Test AUC: 0.0612

--- Round 480/500 ---
Averaged Train Loss: 1.4944
Averaged Test Accuracy: 0.4536
Averaged Test AUC: 0.8447
Std Test Accuracy: 0.1426
Std Test AUC: 0.0565

--- Round 481/500 ---
Averaged Train Loss: 1.4769
Averaged Test Accuracy: 0.4466
Averaged Test AUC: 0.8514
Std Test Accuracy: 0.1463
Std Test AUC: 0.0484

--- Round 482/500 ---
Averaged Train Loss: 1.5125
Averaged Test Accuracy: 0.4317
Averaged Test AUC: 0.8483
Std Test Accuracy: 0.1692
Std Test AUC: 0.0490

--- Round 483/500 ---
Averaged Train Loss: 1.5632
Averaged Test Accuracy: 0.4309
Averaged Test AUC: 0.8408
Std Test Accuracy: 0.1898
Std Test AUC: 0.0698

--- Round 484/500 ---
Averaged Train Loss: 1.4835
Averaged Test Accuracy: 0.4588
Averaged Test AUC: 0.8478
Std Test Accuracy: 0.1521
Std Test AUC: 0.0531

--- Round 485/500 ---
Averaged Train Loss: 1.4964
Averaged Test Accuracy: 0.4435
Averaged Test AUC: 0.8497
Std Test Accuracy: 0.1553
Std Test AUC: 0.0484

--- Round 486/500 ---
Averaged Train Loss: 1.4785
Averaged Test Accuracy: 0.4433
Averaged Test AUC: 0.8517
Std Test Accuracy: 0.1495
Std Test AUC: 0.0430

--- Round 487/500 ---
Averaged Train Loss: 1.5063
Averaged Test Accuracy: 0.4477
Averaged Test AUC: 0.8465
Std Test Accuracy: 0.1669
Std Test AUC: 0.0587

--- Round 488/500 ---
Averaged Train Loss: 1.5016
Averaged Test Accuracy: 0.4532
Averaged Test AUC: 0.8449
Std Test Accuracy: 0.1393
Std Test AUC: 0.0571

--- Round 489/500 ---
Averaged Train Loss: 1.5256
Averaged Test Accuracy: 0.4284
Averaged Test AUC: 0.8481
Std Test Accuracy: 0.1698
Std Test AUC: 0.0525

--- Round 490/500 ---
Averaged Train Loss: 1.5022
Averaged Test Accuracy: 0.4357
Averaged Test AUC: 0.8505
Std Test Accuracy: 0.1638
Std Test AUC: 0.0492

--- Round 491/500 ---
Averaged Train Loss: 1.5420
Averaged Test Accuracy: 0.4360
Averaged Test AUC: 0.8436
Std Test Accuracy: 0.1813
Std Test AUC: 0.0654

--- Round 492/500 ---
Averaged Train Loss: 1.4733
Averaged Test Accuracy: 0.4624
Averaged Test AUC: 0.8476
Std Test Accuracy: 0.1385
Std Test AUC: 0.0549

--- Round 493/500 ---
Averaged Train Loss: 1.5031
Averaged Test Accuracy: 0.4324
Averaged Test AUC: 0.8498
Std Test Accuracy: 0.1621
Std Test AUC: 0.0479

--- Round 494/500 ---
Averaged Train Loss: 1.5459
Averaged Test Accuracy: 0.4149
Averaged Test AUC: 0.8461
Std Test Accuracy: 0.1757
Std Test AUC: 0.0512

--- Round 495/500 ---
Averaged Train Loss: 1.5064
Averaged Test Accuracy: 0.4443
Averaged Test AUC: 0.8472
Std Test Accuracy: 0.1749
Std Test AUC: 0.0578

--- Round 496/500 ---
Averaged Train Loss: 1.4658
Averaged Test Accuracy: 0.4664
Averaged Test AUC: 0.8486
Std Test Accuracy: 0.1355
Std Test AUC: 0.0527

--- Round 497/500 ---
Averaged Train Loss: 1.4478
Averaged Test Accuracy: 0.4535
Averaged Test AUC: 0.8553
Std Test Accuracy: 0.1370
Std Test AUC: 0.0419

--- Round 498/500 ---
Averaged Train Loss: 1.4661
Averaged Test Accuracy: 0.4513
Averaged Test AUC: 0.8537
Std Test Accuracy: 0.1551
Std Test AUC: 0.0451

--- Round 499/500 ---
Averaged Train Loss: 1.5449
Averaged Test Accuracy: 0.4372
Averaged Test AUC: 0.8440
Std Test Accuracy: 0.1811
Std Test AUC: 0.0665

--- Round 500/500 ---
Averaged Train Loss: 1.4789
Averaged Test Accuracy: 0.4622
Averaged Test AUC: 0.8466
Std Test Accuracy: 0.1346
Std Test AUC: 0.0575

========== Training Complete ==========
Best Test Accuracy: 0.4664050026609899
File path: ../results/Cifar10_FedEntPlusSmooth_smooth_trial01_0009_0.h5

Average time cost: 2276.06s.
Length:  501
std for best accuracy: 0.0
mean for best accuracy: 0.4664050026609899
All done!

Storage on cuda:0
-------------------------------------------------------------------------------
Total Tensors: 210849120 	Used Memory: 573.28M
The allocated memory on cuda:0: 591.41M
Memory differs due to the matrix alignment or invisible gradient buffer tensors
-------------------------------------------------------------------------------
