==================================================
goal = smooth_trial01_0094
device = cuda
device_id = 0
dataset = Cifar10
num_classes = 10
model = CNN
batch_size = 64
local_learning_rate = 0.01
learning_rate_decay = True
learning_rate_decay_gamma = 0.98
global_rounds = 500
top_cnt = 100
local_epochs = 5
algorithm = FedEntPlusSmooth
join_ratio = 0.1
random_join_ratio = False
num_clients = 100
prev = 0
times = 1
eval_gap = 1
save_folder_name = items
auto_break = False
dlg_eval = False
dlg_gap = 100
batch_num_per_client = 2
num_new_clients = 0
fine_tuning_epoch_new = 0
feature_dim = 512
vocab_size = 32000
max_len = 200
client_drop_rate = 0.0
train_slow_rate = 0.0
send_slow_rate = 0.0
time_select = False
time_threthold = 10000
beta = 0.0
lamda = 1.0
mu = 0.0
K = 5
p_learning_rate = 0.01
M = 5
itk = 4000
alphaK = 1.0
sigma = 1.0
alpha = 1.0
plocal_epochs = 1
tau = 1.0
fine_tuning_epochs = 10
dr_learning_rate = 0.0
L = 1.0
noise_dim = 512
generator_learning_rate = 0.005
hidden_dim = 512
server_epochs = 1000
localize_feature_extractor = False
server_learning_rate = 1.0
eta = 1.0
rand_percent = 80
layer_idx = 2
mentee_learning_rate = 0.005
T_start = 0.95
T_end = 0.98
momentum = 0.9
kl_weight = 0.0
buffer_size = 0
dp_epsilon = 0.0
H_min = None
alpha_vp = 0.0
enable_dynamic_param = False
log_fedent = False
log_filename = None
dynamic_config_path = /home/john/PFLlib/system/auto_configs/smooth_trial01_0094.json
==================================================

============= Running time: 0th =============
Creating server and clients ...
FedAvgCNN(
  (conv1): Sequential(
    (0): Conv2d(3, 32, kernel_size=(5, 5), stride=(1, 1))
    (1): ReLU(inplace=True)
    (2): MaxPool2d(kernel_size=(2, 2), stride=(2, 2), padding=0, dilation=1, ceil_mode=False)
  )
  (conv2): Sequential(
    (0): Conv2d(32, 64, kernel_size=(5, 5), stride=(1, 1))
    (1): ReLU(inplace=True)
    (2): MaxPool2d(kernel_size=(2, 2), stride=(2, 2), padding=0, dilation=1, ceil_mode=False)
  )
  (fc1): Sequential(
    (0): Linear(in_features=1600, out_features=512, bias=True)
    (1): ReLU(inplace=True)
  )
  (fc): Linear(in_features=512, out_features=10, bias=True)
)

Join ratio / total clients: 0.1 / 100
Finished creating server and clients.

--- Round 0/500 ---
Averaged Train Loss: 2.3038
Averaged Test Accuracy: 0.0928
Averaged Test AUC: 0.4894
Std Test Accuracy: 0.1434
Std Test AUC: 0.2233

--- Round 1/500 ---
Averaged Train Loss: 2.3009
Averaged Test Accuracy: 0.0959
Averaged Test AUC: 0.5170
Std Test Accuracy: 0.2175
Std Test AUC: 0.2290

--- Round 2/500 ---
Averaged Train Loss: 2.3040
Averaged Test Accuracy: 0.1040
Averaged Test AUC: 0.5279
Std Test Accuracy: 0.1950
Std Test AUC: 0.2267

--- Round 3/500 ---
Averaged Train Loss: 2.3079
Averaged Test Accuracy: 0.1406
Averaged Test AUC: 0.5244
Std Test Accuracy: 0.2126
Std Test AUC: 0.2422

--- Round 4/500 ---
Averaged Train Loss: 2.2627
Averaged Test Accuracy: 0.1686
Averaged Test AUC: 0.5716
Std Test Accuracy: 0.2251
Std Test AUC: 0.2230

--- Round 5/500 ---
Averaged Train Loss: 2.2911
Averaged Test Accuracy: 0.1480
Averaged Test AUC: 0.5687
Std Test Accuracy: 0.2353
Std Test AUC: 0.2185

--- Round 6/500 ---
Averaged Train Loss: 2.3206
Averaged Test Accuracy: 0.1464
Averaged Test AUC: 0.5649
Std Test Accuracy: 0.2298
Std Test AUC: 0.2169

--- Round 7/500 ---
Averaged Train Loss: 2.3654
Averaged Test Accuracy: 0.1638
Averaged Test AUC: 0.5707
Std Test Accuracy: 0.2084
Std Test AUC: 0.2087

--- Round 8/500 ---
Averaged Train Loss: 2.2546
Averaged Test Accuracy: 0.1754
Averaged Test AUC: 0.5974
Std Test Accuracy: 0.2420
Std Test AUC: 0.2184

--- Round 9/500 ---
Averaged Train Loss: 2.2101
Averaged Test Accuracy: 0.1774
Averaged Test AUC: 0.6321
Std Test Accuracy: 0.2272
Std Test AUC: 0.1817

--- Round 10/500 ---
Averaged Train Loss: 2.2089
Averaged Test Accuracy: 0.1672
Averaged Test AUC: 0.6383
Std Test Accuracy: 0.2798
Std Test AUC: 0.1702

--- Round 11/500 ---
Averaged Train Loss: 2.1406
Averaged Test Accuracy: 0.2310
Averaged Test AUC: 0.6753
Std Test Accuracy: 0.1743
Std Test AUC: 0.1658

--- Round 12/500 ---
Averaged Train Loss: 2.1905
Averaged Test Accuracy: 0.1829
Averaged Test AUC: 0.6549
Std Test Accuracy: 0.1967
Std Test AUC: 0.1494

--- Round 13/500 ---
Averaged Train Loss: 2.1214
Averaged Test Accuracy: 0.2160
Averaged Test AUC: 0.6806
Std Test Accuracy: 0.1802
Std Test AUC: 0.1427

--- Round 14/500 ---
Averaged Train Loss: 2.0852
Averaged Test Accuracy: 0.2278
Averaged Test AUC: 0.6973
Std Test Accuracy: 0.2312
Std Test AUC: 0.1238

--- Round 15/500 ---
Averaged Train Loss: 2.0939
Averaged Test Accuracy: 0.1984
Averaged Test AUC: 0.6980
Std Test Accuracy: 0.2277
Std Test AUC: 0.1100

--- Round 16/500 ---
Averaged Train Loss: 2.1086
Averaged Test Accuracy: 0.1978
Averaged Test AUC: 0.6908
Std Test Accuracy: 0.2176
Std Test AUC: 0.1282

--- Round 17/500 ---
Averaged Train Loss: 2.0985
Averaged Test Accuracy: 0.2178
Averaged Test AUC: 0.7017
Std Test Accuracy: 0.2239
Std Test AUC: 0.1178

--- Round 18/500 ---
Averaged Train Loss: 2.0276
Averaged Test Accuracy: 0.2309
Averaged Test AUC: 0.7245
Std Test Accuracy: 0.1858
Std Test AUC: 0.0988

--- Round 19/500 ---
Averaged Train Loss: 2.1100
Averaged Test Accuracy: 0.1988
Averaged Test AUC: 0.7068
Std Test Accuracy: 0.2716
Std Test AUC: 0.1232

--- Round 20/500 ---
Averaged Train Loss: 2.0199
Averaged Test Accuracy: 0.2486
Averaged Test AUC: 0.7198
Std Test Accuracy: 0.1883
Std Test AUC: 0.1083

--- Round 21/500 ---
Averaged Train Loss: 1.9926
Averaged Test Accuracy: 0.2588
Averaged Test AUC: 0.7337
Std Test Accuracy: 0.2143
Std Test AUC: 0.0887

--- Round 22/500 ---
Averaged Train Loss: 2.0086
Averaged Test Accuracy: 0.2576
Averaged Test AUC: 0.7256
Std Test Accuracy: 0.1620
Std Test AUC: 0.1031

--- Round 23/500 ---
Averaged Train Loss: 1.9964
Averaged Test Accuracy: 0.2440
Averaged Test AUC: 0.7355
Std Test Accuracy: 0.2348
Std Test AUC: 0.0876

--- Round 24/500 ---
Averaged Train Loss: 1.9605
Averaged Test Accuracy: 0.2804
Averaged Test AUC: 0.7415
Std Test Accuracy: 0.1948
Std Test AUC: 0.0946

--- Round 25/500 ---
Averaged Train Loss: 2.0651
Averaged Test Accuracy: 0.2356
Averaged Test AUC: 0.7192
Std Test Accuracy: 0.2536
Std Test AUC: 0.1167

--- Round 26/500 ---
Averaged Train Loss: 1.9645
Averaged Test Accuracy: 0.2531
Averaged Test AUC: 0.7436
Std Test Accuracy: 0.1887
Std Test AUC: 0.0924

--- Round 27/500 ---
Averaged Train Loss: 1.9486
Averaged Test Accuracy: 0.2847
Averaged Test AUC: 0.7473
Std Test Accuracy: 0.2178
Std Test AUC: 0.0924

--- Round 28/500 ---
Averaged Train Loss: 1.9495
Averaged Test Accuracy: 0.2592
Averaged Test AUC: 0.7457
Std Test Accuracy: 0.1656
Std Test AUC: 0.0750

--- Round 29/500 ---
Averaged Train Loss: 1.9535
Averaged Test Accuracy: 0.2679
Averaged Test AUC: 0.7504
Std Test Accuracy: 0.2346
Std Test AUC: 0.0836

--- Round 30/500 ---
Averaged Train Loss: 1.8967
Averaged Test Accuracy: 0.3081
Averaged Test AUC: 0.7604
Std Test Accuracy: 0.1525
Std Test AUC: 0.0523

--- Round 31/500 ---
Averaged Train Loss: 1.9285
Averaged Test Accuracy: 0.2936
Averaged Test AUC: 0.7524
Std Test Accuracy: 0.2194
Std Test AUC: 0.1005

--- Round 32/500 ---
Averaged Train Loss: 1.9361
Averaged Test Accuracy: 0.2791
Averaged Test AUC: 0.7549
Std Test Accuracy: 0.2317
Std Test AUC: 0.0905

--- Round 33/500 ---
Averaged Train Loss: 2.0157
Averaged Test Accuracy: 0.2577
Averaged Test AUC: 0.7338
Std Test Accuracy: 0.1902
Std Test AUC: 0.1005

--- Round 34/500 ---
Averaged Train Loss: 1.9532
Averaged Test Accuracy: 0.2424
Averaged Test AUC: 0.7490
Std Test Accuracy: 0.1866
Std Test AUC: 0.0835

--- Round 35/500 ---
Averaged Train Loss: 1.9967
Averaged Test Accuracy: 0.2564
Averaged Test AUC: 0.7419
Std Test Accuracy: 0.1965
Std Test AUC: 0.0945

--- Round 36/500 ---
Averaged Train Loss: 1.8510
Averaged Test Accuracy: 0.3139
Averaged Test AUC: 0.7736
Std Test Accuracy: 0.1695
Std Test AUC: 0.0629

--- Round 37/500 ---
Averaged Train Loss: 1.8406
Averaged Test Accuracy: 0.3228
Averaged Test AUC: 0.7742
Std Test Accuracy: 0.1899
Std Test AUC: 0.0800

--- Round 38/500 ---
Averaged Train Loss: 1.8735
Averaged Test Accuracy: 0.3093
Averaged Test AUC: 0.7689
Std Test Accuracy: 0.2332
Std Test AUC: 0.0977

--- Round 39/500 ---
Averaged Train Loss: 1.8406
Averaged Test Accuracy: 0.3182
Averaged Test AUC: 0.7773
Std Test Accuracy: 0.1455
Std Test AUC: 0.0758

--- Round 40/500 ---
Averaged Train Loss: 1.8423
Averaged Test Accuracy: 0.3024
Averaged Test AUC: 0.7759
Std Test Accuracy: 0.1881
Std Test AUC: 0.0581

--- Round 41/500 ---
Averaged Train Loss: 1.8859
Averaged Test Accuracy: 0.2773
Averaged Test AUC: 0.7680
Std Test Accuracy: 0.1990
Std Test AUC: 0.0750

--- Round 42/500 ---
Averaged Train Loss: 1.8919
Averaged Test Accuracy: 0.3079
Averaged Test AUC: 0.7556
Std Test Accuracy: 0.1520
Std Test AUC: 0.0912

--- Round 43/500 ---
Averaged Train Loss: 1.8645
Averaged Test Accuracy: 0.2948
Averaged Test AUC: 0.7710
Std Test Accuracy: 0.1997
Std Test AUC: 0.0796

--- Round 44/500 ---
Averaged Train Loss: 1.8398
Averaged Test Accuracy: 0.3125
Averaged Test AUC: 0.7809
Std Test Accuracy: 0.2036
Std Test AUC: 0.0708

--- Round 45/500 ---
Averaged Train Loss: 1.8025
Averaged Test Accuracy: 0.3282
Averaged Test AUC: 0.7873
Std Test Accuracy: 0.1909
Std Test AUC: 0.0610

--- Round 46/500 ---
Averaged Train Loss: 1.8169
Averaged Test Accuracy: 0.3198
Averaged Test AUC: 0.7816
Std Test Accuracy: 0.1854
Std Test AUC: 0.0675

--- Round 47/500 ---
Averaged Train Loss: 1.7678
Averaged Test Accuracy: 0.3572
Averaged Test AUC: 0.7896
Std Test Accuracy: 0.1463
Std Test AUC: 0.0673

--- Round 48/500 ---
Averaged Train Loss: 1.8446
Averaged Test Accuracy: 0.3371
Averaged Test AUC: 0.7670
Std Test Accuracy: 0.1313
Std Test AUC: 0.0849

--- Round 49/500 ---
Averaged Train Loss: 1.7779
Averaged Test Accuracy: 0.3477
Averaged Test AUC: 0.7900
Std Test Accuracy: 0.1549
Std Test AUC: 0.0575

--- Round 50/500 ---
Averaged Train Loss: 1.7742
Averaged Test Accuracy: 0.3410
Averaged Test AUC: 0.7905
Std Test Accuracy: 0.1878
Std Test AUC: 0.0679

--- Round 51/500 ---
Averaged Train Loss: 1.8193
Averaged Test Accuracy: 0.3151
Averaged Test AUC: 0.7826
Std Test Accuracy: 0.1873
Std Test AUC: 0.0731

--- Round 52/500 ---
Averaged Train Loss: 1.7598
Averaged Test Accuracy: 0.3511
Averaged Test AUC: 0.7946
Std Test Accuracy: 0.1854
Std Test AUC: 0.0599

--- Round 53/500 ---
Averaged Train Loss: 1.7900
Averaged Test Accuracy: 0.3336
Averaged Test AUC: 0.7881
Std Test Accuracy: 0.1972
Std Test AUC: 0.0780

--- Round 54/500 ---
Averaged Train Loss: 1.8084
Averaged Test Accuracy: 0.3296
Averaged Test AUC: 0.7857
Std Test Accuracy: 0.2017
Std Test AUC: 0.0880

--- Round 55/500 ---
Averaged Train Loss: 1.7632
Averaged Test Accuracy: 0.3519
Averaged Test AUC: 0.7937
Std Test Accuracy: 0.1895
Std Test AUC: 0.0651

--- Round 56/500 ---
Averaged Train Loss: 1.7736
Averaged Test Accuracy: 0.3328
Averaged Test AUC: 0.7916
Std Test Accuracy: 0.1916
Std Test AUC: 0.0670

--- Round 57/500 ---
Averaged Train Loss: 1.8067
Averaged Test Accuracy: 0.3332
Averaged Test AUC: 0.7805
Std Test Accuracy: 0.1561
Std Test AUC: 0.0754

--- Round 58/500 ---
Averaged Train Loss: 1.7240
Averaged Test Accuracy: 0.3760
Averaged Test AUC: 0.8038
Std Test Accuracy: 0.1439
Std Test AUC: 0.0491

--- Round 59/500 ---
Averaged Train Loss: 1.7363
Averaged Test Accuracy: 0.3590
Averaged Test AUC: 0.7989
Std Test Accuracy: 0.1572
Std Test AUC: 0.0649

--- Round 60/500 ---
Averaged Train Loss: 1.7591
Averaged Test Accuracy: 0.3512
Averaged Test AUC: 0.7945
Std Test Accuracy: 0.1861
Std Test AUC: 0.0725

--- Round 61/500 ---
Averaged Train Loss: 1.6934
Averaged Test Accuracy: 0.3809
Averaged Test AUC: 0.8065
Std Test Accuracy: 0.1538
Std Test AUC: 0.0528

--- Round 62/500 ---
Averaged Train Loss: 1.7371
Averaged Test Accuracy: 0.3627
Averaged Test AUC: 0.7979
Std Test Accuracy: 0.1407
Std Test AUC: 0.0642

--- Round 63/500 ---
Averaged Train Loss: 1.7575
Averaged Test Accuracy: 0.3529
Averaged Test AUC: 0.7971
Std Test Accuracy: 0.1976
Std Test AUC: 0.0813

--- Round 64/500 ---
Averaged Train Loss: 1.7873
Averaged Test Accuracy: 0.3359
Averaged Test AUC: 0.7935
Std Test Accuracy: 0.1914
Std Test AUC: 0.0660

--- Round 65/500 ---
Averaged Train Loss: 2.0125
Averaged Test Accuracy: 0.2602
Averaged Test AUC: 0.7573
Std Test Accuracy: 0.2032
Std Test AUC: 0.1073

--- Round 66/500 ---
Averaged Train Loss: 1.7122
Averaged Test Accuracy: 0.3600
Averaged Test AUC: 0.8094
Std Test Accuracy: 0.2024
Std Test AUC: 0.0610

--- Round 67/500 ---
Averaged Train Loss: 1.7232
Averaged Test Accuracy: 0.3558
Averaged Test AUC: 0.8058
Std Test Accuracy: 0.2208
Std Test AUC: 0.0740

--- Round 68/500 ---
Averaged Train Loss: 1.7361
Averaged Test Accuracy: 0.3501
Averaged Test AUC: 0.8038
Std Test Accuracy: 0.2099
Std Test AUC: 0.0717

--- Round 69/500 ---
Averaged Train Loss: 1.7024
Averaged Test Accuracy: 0.3577
Averaged Test AUC: 0.8120
Std Test Accuracy: 0.1806
Std Test AUC: 0.0526

--- Round 70/500 ---
Averaged Train Loss: 1.6978
Averaged Test Accuracy: 0.3701
Averaged Test AUC: 0.8097
Std Test Accuracy: 0.2077
Std Test AUC: 0.0704

--- Round 71/500 ---
Averaged Train Loss: 1.6821
Averaged Test Accuracy: 0.3796
Averaged Test AUC: 0.8105
Std Test Accuracy: 0.1509
Std Test AUC: 0.0617

--- Round 72/500 ---
Averaged Train Loss: 1.6464
Averaged Test Accuracy: 0.4011
Averaged Test AUC: 0.8163
Std Test Accuracy: 0.1438
Std Test AUC: 0.0483

--- Round 73/500 ---
Averaged Train Loss: 1.6726
Averaged Test Accuracy: 0.3800
Averaged Test AUC: 0.8130
Std Test Accuracy: 0.1797
Std Test AUC: 0.0552

--- Round 74/500 ---
Averaged Train Loss: 1.6716
Averaged Test Accuracy: 0.3839
Averaged Test AUC: 0.8141
Std Test Accuracy: 0.1915
Std Test AUC: 0.0590

--- Round 75/500 ---
Averaged Train Loss: 1.6249
Averaged Test Accuracy: 0.4126
Averaged Test AUC: 0.8206
Std Test Accuracy: 0.1391
Std Test AUC: 0.0441

--- Round 76/500 ---
Averaged Train Loss: 1.6597
Averaged Test Accuracy: 0.3836
Averaged Test AUC: 0.8149
Std Test Accuracy: 0.1554
Std Test AUC: 0.0471

--- Round 77/500 ---
Averaged Train Loss: 1.6644
Averaged Test Accuracy: 0.3979
Averaged Test AUC: 0.8135
Std Test Accuracy: 0.1510
Std Test AUC: 0.0552

--- Round 78/500 ---
Averaged Train Loss: 1.6677
Averaged Test Accuracy: 0.3808
Averaged Test AUC: 0.8121
Std Test Accuracy: 0.1464
Std Test AUC: 0.0570

--- Round 79/500 ---
Averaged Train Loss: 1.7111
Averaged Test Accuracy: 0.3646
Averaged Test AUC: 0.8045
Std Test Accuracy: 0.1516
Std Test AUC: 0.0700

--- Round 80/500 ---
Averaged Train Loss: 1.6831
Averaged Test Accuracy: 0.3883
Averaged Test AUC: 0.8073
Std Test Accuracy: 0.1310
Std Test AUC: 0.0576

--- Round 81/500 ---
Averaged Train Loss: 1.6855
Averaged Test Accuracy: 0.3650
Averaged Test AUC: 0.8111
Std Test Accuracy: 0.1586
Std Test AUC: 0.0540

--- Round 82/500 ---
Averaged Train Loss: 1.6553
Averaged Test Accuracy: 0.3739
Averaged Test AUC: 0.8168
Std Test Accuracy: 0.1573
Std Test AUC: 0.0426

--- Round 83/500 ---
Averaged Train Loss: 1.6677
Averaged Test Accuracy: 0.3765
Averaged Test AUC: 0.8143
Std Test Accuracy: 0.1665
Std Test AUC: 0.0550

--- Round 84/500 ---
Averaged Train Loss: 1.6509
Averaged Test Accuracy: 0.3924
Averaged Test AUC: 0.8200
Std Test Accuracy: 0.1649
Std Test AUC: 0.0495

--- Round 85/500 ---
Averaged Train Loss: 1.6352
Averaged Test Accuracy: 0.4039
Averaged Test AUC: 0.8216
Std Test Accuracy: 0.1373
Std Test AUC: 0.0424

--- Round 86/500 ---
Averaged Train Loss: 1.6686
Averaged Test Accuracy: 0.3761
Averaged Test AUC: 0.8165
Std Test Accuracy: 0.1634
Std Test AUC: 0.0476

--- Round 87/500 ---
Averaged Train Loss: 1.6616
Averaged Test Accuracy: 0.3942
Averaged Test AUC: 0.8161
Std Test Accuracy: 0.1522
Std Test AUC: 0.0596

--- Round 88/500 ---
Averaged Train Loss: 1.6728
Averaged Test Accuracy: 0.3890
Averaged Test AUC: 0.8152
Std Test Accuracy: 0.1636
Std Test AUC: 0.0589

--- Round 89/500 ---
Averaged Train Loss: 1.6669
Averaged Test Accuracy: 0.3882
Averaged Test AUC: 0.8202
Std Test Accuracy: 0.1766
Std Test AUC: 0.0506

--- Round 90/500 ---
Averaged Train Loss: 1.7015
Averaged Test Accuracy: 0.3727
Averaged Test AUC: 0.8138
Std Test Accuracy: 0.2114
Std Test AUC: 0.0735

--- Round 91/500 ---
Averaged Train Loss: 1.6278
Averaged Test Accuracy: 0.4018
Averaged Test AUC: 0.8224
Std Test Accuracy: 0.1557
Std Test AUC: 0.0517

--- Round 92/500 ---
Averaged Train Loss: 1.6236
Averaged Test Accuracy: 0.3962
Averaged Test AUC: 0.8216
Std Test Accuracy: 0.1304
Std Test AUC: 0.0471

--- Round 93/500 ---
Averaged Train Loss: 1.7287
Averaged Test Accuracy: 0.3630
Averaged Test AUC: 0.8086
Std Test Accuracy: 0.1940
Std Test AUC: 0.0642

--- Round 94/500 ---
Averaged Train Loss: 1.5864
Averaged Test Accuracy: 0.4289
Averaged Test AUC: 0.8273
Std Test Accuracy: 0.1334
Std Test AUC: 0.0454

--- Round 95/500 ---
Averaged Train Loss: 1.6109
Averaged Test Accuracy: 0.3994
Averaged Test AUC: 0.8242
Std Test Accuracy: 0.1375
Std Test AUC: 0.0479

--- Round 96/500 ---
Averaged Train Loss: 1.6390
Averaged Test Accuracy: 0.4043
Averaged Test AUC: 0.8222
Std Test Accuracy: 0.1907
Std Test AUC: 0.0674

--- Round 97/500 ---
Averaged Train Loss: 1.5973
Averaged Test Accuracy: 0.4126
Averaged Test AUC: 0.8263
Std Test Accuracy: 0.1643
Std Test AUC: 0.0539

--- Round 98/500 ---
Averaged Train Loss: 1.6253
Averaged Test Accuracy: 0.4095
Averaged Test AUC: 0.8224
Std Test Accuracy: 0.1627
Std Test AUC: 0.0575

--- Round 99/500 ---
Averaged Train Loss: 1.5898
Averaged Test Accuracy: 0.4263
Averaged Test AUC: 0.8292
Std Test Accuracy: 0.1260
Std Test AUC: 0.0389

--- Round 100/500 ---
Averaged Train Loss: 1.6550
Averaged Test Accuracy: 0.3871
Averaged Test AUC: 0.8207
Std Test Accuracy: 0.2108
Std Test AUC: 0.0679

--- Round 101/500 ---
Averaged Train Loss: 1.6240
Averaged Test Accuracy: 0.4079
Averaged Test AUC: 0.8222
Std Test Accuracy: 0.1685
Std Test AUC: 0.0595

--- Round 102/500 ---
Averaged Train Loss: 1.6671
Averaged Test Accuracy: 0.3894
Averaged Test AUC: 0.8200
Std Test Accuracy: 0.2089
Std Test AUC: 0.0747

--- Round 103/500 ---
Averaged Train Loss: 1.6385
Averaged Test Accuracy: 0.4019
Averaged Test AUC: 0.8222
Std Test Accuracy: 0.2043
Std Test AUC: 0.0691

--- Round 104/500 ---
Averaged Train Loss: 1.6218
Averaged Test Accuracy: 0.4050
Averaged Test AUC: 0.8226
Std Test Accuracy: 0.1782
Std Test AUC: 0.0632

--- Round 105/500 ---
Averaged Train Loss: 1.6174
Averaged Test Accuracy: 0.4079
Averaged Test AUC: 0.8244
Std Test Accuracy: 0.1598
Std Test AUC: 0.0565

--- Round 106/500 ---
Averaged Train Loss: 1.5590
Averaged Test Accuracy: 0.4365
Averaged Test AUC: 0.8323
Std Test Accuracy: 0.1297
Std Test AUC: 0.0461

--- Round 107/500 ---
Averaged Train Loss: 1.5851
Averaged Test Accuracy: 0.4202
Averaged Test AUC: 0.8283
Std Test Accuracy: 0.1623
Std Test AUC: 0.0560

--- Round 108/500 ---
Averaged Train Loss: 1.5736
Averaged Test Accuracy: 0.4302
Averaged Test AUC: 0.8326
Std Test Accuracy: 0.1584
Std Test AUC: 0.0462

--- Round 109/500 ---
Averaged Train Loss: 1.5764
Averaged Test Accuracy: 0.4182
Averaged Test AUC: 0.8321
Std Test Accuracy: 0.1555
Std Test AUC: 0.0445

--- Round 110/500 ---
Averaged Train Loss: 1.6098
Averaged Test Accuracy: 0.4083
Averaged Test AUC: 0.8268
Std Test Accuracy: 0.1631
Std Test AUC: 0.0524

--- Round 111/500 ---
Averaged Train Loss: 1.6203
Averaged Test Accuracy: 0.3996
Averaged Test AUC: 0.8269
Std Test Accuracy: 0.2094
Std Test AUC: 0.0645

--- Round 112/500 ---
Averaged Train Loss: 1.6400
Averaged Test Accuracy: 0.3987
Averaged Test AUC: 0.8240
Std Test Accuracy: 0.2137
Std Test AUC: 0.0714

--- Round 113/500 ---
Averaged Train Loss: 1.5963
Averaged Test Accuracy: 0.4093
Averaged Test AUC: 0.8323
Std Test Accuracy: 0.1752
Std Test AUC: 0.0475

--- Round 114/500 ---
Averaged Train Loss: 1.6234
Averaged Test Accuracy: 0.3950
Averaged Test AUC: 0.8271
Std Test Accuracy: 0.1868
Std Test AUC: 0.0585

--- Round 115/500 ---
Averaged Train Loss: 1.5670
Averaged Test Accuracy: 0.4176
Averaged Test AUC: 0.8327
Std Test Accuracy: 0.1380
Std Test AUC: 0.0450

--- Round 116/500 ---
Averaged Train Loss: 1.5842
Averaged Test Accuracy: 0.4199
Averaged Test AUC: 0.8330
Std Test Accuracy: 0.1823
Std Test AUC: 0.0594

--- Round 117/500 ---
Averaged Train Loss: 1.5332
Averaged Test Accuracy: 0.4456
Averaged Test AUC: 0.8382
Std Test Accuracy: 0.1284
Std Test AUC: 0.0418

--- Round 118/500 ---
Averaged Train Loss: 1.6741
Averaged Test Accuracy: 0.3848
Averaged Test AUC: 0.8210
Std Test Accuracy: 0.1997
Std Test AUC: 0.0607

--- Round 119/500 ---
Averaged Train Loss: 1.6065
Averaged Test Accuracy: 0.3952
Averaged Test AUC: 0.8293
Std Test Accuracy: 0.1638
Std Test AUC: 0.0410

--- Round 120/500 ---
Averaged Train Loss: 1.5622
Averaged Test Accuracy: 0.4258
Averaged Test AUC: 0.8360
Std Test Accuracy: 0.1861
Std Test AUC: 0.0537

--- Round 121/500 ---
Averaged Train Loss: 1.5744
Averaged Test Accuracy: 0.4235
Averaged Test AUC: 0.8332
Std Test Accuracy: 0.1891
Std Test AUC: 0.0617

--- Round 122/500 ---
Averaged Train Loss: 1.5727
Averaged Test Accuracy: 0.4258
Averaged Test AUC: 0.8330
Std Test Accuracy: 0.1699
Std Test AUC: 0.0551

--- Round 123/500 ---
Averaged Train Loss: 1.7031
Averaged Test Accuracy: 0.3743
Averaged Test AUC: 0.8101
Std Test Accuracy: 0.1622
Std Test AUC: 0.0818

--- Round 124/500 ---
Averaged Train Loss: 1.6145
Averaged Test Accuracy: 0.4005
Averaged Test AUC: 0.8301
Std Test Accuracy: 0.2164
Std Test AUC: 0.0627

--- Round 125/500 ---
Averaged Train Loss: 1.6476
Averaged Test Accuracy: 0.3834
Averaged Test AUC: 0.8214
Std Test Accuracy: 0.1847
Std Test AUC: 0.0664

--- Round 126/500 ---
Averaged Train Loss: 1.6806
Averaged Test Accuracy: 0.3764
Averaged Test AUC: 0.8173
Std Test Accuracy: 0.1893
Std Test AUC: 0.0738

--- Round 127/500 ---
Averaged Train Loss: 1.7429
Averaged Test Accuracy: 0.3683
Averaged Test AUC: 0.8154
Std Test Accuracy: 0.2437
Std Test AUC: 0.0857

--- Round 128/500 ---
Averaged Train Loss: 1.7346
Averaged Test Accuracy: 0.3518
Averaged Test AUC: 0.8050
Std Test Accuracy: 0.2303
Std Test AUC: 0.0983

--- Round 129/500 ---
Averaged Train Loss: 1.6503
Averaged Test Accuracy: 0.3867
Averaged Test AUC: 0.8271
Std Test Accuracy: 0.2295
Std Test AUC: 0.0742

--- Round 130/500 ---
Averaged Train Loss: 1.9780
Averaged Test Accuracy: 0.3012
Averaged Test AUC: 0.7904
Std Test Accuracy: 0.2472
Std Test AUC: 0.1104

--- Round 131/500 ---
Averaged Train Loss: 1.7040
Averaged Test Accuracy: 0.3690
Averaged Test AUC: 0.8218
Std Test Accuracy: 0.2200
Std Test AUC: 0.0698

--- Round 132/500 ---
Averaged Train Loss: 1.6678
Averaged Test Accuracy: 0.4013
Averaged Test AUC: 0.8142
Std Test Accuracy: 0.1679
Std Test AUC: 0.0656

--- Round 133/500 ---
Averaged Train Loss: 1.7772
Averaged Test Accuracy: 0.3472
Averaged Test AUC: 0.8062
Std Test Accuracy: 0.1738
Std Test AUC: 0.0786

--- Round 134/500 ---
Averaged Train Loss: 1.5712
Averaged Test Accuracy: 0.4250
Averaged Test AUC: 0.8304
Std Test Accuracy: 0.1815
Std Test AUC: 0.0711

--- Round 135/500 ---
Averaged Train Loss: 1.6567
Averaged Test Accuracy: 0.3870
Averaged Test AUC: 0.8189
Std Test Accuracy: 0.1817
Std Test AUC: 0.0675

--- Round 136/500 ---
Averaged Train Loss: 1.6719
Averaged Test Accuracy: 0.3855
Averaged Test AUC: 0.8219
Std Test Accuracy: 0.2033
Std Test AUC: 0.0835

--- Round 137/500 ---
Averaged Train Loss: 1.7229
Averaged Test Accuracy: 0.3645
Averaged Test AUC: 0.8137
Std Test Accuracy: 0.1987
Std Test AUC: 0.0792

--- Round 138/500 ---
Averaged Train Loss: 1.7701
Averaged Test Accuracy: 0.3633
Averaged Test AUC: 0.8090
Std Test Accuracy: 0.2023
Std Test AUC: 0.0726

--- Round 139/500 ---
Averaged Train Loss: 1.6002
Averaged Test Accuracy: 0.4071
Averaged Test AUC: 0.8276
Std Test Accuracy: 0.1303
Std Test AUC: 0.0483

--- Round 140/500 ---
Averaged Train Loss: 1.5651
Averaged Test Accuracy: 0.4223
Averaged Test AUC: 0.8325
Std Test Accuracy: 0.1531
Std Test AUC: 0.0540

--- Round 141/500 ---
Averaged Train Loss: 1.6393
Averaged Test Accuracy: 0.3996
Averaged Test AUC: 0.8215
Std Test Accuracy: 0.1656
Std Test AUC: 0.0651

--- Round 142/500 ---
Averaged Train Loss: 1.6344
Averaged Test Accuracy: 0.4097
Averaged Test AUC: 0.8283
Std Test Accuracy: 0.2135
Std Test AUC: 0.0876

--- Round 143/500 ---
Averaged Train Loss: 1.8131
Averaged Test Accuracy: 0.3259
Averaged Test AUC: 0.8115
Std Test Accuracy: 0.2211
Std Test AUC: 0.0747

--- Round 144/500 ---
Averaged Train Loss: 1.6733
Averaged Test Accuracy: 0.4005
Averaged Test AUC: 0.8218
Std Test Accuracy: 0.2072
Std Test AUC: 0.0867

--- Round 145/500 ---
Averaged Train Loss: 1.6813
Averaged Test Accuracy: 0.3924
Averaged Test AUC: 0.8159
Std Test Accuracy: 0.1463
Std Test AUC: 0.0662

--- Round 146/500 ---
Averaged Train Loss: 1.5761
Averaged Test Accuracy: 0.4153
Averaged Test AUC: 0.8328
Std Test Accuracy: 0.1715
Std Test AUC: 0.0607

--- Round 147/500 ---
Averaged Train Loss: 1.5925
Averaged Test Accuracy: 0.4115
Averaged Test AUC: 0.8316
Std Test Accuracy: 0.1854
Std Test AUC: 0.0627

--- Round 148/500 ---
Averaged Train Loss: 1.6881
Averaged Test Accuracy: 0.3936
Averaged Test AUC: 0.8206
Std Test Accuracy: 0.1862
Std Test AUC: 0.0753

--- Round 149/500 ---
Averaged Train Loss: 1.7427
Averaged Test Accuracy: 0.3592
Averaged Test AUC: 0.8142
Std Test Accuracy: 0.2030
Std Test AUC: 0.0727

--- Round 150/500 ---
Averaged Train Loss: 1.6642
Averaged Test Accuracy: 0.3960
Averaged Test AUC: 0.8217
Std Test Accuracy: 0.1922
Std Test AUC: 0.0758

--- Round 151/500 ---
Averaged Train Loss: 1.6415
Averaged Test Accuracy: 0.4029
Averaged Test AUC: 0.8258
Std Test Accuracy: 0.1733
Std Test AUC: 0.0658

--- Round 152/500 ---
Averaged Train Loss: 1.4865
Averaged Test Accuracy: 0.4579
Averaged Test AUC: 0.8456
Std Test Accuracy: 0.1442
Std Test AUC: 0.0505

--- Round 153/500 ---
Averaged Train Loss: 1.5865
Averaged Test Accuracy: 0.4163
Averaged Test AUC: 0.8298
Std Test Accuracy: 0.1492
Std Test AUC: 0.0587

--- Round 154/500 ---
Averaged Train Loss: 1.5695
Averaged Test Accuracy: 0.4187
Averaged Test AUC: 0.8391
Std Test Accuracy: 0.1919
Std Test AUC: 0.0642

--- Round 155/500 ---
Averaged Train Loss: 1.6889
Averaged Test Accuracy: 0.3708
Averaged Test AUC: 0.8256
Std Test Accuracy: 0.2019
Std Test AUC: 0.0630

--- Round 156/500 ---
Averaged Train Loss: 1.6884
Averaged Test Accuracy: 0.3956
Averaged Test AUC: 0.8229
Std Test Accuracy: 0.2029
Std Test AUC: 0.0730

--- Round 157/500 ---
Averaged Train Loss: 1.5915
Averaged Test Accuracy: 0.4160
Averaged Test AUC: 0.8321
Std Test Accuracy: 0.1683
Std Test AUC: 0.0566

--- Round 158/500 ---
Averaged Train Loss: 1.5107
Averaged Test Accuracy: 0.4377
Averaged Test AUC: 0.8438
Std Test Accuracy: 0.1425
Std Test AUC: 0.0440

--- Round 159/500 ---
Averaged Train Loss: 1.5635
Averaged Test Accuracy: 0.4306
Averaged Test AUC: 0.8358
Std Test Accuracy: 0.1671
Std Test AUC: 0.0606

--- Round 160/500 ---
Averaged Train Loss: 1.6045
Averaged Test Accuracy: 0.4180
Averaged Test AUC: 0.8310
Std Test Accuracy: 0.1949
Std Test AUC: 0.0843

--- Round 161/500 ---
Averaged Train Loss: 1.5461
Averaged Test Accuracy: 0.4217
Averaged Test AUC: 0.8383
Std Test Accuracy: 0.1371
Std Test AUC: 0.0410

--- Round 162/500 ---
Averaged Train Loss: 1.5312
Averaged Test Accuracy: 0.4468
Averaged Test AUC: 0.8381
Std Test Accuracy: 0.1754
Std Test AUC: 0.0728

--- Round 163/500 ---
Averaged Train Loss: 1.6001
Averaged Test Accuracy: 0.3962
Averaged Test AUC: 0.8369
Std Test Accuracy: 0.2044
Std Test AUC: 0.0574

--- Round 164/500 ---
Averaged Train Loss: 1.6003
Averaged Test Accuracy: 0.4028
Averaged Test AUC: 0.8345
Std Test Accuracy: 0.1928
Std Test AUC: 0.0583

--- Round 165/500 ---
Averaged Train Loss: 1.5849
Averaged Test Accuracy: 0.4179
Averaged Test AUC: 0.8354
Std Test Accuracy: 0.1848
Std Test AUC: 0.0713

--- Round 166/500 ---
Averaged Train Loss: 1.5744
Averaged Test Accuracy: 0.4291
Averaged Test AUC: 0.8402
Std Test Accuracy: 0.1918
Std Test AUC: 0.0642

--- Round 167/500 ---
Averaged Train Loss: 1.5714
Averaged Test Accuracy: 0.4142
Averaged Test AUC: 0.8366
Std Test Accuracy: 0.1550
Std Test AUC: 0.0479

--- Round 168/500 ---
Averaged Train Loss: 1.5268
Averaged Test Accuracy: 0.4492
Averaged Test AUC: 0.8385
Std Test Accuracy: 0.1740
Std Test AUC: 0.0698

--- Round 169/500 ---
Averaged Train Loss: 1.6203
Averaged Test Accuracy: 0.3866
Averaged Test AUC: 0.8355
Std Test Accuracy: 0.2067
Std Test AUC: 0.0594

--- Round 170/500 ---
Averaged Train Loss: 1.6094
Averaged Test Accuracy: 0.4075
Averaged Test AUC: 0.8332
Std Test Accuracy: 0.1915
Std Test AUC: 0.0633

--- Round 171/500 ---
Averaged Train Loss: 1.6024
Averaged Test Accuracy: 0.4096
Averaged Test AUC: 0.8357
Std Test Accuracy: 0.1982
Std Test AUC: 0.0710

--- Round 172/500 ---
Averaged Train Loss: 1.5061
Averaged Test Accuracy: 0.4548
Averaged Test AUC: 0.8430
Std Test Accuracy: 0.1691
Std Test AUC: 0.0618

--- Round 173/500 ---
Averaged Train Loss: 1.5478
Averaged Test Accuracy: 0.4284
Averaged Test AUC: 0.8385
Std Test Accuracy: 0.1358
Std Test AUC: 0.0526

--- Round 174/500 ---
Averaged Train Loss: 1.5039
Averaged Test Accuracy: 0.4517
Averaged Test AUC: 0.8419
Std Test Accuracy: 0.1672
Std Test AUC: 0.0614

--- Round 175/500 ---
Averaged Train Loss: 1.6637
Averaged Test Accuracy: 0.4039
Averaged Test AUC: 0.8262
Std Test Accuracy: 0.1516
Std Test AUC: 0.0675

--- Round 176/500 ---
Averaged Train Loss: 1.4867
Averaged Test Accuracy: 0.4524
Averaged Test AUC: 0.8485
Std Test Accuracy: 0.1685
Std Test AUC: 0.0506

--- Round 177/500 ---
Averaged Train Loss: 1.6017
Averaged Test Accuracy: 0.4160
Averaged Test AUC: 0.8321
Std Test Accuracy: 0.1505
Std Test AUC: 0.0647

--- Round 178/500 ---
Averaged Train Loss: 1.5240
Averaged Test Accuracy: 0.4450
Averaged Test AUC: 0.8414
Std Test Accuracy: 0.1763
Std Test AUC: 0.0620

--- Round 179/500 ---
Averaged Train Loss: 1.5634
Averaged Test Accuracy: 0.4361
Averaged Test AUC: 0.8385
Std Test Accuracy: 0.1554
Std Test AUC: 0.0603

--- Round 180/500 ---
Averaged Train Loss: 1.7364
Averaged Test Accuracy: 0.3716
Averaged Test AUC: 0.8178
Std Test Accuracy: 0.2175
Std Test AUC: 0.0914

--- Round 181/500 ---
Averaged Train Loss: 1.4756
Averaged Test Accuracy: 0.4538
Averaged Test AUC: 0.8511
Std Test Accuracy: 0.1594
Std Test AUC: 0.0415

--- Round 182/500 ---
Averaged Train Loss: 1.5353
Averaged Test Accuracy: 0.4260
Averaged Test AUC: 0.8428
Std Test Accuracy: 0.1812
Std Test AUC: 0.0578

--- Round 183/500 ---
Averaged Train Loss: 1.5230
Averaged Test Accuracy: 0.4355
Averaged Test AUC: 0.8438
Std Test Accuracy: 0.1773
Std Test AUC: 0.0554

--- Round 184/500 ---
Averaged Train Loss: 1.5557
Averaged Test Accuracy: 0.4292
Averaged Test AUC: 0.8421
Std Test Accuracy: 0.2028
Std Test AUC: 0.0693

--- Round 185/500 ---
Averaged Train Loss: 1.5544
Averaged Test Accuracy: 0.4167
Averaged Test AUC: 0.8423
Std Test Accuracy: 0.1607
Std Test AUC: 0.0415

--- Round 186/500 ---
Averaged Train Loss: 1.6578
Averaged Test Accuracy: 0.4081
Averaged Test AUC: 0.8225
Std Test Accuracy: 0.2095
Std Test AUC: 0.0948

--- Round 187/500 ---
Averaged Train Loss: 1.5502
Averaged Test Accuracy: 0.4365
Averaged Test AUC: 0.8408
Std Test Accuracy: 0.1584
Std Test AUC: 0.0481

--- Round 188/500 ---
Averaged Train Loss: 1.5152
Averaged Test Accuracy: 0.4482
Averaged Test AUC: 0.8461
Std Test Accuracy: 0.1374
Std Test AUC: 0.0523

--- Round 189/500 ---
Averaged Train Loss: 1.7022
Averaged Test Accuracy: 0.3973
Averaged Test AUC: 0.8193
Std Test Accuracy: 0.1896
Std Test AUC: 0.0859

--- Round 190/500 ---
Averaged Train Loss: 1.5641
Averaged Test Accuracy: 0.4294
Averaged Test AUC: 0.8399
Std Test Accuracy: 0.1670
Std Test AUC: 0.0584

--- Round 191/500 ---
Averaged Train Loss: 1.4940
Averaged Test Accuracy: 0.4600
Averaged Test AUC: 0.8433
Std Test Accuracy: 0.1395
Std Test AUC: 0.0451

--- Round 192/500 ---
Averaged Train Loss: 1.6018
Averaged Test Accuracy: 0.4303
Averaged Test AUC: 0.8310
Std Test Accuracy: 0.2013
Std Test AUC: 0.0866

--- Round 193/500 ---
Averaged Train Loss: 1.6946
Averaged Test Accuracy: 0.3872
Averaged Test AUC: 0.8264
Std Test Accuracy: 0.1899
Std Test AUC: 0.0681

--- Round 194/500 ---
Averaged Train Loss: 1.5324
Averaged Test Accuracy: 0.4423
Averaged Test AUC: 0.8430
Std Test Accuracy: 0.1857
Std Test AUC: 0.0684

--- Round 195/500 ---
Averaged Train Loss: 1.5298
Averaged Test Accuracy: 0.4418
Averaged Test AUC: 0.8431
Std Test Accuracy: 0.1752
Std Test AUC: 0.0630

--- Round 196/500 ---
Averaged Train Loss: 1.5689
Averaged Test Accuracy: 0.4194
Averaged Test AUC: 0.8450
Std Test Accuracy: 0.1874
Std Test AUC: 0.0512

--- Round 197/500 ---
Averaged Train Loss: 1.4655
Averaged Test Accuracy: 0.4654
Averaged Test AUC: 0.8507
Std Test Accuracy: 0.1445
Std Test AUC: 0.0379

--- Round 198/500 ---
Averaged Train Loss: 1.6950
Averaged Test Accuracy: 0.4003
Averaged Test AUC: 0.8204
Std Test Accuracy: 0.1984
Std Test AUC: 0.0874

--- Round 199/500 ---
Averaged Train Loss: 1.5478
Averaged Test Accuracy: 0.4381
Averaged Test AUC: 0.8408
Std Test Accuracy: 0.1588
Std Test AUC: 0.0491

--- Round 200/500 ---
Averaged Train Loss: 1.4900
Averaged Test Accuracy: 0.4568
Averaged Test AUC: 0.8500
Std Test Accuracy: 0.1221
Std Test AUC: 0.0457

--- Round 201/500 ---
Averaged Train Loss: 1.6360
Averaged Test Accuracy: 0.4190
Averaged Test AUC: 0.8290
Std Test Accuracy: 0.1759
Std Test AUC: 0.0786

--- Round 202/500 ---
Averaged Train Loss: 1.5157
Averaged Test Accuracy: 0.4381
Averaged Test AUC: 0.8482
Std Test Accuracy: 0.1820
Std Test AUC: 0.0523

--- Round 203/500 ---
Averaged Train Loss: 1.4791
Averaged Test Accuracy: 0.4590
Averaged Test AUC: 0.8495
Std Test Accuracy: 0.1558
Std Test AUC: 0.0419

--- Round 204/500 ---
Averaged Train Loss: 1.5893
Averaged Test Accuracy: 0.4280
Averaged Test AUC: 0.8334
Std Test Accuracy: 0.1766
Std Test AUC: 0.0698

--- Round 205/500 ---
Averaged Train Loss: 1.5991
Averaged Test Accuracy: 0.4286
Averaged Test AUC: 0.8342
Std Test Accuracy: 0.1667
Std Test AUC: 0.0603

--- Round 206/500 ---
Averaged Train Loss: 1.4966
Averaged Test Accuracy: 0.4590
Averaged Test AUC: 0.8473
Std Test Accuracy: 0.1675
Std Test AUC: 0.0561

--- Round 207/500 ---
Averaged Train Loss: 1.6088
Averaged Test Accuracy: 0.4362
Averaged Test AUC: 0.8316
Std Test Accuracy: 0.1631
Std Test AUC: 0.0787

--- Round 208/500 ---
Averaged Train Loss: 1.5366
Averaged Test Accuracy: 0.4328
Averaged Test AUC: 0.8472
Std Test Accuracy: 0.1834
Std Test AUC: 0.0504

--- Round 209/500 ---
Averaged Train Loss: 1.5436
Averaged Test Accuracy: 0.4364
Averaged Test AUC: 0.8431
Std Test Accuracy: 0.1887
Std Test AUC: 0.0580

--- Round 210/500 ---
Averaged Train Loss: 1.6739
Averaged Test Accuracy: 0.4111
Averaged Test AUC: 0.8256
Std Test Accuracy: 0.1852
Std Test AUC: 0.0820

--- Round 211/500 ---
Averaged Train Loss: 1.5354
Averaged Test Accuracy: 0.4385
Averaged Test AUC: 0.8435
Std Test Accuracy: 0.1529
Std Test AUC: 0.0450

--- Round 212/500 ---
Averaged Train Loss: 1.4268
Averaged Test Accuracy: 0.4812
Averaged Test AUC: 0.8540
Std Test Accuracy: 0.1453
Std Test AUC: 0.0512

--- Round 213/500 ---
Averaged Train Loss: 1.5921
Averaged Test Accuracy: 0.4363
Averaged Test AUC: 0.8361
Std Test Accuracy: 0.1549
Std Test AUC: 0.0690

--- Round 214/500 ---
Averaged Train Loss: 1.6148
Averaged Test Accuracy: 0.4232
Averaged Test AUC: 0.8400
Std Test Accuracy: 0.2206
Std Test AUC: 0.0741

--- Round 215/500 ---
Averaged Train Loss: 1.5646
Averaged Test Accuracy: 0.4296
Averaged Test AUC: 0.8413
Std Test Accuracy: 0.1739
Std Test AUC: 0.0535

--- Round 216/500 ---
Averaged Train Loss: 1.6565
Averaged Test Accuracy: 0.4119
Averaged Test AUC: 0.8338
Std Test Accuracy: 0.2083
Std Test AUC: 0.0727

--- Round 217/500 ---
Averaged Train Loss: 1.5760
Averaged Test Accuracy: 0.4334
Averaged Test AUC: 0.8405
Std Test Accuracy: 0.1829
Std Test AUC: 0.0649

--- Round 218/500 ---
Averaged Train Loss: 1.4413
Averaged Test Accuracy: 0.4716
Averaged Test AUC: 0.8542
Std Test Accuracy: 0.1621
Std Test AUC: 0.0523

--- Round 219/500 ---
Averaged Train Loss: 1.4959
Averaged Test Accuracy: 0.4464
Averaged Test AUC: 0.8502
Std Test Accuracy: 0.1780
Std Test AUC: 0.0488

--- Round 220/500 ---
Averaged Train Loss: 1.5296
Averaged Test Accuracy: 0.4437
Averaged Test AUC: 0.8458
Std Test Accuracy: 0.1754
Std Test AUC: 0.0573

--- Round 221/500 ---
Averaged Train Loss: 1.5972
Averaged Test Accuracy: 0.4158
Averaged Test AUC: 0.8407
Std Test Accuracy: 0.1896
Std Test AUC: 0.0583

--- Round 222/500 ---
Averaged Train Loss: 1.7262
Averaged Test Accuracy: 0.4003
Averaged Test AUC: 0.8279
Std Test Accuracy: 0.2125
Std Test AUC: 0.0768

--- Round 223/500 ---
Averaged Train Loss: 1.5619
Averaged Test Accuracy: 0.4309
Averaged Test AUC: 0.8425
Std Test Accuracy: 0.1800
Std Test AUC: 0.0602

--- Round 224/500 ---
Averaged Train Loss: 1.4553
Averaged Test Accuracy: 0.4595
Averaged Test AUC: 0.8546
Std Test Accuracy: 0.1615
Std Test AUC: 0.0481

--- Round 225/500 ---
Averaged Train Loss: 1.6259
Averaged Test Accuracy: 0.3997
Averaged Test AUC: 0.8411
Std Test Accuracy: 0.2211
Std Test AUC: 0.0673

--- Round 226/500 ---
Averaged Train Loss: 1.6125
Averaged Test Accuracy: 0.4157
Averaged Test AUC: 0.8438
Std Test Accuracy: 0.2131
Std Test AUC: 0.0599

--- Round 227/500 ---
Averaged Train Loss: 1.4787
Averaged Test Accuracy: 0.4517
Averaged Test AUC: 0.8504
Std Test Accuracy: 0.1515
Std Test AUC: 0.0523

--- Round 228/500 ---
Averaged Train Loss: 1.5059
Averaged Test Accuracy: 0.4567
Averaged Test AUC: 0.8517
Std Test Accuracy: 0.1910
Std Test AUC: 0.0519

--- Round 229/500 ---
Averaged Train Loss: 1.6187
Averaged Test Accuracy: 0.4059
Averaged Test AUC: 0.8360
Std Test Accuracy: 0.1934
Std Test AUC: 0.0702

--- Round 230/500 ---
Averaged Train Loss: 1.5335
Averaged Test Accuracy: 0.4431
Averaged Test AUC: 0.8492
Std Test Accuracy: 0.1990
Std Test AUC: 0.0570

--- Round 231/500 ---
Averaged Train Loss: 1.6674
Averaged Test Accuracy: 0.4236
Averaged Test AUC: 0.8281
Std Test Accuracy: 0.2138
Std Test AUC: 0.0961

--- Round 232/500 ---
Averaged Train Loss: 1.6161
Averaged Test Accuracy: 0.4068
Averaged Test AUC: 0.8400
Std Test Accuracy: 0.1844
Std Test AUC: 0.0547

--- Round 233/500 ---
Averaged Train Loss: 1.4450
Averaged Test Accuracy: 0.4790
Averaged Test AUC: 0.8514
Std Test Accuracy: 0.1739
Std Test AUC: 0.0662

--- Round 234/500 ---
Averaged Train Loss: 1.6032
Averaged Test Accuracy: 0.4246
Averaged Test AUC: 0.8389
Std Test Accuracy: 0.1674
Std Test AUC: 0.0638

--- Round 235/500 ---
Averaged Train Loss: 1.4527
Averaged Test Accuracy: 0.4679
Averaged Test AUC: 0.8577
Std Test Accuracy: 0.1839
Std Test AUC: 0.0498

--- Round 236/500 ---
Averaged Train Loss: 1.5528
Averaged Test Accuracy: 0.4260
Averaged Test AUC: 0.8451
Std Test Accuracy: 0.1700
Std Test AUC: 0.0549

--- Round 237/500 ---
Averaged Train Loss: 1.4846
Averaged Test Accuracy: 0.4615
Averaged Test AUC: 0.8511
Std Test Accuracy: 0.1451
Std Test AUC: 0.0514

--- Round 238/500 ---
Averaged Train Loss: 1.4725
Averaged Test Accuracy: 0.4645
Averaged Test AUC: 0.8526
Std Test Accuracy: 0.1682
Std Test AUC: 0.0503

--- Round 239/500 ---
Averaged Train Loss: 1.4564
Averaged Test Accuracy: 0.4658
Averaged Test AUC: 0.8501
Std Test Accuracy: 0.1520
Std Test AUC: 0.0561

--- Round 240/500 ---
Averaged Train Loss: 1.4342
Averaged Test Accuracy: 0.4749
Averaged Test AUC: 0.8603
Std Test Accuracy: 0.1290
Std Test AUC: 0.0387

--- Round 241/500 ---
Averaged Train Loss: 1.5528
Averaged Test Accuracy: 0.4307
Averaged Test AUC: 0.8454
Std Test Accuracy: 0.1850
Std Test AUC: 0.0630

--- Round 242/500 ---
Averaged Train Loss: 1.5334
Averaged Test Accuracy: 0.4434
Averaged Test AUC: 0.8522
Std Test Accuracy: 0.2007
Std Test AUC: 0.0550

--- Round 243/500 ---
Averaged Train Loss: 1.6963
Averaged Test Accuracy: 0.3947
Averaged Test AUC: 0.8349
Std Test Accuracy: 0.2220
Std Test AUC: 0.0680

--- Round 244/500 ---
Averaged Train Loss: 1.6100
Averaged Test Accuracy: 0.4206
Averaged Test AUC: 0.8438
Std Test Accuracy: 0.2158
Std Test AUC: 0.0647

--- Round 245/500 ---
Averaged Train Loss: 1.4408
Averaged Test Accuracy: 0.4826
Averaged Test AUC: 0.8535
Std Test Accuracy: 0.1669
Std Test AUC: 0.0673

--- Round 246/500 ---
Averaged Train Loss: 1.4862
Averaged Test Accuracy: 0.4590
Averaged Test AUC: 0.8502
Std Test Accuracy: 0.1532
Std Test AUC: 0.0486

--- Round 247/500 ---
Averaged Train Loss: 1.5343
Averaged Test Accuracy: 0.4484
Averaged Test AUC: 0.8481
Std Test Accuracy: 0.2059
Std Test AUC: 0.0674

--- Round 248/500 ---
Averaged Train Loss: 1.4969
Averaged Test Accuracy: 0.4507
Averaged Test AUC: 0.8540
Std Test Accuracy: 0.1682
Std Test AUC: 0.0488

--- Round 249/500 ---
Averaged Train Loss: 1.5315
Averaged Test Accuracy: 0.4488
Averaged Test AUC: 0.8473
Std Test Accuracy: 0.1550
Std Test AUC: 0.0518

--- Round 250/500 ---
Averaged Train Loss: 1.5828
Averaged Test Accuracy: 0.4420
Averaged Test AUC: 0.8381
Std Test Accuracy: 0.1663
Std Test AUC: 0.0684

--- Round 251/500 ---
Averaged Train Loss: 1.4224
Averaged Test Accuracy: 0.4875
Averaged Test AUC: 0.8566
Std Test Accuracy: 0.1602
Std Test AUC: 0.0634

--- Round 252/500 ---
Averaged Train Loss: 1.4807
Averaged Test Accuracy: 0.4595
Averaged Test AUC: 0.8501
Std Test Accuracy: 0.1443
Std Test AUC: 0.0513

--- Round 253/500 ---
Averaged Train Loss: 1.4923
Averaged Test Accuracy: 0.4609
Averaged Test AUC: 0.8523
Std Test Accuracy: 0.1823
Std Test AUC: 0.0597

--- Round 254/500 ---
Averaged Train Loss: 1.4208
Averaged Test Accuracy: 0.4792
Averaged Test AUC: 0.8589
Std Test Accuracy: 0.1315
Std Test AUC: 0.0438

--- Round 255/500 ---
Averaged Train Loss: 1.4866
Averaged Test Accuracy: 0.4546
Averaged Test AUC: 0.8532
Std Test Accuracy: 0.1842
Std Test AUC: 0.0541

--- Round 256/500 ---
Averaged Train Loss: 1.5124
Averaged Test Accuracy: 0.4566
Averaged Test AUC: 0.8463
Std Test Accuracy: 0.1492
Std Test AUC: 0.0559

--- Round 257/500 ---
Averaged Train Loss: 1.4588
Averaged Test Accuracy: 0.4685
Averaged Test AUC: 0.8551
Std Test Accuracy: 0.1571
Std Test AUC: 0.0498

--- Round 258/500 ---
Averaged Train Loss: 1.5438
Averaged Test Accuracy: 0.4360
Averaged Test AUC: 0.8491
Std Test Accuracy: 0.1808
Std Test AUC: 0.0549

--- Round 259/500 ---
Averaged Train Loss: 1.4484
Averaged Test Accuracy: 0.4746
Averaged Test AUC: 0.8556
Std Test Accuracy: 0.1717
Std Test AUC: 0.0504

--- Round 260/500 ---
Averaged Train Loss: 1.4315
Averaged Test Accuracy: 0.4786
Averaged Test AUC: 0.8560
Std Test Accuracy: 0.1404
Std Test AUC: 0.0542

--- Round 261/500 ---
Averaged Train Loss: 1.4256
Averaged Test Accuracy: 0.4780
Averaged Test AUC: 0.8576
Std Test Accuracy: 0.1263
Std Test AUC: 0.0432

--- Round 262/500 ---
Averaged Train Loss: 1.6181
Averaged Test Accuracy: 0.4190
Averaged Test AUC: 0.8385
Std Test Accuracy: 0.1599
Std Test AUC: 0.0587

--- Round 263/500 ---
Averaged Train Loss: 1.4089
Averaged Test Accuracy: 0.4931
Averaged Test AUC: 0.8582
Std Test Accuracy: 0.1510
Std Test AUC: 0.0594

--- Round 264/500 ---
Averaged Train Loss: 1.5320
Averaged Test Accuracy: 0.4380
Averaged Test AUC: 0.8465
Std Test Accuracy: 0.1590
Std Test AUC: 0.0535

--- Round 265/500 ---
Averaged Train Loss: 1.4845
Averaged Test Accuracy: 0.4662
Averaged Test AUC: 0.8515
Std Test Accuracy: 0.1810
Std Test AUC: 0.0549

--- Round 266/500 ---
Averaged Train Loss: 1.4433
Averaged Test Accuracy: 0.4736
Averaged Test AUC: 0.8561
Std Test Accuracy: 0.1476
Std Test AUC: 0.0525

--- Round 267/500 ---
Averaged Train Loss: 1.4709
Averaged Test Accuracy: 0.4684
Averaged Test AUC: 0.8478
Std Test Accuracy: 0.1500
Std Test AUC: 0.0560

--- Round 268/500 ---
Averaged Train Loss: 1.5476
Averaged Test Accuracy: 0.4459
Averaged Test AUC: 0.8435
Std Test Accuracy: 0.1699
Std Test AUC: 0.0580

--- Round 269/500 ---
Averaged Train Loss: 1.4022
Averaged Test Accuracy: 0.4950
Averaged Test AUC: 0.8594
Std Test Accuracy: 0.1538
Std Test AUC: 0.0605

--- Round 270/500 ---
Averaged Train Loss: 1.5534
Averaged Test Accuracy: 0.4337
Averaged Test AUC: 0.8478
Std Test Accuracy: 0.1712
Std Test AUC: 0.0490

--- Round 271/500 ---
Averaged Train Loss: 1.4790
Averaged Test Accuracy: 0.4649
Averaged Test AUC: 0.8547
Std Test Accuracy: 0.1881
Std Test AUC: 0.0531

--- Round 272/500 ---
Averaged Train Loss: 1.4125
Averaged Test Accuracy: 0.4806
Averaged Test AUC: 0.8599
Std Test Accuracy: 0.1303
Std Test AUC: 0.0432

--- Round 273/500 ---
Averaged Train Loss: 1.4173
Averaged Test Accuracy: 0.4810
Averaged Test AUC: 0.8552
Std Test Accuracy: 0.1201
Std Test AUC: 0.0431

--- Round 274/500 ---
Averaged Train Loss: 1.5848
Averaged Test Accuracy: 0.4408
Averaged Test AUC: 0.8398
Std Test Accuracy: 0.1645
Std Test AUC: 0.0727

--- Round 275/500 ---
Averaged Train Loss: 1.3966
Averaged Test Accuracy: 0.4933
Averaged Test AUC: 0.8610
Std Test Accuracy: 0.1503
Std Test AUC: 0.0547

--- Round 276/500 ---
Averaged Train Loss: 1.4663
Averaged Test Accuracy: 0.4604
Averaged Test AUC: 0.8561
Std Test Accuracy: 0.1815
Std Test AUC: 0.0468

--- Round 277/500 ---
Averaged Train Loss: 1.4686
Averaged Test Accuracy: 0.4679
Averaged Test AUC: 0.8510
Std Test Accuracy: 0.1570
Std Test AUC: 0.0631

--- Round 278/500 ---
Averaged Train Loss: 1.4084
Averaged Test Accuracy: 0.4915
Averaged Test AUC: 0.8607
Std Test Accuracy: 0.1455
Std Test AUC: 0.0522

--- Round 279/500 ---
Averaged Train Loss: 1.7480
Averaged Test Accuracy: 0.3886
Averaged Test AUC: 0.8281
Std Test Accuracy: 0.2250
Std Test AUC: 0.0809

--- Round 280/500 ---
Averaged Train Loss: 1.5074
Averaged Test Accuracy: 0.4615
Averaged Test AUC: 0.8519
Std Test Accuracy: 0.1961
Std Test AUC: 0.0667

--- Round 281/500 ---
Averaged Train Loss: 1.4186
Averaged Test Accuracy: 0.4787
Averaged Test AUC: 0.8569
Std Test Accuracy: 0.1534
Std Test AUC: 0.0573

--- Round 282/500 ---
Averaged Train Loss: 1.4248
Averaged Test Accuracy: 0.4804
Averaged Test AUC: 0.8595
Std Test Accuracy: 0.1754
Std Test AUC: 0.0437

--- Round 283/500 ---
Averaged Train Loss: 1.5195
Averaged Test Accuracy: 0.4437
Averaged Test AUC: 0.8484
Std Test Accuracy: 0.1631
Std Test AUC: 0.0571

--- Round 284/500 ---
Averaged Train Loss: 1.4924
Averaged Test Accuracy: 0.4604
Averaged Test AUC: 0.8555
Std Test Accuracy: 0.1910
Std Test AUC: 0.0613

--- Round 285/500 ---
Averaged Train Loss: 1.5490
Averaged Test Accuracy: 0.4351
Averaged Test AUC: 0.8486
Std Test Accuracy: 0.2203
Std Test AUC: 0.0662

--- Round 286/500 ---
Averaged Train Loss: 1.5858
Averaged Test Accuracy: 0.4196
Averaged Test AUC: 0.8466
Std Test Accuracy: 0.1841
Std Test AUC: 0.0553

--- Round 287/500 ---
Averaged Train Loss: 1.4791
Averaged Test Accuracy: 0.4750
Averaged Test AUC: 0.8502
Std Test Accuracy: 0.1674
Std Test AUC: 0.0739

--- Round 288/500 ---
Averaged Train Loss: 1.5714
Averaged Test Accuracy: 0.4293
Averaged Test AUC: 0.8461
Std Test Accuracy: 0.1974
Std Test AUC: 0.0571

--- Round 289/500 ---
Averaged Train Loss: 1.3992
Averaged Test Accuracy: 0.4856
Averaged Test AUC: 0.8617
Std Test Accuracy: 0.1569
Std Test AUC: 0.0462

--- Round 290/500 ---
Averaged Train Loss: 1.3768
Averaged Test Accuracy: 0.4924
Averaged Test AUC: 0.8643
Std Test Accuracy: 0.1327
Std Test AUC: 0.0371

--- Round 291/500 ---
Averaged Train Loss: 1.5571
Averaged Test Accuracy: 0.4417
Averaged Test AUC: 0.8504
Std Test Accuracy: 0.2117
Std Test AUC: 0.0609

--- Round 292/500 ---
Averaged Train Loss: 1.5354
Averaged Test Accuracy: 0.4371
Averaged Test AUC: 0.8515
Std Test Accuracy: 0.1776
Std Test AUC: 0.0519

--- Round 293/500 ---
Averaged Train Loss: 1.4660
Averaged Test Accuracy: 0.4810
Averaged Test AUC: 0.8505
Std Test Accuracy: 0.1588
Std Test AUC: 0.0760

--- Round 294/500 ---
Averaged Train Loss: 1.5593
Averaged Test Accuracy: 0.4344
Averaged Test AUC: 0.8467
Std Test Accuracy: 0.1852
Std Test AUC: 0.0548

--- Round 295/500 ---
Averaged Train Loss: 1.3854
Averaged Test Accuracy: 0.4917
Averaged Test AUC: 0.8627
Std Test Accuracy: 0.1531
Std Test AUC: 0.0457

--- Round 296/500 ---
Averaged Train Loss: 1.3818
Averaged Test Accuracy: 0.4913
Averaged Test AUC: 0.8640
Std Test Accuracy: 0.1410
Std Test AUC: 0.0365

--- Round 297/500 ---
Averaged Train Loss: 1.6263
Averaged Test Accuracy: 0.4223
Averaged Test AUC: 0.8445
Std Test Accuracy: 0.2298
Std Test AUC: 0.0682

--- Round 298/500 ---
Averaged Train Loss: 1.4464
Averaged Test Accuracy: 0.4679
Averaged Test AUC: 0.8578
Std Test Accuracy: 0.1640
Std Test AUC: 0.0464

--- Round 299/500 ---
Averaged Train Loss: 1.3984
Averaged Test Accuracy: 0.4922
Averaged Test AUC: 0.8609
Std Test Accuracy: 0.1478
Std Test AUC: 0.0576

--- Round 300/500 ---
Averaged Train Loss: 1.5521
Averaged Test Accuracy: 0.4407
Averaged Test AUC: 0.8483
Std Test Accuracy: 0.1895
Std Test AUC: 0.0600

--- Round 301/500 ---
Averaged Train Loss: 1.4130
Averaged Test Accuracy: 0.4824
Averaged Test AUC: 0.8589
Std Test Accuracy: 0.1711
Std Test AUC: 0.0494

--- Round 302/500 ---
Averaged Train Loss: 1.3649
Averaged Test Accuracy: 0.5038
Averaged Test AUC: 0.8643
Std Test Accuracy: 0.1281
Std Test AUC: 0.0422

--- Round 303/500 ---
Averaged Train Loss: 1.4741
Averaged Test Accuracy: 0.4653
Averaged Test AUC: 0.8550
Std Test Accuracy: 0.1925
Std Test AUC: 0.0549

--- Round 304/500 ---
Averaged Train Loss: 1.3761
Averaged Test Accuracy: 0.5000
Averaged Test AUC: 0.8613
Std Test Accuracy: 0.1425
Std Test AUC: 0.0441

--- Round 305/500 ---
Averaged Train Loss: 1.3710
Averaged Test Accuracy: 0.4987
Averaged Test AUC: 0.8659
Std Test Accuracy: 0.1358
Std Test AUC: 0.0442

--- Round 306/500 ---
Averaged Train Loss: 1.6384
Averaged Test Accuracy: 0.4242
Averaged Test AUC: 0.8390
Std Test Accuracy: 0.1954
Std Test AUC: 0.0715

--- Round 307/500 ---
Averaged Train Loss: 1.4250
Averaged Test Accuracy: 0.4858
Averaged Test AUC: 0.8578
Std Test Accuracy: 0.1770
Std Test AUC: 0.0559

--- Round 308/500 ---
Averaged Train Loss: 1.3444
Averaged Test Accuracy: 0.5089
Averaged Test AUC: 0.8673
Std Test Accuracy: 0.0968
Std Test AUC: 0.0315

--- Round 309/500 ---
Averaged Train Loss: 1.4599
Averaged Test Accuracy: 0.4684
Averaged Test AUC: 0.8546
Std Test Accuracy: 0.1667
Std Test AUC: 0.0501

--- Round 310/500 ---
Averaged Train Loss: 1.4574
Averaged Test Accuracy: 0.4709
Averaged Test AUC: 0.8529
Std Test Accuracy: 0.1726
Std Test AUC: 0.0621

--- Round 311/500 ---
Averaged Train Loss: 1.3410
Averaged Test Accuracy: 0.5079
Averaged Test AUC: 0.8680
Std Test Accuracy: 0.1434
Std Test AUC: 0.0445

--- Round 312/500 ---
Averaged Train Loss: 1.6391
Averaged Test Accuracy: 0.4244
Averaged Test AUC: 0.8392
Std Test Accuracy: 0.1811
Std Test AUC: 0.0685

--- Round 313/500 ---
Averaged Train Loss: 1.4428
Averaged Test Accuracy: 0.4709
Averaged Test AUC: 0.8588
Std Test Accuracy: 0.1617
Std Test AUC: 0.0549

--- Round 314/500 ---
Averaged Train Loss: 1.4156
Averaged Test Accuracy: 0.4859
Averaged Test AUC: 0.8602
Std Test Accuracy: 0.1825
Std Test AUC: 0.0614

--- Round 315/500 ---
Averaged Train Loss: 1.5426
Averaged Test Accuracy: 0.4280
Averaged Test AUC: 0.8491
Std Test Accuracy: 0.1567
Std Test AUC: 0.0491

--- Round 316/500 ---
Averaged Train Loss: 1.3905
Averaged Test Accuracy: 0.4965
Averaged Test AUC: 0.8619
Std Test Accuracy: 0.1590
Std Test AUC: 0.0523

--- Round 317/500 ---
Averaged Train Loss: 1.4144
Averaged Test Accuracy: 0.4839
Averaged Test AUC: 0.8595
Std Test Accuracy: 0.1708
Std Test AUC: 0.0660

--- Round 318/500 ---
Averaged Train Loss: 1.5503
Averaged Test Accuracy: 0.4383
Averaged Test AUC: 0.8476
Std Test Accuracy: 0.1747
Std Test AUC: 0.0591

--- Round 319/500 ---
Averaged Train Loss: 1.3906
Averaged Test Accuracy: 0.4904
Averaged Test AUC: 0.8615
Std Test Accuracy: 0.1657
Std Test AUC: 0.0488

--- Round 320/500 ---
Averaged Train Loss: 1.4437
Averaged Test Accuracy: 0.4765
Averaged Test AUC: 0.8577
Std Test Accuracy: 0.1863
Std Test AUC: 0.0658

--- Round 321/500 ---
Averaged Train Loss: 1.6005
Averaged Test Accuracy: 0.4303
Averaged Test AUC: 0.8468
Std Test Accuracy: 0.2128
Std Test AUC: 0.0676

--- Round 322/500 ---
Averaged Train Loss: 1.3689
Averaged Test Accuracy: 0.4927
Averaged Test AUC: 0.8656
Std Test Accuracy: 0.1792
Std Test AUC: 0.0539

--- Round 323/500 ---
Averaged Train Loss: 1.3615
Averaged Test Accuracy: 0.4925
Averaged Test AUC: 0.8655
Std Test Accuracy: 0.1737
Std Test AUC: 0.0499

--- Round 324/500 ---
Averaged Train Loss: 1.3157
Averaged Test Accuracy: 0.5077
Averaged Test AUC: 0.8702
Std Test Accuracy: 0.1296
Std Test AUC: 0.0353

--- Round 325/500 ---
Averaged Train Loss: 1.3321
Averaged Test Accuracy: 0.5098
Averaged Test AUC: 0.8676
Std Test Accuracy: 0.1402
Std Test AUC: 0.0478

--- Round 326/500 ---
Averaged Train Loss: 1.2954
Averaged Test Accuracy: 0.5231
Averaged Test AUC: 0.8730
Std Test Accuracy: 0.1038
Std Test AUC: 0.0309

--- Round 327/500 ---
Averaged Train Loss: 1.4160
Averaged Test Accuracy: 0.4727
Averaged Test AUC: 0.8643
Std Test Accuracy: 0.1930
Std Test AUC: 0.0474

--- Round 328/500 ---
Averaged Train Loss: 1.3855
Averaged Test Accuracy: 0.4909
Averaged Test AUC: 0.8621
Std Test Accuracy: 0.1623
Std Test AUC: 0.0541

--- Round 329/500 ---
Averaged Train Loss: 1.3228
Averaged Test Accuracy: 0.5110
Averaged Test AUC: 0.8684
Std Test Accuracy: 0.1339
Std Test AUC: 0.0392

--- Round 330/500 ---
Averaged Train Loss: 1.3678
Averaged Test Accuracy: 0.4912
Averaged Test AUC: 0.8669
Std Test Accuracy: 0.1796
Std Test AUC: 0.0477

--- Round 331/500 ---
Averaged Train Loss: 1.3134
Averaged Test Accuracy: 0.5112
Averaged Test AUC: 0.8718
Std Test Accuracy: 0.1167
Std Test AUC: 0.0332

--- Round 332/500 ---
Averaged Train Loss: 1.3325
Averaged Test Accuracy: 0.5080
Averaged Test AUC: 0.8678
Std Test Accuracy: 0.1335
Std Test AUC: 0.0377

--- Round 333/500 ---
Averaged Train Loss: 1.4922
Averaged Test Accuracy: 0.4564
Averaged Test AUC: 0.8529
Std Test Accuracy: 0.2121
Std Test AUC: 0.0768

--- Round 334/500 ---
Averaged Train Loss: 1.3301
Averaged Test Accuracy: 0.5085
Averaged Test AUC: 0.8682
Std Test Accuracy: 0.1586
Std Test AUC: 0.0478

--- Round 335/500 ---
Averaged Train Loss: 1.3018
Averaged Test Accuracy: 0.5204
Averaged Test AUC: 0.8727
Std Test Accuracy: 0.1231
Std Test AUC: 0.0342

--- Round 336/500 ---
Averaged Train Loss: 1.3418
Averaged Test Accuracy: 0.5061
Averaged Test AUC: 0.8692
Std Test Accuracy: 0.1605
Std Test AUC: 0.0413

--- Round 337/500 ---
Averaged Train Loss: 1.3245
Averaged Test Accuracy: 0.5132
Averaged Test AUC: 0.8682
Std Test Accuracy: 0.1707
Std Test AUC: 0.0550

--- Round 338/500 ---
Averaged Train Loss: 1.3142
Averaged Test Accuracy: 0.5075
Averaged Test AUC: 0.8699
Std Test Accuracy: 0.1330
Std Test AUC: 0.0403

--- Round 339/500 ---
Averaged Train Loss: 1.3327
Averaged Test Accuracy: 0.5112
Averaged Test AUC: 0.8697
Std Test Accuracy: 0.1445
Std Test AUC: 0.0415

--- Round 340/500 ---
Averaged Train Loss: 1.3185
Averaged Test Accuracy: 0.5126
Averaged Test AUC: 0.8718
Std Test Accuracy: 0.1494
Std Test AUC: 0.0446

--- Round 341/500 ---
Averaged Train Loss: 1.3296
Averaged Test Accuracy: 0.5061
Averaged Test AUC: 0.8685
Std Test Accuracy: 0.1704
Std Test AUC: 0.0502

--- Round 342/500 ---
Averaged Train Loss: 1.3377
Averaged Test Accuracy: 0.5032
Averaged Test AUC: 0.8684
Std Test Accuracy: 0.1498
Std Test AUC: 0.0480

--- Round 343/500 ---
Averaged Train Loss: 1.3444
Averaged Test Accuracy: 0.5013
Averaged Test AUC: 0.8678
Std Test Accuracy: 0.1511
Std Test AUC: 0.0455

--- Round 344/500 ---
Averaged Train Loss: 1.2906
Averaged Test Accuracy: 0.5192
Averaged Test AUC: 0.8729
Std Test Accuracy: 0.1443
Std Test AUC: 0.0413

--- Round 345/500 ---
Averaged Train Loss: 1.2911
Averaged Test Accuracy: 0.5253
Averaged Test AUC: 0.8740
Std Test Accuracy: 0.1307
Std Test AUC: 0.0387

--- Round 346/500 ---
Averaged Train Loss: 1.3476
Averaged Test Accuracy: 0.4999
Averaged Test AUC: 0.8681
Std Test Accuracy: 0.1518
Std Test AUC: 0.0443

--- Round 347/500 ---
Averaged Train Loss: 1.3710
Averaged Test Accuracy: 0.4889
Averaged Test AUC: 0.8640
Std Test Accuracy: 0.1534
Std Test AUC: 0.0450

--- Round 348/500 ---
Averaged Train Loss: 1.2847
Averaged Test Accuracy: 0.5223
Averaged Test AUC: 0.8740
Std Test Accuracy: 0.1338
Std Test AUC: 0.0353

--- Round 349/500 ---
Averaged Train Loss: 1.2818
Averaged Test Accuracy: 0.5225
Averaged Test AUC: 0.8726
Std Test Accuracy: 0.1116
Std Test AUC: 0.0329

--- Round 350/500 ---
Averaged Train Loss: 1.3528
Averaged Test Accuracy: 0.4997
Averaged Test AUC: 0.8663
Std Test Accuracy: 0.1787
Std Test AUC: 0.0549

--- Round 351/500 ---
Averaged Train Loss: 1.2951
Averaged Test Accuracy: 0.5220
Averaged Test AUC: 0.8744
Std Test Accuracy: 0.1396
Std Test AUC: 0.0346

--- Round 352/500 ---
Averaged Train Loss: 1.3284
Averaged Test Accuracy: 0.5103
Averaged Test AUC: 0.8677
Std Test Accuracy: 0.1508
Std Test AUC: 0.0435

--- Round 353/500 ---
Averaged Train Loss: 1.4810
Averaged Test Accuracy: 0.4643
Averaged Test AUC: 0.8578
Std Test Accuracy: 0.2274
Std Test AUC: 0.0716

--- Round 354/500 ---
Averaged Train Loss: 1.3227
Averaged Test Accuracy: 0.5057
Averaged Test AUC: 0.8712
Std Test Accuracy: 0.1558
Std Test AUC: 0.0398

--- Round 355/500 ---
Averaged Train Loss: 1.2978
Averaged Test Accuracy: 0.5181
Averaged Test AUC: 0.8728
Std Test Accuracy: 0.1457
Std Test AUC: 0.0429

--- Round 356/500 ---
Averaged Train Loss: 1.3892
Averaged Test Accuracy: 0.4846
Averaged Test AUC: 0.8654
Std Test Accuracy: 0.1695
Std Test AUC: 0.0524

--- Round 357/500 ---
Averaged Train Loss: 1.2547
Averaged Test Accuracy: 0.5337
Averaged Test AUC: 0.8762
Std Test Accuracy: 0.1180
Std Test AUC: 0.0332

--- Round 358/500 ---
Averaged Train Loss: 1.3059
Averaged Test Accuracy: 0.5171
Averaged Test AUC: 0.8733
Std Test Accuracy: 0.1271
Std Test AUC: 0.0351

--- Round 359/500 ---
Averaged Train Loss: 1.3060
Averaged Test Accuracy: 0.5134
Averaged Test AUC: 0.8704
Std Test Accuracy: 0.1239
Std Test AUC: 0.0367

--- Round 360/500 ---
Averaged Train Loss: 1.2991
Averaged Test Accuracy: 0.5202
Averaged Test AUC: 0.8720
Std Test Accuracy: 0.1556
Std Test AUC: 0.0413

--- Round 361/500 ---
Averaged Train Loss: 1.2690
Averaged Test Accuracy: 0.5276
Averaged Test AUC: 0.8755
Std Test Accuracy: 0.1514
Std Test AUC: 0.0385

--- Round 362/500 ---
Averaged Train Loss: 1.3344
Averaged Test Accuracy: 0.5051
Averaged Test AUC: 0.8677
Std Test Accuracy: 0.1641
Std Test AUC: 0.0477

--- Round 363/500 ---
Averaged Train Loss: 1.3031
Averaged Test Accuracy: 0.5178
Averaged Test AUC: 0.8707
Std Test Accuracy: 0.1150
Std Test AUC: 0.0391

--- Round 364/500 ---
Averaged Train Loss: 1.3085
Averaged Test Accuracy: 0.5152
Averaged Test AUC: 0.8698
Std Test Accuracy: 0.1155
Std Test AUC: 0.0325

--- Round 365/500 ---
Averaged Train Loss: 1.3346
Averaged Test Accuracy: 0.5043
Averaged Test AUC: 0.8714
Std Test Accuracy: 0.1561
Std Test AUC: 0.0376

--- Round 366/500 ---
Averaged Train Loss: 1.2686
Averaged Test Accuracy: 0.5303
Averaged Test AUC: 0.8746
Std Test Accuracy: 0.1325
Std Test AUC: 0.0393

--- Round 367/500 ---
Averaged Train Loss: 1.2811
Averaged Test Accuracy: 0.5246
Averaged Test AUC: 0.8742
Std Test Accuracy: 0.1327
Std Test AUC: 0.0383

--- Round 368/500 ---
Averaged Train Loss: 1.2844
Averaged Test Accuracy: 0.5214
Averaged Test AUC: 0.8751
Std Test Accuracy: 0.1464
Std Test AUC: 0.0403

--- Round 369/500 ---
Averaged Train Loss: 1.2800
Averaged Test Accuracy: 0.5250
Averaged Test AUC: 0.8745
Std Test Accuracy: 0.1493
Std Test AUC: 0.0406

--- Round 370/500 ---
Averaged Train Loss: 1.3548
Averaged Test Accuracy: 0.4997
Averaged Test AUC: 0.8676
Std Test Accuracy: 0.1757
Std Test AUC: 0.0474

--- Round 371/500 ---
Averaged Train Loss: 1.2919
Averaged Test Accuracy: 0.5196
Averaged Test AUC: 0.8722
Std Test Accuracy: 0.1678
Std Test AUC: 0.0487

--- Round 372/500 ---
Averaged Train Loss: 1.2526
Averaged Test Accuracy: 0.5350
Averaged Test AUC: 0.8759
Std Test Accuracy: 0.1224
Std Test AUC: 0.0365

--- Round 373/500 ---
Averaged Train Loss: 1.3234
Averaged Test Accuracy: 0.5065
Averaged Test AUC: 0.8718
Std Test Accuracy: 0.1789
Std Test AUC: 0.0516

--- Round 374/500 ---
Averaged Train Loss: 1.2935
Averaged Test Accuracy: 0.5179
Averaged Test AUC: 0.8738
Std Test Accuracy: 0.1628
Std Test AUC: 0.0447

--- Round 375/500 ---
Averaged Train Loss: 1.3329
Averaged Test Accuracy: 0.4969
Averaged Test AUC: 0.8681
Std Test Accuracy: 0.1375
Std Test AUC: 0.0388

--- Round 376/500 ---
Averaged Train Loss: 1.3356
Averaged Test Accuracy: 0.5026
Averaged Test AUC: 0.8693
Std Test Accuracy: 0.1391
Std Test AUC: 0.0385

--- Round 377/500 ---
Averaged Train Loss: 1.2637
Averaged Test Accuracy: 0.5289
Averaged Test AUC: 0.8761
Std Test Accuracy: 0.1294
Std Test AUC: 0.0414

--- Round 378/500 ---
Averaged Train Loss: 1.2690
Averaged Test Accuracy: 0.5297
Averaged Test AUC: 0.8756
Std Test Accuracy: 0.1444
Std Test AUC: 0.0397

--- Round 379/500 ---
Averaged Train Loss: 1.2807
Averaged Test Accuracy: 0.5222
Averaged Test AUC: 0.8732
Std Test Accuracy: 0.1413
Std Test AUC: 0.0447

--- Round 380/500 ---
Averaged Train Loss: 1.2559
Averaged Test Accuracy: 0.5335
Averaged Test AUC: 0.8765
Std Test Accuracy: 0.1154
Std Test AUC: 0.0396

--- Round 381/500 ---
Averaged Train Loss: 1.2730
Averaged Test Accuracy: 0.5255
Averaged Test AUC: 0.8764
Std Test Accuracy: 0.1329
Std Test AUC: 0.0333

--- Round 382/500 ---
Averaged Train Loss: 1.2801
Averaged Test Accuracy: 0.5198
Averaged Test AUC: 0.8739
Std Test Accuracy: 0.1256
Std Test AUC: 0.0335

--- Round 383/500 ---
Averaged Train Loss: 1.3123
Averaged Test Accuracy: 0.5118
Averaged Test AUC: 0.8727
Std Test Accuracy: 0.1741
Std Test AUC: 0.0480

--- Round 384/500 ---
Averaged Train Loss: 1.3145
Averaged Test Accuracy: 0.5152
Averaged Test AUC: 0.8719
Std Test Accuracy: 0.1853
Std Test AUC: 0.0533

--- Round 385/500 ---
Averaged Train Loss: 1.2896
Averaged Test Accuracy: 0.5201
Averaged Test AUC: 0.8736
Std Test Accuracy: 0.1464
Std Test AUC: 0.0381

--- Round 386/500 ---
Averaged Train Loss: 1.2522
Averaged Test Accuracy: 0.5339
Averaged Test AUC: 0.8775
Std Test Accuracy: 0.1185
Std Test AUC: 0.0317

--- Round 387/500 ---
Averaged Train Loss: 1.2883
Averaged Test Accuracy: 0.5200
Averaged Test AUC: 0.8727
Std Test Accuracy: 0.1461
Std Test AUC: 0.0460

--- Round 388/500 ---
Averaged Train Loss: 1.3309
Averaged Test Accuracy: 0.4979
Averaged Test AUC: 0.8696
Std Test Accuracy: 0.1655
Std Test AUC: 0.0457

--- Round 389/500 ---
Averaged Train Loss: 1.3017
Averaged Test Accuracy: 0.5200
Averaged Test AUC: 0.8711
Std Test Accuracy: 0.1604
Std Test AUC: 0.0527

--- Round 390/500 ---
Averaged Train Loss: 1.3266
Averaged Test Accuracy: 0.5094
Averaged Test AUC: 0.8721
Std Test Accuracy: 0.1823
Std Test AUC: 0.0462

--- Round 391/500 ---
Averaged Train Loss: 1.3093
Averaged Test Accuracy: 0.5151
Averaged Test AUC: 0.8722
Std Test Accuracy: 0.1506
Std Test AUC: 0.0416

--- Round 392/500 ---
Averaged Train Loss: 1.2675
Averaged Test Accuracy: 0.5286
Averaged Test AUC: 0.8741
Std Test Accuracy: 0.1468
Std Test AUC: 0.0447

--- Round 393/500 ---
Averaged Train Loss: 1.2625
Averaged Test Accuracy: 0.5299
Averaged Test AUC: 0.8775
Std Test Accuracy: 0.1163
Std Test AUC: 0.0322

--- Round 394/500 ---
Averaged Train Loss: 1.2849
Averaged Test Accuracy: 0.5213
Averaged Test AUC: 0.8747
Std Test Accuracy: 0.1479
Std Test AUC: 0.0429

--- Round 395/500 ---
Averaged Train Loss: 1.2543
Averaged Test Accuracy: 0.5304
Averaged Test AUC: 0.8771
Std Test Accuracy: 0.1150
Std Test AUC: 0.0305

--- Round 396/500 ---
Averaged Train Loss: 1.2856
Averaged Test Accuracy: 0.5222
Averaged Test AUC: 0.8755
Std Test Accuracy: 0.1487
Std Test AUC: 0.0353

--- Round 397/500 ---
Averaged Train Loss: 1.2946
Averaged Test Accuracy: 0.5148
Averaged Test AUC: 0.8740
Std Test Accuracy: 0.1685
Std Test AUC: 0.0447

--- Round 398/500 ---
Averaged Train Loss: 1.2558
Averaged Test Accuracy: 0.5316
Averaged Test AUC: 0.8754
Std Test Accuracy: 0.1256
Std Test AUC: 0.0334

--- Round 399/500 ---
Averaged Train Loss: 1.2976
Averaged Test Accuracy: 0.5130
Averaged Test AUC: 0.8743
Std Test Accuracy: 0.1540
Std Test AUC: 0.0461

--- Round 400/500 ---
Averaged Train Loss: 1.2799
Averaged Test Accuracy: 0.5278
Averaged Test AUC: 0.8758
Std Test Accuracy: 0.1439
Std Test AUC: 0.0403

--- Round 401/500 ---
Averaged Train Loss: 1.2860
Averaged Test Accuracy: 0.5179
Averaged Test AUC: 0.8740
Std Test Accuracy: 0.1278
Std Test AUC: 0.0334

--- Round 402/500 ---
Averaged Train Loss: 1.2840
Averaged Test Accuracy: 0.5170
Averaged Test AUC: 0.8734
Std Test Accuracy: 0.1145
Std Test AUC: 0.0331

--- Round 403/500 ---
Averaged Train Loss: 1.2900
Averaged Test Accuracy: 0.5180
Averaged Test AUC: 0.8746
Std Test Accuracy: 0.1722
Std Test AUC: 0.0450

--- Round 404/500 ---
Averaged Train Loss: 1.3406
Averaged Test Accuracy: 0.5052
Averaged Test AUC: 0.8680
Std Test Accuracy: 0.1509
Std Test AUC: 0.0531

--- Round 405/500 ---
Averaged Train Loss: 1.3832
Averaged Test Accuracy: 0.4702
Averaged Test AUC: 0.8649
Std Test Accuracy: 0.1578
Std Test AUC: 0.0429

--- Round 406/500 ---
Averaged Train Loss: 1.2980
Averaged Test Accuracy: 0.5136
Averaged Test AUC: 0.8729
Std Test Accuracy: 0.1581
Std Test AUC: 0.0408

--- Round 407/500 ---
Averaged Train Loss: 1.2627
Averaged Test Accuracy: 0.5297
Averaged Test AUC: 0.8770
Std Test Accuracy: 0.1491
Std Test AUC: 0.0408

--- Round 408/500 ---
Averaged Train Loss: 1.3362
Averaged Test Accuracy: 0.5036
Averaged Test AUC: 0.8718
Std Test Accuracy: 0.1942
Std Test AUC: 0.0489

--- Round 409/500 ---
Averaged Train Loss: 1.4080
Averaged Test Accuracy: 0.4794
Averaged Test AUC: 0.8650
Std Test Accuracy: 0.2088
Std Test AUC: 0.0579

--- Round 410/500 ---
Averaged Train Loss: 1.2602
Averaged Test Accuracy: 0.5311
Averaged Test AUC: 0.8773
Std Test Accuracy: 0.1554
Std Test AUC: 0.0452

--- Round 411/500 ---
Averaged Train Loss: 1.2984
Averaged Test Accuracy: 0.5182
Averaged Test AUC: 0.8721
Std Test Accuracy: 0.1665
Std Test AUC: 0.0526

--- Round 412/500 ---
Averaged Train Loss: 1.2510
Averaged Test Accuracy: 0.5341
Averaged Test AUC: 0.8784
Std Test Accuracy: 0.1296
Std Test AUC: 0.0394

--- Round 413/500 ---
Averaged Train Loss: 1.2571
Averaged Test Accuracy: 0.5259
Averaged Test AUC: 0.8770
Std Test Accuracy: 0.1206
Std Test AUC: 0.0328

--- Round 414/500 ---
Averaged Train Loss: 1.2285
Averaged Test Accuracy: 0.5430
Averaged Test AUC: 0.8803
Std Test Accuracy: 0.1178
Std Test AUC: 0.0328

--- Round 415/500 ---
Averaged Train Loss: 1.3537
Averaged Test Accuracy: 0.4966
Averaged Test AUC: 0.8642
Std Test Accuracy: 0.1515
Std Test AUC: 0.0494

--- Round 416/500 ---
Averaged Train Loss: 1.2361
Averaged Test Accuracy: 0.5367
Averaged Test AUC: 0.8789
Std Test Accuracy: 0.1146
Std Test AUC: 0.0327

--- Round 417/500 ---
Averaged Train Loss: 1.2475
Averaged Test Accuracy: 0.5349
Averaged Test AUC: 0.8780
Std Test Accuracy: 0.1599
Std Test AUC: 0.0406

--- Round 418/500 ---
Averaged Train Loss: 1.2718
Averaged Test Accuracy: 0.5237
Averaged Test AUC: 0.8759
Std Test Accuracy: 0.1502
Std Test AUC: 0.0406

--- Round 419/500 ---
Averaged Train Loss: 1.2490
Averaged Test Accuracy: 0.5319
Averaged Test AUC: 0.8787
Std Test Accuracy: 0.1299
Std Test AUC: 0.0368

--- Round 420/500 ---
Averaged Train Loss: 1.3012
Averaged Test Accuracy: 0.5131
Averaged Test AUC: 0.8709
Std Test Accuracy: 0.1672
Std Test AUC: 0.0539

--- Round 421/500 ---
Averaged Train Loss: 1.3003
Averaged Test Accuracy: 0.5151
Averaged Test AUC: 0.8727
Std Test Accuracy: 0.1545
Std Test AUC: 0.0415

--- Round 422/500 ---
Averaged Train Loss: 1.2583
Averaged Test Accuracy: 0.5311
Averaged Test AUC: 0.8772
Std Test Accuracy: 0.1608
Std Test AUC: 0.0405

--- Round 423/500 ---
Averaged Train Loss: 1.2557
Averaged Test Accuracy: 0.5334
Averaged Test AUC: 0.8768
Std Test Accuracy: 0.1463
Std Test AUC: 0.0463

--- Round 424/500 ---
Averaged Train Loss: 1.2662
Averaged Test Accuracy: 0.5288
Averaged Test AUC: 0.8752
Std Test Accuracy: 0.1580
Std Test AUC: 0.0522

--- Round 425/500 ---
Averaged Train Loss: 1.2448
Averaged Test Accuracy: 0.5358
Averaged Test AUC: 0.8781
Std Test Accuracy: 0.1354
Std Test AUC: 0.0394

--- Round 426/500 ---
Averaged Train Loss: 1.3366
Averaged Test Accuracy: 0.5006
Averaged Test AUC: 0.8714
Std Test Accuracy: 0.1591
Std Test AUC: 0.0431

--- Round 427/500 ---
Averaged Train Loss: 1.2396
Averaged Test Accuracy: 0.5375
Averaged Test AUC: 0.8773
Std Test Accuracy: 0.1287
Std Test AUC: 0.0382

--- Round 428/500 ---
Averaged Train Loss: 1.2615
Averaged Test Accuracy: 0.5307
Averaged Test AUC: 0.8749
Std Test Accuracy: 0.1347
Std Test AUC: 0.0449

--- Round 429/500 ---
Averaged Train Loss: 1.3564
Averaged Test Accuracy: 0.4967
Averaged Test AUC: 0.8692
Std Test Accuracy: 0.1948
Std Test AUC: 0.0587

--- Round 430/500 ---
Averaged Train Loss: 1.2955
Averaged Test Accuracy: 0.5154
Averaged Test AUC: 0.8730
Std Test Accuracy: 0.1660
Std Test AUC: 0.0479

--- Round 431/500 ---
Averaged Train Loss: 1.2471
Averaged Test Accuracy: 0.5335
Averaged Test AUC: 0.8777
Std Test Accuracy: 0.1209
Std Test AUC: 0.0317

--- Round 432/500 ---
Averaged Train Loss: 1.2778
Averaged Test Accuracy: 0.5242
Averaged Test AUC: 0.8752
Std Test Accuracy: 0.1448
Std Test AUC: 0.0438

--- Round 433/500 ---
Averaged Train Loss: 1.2763
Averaged Test Accuracy: 0.5264
Averaged Test AUC: 0.8759
Std Test Accuracy: 0.1476
Std Test AUC: 0.0432

--- Round 434/500 ---
Averaged Train Loss: 1.2419
Averaged Test Accuracy: 0.5389
Averaged Test AUC: 0.8775
Std Test Accuracy: 0.1280
Std Test AUC: 0.0348

--- Round 435/500 ---
Averaged Train Loss: 1.2198
Averaged Test Accuracy: 0.5450
Averaged Test AUC: 0.8808
Std Test Accuracy: 0.1176
Std Test AUC: 0.0342

--- Round 436/500 ---
Averaged Train Loss: 1.2368
Averaged Test Accuracy: 0.5388
Averaged Test AUC: 0.8794
Std Test Accuracy: 0.1444
Std Test AUC: 0.0381

--- Round 437/500 ---
Averaged Train Loss: 1.2470
Averaged Test Accuracy: 0.5346
Averaged Test AUC: 0.8786
Std Test Accuracy: 0.1555
Std Test AUC: 0.0394

--- Round 438/500 ---
Averaged Train Loss: 1.2523
Averaged Test Accuracy: 0.5338
Averaged Test AUC: 0.8760
Std Test Accuracy: 0.1272
Std Test AUC: 0.0375

--- Round 439/500 ---
Averaged Train Loss: 1.2106
Averaged Test Accuracy: 0.5482
Averaged Test AUC: 0.8815
Std Test Accuracy: 0.1015
Std Test AUC: 0.0291

--- Round 440/500 ---
Averaged Train Loss: 1.2868
Averaged Test Accuracy: 0.5126
Averaged Test AUC: 0.8733
Std Test Accuracy: 0.1355
Std Test AUC: 0.0339

--- Round 441/500 ---
Averaged Train Loss: 1.2586
Averaged Test Accuracy: 0.5299
Averaged Test AUC: 0.8763
Std Test Accuracy: 0.1279
Std Test AUC: 0.0352

--- Round 442/500 ---
Averaged Train Loss: 1.2501
Averaged Test Accuracy: 0.5322
Averaged Test AUC: 0.8765
Std Test Accuracy: 0.1504
Std Test AUC: 0.0434

--- Round 443/500 ---
Averaged Train Loss: 1.2227
Averaged Test Accuracy: 0.5444
Averaged Test AUC: 0.8804
Std Test Accuracy: 0.1076
Std Test AUC: 0.0283

--- Round 444/500 ---
Averaged Train Loss: 1.2252
Averaged Test Accuracy: 0.5428
Averaged Test AUC: 0.8794
Std Test Accuracy: 0.1081
Std Test AUC: 0.0302

--- Round 445/500 ---
Averaged Train Loss: 1.2250
Averaged Test Accuracy: 0.5420
Averaged Test AUC: 0.8799
Std Test Accuracy: 0.1170
Std Test AUC: 0.0316

--- Round 446/500 ---
Averaged Train Loss: 1.2751
Averaged Test Accuracy: 0.5190
Averaged Test AUC: 0.8767
Std Test Accuracy: 0.1609
Std Test AUC: 0.0452

--- Round 447/500 ---
Averaged Train Loss: 1.2285
Averaged Test Accuracy: 0.5380
Averaged Test AUC: 0.8787
Std Test Accuracy: 0.1202
Std Test AUC: 0.0320

--- Round 448/500 ---
Averaged Train Loss: 1.2366
Averaged Test Accuracy: 0.5416
Averaged Test AUC: 0.8779
Std Test Accuracy: 0.1564
Std Test AUC: 0.0447

--- Round 449/500 ---
Averaged Train Loss: 1.2400
Averaged Test Accuracy: 0.5390
Averaged Test AUC: 0.8790
Std Test Accuracy: 0.1407
Std Test AUC: 0.0405

--- Round 450/500 ---
Averaged Train Loss: 1.2515
Averaged Test Accuracy: 0.5320
Averaged Test AUC: 0.8765
Std Test Accuracy: 0.1372
Std Test AUC: 0.0385

--- Round 451/500 ---
Averaged Train Loss: 1.2248
Averaged Test Accuracy: 0.5397
Averaged Test AUC: 0.8804
Std Test Accuracy: 0.1486
Std Test AUC: 0.0378

--- Round 452/500 ---
Averaged Train Loss: 1.2791
Averaged Test Accuracy: 0.5257
Averaged Test AUC: 0.8736
Std Test Accuracy: 0.1721
Std Test AUC: 0.0508

--- Round 453/500 ---
Averaged Train Loss: 1.2980
Averaged Test Accuracy: 0.5170
Averaged Test AUC: 0.8739
Std Test Accuracy: 0.1804
Std Test AUC: 0.0519

--- Round 454/500 ---
Averaged Train Loss: 1.2478
Averaged Test Accuracy: 0.5371
Averaged Test AUC: 0.8767
Std Test Accuracy: 0.1079
Std Test AUC: 0.0345

--- Round 455/500 ---
Averaged Train Loss: 1.2445
Averaged Test Accuracy: 0.5329
Averaged Test AUC: 0.8779
Std Test Accuracy: 0.1532
Std Test AUC: 0.0420

--- Round 456/500 ---
Averaged Train Loss: 1.2323
Averaged Test Accuracy: 0.5378
Averaged Test AUC: 0.8782
Std Test Accuracy: 0.1378
Std Test AUC: 0.0404

--- Round 457/500 ---
Averaged Train Loss: 1.2548
Averaged Test Accuracy: 0.5308
Averaged Test AUC: 0.8773
Std Test Accuracy: 0.1090
Std Test AUC: 0.0284

--- Round 458/500 ---
Averaged Train Loss: 1.2511
Averaged Test Accuracy: 0.5373
Averaged Test AUC: 0.8790
Std Test Accuracy: 0.1424
Std Test AUC: 0.0427

--- Round 459/500 ---
Averaged Train Loss: 1.2985
Averaged Test Accuracy: 0.5216
Averaged Test AUC: 0.8741
Std Test Accuracy: 0.1565
Std Test AUC: 0.0504

--- Round 460/500 ---
Averaged Train Loss: 1.2993
Averaged Test Accuracy: 0.5142
Averaged Test AUC: 0.8733
Std Test Accuracy: 0.1579
Std Test AUC: 0.0414

--- Round 461/500 ---
Averaged Train Loss: 1.2603
Averaged Test Accuracy: 0.5289
Averaged Test AUC: 0.8758
Std Test Accuracy: 0.1292
Std Test AUC: 0.0381

--- Round 462/500 ---
Averaged Train Loss: 1.2127
Averaged Test Accuracy: 0.5478
Averaged Test AUC: 0.8818
Std Test Accuracy: 0.1108
Std Test AUC: 0.0306

--- Round 463/500 ---
Averaged Train Loss: 1.3145
Averaged Test Accuracy: 0.5164
Averaged Test AUC: 0.8732
Std Test Accuracy: 0.1656
Std Test AUC: 0.0519

--- Round 464/500 ---
Averaged Train Loss: 1.3041
Averaged Test Accuracy: 0.5166
Averaged Test AUC: 0.8734
Std Test Accuracy: 0.1766
Std Test AUC: 0.0522

--- Round 465/500 ---
Averaged Train Loss: 1.2909
Averaged Test Accuracy: 0.5196
Averaged Test AUC: 0.8756
Std Test Accuracy: 0.1878
Std Test AUC: 0.0503

--- Round 466/500 ---
Averaged Train Loss: 1.2400
Averaged Test Accuracy: 0.5398
Averaged Test AUC: 0.8784
Std Test Accuracy: 0.1491
Std Test AUC: 0.0462

--- Round 467/500 ---
Averaged Train Loss: 1.3314
Averaged Test Accuracy: 0.5005
Averaged Test AUC: 0.8687
Std Test Accuracy: 0.1663
Std Test AUC: 0.0512

--- Round 468/500 ---
Averaged Train Loss: 1.3147
Averaged Test Accuracy: 0.5110
Averaged Test AUC: 0.8717
Std Test Accuracy: 0.1607
Std Test AUC: 0.0480

--- Round 469/500 ---
Averaged Train Loss: 1.2288
Averaged Test Accuracy: 0.5395
Averaged Test AUC: 0.8784
Std Test Accuracy: 0.1193
Std Test AUC: 0.0344

--- Round 470/500 ---
Averaged Train Loss: 1.2668
Averaged Test Accuracy: 0.5263
Averaged Test AUC: 0.8769
Std Test Accuracy: 0.1525
Std Test AUC: 0.0407

--- Round 471/500 ---
Averaged Train Loss: 1.2629
Averaged Test Accuracy: 0.5296
Averaged Test AUC: 0.8764
Std Test Accuracy: 0.1509
Std Test AUC: 0.0419

--- Round 472/500 ---
Averaged Train Loss: 1.2124
Averaged Test Accuracy: 0.5504
Averaged Test AUC: 0.8818
Std Test Accuracy: 0.1336
Std Test AUC: 0.0346

--- Round 473/500 ---
Averaged Train Loss: 1.2655
Averaged Test Accuracy: 0.5239
Averaged Test AUC: 0.8767
Std Test Accuracy: 0.1607
Std Test AUC: 0.0385

--- Round 474/500 ---
Averaged Train Loss: 1.2319
Averaged Test Accuracy: 0.5361
Averaged Test AUC: 0.8795
Std Test Accuracy: 0.1571
Std Test AUC: 0.0398

--- Round 475/500 ---
Averaged Train Loss: 1.2134
Averaged Test Accuracy: 0.5476
Averaged Test AUC: 0.8815
Std Test Accuracy: 0.1311
Std Test AUC: 0.0380

--- Round 476/500 ---
Averaged Train Loss: 1.2942
Averaged Test Accuracy: 0.5166
Averaged Test AUC: 0.8746
Std Test Accuracy: 0.1683
Std Test AUC: 0.0404

--- Round 477/500 ---
Averaged Train Loss: 1.2358
Averaged Test Accuracy: 0.5413
Averaged Test AUC: 0.8802
Std Test Accuracy: 0.1554
Std Test AUC: 0.0413

--- Round 478/500 ---
Averaged Train Loss: 1.2639
Averaged Test Accuracy: 0.5304
Averaged Test AUC: 0.8780
Std Test Accuracy: 0.1583
Std Test AUC: 0.0447

--- Round 479/500 ---
Averaged Train Loss: 1.2261
Averaged Test Accuracy: 0.5409
Averaged Test AUC: 0.8805
Std Test Accuracy: 0.1504
Std Test AUC: 0.0381

--- Round 480/500 ---
Averaged Train Loss: 1.2561
Averaged Test Accuracy: 0.5290
Averaged Test AUC: 0.8777
Std Test Accuracy: 0.1695
Std Test AUC: 0.0423

--- Round 481/500 ---
Averaged Train Loss: 1.2383
Averaged Test Accuracy: 0.5382
Averaged Test AUC: 0.8786
Std Test Accuracy: 0.1126
Std Test AUC: 0.0363

--- Round 482/500 ---
Averaged Train Loss: 1.2767
Averaged Test Accuracy: 0.5245
Averaged Test AUC: 0.8772
Std Test Accuracy: 0.1594
Std Test AUC: 0.0406

--- Round 483/500 ---
Averaged Train Loss: 1.2792
Averaged Test Accuracy: 0.5154
Averaged Test AUC: 0.8737
Std Test Accuracy: 0.1264
Std Test AUC: 0.0337

--- Round 484/500 ---
Averaged Train Loss: 1.2101
Averaged Test Accuracy: 0.5464
Averaged Test AUC: 0.8817
Std Test Accuracy: 0.1122
Std Test AUC: 0.0304

--- Round 485/500 ---
Averaged Train Loss: 1.2694
Averaged Test Accuracy: 0.5255
Averaged Test AUC: 0.8764
Std Test Accuracy: 0.1497
Std Test AUC: 0.0442

--- Round 486/500 ---
Averaged Train Loss: 1.2609
Averaged Test Accuracy: 0.5224
Averaged Test AUC: 0.8750
Std Test Accuracy: 0.1168
Std Test AUC: 0.0315

--- Round 487/500 ---
Averaged Train Loss: 1.2446
Averaged Test Accuracy: 0.5314
Averaged Test AUC: 0.8769
Std Test Accuracy: 0.1588
Std Test AUC: 0.0450

--- Round 488/500 ---
Averaged Train Loss: 1.2392
Averaged Test Accuracy: 0.5411
Averaged Test AUC: 0.8788
Std Test Accuracy: 0.1472
Std Test AUC: 0.0398

--- Round 489/500 ---
Averaged Train Loss: 1.2291
Averaged Test Accuracy: 0.5413
Averaged Test AUC: 0.8801
Std Test Accuracy: 0.1189
Std Test AUC: 0.0355

--- Round 490/500 ---
Averaged Train Loss: 1.2373
Averaged Test Accuracy: 0.5392
Averaged Test AUC: 0.8799
Std Test Accuracy: 0.1456
Std Test AUC: 0.0439

--- Round 491/500 ---
Averaged Train Loss: 1.2326
Averaged Test Accuracy: 0.5417
Averaged Test AUC: 0.8796
Std Test Accuracy: 0.1151
Std Test AUC: 0.0324

--- Round 492/500 ---
Averaged Train Loss: 1.2388
Averaged Test Accuracy: 0.5400
Averaged Test AUC: 0.8791
Std Test Accuracy: 0.1311
Std Test AUC: 0.0380

--- Round 493/500 ---
Averaged Train Loss: 1.2293
Averaged Test Accuracy: 0.5408
Averaged Test AUC: 0.8792
Std Test Accuracy: 0.1509
Std Test AUC: 0.0473

--- Round 494/500 ---
Averaged Train Loss: 1.2347
Averaged Test Accuracy: 0.5376
Averaged Test AUC: 0.8800
Std Test Accuracy: 0.1383
Std Test AUC: 0.0347

--- Round 495/500 ---
Averaged Train Loss: 1.3600
Averaged Test Accuracy: 0.4923
Averaged Test AUC: 0.8697
Std Test Accuracy: 0.1858
Std Test AUC: 0.0446

--- Round 496/500 ---
Averaged Train Loss: 1.2263
Averaged Test Accuracy: 0.5452
Averaged Test AUC: 0.8802
Std Test Accuracy: 0.1414
Std Test AUC: 0.0435

--- Round 497/500 ---
Averaged Train Loss: 1.2229
Averaged Test Accuracy: 0.5418
Averaged Test AUC: 0.8813
Std Test Accuracy: 0.1519
Std Test AUC: 0.0385

--- Round 498/500 ---
Averaged Train Loss: 1.2453
Averaged Test Accuracy: 0.5355
Averaged Test AUC: 0.8791
Std Test Accuracy: 0.1244
Std Test AUC: 0.0328

--- Round 499/500 ---
Averaged Train Loss: 1.2384
Averaged Test Accuracy: 0.5391
Averaged Test AUC: 0.8798
Std Test Accuracy: 0.1521
Std Test AUC: 0.0456

--- Round 500/500 ---
Averaged Train Loss: 1.2513
Averaged Test Accuracy: 0.5306
Averaged Test AUC: 0.8781
Std Test Accuracy: 0.1705
Std Test AUC: 0.0472

========== Training Complete ==========
Best Test Accuracy: 0.5503592336349122
File path: ../results/Cifar10_FedEntPlusSmooth_smooth_trial01_0094_0.h5

Average time cost: 1807.61s.
Length:  501
std for best accuracy: 0.0
mean for best accuracy: 0.5503592336349122
All done!

Storage on cuda:0
-------------------------------------------------------------------------------
Total Tensors: 209092044 	Used Memory: 569.93M
The allocated memory on cuda:0: 588.06M
Memory differs due to the matrix alignment or invisible gradient buffer tensors
-------------------------------------------------------------------------------
