==================================================
goal = smooth_trial01_0000
device = cuda
device_id = 0
dataset = Cifar10
num_classes = 10
model = CNN
batch_size = 64
local_learning_rate = 0.01
learning_rate_decay = True
learning_rate_decay_gamma = 0.98
global_rounds = 500
top_cnt = 100
local_epochs = 5
algorithm = FedEntPlusSmooth
join_ratio = 0.1
random_join_ratio = False
num_clients = 100
prev = 0
times = 1
eval_gap = 1
save_folder_name = items
auto_break = False
dlg_eval = False
dlg_gap = 100
batch_num_per_client = 2
num_new_clients = 0
fine_tuning_epoch_new = 0
feature_dim = 512
vocab_size = 32000
max_len = 200
client_drop_rate = 0.0
train_slow_rate = 0.0
send_slow_rate = 0.0
time_select = False
time_threthold = 10000
beta = 0.0
lamda = 1.0
mu = 0.0
K = 5
p_learning_rate = 0.01
M = 5
itk = 4000
alphaK = 1.0
sigma = 1.0
alpha = 1.0
plocal_epochs = 1
tau = 1.0
fine_tuning_epochs = 10
dr_learning_rate = 0.0
L = 1.0
noise_dim = 512
generator_learning_rate = 0.005
hidden_dim = 512
server_epochs = 1000
localize_feature_extractor = False
server_learning_rate = 1.0
eta = 1.0
rand_percent = 80
layer_idx = 2
mentee_learning_rate = 0.005
T_start = 0.95
T_end = 0.98
momentum = 0.9
kl_weight = 0.0
buffer_size = 0
dp_epsilon = 0.0
H_min = None
alpha_vp = 0.0
enable_dynamic_param = False
log_fedent = False
log_filename = None
dynamic_config_path = /home/john/PFLlib/system/auto_configs/smooth_trial01_0000.json
==================================================

============= Running time: 0th =============
Creating server and clients ...
FedAvgCNN(
  (conv1): Sequential(
    (0): Conv2d(3, 32, kernel_size=(5, 5), stride=(1, 1))
    (1): ReLU(inplace=True)
    (2): MaxPool2d(kernel_size=(2, 2), stride=(2, 2), padding=0, dilation=1, ceil_mode=False)
  )
  (conv2): Sequential(
    (0): Conv2d(32, 64, kernel_size=(5, 5), stride=(1, 1))
    (1): ReLU(inplace=True)
    (2): MaxPool2d(kernel_size=(2, 2), stride=(2, 2), padding=0, dilation=1, ceil_mode=False)
  )
  (fc1): Sequential(
    (0): Linear(in_features=1600, out_features=512, bias=True)
    (1): ReLU(inplace=True)
  )
  (fc): Linear(in_features=512, out_features=10, bias=True)
)

Join ratio / total clients: 0.1 / 100
Finished creating server and clients.

--- Round 0/500 ---
Averaged Train Loss: 2.3038
Averaged Test Accuracy: 0.0928
Averaged Test AUC: 0.4894
Std Test Accuracy: 0.1434
Std Test AUC: 0.2233

--- Round 1/500 ---
Averaged Train Loss: 2.3781
Averaged Test Accuracy: 0.0989
Averaged Test AUC: 0.5274
Std Test Accuracy: 0.2400
Std Test AUC: 0.2619

--- Round 2/500 ---
Averaged Train Loss: 2.4923
Averaged Test Accuracy: 0.1425
Averaged Test AUC: 0.5575
Std Test Accuracy: 0.2428
Std Test AUC: 0.2538

--- Round 3/500 ---
Averaged Train Loss: 2.5589
Averaged Test Accuracy: 0.1601
Averaged Test AUC: 0.5594
Std Test Accuracy: 0.2000
Std Test AUC: 0.2552

--- Round 4/500 ---
Averaged Train Loss: 2.5484
Averaged Test Accuracy: 0.1677
Averaged Test AUC: 0.5848
Std Test Accuracy: 0.2006
Std Test AUC: 0.2554

--- Round 5/500 ---
Averaged Train Loss: 2.4836
Averaged Test Accuracy: 0.1771
Averaged Test AUC: 0.6058
Std Test Accuracy: 0.1953
Std Test AUC: 0.2551

--- Round 6/500 ---
Averaged Train Loss: 2.4751
Averaged Test Accuracy: 0.2030
Averaged Test AUC: 0.6224
Std Test Accuracy: 0.1897
Std Test AUC: 0.2577

--- Round 7/500 ---
Averaged Train Loss: 2.4773
Averaged Test Accuracy: 0.2228
Averaged Test AUC: 0.6259
Std Test Accuracy: 0.1932
Std Test AUC: 0.2595

--- Round 8/500 ---
Averaged Train Loss: 2.4437
Averaged Test Accuracy: 0.2204
Averaged Test AUC: 0.6365
Std Test Accuracy: 0.1917
Std Test AUC: 0.2568

--- Round 9/500 ---
Averaged Train Loss: 2.3996
Averaged Test Accuracy: 0.2193
Averaged Test AUC: 0.6464
Std Test Accuracy: 0.1959
Std Test AUC: 0.2524

--- Round 10/500 ---
Averaged Train Loss: 2.4049
Averaged Test Accuracy: 0.2422
Averaged Test AUC: 0.6481
Std Test Accuracy: 0.1923
Std Test AUC: 0.2524

--- Round 11/500 ---
Averaged Train Loss: 2.3934
Averaged Test Accuracy: 0.2360
Averaged Test AUC: 0.6542
Std Test Accuracy: 0.2011
Std Test AUC: 0.2498

--- Round 12/500 ---
Averaged Train Loss: 2.3374
Averaged Test Accuracy: 0.2441
Averaged Test AUC: 0.6622
Std Test Accuracy: 0.1962
Std Test AUC: 0.2443

--- Round 13/500 ---
Averaged Train Loss: 2.2842
Averaged Test Accuracy: 0.2466
Averaged Test AUC: 0.6668
Std Test Accuracy: 0.1886
Std Test AUC: 0.2429

--- Round 14/500 ---
Averaged Train Loss: 2.2664
Averaged Test Accuracy: 0.2540
Averaged Test AUC: 0.6728
Std Test Accuracy: 0.1895
Std Test AUC: 0.2350

--- Round 15/500 ---
Averaged Train Loss: 2.2928
Averaged Test Accuracy: 0.2615
Averaged Test AUC: 0.6729
Std Test Accuracy: 0.1826
Std Test AUC: 0.2361

--- Round 16/500 ---
Averaged Train Loss: 2.3212
Averaged Test Accuracy: 0.2617
Averaged Test AUC: 0.6708
Std Test Accuracy: 0.1868
Std Test AUC: 0.2348

--- Round 17/500 ---
Averaged Train Loss: 2.3110
Averaged Test Accuracy: 0.2666
Averaged Test AUC: 0.6741
Std Test Accuracy: 0.1962
Std Test AUC: 0.2353

--- Round 18/500 ---
Averaged Train Loss: 2.2610
Averaged Test Accuracy: 0.2723
Averaged Test AUC: 0.6809
Std Test Accuracy: 0.2020
Std Test AUC: 0.2386

--- Round 19/500 ---
Averaged Train Loss: 2.2854
Averaged Test Accuracy: 0.2748
Averaged Test AUC: 0.6819
Std Test Accuracy: 0.2015
Std Test AUC: 0.2337

--- Round 20/500 ---
Averaged Train Loss: 2.3555
Averaged Test Accuracy: 0.2684
Averaged Test AUC: 0.6731
Std Test Accuracy: 0.1946
Std Test AUC: 0.2312

--- Round 21/500 ---
Averaged Train Loss: 2.2358
Averaged Test Accuracy: 0.2787
Averaged Test AUC: 0.6883
Std Test Accuracy: 0.1891
Std Test AUC: 0.2340

--- Round 22/500 ---
Averaged Train Loss: 2.1962
Averaged Test Accuracy: 0.2916
Averaged Test AUC: 0.6963
Std Test Accuracy: 0.2053
Std Test AUC: 0.2319

--- Round 23/500 ---
Averaged Train Loss: 2.2934
Averaged Test Accuracy: 0.2807
Averaged Test AUC: 0.6862
Std Test Accuracy: 0.1998
Std Test AUC: 0.2265

--- Round 24/500 ---
Averaged Train Loss: 2.1786
Averaged Test Accuracy: 0.2906
Averaged Test AUC: 0.7024
Std Test Accuracy: 0.1916
Std Test AUC: 0.2222

--- Round 25/500 ---
Averaged Train Loss: 2.1809
Averaged Test Accuracy: 0.2936
Averaged Test AUC: 0.7038
Std Test Accuracy: 0.2001
Std Test AUC: 0.2253

--- Round 26/500 ---
Averaged Train Loss: 2.2053
Averaged Test Accuracy: 0.2883
Averaged Test AUC: 0.7019
Std Test Accuracy: 0.2117
Std Test AUC: 0.2264

--- Round 27/500 ---
Averaged Train Loss: 2.1547
Averaged Test Accuracy: 0.3008
Averaged Test AUC: 0.7072
Std Test Accuracy: 0.1944
Std Test AUC: 0.2222

--- Round 28/500 ---
Averaged Train Loss: 2.1456
Averaged Test Accuracy: 0.3045
Averaged Test AUC: 0.7118
Std Test Accuracy: 0.1939
Std Test AUC: 0.2215

--- Round 29/500 ---
Averaged Train Loss: 2.1586
Averaged Test Accuracy: 0.3024
Averaged Test AUC: 0.7101
Std Test Accuracy: 0.1924
Std Test AUC: 0.2226

--- Round 30/500 ---
Averaged Train Loss: 2.1500
Averaged Test Accuracy: 0.3051
Averaged Test AUC: 0.7127
Std Test Accuracy: 0.2029
Std Test AUC: 0.2222

--- Round 31/500 ---
Averaged Train Loss: 2.1561
Averaged Test Accuracy: 0.3071
Averaged Test AUC: 0.7132
Std Test Accuracy: 0.1932
Std Test AUC: 0.2201

--- Round 32/500 ---
Averaged Train Loss: 2.1651
Averaged Test Accuracy: 0.3074
Averaged Test AUC: 0.7138
Std Test Accuracy: 0.1965
Std Test AUC: 0.2183

--- Round 33/500 ---
Averaged Train Loss: 2.0389
Averaged Test Accuracy: 0.3254
Averaged Test AUC: 0.7249
Std Test Accuracy: 0.1791
Std Test AUC: 0.2130

--- Round 34/500 ---
Averaged Train Loss: 2.0599
Averaged Test Accuracy: 0.3049
Averaged Test AUC: 0.7283
Std Test Accuracy: 0.2117
Std Test AUC: 0.2022

--- Round 35/500 ---
Averaged Train Loss: 2.0524
Averaged Test Accuracy: 0.3121
Averaged Test AUC: 0.7276
Std Test Accuracy: 0.1891
Std Test AUC: 0.1998

--- Round 36/500 ---
Averaged Train Loss: 2.0200
Averaged Test Accuracy: 0.3177
Averaged Test AUC: 0.7357
Std Test Accuracy: 0.1992
Std Test AUC: 0.1933

--- Round 37/500 ---
Averaged Train Loss: 2.0486
Averaged Test Accuracy: 0.3125
Averaged Test AUC: 0.7333
Std Test Accuracy: 0.1930
Std Test AUC: 0.1958

--- Round 38/500 ---
Averaged Train Loss: 2.1447
Averaged Test Accuracy: 0.3036
Averaged Test AUC: 0.7230
Std Test Accuracy: 0.2059
Std Test AUC: 0.2000

--- Round 39/500 ---
Averaged Train Loss: 1.9787
Averaged Test Accuracy: 0.3285
Averaged Test AUC: 0.7384
Std Test Accuracy: 0.1836
Std Test AUC: 0.1951

--- Round 40/500 ---
Averaged Train Loss: 2.1190
Averaged Test Accuracy: 0.3047
Averaged Test AUC: 0.7269
Std Test Accuracy: 0.2022
Std Test AUC: 0.1957

--- Round 41/500 ---
Averaged Train Loss: 2.0713
Averaged Test Accuracy: 0.3215
Averaged Test AUC: 0.7321
Std Test Accuracy: 0.2136
Std Test AUC: 0.2009

--- Round 42/500 ---
Averaged Train Loss: 1.9843
Averaged Test Accuracy: 0.3361
Averaged Test AUC: 0.7419
Std Test Accuracy: 0.1968
Std Test AUC: 0.1906

--- Round 43/500 ---
Averaged Train Loss: 1.9691
Averaged Test Accuracy: 0.3412
Averaged Test AUC: 0.7426
Std Test Accuracy: 0.1954
Std Test AUC: 0.1907

--- Round 44/500 ---
Averaged Train Loss: 2.0896
Averaged Test Accuracy: 0.3121
Averaged Test AUC: 0.7335
Std Test Accuracy: 0.1980
Std Test AUC: 0.1893

--- Round 45/500 ---
Averaged Train Loss: 2.0266
Averaged Test Accuracy: 0.3289
Averaged Test AUC: 0.7383
Std Test Accuracy: 0.2030
Std Test AUC: 0.1973

--- Round 46/500 ---
Averaged Train Loss: 1.9682
Averaged Test Accuracy: 0.3256
Averaged Test AUC: 0.7489
Std Test Accuracy: 0.2015
Std Test AUC: 0.1768

--- Round 47/500 ---
Averaged Train Loss: 2.0046
Averaged Test Accuracy: 0.3286
Averaged Test AUC: 0.7458
Std Test Accuracy: 0.1961
Std Test AUC: 0.1832

--- Round 48/500 ---
Averaged Train Loss: 2.0015
Averaged Test Accuracy: 0.3348
Averaged Test AUC: 0.7424
Std Test Accuracy: 0.2071
Std Test AUC: 0.1948

--- Round 49/500 ---
Averaged Train Loss: 1.9474
Averaged Test Accuracy: 0.3315
Averaged Test AUC: 0.7519
Std Test Accuracy: 0.1984
Std Test AUC: 0.1749

--- Round 50/500 ---
Averaged Train Loss: 1.9426
Averaged Test Accuracy: 0.3375
Averaged Test AUC: 0.7545
Std Test Accuracy: 0.1952
Std Test AUC: 0.1755

--- Round 51/500 ---
Averaged Train Loss: 1.8843
Averaged Test Accuracy: 0.3520
Averaged Test AUC: 0.7583
Std Test Accuracy: 0.1757
Std Test AUC: 0.1723

--- Round 52/500 ---
Averaged Train Loss: 1.9709
Averaged Test Accuracy: 0.3335
Averaged Test AUC: 0.7496
Std Test Accuracy: 0.1955
Std Test AUC: 0.1810

--- Round 53/500 ---
Averaged Train Loss: 1.9886
Averaged Test Accuracy: 0.3322
Averaged Test AUC: 0.7484
Std Test Accuracy: 0.2145
Std Test AUC: 0.1866

--- Round 54/500 ---
Averaged Train Loss: 1.9720
Averaged Test Accuracy: 0.3419
Averaged Test AUC: 0.7499
Std Test Accuracy: 0.2061
Std Test AUC: 0.1878

--- Round 55/500 ---
Averaged Train Loss: 1.9844
Averaged Test Accuracy: 0.3411
Averaged Test AUC: 0.7477
Std Test Accuracy: 0.2016
Std Test AUC: 0.1908

--- Round 56/500 ---
Averaged Train Loss: 1.9858
Averaged Test Accuracy: 0.3426
Averaged Test AUC: 0.7488
Std Test Accuracy: 0.2006
Std Test AUC: 0.1896

--- Round 57/500 ---
Averaged Train Loss: 1.9933
Averaged Test Accuracy: 0.3429
Averaged Test AUC: 0.7473
Std Test Accuracy: 0.1994
Std Test AUC: 0.1933

--- Round 58/500 ---
Averaged Train Loss: 2.0084
Averaged Test Accuracy: 0.3326
Averaged Test AUC: 0.7458
Std Test Accuracy: 0.2171
Std Test AUC: 0.1954

--- Round 59/500 ---
Averaged Train Loss: 1.9624
Averaged Test Accuracy: 0.3472
Averaged Test AUC: 0.7519
Std Test Accuracy: 0.1986
Std Test AUC: 0.1905

--- Round 60/500 ---
Averaged Train Loss: 1.9352
Averaged Test Accuracy: 0.3534
Averaged Test AUC: 0.7570
Std Test Accuracy: 0.1742
Std Test AUC: 0.1847

--- Round 61/500 ---
Averaged Train Loss: 1.9514
Averaged Test Accuracy: 0.3404
Averaged Test AUC: 0.7544
Std Test Accuracy: 0.1901
Std Test AUC: 0.1799

--- Round 62/500 ---
Averaged Train Loss: 1.9692
Averaged Test Accuracy: 0.3441
Averaged Test AUC: 0.7550
Std Test Accuracy: 0.2011
Std Test AUC: 0.1823

--- Round 63/500 ---
Averaged Train Loss: 1.9041
Averaged Test Accuracy: 0.3520
Averaged Test AUC: 0.7604
Std Test Accuracy: 0.2012
Std Test AUC: 0.1714

--- Round 64/500 ---
Averaged Train Loss: 1.9462
Averaged Test Accuracy: 0.3294
Averaged Test AUC: 0.7605
Std Test Accuracy: 0.2219
Std Test AUC: 0.1698

--- Round 65/500 ---
Averaged Train Loss: 1.9266
Averaged Test Accuracy: 0.3487
Averaged Test AUC: 0.7610
Std Test Accuracy: 0.2099
Std Test AUC: 0.1747

--- Round 66/500 ---
Averaged Train Loss: 1.8910
Averaged Test Accuracy: 0.3513
Averaged Test AUC: 0.7688
Std Test Accuracy: 0.1811
Std Test AUC: 0.1615

--- Round 67/500 ---
Averaged Train Loss: 1.9186
Averaged Test Accuracy: 0.3507
Averaged Test AUC: 0.7610
Std Test Accuracy: 0.2038
Std Test AUC: 0.1765

--- Round 68/500 ---
Averaged Train Loss: 1.9038
Averaged Test Accuracy: 0.3601
Averaged Test AUC: 0.7622
Std Test Accuracy: 0.1948
Std Test AUC: 0.1787

--- Round 69/500 ---
Averaged Train Loss: 1.8673
Averaged Test Accuracy: 0.3582
Averaged Test AUC: 0.7711
Std Test Accuracy: 0.1960
Std Test AUC: 0.1618

--- Round 70/500 ---
Averaged Train Loss: 1.8173
Averaged Test Accuracy: 0.3707
Averaged Test AUC: 0.7766
Std Test Accuracy: 0.1772
Std Test AUC: 0.1522

--- Round 71/500 ---
Averaged Train Loss: 1.8770
Averaged Test Accuracy: 0.3520
Averaged Test AUC: 0.7692
Std Test Accuracy: 0.2080
Std Test AUC: 0.1608

--- Round 72/500 ---
Averaged Train Loss: 1.8542
Averaged Test Accuracy: 0.3580
Averaged Test AUC: 0.7727
Std Test Accuracy: 0.1894
Std Test AUC: 0.1540

--- Round 73/500 ---
Averaged Train Loss: 1.8406
Averaged Test Accuracy: 0.3591
Averaged Test AUC: 0.7744
Std Test Accuracy: 0.1855
Std Test AUC: 0.1514

--- Round 74/500 ---
Averaged Train Loss: 1.8760
Averaged Test Accuracy: 0.3568
Averaged Test AUC: 0.7682
Std Test Accuracy: 0.1980
Std Test AUC: 0.1637

--- Round 75/500 ---
Averaged Train Loss: 1.9237
Averaged Test Accuracy: 0.3503
Averaged Test AUC: 0.7648
Std Test Accuracy: 0.2029
Std Test AUC: 0.1681

--- Round 76/500 ---
Averaged Train Loss: 1.8847
Averaged Test Accuracy: 0.3490
Averaged Test AUC: 0.7702
Std Test Accuracy: 0.2161
Std Test AUC: 0.1639

--- Round 77/500 ---
Averaged Train Loss: 1.9018
Averaged Test Accuracy: 0.3567
Averaged Test AUC: 0.7656
Std Test Accuracy: 0.1991
Std Test AUC: 0.1720

--- Round 78/500 ---
Averaged Train Loss: 1.9488
Averaged Test Accuracy: 0.3520
Averaged Test AUC: 0.7633
Std Test Accuracy: 0.2022
Std Test AUC: 0.1722

--- Round 79/500 ---
Averaged Train Loss: 1.9329
Averaged Test Accuracy: 0.3582
Averaged Test AUC: 0.7611
Std Test Accuracy: 0.2021
Std Test AUC: 0.1802

--- Round 80/500 ---
Averaged Train Loss: 1.9092
Averaged Test Accuracy: 0.3610
Averaged Test AUC: 0.7640
Std Test Accuracy: 0.1970
Std Test AUC: 0.1749

--- Round 81/500 ---
Averaged Train Loss: 1.9142
Averaged Test Accuracy: 0.3526
Averaged Test AUC: 0.7671
Std Test Accuracy: 0.2139
Std Test AUC: 0.1669

--- Round 82/500 ---
Averaged Train Loss: 1.9273
Averaged Test Accuracy: 0.3542
Averaged Test AUC: 0.7661
Std Test Accuracy: 0.2023
Std Test AUC: 0.1686

--- Round 83/500 ---
Averaged Train Loss: 1.9063
Averaged Test Accuracy: 0.3635
Averaged Test AUC: 0.7650
Std Test Accuracy: 0.2071
Std Test AUC: 0.1756

--- Round 84/500 ---
Averaged Train Loss: 1.8796
Averaged Test Accuracy: 0.3638
Averaged Test AUC: 0.7694
Std Test Accuracy: 0.1894
Std Test AUC: 0.1643

--- Round 85/500 ---
Averaged Train Loss: 1.8682
Averaged Test Accuracy: 0.3576
Averaged Test AUC: 0.7722
Std Test Accuracy: 0.1956
Std Test AUC: 0.1558

--- Round 86/500 ---
Averaged Train Loss: 1.8727
Averaged Test Accuracy: 0.3626
Averaged Test AUC: 0.7702
Std Test Accuracy: 0.2009
Std Test AUC: 0.1641

--- Round 87/500 ---
Averaged Train Loss: 1.8874
Averaged Test Accuracy: 0.3664
Averaged Test AUC: 0.7675
Std Test Accuracy: 0.1988
Std Test AUC: 0.1690

--- Round 88/500 ---
Averaged Train Loss: 1.8584
Averaged Test Accuracy: 0.3767
Averaged Test AUC: 0.7708
Std Test Accuracy: 0.1889
Std Test AUC: 0.1703

--- Round 89/500 ---
Averaged Train Loss: 1.8952
Averaged Test Accuracy: 0.3670
Averaged Test AUC: 0.7672
Std Test Accuracy: 0.1960
Std Test AUC: 0.1744

--- Round 90/500 ---
Averaged Train Loss: 1.9104
Averaged Test Accuracy: 0.3664
Averaged Test AUC: 0.7656
Std Test Accuracy: 0.1985
Std Test AUC: 0.1775

--- Round 91/500 ---
Averaged Train Loss: 1.9144
Averaged Test Accuracy: 0.3686
Averaged Test AUC: 0.7655
Std Test Accuracy: 0.2035
Std Test AUC: 0.1797

--- Round 92/500 ---
Averaged Train Loss: 1.8944
Averaged Test Accuracy: 0.3747
Averaged Test AUC: 0.7669
Std Test Accuracy: 0.1965
Std Test AUC: 0.1791

--- Round 93/500 ---
Averaged Train Loss: 1.9463
Averaged Test Accuracy: 0.3606
Averaged Test AUC: 0.7641
Std Test Accuracy: 0.1993
Std Test AUC: 0.1771

--- Round 94/500 ---
Averaged Train Loss: 1.9433
Averaged Test Accuracy: 0.3599
Averaged Test AUC: 0.7643
Std Test Accuracy: 0.2093
Std Test AUC: 0.1787

--- Round 95/500 ---
Averaged Train Loss: 1.9601
Averaged Test Accuracy: 0.3580
Averaged Test AUC: 0.7613
Std Test Accuracy: 0.2122
Std Test AUC: 0.1825

--- Round 96/500 ---
Averaged Train Loss: 1.9288
Averaged Test Accuracy: 0.3684
Averaged Test AUC: 0.7634
Std Test Accuracy: 0.2039
Std Test AUC: 0.1836

--- Round 97/500 ---
Averaged Train Loss: 1.9279
Averaged Test Accuracy: 0.3671
Averaged Test AUC: 0.7642
Std Test Accuracy: 0.2042
Std Test AUC: 0.1819

--- Round 98/500 ---
Averaged Train Loss: 1.9158
Averaged Test Accuracy: 0.3723
Averaged Test AUC: 0.7653
Std Test Accuracy: 0.2036
Std Test AUC: 0.1829

--- Round 99/500 ---
Averaged Train Loss: 1.9259
Averaged Test Accuracy: 0.3707
Averaged Test AUC: 0.7638
Std Test Accuracy: 0.2013
Std Test AUC: 0.1841

--- Round 100/500 ---
Averaged Train Loss: 1.8979
Averaged Test Accuracy: 0.3726
Averaged Test AUC: 0.7694
Std Test Accuracy: 0.2010
Std Test AUC: 0.1789

--- Round 101/500 ---
Averaged Train Loss: 1.9159
Averaged Test Accuracy: 0.3733
Averaged Test AUC: 0.7665
Std Test Accuracy: 0.1966
Std Test AUC: 0.1817

--- Round 102/500 ---
Averaged Train Loss: 1.9282
Averaged Test Accuracy: 0.3679
Averaged Test AUC: 0.7657
Std Test Accuracy: 0.2098
Std Test AUC: 0.1809

--- Round 103/500 ---
Averaged Train Loss: 1.9362
Averaged Test Accuracy: 0.3618
Averaged Test AUC: 0.7629
Std Test Accuracy: 0.2129
Std Test AUC: 0.1858

--- Round 104/500 ---
Averaged Train Loss: 1.9136
Averaged Test Accuracy: 0.3741
Averaged Test AUC: 0.7657
Std Test Accuracy: 0.1988
Std Test AUC: 0.1832

--- Round 105/500 ---
Averaged Train Loss: 1.8801
Averaged Test Accuracy: 0.3701
Averaged Test AUC: 0.7727
Std Test Accuracy: 0.2027
Std Test AUC: 0.1765

--- Round 106/500 ---
Averaged Train Loss: 1.8884
Averaged Test Accuracy: 0.3626
Averaged Test AUC: 0.7737
Std Test Accuracy: 0.2040
Std Test AUC: 0.1759

--- Round 107/500 ---
Averaged Train Loss: 1.8561
Averaged Test Accuracy: 0.3862
Averaged Test AUC: 0.7757
Std Test Accuracy: 0.1761
Std Test AUC: 0.1743

--- Round 108/500 ---
Averaged Train Loss: 1.8607
Averaged Test Accuracy: 0.3848
Averaged Test AUC: 0.7751
Std Test Accuracy: 0.1737
Std Test AUC: 0.1731

--- Round 109/500 ---
Averaged Train Loss: 1.9035
Averaged Test Accuracy: 0.3652
Averaged Test AUC: 0.7719
Std Test Accuracy: 0.2059
Std Test AUC: 0.1751

--- Round 110/500 ---
Averaged Train Loss: 1.8857
Averaged Test Accuracy: 0.3804
Averaged Test AUC: 0.7720
Std Test Accuracy: 0.1917
Std Test AUC: 0.1780

--- Round 111/500 ---
Averaged Train Loss: 1.9166
Averaged Test Accuracy: 0.3716
Averaged Test AUC: 0.7703
Std Test Accuracy: 0.1984
Std Test AUC: 0.1767

--- Round 112/500 ---
Averaged Train Loss: 1.8759
Averaged Test Accuracy: 0.3804
Averaged Test AUC: 0.7729
Std Test Accuracy: 0.1911
Std Test AUC: 0.1728

--- Round 113/500 ---
Averaged Train Loss: 1.8706
Averaged Test Accuracy: 0.3847
Averaged Test AUC: 0.7714
Std Test Accuracy: 0.1863
Std Test AUC: 0.1773

--- Round 114/500 ---
Averaged Train Loss: 1.8661
Averaged Test Accuracy: 0.3855
Averaged Test AUC: 0.7730
Std Test Accuracy: 0.1874
Std Test AUC: 0.1762

--- Round 115/500 ---
Averaged Train Loss: 1.8986
Averaged Test Accuracy: 0.3787
Averaged Test AUC: 0.7698
Std Test Accuracy: 0.1964
Std Test AUC: 0.1795

--- Round 116/500 ---
Averaged Train Loss: 1.8910
Averaged Test Accuracy: 0.3830
Averaged Test AUC: 0.7690
Std Test Accuracy: 0.1916
Std Test AUC: 0.1821

--- Round 117/500 ---
Averaged Train Loss: 1.9031
Averaged Test Accuracy: 0.3822
Averaged Test AUC: 0.7689
Std Test Accuracy: 0.1945
Std Test AUC: 0.1822

--- Round 118/500 ---
Averaged Train Loss: 1.8907
Averaged Test Accuracy: 0.3839
Averaged Test AUC: 0.7705
Std Test Accuracy: 0.1891
Std Test AUC: 0.1799

--- Round 119/500 ---
Averaged Train Loss: 1.9115
Averaged Test Accuracy: 0.3753
Averaged Test AUC: 0.7692
Std Test Accuracy: 0.1932
Std Test AUC: 0.1794

--- Round 120/500 ---
Averaged Train Loss: 1.8864
Averaged Test Accuracy: 0.3800
Averaged Test AUC: 0.7721
Std Test Accuracy: 0.2051
Std Test AUC: 0.1767

--- Round 121/500 ---
Averaged Train Loss: 1.8459
Averaged Test Accuracy: 0.3894
Averaged Test AUC: 0.7773
Std Test Accuracy: 0.1650
Std Test AUC: 0.1702

--- Round 122/500 ---
Averaged Train Loss: 1.8239
Averaged Test Accuracy: 0.3978
Averaged Test AUC: 0.7815
Std Test Accuracy: 0.1671
Std Test AUC: 0.1680

--- Round 123/500 ---
Averaged Train Loss: 1.8731
Averaged Test Accuracy: 0.3822
Averaged Test AUC: 0.7774
Std Test Accuracy: 0.1870
Std Test AUC: 0.1686

--- Round 124/500 ---
Averaged Train Loss: 1.8723
Averaged Test Accuracy: 0.3838
Averaged Test AUC: 0.7740
Std Test Accuracy: 0.1931
Std Test AUC: 0.1759

--- Round 125/500 ---
Averaged Train Loss: 1.8716
Averaged Test Accuracy: 0.3884
Averaged Test AUC: 0.7743
Std Test Accuracy: 0.1850
Std Test AUC: 0.1763

--- Round 126/500 ---
Averaged Train Loss: 1.8570
Averaged Test Accuracy: 0.3880
Averaged Test AUC: 0.7758
Std Test Accuracy: 0.1853
Std Test AUC: 0.1714

--- Round 127/500 ---
Averaged Train Loss: 1.8908
Averaged Test Accuracy: 0.3630
Averaged Test AUC: 0.7746
Std Test Accuracy: 0.2084
Std Test AUC: 0.1709

--- Round 128/500 ---
Averaged Train Loss: 1.8547
Averaged Test Accuracy: 0.3817
Averaged Test AUC: 0.7769
Std Test Accuracy: 0.1932
Std Test AUC: 0.1709

--- Round 129/500 ---
Averaged Train Loss: 1.8489
Averaged Test Accuracy: 0.3872
Averaged Test AUC: 0.7779
Std Test Accuracy: 0.1867
Std Test AUC: 0.1699

--- Round 130/500 ---
Averaged Train Loss: 1.8419
Averaged Test Accuracy: 0.3922
Averaged Test AUC: 0.7806
Std Test Accuracy: 0.1794
Std Test AUC: 0.1673

--- Round 131/500 ---
Averaged Train Loss: 1.8330
Averaged Test Accuracy: 0.3966
Averaged Test AUC: 0.7806
Std Test Accuracy: 0.1644
Std Test AUC: 0.1696

--- Round 132/500 ---
Averaged Train Loss: 1.8121
Averaged Test Accuracy: 0.3996
Averaged Test AUC: 0.7824
Std Test Accuracy: 0.1685
Std Test AUC: 0.1665

--- Round 133/500 ---
Averaged Train Loss: 1.8528
Averaged Test Accuracy: 0.3865
Averaged Test AUC: 0.7799
Std Test Accuracy: 0.1871
Std Test AUC: 0.1666

--- Round 134/500 ---
Averaged Train Loss: 1.8425
Averaged Test Accuracy: 0.3846
Averaged Test AUC: 0.7785
Std Test Accuracy: 0.1999
Std Test AUC: 0.1689

--- Round 135/500 ---
Averaged Train Loss: 1.8491
Averaged Test Accuracy: 0.3862
Averaged Test AUC: 0.7767
Std Test Accuracy: 0.1972
Std Test AUC: 0.1721

--- Round 136/500 ---
Averaged Train Loss: 1.8586
Averaged Test Accuracy: 0.3874
Averaged Test AUC: 0.7752
Std Test Accuracy: 0.1898
Std Test AUC: 0.1747

--- Round 137/500 ---
Averaged Train Loss: 1.8268
Averaged Test Accuracy: 0.3926
Averaged Test AUC: 0.7796
Std Test Accuracy: 0.1829
Std Test AUC: 0.1680

--- Round 138/500 ---
Averaged Train Loss: 1.8415
Averaged Test Accuracy: 0.3897
Averaged Test AUC: 0.7783
Std Test Accuracy: 0.1852
Std Test AUC: 0.1698

--- Round 139/500 ---
Averaged Train Loss: 1.8198
Averaged Test Accuracy: 0.3872
Averaged Test AUC: 0.7827
Std Test Accuracy: 0.1914
Std Test AUC: 0.1678

--- Round 140/500 ---
Averaged Train Loss: 1.7963
Averaged Test Accuracy: 0.4093
Averaged Test AUC: 0.7833
Std Test Accuracy: 0.1548
Std Test AUC: 0.1678

--- Round 141/500 ---
Averaged Train Loss: 1.8322
Averaged Test Accuracy: 0.3803
Averaged Test AUC: 0.7828
Std Test Accuracy: 0.1935
Std Test AUC: 0.1584

--- Round 142/500 ---
Averaged Train Loss: 1.8106
Averaged Test Accuracy: 0.3943
Averaged Test AUC: 0.7840
Std Test Accuracy: 0.1827
Std Test AUC: 0.1599

--- Round 143/500 ---
Averaged Train Loss: 1.6500
Averaged Test Accuracy: 0.3989
Averaged Test AUC: 0.8226
Std Test Accuracy: 0.1973
Std Test AUC: 0.0670

--- Round 144/500 ---
Averaged Train Loss: 1.7701
Averaged Test Accuracy: 0.3471
Averaged Test AUC: 0.8092
Std Test Accuracy: 0.2474
Std Test AUC: 0.0848

--- Round 145/500 ---
Averaged Train Loss: 1.9146
Averaged Test Accuracy: 0.2880
Averaged Test AUC: 0.7840
Std Test Accuracy: 0.2093
Std Test AUC: 0.0882

--- Round 146/500 ---
Averaged Train Loss: 1.7070
Averaged Test Accuracy: 0.3736
Averaged Test AUC: 0.8214
Std Test Accuracy: 0.2301
Std Test AUC: 0.0713

--- Round 147/500 ---
Averaged Train Loss: 1.5858
Averaged Test Accuracy: 0.4249
Averaged Test AUC: 0.8311
Std Test Accuracy: 0.1705
Std Test AUC: 0.0630

--- Round 148/500 ---
Averaged Train Loss: 1.7338
Averaged Test Accuracy: 0.3614
Averaged Test AUC: 0.8187
Std Test Accuracy: 0.2248
Std Test AUC: 0.0790

--- Round 149/500 ---
Averaged Train Loss: 1.7062
Averaged Test Accuracy: 0.3631
Averaged Test AUC: 0.8173
Std Test Accuracy: 0.2358
Std Test AUC: 0.0780

--- Round 150/500 ---
Averaged Train Loss: 1.7229
Averaged Test Accuracy: 0.3403
Averaged Test AUC: 0.8130
Std Test Accuracy: 0.1964
Std Test AUC: 0.0643

--- Round 151/500 ---
Averaged Train Loss: 1.5459
Averaged Test Accuracy: 0.4380
Averaged Test AUC: 0.8385
Std Test Accuracy: 0.1344
Std Test AUC: 0.0467

--- Round 152/500 ---
Averaged Train Loss: 1.5412
Averaged Test Accuracy: 0.4343
Averaged Test AUC: 0.8356
Std Test Accuracy: 0.1407
Std Test AUC: 0.0543

--- Round 153/500 ---
Averaged Train Loss: 1.6457
Averaged Test Accuracy: 0.3862
Averaged Test AUC: 0.8283
Std Test Accuracy: 0.2117
Std Test AUC: 0.0664

--- Round 154/500 ---
Averaged Train Loss: 1.6807
Averaged Test Accuracy: 0.3735
Averaged Test AUC: 0.8228
Std Test Accuracy: 0.2298
Std Test AUC: 0.0709

--- Round 155/500 ---
Averaged Train Loss: 1.7032
Averaged Test Accuracy: 0.3554
Averaged Test AUC: 0.8178
Std Test Accuracy: 0.1975
Std Test AUC: 0.0606

--- Round 156/500 ---
Averaged Train Loss: 1.5201
Averaged Test Accuracy: 0.4447
Averaged Test AUC: 0.8425
Std Test Accuracy: 0.1239
Std Test AUC: 0.0410

--- Round 157/500 ---
Averaged Train Loss: 1.5272
Averaged Test Accuracy: 0.4369
Averaged Test AUC: 0.8380
Std Test Accuracy: 0.1480
Std Test AUC: 0.0541

--- Round 158/500 ---
Averaged Train Loss: 1.6218
Averaged Test Accuracy: 0.3976
Averaged Test AUC: 0.8310
Std Test Accuracy: 0.2067
Std Test AUC: 0.0670

--- Round 159/500 ---
Averaged Train Loss: 1.6719
Averaged Test Accuracy: 0.3742
Averaged Test AUC: 0.8250
Std Test Accuracy: 0.2330
Std Test AUC: 0.0721

--- Round 160/500 ---
Averaged Train Loss: 1.6646
Averaged Test Accuracy: 0.3689
Averaged Test AUC: 0.8233
Std Test Accuracy: 0.1969
Std Test AUC: 0.0581

--- Round 161/500 ---
Averaged Train Loss: 1.5331
Averaged Test Accuracy: 0.4400
Averaged Test AUC: 0.8413
Std Test Accuracy: 0.1441
Std Test AUC: 0.0498

--- Round 162/500 ---
Averaged Train Loss: 1.4981
Averaged Test Accuracy: 0.4492
Averaged Test AUC: 0.8441
Std Test Accuracy: 0.1427
Std Test AUC: 0.0428

--- Round 163/500 ---
Averaged Train Loss: 1.5917
Averaged Test Accuracy: 0.4047
Averaged Test AUC: 0.8350
Std Test Accuracy: 0.2045
Std Test AUC: 0.0658

--- Round 164/500 ---
Averaged Train Loss: 1.6362
Averaged Test Accuracy: 0.3854
Averaged Test AUC: 0.8285
Std Test Accuracy: 0.2262
Std Test AUC: 0.0705

--- Round 165/500 ---
Averaged Train Loss: 1.6839
Averaged Test Accuracy: 0.3604
Averaged Test AUC: 0.8232
Std Test Accuracy: 0.1973
Std Test AUC: 0.0584

--- Round 166/500 ---
Averaged Train Loss: 1.5020
Averaged Test Accuracy: 0.4532
Averaged Test AUC: 0.8462
Std Test Accuracy: 0.1247
Std Test AUC: 0.0439

--- Round 167/500 ---
Averaged Train Loss: 1.4959
Averaged Test Accuracy: 0.4478
Averaged Test AUC: 0.8436
Std Test Accuracy: 0.1531
Std Test AUC: 0.0501

--- Round 168/500 ---
Averaged Train Loss: 1.5953
Averaged Test Accuracy: 0.4075
Averaged Test AUC: 0.8352
Std Test Accuracy: 0.2045
Std Test AUC: 0.0648

--- Round 169/500 ---
Averaged Train Loss: 1.6369
Averaged Test Accuracy: 0.3872
Averaged Test AUC: 0.8295
Std Test Accuracy: 0.2310
Std Test AUC: 0.0724

--- Round 170/500 ---
Averaged Train Loss: 1.6711
Averaged Test Accuracy: 0.3670
Averaged Test AUC: 0.8253
Std Test Accuracy: 0.1966
Std Test AUC: 0.0587

--- Round 171/500 ---
Averaged Train Loss: 1.4853
Averaged Test Accuracy: 0.4611
Averaged Test AUC: 0.8483
Std Test Accuracy: 0.1203
Std Test AUC: 0.0418

--- Round 172/500 ---
Averaged Train Loss: 1.4836
Averaged Test Accuracy: 0.4544
Averaged Test AUC: 0.8462
Std Test Accuracy: 0.1501
Std Test AUC: 0.0463

--- Round 173/500 ---
Averaged Train Loss: 1.5925
Averaged Test Accuracy: 0.4083
Averaged Test AUC: 0.8382
Std Test Accuracy: 0.2084
Std Test AUC: 0.0641

--- Round 174/500 ---
Averaged Train Loss: 1.6269
Averaged Test Accuracy: 0.3916
Averaged Test AUC: 0.8319
Std Test Accuracy: 0.2297
Std Test AUC: 0.0701

--- Round 175/500 ---
Averaged Train Loss: 1.6496
Averaged Test Accuracy: 0.3787
Averaged Test AUC: 0.8280
Std Test Accuracy: 0.1932
Std Test AUC: 0.0568

--- Round 176/500 ---
Averaged Train Loss: 1.5020
Averaged Test Accuracy: 0.4558
Averaged Test AUC: 0.8467
Std Test Accuracy: 0.1526
Std Test AUC: 0.0503

--- Round 177/500 ---
Averaged Train Loss: 1.4685
Averaged Test Accuracy: 0.4583
Averaged Test AUC: 0.8485
Std Test Accuracy: 0.1422
Std Test AUC: 0.0441

--- Round 178/500 ---
Averaged Train Loss: 1.5644
Averaged Test Accuracy: 0.4170
Averaged Test AUC: 0.8399
Std Test Accuracy: 0.2002
Std Test AUC: 0.0609

--- Round 179/500 ---
Averaged Train Loss: 1.5914
Averaged Test Accuracy: 0.4085
Averaged Test AUC: 0.8346
Std Test Accuracy: 0.2121
Std Test AUC: 0.0684

--- Round 180/500 ---
Averaged Train Loss: 1.6060
Averaged Test Accuracy: 0.3980
Averaged Test AUC: 0.8336
Std Test Accuracy: 0.1909
Std Test AUC: 0.0552

--- Round 181/500 ---
Averaged Train Loss: 1.4859
Averaged Test Accuracy: 0.4616
Averaged Test AUC: 0.8486
Std Test Accuracy: 0.1506
Std Test AUC: 0.0490

--- Round 182/500 ---
Averaged Train Loss: 1.4592
Averaged Test Accuracy: 0.4627
Averaged Test AUC: 0.8494
Std Test Accuracy: 0.1394
Std Test AUC: 0.0442

--- Round 183/500 ---
Averaged Train Loss: 1.5645
Averaged Test Accuracy: 0.4171
Averaged Test AUC: 0.8401
Std Test Accuracy: 0.2015
Std Test AUC: 0.0629

--- Round 184/500 ---
Averaged Train Loss: 1.6033
Averaged Test Accuracy: 0.4030
Averaged Test AUC: 0.8368
Std Test Accuracy: 0.2225
Std Test AUC: 0.0662

--- Round 185/500 ---
Averaged Train Loss: 1.6422
Averaged Test Accuracy: 0.3783
Averaged Test AUC: 0.8294
Std Test Accuracy: 0.1911
Std Test AUC: 0.0538

--- Round 186/500 ---
Averaged Train Loss: 1.4729
Averaged Test Accuracy: 0.4639
Averaged Test AUC: 0.8504
Std Test Accuracy: 0.1404
Std Test AUC: 0.0466

--- Round 187/500 ---
Averaged Train Loss: 1.4542
Averaged Test Accuracy: 0.4652
Averaged Test AUC: 0.8506
Std Test Accuracy: 0.1409
Std Test AUC: 0.0441

--- Round 188/500 ---
Averaged Train Loss: 1.5497
Averaged Test Accuracy: 0.4281
Averaged Test AUC: 0.8424
Std Test Accuracy: 0.2002
Std Test AUC: 0.0620

--- Round 189/500 ---
Averaged Train Loss: 1.5984
Averaged Test Accuracy: 0.4012
Averaged Test AUC: 0.8366
Std Test Accuracy: 0.2209
Std Test AUC: 0.0669

--- Round 190/500 ---
Averaged Train Loss: 1.6246
Averaged Test Accuracy: 0.3878
Averaged Test AUC: 0.8321
Std Test Accuracy: 0.1901
Std Test AUC: 0.0541

--- Round 191/500 ---
Averaged Train Loss: 1.4569
Averaged Test Accuracy: 0.4700
Averaged Test AUC: 0.8526
Std Test Accuracy: 0.1370
Std Test AUC: 0.0446

--- Round 192/500 ---
Averaged Train Loss: 1.4437
Averaged Test Accuracy: 0.4683
Averaged Test AUC: 0.8513
Std Test Accuracy: 0.1400
Std Test AUC: 0.0436

--- Round 193/500 ---
Averaged Train Loss: 1.5340
Averaged Test Accuracy: 0.4310
Averaged Test AUC: 0.8447
Std Test Accuracy: 0.1951
Std Test AUC: 0.0604

--- Round 194/500 ---
Averaged Train Loss: 1.5888
Averaged Test Accuracy: 0.4072
Averaged Test AUC: 0.8381
Std Test Accuracy: 0.2172
Std Test AUC: 0.0654

--- Round 195/500 ---
Averaged Train Loss: 1.6181
Averaged Test Accuracy: 0.3933
Averaged Test AUC: 0.8331
Std Test Accuracy: 0.1870
Std Test AUC: 0.0551

--- Round 196/500 ---
Averaged Train Loss: 1.4467
Averaged Test Accuracy: 0.4734
Averaged Test AUC: 0.8540
Std Test Accuracy: 0.1371
Std Test AUC: 0.0450

--- Round 197/500 ---
Averaged Train Loss: 1.4372
Averaged Test Accuracy: 0.4717
Averaged Test AUC: 0.8527
Std Test Accuracy: 0.1384
Std Test AUC: 0.0438

--- Round 198/500 ---
Averaged Train Loss: 1.5292
Averaged Test Accuracy: 0.4340
Averaged Test AUC: 0.8455
Std Test Accuracy: 0.1937
Std Test AUC: 0.0587

--- Round 199/500 ---
Averaged Train Loss: 1.5736
Averaged Test Accuracy: 0.4158
Averaged Test AUC: 0.8400
Std Test Accuracy: 0.2087
Std Test AUC: 0.0638

--- Round 200/500 ---
Averaged Train Loss: 1.6082
Averaged Test Accuracy: 0.3978
Averaged Test AUC: 0.8348
Std Test Accuracy: 0.1901
Std Test AUC: 0.0533

--- Round 201/500 ---
Averaged Train Loss: 1.4514
Averaged Test Accuracy: 0.4733
Averaged Test AUC: 0.8539
Std Test Accuracy: 0.1395
Std Test AUC: 0.0455

--- Round 202/500 ---
Averaged Train Loss: 1.4320
Averaged Test Accuracy: 0.4733
Averaged Test AUC: 0.8534
Std Test Accuracy: 0.1484
Std Test AUC: 0.0442

--- Round 203/500 ---
Averaged Train Loss: 1.5128
Averaged Test Accuracy: 0.4405
Averaged Test AUC: 0.8471
Std Test Accuracy: 0.1904
Std Test AUC: 0.0580

--- Round 204/500 ---
Averaged Train Loss: 1.5747
Averaged Test Accuracy: 0.4157
Averaged Test AUC: 0.8393
Std Test Accuracy: 0.2124
Std Test AUC: 0.0666

--- Round 205/500 ---
Averaged Train Loss: 1.6050
Averaged Test Accuracy: 0.3986
Averaged Test AUC: 0.8367
Std Test Accuracy: 0.1864
Std Test AUC: 0.0532

--- Round 206/500 ---
Averaged Train Loss: 1.4422
Averaged Test Accuracy: 0.4780
Averaged Test AUC: 0.8548
Std Test Accuracy: 0.1373
Std Test AUC: 0.0467

--- Round 207/500 ---
Averaged Train Loss: 1.4234
Averaged Test Accuracy: 0.4761
Averaged Test AUC: 0.8545
Std Test Accuracy: 0.1411
Std Test AUC: 0.0437

--- Round 208/500 ---
Averaged Train Loss: 1.5312
Averaged Test Accuracy: 0.4352
Averaged Test AUC: 0.8466
Std Test Accuracy: 0.1985
Std Test AUC: 0.0603

--- Round 209/500 ---
Averaged Train Loss: 1.5781
Averaged Test Accuracy: 0.4115
Averaged Test AUC: 0.8411
Std Test Accuracy: 0.2155
Std Test AUC: 0.0652

--- Round 210/500 ---
Averaged Train Loss: 1.6056
Averaged Test Accuracy: 0.3997
Averaged Test AUC: 0.8358
Std Test Accuracy: 0.1760
Std Test AUC: 0.0505

--- Round 211/500 ---
Averaged Train Loss: 1.4329
Averaged Test Accuracy: 0.4801
Averaged Test AUC: 0.8566
Std Test Accuracy: 0.1427
Std Test AUC: 0.0455

--- Round 212/500 ---
Averaged Train Loss: 1.4141
Averaged Test Accuracy: 0.4800
Averaged Test AUC: 0.8558
Std Test Accuracy: 0.1413
Std Test AUC: 0.0424

--- Round 213/500 ---
Averaged Train Loss: 1.5115
Averaged Test Accuracy: 0.4374
Averaged Test AUC: 0.8493
Std Test Accuracy: 0.1896
Std Test AUC: 0.0561

--- Round 214/500 ---
Averaged Train Loss: 1.5744
Averaged Test Accuracy: 0.4130
Averaged Test AUC: 0.8415
Std Test Accuracy: 0.2170
Std Test AUC: 0.0640

--- Round 215/500 ---
Averaged Train Loss: 1.5807
Averaged Test Accuracy: 0.4104
Averaged Test AUC: 0.8390
Std Test Accuracy: 0.1688
Std Test AUC: 0.0500

--- Round 216/500 ---
Averaged Train Loss: 1.4216
Averaged Test Accuracy: 0.4826
Averaged Test AUC: 0.8575
Std Test Accuracy: 0.1322
Std Test AUC: 0.0429

--- Round 217/500 ---
Averaged Train Loss: 1.4094
Averaged Test Accuracy: 0.4816
Averaged Test AUC: 0.8567
Std Test Accuracy: 0.1356
Std Test AUC: 0.0412

--- Round 218/500 ---
Averaged Train Loss: 1.5035
Averaged Test Accuracy: 0.4450
Averaged Test AUC: 0.8502
Std Test Accuracy: 0.1903
Std Test AUC: 0.0558

--- Round 219/500 ---
Averaged Train Loss: 1.5614
Averaged Test Accuracy: 0.4170
Averaged Test AUC: 0.8432
Std Test Accuracy: 0.2135
Std Test AUC: 0.0605

--- Round 220/500 ---
Averaged Train Loss: 1.6222
Averaged Test Accuracy: 0.3952
Averaged Test AUC: 0.8353
Std Test Accuracy: 0.1781
Std Test AUC: 0.0525

--- Round 221/500 ---
Averaged Train Loss: 1.4183
Averaged Test Accuracy: 0.4823
Averaged Test AUC: 0.8586
Std Test Accuracy: 0.1298
Std Test AUC: 0.0432

--- Round 222/500 ---
Averaged Train Loss: 1.4150
Averaged Test Accuracy: 0.4810
Averaged Test AUC: 0.8561
Std Test Accuracy: 0.1553
Std Test AUC: 0.0461

--- Round 223/500 ---
Averaged Train Loss: 1.4955
Averaged Test Accuracy: 0.4504
Averaged Test AUC: 0.8505
Std Test Accuracy: 0.1863
Std Test AUC: 0.0540

--- Round 224/500 ---
Averaged Train Loss: 1.5462
Averaged Test Accuracy: 0.4237
Averaged Test AUC: 0.8445
Std Test Accuracy: 0.2026
Std Test AUC: 0.0613

--- Round 225/500 ---
Averaged Train Loss: 1.5611
Averaged Test Accuracy: 0.4199
Averaged Test AUC: 0.8423
Std Test Accuracy: 0.1734
Std Test AUC: 0.0513

--- Round 226/500 ---
Averaged Train Loss: 1.4229
Averaged Test Accuracy: 0.4827
Averaged Test AUC: 0.8579
Std Test Accuracy: 0.1429
Std Test AUC: 0.0453

--- Round 227/500 ---
Averaged Train Loss: 1.4049
Averaged Test Accuracy: 0.4826
Averaged Test AUC: 0.8572
Std Test Accuracy: 0.1474
Std Test AUC: 0.0444

--- Round 228/500 ---
Averaged Train Loss: 1.5056
Averaged Test Accuracy: 0.4435
Averaged Test AUC: 0.8504
Std Test Accuracy: 0.1943
Std Test AUC: 0.0574

--- Round 229/500 ---
Averaged Train Loss: 1.5400
Averaged Test Accuracy: 0.4276
Averaged Test AUC: 0.8456
Std Test Accuracy: 0.2137
Std Test AUC: 0.0627

--- Round 230/500 ---
Averaged Train Loss: 1.5963
Averaged Test Accuracy: 0.4017
Averaged Test AUC: 0.8387
Std Test Accuracy: 0.1780
Std Test AUC: 0.0512

--- Round 231/500 ---
Averaged Train Loss: 1.4167
Averaged Test Accuracy: 0.4872
Averaged Test AUC: 0.8586
Std Test Accuracy: 0.1398
Std Test AUC: 0.0441

--- Round 232/500 ---
Averaged Train Loss: 1.3920
Averaged Test Accuracy: 0.4882
Averaged Test AUC: 0.8592
Std Test Accuracy: 0.1409
Std Test AUC: 0.0412

--- Round 233/500 ---
Averaged Train Loss: 1.4873
Averaged Test Accuracy: 0.4482
Averaged Test AUC: 0.8517
Std Test Accuracy: 0.1936
Std Test AUC: 0.0557

--- Round 234/500 ---
Averaged Train Loss: 1.5444
Averaged Test Accuracy: 0.4255
Averaged Test AUC: 0.8459
Std Test Accuracy: 0.2098
Std Test AUC: 0.0615

--- Round 235/500 ---
Averaged Train Loss: 1.5391
Averaged Test Accuracy: 0.4277
Averaged Test AUC: 0.8446
Std Test Accuracy: 0.1781
Std Test AUC: 0.0498

--- Round 236/500 ---
Averaged Train Loss: 1.4001
Averaged Test Accuracy: 0.4874
Averaged Test AUC: 0.8602
Std Test Accuracy: 0.1447
Std Test AUC: 0.0451

--- Round 237/500 ---
Averaged Train Loss: 1.3839
Averaged Test Accuracy: 0.4923
Averaged Test AUC: 0.8604
Std Test Accuracy: 0.1300
Std Test AUC: 0.0389

--- Round 238/500 ---
Averaged Train Loss: 1.4854
Averaged Test Accuracy: 0.4514
Averaged Test AUC: 0.8526
Std Test Accuracy: 0.1925
Std Test AUC: 0.0574

--- Round 239/500 ---
Averaged Train Loss: 1.5178
Averaged Test Accuracy: 0.4345
Averaged Test AUC: 0.8484
Std Test Accuracy: 0.1944
Std Test AUC: 0.0575

--- Round 240/500 ---
Averaged Train Loss: 1.5540
Averaged Test Accuracy: 0.4168
Averaged Test AUC: 0.8425
Std Test Accuracy: 0.1710
Std Test AUC: 0.0464

--- Round 241/500 ---
Averaged Train Loss: 1.3862
Averaged Test Accuracy: 0.4975
Averaged Test AUC: 0.8619
Std Test Accuracy: 0.1326
Std Test AUC: 0.0403

--- Round 242/500 ---
Averaged Train Loss: 1.3846
Averaged Test Accuracy: 0.4914
Averaged Test AUC: 0.8603
Std Test Accuracy: 0.1375
Std Test AUC: 0.0407

--- Round 243/500 ---
Averaged Train Loss: 1.4828
Averaged Test Accuracy: 0.4548
Averaged Test AUC: 0.8524
Std Test Accuracy: 0.1868
Std Test AUC: 0.0562

--- Round 244/500 ---
Averaged Train Loss: 1.5304
Averaged Test Accuracy: 0.4290
Averaged Test AUC: 0.8479
Std Test Accuracy: 0.2098
Std Test AUC: 0.0603

--- Round 245/500 ---
Averaged Train Loss: 1.5522
Averaged Test Accuracy: 0.4212
Averaged Test AUC: 0.8440
Std Test Accuracy: 0.1866
Std Test AUC: 0.0517

--- Round 246/500 ---
Averaged Train Loss: 1.3790
Averaged Test Accuracy: 0.5025
Averaged Test AUC: 0.8629
Std Test Accuracy: 0.1235
Std Test AUC: 0.0374

--- Round 247/500 ---
Averaged Train Loss: 1.3831
Averaged Test Accuracy: 0.4900
Averaged Test AUC: 0.8600
Std Test Accuracy: 0.1400
Std Test AUC: 0.0434

--- Round 248/500 ---
Averaged Train Loss: 1.4643
Averaged Test Accuracy: 0.4588
Averaged Test AUC: 0.8549
Std Test Accuracy: 0.1838
Std Test AUC: 0.0563

--- Round 249/500 ---
Averaged Train Loss: 1.5182
Averaged Test Accuracy: 0.4348
Averaged Test AUC: 0.8496
Std Test Accuracy: 0.2140
Std Test AUC: 0.0602

--- Round 250/500 ---
Averaged Train Loss: 1.5817
Averaged Test Accuracy: 0.4081
Averaged Test AUC: 0.8416
Std Test Accuracy: 0.1780
Std Test AUC: 0.0511

--- Round 251/500 ---
Averaged Train Loss: 1.3679
Averaged Test Accuracy: 0.5035
Averaged Test AUC: 0.8641
Std Test Accuracy: 0.1193
Std Test AUC: 0.0376

--- Round 252/500 ---
Averaged Train Loss: 1.3862
Averaged Test Accuracy: 0.4902
Averaged Test AUC: 0.8606
Std Test Accuracy: 0.1532
Std Test AUC: 0.0437

--- Round 253/500 ---
Averaged Train Loss: 1.4575
Averaged Test Accuracy: 0.4631
Averaged Test AUC: 0.8557
Std Test Accuracy: 0.1856
Std Test AUC: 0.0541

--- Round 254/500 ---
Averaged Train Loss: 1.5174
Averaged Test Accuracy: 0.4349
Averaged Test AUC: 0.8498
Std Test Accuracy: 0.2121
Std Test AUC: 0.0601

--- Round 255/500 ---
Averaged Train Loss: 1.5284
Averaged Test Accuracy: 0.4301
Averaged Test AUC: 0.8471
Std Test Accuracy: 0.1742
Std Test AUC: 0.0498

--- Round 256/500 ---
Averaged Train Loss: 1.3760
Averaged Test Accuracy: 0.5025
Averaged Test AUC: 0.8636
Std Test Accuracy: 0.1339
Std Test AUC: 0.0422

--- Round 257/500 ---
Averaged Train Loss: 1.3764
Averaged Test Accuracy: 0.4963
Averaged Test AUC: 0.8614
Std Test Accuracy: 0.1423
Std Test AUC: 0.0443

--- Round 258/500 ---
Averaged Train Loss: 1.4627
Averaged Test Accuracy: 0.4609
Averaged Test AUC: 0.8549
Std Test Accuracy: 0.1855
Std Test AUC: 0.0573

--- Round 259/500 ---
Averaged Train Loss: 1.5136
Averaged Test Accuracy: 0.4362
Averaged Test AUC: 0.8496
Std Test Accuracy: 0.2127
Std Test AUC: 0.0609

--- Round 260/500 ---
Averaged Train Loss: 1.5135
Averaged Test Accuracy: 0.4375
Averaged Test AUC: 0.8489
Std Test Accuracy: 0.1759
Std Test AUC: 0.0503

--- Round 261/500 ---
Averaged Train Loss: 1.3782
Averaged Test Accuracy: 0.4971
Averaged Test AUC: 0.8638
Std Test Accuracy: 0.1397
Std Test AUC: 0.0410

--- Round 262/500 ---
Averaged Train Loss: 1.3672
Averaged Test Accuracy: 0.4982
Averaged Test AUC: 0.8624
Std Test Accuracy: 0.1408
Std Test AUC: 0.0426

--- Round 263/500 ---
Averaged Train Loss: 1.4621
Averaged Test Accuracy: 0.4616
Averaged Test AUC: 0.8562
Std Test Accuracy: 0.1837
Std Test AUC: 0.0534

--- Round 264/500 ---
Averaged Train Loss: 1.4999
Averaged Test Accuracy: 0.4427
Averaged Test AUC: 0.8517
Std Test Accuracy: 0.2022
Std Test AUC: 0.0567

--- Round 265/500 ---
Averaged Train Loss: 1.5296
Averaged Test Accuracy: 0.4315
Averaged Test AUC: 0.8466
Std Test Accuracy: 0.1770
Std Test AUC: 0.0513

--- Round 266/500 ---
Averaged Train Loss: 1.3766
Averaged Test Accuracy: 0.5006
Averaged Test AUC: 0.8636
Std Test Accuracy: 0.1383
Std Test AUC: 0.0429

--- Round 267/500 ---
Averaged Train Loss: 1.3667
Averaged Test Accuracy: 0.4982
Averaged Test AUC: 0.8631
Std Test Accuracy: 0.1447
Std Test AUC: 0.0423

--- Round 268/500 ---
Averaged Train Loss: 1.4337
Averaged Test Accuracy: 0.4752
Averaged Test AUC: 0.8583
Std Test Accuracy: 0.1778
Std Test AUC: 0.0526

--- Round 269/500 ---
Averaged Train Loss: 1.4690
Averaged Test Accuracy: 0.4540
Averaged Test AUC: 0.8542
Std Test Accuracy: 0.2006
Std Test AUC: 0.0563

--- Round 270/500 ---
Averaged Train Loss: 1.4988
Averaged Test Accuracy: 0.4439
Averaged Test AUC: 0.8507
Std Test Accuracy: 0.1762
Std Test AUC: 0.0475

--- Round 271/500 ---
Averaged Train Loss: 1.3613
Averaged Test Accuracy: 0.5021
Averaged Test AUC: 0.8656
Std Test Accuracy: 0.1331
Std Test AUC: 0.0396

--- Round 272/500 ---
Averaged Train Loss: 1.3582
Averaged Test Accuracy: 0.5004
Averaged Test AUC: 0.8640
Std Test Accuracy: 0.1369
Std Test AUC: 0.0412

--- Round 273/500 ---
Averaged Train Loss: 1.4337
Averaged Test Accuracy: 0.4753
Averaged Test AUC: 0.8583
Std Test Accuracy: 0.1775
Std Test AUC: 0.0507

--- Round 274/500 ---
Averaged Train Loss: 1.4816
Averaged Test Accuracy: 0.4488
Averaged Test AUC: 0.8541
Std Test Accuracy: 0.2005
Std Test AUC: 0.0573

--- Round 275/500 ---
Averaged Train Loss: 1.4674
Averaged Test Accuracy: 0.4500
Averaged Test AUC: 0.8536
Std Test Accuracy: 0.1670
Std Test AUC: 0.0435

--- Round 276/500 ---
Averaged Train Loss: 1.3599
Averaged Test Accuracy: 0.5030
Averaged Test AUC: 0.8657
Std Test Accuracy: 0.1406
Std Test AUC: 0.0440

--- Round 277/500 ---
Averaged Train Loss: 1.3538
Averaged Test Accuracy: 0.5025
Averaged Test AUC: 0.8643
Std Test Accuracy: 0.1408
Std Test AUC: 0.0427

--- Round 278/500 ---
Averaged Train Loss: 1.4463
Averaged Test Accuracy: 0.4711
Averaged Test AUC: 0.8582
Std Test Accuracy: 0.1864
Std Test AUC: 0.0519

--- Round 279/500 ---
Averaged Train Loss: 1.4854
Averaged Test Accuracy: 0.4456
Averaged Test AUC: 0.8535
Std Test Accuracy: 0.2055
Std Test AUC: 0.0573

--- Round 280/500 ---
Averaged Train Loss: 1.5666
Averaged Test Accuracy: 0.4156
Averaged Test AUC: 0.8446
Std Test Accuracy: 0.1829
Std Test AUC: 0.0533

--- Round 281/500 ---
Averaged Train Loss: 1.3600
Averaged Test Accuracy: 0.5065
Averaged Test AUC: 0.8654
Std Test Accuracy: 0.1337
Std Test AUC: 0.0419

--- Round 282/500 ---
Averaged Train Loss: 1.3494
Averaged Test Accuracy: 0.5036
Averaged Test AUC: 0.8653
Std Test Accuracy: 0.1382
Std Test AUC: 0.0411

--- Round 283/500 ---
Averaged Train Loss: 1.4226
Averaged Test Accuracy: 0.4749
Averaged Test AUC: 0.8609
Std Test Accuracy: 0.1785
Std Test AUC: 0.0501

--- Round 284/500 ---
Averaged Train Loss: 1.4784
Averaged Test Accuracy: 0.4489
Averaged Test AUC: 0.8541
Std Test Accuracy: 0.1985
Std Test AUC: 0.0565

--- Round 285/500 ---
Averaged Train Loss: 1.4814
Averaged Test Accuracy: 0.4502
Averaged Test AUC: 0.8520
Std Test Accuracy: 0.1629
Std Test AUC: 0.0464

--- Round 286/500 ---
Averaged Train Loss: 1.3511
Averaged Test Accuracy: 0.5070
Averaged Test AUC: 0.8663
Std Test Accuracy: 0.1310
Std Test AUC: 0.0399

--- Round 287/500 ---
Averaged Train Loss: 1.3485
Averaged Test Accuracy: 0.5049
Averaged Test AUC: 0.8652
Std Test Accuracy: 0.1403
Std Test AUC: 0.0424

--- Round 288/500 ---
Averaged Train Loss: 1.4240
Averaged Test Accuracy: 0.4781
Averaged Test AUC: 0.8608
Std Test Accuracy: 0.1849
Std Test AUC: 0.0514

--- Round 289/500 ---
Averaged Train Loss: 1.4921
Averaged Test Accuracy: 0.4454
Averaged Test AUC: 0.8529
Std Test Accuracy: 0.1993
Std Test AUC: 0.0576

--- Round 290/500 ---
Averaged Train Loss: 1.5310
Averaged Test Accuracy: 0.4294
Averaged Test AUC: 0.8480
Std Test Accuracy: 0.1735
Std Test AUC: 0.0487

--- Round 291/500 ---
Averaged Train Loss: 1.3375
Averaged Test Accuracy: 0.5147
Averaged Test AUC: 0.8680
Std Test Accuracy: 0.1326
Std Test AUC: 0.0391

--- Round 292/500 ---
Averaged Train Loss: 1.3447
Averaged Test Accuracy: 0.5060
Averaged Test AUC: 0.8657
Std Test Accuracy: 0.1423
Std Test AUC: 0.0415

--- Round 293/500 ---
Averaged Train Loss: 1.4253
Averaged Test Accuracy: 0.4803
Averaged Test AUC: 0.8605
Std Test Accuracy: 0.1829
Std Test AUC: 0.0545

--- Round 294/500 ---
Averaged Train Loss: 1.4954
Averaged Test Accuracy: 0.4473
Averaged Test AUC: 0.8528
Std Test Accuracy: 0.2066
Std Test AUC: 0.0605

--- Round 295/500 ---
Averaged Train Loss: 1.5135
Averaged Test Accuracy: 0.4353
Averaged Test AUC: 0.8500
Std Test Accuracy: 0.1720
Std Test AUC: 0.0492

--- Round 296/500 ---
Averaged Train Loss: 1.3523
Averaged Test Accuracy: 0.5049
Averaged Test AUC: 0.8667
Std Test Accuracy: 0.1460
Std Test AUC: 0.0434

--- Round 297/500 ---
Averaged Train Loss: 1.3401
Averaged Test Accuracy: 0.5086
Averaged Test AUC: 0.8661
Std Test Accuracy: 0.1395
Std Test AUC: 0.0419

--- Round 298/500 ---
Averaged Train Loss: 1.4259
Averaged Test Accuracy: 0.4768
Averaged Test AUC: 0.8604
Std Test Accuracy: 0.1833
Std Test AUC: 0.0528

--- Round 299/500 ---
Averaged Train Loss: 1.4978
Averaged Test Accuracy: 0.4445
Averaged Test AUC: 0.8527
Std Test Accuracy: 0.2107
Std Test AUC: 0.0610

--- Round 300/500 ---
Averaged Train Loss: 1.5091
Averaged Test Accuracy: 0.4419
Averaged Test AUC: 0.8509
Std Test Accuracy: 0.1755
Std Test AUC: 0.0490

--- Round 301/500 ---
Averaged Train Loss: 1.3462
Averaged Test Accuracy: 0.5075
Averaged Test AUC: 0.8677
Std Test Accuracy: 0.1442
Std Test AUC: 0.0421

--- Round 302/500 ---
Averaged Train Loss: 1.3337
Averaged Test Accuracy: 0.5114
Averaged Test AUC: 0.8671
Std Test Accuracy: 0.1362
Std Test AUC: 0.0401

--- Round 303/500 ---
Averaged Train Loss: 1.4279
Averaged Test Accuracy: 0.4761
Averaged Test AUC: 0.8607
Std Test Accuracy: 0.1884
Std Test AUC: 0.0536

--- Round 304/500 ---
Averaged Train Loss: 1.4769
Averaged Test Accuracy: 0.4531
Averaged Test AUC: 0.8555
Std Test Accuracy: 0.2140
Std Test AUC: 0.0580

--- Round 305/500 ---
Averaged Train Loss: 1.4954
Averaged Test Accuracy: 0.4456
Averaged Test AUC: 0.8528
Std Test Accuracy: 0.1717
Std Test AUC: 0.0499

--- Round 306/500 ---
Averaged Train Loss: 1.3448
Averaged Test Accuracy: 0.5089
Averaged Test AUC: 0.8681
Std Test Accuracy: 0.1449
Std Test AUC: 0.0422

--- Round 307/500 ---
Averaged Train Loss: 1.3304
Averaged Test Accuracy: 0.5112
Averaged Test AUC: 0.8677
Std Test Accuracy: 0.1350
Std Test AUC: 0.0401

--- Round 308/500 ---
Averaged Train Loss: 1.4158
Averaged Test Accuracy: 0.4819
Averaged Test AUC: 0.8612
Std Test Accuracy: 0.1811
Std Test AUC: 0.0517

--- Round 309/500 ---
Averaged Train Loss: 1.4492
Averaged Test Accuracy: 0.4635
Averaged Test AUC: 0.8569
Std Test Accuracy: 0.1934
Std Test AUC: 0.0552

--- Round 310/500 ---
Averaged Train Loss: 1.4956
Averaged Test Accuracy: 0.4422
Averaged Test AUC: 0.8527
Std Test Accuracy: 0.1736
Std Test AUC: 0.0489

--- Round 311/500 ---
Averaged Train Loss: 1.3352
Averaged Test Accuracy: 0.5146
Averaged Test AUC: 0.8689
Std Test Accuracy: 0.1402
Std Test AUC: 0.0431

--- Round 312/500 ---
Averaged Train Loss: 1.3290
Averaged Test Accuracy: 0.5120
Averaged Test AUC: 0.8676
Std Test Accuracy: 0.1344
Std Test AUC: 0.0420

--- Round 313/500 ---
Averaged Train Loss: 1.4243
Averaged Test Accuracy: 0.4761
Averaged Test AUC: 0.8620
Std Test Accuracy: 0.1867
Std Test AUC: 0.0534

--- Round 314/500 ---
Averaged Train Loss: 1.4473
Averaged Test Accuracy: 0.4613
Averaged Test AUC: 0.8581
Std Test Accuracy: 0.2003
Std Test AUC: 0.0537

--- Round 315/500 ---
Averaged Train Loss: 1.4613
Averaged Test Accuracy: 0.4547
Averaged Test AUC: 0.8548
Std Test Accuracy: 0.1641
Std Test AUC: 0.0429

--- Round 316/500 ---
Averaged Train Loss: 1.3113
Averaged Test Accuracy: 0.5207
Averaged Test AUC: 0.8712
Std Test Accuracy: 0.1213
Std Test AUC: 0.0340

--- Round 317/500 ---
Averaged Train Loss: 1.3316
Averaged Test Accuracy: 0.5127
Averaged Test AUC: 0.8671
Std Test Accuracy: 0.1441
Std Test AUC: 0.0438

--- Round 318/500 ---
Averaged Train Loss: 1.4264
Averaged Test Accuracy: 0.4782
Averaged Test AUC: 0.8611
Std Test Accuracy: 0.1872
Std Test AUC: 0.0558

--- Round 319/500 ---
Averaged Train Loss: 1.4792
Averaged Test Accuracy: 0.4512
Averaged Test AUC: 0.8559
Std Test Accuracy: 0.2123
Std Test AUC: 0.0562

--- Round 320/500 ---
Averaged Train Loss: 1.4790
Averaged Test Accuracy: 0.4498
Averaged Test AUC: 0.8542
Std Test Accuracy: 0.1691
Std Test AUC: 0.0461

--- Round 321/500 ---
Averaged Train Loss: 1.3076
Averaged Test Accuracy: 0.5223
Averaged Test AUC: 0.8716
Std Test Accuracy: 0.1213
Std Test AUC: 0.0350

--- Round 322/500 ---
Averaged Train Loss: 1.3334
Averaged Test Accuracy: 0.5102
Averaged Test AUC: 0.8672
Std Test Accuracy: 0.1486
Std Test AUC: 0.0452

--- Round 323/500 ---
Averaged Train Loss: 1.3979
Averaged Test Accuracy: 0.4872
Averaged Test AUC: 0.8635
Std Test Accuracy: 0.1780
Std Test AUC: 0.0496

--- Round 324/500 ---
Averaged Train Loss: 1.4639
Averaged Test Accuracy: 0.4579
Averaged Test AUC: 0.8564
Std Test Accuracy: 0.2003
Std Test AUC: 0.0577

--- Round 325/500 ---
Averaged Train Loss: 1.4739
Averaged Test Accuracy: 0.4525
Averaged Test AUC: 0.8546
Std Test Accuracy: 0.1690
Std Test AUC: 0.0454

--- Round 326/500 ---
Averaged Train Loss: 1.3304
Averaged Test Accuracy: 0.5131
Averaged Test AUC: 0.8696
Std Test Accuracy: 0.1473
Std Test AUC: 0.0417

--- Round 327/500 ---
Averaged Train Loss: 1.3144
Averaged Test Accuracy: 0.5183
Averaged Test AUC: 0.8695
Std Test Accuracy: 0.1377
Std Test AUC: 0.0409

--- Round 328/500 ---
Averaged Train Loss: 1.4167
Averaged Test Accuracy: 0.4828
Averaged Test AUC: 0.8628
Std Test Accuracy: 0.1960
Std Test AUC: 0.0545

--- Round 329/500 ---
Averaged Train Loss: 1.4593
Averaged Test Accuracy: 0.4573
Averaged Test AUC: 0.8582
Std Test Accuracy: 0.2077
Std Test AUC: 0.0556

--- Round 330/500 ---
Averaged Train Loss: 1.4317
Averaged Test Accuracy: 0.4689
Averaged Test AUC: 0.8592
Std Test Accuracy: 0.1648
Std Test AUC: 0.0415

--- Round 331/500 ---
Averaged Train Loss: 1.3208
Averaged Test Accuracy: 0.5162
Averaged Test AUC: 0.8710
Std Test Accuracy: 0.1299
Std Test AUC: 0.0363

--- Round 332/500 ---
Averaged Train Loss: 1.3720
Averaged Test Accuracy: 0.4919
Averaged Test AUC: 0.8629
Std Test Accuracy: 0.1320
Std Test AUC: 0.0394

--- Round 333/500 ---
Averaged Train Loss: 1.4186
Averaged Test Accuracy: 0.4842
Averaged Test AUC: 0.8565
Std Test Accuracy: 0.1552
Std Test AUC: 0.0603

--- Round 334/500 ---
Averaged Train Loss: 1.4617
Averaged Test Accuracy: 0.4765
Averaged Test AUC: 0.8522
Std Test Accuracy: 0.1706
Std Test AUC: 0.0775

--- Round 335/500 ---
Averaged Train Loss: 1.4895
Averaged Test Accuracy: 0.4713
Averaged Test AUC: 0.8485
Std Test Accuracy: 0.1802
Std Test AUC: 0.0882

--- Round 336/500 ---
Averaged Train Loss: 1.5399
Averaged Test Accuracy: 0.4602
Averaged Test AUC: 0.8408
Std Test Accuracy: 0.1947
Std Test AUC: 0.0996

--- Round 337/500 ---
Averaged Train Loss: 1.5057
Averaged Test Accuracy: 0.4769
Averaged Test AUC: 0.8432
Std Test Accuracy: 0.1744
Std Test AUC: 0.1021

--- Round 338/500 ---
Averaged Train Loss: 1.4897
Averaged Test Accuracy: 0.4880
Averaged Test AUC: 0.8440
Std Test Accuracy: 0.1640
Std Test AUC: 0.1042

--- Round 339/500 ---
Averaged Train Loss: 1.5069
Averaged Test Accuracy: 0.4844
Averaged Test AUC: 0.8416
Std Test Accuracy: 0.1685
Std Test AUC: 0.1081

--- Round 340/500 ---
Averaged Train Loss: 1.5855
Averaged Test Accuracy: 0.4687
Averaged Test AUC: 0.8364
Std Test Accuracy: 0.1807
Std Test AUC: 0.1121

--- Round 341/500 ---
Averaged Train Loss: 1.5481
Averaged Test Accuracy: 0.4745
Averaged Test AUC: 0.8413
Std Test Accuracy: 0.1746
Std Test AUC: 0.1002

--- Round 342/500 ---
Averaged Train Loss: 1.6724
Averaged Test Accuracy: 0.4137
Averaged Test AUC: 0.8289
Std Test Accuracy: 0.1899
Std Test AUC: 0.1046

--- Round 343/500 ---
Averaged Train Loss: 1.7083
Averaged Test Accuracy: 0.3979
Averaged Test AUC: 0.8290
Std Test Accuracy: 0.1930
Std Test AUC: 0.0962

--- Round 344/500 ---
Averaged Train Loss: 1.6494
Averaged Test Accuracy: 0.4297
Averaged Test AUC: 0.8265
Std Test Accuracy: 0.1913
Std Test AUC: 0.1124

--- Round 345/500 ---
Averaged Train Loss: 1.6601
Averaged Test Accuracy: 0.4255
Averaged Test AUC: 0.8277
Std Test Accuracy: 0.1845
Std Test AUC: 0.1102

--- Round 346/500 ---
Averaged Train Loss: 1.7100
Averaged Test Accuracy: 0.4192
Averaged Test AUC: 0.8202
Std Test Accuracy: 0.1938
Std Test AUC: 0.1198

--- Round 347/500 ---
Averaged Train Loss: 1.7064
Averaged Test Accuracy: 0.4232
Averaged Test AUC: 0.8199
Std Test Accuracy: 0.1941
Std Test AUC: 0.1226

--- Round 348/500 ---
Averaged Train Loss: 1.6697
Averaged Test Accuracy: 0.4377
Averaged Test AUC: 0.8204
Std Test Accuracy: 0.1940
Std Test AUC: 0.1279

--- Round 349/500 ---
Averaged Train Loss: 1.8681
Averaged Test Accuracy: 0.3766
Averaged Test AUC: 0.8150
Std Test Accuracy: 0.2037
Std Test AUC: 0.1174

--- Round 350/500 ---
Averaged Train Loss: 1.6856
Averaged Test Accuracy: 0.4135
Averaged Test AUC: 0.8231
Std Test Accuracy: 0.2034
Std Test AUC: 0.1100

--- Round 351/500 ---
Averaged Train Loss: 1.6983
Averaged Test Accuracy: 0.4152
Averaged Test AUC: 0.8231
Std Test Accuracy: 0.1954
Std Test AUC: 0.1119

--- Round 352/500 ---
Averaged Train Loss: 1.6409
Averaged Test Accuracy: 0.4407
Averaged Test AUC: 0.8245
Std Test Accuracy: 0.1936
Std Test AUC: 0.1182

--- Round 353/500 ---
Averaged Train Loss: 1.6875
Averaged Test Accuracy: 0.4248
Averaged Test AUC: 0.8218
Std Test Accuracy: 0.1942
Std Test AUC: 0.1191

--- Round 354/500 ---
Averaged Train Loss: 1.7610
Averaged Test Accuracy: 0.4097
Averaged Test AUC: 0.8129
Std Test Accuracy: 0.2030
Std Test AUC: 0.1287

--- Round 355/500 ---
Averaged Train Loss: 1.7578
Averaged Test Accuracy: 0.4104
Averaged Test AUC: 0.8149
Std Test Accuracy: 0.2077
Std Test AUC: 0.1288

--- Round 356/500 ---
Averaged Train Loss: 1.9589
Averaged Test Accuracy: 0.3638
Averaged Test AUC: 0.8095
Std Test Accuracy: 0.2132
Std Test AUC: 0.1207

--- Round 357/500 ---
Averaged Train Loss: 1.7770
Averaged Test Accuracy: 0.4146
Averaged Test AUC: 0.8084
Std Test Accuracy: 0.2068
Std Test AUC: 0.1374

--- Round 358/500 ---
Averaged Train Loss: 1.7787
Averaged Test Accuracy: 0.3950
Averaged Test AUC: 0.8192
Std Test Accuracy: 0.2066
Std Test AUC: 0.1167

--- Round 359/500 ---
Averaged Train Loss: 1.7652
Averaged Test Accuracy: 0.3991
Averaged Test AUC: 0.8191
Std Test Accuracy: 0.2059
Std Test AUC: 0.1158

--- Round 360/500 ---
Averaged Train Loss: 1.7845
Averaged Test Accuracy: 0.4018
Averaged Test AUC: 0.8163
Std Test Accuracy: 0.2035
Std Test AUC: 0.1215

--- Round 361/500 ---
Averaged Train Loss: 1.7313
Averaged Test Accuracy: 0.4278
Averaged Test AUC: 0.8142
Std Test Accuracy: 0.2042
Std Test AUC: 0.1341

--- Round 362/500 ---
Averaged Train Loss: 1.7756
Averaged Test Accuracy: 0.4317
Averaged Test AUC: 0.8120
Std Test Accuracy: 0.2093
Std Test AUC: 0.1360

--- Round 363/500 ---
Averaged Train Loss: 1.7645
Averaged Test Accuracy: 0.4038
Averaged Test AUC: 0.8213
Std Test Accuracy: 0.1908
Std Test AUC: 0.1147

--- Round 364/500 ---
Averaged Train Loss: 1.6582
Averaged Test Accuracy: 0.4335
Averaged Test AUC: 0.8274
Std Test Accuracy: 0.1751
Std Test AUC: 0.1113

--- Round 365/500 ---
Averaged Train Loss: 1.7455
Averaged Test Accuracy: 0.4047
Averaged Test AUC: 0.8221
Std Test Accuracy: 0.1902
Std Test AUC: 0.1119

--- Round 366/500 ---
Averaged Train Loss: 1.7611
Averaged Test Accuracy: 0.4102
Averaged Test AUC: 0.8188
Std Test Accuracy: 0.1923
Std Test AUC: 0.1193

--- Round 367/500 ---
Averaged Train Loss: 1.7270
Averaged Test Accuracy: 0.4301
Averaged Test AUC: 0.8168
Std Test Accuracy: 0.1954
Std Test AUC: 0.1292

--- Round 368/500 ---
Averaged Train Loss: 1.8345
Averaged Test Accuracy: 0.3935
Averaged Test AUC: 0.8133
Std Test Accuracy: 0.2011
Std Test AUC: 0.1246

--- Round 369/500 ---
Averaged Train Loss: 1.8197
Averaged Test Accuracy: 0.3978
Averaged Test AUC: 0.8144
Std Test Accuracy: 0.2054
Std Test AUC: 0.1218

--- Round 370/500 ---
Averaged Train Loss: 1.8210
Averaged Test Accuracy: 0.4034
Averaged Test AUC: 0.8108
Std Test Accuracy: 0.2041
Std Test AUC: 0.1292

--- Round 371/500 ---
Averaged Train Loss: 1.7694
Averaged Test Accuracy: 0.4265
Averaged Test AUC: 0.8114
Std Test Accuracy: 0.2050
Std Test AUC: 0.1365

--- Round 372/500 ---
Averaged Train Loss: 1.7694
Averaged Test Accuracy: 0.4284
Averaged Test AUC: 0.8114
Std Test Accuracy: 0.2027
Std Test AUC: 0.1386

--- Round 373/500 ---
Averaged Train Loss: 1.7691
Averaged Test Accuracy: 0.4357
Averaged Test AUC: 0.8098
Std Test Accuracy: 0.2044
Std Test AUC: 0.1439

--- Round 374/500 ---
Averaged Train Loss: 1.8851
Averaged Test Accuracy: 0.3928
Averaged Test AUC: 0.8084
Std Test Accuracy: 0.2090
Std Test AUC: 0.1320

--- Round 375/500 ---
Averaged Train Loss: 1.7785
Averaged Test Accuracy: 0.4333
Averaged Test AUC: 0.8087
Std Test Accuracy: 0.1996
Std Test AUC: 0.1442

--- Round 376/500 ---
Averaged Train Loss: 1.7822
Averaged Test Accuracy: 0.4368
Averaged Test AUC: 0.8089
Std Test Accuracy: 0.1960
Std Test AUC: 0.1449

--- Round 377/500 ---
Averaged Train Loss: 1.9237
Averaged Test Accuracy: 0.3937
Averaged Test AUC: 0.8041
Std Test Accuracy: 0.2077
Std Test AUC: 0.1398

--- Round 378/500 ---
Averaged Train Loss: 1.8305
Averaged Test Accuracy: 0.4266
Averaged Test AUC: 0.8049
Std Test Accuracy: 0.2023
Std Test AUC: 0.1486

--- Round 379/500 ---
Averaged Train Loss: 1.9080
Averaged Test Accuracy: 0.4022
Averaged Test AUC: 0.8007
Std Test Accuracy: 0.2073
Std Test AUC: 0.1480

--- Round 380/500 ---
Averaged Train Loss: 1.8462
Averaged Test Accuracy: 0.4249
Averaged Test AUC: 0.8013
Std Test Accuracy: 0.2079
Std Test AUC: 0.1551

--- Round 381/500 ---
Averaged Train Loss: 1.9419
Averaged Test Accuracy: 0.3946
Averaged Test AUC: 0.8013
Std Test Accuracy: 0.2113
Std Test AUC: 0.1446

--- Round 382/500 ---
Averaged Train Loss: 1.9085
Averaged Test Accuracy: 0.4077
Averaged Test AUC: 0.7961
Std Test Accuracy: 0.2133
Std Test AUC: 0.1566

--- Round 383/500 ---
Averaged Train Loss: 1.9511
Averaged Test Accuracy: 0.3950
Averaged Test AUC: 0.7999
Std Test Accuracy: 0.2110
Std Test AUC: 0.1474

--- Round 384/500 ---
Averaged Train Loss: 1.7906
Averaged Test Accuracy: 0.4237
Averaged Test AUC: 0.8137
Std Test Accuracy: 0.1863
Std Test AUC: 0.1338

--- Round 385/500 ---
Averaged Train Loss: 1.8686
Averaged Test Accuracy: 0.4045
Averaged Test AUC: 0.8084
Std Test Accuracy: 0.1964
Std Test AUC: 0.1363

--- Round 386/500 ---
Averaged Train Loss: 1.8849
Averaged Test Accuracy: 0.4026
Averaged Test AUC: 0.8064
Std Test Accuracy: 0.1986
Std Test AUC: 0.1396

--- Round 387/500 ---
Averaged Train Loss: 1.8446
Averaged Test Accuracy: 0.4077
Averaged Test AUC: 0.8094
Std Test Accuracy: 0.1981
Std Test AUC: 0.1346

--- Round 388/500 ---
Averaged Train Loss: 1.8640
Averaged Test Accuracy: 0.4089
Averaged Test AUC: 0.8079
Std Test Accuracy: 0.1987
Std Test AUC: 0.1379

--- Round 389/500 ---
Averaged Train Loss: 1.8816
Averaged Test Accuracy: 0.4127
Averaged Test AUC: 0.7998
Std Test Accuracy: 0.2100
Std Test AUC: 0.1511

--- Round 390/500 ---
Averaged Train Loss: 1.9297
Averaged Test Accuracy: 0.3946
Averaged Test AUC: 0.8022
Std Test Accuracy: 0.2061
Std Test AUC: 0.1436

--- Round 391/500 ---
Averaged Train Loss: 1.8866
Averaged Test Accuracy: 0.4041
Averaged Test AUC: 0.8069
Std Test Accuracy: 0.2023
Std Test AUC: 0.1369

--- Round 392/500 ---
Averaged Train Loss: 1.7290
Averaged Test Accuracy: 0.4277
Averaged Test AUC: 0.8200
Std Test Accuracy: 0.1887
Std Test AUC: 0.1200

--- Round 393/500 ---
Averaged Train Loss: 1.6370
Averaged Test Accuracy: 0.4243
Averaged Test AUC: 0.8314
Std Test Accuracy: 0.1885
Std Test AUC: 0.0904

--- Round 394/500 ---
Averaged Train Loss: 1.6422
Averaged Test Accuracy: 0.4363
Averaged Test AUC: 0.8267
Std Test Accuracy: 0.1953
Std Test AUC: 0.1049

--- Round 395/500 ---
Averaged Train Loss: 1.6709
Averaged Test Accuracy: 0.4194
Averaged Test AUC: 0.8302
Std Test Accuracy: 0.1909
Std Test AUC: 0.0937

--- Round 396/500 ---
Averaged Train Loss: 1.7122
Averaged Test Accuracy: 0.4139
Averaged Test AUC: 0.8261
Std Test Accuracy: 0.1935
Std Test AUC: 0.0990

--- Round 397/500 ---
Averaged Train Loss: 1.7672
Averaged Test Accuracy: 0.4057
Averaged Test AUC: 0.8195
Std Test Accuracy: 0.2005
Std Test AUC: 0.1093

--- Round 398/500 ---
Averaged Train Loss: 1.8080
Averaged Test Accuracy: 0.4023
Averaged Test AUC: 0.8147
Std Test Accuracy: 0.2063
Std Test AUC: 0.1172

--- Round 399/500 ---
Averaged Train Loss: 1.7461
Averaged Test Accuracy: 0.4282
Averaged Test AUC: 0.8144
Std Test Accuracy: 0.2031
Std Test AUC: 0.1271

--- Round 400/500 ---
Averaged Train Loss: 1.8098
Averaged Test Accuracy: 0.4109
Averaged Test AUC: 0.8126
Std Test Accuracy: 0.2052
Std Test AUC: 0.1257

--- Round 401/500 ---
Averaged Train Loss: 1.7665
Averaged Test Accuracy: 0.4297
Averaged Test AUC: 0.8106
Std Test Accuracy: 0.2054
Std Test AUC: 0.1356

--- Round 402/500 ---
Averaged Train Loss: 1.8495
Averaged Test Accuracy: 0.4047
Averaged Test AUC: 0.8093
Std Test Accuracy: 0.2058
Std Test AUC: 0.1301

--- Round 403/500 ---
Averaged Train Loss: 1.8668
Averaged Test Accuracy: 0.4037
Averaged Test AUC: 0.8073
Std Test Accuracy: 0.2065
Std Test AUC: 0.1332

--- Round 404/500 ---
Averaged Train Loss: 1.8675
Averaged Test Accuracy: 0.4087
Averaged Test AUC: 0.8064
Std Test Accuracy: 0.2084
Std Test AUC: 0.1367

--- Round 405/500 ---
Averaged Train Loss: 1.7371
Averaged Test Accuracy: 0.4403
Averaged Test AUC: 0.8125
Std Test Accuracy: 0.1996
Std Test AUC: 0.1359

--- Round 406/500 ---
Averaged Train Loss: 1.7954
Averaged Test Accuracy: 0.4114
Averaged Test AUC: 0.8149
Std Test Accuracy: 0.1943
Std Test AUC: 0.1224

--- Round 407/500 ---
Averaged Train Loss: 1.7226
Averaged Test Accuracy: 0.4377
Averaged Test AUC: 0.8180
Std Test Accuracy: 0.1959
Std Test AUC: 0.1229

--- Round 408/500 ---
Averaged Train Loss: 1.7371
Averaged Test Accuracy: 0.4373
Averaged Test AUC: 0.8141
Std Test Accuracy: 0.1987
Std Test AUC: 0.1305

--- Round 409/500 ---
Averaged Train Loss: 1.7192
Averaged Test Accuracy: 0.4416
Averaged Test AUC: 0.8164
Std Test Accuracy: 0.1982
Std Test AUC: 0.1288

--- Round 410/500 ---
Averaged Train Loss: 1.7951
Averaged Test Accuracy: 0.4216
Averaged Test AUC: 0.8136
Std Test Accuracy: 0.1974
Std Test AUC: 0.1266

--- Round 411/500 ---
Averaged Train Loss: 1.7754
Averaged Test Accuracy: 0.4316
Averaged Test AUC: 0.8117
Std Test Accuracy: 0.2016
Std Test AUC: 0.1340

--- Round 412/500 ---
Averaged Train Loss: 1.8429
Averaged Test Accuracy: 0.4141
Averaged Test AUC: 0.8088
Std Test Accuracy: 0.2054
Std Test AUC: 0.1337

--- Round 413/500 ---
Averaged Train Loss: 1.8626
Averaged Test Accuracy: 0.4137
Averaged Test AUC: 0.8062
Std Test Accuracy: 0.2053
Std Test AUC: 0.1379

--- Round 414/500 ---
Averaged Train Loss: 1.8947
Averaged Test Accuracy: 0.4014
Averaged Test AUC: 0.8061
Std Test Accuracy: 0.2044
Std Test AUC: 0.1368

--- Round 415/500 ---
Averaged Train Loss: 1.8654
Averaged Test Accuracy: 0.4339
Averaged Test AUC: 0.8014
Std Test Accuracy: 0.2168
Std Test AUC: 0.1539

--- Round 416/500 ---
Averaged Train Loss: 1.8579
Averaged Test Accuracy: 0.4063
Averaged Test AUC: 0.8065
Std Test Accuracy: 0.2035
Std Test AUC: 0.1357

--- Round 417/500 ---
Averaged Train Loss: 1.8193
Averaged Test Accuracy: 0.4295
Averaged Test AUC: 0.8042
Std Test Accuracy: 0.2081
Std Test AUC: 0.1466

--- Round 418/500 ---
Averaged Train Loss: 1.9023
Averaged Test Accuracy: 0.4058
Averaged Test AUC: 0.8019
Std Test Accuracy: 0.2059
Std Test AUC: 0.1431

--- Round 419/500 ---
Averaged Train Loss: 1.8221
Averaged Test Accuracy: 0.4331
Averaged Test AUC: 0.8052
Std Test Accuracy: 0.2088
Std Test AUC: 0.1452

--- Round 420/500 ---
Averaged Train Loss: 1.9081
Averaged Test Accuracy: 0.4083
Averaged Test AUC: 0.8021
Std Test Accuracy: 0.2065
Std Test AUC: 0.1428

--- Round 421/500 ---
Averaged Train Loss: 1.7067
Averaged Test Accuracy: 0.4240
Averaged Test AUC: 0.8177
Std Test Accuracy: 0.2030
Std Test AUC: 0.1179

--- Round 422/500 ---
Averaged Train Loss: 1.6714
Averaged Test Accuracy: 0.4370
Averaged Test AUC: 0.8202
Std Test Accuracy: 0.2004
Std Test AUC: 0.1167

--- Round 423/500 ---
Averaged Train Loss: 1.6960
Averaged Test Accuracy: 0.4389
Averaged Test AUC: 0.8186
Std Test Accuracy: 0.2028
Std Test AUC: 0.1220

--- Round 424/500 ---
Averaged Train Loss: 1.7510
Averaged Test Accuracy: 0.4164
Averaged Test AUC: 0.8206
Std Test Accuracy: 0.1993
Std Test AUC: 0.1116

--- Round 425/500 ---
Averaged Train Loss: 1.7368
Averaged Test Accuracy: 0.4192
Averaged Test AUC: 0.8180
Std Test Accuracy: 0.2031
Std Test AUC: 0.1189

--- Round 426/500 ---
Averaged Train Loss: 1.7276
Averaged Test Accuracy: 0.4339
Averaged Test AUC: 0.8145
Std Test Accuracy: 0.2066
Std Test AUC: 0.1297

--- Round 427/500 ---
Averaged Train Loss: 1.7115
Averaged Test Accuracy: 0.4354
Averaged Test AUC: 0.8167
Std Test Accuracy: 0.2004
Std Test AUC: 0.1237

--- Round 428/500 ---
Averaged Train Loss: 1.7753
Averaged Test Accuracy: 0.4146
Averaged Test AUC: 0.8164
Std Test Accuracy: 0.2015
Std Test AUC: 0.1175

--- Round 429/500 ---
Averaged Train Loss: 1.7991
Averaged Test Accuracy: 0.4139
Averaged Test AUC: 0.8131
Std Test Accuracy: 0.2070
Std Test AUC: 0.1234

--- Round 430/500 ---
Averaged Train Loss: 1.7586
Averaged Test Accuracy: 0.4317
Averaged Test AUC: 0.8111
Std Test Accuracy: 0.2058
Std Test AUC: 0.1335

--- Round 431/500 ---
Averaged Train Loss: 1.7726
Averaged Test Accuracy: 0.4328
Averaged Test AUC: 0.8091
Std Test Accuracy: 0.2069
Std Test AUC: 0.1377

--- Round 432/500 ---
Averaged Train Loss: 1.7600
Averaged Test Accuracy: 0.4380
Averaged Test AUC: 0.8102
Std Test Accuracy: 0.2036
Std Test AUC: 0.1380

--- Round 433/500 ---
Averaged Train Loss: 1.8133
Averaged Test Accuracy: 0.4233
Averaged Test AUC: 0.8086
Std Test Accuracy: 0.2069
Std Test AUC: 0.1362

--- Round 434/500 ---
Averaged Train Loss: 1.8542
Averaged Test Accuracy: 0.4111
Averaged Test AUC: 0.8059
Std Test Accuracy: 0.2052
Std Test AUC: 0.1386

--- Round 435/500 ---
Averaged Train Loss: 1.8674
Averaged Test Accuracy: 0.4142
Averaged Test AUC: 0.8040
Std Test Accuracy: 0.2097
Std Test AUC: 0.1427

--- Round 436/500 ---
Averaged Train Loss: 1.8218
Averaged Test Accuracy: 0.4096
Averaged Test AUC: 0.8101
Std Test Accuracy: 0.2054
Std Test AUC: 0.1267

--- Round 437/500 ---
Averaged Train Loss: 1.7836
Averaged Test Accuracy: 0.4297
Averaged Test AUC: 0.8085
Std Test Accuracy: 0.2052
Std Test AUC: 0.1363

--- Round 438/500 ---
Averaged Train Loss: 1.7037
Averaged Test Accuracy: 0.4481
Averaged Test AUC: 0.8159
Std Test Accuracy: 0.1976
Std Test AUC: 0.1293

--- Round 439/500 ---
Averaged Train Loss: 1.7872
Averaged Test Accuracy: 0.4179
Averaged Test AUC: 0.8140
Std Test Accuracy: 0.2010
Std Test AUC: 0.1224

--- Round 440/500 ---
Averaged Train Loss: 1.7585
Averaged Test Accuracy: 0.4206
Averaged Test AUC: 0.8169
Std Test Accuracy: 0.2003
Std Test AUC: 0.1172

--- Round 441/500 ---
Averaged Train Loss: 1.6854
Averaged Test Accuracy: 0.4468
Averaged Test AUC: 0.8185
Std Test Accuracy: 0.1937
Std Test AUC: 0.1213

--- Round 442/500 ---
Averaged Train Loss: 1.7047
Averaged Test Accuracy: 0.4421
Averaged Test AUC: 0.8157
Std Test Accuracy: 0.1977
Std Test AUC: 0.1262

--- Round 443/500 ---
Averaged Train Loss: 1.6870
Averaged Test Accuracy: 0.4487
Averaged Test AUC: 0.8192
Std Test Accuracy: 0.1913
Std Test AUC: 0.1221

--- Round 444/500 ---
Averaged Train Loss: 1.6838
Averaged Test Accuracy: 0.4505
Averaged Test AUC: 0.8188
Std Test Accuracy: 0.1887
Std Test AUC: 0.1251

--- Round 445/500 ---
Averaged Train Loss: 1.7492
Averaged Test Accuracy: 0.4328
Averaged Test AUC: 0.8162
Std Test Accuracy: 0.1937
Std Test AUC: 0.1234

--- Round 446/500 ---
Averaged Train Loss: 1.7995
Averaged Test Accuracy: 0.4212
Averaged Test AUC: 0.8129
Std Test Accuracy: 0.1995
Std Test AUC: 0.1258

--- Round 447/500 ---
Averaged Train Loss: 1.6797
Averaged Test Accuracy: 0.4460
Averaged Test AUC: 0.8248
Std Test Accuracy: 0.1822
Std Test AUC: 0.1136

--- Round 448/500 ---
Averaged Train Loss: 1.6764
Averaged Test Accuracy: 0.4526
Averaged Test AUC: 0.8225
Std Test Accuracy: 0.1823
Std Test AUC: 0.1195

--- Round 449/500 ---
Averaged Train Loss: 1.6203
Averaged Test Accuracy: 0.4339
Averaged Test AUC: 0.8320
Std Test Accuracy: 0.1835
Std Test AUC: 0.0872

--- Round 450/500 ---
Averaged Train Loss: 1.6604
Averaged Test Accuracy: 0.4252
Averaged Test AUC: 0.8299
Std Test Accuracy: 0.1890
Std Test AUC: 0.0900

--- Round 451/500 ---
Averaged Train Loss: 1.7345
Averaged Test Accuracy: 0.4131
Averaged Test AUC: 0.8240
Std Test Accuracy: 0.1956
Std Test AUC: 0.0976

--- Round 452/500 ---
Averaged Train Loss: 1.5739
Averaged Test Accuracy: 0.4381
Averaged Test AUC: 0.8366
Std Test Accuracy: 0.1778
Std Test AUC: 0.0789

--- Round 453/500 ---
Averaged Train Loss: 1.6566
Averaged Test Accuracy: 0.4196
Averaged Test AUC: 0.8269
Std Test Accuracy: 0.1948
Std Test AUC: 0.0902

--- Round 454/500 ---
Averaged Train Loss: 1.5952
Averaged Test Accuracy: 0.4282
Averaged Test AUC: 0.8389
Std Test Accuracy: 0.1956
Std Test AUC: 0.0797

--- Round 455/500 ---
Averaged Train Loss: 1.6199
Averaged Test Accuracy: 0.4321
Averaged Test AUC: 0.8339
Std Test Accuracy: 0.1916
Std Test AUC: 0.0914

--- Round 456/500 ---
Averaged Train Loss: 1.6412
Averaged Test Accuracy: 0.4299
Averaged Test AUC: 0.8288
Std Test Accuracy: 0.1932
Std Test AUC: 0.1002

--- Round 457/500 ---
Averaged Train Loss: 1.7186
Averaged Test Accuracy: 0.4176
Averaged Test AUC: 0.8225
Std Test Accuracy: 0.2040
Std Test AUC: 0.1064

--- Round 458/500 ---
Averaged Train Loss: 1.6899
Averaged Test Accuracy: 0.4359
Averaged Test AUC: 0.8195
Std Test Accuracy: 0.2018
Std Test AUC: 0.1176

--- Round 459/500 ---
Averaged Train Loss: 1.6894
Averaged Test Accuracy: 0.4393
Averaged Test AUC: 0.8173
Std Test Accuracy: 0.2024
Std Test AUC: 0.1235

--- Round 460/500 ---
Averaged Train Loss: 1.6651
Averaged Test Accuracy: 0.4212
Averaged Test AUC: 0.8240
Std Test Accuracy: 0.1968
Std Test AUC: 0.1051

--- Round 461/500 ---
Averaged Train Loss: 1.6728
Averaged Test Accuracy: 0.4200
Averaged Test AUC: 0.8257
Std Test Accuracy: 0.1999
Std Test AUC: 0.1005

--- Round 462/500 ---
Averaged Train Loss: 1.6261
Averaged Test Accuracy: 0.4388
Averaged Test AUC: 0.8282
Std Test Accuracy: 0.1951
Std Test AUC: 0.0995

--- Round 463/500 ---
Averaged Train Loss: 1.6297
Averaged Test Accuracy: 0.4418
Averaged Test AUC: 0.8245
Std Test Accuracy: 0.1973
Std Test AUC: 0.1080

--- Round 464/500 ---
Averaged Train Loss: 1.5785
Averaged Test Accuracy: 0.4458
Averaged Test AUC: 0.8373
Std Test Accuracy: 0.1813
Std Test AUC: 0.0791

--- Round 465/500 ---
Averaged Train Loss: 1.6469
Averaged Test Accuracy: 0.4276
Averaged Test AUC: 0.8365
Std Test Accuracy: 0.1846
Std Test AUC: 0.0763

--- Round 466/500 ---
Averaged Train Loss: 1.5959
Averaged Test Accuracy: 0.4369
Averaged Test AUC: 0.8398
Std Test Accuracy: 0.1789
Std Test AUC: 0.0738

--- Round 467/500 ---
Averaged Train Loss: 1.5023
Averaged Test Accuracy: 0.4545
Averaged Test AUC: 0.8455
Std Test Accuracy: 0.1628
Std Test AUC: 0.0631

--- Round 468/500 ---
Averaged Train Loss: 1.4599
Averaged Test Accuracy: 0.4677
Averaged Test AUC: 0.8494
Std Test Accuracy: 0.1594
Std Test AUC: 0.0648

--- Round 469/500 ---
Averaged Train Loss: 1.5034
Averaged Test Accuracy: 0.4564
Averaged Test AUC: 0.8438
Std Test Accuracy: 0.1737
Std Test AUC: 0.0757

--- Round 470/500 ---
Averaged Train Loss: 1.5334
Averaged Test Accuracy: 0.4572
Averaged Test AUC: 0.8375
Std Test Accuracy: 0.1811
Std Test AUC: 0.0882

--- Round 471/500 ---
Averaged Train Loss: 1.6190
Averaged Test Accuracy: 0.4312
Averaged Test AUC: 0.8310
Std Test Accuracy: 0.1904
Std Test AUC: 0.0924

--- Round 472/500 ---
Averaged Train Loss: 1.5667
Averaged Test Accuracy: 0.4568
Averaged Test AUC: 0.8328
Std Test Accuracy: 0.1914
Std Test AUC: 0.0957

--- Round 473/500 ---
Averaged Train Loss: 1.6486
Averaged Test Accuracy: 0.4350
Averaged Test AUC: 0.8272
Std Test Accuracy: 0.1994
Std Test AUC: 0.1002

--- Round 474/500 ---
Averaged Train Loss: 1.7056
Averaged Test Accuracy: 0.4228
Averaged Test AUC: 0.8164
Std Test Accuracy: 0.2031
Std Test AUC: 0.1129

--- Round 475/500 ---
Averaged Train Loss: 1.7035
Averaged Test Accuracy: 0.4204
Averaged Test AUC: 0.8208
Std Test Accuracy: 0.2033
Std Test AUC: 0.1054

--- Round 476/500 ---
Averaged Train Loss: 1.7175
Averaged Test Accuracy: 0.4108
Averaged Test AUC: 0.8228
Std Test Accuracy: 0.2027
Std Test AUC: 0.1000

--- Round 477/500 ---
Averaged Train Loss: 1.7447
Averaged Test Accuracy: 0.4113
Averaged Test AUC: 0.8200
Std Test Accuracy: 0.2056
Std Test AUC: 0.1056

--- Round 478/500 ---
Averaged Train Loss: 1.5881
Averaged Test Accuracy: 0.4409
Averaged Test AUC: 0.8367
Std Test Accuracy: 0.1830
Std Test AUC: 0.0792

--- Round 479/500 ---
Averaged Train Loss: 1.5810
Averaged Test Accuracy: 0.4492
Averaged Test AUC: 0.8329
Std Test Accuracy: 0.1839
Std Test AUC: 0.0884

--- Round 480/500 ---
Averaged Train Loss: 1.5943
Averaged Test Accuracy: 0.4485
Averaged Test AUC: 0.8297
Std Test Accuracy: 0.1864
Std Test AUC: 0.0951

--- Round 481/500 ---
Averaged Train Loss: 1.6115
Averaged Test Accuracy: 0.4488
Averaged Test AUC: 0.8283
Std Test Accuracy: 0.1925
Std Test AUC: 0.0991

--- Round 482/500 ---
Averaged Train Loss: 1.6413
Averaged Test Accuracy: 0.4441
Averaged Test AUC: 0.8246
Std Test Accuracy: 0.1963
Std Test AUC: 0.1050

--- Round 483/500 ---
Averaged Train Loss: 1.6642
Averaged Test Accuracy: 0.4419
Averaged Test AUC: 0.8211
Std Test Accuracy: 0.1977
Std Test AUC: 0.1108

--- Round 484/500 ---
Averaged Train Loss: 1.6924
Averaged Test Accuracy: 0.4294
Averaged Test AUC: 0.8207
Std Test Accuracy: 0.2027
Std Test AUC: 0.1099

--- Round 485/500 ---
Averaged Train Loss: 1.7217
Averaged Test Accuracy: 0.4247
Averaged Test AUC: 0.8179
Std Test Accuracy: 0.2031
Std Test AUC: 0.1153

--- Round 486/500 ---
Averaged Train Loss: 1.7003
Averaged Test Accuracy: 0.4381
Averaged Test AUC: 0.8160
Std Test Accuracy: 0.2029
Std Test AUC: 0.1231

--- Round 487/500 ---
Averaged Train Loss: 1.7604
Averaged Test Accuracy: 0.4238
Averaged Test AUC: 0.8136
Std Test Accuracy: 0.2071
Std Test AUC: 0.1226

--- Round 488/500 ---
Averaged Train Loss: 1.8253
Averaged Test Accuracy: 0.4099
Averaged Test AUC: 0.8098
Std Test Accuracy: 0.2124
Std Test AUC: 0.1245

--- Round 489/500 ---
Averaged Train Loss: 1.7458
Averaged Test Accuracy: 0.4379
Averaged Test AUC: 0.8096
Std Test Accuracy: 0.2068
Std Test AUC: 0.1349

--- Round 490/500 ---
Averaged Train Loss: 1.7646
Averaged Test Accuracy: 0.4366
Averaged Test AUC: 0.8078
Std Test Accuracy: 0.2089
Std Test AUC: 0.1371

--- Round 491/500 ---
Averaged Train Loss: 1.9154
Averaged Test Accuracy: 0.3902
Averaged Test AUC: 0.7985
Std Test Accuracy: 0.2214
Std Test AUC: 0.1417

--- Round 492/500 ---
Averaged Train Loss: 1.8214
Averaged Test Accuracy: 0.4181
Averaged Test AUC: 0.8027
Std Test Accuracy: 0.2159
Std Test AUC: 0.1419

--- Round 493/500 ---
Averaged Train Loss: 1.8322
Averaged Test Accuracy: 0.4160
Averaged Test AUC: 0.8039
Std Test Accuracy: 0.2121
Std Test AUC: 0.1395

--- Round 494/500 ---
Averaged Train Loss: 1.8955
Averaged Test Accuracy: 0.4007
Averaged Test AUC: 0.7940
Std Test Accuracy: 0.2197
Std Test AUC: 0.1471

--- Round 495/500 ---
Averaged Train Loss: 2.0124
Averaged Test Accuracy: 0.3751
Averaged Test AUC: 0.7895
Std Test Accuracy: 0.2303
Std Test AUC: 0.1510

--- Round 496/500 ---
Averaged Train Loss: 1.9188
Averaged Test Accuracy: 0.3966
Averaged Test AUC: 0.7966
Std Test Accuracy: 0.2219
Std Test AUC: 0.1452

--- Round 497/500 ---
Averaged Train Loss: 1.8371
Averaged Test Accuracy: 0.4159
Averaged Test AUC: 0.8027
Std Test Accuracy: 0.2120
Std Test AUC: 0.1408

--- Round 498/500 ---
Averaged Train Loss: 1.8531
Averaged Test Accuracy: 0.4152
Averaged Test AUC: 0.7992
Std Test Accuracy: 0.2161
Std Test AUC: 0.1457

--- Round 499/500 ---
Averaged Train Loss: 1.8861
Averaged Test Accuracy: 0.4103
Averaged Test AUC: 0.7997
Std Test Accuracy: 0.2171
Std Test AUC: 0.1429

--- Round 500/500 ---
Averaged Train Loss: 1.8674
Averaged Test Accuracy: 0.4190
Averaged Test AUC: 0.7984
Std Test Accuracy: 0.2187
Std Test AUC: 0.1477

========== Training Complete ==========
Best Test Accuracy: 0.5222857903139968
File path: ../results/Cifar10_FedEntPlusSmooth_smooth_trial01_0000_0.h5

Average time cost: 2126.1s.
Length:  501
std for best accuracy: 0.0
mean for best accuracy: 0.5222857903139968
All done!

Storage on cuda:0
-------------------------------------------------------------------------------
Total Tensors: 240719412 	Used Memory: 630.28M
The allocated memory on cuda:0: 648.40M
Memory differs due to the matrix alignment or invisible gradient buffer tensors
-------------------------------------------------------------------------------
