==================================================
goal = smooth_trial01_0075
device = cuda
device_id = 0
dataset = Cifar10
num_classes = 10
model = CNN
batch_size = 64
local_learning_rate = 0.01
learning_rate_decay = True
learning_rate_decay_gamma = 0.98
global_rounds = 500
top_cnt = 100
local_epochs = 5
algorithm = FedEntPlusSmooth
join_ratio = 0.1
random_join_ratio = False
num_clients = 100
prev = 0
times = 1
eval_gap = 1
save_folder_name = items
auto_break = False
dlg_eval = False
dlg_gap = 100
batch_num_per_client = 2
num_new_clients = 0
fine_tuning_epoch_new = 0
feature_dim = 512
vocab_size = 32000
max_len = 200
client_drop_rate = 0.0
train_slow_rate = 0.0
send_slow_rate = 0.0
time_select = False
time_threthold = 10000
beta = 0.0
lamda = 1.0
mu = 0.0
K = 5
p_learning_rate = 0.01
M = 5
itk = 4000
alphaK = 1.0
sigma = 1.0
alpha = 1.0
plocal_epochs = 1
tau = 1.0
fine_tuning_epochs = 10
dr_learning_rate = 0.0
L = 1.0
noise_dim = 512
generator_learning_rate = 0.005
hidden_dim = 512
server_epochs = 1000
localize_feature_extractor = False
server_learning_rate = 1.0
eta = 1.0
rand_percent = 80
layer_idx = 2
mentee_learning_rate = 0.005
T_start = 0.95
T_end = 0.98
momentum = 0.9
kl_weight = 0.0
buffer_size = 0
dp_epsilon = 0.0
H_min = None
alpha_vp = 0.0
enable_dynamic_param = False
log_fedent = False
log_filename = None
dynamic_config_path = /home/john/PFLlib/system/auto_configs/smooth_trial01_0075.json
==================================================

============= Running time: 0th =============
Creating server and clients ...
FedAvgCNN(
  (conv1): Sequential(
    (0): Conv2d(3, 32, kernel_size=(5, 5), stride=(1, 1))
    (1): ReLU(inplace=True)
    (2): MaxPool2d(kernel_size=(2, 2), stride=(2, 2), padding=0, dilation=1, ceil_mode=False)
  )
  (conv2): Sequential(
    (0): Conv2d(32, 64, kernel_size=(5, 5), stride=(1, 1))
    (1): ReLU(inplace=True)
    (2): MaxPool2d(kernel_size=(2, 2), stride=(2, 2), padding=0, dilation=1, ceil_mode=False)
  )
  (fc1): Sequential(
    (0): Linear(in_features=1600, out_features=512, bias=True)
    (1): ReLU(inplace=True)
  )
  (fc): Linear(in_features=512, out_features=10, bias=True)
)

Join ratio / total clients: 0.1 / 100
Finished creating server and clients.

--- Round 0/500 ---
Averaged Train Loss: 2.3038
Averaged Test Accuracy: 0.0928
Averaged Test AUC: 0.4894
Std Test Accuracy: 0.1434
Std Test AUC: 0.2233

--- Round 1/500 ---
Averaged Train Loss: 2.3054
Averaged Test Accuracy: 0.0995
Averaged Test AUC: 0.5126
Std Test Accuracy: 0.2241
Std Test AUC: 0.2310

--- Round 2/500 ---
Averaged Train Loss: 2.3054
Averaged Test Accuracy: 0.1670
Averaged Test AUC: 0.5371
Std Test Accuracy: 0.2603
Std Test AUC: 0.2544

--- Round 3/500 ---
Averaged Train Loss: 2.2949
Averaged Test Accuracy: 0.1585
Averaged Test AUC: 0.5554
Std Test Accuracy: 0.2846
Std Test AUC: 0.2576

--- Round 4/500 ---
Averaged Train Loss: 2.3268
Averaged Test Accuracy: 0.1535
Averaged Test AUC: 0.5678
Std Test Accuracy: 0.2296
Std Test AUC: 0.2496

--- Round 5/500 ---
Averaged Train Loss: 2.2229
Averaged Test Accuracy: 0.1792
Averaged Test AUC: 0.6304
Std Test Accuracy: 0.2659
Std Test AUC: 0.1903

--- Round 6/500 ---
Averaged Train Loss: 2.1768
Averaged Test Accuracy: 0.2039
Averaged Test AUC: 0.6436
Std Test Accuracy: 0.2176
Std Test AUC: 0.1834

--- Round 7/500 ---
Averaged Train Loss: 2.1491
Averaged Test Accuracy: 0.2265
Averaged Test AUC: 0.6631
Std Test Accuracy: 0.1917
Std Test AUC: 0.1547

--- Round 8/500 ---
Averaged Train Loss: 2.3134
Averaged Test Accuracy: 0.1746
Averaged Test AUC: 0.6085
Std Test Accuracy: 0.2218
Std Test AUC: 0.2154

--- Round 9/500 ---
Averaged Train Loss: 2.2527
Averaged Test Accuracy: 0.1853
Averaged Test AUC: 0.6618
Std Test Accuracy: 0.2741
Std Test AUC: 0.1707

--- Round 10/500 ---
Averaged Train Loss: 2.0433
Averaged Test Accuracy: 0.2425
Averaged Test AUC: 0.7172
Std Test Accuracy: 0.2159
Std Test AUC: 0.0937

--- Round 11/500 ---
Averaged Train Loss: 2.0766
Averaged Test Accuracy: 0.2336
Averaged Test AUC: 0.7016
Std Test Accuracy: 0.2346
Std Test AUC: 0.1386

--- Round 12/500 ---
Averaged Train Loss: 2.0979
Averaged Test Accuracy: 0.2271
Averaged Test AUC: 0.6989
Std Test Accuracy: 0.2197
Std Test AUC: 0.1383

--- Round 13/500 ---
Averaged Train Loss: 2.0132
Averaged Test Accuracy: 0.2453
Averaged Test AUC: 0.7255
Std Test Accuracy: 0.2257
Std Test AUC: 0.1023

--- Round 14/500 ---
Averaged Train Loss: 2.0295
Averaged Test Accuracy: 0.2449
Averaged Test AUC: 0.7195
Std Test Accuracy: 0.2271
Std Test AUC: 0.1258

--- Round 15/500 ---
Averaged Train Loss: 1.9845
Averaged Test Accuracy: 0.2597
Averaged Test AUC: 0.7361
Std Test Accuracy: 0.2097
Std Test AUC: 0.0818

--- Round 16/500 ---
Averaged Train Loss: 2.0136
Averaged Test Accuracy: 0.2611
Averaged Test AUC: 0.7287
Std Test Accuracy: 0.2068
Std Test AUC: 0.0981

--- Round 17/500 ---
Averaged Train Loss: 2.0383
Averaged Test Accuracy: 0.2368
Averaged Test AUC: 0.7235
Std Test Accuracy: 0.2536
Std Test AUC: 0.1137

--- Round 18/500 ---
Averaged Train Loss: 2.0107
Averaged Test Accuracy: 0.2609
Averaged Test AUC: 0.7262
Std Test Accuracy: 0.1970
Std Test AUC: 0.1044

--- Round 19/500 ---
Averaged Train Loss: 1.9575
Averaged Test Accuracy: 0.2851
Averaged Test AUC: 0.7455
Std Test Accuracy: 0.1959
Std Test AUC: 0.0796

--- Round 20/500 ---
Averaged Train Loss: 1.9828
Averaged Test Accuracy: 0.2825
Averaged Test AUC: 0.7330
Std Test Accuracy: 0.1873
Std Test AUC: 0.1127

--- Round 21/500 ---
Averaged Train Loss: 1.9600
Averaged Test Accuracy: 0.2659
Averaged Test AUC: 0.7461
Std Test Accuracy: 0.1885
Std Test AUC: 0.0713

--- Round 22/500 ---
Averaged Train Loss: 1.9928
Averaged Test Accuracy: 0.2460
Averaged Test AUC: 0.7353
Std Test Accuracy: 0.2096
Std Test AUC: 0.0890

--- Round 23/500 ---
Averaged Train Loss: 1.9204
Averaged Test Accuracy: 0.3030
Averaged Test AUC: 0.7549
Std Test Accuracy: 0.1224
Std Test AUC: 0.0520

--- Round 24/500 ---
Averaged Train Loss: 1.9309
Averaged Test Accuracy: 0.2794
Averaged Test AUC: 0.7522
Std Test Accuracy: 0.1760
Std Test AUC: 0.0668

--- Round 25/500 ---
Averaged Train Loss: 1.9311
Averaged Test Accuracy: 0.2775
Averaged Test AUC: 0.7527
Std Test Accuracy: 0.1690
Std Test AUC: 0.0624

--- Round 26/500 ---
Averaged Train Loss: 1.9809
Averaged Test Accuracy: 0.2639
Averaged Test AUC: 0.7470
Std Test Accuracy: 0.2530
Std Test AUC: 0.1007

--- Round 27/500 ---
Averaged Train Loss: 1.9967
Averaged Test Accuracy: 0.2588
Averaged Test AUC: 0.7473
Std Test Accuracy: 0.2445
Std Test AUC: 0.0991

--- Round 28/500 ---
Averaged Train Loss: 1.9185
Averaged Test Accuracy: 0.2875
Averaged Test AUC: 0.7578
Std Test Accuracy: 0.2050
Std Test AUC: 0.0862

--- Round 29/500 ---
Averaged Train Loss: 1.9315
Averaged Test Accuracy: 0.2817
Averaged Test AUC: 0.7557
Std Test Accuracy: 0.2272
Std Test AUC: 0.0853

--- Round 30/500 ---
Averaged Train Loss: 1.9744
Averaged Test Accuracy: 0.2680
Averaged Test AUC: 0.7560
Std Test Accuracy: 0.2569
Std Test AUC: 0.0911

--- Round 31/500 ---
Averaged Train Loss: 2.0017
Averaged Test Accuracy: 0.2659
Averaged Test AUC: 0.7424
Std Test Accuracy: 0.1828
Std Test AUC: 0.0921

--- Round 32/500 ---
Averaged Train Loss: 1.8347
Averaged Test Accuracy: 0.3286
Averaged Test AUC: 0.7780
Std Test Accuracy: 0.1794
Std Test AUC: 0.0576

--- Round 33/500 ---
Averaged Train Loss: 1.9125
Averaged Test Accuracy: 0.2880
Averaged Test AUC: 0.7667
Std Test Accuracy: 0.2342
Std Test AUC: 0.0854

--- Round 34/500 ---
Averaged Train Loss: 1.8594
Averaged Test Accuracy: 0.3073
Averaged Test AUC: 0.7704
Std Test Accuracy: 0.1920
Std Test AUC: 0.0749

--- Round 35/500 ---
Averaged Train Loss: 1.8888
Averaged Test Accuracy: 0.2917
Averaged Test AUC: 0.7684
Std Test Accuracy: 0.1928
Std Test AUC: 0.0761

--- Round 36/500 ---
Averaged Train Loss: 1.8376
Averaged Test Accuracy: 0.3206
Averaged Test AUC: 0.7774
Std Test Accuracy: 0.2078
Std Test AUC: 0.0789

--- Round 37/500 ---
Averaged Train Loss: 1.8188
Averaged Test Accuracy: 0.3407
Averaged Test AUC: 0.7828
Std Test Accuracy: 0.1466
Std Test AUC: 0.0535

--- Round 38/500 ---
Averaged Train Loss: 1.7919
Averaged Test Accuracy: 0.3505
Averaged Test AUC: 0.7877
Std Test Accuracy: 0.1326
Std Test AUC: 0.0472

--- Round 39/500 ---
Averaged Train Loss: 1.8322
Averaged Test Accuracy: 0.3232
Averaged Test AUC: 0.7788
Std Test Accuracy: 0.1893
Std Test AUC: 0.0784

--- Round 40/500 ---
Averaged Train Loss: 1.8420
Averaged Test Accuracy: 0.3184
Averaged Test AUC: 0.7739
Std Test Accuracy: 0.1597
Std Test AUC: 0.0787

--- Round 41/500 ---
Averaged Train Loss: 1.8288
Averaged Test Accuracy: 0.3206
Averaged Test AUC: 0.7830
Std Test Accuracy: 0.2172
Std Test AUC: 0.0744

--- Round 42/500 ---
Averaged Train Loss: 1.7544
Averaged Test Accuracy: 0.3624
Averaged Test AUC: 0.7970
Std Test Accuracy: 0.1430
Std Test AUC: 0.0510

--- Round 43/500 ---
Averaged Train Loss: 1.8185
Averaged Test Accuracy: 0.3264
Averaged Test AUC: 0.7843
Std Test Accuracy: 0.2224
Std Test AUC: 0.0756

--- Round 44/500 ---
Averaged Train Loss: 1.8417
Averaged Test Accuracy: 0.3067
Averaged Test AUC: 0.7818
Std Test Accuracy: 0.2068
Std Test AUC: 0.0745

--- Round 45/500 ---
Averaged Train Loss: 1.7831
Averaged Test Accuracy: 0.3395
Averaged Test AUC: 0.7932
Std Test Accuracy: 0.1979
Std Test AUC: 0.0725

--- Round 46/500 ---
Averaged Train Loss: 1.7884
Averaged Test Accuracy: 0.3330
Averaged Test AUC: 0.7918
Std Test Accuracy: 0.1849
Std Test AUC: 0.0598

--- Round 47/500 ---
Averaged Train Loss: 1.7642
Averaged Test Accuracy: 0.3463
Averaged Test AUC: 0.7975
Std Test Accuracy: 0.1957
Std Test AUC: 0.0637

--- Round 48/500 ---
Averaged Train Loss: 1.7593
Averaged Test Accuracy: 0.3487
Averaged Test AUC: 0.7954
Std Test Accuracy: 0.1991
Std Test AUC: 0.0724

--- Round 49/500 ---
Averaged Train Loss: 1.7372
Averaged Test Accuracy: 0.3701
Averaged Test AUC: 0.8001
Std Test Accuracy: 0.1494
Std Test AUC: 0.0525

--- Round 50/500 ---
Averaged Train Loss: 1.7803
Averaged Test Accuracy: 0.3384
Averaged Test AUC: 0.7933
Std Test Accuracy: 0.2018
Std Test AUC: 0.0680

--- Round 51/500 ---
Averaged Train Loss: 1.7818
Averaged Test Accuracy: 0.3344
Averaged Test AUC: 0.7960
Std Test Accuracy: 0.2344
Std Test AUC: 0.0721

--- Round 52/500 ---
Averaged Train Loss: 1.7740
Averaged Test Accuracy: 0.3429
Averaged Test AUC: 0.7966
Std Test Accuracy: 0.2160
Std Test AUC: 0.0752

--- Round 53/500 ---
Averaged Train Loss: 1.7499
Averaged Test Accuracy: 0.3510
Averaged Test AUC: 0.7984
Std Test Accuracy: 0.1727
Std Test AUC: 0.0634

--- Round 54/500 ---
Averaged Train Loss: 1.8342
Averaged Test Accuracy: 0.3141
Averaged Test AUC: 0.7817
Std Test Accuracy: 0.2095
Std Test AUC: 0.0914

--- Round 55/500 ---
Averaged Train Loss: 1.6855
Averaged Test Accuracy: 0.3920
Averaged Test AUC: 0.8083
Std Test Accuracy: 0.1112
Std Test AUC: 0.0332

--- Round 56/500 ---
Averaged Train Loss: 1.8071
Averaged Test Accuracy: 0.3212
Averaged Test AUC: 0.7849
Std Test Accuracy: 0.1987
Std Test AUC: 0.0858

--- Round 57/500 ---
Averaged Train Loss: 1.7184
Averaged Test Accuracy: 0.3597
Averaged Test AUC: 0.8048
Std Test Accuracy: 0.2013
Std Test AUC: 0.0603

--- Round 58/500 ---
Averaged Train Loss: 1.7335
Averaged Test Accuracy: 0.3417
Averaged Test AUC: 0.8019
Std Test Accuracy: 0.1916
Std Test AUC: 0.0564

--- Round 59/500 ---
Averaged Train Loss: 1.7801
Averaged Test Accuracy: 0.3181
Averaged Test AUC: 0.7940
Std Test Accuracy: 0.2003
Std Test AUC: 0.0683

--- Round 60/500 ---
Averaged Train Loss: 1.7394
Averaged Test Accuracy: 0.3594
Averaged Test AUC: 0.8007
Std Test Accuracy: 0.1940
Std Test AUC: 0.0724

--- Round 61/500 ---
Averaged Train Loss: 1.8292
Averaged Test Accuracy: 0.3307
Averaged Test AUC: 0.7894
Std Test Accuracy: 0.2315
Std Test AUC: 0.0872

--- Round 62/500 ---
Averaged Train Loss: 1.6595
Averaged Test Accuracy: 0.3988
Averaged Test AUC: 0.8143
Std Test Accuracy: 0.1539
Std Test AUC: 0.0502

--- Round 63/500 ---
Averaged Train Loss: 1.6999
Averaged Test Accuracy: 0.3716
Averaged Test AUC: 0.8083
Std Test Accuracy: 0.1614
Std Test AUC: 0.0630

--- Round 64/500 ---
Averaged Train Loss: 1.7102
Averaged Test Accuracy: 0.3637
Averaged Test AUC: 0.8072
Std Test Accuracy: 0.2139
Std Test AUC: 0.0643

--- Round 65/500 ---
Averaged Train Loss: 1.7229
Averaged Test Accuracy: 0.3633
Averaged Test AUC: 0.8068
Std Test Accuracy: 0.2159
Std Test AUC: 0.0731

--- Round 66/500 ---
Averaged Train Loss: 1.7505
Averaged Test Accuracy: 0.3529
Averaged Test AUC: 0.7980
Std Test Accuracy: 0.1967
Std Test AUC: 0.0813

--- Round 67/500 ---
Averaged Train Loss: 1.6862
Averaged Test Accuracy: 0.3806
Averaged Test AUC: 0.8084
Std Test Accuracy: 0.1349
Std Test AUC: 0.0600

--- Round 68/500 ---
Averaged Train Loss: 1.6843
Averaged Test Accuracy: 0.3832
Averaged Test AUC: 0.8113
Std Test Accuracy: 0.1828
Std Test AUC: 0.0614

--- Round 69/500 ---
Averaged Train Loss: 1.6469
Averaged Test Accuracy: 0.4003
Averaged Test AUC: 0.8176
Std Test Accuracy: 0.1684
Std Test AUC: 0.0493

--- Round 70/500 ---
Averaged Train Loss: 1.6802
Averaged Test Accuracy: 0.3775
Averaged Test AUC: 0.8112
Std Test Accuracy: 0.1686
Std Test AUC: 0.0591

--- Round 71/500 ---
Averaged Train Loss: 1.8063
Averaged Test Accuracy: 0.3228
Averaged Test AUC: 0.7915
Std Test Accuracy: 0.1824
Std Test AUC: 0.0841

--- Round 72/500 ---
Averaged Train Loss: 1.6305
Averaged Test Accuracy: 0.4067
Averaged Test AUC: 0.8206
Std Test Accuracy: 0.1564
Std Test AUC: 0.0483

--- Round 73/500 ---
Averaged Train Loss: 1.6675
Averaged Test Accuracy: 0.3814
Averaged Test AUC: 0.8135
Std Test Accuracy: 0.1495
Std Test AUC: 0.0541

--- Round 74/500 ---
Averaged Train Loss: 1.7110
Averaged Test Accuracy: 0.3717
Averaged Test AUC: 0.8083
Std Test Accuracy: 0.1768
Std Test AUC: 0.0644

--- Round 75/500 ---
Averaged Train Loss: 1.6384
Averaged Test Accuracy: 0.4029
Averaged Test AUC: 0.8198
Std Test Accuracy: 0.1790
Std Test AUC: 0.0512

--- Round 76/500 ---
Averaged Train Loss: 1.6650
Averaged Test Accuracy: 0.3837
Averaged Test AUC: 0.8189
Std Test Accuracy: 0.1928
Std Test AUC: 0.0533

--- Round 77/500 ---
Averaged Train Loss: 1.7268
Averaged Test Accuracy: 0.3616
Averaged Test AUC: 0.8088
Std Test Accuracy: 0.2312
Std Test AUC: 0.0727

--- Round 78/500 ---
Averaged Train Loss: 1.6478
Averaged Test Accuracy: 0.3955
Averaged Test AUC: 0.8176
Std Test Accuracy: 0.1878
Std Test AUC: 0.0617

--- Round 79/500 ---
Averaged Train Loss: 1.6561
Averaged Test Accuracy: 0.3908
Averaged Test AUC: 0.8193
Std Test Accuracy: 0.1933
Std Test AUC: 0.0637

--- Round 80/500 ---
Averaged Train Loss: 1.6777
Averaged Test Accuracy: 0.3899
Averaged Test AUC: 0.8104
Std Test Accuracy: 0.1722
Std Test AUC: 0.0768

--- Round 81/500 ---
Averaged Train Loss: 1.6708
Averaged Test Accuracy: 0.3786
Averaged Test AUC: 0.8155
Std Test Accuracy: 0.1845
Std Test AUC: 0.0605

--- Round 82/500 ---
Averaged Train Loss: 1.7264
Averaged Test Accuracy: 0.3642
Averaged Test AUC: 0.8060
Std Test Accuracy: 0.1919
Std Test AUC: 0.0698

--- Round 83/500 ---
Averaged Train Loss: 1.6397
Averaged Test Accuracy: 0.3940
Averaged Test AUC: 0.8210
Std Test Accuracy: 0.2034
Std Test AUC: 0.0641

--- Round 84/500 ---
Averaged Train Loss: 1.6188
Averaged Test Accuracy: 0.4003
Averaged Test AUC: 0.8243
Std Test Accuracy: 0.1770
Std Test AUC: 0.0507

--- Round 85/500 ---
Averaged Train Loss: 1.5955
Averaged Test Accuracy: 0.4159
Averaged Test AUC: 0.8268
Std Test Accuracy: 0.1480
Std Test AUC: 0.0475

--- Round 86/500 ---
Averaged Train Loss: 1.6257
Averaged Test Accuracy: 0.4003
Averaged Test AUC: 0.8219
Std Test Accuracy: 0.1418
Std Test AUC: 0.0525

--- Round 87/500 ---
Averaged Train Loss: 1.6223
Averaged Test Accuracy: 0.3979
Averaged Test AUC: 0.8201
Std Test Accuracy: 0.1402
Std Test AUC: 0.0526

--- Round 88/500 ---
Averaged Train Loss: 1.7863
Averaged Test Accuracy: 0.3462
Averaged Test AUC: 0.8031
Std Test Accuracy: 0.2291
Std Test AUC: 0.0772

--- Round 89/500 ---
Averaged Train Loss: 1.6535
Averaged Test Accuracy: 0.3861
Averaged Test AUC: 0.8212
Std Test Accuracy: 0.2117
Std Test AUC: 0.0613

--- Round 90/500 ---
Averaged Train Loss: 1.6389
Averaged Test Accuracy: 0.3996
Averaged Test AUC: 0.8211
Std Test Accuracy: 0.1779
Std Test AUC: 0.0578

--- Round 91/500 ---
Averaged Train Loss: 1.6336
Averaged Test Accuracy: 0.3890
Averaged Test AUC: 0.8224
Std Test Accuracy: 0.1780
Std Test AUC: 0.0518

--- Round 92/500 ---
Averaged Train Loss: 1.5966
Averaged Test Accuracy: 0.4185
Averaged Test AUC: 0.8272
Std Test Accuracy: 0.1692
Std Test AUC: 0.0504

--- Round 93/500 ---
Averaged Train Loss: 1.7361
Averaged Test Accuracy: 0.3480
Averaged Test AUC: 0.8050
Std Test Accuracy: 0.1885
Std Test AUC: 0.0764

--- Round 94/500 ---
Averaged Train Loss: 1.5928
Averaged Test Accuracy: 0.4082
Averaged Test AUC: 0.8278
Std Test Accuracy: 0.1480
Std Test AUC: 0.0438

--- Round 95/500 ---
Averaged Train Loss: 1.6118
Averaged Test Accuracy: 0.4091
Averaged Test AUC: 0.8261
Std Test Accuracy: 0.1732
Std Test AUC: 0.0589

--- Round 96/500 ---
Averaged Train Loss: 1.6337
Averaged Test Accuracy: 0.4018
Averaged Test AUC: 0.8227
Std Test Accuracy: 0.1589
Std Test AUC: 0.0590

--- Round 97/500 ---
Averaged Train Loss: 1.6303
Averaged Test Accuracy: 0.3970
Averaged Test AUC: 0.8216
Std Test Accuracy: 0.1425
Std Test AUC: 0.0580

--- Round 98/500 ---
Averaged Train Loss: 1.6048
Averaged Test Accuracy: 0.4106
Averaged Test AUC: 0.8285
Std Test Accuracy: 0.1770
Std Test AUC: 0.0550

--- Round 99/500 ---
Averaged Train Loss: 1.6095
Averaged Test Accuracy: 0.4069
Averaged Test AUC: 0.8273
Std Test Accuracy: 0.1824
Std Test AUC: 0.0591

--- Round 100/500 ---
Averaged Train Loss: 1.6521
Averaged Test Accuracy: 0.3842
Averaged Test AUC: 0.8237
Std Test Accuracy: 0.2074
Std Test AUC: 0.0646

--- Round 101/500 ---
Averaged Train Loss: 1.6130
Averaged Test Accuracy: 0.4077
Averaged Test AUC: 0.8306
Std Test Accuracy: 0.1770
Std Test AUC: 0.0492

--- Round 102/500 ---
Averaged Train Loss: 1.7026
Averaged Test Accuracy: 0.3827
Averaged Test AUC: 0.8136
Std Test Accuracy: 0.1890
Std Test AUC: 0.0749

--- Round 103/500 ---
Averaged Train Loss: 1.6072
Averaged Test Accuracy: 0.4081
Averaged Test AUC: 0.8277
Std Test Accuracy: 0.1821
Std Test AUC: 0.0616

--- Round 104/500 ---
Averaged Train Loss: 1.5925
Averaged Test Accuracy: 0.4106
Averaged Test AUC: 0.8307
Std Test Accuracy: 0.1722
Std Test AUC: 0.0541

--- Round 105/500 ---
Averaged Train Loss: 1.6152
Averaged Test Accuracy: 0.3972
Averaged Test AUC: 0.8285
Std Test Accuracy: 0.1864
Std Test AUC: 0.0580

--- Round 106/500 ---
Averaged Train Loss: 1.5904
Averaged Test Accuracy: 0.4162
Averaged Test AUC: 0.8336
Std Test Accuracy: 0.1587
Std Test AUC: 0.0447

--- Round 107/500 ---
Averaged Train Loss: 1.5787
Averaged Test Accuracy: 0.4156
Averaged Test AUC: 0.8304
Std Test Accuracy: 0.1437
Std Test AUC: 0.0457

--- Round 108/500 ---
Averaged Train Loss: 1.5408
Averaged Test Accuracy: 0.4401
Averaged Test AUC: 0.8370
Std Test Accuracy: 0.1395
Std Test AUC: 0.0435

--- Round 109/500 ---
Averaged Train Loss: 1.5401
Averaged Test Accuracy: 0.4410
Averaged Test AUC: 0.8373
Std Test Accuracy: 0.1396
Std Test AUC: 0.0433

--- Round 110/500 ---
Averaged Train Loss: 1.5663
Averaged Test Accuracy: 0.4266
Averaged Test AUC: 0.8330
Std Test Accuracy: 0.1442
Std Test AUC: 0.0474

--- Round 111/500 ---
Averaged Train Loss: 1.5932
Averaged Test Accuracy: 0.4215
Averaged Test AUC: 0.8304
Std Test Accuracy: 0.1416
Std Test AUC: 0.0489

--- Round 112/500 ---
Averaged Train Loss: 1.6045
Averaged Test Accuracy: 0.4034
Averaged Test AUC: 0.8284
Std Test Accuracy: 0.1538
Std Test AUC: 0.0471

--- Round 113/500 ---
Averaged Train Loss: 1.5684
Averaged Test Accuracy: 0.4241
Averaged Test AUC: 0.8322
Std Test Accuracy: 0.1361
Std Test AUC: 0.0498

--- Round 114/500 ---
Averaged Train Loss: 1.5381
Averaged Test Accuracy: 0.4379
Averaged Test AUC: 0.8366
Std Test Accuracy: 0.1259
Std Test AUC: 0.0421

--- Round 115/500 ---
Averaged Train Loss: 1.7244
Averaged Test Accuracy: 0.3689
Averaged Test AUC: 0.8160
Std Test Accuracy: 0.2204
Std Test AUC: 0.0712

--- Round 116/500 ---
Averaged Train Loss: 1.6352
Averaged Test Accuracy: 0.3981
Averaged Test AUC: 0.8269
Std Test Accuracy: 0.2201
Std Test AUC: 0.0665

--- Round 117/500 ---
Averaged Train Loss: 1.5763
Averaged Test Accuracy: 0.4205
Averaged Test AUC: 0.8322
Std Test Accuracy: 0.1513
Std Test AUC: 0.0493

--- Round 118/500 ---
Averaged Train Loss: 1.6292
Averaged Test Accuracy: 0.3962
Averaged Test AUC: 0.8280
Std Test Accuracy: 0.2017
Std Test AUC: 0.0637

--- Round 119/500 ---
Averaged Train Loss: 1.6176
Averaged Test Accuracy: 0.4089
Averaged Test AUC: 0.8299
Std Test Accuracy: 0.1803
Std Test AUC: 0.0594

--- Round 120/500 ---
Averaged Train Loss: 1.5425
Averaged Test Accuracy: 0.4388
Averaged Test AUC: 0.8366
Std Test Accuracy: 0.1527
Std Test AUC: 0.0524

--- Round 121/500 ---
Averaged Train Loss: 1.5547
Averaged Test Accuracy: 0.4388
Averaged Test AUC: 0.8361
Std Test Accuracy: 0.1487
Std Test AUC: 0.0493

--- Round 122/500 ---
Averaged Train Loss: 1.5757
Averaged Test Accuracy: 0.4139
Averaged Test AUC: 0.8329
Std Test Accuracy: 0.1675
Std Test AUC: 0.0481

--- Round 123/500 ---
Averaged Train Loss: 1.6551
Averaged Test Accuracy: 0.4015
Averaged Test AUC: 0.8150
Std Test Accuracy: 0.1658
Std Test AUC: 0.0866

--- Round 124/500 ---
Averaged Train Loss: 1.6515
Averaged Test Accuracy: 0.3918
Averaged Test AUC: 0.8265
Std Test Accuracy: 0.2167
Std Test AUC: 0.0689

--- Round 125/500 ---
Averaged Train Loss: 1.6712
Averaged Test Accuracy: 0.3923
Averaged Test AUC: 0.8230
Std Test Accuracy: 0.1938
Std Test AUC: 0.0696

--- Round 126/500 ---
Averaged Train Loss: 1.5764
Averaged Test Accuracy: 0.4220
Averaged Test AUC: 0.8317
Std Test Accuracy: 0.1489
Std Test AUC: 0.0551

--- Round 127/500 ---
Averaged Train Loss: 1.6483
Averaged Test Accuracy: 0.3981
Averaged Test AUC: 0.8276
Std Test Accuracy: 0.2146
Std Test AUC: 0.0744

--- Round 128/500 ---
Averaged Train Loss: 1.6660
Averaged Test Accuracy: 0.3906
Averaged Test AUC: 0.8142
Std Test Accuracy: 0.1455
Std Test AUC: 0.0733

--- Round 129/500 ---
Averaged Train Loss: 1.7210
Averaged Test Accuracy: 0.3839
Averaged Test AUC: 0.8170
Std Test Accuracy: 0.2410
Std Test AUC: 0.0940

--- Round 130/500 ---
Averaged Train Loss: 1.7448
Averaged Test Accuracy: 0.3559
Averaged Test AUC: 0.8120
Std Test Accuracy: 0.2302
Std Test AUC: 0.0899

--- Round 131/500 ---
Averaged Train Loss: 2.1838
Averaged Test Accuracy: 0.2519
Averaged Test AUC: 0.7740
Std Test Accuracy: 0.2626
Std Test AUC: 0.1124

--- Round 132/500 ---
Averaged Train Loss: 1.6279
Averaged Test Accuracy: 0.4112
Averaged Test AUC: 0.8258
Std Test Accuracy: 0.1954
Std Test AUC: 0.0775

--- Round 133/500 ---
Averaged Train Loss: 1.7452
Averaged Test Accuracy: 0.3736
Averaged Test AUC: 0.8058
Std Test Accuracy: 0.1837
Std Test AUC: 0.0895

--- Round 134/500 ---
Averaged Train Loss: 1.6791
Averaged Test Accuracy: 0.3766
Averaged Test AUC: 0.8253
Std Test Accuracy: 0.2493
Std Test AUC: 0.0764

--- Round 135/500 ---
Averaged Train Loss: 1.7862
Averaged Test Accuracy: 0.3408
Averaged Test AUC: 0.8101
Std Test Accuracy: 0.2112
Std Test AUC: 0.0754

--- Round 136/500 ---
Averaged Train Loss: 1.6083
Averaged Test Accuracy: 0.4085
Averaged Test AUC: 0.8265
Std Test Accuracy: 0.1807
Std Test AUC: 0.0711

--- Round 137/500 ---
Averaged Train Loss: 1.6912
Averaged Test Accuracy: 0.3818
Averaged Test AUC: 0.8108
Std Test Accuracy: 0.1673
Std Test AUC: 0.0801

--- Round 138/500 ---
Averaged Train Loss: 1.6724
Averaged Test Accuracy: 0.3845
Averaged Test AUC: 0.8248
Std Test Accuracy: 0.2338
Std Test AUC: 0.0787

--- Round 139/500 ---
Averaged Train Loss: 1.8870
Averaged Test Accuracy: 0.3479
Averaged Test AUC: 0.7918
Std Test Accuracy: 0.2374
Std Test AUC: 0.1161

--- Round 140/500 ---
Averaged Train Loss: 1.6009
Averaged Test Accuracy: 0.3995
Averaged Test AUC: 0.8325
Std Test Accuracy: 0.1822
Std Test AUC: 0.0583

--- Round 141/500 ---
Averaged Train Loss: 1.5906
Averaged Test Accuracy: 0.4129
Averaged Test AUC: 0.8355
Std Test Accuracy: 0.1854
Std Test AUC: 0.0662

--- Round 142/500 ---
Averaged Train Loss: 1.9089
Averaged Test Accuracy: 0.3159
Averaged Test AUC: 0.7899
Std Test Accuracy: 0.1996
Std Test AUC: 0.0947

--- Round 143/500 ---
Averaged Train Loss: 1.7469
Averaged Test Accuracy: 0.3832
Averaged Test AUC: 0.8111
Std Test Accuracy: 0.2194
Std Test AUC: 0.1036

--- Round 144/500 ---
Averaged Train Loss: 1.5370
Averaged Test Accuracy: 0.4326
Averaged Test AUC: 0.8409
Std Test Accuracy: 0.1771
Std Test AUC: 0.0583

--- Round 145/500 ---
Averaged Train Loss: 1.5600
Averaged Test Accuracy: 0.4353
Averaged Test AUC: 0.8342
Std Test Accuracy: 0.1465
Std Test AUC: 0.0464

--- Round 146/500 ---
Averaged Train Loss: 1.7367
Averaged Test Accuracy: 0.3617
Averaged Test AUC: 0.8103
Std Test Accuracy: 0.2126
Std Test AUC: 0.0835

--- Round 147/500 ---
Averaged Train Loss: 1.6627
Averaged Test Accuracy: 0.3815
Averaged Test AUC: 0.8211
Std Test Accuracy: 0.2150
Std Test AUC: 0.0828

--- Round 148/500 ---
Averaged Train Loss: 1.5120
Averaged Test Accuracy: 0.4404
Averaged Test AUC: 0.8443
Std Test Accuracy: 0.1609
Std Test AUC: 0.0509

--- Round 149/500 ---
Averaged Train Loss: 1.6138
Averaged Test Accuracy: 0.4139
Averaged Test AUC: 0.8369
Std Test Accuracy: 0.2192
Std Test AUC: 0.0679

--- Round 150/500 ---
Averaged Train Loss: 1.7656
Averaged Test Accuracy: 0.3503
Averaged Test AUC: 0.8086
Std Test Accuracy: 0.2259
Std Test AUC: 0.0784

--- Round 151/500 ---
Averaged Train Loss: 1.6888
Averaged Test Accuracy: 0.3738
Averaged Test AUC: 0.8161
Std Test Accuracy: 0.2004
Std Test AUC: 0.0798

--- Round 152/500 ---
Averaged Train Loss: 1.5157
Averaged Test Accuracy: 0.4431
Averaged Test AUC: 0.8421
Std Test Accuracy: 0.1537
Std Test AUC: 0.0601

--- Round 153/500 ---
Averaged Train Loss: 1.6699
Averaged Test Accuracy: 0.3976
Averaged Test AUC: 0.8305
Std Test Accuracy: 0.2396
Std Test AUC: 0.0807

--- Round 154/500 ---
Averaged Train Loss: 1.7479
Averaged Test Accuracy: 0.3625
Averaged Test AUC: 0.8166
Std Test Accuracy: 0.2159
Std Test AUC: 0.0839

--- Round 155/500 ---
Averaged Train Loss: 1.6103
Averaged Test Accuracy: 0.3979
Averaged Test AUC: 0.8330
Std Test Accuracy: 0.1875
Std Test AUC: 0.0599

--- Round 156/500 ---
Averaged Train Loss: 1.6841
Averaged Test Accuracy: 0.3885
Averaged Test AUC: 0.8201
Std Test Accuracy: 0.1708
Std Test AUC: 0.0731

--- Round 157/500 ---
Averaged Train Loss: 1.6098
Averaged Test Accuracy: 0.4222
Averaged Test AUC: 0.8374
Std Test Accuracy: 0.2048
Std Test AUC: 0.0681

--- Round 158/500 ---
Averaged Train Loss: 1.7391
Averaged Test Accuracy: 0.3586
Averaged Test AUC: 0.8226
Std Test Accuracy: 0.2452
Std Test AUC: 0.0767

--- Round 159/500 ---
Averaged Train Loss: 1.5946
Averaged Test Accuracy: 0.4170
Averaged Test AUC: 0.8290
Std Test Accuracy: 0.1878
Std Test AUC: 0.0755

--- Round 160/500 ---
Averaged Train Loss: 1.6305
Averaged Test Accuracy: 0.3826
Averaged Test AUC: 0.8350
Std Test Accuracy: 0.1868
Std Test AUC: 0.0559

--- Round 161/500 ---
Averaged Train Loss: 1.6215
Averaged Test Accuracy: 0.4104
Averaged Test AUC: 0.8390
Std Test Accuracy: 0.1780
Std Test AUC: 0.0570

--- Round 162/500 ---
Averaged Train Loss: 1.7113
Averaged Test Accuracy: 0.3610
Averaged Test AUC: 0.8187
Std Test Accuracy: 0.2087
Std Test AUC: 0.0700

--- Round 163/500 ---
Averaged Train Loss: 1.6768
Averaged Test Accuracy: 0.3933
Averaged Test AUC: 0.8251
Std Test Accuracy: 0.2069
Std Test AUC: 0.0678

--- Round 164/500 ---
Averaged Train Loss: 1.5250
Averaged Test Accuracy: 0.4345
Averaged Test AUC: 0.8427
Std Test Accuracy: 0.1852
Std Test AUC: 0.0634

--- Round 165/500 ---
Averaged Train Loss: 1.5203
Averaged Test Accuracy: 0.4451
Averaged Test AUC: 0.8445
Std Test Accuracy: 0.1809
Std Test AUC: 0.0592

--- Round 166/500 ---
Averaged Train Loss: 1.5999
Averaged Test Accuracy: 0.4164
Averaged Test AUC: 0.8352
Std Test Accuracy: 0.1716
Std Test AUC: 0.0626

--- Round 167/500 ---
Averaged Train Loss: 1.9338
Averaged Test Accuracy: 0.3095
Averaged Test AUC: 0.8001
Std Test Accuracy: 0.2502
Std Test AUC: 0.0956

--- Round 168/500 ---
Averaged Train Loss: 1.5348
Averaged Test Accuracy: 0.4377
Averaged Test AUC: 0.8437
Std Test Accuracy: 0.1508
Std Test AUC: 0.0437

--- Round 169/500 ---
Averaged Train Loss: 1.5921
Averaged Test Accuracy: 0.4232
Averaged Test AUC: 0.8391
Std Test Accuracy: 0.2205
Std Test AUC: 0.0726

--- Round 170/500 ---
Averaged Train Loss: 1.5118
Averaged Test Accuracy: 0.4426
Averaged Test AUC: 0.8458
Std Test Accuracy: 0.1509
Std Test AUC: 0.0500

--- Round 171/500 ---
Averaged Train Loss: 1.8617
Averaged Test Accuracy: 0.3443
Averaged Test AUC: 0.8004
Std Test Accuracy: 0.2441
Std Test AUC: 0.1026

--- Round 172/500 ---
Averaged Train Loss: 1.5228
Averaged Test Accuracy: 0.4327
Averaged Test AUC: 0.8389
Std Test Accuracy: 0.1422
Std Test AUC: 0.0538

--- Round 173/500 ---
Averaged Train Loss: 1.6261
Averaged Test Accuracy: 0.4191
Averaged Test AUC: 0.8388
Std Test Accuracy: 0.2306
Std Test AUC: 0.0797

--- Round 174/500 ---
Averaged Train Loss: 1.5600
Averaged Test Accuracy: 0.4312
Averaged Test AUC: 0.8411
Std Test Accuracy: 0.1963
Std Test AUC: 0.0629

--- Round 175/500 ---
Averaged Train Loss: 1.9757
Averaged Test Accuracy: 0.2980
Averaged Test AUC: 0.8021
Std Test Accuracy: 0.2613
Std Test AUC: 0.0928

--- Round 176/500 ---
Averaged Train Loss: 1.6270
Averaged Test Accuracy: 0.3916
Averaged Test AUC: 0.8322
Std Test Accuracy: 0.1807
Std Test AUC: 0.0683

--- Round 177/500 ---
Averaged Train Loss: 1.4574
Averaged Test Accuracy: 0.4689
Averaged Test AUC: 0.8516
Std Test Accuracy: 0.1622
Std Test AUC: 0.0507

--- Round 178/500 ---
Averaged Train Loss: 1.5503
Averaged Test Accuracy: 0.4488
Averaged Test AUC: 0.8405
Std Test Accuracy: 0.1909
Std Test AUC: 0.0819

--- Round 179/500 ---
Averaged Train Loss: 1.6818
Averaged Test Accuracy: 0.3807
Averaged Test AUC: 0.8258
Std Test Accuracy: 0.2113
Std Test AUC: 0.0766

--- Round 180/500 ---
Averaged Train Loss: 1.5687
Averaged Test Accuracy: 0.4029
Averaged Test AUC: 0.8395
Std Test Accuracy: 0.1812
Std Test AUC: 0.0573

--- Round 181/500 ---
Averaged Train Loss: 1.5993
Averaged Test Accuracy: 0.4139
Averaged Test AUC: 0.8450
Std Test Accuracy: 0.1924
Std Test AUC: 0.0591

--- Round 182/500 ---
Averaged Train Loss: 1.4347
Averaged Test Accuracy: 0.4712
Averaged Test AUC: 0.8543
Std Test Accuracy: 0.1460
Std Test AUC: 0.0471

--- Round 183/500 ---
Averaged Train Loss: 1.9928
Averaged Test Accuracy: 0.3187
Averaged Test AUC: 0.8042
Std Test Accuracy: 0.2587
Std Test AUC: 0.1027

--- Round 184/500 ---
Averaged Train Loss: 1.5338
Averaged Test Accuracy: 0.4330
Averaged Test AUC: 0.8443
Std Test Accuracy: 0.1570
Std Test AUC: 0.0577

--- Round 185/500 ---
Averaged Train Loss: 1.4474
Averaged Test Accuracy: 0.4700
Averaged Test AUC: 0.8552
Std Test Accuracy: 0.1711
Std Test AUC: 0.0504

--- Round 186/500 ---
Averaged Train Loss: 1.5350
Averaged Test Accuracy: 0.4387
Averaged Test AUC: 0.8468
Std Test Accuracy: 0.1628
Std Test AUC: 0.0531

--- Round 187/500 ---
Averaged Train Loss: 1.5581
Averaged Test Accuracy: 0.4059
Averaged Test AUC: 0.8422
Std Test Accuracy: 0.2034
Std Test AUC: 0.0613

--- Round 188/500 ---
Averaged Train Loss: 1.6034
Averaged Test Accuracy: 0.4105
Averaged Test AUC: 0.8320
Std Test Accuracy: 0.1790
Std Test AUC: 0.0710

--- Round 189/500 ---
Averaged Train Loss: 1.6142
Averaged Test Accuracy: 0.4107
Averaged Test AUC: 0.8392
Std Test Accuracy: 0.2171
Std Test AUC: 0.0656

--- Round 190/500 ---
Averaged Train Loss: 1.5435
Averaged Test Accuracy: 0.4291
Averaged Test AUC: 0.8452
Std Test Accuracy: 0.1822
Std Test AUC: 0.0626

--- Round 191/500 ---
Averaged Train Loss: 1.5429
Averaged Test Accuracy: 0.4351
Averaged Test AUC: 0.8411
Std Test Accuracy: 0.1711
Std Test AUC: 0.0624

--- Round 192/500 ---
Averaged Train Loss: 1.6553
Averaged Test Accuracy: 0.4020
Averaged Test AUC: 0.8255
Std Test Accuracy: 0.1650
Std Test AUC: 0.0705

--- Round 193/500 ---
Averaged Train Loss: 1.5989
Averaged Test Accuracy: 0.4197
Averaged Test AUC: 0.8448
Std Test Accuracy: 0.2098
Std Test AUC: 0.0595

--- Round 194/500 ---
Averaged Train Loss: 1.5826
Averaged Test Accuracy: 0.4250
Averaged Test AUC: 0.8431
Std Test Accuracy: 0.2302
Std Test AUC: 0.0692

--- Round 195/500 ---
Averaged Train Loss: 1.6313
Averaged Test Accuracy: 0.3954
Averaged Test AUC: 0.8394
Std Test Accuracy: 0.2099
Std Test AUC: 0.0644

--- Round 196/500 ---
Averaged Train Loss: 1.6296
Averaged Test Accuracy: 0.4134
Averaged Test AUC: 0.8268
Std Test Accuracy: 0.1685
Std Test AUC: 0.0807

--- Round 197/500 ---
Averaged Train Loss: 1.4506
Averaged Test Accuracy: 0.4645
Averaged Test AUC: 0.8543
Std Test Accuracy: 0.1466
Std Test AUC: 0.0376

--- Round 198/500 ---
Averaged Train Loss: 1.6439
Averaged Test Accuracy: 0.4310
Averaged Test AUC: 0.8339
Std Test Accuracy: 0.2177
Std Test AUC: 0.0857

--- Round 199/500 ---
Averaged Train Loss: 1.6597
Averaged Test Accuracy: 0.4176
Averaged Test AUC: 0.8362
Std Test Accuracy: 0.2020
Std Test AUC: 0.0650

--- Round 200/500 ---
Averaged Train Loss: 1.6922
Averaged Test Accuracy: 0.3717
Averaged Test AUC: 0.8280
Std Test Accuracy: 0.1785
Std Test AUC: 0.0660

--- Round 201/500 ---
Averaged Train Loss: 1.4220
Averaged Test Accuracy: 0.4792
Averaged Test AUC: 0.8551
Std Test Accuracy: 0.1273
Std Test AUC: 0.0451

--- Round 202/500 ---
Averaged Train Loss: 1.5048
Averaged Test Accuracy: 0.4537
Averaged Test AUC: 0.8455
Std Test Accuracy: 0.1552
Std Test AUC: 0.0542

--- Round 203/500 ---
Averaged Train Loss: 1.5636
Averaged Test Accuracy: 0.4292
Averaged Test AUC: 0.8415
Std Test Accuracy: 0.2098
Std Test AUC: 0.0735

--- Round 204/500 ---
Averaged Train Loss: 1.5858
Averaged Test Accuracy: 0.4166
Averaged Test AUC: 0.8387
Std Test Accuracy: 0.1675
Std Test AUC: 0.0536

--- Round 205/500 ---
Averaged Train Loss: 1.4318
Averaged Test Accuracy: 0.4709
Averaged Test AUC: 0.8568
Std Test Accuracy: 0.1567
Std Test AUC: 0.0474

--- Round 206/500 ---
Averaged Train Loss: 1.4218
Averaged Test Accuracy: 0.4759
Averaged Test AUC: 0.8581
Std Test Accuracy: 0.1460
Std Test AUC: 0.0487

--- Round 207/500 ---
Averaged Train Loss: 1.4302
Averaged Test Accuracy: 0.4621
Averaged Test AUC: 0.8558
Std Test Accuracy: 0.1489
Std Test AUC: 0.0470

--- Round 208/500 ---
Averaged Train Loss: 1.5658
Averaged Test Accuracy: 0.4201
Averaged Test AUC: 0.8369
Std Test Accuracy: 0.1541
Std Test AUC: 0.0650

--- Round 209/500 ---
Averaged Train Loss: 1.6034
Averaged Test Accuracy: 0.4149
Averaged Test AUC: 0.8465
Std Test Accuracy: 0.2003
Std Test AUC: 0.0563

--- Round 210/500 ---
Averaged Train Loss: 1.4926
Averaged Test Accuracy: 0.4521
Averaged Test AUC: 0.8483
Std Test Accuracy: 0.1792
Std Test AUC: 0.0643

--- Round 211/500 ---
Averaged Train Loss: 1.5997
Averaged Test Accuracy: 0.4196
Averaged Test AUC: 0.8360
Std Test Accuracy: 0.1783
Std Test AUC: 0.0714

--- Round 212/500 ---
Averaged Train Loss: 1.6515
Averaged Test Accuracy: 0.4013
Averaged Test AUC: 0.8267
Std Test Accuracy: 0.1627
Std Test AUC: 0.0711

--- Round 213/500 ---
Averaged Train Loss: 1.4890
Averaged Test Accuracy: 0.4545
Averaged Test AUC: 0.8546
Std Test Accuracy: 0.1944
Std Test AUC: 0.0542

--- Round 214/500 ---
Averaged Train Loss: 1.4979
Averaged Test Accuracy: 0.4454
Averaged Test AUC: 0.8510
Std Test Accuracy: 0.1982
Std Test AUC: 0.0637

--- Round 215/500 ---
Averaged Train Loss: 1.5590
Averaged Test Accuracy: 0.4279
Averaged Test AUC: 0.8423
Std Test Accuracy: 0.2005
Std Test AUC: 0.0730

--- Round 216/500 ---
Averaged Train Loss: 1.7269
Averaged Test Accuracy: 0.3904
Averaged Test AUC: 0.8213
Std Test Accuracy: 0.1911
Std Test AUC: 0.0827

--- Round 217/500 ---
Averaged Train Loss: 1.5168
Averaged Test Accuracy: 0.4478
Averaged Test AUC: 0.8470
Std Test Accuracy: 0.1751
Std Test AUC: 0.0495

--- Round 218/500 ---
Averaged Train Loss: 1.5190
Averaged Test Accuracy: 0.4598
Averaged Test AUC: 0.8460
Std Test Accuracy: 0.2025
Std Test AUC: 0.0782

--- Round 219/500 ---
Averaged Train Loss: 1.5818
Averaged Test Accuracy: 0.4291
Averaged Test AUC: 0.8428
Std Test Accuracy: 0.2115
Std Test AUC: 0.0719

--- Round 220/500 ---
Averaged Train Loss: 1.6349
Averaged Test Accuracy: 0.4182
Averaged Test AUC: 0.8294
Std Test Accuracy: 0.1401
Std Test AUC: 0.0659

--- Round 221/500 ---
Averaged Train Loss: 1.4861
Averaged Test Accuracy: 0.4578
Averaged Test AUC: 0.8486
Std Test Accuracy: 0.1629
Std Test AUC: 0.0602

--- Round 222/500 ---
Averaged Train Loss: 1.4138
Averaged Test Accuracy: 0.4783
Averaged Test AUC: 0.8591
Std Test Accuracy: 0.1271
Std Test AUC: 0.0412

--- Round 223/500 ---
Averaged Train Loss: 1.7562
Averaged Test Accuracy: 0.4012
Averaged Test AUC: 0.8196
Std Test Accuracy: 0.2248
Std Test AUC: 0.0907

--- Round 224/500 ---
Averaged Train Loss: 1.4724
Averaged Test Accuracy: 0.4509
Averaged Test AUC: 0.8519
Std Test Accuracy: 0.1273
Std Test AUC: 0.0388

--- Round 225/500 ---
Averaged Train Loss: 1.4942
Averaged Test Accuracy: 0.4533
Averaged Test AUC: 0.8515
Std Test Accuracy: 0.1780
Std Test AUC: 0.0603

--- Round 226/500 ---
Averaged Train Loss: 1.4527
Averaged Test Accuracy: 0.4641
Averaged Test AUC: 0.8533
Std Test Accuracy: 0.1662
Std Test AUC: 0.0498

--- Round 227/500 ---
Averaged Train Loss: 1.7232
Averaged Test Accuracy: 0.3989
Averaged Test AUC: 0.8222
Std Test Accuracy: 0.2303
Std Test AUC: 0.0926

--- Round 228/500 ---
Averaged Train Loss: 1.6332
Averaged Test Accuracy: 0.4008
Averaged Test AUC: 0.8361
Std Test Accuracy: 0.2199
Std Test AUC: 0.0693

--- Round 229/500 ---
Averaged Train Loss: 1.4817
Averaged Test Accuracy: 0.4683
Averaged Test AUC: 0.8502
Std Test Accuracy: 0.1525
Std Test AUC: 0.0663

--- Round 230/500 ---
Averaged Train Loss: 1.4933
Averaged Test Accuracy: 0.4596
Averaged Test AUC: 0.8508
Std Test Accuracy: 0.1883
Std Test AUC: 0.0632

--- Round 231/500 ---
Averaged Train Loss: 1.5816
Averaged Test Accuracy: 0.4093
Averaged Test AUC: 0.8386
Std Test Accuracy: 0.2228
Std Test AUC: 0.0738

--- Round 232/500 ---
Averaged Train Loss: 1.6682
Averaged Test Accuracy: 0.3856
Averaged Test AUC: 0.8301
Std Test Accuracy: 0.2154
Std Test AUC: 0.0809

--- Round 233/500 ---
Averaged Train Loss: 1.4580
Averaged Test Accuracy: 0.4692
Averaged Test AUC: 0.8513
Std Test Accuracy: 0.1726
Std Test AUC: 0.0625

--- Round 234/500 ---
Averaged Train Loss: 1.4252
Averaged Test Accuracy: 0.4778
Averaged Test AUC: 0.8587
Std Test Accuracy: 0.1647
Std Test AUC: 0.0488

--- Round 235/500 ---
Averaged Train Loss: 1.5011
Averaged Test Accuracy: 0.4437
Averaged Test AUC: 0.8495
Std Test Accuracy: 0.1914
Std Test AUC: 0.0668

--- Round 236/500 ---
Averaged Train Loss: 1.6112
Averaged Test Accuracy: 0.4141
Averaged Test AUC: 0.8335
Std Test Accuracy: 0.1876
Std Test AUC: 0.0704

--- Round 237/500 ---
Averaged Train Loss: 1.5296
Averaged Test Accuracy: 0.4399
Averaged Test AUC: 0.8448
Std Test Accuracy: 0.1774
Std Test AUC: 0.0630

--- Round 238/500 ---
Averaged Train Loss: 1.6186
Averaged Test Accuracy: 0.4149
Averaged Test AUC: 0.8478
Std Test Accuracy: 0.2264
Std Test AUC: 0.0628

--- Round 239/500 ---
Averaged Train Loss: 1.4626
Averaged Test Accuracy: 0.4545
Averaged Test AUC: 0.8571
Std Test Accuracy: 0.1748
Std Test AUC: 0.0511

--- Round 240/500 ---
Averaged Train Loss: 1.6901
Averaged Test Accuracy: 0.3983
Averaged Test AUC: 0.8282
Std Test Accuracy: 0.1824
Std Test AUC: 0.0788

--- Round 241/500 ---
Averaged Train Loss: 1.6125
Averaged Test Accuracy: 0.4078
Averaged Test AUC: 0.8433
Std Test Accuracy: 0.1995
Std Test AUC: 0.0658

--- Round 242/500 ---
Averaged Train Loss: 1.6812
Averaged Test Accuracy: 0.4106
Averaged Test AUC: 0.8337
Std Test Accuracy: 0.2369
Std Test AUC: 0.0811

--- Round 243/500 ---
Averaged Train Loss: 1.4904
Averaged Test Accuracy: 0.4522
Averaged Test AUC: 0.8523
Std Test Accuracy: 0.1867
Std Test AUC: 0.0535

--- Round 244/500 ---
Averaged Train Loss: 1.4806
Averaged Test Accuracy: 0.4514
Averaged Test AUC: 0.8493
Std Test Accuracy: 0.1394
Std Test AUC: 0.0468

--- Round 245/500 ---
Averaged Train Loss: 1.6303
Averaged Test Accuracy: 0.4055
Averaged Test AUC: 0.8421
Std Test Accuracy: 0.2146
Std Test AUC: 0.0696

--- Round 246/500 ---
Averaged Train Loss: 1.4278
Averaged Test Accuracy: 0.4693
Averaged Test AUC: 0.8553
Std Test Accuracy: 0.1675
Std Test AUC: 0.0595

--- Round 247/500 ---
Averaged Train Loss: 1.5931
Averaged Test Accuracy: 0.4301
Averaged Test AUC: 0.8382
Std Test Accuracy: 0.2225
Std Test AUC: 0.0791

--- Round 248/500 ---
Averaged Train Loss: 1.4560
Averaged Test Accuracy: 0.4510
Averaged Test AUC: 0.8543
Std Test Accuracy: 0.1720
Std Test AUC: 0.0480

--- Round 249/500 ---
Averaged Train Loss: 1.6075
Averaged Test Accuracy: 0.4340
Averaged Test AUC: 0.8398
Std Test Accuracy: 0.1808
Std Test AUC: 0.0778

--- Round 250/500 ---
Averaged Train Loss: 1.4117
Averaged Test Accuracy: 0.4802
Averaged Test AUC: 0.8615
Std Test Accuracy: 0.1801
Std Test AUC: 0.0478

--- Round 251/500 ---
Averaged Train Loss: 1.5818
Averaged Test Accuracy: 0.4114
Averaged Test AUC: 0.8398
Std Test Accuracy: 0.2233
Std Test AUC: 0.0802

--- Round 252/500 ---
Averaged Train Loss: 1.6470
Averaged Test Accuracy: 0.4053
Averaged Test AUC: 0.8326
Std Test Accuracy: 0.2194
Std Test AUC: 0.0909

--- Round 253/500 ---
Averaged Train Loss: 1.4084
Averaged Test Accuracy: 0.4825
Averaged Test AUC: 0.8627
Std Test Accuracy: 0.1695
Std Test AUC: 0.0453

--- Round 254/500 ---
Averaged Train Loss: 1.5813
Averaged Test Accuracy: 0.4429
Averaged Test AUC: 0.8415
Std Test Accuracy: 0.1647
Std Test AUC: 0.0790

--- Round 255/500 ---
Averaged Train Loss: 1.4988
Averaged Test Accuracy: 0.4427
Averaged Test AUC: 0.8522
Std Test Accuracy: 0.2017
Std Test AUC: 0.0678

--- Round 256/500 ---
Averaged Train Loss: 1.8776
Averaged Test Accuracy: 0.3520
Averaged Test AUC: 0.8229
Std Test Accuracy: 0.2239
Std Test AUC: 0.0886

--- Round 257/500 ---
Averaged Train Loss: 1.6321
Averaged Test Accuracy: 0.4255
Averaged Test AUC: 0.8355
Std Test Accuracy: 0.2079
Std Test AUC: 0.0823

--- Round 258/500 ---
Averaged Train Loss: 1.5353
Averaged Test Accuracy: 0.4432
Averaged Test AUC: 0.8509
Std Test Accuracy: 0.1796
Std Test AUC: 0.0652

--- Round 259/500 ---
Averaged Train Loss: 1.4287
Averaged Test Accuracy: 0.4655
Averaged Test AUC: 0.8618
Std Test Accuracy: 0.1618
Std Test AUC: 0.0440

--- Round 260/500 ---
Averaged Train Loss: 1.7503
Averaged Test Accuracy: 0.3817
Averaged Test AUC: 0.8328
Std Test Accuracy: 0.1982
Std Test AUC: 0.0744

--- Round 261/500 ---
Averaged Train Loss: 1.5986
Averaged Test Accuracy: 0.4089
Averaged Test AUC: 0.8455
Std Test Accuracy: 0.1777
Std Test AUC: 0.0648

--- Round 262/500 ---
Averaged Train Loss: 1.8336
Averaged Test Accuracy: 0.3903
Averaged Test AUC: 0.8336
Std Test Accuracy: 0.2344
Std Test AUC: 0.0813

--- Round 263/500 ---
Averaged Train Loss: 1.4512
Averaged Test Accuracy: 0.4602
Averaged Test AUC: 0.8579
Std Test Accuracy: 0.1911
Std Test AUC: 0.0512

--- Round 264/500 ---
Averaged Train Loss: 1.4429
Averaged Test Accuracy: 0.4726
Averaged Test AUC: 0.8544
Std Test Accuracy: 0.1403
Std Test AUC: 0.0488

--- Round 265/500 ---
Averaged Train Loss: 1.5550
Averaged Test Accuracy: 0.4296
Averaged Test AUC: 0.8495
Std Test Accuracy: 0.1942
Std Test AUC: 0.0653

--- Round 266/500 ---
Averaged Train Loss: 1.6645
Averaged Test Accuracy: 0.4106
Averaged Test AUC: 0.8413
Std Test Accuracy: 0.2438
Std Test AUC: 0.0759

--- Round 267/500 ---
Averaged Train Loss: 1.5339
Averaged Test Accuracy: 0.4404
Averaged Test AUC: 0.8460
Std Test Accuracy: 0.2133
Std Test AUC: 0.0722

--- Round 268/500 ---
Averaged Train Loss: 1.4176
Averaged Test Accuracy: 0.4816
Averaged Test AUC: 0.8564
Std Test Accuracy: 0.1435
Std Test AUC: 0.0462

--- Round 269/500 ---
Averaged Train Loss: 1.5843
Averaged Test Accuracy: 0.4232
Averaged Test AUC: 0.8465
Std Test Accuracy: 0.2163
Std Test AUC: 0.0692

--- Round 270/500 ---
Averaged Train Loss: 1.4775
Averaged Test Accuracy: 0.4616
Averaged Test AUC: 0.8509
Std Test Accuracy: 0.1845
Std Test AUC: 0.0694

--- Round 271/500 ---
Averaged Train Loss: 1.5409
Averaged Test Accuracy: 0.4478
Averaged Test AUC: 0.8459
Std Test Accuracy: 0.2137
Std Test AUC: 0.0748

--- Round 272/500 ---
Averaged Train Loss: 1.5126
Averaged Test Accuracy: 0.4368
Averaged Test AUC: 0.8481
Std Test Accuracy: 0.2060
Std Test AUC: 0.0643

--- Round 273/500 ---
Averaged Train Loss: 1.5259
Averaged Test Accuracy: 0.4431
Averaged Test AUC: 0.8522
Std Test Accuracy: 0.2148
Std Test AUC: 0.0689

--- Round 274/500 ---
Averaged Train Loss: 1.5348
Averaged Test Accuracy: 0.4455
Averaged Test AUC: 0.8463
Std Test Accuracy: 0.1883
Std Test AUC: 0.0643

--- Round 275/500 ---
Averaged Train Loss: 1.6031
Averaged Test Accuracy: 0.4379
Averaged Test AUC: 0.8388
Std Test Accuracy: 0.2204
Std Test AUC: 0.0912

--- Round 276/500 ---
Averaged Train Loss: 1.5251
Averaged Test Accuracy: 0.4304
Averaged Test AUC: 0.8448
Std Test Accuracy: 0.1878
Std Test AUC: 0.0587

--- Round 277/500 ---
Averaged Train Loss: 1.3798
Averaged Test Accuracy: 0.4926
Averaged Test AUC: 0.8627
Std Test Accuracy: 0.1415
Std Test AUC: 0.0507

--- Round 278/500 ---
Averaged Train Loss: 1.4728
Averaged Test Accuracy: 0.4680
Averaged Test AUC: 0.8520
Std Test Accuracy: 0.1840
Std Test AUC: 0.0651

--- Round 279/500 ---
Averaged Train Loss: 1.4646
Averaged Test Accuracy: 0.4613
Averaged Test AUC: 0.8557
Std Test Accuracy: 0.1978
Std Test AUC: 0.0632

--- Round 280/500 ---
Averaged Train Loss: 1.5701
Averaged Test Accuracy: 0.4144
Averaged Test AUC: 0.8490
Std Test Accuracy: 0.2185
Std Test AUC: 0.0594

--- Round 281/500 ---
Averaged Train Loss: 1.4315
Averaged Test Accuracy: 0.4650
Averaged Test AUC: 0.8585
Std Test Accuracy: 0.1363
Std Test AUC: 0.0423

--- Round 282/500 ---
Averaged Train Loss: 1.3817
Averaged Test Accuracy: 0.4985
Averaged Test AUC: 0.8650
Std Test Accuracy: 0.1856
Std Test AUC: 0.0575

--- Round 283/500 ---
Averaged Train Loss: 1.4055
Averaged Test Accuracy: 0.4753
Averaged Test AUC: 0.8628
Std Test Accuracy: 0.1678
Std Test AUC: 0.0505

--- Round 284/500 ---
Averaged Train Loss: 1.4771
Averaged Test Accuracy: 0.4525
Averaged Test AUC: 0.8533
Std Test Accuracy: 0.1895
Std Test AUC: 0.0582

--- Round 285/500 ---
Averaged Train Loss: 1.3921
Averaged Test Accuracy: 0.4879
Averaged Test AUC: 0.8643
Std Test Accuracy: 0.1444
Std Test AUC: 0.0476

--- Round 286/500 ---
Averaged Train Loss: 1.3901
Averaged Test Accuracy: 0.4885
Averaged Test AUC: 0.8632
Std Test Accuracy: 0.1272
Std Test AUC: 0.0390

--- Round 287/500 ---
Averaged Train Loss: 1.5679
Averaged Test Accuracy: 0.4462
Averaged Test AUC: 0.8436
Std Test Accuracy: 0.2265
Std Test AUC: 0.0811

--- Round 288/500 ---
Averaged Train Loss: 1.4960
Averaged Test Accuracy: 0.4486
Averaged Test AUC: 0.8484
Std Test Accuracy: 0.1586
Std Test AUC: 0.0622

--- Round 289/500 ---
Averaged Train Loss: 1.3512
Averaged Test Accuracy: 0.5051
Averaged Test AUC: 0.8688
Std Test Accuracy: 0.1652
Std Test AUC: 0.0468

--- Round 290/500 ---
Averaged Train Loss: 1.3364
Averaged Test Accuracy: 0.5076
Averaged Test AUC: 0.8692
Std Test Accuracy: 0.1306
Std Test AUC: 0.0360

--- Round 291/500 ---
Averaged Train Loss: 1.5695
Averaged Test Accuracy: 0.4257
Averaged Test AUC: 0.8466
Std Test Accuracy: 0.2103
Std Test AUC: 0.0686

--- Round 292/500 ---
Averaged Train Loss: 1.5602
Averaged Test Accuracy: 0.4208
Averaged Test AUC: 0.8451
Std Test Accuracy: 0.1906
Std Test AUC: 0.0637

--- Round 293/500 ---
Averaged Train Loss: 1.4946
Averaged Test Accuracy: 0.4659
Averaged Test AUC: 0.8523
Std Test Accuracy: 0.2002
Std Test AUC: 0.0765

--- Round 294/500 ---
Averaged Train Loss: 1.4005
Averaged Test Accuracy: 0.4879
Averaged Test AUC: 0.8664
Std Test Accuracy: 0.1904
Std Test AUC: 0.0513

--- Round 295/500 ---
Averaged Train Loss: 1.4202
Averaged Test Accuracy: 0.4677
Averaged Test AUC: 0.8602
Std Test Accuracy: 0.1831
Std Test AUC: 0.0527

--- Round 296/500 ---
Averaged Train Loss: 1.4585
Averaged Test Accuracy: 0.4533
Averaged Test AUC: 0.8540
Std Test Accuracy: 0.1733
Std Test AUC: 0.0522

--- Round 297/500 ---
Averaged Train Loss: 1.3957
Averaged Test Accuracy: 0.4830
Averaged Test AUC: 0.8634
Std Test Accuracy: 0.1661
Std Test AUC: 0.0535

--- Round 298/500 ---
Averaged Train Loss: 1.4036
Averaged Test Accuracy: 0.4835
Averaged Test AUC: 0.8602
Std Test Accuracy: 0.1725
Std Test AUC: 0.0542

--- Round 299/500 ---
Averaged Train Loss: 1.5182
Averaged Test Accuracy: 0.4573
Averaged Test AUC: 0.8517
Std Test Accuracy: 0.2016
Std Test AUC: 0.0779

--- Round 300/500 ---
Averaged Train Loss: 1.4791
Averaged Test Accuracy: 0.4531
Averaged Test AUC: 0.8520
Std Test Accuracy: 0.1623
Std Test AUC: 0.0503

--- Round 301/500 ---
Averaged Train Loss: 1.4394
Averaged Test Accuracy: 0.4632
Averaged Test AUC: 0.8592
Std Test Accuracy: 0.1635
Std Test AUC: 0.0488

--- Round 302/500 ---
Averaged Train Loss: 1.3603
Averaged Test Accuracy: 0.4982
Averaged Test AUC: 0.8648
Std Test Accuracy: 0.1622
Std Test AUC: 0.0511

--- Round 303/500 ---
Averaged Train Loss: 1.5177
Averaged Test Accuracy: 0.4516
Averaged Test AUC: 0.8519
Std Test Accuracy: 0.1927
Std Test AUC: 0.0737

--- Round 304/500 ---
Averaged Train Loss: 1.4337
Averaged Test Accuracy: 0.4711
Averaged Test AUC: 0.8605
Std Test Accuracy: 0.1826
Std Test AUC: 0.0508

--- Round 305/500 ---
Averaged Train Loss: 1.4187
Averaged Test Accuracy: 0.4709
Averaged Test AUC: 0.8624
Std Test Accuracy: 0.1590
Std Test AUC: 0.0430

--- Round 306/500 ---
Averaged Train Loss: 1.4641
Averaged Test Accuracy: 0.4542
Averaged Test AUC: 0.8550
Std Test Accuracy: 0.1604
Std Test AUC: 0.0492

--- Round 307/500 ---
Averaged Train Loss: 1.5883
Averaged Test Accuracy: 0.4303
Averaged Test AUC: 0.8418
Std Test Accuracy: 0.2351
Std Test AUC: 0.0837

--- Round 308/500 ---
Averaged Train Loss: 1.3916
Averaged Test Accuracy: 0.4850
Averaged Test AUC: 0.8643
Std Test Accuracy: 0.1593
Std Test AUC: 0.0497

--- Round 309/500 ---
Averaged Train Loss: 1.4529
Averaged Test Accuracy: 0.4611
Averaged Test AUC: 0.8578
Std Test Accuracy: 0.1879
Std Test AUC: 0.0524

--- Round 310/500 ---
Averaged Train Loss: 1.3977
Averaged Test Accuracy: 0.4850
Averaged Test AUC: 0.8598
Std Test Accuracy: 0.1569
Std Test AUC: 0.0476

--- Round 311/500 ---
Averaged Train Loss: 1.3298
Averaged Test Accuracy: 0.5074
Averaged Test AUC: 0.8710
Std Test Accuracy: 0.1395
Std Test AUC: 0.0357

--- Round 312/500 ---
Averaged Train Loss: 1.4710
Averaged Test Accuracy: 0.4552
Averaged Test AUC: 0.8545
Std Test Accuracy: 0.1769
Std Test AUC: 0.0520

--- Round 313/500 ---
Averaged Train Loss: 1.4305
Averaged Test Accuracy: 0.4804
Averaged Test AUC: 0.8585
Std Test Accuracy: 0.1824
Std Test AUC: 0.0629

--- Round 314/500 ---
Averaged Train Loss: 1.3492
Averaged Test Accuracy: 0.5011
Averaged Test AUC: 0.8684
Std Test Accuracy: 0.1416
Std Test AUC: 0.0414

--- Round 315/500 ---
Averaged Train Loss: 1.4308
Averaged Test Accuracy: 0.4689
Averaged Test AUC: 0.8619
Std Test Accuracy: 0.1838
Std Test AUC: 0.0471

--- Round 316/500 ---
Averaged Train Loss: 1.4144
Averaged Test Accuracy: 0.4769
Averaged Test AUC: 0.8599
Std Test Accuracy: 0.1733
Std Test AUC: 0.0497

--- Round 317/500 ---
Averaged Train Loss: 1.4455
Averaged Test Accuracy: 0.4632
Averaged Test AUC: 0.8608
Std Test Accuracy: 0.1980
Std Test AUC: 0.0529

--- Round 318/500 ---
Averaged Train Loss: 1.3267
Averaged Test Accuracy: 0.5088
Averaged Test AUC: 0.8717
Std Test Accuracy: 0.1761
Std Test AUC: 0.0452

--- Round 319/500 ---
Averaged Train Loss: 1.3346
Averaged Test Accuracy: 0.5027
Averaged Test AUC: 0.8679
Std Test Accuracy: 0.1442
Std Test AUC: 0.0428

--- Round 320/500 ---
Averaged Train Loss: 1.3090
Averaged Test Accuracy: 0.5156
Averaged Test AUC: 0.8723
Std Test Accuracy: 0.1536
Std Test AUC: 0.0431

--- Round 321/500 ---
Averaged Train Loss: 1.3136
Averaged Test Accuracy: 0.5131
Averaged Test AUC: 0.8727
Std Test Accuracy: 0.1491
Std Test AUC: 0.0410

--- Round 322/500 ---
Averaged Train Loss: 1.3215
Averaged Test Accuracy: 0.5144
Averaged Test AUC: 0.8714
Std Test Accuracy: 0.1758
Std Test AUC: 0.0509

--- Round 323/500 ---
Averaged Train Loss: 1.3125
Averaged Test Accuracy: 0.5128
Averaged Test AUC: 0.8716
Std Test Accuracy: 0.1550
Std Test AUC: 0.0468

--- Round 324/500 ---
Averaged Train Loss: 1.3179
Averaged Test Accuracy: 0.5117
Averaged Test AUC: 0.8710
Std Test Accuracy: 0.1476
Std Test AUC: 0.0421

--- Round 325/500 ---
Averaged Train Loss: 1.3584
Averaged Test Accuracy: 0.5009
Averaged Test AUC: 0.8687
Std Test Accuracy: 0.1960
Std Test AUC: 0.0539

--- Round 326/500 ---
Averaged Train Loss: 1.2972
Averaged Test Accuracy: 0.5188
Averaged Test AUC: 0.8738
Std Test Accuracy: 0.1328
Std Test AUC: 0.0395

--- Round 327/500 ---
Averaged Train Loss: 1.2936
Averaged Test Accuracy: 0.5184
Averaged Test AUC: 0.8721
Std Test Accuracy: 0.1375
Std Test AUC: 0.0384

--- Round 328/500 ---
Averaged Train Loss: 1.2991
Averaged Test Accuracy: 0.5161
Averaged Test AUC: 0.8728
Std Test Accuracy: 0.1587
Std Test AUC: 0.0443

--- Round 329/500 ---
Averaged Train Loss: 1.3010
Averaged Test Accuracy: 0.5148
Averaged Test AUC: 0.8739
Std Test Accuracy: 0.1439
Std Test AUC: 0.0410

--- Round 330/500 ---
Averaged Train Loss: 1.2900
Averaged Test Accuracy: 0.5210
Averaged Test AUC: 0.8745
Std Test Accuracy: 0.1211
Std Test AUC: 0.0299

--- Round 331/500 ---
Averaged Train Loss: 1.3167
Averaged Test Accuracy: 0.5113
Averaged Test AUC: 0.8705
Std Test Accuracy: 0.1515
Std Test AUC: 0.0496

--- Round 332/500 ---
Averaged Train Loss: 1.3800
Averaged Test Accuracy: 0.4937
Averaged Test AUC: 0.8629
Std Test Accuracy: 0.1439
Std Test AUC: 0.0522

--- Round 333/500 ---
Averaged Train Loss: 1.3225
Averaged Test Accuracy: 0.5093
Averaged Test AUC: 0.8692
Std Test Accuracy: 0.1341
Std Test AUC: 0.0443

--- Round 334/500 ---
Averaged Train Loss: 1.3737
Averaged Test Accuracy: 0.4958
Averaged Test AUC: 0.8647
Std Test Accuracy: 0.1761
Std Test AUC: 0.0578

--- Round 335/500 ---
Averaged Train Loss: 1.3247
Averaged Test Accuracy: 0.5050
Averaged Test AUC: 0.8702
Std Test Accuracy: 0.1530
Std Test AUC: 0.0461

--- Round 336/500 ---
Averaged Train Loss: 1.3380
Averaged Test Accuracy: 0.5027
Averaged Test AUC: 0.8713
Std Test Accuracy: 0.1834
Std Test AUC: 0.0451

--- Round 337/500 ---
Averaged Train Loss: 1.3111
Averaged Test Accuracy: 0.5149
Averaged Test AUC: 0.8735
Std Test Accuracy: 0.1686
Std Test AUC: 0.0481

--- Round 338/500 ---
Averaged Train Loss: 1.2906
Averaged Test Accuracy: 0.5226
Averaged Test AUC: 0.8740
Std Test Accuracy: 0.1327
Std Test AUC: 0.0424

--- Round 339/500 ---
Averaged Train Loss: 1.2842
Averaged Test Accuracy: 0.5230
Averaged Test AUC: 0.8755
Std Test Accuracy: 0.1349
Std Test AUC: 0.0371

--- Round 340/500 ---
Averaged Train Loss: 1.3113
Averaged Test Accuracy: 0.5121
Averaged Test AUC: 0.8735
Std Test Accuracy: 0.1616
Std Test AUC: 0.0418

--- Round 341/500 ---
Averaged Train Loss: 1.2829
Averaged Test Accuracy: 0.5249
Averaged Test AUC: 0.8752
Std Test Accuracy: 0.1360
Std Test AUC: 0.0380

--- Round 342/500 ---
Averaged Train Loss: 1.3039
Averaged Test Accuracy: 0.5148
Averaged Test AUC: 0.8745
Std Test Accuracy: 0.1470
Std Test AUC: 0.0404

--- Round 343/500 ---
Averaged Train Loss: 1.2580
Averaged Test Accuracy: 0.5341
Averaged Test AUC: 0.8771
Std Test Accuracy: 0.1123
Std Test AUC: 0.0349

--- Round 344/500 ---
Averaged Train Loss: 1.3190
Averaged Test Accuracy: 0.5128
Averaged Test AUC: 0.8725
Std Test Accuracy: 0.1644
Std Test AUC: 0.0481

--- Round 345/500 ---
Averaged Train Loss: 1.3636
Averaged Test Accuracy: 0.4953
Averaged Test AUC: 0.8677
Std Test Accuracy: 0.1925
Std Test AUC: 0.0593

--- Round 346/500 ---
Averaged Train Loss: 1.2757
Averaged Test Accuracy: 0.5265
Averaged Test AUC: 0.8746
Std Test Accuracy: 0.1202
Std Test AUC: 0.0344

--- Round 347/500 ---
Averaged Train Loss: 1.3149
Averaged Test Accuracy: 0.5120
Averaged Test AUC: 0.8734
Std Test Accuracy: 0.1652
Std Test AUC: 0.0488

--- Round 348/500 ---
Averaged Train Loss: 1.2647
Averaged Test Accuracy: 0.5269
Averaged Test AUC: 0.8767
Std Test Accuracy: 0.1127
Std Test AUC: 0.0304

--- Round 349/500 ---
Averaged Train Loss: 1.3728
Averaged Test Accuracy: 0.4803
Averaged Test AUC: 0.8642
Std Test Accuracy: 0.1321
Std Test AUC: 0.0386

--- Round 350/500 ---
Averaged Train Loss: 1.2721
Averaged Test Accuracy: 0.5253
Averaged Test AUC: 0.8762
Std Test Accuracy: 0.1116
Std Test AUC: 0.0304

--- Round 351/500 ---
Averaged Train Loss: 1.2699
Averaged Test Accuracy: 0.5295
Averaged Test AUC: 0.8767
Std Test Accuracy: 0.1308
Std Test AUC: 0.0330

--- Round 352/500 ---
Averaged Train Loss: 1.3349
Averaged Test Accuracy: 0.5040
Averaged Test AUC: 0.8670
Std Test Accuracy: 0.1508
Std Test AUC: 0.0437

--- Round 353/500 ---
Averaged Train Loss: 1.2652
Averaged Test Accuracy: 0.5335
Averaged Test AUC: 0.8771
Std Test Accuracy: 0.1530
Std Test AUC: 0.0391

--- Round 354/500 ---
Averaged Train Loss: 1.2755
Averaged Test Accuracy: 0.5295
Averaged Test AUC: 0.8759
Std Test Accuracy: 0.1419
Std Test AUC: 0.0379

--- Round 355/500 ---
Averaged Train Loss: 1.2577
Averaged Test Accuracy: 0.5315
Averaged Test AUC: 0.8772
Std Test Accuracy: 0.1239
Std Test AUC: 0.0352

--- Round 356/500 ---
Averaged Train Loss: 1.2926
Averaged Test Accuracy: 0.5184
Averaged Test AUC: 0.8739
Std Test Accuracy: 0.1497
Std Test AUC: 0.0432

--- Round 357/500 ---
Averaged Train Loss: 1.2565
Averaged Test Accuracy: 0.5331
Averaged Test AUC: 0.8768
Std Test Accuracy: 0.1225
Std Test AUC: 0.0341

--- Round 358/500 ---
Averaged Train Loss: 1.2799
Averaged Test Accuracy: 0.5221
Averaged Test AUC: 0.8762
Std Test Accuracy: 0.1172
Std Test AUC: 0.0297

--- Round 359/500 ---
Averaged Train Loss: 1.2881
Averaged Test Accuracy: 0.5204
Averaged Test AUC: 0.8748
Std Test Accuracy: 0.1587
Std Test AUC: 0.0388

--- Round 360/500 ---
Averaged Train Loss: 1.3569
Averaged Test Accuracy: 0.4907
Averaged Test AUC: 0.8664
Std Test Accuracy: 0.1511
Std Test AUC: 0.0424

--- Round 361/500 ---
Averaged Train Loss: 1.3618
Averaged Test Accuracy: 0.4871
Averaged Test AUC: 0.8668
Std Test Accuracy: 0.1635
Std Test AUC: 0.0479

--- Round 362/500 ---
Averaged Train Loss: 1.2396
Averaged Test Accuracy: 0.5373
Averaged Test AUC: 0.8789
Std Test Accuracy: 0.1085
Std Test AUC: 0.0302

--- Round 363/500 ---
Averaged Train Loss: 1.2797
Averaged Test Accuracy: 0.5253
Averaged Test AUC: 0.8741
Std Test Accuracy: 0.1364
Std Test AUC: 0.0424

--- Round 364/500 ---
Averaged Train Loss: 1.2866
Averaged Test Accuracy: 0.5194
Averaged Test AUC: 0.8745
Std Test Accuracy: 0.1446
Std Test AUC: 0.0414

--- Round 365/500 ---
Averaged Train Loss: 1.2692
Averaged Test Accuracy: 0.5331
Averaged Test AUC: 0.8760
Std Test Accuracy: 0.1510
Std Test AUC: 0.0434

--- Round 366/500 ---
Averaged Train Loss: 1.2713
Averaged Test Accuracy: 0.5297
Averaged Test AUC: 0.8763
Std Test Accuracy: 0.1623
Std Test AUC: 0.0450

--- Round 367/500 ---
Averaged Train Loss: 1.3494
Averaged Test Accuracy: 0.5015
Averaged Test AUC: 0.8671
Std Test Accuracy: 0.1721
Std Test AUC: 0.0576

--- Round 368/500 ---
Averaged Train Loss: 1.3564
Averaged Test Accuracy: 0.5016
Averaged Test AUC: 0.8661
Std Test Accuracy: 0.1742
Std Test AUC: 0.0616

--- Round 369/500 ---
Averaged Train Loss: 1.2454
Averaged Test Accuracy: 0.5374
Averaged Test AUC: 0.8788
Std Test Accuracy: 0.1163
Std Test AUC: 0.0337

--- Round 370/500 ---
Averaged Train Loss: 1.2572
Averaged Test Accuracy: 0.5339
Averaged Test AUC: 0.8779
Std Test Accuracy: 0.1383
Std Test AUC: 0.0392

--- Round 371/500 ---
Averaged Train Loss: 1.3966
Averaged Test Accuracy: 0.4863
Averaged Test AUC: 0.8658
Std Test Accuracy: 0.1763
Std Test AUC: 0.0569

--- Round 372/500 ---
Averaged Train Loss: 1.2856
Averaged Test Accuracy: 0.5196
Averaged Test AUC: 0.8748
Std Test Accuracy: 0.1700
Std Test AUC: 0.0453

--- Round 373/500 ---
Averaged Train Loss: 1.2488
Averaged Test Accuracy: 0.5344
Averaged Test AUC: 0.8783
Std Test Accuracy: 0.1163
Std Test AUC: 0.0344

--- Round 374/500 ---
Averaged Train Loss: 1.2701
Averaged Test Accuracy: 0.5268
Averaged Test AUC: 0.8766
Std Test Accuracy: 0.1418
Std Test AUC: 0.0395

--- Round 375/500 ---
Averaged Train Loss: 1.3577
Averaged Test Accuracy: 0.5033
Averaged Test AUC: 0.8681
Std Test Accuracy: 0.1930
Std Test AUC: 0.0578

--- Round 376/500 ---
Averaged Train Loss: 1.2778
Averaged Test Accuracy: 0.5218
Averaged Test AUC: 0.8758
Std Test Accuracy: 0.1581
Std Test AUC: 0.0430

--- Round 377/500 ---
Averaged Train Loss: 1.2543
Averaged Test Accuracy: 0.5353
Averaged Test AUC: 0.8772
Std Test Accuracy: 0.1324
Std Test AUC: 0.0400

--- Round 378/500 ---
Averaged Train Loss: 1.3199
Averaged Test Accuracy: 0.5158
Averaged Test AUC: 0.8699
Std Test Accuracy: 0.1684
Std Test AUC: 0.0597

--- Round 379/500 ---
Averaged Train Loss: 1.3405
Averaged Test Accuracy: 0.5016
Averaged Test AUC: 0.8688
Std Test Accuracy: 0.1733
Std Test AUC: 0.0504

--- Round 380/500 ---
Averaged Train Loss: 1.2917
Averaged Test Accuracy: 0.5159
Averaged Test AUC: 0.8748
Std Test Accuracy: 0.1675
Std Test AUC: 0.0455

--- Round 381/500 ---
Averaged Train Loss: 1.2441
Averaged Test Accuracy: 0.5368
Averaged Test AUC: 0.8783
Std Test Accuracy: 0.1378
Std Test AUC: 0.0393

--- Round 382/500 ---
Averaged Train Loss: 1.2699
Averaged Test Accuracy: 0.5254
Averaged Test AUC: 0.8747
Std Test Accuracy: 0.1104
Std Test AUC: 0.0316

--- Round 383/500 ---
Averaged Train Loss: 1.3938
Averaged Test Accuracy: 0.4863
Averaged Test AUC: 0.8659
Std Test Accuracy: 0.1886
Std Test AUC: 0.0571

--- Round 384/500 ---
Averaged Train Loss: 1.3202
Averaged Test Accuracy: 0.5115
Averaged Test AUC: 0.8734
Std Test Accuracy: 0.1920
Std Test AUC: 0.0514

--- Round 385/500 ---
Averaged Train Loss: 1.3106
Averaged Test Accuracy: 0.5126
Averaged Test AUC: 0.8717
Std Test Accuracy: 0.1644
Std Test AUC: 0.0466

--- Round 386/500 ---
Averaged Train Loss: 1.2670
Averaged Test Accuracy: 0.5312
Averaged Test AUC: 0.8775
Std Test Accuracy: 0.1383
Std Test AUC: 0.0390

--- Round 387/500 ---
Averaged Train Loss: 1.3434
Averaged Test Accuracy: 0.5009
Averaged Test AUC: 0.8723
Std Test Accuracy: 0.1662
Std Test AUC: 0.0470

--- Round 388/500 ---
Averaged Train Loss: 1.2752
Averaged Test Accuracy: 0.5253
Averaged Test AUC: 0.8756
Std Test Accuracy: 0.1544
Std Test AUC: 0.0425

--- Round 389/500 ---
Averaged Train Loss: 1.3624
Averaged Test Accuracy: 0.4882
Averaged Test AUC: 0.8661
Std Test Accuracy: 0.1508
Std Test AUC: 0.0439

--- Round 390/500 ---
Averaged Train Loss: 1.2644
Averaged Test Accuracy: 0.5311
Averaged Test AUC: 0.8777
Std Test Accuracy: 0.1196
Std Test AUC: 0.0371

--- Round 391/500 ---
Averaged Train Loss: 1.3253
Averaged Test Accuracy: 0.5106
Averaged Test AUC: 0.8713
Std Test Accuracy: 0.1517
Std Test AUC: 0.0492

--- Round 392/500 ---
Averaged Train Loss: 1.2582
Averaged Test Accuracy: 0.5311
Averaged Test AUC: 0.8782
Std Test Accuracy: 0.1402
Std Test AUC: 0.0370

--- Round 393/500 ---
Averaged Train Loss: 1.2689
Averaged Test Accuracy: 0.5232
Averaged Test AUC: 0.8751
Std Test Accuracy: 0.1353
Std Test AUC: 0.0365

--- Round 394/500 ---
Averaged Train Loss: 1.2765
Averaged Test Accuracy: 0.5253
Averaged Test AUC: 0.8756
Std Test Accuracy: 0.1471
Std Test AUC: 0.0383

--- Round 395/500 ---
Averaged Train Loss: 1.2205
Averaged Test Accuracy: 0.5455
Averaged Test AUC: 0.8803
Std Test Accuracy: 0.1121
Std Test AUC: 0.0298

--- Round 396/500 ---
Averaged Train Loss: 1.3687
Averaged Test Accuracy: 0.4973
Averaged Test AUC: 0.8651
Std Test Accuracy: 0.1693
Std Test AUC: 0.0519

--- Round 397/500 ---
Averaged Train Loss: 1.3324
Averaged Test Accuracy: 0.4993
Averaged Test AUC: 0.8688
Std Test Accuracy: 0.1452
Std Test AUC: 0.0407

--- Round 398/500 ---
Averaged Train Loss: 1.2835
Averaged Test Accuracy: 0.5206
Averaged Test AUC: 0.8764
Std Test Accuracy: 0.1554
Std Test AUC: 0.0402

--- Round 399/500 ---
Averaged Train Loss: 1.2522
Averaged Test Accuracy: 0.5333
Averaged Test AUC: 0.8776
Std Test Accuracy: 0.1421
Std Test AUC: 0.0399

--- Round 400/500 ---
Averaged Train Loss: 1.2336
Averaged Test Accuracy: 0.5404
Averaged Test AUC: 0.8792
Std Test Accuracy: 0.1126
Std Test AUC: 0.0292

--- Round 401/500 ---
Averaged Train Loss: 1.4879
Averaged Test Accuracy: 0.4531
Averaged Test AUC: 0.8574
Std Test Accuracy: 0.2076
Std Test AUC: 0.0628

--- Round 402/500 ---
Averaged Train Loss: 1.2802
Averaged Test Accuracy: 0.5245
Averaged Test AUC: 0.8744
Std Test Accuracy: 0.1256
Std Test AUC: 0.0378

--- Round 403/500 ---
Averaged Train Loss: 1.2235
Averaged Test Accuracy: 0.5439
Averaged Test AUC: 0.8801
Std Test Accuracy: 0.1307
Std Test AUC: 0.0343

--- Round 404/500 ---
Averaged Train Loss: 1.2928
Averaged Test Accuracy: 0.5194
Averaged Test AUC: 0.8736
Std Test Accuracy: 0.1695
Std Test AUC: 0.0483

--- Round 405/500 ---
Averaged Train Loss: 1.2683
Averaged Test Accuracy: 0.5287
Averaged Test AUC: 0.8758
Std Test Accuracy: 0.1504
Std Test AUC: 0.0432

--- Round 406/500 ---
Averaged Train Loss: 1.2604
Averaged Test Accuracy: 0.5311
Averaged Test AUC: 0.8776
Std Test Accuracy: 0.1157
Std Test AUC: 0.0321

--- Round 407/500 ---
Averaged Train Loss: 1.2856
Averaged Test Accuracy: 0.5212
Averaged Test AUC: 0.8743
Std Test Accuracy: 0.1770
Std Test AUC: 0.0492

--- Round 408/500 ---
Averaged Train Loss: 1.3444
Averaged Test Accuracy: 0.5039
Averaged Test AUC: 0.8706
Std Test Accuracy: 0.2079
Std Test AUC: 0.0571

--- Round 409/500 ---
Averaged Train Loss: 1.2497
Averaged Test Accuracy: 0.5360
Averaged Test AUC: 0.8784
Std Test Accuracy: 0.1421
Std Test AUC: 0.0383

--- Round 410/500 ---
Averaged Train Loss: 1.2781
Averaged Test Accuracy: 0.5248
Averaged Test AUC: 0.8767
Std Test Accuracy: 0.1715
Std Test AUC: 0.0482

--- Round 411/500 ---
Averaged Train Loss: 1.2735
Averaged Test Accuracy: 0.5257
Averaged Test AUC: 0.8766
Std Test Accuracy: 0.1398
Std Test AUC: 0.0403

--- Round 412/500 ---
Averaged Train Loss: 1.2520
Averaged Test Accuracy: 0.5337
Averaged Test AUC: 0.8780
Std Test Accuracy: 0.1504
Std Test AUC: 0.0403

--- Round 413/500 ---
Averaged Train Loss: 1.2453
Averaged Test Accuracy: 0.5381
Averaged Test AUC: 0.8773
Std Test Accuracy: 0.1075
Std Test AUC: 0.0335

--- Round 414/500 ---
Averaged Train Loss: 1.2283
Averaged Test Accuracy: 0.5414
Averaged Test AUC: 0.8804
Std Test Accuracy: 0.1241
Std Test AUC: 0.0331

--- Round 415/500 ---
Averaged Train Loss: 1.2883
Averaged Test Accuracy: 0.5214
Averaged Test AUC: 0.8741
Std Test Accuracy: 0.1804
Std Test AUC: 0.0493

--- Round 416/500 ---
Averaged Train Loss: 1.2248
Averaged Test Accuracy: 0.5459
Averaged Test AUC: 0.8801
Std Test Accuracy: 0.1047
Std Test AUC: 0.0286

--- Round 417/500 ---
Averaged Train Loss: 1.3962
Averaged Test Accuracy: 0.4819
Averaged Test AUC: 0.8652
Std Test Accuracy: 0.1941
Std Test AUC: 0.0554

--- Round 418/500 ---
Averaged Train Loss: 1.2976
Averaged Test Accuracy: 0.5194
Averaged Test AUC: 0.8751
Std Test Accuracy: 0.1650
Std Test AUC: 0.0478

--- Round 419/500 ---
Averaged Train Loss: 1.2338
Averaged Test Accuracy: 0.5422
Averaged Test AUC: 0.8787
Std Test Accuracy: 0.1381
Std Test AUC: 0.0378

--- Round 420/500 ---
Averaged Train Loss: 1.2768
Averaged Test Accuracy: 0.5216
Averaged Test AUC: 0.8754
Std Test Accuracy: 0.1423
Std Test AUC: 0.0358

--- Round 421/500 ---
Averaged Train Loss: 1.3007
Averaged Test Accuracy: 0.5186
Averaged Test AUC: 0.8734
Std Test Accuracy: 0.1723
Std Test AUC: 0.0475

--- Round 422/500 ---
Averaged Train Loss: 1.2581
Averaged Test Accuracy: 0.5320
Averaged Test AUC: 0.8758
Std Test Accuracy: 0.1634
Std Test AUC: 0.0449

--- Round 423/500 ---
Averaged Train Loss: 1.2413
Averaged Test Accuracy: 0.5347
Averaged Test AUC: 0.8797
Std Test Accuracy: 0.1284
Std Test AUC: 0.0357

--- Round 424/500 ---
Averaged Train Loss: 1.2641
Averaged Test Accuracy: 0.5280
Averaged Test AUC: 0.8773
Std Test Accuracy: 0.1617
Std Test AUC: 0.0462

--- Round 425/500 ---
Averaged Train Loss: 1.2852
Averaged Test Accuracy: 0.5263
Averaged Test AUC: 0.8756
Std Test Accuracy: 0.1529
Std Test AUC: 0.0455

--- Round 426/500 ---
Averaged Train Loss: 1.2957
Averaged Test Accuracy: 0.5210
Averaged Test AUC: 0.8724
Std Test Accuracy: 0.1478
Std Test AUC: 0.0451

--- Round 427/500 ---
Averaged Train Loss: 1.2744
Averaged Test Accuracy: 0.5235
Averaged Test AUC: 0.8751
Std Test Accuracy: 0.1661
Std Test AUC: 0.0477

--- Round 428/500 ---
Averaged Train Loss: 1.2807
Averaged Test Accuracy: 0.5202
Averaged Test AUC: 0.8757
Std Test Accuracy: 0.1656
Std Test AUC: 0.0462

--- Round 429/500 ---
Averaged Train Loss: 1.2692
Averaged Test Accuracy: 0.5262
Averaged Test AUC: 0.8754
Std Test Accuracy: 0.1637
Std Test AUC: 0.0477

--- Round 430/500 ---
Averaged Train Loss: 1.2782
Averaged Test Accuracy: 0.5210
Averaged Test AUC: 0.8761
Std Test Accuracy: 0.1245
Std Test AUC: 0.0343

--- Round 431/500 ---
Averaged Train Loss: 1.2305
Averaged Test Accuracy: 0.5405
Averaged Test AUC: 0.8803
Std Test Accuracy: 0.1148
Std Test AUC: 0.0300

--- Round 432/500 ---
Averaged Train Loss: 1.3097
Averaged Test Accuracy: 0.5093
Averaged Test AUC: 0.8738
Std Test Accuracy: 0.1516
Std Test AUC: 0.0453

--- Round 433/500 ---
Averaged Train Loss: 1.2743
Averaged Test Accuracy: 0.5243
Averaged Test AUC: 0.8754
Std Test Accuracy: 0.1485
Std Test AUC: 0.0453

--- Round 434/500 ---
Averaged Train Loss: 1.2283
Averaged Test Accuracy: 0.5441
Averaged Test AUC: 0.8807
Std Test Accuracy: 0.1310
Std Test AUC: 0.0369

--- Round 435/500 ---
Averaged Train Loss: 1.2934
Averaged Test Accuracy: 0.5168
Averaged Test AUC: 0.8734
Std Test Accuracy: 0.1677
Std Test AUC: 0.0459

--- Round 436/500 ---
Averaged Train Loss: 1.2575
Averaged Test Accuracy: 0.5335
Averaged Test AUC: 0.8772
Std Test Accuracy: 0.1499
Std Test AUC: 0.0432

--- Round 437/500 ---
Averaged Train Loss: 1.2075
Averaged Test Accuracy: 0.5497
Averaged Test AUC: 0.8816
Std Test Accuracy: 0.1120
Std Test AUC: 0.0312

--- Round 438/500 ---
Averaged Train Loss: 1.2434
Averaged Test Accuracy: 0.5333
Averaged Test AUC: 0.8784
Std Test Accuracy: 0.1135
Std Test AUC: 0.0312

--- Round 439/500 ---
Averaged Train Loss: 1.2744
Averaged Test Accuracy: 0.5243
Averaged Test AUC: 0.8758
Std Test Accuracy: 0.1610
Std Test AUC: 0.0448

--- Round 440/500 ---
Averaged Train Loss: 1.2241
Averaged Test Accuracy: 0.5442
Averaged Test AUC: 0.8802
Std Test Accuracy: 0.1374
Std Test AUC: 0.0355

--- Round 441/500 ---
Averaged Train Loss: 1.2392
Averaged Test Accuracy: 0.5367
Averaged Test AUC: 0.8783
Std Test Accuracy: 0.1277
Std Test AUC: 0.0333

--- Round 442/500 ---
Averaged Train Loss: 1.2926
Averaged Test Accuracy: 0.5238
Averaged Test AUC: 0.8749
Std Test Accuracy: 0.1618
Std Test AUC: 0.0430

--- Round 443/500 ---
Averaged Train Loss: 1.2363
Averaged Test Accuracy: 0.5397
Averaged Test AUC: 0.8790
Std Test Accuracy: 0.1499
Std Test AUC: 0.0428

--- Round 444/500 ---
Averaged Train Loss: 1.2210
Averaged Test Accuracy: 0.5448
Averaged Test AUC: 0.8814
Std Test Accuracy: 0.1316
Std Test AUC: 0.0357

--- Round 445/500 ---
Averaged Train Loss: 1.2734
Averaged Test Accuracy: 0.5251
Averaged Test AUC: 0.8772
Std Test Accuracy: 0.1748
Std Test AUC: 0.0478

--- Round 446/500 ---
Averaged Train Loss: 1.2245
Averaged Test Accuracy: 0.5423
Averaged Test AUC: 0.8800
Std Test Accuracy: 0.1302
Std Test AUC: 0.0360

--- Round 447/500 ---
Averaged Train Loss: 1.2336
Averaged Test Accuracy: 0.5408
Averaged Test AUC: 0.8805
Std Test Accuracy: 0.1494
Std Test AUC: 0.0413

--- Round 448/500 ---
Averaged Train Loss: 1.2653
Averaged Test Accuracy: 0.5329
Averaged Test AUC: 0.8754
Std Test Accuracy: 0.1671
Std Test AUC: 0.0520

--- Round 449/500 ---
Averaged Train Loss: 1.2528
Averaged Test Accuracy: 0.5339
Averaged Test AUC: 0.8785
Std Test Accuracy: 0.1475
Std Test AUC: 0.0427

--- Round 450/500 ---
Averaged Train Loss: 1.2567
Averaged Test Accuracy: 0.5343
Averaged Test AUC: 0.8784
Std Test Accuracy: 0.1385
Std Test AUC: 0.0426

--- Round 451/500 ---
Averaged Train Loss: 1.2545
Averaged Test Accuracy: 0.5312
Averaged Test AUC: 0.8769
Std Test Accuracy: 0.1412
Std Test AUC: 0.0394

--- Round 452/500 ---
Averaged Train Loss: 1.2467
Averaged Test Accuracy: 0.5333
Averaged Test AUC: 0.8798
Std Test Accuracy: 0.1327
Std Test AUC: 0.0316

--- Round 453/500 ---
Averaged Train Loss: 1.2494
Averaged Test Accuracy: 0.5325
Averaged Test AUC: 0.8780
Std Test Accuracy: 0.1578
Std Test AUC: 0.0413

--- Round 454/500 ---
Averaged Train Loss: 1.2188
Averaged Test Accuracy: 0.5434
Averaged Test AUC: 0.8795
Std Test Accuracy: 0.1346
Std Test AUC: 0.0422

--- Round 455/500 ---
Averaged Train Loss: 1.2135
Averaged Test Accuracy: 0.5470
Averaged Test AUC: 0.8811
Std Test Accuracy: 0.1283
Std Test AUC: 0.0369

--- Round 456/500 ---
Averaged Train Loss: 1.2143
Averaged Test Accuracy: 0.5452
Averaged Test AUC: 0.8810
Std Test Accuracy: 0.1396
Std Test AUC: 0.0371

--- Round 457/500 ---
Averaged Train Loss: 1.2853
Averaged Test Accuracy: 0.5182
Averaged Test AUC: 0.8739
Std Test Accuracy: 0.1594
Std Test AUC: 0.0494

--- Round 458/500 ---
Averaged Train Loss: 1.2185
Averaged Test Accuracy: 0.5455
Averaged Test AUC: 0.8808
Std Test Accuracy: 0.1481
Std Test AUC: 0.0425

--- Round 459/500 ---
Averaged Train Loss: 1.3747
Averaged Test Accuracy: 0.4907
Averaged Test AUC: 0.8702
Std Test Accuracy: 0.1869
Std Test AUC: 0.0471

--- Round 460/500 ---
Averaged Train Loss: 1.2652
Averaged Test Accuracy: 0.5307
Averaged Test AUC: 0.8777
Std Test Accuracy: 0.1400
Std Test AUC: 0.0417

--- Round 461/500 ---
Averaged Train Loss: 1.2763
Averaged Test Accuracy: 0.5261
Averaged Test AUC: 0.8745
Std Test Accuracy: 0.1535
Std Test AUC: 0.0450

--- Round 462/500 ---
Averaged Train Loss: 1.2398
Averaged Test Accuracy: 0.5371
Averaged Test AUC: 0.8797
Std Test Accuracy: 0.1512
Std Test AUC: 0.0438

--- Round 463/500 ---
Averaged Train Loss: 1.4517
Averaged Test Accuracy: 0.4653
Averaged Test AUC: 0.8628
Std Test Accuracy: 0.2160
Std Test AUC: 0.0567

--- Round 464/500 ---
Averaged Train Loss: 1.2197
Averaged Test Accuracy: 0.5454
Averaged Test AUC: 0.8814
Std Test Accuracy: 0.1393
Std Test AUC: 0.0364

--- Round 465/500 ---
Averaged Train Loss: 1.2117
Averaged Test Accuracy: 0.5473
Averaged Test AUC: 0.8819
Std Test Accuracy: 0.1301
Std Test AUC: 0.0388

--- Round 466/500 ---
Averaged Train Loss: 1.2314
Averaged Test Accuracy: 0.5414
Averaged Test AUC: 0.8795
Std Test Accuracy: 0.1436
Std Test AUC: 0.0364

--- Round 467/500 ---
Averaged Train Loss: 1.2673
Averaged Test Accuracy: 0.5315
Averaged Test AUC: 0.8770
Std Test Accuracy: 0.1719
Std Test AUC: 0.0512

--- Round 468/500 ---
Averaged Train Loss: 1.2295
Averaged Test Accuracy: 0.5404
Averaged Test AUC: 0.8792
Std Test Accuracy: 0.1263
Std Test AUC: 0.0329

--- Round 469/500 ---
Averaged Train Loss: 1.2254
Averaged Test Accuracy: 0.5432
Averaged Test AUC: 0.8801
Std Test Accuracy: 0.1322
Std Test AUC: 0.0379

--- Round 470/500 ---
Averaged Train Loss: 1.2575
Averaged Test Accuracy: 0.5311
Averaged Test AUC: 0.8782
Std Test Accuracy: 0.1463
Std Test AUC: 0.0434

--- Round 471/500 ---
Averaged Train Loss: 1.2213
Averaged Test Accuracy: 0.5432
Averaged Test AUC: 0.8811
Std Test Accuracy: 0.1221
Std Test AUC: 0.0332

--- Round 472/500 ---
Averaged Train Loss: 1.2315
Averaged Test Accuracy: 0.5418
Averaged Test AUC: 0.8801
Std Test Accuracy: 0.1280
Std Test AUC: 0.0383

--- Round 473/500 ---
Averaged Train Loss: 1.2727
Averaged Test Accuracy: 0.5255
Averaged Test AUC: 0.8760
Std Test Accuracy: 0.1599
Std Test AUC: 0.0475

--- Round 474/500 ---
Averaged Train Loss: 1.2840
Averaged Test Accuracy: 0.5226
Averaged Test AUC: 0.8762
Std Test Accuracy: 0.1792
Std Test AUC: 0.0504

--- Round 475/500 ---
Averaged Train Loss: 1.2408
Averaged Test Accuracy: 0.5376
Averaged Test AUC: 0.8802
Std Test Accuracy: 0.1613
Std Test AUC: 0.0437

--- Round 476/500 ---
Averaged Train Loss: 1.3150
Averaged Test Accuracy: 0.5126
Averaged Test AUC: 0.8745
Std Test Accuracy: 0.1593
Std Test AUC: 0.0409

--- Round 477/500 ---
Averaged Train Loss: 1.3181
Averaged Test Accuracy: 0.5138
Averaged Test AUC: 0.8733
Std Test Accuracy: 0.1596
Std Test AUC: 0.0498

--- Round 478/500 ---
Averaged Train Loss: 1.2124
Averaged Test Accuracy: 0.5462
Averaged Test AUC: 0.8817
Std Test Accuracy: 0.1443
Std Test AUC: 0.0386

--- Round 479/500 ---
Averaged Train Loss: 1.2035
Averaged Test Accuracy: 0.5522
Averaged Test AUC: 0.8829
Std Test Accuracy: 0.1063
Std Test AUC: 0.0317

--- Round 480/500 ---
Averaged Train Loss: 1.2288
Averaged Test Accuracy: 0.5396
Averaged Test AUC: 0.8802
Std Test Accuracy: 0.1296
Std Test AUC: 0.0367

--- Round 481/500 ---
Averaged Train Loss: 1.2418
Averaged Test Accuracy: 0.5352
Averaged Test AUC: 0.8797
Std Test Accuracy: 0.1577
Std Test AUC: 0.0417

--- Round 482/500 ---
Averaged Train Loss: 1.2887
Averaged Test Accuracy: 0.5229
Averaged Test AUC: 0.8784
Std Test Accuracy: 0.1705
Std Test AUC: 0.0402

--- Round 483/500 ---
Averaged Train Loss: 1.3231
Averaged Test Accuracy: 0.5021
Averaged Test AUC: 0.8702
Std Test Accuracy: 0.1512
Std Test AUC: 0.0424

--- Round 484/500 ---
Averaged Train Loss: 1.1954
Averaged Test Accuracy: 0.5514
Averaged Test AUC: 0.8825
Std Test Accuracy: 0.1182
Std Test AUC: 0.0298

--- Round 485/500 ---
Averaged Train Loss: 1.2332
Averaged Test Accuracy: 0.5379
Averaged Test AUC: 0.8797
Std Test Accuracy: 0.1485
Std Test AUC: 0.0412

--- Round 486/500 ---
Averaged Train Loss: 1.2064
Averaged Test Accuracy: 0.5466
Averaged Test AUC: 0.8820
Std Test Accuracy: 0.1281
Std Test AUC: 0.0369

--- Round 487/500 ---
Averaged Train Loss: 1.2502
Averaged Test Accuracy: 0.5340
Averaged Test AUC: 0.8788
Std Test Accuracy: 0.1583
Std Test AUC: 0.0418

--- Round 488/500 ---
Averaged Train Loss: 1.2343
Averaged Test Accuracy: 0.5390
Averaged Test AUC: 0.8798
Std Test Accuracy: 0.1654
Std Test AUC: 0.0430

--- Round 489/500 ---
Averaged Train Loss: 1.2109
Averaged Test Accuracy: 0.5483
Averaged Test AUC: 0.8814
Std Test Accuracy: 0.1207
Std Test AUC: 0.0329

--- Round 490/500 ---
Averaged Train Loss: 1.2516
Averaged Test Accuracy: 0.5319
Averaged Test AUC: 0.8782
Std Test Accuracy: 0.1405
Std Test AUC: 0.0408

--- Round 491/500 ---
Averaged Train Loss: 1.2930
Averaged Test Accuracy: 0.5176
Averaged Test AUC: 0.8761
Std Test Accuracy: 0.1718
Std Test AUC: 0.0501

--- Round 492/500 ---
Averaged Train Loss: 1.2243
Averaged Test Accuracy: 0.5432
Averaged Test AUC: 0.8812
Std Test Accuracy: 0.1301
Std Test AUC: 0.0364

--- Round 493/500 ---
Averaged Train Loss: 1.2970
Averaged Test Accuracy: 0.5243
Averaged Test AUC: 0.8723
Std Test Accuracy: 0.1629
Std Test AUC: 0.0550

--- Round 494/500 ---
Averaged Train Loss: 1.3438
Averaged Test Accuracy: 0.4977
Averaged Test AUC: 0.8676
Std Test Accuracy: 0.1545
Std Test AUC: 0.0495

--- Round 495/500 ---
Averaged Train Loss: 1.2848
Averaged Test Accuracy: 0.5256
Averaged Test AUC: 0.8761
Std Test Accuracy: 0.1852
Std Test AUC: 0.0511

--- Round 496/500 ---
Averaged Train Loss: 1.2712
Averaged Test Accuracy: 0.5306
Averaged Test AUC: 0.8779
Std Test Accuracy: 0.1448
Std Test AUC: 0.0402

--- Round 497/500 ---
Averaged Train Loss: 1.2142
Averaged Test Accuracy: 0.5452
Averaged Test AUC: 0.8807
Std Test Accuracy: 0.1135
Std Test AUC: 0.0324

--- Round 498/500 ---
Averaged Train Loss: 1.2348
Averaged Test Accuracy: 0.5363
Averaged Test AUC: 0.8793
Std Test Accuracy: 0.1578
Std Test AUC: 0.0477

--- Round 499/500 ---
Averaged Train Loss: 1.1938
Averaged Test Accuracy: 0.5512
Averaged Test AUC: 0.8831
Std Test Accuracy: 0.0993
Std Test AUC: 0.0263

--- Round 500/500 ---
Averaged Train Loss: 1.2078
Averaged Test Accuracy: 0.5456
Averaged Test AUC: 0.8814
Std Test Accuracy: 0.1314
Std Test AUC: 0.0360

========== Training Complete ==========
Best Test Accuracy: 0.5522219265566791
File path: ../results/Cifar10_FedEntPlusSmooth_smooth_trial01_0075_0.h5

Average time cost: 1758.04s.
Length:  501
std for best accuracy: 0.0
mean for best accuracy: 0.5522219265566791
All done!

Storage on cuda:0
-------------------------------------------------------------------------------
Total Tensors: 205577892 	Used Memory: 563.23M
The allocated memory on cuda:0: 581.35M
Memory differs due to the matrix alignment or invisible gradient buffer tensors
-------------------------------------------------------------------------------
