==================================================
goal = smooth_trial01_0008
device = cuda
device_id = 0
dataset = Cifar10
num_classes = 10
model = CNN
batch_size = 64
local_learning_rate = 0.01
learning_rate_decay = True
learning_rate_decay_gamma = 0.98
global_rounds = 500
top_cnt = 100
local_epochs = 5
algorithm = FedEntPlusSmooth
join_ratio = 0.1
random_join_ratio = False
num_clients = 100
prev = 0
times = 1
eval_gap = 1
save_folder_name = items
auto_break = False
dlg_eval = False
dlg_gap = 100
batch_num_per_client = 2
num_new_clients = 0
fine_tuning_epoch_new = 0
feature_dim = 512
vocab_size = 32000
max_len = 200
client_drop_rate = 0.0
train_slow_rate = 0.0
send_slow_rate = 0.0
time_select = False
time_threthold = 10000
beta = 0.0
lamda = 1.0
mu = 0.0
K = 5
p_learning_rate = 0.01
M = 5
itk = 4000
alphaK = 1.0
sigma = 1.0
alpha = 1.0
plocal_epochs = 1
tau = 1.0
fine_tuning_epochs = 10
dr_learning_rate = 0.0
L = 1.0
noise_dim = 512
generator_learning_rate = 0.005
hidden_dim = 512
server_epochs = 1000
localize_feature_extractor = False
server_learning_rate = 1.0
eta = 1.0
rand_percent = 80
layer_idx = 2
mentee_learning_rate = 0.005
T_start = 0.95
T_end = 0.98
momentum = 0.9
kl_weight = 0.0
buffer_size = 0
dp_epsilon = 0.0
H_min = None
alpha_vp = 0.0
enable_dynamic_param = False
log_fedent = False
log_filename = None
dynamic_config_path = /home/john/PFLlib/system/auto_configs/smooth_trial01_0008.json
==================================================

============= Running time: 0th =============
Creating server and clients ...
FedAvgCNN(
  (conv1): Sequential(
    (0): Conv2d(3, 32, kernel_size=(5, 5), stride=(1, 1))
    (1): ReLU(inplace=True)
    (2): MaxPool2d(kernel_size=(2, 2), stride=(2, 2), padding=0, dilation=1, ceil_mode=False)
  )
  (conv2): Sequential(
    (0): Conv2d(32, 64, kernel_size=(5, 5), stride=(1, 1))
    (1): ReLU(inplace=True)
    (2): MaxPool2d(kernel_size=(2, 2), stride=(2, 2), padding=0, dilation=1, ceil_mode=False)
  )
  (fc1): Sequential(
    (0): Linear(in_features=1600, out_features=512, bias=True)
    (1): ReLU(inplace=True)
  )
  (fc): Linear(in_features=512, out_features=10, bias=True)
)

Join ratio / total clients: 0.1 / 100
Finished creating server and clients.

--- Round 0/500 ---
Averaged Train Loss: 2.3038
Averaged Test Accuracy: 0.0928
Averaged Test AUC: 0.4894
Std Test Accuracy: 0.1434
Std Test AUC: 0.2233

--- Round 1/500 ---
Averaged Train Loss: 2.3031
Averaged Test Accuracy: 0.0989
Averaged Test AUC: 0.4950
Std Test Accuracy: 0.1930
Std Test AUC: 0.2222

--- Round 2/500 ---
Averaged Train Loss: 2.3037
Averaged Test Accuracy: 0.0995
Averaged Test AUC: 0.5177
Std Test Accuracy: 0.1952
Std Test AUC: 0.2438

--- Round 3/500 ---
Averaged Train Loss: 2.2930
Averaged Test Accuracy: 0.1496
Averaged Test AUC: 0.5392
Std Test Accuracy: 0.2117
Std Test AUC: 0.2406

--- Round 4/500 ---
Averaged Train Loss: 2.3095
Averaged Test Accuracy: 0.1509
Averaged Test AUC: 0.5381
Std Test Accuracy: 0.1885
Std Test AUC: 0.2332

--- Round 5/500 ---
Averaged Train Loss: 2.5229
Averaged Test Accuracy: 0.0989
Averaged Test AUC: 0.5493
Std Test Accuracy: 0.2333
Std Test AUC: 0.2089

--- Round 6/500 ---
Averaged Train Loss: 2.2434
Averaged Test Accuracy: 0.1752
Averaged Test AUC: 0.5959
Std Test Accuracy: 0.2113
Std Test AUC: 0.2166

--- Round 7/500 ---
Averaged Train Loss: 2.2001
Averaged Test Accuracy: 0.1608
Averaged Test AUC: 0.6409
Std Test Accuracy: 0.2177
Std Test AUC: 0.1942

--- Round 8/500 ---
Averaged Train Loss: 2.2078
Averaged Test Accuracy: 0.1875
Averaged Test AUC: 0.6214
Std Test Accuracy: 0.2028
Std Test AUC: 0.2209

--- Round 9/500 ---
Averaged Train Loss: 2.2331
Averaged Test Accuracy: 0.1643
Averaged Test AUC: 0.6300
Std Test Accuracy: 0.2087
Std Test AUC: 0.1689

--- Round 10/500 ---
Averaged Train Loss: 2.2199
Averaged Test Accuracy: 0.1692
Averaged Test AUC: 0.6395
Std Test Accuracy: 0.2034
Std Test AUC: 0.1706

--- Round 11/500 ---
Averaged Train Loss: 2.1157
Averaged Test Accuracy: 0.2110
Averaged Test AUC: 0.6888
Std Test Accuracy: 0.2335
Std Test AUC: 0.1162

--- Round 12/500 ---
Averaged Train Loss: 2.1753
Averaged Test Accuracy: 0.1853
Averaged Test AUC: 0.6595
Std Test Accuracy: 0.2120
Std Test AUC: 0.1528

--- Round 13/500 ---
Averaged Train Loss: 2.1927
Averaged Test Accuracy: 0.1676
Averaged Test AUC: 0.6662
Std Test Accuracy: 0.2198
Std Test AUC: 0.1484

--- Round 14/500 ---
Averaged Train Loss: 2.0870
Averaged Test Accuracy: 0.2022
Averaged Test AUC: 0.6910
Std Test Accuracy: 0.2002
Std Test AUC: 0.1387

--- Round 15/500 ---
Averaged Train Loss: 2.1177
Averaged Test Accuracy: 0.2029
Averaged Test AUC: 0.6850
Std Test Accuracy: 0.2116
Std Test AUC: 0.1401

--- Round 16/500 ---
Averaged Train Loss: 2.1991
Averaged Test Accuracy: 0.1821
Averaged Test AUC: 0.6792
Std Test Accuracy: 0.2083
Std Test AUC: 0.1229

--- Round 17/500 ---
Averaged Train Loss: 2.0845
Averaged Test Accuracy: 0.2138
Averaged Test AUC: 0.7121
Std Test Accuracy: 0.2540
Std Test AUC: 0.1169

--- Round 18/500 ---
Averaged Train Loss: 2.0104
Averaged Test Accuracy: 0.2377
Averaged Test AUC: 0.7272
Std Test Accuracy: 0.1740
Std Test AUC: 0.0803

--- Round 19/500 ---
Averaged Train Loss: 2.1019
Averaged Test Accuracy: 0.2410
Averaged Test AUC: 0.6948
Std Test Accuracy: 0.2207
Std Test AUC: 0.1575

--- Round 20/500 ---
Averaged Train Loss: 1.9819
Averaged Test Accuracy: 0.2697
Averaged Test AUC: 0.7344
Std Test Accuracy: 0.1596
Std Test AUC: 0.0754

--- Round 21/500 ---
Averaged Train Loss: 1.9961
Averaged Test Accuracy: 0.2622
Averaged Test AUC: 0.7302
Std Test Accuracy: 0.1822
Std Test AUC: 0.0821

--- Round 22/500 ---
Averaged Train Loss: 1.9872
Averaged Test Accuracy: 0.2580
Averaged Test AUC: 0.7324
Std Test Accuracy: 0.1751
Std Test AUC: 0.1054

--- Round 23/500 ---
Averaged Train Loss: 2.0040
Averaged Test Accuracy: 0.2655
Averaged Test AUC: 0.7284
Std Test Accuracy: 0.2015
Std Test AUC: 0.1137

--- Round 24/500 ---
Averaged Train Loss: 2.0198
Averaged Test Accuracy: 0.2367
Averaged Test AUC: 0.7189
Std Test Accuracy: 0.1827
Std Test AUC: 0.1244

--- Round 25/500 ---
Averaged Train Loss: 2.1016
Averaged Test Accuracy: 0.2108
Averaged Test AUC: 0.7090
Std Test Accuracy: 0.2272
Std Test AUC: 0.1281

--- Round 26/500 ---
Averaged Train Loss: 1.9867
Averaged Test Accuracy: 0.2557
Averaged Test AUC: 0.7371
Std Test Accuracy: 0.1826
Std Test AUC: 0.0952

--- Round 27/500 ---
Averaged Train Loss: 1.9968
Averaged Test Accuracy: 0.2480
Averaged Test AUC: 0.7334
Std Test Accuracy: 0.1849
Std Test AUC: 0.0954

--- Round 28/500 ---
Averaged Train Loss: 2.0812
Averaged Test Accuracy: 0.2221
Averaged Test AUC: 0.7044
Std Test Accuracy: 0.1862
Std Test AUC: 0.1368

--- Round 29/500 ---
Averaged Train Loss: 1.9957
Averaged Test Accuracy: 0.2626
Averaged Test AUC: 0.7402
Std Test Accuracy: 0.1629
Std Test AUC: 0.0689

--- Round 30/500 ---
Averaged Train Loss: 1.9626
Averaged Test Accuracy: 0.2716
Averaged Test AUC: 0.7427
Std Test Accuracy: 0.1753
Std Test AUC: 0.0736

--- Round 31/500 ---
Averaged Train Loss: 1.9939
Averaged Test Accuracy: 0.2611
Averaged Test AUC: 0.7419
Std Test Accuracy: 0.2408
Std Test AUC: 0.1046

--- Round 32/500 ---
Averaged Train Loss: 1.9829
Averaged Test Accuracy: 0.2596
Averaged Test AUC: 0.7393
Std Test Accuracy: 0.2181
Std Test AUC: 0.0955

--- Round 33/500 ---
Averaged Train Loss: 1.9109
Averaged Test Accuracy: 0.2994
Averaged Test AUC: 0.7552
Std Test Accuracy: 0.1827
Std Test AUC: 0.0908

--- Round 34/500 ---
Averaged Train Loss: 1.9551
Averaged Test Accuracy: 0.2718
Averaged Test AUC: 0.7517
Std Test Accuracy: 0.2392
Std Test AUC: 0.0924

--- Round 35/500 ---
Averaged Train Loss: 1.8654
Averaged Test Accuracy: 0.3224
Averaged Test AUC: 0.7707
Std Test Accuracy: 0.1599
Std Test AUC: 0.0611

--- Round 36/500 ---
Averaged Train Loss: 1.8698
Averaged Test Accuracy: 0.3132
Averaged Test AUC: 0.7676
Std Test Accuracy: 0.1578
Std Test AUC: 0.0584

--- Round 37/500 ---
Averaged Train Loss: 1.9387
Averaged Test Accuracy: 0.2864
Averaged Test AUC: 0.7504
Std Test Accuracy: 0.2161
Std Test AUC: 0.0991

--- Round 38/500 ---
Averaged Train Loss: 1.9566
Averaged Test Accuracy: 0.2777
Averaged Test AUC: 0.7450
Std Test Accuracy: 0.2160
Std Test AUC: 0.1106

--- Round 39/500 ---
Averaged Train Loss: 1.9301
Averaged Test Accuracy: 0.2834
Averaged Test AUC: 0.7586
Std Test Accuracy: 0.1971
Std Test AUC: 0.0724

--- Round 40/500 ---
Averaged Train Loss: 1.9159
Averaged Test Accuracy: 0.2857
Averaged Test AUC: 0.7538
Std Test Accuracy: 0.1803
Std Test AUC: 0.0950

--- Round 41/500 ---
Averaged Train Loss: 1.8741
Averaged Test Accuracy: 0.3104
Averaged Test AUC: 0.7655
Std Test Accuracy: 0.1813
Std Test AUC: 0.0884

--- Round 42/500 ---
Averaged Train Loss: 1.8579
Averaged Test Accuracy: 0.3149
Averaged Test AUC: 0.7718
Std Test Accuracy: 0.1607
Std Test AUC: 0.0696

--- Round 43/500 ---
Averaged Train Loss: 1.8399
Averaged Test Accuracy: 0.3195
Averaged Test AUC: 0.7765
Std Test Accuracy: 0.1532
Std Test AUC: 0.0603

--- Round 44/500 ---
Averaged Train Loss: 1.8504
Averaged Test Accuracy: 0.3179
Averaged Test AUC: 0.7717
Std Test Accuracy: 0.1888
Std Test AUC: 0.0837

--- Round 45/500 ---
Averaged Train Loss: 1.8617
Averaged Test Accuracy: 0.3075
Averaged Test AUC: 0.7687
Std Test Accuracy: 0.1631
Std Test AUC: 0.0744

--- Round 46/500 ---
Averaged Train Loss: 1.8177
Averaged Test Accuracy: 0.3266
Averaged Test AUC: 0.7820
Std Test Accuracy: 0.1841
Std Test AUC: 0.0695

--- Round 47/500 ---
Averaged Train Loss: 1.8797
Averaged Test Accuracy: 0.3275
Averaged Test AUC: 0.7626
Std Test Accuracy: 0.1376
Std Test AUC: 0.0794

--- Round 48/500 ---
Averaged Train Loss: 1.8276
Averaged Test Accuracy: 0.3318
Averaged Test AUC: 0.7755
Std Test Accuracy: 0.1503
Std Test AUC: 0.0825

--- Round 49/500 ---
Averaged Train Loss: 1.8561
Averaged Test Accuracy: 0.3060
Averaged Test AUC: 0.7738
Std Test Accuracy: 0.1860
Std Test AUC: 0.0798

--- Round 50/500 ---
Averaged Train Loss: 1.7674
Averaged Test Accuracy: 0.3576
Averaged Test AUC: 0.7924
Std Test Accuracy: 0.1398
Std Test AUC: 0.0487

--- Round 51/500 ---
Averaged Train Loss: 1.7755
Averaged Test Accuracy: 0.3534
Averaged Test AUC: 0.7904
Std Test Accuracy: 0.1163
Std Test AUC: 0.0474

--- Round 52/500 ---
Averaged Train Loss: 1.8277
Averaged Test Accuracy: 0.3228
Averaged Test AUC: 0.7800
Std Test Accuracy: 0.1906
Std Test AUC: 0.0803

--- Round 53/500 ---
Averaged Train Loss: 1.7704
Averaged Test Accuracy: 0.3514
Averaged Test AUC: 0.7902
Std Test Accuracy: 0.1601
Std Test AUC: 0.0686

--- Round 54/500 ---
Averaged Train Loss: 1.8023
Averaged Test Accuracy: 0.3406
Averaged Test AUC: 0.7825
Std Test Accuracy: 0.1631
Std Test AUC: 0.0809

--- Round 55/500 ---
Averaged Train Loss: 1.7887
Averaged Test Accuracy: 0.3435
Averaged Test AUC: 0.7906
Std Test Accuracy: 0.1743
Std Test AUC: 0.0650

--- Round 56/500 ---
Averaged Train Loss: 1.7793
Averaged Test Accuracy: 0.3481
Averaged Test AUC: 0.7923
Std Test Accuracy: 0.1679
Std Test AUC: 0.0645

--- Round 57/500 ---
Averaged Train Loss: 1.8309
Averaged Test Accuracy: 0.3352
Averaged Test AUC: 0.7814
Std Test Accuracy: 0.2058
Std Test AUC: 0.1016

--- Round 58/500 ---
Averaged Train Loss: 1.7478
Averaged Test Accuracy: 0.3606
Averaged Test AUC: 0.7950
Std Test Accuracy: 0.1561
Std Test AUC: 0.0632

--- Round 59/500 ---
Averaged Train Loss: 1.7846
Averaged Test Accuracy: 0.3342
Averaged Test AUC: 0.7904
Std Test Accuracy: 0.1636
Std Test AUC: 0.0587

--- Round 60/500 ---
Averaged Train Loss: 1.7377
Averaged Test Accuracy: 0.3626
Averaged Test AUC: 0.7996
Std Test Accuracy: 0.1666
Std Test AUC: 0.0606

--- Round 61/500 ---
Averaged Train Loss: 1.8295
Averaged Test Accuracy: 0.3312
Averaged Test AUC: 0.7823
Std Test Accuracy: 0.1917
Std Test AUC: 0.0890

--- Round 62/500 ---
Averaged Train Loss: 1.8065
Averaged Test Accuracy: 0.3235
Averaged Test AUC: 0.7871
Std Test Accuracy: 0.1882
Std Test AUC: 0.0799

--- Round 63/500 ---
Averaged Train Loss: 1.8610
Averaged Test Accuracy: 0.3159
Averaged Test AUC: 0.7723
Std Test Accuracy: 0.1925
Std Test AUC: 0.0959

--- Round 64/500 ---
Averaged Train Loss: 1.7610
Averaged Test Accuracy: 0.3486
Averaged Test AUC: 0.7945
Std Test Accuracy: 0.1729
Std Test AUC: 0.0699

--- Round 65/500 ---
Averaged Train Loss: 1.7363
Averaged Test Accuracy: 0.3688
Averaged Test AUC: 0.8016
Std Test Accuracy: 0.1504
Std Test AUC: 0.0587

--- Round 66/500 ---
Averaged Train Loss: 1.7048
Averaged Test Accuracy: 0.3777
Averaged Test AUC: 0.8067
Std Test Accuracy: 0.1367
Std Test AUC: 0.0528

--- Round 67/500 ---
Averaged Train Loss: 1.7348
Averaged Test Accuracy: 0.3584
Averaged Test AUC: 0.8035
Std Test Accuracy: 0.1513
Std Test AUC: 0.0474

--- Round 68/500 ---
Averaged Train Loss: 1.7134
Averaged Test Accuracy: 0.3737
Averaged Test AUC: 0.8068
Std Test Accuracy: 0.1825
Std Test AUC: 0.0537

--- Round 69/500 ---
Averaged Train Loss: 1.7674
Averaged Test Accuracy: 0.3450
Averaged Test AUC: 0.7932
Std Test Accuracy: 0.1590
Std Test AUC: 0.0738

--- Round 70/500 ---
Averaged Train Loss: 1.7916
Averaged Test Accuracy: 0.3365
Averaged Test AUC: 0.7947
Std Test Accuracy: 0.2082
Std Test AUC: 0.0776

--- Round 71/500 ---
Averaged Train Loss: 1.8651
Averaged Test Accuracy: 0.3098
Averaged Test AUC: 0.7866
Std Test Accuracy: 0.2277
Std Test AUC: 0.0863

--- Round 72/500 ---
Averaged Train Loss: 1.7307
Averaged Test Accuracy: 0.3666
Averaged Test AUC: 0.8029
Std Test Accuracy: 0.1575
Std Test AUC: 0.0615

--- Round 73/500 ---
Averaged Train Loss: 1.7603
Averaged Test Accuracy: 0.3393
Averaged Test AUC: 0.7967
Std Test Accuracy: 0.1405
Std Test AUC: 0.0519

--- Round 74/500 ---
Averaged Train Loss: 1.7084
Averaged Test Accuracy: 0.3827
Averaged Test AUC: 0.8018
Std Test Accuracy: 0.1242
Std Test AUC: 0.0671

--- Round 75/500 ---
Averaged Train Loss: 1.6924
Averaged Test Accuracy: 0.3741
Averaged Test AUC: 0.8102
Std Test Accuracy: 0.1655
Std Test AUC: 0.0630

--- Round 76/500 ---
Averaged Train Loss: 1.6793
Averaged Test Accuracy: 0.3846
Averaged Test AUC: 0.8144
Std Test Accuracy: 0.1795
Std Test AUC: 0.0490

--- Round 77/500 ---
Averaged Train Loss: 1.6928
Averaged Test Accuracy: 0.3867
Averaged Test AUC: 0.8090
Std Test Accuracy: 0.1518
Std Test AUC: 0.0624

--- Round 78/500 ---
Averaged Train Loss: 1.6872
Averaged Test Accuracy: 0.3757
Averaged Test AUC: 0.8079
Std Test Accuracy: 0.1482
Std Test AUC: 0.0568

--- Round 79/500 ---
Averaged Train Loss: 1.7130
Averaged Test Accuracy: 0.3906
Averaged Test AUC: 0.8043
Std Test Accuracy: 0.1321
Std Test AUC: 0.0597

--- Round 80/500 ---
Averaged Train Loss: 1.6513
Averaged Test Accuracy: 0.4019
Averaged Test AUC: 0.8161
Std Test Accuracy: 0.0873
Std Test AUC: 0.0387

--- Round 81/500 ---
Averaged Train Loss: 1.7112
Averaged Test Accuracy: 0.3675
Averaged Test AUC: 0.8052
Std Test Accuracy: 0.1599
Std Test AUC: 0.0724

--- Round 82/500 ---
Averaged Train Loss: 1.6487
Averaged Test Accuracy: 0.3928
Averaged Test AUC: 0.8173
Std Test Accuracy: 0.1354
Std Test AUC: 0.0492

--- Round 83/500 ---
Averaged Train Loss: 1.6852
Averaged Test Accuracy: 0.3713
Averaged Test AUC: 0.8137
Std Test Accuracy: 0.1735
Std Test AUC: 0.0489

--- Round 84/500 ---
Averaged Train Loss: 1.6554
Averaged Test Accuracy: 0.3951
Averaged Test AUC: 0.8177
Std Test Accuracy: 0.1595
Std Test AUC: 0.0534

--- Round 85/500 ---
Averaged Train Loss: 1.6891
Averaged Test Accuracy: 0.3725
Averaged Test AUC: 0.8138
Std Test Accuracy: 0.1906
Std Test AUC: 0.0644

--- Round 86/500 ---
Averaged Train Loss: 1.6344
Averaged Test Accuracy: 0.4055
Averaged Test AUC: 0.8221
Std Test Accuracy: 0.1506
Std Test AUC: 0.0541

--- Round 87/500 ---
Averaged Train Loss: 1.6250
Averaged Test Accuracy: 0.4061
Averaged Test AUC: 0.8231
Std Test Accuracy: 0.1379
Std Test AUC: 0.0459

--- Round 88/500 ---
Averaged Train Loss: 1.7097
Averaged Test Accuracy: 0.3678
Averaged Test AUC: 0.8106
Std Test Accuracy: 0.1969
Std Test AUC: 0.0710

--- Round 89/500 ---
Averaged Train Loss: 1.7210
Averaged Test Accuracy: 0.3801
Averaged Test AUC: 0.8059
Std Test Accuracy: 0.1869
Std Test AUC: 0.0759

--- Round 90/500 ---
Averaged Train Loss: 1.6653
Averaged Test Accuracy: 0.3939
Averaged Test AUC: 0.8123
Std Test Accuracy: 0.1548
Std Test AUC: 0.0687

--- Round 91/500 ---
Averaged Train Loss: 1.6478
Averaged Test Accuracy: 0.3927
Averaged Test AUC: 0.8192
Std Test Accuracy: 0.1569
Std Test AUC: 0.0622

--- Round 92/500 ---
Averaged Train Loss: 1.6976
Averaged Test Accuracy: 0.3820
Averaged Test AUC: 0.8094
Std Test Accuracy: 0.1661
Std Test AUC: 0.0719

--- Round 93/500 ---
Averaged Train Loss: 1.6270
Averaged Test Accuracy: 0.4093
Averaged Test AUC: 0.8216
Std Test Accuracy: 0.1775
Std Test AUC: 0.0568

--- Round 94/500 ---
Averaged Train Loss: 1.6854
Averaged Test Accuracy: 0.3918
Averaged Test AUC: 0.8145
Std Test Accuracy: 0.2043
Std Test AUC: 0.0812

--- Round 95/500 ---
Averaged Train Loss: 1.6876
Averaged Test Accuracy: 0.3838
Averaged Test AUC: 0.8143
Std Test Accuracy: 0.2069
Std Test AUC: 0.0757

--- Round 96/500 ---
Averaged Train Loss: 1.6368
Averaged Test Accuracy: 0.3896
Averaged Test AUC: 0.8216
Std Test Accuracy: 0.1542
Std Test AUC: 0.0420

--- Round 97/500 ---
Averaged Train Loss: 1.5943
Averaged Test Accuracy: 0.4219
Averaged Test AUC: 0.8280
Std Test Accuracy: 0.1465
Std Test AUC: 0.0494

--- Round 98/500 ---
Averaged Train Loss: 1.5974
Averaged Test Accuracy: 0.4184
Averaged Test AUC: 0.8280
Std Test Accuracy: 0.1324
Std Test AUC: 0.0460

--- Round 99/500 ---
Averaged Train Loss: 1.6768
Averaged Test Accuracy: 0.3783
Averaged Test AUC: 0.8174
Std Test Accuracy: 0.1933
Std Test AUC: 0.0697

--- Round 100/500 ---
Averaged Train Loss: 1.6253
Averaged Test Accuracy: 0.3987
Averaged Test AUC: 0.8240
Std Test Accuracy: 0.1678
Std Test AUC: 0.0563

--- Round 101/500 ---
Averaged Train Loss: 1.6094
Averaged Test Accuracy: 0.4082
Averaged Test AUC: 0.8248
Std Test Accuracy: 0.1212
Std Test AUC: 0.0414

--- Round 102/500 ---
Averaged Train Loss: 1.6517
Averaged Test Accuracy: 0.4053
Averaged Test AUC: 0.8185
Std Test Accuracy: 0.1639
Std Test AUC: 0.0708

--- Round 103/500 ---
Averaged Train Loss: 1.6128
Averaged Test Accuracy: 0.4067
Averaged Test AUC: 0.8240
Std Test Accuracy: 0.1496
Std Test AUC: 0.0573

--- Round 104/500 ---
Averaged Train Loss: 1.6517
Averaged Test Accuracy: 0.3938
Averaged Test AUC: 0.8196
Std Test Accuracy: 0.1962
Std Test AUC: 0.0713

--- Round 105/500 ---
Averaged Train Loss: 1.6048
Averaged Test Accuracy: 0.4084
Averaged Test AUC: 0.8291
Std Test Accuracy: 0.1581
Std Test AUC: 0.0439

--- Round 106/500 ---
Averaged Train Loss: 1.6359
Averaged Test Accuracy: 0.4013
Averaged Test AUC: 0.8197
Std Test Accuracy: 0.1500
Std Test AUC: 0.0592

--- Round 107/500 ---
Averaged Train Loss: 1.6236
Averaged Test Accuracy: 0.3985
Averaged Test AUC: 0.8248
Std Test Accuracy: 0.1733
Std Test AUC: 0.0628

--- Round 108/500 ---
Averaged Train Loss: 1.6622
Averaged Test Accuracy: 0.3941
Averaged Test AUC: 0.8194
Std Test Accuracy: 0.1860
Std Test AUC: 0.0690

--- Round 109/500 ---
Averaged Train Loss: 1.5852
Averaged Test Accuracy: 0.4276
Averaged Test AUC: 0.8308
Std Test Accuracy: 0.1499
Std Test AUC: 0.0455

--- Round 110/500 ---
Averaged Train Loss: 1.5935
Averaged Test Accuracy: 0.4158
Averaged Test AUC: 0.8285
Std Test Accuracy: 0.1504
Std Test AUC: 0.0543

--- Round 111/500 ---
Averaged Train Loss: 1.5613
Averaged Test Accuracy: 0.4301
Averaged Test AUC: 0.8341
Std Test Accuracy: 0.1380
Std Test AUC: 0.0466

--- Round 112/500 ---
Averaged Train Loss: 1.6158
Averaged Test Accuracy: 0.4079
Averaged Test AUC: 0.8279
Std Test Accuracy: 0.1891
Std Test AUC: 0.0587

--- Round 113/500 ---
Averaged Train Loss: 1.5632
Averaged Test Accuracy: 0.4288
Averaged Test AUC: 0.8323
Std Test Accuracy: 0.1241
Std Test AUC: 0.0423

--- Round 114/500 ---
Averaged Train Loss: 1.6275
Averaged Test Accuracy: 0.4007
Averaged Test AUC: 0.8265
Std Test Accuracy: 0.1847
Std Test AUC: 0.0615

--- Round 115/500 ---
Averaged Train Loss: 1.5840
Averaged Test Accuracy: 0.4229
Averaged Test AUC: 0.8322
Std Test Accuracy: 0.1441
Std Test AUC: 0.0402

--- Round 116/500 ---
Averaged Train Loss: 1.5653
Averaged Test Accuracy: 0.4332
Averaged Test AUC: 0.8335
Std Test Accuracy: 0.1292
Std Test AUC: 0.0399

--- Round 117/500 ---
Averaged Train Loss: 1.5944
Averaged Test Accuracy: 0.4270
Averaged Test AUC: 0.8289
Std Test Accuracy: 0.1771
Std Test AUC: 0.0567

--- Round 118/500 ---
Averaged Train Loss: 1.5585
Averaged Test Accuracy: 0.4327
Averaged Test AUC: 0.8348
Std Test Accuracy: 0.1502
Std Test AUC: 0.0438

--- Round 119/500 ---
Averaged Train Loss: 1.5735
Averaged Test Accuracy: 0.4270
Averaged Test AUC: 0.8340
Std Test Accuracy: 0.1525
Std Test AUC: 0.0426

--- Round 120/500 ---
Averaged Train Loss: 1.6042
Averaged Test Accuracy: 0.4107
Averaged Test AUC: 0.8253
Std Test Accuracy: 0.1446
Std Test AUC: 0.0580

--- Round 121/500 ---
Averaged Train Loss: 1.6002
Averaged Test Accuracy: 0.4139
Averaged Test AUC: 0.8308
Std Test Accuracy: 0.1751
Std Test AUC: 0.0604

--- Round 122/500 ---
Averaged Train Loss: 1.5478
Averaged Test Accuracy: 0.4354
Averaged Test AUC: 0.8354
Std Test Accuracy: 0.1225
Std Test AUC: 0.0442

--- Round 123/500 ---
Averaged Train Loss: 1.5536
Averaged Test Accuracy: 0.4351
Averaged Test AUC: 0.8360
Std Test Accuracy: 0.1382
Std Test AUC: 0.0514

--- Round 124/500 ---
Averaged Train Loss: 1.5321
Averaged Test Accuracy: 0.4415
Averaged Test AUC: 0.8366
Std Test Accuracy: 0.0889
Std Test AUC: 0.0332

--- Round 125/500 ---
Averaged Train Loss: 1.5429
Averaged Test Accuracy: 0.4355
Averaged Test AUC: 0.8347
Std Test Accuracy: 0.1057
Std Test AUC: 0.0387

--- Round 126/500 ---
Averaged Train Loss: 1.5362
Averaged Test Accuracy: 0.4429
Averaged Test AUC: 0.8365
Std Test Accuracy: 0.1157
Std Test AUC: 0.0387

--- Round 127/500 ---
Averaged Train Loss: 1.5772
Averaged Test Accuracy: 0.4129
Averaged Test AUC: 0.8315
Std Test Accuracy: 0.1444
Std Test AUC: 0.0421

--- Round 128/500 ---
Averaged Train Loss: 1.5694
Averaged Test Accuracy: 0.4301
Averaged Test AUC: 0.8339
Std Test Accuracy: 0.1528
Std Test AUC: 0.0474

--- Round 129/500 ---
Averaged Train Loss: 1.5530
Averaged Test Accuracy: 0.4393
Averaged Test AUC: 0.8366
Std Test Accuracy: 0.1308
Std Test AUC: 0.0399

--- Round 130/500 ---
Averaged Train Loss: 1.5470
Averaged Test Accuracy: 0.4355
Averaged Test AUC: 0.8366
Std Test Accuracy: 0.1336
Std Test AUC: 0.0440

--- Round 131/500 ---
Averaged Train Loss: 1.5427
Averaged Test Accuracy: 0.4411
Averaged Test AUC: 0.8382
Std Test Accuracy: 0.1310
Std Test AUC: 0.0420

--- Round 132/500 ---
Averaged Train Loss: 1.5660
Averaged Test Accuracy: 0.4246
Averaged Test AUC: 0.8339
Std Test Accuracy: 0.1553
Std Test AUC: 0.0547

--- Round 133/500 ---
Averaged Train Loss: 1.5612
Averaged Test Accuracy: 0.4280
Averaged Test AUC: 0.8378
Std Test Accuracy: 0.1746
Std Test AUC: 0.0477

--- Round 134/500 ---
Averaged Train Loss: 1.5252
Averaged Test Accuracy: 0.4450
Averaged Test AUC: 0.8397
Std Test Accuracy: 0.1281
Std Test AUC: 0.0427

--- Round 135/500 ---
Averaged Train Loss: 1.5468
Averaged Test Accuracy: 0.4336
Averaged Test AUC: 0.8364
Std Test Accuracy: 0.1339
Std Test AUC: 0.0487

--- Round 136/500 ---
Averaged Train Loss: 1.5883
Averaged Test Accuracy: 0.4092
Averaged Test AUC: 0.8322
Std Test Accuracy: 0.1723
Std Test AUC: 0.0616

--- Round 137/500 ---
Averaged Train Loss: 1.5736
Averaged Test Accuracy: 0.4215
Averaged Test AUC: 0.8324
Std Test Accuracy: 0.1601
Std Test AUC: 0.0563

--- Round 138/500 ---
Averaged Train Loss: 1.5822
Averaged Test Accuracy: 0.4155
Averaged Test AUC: 0.8336
Std Test Accuracy: 0.1680
Std Test AUC: 0.0502

--- Round 139/500 ---
Averaged Train Loss: 1.5199
Averaged Test Accuracy: 0.4488
Averaged Test AUC: 0.8414
Std Test Accuracy: 0.1330
Std Test AUC: 0.0399

--- Round 140/500 ---
Averaged Train Loss: 1.5368
Averaged Test Accuracy: 0.4439
Averaged Test AUC: 0.8387
Std Test Accuracy: 0.1403
Std Test AUC: 0.0472

--- Round 141/500 ---
Averaged Train Loss: 1.5224
Averaged Test Accuracy: 0.4415
Averaged Test AUC: 0.8406
Std Test Accuracy: 0.1397
Std Test AUC: 0.0480

--- Round 142/500 ---
Averaged Train Loss: 1.5145
Averaged Test Accuracy: 0.4484
Averaged Test AUC: 0.8400
Std Test Accuracy: 0.0977
Std Test AUC: 0.0350

--- Round 143/500 ---
Averaged Train Loss: 1.5411
Averaged Test Accuracy: 0.4294
Averaged Test AUC: 0.8394
Std Test Accuracy: 0.1625
Std Test AUC: 0.0454

--- Round 144/500 ---
Averaged Train Loss: 1.5202
Averaged Test Accuracy: 0.4413
Averaged Test AUC: 0.8405
Std Test Accuracy: 0.1243
Std Test AUC: 0.0388

--- Round 145/500 ---
Averaged Train Loss: 1.5600
Averaged Test Accuracy: 0.4177
Averaged Test AUC: 0.8360
Std Test Accuracy: 0.1679
Std Test AUC: 0.0597

--- Round 146/500 ---
Averaged Train Loss: 1.5614
Averaged Test Accuracy: 0.4227
Averaged Test AUC: 0.8350
Std Test Accuracy: 0.1647
Std Test AUC: 0.0580

--- Round 147/500 ---
Averaged Train Loss: 1.5537
Averaged Test Accuracy: 0.4335
Averaged Test AUC: 0.8386
Std Test Accuracy: 0.1702
Std Test AUC: 0.0554

--- Round 148/500 ---
Averaged Train Loss: 1.5841
Averaged Test Accuracy: 0.4209
Averaged Test AUC: 0.8330
Std Test Accuracy: 0.1889
Std Test AUC: 0.0675

--- Round 149/500 ---
Averaged Train Loss: 1.5248
Averaged Test Accuracy: 0.4515
Averaged Test AUC: 0.8416
Std Test Accuracy: 0.1440
Std Test AUC: 0.0459

--- Round 150/500 ---
Averaged Train Loss: 1.5538
Averaged Test Accuracy: 0.4335
Averaged Test AUC: 0.8337
Std Test Accuracy: 0.1389
Std Test AUC: 0.0507

--- Round 151/500 ---
Averaged Train Loss: 1.5021
Averaged Test Accuracy: 0.4567
Averaged Test AUC: 0.8430
Std Test Accuracy: 0.1365
Std Test AUC: 0.0420

--- Round 152/500 ---
Averaged Train Loss: 1.5080
Averaged Test Accuracy: 0.4539
Averaged Test AUC: 0.8437
Std Test Accuracy: 0.1331
Std Test AUC: 0.0413

--- Round 153/500 ---
Averaged Train Loss: 1.5928
Averaged Test Accuracy: 0.4118
Averaged Test AUC: 0.8240
Std Test Accuracy: 0.1733
Std Test AUC: 0.0715

--- Round 154/500 ---
Averaged Train Loss: 1.4919
Averaged Test Accuracy: 0.4517
Averaged Test AUC: 0.8451
Std Test Accuracy: 0.1311
Std Test AUC: 0.0367

--- Round 155/500 ---
Averaged Train Loss: 1.6564
Averaged Test Accuracy: 0.3827
Averaged Test AUC: 0.8177
Std Test Accuracy: 0.1883
Std Test AUC: 0.0806

--- Round 156/500 ---
Averaged Train Loss: 1.5362
Averaged Test Accuracy: 0.4394
Averaged Test AUC: 0.8408
Std Test Accuracy: 0.1818
Std Test AUC: 0.0495

--- Round 157/500 ---
Averaged Train Loss: 1.5946
Averaged Test Accuracy: 0.4003
Averaged Test AUC: 0.8281
Std Test Accuracy: 0.1729
Std Test AUC: 0.0611

--- Round 158/500 ---
Averaged Train Loss: 1.6925
Averaged Test Accuracy: 0.3922
Averaged Test AUC: 0.8204
Std Test Accuracy: 0.2025
Std Test AUC: 0.0730

--- Round 159/500 ---
Averaged Train Loss: 1.5806
Averaged Test Accuracy: 0.4142
Averaged Test AUC: 0.8293
Std Test Accuracy: 0.1642
Std Test AUC: 0.0661

--- Round 160/500 ---
Averaged Train Loss: 1.7718
Averaged Test Accuracy: 0.3772
Averaged Test AUC: 0.8109
Std Test Accuracy: 0.2081
Std Test AUC: 0.0859

--- Round 161/500 ---
Averaged Train Loss: 1.5591
Averaged Test Accuracy: 0.4223
Averaged Test AUC: 0.8298
Std Test Accuracy: 0.1438
Std Test AUC: 0.0665

--- Round 162/500 ---
Averaged Train Loss: 1.7554
Averaged Test Accuracy: 0.3539
Averaged Test AUC: 0.8055
Std Test Accuracy: 0.2057
Std Test AUC: 0.1011

--- Round 163/500 ---
Averaged Train Loss: 1.6613
Averaged Test Accuracy: 0.3940
Averaged Test AUC: 0.8153
Std Test Accuracy: 0.1955
Std Test AUC: 0.0946

--- Round 164/500 ---
Averaged Train Loss: 1.7716
Averaged Test Accuracy: 0.3629
Averaged Test AUC: 0.8040
Std Test Accuracy: 0.2139
Std Test AUC: 0.1108

--- Round 165/500 ---
Averaged Train Loss: 1.6629
Averaged Test Accuracy: 0.3885
Averaged Test AUC: 0.8168
Std Test Accuracy: 0.1930
Std Test AUC: 0.0943

--- Round 166/500 ---
Averaged Train Loss: 1.7620
Averaged Test Accuracy: 0.3679
Averaged Test AUC: 0.8050
Std Test Accuracy: 0.2079
Std Test AUC: 0.1107

--- Round 167/500 ---
Averaged Train Loss: 1.6872
Averaged Test Accuracy: 0.3926
Averaged Test AUC: 0.8131
Std Test Accuracy: 0.2030
Std Test AUC: 0.1026

--- Round 168/500 ---
Averaged Train Loss: 1.7030
Averaged Test Accuracy: 0.3751
Averaged Test AUC: 0.8160
Std Test Accuracy: 0.1937
Std Test AUC: 0.0893

--- Round 169/500 ---
Averaged Train Loss: 1.6343
Averaged Test Accuracy: 0.3992
Averaged Test AUC: 0.8230
Std Test Accuracy: 0.1797
Std Test AUC: 0.0805

--- Round 170/500 ---
Averaged Train Loss: 1.7501
Averaged Test Accuracy: 0.3648
Averaged Test AUC: 0.8113
Std Test Accuracy: 0.1883
Std Test AUC: 0.0955

--- Round 171/500 ---
Averaged Train Loss: 1.6526
Averaged Test Accuracy: 0.3991
Averaged Test AUC: 0.8196
Std Test Accuracy: 0.1851
Std Test AUC: 0.0875

--- Round 172/500 ---
Averaged Train Loss: 1.7535
Averaged Test Accuracy: 0.3683
Averaged Test AUC: 0.8091
Std Test Accuracy: 0.1983
Std Test AUC: 0.1027

--- Round 173/500 ---
Averaged Train Loss: 1.6645
Averaged Test Accuracy: 0.3954
Averaged Test AUC: 0.8186
Std Test Accuracy: 0.1909
Std Test AUC: 0.0910

--- Round 174/500 ---
Averaged Train Loss: 1.6967
Averaged Test Accuracy: 0.3842
Averaged Test AUC: 0.8151
Std Test Accuracy: 0.1955
Std Test AUC: 0.0971

--- Round 175/500 ---
Averaged Train Loss: 1.6602
Averaged Test Accuracy: 0.3984
Averaged Test AUC: 0.8186
Std Test Accuracy: 0.1937
Std Test AUC: 0.0938

--- Round 176/500 ---
Averaged Train Loss: 1.7673
Averaged Test Accuracy: 0.3693
Averaged Test AUC: 0.8075
Std Test Accuracy: 0.1999
Std Test AUC: 0.1057

--- Round 177/500 ---
Averaged Train Loss: 1.6177
Averaged Test Accuracy: 0.4137
Averaged Test AUC: 0.8256
Std Test Accuracy: 0.1791
Std Test AUC: 0.0814

--- Round 178/500 ---
Averaged Train Loss: 1.8524
Averaged Test Accuracy: 0.3487
Averaged Test AUC: 0.8034
Std Test Accuracy: 0.2062
Std Test AUC: 0.0982

--- Round 179/500 ---
Averaged Train Loss: 1.6276
Averaged Test Accuracy: 0.4067
Averaged Test AUC: 0.8242
Std Test Accuracy: 0.1815
Std Test AUC: 0.0833

--- Round 180/500 ---
Averaged Train Loss: 1.7093
Averaged Test Accuracy: 0.3872
Averaged Test AUC: 0.8150
Std Test Accuracy: 0.1872
Std Test AUC: 0.0968

--- Round 181/500 ---
Averaged Train Loss: 1.6242
Averaged Test Accuracy: 0.4070
Averaged Test AUC: 0.8252
Std Test Accuracy: 0.1809
Std Test AUC: 0.0831

--- Round 182/500 ---
Averaged Train Loss: 1.6721
Averaged Test Accuracy: 0.3927
Averaged Test AUC: 0.8224
Std Test Accuracy: 0.1810
Std Test AUC: 0.0802

--- Round 183/500 ---
Averaged Train Loss: 1.6303
Averaged Test Accuracy: 0.4076
Averaged Test AUC: 0.8261
Std Test Accuracy: 0.1757
Std Test AUC: 0.0759

--- Round 184/500 ---
Averaged Train Loss: 1.7169
Averaged Test Accuracy: 0.3828
Averaged Test AUC: 0.8153
Std Test Accuracy: 0.1921
Std Test AUC: 0.0942

--- Round 185/500 ---
Averaged Train Loss: 1.6300
Averaged Test Accuracy: 0.4080
Averaged Test AUC: 0.8239
Std Test Accuracy: 0.1875
Std Test AUC: 0.0879

--- Round 186/500 ---
Averaged Train Loss: 1.7437
Averaged Test Accuracy: 0.3767
Averaged Test AUC: 0.8142
Std Test Accuracy: 0.1951
Std Test AUC: 0.0929

--- Round 187/500 ---
Averaged Train Loss: 1.6385
Averaged Test Accuracy: 0.4111
Averaged Test AUC: 0.8242
Std Test Accuracy: 0.1851
Std Test AUC: 0.0854

--- Round 188/500 ---
Averaged Train Loss: 1.7345
Averaged Test Accuracy: 0.3816
Averaged Test AUC: 0.8132
Std Test Accuracy: 0.1918
Std Test AUC: 0.0998

--- Round 189/500 ---
Averaged Train Loss: 1.6423
Averaged Test Accuracy: 0.4065
Averaged Test AUC: 0.8249
Std Test Accuracy: 0.1980
Std Test AUC: 0.0881

--- Round 190/500 ---
Averaged Train Loss: 1.7387
Averaged Test Accuracy: 0.3730
Averaged Test AUC: 0.8151
Std Test Accuracy: 0.1998
Std Test AUC: 0.0958

--- Round 191/500 ---
Averaged Train Loss: 1.5945
Averaged Test Accuracy: 0.4213
Averaged Test AUC: 0.8299
Std Test Accuracy: 0.1681
Std Test AUC: 0.0766

--- Round 192/500 ---
Averaged Train Loss: 1.7026
Averaged Test Accuracy: 0.3912
Averaged Test AUC: 0.8172
Std Test Accuracy: 0.1908
Std Test AUC: 0.0960

--- Round 193/500 ---
Averaged Train Loss: 1.6024
Averaged Test Accuracy: 0.4220
Averaged Test AUC: 0.8274
Std Test Accuracy: 0.1653
Std Test AUC: 0.0801

--- Round 194/500 ---
Averaged Train Loss: 1.7018
Averaged Test Accuracy: 0.3894
Averaged Test AUC: 0.8187
Std Test Accuracy: 0.1882
Std Test AUC: 0.0900

--- Round 195/500 ---
Averaged Train Loss: 1.6278
Averaged Test Accuracy: 0.4146
Averaged Test AUC: 0.8250
Std Test Accuracy: 0.1798
Std Test AUC: 0.0855

--- Round 196/500 ---
Averaged Train Loss: 1.7537
Averaged Test Accuracy: 0.3785
Averaged Test AUC: 0.8123
Std Test Accuracy: 0.1958
Std Test AUC: 0.1011

--- Round 197/500 ---
Averaged Train Loss: 1.6413
Averaged Test Accuracy: 0.4109
Averaged Test AUC: 0.8239
Std Test Accuracy: 0.1850
Std Test AUC: 0.0887

--- Round 198/500 ---
Averaged Train Loss: 1.6571
Averaged Test Accuracy: 0.3940
Averaged Test AUC: 0.8242
Std Test Accuracy: 0.1916
Std Test AUC: 0.0860

--- Round 199/500 ---
Averaged Train Loss: 1.6164
Averaged Test Accuracy: 0.4172
Averaged Test AUC: 0.8268
Std Test Accuracy: 0.1782
Std Test AUC: 0.0852

--- Round 200/500 ---
Averaged Train Loss: 1.6693
Averaged Test Accuracy: 0.4019
Averaged Test AUC: 0.8209
Std Test Accuracy: 0.1756
Std Test AUC: 0.0920

--- Round 201/500 ---
Averaged Train Loss: 1.5681
Averaged Test Accuracy: 0.4317
Averaged Test AUC: 0.8359
Std Test Accuracy: 0.1629
Std Test AUC: 0.0662

--- Round 202/500 ---
Averaged Train Loss: 1.6804
Averaged Test Accuracy: 0.3990
Averaged Test AUC: 0.8214
Std Test Accuracy: 0.1812
Std Test AUC: 0.0879

--- Round 203/500 ---
Averaged Train Loss: 1.5826
Averaged Test Accuracy: 0.4224
Averaged Test AUC: 0.8352
Std Test Accuracy: 0.1648
Std Test AUC: 0.0644

--- Round 204/500 ---
Averaged Train Loss: 1.5761
Averaged Test Accuracy: 0.4222
Averaged Test AUC: 0.8410
Std Test Accuracy: 0.1853
Std Test AUC: 0.0591

--- Round 205/500 ---
Averaged Train Loss: 1.5364
Averaged Test Accuracy: 0.4379
Averaged Test AUC: 0.8394
Std Test Accuracy: 0.1630
Std Test AUC: 0.0655

--- Round 206/500 ---
Averaged Train Loss: 1.5264
Averaged Test Accuracy: 0.4542
Averaged Test AUC: 0.8454
Std Test Accuracy: 0.1855
Std Test AUC: 0.0681

--- Round 207/500 ---
Averaged Train Loss: 1.5926
Averaged Test Accuracy: 0.4140
Averaged Test AUC: 0.8408
Std Test Accuracy: 0.1765
Std Test AUC: 0.0475

--- Round 208/500 ---
Averaged Train Loss: 1.6006
Averaged Test Accuracy: 0.4425
Averaged Test AUC: 0.8327
Std Test Accuracy: 0.1795
Std Test AUC: 0.0876

--- Round 209/500 ---
Averaged Train Loss: 1.7667
Averaged Test Accuracy: 0.3752
Averaged Test AUC: 0.8307
Std Test Accuracy: 0.2471
Std Test AUC: 0.0785

--- Round 210/500 ---
Averaged Train Loss: 1.5051
Averaged Test Accuracy: 0.4568
Averaged Test AUC: 0.8444
Std Test Accuracy: 0.1874
Std Test AUC: 0.0694

--- Round 211/500 ---
Averaged Train Loss: 1.5816
Averaged Test Accuracy: 0.4162
Averaged Test AUC: 0.8381
Std Test Accuracy: 0.1690
Std Test AUC: 0.0604

--- Round 212/500 ---
Averaged Train Loss: 1.5554
Averaged Test Accuracy: 0.4405
Averaged Test AUC: 0.8404
Std Test Accuracy: 0.2035
Std Test AUC: 0.0790

--- Round 213/500 ---
Averaged Train Loss: 1.5859
Averaged Test Accuracy: 0.4235
Averaged Test AUC: 0.8436
Std Test Accuracy: 0.1951
Std Test AUC: 0.0546

--- Round 214/500 ---
Averaged Train Loss: 1.5803
Averaged Test Accuracy: 0.4387
Averaged Test AUC: 0.8362
Std Test Accuracy: 0.2047
Std Test AUC: 0.0880

--- Round 215/500 ---
Averaged Train Loss: 1.6061
Averaged Test Accuracy: 0.4160
Averaged Test AUC: 0.8433
Std Test Accuracy: 0.1958
Std Test AUC: 0.0514

--- Round 216/500 ---
Averaged Train Loss: 1.5932
Averaged Test Accuracy: 0.4350
Averaged Test AUC: 0.8360
Std Test Accuracy: 0.2108
Std Test AUC: 0.0887

--- Round 217/500 ---
Averaged Train Loss: 1.6344
Averaged Test Accuracy: 0.4132
Averaged Test AUC: 0.8416
Std Test Accuracy: 0.2009
Std Test AUC: 0.0554

--- Round 218/500 ---
Averaged Train Loss: 1.5914
Averaged Test Accuracy: 0.4353
Averaged Test AUC: 0.8361
Std Test Accuracy: 0.2094
Std Test AUC: 0.0925

--- Round 219/500 ---
Averaged Train Loss: 1.5714
Averaged Test Accuracy: 0.4307
Averaged Test AUC: 0.8440
Std Test Accuracy: 0.1935
Std Test AUC: 0.0539

--- Round 220/500 ---
Averaged Train Loss: 1.5695
Averaged Test Accuracy: 0.4399
Averaged Test AUC: 0.8388
Std Test Accuracy: 0.2072
Std Test AUC: 0.0904

--- Round 221/500 ---
Averaged Train Loss: 1.5439
Averaged Test Accuracy: 0.4388
Averaged Test AUC: 0.8459
Std Test Accuracy: 0.1911
Std Test AUC: 0.0554

--- Round 222/500 ---
Averaged Train Loss: 1.5876
Averaged Test Accuracy: 0.4368
Averaged Test AUC: 0.8366
Std Test Accuracy: 0.2094
Std Test AUC: 0.0919

--- Round 223/500 ---
Averaged Train Loss: 1.5451
Averaged Test Accuracy: 0.4372
Averaged Test AUC: 0.8455
Std Test Accuracy: 0.1900
Std Test AUC: 0.0532

--- Round 224/500 ---
Averaged Train Loss: 1.5818
Averaged Test Accuracy: 0.4358
Averaged Test AUC: 0.8380
Std Test Accuracy: 0.2103
Std Test AUC: 0.0894

--- Round 225/500 ---
Averaged Train Loss: 1.5438
Averaged Test Accuracy: 0.4383
Averaged Test AUC: 0.8469
Std Test Accuracy: 0.1929
Std Test AUC: 0.0534

--- Round 226/500 ---
Averaged Train Loss: 1.5628
Averaged Test Accuracy: 0.4419
Averaged Test AUC: 0.8400
Std Test Accuracy: 0.2078
Std Test AUC: 0.0884

--- Round 227/500 ---
Averaged Train Loss: 1.5530
Averaged Test Accuracy: 0.4387
Averaged Test AUC: 0.8450
Std Test Accuracy: 0.1873
Std Test AUC: 0.0535

--- Round 228/500 ---
Averaged Train Loss: 1.5481
Averaged Test Accuracy: 0.4462
Averaged Test AUC: 0.8414
Std Test Accuracy: 0.2040
Std Test AUC: 0.0870

--- Round 229/500 ---
Averaged Train Loss: 1.5379
Averaged Test Accuracy: 0.4412
Averaged Test AUC: 0.8468
Std Test Accuracy: 0.1896
Std Test AUC: 0.0531

--- Round 230/500 ---
Averaged Train Loss: 1.5788
Averaged Test Accuracy: 0.4401
Averaged Test AUC: 0.8386
Std Test Accuracy: 0.2113
Std Test AUC: 0.0911

--- Round 231/500 ---
Averaged Train Loss: 1.5541
Averaged Test Accuracy: 0.4399
Averaged Test AUC: 0.8467
Std Test Accuracy: 0.1931
Std Test AUC: 0.0518

--- Round 232/500 ---
Averaged Train Loss: 1.5287
Averaged Test Accuracy: 0.4534
Averaged Test AUC: 0.8431
Std Test Accuracy: 0.2023
Std Test AUC: 0.0842

--- Round 233/500 ---
Averaged Train Loss: 1.5210
Averaged Test Accuracy: 0.4444
Averaged Test AUC: 0.8477
Std Test Accuracy: 0.1881
Std Test AUC: 0.0513

--- Round 234/500 ---
Averaged Train Loss: 1.5543
Averaged Test Accuracy: 0.4475
Averaged Test AUC: 0.8406
Std Test Accuracy: 0.2095
Std Test AUC: 0.0894

--- Round 235/500 ---
Averaged Train Loss: 1.5299
Averaged Test Accuracy: 0.4439
Averaged Test AUC: 0.8474
Std Test Accuracy: 0.1897
Std Test AUC: 0.0537

--- Round 236/500 ---
Averaged Train Loss: 1.5269
Averaged Test Accuracy: 0.4514
Averaged Test AUC: 0.8435
Std Test Accuracy: 0.2023
Std Test AUC: 0.0825

--- Round 237/500 ---
Averaged Train Loss: 1.5404
Averaged Test Accuracy: 0.4434
Averaged Test AUC: 0.8489
Std Test Accuracy: 0.1971
Std Test AUC: 0.0540

--- Round 238/500 ---
Averaged Train Loss: 1.5674
Averaged Test Accuracy: 0.4443
Averaged Test AUC: 0.8403
Std Test Accuracy: 0.2128
Std Test AUC: 0.0860

--- Round 239/500 ---
Averaged Train Loss: 1.5126
Averaged Test Accuracy: 0.4507
Averaged Test AUC: 0.8496
Std Test Accuracy: 0.1868
Std Test AUC: 0.0518

--- Round 240/500 ---
Averaged Train Loss: 1.5259
Averaged Test Accuracy: 0.4544
Averaged Test AUC: 0.8443
Std Test Accuracy: 0.2058
Std Test AUC: 0.0827

--- Round 241/500 ---
Averaged Train Loss: 1.5281
Averaged Test Accuracy: 0.4460
Averaged Test AUC: 0.8500
Std Test Accuracy: 0.1949
Std Test AUC: 0.0522

--- Round 242/500 ---
Averaged Train Loss: 1.5476
Averaged Test Accuracy: 0.4528
Averaged Test AUC: 0.8423
Std Test Accuracy: 0.2091
Std Test AUC: 0.0873

--- Round 243/500 ---
Averaged Train Loss: 1.5410
Averaged Test Accuracy: 0.4449
Averaged Test AUC: 0.8485
Std Test Accuracy: 0.1923
Std Test AUC: 0.0515

--- Round 244/500 ---
Averaged Train Loss: 1.5248
Averaged Test Accuracy: 0.4562
Averaged Test AUC: 0.8437
Std Test Accuracy: 0.2024
Std Test AUC: 0.0854

--- Round 245/500 ---
Averaged Train Loss: 1.5300
Averaged Test Accuracy: 0.4476
Averaged Test AUC: 0.8494
Std Test Accuracy: 0.1913
Std Test AUC: 0.0523

--- Round 246/500 ---
Averaged Train Loss: 1.5449
Averaged Test Accuracy: 0.4541
Averaged Test AUC: 0.8426
Std Test Accuracy: 0.2073
Std Test AUC: 0.0873

--- Round 247/500 ---
Averaged Train Loss: 1.5224
Averaged Test Accuracy: 0.4491
Averaged Test AUC: 0.8479
Std Test Accuracy: 0.1835
Std Test AUC: 0.0512

--- Round 248/500 ---
Averaged Train Loss: 1.5270
Averaged Test Accuracy: 0.4557
Averaged Test AUC: 0.8438
Std Test Accuracy: 0.2027
Std Test AUC: 0.0855

--- Round 249/500 ---
Averaged Train Loss: 1.5469
Averaged Test Accuracy: 0.4433
Averaged Test AUC: 0.8485
Std Test Accuracy: 0.1916
Std Test AUC: 0.0503

--- Round 250/500 ---
Averaged Train Loss: 1.5437
Averaged Test Accuracy: 0.4534
Averaged Test AUC: 0.8427
Std Test Accuracy: 0.2086
Std Test AUC: 0.0868

--- Round 251/500 ---
Averaged Train Loss: 1.5387
Averaged Test Accuracy: 0.4476
Averaged Test AUC: 0.8485
Std Test Accuracy: 0.1864
Std Test AUC: 0.0500

--- Round 252/500 ---
Averaged Train Loss: 1.5498
Averaged Test Accuracy: 0.4510
Averaged Test AUC: 0.8427
Std Test Accuracy: 0.2057
Std Test AUC: 0.0881

--- Round 253/500 ---
Averaged Train Loss: 1.5225
Averaged Test Accuracy: 0.4505
Averaged Test AUC: 0.8479
Std Test Accuracy: 0.1856
Std Test AUC: 0.0523

--- Round 254/500 ---
Averaged Train Loss: 1.5431
Averaged Test Accuracy: 0.4517
Averaged Test AUC: 0.8440
Std Test Accuracy: 0.2068
Std Test AUC: 0.0851

--- Round 255/500 ---
Averaged Train Loss: 1.5121
Averaged Test Accuracy: 0.4511
Averaged Test AUC: 0.8495
Std Test Accuracy: 0.1829
Std Test AUC: 0.0531

--- Round 256/500 ---
Averaged Train Loss: 1.5355
Averaged Test Accuracy: 0.4546
Averaged Test AUC: 0.8444
Std Test Accuracy: 0.2073
Std Test AUC: 0.0836

--- Round 257/500 ---
Averaged Train Loss: 1.5092
Averaged Test Accuracy: 0.4536
Averaged Test AUC: 0.8493
Std Test Accuracy: 0.1801
Std Test AUC: 0.0490

--- Round 258/500 ---
Averaged Train Loss: 1.5193
Averaged Test Accuracy: 0.4558
Averaged Test AUC: 0.8458
Std Test Accuracy: 0.2043
Std Test AUC: 0.0816

--- Round 259/500 ---
Averaged Train Loss: 1.4955
Averaged Test Accuracy: 0.4564
Averaged Test AUC: 0.8522
Std Test Accuracy: 0.1859
Std Test AUC: 0.0506

--- Round 260/500 ---
Averaged Train Loss: 1.5398
Averaged Test Accuracy: 0.4514
Averaged Test AUC: 0.8440
Std Test Accuracy: 0.2057
Std Test AUC: 0.0852

--- Round 261/500 ---
Averaged Train Loss: 1.4952
Averaged Test Accuracy: 0.4574
Averaged Test AUC: 0.8530
Std Test Accuracy: 0.1868
Std Test AUC: 0.0502

--- Round 262/500 ---
Averaged Train Loss: 1.5314
Averaged Test Accuracy: 0.4536
Averaged Test AUC: 0.8443
Std Test Accuracy: 0.2069
Std Test AUC: 0.0845

--- Round 263/500 ---
Averaged Train Loss: 1.5074
Averaged Test Accuracy: 0.4576
Averaged Test AUC: 0.8510
Std Test Accuracy: 0.1801
Std Test AUC: 0.0487

--- Round 264/500 ---
Averaged Train Loss: 1.5159
Averaged Test Accuracy: 0.4593
Averaged Test AUC: 0.8465
Std Test Accuracy: 0.2040
Std Test AUC: 0.0819

--- Round 265/500 ---
Averaged Train Loss: 1.4907
Averaged Test Accuracy: 0.4592
Averaged Test AUC: 0.8517
Std Test Accuracy: 0.1800
Std Test AUC: 0.0509

--- Round 266/500 ---
Averaged Train Loss: 1.5155
Averaged Test Accuracy: 0.4572
Averaged Test AUC: 0.8472
Std Test Accuracy: 0.2022
Std Test AUC: 0.0801

--- Round 267/500 ---
Averaged Train Loss: 1.4973
Averaged Test Accuracy: 0.4570
Averaged Test AUC: 0.8525
Std Test Accuracy: 0.1862
Std Test AUC: 0.0504

--- Round 268/500 ---
Averaged Train Loss: 1.5187
Averaged Test Accuracy: 0.4586
Averaged Test AUC: 0.8469
Std Test Accuracy: 0.2030
Std Test AUC: 0.0822

--- Round 269/500 ---
Averaged Train Loss: 1.4993
Averaged Test Accuracy: 0.4564
Averaged Test AUC: 0.8516
Std Test Accuracy: 0.1841
Std Test AUC: 0.0502

--- Round 270/500 ---
Averaged Train Loss: 1.4935
Averaged Test Accuracy: 0.4623
Averaged Test AUC: 0.8489
Std Test Accuracy: 0.1975
Std Test AUC: 0.0786

--- Round 271/500 ---
Averaged Train Loss: 1.4923
Averaged Test Accuracy: 0.4578
Averaged Test AUC: 0.8525
Std Test Accuracy: 0.1849
Std Test AUC: 0.0505

--- Round 272/500 ---
Averaged Train Loss: 1.5145
Averaged Test Accuracy: 0.4594
Averaged Test AUC: 0.8469
Std Test Accuracy: 0.2009
Std Test AUC: 0.0826

--- Round 273/500 ---
Averaged Train Loss: 1.4759
Averaged Test Accuracy: 0.4639
Averaged Test AUC: 0.8539
Std Test Accuracy: 0.1824
Std Test AUC: 0.0506

--- Round 274/500 ---
Averaged Train Loss: 1.5303
Averaged Test Accuracy: 0.4570
Averaged Test AUC: 0.8461
Std Test Accuracy: 0.2078
Std Test AUC: 0.0835

--- Round 275/500 ---
Averaged Train Loss: 1.4980
Averaged Test Accuracy: 0.4598
Averaged Test AUC: 0.8528
Std Test Accuracy: 0.1860
Std Test AUC: 0.0492

--- Round 276/500 ---
Averaged Train Loss: 1.4925
Averaged Test Accuracy: 0.4679
Averaged Test AUC: 0.8489
Std Test Accuracy: 0.1999
Std Test AUC: 0.0788

--- Round 277/500 ---
Averaged Train Loss: 1.4892
Averaged Test Accuracy: 0.4623
Averaged Test AUC: 0.8545
Std Test Accuracy: 0.1891
Std Test AUC: 0.0500

--- Round 278/500 ---
Averaged Train Loss: 1.4896
Averaged Test Accuracy: 0.4694
Averaged Test AUC: 0.8491
Std Test Accuracy: 0.1976
Std Test AUC: 0.0797

--- Round 279/500 ---
Averaged Train Loss: 1.5069
Averaged Test Accuracy: 0.4595
Averaged Test AUC: 0.8525
Std Test Accuracy: 0.1893
Std Test AUC: 0.0508

--- Round 280/500 ---
Averaged Train Loss: 1.4947
Averaged Test Accuracy: 0.4681
Averaged Test AUC: 0.8489
Std Test Accuracy: 0.2009
Std Test AUC: 0.0788

--- Round 281/500 ---
Averaged Train Loss: 1.5153
Averaged Test Accuracy: 0.4552
Averaged Test AUC: 0.8513
Std Test Accuracy: 0.1866
Std Test AUC: 0.0492

--- Round 282/500 ---
Averaged Train Loss: 1.4929
Averaged Test Accuracy: 0.4648
Averaged Test AUC: 0.8495
Std Test Accuracy: 0.1977
Std Test AUC: 0.0786

--- Round 283/500 ---
Averaged Train Loss: 1.4872
Averaged Test Accuracy: 0.4634
Averaged Test AUC: 0.8532
Std Test Accuracy: 0.1809
Std Test AUC: 0.0506

--- Round 284/500 ---
Averaged Train Loss: 1.5092
Averaged Test Accuracy: 0.4613
Averaged Test AUC: 0.8486
Std Test Accuracy: 0.2033
Std Test AUC: 0.0791

--- Round 285/500 ---
Averaged Train Loss: 1.4953
Averaged Test Accuracy: 0.4619
Averaged Test AUC: 0.8533
Std Test Accuracy: 0.1812
Std Test AUC: 0.0477

--- Round 286/500 ---
Averaged Train Loss: 1.5200
Averaged Test Accuracy: 0.4629
Averaged Test AUC: 0.8464
Std Test Accuracy: 0.2065
Std Test AUC: 0.0836

--- Round 287/500 ---
Averaged Train Loss: 1.5165
Averaged Test Accuracy: 0.4575
Averaged Test AUC: 0.8516
Std Test Accuracy: 0.1886
Std Test AUC: 0.0492

--- Round 288/500 ---
Averaged Train Loss: 1.4996
Averaged Test Accuracy: 0.4649
Averaged Test AUC: 0.8494
Std Test Accuracy: 0.2025
Std Test AUC: 0.0787

--- Round 289/500 ---
Averaged Train Loss: 1.4799
Averaged Test Accuracy: 0.4663
Averaged Test AUC: 0.8547
Std Test Accuracy: 0.1821
Std Test AUC: 0.0471

--- Round 290/500 ---
Averaged Train Loss: 1.5095
Averaged Test Accuracy: 0.4631
Averaged Test AUC: 0.8487
Std Test Accuracy: 0.2060
Std Test AUC: 0.0765

--- Round 291/500 ---
Averaged Train Loss: 1.4845
Averaged Test Accuracy: 0.4643
Averaged Test AUC: 0.8551
Std Test Accuracy: 0.1862
Std Test AUC: 0.0487

--- Round 292/500 ---
Averaged Train Loss: 1.4886
Averaged Test Accuracy: 0.4699
Averaged Test AUC: 0.8507
Std Test Accuracy: 0.2018
Std Test AUC: 0.0763

--- Round 293/500 ---
Averaged Train Loss: 1.4873
Averaged Test Accuracy: 0.4661
Averaged Test AUC: 0.8550
Std Test Accuracy: 0.1891
Std Test AUC: 0.0496

--- Round 294/500 ---
Averaged Train Loss: 1.4866
Averaged Test Accuracy: 0.4689
Averaged Test AUC: 0.8513
Std Test Accuracy: 0.2018
Std Test AUC: 0.0753

--- Round 295/500 ---
Averaged Train Loss: 1.4654
Averaged Test Accuracy: 0.4706
Averaged Test AUC: 0.8561
Std Test Accuracy: 0.1804
Std Test AUC: 0.0470

--- Round 296/500 ---
Averaged Train Loss: 1.4803
Averaged Test Accuracy: 0.4708
Averaged Test AUC: 0.8515
Std Test Accuracy: 0.1945
Std Test AUC: 0.0727

--- Round 297/500 ---
Averaged Train Loss: 1.4929
Averaged Test Accuracy: 0.4627
Averaged Test AUC: 0.8552
Std Test Accuracy: 0.1874
Std Test AUC: 0.0486

--- Round 298/500 ---
Averaged Train Loss: 1.4678
Averaged Test Accuracy: 0.4750
Averaged Test AUC: 0.8527
Std Test Accuracy: 0.1962
Std Test AUC: 0.0745

--- Round 299/500 ---
Averaged Train Loss: 1.4732
Averaged Test Accuracy: 0.4683
Averaged Test AUC: 0.8562
Std Test Accuracy: 0.1857
Std Test AUC: 0.0488

--- Round 300/500 ---
Averaged Train Loss: 1.4708
Averaged Test Accuracy: 0.4751
Averaged Test AUC: 0.8525
Std Test Accuracy: 0.1958
Std Test AUC: 0.0743

--- Round 301/500 ---
Averaged Train Loss: 1.4791
Averaged Test Accuracy: 0.4679
Averaged Test AUC: 0.8542
Std Test Accuracy: 0.1803
Std Test AUC: 0.0485

--- Round 302/500 ---
Averaged Train Loss: 1.4958
Averaged Test Accuracy: 0.4687
Averaged Test AUC: 0.8505
Std Test Accuracy: 0.1998
Std Test AUC: 0.0787

--- Round 303/500 ---
Averaged Train Loss: 1.4835
Averaged Test Accuracy: 0.4649
Averaged Test AUC: 0.8551
Std Test Accuracy: 0.1839
Std Test AUC: 0.0478

--- Round 304/500 ---
Averaged Train Loss: 1.4889
Averaged Test Accuracy: 0.4680
Averaged Test AUC: 0.8512
Std Test Accuracy: 0.1994
Std Test AUC: 0.0772

--- Round 305/500 ---
Averaged Train Loss: 1.4885
Averaged Test Accuracy: 0.4655
Averaged Test AUC: 0.8548
Std Test Accuracy: 0.1859
Std Test AUC: 0.0487

--- Round 306/500 ---
Averaged Train Loss: 1.4877
Averaged Test Accuracy: 0.4698
Averaged Test AUC: 0.8515
Std Test Accuracy: 0.1998
Std Test AUC: 0.0771

--- Round 307/500 ---
Averaged Train Loss: 1.4674
Averaged Test Accuracy: 0.4724
Averaged Test AUC: 0.8557
Std Test Accuracy: 0.1788
Std Test AUC: 0.0454

--- Round 308/500 ---
Averaged Train Loss: 1.4760
Averaged Test Accuracy: 0.4739
Averaged Test AUC: 0.8522
Std Test Accuracy: 0.1958
Std Test AUC: 0.0759

--- Round 309/500 ---
Averaged Train Loss: 1.4573
Averaged Test Accuracy: 0.4738
Averaged Test AUC: 0.8567
Std Test Accuracy: 0.1797
Std Test AUC: 0.0480

--- Round 310/500 ---
Averaged Train Loss: 1.4861
Averaged Test Accuracy: 0.4690
Averaged Test AUC: 0.8515
Std Test Accuracy: 0.1980
Std Test AUC: 0.0769

--- Round 311/500 ---
Averaged Train Loss: 1.4755
Averaged Test Accuracy: 0.4695
Averaged Test AUC: 0.8558
Std Test Accuracy: 0.1847
Std Test AUC: 0.0497

--- Round 312/500 ---
Averaged Train Loss: 1.4836
Averaged Test Accuracy: 0.4704
Averaged Test AUC: 0.8520
Std Test Accuracy: 0.1987
Std Test AUC: 0.0767

--- Round 313/500 ---
Averaged Train Loss: 1.4622
Averaged Test Accuracy: 0.4708
Averaged Test AUC: 0.8568
Std Test Accuracy: 0.1789
Std Test AUC: 0.0459

--- Round 314/500 ---
Averaged Train Loss: 1.4615
Averaged Test Accuracy: 0.4763
Averaged Test AUC: 0.8536
Std Test Accuracy: 0.1939
Std Test AUC: 0.0722

--- Round 315/500 ---
Averaged Train Loss: 1.4775
Averaged Test Accuracy: 0.4705
Averaged Test AUC: 0.8562
Std Test Accuracy: 0.1886
Std Test AUC: 0.0496

--- Round 316/500 ---
Averaged Train Loss: 1.4755
Averaged Test Accuracy: 0.4769
Averaged Test AUC: 0.8524
Std Test Accuracy: 0.1967
Std Test AUC: 0.0761

--- Round 317/500 ---
Averaged Train Loss: 1.4829
Averaged Test Accuracy: 0.4663
Averaged Test AUC: 0.8567
Std Test Accuracy: 0.1897
Std Test AUC: 0.0489

--- Round 318/500 ---
Averaged Train Loss: 1.4772
Averaged Test Accuracy: 0.4741
Averaged Test AUC: 0.8522
Std Test Accuracy: 0.1971
Std Test AUC: 0.0745

--- Round 319/500 ---
Averaged Train Loss: 1.4536
Averaged Test Accuracy: 0.4752
Averaged Test AUC: 0.8578
Std Test Accuracy: 0.1837
Std Test AUC: 0.0460

--- Round 320/500 ---
Averaged Train Loss: 1.4638
Averaged Test Accuracy: 0.4778
Averaged Test AUC: 0.8536
Std Test Accuracy: 0.1950
Std Test AUC: 0.0740

--- Round 321/500 ---
Averaged Train Loss: 1.4618
Averaged Test Accuracy: 0.4737
Averaged Test AUC: 0.8577
Std Test Accuracy: 0.1863
Std Test AUC: 0.0486

--- Round 322/500 ---
Averaged Train Loss: 1.4633
Averaged Test Accuracy: 0.4792
Averaged Test AUC: 0.8538
Std Test Accuracy: 0.1949
Std Test AUC: 0.0742

--- Round 323/500 ---
Averaged Train Loss: 1.4775
Averaged Test Accuracy: 0.4694
Averaged Test AUC: 0.8565
Std Test Accuracy: 0.1854
Std Test AUC: 0.0478

--- Round 324/500 ---
Averaged Train Loss: 1.4705
Averaged Test Accuracy: 0.4782
Averaged Test AUC: 0.8533
Std Test Accuracy: 0.1959
Std Test AUC: 0.0752

--- Round 325/500 ---
Averaged Train Loss: 1.4785
Averaged Test Accuracy: 0.4703
Averaged Test AUC: 0.8570
Std Test Accuracy: 0.1893
Std Test AUC: 0.0478

--- Round 326/500 ---
Averaged Train Loss: 1.4696
Averaged Test Accuracy: 0.4765
Averaged Test AUC: 0.8533
Std Test Accuracy: 0.1982
Std Test AUC: 0.0742

--- Round 327/500 ---
Averaged Train Loss: 1.4616
Averaged Test Accuracy: 0.4733
Averaged Test AUC: 0.8575
Std Test Accuracy: 0.1847
Std Test AUC: 0.0466

--- Round 328/500 ---
Averaged Train Loss: 1.4573
Averaged Test Accuracy: 0.4776
Averaged Test AUC: 0.8548
Std Test Accuracy: 0.1928
Std Test AUC: 0.0696

--- Round 329/500 ---
Averaged Train Loss: 1.4536
Averaged Test Accuracy: 0.4751
Averaged Test AUC: 0.8579
Std Test Accuracy: 0.1816
Std Test AUC: 0.0456

--- Round 330/500 ---
Averaged Train Loss: 1.4763
Averaged Test Accuracy: 0.4750
Averaged Test AUC: 0.8535
Std Test Accuracy: 0.1973
Std Test AUC: 0.0710

--- Round 331/500 ---
Averaged Train Loss: 1.4792
Averaged Test Accuracy: 0.4693
Averaged Test AUC: 0.8560
Std Test Accuracy: 0.1835
Std Test AUC: 0.0450

--- Round 332/500 ---
Averaged Train Loss: 1.4582
Averaged Test Accuracy: 0.4778
Averaged Test AUC: 0.8547
Std Test Accuracy: 0.1956
Std Test AUC: 0.0725

--- Round 333/500 ---
Averaged Train Loss: 1.4508
Averaged Test Accuracy: 0.4745
Averaged Test AUC: 0.8582
Std Test Accuracy: 0.1827
Std Test AUC: 0.0478

--- Round 334/500 ---
Averaged Train Loss: 1.4705
Averaged Test Accuracy: 0.4753
Averaged Test AUC: 0.8540
Std Test Accuracy: 0.1977
Std Test AUC: 0.0733

--- Round 335/500 ---
Averaged Train Loss: 1.4492
Averaged Test Accuracy: 0.4772
Averaged Test AUC: 0.8584
Std Test Accuracy: 0.1815
Std Test AUC: 0.0463

--- Round 336/500 ---
Averaged Train Loss: 1.4670
Averaged Test Accuracy: 0.4741
Averaged Test AUC: 0.8539
Std Test Accuracy: 0.1972
Std Test AUC: 0.0735

--- Round 337/500 ---
Averaged Train Loss: 1.4568
Averaged Test Accuracy: 0.4747
Averaged Test AUC: 0.8578
Std Test Accuracy: 0.1821
Std Test AUC: 0.0466

--- Round 338/500 ---
Averaged Train Loss: 1.4804
Averaged Test Accuracy: 0.4736
Averaged Test AUC: 0.8533
Std Test Accuracy: 0.1972
Std Test AUC: 0.0719

--- Round 339/500 ---
Averaged Train Loss: 1.4593
Averaged Test Accuracy: 0.4774
Averaged Test AUC: 0.8583
Std Test Accuracy: 0.1864
Std Test AUC: 0.0480

--- Round 340/500 ---
Averaged Train Loss: 1.4457
Averaged Test Accuracy: 0.4815
Averaged Test AUC: 0.8559
Std Test Accuracy: 0.1921
Std Test AUC: 0.0695

--- Round 341/500 ---
Averaged Train Loss: 1.4463
Averaged Test Accuracy: 0.4802
Averaged Test AUC: 0.8584
Std Test Accuracy: 0.1843
Std Test AUC: 0.0465

--- Round 342/500 ---
Averaged Train Loss: 1.4439
Averaged Test Accuracy: 0.4827
Averaged Test AUC: 0.8561
Std Test Accuracy: 0.1937
Std Test AUC: 0.0694

--- Round 343/500 ---
Averaged Train Loss: 1.4473
Averaged Test Accuracy: 0.4790
Averaged Test AUC: 0.8590
Std Test Accuracy: 0.1835
Std Test AUC: 0.0470

--- Round 344/500 ---
Averaged Train Loss: 1.4408
Averaged Test Accuracy: 0.4831
Averaged Test AUC: 0.8561
Std Test Accuracy: 0.1919
Std Test AUC: 0.0699

--- Round 345/500 ---
Averaged Train Loss: 1.4557
Averaged Test Accuracy: 0.4776
Averaged Test AUC: 0.8585
Std Test Accuracy: 0.1855
Std Test AUC: 0.0466

--- Round 346/500 ---
Averaged Train Loss: 1.4707
Averaged Test Accuracy: 0.4788
Averaged Test AUC: 0.8529
Std Test Accuracy: 0.1951
Std Test AUC: 0.0762

--- Round 347/500 ---
Averaged Train Loss: 1.4518
Averaged Test Accuracy: 0.4790
Averaged Test AUC: 0.8579
Std Test Accuracy: 0.1783
Std Test AUC: 0.0453

--- Round 348/500 ---
Averaged Train Loss: 1.4598
Averaged Test Accuracy: 0.4803
Averaged Test AUC: 0.8542
Std Test Accuracy: 0.1942
Std Test AUC: 0.0725

--- Round 349/500 ---
Averaged Train Loss: 1.4515
Averaged Test Accuracy: 0.4770
Averaged Test AUC: 0.8588
Std Test Accuracy: 0.1857
Std Test AUC: 0.0470

--- Round 350/500 ---
Averaged Train Loss: 1.4564
Averaged Test Accuracy: 0.4795
Averaged Test AUC: 0.8552
Std Test Accuracy: 0.1938
Std Test AUC: 0.0728

--- Round 351/500 ---
Averaged Train Loss: 1.4463
Averaged Test Accuracy: 0.4776
Averaged Test AUC: 0.8587
Std Test Accuracy: 0.1786
Std Test AUC: 0.0469

--- Round 352/500 ---
Averaged Train Loss: 1.4674
Averaged Test Accuracy: 0.4793
Averaged Test AUC: 0.8537
Std Test Accuracy: 0.1936
Std Test AUC: 0.0751

--- Round 353/500 ---
Averaged Train Loss: 1.4408
Averaged Test Accuracy: 0.4803
Averaged Test AUC: 0.8597
Std Test Accuracy: 0.1829
Std Test AUC: 0.0464

--- Round 354/500 ---
Averaged Train Loss: 1.4405
Averaged Test Accuracy: 0.4839
Averaged Test AUC: 0.8568
Std Test Accuracy: 0.1921
Std Test AUC: 0.0687

--- Round 355/500 ---
Averaged Train Loss: 1.4476
Averaged Test Accuracy: 0.4782
Averaged Test AUC: 0.8591
Std Test Accuracy: 0.1837
Std Test AUC: 0.0460

--- Round 356/500 ---
Averaged Train Loss: 1.4515
Averaged Test Accuracy: 0.4815
Averaged Test AUC: 0.8550
Std Test Accuracy: 0.1922
Std Test AUC: 0.0725

--- Round 357/500 ---
Averaged Train Loss: 1.4301
Averaged Test Accuracy: 0.4808
Averaged Test AUC: 0.8587
Std Test Accuracy: 0.1755
Std Test AUC: 0.0429

--- Round 358/500 ---
Averaged Train Loss: 1.4418
Averaged Test Accuracy: 0.4860
Averaged Test AUC: 0.8563
Std Test Accuracy: 0.1894
Std Test AUC: 0.0693

--- Round 359/500 ---
Averaged Train Loss: 1.4470
Averaged Test Accuracy: 0.4790
Averaged Test AUC: 0.8585
Std Test Accuracy: 0.1847
Std Test AUC: 0.0462

--- Round 360/500 ---
Averaged Train Loss: 1.4553
Averaged Test Accuracy: 0.4833
Averaged Test AUC: 0.8548
Std Test Accuracy: 0.1917
Std Test AUC: 0.0732

--- Round 361/500 ---
Averaged Train Loss: 1.4500
Averaged Test Accuracy: 0.4770
Averaged Test AUC: 0.8595
Std Test Accuracy: 0.1845
Std Test AUC: 0.0462

--- Round 362/500 ---
Averaged Train Loss: 1.4431
Averaged Test Accuracy: 0.4846
Averaged Test AUC: 0.8559
Std Test Accuracy: 0.1926
Std Test AUC: 0.0712

--- Round 363/500 ---
Averaged Train Loss: 1.4479
Averaged Test Accuracy: 0.4798
Averaged Test AUC: 0.8583
Std Test Accuracy: 0.1809
Std Test AUC: 0.0457

--- Round 364/500 ---
Averaged Train Loss: 1.4526
Averaged Test Accuracy: 0.4824
Averaged Test AUC: 0.8557
Std Test Accuracy: 0.1927
Std Test AUC: 0.0714

--- Round 365/500 ---
Averaged Train Loss: 1.4297
Averaged Test Accuracy: 0.4828
Averaged Test AUC: 0.8601
Std Test Accuracy: 0.1813
Std Test AUC: 0.0460

--- Round 366/500 ---
Averaged Train Loss: 1.4569
Averaged Test Accuracy: 0.4806
Averaged Test AUC: 0.8554
Std Test Accuracy: 0.1952
Std Test AUC: 0.0719

--- Round 367/500 ---
Averaged Train Loss: 1.4437
Averaged Test Accuracy: 0.4792
Averaged Test AUC: 0.8589
Std Test Accuracy: 0.1783
Std Test AUC: 0.0463

--- Round 368/500 ---
Averaged Train Loss: 1.4441
Averaged Test Accuracy: 0.4830
Averaged Test AUC: 0.8564
Std Test Accuracy: 0.1919
Std Test AUC: 0.0682

--- Round 369/500 ---
Averaged Train Loss: 1.4456
Averaged Test Accuracy: 0.4794
Averaged Test AUC: 0.8597
Std Test Accuracy: 0.1875
Std Test AUC: 0.0474

--- Round 370/500 ---
Averaged Train Loss: 1.4329
Averaged Test Accuracy: 0.4864
Averaged Test AUC: 0.8575
Std Test Accuracy: 0.1887
Std Test AUC: 0.0670

--- Round 371/500 ---
Averaged Train Loss: 1.4516
Averaged Test Accuracy: 0.4767
Averaged Test AUC: 0.8594
Std Test Accuracy: 0.1850
Std Test AUC: 0.0456

--- Round 372/500 ---
Averaged Train Loss: 1.4397
Averaged Test Accuracy: 0.4852
Averaged Test AUC: 0.8571
Std Test Accuracy: 0.1914
Std Test AUC: 0.0685

--- Round 373/500 ---
Averaged Train Loss: 1.4406
Averaged Test Accuracy: 0.4818
Averaged Test AUC: 0.8604
Std Test Accuracy: 0.1853
Std Test AUC: 0.0462

--- Round 374/500 ---
Averaged Train Loss: 1.4367
Averaged Test Accuracy: 0.4861
Averaged Test AUC: 0.8572
Std Test Accuracy: 0.1899
Std Test AUC: 0.0689

--- Round 375/500 ---
Averaged Train Loss: 1.4432
Averaged Test Accuracy: 0.4793
Averaged Test AUC: 0.8603
Std Test Accuracy: 0.1840
Std Test AUC: 0.0467

--- Round 376/500 ---
Averaged Train Loss: 1.4354
Averaged Test Accuracy: 0.4874
Averaged Test AUC: 0.8575
Std Test Accuracy: 0.1899
Std Test AUC: 0.0688

--- Round 377/500 ---
Averaged Train Loss: 1.4436
Averaged Test Accuracy: 0.4808
Averaged Test AUC: 0.8598
Std Test Accuracy: 0.1865
Std Test AUC: 0.0469

--- Round 378/500 ---
Averaged Train Loss: 1.4566
Averaged Test Accuracy: 0.4827
Averaged Test AUC: 0.8553
Std Test Accuracy: 0.1919
Std Test AUC: 0.0720

--- Round 379/500 ---
Averaged Train Loss: 1.4448
Averaged Test Accuracy: 0.4798
Averaged Test AUC: 0.8593
Std Test Accuracy: 0.1813
Std Test AUC: 0.0445

--- Round 380/500 ---
Averaged Train Loss: 1.4393
Averaged Test Accuracy: 0.4840
Averaged Test AUC: 0.8569
Std Test Accuracy: 0.1891
Std Test AUC: 0.0675

--- Round 381/500 ---
Averaged Train Loss: 1.4269
Averaged Test Accuracy: 0.4858
Averaged Test AUC: 0.8600
Std Test Accuracy: 0.1775
Std Test AUC: 0.0458

--- Round 382/500 ---
Averaged Train Loss: 1.4405
Averaged Test Accuracy: 0.4835
Averaged Test AUC: 0.8572
Std Test Accuracy: 0.1917
Std Test AUC: 0.0689

--- Round 383/500 ---
Averaged Train Loss: 1.4308
Averaged Test Accuracy: 0.4826
Averaged Test AUC: 0.8603
Std Test Accuracy: 0.1804
Std Test AUC: 0.0461

--- Round 384/500 ---
Averaged Train Loss: 1.4467
Averaged Test Accuracy: 0.4815
Averaged Test AUC: 0.8568
Std Test Accuracy: 0.1953
Std Test AUC: 0.0696

--- Round 385/500 ---
Averaged Train Loss: 1.4297
Averaged Test Accuracy: 0.4827
Averaged Test AUC: 0.8603
Std Test Accuracy: 0.1793
Std Test AUC: 0.0469

--- Round 386/500 ---
Averaged Train Loss: 1.4283
Averaged Test Accuracy: 0.4894
Averaged Test AUC: 0.8583
Std Test Accuracy: 0.1876
Std Test AUC: 0.0670

--- Round 387/500 ---
Averaged Train Loss: 1.4427
Averaged Test Accuracy: 0.4810
Averaged Test AUC: 0.8602
Std Test Accuracy: 0.1851
Std Test AUC: 0.0467

--- Round 388/500 ---
Averaged Train Loss: 1.4302
Averaged Test Accuracy: 0.4874
Averaged Test AUC: 0.8581
Std Test Accuracy: 0.1883
Std Test AUC: 0.0671

--- Round 389/500 ---
Averaged Train Loss: 1.4326
Averaged Test Accuracy: 0.4847
Averaged Test AUC: 0.8599
Std Test Accuracy: 0.1793
Std Test AUC: 0.0448

--- Round 390/500 ---
Averaged Train Loss: 1.4444
Averaged Test Accuracy: 0.4844
Averaged Test AUC: 0.8571
Std Test Accuracy: 0.1917
Std Test AUC: 0.0690

--- Round 391/500 ---
Averaged Train Loss: 1.4290
Averaged Test Accuracy: 0.4832
Averaged Test AUC: 0.8602
Std Test Accuracy: 0.1822
Std Test AUC: 0.0453

--- Round 392/500 ---
Averaged Train Loss: 1.4229
Averaged Test Accuracy: 0.4890
Averaged Test AUC: 0.8591
Std Test Accuracy: 0.1859
Std Test AUC: 0.0645

--- Round 393/500 ---
Averaged Train Loss: 1.4346
Averaged Test Accuracy: 0.4830
Averaged Test AUC: 0.8608
Std Test Accuracy: 0.1850
Std Test AUC: 0.0466

--- Round 394/500 ---
Averaged Train Loss: 1.4238
Averaged Test Accuracy: 0.4894
Averaged Test AUC: 0.8587
Std Test Accuracy: 0.1880
Std Test AUC: 0.0663

--- Round 395/500 ---
Averaged Train Loss: 1.4366
Averaged Test Accuracy: 0.4825
Averaged Test AUC: 0.8607
Std Test Accuracy: 0.1834
Std Test AUC: 0.0471

--- Round 396/500 ---
Averaged Train Loss: 1.4211
Averaged Test Accuracy: 0.4901
Averaged Test AUC: 0.8588
Std Test Accuracy: 0.1857
Std Test AUC: 0.0659

--- Round 397/500 ---
Averaged Train Loss: 1.4366
Averaged Test Accuracy: 0.4822
Averaged Test AUC: 0.8608
Std Test Accuracy: 0.1845
Std Test AUC: 0.0468

--- Round 398/500 ---
Averaged Train Loss: 1.4184
Averaged Test Accuracy: 0.4906
Averaged Test AUC: 0.8592
Std Test Accuracy: 0.1860
Std Test AUC: 0.0655

--- Round 399/500 ---
Averaged Train Loss: 1.4396
Averaged Test Accuracy: 0.4821
Averaged Test AUC: 0.8605
Std Test Accuracy: 0.1864
Std Test AUC: 0.0475

--- Round 400/500 ---
Averaged Train Loss: 1.4261
Averaged Test Accuracy: 0.4895
Averaged Test AUC: 0.8584
Std Test Accuracy: 0.1876
Std Test AUC: 0.0664

--- Round 401/500 ---
Averaged Train Loss: 1.4219
Averaged Test Accuracy: 0.4860
Averaged Test AUC: 0.8606
Std Test Accuracy: 0.1769
Std Test AUC: 0.0442

--- Round 402/500 ---
Averaged Train Loss: 1.4297
Averaged Test Accuracy: 0.4874
Averaged Test AUC: 0.8585
Std Test Accuracy: 0.1871
Std Test AUC: 0.0660

--- Round 403/500 ---
Averaged Train Loss: 1.4283
Averaged Test Accuracy: 0.4868
Averaged Test AUC: 0.8601
Std Test Accuracy: 0.1794
Std Test AUC: 0.0453

--- Round 404/500 ---
Averaged Train Loss: 1.4356
Averaged Test Accuracy: 0.4870
Averaged Test AUC: 0.8583
Std Test Accuracy: 0.1888
Std Test AUC: 0.0672

--- Round 405/500 ---
Averaged Train Loss: 1.4185
Averaged Test Accuracy: 0.4873
Averaged Test AUC: 0.8618
Std Test Accuracy: 0.1818
Std Test AUC: 0.0456

--- Round 406/500 ---
Averaged Train Loss: 1.4358
Averaged Test Accuracy: 0.4858
Averaged Test AUC: 0.8580
Std Test Accuracy: 0.1902
Std Test AUC: 0.0681

--- Round 407/500 ---
Averaged Train Loss: 1.4153
Averaged Test Accuracy: 0.4874
Averaged Test AUC: 0.8613
Std Test Accuracy: 0.1777
Std Test AUC: 0.0449

--- Round 408/500 ---
Averaged Train Loss: 1.4320
Averaged Test Accuracy: 0.4862
Averaged Test AUC: 0.8583
Std Test Accuracy: 0.1896
Std Test AUC: 0.0671

--- Round 409/500 ---
Averaged Train Loss: 1.4219
Averaged Test Accuracy: 0.4875
Averaged Test AUC: 0.8615
Std Test Accuracy: 0.1808
Std Test AUC: 0.0457

--- Round 410/500 ---
Averaged Train Loss: 1.4288
Averaged Test Accuracy: 0.4877
Averaged Test AUC: 0.8586
Std Test Accuracy: 0.1885
Std Test AUC: 0.0670

--- Round 411/500 ---
Averaged Train Loss: 1.4199
Averaged Test Accuracy: 0.4875
Averaged Test AUC: 0.8617
Std Test Accuracy: 0.1807
Std Test AUC: 0.0453

--- Round 412/500 ---
Averaged Train Loss: 1.4315
Averaged Test Accuracy: 0.4868
Averaged Test AUC: 0.8584
Std Test Accuracy: 0.1892
Std Test AUC: 0.0672

--- Round 413/500 ---
Averaged Train Loss: 1.4131
Averaged Test Accuracy: 0.4879
Averaged Test AUC: 0.8620
Std Test Accuracy: 0.1793
Std Test AUC: 0.0445

--- Round 414/500 ---
Averaged Train Loss: 1.4306
Averaged Test Accuracy: 0.4868
Averaged Test AUC: 0.8585
Std Test Accuracy: 0.1902
Std Test AUC: 0.0669

--- Round 415/500 ---
Averaged Train Loss: 1.4165
Averaged Test Accuracy: 0.4879
Averaged Test AUC: 0.8618
Std Test Accuracy: 0.1804
Std Test AUC: 0.0462

--- Round 416/500 ---
Averaged Train Loss: 1.4276
Averaged Test Accuracy: 0.4884
Averaged Test AUC: 0.8588
Std Test Accuracy: 0.1897
Std Test AUC: 0.0662

--- Round 417/500 ---
Averaged Train Loss: 1.4160
Averaged Test Accuracy: 0.4879
Averaged Test AUC: 0.8621
Std Test Accuracy: 0.1801
Std Test AUC: 0.0443

--- Round 418/500 ---
Averaged Train Loss: 1.4283
Averaged Test Accuracy: 0.4897
Averaged Test AUC: 0.8587
Std Test Accuracy: 0.1889
Std Test AUC: 0.0672

--- Round 419/500 ---
Averaged Train Loss: 1.4170
Averaged Test Accuracy: 0.4888
Averaged Test AUC: 0.8614
Std Test Accuracy: 0.1760
Std Test AUC: 0.0446

--- Round 420/500 ---
Averaged Train Loss: 1.4200
Averaged Test Accuracy: 0.4904
Averaged Test AUC: 0.8593
Std Test Accuracy: 0.1866
Std Test AUC: 0.0653

--- Round 421/500 ---
Averaged Train Loss: 1.4133
Averaged Test Accuracy: 0.4902
Averaged Test AUC: 0.8623
Std Test Accuracy: 0.1815
Std Test AUC: 0.0459

--- Round 422/500 ---
Averaged Train Loss: 1.4282
Averaged Test Accuracy: 0.4888
Averaged Test AUC: 0.8589
Std Test Accuracy: 0.1898
Std Test AUC: 0.0662

--- Round 423/500 ---
Averaged Train Loss: 1.4195
Averaged Test Accuracy: 0.4867
Averaged Test AUC: 0.8618
Std Test Accuracy: 0.1806
Std Test AUC: 0.0462

--- Round 424/500 ---
Averaged Train Loss: 1.4243
Averaged Test Accuracy: 0.4898
Averaged Test AUC: 0.8594
Std Test Accuracy: 0.1877
Std Test AUC: 0.0654

--- Round 425/500 ---
Averaged Train Loss: 1.4119
Averaged Test Accuracy: 0.4884
Averaged Test AUC: 0.8624
Std Test Accuracy: 0.1815
Std Test AUC: 0.0458

--- Round 426/500 ---
Averaged Train Loss: 1.4251
Averaged Test Accuracy: 0.4898
Averaged Test AUC: 0.8592
Std Test Accuracy: 0.1885
Std Test AUC: 0.0659

--- Round 427/500 ---
Averaged Train Loss: 1.4259
Averaged Test Accuracy: 0.4863
Averaged Test AUC: 0.8617
Std Test Accuracy: 0.1825
Std Test AUC: 0.0444

--- Round 428/500 ---
Averaged Train Loss: 1.4255
Averaged Test Accuracy: 0.4886
Averaged Test AUC: 0.8591
Std Test Accuracy: 0.1876
Std Test AUC: 0.0659

--- Round 429/500 ---
Averaged Train Loss: 1.4021
Averaged Test Accuracy: 0.4912
Averaged Test AUC: 0.8629
Std Test Accuracy: 0.1787
Std Test AUC: 0.0447

--- Round 430/500 ---
Averaged Train Loss: 1.4200
Averaged Test Accuracy: 0.4890
Averaged Test AUC: 0.8596
Std Test Accuracy: 0.1872
Std Test AUC: 0.0646

--- Round 431/500 ---
Averaged Train Loss: 1.4145
Averaged Test Accuracy: 0.4884
Averaged Test AUC: 0.8619
Std Test Accuracy: 0.1790
Std Test AUC: 0.0461

--- Round 432/500 ---
Averaged Train Loss: 1.4207
Averaged Test Accuracy: 0.4901
Averaged Test AUC: 0.8593
Std Test Accuracy: 0.1874
Std Test AUC: 0.0659

--- Round 433/500 ---
Averaged Train Loss: 1.4102
Averaged Test Accuracy: 0.4902
Averaged Test AUC: 0.8624
Std Test Accuracy: 0.1805
Std Test AUC: 0.0459

--- Round 434/500 ---
Averaged Train Loss: 1.4184
Averaged Test Accuracy: 0.4914
Averaged Test AUC: 0.8597
Std Test Accuracy: 0.1872
Std Test AUC: 0.0653

--- Round 435/500 ---
Averaged Train Loss: 1.4035
Averaged Test Accuracy: 0.4907
Averaged Test AUC: 0.8627
Std Test Accuracy: 0.1776
Std Test AUC: 0.0454

--- Round 436/500 ---
Averaged Train Loss: 1.4192
Averaged Test Accuracy: 0.4925
Averaged Test AUC: 0.8595
Std Test Accuracy: 0.1872
Std Test AUC: 0.0654

--- Round 437/500 ---
Averaged Train Loss: 1.4132
Averaged Test Accuracy: 0.4880
Averaged Test AUC: 0.8621
Std Test Accuracy: 0.1798
Std Test AUC: 0.0462

--- Round 438/500 ---
Averaged Train Loss: 1.4254
Averaged Test Accuracy: 0.4904
Averaged Test AUC: 0.8592
Std Test Accuracy: 0.1879
Std Test AUC: 0.0663

--- Round 439/500 ---
Averaged Train Loss: 1.3996
Averaged Test Accuracy: 0.4926
Averaged Test AUC: 0.8639
Std Test Accuracy: 0.1795
Std Test AUC: 0.0456

--- Round 440/500 ---
Averaged Train Loss: 1.4150
Averaged Test Accuracy: 0.4906
Averaged Test AUC: 0.8600
Std Test Accuracy: 0.1867
Std Test AUC: 0.0644

--- Round 441/500 ---
Averaged Train Loss: 1.4039
Averaged Test Accuracy: 0.4904
Averaged Test AUC: 0.8629
Std Test Accuracy: 0.1788
Std Test AUC: 0.0457

--- Round 442/500 ---
Averaged Train Loss: 1.4220
Averaged Test Accuracy: 0.4909
Averaged Test AUC: 0.8595
Std Test Accuracy: 0.1874
Std Test AUC: 0.0652

--- Round 443/500 ---
Averaged Train Loss: 1.4072
Averaged Test Accuracy: 0.4896
Averaged Test AUC: 0.8626
Std Test Accuracy: 0.1778
Std Test AUC: 0.0458

--- Round 444/500 ---
Averaged Train Loss: 1.4142
Averaged Test Accuracy: 0.4920
Averaged Test AUC: 0.8602
Std Test Accuracy: 0.1852
Std Test AUC: 0.0637

--- Round 445/500 ---
Averaged Train Loss: 1.4072
Averaged Test Accuracy: 0.4920
Averaged Test AUC: 0.8627
Std Test Accuracy: 0.1817
Std Test AUC: 0.0460

--- Round 446/500 ---
Averaged Train Loss: 1.4176
Averaged Test Accuracy: 0.4918
Averaged Test AUC: 0.8600
Std Test Accuracy: 0.1868
Std Test AUC: 0.0646

--- Round 447/500 ---
Averaged Train Loss: 1.4096
Averaged Test Accuracy: 0.4894
Averaged Test AUC: 0.8622
Std Test Accuracy: 0.1791
Std Test AUC: 0.0465

--- Round 448/500 ---
Averaged Train Loss: 1.3990
Averaged Test Accuracy: 0.4957
Averaged Test AUC: 0.8619
Std Test Accuracy: 0.1793
Std Test AUC: 0.0576

--- Round 449/500 ---
Averaged Train Loss: 1.4050
Averaged Test Accuracy: 0.4922
Averaged Test AUC: 0.8627
Std Test Accuracy: 0.1739
Std Test AUC: 0.0436

--- Round 450/500 ---
Averaged Train Loss: 1.4066
Averaged Test Accuracy: 0.4951
Averaged Test AUC: 0.8603
Std Test Accuracy: 0.1859
Std Test AUC: 0.0638

--- Round 451/500 ---
Averaged Train Loss: 1.4119
Averaged Test Accuracy: 0.4907
Averaged Test AUC: 0.8628
Std Test Accuracy: 0.1812
Std Test AUC: 0.0464

--- Round 452/500 ---
Averaged Train Loss: 1.4170
Averaged Test Accuracy: 0.4925
Averaged Test AUC: 0.8599
Std Test Accuracy: 0.1833
Std Test AUC: 0.0632

--- Round 453/500 ---
Averaged Train Loss: 1.4074
Averaged Test Accuracy: 0.4919
Averaged Test AUC: 0.8629
Std Test Accuracy: 0.1815
Std Test AUC: 0.0463

--- Round 454/500 ---
Averaged Train Loss: 1.3999
Averaged Test Accuracy: 0.4955
Averaged Test AUC: 0.8610
Std Test Accuracy: 0.1807
Std Test AUC: 0.0612

--- Round 455/500 ---
Averaged Train Loss: 1.4126
Averaged Test Accuracy: 0.4908
Averaged Test AUC: 0.8627
Std Test Accuracy: 0.1804
Std Test AUC: 0.0463

--- Round 456/500 ---
Averaged Train Loss: 1.3974
Averaged Test Accuracy: 0.4967
Averaged Test AUC: 0.8611
Std Test Accuracy: 0.1811
Std Test AUC: 0.0620

--- Round 457/500 ---
Averaged Train Loss: 1.4134
Averaged Test Accuracy: 0.4912
Averaged Test AUC: 0.8628
Std Test Accuracy: 0.1826
Std Test AUC: 0.0472

--- Round 458/500 ---
Averaged Train Loss: 1.4184
Averaged Test Accuracy: 0.4929
Averaged Test AUC: 0.8596
Std Test Accuracy: 0.1874
Std Test AUC: 0.0656

--- Round 459/500 ---
Averaged Train Loss: 1.4087
Averaged Test Accuracy: 0.4910
Averaged Test AUC: 0.8628
Std Test Accuracy: 0.1769
Std Test AUC: 0.0445

--- Round 460/500 ---
Averaged Train Loss: 1.4030
Averaged Test Accuracy: 0.4950
Averaged Test AUC: 0.8610
Std Test Accuracy: 0.1840
Std Test AUC: 0.0629

--- Round 461/500 ---
Averaged Train Loss: 1.4087
Averaged Test Accuracy: 0.4922
Averaged Test AUC: 0.8627
Std Test Accuracy: 0.1783
Std Test AUC: 0.0452

--- Round 462/500 ---
Averaged Train Loss: 1.3982
Averaged Test Accuracy: 0.4967
Averaged Test AUC: 0.8613
Std Test Accuracy: 0.1804
Std Test AUC: 0.0610

--- Round 463/500 ---
Averaged Train Loss: 1.4085
Averaged Test Accuracy: 0.4922
Averaged Test AUC: 0.8630
Std Test Accuracy: 0.1832
Std Test AUC: 0.0471

--- Round 464/500 ---
Averaged Train Loss: 1.3982
Averaged Test Accuracy: 0.4973
Averaged Test AUC: 0.8614
Std Test Accuracy: 0.1805
Std Test AUC: 0.0613

--- Round 465/500 ---
Averaged Train Loss: 1.4068
Averaged Test Accuracy: 0.4921
Averaged Test AUC: 0.8632
Std Test Accuracy: 0.1790
Std Test AUC: 0.0468

--- Round 466/500 ---
Averaged Train Loss: 1.4021
Averaged Test Accuracy: 0.4962
Averaged Test AUC: 0.8611
Std Test Accuracy: 0.1824
Std Test AUC: 0.0617

--- Round 467/500 ---
Averaged Train Loss: 1.3953
Averaged Test Accuracy: 0.4931
Averaged Test AUC: 0.8633
Std Test Accuracy: 0.1727
Std Test AUC: 0.0436

--- Round 468/500 ---
Averaged Train Loss: 1.4055
Averaged Test Accuracy: 0.4941
Averaged Test AUC: 0.8614
Std Test Accuracy: 0.1820
Std Test AUC: 0.0602

--- Round 469/500 ---
Averaged Train Loss: 1.4062
Averaged Test Accuracy: 0.4920
Averaged Test AUC: 0.8627
Std Test Accuracy: 0.1764
Std Test AUC: 0.0460

--- Round 470/500 ---
Averaged Train Loss: 1.4058
Averaged Test Accuracy: 0.4942
Averaged Test AUC: 0.8610
Std Test Accuracy: 0.1867
Std Test AUC: 0.0626

--- Round 471/500 ---
Averaged Train Loss: 1.3979
Averaged Test Accuracy: 0.4927
Averaged Test AUC: 0.8634
Std Test Accuracy: 0.1788
Std Test AUC: 0.0462

--- Round 472/500 ---
Averaged Train Loss: 1.4064
Averaged Test Accuracy: 0.4939
Averaged Test AUC: 0.8610
Std Test Accuracy: 0.1859
Std Test AUC: 0.0622

--- Round 473/500 ---
Averaged Train Loss: 1.3888
Averaged Test Accuracy: 0.4944
Averaged Test AUC: 0.8639
Std Test Accuracy: 0.1777
Std Test AUC: 0.0448

--- Round 474/500 ---
Averaged Train Loss: 1.3992
Averaged Test Accuracy: 0.4951
Averaged Test AUC: 0.8613
Std Test Accuracy: 0.1803
Std Test AUC: 0.0600

--- Round 475/500 ---
Averaged Train Loss: 1.4079
Averaged Test Accuracy: 0.4918
Averaged Test AUC: 0.8632
Std Test Accuracy: 0.1811
Std Test AUC: 0.0469

--- Round 476/500 ---
Averaged Train Loss: 1.3992
Averaged Test Accuracy: 0.4959
Averaged Test AUC: 0.8612
Std Test Accuracy: 0.1861
Std Test AUC: 0.0627

--- Round 477/500 ---
Averaged Train Loss: 1.4024
Averaged Test Accuracy: 0.4929
Averaged Test AUC: 0.8634
Std Test Accuracy: 0.1803
Std Test AUC: 0.0468

--- Round 478/500 ---
Averaged Train Loss: 1.3990
Averaged Test Accuracy: 0.4967
Averaged Test AUC: 0.8615
Std Test Accuracy: 0.1818
Std Test AUC: 0.0610

--- Round 479/500 ---
Averaged Train Loss: 1.4048
Averaged Test Accuracy: 0.4917
Averaged Test AUC: 0.8634
Std Test Accuracy: 0.1803
Std Test AUC: 0.0463

--- Round 480/500 ---
Averaged Train Loss: 1.3938
Averaged Test Accuracy: 0.4977
Averaged Test AUC: 0.8618
Std Test Accuracy: 0.1801
Std Test AUC: 0.0602

--- Round 481/500 ---
Averaged Train Loss: 1.4034
Averaged Test Accuracy: 0.4924
Averaged Test AUC: 0.8634
Std Test Accuracy: 0.1803
Std Test AUC: 0.0468

--- Round 482/500 ---
Averaged Train Loss: 1.3947
Averaged Test Accuracy: 0.4975
Averaged Test AUC: 0.8617
Std Test Accuracy: 0.1808
Std Test AUC: 0.0607

--- Round 483/500 ---
Averaged Train Loss: 1.4097
Averaged Test Accuracy: 0.4916
Averaged Test AUC: 0.8631
Std Test Accuracy: 0.1831
Std Test AUC: 0.0480

--- Round 484/500 ---
Averaged Train Loss: 1.3950
Averaged Test Accuracy: 0.4975
Averaged Test AUC: 0.8615
Std Test Accuracy: 0.1815
Std Test AUC: 0.0611

--- Round 485/500 ---
Averaged Train Loss: 1.4048
Averaged Test Accuracy: 0.4930
Averaged Test AUC: 0.8634
Std Test Accuracy: 0.1811
Std Test AUC: 0.0476

--- Round 486/500 ---
Averaged Train Loss: 1.3979
Averaged Test Accuracy: 0.4961
Averaged Test AUC: 0.8612
Std Test Accuracy: 0.1803
Std Test AUC: 0.0607

--- Round 487/500 ---
Averaged Train Loss: 1.4026
Averaged Test Accuracy: 0.4933
Averaged Test AUC: 0.8635
Std Test Accuracy: 0.1802
Std Test AUC: 0.0473

--- Round 488/500 ---
Averaged Train Loss: 1.4158
Averaged Test Accuracy: 0.4925
Averaged Test AUC: 0.8601
Std Test Accuracy: 0.1852
Std Test AUC: 0.0617

--- Round 489/500 ---
Averaged Train Loss: 1.3972
Averaged Test Accuracy: 0.4943
Averaged Test AUC: 0.8638
Std Test Accuracy: 0.1797
Std Test AUC: 0.0468

--- Round 490/500 ---
Averaged Train Loss: 1.3824
Averaged Test Accuracy: 0.5003
Averaged Test AUC: 0.8633
Std Test Accuracy: 0.1744
Std Test AUC: 0.0544

--- Round 491/500 ---
Averaged Train Loss: 1.3932
Averaged Test Accuracy: 0.4938
Averaged Test AUC: 0.8641
Std Test Accuracy: 0.1784
Std Test AUC: 0.0457

--- Round 492/500 ---
Averaged Train Loss: 1.3904
Averaged Test Accuracy: 0.4979
Averaged Test AUC: 0.8623
Std Test Accuracy: 0.1776
Std Test AUC: 0.0585

--- Round 493/500 ---
Averaged Train Loss: 1.3968
Averaged Test Accuracy: 0.4932
Averaged Test AUC: 0.8637
Std Test Accuracy: 0.1789
Std Test AUC: 0.0465

--- Round 494/500 ---
Averaged Train Loss: 1.3904
Averaged Test Accuracy: 0.4993
Averaged Test AUC: 0.8623
Std Test Accuracy: 0.1786
Std Test AUC: 0.0589

--- Round 495/500 ---
Averaged Train Loss: 1.4023
Averaged Test Accuracy: 0.4925
Averaged Test AUC: 0.8635
Std Test Accuracy: 0.1806
Std Test AUC: 0.0470

--- Round 496/500 ---
Averaged Train Loss: 1.3900
Averaged Test Accuracy: 0.4987
Averaged Test AUC: 0.8621
Std Test Accuracy: 0.1793
Std Test AUC: 0.0597

--- Round 497/500 ---
Averaged Train Loss: 1.4023
Averaged Test Accuracy: 0.4938
Averaged Test AUC: 0.8636
Std Test Accuracy: 0.1805
Std Test AUC: 0.0473

--- Round 498/500 ---
Averaged Train Loss: 1.3892
Averaged Test Accuracy: 0.4993
Averaged Test AUC: 0.8622
Std Test Accuracy: 0.1789
Std Test AUC: 0.0595

--- Round 499/500 ---
Averaged Train Loss: 1.3989
Averaged Test Accuracy: 0.4933
Averaged Test AUC: 0.8636
Std Test Accuracy: 0.1788
Std Test AUC: 0.0471

--- Round 500/500 ---
Averaged Train Loss: 1.3899
Averaged Test Accuracy: 0.4990
Averaged Test AUC: 0.8622
Std Test Accuracy: 0.1783
Std Test AUC: 0.0592

========== Training Complete ==========
Best Test Accuracy: 0.5002660989888238
File path: ../results/Cifar10_FedEntPlusSmooth_smooth_trial01_0008_0.h5

Average time cost: 2257.35s.
Length:  501
std for best accuracy: 0.0
mean for best accuracy: 0.5002660989888238
All done!

Storage on cuda:0
-------------------------------------------------------------------------------
Total Tensors: 237205260 	Used Memory: 623.57M
The allocated memory on cuda:0: 641.70M
Memory differs due to the matrix alignment or invisible gradient buffer tensors
-------------------------------------------------------------------------------
