==================================================
goal = smooth_trial01_0084
device = cuda
device_id = 0
dataset = Cifar10
num_classes = 10
model = CNN
batch_size = 64
local_learning_rate = 0.01
learning_rate_decay = True
learning_rate_decay_gamma = 0.98
global_rounds = 500
top_cnt = 100
local_epochs = 5
algorithm = FedEntPlusSmooth
join_ratio = 0.1
random_join_ratio = False
num_clients = 100
prev = 0
times = 1
eval_gap = 1
save_folder_name = items
auto_break = False
dlg_eval = False
dlg_gap = 100
batch_num_per_client = 2
num_new_clients = 0
fine_tuning_epoch_new = 0
feature_dim = 512
vocab_size = 32000
max_len = 200
client_drop_rate = 0.0
train_slow_rate = 0.0
send_slow_rate = 0.0
time_select = False
time_threthold = 10000
beta = 0.0
lamda = 1.0
mu = 0.0
K = 5
p_learning_rate = 0.01
M = 5
itk = 4000
alphaK = 1.0
sigma = 1.0
alpha = 1.0
plocal_epochs = 1
tau = 1.0
fine_tuning_epochs = 10
dr_learning_rate = 0.0
L = 1.0
noise_dim = 512
generator_learning_rate = 0.005
hidden_dim = 512
server_epochs = 1000
localize_feature_extractor = False
server_learning_rate = 1.0
eta = 1.0
rand_percent = 80
layer_idx = 2
mentee_learning_rate = 0.005
T_start = 0.95
T_end = 0.98
momentum = 0.9
kl_weight = 0.0
buffer_size = 0
dp_epsilon = 0.0
H_min = None
alpha_vp = 0.0
enable_dynamic_param = False
log_fedent = False
log_filename = None
dynamic_config_path = /home/john/PFLlib/system/auto_configs/smooth_trial01_0084.json
==================================================

============= Running time: 0th =============
Creating server and clients ...
FedAvgCNN(
  (conv1): Sequential(
    (0): Conv2d(3, 32, kernel_size=(5, 5), stride=(1, 1))
    (1): ReLU(inplace=True)
    (2): MaxPool2d(kernel_size=(2, 2), stride=(2, 2), padding=0, dilation=1, ceil_mode=False)
  )
  (conv2): Sequential(
    (0): Conv2d(32, 64, kernel_size=(5, 5), stride=(1, 1))
    (1): ReLU(inplace=True)
    (2): MaxPool2d(kernel_size=(2, 2), stride=(2, 2), padding=0, dilation=1, ceil_mode=False)
  )
  (fc1): Sequential(
    (0): Linear(in_features=1600, out_features=512, bias=True)
    (1): ReLU(inplace=True)
  )
  (fc): Linear(in_features=512, out_features=10, bias=True)
)

Join ratio / total clients: 0.1 / 100
Finished creating server and clients.

--- Round 0/500 ---
Averaged Train Loss: 2.3038
Averaged Test Accuracy: 0.0928
Averaged Test AUC: 0.4894
Std Test Accuracy: 0.1434
Std Test AUC: 0.2233

--- Round 1/500 ---
Averaged Train Loss: 2.3032
Averaged Test Accuracy: 0.0919
Averaged Test AUC: 0.4969
Std Test Accuracy: 0.1319
Std Test AUC: 0.2302

--- Round 2/500 ---
Averaged Train Loss: 2.3017
Averaged Test Accuracy: 0.1052
Averaged Test AUC: 0.5168
Std Test Accuracy: 0.1699
Std Test AUC: 0.2335

--- Round 3/500 ---
Averaged Train Loss: 2.3045
Averaged Test Accuracy: 0.1718
Averaged Test AUC: 0.5352
Std Test Accuracy: 0.2446
Std Test AUC: 0.2613

--- Round 4/500 ---
Averaged Train Loss: 2.2964
Averaged Test Accuracy: 0.1503
Averaged Test AUC: 0.5493
Std Test Accuracy: 0.2353
Std Test AUC: 0.2411

--- Round 5/500 ---
Averaged Train Loss: 2.2709
Averaged Test Accuracy: 0.1676
Averaged Test AUC: 0.5793
Std Test Accuracy: 0.2062
Std Test AUC: 0.2384

--- Round 6/500 ---
Averaged Train Loss: 2.3137
Averaged Test Accuracy: 0.1575
Averaged Test AUC: 0.5684
Std Test Accuracy: 0.2092
Std Test AUC: 0.2166

--- Round 7/500 ---
Averaged Train Loss: 2.1867
Averaged Test Accuracy: 0.1973
Averaged Test AUC: 0.6535
Std Test Accuracy: 0.2014
Std Test AUC: 0.1674

--- Round 8/500 ---
Averaged Train Loss: 2.2359
Averaged Test Accuracy: 0.1933
Averaged Test AUC: 0.6203
Std Test Accuracy: 0.1970
Std Test AUC: 0.1813

--- Round 9/500 ---
Averaged Train Loss: 2.2441
Averaged Test Accuracy: 0.1700
Averaged Test AUC: 0.6287
Std Test Accuracy: 0.2746
Std Test AUC: 0.1965

--- Round 10/500 ---
Averaged Train Loss: 2.2135
Averaged Test Accuracy: 0.2026
Averaged Test AUC: 0.6299
Std Test Accuracy: 0.2255
Std Test AUC: 0.2012

--- Round 11/500 ---
Averaged Train Loss: 2.1502
Averaged Test Accuracy: 0.1958
Averaged Test AUC: 0.6630
Std Test Accuracy: 0.2201
Std Test AUC: 0.1361

--- Round 12/500 ---
Averaged Train Loss: 2.0545
Averaged Test Accuracy: 0.2449
Averaged Test AUC: 0.7132
Std Test Accuracy: 0.1936
Std Test AUC: 0.0918

--- Round 13/500 ---
Averaged Train Loss: 2.1018
Averaged Test Accuracy: 0.2104
Averaged Test AUC: 0.6917
Std Test Accuracy: 0.1990
Std Test AUC: 0.1161

--- Round 14/500 ---
Averaged Train Loss: 2.0294
Averaged Test Accuracy: 0.2475
Averaged Test AUC: 0.7202
Std Test Accuracy: 0.1887
Std Test AUC: 0.0845

--- Round 15/500 ---
Averaged Train Loss: 2.0564
Averaged Test Accuracy: 0.2157
Averaged Test AUC: 0.7124
Std Test Accuracy: 0.1835
Std Test AUC: 0.1126

--- Round 16/500 ---
Averaged Train Loss: 2.1178
Averaged Test Accuracy: 0.1924
Averaged Test AUC: 0.6901
Std Test Accuracy: 0.2063
Std Test AUC: 0.1209

--- Round 17/500 ---
Averaged Train Loss: 2.0630
Averaged Test Accuracy: 0.2229
Averaged Test AUC: 0.7165
Std Test Accuracy: 0.2600
Std Test AUC: 0.1179

--- Round 18/500 ---
Averaged Train Loss: 2.0144
Averaged Test Accuracy: 0.2493
Averaged Test AUC: 0.7257
Std Test Accuracy: 0.2006
Std Test AUC: 0.0994

--- Round 19/500 ---
Averaged Train Loss: 2.0554
Averaged Test Accuracy: 0.2437
Averaged Test AUC: 0.7185
Std Test Accuracy: 0.2145
Std Test AUC: 0.1047

--- Round 20/500 ---
Averaged Train Loss: 2.0594
Averaged Test Accuracy: 0.2240
Averaged Test AUC: 0.7168
Std Test Accuracy: 0.2134
Std Test AUC: 0.1088

--- Round 21/500 ---
Averaged Train Loss: 1.9872
Averaged Test Accuracy: 0.2475
Averaged Test AUC: 0.7380
Std Test Accuracy: 0.2079
Std Test AUC: 0.0830

--- Round 22/500 ---
Averaged Train Loss: 2.0133
Averaged Test Accuracy: 0.2612
Averaged Test AUC: 0.7277
Std Test Accuracy: 0.2411
Std Test AUC: 0.1148

--- Round 23/500 ---
Averaged Train Loss: 1.9904
Averaged Test Accuracy: 0.2569
Averaged Test AUC: 0.7375
Std Test Accuracy: 0.2373
Std Test AUC: 0.1044

--- Round 24/500 ---
Averaged Train Loss: 1.9955
Averaged Test Accuracy: 0.2646
Averaged Test AUC: 0.7273
Std Test Accuracy: 0.2279
Std Test AUC: 0.1327

--- Round 25/500 ---
Averaged Train Loss: 1.9591
Averaged Test Accuracy: 0.2622
Averaged Test AUC: 0.7383
Std Test Accuracy: 0.1874
Std Test AUC: 0.0849

--- Round 26/500 ---
Averaged Train Loss: 1.9519
Averaged Test Accuracy: 0.2703
Averaged Test AUC: 0.7475
Std Test Accuracy: 0.2251
Std Test AUC: 0.0927

--- Round 27/500 ---
Averaged Train Loss: 1.9554
Averaged Test Accuracy: 0.2705
Averaged Test AUC: 0.7457
Std Test Accuracy: 0.1770
Std Test AUC: 0.0867

--- Round 28/500 ---
Averaged Train Loss: 1.9163
Averaged Test Accuracy: 0.2876
Averaged Test AUC: 0.7571
Std Test Accuracy: 0.2101
Std Test AUC: 0.0774

--- Round 29/500 ---
Averaged Train Loss: 1.9227
Averaged Test Accuracy: 0.2907
Averaged Test AUC: 0.7569
Std Test Accuracy: 0.2199
Std Test AUC: 0.0857

--- Round 30/500 ---
Averaged Train Loss: 1.8700
Averaged Test Accuracy: 0.3159
Averaged Test AUC: 0.7663
Std Test Accuracy: 0.1723
Std Test AUC: 0.0628

--- Round 31/500 ---
Averaged Train Loss: 1.9498
Averaged Test Accuracy: 0.2642
Averaged Test AUC: 0.7515
Std Test Accuracy: 0.2170
Std Test AUC: 0.0944

--- Round 32/500 ---
Averaged Train Loss: 1.9136
Averaged Test Accuracy: 0.2938
Averaged Test AUC: 0.7602
Std Test Accuracy: 0.2004
Std Test AUC: 0.0856

--- Round 33/500 ---
Averaged Train Loss: 1.9463
Averaged Test Accuracy: 0.2808
Averaged Test AUC: 0.7561
Std Test Accuracy: 0.2022
Std Test AUC: 0.0801

--- Round 34/500 ---
Averaged Train Loss: 1.9038
Averaged Test Accuracy: 0.2813
Averaged Test AUC: 0.7628
Std Test Accuracy: 0.1888
Std Test AUC: 0.0841

--- Round 35/500 ---
Averaged Train Loss: 1.9208
Averaged Test Accuracy: 0.2833
Averaged Test AUC: 0.7566
Std Test Accuracy: 0.1667
Std Test AUC: 0.0861

--- Round 36/500 ---
Averaged Train Loss: 1.8699
Averaged Test Accuracy: 0.3177
Averaged Test AUC: 0.7677
Std Test Accuracy: 0.1616
Std Test AUC: 0.0665

--- Round 37/500 ---
Averaged Train Loss: 1.8793
Averaged Test Accuracy: 0.3059
Averaged Test AUC: 0.7635
Std Test Accuracy: 0.1390
Std Test AUC: 0.0703

--- Round 38/500 ---
Averaged Train Loss: 1.9359
Averaged Test Accuracy: 0.2858
Averaged Test AUC: 0.7494
Std Test Accuracy: 0.1525
Std Test AUC: 0.0943

--- Round 39/500 ---
Averaged Train Loss: 1.8426
Averaged Test Accuracy: 0.3303
Averaged Test AUC: 0.7749
Std Test Accuracy: 0.1701
Std Test AUC: 0.0581

--- Round 40/500 ---
Averaged Train Loss: 1.8734
Averaged Test Accuracy: 0.3024
Averaged Test AUC: 0.7675
Std Test Accuracy: 0.2057
Std Test AUC: 0.0810

--- Round 41/500 ---
Averaged Train Loss: 1.8784
Averaged Test Accuracy: 0.2962
Averaged Test AUC: 0.7657
Std Test Accuracy: 0.1909
Std Test AUC: 0.0775

--- Round 42/500 ---
Averaged Train Loss: 1.8988
Averaged Test Accuracy: 0.3034
Averaged Test AUC: 0.7656
Std Test Accuracy: 0.2338
Std Test AUC: 0.0928

--- Round 43/500 ---
Averaged Train Loss: 1.8000
Averaged Test Accuracy: 0.3445
Averaged Test AUC: 0.7832
Std Test Accuracy: 0.1625
Std Test AUC: 0.0589

--- Round 44/500 ---
Averaged Train Loss: 1.8807
Averaged Test Accuracy: 0.2832
Averaged Test AUC: 0.7685
Std Test Accuracy: 0.2184
Std Test AUC: 0.0861

--- Round 45/500 ---
Averaged Train Loss: 1.8834
Averaged Test Accuracy: 0.2839
Averaged Test AUC: 0.7687
Std Test Accuracy: 0.2047
Std Test AUC: 0.0783

--- Round 46/500 ---
Averaged Train Loss: 1.7877
Averaged Test Accuracy: 0.3469
Averaged Test AUC: 0.7857
Std Test Accuracy: 0.1671
Std Test AUC: 0.0602

--- Round 47/500 ---
Averaged Train Loss: 1.9121
Averaged Test Accuracy: 0.2869
Averaged Test AUC: 0.7678
Std Test Accuracy: 0.2424
Std Test AUC: 0.0892

--- Round 48/500 ---
Averaged Train Loss: 1.8364
Averaged Test Accuracy: 0.3177
Averaged Test AUC: 0.7828
Std Test Accuracy: 0.1933
Std Test AUC: 0.0666

--- Round 49/500 ---
Averaged Train Loss: 1.8393
Averaged Test Accuracy: 0.3123
Averaged Test AUC: 0.7783
Std Test Accuracy: 0.1963
Std Test AUC: 0.0655

--- Round 50/500 ---
Averaged Train Loss: 1.7530
Averaged Test Accuracy: 0.3627
Averaged Test AUC: 0.7962
Std Test Accuracy: 0.1539
Std Test AUC: 0.0487

--- Round 51/500 ---
Averaged Train Loss: 1.8255
Averaged Test Accuracy: 0.3165
Averaged Test AUC: 0.7813
Std Test Accuracy: 0.1789
Std Test AUC: 0.0718

--- Round 52/500 ---
Averaged Train Loss: 1.7624
Averaged Test Accuracy: 0.3564
Averaged Test AUC: 0.7961
Std Test Accuracy: 0.1763
Std Test AUC: 0.0559

--- Round 53/500 ---
Averaged Train Loss: 1.8247
Averaged Test Accuracy: 0.3387
Averaged Test AUC: 0.7707
Std Test Accuracy: 0.1458
Std Test AUC: 0.0883

--- Round 54/500 ---
Averaged Train Loss: 1.7960
Averaged Test Accuracy: 0.3320
Averaged Test AUC: 0.7866
Std Test Accuracy: 0.1875
Std Test AUC: 0.0713

--- Round 55/500 ---
Averaged Train Loss: 1.7829
Averaged Test Accuracy: 0.3350
Averaged Test AUC: 0.7918
Std Test Accuracy: 0.1767
Std Test AUC: 0.0631

--- Round 56/500 ---
Averaged Train Loss: 1.7731
Averaged Test Accuracy: 0.3394
Averaged Test AUC: 0.7919
Std Test Accuracy: 0.1675
Std Test AUC: 0.0635

--- Round 57/500 ---
Averaged Train Loss: 1.7966
Averaged Test Accuracy: 0.3497
Averaged Test AUC: 0.7895
Std Test Accuracy: 0.2049
Std Test AUC: 0.0823

--- Round 58/500 ---
Averaged Train Loss: 1.7679
Averaged Test Accuracy: 0.3441
Averaged Test AUC: 0.7906
Std Test Accuracy: 0.1525
Std Test AUC: 0.0681

--- Round 59/500 ---
Averaged Train Loss: 1.7555
Averaged Test Accuracy: 0.3524
Averaged Test AUC: 0.7975
Std Test Accuracy: 0.1875
Std Test AUC: 0.0645

--- Round 60/500 ---
Averaged Train Loss: 1.7544
Averaged Test Accuracy: 0.3497
Averaged Test AUC: 0.8002
Std Test Accuracy: 0.1877
Std Test AUC: 0.0585

--- Round 61/500 ---
Averaged Train Loss: 1.7339
Averaged Test Accuracy: 0.3614
Averaged Test AUC: 0.8009
Std Test Accuracy: 0.1804
Std Test AUC: 0.0618

--- Round 62/500 ---
Averaged Train Loss: 1.7350
Averaged Test Accuracy: 0.3617
Averaged Test AUC: 0.7987
Std Test Accuracy: 0.1810
Std Test AUC: 0.0669

--- Round 63/500 ---
Averaged Train Loss: 1.7640
Averaged Test Accuracy: 0.3455
Averaged Test AUC: 0.7981
Std Test Accuracy: 0.1977
Std Test AUC: 0.0649

--- Round 64/500 ---
Averaged Train Loss: 1.7636
Averaged Test Accuracy: 0.3395
Averaged Test AUC: 0.7975
Std Test Accuracy: 0.2105
Std Test AUC: 0.0727

--- Round 65/500 ---
Averaged Train Loss: 1.7181
Averaged Test Accuracy: 0.3566
Averaged Test AUC: 0.8045
Std Test Accuracy: 0.1695
Std Test AUC: 0.0481

--- Round 66/500 ---
Averaged Train Loss: 1.7583
Averaged Test Accuracy: 0.3256
Averaged Test AUC: 0.7980
Std Test Accuracy: 0.1907
Std Test AUC: 0.0601

--- Round 67/500 ---
Averaged Train Loss: 1.6910
Averaged Test Accuracy: 0.3779
Averaged Test AUC: 0.8081
Std Test Accuracy: 0.1696
Std Test AUC: 0.0561

--- Round 68/500 ---
Averaged Train Loss: 1.8475
Averaged Test Accuracy: 0.3103
Averaged Test AUC: 0.7885
Std Test Accuracy: 0.2068
Std Test AUC: 0.0758

--- Round 69/500 ---
Averaged Train Loss: 1.6675
Averaged Test Accuracy: 0.3948
Averaged Test AUC: 0.8130
Std Test Accuracy: 0.1206
Std Test AUC: 0.0393

--- Round 70/500 ---
Averaged Train Loss: 1.7412
Averaged Test Accuracy: 0.3635
Averaged Test AUC: 0.8007
Std Test Accuracy: 0.2110
Std Test AUC: 0.0813

--- Round 71/500 ---
Averaged Train Loss: 1.7432
Averaged Test Accuracy: 0.3666
Averaged Test AUC: 0.7959
Std Test Accuracy: 0.1954
Std Test AUC: 0.0948

--- Round 72/500 ---
Averaged Train Loss: 1.7224
Averaged Test Accuracy: 0.3626
Averaged Test AUC: 0.8082
Std Test Accuracy: 0.1940
Std Test AUC: 0.0624

--- Round 73/500 ---
Averaged Train Loss: 1.6725
Averaged Test Accuracy: 0.3801
Averaged Test AUC: 0.8125
Std Test Accuracy: 0.1671
Std Test AUC: 0.0509

--- Round 74/500 ---
Averaged Train Loss: 1.6821
Averaged Test Accuracy: 0.3860
Averaged Test AUC: 0.8111
Std Test Accuracy: 0.1388
Std Test AUC: 0.0515

--- Round 75/500 ---
Averaged Train Loss: 1.6786
Averaged Test Accuracy: 0.3854
Averaged Test AUC: 0.8083
Std Test Accuracy: 0.1262
Std Test AUC: 0.0598

--- Round 76/500 ---
Averaged Train Loss: 1.7166
Averaged Test Accuracy: 0.3577
Averaged Test AUC: 0.8037
Std Test Accuracy: 0.1623
Std Test AUC: 0.0652

--- Round 77/500 ---
Averaged Train Loss: 1.6793
Averaged Test Accuracy: 0.3904
Averaged Test AUC: 0.8120
Std Test Accuracy: 0.2039
Std Test AUC: 0.0718

--- Round 78/500 ---
Averaged Train Loss: 1.7078
Averaged Test Accuracy: 0.3736
Averaged Test AUC: 0.8085
Std Test Accuracy: 0.1799
Std Test AUC: 0.0639

--- Round 79/500 ---
Averaged Train Loss: 1.6481
Averaged Test Accuracy: 0.3942
Averaged Test AUC: 0.8179
Std Test Accuracy: 0.1662
Std Test AUC: 0.0536

--- Round 80/500 ---
Averaged Train Loss: 1.6738
Averaged Test Accuracy: 0.3826
Averaged Test AUC: 0.8130
Std Test Accuracy: 0.1618
Std Test AUC: 0.0632

--- Round 81/500 ---
Averaged Train Loss: 1.6557
Averaged Test Accuracy: 0.3965
Averaged Test AUC: 0.8166
Std Test Accuracy: 0.1864
Std Test AUC: 0.0652

--- Round 82/500 ---
Averaged Train Loss: 1.6157
Averaged Test Accuracy: 0.4166
Averaged Test AUC: 0.8219
Std Test Accuracy: 0.1063
Std Test AUC: 0.0357

--- Round 83/500 ---
Averaged Train Loss: 1.6293
Averaged Test Accuracy: 0.4014
Averaged Test AUC: 0.8206
Std Test Accuracy: 0.1485
Std Test AUC: 0.0423

--- Round 84/500 ---
Averaged Train Loss: 1.6684
Averaged Test Accuracy: 0.3799
Averaged Test AUC: 0.8154
Std Test Accuracy: 0.1782
Std Test AUC: 0.0553

--- Round 85/500 ---
Averaged Train Loss: 1.6637
Averaged Test Accuracy: 0.3753
Averaged Test AUC: 0.8150
Std Test Accuracy: 0.1639
Std Test AUC: 0.0485

--- Round 86/500 ---
Averaged Train Loss: 1.8886
Averaged Test Accuracy: 0.3039
Averaged Test AUC: 0.7817
Std Test Accuracy: 0.1951
Std Test AUC: 0.0933

--- Round 87/500 ---
Averaged Train Loss: 1.6609
Averaged Test Accuracy: 0.3836
Averaged Test AUC: 0.8154
Std Test Accuracy: 0.1739
Std Test AUC: 0.0551

--- Round 88/500 ---
Averaged Train Loss: 1.6080
Averaged Test Accuracy: 0.4146
Averaged Test AUC: 0.8252
Std Test Accuracy: 0.1589
Std Test AUC: 0.0446

--- Round 89/500 ---
Averaged Train Loss: 1.6362
Averaged Test Accuracy: 0.3896
Averaged Test AUC: 0.8207
Std Test Accuracy: 0.1676
Std Test AUC: 0.0465

--- Round 90/500 ---
Averaged Train Loss: 1.6775
Averaged Test Accuracy: 0.3633
Averaged Test AUC: 0.8140
Std Test Accuracy: 0.1774
Std Test AUC: 0.0547

--- Round 91/500 ---
Averaged Train Loss: 1.7009
Averaged Test Accuracy: 0.3543
Averaged Test AUC: 0.8105
Std Test Accuracy: 0.1832
Std Test AUC: 0.0601

--- Round 92/500 ---
Averaged Train Loss: 1.7176
Averaged Test Accuracy: 0.3473
Averaged Test AUC: 0.8079
Std Test Accuracy: 0.1851
Std Test AUC: 0.0634

--- Round 93/500 ---
Averaged Train Loss: 1.6926
Averaged Test Accuracy: 0.3798
Averaged Test AUC: 0.8132
Std Test Accuracy: 0.2022
Std Test AUC: 0.0754

--- Round 94/500 ---
Averaged Train Loss: 1.6999
Averaged Test Accuracy: 0.3770
Averaged Test AUC: 0.8124
Std Test Accuracy: 0.1945
Std Test AUC: 0.0686

--- Round 95/500 ---
Averaged Train Loss: 1.6547
Averaged Test Accuracy: 0.3883
Averaged Test AUC: 0.8204
Std Test Accuracy: 0.1983
Std Test AUC: 0.0643

--- Round 96/500 ---
Averaged Train Loss: 1.6320
Averaged Test Accuracy: 0.4041
Averaged Test AUC: 0.8198
Std Test Accuracy: 0.1625
Std Test AUC: 0.0569

--- Round 97/500 ---
Averaged Train Loss: 1.6309
Averaged Test Accuracy: 0.3979
Averaged Test AUC: 0.8191
Std Test Accuracy: 0.1346
Std Test AUC: 0.0525

--- Round 98/500 ---
Averaged Train Loss: 1.6303
Averaged Test Accuracy: 0.3950
Averaged Test AUC: 0.8214
Std Test Accuracy: 0.1611
Std Test AUC: 0.0481

--- Round 99/500 ---
Averaged Train Loss: 1.8801
Averaged Test Accuracy: 0.3017
Averaged Test AUC: 0.7843
Std Test Accuracy: 0.1934
Std Test AUC: 0.0906

--- Round 100/500 ---
Averaged Train Loss: 1.6188
Averaged Test Accuracy: 0.4015
Averaged Test AUC: 0.8250
Std Test Accuracy: 0.1802
Std Test AUC: 0.0514

--- Round 101/500 ---
Averaged Train Loss: 1.6387
Averaged Test Accuracy: 0.3977
Averaged Test AUC: 0.8199
Std Test Accuracy: 0.1662
Std Test AUC: 0.0599

--- Round 102/500 ---
Averaged Train Loss: 1.5775
Averaged Test Accuracy: 0.4265
Averaged Test AUC: 0.8300
Std Test Accuracy: 0.1251
Std Test AUC: 0.0401

--- Round 103/500 ---
Averaged Train Loss: 1.6112
Averaged Test Accuracy: 0.4146
Averaged Test AUC: 0.8240
Std Test Accuracy: 0.1518
Std Test AUC: 0.0526

--- Round 104/500 ---
Averaged Train Loss: 1.6676
Averaged Test Accuracy: 0.3869
Averaged Test AUC: 0.8165
Std Test Accuracy: 0.1837
Std Test AUC: 0.0630

--- Round 105/500 ---
Averaged Train Loss: 1.6079
Averaged Test Accuracy: 0.4236
Averaged Test AUC: 0.8239
Std Test Accuracy: 0.1422
Std Test AUC: 0.0518

--- Round 106/500 ---
Averaged Train Loss: 1.6191
Averaged Test Accuracy: 0.4051
Averaged Test AUC: 0.8250
Std Test Accuracy: 0.1851
Std Test AUC: 0.0589

--- Round 107/500 ---
Averaged Train Loss: 1.5703
Averaged Test Accuracy: 0.4264
Averaged Test AUC: 0.8312
Std Test Accuracy: 0.1444
Std Test AUC: 0.0445

--- Round 108/500 ---
Averaged Train Loss: 1.6247
Averaged Test Accuracy: 0.4050
Averaged Test AUC: 0.8256
Std Test Accuracy: 0.1818
Std Test AUC: 0.0571

--- Round 109/500 ---
Averaged Train Loss: 1.5823
Averaged Test Accuracy: 0.4230
Averaged Test AUC: 0.8301
Std Test Accuracy: 0.1563
Std Test AUC: 0.0460

--- Round 110/500 ---
Averaged Train Loss: 1.6060
Averaged Test Accuracy: 0.4117
Averaged Test AUC: 0.8276
Std Test Accuracy: 0.1990
Std Test AUC: 0.0609

--- Round 111/500 ---
Averaged Train Loss: 1.5964
Averaged Test Accuracy: 0.4108
Averaged Test AUC: 0.8248
Std Test Accuracy: 0.1257
Std Test AUC: 0.0475

--- Round 112/500 ---
Averaged Train Loss: 1.5987
Averaged Test Accuracy: 0.4017
Averaged Test AUC: 0.8263
Std Test Accuracy: 0.1290
Std Test AUC: 0.0414

--- Round 113/500 ---
Averaged Train Loss: 1.5639
Averaged Test Accuracy: 0.4335
Averaged Test AUC: 0.8314
Std Test Accuracy: 0.1271
Std Test AUC: 0.0419

--- Round 114/500 ---
Averaged Train Loss: 1.6021
Averaged Test Accuracy: 0.4106
Averaged Test AUC: 0.8263
Std Test Accuracy: 0.1552
Std Test AUC: 0.0510

--- Round 115/500 ---
Averaged Train Loss: 1.5955
Averaged Test Accuracy: 0.4148
Averaged Test AUC: 0.8285
Std Test Accuracy: 0.1784
Std Test AUC: 0.0576

--- Round 116/500 ---
Averaged Train Loss: 1.5842
Averaged Test Accuracy: 0.4193
Averaged Test AUC: 0.8297
Std Test Accuracy: 0.1536
Std Test AUC: 0.0528

--- Round 117/500 ---
Averaged Train Loss: 1.5982
Averaged Test Accuracy: 0.4122
Averaged Test AUC: 0.8292
Std Test Accuracy: 0.1647
Std Test AUC: 0.0541

--- Round 118/500 ---
Averaged Train Loss: 1.5982
Averaged Test Accuracy: 0.4082
Averaged Test AUC: 0.8303
Std Test Accuracy: 0.1662
Std Test AUC: 0.0485

--- Round 119/500 ---
Averaged Train Loss: 1.6169
Averaged Test Accuracy: 0.4055
Averaged Test AUC: 0.8286
Std Test Accuracy: 0.1725
Std Test AUC: 0.0491

--- Round 120/500 ---
Averaged Train Loss: 1.5644
Averaged Test Accuracy: 0.4317
Averaged Test AUC: 0.8343
Std Test Accuracy: 0.1496
Std Test AUC: 0.0426

--- Round 121/500 ---
Averaged Train Loss: 1.5690
Averaged Test Accuracy: 0.4336
Averaged Test AUC: 0.8326
Std Test Accuracy: 0.1600
Std Test AUC: 0.0479

--- Round 122/500 ---
Averaged Train Loss: 1.6276
Averaged Test Accuracy: 0.3988
Averaged Test AUC: 0.8275
Std Test Accuracy: 0.1940
Std Test AUC: 0.0571

--- Round 123/500 ---
Averaged Train Loss: 1.5939
Averaged Test Accuracy: 0.4121
Averaged Test AUC: 0.8298
Std Test Accuracy: 0.1573
Std Test AUC: 0.0519

--- Round 124/500 ---
Averaged Train Loss: 1.5986
Averaged Test Accuracy: 0.4125
Averaged Test AUC: 0.8297
Std Test Accuracy: 0.1891
Std Test AUC: 0.0633

--- Round 125/500 ---
Averaged Train Loss: 1.6867
Averaged Test Accuracy: 0.3722
Averaged Test AUC: 0.8185
Std Test Accuracy: 0.1892
Std Test AUC: 0.0627

--- Round 126/500 ---
Averaged Train Loss: 1.5858
Averaged Test Accuracy: 0.4276
Averaged Test AUC: 0.8300
Std Test Accuracy: 0.1554
Std Test AUC: 0.0524

--- Round 127/500 ---
Averaged Train Loss: 1.5645
Averaged Test Accuracy: 0.4274
Averaged Test AUC: 0.8337
Std Test Accuracy: 0.1353
Std Test AUC: 0.0450

--- Round 128/500 ---
Averaged Train Loss: 1.6767
Averaged Test Accuracy: 0.3874
Averaged Test AUC: 0.8112
Std Test Accuracy: 0.1573
Std Test AUC: 0.0834

--- Round 129/500 ---
Averaged Train Loss: 1.6314
Averaged Test Accuracy: 0.3921
Averaged Test AUC: 0.8265
Std Test Accuracy: 0.1996
Std Test AUC: 0.0605

--- Round 130/500 ---
Averaged Train Loss: 1.6364
Averaged Test Accuracy: 0.4018
Averaged Test AUC: 0.8294
Std Test Accuracy: 0.1804
Std Test AUC: 0.0550

--- Round 131/500 ---
Averaged Train Loss: 1.5585
Averaged Test Accuracy: 0.4216
Averaged Test AUC: 0.8358
Std Test Accuracy: 0.1627
Std Test AUC: 0.0444

--- Round 132/500 ---
Averaged Train Loss: 1.5393
Averaged Test Accuracy: 0.4434
Averaged Test AUC: 0.8385
Std Test Accuracy: 0.1300
Std Test AUC: 0.0467

--- Round 133/500 ---
Averaged Train Loss: 1.6595
Averaged Test Accuracy: 0.3928
Averaged Test AUC: 0.8155
Std Test Accuracy: 0.1532
Std Test AUC: 0.0775

--- Round 134/500 ---
Averaged Train Loss: 1.6493
Averaged Test Accuracy: 0.3906
Averaged Test AUC: 0.8215
Std Test Accuracy: 0.2219
Std Test AUC: 0.0882

--- Round 135/500 ---
Averaged Train Loss: 1.6281
Averaged Test Accuracy: 0.4039
Averaged Test AUC: 0.8302
Std Test Accuracy: 0.1709
Std Test AUC: 0.0545

--- Round 136/500 ---
Averaged Train Loss: 1.6901
Averaged Test Accuracy: 0.3817
Averaged Test AUC: 0.8168
Std Test Accuracy: 0.2314
Std Test AUC: 0.0836

--- Round 137/500 ---
Averaged Train Loss: 1.5467
Averaged Test Accuracy: 0.4371
Averaged Test AUC: 0.8389
Std Test Accuracy: 0.1592
Std Test AUC: 0.0491

--- Round 138/500 ---
Averaged Train Loss: 1.6173
Averaged Test Accuracy: 0.4113
Averaged Test AUC: 0.8210
Std Test Accuracy: 0.1456
Std Test AUC: 0.0774

--- Round 139/500 ---
Averaged Train Loss: 1.6553
Averaged Test Accuracy: 0.3921
Averaged Test AUC: 0.8218
Std Test Accuracy: 0.2257
Std Test AUC: 0.0915

--- Round 140/500 ---
Averaged Train Loss: 1.6058
Averaged Test Accuracy: 0.4114
Averaged Test AUC: 0.8328
Std Test Accuracy: 0.1734
Std Test AUC: 0.0537

--- Round 141/500 ---
Averaged Train Loss: 1.6745
Averaged Test Accuracy: 0.3870
Averaged Test AUC: 0.8198
Std Test Accuracy: 0.2286
Std Test AUC: 0.0804

--- Round 142/500 ---
Averaged Train Loss: 1.5348
Averaged Test Accuracy: 0.4413
Averaged Test AUC: 0.8407
Std Test Accuracy: 0.1569
Std Test AUC: 0.0488

--- Round 143/500 ---
Averaged Train Loss: 1.6222
Averaged Test Accuracy: 0.4067
Averaged Test AUC: 0.8215
Std Test Accuracy: 0.1581
Std Test AUC: 0.0753

--- Round 144/500 ---
Averaged Train Loss: 1.6277
Averaged Test Accuracy: 0.3976
Averaged Test AUC: 0.8283
Std Test Accuracy: 0.2248
Std Test AUC: 0.0815

--- Round 145/500 ---
Averaged Train Loss: 1.6231
Averaged Test Accuracy: 0.4067
Averaged Test AUC: 0.8316
Std Test Accuracy: 0.1793
Std Test AUC: 0.0576

--- Round 146/500 ---
Averaged Train Loss: 1.6537
Averaged Test Accuracy: 0.3965
Averaged Test AUC: 0.8238
Std Test Accuracy: 0.2293
Std Test AUC: 0.0791

--- Round 147/500 ---
Averaged Train Loss: 1.5137
Averaged Test Accuracy: 0.4491
Averaged Test AUC: 0.8441
Std Test Accuracy: 0.1476
Std Test AUC: 0.0464

--- Round 148/500 ---
Averaged Train Loss: 1.6224
Averaged Test Accuracy: 0.4065
Averaged Test AUC: 0.8219
Std Test Accuracy: 0.1717
Std Test AUC: 0.0790

--- Round 149/500 ---
Averaged Train Loss: 1.6244
Averaged Test Accuracy: 0.4029
Averaged Test AUC: 0.8280
Std Test Accuracy: 0.2226
Std Test AUC: 0.0853

--- Round 150/500 ---
Averaged Train Loss: 1.5993
Averaged Test Accuracy: 0.4128
Averaged Test AUC: 0.8345
Std Test Accuracy: 0.1732
Std Test AUC: 0.0545

--- Round 151/500 ---
Averaged Train Loss: 1.6502
Averaged Test Accuracy: 0.3960
Averaged Test AUC: 0.8247
Std Test Accuracy: 0.2296
Std Test AUC: 0.0798

--- Round 152/500 ---
Averaged Train Loss: 1.5121
Averaged Test Accuracy: 0.4514
Averaged Test AUC: 0.8447
Std Test Accuracy: 0.1519
Std Test AUC: 0.0491

--- Round 153/500 ---
Averaged Train Loss: 1.5976
Averaged Test Accuracy: 0.4176
Averaged Test AUC: 0.8250
Std Test Accuracy: 0.1520
Std Test AUC: 0.0743

--- Round 154/500 ---
Averaged Train Loss: 1.5979
Averaged Test Accuracy: 0.4107
Averaged Test AUC: 0.8318
Std Test Accuracy: 0.2143
Std Test AUC: 0.0820

--- Round 155/500 ---
Averaged Train Loss: 1.6023
Averaged Test Accuracy: 0.4091
Averaged Test AUC: 0.8349
Std Test Accuracy: 0.1769
Std Test AUC: 0.0539

--- Round 156/500 ---
Averaged Train Loss: 1.6327
Averaged Test Accuracy: 0.4009
Averaged Test AUC: 0.8276
Std Test Accuracy: 0.2235
Std Test AUC: 0.0744

--- Round 157/500 ---
Averaged Train Loss: 1.5112
Averaged Test Accuracy: 0.4489
Averaged Test AUC: 0.8453
Std Test Accuracy: 0.1587
Std Test AUC: 0.0485

--- Round 158/500 ---
Averaged Train Loss: 1.5642
Averaged Test Accuracy: 0.4264
Averaged Test AUC: 0.8314
Std Test Accuracy: 0.1445
Std Test AUC: 0.0636

--- Round 159/500 ---
Averaged Train Loss: 1.6078
Averaged Test Accuracy: 0.4073
Averaged Test AUC: 0.8299
Std Test Accuracy: 0.2141
Std Test AUC: 0.0849

--- Round 160/500 ---
Averaged Train Loss: 1.5834
Averaged Test Accuracy: 0.4174
Averaged Test AUC: 0.8375
Std Test Accuracy: 0.1721
Std Test AUC: 0.0504

--- Round 161/500 ---
Averaged Train Loss: 1.5855
Averaged Test Accuracy: 0.4156
Averaged Test AUC: 0.8338
Std Test Accuracy: 0.2148
Std Test AUC: 0.0661

--- Round 162/500 ---
Averaged Train Loss: 1.5037
Averaged Test Accuracy: 0.4525
Averaged Test AUC: 0.8470
Std Test Accuracy: 0.1582
Std Test AUC: 0.0477

--- Round 163/500 ---
Averaged Train Loss: 1.5754
Averaged Test Accuracy: 0.4218
Averaged Test AUC: 0.8294
Std Test Accuracy: 0.1630
Std Test AUC: 0.0717

--- Round 164/500 ---
Averaged Train Loss: 1.5856
Averaged Test Accuracy: 0.4146
Averaged Test AUC: 0.8351
Std Test Accuracy: 0.2136
Std Test AUC: 0.0800

--- Round 165/500 ---
Averaged Train Loss: 1.5750
Averaged Test Accuracy: 0.4221
Averaged Test AUC: 0.8377
Std Test Accuracy: 0.1681
Std Test AUC: 0.0537

--- Round 166/500 ---
Averaged Train Loss: 1.6227
Averaged Test Accuracy: 0.4067
Averaged Test AUC: 0.8293
Std Test Accuracy: 0.2243
Std Test AUC: 0.0746

--- Round 167/500 ---
Averaged Train Loss: 1.4898
Averaged Test Accuracy: 0.4550
Averaged Test AUC: 0.8483
Std Test Accuracy: 0.1538
Std Test AUC: 0.0482

--- Round 168/500 ---
Averaged Train Loss: 1.5823
Averaged Test Accuracy: 0.4251
Averaged Test AUC: 0.8292
Std Test Accuracy: 0.1581
Std Test AUC: 0.0716

--- Round 169/500 ---
Averaged Train Loss: 1.5882
Averaged Test Accuracy: 0.4170
Averaged Test AUC: 0.8336
Std Test Accuracy: 0.2130
Std Test AUC: 0.0814

--- Round 170/500 ---
Averaged Train Loss: 1.5255
Averaged Test Accuracy: 0.4389
Averaged Test AUC: 0.8452
Std Test Accuracy: 0.1477
Std Test AUC: 0.0403

--- Round 171/500 ---
Averaged Train Loss: 1.6012
Averaged Test Accuracy: 0.4115
Averaged Test AUC: 0.8322
Std Test Accuracy: 0.2168
Std Test AUC: 0.0699

--- Round 172/500 ---
Averaged Train Loss: 1.4653
Averaged Test Accuracy: 0.4663
Averaged Test AUC: 0.8514
Std Test Accuracy: 0.1319
Std Test AUC: 0.0436

--- Round 173/500 ---
Averaged Train Loss: 1.5612
Averaged Test Accuracy: 0.4287
Averaged Test AUC: 0.8318
Std Test Accuracy: 0.1493
Std Test AUC: 0.0684

--- Round 174/500 ---
Averaged Train Loss: 1.5810
Averaged Test Accuracy: 0.4167
Averaged Test AUC: 0.8359
Std Test Accuracy: 0.2174
Std Test AUC: 0.0787

--- Round 175/500 ---
Averaged Train Loss: 1.5554
Averaged Test Accuracy: 0.4303
Averaged Test AUC: 0.8427
Std Test Accuracy: 0.1684
Std Test AUC: 0.0491

--- Round 176/500 ---
Averaged Train Loss: 1.5526
Averaged Test Accuracy: 0.4270
Averaged Test AUC: 0.8393
Std Test Accuracy: 0.2075
Std Test AUC: 0.0614

--- Round 177/500 ---
Averaged Train Loss: 1.4625
Averaged Test Accuracy: 0.4669
Averaged Test AUC: 0.8520
Std Test Accuracy: 0.1356
Std Test AUC: 0.0419

--- Round 178/500 ---
Averaged Train Loss: 1.5644
Averaged Test Accuracy: 0.4282
Averaged Test AUC: 0.8321
Std Test Accuracy: 0.1579
Std Test AUC: 0.0685

--- Round 179/500 ---
Averaged Train Loss: 1.5711
Averaged Test Accuracy: 0.4236
Averaged Test AUC: 0.8365
Std Test Accuracy: 0.2117
Std Test AUC: 0.0807

--- Round 180/500 ---
Averaged Train Loss: 1.5593
Averaged Test Accuracy: 0.4242
Averaged Test AUC: 0.8414
Std Test Accuracy: 0.1705
Std Test AUC: 0.0485

--- Round 181/500 ---
Averaged Train Loss: 1.5460
Averaged Test Accuracy: 0.4300
Averaged Test AUC: 0.8385
Std Test Accuracy: 0.1960
Std Test AUC: 0.0594

--- Round 182/500 ---
Averaged Train Loss: 1.4577
Averaged Test Accuracy: 0.4679
Averaged Test AUC: 0.8525
Std Test Accuracy: 0.1373
Std Test AUC: 0.0449

--- Round 183/500 ---
Averaged Train Loss: 1.5268
Averaged Test Accuracy: 0.4390
Averaged Test AUC: 0.8384
Std Test Accuracy: 0.1415
Std Test AUC: 0.0570

--- Round 184/500 ---
Averaged Train Loss: 1.5489
Averaged Test Accuracy: 0.4344
Averaged Test AUC: 0.8402
Std Test Accuracy: 0.2079
Std Test AUC: 0.0782

--- Round 185/500 ---
Averaged Train Loss: 1.5145
Averaged Test Accuracy: 0.4422
Averaged Test AUC: 0.8471
Std Test Accuracy: 0.1611
Std Test AUC: 0.0452

--- Round 186/500 ---
Averaged Train Loss: 1.5947
Averaged Test Accuracy: 0.4185
Averaged Test AUC: 0.8332
Std Test Accuracy: 0.2155
Std Test AUC: 0.0728

--- Round 187/500 ---
Averaged Train Loss: 1.4650
Averaged Test Accuracy: 0.4641
Averaged Test AUC: 0.8527
Std Test Accuracy: 0.1526
Std Test AUC: 0.0470

--- Round 188/500 ---
Averaged Train Loss: 1.5381
Averaged Test Accuracy: 0.4369
Averaged Test AUC: 0.8370
Std Test Accuracy: 0.1502
Std Test AUC: 0.0618

--- Round 189/500 ---
Averaged Train Loss: 1.5503
Averaged Test Accuracy: 0.4261
Averaged Test AUC: 0.8414
Std Test Accuracy: 0.2162
Std Test AUC: 0.0741

--- Round 190/500 ---
Averaged Train Loss: 1.5456
Averaged Test Accuracy: 0.4351
Averaged Test AUC: 0.8459
Std Test Accuracy: 0.1656
Std Test AUC: 0.0472

--- Round 191/500 ---
Averaged Train Loss: 1.5711
Averaged Test Accuracy: 0.4225
Averaged Test AUC: 0.8371
Std Test Accuracy: 0.2145
Std Test AUC: 0.0703

--- Round 192/500 ---
Averaged Train Loss: 1.4576
Averaged Test Accuracy: 0.4639
Averaged Test AUC: 0.8533
Std Test Accuracy: 0.1503
Std Test AUC: 0.0475

--- Round 193/500 ---
Averaged Train Loss: 1.5238
Averaged Test Accuracy: 0.4423
Averaged Test AUC: 0.8388
Std Test Accuracy: 0.1568
Std Test AUC: 0.0641

--- Round 194/500 ---
Averaged Train Loss: 1.5477
Averaged Test Accuracy: 0.4351
Averaged Test AUC: 0.8409
Std Test Accuracy: 0.2078
Std Test AUC: 0.0774

--- Round 195/500 ---
Averaged Train Loss: 1.4946
Averaged Test Accuracy: 0.4506
Averaged Test AUC: 0.8496
Std Test Accuracy: 0.1425
Std Test AUC: 0.0385

--- Round 196/500 ---
Averaged Train Loss: 1.5827
Averaged Test Accuracy: 0.4221
Averaged Test AUC: 0.8373
Std Test Accuracy: 0.2156
Std Test AUC: 0.0691

--- Round 197/500 ---
Averaged Train Loss: 1.4556
Averaged Test Accuracy: 0.4652
Averaged Test AUC: 0.8537
Std Test Accuracy: 0.1494
Std Test AUC: 0.0470

--- Round 198/500 ---
Averaged Train Loss: 1.5250
Averaged Test Accuracy: 0.4417
Averaged Test AUC: 0.8391
Std Test Accuracy: 0.1550
Std Test AUC: 0.0621

--- Round 199/500 ---
Averaged Train Loss: 1.5647
Averaged Test Accuracy: 0.4276
Averaged Test AUC: 0.8397
Std Test Accuracy: 0.2156
Std Test AUC: 0.0803

--- Round 200/500 ---
Averaged Train Loss: 1.5211
Averaged Test Accuracy: 0.4415
Averaged Test AUC: 0.8472
Std Test Accuracy: 0.1608
Std Test AUC: 0.0466

--- Round 201/500 ---
Averaged Train Loss: 1.5679
Averaged Test Accuracy: 0.4268
Averaged Test AUC: 0.8389
Std Test Accuracy: 0.2167
Std Test AUC: 0.0702

--- Round 202/500 ---
Averaged Train Loss: 1.4406
Averaged Test Accuracy: 0.4736
Averaged Test AUC: 0.8554
Std Test Accuracy: 0.1426
Std Test AUC: 0.0442

--- Round 203/500 ---
Averaged Train Loss: 1.5215
Averaged Test Accuracy: 0.4425
Averaged Test AUC: 0.8390
Std Test Accuracy: 0.1507
Std Test AUC: 0.0641

--- Round 204/500 ---
Averaged Train Loss: 1.5457
Averaged Test Accuracy: 0.4361
Averaged Test AUC: 0.8419
Std Test Accuracy: 0.2085
Std Test AUC: 0.0781

--- Round 205/500 ---
Averaged Train Loss: 1.5095
Averaged Test Accuracy: 0.4471
Averaged Test AUC: 0.8495
Std Test Accuracy: 0.1576
Std Test AUC: 0.0446

--- Round 206/500 ---
Averaged Train Loss: 1.4997
Averaged Test Accuracy: 0.4496
Averaged Test AUC: 0.8462
Std Test Accuracy: 0.1905
Std Test AUC: 0.0563

--- Round 207/500 ---
Averaged Train Loss: 1.4217
Averaged Test Accuracy: 0.4806
Averaged Test AUC: 0.8576
Std Test Accuracy: 0.1407
Std Test AUC: 0.0436

--- Round 208/500 ---
Averaged Train Loss: 1.5123
Averaged Test Accuracy: 0.4437
Averaged Test AUC: 0.8406
Std Test Accuracy: 0.1553
Std Test AUC: 0.0625

--- Round 209/500 ---
Averaged Train Loss: 1.5281
Averaged Test Accuracy: 0.4385
Averaged Test AUC: 0.8456
Std Test Accuracy: 0.2111
Std Test AUC: 0.0710

--- Round 210/500 ---
Averaged Train Loss: 1.5132
Averaged Test Accuracy: 0.4432
Averaged Test AUC: 0.8480
Std Test Accuracy: 0.1563
Std Test AUC: 0.0456

--- Round 211/500 ---
Averaged Train Loss: 1.5636
Averaged Test Accuracy: 0.4292
Averaged Test AUC: 0.8385
Std Test Accuracy: 0.2103
Std Test AUC: 0.0710

--- Round 212/500 ---
Averaged Train Loss: 1.4215
Averaged Test Accuracy: 0.4790
Averaged Test AUC: 0.8577
Std Test Accuracy: 0.1428
Std Test AUC: 0.0452

--- Round 213/500 ---
Averaged Train Loss: 1.5042
Averaged Test Accuracy: 0.4497
Averaged Test AUC: 0.8416
Std Test Accuracy: 0.1572
Std Test AUC: 0.0639

--- Round 214/500 ---
Averaged Train Loss: 1.5226
Averaged Test Accuracy: 0.4417
Averaged Test AUC: 0.8461
Std Test Accuracy: 0.2102
Std Test AUC: 0.0720

--- Round 215/500 ---
Averaged Train Loss: 1.5227
Averaged Test Accuracy: 0.4398
Averaged Test AUC: 0.8474
Std Test Accuracy: 0.1662
Std Test AUC: 0.0493

--- Round 216/500 ---
Averaged Train Loss: 1.4947
Averaged Test Accuracy: 0.4503
Averaged Test AUC: 0.8475
Std Test Accuracy: 0.1944
Std Test AUC: 0.0564

--- Round 217/500 ---
Averaged Train Loss: 1.4069
Averaged Test Accuracy: 0.4857
Averaged Test AUC: 0.8597
Std Test Accuracy: 0.1339
Std Test AUC: 0.0398

--- Round 218/500 ---
Averaged Train Loss: 1.4886
Averaged Test Accuracy: 0.4500
Averaged Test AUC: 0.8450
Std Test Accuracy: 0.1596
Std Test AUC: 0.0587

--- Round 219/500 ---
Averaged Train Loss: 1.5317
Averaged Test Accuracy: 0.4399
Averaged Test AUC: 0.8450
Std Test Accuracy: 0.2127
Std Test AUC: 0.0762

--- Round 220/500 ---
Averaged Train Loss: 1.4988
Averaged Test Accuracy: 0.4490
Averaged Test AUC: 0.8510
Std Test Accuracy: 0.1620
Std Test AUC: 0.0463

--- Round 221/500 ---
Averaged Train Loss: 1.5466
Averaged Test Accuracy: 0.4329
Averaged Test AUC: 0.8418
Std Test Accuracy: 0.2171
Std Test AUC: 0.0695

--- Round 222/500 ---
Averaged Train Loss: 1.4161
Averaged Test Accuracy: 0.4789
Averaged Test AUC: 0.8591
Std Test Accuracy: 0.1497
Std Test AUC: 0.0436

--- Round 223/500 ---
Averaged Train Loss: 1.5018
Averaged Test Accuracy: 0.4502
Averaged Test AUC: 0.8433
Std Test Accuracy: 0.1532
Std Test AUC: 0.0609

--- Round 224/500 ---
Averaged Train Loss: 1.5145
Averaged Test Accuracy: 0.4477
Averaged Test AUC: 0.8466
Std Test Accuracy: 0.2045
Std Test AUC: 0.0743

--- Round 225/500 ---
Averaged Train Loss: 1.4869
Averaged Test Accuracy: 0.4574
Averaged Test AUC: 0.8517
Std Test Accuracy: 0.1467
Std Test AUC: 0.0433

--- Round 226/500 ---
Averaged Train Loss: 1.5439
Averaged Test Accuracy: 0.4373
Averaged Test AUC: 0.8416
Std Test Accuracy: 0.2129
Std Test AUC: 0.0703

--- Round 227/500 ---
Averaged Train Loss: 1.4277
Averaged Test Accuracy: 0.4753
Averaged Test AUC: 0.8581
Std Test Accuracy: 0.1614
Std Test AUC: 0.0490

--- Round 228/500 ---
Averaged Train Loss: 1.4796
Averaged Test Accuracy: 0.4534
Averaged Test AUC: 0.8456
Std Test Accuracy: 0.1535
Std Test AUC: 0.0593

--- Round 229/500 ---
Averaged Train Loss: 1.5136
Averaged Test Accuracy: 0.4445
Averaged Test AUC: 0.8468
Std Test Accuracy: 0.2072
Std Test AUC: 0.0730

--- Round 230/500 ---
Averaged Train Loss: 1.4657
Averaged Test Accuracy: 0.4623
Averaged Test AUC: 0.8551
Std Test Accuracy: 0.1447
Std Test AUC: 0.0391

--- Round 231/500 ---
Averaged Train Loss: 1.4703
Averaged Test Accuracy: 0.4578
Averaged Test AUC: 0.8512
Std Test Accuracy: 0.1920
Std Test AUC: 0.0544

--- Round 232/500 ---
Averaged Train Loss: 1.4317
Averaged Test Accuracy: 0.4747
Averaged Test AUC: 0.8576
Std Test Accuracy: 0.1611
Std Test AUC: 0.0509

--- Round 233/500 ---
Averaged Train Loss: 1.4653
Averaged Test Accuracy: 0.4610
Averaged Test AUC: 0.8476
Std Test Accuracy: 0.1436
Std Test AUC: 0.0572

--- Round 234/500 ---
Averaged Train Loss: 1.5187
Averaged Test Accuracy: 0.4445
Averaged Test AUC: 0.8476
Std Test Accuracy: 0.2142
Std Test AUC: 0.0736

--- Round 235/500 ---
Averaged Train Loss: 1.4784
Averaged Test Accuracy: 0.4591
Averaged Test AUC: 0.8549
Std Test Accuracy: 0.1547
Std Test AUC: 0.0434

--- Round 236/500 ---
Averaged Train Loss: 1.4594
Averaged Test Accuracy: 0.4606
Averaged Test AUC: 0.8523
Std Test Accuracy: 0.1922
Std Test AUC: 0.0550

--- Round 237/500 ---
Averaged Train Loss: 1.4041
Averaged Test Accuracy: 0.4858
Averaged Test AUC: 0.8609
Std Test Accuracy: 0.1410
Std Test AUC: 0.0433

--- Round 238/500 ---
Averaged Train Loss: 1.4630
Averaged Test Accuracy: 0.4608
Averaged Test AUC: 0.8480
Std Test Accuracy: 0.1492
Std Test AUC: 0.0601

--- Round 239/500 ---
Averaged Train Loss: 1.5000
Averaged Test Accuracy: 0.4494
Averaged Test AUC: 0.8498
Std Test Accuracy: 0.2076
Std Test AUC: 0.0721

--- Round 240/500 ---
Averaged Train Loss: 1.4741
Averaged Test Accuracy: 0.4584
Averaged Test AUC: 0.8547
Std Test Accuracy: 0.1557
Std Test AUC: 0.0436

--- Round 241/500 ---
Averaged Train Loss: 1.5268
Averaged Test Accuracy: 0.4422
Averaged Test AUC: 0.8458
Std Test Accuracy: 0.2158
Std Test AUC: 0.0672

--- Round 242/500 ---
Averaged Train Loss: 1.3922
Averaged Test Accuracy: 0.4906
Averaged Test AUC: 0.8623
Std Test Accuracy: 0.1455
Std Test AUC: 0.0446

--- Round 243/500 ---
Averaged Train Loss: 1.4718
Averaged Test Accuracy: 0.4545
Averaged Test AUC: 0.8475
Std Test Accuracy: 0.1572
Std Test AUC: 0.0603

--- Round 244/500 ---
Averaged Train Loss: 1.4881
Averaged Test Accuracy: 0.4538
Averaged Test AUC: 0.8502
Std Test Accuracy: 0.1991
Std Test AUC: 0.0707

--- Round 245/500 ---
Averaged Train Loss: 1.4972
Averaged Test Accuracy: 0.4466
Averaged Test AUC: 0.8521
Std Test Accuracy: 0.1662
Std Test AUC: 0.0470

--- Round 246/500 ---
Averaged Train Loss: 1.5330
Averaged Test Accuracy: 0.4442
Averaged Test AUC: 0.8441
Std Test Accuracy: 0.2185
Std Test AUC: 0.0705

--- Round 247/500 ---
Averaged Train Loss: 1.4066
Averaged Test Accuracy: 0.4834
Averaged Test AUC: 0.8606
Std Test Accuracy: 0.1501
Std Test AUC: 0.0469

--- Round 248/500 ---
Averaged Train Loss: 1.4683
Averaged Test Accuracy: 0.4595
Averaged Test AUC: 0.8478
Std Test Accuracy: 0.1541
Std Test AUC: 0.0584

--- Round 249/500 ---
Averaged Train Loss: 1.4639
Averaged Test Accuracy: 0.4627
Averaged Test AUC: 0.8530
Std Test Accuracy: 0.1962
Std Test AUC: 0.0679

--- Round 250/500 ---
Averaged Train Loss: 1.4696
Averaged Test Accuracy: 0.4590
Averaged Test AUC: 0.8548
Std Test Accuracy: 0.1618
Std Test AUC: 0.0454

--- Round 251/500 ---
Averaged Train Loss: 1.5181
Averaged Test Accuracy: 0.4474
Averaged Test AUC: 0.8466
Std Test Accuracy: 0.2146
Std Test AUC: 0.0679

--- Round 252/500 ---
Averaged Train Loss: 1.3873
Averaged Test Accuracy: 0.4877
Averaged Test AUC: 0.8633
Std Test Accuracy: 0.1481
Std Test AUC: 0.0429

--- Round 253/500 ---
Averaged Train Loss: 1.4325
Averaged Test Accuracy: 0.4717
Averaged Test AUC: 0.8528
Std Test Accuracy: 0.1500
Std Test AUC: 0.0542

--- Round 254/500 ---
Averaged Train Loss: 1.4958
Averaged Test Accuracy: 0.4508
Averaged Test AUC: 0.8508
Std Test Accuracy: 0.2088
Std Test AUC: 0.0714

--- Round 255/500 ---
Averaged Train Loss: 1.4667
Averaged Test Accuracy: 0.4578
Averaged Test AUC: 0.8566
Std Test Accuracy: 0.1599
Std Test AUC: 0.0431

--- Round 256/500 ---
Averaged Train Loss: 1.5021
Averaged Test Accuracy: 0.4532
Averaged Test AUC: 0.8480
Std Test Accuracy: 0.2093
Std Test AUC: 0.0675

--- Round 257/500 ---
Averaged Train Loss: 1.3842
Averaged Test Accuracy: 0.4914
Averaged Test AUC: 0.8640
Std Test Accuracy: 0.1550
Std Test AUC: 0.0451

--- Round 258/500 ---
Averaged Train Loss: 1.4594
Averaged Test Accuracy: 0.4625
Averaged Test AUC: 0.8494
Std Test Accuracy: 0.1564
Std Test AUC: 0.0588

--- Round 259/500 ---
Averaged Train Loss: 1.4832
Averaged Test Accuracy: 0.4550
Averaged Test AUC: 0.8531
Std Test Accuracy: 0.2058
Std Test AUC: 0.0687

--- Round 260/500 ---
Averaged Train Loss: 1.4702
Averaged Test Accuracy: 0.4569
Averaged Test AUC: 0.8567
Std Test Accuracy: 0.1600
Std Test AUC: 0.0430

--- Round 261/500 ---
Averaged Train Loss: 1.5064
Averaged Test Accuracy: 0.4504
Averaged Test AUC: 0.8483
Std Test Accuracy: 0.2146
Std Test AUC: 0.0659

--- Round 262/500 ---
Averaged Train Loss: 1.4117
Averaged Test Accuracy: 0.4788
Averaged Test AUC: 0.8609
Std Test Accuracy: 0.1733
Std Test AUC: 0.0503

--- Round 263/500 ---
Averaged Train Loss: 1.4475
Averaged Test Accuracy: 0.4639
Averaged Test AUC: 0.8517
Std Test Accuracy: 0.1788
Std Test AUC: 0.0650

--- Round 264/500 ---
Averaged Train Loss: 1.4879
Averaged Test Accuracy: 0.4548
Averaged Test AUC: 0.8514
Std Test Accuracy: 0.2067
Std Test AUC: 0.0734

--- Round 265/500 ---
Averaged Train Loss: 1.4479
Averaged Test Accuracy: 0.4656
Averaged Test AUC: 0.8593
Std Test Accuracy: 0.1516
Std Test AUC: 0.0399

--- Round 266/500 ---
Averaged Train Loss: 1.4748
Averaged Test Accuracy: 0.4604
Averaged Test AUC: 0.8517
Std Test Accuracy: 0.2022
Std Test AUC: 0.0632

--- Round 267/500 ---
Averaged Train Loss: 1.3898
Averaged Test Accuracy: 0.4885
Averaged Test AUC: 0.8636
Std Test Accuracy: 0.1583
Std Test AUC: 0.0475

--- Round 268/500 ---
Averaged Train Loss: 1.4518
Averaged Test Accuracy: 0.4663
Averaged Test AUC: 0.8512
Std Test Accuracy: 0.1541
Std Test AUC: 0.0564

--- Round 269/500 ---
Averaged Train Loss: 1.4839
Averaged Test Accuracy: 0.4558
Averaged Test AUC: 0.8519
Std Test Accuracy: 0.2042
Std Test AUC: 0.0714

--- Round 270/500 ---
Averaged Train Loss: 1.4439
Averaged Test Accuracy: 0.4680
Averaged Test AUC: 0.8599
Std Test Accuracy: 0.1577
Std Test AUC: 0.0420

--- Round 271/500 ---
Averaged Train Loss: 1.4880
Averaged Test Accuracy: 0.4571
Averaged Test AUC: 0.8504
Std Test Accuracy: 0.2151
Std Test AUC: 0.0657

--- Round 272/500 ---
Averaged Train Loss: 1.3652
Averaged Test Accuracy: 0.4985
Averaged Test AUC: 0.8656
Std Test Accuracy: 0.1477
Std Test AUC: 0.0465

--- Round 273/500 ---
Averaged Train Loss: 1.4358
Averaged Test Accuracy: 0.4693
Averaged Test AUC: 0.8527
Std Test Accuracy: 0.1571
Std Test AUC: 0.0586

--- Round 274/500 ---
Averaged Train Loss: 1.4840
Averaged Test Accuracy: 0.4572
Averaged Test AUC: 0.8530
Std Test Accuracy: 0.2085
Std Test AUC: 0.0716

--- Round 275/500 ---
Averaged Train Loss: 1.4493
Averaged Test Accuracy: 0.4651
Averaged Test AUC: 0.8576
Std Test Accuracy: 0.1597
Std Test AUC: 0.0443

--- Round 276/500 ---
Averaged Train Loss: 1.4744
Averaged Test Accuracy: 0.4624
Averaged Test AUC: 0.8524
Std Test Accuracy: 0.2151
Std Test AUC: 0.0651

--- Round 277/500 ---
Averaged Train Loss: 1.3683
Averaged Test Accuracy: 0.4957
Averaged Test AUC: 0.8656
Std Test Accuracy: 0.1544
Std Test AUC: 0.0457

--- Round 278/500 ---
Averaged Train Loss: 1.4364
Averaged Test Accuracy: 0.4681
Averaged Test AUC: 0.8529
Std Test Accuracy: 0.1560
Std Test AUC: 0.0566

--- Round 279/500 ---
Averaged Train Loss: 1.4702
Averaged Test Accuracy: 0.4594
Averaged Test AUC: 0.8541
Std Test Accuracy: 0.2046
Std Test AUC: 0.0701

--- Round 280/500 ---
Averaged Train Loss: 1.4167
Averaged Test Accuracy: 0.4769
Averaged Test AUC: 0.8617
Std Test Accuracy: 0.1410
Std Test AUC: 0.0371

--- Round 281/500 ---
Averaged Train Loss: 1.4220
Averaged Test Accuracy: 0.4766
Averaged Test AUC: 0.8578
Std Test Accuracy: 0.1889
Std Test AUC: 0.0530

--- Round 282/500 ---
Averaged Train Loss: 1.3838
Averaged Test Accuracy: 0.4882
Averaged Test AUC: 0.8642
Std Test Accuracy: 0.1650
Std Test AUC: 0.0456

--- Round 283/500 ---
Averaged Train Loss: 1.4139
Averaged Test Accuracy: 0.4777
Averaged Test AUC: 0.8559
Std Test Accuracy: 0.1489
Std Test AUC: 0.0525

--- Round 284/500 ---
Averaged Train Loss: 1.4672
Averaged Test Accuracy: 0.4661
Averaged Test AUC: 0.8545
Std Test Accuracy: 0.2029
Std Test AUC: 0.0729

--- Round 285/500 ---
Averaged Train Loss: 1.4043
Averaged Test Accuracy: 0.4817
Averaged Test AUC: 0.8634
Std Test Accuracy: 0.1409
Std Test AUC: 0.0365

--- Round 286/500 ---
Averaged Train Loss: 1.4059
Averaged Test Accuracy: 0.4814
Averaged Test AUC: 0.8594
Std Test Accuracy: 0.1871
Std Test AUC: 0.0519

--- Round 287/500 ---
Averaged Train Loss: 1.3419
Averaged Test Accuracy: 0.5065
Averaged Test AUC: 0.8687
Std Test Accuracy: 0.1325
Std Test AUC: 0.0403

--- Round 288/500 ---
Averaged Train Loss: 1.4374
Averaged Test Accuracy: 0.4705
Averaged Test AUC: 0.8528
Std Test Accuracy: 0.1535
Std Test AUC: 0.0561

--- Round 289/500 ---
Averaged Train Loss: 1.4606
Averaged Test Accuracy: 0.4651
Averaged Test AUC: 0.8560
Std Test Accuracy: 0.2032
Std Test AUC: 0.0709

--- Round 290/500 ---
Averaged Train Loss: 1.4503
Averaged Test Accuracy: 0.4642
Averaged Test AUC: 0.8585
Std Test Accuracy: 0.1565
Std Test AUC: 0.0429

--- Round 291/500 ---
Averaged Train Loss: 1.4167
Averaged Test Accuracy: 0.4781
Averaged Test AUC: 0.8586
Std Test Accuracy: 0.1842
Std Test AUC: 0.0518

--- Round 292/500 ---
Averaged Train Loss: 1.3525
Averaged Test Accuracy: 0.5006
Averaged Test AUC: 0.8673
Std Test Accuracy: 0.1466
Std Test AUC: 0.0418

--- Round 293/500 ---
Averaged Train Loss: 1.4135
Averaged Test Accuracy: 0.4767
Averaged Test AUC: 0.8564
Std Test Accuracy: 0.1493
Std Test AUC: 0.0522

--- Round 294/500 ---
Averaged Train Loss: 1.4557
Averaged Test Accuracy: 0.4651
Averaged Test AUC: 0.8560
Std Test Accuracy: 0.1996
Std Test AUC: 0.0681

--- Round 295/500 ---
Averaged Train Loss: 1.4007
Averaged Test Accuracy: 0.4830
Averaged Test AUC: 0.8633
Std Test Accuracy: 0.1380
Std Test AUC: 0.0361

--- Round 296/500 ---
Averaged Train Loss: 1.4529
Averaged Test Accuracy: 0.4688
Averaged Test AUC: 0.8550
Std Test Accuracy: 0.2084
Std Test AUC: 0.0625

--- Round 297/500 ---
Averaged Train Loss: 1.3534
Averaged Test Accuracy: 0.5002
Averaged Test AUC: 0.8677
Std Test Accuracy: 0.1600
Std Test AUC: 0.0472

--- Round 298/500 ---
Averaged Train Loss: 1.4108
Averaged Test Accuracy: 0.4783
Averaged Test AUC: 0.8561
Std Test Accuracy: 0.1503
Std Test AUC: 0.0536

--- Round 299/500 ---
Averaged Train Loss: 1.4564
Averaged Test Accuracy: 0.4611
Averaged Test AUC: 0.8578
Std Test Accuracy: 0.2095
Std Test AUC: 0.0670

--- Round 300/500 ---
Averaged Train Loss: 1.3970
Averaged Test Accuracy: 0.4828
Averaged Test AUC: 0.8650
Std Test Accuracy: 0.1389
Std Test AUC: 0.0363

--- Round 301/500 ---
Averaged Train Loss: 1.4406
Averaged Test Accuracy: 0.4720
Averaged Test AUC: 0.8563
Std Test Accuracy: 0.2079
Std Test AUC: 0.0604

--- Round 302/500 ---
Averaged Train Loss: 1.3556
Averaged Test Accuracy: 0.4997
Averaged Test AUC: 0.8677
Std Test Accuracy: 0.1551
Std Test AUC: 0.0436

--- Round 303/500 ---
Averaged Train Loss: 1.4135
Averaged Test Accuracy: 0.4786
Averaged Test AUC: 0.8562
Std Test Accuracy: 0.1538
Std Test AUC: 0.0558

--- Round 304/500 ---
Averaged Train Loss: 1.4557
Averaged Test Accuracy: 0.4653
Averaged Test AUC: 0.8569
Std Test Accuracy: 0.2051
Std Test AUC: 0.0681

--- Round 305/500 ---
Averaged Train Loss: 1.3973
Averaged Test Accuracy: 0.4838
Averaged Test AUC: 0.8646
Std Test Accuracy: 0.1406
Std Test AUC: 0.0366

--- Round 306/500 ---
Averaged Train Loss: 1.4448
Averaged Test Accuracy: 0.4714
Averaged Test AUC: 0.8568
Std Test Accuracy: 0.2124
Std Test AUC: 0.0626

--- Round 307/500 ---
Averaged Train Loss: 1.3373
Averaged Test Accuracy: 0.5059
Averaged Test AUC: 0.8699
Std Test Accuracy: 0.1521
Std Test AUC: 0.0412

--- Round 308/500 ---
Averaged Train Loss: 1.3877
Averaged Test Accuracy: 0.4866
Averaged Test AUC: 0.8599
Std Test Accuracy: 0.1497
Std Test AUC: 0.0512

--- Round 309/500 ---
Averaged Train Loss: 1.4410
Averaged Test Accuracy: 0.4709
Averaged Test AUC: 0.8584
Std Test Accuracy: 0.2003
Std Test AUC: 0.0669

--- Round 310/500 ---
Averaged Train Loss: 1.4297
Averaged Test Accuracy: 0.4733
Averaged Test AUC: 0.8607
Std Test Accuracy: 0.1546
Std Test AUC: 0.0420

--- Round 311/500 ---
Averaged Train Loss: 1.3964
Averaged Test Accuracy: 0.4848
Averaged Test AUC: 0.8614
Std Test Accuracy: 0.1905
Std Test AUC: 0.0523

--- Round 312/500 ---
Averaged Train Loss: 1.3205
Averaged Test Accuracy: 0.5134
Averaged Test AUC: 0.8711
Std Test Accuracy: 0.1412
Std Test AUC: 0.0405

--- Round 313/500 ---
Averaged Train Loss: 1.3818
Averaged Test Accuracy: 0.4892
Averaged Test AUC: 0.8605
Std Test Accuracy: 0.1466
Std Test AUC: 0.0498

--- Round 314/500 ---
Averaged Train Loss: 1.4376
Averaged Test Accuracy: 0.4734
Averaged Test AUC: 0.8587
Std Test Accuracy: 0.2017
Std Test AUC: 0.0685

--- Round 315/500 ---
Averaged Train Loss: 1.3940
Averaged Test Accuracy: 0.4863
Averaged Test AUC: 0.8651
Std Test Accuracy: 0.1496
Std Test AUC: 0.0397

--- Round 316/500 ---
Averaged Train Loss: 1.4566
Averaged Test Accuracy: 0.4685
Averaged Test AUC: 0.8549
Std Test Accuracy: 0.2109
Std Test AUC: 0.0632

--- Round 317/500 ---
Averaged Train Loss: 1.4369
Averaged Test Accuracy: 0.4747
Averaged Test AUC: 0.8547
Std Test Accuracy: 0.1675
Std Test AUC: 0.0644

--- Round 318/500 ---
Averaged Train Loss: 1.4883
Averaged Test Accuracy: 0.4532
Averaged Test AUC: 0.8589
Std Test Accuracy: 0.2179
Std Test AUC: 0.0608

--- Round 319/500 ---
Averaged Train Loss: 1.4249
Averaged Test Accuracy: 0.4804
Averaged Test AUC: 0.8559
Std Test Accuracy: 0.1601
Std Test AUC: 0.0601

--- Round 320/500 ---
Averaged Train Loss: 1.4721
Averaged Test Accuracy: 0.4570
Averaged Test AUC: 0.8510
Std Test Accuracy: 0.1857
Std Test AUC: 0.0663

--- Round 321/500 ---
Averaged Train Loss: 1.4496
Averaged Test Accuracy: 0.4672
Averaged Test AUC: 0.8614
Std Test Accuracy: 0.2095
Std Test AUC: 0.0585

--- Round 322/500 ---
Averaged Train Loss: 1.4031
Averaged Test Accuracy: 0.4882
Averaged Test AUC: 0.8594
Std Test Accuracy: 0.1658
Std Test AUC: 0.0561

--- Round 323/500 ---
Averaged Train Loss: 1.4557
Averaged Test Accuracy: 0.4621
Averaged Test AUC: 0.8524
Std Test Accuracy: 0.1812
Std Test AUC: 0.0631

--- Round 324/500 ---
Averaged Train Loss: 1.4443
Averaged Test Accuracy: 0.4715
Averaged Test AUC: 0.8619
Std Test Accuracy: 0.1981
Std Test AUC: 0.0579

--- Round 325/500 ---
Averaged Train Loss: 1.3710
Averaged Test Accuracy: 0.5007
Averaged Test AUC: 0.8651
Std Test Accuracy: 0.1610
Std Test AUC: 0.0510

--- Round 326/500 ---
Averaged Train Loss: 1.4467
Averaged Test Accuracy: 0.4657
Averaged Test AUC: 0.8534
Std Test Accuracy: 0.1661
Std Test AUC: 0.0559

--- Round 327/500 ---
Averaged Train Loss: 1.3492
Averaged Test Accuracy: 0.4963
Averaged Test AUC: 0.8674
Std Test Accuracy: 0.1226
Std Test AUC: 0.0320

--- Round 328/500 ---
Averaged Train Loss: 1.3043
Averaged Test Accuracy: 0.5174
Averaged Test AUC: 0.8720
Std Test Accuracy: 0.1141
Std Test AUC: 0.0315

--- Round 329/500 ---
Averaged Train Loss: 1.4003
Averaged Test Accuracy: 0.4868
Averaged Test AUC: 0.8599
Std Test Accuracy: 0.1799
Std Test AUC: 0.0602

--- Round 330/500 ---
Averaged Train Loss: 1.3970
Averaged Test Accuracy: 0.4846
Averaged Test AUC: 0.8643
Std Test Accuracy: 0.1773
Std Test AUC: 0.0550

--- Round 331/500 ---
Averaged Train Loss: 1.3900
Averaged Test Accuracy: 0.4945
Averaged Test AUC: 0.8642
Std Test Accuracy: 0.1527
Std Test AUC: 0.0483

--- Round 332/500 ---
Averaged Train Loss: 1.2794
Averaged Test Accuracy: 0.5293
Averaged Test AUC: 0.8743
Std Test Accuracy: 0.1267
Std Test AUC: 0.0362

--- Round 333/500 ---
Averaged Train Loss: 1.3659
Averaged Test Accuracy: 0.4900
Averaged Test AUC: 0.8684
Std Test Accuracy: 0.1575
Std Test AUC: 0.0431

--- Round 334/500 ---
Averaged Train Loss: 1.3307
Averaged Test Accuracy: 0.5076
Averaged Test AUC: 0.8681
Std Test Accuracy: 0.1552
Std Test AUC: 0.0537

--- Round 335/500 ---
Averaged Train Loss: 1.4067
Averaged Test Accuracy: 0.4894
Averaged Test AUC: 0.8598
Std Test Accuracy: 0.1773
Std Test AUC: 0.0580

--- Round 336/500 ---
Averaged Train Loss: 1.2882
Averaged Test Accuracy: 0.5211
Averaged Test AUC: 0.8730
Std Test Accuracy: 0.1429
Std Test AUC: 0.0423

--- Round 337/500 ---
Averaged Train Loss: 1.3256
Averaged Test Accuracy: 0.5092
Averaged Test AUC: 0.8696
Std Test Accuracy: 0.1334
Std Test AUC: 0.0399

--- Round 338/500 ---
Averaged Train Loss: 1.4003
Averaged Test Accuracy: 0.4844
Averaged Test AUC: 0.8665
Std Test Accuracy: 0.1717
Std Test AUC: 0.0412

--- Round 339/500 ---
Averaged Train Loss: 1.3213
Averaged Test Accuracy: 0.5114
Averaged Test AUC: 0.8719
Std Test Accuracy: 0.1704
Std Test AUC: 0.0434

--- Round 340/500 ---
Averaged Train Loss: 1.2840
Averaged Test Accuracy: 0.5257
Averaged Test AUC: 0.8736
Std Test Accuracy: 0.1079
Std Test AUC: 0.0287

--- Round 341/500 ---
Averaged Train Loss: 1.3695
Averaged Test Accuracy: 0.4874
Averaged Test AUC: 0.8686
Std Test Accuracy: 0.1527
Std Test AUC: 0.0395

--- Round 342/500 ---
Averaged Train Loss: 1.3928
Averaged Test Accuracy: 0.4778
Averaged Test AUC: 0.8626
Std Test Accuracy: 0.1464
Std Test AUC: 0.0430

--- Round 343/500 ---
Averaged Train Loss: 1.3307
Averaged Test Accuracy: 0.5076
Averaged Test AUC: 0.8673
Std Test Accuracy: 0.1332
Std Test AUC: 0.0431

--- Round 344/500 ---
Averaged Train Loss: 1.3166
Averaged Test Accuracy: 0.5097
Averaged Test AUC: 0.8701
Std Test Accuracy: 0.1361
Std Test AUC: 0.0400

--- Round 345/500 ---
Averaged Train Loss: 1.4312
Averaged Test Accuracy: 0.4774
Averaged Test AUC: 0.8614
Std Test Accuracy: 0.2077
Std Test AUC: 0.0648

--- Round 346/500 ---
Averaged Train Loss: 1.3106
Averaged Test Accuracy: 0.5154
Averaged Test AUC: 0.8729
Std Test Accuracy: 0.1468
Std Test AUC: 0.0374

--- Round 347/500 ---
Averaged Train Loss: 1.2850
Averaged Test Accuracy: 0.5222
Averaged Test AUC: 0.8734
Std Test Accuracy: 0.1226
Std Test AUC: 0.0300

--- Round 348/500 ---
Averaged Train Loss: 1.3270
Averaged Test Accuracy: 0.4987
Averaged Test AUC: 0.8700
Std Test Accuracy: 0.1460
Std Test AUC: 0.0394

--- Round 349/500 ---
Averaged Train Loss: 1.3181
Averaged Test Accuracy: 0.5077
Averaged Test AUC: 0.8718
Std Test Accuracy: 0.1500
Std Test AUC: 0.0406

--- Round 350/500 ---
Averaged Train Loss: 1.2967
Averaged Test Accuracy: 0.5202
Averaged Test AUC: 0.8716
Std Test Accuracy: 0.1325
Std Test AUC: 0.0440

--- Round 351/500 ---
Averaged Train Loss: 1.2861
Averaged Test Accuracy: 0.5247
Averaged Test AUC: 0.8736
Std Test Accuracy: 0.1312
Std Test AUC: 0.0349

--- Round 352/500 ---
Averaged Train Loss: 1.3140
Averaged Test Accuracy: 0.5114
Averaged Test AUC: 0.8716
Std Test Accuracy: 0.1357
Std Test AUC: 0.0415

--- Round 353/500 ---
Averaged Train Loss: 1.3811
Averaged Test Accuracy: 0.4818
Averaged Test AUC: 0.8627
Std Test Accuracy: 0.1455
Std Test AUC: 0.0442

--- Round 354/500 ---
Averaged Train Loss: 1.3239
Averaged Test Accuracy: 0.5108
Averaged Test AUC: 0.8699
Std Test Accuracy: 0.1744
Std Test AUC: 0.0540

--- Round 355/500 ---
Averaged Train Loss: 1.2882
Averaged Test Accuracy: 0.5240
Averaged Test AUC: 0.8738
Std Test Accuracy: 0.1212
Std Test AUC: 0.0358

--- Round 356/500 ---
Averaged Train Loss: 1.4178
Averaged Test Accuracy: 0.4675
Averaged Test AUC: 0.8621
Std Test Accuracy: 0.1904
Std Test AUC: 0.0531

--- Round 357/500 ---
Averaged Train Loss: 1.2787
Averaged Test Accuracy: 0.5232
Averaged Test AUC: 0.8742
Std Test Accuracy: 0.1294
Std Test AUC: 0.0327

--- Round 358/500 ---
Averaged Train Loss: 1.4588
Averaged Test Accuracy: 0.4766
Averaged Test AUC: 0.8521
Std Test Accuracy: 0.1981
Std Test AUC: 0.0774

--- Round 359/500 ---
Averaged Train Loss: 1.2746
Averaged Test Accuracy: 0.5308
Averaged Test AUC: 0.8742
Std Test Accuracy: 0.1286
Std Test AUC: 0.0402

--- Round 360/500 ---
Averaged Train Loss: 1.3673
Averaged Test Accuracy: 0.4988
Averaged Test AUC: 0.8647
Std Test Accuracy: 0.1709
Std Test AUC: 0.0576

--- Round 361/500 ---
Averaged Train Loss: 1.2668
Averaged Test Accuracy: 0.5319
Averaged Test AUC: 0.8753
Std Test Accuracy: 0.1189
Std Test AUC: 0.0334

--- Round 362/500 ---
Averaged Train Loss: 1.3661
Averaged Test Accuracy: 0.4912
Averaged Test AUC: 0.8704
Std Test Accuracy: 0.1579
Std Test AUC: 0.0375

--- Round 363/500 ---
Averaged Train Loss: 1.3404
Averaged Test Accuracy: 0.5057
Averaged Test AUC: 0.8694
Std Test Accuracy: 0.1809
Std Test AUC: 0.0536

--- Round 364/500 ---
Averaged Train Loss: 1.3511
Averaged Test Accuracy: 0.5021
Averaged Test AUC: 0.8670
Std Test Accuracy: 0.1758
Std Test AUC: 0.0583

--- Round 365/500 ---
Averaged Train Loss: 1.2726
Averaged Test Accuracy: 0.5299
Averaged Test AUC: 0.8763
Std Test Accuracy: 0.1253
Std Test AUC: 0.0353

--- Round 366/500 ---
Averaged Train Loss: 1.3277
Averaged Test Accuracy: 0.5088
Averaged Test AUC: 0.8683
Std Test Accuracy: 0.1475
Std Test AUC: 0.0457

--- Round 367/500 ---
Averaged Train Loss: 1.3667
Averaged Test Accuracy: 0.4768
Averaged Test AUC: 0.8676
Std Test Accuracy: 0.1565
Std Test AUC: 0.0423

--- Round 368/500 ---
Averaged Train Loss: 1.3017
Averaged Test Accuracy: 0.5154
Averaged Test AUC: 0.8710
Std Test Accuracy: 0.1465
Std Test AUC: 0.0429

--- Round 369/500 ---
Averaged Train Loss: 1.3276
Averaged Test Accuracy: 0.5061
Averaged Test AUC: 0.8700
Std Test Accuracy: 0.1774
Std Test AUC: 0.0556

--- Round 370/500 ---
Averaged Train Loss: 1.3140
Averaged Test Accuracy: 0.5148
Averaged Test AUC: 0.8712
Std Test Accuracy: 0.1509
Std Test AUC: 0.0414

--- Round 371/500 ---
Averaged Train Loss: 1.3180
Averaged Test Accuracy: 0.5094
Averaged Test AUC: 0.8703
Std Test Accuracy: 0.1629
Std Test AUC: 0.0471

--- Round 372/500 ---
Averaged Train Loss: 1.2650
Averaged Test Accuracy: 0.5332
Averaged Test AUC: 0.8765
Std Test Accuracy: 0.1224
Std Test AUC: 0.0316

--- Round 373/500 ---
Averaged Train Loss: 1.2734
Averaged Test Accuracy: 0.5262
Averaged Test AUC: 0.8763
Std Test Accuracy: 0.1301
Std Test AUC: 0.0354

--- Round 374/500 ---
Averaged Train Loss: 1.2863
Averaged Test Accuracy: 0.5235
Averaged Test AUC: 0.8748
Std Test Accuracy: 0.1244
Std Test AUC: 0.0336

--- Round 375/500 ---
Averaged Train Loss: 1.2868
Averaged Test Accuracy: 0.5247
Averaged Test AUC: 0.8742
Std Test Accuracy: 0.1477
Std Test AUC: 0.0381

--- Round 376/500 ---
Averaged Train Loss: 1.3088
Averaged Test Accuracy: 0.5158
Averaged Test AUC: 0.8715
Std Test Accuracy: 0.1379
Std Test AUC: 0.0403

--- Round 377/500 ---
Averaged Train Loss: 1.2818
Averaged Test Accuracy: 0.5240
Averaged Test AUC: 0.8745
Std Test Accuracy: 0.1086
Std Test AUC: 0.0311

--- Round 378/500 ---
Averaged Train Loss: 1.2928
Averaged Test Accuracy: 0.5261
Averaged Test AUC: 0.8739
Std Test Accuracy: 0.1613
Std Test AUC: 0.0430

--- Round 379/500 ---
Averaged Train Loss: 1.3064
Averaged Test Accuracy: 0.5144
Averaged Test AUC: 0.8714
Std Test Accuracy: 0.1625
Std Test AUC: 0.0458

--- Round 380/500 ---
Averaged Train Loss: 1.2575
Averaged Test Accuracy: 0.5358
Averaged Test AUC: 0.8769
Std Test Accuracy: 0.1267
Std Test AUC: 0.0342

--- Round 381/500 ---
Averaged Train Loss: 1.2771
Averaged Test Accuracy: 0.5243
Averaged Test AUC: 0.8744
Std Test Accuracy: 0.1372
Std Test AUC: 0.0441

--- Round 382/500 ---
Averaged Train Loss: 1.3042
Averaged Test Accuracy: 0.5176
Averaged Test AUC: 0.8733
Std Test Accuracy: 0.1476
Std Test AUC: 0.0417

--- Round 383/500 ---
Averaged Train Loss: 1.3391
Averaged Test Accuracy: 0.5034
Averaged Test AUC: 0.8711
Std Test Accuracy: 0.1535
Std Test AUC: 0.0406

--- Round 384/500 ---
Averaged Train Loss: 1.2845
Averaged Test Accuracy: 0.5224
Averaged Test AUC: 0.8744
Std Test Accuracy: 0.1656
Std Test AUC: 0.0448

--- Round 385/500 ---
Averaged Train Loss: 1.3405
Averaged Test Accuracy: 0.5011
Averaged Test AUC: 0.8700
Std Test Accuracy: 0.1739
Std Test AUC: 0.0503

--- Round 386/500 ---
Averaged Train Loss: 1.3184
Averaged Test Accuracy: 0.5090
Averaged Test AUC: 0.8735
Std Test Accuracy: 0.1454
Std Test AUC: 0.0370

--- Round 387/500 ---
Averaged Train Loss: 1.2817
Averaged Test Accuracy: 0.5281
Averaged Test AUC: 0.8753
Std Test Accuracy: 0.1440
Std Test AUC: 0.0388

--- Round 388/500 ---
Averaged Train Loss: 1.2779
Averaged Test Accuracy: 0.5259
Averaged Test AUC: 0.8753
Std Test Accuracy: 0.1484
Std Test AUC: 0.0431

--- Round 389/500 ---
Averaged Train Loss: 1.3058
Averaged Test Accuracy: 0.5140
Averaged Test AUC: 0.8725
Std Test Accuracy: 0.1624
Std Test AUC: 0.0477

--- Round 390/500 ---
Averaged Train Loss: 1.4232
Averaged Test Accuracy: 0.4719
Averaged Test AUC: 0.8634
Std Test Accuracy: 0.1952
Std Test AUC: 0.0492

--- Round 391/500 ---
Averaged Train Loss: 1.2821
Averaged Test Accuracy: 0.5234
Averaged Test AUC: 0.8749
Std Test Accuracy: 0.1256
Std Test AUC: 0.0324

--- Round 392/500 ---
Averaged Train Loss: 1.2773
Averaged Test Accuracy: 0.5266
Averaged Test AUC: 0.8762
Std Test Accuracy: 0.1378
Std Test AUC: 0.0414

--- Round 393/500 ---
Averaged Train Loss: 1.3942
Averaged Test Accuracy: 0.4878
Averaged Test AUC: 0.8633
Std Test Accuracy: 0.1866
Std Test AUC: 0.0576

--- Round 394/500 ---
Averaged Train Loss: 1.3456
Averaged Test Accuracy: 0.4966
Averaged Test AUC: 0.8702
Std Test Accuracy: 0.1792
Std Test AUC: 0.0455

--- Round 395/500 ---
Averaged Train Loss: 1.2815
Averaged Test Accuracy: 0.5266
Averaged Test AUC: 0.8733
Std Test Accuracy: 0.1377
Std Test AUC: 0.0394

--- Round 396/500 ---
Averaged Train Loss: 1.2812
Averaged Test Accuracy: 0.5283
Averaged Test AUC: 0.8755
Std Test Accuracy: 0.1562
Std Test AUC: 0.0430

--- Round 397/500 ---
Averaged Train Loss: 1.2639
Averaged Test Accuracy: 0.5280
Averaged Test AUC: 0.8765
Std Test Accuracy: 0.1057
Std Test AUC: 0.0266

--- Round 398/500 ---
Averaged Train Loss: 1.2543
Averaged Test Accuracy: 0.5333
Averaged Test AUC: 0.8766
Std Test Accuracy: 0.1196
Std Test AUC: 0.0290

--- Round 399/500 ---
Averaged Train Loss: 1.2898
Averaged Test Accuracy: 0.5201
Averaged Test AUC: 0.8728
Std Test Accuracy: 0.1434
Std Test AUC: 0.0414

--- Round 400/500 ---
Averaged Train Loss: 1.3251
Averaged Test Accuracy: 0.5108
Averaged Test AUC: 0.8694
Std Test Accuracy: 0.1574
Std Test AUC: 0.0482

--- Round 401/500 ---
Averaged Train Loss: 1.3773
Averaged Test Accuracy: 0.4782
Averaged Test AUC: 0.8635
Std Test Accuracy: 0.1473
Std Test AUC: 0.0428

--- Round 402/500 ---
Averaged Train Loss: 1.2840
Averaged Test Accuracy: 0.5263
Averaged Test AUC: 0.8743
Std Test Accuracy: 0.1158
Std Test AUC: 0.0317

--- Round 403/500 ---
Averaged Train Loss: 1.2835
Averaged Test Accuracy: 0.5253
Averaged Test AUC: 0.8736
Std Test Accuracy: 0.1236
Std Test AUC: 0.0377

--- Round 404/500 ---
Averaged Train Loss: 1.2942
Averaged Test Accuracy: 0.5180
Averaged Test AUC: 0.8723
Std Test Accuracy: 0.1453
Std Test AUC: 0.0457

--- Round 405/500 ---
Averaged Train Loss: 1.3158
Averaged Test Accuracy: 0.5106
Averaged Test AUC: 0.8707
Std Test Accuracy: 0.1728
Std Test AUC: 0.0533

--- Round 406/500 ---
Averaged Train Loss: 1.2798
Averaged Test Accuracy: 0.5238
Averaged Test AUC: 0.8750
Std Test Accuracy: 0.1506
Std Test AUC: 0.0412

--- Round 407/500 ---
Averaged Train Loss: 1.3170
Averaged Test Accuracy: 0.5112
Averaged Test AUC: 0.8724
Std Test Accuracy: 0.1722
Std Test AUC: 0.0471

--- Round 408/500 ---
Averaged Train Loss: 1.2846
Averaged Test Accuracy: 0.5224
Averaged Test AUC: 0.8751
Std Test Accuracy: 0.1747
Std Test AUC: 0.0464

--- Round 409/500 ---
Averaged Train Loss: 1.2945
Averaged Test Accuracy: 0.5203
Averaged Test AUC: 0.8728
Std Test Accuracy: 0.1447
Std Test AUC: 0.0452

--- Round 410/500 ---
Averaged Train Loss: 1.2916
Averaged Test Accuracy: 0.5199
Averaged Test AUC: 0.8750
Std Test Accuracy: 0.1661
Std Test AUC: 0.0456

--- Round 411/500 ---
Averaged Train Loss: 1.2876
Averaged Test Accuracy: 0.5221
Averaged Test AUC: 0.8752
Std Test Accuracy: 0.1492
Std Test AUC: 0.0375

--- Round 412/500 ---
Averaged Train Loss: 1.3239
Averaged Test Accuracy: 0.5088
Averaged Test AUC: 0.8705
Std Test Accuracy: 0.1640
Std Test AUC: 0.0484

--- Round 413/500 ---
Averaged Train Loss: 1.3011
Averaged Test Accuracy: 0.5176
Averaged Test AUC: 0.8729
Std Test Accuracy: 0.1667
Std Test AUC: 0.0529

--- Round 414/500 ---
Averaged Train Loss: 1.3576
Averaged Test Accuracy: 0.5023
Averaged Test AUC: 0.8666
Std Test Accuracy: 0.2042
Std Test AUC: 0.0661

--- Round 415/500 ---
Averaged Train Loss: 1.2442
Averaged Test Accuracy: 0.5361
Averaged Test AUC: 0.8776
Std Test Accuracy: 0.1019
Std Test AUC: 0.0298

--- Round 416/500 ---
Averaged Train Loss: 1.3656
Averaged Test Accuracy: 0.4971
Averaged Test AUC: 0.8691
Std Test Accuracy: 0.1604
Std Test AUC: 0.0471

--- Round 417/500 ---
Averaged Train Loss: 1.2914
Averaged Test Accuracy: 0.5219
Averaged Test AUC: 0.8752
Std Test Accuracy: 0.1621
Std Test AUC: 0.0448

--- Round 418/500 ---
Averaged Train Loss: 1.2969
Averaged Test Accuracy: 0.5119
Averaged Test AUC: 0.8721
Std Test Accuracy: 0.1663
Std Test AUC: 0.0495

--- Round 419/500 ---
Averaged Train Loss: 1.2704
Averaged Test Accuracy: 0.5306
Averaged Test AUC: 0.8761
Std Test Accuracy: 0.1249
Std Test AUC: 0.0392

--- Round 420/500 ---
Averaged Train Loss: 1.3581
Averaged Test Accuracy: 0.4882
Averaged Test AUC: 0.8647
Std Test Accuracy: 0.1401
Std Test AUC: 0.0428

--- Round 421/500 ---
Averaged Train Loss: 1.3307
Averaged Test Accuracy: 0.5055
Averaged Test AUC: 0.8692
Std Test Accuracy: 0.1600
Std Test AUC: 0.0459

--- Round 422/500 ---
Averaged Train Loss: 1.3116
Averaged Test Accuracy: 0.5114
Averaged Test AUC: 0.8722
Std Test Accuracy: 0.1330
Std Test AUC: 0.0376

--- Round 423/500 ---
Averaged Train Loss: 1.3060
Averaged Test Accuracy: 0.5122
Averaged Test AUC: 0.8723
Std Test Accuracy: 0.1534
Std Test AUC: 0.0440

--- Round 424/500 ---
Averaged Train Loss: 1.2605
Averaged Test Accuracy: 0.5314
Averaged Test AUC: 0.8769
Std Test Accuracy: 0.1402
Std Test AUC: 0.0392

--- Round 425/500 ---
Averaged Train Loss: 1.3007
Averaged Test Accuracy: 0.5195
Averaged Test AUC: 0.8719
Std Test Accuracy: 0.1670
Std Test AUC: 0.0495

--- Round 426/500 ---
Averaged Train Loss: 1.3580
Averaged Test Accuracy: 0.4971
Averaged Test AUC: 0.8677
Std Test Accuracy: 0.2083
Std Test AUC: 0.0618

--- Round 427/500 ---
Averaged Train Loss: 1.2899
Averaged Test Accuracy: 0.5195
Averaged Test AUC: 0.8743
Std Test Accuracy: 0.1739
Std Test AUC: 0.0495

--- Round 428/500 ---
Averaged Train Loss: 1.2866
Averaged Test Accuracy: 0.5202
Averaged Test AUC: 0.8751
Std Test Accuracy: 0.1369
Std Test AUC: 0.0398

--- Round 429/500 ---
Averaged Train Loss: 1.2683
Averaged Test Accuracy: 0.5278
Averaged Test AUC: 0.8762
Std Test Accuracy: 0.1196
Std Test AUC: 0.0305

--- Round 430/500 ---
Averaged Train Loss: 1.2296
Averaged Test Accuracy: 0.5424
Averaged Test AUC: 0.8796
Std Test Accuracy: 0.1143
Std Test AUC: 0.0310

--- Round 431/500 ---
Averaged Train Loss: 1.2915
Averaged Test Accuracy: 0.5143
Averaged Test AUC: 0.8746
Std Test Accuracy: 0.1463
Std Test AUC: 0.0396

--- Round 432/500 ---
Averaged Train Loss: 1.2546
Averaged Test Accuracy: 0.5309
Averaged Test AUC: 0.8767
Std Test Accuracy: 0.1207
Std Test AUC: 0.0322

--- Round 433/500 ---
Averaged Train Loss: 1.2625
Averaged Test Accuracy: 0.5318
Averaged Test AUC: 0.8774
Std Test Accuracy: 0.1492
Std Test AUC: 0.0409

--- Round 434/500 ---
Averaged Train Loss: 1.2549
Averaged Test Accuracy: 0.5316
Averaged Test AUC: 0.8759
Std Test Accuracy: 0.1305
Std Test AUC: 0.0383

--- Round 435/500 ---
Averaged Train Loss: 1.3663
Averaged Test Accuracy: 0.4944
Averaged Test AUC: 0.8652
Std Test Accuracy: 0.1841
Std Test AUC: 0.0627

--- Round 436/500 ---
Averaged Train Loss: 1.3486
Averaged Test Accuracy: 0.4995
Averaged Test AUC: 0.8698
Std Test Accuracy: 0.1417
Std Test AUC: 0.0403

--- Round 437/500 ---
Averaged Train Loss: 1.2620
Averaged Test Accuracy: 0.5265
Averaged Test AUC: 0.8769
Std Test Accuracy: 0.1169
Std Test AUC: 0.0307

--- Round 438/500 ---
Averaged Train Loss: 1.3881
Averaged Test Accuracy: 0.4848
Averaged Test AUC: 0.8671
Std Test Accuracy: 0.1667
Std Test AUC: 0.0414

--- Round 439/500 ---
Averaged Train Loss: 1.3111
Averaged Test Accuracy: 0.5021
Averaged Test AUC: 0.8731
Std Test Accuracy: 0.1381
Std Test AUC: 0.0422

--- Round 440/500 ---
Averaged Train Loss: 1.3024
Averaged Test Accuracy: 0.5194
Averaged Test AUC: 0.8732
Std Test Accuracy: 0.1841
Std Test AUC: 0.0543

--- Round 441/500 ---
Averaged Train Loss: 1.2968
Averaged Test Accuracy: 0.5248
Averaged Test AUC: 0.8731
Std Test Accuracy: 0.1793
Std Test AUC: 0.0536

--- Round 442/500 ---
Averaged Train Loss: 1.2383
Averaged Test Accuracy: 0.5381
Averaged Test AUC: 0.8783
Std Test Accuracy: 0.1257
Std Test AUC: 0.0332

--- Round 443/500 ---
Averaged Train Loss: 1.2673
Averaged Test Accuracy: 0.5288
Averaged Test AUC: 0.8758
Std Test Accuracy: 0.1519
Std Test AUC: 0.0402

--- Round 444/500 ---
Averaged Train Loss: 1.2884
Averaged Test Accuracy: 0.5204
Averaged Test AUC: 0.8727
Std Test Accuracy: 0.1582
Std Test AUC: 0.0535

--- Round 445/500 ---
Averaged Train Loss: 1.2365
Averaged Test Accuracy: 0.5377
Averaged Test AUC: 0.8788
Std Test Accuracy: 0.1072
Std Test AUC: 0.0314

--- Round 446/500 ---
Averaged Train Loss: 1.3178
Averaged Test Accuracy: 0.5103
Averaged Test AUC: 0.8699
Std Test Accuracy: 0.1721
Std Test AUC: 0.0503

--- Round 447/500 ---
Averaged Train Loss: 1.2587
Averaged Test Accuracy: 0.5305
Averaged Test AUC: 0.8771
Std Test Accuracy: 0.1296
Std Test AUC: 0.0368

--- Round 448/500 ---
Averaged Train Loss: 1.2461
Averaged Test Accuracy: 0.5361
Averaged Test AUC: 0.8780
Std Test Accuracy: 0.1192
Std Test AUC: 0.0311

--- Round 449/500 ---
Averaged Train Loss: 1.2757
Averaged Test Accuracy: 0.5249
Averaged Test AUC: 0.8757
Std Test Accuracy: 0.1656
Std Test AUC: 0.0454

--- Round 450/500 ---
Averaged Train Loss: 1.2806
Averaged Test Accuracy: 0.5188
Averaged Test AUC: 0.8748
Std Test Accuracy: 0.1311
Std Test AUC: 0.0364

--- Round 451/500 ---
Averaged Train Loss: 1.2480
Averaged Test Accuracy: 0.5367
Averaged Test AUC: 0.8783
Std Test Accuracy: 0.1258
Std Test AUC: 0.0327

--- Round 452/500 ---
Averaged Train Loss: 1.3080
Averaged Test Accuracy: 0.5069
Averaged Test AUC: 0.8733
Std Test Accuracy: 0.1482
Std Test AUC: 0.0371

--- Round 453/500 ---
Averaged Train Loss: 1.2651
Averaged Test Accuracy: 0.5284
Averaged Test AUC: 0.8759
Std Test Accuracy: 0.1537
Std Test AUC: 0.0435

--- Round 454/500 ---
Averaged Train Loss: 1.3360
Averaged Test Accuracy: 0.5075
Averaged Test AUC: 0.8677
Std Test Accuracy: 0.1832
Std Test AUC: 0.0624

--- Round 455/500 ---
Averaged Train Loss: 1.2811
Averaged Test Accuracy: 0.5247
Averaged Test AUC: 0.8759
Std Test Accuracy: 0.1550
Std Test AUC: 0.0385

--- Round 456/500 ---
Averaged Train Loss: 1.2991
Averaged Test Accuracy: 0.5116
Averaged Test AUC: 0.8715
Std Test Accuracy: 0.1595
Std Test AUC: 0.0432

--- Round 457/500 ---
Averaged Train Loss: 1.3563
Averaged Test Accuracy: 0.4978
Averaged Test AUC: 0.8689
Std Test Accuracy: 0.1780
Std Test AUC: 0.0443

--- Round 458/500 ---
Averaged Train Loss: 1.2679
Averaged Test Accuracy: 0.5251
Averaged Test AUC: 0.8760
Std Test Accuracy: 0.1458
Std Test AUC: 0.0382

--- Round 459/500 ---
Averaged Train Loss: 1.2490
Averaged Test Accuracy: 0.5332
Averaged Test AUC: 0.8772
Std Test Accuracy: 0.1348
Std Test AUC: 0.0361

--- Round 460/500 ---
Averaged Train Loss: 1.3041
Averaged Test Accuracy: 0.5098
Averaged Test AUC: 0.8737
Std Test Accuracy: 0.1635
Std Test AUC: 0.0432

--- Round 461/500 ---
Averaged Train Loss: 1.2548
Averaged Test Accuracy: 0.5359
Averaged Test AUC: 0.8779
Std Test Accuracy: 0.1610
Std Test AUC: 0.0442

--- Round 462/500 ---
Averaged Train Loss: 1.3175
Averaged Test Accuracy: 0.5083
Averaged Test AUC: 0.8725
Std Test Accuracy: 0.1577
Std Test AUC: 0.0449

--- Round 463/500 ---
Averaged Train Loss: 1.2715
Averaged Test Accuracy: 0.5269
Averaged Test AUC: 0.8759
Std Test Accuracy: 0.1555
Std Test AUC: 0.0418

--- Round 464/500 ---
Averaged Train Loss: 1.2601
Averaged Test Accuracy: 0.5311
Averaged Test AUC: 0.8781
Std Test Accuracy: 0.1638
Std Test AUC: 0.0415

--- Round 465/500 ---
Averaged Train Loss: 1.2658
Averaged Test Accuracy: 0.5254
Averaged Test AUC: 0.8769
Std Test Accuracy: 0.1413
Std Test AUC: 0.0337

--- Round 466/500 ---
Averaged Train Loss: 1.3004
Averaged Test Accuracy: 0.5172
Averaged Test AUC: 0.8725
Std Test Accuracy: 0.1595
Std Test AUC: 0.0479

--- Round 467/500 ---
Averaged Train Loss: 1.2639
Averaged Test Accuracy: 0.5298
Averaged Test AUC: 0.8772
Std Test Accuracy: 0.1653
Std Test AUC: 0.0434

--- Round 468/500 ---
Averaged Train Loss: 1.4064
Averaged Test Accuracy: 0.4728
Averaged Test AUC: 0.8627
Std Test Accuracy: 0.1765
Std Test AUC: 0.0465

--- Round 469/500 ---
Averaged Train Loss: 1.2757
Averaged Test Accuracy: 0.5214
Averaged Test AUC: 0.8753
Std Test Accuracy: 0.1404
Std Test AUC: 0.0385

--- Round 470/500 ---
Averaged Train Loss: 1.2424
Averaged Test Accuracy: 0.5374
Averaged Test AUC: 0.8785
Std Test Accuracy: 0.1497
Std Test AUC: 0.0380

--- Round 471/500 ---
Averaged Train Loss: 1.4474
Averaged Test Accuracy: 0.4574
Averaged Test AUC: 0.8611
Std Test Accuracy: 0.1820
Std Test AUC: 0.0495

--- Round 472/500 ---
Averaged Train Loss: 1.2580
Averaged Test Accuracy: 0.5328
Averaged Test AUC: 0.8780
Std Test Accuracy: 0.1328
Std Test AUC: 0.0384

--- Round 473/500 ---
Averaged Train Loss: 1.3199
Averaged Test Accuracy: 0.5040
Averaged Test AUC: 0.8725
Std Test Accuracy: 0.1684
Std Test AUC: 0.0457

--- Round 474/500 ---
Averaged Train Loss: 1.2932
Averaged Test Accuracy: 0.5140
Averaged Test AUC: 0.8727
Std Test Accuracy: 0.1173
Std Test AUC: 0.0329

--- Round 475/500 ---
Averaged Train Loss: 1.2728
Averaged Test Accuracy: 0.5277
Averaged Test AUC: 0.8765
Std Test Accuracy: 0.1379
Std Test AUC: 0.0430

--- Round 476/500 ---
Averaged Train Loss: 1.2441
Averaged Test Accuracy: 0.5367
Averaged Test AUC: 0.8778
Std Test Accuracy: 0.1184
Std Test AUC: 0.0326

--- Round 477/500 ---
Averaged Train Loss: 1.2842
Averaged Test Accuracy: 0.5173
Averaged Test AUC: 0.8734
Std Test Accuracy: 0.1181
Std Test AUC: 0.0311

--- Round 478/500 ---
Averaged Train Loss: 1.2349
Averaged Test Accuracy: 0.5357
Averaged Test AUC: 0.8789
Std Test Accuracy: 0.0970
Std Test AUC: 0.0267

--- Round 479/500 ---
Averaged Train Loss: 1.2413
Averaged Test Accuracy: 0.5348
Averaged Test AUC: 0.8777
Std Test Accuracy: 0.1278
Std Test AUC: 0.0392

--- Round 480/500 ---
Averaged Train Loss: 1.3094
Averaged Test Accuracy: 0.5111
Averaged Test AUC: 0.8748
Std Test Accuracy: 0.1657
Std Test AUC: 0.0454

--- Round 481/500 ---
Averaged Train Loss: 1.2207
Averaged Test Accuracy: 0.5426
Averaged Test AUC: 0.8803
Std Test Accuracy: 0.1189
Std Test AUC: 0.0338

--- Round 482/500 ---
Averaged Train Loss: 1.3134
Averaged Test Accuracy: 0.5128
Averaged Test AUC: 0.8723
Std Test Accuracy: 0.1778
Std Test AUC: 0.0550

--- Round 483/500 ---
Averaged Train Loss: 1.4687
Averaged Test Accuracy: 0.4548
Averaged Test AUC: 0.8618
Std Test Accuracy: 0.2218
Std Test AUC: 0.0631

--- Round 484/500 ---
Averaged Train Loss: 1.2392
Averaged Test Accuracy: 0.5382
Averaged Test AUC: 0.8784
Std Test Accuracy: 0.1169
Std Test AUC: 0.0309

--- Round 485/500 ---
Averaged Train Loss: 1.2350
Averaged Test Accuracy: 0.5402
Averaged Test AUC: 0.8795
Std Test Accuracy: 0.1318
Std Test AUC: 0.0355

--- Round 486/500 ---
Averaged Train Loss: 1.2864
Averaged Test Accuracy: 0.5235
Averaged Test AUC: 0.8733
Std Test Accuracy: 0.1683
Std Test AUC: 0.0492

--- Round 487/500 ---
Averaged Train Loss: 1.3208
Averaged Test Accuracy: 0.5109
Averaged Test AUC: 0.8732
Std Test Accuracy: 0.1949
Std Test AUC: 0.0535

--- Round 488/500 ---
Averaged Train Loss: 1.3027
Averaged Test Accuracy: 0.5185
Averaged Test AUC: 0.8730
Std Test Accuracy: 0.1815
Std Test AUC: 0.0473

--- Round 489/500 ---
Averaged Train Loss: 1.2373
Averaged Test Accuracy: 0.5376
Averaged Test AUC: 0.8794
Std Test Accuracy: 0.1297
Std Test AUC: 0.0343

--- Round 490/500 ---
Averaged Train Loss: 1.2620
Averaged Test Accuracy: 0.5306
Averaged Test AUC: 0.8767
Std Test Accuracy: 0.1399
Std Test AUC: 0.0396

--- Round 491/500 ---
Averaged Train Loss: 1.3011
Averaged Test Accuracy: 0.5155
Averaged Test AUC: 0.8724
Std Test Accuracy: 0.1208
Std Test AUC: 0.0303

--- Round 492/500 ---
Averaged Train Loss: 1.2205
Averaged Test Accuracy: 0.5423
Averaged Test AUC: 0.8808
Std Test Accuracy: 0.1179
Std Test AUC: 0.0301

--- Round 493/500 ---
Averaged Train Loss: 1.2900
Averaged Test Accuracy: 0.5212
Averaged Test AUC: 0.8750
Std Test Accuracy: 0.1746
Std Test AUC: 0.0502

--- Round 494/500 ---
Averaged Train Loss: 1.2611
Averaged Test Accuracy: 0.5331
Averaged Test AUC: 0.8771
Std Test Accuracy: 0.1365
Std Test AUC: 0.0410

--- Round 495/500 ---
Averaged Train Loss: 1.2522
Averaged Test Accuracy: 0.5331
Averaged Test AUC: 0.8773
Std Test Accuracy: 0.1256
Std Test AUC: 0.0359

--- Round 496/500 ---
Averaged Train Loss: 1.2808
Averaged Test Accuracy: 0.5260
Averaged Test AUC: 0.8756
Std Test Accuracy: 0.1754
Std Test AUC: 0.0526

--- Round 497/500 ---
Averaged Train Loss: 1.3191
Averaged Test Accuracy: 0.5116
Averaged Test AUC: 0.8743
Std Test Accuracy: 0.1884
Std Test AUC: 0.0486

--- Round 498/500 ---
Averaged Train Loss: 1.2462
Averaged Test Accuracy: 0.5344
Averaged Test AUC: 0.8787
Std Test Accuracy: 0.1375
Std Test AUC: 0.0372

--- Round 499/500 ---
Averaged Train Loss: 1.2800
Averaged Test Accuracy: 0.5220
Averaged Test AUC: 0.8743
Std Test Accuracy: 0.1452
Std Test AUC: 0.0409

--- Round 500/500 ---
Averaged Train Loss: 1.2299
Averaged Test Accuracy: 0.5417
Averaged Test AUC: 0.8803
Std Test Accuracy: 0.1065
Std Test AUC: 0.0289

========== Training Complete ==========
Best Test Accuracy: 0.5425758382118148
File path: ../results/Cifar10_FedEntPlusSmooth_smooth_trial01_0084_0.h5

Average time cost: 1710.74s.
Length:  501
std for best accuracy: 0.0
mean for best accuracy: 0.5425758382118148
All done!

Storage on cuda:0
-------------------------------------------------------------------------------
Total Tensors: 202063740 	Used Memory: 556.52M
The allocated memory on cuda:0: 574.65M
Memory differs due to the matrix alignment or invisible gradient buffer tensors
-------------------------------------------------------------------------------
