==================================================
goal = smooth_trial01_0030
device = cuda
device_id = 0
dataset = Cifar10
num_classes = 10
model = CNN
batch_size = 64
local_learning_rate = 0.01
learning_rate_decay = True
learning_rate_decay_gamma = 0.98
global_rounds = 500
top_cnt = 100
local_epochs = 5
algorithm = FedEntPlusSmooth
join_ratio = 0.1
random_join_ratio = False
num_clients = 100
prev = 0
times = 1
eval_gap = 1
save_folder_name = items
auto_break = False
dlg_eval = False
dlg_gap = 100
batch_num_per_client = 2
num_new_clients = 0
fine_tuning_epoch_new = 0
feature_dim = 512
vocab_size = 32000
max_len = 200
client_drop_rate = 0.0
train_slow_rate = 0.0
send_slow_rate = 0.0
time_select = False
time_threthold = 10000
beta = 0.0
lamda = 1.0
mu = 0.0
K = 5
p_learning_rate = 0.01
M = 5
itk = 4000
alphaK = 1.0
sigma = 1.0
alpha = 1.0
plocal_epochs = 1
tau = 1.0
fine_tuning_epochs = 10
dr_learning_rate = 0.0
L = 1.0
noise_dim = 512
generator_learning_rate = 0.005
hidden_dim = 512
server_epochs = 1000
localize_feature_extractor = False
server_learning_rate = 1.0
eta = 1.0
rand_percent = 80
layer_idx = 2
mentee_learning_rate = 0.005
T_start = 0.95
T_end = 0.98
momentum = 0.9
kl_weight = 0.0
buffer_size = 0
dp_epsilon = 0.0
H_min = None
alpha_vp = 0.0
enable_dynamic_param = False
log_fedent = False
log_filename = None
dynamic_config_path = /home/john/PFLlib/system/auto_configs/smooth_trial01_0030.json
==================================================

============= Running time: 0th =============
Creating server and clients ...
FedAvgCNN(
  (conv1): Sequential(
    (0): Conv2d(3, 32, kernel_size=(5, 5), stride=(1, 1))
    (1): ReLU(inplace=True)
    (2): MaxPool2d(kernel_size=(2, 2), stride=(2, 2), padding=0, dilation=1, ceil_mode=False)
  )
  (conv2): Sequential(
    (0): Conv2d(32, 64, kernel_size=(5, 5), stride=(1, 1))
    (1): ReLU(inplace=True)
    (2): MaxPool2d(kernel_size=(2, 2), stride=(2, 2), padding=0, dilation=1, ceil_mode=False)
  )
  (fc1): Sequential(
    (0): Linear(in_features=1600, out_features=512, bias=True)
    (1): ReLU(inplace=True)
  )
  (fc): Linear(in_features=512, out_features=10, bias=True)
)

Join ratio / total clients: 0.1 / 100
Finished creating server and clients.

--- Round 0/500 ---
Averaged Train Loss: 2.3038
Averaged Test Accuracy: 0.0928
Averaged Test AUC: 0.4894
Std Test Accuracy: 0.1434
Std Test AUC: 0.2233

--- Round 1/500 ---
Averaged Train Loss: 2.3053
Averaged Test Accuracy: 0.0989
Averaged Test AUC: 0.5160
Std Test Accuracy: 0.2333
Std Test AUC: 0.2370

--- Round 2/500 ---
Averaged Train Loss: 2.3014
Averaged Test Accuracy: 0.0989
Averaged Test AUC: 0.5198
Std Test Accuracy: 0.2333
Std Test AUC: 0.2347

--- Round 3/500 ---
Averaged Train Loss: 2.3068
Averaged Test Accuracy: 0.1742
Averaged Test AUC: 0.5319
Std Test Accuracy: 0.2611
Std Test AUC: 0.2624

--- Round 4/500 ---
Averaged Train Loss: 2.3065
Averaged Test Accuracy: 0.1432
Averaged Test AUC: 0.5427
Std Test Accuracy: 0.2378
Std Test AUC: 0.2336

--- Round 5/500 ---
Averaged Train Loss: 2.2951
Averaged Test Accuracy: 0.1529
Averaged Test AUC: 0.5577
Std Test Accuracy: 0.2798
Std Test AUC: 0.2597

--- Round 6/500 ---
Averaged Train Loss: 2.3022
Averaged Test Accuracy: 0.1458
Averaged Test AUC: 0.5702
Std Test Accuracy: 0.2322
Std Test AUC: 0.2218

--- Round 7/500 ---
Averaged Train Loss: 2.2622
Averaged Test Accuracy: 0.1321
Averaged Test AUC: 0.5878
Std Test Accuracy: 0.2103
Std Test AUC: 0.2196

--- Round 8/500 ---
Averaged Train Loss: 2.2058
Averaged Test Accuracy: 0.1669
Averaged Test AUC: 0.6465
Std Test Accuracy: 0.2793
Std Test AUC: 0.1712

--- Round 9/500 ---
Averaged Train Loss: 2.2168
Averaged Test Accuracy: 0.1674
Averaged Test AUC: 0.6366
Std Test Accuracy: 0.2203
Std Test AUC: 0.1865

--- Round 10/500 ---
Averaged Train Loss: 2.2012
Averaged Test Accuracy: 0.1970
Averaged Test AUC: 0.6407
Std Test Accuracy: 0.2365
Std Test AUC: 0.1730

--- Round 11/500 ---
Averaged Train Loss: 2.1097
Averaged Test Accuracy: 0.1977
Averaged Test AUC: 0.6754
Std Test Accuracy: 0.2010
Std Test AUC: 0.1306

--- Round 12/500 ---
Averaged Train Loss: 2.0847
Averaged Test Accuracy: 0.2233
Averaged Test AUC: 0.6907
Std Test Accuracy: 0.2331
Std Test AUC: 0.1395

--- Round 13/500 ---
Averaged Train Loss: 2.0387
Averaged Test Accuracy: 0.2590
Averaged Test AUC: 0.7188
Std Test Accuracy: 0.1491
Std Test AUC: 0.1045

--- Round 14/500 ---
Averaged Train Loss: 2.0282
Averaged Test Accuracy: 0.2558
Averaged Test AUC: 0.7197
Std Test Accuracy: 0.1981
Std Test AUC: 0.1058

--- Round 15/500 ---
Averaged Train Loss: 2.0531
Averaged Test Accuracy: 0.2495
Averaged Test AUC: 0.7051
Std Test Accuracy: 0.1803
Std Test AUC: 0.1394

--- Round 16/500 ---
Averaged Train Loss: 2.0624
Averaged Test Accuracy: 0.2546
Averaged Test AUC: 0.6991
Std Test Accuracy: 0.1708
Std Test AUC: 0.1435

--- Round 17/500 ---
Averaged Train Loss: 2.0466
Averaged Test Accuracy: 0.2507
Averaged Test AUC: 0.7141
Std Test Accuracy: 0.2325
Std Test AUC: 0.1253

--- Round 18/500 ---
Averaged Train Loss: 2.0423
Averaged Test Accuracy: 0.2606
Averaged Test AUC: 0.7130
Std Test Accuracy: 0.2191
Std Test AUC: 0.1358

--- Round 19/500 ---
Averaged Train Loss: 2.0413
Averaged Test Accuracy: 0.2450
Averaged Test AUC: 0.7185
Std Test Accuracy: 0.2166
Std Test AUC: 0.1292

--- Round 20/500 ---
Averaged Train Loss: 2.0307
Averaged Test Accuracy: 0.2573
Averaged Test AUC: 0.7226
Std Test Accuracy: 0.2202
Std Test AUC: 0.1217

--- Round 21/500 ---
Averaged Train Loss: 1.9663
Averaged Test Accuracy: 0.2684
Averaged Test AUC: 0.7411
Std Test Accuracy: 0.2101
Std Test AUC: 0.0901

--- Round 22/500 ---
Averaged Train Loss: 1.9889
Averaged Test Accuracy: 0.2725
Averaged Test AUC: 0.7309
Std Test Accuracy: 0.1807
Std Test AUC: 0.1126

--- Round 23/500 ---
Averaged Train Loss: 2.0404
Averaged Test Accuracy: 0.2700
Averaged Test AUC: 0.7185
Std Test Accuracy: 0.1644
Std Test AUC: 0.1256

--- Round 24/500 ---
Averaged Train Loss: 1.9679
Averaged Test Accuracy: 0.2749
Averaged Test AUC: 0.7403
Std Test Accuracy: 0.1874
Std Test AUC: 0.0991

--- Round 25/500 ---
Averaged Train Loss: 1.9578
Averaged Test Accuracy: 0.2790
Averaged Test AUC: 0.7438
Std Test Accuracy: 0.2066
Std Test AUC: 0.0952

--- Round 26/500 ---
Averaged Train Loss: 1.9451
Averaged Test Accuracy: 0.2846
Averaged Test AUC: 0.7479
Std Test Accuracy: 0.2002
Std Test AUC: 0.0888

--- Round 27/500 ---
Averaged Train Loss: 1.9896
Averaged Test Accuracy: 0.2592
Averaged Test AUC: 0.7392
Std Test Accuracy: 0.2088
Std Test AUC: 0.0898

--- Round 28/500 ---
Averaged Train Loss: 1.9735
Averaged Test Accuracy: 0.2628
Averaged Test AUC: 0.7440
Std Test Accuracy: 0.2367
Std Test AUC: 0.0980

--- Round 29/500 ---
Averaged Train Loss: 1.9468
Averaged Test Accuracy: 0.2694
Averaged Test AUC: 0.7500
Std Test Accuracy: 0.2187
Std Test AUC: 0.0860

--- Round 30/500 ---
Averaged Train Loss: 1.9282
Averaged Test Accuracy: 0.2872
Averaged Test AUC: 0.7539
Std Test Accuracy: 0.2076
Std Test AUC: 0.0873

--- Round 31/500 ---
Averaged Train Loss: 1.9124
Averaged Test Accuracy: 0.2853
Averaged Test AUC: 0.7568
Std Test Accuracy: 0.1846
Std Test AUC: 0.0684

--- Round 32/500 ---
Averaged Train Loss: 1.9582
Averaged Test Accuracy: 0.2658
Averaged Test AUC: 0.7423
Std Test Accuracy: 0.2017
Std Test AUC: 0.0916

--- Round 33/500 ---
Averaged Train Loss: 1.9705
Averaged Test Accuracy: 0.2615
Averaged Test AUC: 0.7432
Std Test Accuracy: 0.2142
Std Test AUC: 0.0959

--- Round 34/500 ---
Averaged Train Loss: 1.9161
Averaged Test Accuracy: 0.2868
Averaged Test AUC: 0.7642
Std Test Accuracy: 0.1894
Std Test AUC: 0.0714

--- Round 35/500 ---
Averaged Train Loss: 1.9205
Averaged Test Accuracy: 0.2961
Averaged Test AUC: 0.7558
Std Test Accuracy: 0.2179
Std Test AUC: 0.0955

--- Round 36/500 ---
Averaged Train Loss: 1.9039
Averaged Test Accuracy: 0.2954
Averaged Test AUC: 0.7591
Std Test Accuracy: 0.2074
Std Test AUC: 0.0958

--- Round 37/500 ---
Averaged Train Loss: 1.8803
Averaged Test Accuracy: 0.3156
Averaged Test AUC: 0.7610
Std Test Accuracy: 0.1494
Std Test AUC: 0.0791

--- Round 38/500 ---
Averaged Train Loss: 1.8966
Averaged Test Accuracy: 0.3076
Averaged Test AUC: 0.7613
Std Test Accuracy: 0.2125
Std Test AUC: 0.0935

--- Round 39/500 ---
Averaged Train Loss: 1.8995
Averaged Test Accuracy: 0.2980
Averaged Test AUC: 0.7630
Std Test Accuracy: 0.2155
Std Test AUC: 0.0913

--- Round 40/500 ---
Averaged Train Loss: 1.8749
Averaged Test Accuracy: 0.2994
Averaged Test AUC: 0.7694
Std Test Accuracy: 0.1991
Std Test AUC: 0.0716

--- Round 41/500 ---
Averaged Train Loss: 1.8723
Averaged Test Accuracy: 0.3087
Averaged Test AUC: 0.7685
Std Test Accuracy: 0.2061
Std Test AUC: 0.0798

--- Round 42/500 ---
Averaged Train Loss: 1.8578
Averaged Test Accuracy: 0.3047
Averaged Test AUC: 0.7729
Std Test Accuracy: 0.1974
Std Test AUC: 0.0695

--- Round 43/500 ---
Averaged Train Loss: 1.8153
Averaged Test Accuracy: 0.3313
Averaged Test AUC: 0.7821
Std Test Accuracy: 0.1823
Std Test AUC: 0.0649

--- Round 44/500 ---
Averaged Train Loss: 1.8072
Averaged Test Accuracy: 0.3435
Averaged Test AUC: 0.7787
Std Test Accuracy: 0.1325
Std Test AUC: 0.0605

--- Round 45/500 ---
Averaged Train Loss: 1.8405
Averaged Test Accuracy: 0.3220
Averaged Test AUC: 0.7757
Std Test Accuracy: 0.1598
Std Test AUC: 0.0752

--- Round 46/500 ---
Averaged Train Loss: 1.7930
Averaged Test Accuracy: 0.3445
Averaged Test AUC: 0.7841
Std Test Accuracy: 0.1616
Std Test AUC: 0.0657

--- Round 47/500 ---
Averaged Train Loss: 1.8153
Averaged Test Accuracy: 0.3265
Averaged Test AUC: 0.7843
Std Test Accuracy: 0.1994
Std Test AUC: 0.0672

--- Round 48/500 ---
Averaged Train Loss: 1.8008
Averaged Test Accuracy: 0.3366
Averaged Test AUC: 0.7853
Std Test Accuracy: 0.1752
Std Test AUC: 0.0640

--- Round 49/500 ---
Averaged Train Loss: 1.8136
Averaged Test Accuracy: 0.3163
Averaged Test AUC: 0.7801
Std Test Accuracy: 0.1945
Std Test AUC: 0.0725

--- Round 50/500 ---
Averaged Train Loss: 1.7627
Averaged Test Accuracy: 0.3614
Averaged Test AUC: 0.7941
Std Test Accuracy: 0.0950
Std Test AUC: 0.0443

--- Round 51/500 ---
Averaged Train Loss: 1.8129
Averaged Test Accuracy: 0.3352
Averaged Test AUC: 0.7827
Std Test Accuracy: 0.1904
Std Test AUC: 0.0909

--- Round 52/500 ---
Averaged Train Loss: 1.7724
Averaged Test Accuracy: 0.3453
Averaged Test AUC: 0.7904
Std Test Accuracy: 0.1829
Std Test AUC: 0.0742

--- Round 53/500 ---
Averaged Train Loss: 1.7907
Averaged Test Accuracy: 0.3439
Averaged Test AUC: 0.7891
Std Test Accuracy: 0.2025
Std Test AUC: 0.0834

--- Round 54/500 ---
Averaged Train Loss: 1.8485
Averaged Test Accuracy: 0.3217
Averaged Test AUC: 0.7756
Std Test Accuracy: 0.1945
Std Test AUC: 0.0860

--- Round 55/500 ---
Averaged Train Loss: 1.7500
Averaged Test Accuracy: 0.3641
Averaged Test AUC: 0.7985
Std Test Accuracy: 0.1851
Std Test AUC: 0.0618

--- Round 56/500 ---
Averaged Train Loss: 1.7735
Averaged Test Accuracy: 0.3457
Averaged Test AUC: 0.7918
Std Test Accuracy: 0.2185
Std Test AUC: 0.0813

--- Round 57/500 ---
Averaged Train Loss: 1.8012
Averaged Test Accuracy: 0.3328
Averaged Test AUC: 0.7898
Std Test Accuracy: 0.2054
Std Test AUC: 0.0705

--- Round 58/500 ---
Averaged Train Loss: 1.8321
Averaged Test Accuracy: 0.3232
Averaged Test AUC: 0.7806
Std Test Accuracy: 0.2022
Std Test AUC: 0.0806

--- Round 59/500 ---
Averaged Train Loss: 1.7165
Averaged Test Accuracy: 0.3722
Averaged Test AUC: 0.8016
Std Test Accuracy: 0.1363
Std Test AUC: 0.0517

--- Round 60/500 ---
Averaged Train Loss: 1.7535
Averaged Test Accuracy: 0.3513
Averaged Test AUC: 0.7945
Std Test Accuracy: 0.1839
Std Test AUC: 0.0663

--- Round 61/500 ---
Averaged Train Loss: 1.7581
Averaged Test Accuracy: 0.3630
Averaged Test AUC: 0.7889
Std Test Accuracy: 0.1343
Std Test AUC: 0.0726

--- Round 62/500 ---
Averaged Train Loss: 1.7489
Averaged Test Accuracy: 0.3560
Averaged Test AUC: 0.7965
Std Test Accuracy: 0.1688
Std Test AUC: 0.0658

--- Round 63/500 ---
Averaged Train Loss: 1.7764
Averaged Test Accuracy: 0.3465
Averaged Test AUC: 0.7941
Std Test Accuracy: 0.2030
Std Test AUC: 0.0883

--- Round 64/500 ---
Averaged Train Loss: 1.6886
Averaged Test Accuracy: 0.3779
Averaged Test AUC: 0.8085
Std Test Accuracy: 0.1723
Std Test AUC: 0.0608

--- Round 65/500 ---
Averaged Train Loss: 1.6829
Averaged Test Accuracy: 0.3819
Averaged Test AUC: 0.8095
Std Test Accuracy: 0.1086
Std Test AUC: 0.0458

--- Round 66/500 ---
Averaged Train Loss: 1.7059
Averaged Test Accuracy: 0.3706
Averaged Test AUC: 0.8058
Std Test Accuracy: 0.1981
Std Test AUC: 0.0661

--- Round 67/500 ---
Averaged Train Loss: 1.7756
Averaged Test Accuracy: 0.3407
Averaged Test AUC: 0.7986
Std Test Accuracy: 0.2329
Std Test AUC: 0.0781

--- Round 68/500 ---
Averaged Train Loss: 1.7458
Averaged Test Accuracy: 0.3558
Averaged Test AUC: 0.7944
Std Test Accuracy: 0.1644
Std Test AUC: 0.0734

--- Round 69/500 ---
Averaged Train Loss: 1.7434
Averaged Test Accuracy: 0.3503
Averaged Test AUC: 0.8045
Std Test Accuracy: 0.2129
Std Test AUC: 0.0667

--- Round 70/500 ---
Averaged Train Loss: 1.6815
Averaged Test Accuracy: 0.3818
Averaged Test AUC: 0.8118
Std Test Accuracy: 0.1949
Std Test AUC: 0.0614

--- Round 71/500 ---
Averaged Train Loss: 1.7103
Averaged Test Accuracy: 0.3700
Averaged Test AUC: 0.8064
Std Test Accuracy: 0.1892
Std Test AUC: 0.0655

--- Round 72/500 ---
Averaged Train Loss: 1.6543
Averaged Test Accuracy: 0.3962
Averaged Test AUC: 0.8138
Std Test Accuracy: 0.1265
Std Test AUC: 0.0437

--- Round 73/500 ---
Averaged Train Loss: 1.6538
Averaged Test Accuracy: 0.4031
Averaged Test AUC: 0.8121
Std Test Accuracy: 0.1279
Std Test AUC: 0.0478

--- Round 74/500 ---
Averaged Train Loss: 1.6960
Averaged Test Accuracy: 0.3711
Averaged Test AUC: 0.8073
Std Test Accuracy: 0.1542
Std Test AUC: 0.0668

--- Round 75/500 ---
Averaged Train Loss: 1.6899
Averaged Test Accuracy: 0.3747
Averaged Test AUC: 0.8068
Std Test Accuracy: 0.1791
Std Test AUC: 0.0636

--- Round 76/500 ---
Averaged Train Loss: 1.6614
Averaged Test Accuracy: 0.3824
Averaged Test AUC: 0.8152
Std Test Accuracy: 0.1854
Std Test AUC: 0.0609

--- Round 77/500 ---
Averaged Train Loss: 1.6830
Averaged Test Accuracy: 0.3770
Averaged Test AUC: 0.8129
Std Test Accuracy: 0.1959
Std Test AUC: 0.0598

--- Round 78/500 ---
Averaged Train Loss: 1.6692
Averaged Test Accuracy: 0.3863
Averaged Test AUC: 0.8128
Std Test Accuracy: 0.1834
Std Test AUC: 0.0589

--- Round 79/500 ---
Averaged Train Loss: 1.6836
Averaged Test Accuracy: 0.3840
Averaged Test AUC: 0.8105
Std Test Accuracy: 0.1766
Std Test AUC: 0.0667

--- Round 80/500 ---
Averaged Train Loss: 1.6546
Averaged Test Accuracy: 0.3882
Averaged Test AUC: 0.8176
Std Test Accuracy: 0.1713
Std Test AUC: 0.0560

--- Round 81/500 ---
Averaged Train Loss: 1.6915
Averaged Test Accuracy: 0.3831
Averaged Test AUC: 0.8084
Std Test Accuracy: 0.1951
Std Test AUC: 0.0827

--- Round 82/500 ---
Averaged Train Loss: 1.6229
Averaged Test Accuracy: 0.4099
Averaged Test AUC: 0.8193
Std Test Accuracy: 0.1283
Std Test AUC: 0.0490

--- Round 83/500 ---
Averaged Train Loss: 1.6729
Averaged Test Accuracy: 0.3819
Averaged Test AUC: 0.8120
Std Test Accuracy: 0.1548
Std Test AUC: 0.0661

--- Round 84/500 ---
Averaged Train Loss: 1.6989
Averaged Test Accuracy: 0.3833
Averaged Test AUC: 0.8033
Std Test Accuracy: 0.1464
Std Test AUC: 0.0654

--- Round 85/500 ---
Averaged Train Loss: 1.6630
Averaged Test Accuracy: 0.3938
Averaged Test AUC: 0.8135
Std Test Accuracy: 0.1584
Std Test AUC: 0.0603

--- Round 86/500 ---
Averaged Train Loss: 1.6221
Averaged Test Accuracy: 0.4091
Averaged Test AUC: 0.8196
Std Test Accuracy: 0.1323
Std Test AUC: 0.0527

--- Round 87/500 ---
Averaged Train Loss: 1.6479
Averaged Test Accuracy: 0.3904
Averaged Test AUC: 0.8176
Std Test Accuracy: 0.1948
Std Test AUC: 0.0663

--- Round 88/500 ---
Averaged Train Loss: 1.6762
Averaged Test Accuracy: 0.3802
Averaged Test AUC: 0.8145
Std Test Accuracy: 0.1958
Std Test AUC: 0.0644

--- Round 89/500 ---
Averaged Train Loss: 1.6619
Averaged Test Accuracy: 0.3914
Averaged Test AUC: 0.8158
Std Test Accuracy: 0.1787
Std Test AUC: 0.0659

--- Round 90/500 ---
Averaged Train Loss: 1.6304
Averaged Test Accuracy: 0.4075
Averaged Test AUC: 0.8222
Std Test Accuracy: 0.1898
Std Test AUC: 0.0595

--- Round 91/500 ---
Averaged Train Loss: 1.6207
Averaged Test Accuracy: 0.4092
Averaged Test AUC: 0.8225
Std Test Accuracy: 0.1417
Std Test AUC: 0.0512

--- Round 92/500 ---
Averaged Train Loss: 1.6628
Averaged Test Accuracy: 0.3877
Averaged Test AUC: 0.8144
Std Test Accuracy: 0.1552
Std Test AUC: 0.0656

--- Round 93/500 ---
Averaged Train Loss: 1.5919
Averaged Test Accuracy: 0.4199
Averaged Test AUC: 0.8263
Std Test Accuracy: 0.1336
Std Test AUC: 0.0477

--- Round 94/500 ---
Averaged Train Loss: 1.6201
Averaged Test Accuracy: 0.4021
Averaged Test AUC: 0.8239
Std Test Accuracy: 0.1739
Std Test AUC: 0.0569

--- Round 95/500 ---
Averaged Train Loss: 1.5915
Averaged Test Accuracy: 0.4232
Averaged Test AUC: 0.8264
Std Test Accuracy: 0.1142
Std Test AUC: 0.0495

--- Round 96/500 ---
Averaged Train Loss: 1.6334
Averaged Test Accuracy: 0.4026
Averaged Test AUC: 0.8210
Std Test Accuracy: 0.1869
Std Test AUC: 0.0617

--- Round 97/500 ---
Averaged Train Loss: 1.6191
Averaged Test Accuracy: 0.3996
Averaged Test AUC: 0.8221
Std Test Accuracy: 0.1618
Std Test AUC: 0.0588

--- Round 98/500 ---
Averaged Train Loss: 1.6244
Averaged Test Accuracy: 0.4047
Averaged Test AUC: 0.8221
Std Test Accuracy: 0.1556
Std Test AUC: 0.0548

--- Round 99/500 ---
Averaged Train Loss: 1.6336
Averaged Test Accuracy: 0.3984
Averaged Test AUC: 0.8206
Std Test Accuracy: 0.1892
Std Test AUC: 0.0654

--- Round 100/500 ---
Averaged Train Loss: 1.6081
Averaged Test Accuracy: 0.4125
Averaged Test AUC: 0.8272
Std Test Accuracy: 0.1799
Std Test AUC: 0.0508

--- Round 101/500 ---
Averaged Train Loss: 1.6075
Averaged Test Accuracy: 0.4156
Averaged Test AUC: 0.8247
Std Test Accuracy: 0.1694
Std Test AUC: 0.0640

--- Round 102/500 ---
Averaged Train Loss: 1.6219
Averaged Test Accuracy: 0.4107
Averaged Test AUC: 0.8222
Std Test Accuracy: 0.1714
Std Test AUC: 0.0614

--- Round 103/500 ---
Averaged Train Loss: 1.5986
Averaged Test Accuracy: 0.4190
Averaged Test AUC: 0.8266
Std Test Accuracy: 0.1886
Std Test AUC: 0.0597

--- Round 104/500 ---
Averaged Train Loss: 1.5952
Averaged Test Accuracy: 0.4272
Averaged Test AUC: 0.8250
Std Test Accuracy: 0.1416
Std Test AUC: 0.0617

--- Round 105/500 ---
Averaged Train Loss: 1.6190
Averaged Test Accuracy: 0.4045
Averaged Test AUC: 0.8238
Std Test Accuracy: 0.1736
Std Test AUC: 0.0566

--- Round 106/500 ---
Averaged Train Loss: 1.6176
Averaged Test Accuracy: 0.4138
Averaged Test AUC: 0.8241
Std Test Accuracy: 0.1926
Std Test AUC: 0.0641

--- Round 107/500 ---
Averaged Train Loss: 1.5640
Averaged Test Accuracy: 0.4315
Averaged Test AUC: 0.8314
Std Test Accuracy: 0.1086
Std Test AUC: 0.0366

--- Round 108/500 ---
Averaged Train Loss: 1.6089
Averaged Test Accuracy: 0.4133
Averaged Test AUC: 0.8247
Std Test Accuracy: 0.1492
Std Test AUC: 0.0548

--- Round 109/500 ---
Averaged Train Loss: 1.5963
Averaged Test Accuracy: 0.4155
Averaged Test AUC: 0.8279
Std Test Accuracy: 0.1908
Std Test AUC: 0.0576

--- Round 110/500 ---
Averaged Train Loss: 1.6001
Averaged Test Accuracy: 0.4127
Averaged Test AUC: 0.8260
Std Test Accuracy: 0.1717
Std Test AUC: 0.0561

--- Round 111/500 ---
Averaged Train Loss: 1.5888
Averaged Test Accuracy: 0.4194
Averaged Test AUC: 0.8288
Std Test Accuracy: 0.1875
Std Test AUC: 0.0595

--- Round 112/500 ---
Averaged Train Loss: 1.5564
Averaged Test Accuracy: 0.4291
Averaged Test AUC: 0.8339
Std Test Accuracy: 0.1476
Std Test AUC: 0.0439

--- Round 113/500 ---
Averaged Train Loss: 1.5566
Averaged Test Accuracy: 0.4289
Averaged Test AUC: 0.8334
Std Test Accuracy: 0.1025
Std Test AUC: 0.0330

--- Round 114/500 ---
Averaged Train Loss: 1.5832
Averaged Test Accuracy: 0.4223
Averaged Test AUC: 0.8285
Std Test Accuracy: 0.1417
Std Test AUC: 0.0511

--- Round 115/500 ---
Averaged Train Loss: 1.5902
Averaged Test Accuracy: 0.4171
Averaged Test AUC: 0.8277
Std Test Accuracy: 0.1358
Std Test AUC: 0.0500

--- Round 116/500 ---
Averaged Train Loss: 1.5999
Averaged Test Accuracy: 0.4117
Averaged Test AUC: 0.8293
Std Test Accuracy: 0.1705
Std Test AUC: 0.0559

--- Round 117/500 ---
Averaged Train Loss: 1.5692
Averaged Test Accuracy: 0.4297
Averaged Test AUC: 0.8318
Std Test Accuracy: 0.1742
Std Test AUC: 0.0541

--- Round 118/500 ---
Averaged Train Loss: 1.5808
Averaged Test Accuracy: 0.4210
Averaged Test AUC: 0.8305
Std Test Accuracy: 0.1929
Std Test AUC: 0.0564

--- Round 119/500 ---
Averaged Train Loss: 1.5999
Averaged Test Accuracy: 0.4115
Averaged Test AUC: 0.8267
Std Test Accuracy: 0.1606
Std Test AUC: 0.0606

--- Round 120/500 ---
Averaged Train Loss: 1.5806
Averaged Test Accuracy: 0.4186
Averaged Test AUC: 0.8323
Std Test Accuracy: 0.1671
Std Test AUC: 0.0538

--- Round 121/500 ---
Averaged Train Loss: 1.5858
Averaged Test Accuracy: 0.4161
Averaged Test AUC: 0.8303
Std Test Accuracy: 0.1948
Std Test AUC: 0.0615

--- Round 122/500 ---
Averaged Train Loss: 1.5667
Averaged Test Accuracy: 0.4371
Averaged Test AUC: 0.8292
Std Test Accuracy: 0.1164
Std Test AUC: 0.0457

--- Round 123/500 ---
Averaged Train Loss: 1.5607
Averaged Test Accuracy: 0.4257
Averaged Test AUC: 0.8329
Std Test Accuracy: 0.1791
Std Test AUC: 0.0533

--- Round 124/500 ---
Averaged Train Loss: 1.5579
Averaged Test Accuracy: 0.4261
Averaged Test AUC: 0.8329
Std Test Accuracy: 0.1798
Std Test AUC: 0.0529

--- Round 125/500 ---
Averaged Train Loss: 1.5730
Averaged Test Accuracy: 0.4236
Averaged Test AUC: 0.8349
Std Test Accuracy: 0.1565
Std Test AUC: 0.0466

--- Round 126/500 ---
Averaged Train Loss: 1.5481
Averaged Test Accuracy: 0.4356
Averaged Test AUC: 0.8354
Std Test Accuracy: 0.1348
Std Test AUC: 0.0460

--- Round 127/500 ---
Averaged Train Loss: 1.5534
Averaged Test Accuracy: 0.4311
Averaged Test AUC: 0.8337
Std Test Accuracy: 0.1466
Std Test AUC: 0.0567

--- Round 128/500 ---
Averaged Train Loss: 1.5700
Averaged Test Accuracy: 0.4288
Averaged Test AUC: 0.8312
Std Test Accuracy: 0.1494
Std Test AUC: 0.0557

--- Round 129/500 ---
Averaged Train Loss: 1.5460
Averaged Test Accuracy: 0.4375
Averaged Test AUC: 0.8347
Std Test Accuracy: 0.1474
Std Test AUC: 0.0556

--- Round 130/500 ---
Averaged Train Loss: 1.5624
Averaged Test Accuracy: 0.4329
Averaged Test AUC: 0.8328
Std Test Accuracy: 0.1439
Std Test AUC: 0.0536

--- Round 131/500 ---
Averaged Train Loss: 1.5533
Averaged Test Accuracy: 0.4354
Averaged Test AUC: 0.8345
Std Test Accuracy: 0.1340
Std Test AUC: 0.0472

--- Round 132/500 ---
Averaged Train Loss: 1.5471
Averaged Test Accuracy: 0.4329
Averaged Test AUC: 0.8354
Std Test Accuracy: 0.1350
Std Test AUC: 0.0444

--- Round 133/500 ---
Averaged Train Loss: 1.5234
Averaged Test Accuracy: 0.4464
Averaged Test AUC: 0.8376
Std Test Accuracy: 0.1184
Std Test AUC: 0.0394

--- Round 134/500 ---
Averaged Train Loss: 1.5690
Averaged Test Accuracy: 0.4236
Averaged Test AUC: 0.8319
Std Test Accuracy: 0.1610
Std Test AUC: 0.0528

--- Round 135/500 ---
Averaged Train Loss: 1.5741
Averaged Test Accuracy: 0.4226
Averaged Test AUC: 0.8311
Std Test Accuracy: 0.1255
Std Test AUC: 0.0529

--- Round 136/500 ---
Averaged Train Loss: 1.5413
Averaged Test Accuracy: 0.4298
Averaged Test AUC: 0.8369
Std Test Accuracy: 0.1591
Std Test AUC: 0.0482

--- Round 137/500 ---
Averaged Train Loss: 1.5417
Averaged Test Accuracy: 0.4350
Averaged Test AUC: 0.8377
Std Test Accuracy: 0.1497
Std Test AUC: 0.0443

--- Round 138/500 ---
Averaged Train Loss: 1.5507
Averaged Test Accuracy: 0.4313
Averaged Test AUC: 0.8372
Std Test Accuracy: 0.1464
Std Test AUC: 0.0488

--- Round 139/500 ---
Averaged Train Loss: 1.5501
Averaged Test Accuracy: 0.4254
Averaged Test AUC: 0.8382
Std Test Accuracy: 0.1643
Std Test AUC: 0.0451

--- Round 140/500 ---
Averaged Train Loss: 1.5434
Averaged Test Accuracy: 0.4349
Averaged Test AUC: 0.8367
Std Test Accuracy: 0.1602
Std Test AUC: 0.0568

--- Round 141/500 ---
Averaged Train Loss: 1.5371
Averaged Test Accuracy: 0.4381
Averaged Test AUC: 0.8392
Std Test Accuracy: 0.1571
Std Test AUC: 0.0472

--- Round 142/500 ---
Averaged Train Loss: 1.5521
Averaged Test Accuracy: 0.4305
Averaged Test AUC: 0.8363
Std Test Accuracy: 0.1884
Std Test AUC: 0.0558

--- Round 143/500 ---
Averaged Train Loss: 1.5988
Averaged Test Accuracy: 0.4094
Averaged Test AUC: 0.8321
Std Test Accuracy: 0.2130
Std Test AUC: 0.0626

--- Round 144/500 ---
Averaged Train Loss: 1.5803
Averaged Test Accuracy: 0.4202
Averaged Test AUC: 0.8346
Std Test Accuracy: 0.1938
Std Test AUC: 0.0590

--- Round 145/500 ---
Averaged Train Loss: 1.5237
Averaged Test Accuracy: 0.4447
Averaged Test AUC: 0.8413
Std Test Accuracy: 0.1350
Std Test AUC: 0.0421

--- Round 146/500 ---
Averaged Train Loss: 1.5452
Averaged Test Accuracy: 0.4351
Averaged Test AUC: 0.8370
Std Test Accuracy: 0.1454
Std Test AUC: 0.0477

--- Round 147/500 ---
Averaged Train Loss: 1.5402
Averaged Test Accuracy: 0.4373
Averaged Test AUC: 0.8389
Std Test Accuracy: 0.1502
Std Test AUC: 0.0490

--- Round 148/500 ---
Averaged Train Loss: 1.5216
Averaged Test Accuracy: 0.4454
Averaged Test AUC: 0.8399
Std Test Accuracy: 0.1678
Std Test AUC: 0.0485

--- Round 149/500 ---
Averaged Train Loss: 1.5738
Averaged Test Accuracy: 0.4235
Averaged Test AUC: 0.8319
Std Test Accuracy: 0.1696
Std Test AUC: 0.0599

--- Round 150/500 ---
Averaged Train Loss: 1.5303
Averaged Test Accuracy: 0.4372
Averaged Test AUC: 0.8390
Std Test Accuracy: 0.1595
Std Test AUC: 0.0502

--- Round 151/500 ---
Averaged Train Loss: 1.4927
Averaged Test Accuracy: 0.4573
Averaged Test AUC: 0.8424
Std Test Accuracy: 0.1174
Std Test AUC: 0.0376

--- Round 152/500 ---
Averaged Train Loss: 1.5259
Averaged Test Accuracy: 0.4427
Averaged Test AUC: 0.8417
Std Test Accuracy: 0.1429
Std Test AUC: 0.0434

--- Round 153/500 ---
Averaged Train Loss: 1.5153
Averaged Test Accuracy: 0.4438
Averaged Test AUC: 0.8405
Std Test Accuracy: 0.1720
Std Test AUC: 0.0503

--- Round 154/500 ---
Averaged Train Loss: 1.5048
Averaged Test Accuracy: 0.4474
Averaged Test AUC: 0.8419
Std Test Accuracy: 0.1445
Std Test AUC: 0.0497

--- Round 155/500 ---
Averaged Train Loss: 1.5314
Averaged Test Accuracy: 0.4420
Averaged Test AUC: 0.8382
Std Test Accuracy: 0.1776
Std Test AUC: 0.0568

--- Round 156/500 ---
Averaged Train Loss: 1.5293
Averaged Test Accuracy: 0.4403
Averaged Test AUC: 0.8402
Std Test Accuracy: 0.1584
Std Test AUC: 0.0464

--- Round 157/500 ---
Averaged Train Loss: 1.5554
Averaged Test Accuracy: 0.4340
Averaged Test AUC: 0.8359
Std Test Accuracy: 0.1942
Std Test AUC: 0.0640

--- Round 158/500 ---
Averaged Train Loss: 1.5338
Averaged Test Accuracy: 0.4358
Averaged Test AUC: 0.8394
Std Test Accuracy: 0.1911
Std Test AUC: 0.0539

--- Round 159/500 ---
Averaged Train Loss: 1.5371
Averaged Test Accuracy: 0.4321
Averaged Test AUC: 0.8381
Std Test Accuracy: 0.1561
Std Test AUC: 0.0482

--- Round 160/500 ---
Averaged Train Loss: 1.4938
Averaged Test Accuracy: 0.4512
Averaged Test AUC: 0.8424
Std Test Accuracy: 0.1152
Std Test AUC: 0.0364

--- Round 161/500 ---
Averaged Train Loss: 1.5315
Averaged Test Accuracy: 0.4349
Averaged Test AUC: 0.8381
Std Test Accuracy: 0.1360
Std Test AUC: 0.0468

--- Round 162/500 ---
Averaged Train Loss: 1.4926
Averaged Test Accuracy: 0.4545
Averaged Test AUC: 0.8440
Std Test Accuracy: 0.1215
Std Test AUC: 0.0431

--- Round 163/500 ---
Averaged Train Loss: 1.4937
Averaged Test Accuracy: 0.4524
Averaged Test AUC: 0.8438
Std Test Accuracy: 0.1073
Std Test AUC: 0.0337

--- Round 164/500 ---
Averaged Train Loss: 1.5162
Averaged Test Accuracy: 0.4461
Averaged Test AUC: 0.8428
Std Test Accuracy: 0.1383
Std Test AUC: 0.0409

--- Round 165/500 ---
Averaged Train Loss: 1.5547
Averaged Test Accuracy: 0.4264
Averaged Test AUC: 0.8369
Std Test Accuracy: 0.1778
Std Test AUC: 0.0561

--- Round 166/500 ---
Averaged Train Loss: 1.5042
Averaged Test Accuracy: 0.4517
Averaged Test AUC: 0.8428
Std Test Accuracy: 0.1275
Std Test AUC: 0.0403

--- Round 167/500 ---
Averaged Train Loss: 1.4974
Averaged Test Accuracy: 0.4570
Averaged Test AUC: 0.8431
Std Test Accuracy: 0.1191
Std Test AUC: 0.0448

--- Round 168/500 ---
Averaged Train Loss: 1.5112
Averaged Test Accuracy: 0.4500
Averaged Test AUC: 0.8421
Std Test Accuracy: 0.1672
Std Test AUC: 0.0491

--- Round 169/500 ---
Averaged Train Loss: 1.5632
Averaged Test Accuracy: 0.4240
Averaged Test AUC: 0.8367
Std Test Accuracy: 0.1982
Std Test AUC: 0.0644

--- Round 170/500 ---
Averaged Train Loss: 1.5439
Averaged Test Accuracy: 0.4343
Averaged Test AUC: 0.8386
Std Test Accuracy: 0.1858
Std Test AUC: 0.0584

--- Round 171/500 ---
Averaged Train Loss: 1.5268
Averaged Test Accuracy: 0.4433
Averaged Test AUC: 0.8407
Std Test Accuracy: 0.1638
Std Test AUC: 0.0494

--- Round 172/500 ---
Averaged Train Loss: 1.4784
Averaged Test Accuracy: 0.4646
Averaged Test AUC: 0.8451
Std Test Accuracy: 0.1065
Std Test AUC: 0.0346

--- Round 173/500 ---
Averaged Train Loss: 1.7785
Averaged Test Accuracy: 0.3259
Averaged Test AUC: 0.8106
Std Test Accuracy: 0.2303
Std Test AUC: 0.0876

--- Round 174/500 ---
Averaged Train Loss: 1.7938
Averaged Test Accuracy: 0.3508
Averaged Test AUC: 0.8097
Std Test Accuracy: 0.2509
Std Test AUC: 0.0979

--- Round 175/500 ---
Averaged Train Loss: 1.6031
Averaged Test Accuracy: 0.4042
Averaged Test AUC: 0.8329
Std Test Accuracy: 0.2233
Std Test AUC: 0.0717

--- Round 176/500 ---
Averaged Train Loss: 1.8571
Averaged Test Accuracy: 0.3204
Averaged Test AUC: 0.8045
Std Test Accuracy: 0.1966
Std Test AUC: 0.0863

--- Round 177/500 ---
Averaged Train Loss: 1.5491
Averaged Test Accuracy: 0.4315
Averaged Test AUC: 0.8357
Std Test Accuracy: 0.1624
Std Test AUC: 0.0546

--- Round 178/500 ---
Averaged Train Loss: 1.7266
Averaged Test Accuracy: 0.3451
Averaged Test AUC: 0.8142
Std Test Accuracy: 0.2211
Std Test AUC: 0.0872

--- Round 179/500 ---
Averaged Train Loss: 1.5772
Averaged Test Accuracy: 0.4350
Averaged Test AUC: 0.8303
Std Test Accuracy: 0.1838
Std Test AUC: 0.0930

--- Round 180/500 ---
Averaged Train Loss: 1.6552
Averaged Test Accuracy: 0.3900
Averaged Test AUC: 0.8362
Std Test Accuracy: 0.2250
Std Test AUC: 0.0588

--- Round 181/500 ---
Averaged Train Loss: 1.7077
Averaged Test Accuracy: 0.3464
Averaged Test AUC: 0.8208
Std Test Accuracy: 0.1834
Std Test AUC: 0.0668

--- Round 182/500 ---
Averaged Train Loss: 1.5393
Averaged Test Accuracy: 0.4324
Averaged Test AUC: 0.8369
Std Test Accuracy: 0.1544
Std Test AUC: 0.0532

--- Round 183/500 ---
Averaged Train Loss: 1.6684
Averaged Test Accuracy: 0.3845
Averaged Test AUC: 0.8177
Std Test Accuracy: 0.1944
Std Test AUC: 0.0840

--- Round 184/500 ---
Averaged Train Loss: 1.6439
Averaged Test Accuracy: 0.4127
Averaged Test AUC: 0.8237
Std Test Accuracy: 0.1986
Std Test AUC: 0.0993

--- Round 185/500 ---
Averaged Train Loss: 1.6385
Averaged Test Accuracy: 0.3890
Averaged Test AUC: 0.8369
Std Test Accuracy: 0.2329
Std Test AUC: 0.0602

--- Round 186/500 ---
Averaged Train Loss: 1.7158
Averaged Test Accuracy: 0.3442
Averaged Test AUC: 0.8212
Std Test Accuracy: 0.1845
Std Test AUC: 0.0668

--- Round 187/500 ---
Averaged Train Loss: 1.5197
Averaged Test Accuracy: 0.4451
Averaged Test AUC: 0.8406
Std Test Accuracy: 0.1573
Std Test AUC: 0.0500

--- Round 188/500 ---
Averaged Train Loss: 1.6367
Averaged Test Accuracy: 0.3939
Averaged Test AUC: 0.8233
Std Test Accuracy: 0.1925
Std Test AUC: 0.0782

--- Round 189/500 ---
Averaged Train Loss: 1.6269
Averaged Test Accuracy: 0.4188
Averaged Test AUC: 0.8252
Std Test Accuracy: 0.1994
Std Test AUC: 0.0996

--- Round 190/500 ---
Averaged Train Loss: 1.6182
Averaged Test Accuracy: 0.3948
Averaged Test AUC: 0.8378
Std Test Accuracy: 0.2250
Std Test AUC: 0.0574

--- Round 191/500 ---
Averaged Train Loss: 1.6814
Averaged Test Accuracy: 0.3564
Averaged Test AUC: 0.8246
Std Test Accuracy: 0.1814
Std Test AUC: 0.0661

--- Round 192/500 ---
Averaged Train Loss: 1.5072
Averaged Test Accuracy: 0.4462
Averaged Test AUC: 0.8418
Std Test Accuracy: 0.1486
Std Test AUC: 0.0510

--- Round 193/500 ---
Averaged Train Loss: 1.6679
Averaged Test Accuracy: 0.3729
Averaged Test AUC: 0.8216
Std Test Accuracy: 0.2099
Std Test AUC: 0.0817

--- Round 194/500 ---
Averaged Train Loss: 1.6266
Averaged Test Accuracy: 0.4205
Averaged Test AUC: 0.8268
Std Test Accuracy: 0.2002
Std Test AUC: 0.0985

--- Round 195/500 ---
Averaged Train Loss: 1.5862
Averaged Test Accuracy: 0.4114
Averaged Test AUC: 0.8417
Std Test Accuracy: 0.2099
Std Test AUC: 0.0540

--- Round 196/500 ---
Averaged Train Loss: 1.6768
Averaged Test Accuracy: 0.3603
Averaged Test AUC: 0.8260
Std Test Accuracy: 0.1817
Std Test AUC: 0.0649

--- Round 197/500 ---
Averaged Train Loss: 1.5382
Averaged Test Accuracy: 0.4367
Averaged Test AUC: 0.8387
Std Test Accuracy: 0.1537
Std Test AUC: 0.0543

--- Round 198/500 ---
Averaged Train Loss: 1.6074
Averaged Test Accuracy: 0.3988
Averaged Test AUC: 0.8290
Std Test Accuracy: 0.1935
Std Test AUC: 0.0707

--- Round 199/500 ---
Averaged Train Loss: 1.6164
Averaged Test Accuracy: 0.4211
Averaged Test AUC: 0.8289
Std Test Accuracy: 0.1946
Std Test AUC: 0.0927

--- Round 200/500 ---
Averaged Train Loss: 1.6012
Averaged Test Accuracy: 0.4055
Averaged Test AUC: 0.8424
Std Test Accuracy: 0.2168
Std Test AUC: 0.0548

--- Round 201/500 ---
Averaged Train Loss: 1.6434
Averaged Test Accuracy: 0.3715
Averaged Test AUC: 0.8306
Std Test Accuracy: 0.1747
Std Test AUC: 0.0595

--- Round 202/500 ---
Averaged Train Loss: 1.5033
Averaged Test Accuracy: 0.4502
Averaged Test AUC: 0.8436
Std Test Accuracy: 0.1488
Std Test AUC: 0.0478

--- Round 203/500 ---
Averaged Train Loss: 1.6135
Averaged Test Accuracy: 0.3949
Averaged Test AUC: 0.8292
Std Test Accuracy: 0.1969
Std Test AUC: 0.0704

--- Round 204/500 ---
Averaged Train Loss: 1.5926
Averaged Test Accuracy: 0.4320
Averaged Test AUC: 0.8319
Std Test Accuracy: 0.1921
Std Test AUC: 0.0934

--- Round 205/500 ---
Averaged Train Loss: 1.5876
Averaged Test Accuracy: 0.4123
Averaged Test AUC: 0.8444
Std Test Accuracy: 0.2159
Std Test AUC: 0.0536

--- Round 206/500 ---
Averaged Train Loss: 1.6829
Averaged Test Accuracy: 0.3592
Averaged Test AUC: 0.8290
Std Test Accuracy: 0.1855
Std Test AUC: 0.0600

--- Round 207/500 ---
Averaged Train Loss: 1.5016
Averaged Test Accuracy: 0.4500
Averaged Test AUC: 0.8440
Std Test Accuracy: 0.1516
Std Test AUC: 0.0501

--- Round 208/500 ---
Averaged Train Loss: 1.6265
Averaged Test Accuracy: 0.3916
Averaged Test AUC: 0.8287
Std Test Accuracy: 0.2028
Std Test AUC: 0.0729

--- Round 209/500 ---
Averaged Train Loss: 1.5954
Averaged Test Accuracy: 0.4321
Averaged Test AUC: 0.8318
Std Test Accuracy: 0.1964
Std Test AUC: 0.0934

--- Round 210/500 ---
Averaged Train Loss: 1.5867
Averaged Test Accuracy: 0.4119
Averaged Test AUC: 0.8450
Std Test Accuracy: 0.2169
Std Test AUC: 0.0547

--- Round 211/500 ---
Averaged Train Loss: 1.6627
Averaged Test Accuracy: 0.3679
Averaged Test AUC: 0.8307
Std Test Accuracy: 0.1843
Std Test AUC: 0.0609

--- Round 212/500 ---
Averaged Train Loss: 1.4836
Averaged Test Accuracy: 0.4593
Averaged Test AUC: 0.8466
Std Test Accuracy: 0.1550
Std Test AUC: 0.0500

--- Round 213/500 ---
Averaged Train Loss: 1.6556
Averaged Test Accuracy: 0.3811
Averaged Test AUC: 0.8255
Std Test Accuracy: 0.2039
Std Test AUC: 0.0782

--- Round 214/500 ---
Averaged Train Loss: 1.4951
Averaged Test Accuracy: 0.4513
Averaged Test AUC: 0.8455
Std Test Accuracy: 0.1763
Std Test AUC: 0.0691

--- Round 215/500 ---
Averaged Train Loss: 1.5619
Averaged Test Accuracy: 0.4236
Averaged Test AUC: 0.8486
Std Test Accuracy: 0.2098
Std Test AUC: 0.0523

--- Round 216/500 ---
Averaged Train Loss: 1.6459
Averaged Test Accuracy: 0.3717
Averaged Test AUC: 0.8331
Std Test Accuracy: 0.1778
Std Test AUC: 0.0572

--- Round 217/500 ---
Averaged Train Loss: 1.4728
Averaged Test Accuracy: 0.4604
Averaged Test AUC: 0.8478
Std Test Accuracy: 0.1433
Std Test AUC: 0.0472

--- Round 218/500 ---
Averaged Train Loss: 1.6350
Averaged Test Accuracy: 0.3869
Averaged Test AUC: 0.8285
Std Test Accuracy: 0.2090
Std Test AUC: 0.0776

--- Round 219/500 ---
Averaged Train Loss: 1.4981
Averaged Test Accuracy: 0.4477
Averaged Test AUC: 0.8456
Std Test Accuracy: 0.1789
Std Test AUC: 0.0690

--- Round 220/500 ---
Averaged Train Loss: 1.5501
Averaged Test Accuracy: 0.4270
Averaged Test AUC: 0.8485
Std Test Accuracy: 0.2007
Std Test AUC: 0.0519

--- Round 221/500 ---
Averaged Train Loss: 1.6620
Averaged Test Accuracy: 0.3679
Averaged Test AUC: 0.8330
Std Test Accuracy: 0.1807
Std Test AUC: 0.0586

--- Round 222/500 ---
Averaged Train Loss: 1.4764
Averaged Test Accuracy: 0.4595
Averaged Test AUC: 0.8478
Std Test Accuracy: 0.1511
Std Test AUC: 0.0491

--- Round 223/500 ---
Averaged Train Loss: 1.6033
Averaged Test Accuracy: 0.4013
Averaged Test AUC: 0.8327
Std Test Accuracy: 0.2001
Std Test AUC: 0.0736

--- Round 224/500 ---
Averaged Train Loss: 1.5146
Averaged Test Accuracy: 0.4436
Averaged Test AUC: 0.8442
Std Test Accuracy: 0.1813
Std Test AUC: 0.0729

--- Round 225/500 ---
Averaged Train Loss: 1.5574
Averaged Test Accuracy: 0.4216
Averaged Test AUC: 0.8487
Std Test Accuracy: 0.2065
Std Test AUC: 0.0519

--- Round 226/500 ---
Averaged Train Loss: 1.6557
Averaged Test Accuracy: 0.3719
Averaged Test AUC: 0.8331
Std Test Accuracy: 0.1804
Std Test AUC: 0.0605

--- Round 227/500 ---
Averaged Train Loss: 1.4769
Averaged Test Accuracy: 0.4600
Averaged Test AUC: 0.8486
Std Test Accuracy: 0.1426
Std Test AUC: 0.0466

--- Round 228/500 ---
Averaged Train Loss: 1.6083
Averaged Test Accuracy: 0.3987
Averaged Test AUC: 0.8321
Std Test Accuracy: 0.1945
Std Test AUC: 0.0744

--- Round 229/500 ---
Averaged Train Loss: 1.4966
Averaged Test Accuracy: 0.4507
Averaged Test AUC: 0.8464
Std Test Accuracy: 0.1821
Std Test AUC: 0.0709

--- Round 230/500 ---
Averaged Train Loss: 1.5354
Averaged Test Accuracy: 0.4309
Averaged Test AUC: 0.8504
Std Test Accuracy: 0.1962
Std Test AUC: 0.0502

--- Round 231/500 ---
Averaged Train Loss: 1.6110
Averaged Test Accuracy: 0.3925
Averaged Test AUC: 0.8362
Std Test Accuracy: 0.1801
Std Test AUC: 0.0608

--- Round 232/500 ---
Averaged Train Loss: 1.4716
Averaged Test Accuracy: 0.4619
Averaged Test AUC: 0.8494
Std Test Accuracy: 0.1467
Std Test AUC: 0.0473

--- Round 233/500 ---
Averaged Train Loss: 1.5830
Averaged Test Accuracy: 0.4062
Averaged Test AUC: 0.8361
Std Test Accuracy: 0.2035
Std Test AUC: 0.0723

--- Round 234/500 ---
Averaged Train Loss: 1.4854
Averaged Test Accuracy: 0.4556
Averaged Test AUC: 0.8484
Std Test Accuracy: 0.1817
Std Test AUC: 0.0703

--- Round 235/500 ---
Averaged Train Loss: 1.5517
Averaged Test Accuracy: 0.4268
Averaged Test AUC: 0.8504
Std Test Accuracy: 0.2076
Std Test AUC: 0.0539

--- Round 236/500 ---
Averaged Train Loss: 1.6268
Averaged Test Accuracy: 0.3828
Averaged Test AUC: 0.8366
Std Test Accuracy: 0.1792
Std Test AUC: 0.0581

--- Round 237/500 ---
Averaged Train Loss: 1.4668
Averaged Test Accuracy: 0.4641
Averaged Test AUC: 0.8500
Std Test Accuracy: 0.1488
Std Test AUC: 0.0479

--- Round 238/500 ---
Averaged Train Loss: 1.5795
Averaged Test Accuracy: 0.4144
Averaged Test AUC: 0.8355
Std Test Accuracy: 0.1923
Std Test AUC: 0.0738

--- Round 239/500 ---
Averaged Train Loss: 1.4722
Averaged Test Accuracy: 0.4619
Averaged Test AUC: 0.8493
Std Test Accuracy: 0.1761
Std Test AUC: 0.0694

--- Round 240/500 ---
Averaged Train Loss: 1.5443
Averaged Test Accuracy: 0.4295
Averaged Test AUC: 0.8521
Std Test Accuracy: 0.2015
Std Test AUC: 0.0502

--- Round 241/500 ---
Averaged Train Loss: 1.6216
Averaged Test Accuracy: 0.3836
Averaged Test AUC: 0.8375
Std Test Accuracy: 0.1810
Std Test AUC: 0.0585

--- Round 242/500 ---
Averaged Train Loss: 1.4547
Averaged Test Accuracy: 0.4679
Averaged Test AUC: 0.8514
Std Test Accuracy: 0.1474
Std Test AUC: 0.0486

--- Round 243/500 ---
Averaged Train Loss: 1.6072
Averaged Test Accuracy: 0.4005
Averaged Test AUC: 0.8344
Std Test Accuracy: 0.2039
Std Test AUC: 0.0736

--- Round 244/500 ---
Averaged Train Loss: 1.4607
Averaged Test Accuracy: 0.4622
Averaged Test AUC: 0.8515
Std Test Accuracy: 0.1719
Std Test AUC: 0.0654

--- Round 245/500 ---
Averaged Train Loss: 1.5205
Averaged Test Accuracy: 0.4386
Averaged Test AUC: 0.8534
Std Test Accuracy: 0.1905
Std Test AUC: 0.0501

--- Round 246/500 ---
Averaged Train Loss: 1.6011
Averaged Test Accuracy: 0.3942
Averaged Test AUC: 0.8403
Std Test Accuracy: 0.1751
Std Test AUC: 0.0561

--- Round 247/500 ---
Averaged Train Loss: 1.4501
Averaged Test Accuracy: 0.4697
Averaged Test AUC: 0.8525
Std Test Accuracy: 0.1484
Std Test AUC: 0.0474

--- Round 248/500 ---
Averaged Train Loss: 1.5741
Averaged Test Accuracy: 0.4128
Averaged Test AUC: 0.8377
Std Test Accuracy: 0.1976
Std Test AUC: 0.0702

--- Round 249/500 ---
Averaged Train Loss: 1.4651
Averaged Test Accuracy: 0.4613
Averaged Test AUC: 0.8513
Std Test Accuracy: 0.1779
Std Test AUC: 0.0670

--- Round 250/500 ---
Averaged Train Loss: 1.5171
Averaged Test Accuracy: 0.4397
Averaged Test AUC: 0.8549
Std Test Accuracy: 0.1916
Std Test AUC: 0.0484

--- Round 251/500 ---
Averaged Train Loss: 1.5984
Averaged Test Accuracy: 0.3953
Averaged Test AUC: 0.8414
Std Test Accuracy: 0.1709
Std Test AUC: 0.0541

--- Round 252/500 ---
Averaged Train Loss: 1.4538
Averaged Test Accuracy: 0.4686
Averaged Test AUC: 0.8523
Std Test Accuracy: 0.1464
Std Test AUC: 0.0473

--- Round 253/500 ---
Averaged Train Loss: 1.5688
Averaged Test Accuracy: 0.4116
Averaged Test AUC: 0.8390
Std Test Accuracy: 0.1978
Std Test AUC: 0.0684

--- Round 254/500 ---
Averaged Train Loss: 1.4580
Averaged Test Accuracy: 0.4616
Averaged Test AUC: 0.8527
Std Test Accuracy: 0.1800
Std Test AUC: 0.0661

--- Round 255/500 ---
Averaged Train Loss: 1.5130
Averaged Test Accuracy: 0.4384
Averaged Test AUC: 0.8555
Std Test Accuracy: 0.1964
Std Test AUC: 0.0476

--- Round 256/500 ---
Averaged Train Loss: 1.5928
Averaged Test Accuracy: 0.3940
Averaged Test AUC: 0.8426
Std Test Accuracy: 0.1749
Std Test AUC: 0.0533

--- Round 257/500 ---
Averaged Train Loss: 1.4464
Averaged Test Accuracy: 0.4717
Averaged Test AUC: 0.8538
Std Test Accuracy: 0.1487
Std Test AUC: 0.0479

--- Round 258/500 ---
Averaged Train Loss: 1.5908
Averaged Test Accuracy: 0.4037
Averaged Test AUC: 0.8379
Std Test Accuracy: 0.2034
Std Test AUC: 0.0710

--- Round 259/500 ---
Averaged Train Loss: 1.4407
Averaged Test Accuracy: 0.4695
Averaged Test AUC: 0.8544
Std Test Accuracy: 0.1789
Std Test AUC: 0.0658

--- Round 260/500 ---
Averaged Train Loss: 1.5030
Averaged Test Accuracy: 0.4440
Averaged Test AUC: 0.8556
Std Test Accuracy: 0.1965
Std Test AUC: 0.0497

--- Round 261/500 ---
Averaged Train Loss: 1.5699
Averaged Test Accuracy: 0.4069
Averaged Test AUC: 0.8440
Std Test Accuracy: 0.1699
Std Test AUC: 0.0539

--- Round 262/500 ---
Averaged Train Loss: 1.4351
Averaged Test Accuracy: 0.4765
Averaged Test AUC: 0.8547
Std Test Accuracy: 0.1444
Std Test AUC: 0.0466

--- Round 263/500 ---
Averaged Train Loss: 1.5953
Averaged Test Accuracy: 0.4050
Averaged Test AUC: 0.8387
Std Test Accuracy: 0.2112
Std Test AUC: 0.0742

--- Round 264/500 ---
Averaged Train Loss: 1.4405
Averaged Test Accuracy: 0.4678
Averaged Test AUC: 0.8542
Std Test Accuracy: 0.1799
Std Test AUC: 0.0669

--- Round 265/500 ---
Averaged Train Loss: 1.5164
Averaged Test Accuracy: 0.4379
Averaged Test AUC: 0.8554
Std Test Accuracy: 0.2072
Std Test AUC: 0.0514

--- Round 266/500 ---
Averaged Train Loss: 1.5820
Averaged Test Accuracy: 0.4010
Averaged Test AUC: 0.8442
Std Test Accuracy: 0.1748
Std Test AUC: 0.0542

--- Round 267/500 ---
Averaged Train Loss: 1.4445
Averaged Test Accuracy: 0.4733
Averaged Test AUC: 0.8544
Std Test Accuracy: 0.1490
Std Test AUC: 0.0479

--- Round 268/500 ---
Averaged Train Loss: 1.5300
Averaged Test Accuracy: 0.4385
Averaged Test AUC: 0.8419
Std Test Accuracy: 0.1806
Std Test AUC: 0.0683

--- Round 269/500 ---
Averaged Train Loss: 1.4368
Averaged Test Accuracy: 0.4716
Averaged Test AUC: 0.8544
Std Test Accuracy: 0.1791
Std Test AUC: 0.0683

--- Round 270/500 ---
Averaged Train Loss: 1.4994
Averaged Test Accuracy: 0.4486
Averaged Test AUC: 0.8584
Std Test Accuracy: 0.1923
Std Test AUC: 0.0472

--- Round 271/500 ---
Averaged Train Loss: 1.6106
Averaged Test Accuracy: 0.3919
Averaged Test AUC: 0.8417
Std Test Accuracy: 0.1742
Std Test AUC: 0.0567

--- Round 272/500 ---
Averaged Train Loss: 1.4255
Averaged Test Accuracy: 0.4806
Averaged Test AUC: 0.8564
Std Test Accuracy: 0.1443
Std Test AUC: 0.0455

--- Round 273/500 ---
Averaged Train Loss: 1.5767
Averaged Test Accuracy: 0.4092
Averaged Test AUC: 0.8412
Std Test Accuracy: 0.2083
Std Test AUC: 0.0695

--- Round 274/500 ---
Averaged Train Loss: 1.4319
Averaged Test Accuracy: 0.4742
Averaged Test AUC: 0.8557
Std Test Accuracy: 0.1789
Std Test AUC: 0.0656

--- Round 275/500 ---
Averaged Train Loss: 1.4924
Averaged Test Accuracy: 0.4478
Averaged Test AUC: 0.8582
Std Test Accuracy: 0.2000
Std Test AUC: 0.0497

--- Round 276/500 ---
Averaged Train Loss: 1.5721
Averaged Test Accuracy: 0.4059
Averaged Test AUC: 0.8447
Std Test Accuracy: 0.1732
Std Test AUC: 0.0555

--- Round 277/500 ---
Averaged Train Loss: 1.4360
Averaged Test Accuracy: 0.4747
Averaged Test AUC: 0.8555
Std Test Accuracy: 0.1504
Std Test AUC: 0.0467

--- Round 278/500 ---
Averaged Train Loss: 1.5441
Averaged Test Accuracy: 0.4238
Averaged Test AUC: 0.8434
Std Test Accuracy: 0.1975
Std Test AUC: 0.0688

--- Round 279/500 ---
Averaged Train Loss: 1.4179
Averaged Test Accuracy: 0.4749
Averaged Test AUC: 0.8579
Std Test Accuracy: 0.1745
Std Test AUC: 0.0629

--- Round 280/500 ---
Averaged Train Loss: 1.4784
Averaged Test Accuracy: 0.4558
Averaged Test AUC: 0.8592
Std Test Accuracy: 0.1804
Std Test AUC: 0.0471

--- Round 281/500 ---
Averaged Train Loss: 1.5669
Averaged Test Accuracy: 0.4080
Averaged Test AUC: 0.8452
Std Test Accuracy: 0.1714
Std Test AUC: 0.0552

--- Round 282/500 ---
Averaged Train Loss: 1.4255
Averaged Test Accuracy: 0.4794
Averaged Test AUC: 0.8572
Std Test Accuracy: 0.1497
Std Test AUC: 0.0470

--- Round 283/500 ---
Averaged Train Loss: 1.5118
Averaged Test Accuracy: 0.4367
Averaged Test AUC: 0.8465
Std Test Accuracy: 0.1879
Std Test AUC: 0.0662

--- Round 284/500 ---
Averaged Train Loss: 1.4192
Averaged Test Accuracy: 0.4796
Averaged Test AUC: 0.8575
Std Test Accuracy: 0.1801
Std Test AUC: 0.0668

--- Round 285/500 ---
Averaged Train Loss: 1.4853
Averaged Test Accuracy: 0.4514
Averaged Test AUC: 0.8593
Std Test Accuracy: 0.1933
Std Test AUC: 0.0482

--- Round 286/500 ---
Averaged Train Loss: 1.6143
Averaged Test Accuracy: 0.3922
Averaged Test AUC: 0.8428
Std Test Accuracy: 0.1814
Std Test AUC: 0.0571

--- Round 287/500 ---
Averaged Train Loss: 1.4223
Averaged Test Accuracy: 0.4799
Averaged Test AUC: 0.8578
Std Test Accuracy: 0.1524
Std Test AUC: 0.0473

--- Round 288/500 ---
Averaged Train Loss: 1.5297
Averaged Test Accuracy: 0.4312
Averaged Test AUC: 0.8452
Std Test Accuracy: 0.1924
Std Test AUC: 0.0688

--- Round 289/500 ---
Averaged Train Loss: 1.4258
Averaged Test Accuracy: 0.4762
Averaged Test AUC: 0.8574
Std Test Accuracy: 0.1768
Std Test AUC: 0.0658

--- Round 290/500 ---
Averaged Train Loss: 1.4568
Averaged Test Accuracy: 0.4624
Averaged Test AUC: 0.8616
Std Test Accuracy: 0.1853
Std Test AUC: 0.0449

--- Round 291/500 ---
Averaged Train Loss: 1.5081
Averaged Test Accuracy: 0.4307
Averaged Test AUC: 0.8501
Std Test Accuracy: 0.1607
Std Test AUC: 0.0519

--- Round 292/500 ---
Averaged Train Loss: 1.4108
Averaged Test Accuracy: 0.4840
Averaged Test AUC: 0.8588
Std Test Accuracy: 0.1459
Std Test AUC: 0.0452

--- Round 293/500 ---
Averaged Train Loss: 1.5133
Averaged Test Accuracy: 0.4375
Averaged Test AUC: 0.8471
Std Test Accuracy: 0.1886
Std Test AUC: 0.0666

--- Round 294/500 ---
Averaged Train Loss: 1.4324
Averaged Test Accuracy: 0.4761
Averaged Test AUC: 0.8563
Std Test Accuracy: 0.1801
Std Test AUC: 0.0680

--- Round 295/500 ---
Averaged Train Loss: 1.4588
Averaged Test Accuracy: 0.4609
Averaged Test AUC: 0.8613
Std Test Accuracy: 0.1860
Std Test AUC: 0.0471

--- Round 296/500 ---
Averaged Train Loss: 1.5310
Averaged Test Accuracy: 0.4238
Averaged Test AUC: 0.8491
Std Test Accuracy: 0.1666
Std Test AUC: 0.0538

--- Round 297/500 ---
Averaged Train Loss: 1.3983
Averaged Test Accuracy: 0.4885
Averaged Test AUC: 0.8604
Std Test Accuracy: 0.1462
Std Test AUC: 0.0448

--- Round 298/500 ---
Averaged Train Loss: 1.5031
Averaged Test Accuracy: 0.4408
Averaged Test AUC: 0.8489
Std Test Accuracy: 0.1937
Std Test AUC: 0.0651

--- Round 299/500 ---
Averaged Train Loss: 1.4025
Averaged Test Accuracy: 0.4823
Averaged Test AUC: 0.8601
Std Test Accuracy: 0.1749
Std Test AUC: 0.0614

--- Round 300/500 ---
Averaged Train Loss: 1.4469
Averaged Test Accuracy: 0.4675
Averaged Test AUC: 0.8628
Std Test Accuracy: 0.1788
Std Test AUC: 0.0441

--- Round 301/500 ---
Averaged Train Loss: 1.5602
Averaged Test Accuracy: 0.4115
Averaged Test AUC: 0.8481
Std Test Accuracy: 0.1737
Std Test AUC: 0.0536

--- Round 302/500 ---
Averaged Train Loss: 1.5316
Averaged Test Accuracy: 0.4308
Averaged Test AUC: 0.8484
Std Test Accuracy: 0.2143
Std Test AUC: 0.0652

--- Round 303/500 ---
Averaged Train Loss: 1.3908
Averaged Test Accuracy: 0.4865
Averaged Test AUC: 0.8632
Std Test Accuracy: 0.1335
Std Test AUC: 0.0430

--- Round 304/500 ---
Averaged Train Loss: 1.5776
Averaged Test Accuracy: 0.4235
Averaged Test AUC: 0.8423
Std Test Accuracy: 0.2112
Std Test AUC: 0.0791

--- Round 305/500 ---
Averaged Train Loss: 1.4391
Averaged Test Accuracy: 0.4653
Averaged Test AUC: 0.8601
Std Test Accuracy: 0.1502
Std Test AUC: 0.0464

--- Round 306/500 ---
Averaged Train Loss: 1.5696
Averaged Test Accuracy: 0.4270
Averaged Test AUC: 0.8423
Std Test Accuracy: 0.2072
Std Test AUC: 0.0750

--- Round 307/500 ---
Averaged Train Loss: 1.3759
Averaged Test Accuracy: 0.4895
Averaged Test AUC: 0.8675
Std Test Accuracy: 0.1337
Std Test AUC: 0.0368

--- Round 308/500 ---
Averaged Train Loss: 1.4777
Averaged Test Accuracy: 0.4515
Averaged Test AUC: 0.8516
Std Test Accuracy: 0.1912
Std Test AUC: 0.0666

--- Round 309/500 ---
Averaged Train Loss: 1.4153
Averaged Test Accuracy: 0.4755
Averaged Test AUC: 0.8601
Std Test Accuracy: 0.1493
Std Test AUC: 0.0464

--- Round 310/500 ---
Averaged Train Loss: 1.6644
Averaged Test Accuracy: 0.4041
Averaged Test AUC: 0.8297
Std Test Accuracy: 0.1802
Std Test AUC: 0.0819

--- Round 311/500 ---
Averaged Train Loss: 1.3318
Averaged Test Accuracy: 0.5068
Averaged Test AUC: 0.8706
Std Test Accuracy: 0.1369
Std Test AUC: 0.0390

--- Round 312/500 ---
Averaged Train Loss: 1.3198
Averaged Test Accuracy: 0.5124
Averaged Test AUC: 0.8712
Std Test Accuracy: 0.1333
Std Test AUC: 0.0333

--- Round 313/500 ---
Averaged Train Loss: 1.3405
Averaged Test Accuracy: 0.5032
Averaged Test AUC: 0.8681
Std Test Accuracy: 0.1352
Std Test AUC: 0.0404

--- Round 314/500 ---
Averaged Train Loss: 1.3196
Averaged Test Accuracy: 0.5083
Averaged Test AUC: 0.8707
Std Test Accuracy: 0.0950
Std Test AUC: 0.0276

--- Round 315/500 ---
Averaged Train Loss: 1.3107
Averaged Test Accuracy: 0.5144
Averaged Test AUC: 0.8714
Std Test Accuracy: 0.1127
Std Test AUC: 0.0323

--- Round 316/500 ---
Averaged Train Loss: 1.2995
Averaged Test Accuracy: 0.5195
Averaged Test AUC: 0.8721
Std Test Accuracy: 0.0950
Std Test AUC: 0.0279

--- Round 317/500 ---
Averaged Train Loss: 1.3848
Averaged Test Accuracy: 0.4864
Averaged Test AUC: 0.8686
Std Test Accuracy: 0.1592
Std Test AUC: 0.0419

--- Round 318/500 ---
Averaged Train Loss: 1.3257
Averaged Test Accuracy: 0.5112
Averaged Test AUC: 0.8690
Std Test Accuracy: 0.1311
Std Test AUC: 0.0354

--- Round 319/500 ---
Averaged Train Loss: 1.4417
Averaged Test Accuracy: 0.4654
Averaged Test AUC: 0.8607
Std Test Accuracy: 0.2045
Std Test AUC: 0.0598

--- Round 320/500 ---
Averaged Train Loss: 1.3218
Averaged Test Accuracy: 0.5132
Averaged Test AUC: 0.8725
Std Test Accuracy: 0.1480
Std Test AUC: 0.0414

--- Round 321/500 ---
Averaged Train Loss: 1.3322
Averaged Test Accuracy: 0.5084
Averaged Test AUC: 0.8705
Std Test Accuracy: 0.1326
Std Test AUC: 0.0396

--- Round 322/500 ---
Averaged Train Loss: 1.4521
Averaged Test Accuracy: 0.4685
Averaged Test AUC: 0.8532
Std Test Accuracy: 0.1532
Std Test AUC: 0.0545

--- Round 323/500 ---
Averaged Train Loss: 1.3738
Averaged Test Accuracy: 0.4900
Averaged Test AUC: 0.8647
Std Test Accuracy: 0.1717
Std Test AUC: 0.0492

--- Round 324/500 ---
Averaged Train Loss: 1.5052
Averaged Test Accuracy: 0.4472
Averaged Test AUC: 0.8544
Std Test Accuracy: 0.2001
Std Test AUC: 0.0615

--- Round 325/500 ---
Averaged Train Loss: 1.4321
Averaged Test Accuracy: 0.4659
Averaged Test AUC: 0.8602
Std Test Accuracy: 0.1803
Std Test AUC: 0.0481

--- Round 326/500 ---
Averaged Train Loss: 1.3176
Averaged Test Accuracy: 0.5121
Averaged Test AUC: 0.8702
Std Test Accuracy: 0.1561
Std Test AUC: 0.0448

--- Round 327/500 ---
Averaged Train Loss: 1.4532
Averaged Test Accuracy: 0.4541
Averaged Test AUC: 0.8564
Std Test Accuracy: 0.1515
Std Test AUC: 0.0449

--- Round 328/500 ---
Averaged Train Loss: 1.3032
Averaged Test Accuracy: 0.5173
Averaged Test AUC: 0.8725
Std Test Accuracy: 0.1256
Std Test AUC: 0.0319

--- Round 329/500 ---
Averaged Train Loss: 1.4142
Averaged Test Accuracy: 0.4754
Averaged Test AUC: 0.8612
Std Test Accuracy: 0.1748
Std Test AUC: 0.0494

--- Round 330/500 ---
Averaged Train Loss: 1.3423
Averaged Test Accuracy: 0.5009
Averaged Test AUC: 0.8676
Std Test Accuracy: 0.1335
Std Test AUC: 0.0382

--- Round 331/500 ---
Averaged Train Loss: 1.3309
Averaged Test Accuracy: 0.5073
Averaged Test AUC: 0.8691
Std Test Accuracy: 0.1638
Std Test AUC: 0.0461

--- Round 332/500 ---
Averaged Train Loss: 1.3140
Averaged Test Accuracy: 0.5135
Averaged Test AUC: 0.8700
Std Test Accuracy: 0.1288
Std Test AUC: 0.0389

--- Round 333/500 ---
Averaged Train Loss: 1.3174
Averaged Test Accuracy: 0.5127
Averaged Test AUC: 0.8708
Std Test Accuracy: 0.1566
Std Test AUC: 0.0465

--- Round 334/500 ---
Averaged Train Loss: 1.3545
Averaged Test Accuracy: 0.4995
Averaged Test AUC: 0.8665
Std Test Accuracy: 0.1333
Std Test AUC: 0.0420

--- Round 335/500 ---
Averaged Train Loss: 1.3171
Averaged Test Accuracy: 0.5184
Averaged Test AUC: 0.8678
Std Test Accuracy: 0.1176
Std Test AUC: 0.0410

--- Round 336/500 ---
Averaged Train Loss: 1.2963
Averaged Test Accuracy: 0.5199
Averaged Test AUC: 0.8726
Std Test Accuracy: 0.1023
Std Test AUC: 0.0265

--- Round 337/500 ---
Averaged Train Loss: 1.3124
Averaged Test Accuracy: 0.5147
Averaged Test AUC: 0.8718
Std Test Accuracy: 0.1409
Std Test AUC: 0.0433

--- Round 338/500 ---
Averaged Train Loss: 1.3109
Averaged Test Accuracy: 0.5149
Averaged Test AUC: 0.8718
Std Test Accuracy: 0.1476
Std Test AUC: 0.0428

--- Round 339/500 ---
Averaged Train Loss: 1.3186
Averaged Test Accuracy: 0.5147
Averaged Test AUC: 0.8728
Std Test Accuracy: 0.1535
Std Test AUC: 0.0433

--- Round 340/500 ---
Averaged Train Loss: 1.3334
Averaged Test Accuracy: 0.5045
Averaged Test AUC: 0.8698
Std Test Accuracy: 0.1415
Std Test AUC: 0.0393

--- Round 341/500 ---
Averaged Train Loss: 1.3164
Averaged Test Accuracy: 0.5133
Averaged Test AUC: 0.8710
Std Test Accuracy: 0.1569
Std Test AUC: 0.0484

--- Round 342/500 ---
Averaged Train Loss: 1.3438
Averaged Test Accuracy: 0.5031
Averaged Test AUC: 0.8659
Std Test Accuracy: 0.1383
Std Test AUC: 0.0423

--- Round 343/500 ---
Averaged Train Loss: 1.3068
Averaged Test Accuracy: 0.5146
Averaged Test AUC: 0.8727
Std Test Accuracy: 0.1511
Std Test AUC: 0.0414

--- Round 344/500 ---
Averaged Train Loss: 1.4238
Averaged Test Accuracy: 0.4720
Averaged Test AUC: 0.8596
Std Test Accuracy: 0.1767
Std Test AUC: 0.0508

--- Round 345/500 ---
Averaged Train Loss: 1.2837
Averaged Test Accuracy: 0.5266
Averaged Test AUC: 0.8738
Std Test Accuracy: 0.1009
Std Test AUC: 0.0280

--- Round 346/500 ---
Averaged Train Loss: 1.3233
Averaged Test Accuracy: 0.5102
Averaged Test AUC: 0.8701
Std Test Accuracy: 0.1517
Std Test AUC: 0.0463

--- Round 347/500 ---
Averaged Train Loss: 1.3381
Averaged Test Accuracy: 0.5120
Averaged Test AUC: 0.8689
Std Test Accuracy: 0.1413
Std Test AUC: 0.0477

--- Round 348/500 ---
Averaged Train Loss: 1.3343
Averaged Test Accuracy: 0.5059
Averaged Test AUC: 0.8684
Std Test Accuracy: 0.1302
Std Test AUC: 0.0382

--- Round 349/500 ---
Averaged Train Loss: 1.3206
Averaged Test Accuracy: 0.5102
Averaged Test AUC: 0.8697
Std Test Accuracy: 0.1119
Std Test AUC: 0.0329

--- Round 350/500 ---
Averaged Train Loss: 1.2745
Averaged Test Accuracy: 0.5272
Averaged Test AUC: 0.8756
Std Test Accuracy: 0.1089
Std Test AUC: 0.0287

--- Round 351/500 ---
Averaged Train Loss: 1.3001
Averaged Test Accuracy: 0.5210
Averaged Test AUC: 0.8739
Std Test Accuracy: 0.1339
Std Test AUC: 0.0389

--- Round 352/500 ---
Averaged Train Loss: 1.2825
Averaged Test Accuracy: 0.5230
Averaged Test AUC: 0.8745
Std Test Accuracy: 0.1025
Std Test AUC: 0.0281

--- Round 353/500 ---
Averaged Train Loss: 1.2883
Averaged Test Accuracy: 0.5232
Averaged Test AUC: 0.8741
Std Test Accuracy: 0.1080
Std Test AUC: 0.0307

--- Round 354/500 ---
Averaged Train Loss: 1.2959
Averaged Test Accuracy: 0.5214
Averaged Test AUC: 0.8740
Std Test Accuracy: 0.1028
Std Test AUC: 0.0280

--- Round 355/500 ---
Averaged Train Loss: 1.3262
Averaged Test Accuracy: 0.5134
Averaged Test AUC: 0.8712
Std Test Accuracy: 0.1548
Std Test AUC: 0.0467

--- Round 356/500 ---
Averaged Train Loss: 1.2871
Averaged Test Accuracy: 0.5257
Averaged Test AUC: 0.8750
Std Test Accuracy: 0.1312
Std Test AUC: 0.0365

--- Round 357/500 ---
Averaged Train Loss: 1.3051
Averaged Test Accuracy: 0.5177
Averaged Test AUC: 0.8729
Std Test Accuracy: 0.1416
Std Test AUC: 0.0389

--- Round 358/500 ---
Averaged Train Loss: 1.3664
Averaged Test Accuracy: 0.4948
Averaged Test AUC: 0.8699
Std Test Accuracy: 0.1788
Std Test AUC: 0.0502

--- Round 359/500 ---
Averaged Train Loss: 1.2930
Averaged Test Accuracy: 0.5239
Averaged Test AUC: 0.8734
Std Test Accuracy: 0.1266
Std Test AUC: 0.0347

--- Round 360/500 ---
Averaged Train Loss: 1.2890
Averaged Test Accuracy: 0.5235
Averaged Test AUC: 0.8734
Std Test Accuracy: 0.1359
Std Test AUC: 0.0367

--- Round 361/500 ---
Averaged Train Loss: 1.4844
Averaged Test Accuracy: 0.4557
Averaged Test AUC: 0.8574
Std Test Accuracy: 0.1914
Std Test AUC: 0.0584

--- Round 362/500 ---
Averaged Train Loss: 1.3125
Averaged Test Accuracy: 0.5170
Averaged Test AUC: 0.8721
Std Test Accuracy: 0.1305
Std Test AUC: 0.0359

--- Round 363/500 ---
Averaged Train Loss: 1.2889
Averaged Test Accuracy: 0.5269
Averaged Test AUC: 0.8744
Std Test Accuracy: 0.1018
Std Test AUC: 0.0295

--- Round 364/500 ---
Averaged Train Loss: 1.3004
Averaged Test Accuracy: 0.5160
Averaged Test AUC: 0.8744
Std Test Accuracy: 0.1195
Std Test AUC: 0.0312

--- Round 365/500 ---
Averaged Train Loss: 1.2744
Averaged Test Accuracy: 0.5298
Averaged Test AUC: 0.8755
Std Test Accuracy: 0.1239
Std Test AUC: 0.0387

--- Round 366/500 ---
Averaged Train Loss: 1.3043
Averaged Test Accuracy: 0.5170
Averaged Test AUC: 0.8719
Std Test Accuracy: 0.1183
Std Test AUC: 0.0361

--- Round 367/500 ---
Averaged Train Loss: 1.3737
Averaged Test Accuracy: 0.4957
Averaged Test AUC: 0.8665
Std Test Accuracy: 0.1690
Std Test AUC: 0.0569

--- Round 368/500 ---
Averaged Train Loss: 1.2883
Averaged Test Accuracy: 0.5239
Averaged Test AUC: 0.8732
Std Test Accuracy: 0.1316
Std Test AUC: 0.0368

--- Round 369/500 ---
Averaged Train Loss: 1.3294
Averaged Test Accuracy: 0.5061
Averaged Test AUC: 0.8694
Std Test Accuracy: 0.1485
Std Test AUC: 0.0431

--- Round 370/500 ---
Averaged Train Loss: 1.3329
Averaged Test Accuracy: 0.5080
Averaged Test AUC: 0.8692
Std Test Accuracy: 0.1589
Std Test AUC: 0.0470

--- Round 371/500 ---
Averaged Train Loss: 1.3321
Averaged Test Accuracy: 0.5059
Averaged Test AUC: 0.8704
Std Test Accuracy: 0.1516
Std Test AUC: 0.0394

--- Round 372/500 ---
Averaged Train Loss: 1.3698
Averaged Test Accuracy: 0.4828
Averaged Test AUC: 0.8653
Std Test Accuracy: 0.1292
Std Test AUC: 0.0340

--- Round 373/500 ---
Averaged Train Loss: 1.2920
Averaged Test Accuracy: 0.5200
Averaged Test AUC: 0.8739
Std Test Accuracy: 0.1249
Std Test AUC: 0.0362

--- Round 374/500 ---
Averaged Train Loss: 1.4089
Averaged Test Accuracy: 0.4744
Averaged Test AUC: 0.8619
Std Test Accuracy: 0.1543
Std Test AUC: 0.0419

--- Round 375/500 ---
Averaged Train Loss: 1.2993
Averaged Test Accuracy: 0.5158
Averaged Test AUC: 0.8730
Std Test Accuracy: 0.1498
Std Test AUC: 0.0421

--- Round 376/500 ---
Averaged Train Loss: 1.3026
Averaged Test Accuracy: 0.5184
Averaged Test AUC: 0.8724
Std Test Accuracy: 0.1448
Std Test AUC: 0.0401

--- Round 377/500 ---
Averaged Train Loss: 1.2887
Averaged Test Accuracy: 0.5225
Averaged Test AUC: 0.8760
Std Test Accuracy: 0.1275
Std Test AUC: 0.0348

--- Round 378/500 ---
Averaged Train Loss: 1.2913
Averaged Test Accuracy: 0.5234
Averaged Test AUC: 0.8756
Std Test Accuracy: 0.1380
Std Test AUC: 0.0384

--- Round 379/500 ---
Averaged Train Loss: 1.2656
Averaged Test Accuracy: 0.5288
Averaged Test AUC: 0.8758
Std Test Accuracy: 0.1200
Std Test AUC: 0.0357

--- Round 380/500 ---
Averaged Train Loss: 1.4076
Averaged Test Accuracy: 0.4701
Averaged Test AUC: 0.8641
Std Test Accuracy: 0.1709
Std Test AUC: 0.0433

--- Round 381/500 ---
Averaged Train Loss: 1.4084
Averaged Test Accuracy: 0.4836
Averaged Test AUC: 0.8640
Std Test Accuracy: 0.1948
Std Test AUC: 0.0545

--- Round 382/500 ---
Averaged Train Loss: 1.3296
Averaged Test Accuracy: 0.5033
Averaged Test AUC: 0.8719
Std Test Accuracy: 0.1661
Std Test AUC: 0.0384

--- Round 383/500 ---
Averaged Train Loss: 1.2863
Averaged Test Accuracy: 0.5220
Averaged Test AUC: 0.8747
Std Test Accuracy: 0.1678
Std Test AUC: 0.0451

--- Round 384/500 ---
Averaged Train Loss: 1.3860
Averaged Test Accuracy: 0.4846
Averaged Test AUC: 0.8641
Std Test Accuracy: 0.1840
Std Test AUC: 0.0548

--- Round 385/500 ---
Averaged Train Loss: 1.2835
Averaged Test Accuracy: 0.5249
Averaged Test AUC: 0.8757
Std Test Accuracy: 0.1391
Std Test AUC: 0.0441

--- Round 386/500 ---
Averaged Train Loss: 1.2761
Averaged Test Accuracy: 0.5324
Averaged Test AUC: 0.8773
Std Test Accuracy: 0.1083
Std Test AUC: 0.0322

--- Round 387/500 ---
Averaged Train Loss: 1.3320
Averaged Test Accuracy: 0.5108
Averaged Test AUC: 0.8698
Std Test Accuracy: 0.1447
Std Test AUC: 0.0507

--- Round 388/500 ---
Averaged Train Loss: 1.3102
Averaged Test Accuracy: 0.5126
Averaged Test AUC: 0.8722
Std Test Accuracy: 0.1542
Std Test AUC: 0.0458

--- Round 389/500 ---
Averaged Train Loss: 1.3083
Averaged Test Accuracy: 0.5170
Averaged Test AUC: 0.8741
Std Test Accuracy: 0.1440
Std Test AUC: 0.0429

--- Round 390/500 ---
Averaged Train Loss: 1.3209
Averaged Test Accuracy: 0.5057
Averaged Test AUC: 0.8724
Std Test Accuracy: 0.1513
Std Test AUC: 0.0415

--- Round 391/500 ---
Averaged Train Loss: 1.2547
Averaged Test Accuracy: 0.5339
Averaged Test AUC: 0.8785
Std Test Accuracy: 0.1109
Std Test AUC: 0.0312

--- Round 392/500 ---
Averaged Train Loss: 1.2780
Averaged Test Accuracy: 0.5267
Averaged Test AUC: 0.8772
Std Test Accuracy: 0.1401
Std Test AUC: 0.0385

--- Round 393/500 ---
Averaged Train Loss: 1.2657
Averaged Test Accuracy: 0.5323
Averaged Test AUC: 0.8775
Std Test Accuracy: 0.1237
Std Test AUC: 0.0335

--- Round 394/500 ---
Averaged Train Loss: 1.3807
Averaged Test Accuracy: 0.4909
Averaged Test AUC: 0.8651
Std Test Accuracy: 0.1748
Std Test AUC: 0.0511

--- Round 395/500 ---
Averaged Train Loss: 1.2741
Averaged Test Accuracy: 0.5291
Averaged Test AUC: 0.8777
Std Test Accuracy: 0.1414
Std Test AUC: 0.0350

--- Round 396/500 ---
Averaged Train Loss: 1.2954
Averaged Test Accuracy: 0.5182
Averaged Test AUC: 0.8750
Std Test Accuracy: 0.1372
Std Test AUC: 0.0391

--- Round 397/500 ---
Averaged Train Loss: 1.2560
Averaged Test Accuracy: 0.5365
Averaged Test AUC: 0.8784
Std Test Accuracy: 0.1285
Std Test AUC: 0.0350

--- Round 398/500 ---
Averaged Train Loss: 1.2916
Averaged Test Accuracy: 0.5213
Averaged Test AUC: 0.8745
Std Test Accuracy: 0.1457
Std Test AUC: 0.0471

--- Round 399/500 ---
Averaged Train Loss: 1.2607
Averaged Test Accuracy: 0.5347
Averaged Test AUC: 0.8784
Std Test Accuracy: 0.1152
Std Test AUC: 0.0305

--- Round 400/500 ---
Averaged Train Loss: 1.3198
Averaged Test Accuracy: 0.5158
Averaged Test AUC: 0.8709
Std Test Accuracy: 0.1753
Std Test AUC: 0.0594

--- Round 401/500 ---
Averaged Train Loss: 1.3330
Averaged Test Accuracy: 0.5041
Averaged Test AUC: 0.8710
Std Test Accuracy: 0.1762
Std Test AUC: 0.0540

--- Round 402/500 ---
Averaged Train Loss: 1.2699
Averaged Test Accuracy: 0.5309
Averaged Test AUC: 0.8761
Std Test Accuracy: 0.1108
Std Test AUC: 0.0323

--- Round 403/500 ---
Averaged Train Loss: 1.2691
Averaged Test Accuracy: 0.5305
Averaged Test AUC: 0.8761
Std Test Accuracy: 0.1126
Std Test AUC: 0.0308

--- Round 404/500 ---
Averaged Train Loss: 1.4113
Averaged Test Accuracy: 0.4713
Averaged Test AUC: 0.8624
Std Test Accuracy: 0.1552
Std Test AUC: 0.0431

--- Round 405/500 ---
Averaged Train Loss: 1.3271
Averaged Test Accuracy: 0.4993
Averaged Test AUC: 0.8700
Std Test Accuracy: 0.1247
Std Test AUC: 0.0316

--- Round 406/500 ---
Averaged Train Loss: 1.2772
Averaged Test Accuracy: 0.5230
Averaged Test AUC: 0.8746
Std Test Accuracy: 0.1187
Std Test AUC: 0.0334

--- Round 407/500 ---
Averaged Train Loss: 1.2595
Averaged Test Accuracy: 0.5307
Averaged Test AUC: 0.8779
Std Test Accuracy: 0.1363
Std Test AUC: 0.0384

--- Round 408/500 ---
Averaged Train Loss: 1.2873
Averaged Test Accuracy: 0.5208
Averaged Test AUC: 0.8753
Std Test Accuracy: 0.1106
Std Test AUC: 0.0343

--- Round 409/500 ---
Averaged Train Loss: 1.2750
Averaged Test Accuracy: 0.5299
Averaged Test AUC: 0.8766
Std Test Accuracy: 0.1214
Std Test AUC: 0.0331

--- Round 410/500 ---
Averaged Train Loss: 1.2482
Averaged Test Accuracy: 0.5340
Averaged Test AUC: 0.8790
Std Test Accuracy: 0.1109
Std Test AUC: 0.0336

--- Round 411/500 ---
Averaged Train Loss: 1.2677
Averaged Test Accuracy: 0.5327
Averaged Test AUC: 0.8761
Std Test Accuracy: 0.1181
Std Test AUC: 0.0354

--- Round 412/500 ---
Averaged Train Loss: 1.4011
Averaged Test Accuracy: 0.4761
Averaged Test AUC: 0.8632
Std Test Accuracy: 0.1515
Std Test AUC: 0.0418

--- Round 413/500 ---
Averaged Train Loss: 1.3232
Averaged Test Accuracy: 0.5023
Averaged Test AUC: 0.8703
Std Test Accuracy: 0.1202
Std Test AUC: 0.0312

--- Round 414/500 ---
Averaged Train Loss: 1.2823
Averaged Test Accuracy: 0.5220
Averaged Test AUC: 0.8739
Std Test Accuracy: 0.1319
Std Test AUC: 0.0352

--- Round 415/500 ---
Averaged Train Loss: 1.2804
Averaged Test Accuracy: 0.5212
Averaged Test AUC: 0.8743
Std Test Accuracy: 0.1236
Std Test AUC: 0.0321

--- Round 416/500 ---
Averaged Train Loss: 1.3177
Averaged Test Accuracy: 0.5122
Averaged Test AUC: 0.8696
Std Test Accuracy: 0.1432
Std Test AUC: 0.0502

--- Round 417/500 ---
Averaged Train Loss: 1.2890
Averaged Test Accuracy: 0.5212
Averaged Test AUC: 0.8753
Std Test Accuracy: 0.1556
Std Test AUC: 0.0432

--- Round 418/500 ---
Averaged Train Loss: 1.2881
Averaged Test Accuracy: 0.5214
Averaged Test AUC: 0.8747
Std Test Accuracy: 0.1230
Std Test AUC: 0.0340

--- Round 419/500 ---
Averaged Train Loss: 1.2552
Averaged Test Accuracy: 0.5319
Averaged Test AUC: 0.8786
Std Test Accuracy: 0.1377
Std Test AUC: 0.0393

--- Round 420/500 ---
Averaged Train Loss: 1.4116
Averaged Test Accuracy: 0.4707
Averaged Test AUC: 0.8645
Std Test Accuracy: 0.1776
Std Test AUC: 0.0445

--- Round 421/500 ---
Averaged Train Loss: 1.2935
Averaged Test Accuracy: 0.5161
Averaged Test AUC: 0.8754
Std Test Accuracy: 0.1625
Std Test AUC: 0.0424

--- Round 422/500 ---
Averaged Train Loss: 1.2678
Averaged Test Accuracy: 0.5289
Averaged Test AUC: 0.8776
Std Test Accuracy: 0.1317
Std Test AUC: 0.0311

--- Round 423/500 ---
Averaged Train Loss: 1.2776
Averaged Test Accuracy: 0.5272
Averaged Test AUC: 0.8776
Std Test Accuracy: 0.1326
Std Test AUC: 0.0370

--- Round 424/500 ---
Averaged Train Loss: 1.2734
Averaged Test Accuracy: 0.5304
Averaged Test AUC: 0.8776
Std Test Accuracy: 0.1278
Std Test AUC: 0.0378

--- Round 425/500 ---
Averaged Train Loss: 1.2865
Averaged Test Accuracy: 0.5204
Averaged Test AUC: 0.8738
Std Test Accuracy: 0.1242
Std Test AUC: 0.0373

--- Round 426/500 ---
Averaged Train Loss: 1.2684
Averaged Test Accuracy: 0.5273
Averaged Test AUC: 0.8764
Std Test Accuracy: 0.1017
Std Test AUC: 0.0291

--- Round 427/500 ---
Averaged Train Loss: 1.2610
Averaged Test Accuracy: 0.5309
Averaged Test AUC: 0.8783
Std Test Accuracy: 0.1046
Std Test AUC: 0.0275

--- Round 428/500 ---
Averaged Train Loss: 1.2633
Averaged Test Accuracy: 0.5295
Averaged Test AUC: 0.8775
Std Test Accuracy: 0.0973
Std Test AUC: 0.0253

--- Round 429/500 ---
Averaged Train Loss: 1.2621
Averaged Test Accuracy: 0.5312
Averaged Test AUC: 0.8789
Std Test Accuracy: 0.1361
Std Test AUC: 0.0322

--- Round 430/500 ---
Averaged Train Loss: 1.2654
Averaged Test Accuracy: 0.5256
Averaged Test AUC: 0.8758
Std Test Accuracy: 0.1136
Std Test AUC: 0.0341

--- Round 431/500 ---
Averaged Train Loss: 1.2565
Averaged Test Accuracy: 0.5321
Averaged Test AUC: 0.8781
Std Test Accuracy: 0.1266
Std Test AUC: 0.0352

--- Round 432/500 ---
Averaged Train Loss: 1.2385
Averaged Test Accuracy: 0.5372
Averaged Test AUC: 0.8787
Std Test Accuracy: 0.1219
Std Test AUC: 0.0343

--- Round 433/500 ---
Averaged Train Loss: 1.2400
Averaged Test Accuracy: 0.5387
Averaged Test AUC: 0.8790
Std Test Accuracy: 0.0976
Std Test AUC: 0.0270

--- Round 434/500 ---
Averaged Train Loss: 1.2876
Averaged Test Accuracy: 0.5217
Averaged Test AUC: 0.8733
Std Test Accuracy: 0.1391
Std Test AUC: 0.0384

--- Round 435/500 ---
Averaged Train Loss: 1.3223
Averaged Test Accuracy: 0.5059
Averaged Test AUC: 0.8717
Std Test Accuracy: 0.1764
Std Test AUC: 0.0524

--- Round 436/500 ---
Averaged Train Loss: 1.2513
Averaged Test Accuracy: 0.5377
Averaged Test AUC: 0.8783
Std Test Accuracy: 0.1079
Std Test AUC: 0.0370

--- Round 437/500 ---
Averaged Train Loss: 1.2539
Averaged Test Accuracy: 0.5325
Averaged Test AUC: 0.8782
Std Test Accuracy: 0.1003
Std Test AUC: 0.0317

--- Round 438/500 ---
Averaged Train Loss: 1.2652
Averaged Test Accuracy: 0.5336
Averaged Test AUC: 0.8771
Std Test Accuracy: 0.1102
Std Test AUC: 0.0367

--- Round 439/500 ---
Averaged Train Loss: 1.2579
Averaged Test Accuracy: 0.5354
Averaged Test AUC: 0.8775
Std Test Accuracy: 0.1183
Std Test AUC: 0.0372

--- Round 440/500 ---
Averaged Train Loss: 1.3925
Averaged Test Accuracy: 0.4762
Averaged Test AUC: 0.8627
Std Test Accuracy: 0.1545
Std Test AUC: 0.0486

--- Round 441/500 ---
Averaged Train Loss: 1.3206
Averaged Test Accuracy: 0.4970
Averaged Test AUC: 0.8713
Std Test Accuracy: 0.1368
Std Test AUC: 0.0353

--- Round 442/500 ---
Averaged Train Loss: 1.2906
Averaged Test Accuracy: 0.5257
Averaged Test AUC: 0.8732
Std Test Accuracy: 0.1486
Std Test AUC: 0.0424

--- Round 443/500 ---
Averaged Train Loss: 1.3648
Averaged Test Accuracy: 0.4956
Averaged Test AUC: 0.8658
Std Test Accuracy: 0.1729
Std Test AUC: 0.0524

--- Round 444/500 ---
Averaged Train Loss: 1.3450
Averaged Test Accuracy: 0.4939
Averaged Test AUC: 0.8691
Std Test Accuracy: 0.1326
Std Test AUC: 0.0374

--- Round 445/500 ---
Averaged Train Loss: 1.2514
Averaged Test Accuracy: 0.5346
Averaged Test AUC: 0.8772
Std Test Accuracy: 0.1255
Std Test AUC: 0.0358

--- Round 446/500 ---
Averaged Train Loss: 1.2533
Averaged Test Accuracy: 0.5357
Averaged Test AUC: 0.8790
Std Test Accuracy: 0.1291
Std Test AUC: 0.0350

--- Round 447/500 ---
Averaged Train Loss: 1.2507
Averaged Test Accuracy: 0.5342
Averaged Test AUC: 0.8785
Std Test Accuracy: 0.1457
Std Test AUC: 0.0401

--- Round 448/500 ---
Averaged Train Loss: 1.3623
Averaged Test Accuracy: 0.4916
Averaged Test AUC: 0.8679
Std Test Accuracy: 0.1770
Std Test AUC: 0.0525

--- Round 449/500 ---
Averaged Train Loss: 1.2396
Averaged Test Accuracy: 0.5375
Averaged Test AUC: 0.8798
Std Test Accuracy: 0.1290
Std Test AUC: 0.0354

--- Round 450/500 ---
Averaged Train Loss: 1.4131
Averaged Test Accuracy: 0.4659
Averaged Test AUC: 0.8632
Std Test Accuracy: 0.1584
Std Test AUC: 0.0423

--- Round 451/500 ---
Averaged Train Loss: 1.3420
Averaged Test Accuracy: 0.4911
Averaged Test AUC: 0.8696
Std Test Accuracy: 0.1386
Std Test AUC: 0.0342

--- Round 452/500 ---
Averaged Train Loss: 1.3418
Averaged Test Accuracy: 0.5021
Averaged Test AUC: 0.8715
Std Test Accuracy: 0.1864
Std Test AUC: 0.0498

--- Round 453/500 ---
Averaged Train Loss: 1.2985
Averaged Test Accuracy: 0.5144
Averaged Test AUC: 0.8748
Std Test Accuracy: 0.1794
Std Test AUC: 0.0496

--- Round 454/500 ---
Averaged Train Loss: 1.2484
Averaged Test Accuracy: 0.5329
Averaged Test AUC: 0.8788
Std Test Accuracy: 0.1319
Std Test AUC: 0.0349

--- Round 455/500 ---
Averaged Train Loss: 1.2423
Averaged Test Accuracy: 0.5364
Averaged Test AUC: 0.8794
Std Test Accuracy: 0.1141
Std Test AUC: 0.0321

--- Round 456/500 ---
Averaged Train Loss: 1.2456
Averaged Test Accuracy: 0.5355
Averaged Test AUC: 0.8797
Std Test Accuracy: 0.1157
Std Test AUC: 0.0366

--- Round 457/500 ---
Averaged Train Loss: 1.3673
Averaged Test Accuracy: 0.5005
Averaged Test AUC: 0.8654
Std Test Accuracy: 0.1837
Std Test AUC: 0.0727

--- Round 458/500 ---
Averaged Train Loss: 1.3072
Averaged Test Accuracy: 0.5114
Averaged Test AUC: 0.8743
Std Test Accuracy: 0.1454
Std Test AUC: 0.0400

--- Round 459/500 ---
Averaged Train Loss: 1.2442
Averaged Test Accuracy: 0.5348
Averaged Test AUC: 0.8782
Std Test Accuracy: 0.1064
Std Test AUC: 0.0335

--- Round 460/500 ---
Averaged Train Loss: 1.2454
Averaged Test Accuracy: 0.5349
Averaged Test AUC: 0.8780
Std Test Accuracy: 0.1282
Std Test AUC: 0.0355

--- Round 461/500 ---
Averaged Train Loss: 1.2637
Averaged Test Accuracy: 0.5270
Averaged Test AUC: 0.8778
Std Test Accuracy: 0.1363
Std Test AUC: 0.0334

--- Round 462/500 ---
Averaged Train Loss: 1.2388
Averaged Test Accuracy: 0.5383
Averaged Test AUC: 0.8800
Std Test Accuracy: 0.1173
Std Test AUC: 0.0319

--- Round 463/500 ---
Averaged Train Loss: 1.2594
Averaged Test Accuracy: 0.5305
Averaged Test AUC: 0.8772
Std Test Accuracy: 0.1417
Std Test AUC: 0.0400

--- Round 464/500 ---
Averaged Train Loss: 1.3179
Averaged Test Accuracy: 0.5086
Averaged Test AUC: 0.8714
Std Test Accuracy: 0.1531
Std Test AUC: 0.0442

--- Round 465/500 ---
Averaged Train Loss: 1.2417
Averaged Test Accuracy: 0.5363
Averaged Test AUC: 0.8788
Std Test Accuracy: 0.1368
Std Test AUC: 0.0400

--- Round 466/500 ---
Averaged Train Loss: 1.2318
Averaged Test Accuracy: 0.5406
Averaged Test AUC: 0.8803
Std Test Accuracy: 0.1031
Std Test AUC: 0.0267

--- Round 467/500 ---
Averaged Train Loss: 1.2468
Averaged Test Accuracy: 0.5375
Averaged Test AUC: 0.8791
Std Test Accuracy: 0.1131
Std Test AUC: 0.0326

--- Round 468/500 ---
Averaged Train Loss: 1.2457
Averaged Test Accuracy: 0.5337
Averaged Test AUC: 0.8792
Std Test Accuracy: 0.0984
Std Test AUC: 0.0272

--- Round 469/500 ---
Averaged Train Loss: 1.3278
Averaged Test Accuracy: 0.5052
Averaged Test AUC: 0.8708
Std Test Accuracy: 0.1673
Std Test AUC: 0.0483

--- Round 470/500 ---
Averaged Train Loss: 1.2898
Averaged Test Accuracy: 0.5180
Averaged Test AUC: 0.8759
Std Test Accuracy: 0.1605
Std Test AUC: 0.0452

--- Round 471/500 ---
Averaged Train Loss: 1.3673
Averaged Test Accuracy: 0.4831
Averaged Test AUC: 0.8649
Std Test Accuracy: 0.1411
Std Test AUC: 0.0435

--- Round 472/500 ---
Averaged Train Loss: 1.2433
Averaged Test Accuracy: 0.5344
Averaged Test AUC: 0.8781
Std Test Accuracy: 0.1339
Std Test AUC: 0.0408

--- Round 473/500 ---
Averaged Train Loss: 1.3635
Averaged Test Accuracy: 0.4912
Averaged Test AUC: 0.8680
Std Test Accuracy: 0.1682
Std Test AUC: 0.0446

--- Round 474/500 ---
Averaged Train Loss: 1.2549
Averaged Test Accuracy: 0.5329
Averaged Test AUC: 0.8785
Std Test Accuracy: 0.1411
Std Test AUC: 0.0367

--- Round 475/500 ---
Averaged Train Loss: 1.2690
Averaged Test Accuracy: 0.5269
Averaged Test AUC: 0.8759
Std Test Accuracy: 0.1435
Std Test AUC: 0.0393

--- Round 476/500 ---
Averaged Train Loss: 1.2532
Averaged Test Accuracy: 0.5333
Averaged Test AUC: 0.8787
Std Test Accuracy: 0.1398
Std Test AUC: 0.0363

--- Round 477/500 ---
Averaged Train Loss: 1.4805
Averaged Test Accuracy: 0.4520
Averaged Test AUC: 0.8596
Std Test Accuracy: 0.1931
Std Test AUC: 0.0510

--- Round 478/500 ---
Averaged Train Loss: 1.2327
Averaged Test Accuracy: 0.5394
Averaged Test AUC: 0.8796
Std Test Accuracy: 0.1326
Std Test AUC: 0.0368

--- Round 479/500 ---
Averaged Train Loss: 1.2510
Averaged Test Accuracy: 0.5346
Averaged Test AUC: 0.8791
Std Test Accuracy: 0.1376
Std Test AUC: 0.0369

--- Round 480/500 ---
Averaged Train Loss: 1.2497
Averaged Test Accuracy: 0.5333
Averaged Test AUC: 0.8768
Std Test Accuracy: 0.1387
Std Test AUC: 0.0389

--- Round 481/500 ---
Averaged Train Loss: 1.2461
Averaged Test Accuracy: 0.5371
Averaged Test AUC: 0.8784
Std Test Accuracy: 0.1312
Std Test AUC: 0.0348

--- Round 482/500 ---
Averaged Train Loss: 1.2642
Averaged Test Accuracy: 0.5291
Averaged Test AUC: 0.8771
Std Test Accuracy: 0.1518
Std Test AUC: 0.0430

--- Round 483/500 ---
Averaged Train Loss: 1.2500
Averaged Test Accuracy: 0.5365
Averaged Test AUC: 0.8788
Std Test Accuracy: 0.1435
Std Test AUC: 0.0411

--- Round 484/500 ---
Averaged Train Loss: 1.3878
Averaged Test Accuracy: 0.4882
Averaged Test AUC: 0.8659
Std Test Accuracy: 0.1833
Std Test AUC: 0.0581

--- Round 485/500 ---
Averaged Train Loss: 1.2302
Averaged Test Accuracy: 0.5405
Averaged Test AUC: 0.8805
Std Test Accuracy: 0.1260
Std Test AUC: 0.0337

--- Round 486/500 ---
Averaged Train Loss: 1.2925
Averaged Test Accuracy: 0.5177
Averaged Test AUC: 0.8737
Std Test Accuracy: 0.1569
Std Test AUC: 0.0508

--- Round 487/500 ---
Averaged Train Loss: 1.2551
Averaged Test Accuracy: 0.5309
Averaged Test AUC: 0.8786
Std Test Accuracy: 0.1505
Std Test AUC: 0.0418

--- Round 488/500 ---
Averaged Train Loss: 1.2773
Averaged Test Accuracy: 0.5246
Averaged Test AUC: 0.8770
Std Test Accuracy: 0.1764
Std Test AUC: 0.0450

--- Round 489/500 ---
Averaged Train Loss: 1.3437
Averaged Test Accuracy: 0.4989
Averaged Test AUC: 0.8702
Std Test Accuracy: 0.1769
Std Test AUC: 0.0518

--- Round 490/500 ---
Averaged Train Loss: 1.2636
Averaged Test Accuracy: 0.5283
Averaged Test AUC: 0.8763
Std Test Accuracy: 0.1141
Std Test AUC: 0.0336

--- Round 491/500 ---
Averaged Train Loss: 1.2902
Averaged Test Accuracy: 0.5170
Averaged Test AUC: 0.8766
Std Test Accuracy: 0.1554
Std Test AUC: 0.0393

--- Round 492/500 ---
Averaged Train Loss: 1.2551
Averaged Test Accuracy: 0.5321
Averaged Test AUC: 0.8780
Std Test Accuracy: 0.1353
Std Test AUC: 0.0363

--- Round 493/500 ---
Averaged Train Loss: 1.2539
Averaged Test Accuracy: 0.5281
Averaged Test AUC: 0.8778
Std Test Accuracy: 0.1088
Std Test AUC: 0.0300

--- Round 494/500 ---
Averaged Train Loss: 1.2230
Averaged Test Accuracy: 0.5452
Averaged Test AUC: 0.8817
Std Test Accuracy: 0.1155
Std Test AUC: 0.0308

--- Round 495/500 ---
Averaged Train Loss: 1.2421
Averaged Test Accuracy: 0.5351
Averaged Test AUC: 0.8794
Std Test Accuracy: 0.1419
Std Test AUC: 0.0401

--- Round 496/500 ---
Averaged Train Loss: 1.2392
Averaged Test Accuracy: 0.5365
Averaged Test AUC: 0.8792
Std Test Accuracy: 0.1499
Std Test AUC: 0.0401

--- Round 497/500 ---
Averaged Train Loss: 1.2729
Averaged Test Accuracy: 0.5241
Averaged Test AUC: 0.8744
Std Test Accuracy: 0.1220
Std Test AUC: 0.0351

--- Round 498/500 ---
Averaged Train Loss: 1.2318
Averaged Test Accuracy: 0.5405
Averaged Test AUC: 0.8794
Std Test Accuracy: 0.1232
Std Test AUC: 0.0342

--- Round 499/500 ---
Averaged Train Loss: 1.2531
Averaged Test Accuracy: 0.5323
Averaged Test AUC: 0.8777
Std Test Accuracy: 0.1349
Std Test AUC: 0.0395

--- Round 500/500 ---
Averaged Train Loss: 1.3507
Averaged Test Accuracy: 0.4981
Averaged Test AUC: 0.8695
Std Test Accuracy: 0.1752
Std Test AUC: 0.0508

========== Training Complete ==========
Best Test Accuracy: 0.5452368281000533
File path: ../results/Cifar10_FedEntPlusSmooth_smooth_trial01_0030_0.h5

Average time cost: 1684.9s.
Length:  501
std for best accuracy: 0.0
mean for best accuracy: 0.5452368281000533
All done!

Storage on cuda:0
-------------------------------------------------------------------------------
Total Tensors: 202063740 	Used Memory: 556.52M
The allocated memory on cuda:0: 574.65M
Memory differs due to the matrix alignment or invisible gradient buffer tensors
-------------------------------------------------------------------------------
