==================================================
goal = smooth_trial01_0060
device = cuda
device_id = 0
dataset = Cifar10
num_classes = 10
model = CNN
batch_size = 64
local_learning_rate = 0.01
learning_rate_decay = True
learning_rate_decay_gamma = 0.98
global_rounds = 500
top_cnt = 100
local_epochs = 5
algorithm = FedEntPlusSmooth
join_ratio = 0.1
random_join_ratio = False
num_clients = 100
prev = 0
times = 1
eval_gap = 1
save_folder_name = items
auto_break = False
dlg_eval = False
dlg_gap = 100
batch_num_per_client = 2
num_new_clients = 0
fine_tuning_epoch_new = 0
feature_dim = 512
vocab_size = 32000
max_len = 200
client_drop_rate = 0.0
train_slow_rate = 0.0
send_slow_rate = 0.0
time_select = False
time_threthold = 10000
beta = 0.0
lamda = 1.0
mu = 0.0
K = 5
p_learning_rate = 0.01
M = 5
itk = 4000
alphaK = 1.0
sigma = 1.0
alpha = 1.0
plocal_epochs = 1
tau = 1.0
fine_tuning_epochs = 10
dr_learning_rate = 0.0
L = 1.0
noise_dim = 512
generator_learning_rate = 0.005
hidden_dim = 512
server_epochs = 1000
localize_feature_extractor = False
server_learning_rate = 1.0
eta = 1.0
rand_percent = 80
layer_idx = 2
mentee_learning_rate = 0.005
T_start = 0.95
T_end = 0.98
momentum = 0.9
kl_weight = 0.0
buffer_size = 0
dp_epsilon = 0.0
H_min = None
alpha_vp = 0.0
enable_dynamic_param = False
log_fedent = False
log_filename = None
dynamic_config_path = /home/john/PFLlib/system/auto_configs/smooth_trial01_0060.json
==================================================

============= Running time: 0th =============
Creating server and clients ...
FedAvgCNN(
  (conv1): Sequential(
    (0): Conv2d(3, 32, kernel_size=(5, 5), stride=(1, 1))
    (1): ReLU(inplace=True)
    (2): MaxPool2d(kernel_size=(2, 2), stride=(2, 2), padding=0, dilation=1, ceil_mode=False)
  )
  (conv2): Sequential(
    (0): Conv2d(32, 64, kernel_size=(5, 5), stride=(1, 1))
    (1): ReLU(inplace=True)
    (2): MaxPool2d(kernel_size=(2, 2), stride=(2, 2), padding=0, dilation=1, ceil_mode=False)
  )
  (fc1): Sequential(
    (0): Linear(in_features=1600, out_features=512, bias=True)
    (1): ReLU(inplace=True)
  )
  (fc): Linear(in_features=512, out_features=10, bias=True)
)

Join ratio / total clients: 0.1 / 100
Finished creating server and clients.

--- Round 0/500 ---
Averaged Train Loss: 2.3038
Averaged Test Accuracy: 0.0928
Averaged Test AUC: 0.4894
Std Test Accuracy: 0.1434
Std Test AUC: 0.2233

--- Round 1/500 ---
Averaged Train Loss: 2.3791
Averaged Test Accuracy: 0.0989
Averaged Test AUC: 0.5147
Std Test Accuracy: 0.2400
Std Test AUC: 0.2539

--- Round 2/500 ---
Averaged Train Loss: 2.6377
Averaged Test Accuracy: 0.1134
Averaged Test AUC: 0.5152
Std Test Accuracy: 0.2384
Std Test AUC: 0.2623

--- Round 3/500 ---
Averaged Train Loss: 2.6778
Averaged Test Accuracy: 0.1877
Averaged Test AUC: 0.5331
Std Test Accuracy: 0.2498
Std Test AUC: 0.2717

--- Round 4/500 ---
Averaged Train Loss: 2.7413
Averaged Test Accuracy: 0.1587
Averaged Test AUC: 0.5427
Std Test Accuracy: 0.2418
Std Test AUC: 0.2666

--- Round 5/500 ---
Averaged Train Loss: 2.5173
Averaged Test Accuracy: 0.1847
Averaged Test AUC: 0.5659
Std Test Accuracy: 0.2280
Std Test AUC: 0.2631

--- Round 6/500 ---
Averaged Train Loss: 2.4611
Averaged Test Accuracy: 0.2017
Averaged Test AUC: 0.5869
Std Test Accuracy: 0.2401
Std Test AUC: 0.2593

--- Round 7/500 ---
Averaged Train Loss: 2.4571
Averaged Test Accuracy: 0.2102
Averaged Test AUC: 0.5962
Std Test Accuracy: 0.2387
Std Test AUC: 0.2539

--- Round 8/500 ---
Averaged Train Loss: 2.4605
Averaged Test Accuracy: 0.2137
Averaged Test AUC: 0.6058
Std Test Accuracy: 0.2408
Std Test AUC: 0.2433

--- Round 9/500 ---
Averaged Train Loss: 2.4895
Averaged Test Accuracy: 0.2055
Averaged Test AUC: 0.6162
Std Test Accuracy: 0.2430
Std Test AUC: 0.2429

--- Round 10/500 ---
Averaged Train Loss: 2.3595
Averaged Test Accuracy: 0.2191
Averaged Test AUC: 0.6378
Std Test Accuracy: 0.2522
Std Test AUC: 0.2299

--- Round 11/500 ---
Averaged Train Loss: 2.4245
Averaged Test Accuracy: 0.2123
Averaged Test AUC: 0.6382
Std Test Accuracy: 0.2431
Std Test AUC: 0.2249

--- Round 12/500 ---
Averaged Train Loss: 2.3104
Averaged Test Accuracy: 0.2118
Averaged Test AUC: 0.6633
Std Test Accuracy: 0.2457
Std Test AUC: 0.2179

--- Round 13/500 ---
Averaged Train Loss: 2.3631
Averaged Test Accuracy: 0.2205
Averaged Test AUC: 0.6485
Std Test Accuracy: 0.2535
Std Test AUC: 0.2271

--- Round 14/500 ---
Averaged Train Loss: 2.2446
Averaged Test Accuracy: 0.2560
Averaged Test AUC: 0.6688
Std Test Accuracy: 0.2137
Std Test AUC: 0.2180

--- Round 15/500 ---
Averaged Train Loss: 2.2645
Averaged Test Accuracy: 0.2378
Averaged Test AUC: 0.6689
Std Test Accuracy: 0.2546
Std Test AUC: 0.2107

--- Round 16/500 ---
Averaged Train Loss: 2.3180
Averaged Test Accuracy: 0.2257
Averaged Test AUC: 0.6716
Std Test Accuracy: 0.2577
Std Test AUC: 0.2105

--- Round 17/500 ---
Averaged Train Loss: 2.1074
Averaged Test Accuracy: 0.2233
Averaged Test AUC: 0.7066
Std Test Accuracy: 0.2168
Std Test AUC: 0.1403

--- Round 18/500 ---
Averaged Train Loss: 2.1114
Averaged Test Accuracy: 0.2519
Averaged Test AUC: 0.7020
Std Test Accuracy: 0.2411
Std Test AUC: 0.1767

--- Round 19/500 ---
Averaged Train Loss: 2.1591
Averaged Test Accuracy: 0.2443
Averaged Test AUC: 0.6993
Std Test Accuracy: 0.2575
Std Test AUC: 0.1872

--- Round 20/500 ---
Averaged Train Loss: 2.2175
Averaged Test Accuracy: 0.2434
Averaged Test AUC: 0.6935
Std Test Accuracy: 0.2555
Std Test AUC: 0.1883

--- Round 21/500 ---
Averaged Train Loss: 2.1073
Averaged Test Accuracy: 0.2495
Averaged Test AUC: 0.7146
Std Test Accuracy: 0.2533
Std Test AUC: 0.1687

--- Round 22/500 ---
Averaged Train Loss: 2.0603
Averaged Test Accuracy: 0.2676
Averaged Test AUC: 0.7216
Std Test Accuracy: 0.2128
Std Test AUC: 0.1642

--- Round 23/500 ---
Averaged Train Loss: 2.1488
Averaged Test Accuracy: 0.2542
Averaged Test AUC: 0.7069
Std Test Accuracy: 0.2499
Std Test AUC: 0.1824

--- Round 24/500 ---
Averaged Train Loss: 2.0319
Averaged Test Accuracy: 0.2520
Averaged Test AUC: 0.7350
Std Test Accuracy: 0.2155
Std Test AUC: 0.1281

--- Round 25/500 ---
Averaged Train Loss: 2.0278
Averaged Test Accuracy: 0.2565
Averaged Test AUC: 0.7370
Std Test Accuracy: 0.2587
Std Test AUC: 0.1383

--- Round 26/500 ---
Averaged Train Loss: 2.1752
Averaged Test Accuracy: 0.2483
Averaged Test AUC: 0.7092
Std Test Accuracy: 0.2581
Std Test AUC: 0.1751

--- Round 27/500 ---
Averaged Train Loss: 2.1084
Averaged Test Accuracy: 0.2484
Averaged Test AUC: 0.7275
Std Test Accuracy: 0.2546
Std Test AUC: 0.1678

--- Round 28/500 ---
Averaged Train Loss: 2.1603
Averaged Test Accuracy: 0.2569
Averaged Test AUC: 0.7220
Std Test Accuracy: 0.2550
Std Test AUC: 0.1614

--- Round 29/500 ---
Averaged Train Loss: 2.1280
Averaged Test Accuracy: 0.2883
Averaged Test AUC: 0.7132
Std Test Accuracy: 0.2194
Std Test AUC: 0.1852

--- Round 30/500 ---
Averaged Train Loss: 2.0119
Averaged Test Accuracy: 0.2654
Averaged Test AUC: 0.7467
Std Test Accuracy: 0.2568
Std Test AUC: 0.1483

--- Round 31/500 ---
Averaged Train Loss: 2.0741
Averaged Test Accuracy: 0.2542
Averaged Test AUC: 0.7399
Std Test Accuracy: 0.2575
Std Test AUC: 0.1492

--- Round 32/500 ---
Averaged Train Loss: 1.9730
Averaged Test Accuracy: 0.2958
Averaged Test AUC: 0.7495
Std Test Accuracy: 0.2153
Std Test AUC: 0.1461

--- Round 33/500 ---
Averaged Train Loss: 2.0260
Averaged Test Accuracy: 0.2816
Averaged Test AUC: 0.7424
Std Test Accuracy: 0.2280
Std Test AUC: 0.1567

--- Round 34/500 ---
Averaged Train Loss: 2.0669
Averaged Test Accuracy: 0.2780
Averaged Test AUC: 0.7409
Std Test Accuracy: 0.2299
Std Test AUC: 0.1483

--- Round 35/500 ---
Averaged Train Loss: 2.1152
Averaged Test Accuracy: 0.2557
Averaged Test AUC: 0.7424
Std Test Accuracy: 0.2592
Std Test AUC: 0.1460

--- Round 36/500 ---
Averaged Train Loss: 2.1080
Averaged Test Accuracy: 0.2660
Averaged Test AUC: 0.7391
Std Test Accuracy: 0.2585
Std Test AUC: 0.1467

--- Round 37/500 ---
Averaged Train Loss: 2.1417
Averaged Test Accuracy: 0.2556
Averaged Test AUC: 0.7385
Std Test Accuracy: 0.2604
Std Test AUC: 0.1480

--- Round 38/500 ---
Averaged Train Loss: 1.9918
Averaged Test Accuracy: 0.2830
Averaged Test AUC: 0.7542
Std Test Accuracy: 0.2429
Std Test AUC: 0.1440

--- Round 39/500 ---
Averaged Train Loss: 1.9885
Averaged Test Accuracy: 0.3066
Averaged Test AUC: 0.7502
Std Test Accuracy: 0.2276
Std Test AUC: 0.1639

--- Round 40/500 ---
Averaged Train Loss: 2.0055
Averaged Test Accuracy: 0.3228
Averaged Test AUC: 0.7471
Std Test Accuracy: 0.2168
Std Test AUC: 0.1685

--- Round 41/500 ---
Averaged Train Loss: 2.0204
Averaged Test Accuracy: 0.2909
Averaged Test AUC: 0.7497
Std Test Accuracy: 0.2453
Std Test AUC: 0.1606

--- Round 42/500 ---
Averaged Train Loss: 2.0146
Averaged Test Accuracy: 0.3159
Averaged Test AUC: 0.7491
Std Test Accuracy: 0.2298
Std Test AUC: 0.1640

--- Round 43/500 ---
Averaged Train Loss: 2.1045
Averaged Test Accuracy: 0.3022
Averaged Test AUC: 0.7325
Std Test Accuracy: 0.2383
Std Test AUC: 0.1842

--- Round 44/500 ---
Averaged Train Loss: 2.1679
Averaged Test Accuracy: 0.2729
Averaged Test AUC: 0.7314
Std Test Accuracy: 0.2529
Std Test AUC: 0.1692

--- Round 45/500 ---
Averaged Train Loss: 2.0229
Averaged Test Accuracy: 0.2946
Averaged Test AUC: 0.7495
Std Test Accuracy: 0.2393
Std Test AUC: 0.1552

--- Round 46/500 ---
Averaged Train Loss: 1.9751
Averaged Test Accuracy: 0.2947
Averaged Test AUC: 0.7604
Std Test Accuracy: 0.2425
Std Test AUC: 0.1415

--- Round 47/500 ---
Averaged Train Loss: 1.9208
Averaged Test Accuracy: 0.3022
Averaged Test AUC: 0.7669
Std Test Accuracy: 0.2377
Std Test AUC: 0.1385

--- Round 48/500 ---
Averaged Train Loss: 1.9261
Averaged Test Accuracy: 0.3326
Averaged Test AUC: 0.7666
Std Test Accuracy: 0.2047
Std Test AUC: 0.1450

--- Round 49/500 ---
Averaged Train Loss: 1.9472
Averaged Test Accuracy: 0.3125
Averaged Test AUC: 0.7650
Std Test Accuracy: 0.2262
Std Test AUC: 0.1441

--- Round 50/500 ---
Averaged Train Loss: 1.9137
Averaged Test Accuracy: 0.3314
Averaged Test AUC: 0.7677
Std Test Accuracy: 0.1994
Std Test AUC: 0.1490

--- Round 51/500 ---
Averaged Train Loss: 2.0022
Averaged Test Accuracy: 0.3003
Averaged Test AUC: 0.7575
Std Test Accuracy: 0.2397
Std Test AUC: 0.1547

--- Round 52/500 ---
Averaged Train Loss: 1.9332
Averaged Test Accuracy: 0.3341
Averaged Test AUC: 0.7674
Std Test Accuracy: 0.2213
Std Test AUC: 0.1462

--- Round 53/500 ---
Averaged Train Loss: 1.9456
Averaged Test Accuracy: 0.3311
Averaged Test AUC: 0.7673
Std Test Accuracy: 0.2139
Std Test AUC: 0.1414

--- Round 54/500 ---
Averaged Train Loss: 1.9250
Averaged Test Accuracy: 0.3081
Averaged Test AUC: 0.7730
Std Test Accuracy: 0.2474
Std Test AUC: 0.1396

--- Round 55/500 ---
Averaged Train Loss: 1.9883
Averaged Test Accuracy: 0.2847
Averaged Test AUC: 0.7665
Std Test Accuracy: 0.2572
Std Test AUC: 0.1326

--- Round 56/500 ---
Averaged Train Loss: 1.9049
Averaged Test Accuracy: 0.3240
Averaged Test AUC: 0.7761
Std Test Accuracy: 0.2179
Std Test AUC: 0.1276

--- Round 57/500 ---
Averaged Train Loss: 1.8986
Averaged Test Accuracy: 0.3379
Averaged Test AUC: 0.7771
Std Test Accuracy: 0.2075
Std Test AUC: 0.1268

--- Round 58/500 ---
Averaged Train Loss: 1.9155
Averaged Test Accuracy: 0.3185
Averaged Test AUC: 0.7752
Std Test Accuracy: 0.2341
Std Test AUC: 0.1314

--- Round 59/500 ---
Averaged Train Loss: 1.9948
Averaged Test Accuracy: 0.3098
Averaged Test AUC: 0.7678
Std Test Accuracy: 0.2243
Std Test AUC: 0.1305

--- Round 60/500 ---
Averaged Train Loss: 1.9484
Averaged Test Accuracy: 0.3022
Averaged Test AUC: 0.7747
Std Test Accuracy: 0.2505
Std Test AUC: 0.1265

--- Round 61/500 ---
Averaged Train Loss: 1.8843
Averaged Test Accuracy: 0.3144
Averaged Test AUC: 0.7818
Std Test Accuracy: 0.2479
Std Test AUC: 0.1225

--- Round 62/500 ---
Averaged Train Loss: 1.9100
Averaged Test Accuracy: 0.3424
Averaged Test AUC: 0.7731
Std Test Accuracy: 0.2153
Std Test AUC: 0.1380

--- Round 63/500 ---
Averaged Train Loss: 1.9663
Averaged Test Accuracy: 0.2930
Averaged Test AUC: 0.7725
Std Test Accuracy: 0.2553
Std Test AUC: 0.1246

--- Round 64/500 ---
Averaged Train Loss: 1.9534
Averaged Test Accuracy: 0.2874
Averaged Test AUC: 0.7772
Std Test Accuracy: 0.2552
Std Test AUC: 0.1165

--- Round 65/500 ---
Averaged Train Loss: 1.8380
Averaged Test Accuracy: 0.3571
Averaged Test AUC: 0.7828
Std Test Accuracy: 0.2188
Std Test AUC: 0.1292

--- Round 66/500 ---
Averaged Train Loss: 1.9986
Averaged Test Accuracy: 0.3256
Averaged Test AUC: 0.7572
Std Test Accuracy: 0.2197
Std Test AUC: 0.1488

--- Round 67/500 ---
Averaged Train Loss: 1.8946
Averaged Test Accuracy: 0.3136
Averaged Test AUC: 0.7807
Std Test Accuracy: 0.2414
Std Test AUC: 0.1227

--- Round 68/500 ---
Averaged Train Loss: 1.8215
Averaged Test Accuracy: 0.3354
Averaged Test AUC: 0.7905
Std Test Accuracy: 0.2263
Std Test AUC: 0.1088

--- Round 69/500 ---
Averaged Train Loss: 1.8601
Averaged Test Accuracy: 0.3357
Averaged Test AUC: 0.7841
Std Test Accuracy: 0.2278
Std Test AUC: 0.1197

--- Round 70/500 ---
Averaged Train Loss: 1.9271
Averaged Test Accuracy: 0.3236
Averaged Test AUC: 0.7804
Std Test Accuracy: 0.2213
Std Test AUC: 0.1174

--- Round 71/500 ---
Averaged Train Loss: 1.9480
Averaged Test Accuracy: 0.3174
Averaged Test AUC: 0.7741
Std Test Accuracy: 0.2347
Std Test AUC: 0.1275

--- Round 72/500 ---
Averaged Train Loss: 1.8425
Averaged Test Accuracy: 0.3388
Averaged Test AUC: 0.7892
Std Test Accuracy: 0.2055
Std Test AUC: 0.1048

--- Round 73/500 ---
Averaged Train Loss: 1.8446
Averaged Test Accuracy: 0.3521
Averaged Test AUC: 0.7866
Std Test Accuracy: 0.2229
Std Test AUC: 0.1228

--- Round 74/500 ---
Averaged Train Loss: 1.9787
Averaged Test Accuracy: 0.3093
Averaged Test AUC: 0.7709
Std Test Accuracy: 0.2424
Std Test AUC: 0.1318

--- Round 75/500 ---
Averaged Train Loss: 1.8608
Averaged Test Accuracy: 0.3218
Averaged Test AUC: 0.7880
Std Test Accuracy: 0.2482
Std Test AUC: 0.1162

--- Round 76/500 ---
Averaged Train Loss: 1.8180
Averaged Test Accuracy: 0.3414
Averaged Test AUC: 0.7910
Std Test Accuracy: 0.2206
Std Test AUC: 0.1151

--- Round 77/500 ---
Averaged Train Loss: 1.8188
Averaged Test Accuracy: 0.3592
Averaged Test AUC: 0.7924
Std Test Accuracy: 0.2068
Std Test AUC: 0.1135

--- Round 78/500 ---
Averaged Train Loss: 1.8903
Averaged Test Accuracy: 0.3321
Averaged Test AUC: 0.7811
Std Test Accuracy: 0.2367
Std Test AUC: 0.1295

--- Round 79/500 ---
Averaged Train Loss: 1.8118
Averaged Test Accuracy: 0.3435
Averaged Test AUC: 0.7944
Std Test Accuracy: 0.2291
Std Test AUC: 0.1083

--- Round 80/500 ---
Averaged Train Loss: 1.8129
Averaged Test Accuracy: 0.3357
Averaged Test AUC: 0.7944
Std Test Accuracy: 0.2406
Std Test AUC: 0.1150

--- Round 81/500 ---
Averaged Train Loss: 1.7920
Averaged Test Accuracy: 0.3622
Averaged Test AUC: 0.7974
Std Test Accuracy: 0.2086
Std Test AUC: 0.1087

--- Round 82/500 ---
Averaged Train Loss: 1.8018
Averaged Test Accuracy: 0.3447
Averaged Test AUC: 0.7952
Std Test Accuracy: 0.2329
Std Test AUC: 0.1159

--- Round 83/500 ---
Averaged Train Loss: 1.7569
Averaged Test Accuracy: 0.3763
Averaged Test AUC: 0.7980
Std Test Accuracy: 0.1869
Std Test AUC: 0.1171

--- Round 84/500 ---
Averaged Train Loss: 1.8442
Averaged Test Accuracy: 0.3586
Averaged Test AUC: 0.7874
Std Test Accuracy: 0.2111
Std Test AUC: 0.1256

--- Round 85/500 ---
Averaged Train Loss: 1.7744
Averaged Test Accuracy: 0.3773
Averaged Test AUC: 0.7964
Std Test Accuracy: 0.1798
Std Test AUC: 0.1214

--- Round 86/500 ---
Averaged Train Loss: 1.7939
Averaged Test Accuracy: 0.3662
Averaged Test AUC: 0.7947
Std Test Accuracy: 0.2100
Std Test AUC: 0.1267

--- Round 87/500 ---
Averaged Train Loss: 1.8366
Averaged Test Accuracy: 0.3590
Averaged Test AUC: 0.7892
Std Test Accuracy: 0.2131
Std Test AUC: 0.1268

--- Round 88/500 ---
Averaged Train Loss: 1.8286
Averaged Test Accuracy: 0.3579
Averaged Test AUC: 0.7921
Std Test Accuracy: 0.2168
Std Test AUC: 0.1270

--- Round 89/500 ---
Averaged Train Loss: 1.8020
Averaged Test Accuracy: 0.3767
Averaged Test AUC: 0.7971
Std Test Accuracy: 0.2030
Std Test AUC: 0.1170

--- Round 90/500 ---
Averaged Train Loss: 1.7965
Averaged Test Accuracy: 0.3711
Averaged Test AUC: 0.7955
Std Test Accuracy: 0.1936
Std Test AUC: 0.1241

--- Round 91/500 ---
Averaged Train Loss: 1.7715
Averaged Test Accuracy: 0.3566
Averaged Test AUC: 0.7996
Std Test Accuracy: 0.2238
Std Test AUC: 0.1135

--- Round 92/500 ---
Averaged Train Loss: 1.7801
Averaged Test Accuracy: 0.3800
Averaged Test AUC: 0.7954
Std Test Accuracy: 0.2067
Std Test AUC: 0.1231

--- Round 93/500 ---
Averaged Train Loss: 1.7853
Averaged Test Accuracy: 0.3560
Averaged Test AUC: 0.7974
Std Test Accuracy: 0.2293
Std Test AUC: 0.1199

--- Round 94/500 ---
Averaged Train Loss: 1.8377
Averaged Test Accuracy: 0.3466
Averaged Test AUC: 0.7902
Std Test Accuracy: 0.2325
Std Test AUC: 0.1246

--- Round 95/500 ---
Averaged Train Loss: 1.7344
Averaged Test Accuracy: 0.3870
Averaged Test AUC: 0.8035
Std Test Accuracy: 0.1799
Std Test AUC: 0.1140

--- Round 96/500 ---
Averaged Train Loss: 1.8444
Averaged Test Accuracy: 0.3487
Averaged Test AUC: 0.7901
Std Test Accuracy: 0.2221
Std Test AUC: 0.1224

--- Round 97/500 ---
Averaged Train Loss: 1.8203
Averaged Test Accuracy: 0.3440
Averaged Test AUC: 0.7960
Std Test Accuracy: 0.2230
Std Test AUC: 0.1124

--- Round 98/500 ---
Averaged Train Loss: 1.5869
Averaged Test Accuracy: 0.4131
Averaged Test AUC: 0.8321
Std Test Accuracy: 0.1786
Std Test AUC: 0.0559

--- Round 99/500 ---
Averaged Train Loss: 1.7259
Averaged Test Accuracy: 0.3689
Averaged Test AUC: 0.8177
Std Test Accuracy: 0.2013
Std Test AUC: 0.0740

--- Round 100/500 ---
Averaged Train Loss: 1.6015
Averaged Test Accuracy: 0.4042
Averaged Test AUC: 0.8300
Std Test Accuracy: 0.1848
Std Test AUC: 0.0583

--- Round 101/500 ---
Averaged Train Loss: 1.6355
Averaged Test Accuracy: 0.3938
Averaged Test AUC: 0.8233
Std Test Accuracy: 0.1729
Std Test AUC: 0.0655

--- Round 102/500 ---
Averaged Train Loss: 1.5896
Averaged Test Accuracy: 0.4095
Averaged Test AUC: 0.8331
Std Test Accuracy: 0.1850
Std Test AUC: 0.0512

--- Round 103/500 ---
Averaged Train Loss: 1.6376
Averaged Test Accuracy: 0.3915
Averaged Test AUC: 0.8254
Std Test Accuracy: 0.2183
Std Test AUC: 0.0773

--- Round 104/500 ---
Averaged Train Loss: 1.6345
Averaged Test Accuracy: 0.3855
Averaged Test AUC: 0.8244
Std Test Accuracy: 0.1544
Std Test AUC: 0.0530

--- Round 105/500 ---
Averaged Train Loss: 1.5856
Averaged Test Accuracy: 0.4091
Averaged Test AUC: 0.8343
Std Test Accuracy: 0.2022
Std Test AUC: 0.0599

--- Round 106/500 ---
Averaged Train Loss: 1.6800
Averaged Test Accuracy: 0.3728
Averaged Test AUC: 0.8203
Std Test Accuracy: 0.2121
Std Test AUC: 0.0659

--- Round 107/500 ---
Averaged Train Loss: 1.6293
Averaged Test Accuracy: 0.3813
Averaged Test AUC: 0.8256
Std Test Accuracy: 0.1924
Std Test AUC: 0.0692

--- Round 108/500 ---
Averaged Train Loss: 1.6338
Averaged Test Accuracy: 0.3830
Averaged Test AUC: 0.8257
Std Test Accuracy: 0.1669
Std Test AUC: 0.0563

--- Round 109/500 ---
Averaged Train Loss: 1.6976
Averaged Test Accuracy: 0.3719
Averaged Test AUC: 0.8245
Std Test Accuracy: 0.2184
Std Test AUC: 0.0655

--- Round 110/500 ---
Averaged Train Loss: 1.7107
Averaged Test Accuracy: 0.3482
Averaged Test AUC: 0.8166
Std Test Accuracy: 0.2312
Std Test AUC: 0.0699

--- Round 111/500 ---
Averaged Train Loss: 1.6352
Averaged Test Accuracy: 0.3912
Averaged Test AUC: 0.8273
Std Test Accuracy: 0.2037
Std Test AUC: 0.0717

--- Round 112/500 ---
Averaged Train Loss: 1.5856
Averaged Test Accuracy: 0.4117
Averaged Test AUC: 0.8354
Std Test Accuracy: 0.1844
Std Test AUC: 0.0546

--- Round 113/500 ---
Averaged Train Loss: 1.6321
Averaged Test Accuracy: 0.4011
Averaged Test AUC: 0.8233
Std Test Accuracy: 0.1691
Std Test AUC: 0.0682

--- Round 114/500 ---
Averaged Train Loss: 1.6725
Averaged Test Accuracy: 0.3708
Averaged Test AUC: 0.8187
Std Test Accuracy: 0.2096
Std Test AUC: 0.0728

--- Round 115/500 ---
Averaged Train Loss: 1.7224
Averaged Test Accuracy: 0.3734
Averaged Test AUC: 0.8201
Std Test Accuracy: 0.2284
Std Test AUC: 0.0834

--- Round 116/500 ---
Averaged Train Loss: 1.7021
Averaged Test Accuracy: 0.3688
Averaged Test AUC: 0.8162
Std Test Accuracy: 0.2007
Std Test AUC: 0.0780

--- Round 117/500 ---
Averaged Train Loss: 1.5382
Averaged Test Accuracy: 0.4305
Averaged Test AUC: 0.8407
Std Test Accuracy: 0.1710
Std Test AUC: 0.0517

--- Round 118/500 ---
Averaged Train Loss: 1.6486
Averaged Test Accuracy: 0.3779
Averaged Test AUC: 0.8321
Std Test Accuracy: 0.2208
Std Test AUC: 0.0546

--- Round 119/500 ---
Averaged Train Loss: 1.6629
Averaged Test Accuracy: 0.3771
Averaged Test AUC: 0.8206
Std Test Accuracy: 0.1958
Std Test AUC: 0.0839

--- Round 120/500 ---
Averaged Train Loss: 1.6588
Averaged Test Accuracy: 0.3668
Averaged Test AUC: 0.8258
Std Test Accuracy: 0.1711
Std Test AUC: 0.0536

--- Round 121/500 ---
Averaged Train Loss: 1.6338
Averaged Test Accuracy: 0.3966
Averaged Test AUC: 0.8301
Std Test Accuracy: 0.2193
Std Test AUC: 0.0661

--- Round 122/500 ---
Averaged Train Loss: 1.6101
Averaged Test Accuracy: 0.3840
Averaged Test AUC: 0.8299
Std Test Accuracy: 0.2154
Std Test AUC: 0.0618

--- Round 123/500 ---
Averaged Train Loss: 1.6653
Averaged Test Accuracy: 0.3912
Averaged Test AUC: 0.8257
Std Test Accuracy: 0.2067
Std Test AUC: 0.0755

--- Round 124/500 ---
Averaged Train Loss: 1.5474
Averaged Test Accuracy: 0.4234
Averaged Test AUC: 0.8413
Std Test Accuracy: 0.1872
Std Test AUC: 0.0553

--- Round 125/500 ---
Averaged Train Loss: 1.5839
Averaged Test Accuracy: 0.4084
Averaged Test AUC: 0.8339
Std Test Accuracy: 0.1801
Std Test AUC: 0.0571

--- Round 126/500 ---
Averaged Train Loss: 1.5712
Averaged Test Accuracy: 0.4063
Averaged Test AUC: 0.8333
Std Test Accuracy: 0.1506
Std Test AUC: 0.0544

--- Round 127/500 ---
Averaged Train Loss: 1.6700
Averaged Test Accuracy: 0.3912
Averaged Test AUC: 0.8265
Std Test Accuracy: 0.2127
Std Test AUC: 0.0826

--- Round 128/500 ---
Averaged Train Loss: 1.6741
Averaged Test Accuracy: 0.3680
Averaged Test AUC: 0.8231
Std Test Accuracy: 0.2191
Std Test AUC: 0.0755

--- Round 129/500 ---
Averaged Train Loss: 1.5785
Averaged Test Accuracy: 0.4190
Averaged Test AUC: 0.8351
Std Test Accuracy: 0.1662
Std Test AUC: 0.0553

--- Round 130/500 ---
Averaged Train Loss: 1.5645
Averaged Test Accuracy: 0.4284
Averaged Test AUC: 0.8390
Std Test Accuracy: 0.1707
Std Test AUC: 0.0632

--- Round 131/500 ---
Averaged Train Loss: 1.6359
Averaged Test Accuracy: 0.3980
Averaged Test AUC: 0.8238
Std Test Accuracy: 0.1741
Std Test AUC: 0.0816

--- Round 132/500 ---
Averaged Train Loss: 1.6471
Averaged Test Accuracy: 0.3805
Averaged Test AUC: 0.8279
Std Test Accuracy: 0.1843
Std Test AUC: 0.0552

--- Round 133/500 ---
Averaged Train Loss: 1.6450
Averaged Test Accuracy: 0.3972
Averaged Test AUC: 0.8314
Std Test Accuracy: 0.2201
Std Test AUC: 0.0693

--- Round 134/500 ---
Averaged Train Loss: 1.5803
Averaged Test Accuracy: 0.4111
Averaged Test AUC: 0.8340
Std Test Accuracy: 0.1596
Std Test AUC: 0.0558

--- Round 135/500 ---
Averaged Train Loss: 1.5397
Averaged Test Accuracy: 0.4349
Averaged Test AUC: 0.8362
Std Test Accuracy: 0.1524
Std Test AUC: 0.0685

--- Round 136/500 ---
Averaged Train Loss: 1.5897
Averaged Test Accuracy: 0.4080
Averaged Test AUC: 0.8383
Std Test Accuracy: 0.2111
Std Test AUC: 0.0561

--- Round 137/500 ---
Averaged Train Loss: 1.5029
Averaged Test Accuracy: 0.4441
Averaged Test AUC: 0.8467
Std Test Accuracy: 0.1403
Std Test AUC: 0.0446

--- Round 138/500 ---
Averaged Train Loss: 1.4839
Averaged Test Accuracy: 0.4455
Averaged Test AUC: 0.8474
Std Test Accuracy: 0.1148
Std Test AUC: 0.0315

--- Round 139/500 ---
Averaged Train Loss: 1.5922
Averaged Test Accuracy: 0.4262
Averaged Test AUC: 0.8306
Std Test Accuracy: 0.1867
Std Test AUC: 0.0889

--- Round 140/500 ---
Averaged Train Loss: 1.6720
Averaged Test Accuracy: 0.3908
Averaged Test AUC: 0.8253
Std Test Accuracy: 0.2131
Std Test AUC: 0.0719

--- Round 141/500 ---
Averaged Train Loss: 1.6314
Averaged Test Accuracy: 0.3884
Averaged Test AUC: 0.8269
Std Test Accuracy: 0.1351
Std Test AUC: 0.0467

--- Round 142/500 ---
Averaged Train Loss: 1.6178
Averaged Test Accuracy: 0.4176
Averaged Test AUC: 0.8301
Std Test Accuracy: 0.2071
Std Test AUC: 0.0896

--- Round 143/500 ---
Averaged Train Loss: 1.4821
Averaged Test Accuracy: 0.4541
Averaged Test AUC: 0.8453
Std Test Accuracy: 0.1387
Std Test AUC: 0.0550

--- Round 144/500 ---
Averaged Train Loss: 1.6470
Averaged Test Accuracy: 0.3939
Averaged Test AUC: 0.8256
Std Test Accuracy: 0.1852
Std Test AUC: 0.0682

--- Round 145/500 ---
Averaged Train Loss: 1.6009
Averaged Test Accuracy: 0.4209
Averaged Test AUC: 0.8324
Std Test Accuracy: 0.1946
Std Test AUC: 0.0795

--- Round 146/500 ---
Averaged Train Loss: 1.5618
Averaged Test Accuracy: 0.4152
Averaged Test AUC: 0.8397
Std Test Accuracy: 0.1988
Std Test AUC: 0.0599

--- Round 147/500 ---
Averaged Train Loss: 1.6609
Averaged Test Accuracy: 0.3759
Averaged Test AUC: 0.8287
Std Test Accuracy: 0.1684
Std Test AUC: 0.0585

--- Round 148/500 ---
Averaged Train Loss: 1.5658
Averaged Test Accuracy: 0.4125
Averaged Test AUC: 0.8384
Std Test Accuracy: 0.1835
Std Test AUC: 0.0574

--- Round 149/500 ---
Averaged Train Loss: 1.5048
Averaged Test Accuracy: 0.4429
Averaged Test AUC: 0.8451
Std Test Accuracy: 0.1357
Std Test AUC: 0.0468

--- Round 150/500 ---
Averaged Train Loss: 1.5645
Averaged Test Accuracy: 0.4070
Averaged Test AUC: 0.8383
Std Test Accuracy: 0.1914
Std Test AUC: 0.0509

--- Round 151/500 ---
Averaged Train Loss: 1.6465
Averaged Test Accuracy: 0.3941
Averaged Test AUC: 0.8309
Std Test Accuracy: 0.1934
Std Test AUC: 0.0684

--- Round 152/500 ---
Averaged Train Loss: 1.5696
Averaged Test Accuracy: 0.4228
Averaged Test AUC: 0.8386
Std Test Accuracy: 0.1812
Std Test AUC: 0.0549

--- Round 153/500 ---
Averaged Train Loss: 1.5455
Averaged Test Accuracy: 0.4086
Averaged Test AUC: 0.8409
Std Test Accuracy: 0.1579
Std Test AUC: 0.0395

--- Round 154/500 ---
Averaged Train Loss: 1.5243
Averaged Test Accuracy: 0.4244
Averaged Test AUC: 0.8441
Std Test Accuracy: 0.1764
Std Test AUC: 0.0475

--- Round 155/500 ---
Averaged Train Loss: 1.5618
Averaged Test Accuracy: 0.4258
Averaged Test AUC: 0.8374
Std Test Accuracy: 0.1874
Std Test AUC: 0.0700

--- Round 156/500 ---
Averaged Train Loss: 1.5288
Averaged Test Accuracy: 0.4315
Averaged Test AUC: 0.8433
Std Test Accuracy: 0.1854
Std Test AUC: 0.0527

--- Round 157/500 ---
Averaged Train Loss: 1.4640
Averaged Test Accuracy: 0.4633
Averaged Test AUC: 0.8496
Std Test Accuracy: 0.0995
Std Test AUC: 0.0319

--- Round 158/500 ---
Averaged Train Loss: 1.5560
Averaged Test Accuracy: 0.4266
Averaged Test AUC: 0.8418
Std Test Accuracy: 0.2048
Std Test AUC: 0.0668

--- Round 159/500 ---
Averaged Train Loss: 1.6209
Averaged Test Accuracy: 0.4132
Averaged Test AUC: 0.8278
Std Test Accuracy: 0.1430
Std Test AUC: 0.0621

--- Round 160/500 ---
Averaged Train Loss: 1.5352
Averaged Test Accuracy: 0.4258
Averaged Test AUC: 0.8398
Std Test Accuracy: 0.1670
Std Test AUC: 0.0564

--- Round 161/500 ---
Averaged Train Loss: 1.4640
Averaged Test Accuracy: 0.4605
Averaged Test AUC: 0.8494
Std Test Accuracy: 0.1506
Std Test AUC: 0.0499

--- Round 162/500 ---
Averaged Train Loss: 1.5462
Averaged Test Accuracy: 0.4178
Averaged Test AUC: 0.8435
Std Test Accuracy: 0.1946
Std Test AUC: 0.0546

--- Round 163/500 ---
Averaged Train Loss: 1.5017
Averaged Test Accuracy: 0.4466
Averaged Test AUC: 0.8455
Std Test Accuracy: 0.1624
Std Test AUC: 0.0568

--- Round 164/500 ---
Averaged Train Loss: 1.5433
Averaged Test Accuracy: 0.4277
Averaged Test AUC: 0.8376
Std Test Accuracy: 0.1708
Std Test AUC: 0.0661

--- Round 165/500 ---
Averaged Train Loss: 1.5009
Averaged Test Accuracy: 0.4428
Averaged Test AUC: 0.8448
Std Test Accuracy: 0.1284
Std Test AUC: 0.0416

--- Round 166/500 ---
Averaged Train Loss: 1.5272
Averaged Test Accuracy: 0.4331
Averaged Test AUC: 0.8450
Std Test Accuracy: 0.1933
Std Test AUC: 0.0566

--- Round 167/500 ---
Averaged Train Loss: 1.5909
Averaged Test Accuracy: 0.4312
Averaged Test AUC: 0.8321
Std Test Accuracy: 0.1967
Std Test AUC: 0.0877

--- Round 168/500 ---
Averaged Train Loss: 1.4886
Averaged Test Accuracy: 0.4421
Averaged Test AUC: 0.8472
Std Test Accuracy: 0.1415
Std Test AUC: 0.0409

--- Round 169/500 ---
Averaged Train Loss: 1.4359
Averaged Test Accuracy: 0.4753
Averaged Test AUC: 0.8546
Std Test Accuracy: 0.1315
Std Test AUC: 0.0413

--- Round 170/500 ---
Averaged Train Loss: 1.5274
Averaged Test Accuracy: 0.4366
Averaged Test AUC: 0.8456
Std Test Accuracy: 0.2113
Std Test AUC: 0.0645

--- Round 171/500 ---
Averaged Train Loss: 1.5957
Averaged Test Accuracy: 0.4180
Averaged Test AUC: 0.8311
Std Test Accuracy: 0.1552
Std Test AUC: 0.0649

--- Round 172/500 ---
Averaged Train Loss: 1.4994
Averaged Test Accuracy: 0.4526
Averaged Test AUC: 0.8451
Std Test Accuracy: 0.1333
Std Test AUC: 0.0501

--- Round 173/500 ---
Averaged Train Loss: 1.4691
Averaged Test Accuracy: 0.4580
Averaged Test AUC: 0.8511
Std Test Accuracy: 0.1590
Std Test AUC: 0.0528

--- Round 174/500 ---
Averaged Train Loss: 1.5897
Averaged Test Accuracy: 0.4035
Averaged Test AUC: 0.8384
Std Test Accuracy: 0.2115
Std Test AUC: 0.0613

--- Round 175/500 ---
Averaged Train Loss: 1.6517
Averaged Test Accuracy: 0.3890
Averaged Test AUC: 0.8336
Std Test Accuracy: 0.1875
Std Test AUC: 0.0580

--- Round 176/500 ---
Averaged Train Loss: 1.6168
Averaged Test Accuracy: 0.4119
Averaged Test AUC: 0.8341
Std Test Accuracy: 0.2036
Std Test AUC: 0.0790

--- Round 177/500 ---
Averaged Train Loss: 1.5440
Averaged Test Accuracy: 0.4358
Averaged Test AUC: 0.8417
Std Test Accuracy: 0.1866
Std Test AUC: 0.0648

--- Round 178/500 ---
Averaged Train Loss: 1.5279
Averaged Test Accuracy: 0.4276
Averaged Test AUC: 0.8405
Std Test Accuracy: 0.1543
Std Test AUC: 0.0482

--- Round 179/500 ---
Averaged Train Loss: 1.4388
Averaged Test Accuracy: 0.4768
Averaged Test AUC: 0.8506
Std Test Accuracy: 0.1360
Std Test AUC: 0.0500

--- Round 180/500 ---
Averaged Train Loss: 1.5691
Averaged Test Accuracy: 0.4212
Averaged Test AUC: 0.8402
Std Test Accuracy: 0.1984
Std Test AUC: 0.0701

--- Round 181/500 ---
Averaged Train Loss: 1.4773
Averaged Test Accuracy: 0.4592
Averaged Test AUC: 0.8454
Std Test Accuracy: 0.1012
Std Test AUC: 0.0413

--- Round 182/500 ---
Averaged Train Loss: 1.5710
Averaged Test Accuracy: 0.4093
Averaged Test AUC: 0.8392
Std Test Accuracy: 0.1756
Std Test AUC: 0.0578

--- Round 183/500 ---
Averaged Train Loss: 1.5467
Averaged Test Accuracy: 0.4347
Averaged Test AUC: 0.8461
Std Test Accuracy: 0.1874
Std Test AUC: 0.0617

--- Round 184/500 ---
Averaged Train Loss: 1.6202
Averaged Test Accuracy: 0.4134
Averaged Test AUC: 0.8299
Std Test Accuracy: 0.1904
Std Test AUC: 0.0730

--- Round 185/500 ---
Averaged Train Loss: 1.4847
Averaged Test Accuracy: 0.4403
Averaged Test AUC: 0.8498
Std Test Accuracy: 0.1549
Std Test AUC: 0.0469

--- Round 186/500 ---
Averaged Train Loss: 1.4605
Averaged Test Accuracy: 0.4650
Averaged Test AUC: 0.8483
Std Test Accuracy: 0.1447
Std Test AUC: 0.0515

--- Round 187/500 ---
Averaged Train Loss: 1.5118
Averaged Test Accuracy: 0.4279
Averaged Test AUC: 0.8465
Std Test Accuracy: 0.1975
Std Test AUC: 0.0517

--- Round 188/500 ---
Averaged Train Loss: 1.5195
Averaged Test Accuracy: 0.4355
Averaged Test AUC: 0.8466
Std Test Accuracy: 0.1925
Std Test AUC: 0.0616

--- Round 189/500 ---
Averaged Train Loss: 1.5321
Averaged Test Accuracy: 0.4397
Averaged Test AUC: 0.8386
Std Test Accuracy: 0.1700
Std Test AUC: 0.0700

--- Round 190/500 ---
Averaged Train Loss: 1.4721
Averaged Test Accuracy: 0.4501
Averaged Test AUC: 0.8484
Std Test Accuracy: 0.1284
Std Test AUC: 0.0309

--- Round 191/500 ---
Averaged Train Loss: 1.5976
Averaged Test Accuracy: 0.4164
Averaged Test AUC: 0.8396
Std Test Accuracy: 0.2026
Std Test AUC: 0.0698

--- Round 192/500 ---
Averaged Train Loss: 1.7226
Averaged Test Accuracy: 0.3660
Averaged Test AUC: 0.8267
Std Test Accuracy: 0.1753
Std Test AUC: 0.0640

--- Round 193/500 ---
Averaged Train Loss: 1.5611
Averaged Test Accuracy: 0.4172
Averaged Test AUC: 0.8392
Std Test Accuracy: 0.1911
Std Test AUC: 0.0682

--- Round 194/500 ---
Averaged Train Loss: 1.4808
Averaged Test Accuracy: 0.4472
Averaged Test AUC: 0.8516
Std Test Accuracy: 0.1619
Std Test AUC: 0.0537

--- Round 195/500 ---
Averaged Train Loss: 1.4797
Averaged Test Accuracy: 0.4556
Averaged Test AUC: 0.8507
Std Test Accuracy: 0.1749
Std Test AUC: 0.0534

--- Round 196/500 ---
Averaged Train Loss: 1.4901
Averaged Test Accuracy: 0.4494
Averaged Test AUC: 0.8442
Std Test Accuracy: 0.1557
Std Test AUC: 0.0531

--- Round 197/500 ---
Averaged Train Loss: 1.5303
Averaged Test Accuracy: 0.4341
Averaged Test AUC: 0.8411
Std Test Accuracy: 0.1969
Std Test AUC: 0.0706

--- Round 198/500 ---
Averaged Train Loss: 1.6212
Averaged Test Accuracy: 0.3987
Averaged Test AUC: 0.8344
Std Test Accuracy: 0.1627
Std Test AUC: 0.0593

--- Round 199/500 ---
Averaged Train Loss: 1.4906
Averaged Test Accuracy: 0.4591
Averaged Test AUC: 0.8456
Std Test Accuracy: 0.1696
Std Test AUC: 0.0655

--- Round 200/500 ---
Averaged Train Loss: 1.4768
Averaged Test Accuracy: 0.4554
Averaged Test AUC: 0.8497
Std Test Accuracy: 0.1656
Std Test AUC: 0.0620

--- Round 201/500 ---
Averaged Train Loss: 1.4714
Averaged Test Accuracy: 0.4516
Averaged Test AUC: 0.8508
Std Test Accuracy: 0.1346
Std Test AUC: 0.0387

--- Round 202/500 ---
Averaged Train Loss: 1.5455
Averaged Test Accuracy: 0.4276
Averaged Test AUC: 0.8411
Std Test Accuracy: 0.1574
Std Test AUC: 0.0471

--- Round 203/500 ---
Averaged Train Loss: 1.4582
Averaged Test Accuracy: 0.4707
Averaged Test AUC: 0.8484
Std Test Accuracy: 0.1755
Std Test AUC: 0.0721

--- Round 204/500 ---
Averaged Train Loss: 1.5216
Averaged Test Accuracy: 0.4258
Averaged Test AUC: 0.8451
Std Test Accuracy: 0.1601
Std Test AUC: 0.0526

--- Round 205/500 ---
Averaged Train Loss: 1.5333
Averaged Test Accuracy: 0.4329
Averaged Test AUC: 0.8416
Std Test Accuracy: 0.1406
Std Test AUC: 0.0490

--- Round 206/500 ---
Averaged Train Loss: 1.5234
Averaged Test Accuracy: 0.4403
Averaged Test AUC: 0.8475
Std Test Accuracy: 0.1954
Std Test AUC: 0.0607

--- Round 207/500 ---
Averaged Train Loss: 1.5065
Averaged Test Accuracy: 0.4402
Averaged Test AUC: 0.8458
Std Test Accuracy: 0.1809
Std Test AUC: 0.0581

--- Round 208/500 ---
Averaged Train Loss: 1.5638
Averaged Test Accuracy: 0.4195
Averaged Test AUC: 0.8379
Std Test Accuracy: 0.1807
Std Test AUC: 0.0674

--- Round 209/500 ---
Averaged Train Loss: 1.4300
Averaged Test Accuracy: 0.4659
Averaged Test AUC: 0.8568
Std Test Accuracy: 0.1416
Std Test AUC: 0.0431

--- Round 210/500 ---
Averaged Train Loss: 1.5969
Averaged Test Accuracy: 0.4098
Averaged Test AUC: 0.8401
Std Test Accuracy: 0.1922
Std Test AUC: 0.0565

--- Round 211/500 ---
Averaged Train Loss: 1.5549
Averaged Test Accuracy: 0.4399
Averaged Test AUC: 0.8360
Std Test Accuracy: 0.1540
Std Test AUC: 0.0656

--- Round 212/500 ---
Averaged Train Loss: 1.5484
Averaged Test Accuracy: 0.4353
Averaged Test AUC: 0.8441
Std Test Accuracy: 0.2079
Std Test AUC: 0.0688

--- Round 213/500 ---
Averaged Train Loss: 1.4531
Averaged Test Accuracy: 0.4587
Averaged Test AUC: 0.8521
Std Test Accuracy: 0.1216
Std Test AUC: 0.0315

--- Round 214/500 ---
Averaged Train Loss: 1.4675
Averaged Test Accuracy: 0.4576
Averaged Test AUC: 0.8493
Std Test Accuracy: 0.1373
Std Test AUC: 0.0415

--- Round 215/500 ---
Averaged Train Loss: 1.6337
Averaged Test Accuracy: 0.4170
Averaged Test AUC: 0.8336
Std Test Accuracy: 0.2307
Std Test AUC: 0.0837

--- Round 216/500 ---
Averaged Train Loss: 1.4903
Averaged Test Accuracy: 0.4500
Averaged Test AUC: 0.8449
Std Test Accuracy: 0.1558
Std Test AUC: 0.0563

--- Round 217/500 ---
Averaged Train Loss: 1.5643
Averaged Test Accuracy: 0.4166
Averaged Test AUC: 0.8413
Std Test Accuracy: 0.1735
Std Test AUC: 0.0537

--- Round 218/500 ---
Averaged Train Loss: 1.4762
Averaged Test Accuracy: 0.4552
Averaged Test AUC: 0.8501
Std Test Accuracy: 0.1866
Std Test AUC: 0.0533

--- Round 219/500 ---
Averaged Train Loss: 1.4451
Averaged Test Accuracy: 0.4625
Averaged Test AUC: 0.8547
Std Test Accuracy: 0.1723
Std Test AUC: 0.0536

--- Round 220/500 ---
Averaged Train Loss: 1.4504
Averaged Test Accuracy: 0.4632
Averaged Test AUC: 0.8507
Std Test Accuracy: 0.1514
Std Test AUC: 0.0563

--- Round 221/500 ---
Averaged Train Loss: 1.4813
Averaged Test Accuracy: 0.4586
Averaged Test AUC: 0.8525
Std Test Accuracy: 0.1661
Std Test AUC: 0.0544

--- Round 222/500 ---
Averaged Train Loss: 1.5293
Averaged Test Accuracy: 0.4241
Averaged Test AUC: 0.8493
Std Test Accuracy: 0.1782
Std Test AUC: 0.0466

--- Round 223/500 ---
Averaged Train Loss: 1.5474
Averaged Test Accuracy: 0.4179
Averaged Test AUC: 0.8459
Std Test Accuracy: 0.2214
Std Test AUC: 0.0597

--- Round 224/500 ---
Averaged Train Loss: 1.5305
Averaged Test Accuracy: 0.4407
Averaged Test AUC: 0.8459
Std Test Accuracy: 0.2092
Std Test AUC: 0.0692

--- Round 225/500 ---
Averaged Train Loss: 1.4421
Averaged Test Accuracy: 0.4705
Averaged Test AUC: 0.8543
Std Test Accuracy: 0.1399
Std Test AUC: 0.0475

--- Round 226/500 ---
Averaged Train Loss: 1.5965
Averaged Test Accuracy: 0.4041
Averaged Test AUC: 0.8362
Std Test Accuracy: 0.1738
Std Test AUC: 0.0574

--- Round 227/500 ---
Averaged Train Loss: 1.4782
Averaged Test Accuracy: 0.4565
Averaged Test AUC: 0.8530
Std Test Accuracy: 0.2122
Std Test AUC: 0.0628

--- Round 228/500 ---
Averaged Train Loss: 1.4182
Averaged Test Accuracy: 0.4738
Averaged Test AUC: 0.8584
Std Test Accuracy: 0.1598
Std Test AUC: 0.0458

--- Round 229/500 ---
Averaged Train Loss: 1.4424
Averaged Test Accuracy: 0.4741
Averaged Test AUC: 0.8518
Std Test Accuracy: 0.1165
Std Test AUC: 0.0432

--- Round 230/500 ---
Averaged Train Loss: 1.5156
Averaged Test Accuracy: 0.4284
Averaged Test AUC: 0.8494
Std Test Accuracy: 0.1828
Std Test AUC: 0.0548

--- Round 231/500 ---
Averaged Train Loss: 1.5236
Averaged Test Accuracy: 0.4455
Averaged Test AUC: 0.8492
Std Test Accuracy: 0.2130
Std Test AUC: 0.0639

--- Round 232/500 ---
Averaged Train Loss: 1.5304
Averaged Test Accuracy: 0.4443
Averaged Test AUC: 0.8402
Std Test Accuracy: 0.1604
Std Test AUC: 0.0639

--- Round 233/500 ---
Averaged Train Loss: 1.4508
Averaged Test Accuracy: 0.4678
Averaged Test AUC: 0.8543
Std Test Accuracy: 0.1669
Std Test AUC: 0.0547

--- Round 234/500 ---
Averaged Train Loss: 1.5496
Averaged Test Accuracy: 0.4174
Averaged Test AUC: 0.8445
Std Test Accuracy: 0.2209
Std Test AUC: 0.0653

--- Round 235/500 ---
Averaged Train Loss: 1.4828
Averaged Test Accuracy: 0.4451
Averaged Test AUC: 0.8490
Std Test Accuracy: 0.1882
Std Test AUC: 0.0639

--- Round 236/500 ---
Averaged Train Loss: 1.6102
Averaged Test Accuracy: 0.4303
Averaged Test AUC: 0.8348
Std Test Accuracy: 0.2103
Std Test AUC: 0.0861

--- Round 237/500 ---
Averaged Train Loss: 1.4385
Averaged Test Accuracy: 0.4693
Averaged Test AUC: 0.8577
Std Test Accuracy: 0.1612
Std Test AUC: 0.0447

--- Round 238/500 ---
Averaged Train Loss: 1.5736
Averaged Test Accuracy: 0.4071
Averaged Test AUC: 0.8391
Std Test Accuracy: 0.2051
Std Test AUC: 0.0584

--- Round 239/500 ---
Averaged Train Loss: 1.4585
Averaged Test Accuracy: 0.4575
Averaged Test AUC: 0.8529
Std Test Accuracy: 0.1852
Std Test AUC: 0.0564

--- Round 240/500 ---
Averaged Train Loss: 1.4631
Averaged Test Accuracy: 0.4560
Averaged Test AUC: 0.8540
Std Test Accuracy: 0.1757
Std Test AUC: 0.0572

--- Round 241/500 ---
Averaged Train Loss: 1.4667
Averaged Test Accuracy: 0.4490
Averaged Test AUC: 0.8535
Std Test Accuracy: 0.1758
Std Test AUC: 0.0394

--- Round 242/500 ---
Averaged Train Loss: 1.4313
Averaged Test Accuracy: 0.4642
Averaged Test AUC: 0.8551
Std Test Accuracy: 0.1453
Std Test AUC: 0.0437

--- Round 243/500 ---
Averaged Train Loss: 1.4258
Averaged Test Accuracy: 0.4680
Averaged Test AUC: 0.8572
Std Test Accuracy: 0.1780
Std Test AUC: 0.0580

--- Round 244/500 ---
Averaged Train Loss: 1.5710
Averaged Test Accuracy: 0.4101
Averaged Test AUC: 0.8385
Std Test Accuracy: 0.1487
Std Test AUC: 0.0493

--- Round 245/500 ---
Averaged Train Loss: 1.4920
Averaged Test Accuracy: 0.4487
Averaged Test AUC: 0.8562
Std Test Accuracy: 0.1710
Std Test AUC: 0.0470

--- Round 246/500 ---
Averaged Train Loss: 1.4042
Averaged Test Accuracy: 0.4733
Averaged Test AUC: 0.8582
Std Test Accuracy: 0.1621
Std Test AUC: 0.0489

--- Round 247/500 ---
Averaged Train Loss: 1.4020
Averaged Test Accuracy: 0.4741
Averaged Test AUC: 0.8582
Std Test Accuracy: 0.1277
Std Test AUC: 0.0371

--- Round 248/500 ---
Averaged Train Loss: 1.4693
Averaged Test Accuracy: 0.4602
Averaged Test AUC: 0.8516
Std Test Accuracy: 0.1715
Std Test AUC: 0.0512

--- Round 249/500 ---
Averaged Train Loss: 1.4933
Averaged Test Accuracy: 0.4561
Averaged Test AUC: 0.8504
Std Test Accuracy: 0.1692
Std Test AUC: 0.0548

--- Round 250/500 ---
Averaged Train Loss: 1.4646
Averaged Test Accuracy: 0.4439
Averaged Test AUC: 0.8516
Std Test Accuracy: 0.1678
Std Test AUC: 0.0462

--- Round 251/500 ---
Averaged Train Loss: 1.4738
Averaged Test Accuracy: 0.4541
Averaged Test AUC: 0.8529
Std Test Accuracy: 0.1822
Std Test AUC: 0.0533

--- Round 252/500 ---
Averaged Train Loss: 1.4027
Averaged Test Accuracy: 0.4792
Averaged Test AUC: 0.8605
Std Test Accuracy: 0.1692
Std Test AUC: 0.0459

--- Round 253/500 ---
Averaged Train Loss: 1.4786
Averaged Test Accuracy: 0.4431
Averaged Test AUC: 0.8548
Std Test Accuracy: 0.1870
Std Test AUC: 0.0506

--- Round 254/500 ---
Averaged Train Loss: 1.4828
Averaged Test Accuracy: 0.4405
Averaged Test AUC: 0.8502
Std Test Accuracy: 0.1394
Std Test AUC: 0.0379

--- Round 255/500 ---
Averaged Train Loss: 1.3806
Averaged Test Accuracy: 0.4886
Averaged Test AUC: 0.8615
Std Test Accuracy: 0.1313
Std Test AUC: 0.0419

--- Round 256/500 ---
Averaged Train Loss: 1.4339
Averaged Test Accuracy: 0.4764
Averaged Test AUC: 0.8531
Std Test Accuracy: 0.1449
Std Test AUC: 0.0492

--- Round 257/500 ---
Averaged Train Loss: 1.5459
Averaged Test Accuracy: 0.4368
Averaged Test AUC: 0.8508
Std Test Accuracy: 0.1901
Std Test AUC: 0.0556

--- Round 258/500 ---
Averaged Train Loss: 1.4048
Averaged Test Accuracy: 0.4725
Averaged Test AUC: 0.8598
Std Test Accuracy: 0.1405
Std Test AUC: 0.0370

--- Round 259/500 ---
Averaged Train Loss: 1.3895
Averaged Test Accuracy: 0.4878
Averaged Test AUC: 0.8598
Std Test Accuracy: 0.1200
Std Test AUC: 0.0328

--- Round 260/500 ---
Averaged Train Loss: 1.4328
Averaged Test Accuracy: 0.4725
Averaged Test AUC: 0.8549
Std Test Accuracy: 0.1593
Std Test AUC: 0.0530

--- Round 261/500 ---
Averaged Train Loss: 1.5645
Averaged Test Accuracy: 0.4357
Averaged Test AUC: 0.8449
Std Test Accuracy: 0.1893
Std Test AUC: 0.0641

--- Round 262/500 ---
Averaged Train Loss: 1.4587
Averaged Test Accuracy: 0.4628
Averaged Test AUC: 0.8500
Std Test Accuracy: 0.1238
Std Test AUC: 0.0379

--- Round 263/500 ---
Averaged Train Loss: 1.4713
Averaged Test Accuracy: 0.4496
Averaged Test AUC: 0.8539
Std Test Accuracy: 0.1714
Std Test AUC: 0.0468

--- Round 264/500 ---
Averaged Train Loss: 1.4565
Averaged Test Accuracy: 0.4557
Averaged Test AUC: 0.8523
Std Test Accuracy: 0.1865
Std Test AUC: 0.0659

--- Round 265/500 ---
Averaged Train Loss: 1.5109
Averaged Test Accuracy: 0.4378
Averaged Test AUC: 0.8544
Std Test Accuracy: 0.1913
Std Test AUC: 0.0479

--- Round 266/500 ---
Averaged Train Loss: 1.4706
Averaged Test Accuracy: 0.4517
Averaged Test AUC: 0.8502
Std Test Accuracy: 0.1292
Std Test AUC: 0.0337

--- Round 267/500 ---
Averaged Train Loss: 1.3662
Averaged Test Accuracy: 0.4969
Averaged Test AUC: 0.8623
Std Test Accuracy: 0.1357
Std Test AUC: 0.0445

--- Round 268/500 ---
Averaged Train Loss: 1.4785
Averaged Test Accuracy: 0.4458
Averaged Test AUC: 0.8494
Std Test Accuracy: 0.1565
Std Test AUC: 0.0552

--- Round 269/500 ---
Averaged Train Loss: 1.4832
Averaged Test Accuracy: 0.4516
Averaged Test AUC: 0.8575
Std Test Accuracy: 0.1889
Std Test AUC: 0.0454

--- Round 270/500 ---
Averaged Train Loss: 1.3731
Averaged Test Accuracy: 0.4874
Averaged Test AUC: 0.8625
Std Test Accuracy: 0.1218
Std Test AUC: 0.0334

--- Round 271/500 ---
Averaged Train Loss: 1.4515
Averaged Test Accuracy: 0.4619
Averaged Test AUC: 0.8512
Std Test Accuracy: 0.1506
Std Test AUC: 0.0462

--- Round 272/500 ---
Averaged Train Loss: 1.4544
Averaged Test Accuracy: 0.4596
Averaged Test AUC: 0.8561
Std Test Accuracy: 0.1762
Std Test AUC: 0.0540

--- Round 273/500 ---
Averaged Train Loss: 1.5582
Averaged Test Accuracy: 0.4351
Averaged Test AUC: 0.8493
Std Test Accuracy: 0.2087
Std Test AUC: 0.0624

--- Round 274/500 ---
Averaged Train Loss: 1.4900
Averaged Test Accuracy: 0.4501
Averaged Test AUC: 0.8452
Std Test Accuracy: 0.1370
Std Test AUC: 0.0453

--- Round 275/500 ---
Averaged Train Loss: 1.4347
Averaged Test Accuracy: 0.4713
Averaged Test AUC: 0.8570
Std Test Accuracy: 0.1771
Std Test AUC: 0.0566

--- Round 276/500 ---
Averaged Train Loss: 1.4414
Averaged Test Accuracy: 0.4580
Averaged Test AUC: 0.8575
Std Test Accuracy: 0.1786
Std Test AUC: 0.0506

--- Round 277/500 ---
Averaged Train Loss: 1.6555
Averaged Test Accuracy: 0.4010
Averaged Test AUC: 0.8426
Std Test Accuracy: 0.2402
Std Test AUC: 0.0638

--- Round 278/500 ---
Averaged Train Loss: 1.4338
Averaged Test Accuracy: 0.4646
Averaged Test AUC: 0.8558
Std Test Accuracy: 0.1259
Std Test AUC: 0.0375

--- Round 279/500 ---
Averaged Train Loss: 1.4029
Averaged Test Accuracy: 0.4752
Averaged Test AUC: 0.8619
Std Test Accuracy: 0.1631
Std Test AUC: 0.0421

--- Round 280/500 ---
Averaged Train Loss: 1.4002
Averaged Test Accuracy: 0.4786
Averaged Test AUC: 0.8579
Std Test Accuracy: 0.1327
Std Test AUC: 0.0460

--- Round 281/500 ---
Averaged Train Loss: 1.5200
Averaged Test Accuracy: 0.4432
Averaged Test AUC: 0.8543
Std Test Accuracy: 0.2037
Std Test AUC: 0.0515

--- Round 282/500 ---
Averaged Train Loss: 1.3915
Averaged Test Accuracy: 0.4812
Averaged Test AUC: 0.8625
Std Test Accuracy: 0.1211
Std Test AUC: 0.0374

--- Round 283/500 ---
Averaged Train Loss: 1.4145
Averaged Test Accuracy: 0.4838
Averaged Test AUC: 0.8556
Std Test Accuracy: 0.1444
Std Test AUC: 0.0485

--- Round 284/500 ---
Averaged Train Loss: 1.3839
Averaged Test Accuracy: 0.4879
Averaged Test AUC: 0.8614
Std Test Accuracy: 0.1415
Std Test AUC: 0.0442

--- Round 285/500 ---
Averaged Train Loss: 1.5447
Averaged Test Accuracy: 0.4385
Averaged Test AUC: 0.8452
Std Test Accuracy: 0.2032
Std Test AUC: 0.0737

--- Round 286/500 ---
Averaged Train Loss: 1.5492
Averaged Test Accuracy: 0.4317
Averaged Test AUC: 0.8384
Std Test Accuracy: 0.1255
Std Test AUC: 0.0455

--- Round 287/500 ---
Averaged Train Loss: 1.4288
Averaged Test Accuracy: 0.4762
Averaged Test AUC: 0.8573
Std Test Accuracy: 0.1760
Std Test AUC: 0.0539

--- Round 288/500 ---
Averaged Train Loss: 1.4420
Averaged Test Accuracy: 0.4631
Averaged Test AUC: 0.8572
Std Test Accuracy: 0.1839
Std Test AUC: 0.0570

--- Round 289/500 ---
Averaged Train Loss: 1.5553
Averaged Test Accuracy: 0.4234
Averaged Test AUC: 0.8482
Std Test Accuracy: 0.2210
Std Test AUC: 0.0611

--- Round 290/500 ---
Averaged Train Loss: 1.4669
Averaged Test Accuracy: 0.4568
Averaged Test AUC: 0.8524
Std Test Accuracy: 0.1549
Std Test AUC: 0.0383

--- Round 291/500 ---
Averaged Train Loss: 1.4285
Averaged Test Accuracy: 0.4723
Averaged Test AUC: 0.8567
Std Test Accuracy: 0.1850
Std Test AUC: 0.0619

--- Round 292/500 ---
Averaged Train Loss: 1.4067
Averaged Test Accuracy: 0.4719
Averaged Test AUC: 0.8606
Std Test Accuracy: 0.1654
Std Test AUC: 0.0505

--- Round 293/500 ---
Averaged Train Loss: 1.4182
Averaged Test Accuracy: 0.4709
Averaged Test AUC: 0.8625
Std Test Accuracy: 0.1636
Std Test AUC: 0.0435

--- Round 294/500 ---
Averaged Train Loss: 1.3905
Averaged Test Accuracy: 0.4797
Averaged Test AUC: 0.8598
Std Test Accuracy: 0.1237
Std Test AUC: 0.0371

--- Round 295/500 ---
Averaged Train Loss: 1.4535
Averaged Test Accuracy: 0.4631
Averaged Test AUC: 0.8507
Std Test Accuracy: 0.1411
Std Test AUC: 0.0549

--- Round 296/500 ---
Averaged Train Loss: 1.3845
Averaged Test Accuracy: 0.4882
Averaged Test AUC: 0.8628
Std Test Accuracy: 0.1573
Std Test AUC: 0.0518

--- Round 297/500 ---
Averaged Train Loss: 1.4417
Averaged Test Accuracy: 0.4667
Averaged Test AUC: 0.8580
Std Test Accuracy: 0.1700
Std Test AUC: 0.0501

--- Round 298/500 ---
Averaged Train Loss: 1.4862
Averaged Test Accuracy: 0.4507
Averaged Test AUC: 0.8467
Std Test Accuracy: 0.1529
Std Test AUC: 0.0499

--- Round 299/500 ---
Averaged Train Loss: 1.5469
Averaged Test Accuracy: 0.4389
Averaged Test AUC: 0.8465
Std Test Accuracy: 0.2170
Std Test AUC: 0.0727

--- Round 300/500 ---
Averaged Train Loss: 1.4508
Averaged Test Accuracy: 0.4647
Averaged Test AUC: 0.8554
Std Test Accuracy: 0.1896
Std Test AUC: 0.0624

--- Round 301/500 ---
Averaged Train Loss: 1.5027
Averaged Test Accuracy: 0.4302
Averaged Test AUC: 0.8518
Std Test Accuracy: 0.2106
Std Test AUC: 0.0518

--- Round 302/500 ---
Averaged Train Loss: 1.3744
Averaged Test Accuracy: 0.4905
Averaged Test AUC: 0.8629
Std Test Accuracy: 0.1159
Std Test AUC: 0.0387

--- Round 303/500 ---
Averaged Train Loss: 1.4170
Averaged Test Accuracy: 0.4754
Averaged Test AUC: 0.8582
Std Test Accuracy: 0.1750
Std Test AUC: 0.0587

--- Round 304/500 ---
Averaged Train Loss: 1.4215
Averaged Test Accuracy: 0.4705
Averaged Test AUC: 0.8568
Std Test Accuracy: 0.1502
Std Test AUC: 0.0437

--- Round 305/500 ---
Averaged Train Loss: 1.4785
Averaged Test Accuracy: 0.4563
Averaged Test AUC: 0.8582
Std Test Accuracy: 0.1741
Std Test AUC: 0.0467

--- Round 306/500 ---
Averaged Train Loss: 1.3608
Averaged Test Accuracy: 0.4912
Averaged Test AUC: 0.8648
Std Test Accuracy: 0.1410
Std Test AUC: 0.0405

--- Round 307/500 ---
Averaged Train Loss: 1.4792
Averaged Test Accuracy: 0.4640
Averaged Test AUC: 0.8476
Std Test Accuracy: 0.1401
Std Test AUC: 0.0588

--- Round 308/500 ---
Averaged Train Loss: 1.4295
Averaged Test Accuracy: 0.4697
Averaged Test AUC: 0.8584
Std Test Accuracy: 0.1783
Std Test AUC: 0.0511

--- Round 309/500 ---
Averaged Train Loss: 1.4745
Averaged Test Accuracy: 0.4629
Averaged Test AUC: 0.8541
Std Test Accuracy: 0.1623
Std Test AUC: 0.0502

--- Round 310/500 ---
Averaged Train Loss: 1.4680
Averaged Test Accuracy: 0.4569
Averaged Test AUC: 0.8498
Std Test Accuracy: 0.1387
Std Test AUC: 0.0411

--- Round 311/500 ---
Averaged Train Loss: 1.4259
Averaged Test Accuracy: 0.4778
Averaged Test AUC: 0.8573
Std Test Accuracy: 0.1759
Std Test AUC: 0.0616

--- Round 312/500 ---
Averaged Train Loss: 1.5073
Averaged Test Accuracy: 0.4447
Averaged Test AUC: 0.8544
Std Test Accuracy: 0.2162
Std Test AUC: 0.0575

--- Round 313/500 ---
Averaged Train Loss: 1.4917
Averaged Test Accuracy: 0.4375
Averaged Test AUC: 0.8509
Std Test Accuracy: 0.1678
Std Test AUC: 0.0468

--- Round 314/500 ---
Averaged Train Loss: 1.4947
Averaged Test Accuracy: 0.4521
Averaged Test AUC: 0.8529
Std Test Accuracy: 0.1776
Std Test AUC: 0.0554

--- Round 315/500 ---
Averaged Train Loss: 1.4982
Averaged Test Accuracy: 0.4480
Averaged Test AUC: 0.8550
Std Test Accuracy: 0.2069
Std Test AUC: 0.0546

--- Round 316/500 ---
Averaged Train Loss: 1.3734
Averaged Test Accuracy: 0.4941
Averaged Test AUC: 0.8619
Std Test Accuracy: 0.1112
Std Test AUC: 0.0329

--- Round 317/500 ---
Averaged Train Loss: 1.4207
Averaged Test Accuracy: 0.4750
Averaged Test AUC: 0.8580
Std Test Accuracy: 0.1514
Std Test AUC: 0.0474

--- Round 318/500 ---
Averaged Train Loss: 1.4457
Averaged Test Accuracy: 0.4664
Averaged Test AUC: 0.8621
Std Test Accuracy: 0.1593
Std Test AUC: 0.0418

--- Round 319/500 ---
Averaged Train Loss: 1.4279
Averaged Test Accuracy: 0.4632
Averaged Test AUC: 0.8571
Std Test Accuracy: 0.1630
Std Test AUC: 0.0416

--- Round 320/500 ---
Averaged Train Loss: 1.3895
Averaged Test Accuracy: 0.4870
Averaged Test AUC: 0.8614
Std Test Accuracy: 0.1571
Std Test AUC: 0.0458

--- Round 321/500 ---
Averaged Train Loss: 1.4283
Averaged Test Accuracy: 0.4745
Averaged Test AUC: 0.8625
Std Test Accuracy: 0.1822
Std Test AUC: 0.0497

--- Round 322/500 ---
Averaged Train Loss: 1.3585
Averaged Test Accuracy: 0.4993
Averaged Test AUC: 0.8639
Std Test Accuracy: 0.1047
Std Test AUC: 0.0357

--- Round 323/500 ---
Averaged Train Loss: 1.3757
Averaged Test Accuracy: 0.4991
Averaged Test AUC: 0.8575
Std Test Accuracy: 0.1322
Std Test AUC: 0.0467

--- Round 324/500 ---
Averaged Train Loss: 1.4463
Averaged Test Accuracy: 0.4621
Averaged Test AUC: 0.8575
Std Test Accuracy: 0.2246
Std Test AUC: 0.0654

--- Round 325/500 ---
Averaged Train Loss: 1.3500
Averaged Test Accuracy: 0.5023
Averaged Test AUC: 0.8666
Std Test Accuracy: 0.1660
Std Test AUC: 0.0439

--- Round 326/500 ---
Averaged Train Loss: 1.3610
Averaged Test Accuracy: 0.4938
Averaged Test AUC: 0.8634
Std Test Accuracy: 0.1435
Std Test AUC: 0.0366

--- Round 327/500 ---
Averaged Train Loss: 1.3685
Averaged Test Accuracy: 0.4951
Averaged Test AUC: 0.8635
Std Test Accuracy: 0.1373
Std Test AUC: 0.0367

--- Round 328/500 ---
Averaged Train Loss: 1.3468
Averaged Test Accuracy: 0.5017
Averaged Test AUC: 0.8657
Std Test Accuracy: 0.1509
Std Test AUC: 0.0382

--- Round 329/500 ---
Averaged Train Loss: 1.3606
Averaged Test Accuracy: 0.4916
Averaged Test AUC: 0.8648
Std Test Accuracy: 0.1385
Std Test AUC: 0.0402

--- Round 330/500 ---
Averaged Train Loss: 1.3490
Averaged Test Accuracy: 0.5035
Averaged Test AUC: 0.8650
Std Test Accuracy: 0.1298
Std Test AUC: 0.0413

--- Round 331/500 ---
Averaged Train Loss: 1.3701
Averaged Test Accuracy: 0.4877
Averaged Test AUC: 0.8641
Std Test Accuracy: 0.1551
Std Test AUC: 0.0385

--- Round 332/500 ---
Averaged Train Loss: 1.3821
Averaged Test Accuracy: 0.4875
Averaged Test AUC: 0.8631
Std Test Accuracy: 0.1509
Std Test AUC: 0.0413

--- Round 333/500 ---
Averaged Train Loss: 1.3673
Averaged Test Accuracy: 0.4984
Averaged Test AUC: 0.8637
Std Test Accuracy: 0.1205
Std Test AUC: 0.0437

--- Round 334/500 ---
Averaged Train Loss: 1.3419
Averaged Test Accuracy: 0.5039
Averaged Test AUC: 0.8665
Std Test Accuracy: 0.1656
Std Test AUC: 0.0512

--- Round 335/500 ---
Averaged Train Loss: 1.3866
Averaged Test Accuracy: 0.4940
Averaged Test AUC: 0.8603
Std Test Accuracy: 0.1400
Std Test AUC: 0.0511

--- Round 336/500 ---
Averaged Train Loss: 1.3284
Averaged Test Accuracy: 0.5128
Averaged Test AUC: 0.8671
Std Test Accuracy: 0.1286
Std Test AUC: 0.0397

--- Round 337/500 ---
Averaged Train Loss: 1.3450
Averaged Test Accuracy: 0.5003
Averaged Test AUC: 0.8668
Std Test Accuracy: 0.1547
Std Test AUC: 0.0471

--- Round 338/500 ---
Averaged Train Loss: 1.3951
Averaged Test Accuracy: 0.4873
Averaged Test AUC: 0.8617
Std Test Accuracy: 0.1807
Std Test AUC: 0.0546

--- Round 339/500 ---
Averaged Train Loss: 1.3414
Averaged Test Accuracy: 0.5083
Averaged Test AUC: 0.8668
Std Test Accuracy: 0.1541
Std Test AUC: 0.0388

--- Round 340/500 ---
Averaged Train Loss: 1.3576
Averaged Test Accuracy: 0.4920
Averaged Test AUC: 0.8649
Std Test Accuracy: 0.1356
Std Test AUC: 0.0353

--- Round 341/500 ---
Averaged Train Loss: 1.3386
Averaged Test Accuracy: 0.5013
Averaged Test AUC: 0.8666
Std Test Accuracy: 0.1345
Std Test AUC: 0.0329

--- Round 342/500 ---
Averaged Train Loss: 1.3639
Averaged Test Accuracy: 0.4910
Averaged Test AUC: 0.8637
Std Test Accuracy: 0.1458
Std Test AUC: 0.0379

--- Round 343/500 ---
Averaged Train Loss: 1.3531
Averaged Test Accuracy: 0.4996
Averaged Test AUC: 0.8657
Std Test Accuracy: 0.1615
Std Test AUC: 0.0489

--- Round 344/500 ---
Averaged Train Loss: 1.3468
Averaged Test Accuracy: 0.5030
Averaged Test AUC: 0.8667
Std Test Accuracy: 0.1523
Std Test AUC: 0.0479

--- Round 345/500 ---
Averaged Train Loss: 1.3506
Averaged Test Accuracy: 0.4994
Averaged Test AUC: 0.8664
Std Test Accuracy: 0.1582
Std Test AUC: 0.0504

--- Round 346/500 ---
Averaged Train Loss: 1.3096
Averaged Test Accuracy: 0.5190
Averaged Test AUC: 0.8695
Std Test Accuracy: 0.1131
Std Test AUC: 0.0310

--- Round 347/500 ---
Averaged Train Loss: 1.3817
Averaged Test Accuracy: 0.4960
Averaged Test AUC: 0.8613
Std Test Accuracy: 0.1349
Std Test AUC: 0.0468

--- Round 348/500 ---
Averaged Train Loss: 1.3036
Averaged Test Accuracy: 0.5213
Averaged Test AUC: 0.8702
Std Test Accuracy: 0.1136
Std Test AUC: 0.0316

--- Round 349/500 ---
Averaged Train Loss: 1.3303
Averaged Test Accuracy: 0.5027
Averaged Test AUC: 0.8667
Std Test Accuracy: 0.1582
Std Test AUC: 0.0441

--- Round 350/500 ---
Averaged Train Loss: 1.3160
Averaged Test Accuracy: 0.5142
Averaged Test AUC: 0.8682
Std Test Accuracy: 0.1081
Std Test AUC: 0.0288

--- Round 351/500 ---
Averaged Train Loss: 1.3309
Averaged Test Accuracy: 0.5093
Averaged Test AUC: 0.8682
Std Test Accuracy: 0.1557
Std Test AUC: 0.0434

--- Round 352/500 ---
Averaged Train Loss: 1.3558
Averaged Test Accuracy: 0.5002
Averaged Test AUC: 0.8671
Std Test Accuracy: 0.1646
Std Test AUC: 0.0450

--- Round 353/500 ---
Averaged Train Loss: 1.4229
Averaged Test Accuracy: 0.4847
Averaged Test AUC: 0.8551
Std Test Accuracy: 0.1548
Std Test AUC: 0.0586

--- Round 354/500 ---
Averaged Train Loss: 1.3136
Averaged Test Accuracy: 0.5180
Averaged Test AUC: 0.8705
Std Test Accuracy: 0.1275
Std Test AUC: 0.0383

--- Round 355/500 ---
Averaged Train Loss: 1.3510
Averaged Test Accuracy: 0.4967
Averaged Test AUC: 0.8642
Std Test Accuracy: 0.1518
Std Test AUC: 0.0440

--- Round 356/500 ---
Averaged Train Loss: 1.2996
Averaged Test Accuracy: 0.5226
Averaged Test AUC: 0.8720
Std Test Accuracy: 0.1205
Std Test AUC: 0.0323

--- Round 357/500 ---
Averaged Train Loss: 1.3514
Averaged Test Accuracy: 0.5029
Averaged Test AUC: 0.8668
Std Test Accuracy: 0.1783
Std Test AUC: 0.0515

--- Round 358/500 ---
Averaged Train Loss: 1.3771
Averaged Test Accuracy: 0.4906
Averaged Test AUC: 0.8652
Std Test Accuracy: 0.1714
Std Test AUC: 0.0443

--- Round 359/500 ---
Averaged Train Loss: 1.3117
Averaged Test Accuracy: 0.5142
Averaged Test AUC: 0.8700
Std Test Accuracy: 0.1567
Std Test AUC: 0.0476

--- Round 360/500 ---
Averaged Train Loss: 1.3324
Averaged Test Accuracy: 0.5096
Averaged Test AUC: 0.8661
Std Test Accuracy: 0.1356
Std Test AUC: 0.0380

--- Round 361/500 ---
Averaged Train Loss: 1.3246
Averaged Test Accuracy: 0.5122
Averaged Test AUC: 0.8698
Std Test Accuracy: 0.1411
Std Test AUC: 0.0397

--- Round 362/500 ---
Averaged Train Loss: 1.4762
Averaged Test Accuracy: 0.4499
Averaged Test AUC: 0.8551
Std Test Accuracy: 0.1858
Std Test AUC: 0.0519

--- Round 363/500 ---
Averaged Train Loss: 1.3488
Averaged Test Accuracy: 0.5010
Averaged Test AUC: 0.8678
Std Test Accuracy: 0.1751
Std Test AUC: 0.0449

--- Round 364/500 ---
Averaged Train Loss: 1.3271
Averaged Test Accuracy: 0.5077
Averaged Test AUC: 0.8678
Std Test Accuracy: 0.1635
Std Test AUC: 0.0518

--- Round 365/500 ---
Averaged Train Loss: 1.3626
Averaged Test Accuracy: 0.5005
Averaged Test AUC: 0.8631
Std Test Accuracy: 0.1310
Std Test AUC: 0.0428

--- Round 366/500 ---
Averaged Train Loss: 1.3018
Averaged Test Accuracy: 0.5218
Averaged Test AUC: 0.8710
Std Test Accuracy: 0.1087
Std Test AUC: 0.0265

--- Round 367/500 ---
Averaged Train Loss: 1.3379
Averaged Test Accuracy: 0.5082
Averaged Test AUC: 0.8654
Std Test Accuracy: 0.1595
Std Test AUC: 0.0474

--- Round 368/500 ---
Averaged Train Loss: 1.3883
Averaged Test Accuracy: 0.4776
Averaged Test AUC: 0.8636
Std Test Accuracy: 0.1719
Std Test AUC: 0.0449

--- Round 369/500 ---
Averaged Train Loss: 1.3128
Averaged Test Accuracy: 0.5140
Averaged Test AUC: 0.8712
Std Test Accuracy: 0.1338
Std Test AUC: 0.0397

--- Round 370/500 ---
Averaged Train Loss: 1.3256
Averaged Test Accuracy: 0.5086
Averaged Test AUC: 0.8677
Std Test Accuracy: 0.1013
Std Test AUC: 0.0279

--- Round 371/500 ---
Averaged Train Loss: 1.3920
Averaged Test Accuracy: 0.4727
Averaged Test AUC: 0.8612
Std Test Accuracy: 0.1384
Std Test AUC: 0.0388

--- Round 372/500 ---
Averaged Train Loss: 1.3414
Averaged Test Accuracy: 0.5099
Averaged Test AUC: 0.8645
Std Test Accuracy: 0.1536
Std Test AUC: 0.0481

--- Round 373/500 ---
Averaged Train Loss: 1.3164
Averaged Test Accuracy: 0.5134
Averaged Test AUC: 0.8688
Std Test Accuracy: 0.1133
Std Test AUC: 0.0286

--- Round 374/500 ---
Averaged Train Loss: 1.3155
Averaged Test Accuracy: 0.5107
Averaged Test AUC: 0.8679
Std Test Accuracy: 0.1115
Std Test AUC: 0.0317

--- Round 375/500 ---
Averaged Train Loss: 1.3067
Averaged Test Accuracy: 0.5191
Averaged Test AUC: 0.8704
Std Test Accuracy: 0.1367
Std Test AUC: 0.0414

--- Round 376/500 ---
Averaged Train Loss: 1.3773
Averaged Test Accuracy: 0.4922
Averaged Test AUC: 0.8625
Std Test Accuracy: 0.1437
Std Test AUC: 0.0470

--- Round 377/500 ---
Averaged Train Loss: 1.3314
Averaged Test Accuracy: 0.5071
Averaged Test AUC: 0.8675
Std Test Accuracy: 0.1549
Std Test AUC: 0.0439

--- Round 378/500 ---
Averaged Train Loss: 1.3533
Averaged Test Accuracy: 0.4935
Averaged Test AUC: 0.8650
Std Test Accuracy: 0.1342
Std Test AUC: 0.0302

--- Round 379/500 ---
Averaged Train Loss: 1.3014
Averaged Test Accuracy: 0.5198
Averaged Test AUC: 0.8717
Std Test Accuracy: 0.1505
Std Test AUC: 0.0398

--- Round 380/500 ---
Averaged Train Loss: 1.3784
Averaged Test Accuracy: 0.4910
Averaged Test AUC: 0.8656
Std Test Accuracy: 0.1725
Std Test AUC: 0.0445

--- Round 381/500 ---
Averaged Train Loss: 1.3848
Averaged Test Accuracy: 0.4854
Averaged Test AUC: 0.8637
Std Test Accuracy: 0.1556
Std Test AUC: 0.0426

--- Round 382/500 ---
Averaged Train Loss: 1.3303
Averaged Test Accuracy: 0.5069
Averaged Test AUC: 0.8694
Std Test Accuracy: 0.1766
Std Test AUC: 0.0469

--- Round 383/500 ---
Averaged Train Loss: 1.3312
Averaged Test Accuracy: 0.5110
Averaged Test AUC: 0.8661
Std Test Accuracy: 0.1606
Std Test AUC: 0.0536

--- Round 384/500 ---
Averaged Train Loss: 1.3752
Averaged Test Accuracy: 0.4858
Averaged Test AUC: 0.8636
Std Test Accuracy: 0.1662
Std Test AUC: 0.0473

--- Round 385/500 ---
Averaged Train Loss: 1.3466
Averaged Test Accuracy: 0.4964
Averaged Test AUC: 0.8666
Std Test Accuracy: 0.1640
Std Test AUC: 0.0406

--- Round 386/500 ---
Averaged Train Loss: 1.2839
Averaged Test Accuracy: 0.5273
Averaged Test AUC: 0.8735
Std Test Accuracy: 0.1198
Std Test AUC: 0.0334

--- Round 387/500 ---
Averaged Train Loss: 1.3341
Averaged Test Accuracy: 0.5047
Averaged Test AUC: 0.8668
Std Test Accuracy: 0.1593
Std Test AUC: 0.0461

--- Round 388/500 ---
Averaged Train Loss: 1.3787
Averaged Test Accuracy: 0.4945
Averaged Test AUC: 0.8613
Std Test Accuracy: 0.1564
Std Test AUC: 0.0549

--- Round 389/500 ---
Averaged Train Loss: 1.3063
Averaged Test Accuracy: 0.5168
Averaged Test AUC: 0.8700
Std Test Accuracy: 0.1266
Std Test AUC: 0.0383

--- Round 390/500 ---
Averaged Train Loss: 1.3096
Averaged Test Accuracy: 0.5158
Averaged Test AUC: 0.8709
Std Test Accuracy: 0.1169
Std Test AUC: 0.0319

--- Round 391/500 ---
Averaged Train Loss: 1.3582
Averaged Test Accuracy: 0.5000
Averaged Test AUC: 0.8642
Std Test Accuracy: 0.1260
Std Test AUC: 0.0446

--- Round 392/500 ---
Averaged Train Loss: 1.2795
Averaged Test Accuracy: 0.5283
Averaged Test AUC: 0.8741
Std Test Accuracy: 0.1267
Std Test AUC: 0.0338

--- Round 393/500 ---
Averaged Train Loss: 1.3066
Averaged Test Accuracy: 0.5128
Averaged Test AUC: 0.8704
Std Test Accuracy: 0.1305
Std Test AUC: 0.0308

--- Round 394/500 ---
Averaged Train Loss: 1.3480
Averaged Test Accuracy: 0.4958
Averaged Test AUC: 0.8679
Std Test Accuracy: 0.1428
Std Test AUC: 0.0354

--- Round 395/500 ---
Averaged Train Loss: 1.3142
Averaged Test Accuracy: 0.5150
Averaged Test AUC: 0.8705
Std Test Accuracy: 0.1676
Std Test AUC: 0.0442

--- Round 396/500 ---
Averaged Train Loss: 1.3208
Averaged Test Accuracy: 0.5092
Averaged Test AUC: 0.8698
Std Test Accuracy: 0.1458
Std Test AUC: 0.0366

--- Round 397/500 ---
Averaged Train Loss: 1.3160
Averaged Test Accuracy: 0.5069
Averaged Test AUC: 0.8707
Std Test Accuracy: 0.1331
Std Test AUC: 0.0347

--- Round 398/500 ---
Averaged Train Loss: 1.3872
Averaged Test Accuracy: 0.4874
Averaged Test AUC: 0.8616
Std Test Accuracy: 0.1819
Std Test AUC: 0.0524

--- Round 399/500 ---
Averaged Train Loss: 1.3182
Averaged Test Accuracy: 0.5134
Averaged Test AUC: 0.8703
Std Test Accuracy: 0.1618
Std Test AUC: 0.0443

--- Round 400/500 ---
Averaged Train Loss: 1.3235
Averaged Test Accuracy: 0.5086
Averaged Test AUC: 0.8687
Std Test Accuracy: 0.1632
Std Test AUC: 0.0560

--- Round 401/500 ---
Averaged Train Loss: 1.3218
Averaged Test Accuracy: 0.5115
Averaged Test AUC: 0.8697
Std Test Accuracy: 0.1252
Std Test AUC: 0.0356

--- Round 402/500 ---
Averaged Train Loss: 1.3179
Averaged Test Accuracy: 0.5088
Averaged Test AUC: 0.8684
Std Test Accuracy: 0.1398
Std Test AUC: 0.0389

--- Round 403/500 ---
Averaged Train Loss: 1.2917
Averaged Test Accuracy: 0.5223
Averaged Test AUC: 0.8703
Std Test Accuracy: 0.1239
Std Test AUC: 0.0388

--- Round 404/500 ---
Averaged Train Loss: 1.3620
Averaged Test Accuracy: 0.4963
Averaged Test AUC: 0.8674
Std Test Accuracy: 0.2030
Std Test AUC: 0.0578

--- Round 405/500 ---
Averaged Train Loss: 1.3181
Averaged Test Accuracy: 0.5112
Averaged Test AUC: 0.8715
Std Test Accuracy: 0.1746
Std Test AUC: 0.0480

--- Round 406/500 ---
Averaged Train Loss: 1.2922
Averaged Test Accuracy: 0.5236
Averaged Test AUC: 0.8729
Std Test Accuracy: 0.1440
Std Test AUC: 0.0428

--- Round 407/500 ---
Averaged Train Loss: 1.3741
Averaged Test Accuracy: 0.4870
Averaged Test AUC: 0.8631
Std Test Accuracy: 0.1671
Std Test AUC: 0.0496

--- Round 408/500 ---
Averaged Train Loss: 1.3346
Averaged Test Accuracy: 0.5086
Averaged Test AUC: 0.8688
Std Test Accuracy: 0.1393
Std Test AUC: 0.0419

--- Round 409/500 ---
Averaged Train Loss: 1.2975
Averaged Test Accuracy: 0.5165
Averaged Test AUC: 0.8718
Std Test Accuracy: 0.1296
Std Test AUC: 0.0331

--- Round 410/500 ---
Averaged Train Loss: 1.3194
Averaged Test Accuracy: 0.5093
Averaged Test AUC: 0.8707
Std Test Accuracy: 0.1664
Std Test AUC: 0.0417

--- Round 411/500 ---
Averaged Train Loss: 1.3067
Averaged Test Accuracy: 0.5205
Averaged Test AUC: 0.8710
Std Test Accuracy: 0.1414
Std Test AUC: 0.0416

--- Round 412/500 ---
Averaged Train Loss: 1.3466
Averaged Test Accuracy: 0.5004
Averaged Test AUC: 0.8673
Std Test Accuracy: 0.1542
Std Test AUC: 0.0416

--- Round 413/500 ---
Averaged Train Loss: 1.3236
Averaged Test Accuracy: 0.5079
Averaged Test AUC: 0.8684
Std Test Accuracy: 0.1358
Std Test AUC: 0.0358

--- Round 414/500 ---
Averaged Train Loss: 1.2745
Averaged Test Accuracy: 0.5289
Averaged Test AUC: 0.8744
Std Test Accuracy: 0.1446
Std Test AUC: 0.0385

--- Round 415/500 ---
Averaged Train Loss: 1.3000
Averaged Test Accuracy: 0.5179
Averaged Test AUC: 0.8723
Std Test Accuracy: 0.1190
Std Test AUC: 0.0310

--- Round 416/500 ---
Averaged Train Loss: 1.3507
Averaged Test Accuracy: 0.4947
Averaged Test AUC: 0.8644
Std Test Accuracy: 0.1529
Std Test AUC: 0.0466

--- Round 417/500 ---
Averaged Train Loss: 1.4026
Averaged Test Accuracy: 0.4842
Averaged Test AUC: 0.8605
Std Test Accuracy: 0.1945
Std Test AUC: 0.0562

--- Round 418/500 ---
Averaged Train Loss: 1.3030
Averaged Test Accuracy: 0.5214
Averaged Test AUC: 0.8691
Std Test Accuracy: 0.1231
Std Test AUC: 0.0372

--- Round 419/500 ---
Averaged Train Loss: 1.3056
Averaged Test Accuracy: 0.5130
Averaged Test AUC: 0.8692
Std Test Accuracy: 0.1077
Std Test AUC: 0.0289

--- Round 420/500 ---
Averaged Train Loss: 1.2840
Averaged Test Accuracy: 0.5243
Averaged Test AUC: 0.8741
Std Test Accuracy: 0.1294
Std Test AUC: 0.0361

--- Round 421/500 ---
Averaged Train Loss: 1.3389
Averaged Test Accuracy: 0.5053
Averaged Test AUC: 0.8700
Std Test Accuracy: 0.1636
Std Test AUC: 0.0438

--- Round 422/500 ---
Averaged Train Loss: 1.3521
Averaged Test Accuracy: 0.4996
Averaged Test AUC: 0.8650
Std Test Accuracy: 0.1314
Std Test AUC: 0.0328

--- Round 423/500 ---
Averaged Train Loss: 1.3384
Averaged Test Accuracy: 0.5059
Averaged Test AUC: 0.8674
Std Test Accuracy: 0.1807
Std Test AUC: 0.0472

--- Round 424/500 ---
Averaged Train Loss: 1.3249
Averaged Test Accuracy: 0.5104
Averaged Test AUC: 0.8700
Std Test Accuracy: 0.1441
Std Test AUC: 0.0401

--- Round 425/500 ---
Averaged Train Loss: 1.3753
Averaged Test Accuracy: 0.4876
Averaged Test AUC: 0.8682
Std Test Accuracy: 0.1438
Std Test AUC: 0.0397

--- Round 426/500 ---
Averaged Train Loss: 1.3080
Averaged Test Accuracy: 0.5182
Averaged Test AUC: 0.8714
Std Test Accuracy: 0.1547
Std Test AUC: 0.0438

--- Round 427/500 ---
Averaged Train Loss: 1.2850
Averaged Test Accuracy: 0.5253
Averaged Test AUC: 0.8745
Std Test Accuracy: 0.1611
Std Test AUC: 0.0388

--- Round 428/500 ---
Averaged Train Loss: 1.3079
Averaged Test Accuracy: 0.5181
Averaged Test AUC: 0.8696
Std Test Accuracy: 0.1425
Std Test AUC: 0.0487

--- Round 429/500 ---
Averaged Train Loss: 1.2713
Averaged Test Accuracy: 0.5300
Averaged Test AUC: 0.8754
Std Test Accuracy: 0.1429
Std Test AUC: 0.0368

--- Round 430/500 ---
Averaged Train Loss: 1.3011
Averaged Test Accuracy: 0.5117
Averaged Test AUC: 0.8722
Std Test Accuracy: 0.1546
Std Test AUC: 0.0416

--- Round 431/500 ---
Averaged Train Loss: 1.3208
Averaged Test Accuracy: 0.5064
Averaged Test AUC: 0.8684
Std Test Accuracy: 0.1326
Std Test AUC: 0.0366

--- Round 432/500 ---
Averaged Train Loss: 1.3980
Averaged Test Accuracy: 0.4736
Averaged Test AUC: 0.8626
Std Test Accuracy: 0.1754
Std Test AUC: 0.0504

--- Round 433/500 ---
Averaged Train Loss: 1.3060
Averaged Test Accuracy: 0.5184
Averaged Test AUC: 0.8725
Std Test Accuracy: 0.1603
Std Test AUC: 0.0426

--- Round 434/500 ---
Averaged Train Loss: 1.2776
Averaged Test Accuracy: 0.5286
Averaged Test AUC: 0.8751
Std Test Accuracy: 0.1343
Std Test AUC: 0.0362

--- Round 435/500 ---
Averaged Train Loss: 1.2814
Averaged Test Accuracy: 0.5249
Averaged Test AUC: 0.8717
Std Test Accuracy: 0.1433
Std Test AUC: 0.0454

--- Round 436/500 ---
Averaged Train Loss: 1.3594
Averaged Test Accuracy: 0.4999
Averaged Test AUC: 0.8646
Std Test Accuracy: 0.1536
Std Test AUC: 0.0499

--- Round 437/500 ---
Averaged Train Loss: 1.2676
Averaged Test Accuracy: 0.5337
Averaged Test AUC: 0.8747
Std Test Accuracy: 0.1182
Std Test AUC: 0.0302

--- Round 438/500 ---
Averaged Train Loss: 1.2879
Averaged Test Accuracy: 0.5178
Averaged Test AUC: 0.8719
Std Test Accuracy: 0.1351
Std Test AUC: 0.0380

--- Round 439/500 ---
Averaged Train Loss: 1.3066
Averaged Test Accuracy: 0.5132
Averaged Test AUC: 0.8718
Std Test Accuracy: 0.1403
Std Test AUC: 0.0370

--- Round 440/500 ---
Averaged Train Loss: 1.2650
Averaged Test Accuracy: 0.5304
Averaged Test AUC: 0.8753
Std Test Accuracy: 0.1105
Std Test AUC: 0.0277

--- Round 441/500 ---
Averaged Train Loss: 1.3053
Averaged Test Accuracy: 0.5169
Averaged Test AUC: 0.8712
Std Test Accuracy: 0.1689
Std Test AUC: 0.0492

--- Round 442/500 ---
Averaged Train Loss: 1.2916
Averaged Test Accuracy: 0.5226
Averaged Test AUC: 0.8718
Std Test Accuracy: 0.1561
Std Test AUC: 0.0490

--- Round 443/500 ---
Averaged Train Loss: 1.3494
Averaged Test Accuracy: 0.5003
Averaged Test AUC: 0.8678
Std Test Accuracy: 0.1789
Std Test AUC: 0.0475

--- Round 444/500 ---
Averaged Train Loss: 1.2900
Averaged Test Accuracy: 0.5275
Averaged Test AUC: 0.8748
Std Test Accuracy: 0.1413
Std Test AUC: 0.0371

--- Round 445/500 ---
Averaged Train Loss: 1.2714
Averaged Test Accuracy: 0.5303
Averaged Test AUC: 0.8744
Std Test Accuracy: 0.1200
Std Test AUC: 0.0357

--- Round 446/500 ---
Averaged Train Loss: 1.3352
Averaged Test Accuracy: 0.5077
Averaged Test AUC: 0.8684
Std Test Accuracy: 0.1440
Std Test AUC: 0.0477

--- Round 447/500 ---
Averaged Train Loss: 1.2598
Averaged Test Accuracy: 0.5379
Averaged Test AUC: 0.8769
Std Test Accuracy: 0.1350
Std Test AUC: 0.0383

--- Round 448/500 ---
Averaged Train Loss: 1.2938
Averaged Test Accuracy: 0.5223
Averaged Test AUC: 0.8712
Std Test Accuracy: 0.1233
Std Test AUC: 0.0383

--- Round 449/500 ---
Averaged Train Loss: 1.2873
Averaged Test Accuracy: 0.5227
Averaged Test AUC: 0.8734
Std Test Accuracy: 0.1492
Std Test AUC: 0.0413

--- Round 450/500 ---
Averaged Train Loss: 1.3248
Averaged Test Accuracy: 0.5065
Averaged Test AUC: 0.8722
Std Test Accuracy: 0.1397
Std Test AUC: 0.0339

--- Round 451/500 ---
Averaged Train Loss: 1.3783
Averaged Test Accuracy: 0.4890
Averaged Test AUC: 0.8632
Std Test Accuracy: 0.1806
Std Test AUC: 0.0509

--- Round 452/500 ---
Averaged Train Loss: 1.3776
Averaged Test Accuracy: 0.4900
Averaged Test AUC: 0.8620
Std Test Accuracy: 0.1569
Std Test AUC: 0.0474

--- Round 453/500 ---
Averaged Train Loss: 1.2763
Averaged Test Accuracy: 0.5278
Averaged Test AUC: 0.8750
Std Test Accuracy: 0.1379
Std Test AUC: 0.0341

--- Round 454/500 ---
Averaged Train Loss: 1.3379
Averaged Test Accuracy: 0.5087
Averaged Test AUC: 0.8676
Std Test Accuracy: 0.1422
Std Test AUC: 0.0448

--- Round 455/500 ---
Averaged Train Loss: 1.2762
Averaged Test Accuracy: 0.5301
Averaged Test AUC: 0.8747
Std Test Accuracy: 0.1459
Std Test AUC: 0.0437

--- Round 456/500 ---
Averaged Train Loss: 1.3626
Averaged Test Accuracy: 0.4899
Averaged Test AUC: 0.8673
Std Test Accuracy: 0.1750
Std Test AUC: 0.0472

--- Round 457/500 ---
Averaged Train Loss: 1.3909
Averaged Test Accuracy: 0.4792
Averaged Test AUC: 0.8661
Std Test Accuracy: 0.1776
Std Test AUC: 0.0474

--- Round 458/500 ---
Averaged Train Loss: 1.2903
Averaged Test Accuracy: 0.5207
Averaged Test AUC: 0.8745
Std Test Accuracy: 0.1399
Std Test AUC: 0.0424

--- Round 459/500 ---
Averaged Train Loss: 1.2876
Averaged Test Accuracy: 0.5239
Averaged Test AUC: 0.8721
Std Test Accuracy: 0.1230
Std Test AUC: 0.0388

--- Round 460/500 ---
Averaged Train Loss: 1.2880
Averaged Test Accuracy: 0.5220
Averaged Test AUC: 0.8731
Std Test Accuracy: 0.1529
Std Test AUC: 0.0451

--- Round 461/500 ---
Averaged Train Loss: 1.2723
Averaged Test Accuracy: 0.5272
Averaged Test AUC: 0.8753
Std Test Accuracy: 0.1271
Std Test AUC: 0.0307

--- Round 462/500 ---
Averaged Train Loss: 1.3107
Averaged Test Accuracy: 0.5164
Averaged Test AUC: 0.8709
Std Test Accuracy: 0.1734
Std Test AUC: 0.0549

--- Round 463/500 ---
Averaged Train Loss: 1.3188
Averaged Test Accuracy: 0.5149
Averaged Test AUC: 0.8709
Std Test Accuracy: 0.1636
Std Test AUC: 0.0513

--- Round 464/500 ---
Averaged Train Loss: 1.2835
Averaged Test Accuracy: 0.5292
Averaged Test AUC: 0.8750
Std Test Accuracy: 0.1264
Std Test AUC: 0.0378

--- Round 465/500 ---
Averaged Train Loss: 1.2972
Averaged Test Accuracy: 0.5196
Averaged Test AUC: 0.8720
Std Test Accuracy: 0.1579
Std Test AUC: 0.0453

--- Round 466/500 ---
Averaged Train Loss: 1.3304
Averaged Test Accuracy: 0.5060
Averaged Test AUC: 0.8674
Std Test Accuracy: 0.1312
Std Test AUC: 0.0392

--- Round 467/500 ---
Averaged Train Loss: 1.2983
Averaged Test Accuracy: 0.5135
Averaged Test AUC: 0.8719
Std Test Accuracy: 0.1224
Std Test AUC: 0.0292

--- Round 468/500 ---
Averaged Train Loss: 1.2980
Averaged Test Accuracy: 0.5195
Averaged Test AUC: 0.8723
Std Test Accuracy: 0.1556
Std Test AUC: 0.0431

--- Round 469/500 ---
Averaged Train Loss: 1.2939
Averaged Test Accuracy: 0.5189
Averaged Test AUC: 0.8728
Std Test Accuracy: 0.1653
Std Test AUC: 0.0514

--- Round 470/500 ---
Averaged Train Loss: 1.4023
Averaged Test Accuracy: 0.4841
Averaged Test AUC: 0.8632
Std Test Accuracy: 0.1675
Std Test AUC: 0.0552

--- Round 471/500 ---
Averaged Train Loss: 1.2681
Averaged Test Accuracy: 0.5267
Averaged Test AUC: 0.8753
Std Test Accuracy: 0.1362
Std Test AUC: 0.0377

--- Round 472/500 ---
Averaged Train Loss: 1.2766
Averaged Test Accuracy: 0.5263
Averaged Test AUC: 0.8732
Std Test Accuracy: 0.1320
Std Test AUC: 0.0373

--- Round 473/500 ---
Averaged Train Loss: 1.3022
Averaged Test Accuracy: 0.5204
Averaged Test AUC: 0.8717
Std Test Accuracy: 0.1533
Std Test AUC: 0.0398

--- Round 474/500 ---
Averaged Train Loss: 1.3240
Averaged Test Accuracy: 0.5096
Averaged Test AUC: 0.8721
Std Test Accuracy: 0.1375
Std Test AUC: 0.0354

--- Round 475/500 ---
Averaged Train Loss: 1.2828
Averaged Test Accuracy: 0.5239
Averaged Test AUC: 0.8752
Std Test Accuracy: 0.1531
Std Test AUC: 0.0345

--- Round 476/500 ---
Averaged Train Loss: 1.2843
Averaged Test Accuracy: 0.5185
Averaged Test AUC: 0.8723
Std Test Accuracy: 0.1157
Std Test AUC: 0.0280

--- Round 477/500 ---
Averaged Train Loss: 1.3080
Averaged Test Accuracy: 0.5187
Averaged Test AUC: 0.8719
Std Test Accuracy: 0.1460
Std Test AUC: 0.0449

--- Round 478/500 ---
Averaged Train Loss: 1.3307
Averaged Test Accuracy: 0.5077
Averaged Test AUC: 0.8697
Std Test Accuracy: 0.1545
Std Test AUC: 0.0402

--- Round 479/500 ---
Averaged Train Loss: 1.2740
Averaged Test Accuracy: 0.5285
Averaged Test AUC: 0.8747
Std Test Accuracy: 0.1611
Std Test AUC: 0.0414

--- Round 480/500 ---
Averaged Train Loss: 1.3210
Averaged Test Accuracy: 0.5025
Averaged Test AUC: 0.8709
Std Test Accuracy: 0.1606
Std Test AUC: 0.0401

--- Round 481/500 ---
Averaged Train Loss: 1.2800
Averaged Test Accuracy: 0.5245
Averaged Test AUC: 0.8752
Std Test Accuracy: 0.1627
Std Test AUC: 0.0450

--- Round 482/500 ---
Averaged Train Loss: 1.3267
Averaged Test Accuracy: 0.5119
Averaged Test AUC: 0.8697
Std Test Accuracy: 0.1406
Std Test AUC: 0.0434

--- Round 483/500 ---
Averaged Train Loss: 1.2566
Averaged Test Accuracy: 0.5350
Averaged Test AUC: 0.8767
Std Test Accuracy: 0.1266
Std Test AUC: 0.0322

--- Round 484/500 ---
Averaged Train Loss: 1.2982
Averaged Test Accuracy: 0.5196
Averaged Test AUC: 0.8729
Std Test Accuracy: 0.1410
Std Test AUC: 0.0338

--- Round 485/500 ---
Averaged Train Loss: 1.2753
Averaged Test Accuracy: 0.5267
Averaged Test AUC: 0.8723
Std Test Accuracy: 0.1284
Std Test AUC: 0.0395

--- Round 486/500 ---
Averaged Train Loss: 1.3192
Averaged Test Accuracy: 0.5122
Averaged Test AUC: 0.8696
Std Test Accuracy: 0.1751
Std Test AUC: 0.0470

--- Round 487/500 ---
Averaged Train Loss: 1.2623
Averaged Test Accuracy: 0.5319
Averaged Test AUC: 0.8750
Std Test Accuracy: 0.1266
Std Test AUC: 0.0335

--- Round 488/500 ---
Averaged Train Loss: 1.2723
Averaged Test Accuracy: 0.5281
Averaged Test AUC: 0.8736
Std Test Accuracy: 0.1090
Std Test AUC: 0.0301

--- Round 489/500 ---
Averaged Train Loss: 1.2407
Averaged Test Accuracy: 0.5398
Averaged Test AUC: 0.8784
Std Test Accuracy: 0.1168
Std Test AUC: 0.0277

--- Round 490/500 ---
Averaged Train Loss: 1.3342
Averaged Test Accuracy: 0.5105
Averaged Test AUC: 0.8687
Std Test Accuracy: 0.1660
Std Test AUC: 0.0463

--- Round 491/500 ---
Averaged Train Loss: 1.2705
Averaged Test Accuracy: 0.5305
Averaged Test AUC: 0.8755
Std Test Accuracy: 0.1415
Std Test AUC: 0.0433

--- Round 492/500 ---
Averaged Train Loss: 1.2808
Averaged Test Accuracy: 0.5257
Averaged Test AUC: 0.8737
Std Test Accuracy: 0.1600
Std Test AUC: 0.0494

--- Round 493/500 ---
Averaged Train Loss: 1.3146
Averaged Test Accuracy: 0.5057
Averaged Test AUC: 0.8706
Std Test Accuracy: 0.1469
Std Test AUC: 0.0370

--- Round 494/500 ---
Averaged Train Loss: 1.2624
Averaged Test Accuracy: 0.5339
Averaged Test AUC: 0.8768
Std Test Accuracy: 0.1367
Std Test AUC: 0.0353

--- Round 495/500 ---
Averaged Train Loss: 1.3009
Averaged Test Accuracy: 0.5166
Averaged Test AUC: 0.8739
Std Test Accuracy: 0.1808
Std Test AUC: 0.0441

--- Round 496/500 ---
Averaged Train Loss: 1.2632
Averaged Test Accuracy: 0.5304
Averaged Test AUC: 0.8749
Std Test Accuracy: 0.1437
Std Test AUC: 0.0432

--- Round 497/500 ---
Averaged Train Loss: 1.2775
Averaged Test Accuracy: 0.5259
Averaged Test AUC: 0.8761
Std Test Accuracy: 0.1362
Std Test AUC: 0.0376

--- Round 498/500 ---
Averaged Train Loss: 1.2482
Averaged Test Accuracy: 0.5381
Averaged Test AUC: 0.8782
Std Test Accuracy: 0.1417
Std Test AUC: 0.0366

--- Round 499/500 ---
Averaged Train Loss: 1.3369
Averaged Test Accuracy: 0.5067
Averaged Test AUC: 0.8686
Std Test Accuracy: 0.1522
Std Test AUC: 0.0490

--- Round 500/500 ---
Averaged Train Loss: 1.3140
Averaged Test Accuracy: 0.4997
Averaged Test AUC: 0.8702
Std Test Accuracy: 0.1272
Std Test AUC: 0.0299

========== Training Complete ==========
Best Test Accuracy: 0.5397817988291644
File path: ../results/Cifar10_FedEntPlusSmooth_smooth_trial01_0060_0.h5

Average time cost: 1889.71s.
Length:  501
std for best accuracy: 0.0
mean for best accuracy: 0.5397817988291644
All done!

Storage on cuda:0
-------------------------------------------------------------------------------
Total Tensors: 205577892 	Used Memory: 563.23M
The allocated memory on cuda:0: 581.35M
Memory differs due to the matrix alignment or invisible gradient buffer tensors
-------------------------------------------------------------------------------
