==================================================
goal = smooth_trial01_0093
device = cuda
device_id = 0
dataset = Cifar10
num_classes = 10
model = CNN
batch_size = 64
local_learning_rate = 0.01
learning_rate_decay = True
learning_rate_decay_gamma = 0.98
global_rounds = 500
top_cnt = 100
local_epochs = 5
algorithm = FedEntPlusSmooth
join_ratio = 0.1
random_join_ratio = False
num_clients = 100
prev = 0
times = 1
eval_gap = 1
save_folder_name = items
auto_break = False
dlg_eval = False
dlg_gap = 100
batch_num_per_client = 2
num_new_clients = 0
fine_tuning_epoch_new = 0
feature_dim = 512
vocab_size = 32000
max_len = 200
client_drop_rate = 0.0
train_slow_rate = 0.0
send_slow_rate = 0.0
time_select = False
time_threthold = 10000
beta = 0.0
lamda = 1.0
mu = 0.0
K = 5
p_learning_rate = 0.01
M = 5
itk = 4000
alphaK = 1.0
sigma = 1.0
alpha = 1.0
plocal_epochs = 1
tau = 1.0
fine_tuning_epochs = 10
dr_learning_rate = 0.0
L = 1.0
noise_dim = 512
generator_learning_rate = 0.005
hidden_dim = 512
server_epochs = 1000
localize_feature_extractor = False
server_learning_rate = 1.0
eta = 1.0
rand_percent = 80
layer_idx = 2
mentee_learning_rate = 0.005
T_start = 0.95
T_end = 0.98
momentum = 0.9
kl_weight = 0.0
buffer_size = 0
dp_epsilon = 0.0
H_min = None
alpha_vp = 0.0
enable_dynamic_param = False
log_fedent = False
log_filename = None
dynamic_config_path = /home/john/PFLlib/system/auto_configs/smooth_trial01_0093.json
==================================================

============= Running time: 0th =============
Creating server and clients ...
FedAvgCNN(
  (conv1): Sequential(
    (0): Conv2d(3, 32, kernel_size=(5, 5), stride=(1, 1))
    (1): ReLU(inplace=True)
    (2): MaxPool2d(kernel_size=(2, 2), stride=(2, 2), padding=0, dilation=1, ceil_mode=False)
  )
  (conv2): Sequential(
    (0): Conv2d(32, 64, kernel_size=(5, 5), stride=(1, 1))
    (1): ReLU(inplace=True)
    (2): MaxPool2d(kernel_size=(2, 2), stride=(2, 2), padding=0, dilation=1, ceil_mode=False)
  )
  (fc1): Sequential(
    (0): Linear(in_features=1600, out_features=512, bias=True)
    (1): ReLU(inplace=True)
  )
  (fc): Linear(in_features=512, out_features=10, bias=True)
)

Join ratio / total clients: 0.1 / 100
Finished creating server and clients.

--- Round 0/500 ---
Averaged Train Loss: 2.3038
Averaged Test Accuracy: 0.0928
Averaged Test AUC: 0.4894
Std Test Accuracy: 0.1434
Std Test AUC: 0.2233

--- Round 1/500 ---
Averaged Train Loss: 2.3057
Averaged Test Accuracy: 0.1056
Averaged Test AUC: 0.5218
Std Test Accuracy: 0.2077
Std Test AUC: 0.2287

--- Round 2/500 ---
Averaged Train Loss: 2.3059
Averaged Test Accuracy: 0.0999
Averaged Test AUC: 0.5453
Std Test Accuracy: 0.2397
Std Test AUC: 0.2314

--- Round 3/500 ---
Averaged Train Loss: 2.3657
Averaged Test Accuracy: 0.1003
Averaged Test AUC: 0.5573
Std Test Accuracy: 0.2261
Std Test AUC: 0.2128

--- Round 4/500 ---
Averaged Train Loss: 2.3797
Averaged Test Accuracy: 0.1732
Averaged Test AUC: 0.5613
Std Test Accuracy: 0.2525
Std Test AUC: 0.2274

--- Round 5/500 ---
Averaged Train Loss: 2.2618
Averaged Test Accuracy: 0.2022
Averaged Test AUC: 0.6049
Std Test Accuracy: 0.2509
Std Test AUC: 0.2331

--- Round 6/500 ---
Averaged Train Loss: 2.1797
Averaged Test Accuracy: 0.1928
Averaged Test AUC: 0.6503
Std Test Accuracy: 0.2586
Std Test AUC: 0.1692

--- Round 7/500 ---
Averaged Train Loss: 2.2905
Averaged Test Accuracy: 0.1863
Averaged Test AUC: 0.6183
Std Test Accuracy: 0.2635
Std Test AUC: 0.2024

--- Round 8/500 ---
Averaged Train Loss: 2.1650
Averaged Test Accuracy: 0.2188
Averaged Test AUC: 0.6607
Std Test Accuracy: 0.2069
Std Test AUC: 0.1689

--- Round 9/500 ---
Averaged Train Loss: 2.2413
Averaged Test Accuracy: 0.1621
Averaged Test AUC: 0.6510
Std Test Accuracy: 0.2088
Std Test AUC: 0.1692

--- Round 10/500 ---
Averaged Train Loss: 2.0955
Averaged Test Accuracy: 0.2393
Averaged Test AUC: 0.6904
Std Test Accuracy: 0.2185
Std Test AUC: 0.1513

--- Round 11/500 ---
Averaged Train Loss: 2.0401
Averaged Test Accuracy: 0.2569
Averaged Test AUC: 0.7111
Std Test Accuracy: 0.1955
Std Test AUC: 0.1254

--- Round 12/500 ---
Averaged Train Loss: 2.0803
Averaged Test Accuracy: 0.2632
Averaged Test AUC: 0.6993
Std Test Accuracy: 0.2126
Std Test AUC: 0.1492

--- Round 13/500 ---
Averaged Train Loss: 2.0855
Averaged Test Accuracy: 0.2393
Averaged Test AUC: 0.7107
Std Test Accuracy: 0.2456
Std Test AUC: 0.1381

--- Round 14/500 ---
Averaged Train Loss: 2.0430
Averaged Test Accuracy: 0.2409
Averaged Test AUC: 0.7205
Std Test Accuracy: 0.2525
Std Test AUC: 0.1237

--- Round 15/500 ---
Averaged Train Loss: 2.0209
Averaged Test Accuracy: 0.2575
Averaged Test AUC: 0.7279
Std Test Accuracy: 0.2335
Std Test AUC: 0.1240

--- Round 16/500 ---
Averaged Train Loss: 2.0974
Averaged Test Accuracy: 0.2460
Averaged Test AUC: 0.7089
Std Test Accuracy: 0.1920
Std Test AUC: 0.1376

--- Round 17/500 ---
Averaged Train Loss: 2.0530
Averaged Test Accuracy: 0.2451
Averaged Test AUC: 0.7321
Std Test Accuracy: 0.2446
Std Test AUC: 0.1098

--- Round 18/500 ---
Averaged Train Loss: 2.0202
Averaged Test Accuracy: 0.2623
Averaged Test AUC: 0.7284
Std Test Accuracy: 0.1737
Std Test AUC: 0.1216

--- Round 19/500 ---
Averaged Train Loss: 1.9400
Averaged Test Accuracy: 0.2807
Averaged Test AUC: 0.7521
Std Test Accuracy: 0.1906
Std Test AUC: 0.0786

--- Round 20/500 ---
Averaged Train Loss: 2.0359
Averaged Test Accuracy: 0.2507
Averaged Test AUC: 0.7357
Std Test Accuracy: 0.2409
Std Test AUC: 0.1102

--- Round 21/500 ---
Averaged Train Loss: 2.0759
Averaged Test Accuracy: 0.2385
Averaged Test AUC: 0.7294
Std Test Accuracy: 0.2600
Std Test AUC: 0.1229

--- Round 22/500 ---
Averaged Train Loss: 1.9653
Averaged Test Accuracy: 0.2744
Averaged Test AUC: 0.7396
Std Test Accuracy: 0.2220
Std Test AUC: 0.1247

--- Round 23/500 ---
Averaged Train Loss: 1.9267
Averaged Test Accuracy: 0.2724
Averaged Test AUC: 0.7525
Std Test Accuracy: 0.1861
Std Test AUC: 0.0834

--- Round 24/500 ---
Averaged Train Loss: 1.9836
Averaged Test Accuracy: 0.2578
Averaged Test AUC: 0.7473
Std Test Accuracy: 0.2416
Std Test AUC: 0.1016

--- Round 25/500 ---
Averaged Train Loss: 1.8977
Averaged Test Accuracy: 0.2898
Averaged Test AUC: 0.7612
Std Test Accuracy: 0.1833
Std Test AUC: 0.0717

--- Round 26/500 ---
Averaged Train Loss: 2.0895
Averaged Test Accuracy: 0.2153
Averaged Test AUC: 0.7201
Std Test Accuracy: 0.1997
Std Test AUC: 0.1158

--- Round 27/500 ---
Averaged Train Loss: 1.8900
Averaged Test Accuracy: 0.2932
Averaged Test AUC: 0.7635
Std Test Accuracy: 0.1898
Std Test AUC: 0.0778

--- Round 28/500 ---
Averaged Train Loss: 1.8669
Averaged Test Accuracy: 0.3032
Averaged Test AUC: 0.7723
Std Test Accuracy: 0.2091
Std Test AUC: 0.0774

--- Round 29/500 ---
Averaged Train Loss: 1.9809
Averaged Test Accuracy: 0.2596
Averaged Test AUC: 0.7517
Std Test Accuracy: 0.2365
Std Test AUC: 0.1044

--- Round 30/500 ---
Averaged Train Loss: 1.9618
Averaged Test Accuracy: 0.2668
Averaged Test AUC: 0.7593
Std Test Accuracy: 0.2318
Std Test AUC: 0.0951

--- Round 31/500 ---
Averaged Train Loss: 1.9159
Averaged Test Accuracy: 0.2984
Averaged Test AUC: 0.7629
Std Test Accuracy: 0.2159
Std Test AUC: 0.0990

--- Round 32/500 ---
Averaged Train Loss: 1.8165
Averaged Test Accuracy: 0.3246
Averaged Test AUC: 0.7817
Std Test Accuracy: 0.1896
Std Test AUC: 0.0626

--- Round 33/500 ---
Averaged Train Loss: 1.9288
Averaged Test Accuracy: 0.2776
Averaged Test AUC: 0.7597
Std Test Accuracy: 0.2118
Std Test AUC: 0.0999

--- Round 34/500 ---
Averaged Train Loss: 1.9061
Averaged Test Accuracy: 0.2784
Averaged Test AUC: 0.7627
Std Test Accuracy: 0.2134
Std Test AUC: 0.0952

--- Round 35/500 ---
Averaged Train Loss: 1.8671
Averaged Test Accuracy: 0.3089
Averaged Test AUC: 0.7747
Std Test Accuracy: 0.2186
Std Test AUC: 0.0878

--- Round 36/500 ---
Averaged Train Loss: 2.0020
Averaged Test Accuracy: 0.2560
Averaged Test AUC: 0.7465
Std Test Accuracy: 0.1975
Std Test AUC: 0.1056

--- Round 37/500 ---
Averaged Train Loss: 1.8363
Averaged Test Accuracy: 0.3195
Averaged Test AUC: 0.7797
Std Test Accuracy: 0.2350
Std Test AUC: 0.0955

--- Round 38/500 ---
Averaged Train Loss: 1.9411
Averaged Test Accuracy: 0.2573
Averaged Test AUC: 0.7629
Std Test Accuracy: 0.2548
Std Test AUC: 0.1080

--- Round 39/500 ---
Averaged Train Loss: 1.9772
Averaged Test Accuracy: 0.2510
Averaged Test AUC: 0.7519
Std Test Accuracy: 0.2071
Std Test AUC: 0.1095

--- Round 40/500 ---
Averaged Train Loss: 1.7617
Averaged Test Accuracy: 0.3485
Averaged Test AUC: 0.7960
Std Test Accuracy: 0.2251
Std Test AUC: 0.0711

--- Round 41/500 ---
Averaged Train Loss: 1.7932
Averaged Test Accuracy: 0.3461
Averaged Test AUC: 0.7915
Std Test Accuracy: 0.2171
Std Test AUC: 0.0845

--- Round 42/500 ---
Averaged Train Loss: 1.7962
Averaged Test Accuracy: 0.3269
Averaged Test AUC: 0.7891
Std Test Accuracy: 0.1772
Std Test AUC: 0.0770

--- Round 43/500 ---
Averaged Train Loss: 1.7999
Averaged Test Accuracy: 0.3352
Averaged Test AUC: 0.7896
Std Test Accuracy: 0.2287
Std Test AUC: 0.0878

--- Round 44/500 ---
Averaged Train Loss: 1.9136
Averaged Test Accuracy: 0.3001
Averaged Test AUC: 0.7685
Std Test Accuracy: 0.2029
Std Test AUC: 0.0990

--- Round 45/500 ---
Averaged Train Loss: 1.7662
Averaged Test Accuracy: 0.3461
Averaged Test AUC: 0.7989
Std Test Accuracy: 0.2237
Std Test AUC: 0.0715

--- Round 46/500 ---
Averaged Train Loss: 1.8279
Averaged Test Accuracy: 0.3287
Averaged Test AUC: 0.7866
Std Test Accuracy: 0.2165
Std Test AUC: 0.0897

--- Round 47/500 ---
Averaged Train Loss: 1.7202
Averaged Test Accuracy: 0.3665
Averaged Test AUC: 0.8060
Std Test Accuracy: 0.1920
Std Test AUC: 0.0655

--- Round 48/500 ---
Averaged Train Loss: 1.7801
Averaged Test Accuracy: 0.3352
Averaged Test AUC: 0.7945
Std Test Accuracy: 0.1992
Std Test AUC: 0.0757

--- Round 49/500 ---
Averaged Train Loss: 1.7805
Averaged Test Accuracy: 0.3505
Averaged Test AUC: 0.7948
Std Test Accuracy: 0.2192
Std Test AUC: 0.0864

--- Round 50/500 ---
Averaged Train Loss: 1.6980
Averaged Test Accuracy: 0.3743
Averaged Test AUC: 0.8094
Std Test Accuracy: 0.1878
Std Test AUC: 0.0591

--- Round 51/500 ---
Averaged Train Loss: 1.7563
Averaged Test Accuracy: 0.3397
Averaged Test AUC: 0.8008
Std Test Accuracy: 0.1997
Std Test AUC: 0.0715

--- Round 52/500 ---
Averaged Train Loss: 1.8549
Averaged Test Accuracy: 0.3244
Averaged Test AUC: 0.7835
Std Test Accuracy: 0.2209
Std Test AUC: 0.0923

--- Round 53/500 ---
Averaged Train Loss: 1.8051
Averaged Test Accuracy: 0.3175
Averaged Test AUC: 0.7855
Std Test Accuracy: 0.1836
Std Test AUC: 0.0884

--- Round 54/500 ---
Averaged Train Loss: 1.7397
Averaged Test Accuracy: 0.3456
Averaged Test AUC: 0.8045
Std Test Accuracy: 0.2250
Std Test AUC: 0.0742

--- Round 55/500 ---
Averaged Train Loss: 1.7638
Averaged Test Accuracy: 0.3461
Averaged Test AUC: 0.7978
Std Test Accuracy: 0.2076
Std Test AUC: 0.0808

--- Round 56/500 ---
Averaged Train Loss: 1.7349
Averaged Test Accuracy: 0.3565
Averaged Test AUC: 0.8037
Std Test Accuracy: 0.1936
Std Test AUC: 0.0663

--- Round 57/500 ---
Averaged Train Loss: 1.7175
Averaged Test Accuracy: 0.3604
Averaged Test AUC: 0.8093
Std Test Accuracy: 0.2279
Std Test AUC: 0.0703

--- Round 58/500 ---
Averaged Train Loss: 1.7145
Averaged Test Accuracy: 0.3687
Averaged Test AUC: 0.8101
Std Test Accuracy: 0.2104
Std Test AUC: 0.0714

--- Round 59/500 ---
Averaged Train Loss: 1.7160
Averaged Test Accuracy: 0.3606
Averaged Test AUC: 0.8095
Std Test Accuracy: 0.1723
Std Test AUC: 0.0643

--- Round 60/500 ---
Averaged Train Loss: 1.8380
Averaged Test Accuracy: 0.3198
Averaged Test AUC: 0.7877
Std Test Accuracy: 0.1867
Std Test AUC: 0.0853

--- Round 61/500 ---
Averaged Train Loss: 1.6599
Averaged Test Accuracy: 0.3831
Averaged Test AUC: 0.8157
Std Test Accuracy: 0.1850
Std Test AUC: 0.0538

--- Round 62/500 ---
Averaged Train Loss: 1.7055
Averaged Test Accuracy: 0.3679
Averaged Test AUC: 0.8099
Std Test Accuracy: 0.1986
Std Test AUC: 0.0648

--- Round 63/500 ---
Averaged Train Loss: 1.7151
Averaged Test Accuracy: 0.3574
Averaged Test AUC: 0.8118
Std Test Accuracy: 0.2118
Std Test AUC: 0.0673

--- Round 64/500 ---
Averaged Train Loss: 1.6874
Averaged Test Accuracy: 0.3834
Averaged Test AUC: 0.8122
Std Test Accuracy: 0.1999
Std Test AUC: 0.0772

--- Round 65/500 ---
Averaged Train Loss: 1.6789
Averaged Test Accuracy: 0.3719
Averaged Test AUC: 0.8159
Std Test Accuracy: 0.1663
Std Test AUC: 0.0588

--- Round 66/500 ---
Averaged Train Loss: 1.6331
Averaged Test Accuracy: 0.4045
Averaged Test AUC: 0.8182
Std Test Accuracy: 0.1573
Std Test AUC: 0.0531

--- Round 67/500 ---
Averaged Train Loss: 1.6881
Averaged Test Accuracy: 0.3755
Averaged Test AUC: 0.8130
Std Test Accuracy: 0.1924
Std Test AUC: 0.0658

--- Round 68/500 ---
Averaged Train Loss: 1.7176
Averaged Test Accuracy: 0.3539
Averaged Test AUC: 0.8089
Std Test Accuracy: 0.1877
Std Test AUC: 0.0689

--- Round 69/500 ---
Averaged Train Loss: 1.6495
Averaged Test Accuracy: 0.3826
Averaged Test AUC: 0.8190
Std Test Accuracy: 0.1727
Std Test AUC: 0.0561

--- Round 70/500 ---
Averaged Train Loss: 1.6499
Averaged Test Accuracy: 0.3988
Averaged Test AUC: 0.8187
Std Test Accuracy: 0.1967
Std Test AUC: 0.0719

--- Round 71/500 ---
Averaged Train Loss: 1.6586
Averaged Test Accuracy: 0.3982
Averaged Test AUC: 0.8171
Std Test Accuracy: 0.1934
Std Test AUC: 0.0763

--- Round 72/500 ---
Averaged Train Loss: 1.6989
Averaged Test Accuracy: 0.3655
Averaged Test AUC: 0.8134
Std Test Accuracy: 0.1914
Std Test AUC: 0.0674

--- Round 73/500 ---
Averaged Train Loss: 1.6583
Averaged Test Accuracy: 0.3862
Averaged Test AUC: 0.8199
Std Test Accuracy: 0.1987
Std Test AUC: 0.0647

--- Round 74/500 ---
Averaged Train Loss: 1.6215
Averaged Test Accuracy: 0.3970
Averaged Test AUC: 0.8220
Std Test Accuracy: 0.1536
Std Test AUC: 0.0544

--- Round 75/500 ---
Averaged Train Loss: 1.6756
Averaged Test Accuracy: 0.3733
Averaged Test AUC: 0.8143
Std Test Accuracy: 0.1526
Std Test AUC: 0.0639

--- Round 76/500 ---
Averaged Train Loss: 1.6209
Averaged Test Accuracy: 0.3995
Averaged Test AUC: 0.8246
Std Test Accuracy: 0.1845
Std Test AUC: 0.0594

--- Round 77/500 ---
Averaged Train Loss: 1.7690
Averaged Test Accuracy: 0.3633
Averaged Test AUC: 0.8037
Std Test Accuracy: 0.2217
Std Test AUC: 0.0866

--- Round 78/500 ---
Averaged Train Loss: 1.8414
Averaged Test Accuracy: 0.3374
Averaged Test AUC: 0.7939
Std Test Accuracy: 0.2304
Std Test AUC: 0.0964

--- Round 79/500 ---
Averaged Train Loss: 1.5993
Averaged Test Accuracy: 0.4174
Averaged Test AUC: 0.8279
Std Test Accuracy: 0.1789
Std Test AUC: 0.0563

--- Round 80/500 ---
Averaged Train Loss: 1.6155
Averaged Test Accuracy: 0.4091
Averaged Test AUC: 0.8256
Std Test Accuracy: 0.1753
Std Test AUC: 0.0586

--- Round 81/500 ---
Averaged Train Loss: 1.6428
Averaged Test Accuracy: 0.3978
Averaged Test AUC: 0.8225
Std Test Accuracy: 0.1868
Std Test AUC: 0.0603

--- Round 82/500 ---
Averaged Train Loss: 1.6563
Averaged Test Accuracy: 0.3834
Averaged Test AUC: 0.8191
Std Test Accuracy: 0.1890
Std Test AUC: 0.0647

--- Round 83/500 ---
Averaged Train Loss: 1.5944
Averaged Test Accuracy: 0.4190
Averaged Test AUC: 0.8285
Std Test Accuracy: 0.1804
Std Test AUC: 0.0572

--- Round 84/500 ---
Averaged Train Loss: 1.6592
Averaged Test Accuracy: 0.3801
Averaged Test AUC: 0.8206
Std Test Accuracy: 0.1986
Std Test AUC: 0.0643

--- Round 85/500 ---
Averaged Train Loss: 1.6374
Averaged Test Accuracy: 0.4016
Averaged Test AUC: 0.8220
Std Test Accuracy: 0.1793
Std Test AUC: 0.0590

--- Round 86/500 ---
Averaged Train Loss: 1.5878
Averaged Test Accuracy: 0.4237
Averaged Test AUC: 0.8304
Std Test Accuracy: 0.1601
Std Test AUC: 0.0564

--- Round 87/500 ---
Averaged Train Loss: 1.6710
Averaged Test Accuracy: 0.3893
Averaged Test AUC: 0.8183
Std Test Accuracy: 0.1953
Std Test AUC: 0.0715

--- Round 88/500 ---
Averaged Train Loss: 1.6020
Averaged Test Accuracy: 0.4101
Averaged Test AUC: 0.8287
Std Test Accuracy: 0.1826
Std Test AUC: 0.0615

--- Round 89/500 ---
Averaged Train Loss: 1.5759
Averaged Test Accuracy: 0.4276
Averaged Test AUC: 0.8324
Std Test Accuracy: 0.1665
Std Test AUC: 0.0524

--- Round 90/500 ---
Averaged Train Loss: 1.6114
Averaged Test Accuracy: 0.3988
Averaged Test AUC: 0.8248
Std Test Accuracy: 0.1478
Std Test AUC: 0.0534

--- Round 91/500 ---
Averaged Train Loss: 1.5947
Averaged Test Accuracy: 0.4220
Averaged Test AUC: 0.8273
Std Test Accuracy: 0.1404
Std Test AUC: 0.0551

--- Round 92/500 ---
Averaged Train Loss: 1.5687
Averaged Test Accuracy: 0.4263
Averaged Test AUC: 0.8325
Std Test Accuracy: 0.1685
Std Test AUC: 0.0558

--- Round 93/500 ---
Averaged Train Loss: 1.6091
Averaged Test Accuracy: 0.4045
Averaged Test AUC: 0.8292
Std Test Accuracy: 0.1927
Std Test AUC: 0.0623

--- Round 94/500 ---
Averaged Train Loss: 1.6486
Averaged Test Accuracy: 0.3971
Averaged Test AUC: 0.8207
Std Test Accuracy: 0.1885
Std Test AUC: 0.0723

--- Round 95/500 ---
Averaged Train Loss: 1.6144
Averaged Test Accuracy: 0.3984
Averaged Test AUC: 0.8280
Std Test Accuracy: 0.1961
Std Test AUC: 0.0638

--- Round 96/500 ---
Averaged Train Loss: 1.5465
Averaged Test Accuracy: 0.4388
Averaged Test AUC: 0.8348
Std Test Accuracy: 0.1024
Std Test AUC: 0.0402

--- Round 97/500 ---
Averaged Train Loss: 1.7351
Averaged Test Accuracy: 0.3365
Averaged Test AUC: 0.8136
Std Test Accuracy: 0.1967
Std Test AUC: 0.0719

--- Round 98/500 ---
Averaged Train Loss: 1.5741
Averaged Test Accuracy: 0.4156
Averaged Test AUC: 0.8322
Std Test Accuracy: 0.1627
Std Test AUC: 0.0457

--- Round 99/500 ---
Averaged Train Loss: 1.6280
Averaged Test Accuracy: 0.4024
Averaged Test AUC: 0.8263
Std Test Accuracy: 0.1911
Std Test AUC: 0.0612

--- Round 100/500 ---
Averaged Train Loss: 1.6103
Averaged Test Accuracy: 0.4121
Averaged Test AUC: 0.8289
Std Test Accuracy: 0.1943
Std Test AUC: 0.0722

--- Round 101/500 ---
Averaged Train Loss: 1.6190
Averaged Test Accuracy: 0.4134
Averaged Test AUC: 0.8275
Std Test Accuracy: 0.1877
Std Test AUC: 0.0766

--- Round 102/500 ---
Averaged Train Loss: 1.5758
Averaged Test Accuracy: 0.4261
Averaged Test AUC: 0.8331
Std Test Accuracy: 0.1726
Std Test AUC: 0.0576

--- Round 103/500 ---
Averaged Train Loss: 1.5399
Averaged Test Accuracy: 0.4391
Averaged Test AUC: 0.8355
Std Test Accuracy: 0.1078
Std Test AUC: 0.0430

--- Round 104/500 ---
Averaged Train Loss: 1.5961
Averaged Test Accuracy: 0.4251
Averaged Test AUC: 0.8313
Std Test Accuracy: 0.2047
Std Test AUC: 0.0638

--- Round 105/500 ---
Averaged Train Loss: 1.5487
Averaged Test Accuracy: 0.4389
Averaged Test AUC: 0.8370
Std Test Accuracy: 0.1794
Std Test AUC: 0.0543

--- Round 106/500 ---
Averaged Train Loss: 1.5822
Averaged Test Accuracy: 0.4146
Averaged Test AUC: 0.8327
Std Test Accuracy: 0.1790
Std Test AUC: 0.0592

--- Round 107/500 ---
Averaged Train Loss: 1.5953
Averaged Test Accuracy: 0.4094
Averaged Test AUC: 0.8326
Std Test Accuracy: 0.2043
Std Test AUC: 0.0596

--- Round 108/500 ---
Averaged Train Loss: 1.5910
Averaged Test Accuracy: 0.4168
Averaged Test AUC: 0.8325
Std Test Accuracy: 0.1916
Std Test AUC: 0.0649

--- Round 109/500 ---
Averaged Train Loss: 1.5948
Averaged Test Accuracy: 0.4083
Averaged Test AUC: 0.8343
Std Test Accuracy: 0.1828
Std Test AUC: 0.0490

--- Round 110/500 ---
Averaged Train Loss: 1.6011
Averaged Test Accuracy: 0.3999
Averaged Test AUC: 0.8319
Std Test Accuracy: 0.1621
Std Test AUC: 0.0564

--- Round 111/500 ---
Averaged Train Loss: 1.6286
Averaged Test Accuracy: 0.3987
Averaged Test AUC: 0.8287
Std Test Accuracy: 0.1697
Std Test AUC: 0.0628

--- Round 112/500 ---
Averaged Train Loss: 1.5797
Averaged Test Accuracy: 0.4244
Averaged Test AUC: 0.8328
Std Test Accuracy: 0.1893
Std Test AUC: 0.0619

--- Round 113/500 ---
Averaged Train Loss: 1.5857
Averaged Test Accuracy: 0.4204
Averaged Test AUC: 0.8333
Std Test Accuracy: 0.1879
Std Test AUC: 0.0677

--- Round 114/500 ---
Averaged Train Loss: 1.5759
Averaged Test Accuracy: 0.4207
Averaged Test AUC: 0.8348
Std Test Accuracy: 0.1955
Std Test AUC: 0.0608

--- Round 115/500 ---
Averaged Train Loss: 1.5150
Averaged Test Accuracy: 0.4533
Averaged Test AUC: 0.8419
Std Test Accuracy: 0.1555
Std Test AUC: 0.0468

--- Round 116/500 ---
Averaged Train Loss: 1.5420
Averaged Test Accuracy: 0.4323
Averaged Test AUC: 0.8379
Std Test Accuracy: 0.1516
Std Test AUC: 0.0468

--- Round 117/500 ---
Averaged Train Loss: 1.5302
Averaged Test Accuracy: 0.4388
Averaged Test AUC: 0.8398
Std Test Accuracy: 0.1707
Std Test AUC: 0.0471

--- Round 118/500 ---
Averaged Train Loss: 1.5529
Averaged Test Accuracy: 0.4338
Averaged Test AUC: 0.8377
Std Test Accuracy: 0.1923
Std Test AUC: 0.0573

--- Round 119/500 ---
Averaged Train Loss: 1.5215
Averaged Test Accuracy: 0.4481
Averaged Test AUC: 0.8414
Std Test Accuracy: 0.1718
Std Test AUC: 0.0530

--- Round 120/500 ---
Averaged Train Loss: 1.5996
Averaged Test Accuracy: 0.4195
Averaged Test AUC: 0.8318
Std Test Accuracy: 0.1807
Std Test AUC: 0.0607

--- Round 121/500 ---
Averaged Train Loss: 1.5862
Averaged Test Accuracy: 0.4063
Averaged Test AUC: 0.8345
Std Test Accuracy: 0.1565
Std Test AUC: 0.0525

--- Round 122/500 ---
Averaged Train Loss: 1.5957
Averaged Test Accuracy: 0.4206
Averaged Test AUC: 0.8313
Std Test Accuracy: 0.1742
Std Test AUC: 0.0603

--- Round 123/500 ---
Averaged Train Loss: 1.6426
Averaged Test Accuracy: 0.4039
Averaged Test AUC: 0.8187
Std Test Accuracy: 0.1740
Std Test AUC: 0.0814

--- Round 124/500 ---
Averaged Train Loss: 1.6219
Averaged Test Accuracy: 0.3938
Averaged Test AUC: 0.8303
Std Test Accuracy: 0.2143
Std Test AUC: 0.0703

--- Round 125/500 ---
Averaged Train Loss: 1.5806
Averaged Test Accuracy: 0.4177
Averaged Test AUC: 0.8375
Std Test Accuracy: 0.1664
Std Test AUC: 0.0502

--- Round 126/500 ---
Averaged Train Loss: 1.6056
Averaged Test Accuracy: 0.4198
Averaged Test AUC: 0.8231
Std Test Accuracy: 0.1498
Std Test AUC: 0.0705

--- Round 127/500 ---
Averaged Train Loss: 1.6164
Averaged Test Accuracy: 0.4009
Averaged Test AUC: 0.8316
Std Test Accuracy: 0.2267
Std Test AUC: 0.0749

--- Round 128/500 ---
Averaged Train Loss: 1.8567
Averaged Test Accuracy: 0.3383
Averaged Test AUC: 0.7927
Std Test Accuracy: 0.1992
Std Test AUC: 0.0993

--- Round 129/500 ---
Averaged Train Loss: 1.9002
Averaged Test Accuracy: 0.3399
Averaged Test AUC: 0.7997
Std Test Accuracy: 0.2402
Std Test AUC: 0.0889

--- Round 130/500 ---
Averaged Train Loss: 1.6990
Averaged Test Accuracy: 0.3694
Averaged Test AUC: 0.8141
Std Test Accuracy: 0.2169
Std Test AUC: 0.0915

--- Round 131/500 ---
Averaged Train Loss: 1.6711
Averaged Test Accuracy: 0.3570
Averaged Test AUC: 0.8227
Std Test Accuracy: 0.2005
Std Test AUC: 0.0617

--- Round 132/500 ---
Averaged Train Loss: 1.6524
Averaged Test Accuracy: 0.3880
Averaged Test AUC: 0.8267
Std Test Accuracy: 0.2317
Std Test AUC: 0.0792

--- Round 133/500 ---
Averaged Train Loss: 1.6673
Averaged Test Accuracy: 0.3950
Averaged Test AUC: 0.8178
Std Test Accuracy: 0.1590
Std Test AUC: 0.0716

--- Round 134/500 ---
Averaged Train Loss: 1.5431
Averaged Test Accuracy: 0.4265
Averaged Test AUC: 0.8384
Std Test Accuracy: 0.1528
Std Test AUC: 0.0535

--- Round 135/500 ---
Averaged Train Loss: 1.8731
Averaged Test Accuracy: 0.3398
Averaged Test AUC: 0.7994
Std Test Accuracy: 0.2334
Std Test AUC: 0.0961

--- Round 136/500 ---
Averaged Train Loss: 1.6949
Averaged Test Accuracy: 0.3811
Averaged Test AUC: 0.8169
Std Test Accuracy: 0.1896
Std Test AUC: 0.0778

--- Round 137/500 ---
Averaged Train Loss: 1.5754
Averaged Test Accuracy: 0.4076
Averaged Test AUC: 0.8354
Std Test Accuracy: 0.1697
Std Test AUC: 0.0479

--- Round 138/500 ---
Averaged Train Loss: 1.7133
Averaged Test Accuracy: 0.3821
Averaged Test AUC: 0.8190
Std Test Accuracy: 0.2209
Std Test AUC: 0.0785

--- Round 139/500 ---
Averaged Train Loss: 1.6461
Averaged Test Accuracy: 0.3993
Averaged Test AUC: 0.8225
Std Test Accuracy: 0.1613
Std Test AUC: 0.0699

--- Round 140/500 ---
Averaged Train Loss: 1.5750
Averaged Test Accuracy: 0.4247
Averaged Test AUC: 0.8338
Std Test Accuracy: 0.1471
Std Test AUC: 0.0527

--- Round 141/500 ---
Averaged Train Loss: 1.8198
Averaged Test Accuracy: 0.3420
Averaged Test AUC: 0.8089
Std Test Accuracy: 0.2548
Std Test AUC: 0.0913

--- Round 142/500 ---
Averaged Train Loss: 1.5347
Averaged Test Accuracy: 0.4415
Averaged Test AUC: 0.8358
Std Test Accuracy: 0.1630
Std Test AUC: 0.0699

--- Round 143/500 ---
Averaged Train Loss: 1.4982
Averaged Test Accuracy: 0.4432
Averaged Test AUC: 0.8439
Std Test Accuracy: 0.1098
Std Test AUC: 0.0315

--- Round 144/500 ---
Averaged Train Loss: 1.6617
Averaged Test Accuracy: 0.3921
Averaged Test AUC: 0.8268
Std Test Accuracy: 0.2210
Std Test AUC: 0.0794

--- Round 145/500 ---
Averaged Train Loss: 1.7023
Averaged Test Accuracy: 0.3856
Averaged Test AUC: 0.8161
Std Test Accuracy: 0.1633
Std Test AUC: 0.0855

--- Round 146/500 ---
Averaged Train Loss: 1.5342
Averaged Test Accuracy: 0.4374
Averaged Test AUC: 0.8394
Std Test Accuracy: 0.1712
Std Test AUC: 0.0569

--- Round 147/500 ---
Averaged Train Loss: 1.7827
Averaged Test Accuracy: 0.3614
Averaged Test AUC: 0.8111
Std Test Accuracy: 0.1983
Std Test AUC: 0.0774

--- Round 148/500 ---
Averaged Train Loss: 1.5474
Averaged Test Accuracy: 0.4400
Averaged Test AUC: 0.8322
Std Test Accuracy: 0.1629
Std Test AUC: 0.0752

--- Round 149/500 ---
Averaged Train Loss: 1.5262
Averaged Test Accuracy: 0.4315
Averaged Test AUC: 0.8390
Std Test Accuracy: 0.1325
Std Test AUC: 0.0495

--- Round 150/500 ---
Averaged Train Loss: 1.7135
Averaged Test Accuracy: 0.3912
Averaged Test AUC: 0.8315
Std Test Accuracy: 0.2100
Std Test AUC: 0.0667

--- Round 151/500 ---
Averaged Train Loss: 1.6832
Averaged Test Accuracy: 0.3967
Averaged Test AUC: 0.8178
Std Test Accuracy: 0.1986
Std Test AUC: 0.0955

--- Round 152/500 ---
Averaged Train Loss: 1.5155
Averaged Test Accuracy: 0.4427
Averaged Test AUC: 0.8417
Std Test Accuracy: 0.1467
Std Test AUC: 0.0422

--- Round 153/500 ---
Averaged Train Loss: 1.6468
Averaged Test Accuracy: 0.3962
Averaged Test AUC: 0.8249
Std Test Accuracy: 0.2171
Std Test AUC: 0.0819

--- Round 154/500 ---
Averaged Train Loss: 1.6650
Averaged Test Accuracy: 0.4031
Averaged Test AUC: 0.8214
Std Test Accuracy: 0.1654
Std Test AUC: 0.0783

--- Round 155/500 ---
Averaged Train Loss: 1.5502
Averaged Test Accuracy: 0.4290
Averaged Test AUC: 0.8433
Std Test Accuracy: 0.1494
Std Test AUC: 0.0478

--- Round 156/500 ---
Averaged Train Loss: 1.6988
Averaged Test Accuracy: 0.3966
Averaged Test AUC: 0.8208
Std Test Accuracy: 0.1908
Std Test AUC: 0.0737

--- Round 157/500 ---
Averaged Train Loss: 1.6626
Averaged Test Accuracy: 0.4075
Averaged Test AUC: 0.8194
Std Test Accuracy: 0.1727
Std Test AUC: 0.0789

--- Round 158/500 ---
Averaged Train Loss: 1.5094
Averaged Test Accuracy: 0.4452
Averaged Test AUC: 0.8442
Std Test Accuracy: 0.1625
Std Test AUC: 0.0478

--- Round 159/500 ---
Averaged Train Loss: 1.5538
Averaged Test Accuracy: 0.4344
Averaged Test AUC: 0.8392
Std Test Accuracy: 0.1883
Std Test AUC: 0.0651

--- Round 160/500 ---
Averaged Train Loss: 1.6060
Averaged Test Accuracy: 0.4135
Averaged Test AUC: 0.8304
Std Test Accuracy: 0.1477
Std Test AUC: 0.0660

--- Round 161/500 ---
Averaged Train Loss: 1.5075
Averaged Test Accuracy: 0.4451
Averaged Test AUC: 0.8451
Std Test Accuracy: 0.1549
Std Test AUC: 0.0517

--- Round 162/500 ---
Averaged Train Loss: 1.7308
Averaged Test Accuracy: 0.3693
Averaged Test AUC: 0.8206
Std Test Accuracy: 0.2328
Std Test AUC: 0.0780

--- Round 163/500 ---
Averaged Train Loss: 1.6103
Averaged Test Accuracy: 0.4160
Averaged Test AUC: 0.8291
Std Test Accuracy: 0.1771
Std Test AUC: 0.0730

--- Round 164/500 ---
Averaged Train Loss: 1.4929
Averaged Test Accuracy: 0.4506
Averaged Test AUC: 0.8476
Std Test Accuracy: 0.1535
Std Test AUC: 0.0416

--- Round 165/500 ---
Averaged Train Loss: 1.5017
Averaged Test Accuracy: 0.4494
Averaged Test AUC: 0.8439
Std Test Accuracy: 0.1764
Std Test AUC: 0.0584

--- Round 166/500 ---
Averaged Train Loss: 1.5943
Averaged Test Accuracy: 0.4081
Averaged Test AUC: 0.8343
Std Test Accuracy: 0.1474
Std Test AUC: 0.0551

--- Round 167/500 ---
Averaged Train Loss: 1.4933
Averaged Test Accuracy: 0.4582
Averaged Test AUC: 0.8450
Std Test Accuracy: 0.1395
Std Test AUC: 0.0539

--- Round 168/500 ---
Averaged Train Loss: 1.6229
Averaged Test Accuracy: 0.4012
Averaged Test AUC: 0.8310
Std Test Accuracy: 0.1577
Std Test AUC: 0.0568

--- Round 169/500 ---
Averaged Train Loss: 1.4926
Averaged Test Accuracy: 0.4516
Averaged Test AUC: 0.8444
Std Test Accuracy: 0.1698
Std Test AUC: 0.0645

--- Round 170/500 ---
Averaged Train Loss: 1.5327
Averaged Test Accuracy: 0.4253
Averaged Test AUC: 0.8446
Std Test Accuracy: 0.1404
Std Test AUC: 0.0379

--- Round 171/500 ---
Averaged Train Loss: 1.6234
Averaged Test Accuracy: 0.4148
Averaged Test AUC: 0.8341
Std Test Accuracy: 0.2241
Std Test AUC: 0.0768

--- Round 172/500 ---
Averaged Train Loss: 1.6501
Averaged Test Accuracy: 0.4166
Averaged Test AUC: 0.8251
Std Test Accuracy: 0.1609
Std Test AUC: 0.0789

--- Round 173/500 ---
Averaged Train Loss: 1.5163
Averaged Test Accuracy: 0.4533
Averaged Test AUC: 0.8443
Std Test Accuracy: 0.1559
Std Test AUC: 0.0609

--- Round 174/500 ---
Averaged Train Loss: 1.6164
Averaged Test Accuracy: 0.4135
Averaged Test AUC: 0.8307
Std Test Accuracy: 0.1837
Std Test AUC: 0.0679

--- Round 175/500 ---
Averaged Train Loss: 1.6874
Averaged Test Accuracy: 0.3903
Averaged Test AUC: 0.8273
Std Test Accuracy: 0.2091
Std Test AUC: 0.0784

--- Round 176/500 ---
Averaged Train Loss: 1.4955
Averaged Test Accuracy: 0.4538
Averaged Test AUC: 0.8465
Std Test Accuracy: 0.1514
Std Test AUC: 0.0462

--- Round 177/500 ---
Averaged Train Loss: 1.5469
Averaged Test Accuracy: 0.4339
Averaged Test AUC: 0.8387
Std Test Accuracy: 0.1748
Std Test AUC: 0.0634

--- Round 178/500 ---
Averaged Train Loss: 1.5867
Averaged Test Accuracy: 0.4228
Averaged Test AUC: 0.8353
Std Test Accuracy: 0.1761
Std Test AUC: 0.0648

--- Round 179/500 ---
Averaged Train Loss: 1.5544
Averaged Test Accuracy: 0.4323
Averaged Test AUC: 0.8443
Std Test Accuracy: 0.1376
Std Test AUC: 0.0480

--- Round 180/500 ---
Averaged Train Loss: 1.6128
Averaged Test Accuracy: 0.4191
Averaged Test AUC: 0.8405
Std Test Accuracy: 0.1973
Std Test AUC: 0.0577

--- Round 181/500 ---
Averaged Train Loss: 1.8347
Averaged Test Accuracy: 0.3627
Averaged Test AUC: 0.8076
Std Test Accuracy: 0.2238
Std Test AUC: 0.0999

--- Round 182/500 ---
Averaged Train Loss: 1.5622
Averaged Test Accuracy: 0.4449
Averaged Test AUC: 0.8382
Std Test Accuracy: 0.1683
Std Test AUC: 0.0695

--- Round 183/500 ---
Averaged Train Loss: 1.4443
Averaged Test Accuracy: 0.4685
Averaged Test AUC: 0.8513
Std Test Accuracy: 0.1405
Std Test AUC: 0.0424

--- Round 184/500 ---
Averaged Train Loss: 1.5523
Averaged Test Accuracy: 0.4324
Averaged Test AUC: 0.8394
Std Test Accuracy: 0.1835
Std Test AUC: 0.0718

--- Round 185/500 ---
Averaged Train Loss: 1.4634
Averaged Test Accuracy: 0.4590
Averaged Test AUC: 0.8533
Std Test Accuracy: 0.1702
Std Test AUC: 0.0444

--- Round 186/500 ---
Averaged Train Loss: 1.7247
Averaged Test Accuracy: 0.3726
Averaged Test AUC: 0.8257
Std Test Accuracy: 0.1596
Std Test AUC: 0.0594

--- Round 187/500 ---
Averaged Train Loss: 1.5773
Averaged Test Accuracy: 0.4440
Averaged Test AUC: 0.8343
Std Test Accuracy: 0.1954
Std Test AUC: 0.0849

--- Round 188/500 ---
Averaged Train Loss: 1.4682
Averaged Test Accuracy: 0.4577
Averaged Test AUC: 0.8495
Std Test Accuracy: 0.1111
Std Test AUC: 0.0308

--- Round 189/500 ---
Averaged Train Loss: 1.5364
Averaged Test Accuracy: 0.4408
Averaged Test AUC: 0.8395
Std Test Accuracy: 0.1521
Std Test AUC: 0.0563

--- Round 190/500 ---
Averaged Train Loss: 1.5912
Averaged Test Accuracy: 0.4268
Averaged Test AUC: 0.8358
Std Test Accuracy: 0.1839
Std Test AUC: 0.0791

--- Round 191/500 ---
Averaged Train Loss: 1.4842
Averaged Test Accuracy: 0.4506
Averaged Test AUC: 0.8501
Std Test Accuracy: 0.1634
Std Test AUC: 0.0469

--- Round 192/500 ---
Averaged Train Loss: 1.4633
Averaged Test Accuracy: 0.4692
Averaged Test AUC: 0.8496
Std Test Accuracy: 0.1731
Std Test AUC: 0.0628

--- Round 193/500 ---
Averaged Train Loss: 1.5185
Averaged Test Accuracy: 0.4402
Averaged Test AUC: 0.8433
Std Test Accuracy: 0.1780
Std Test AUC: 0.0678

--- Round 194/500 ---
Averaged Train Loss: 1.5596
Averaged Test Accuracy: 0.4279
Averaged Test AUC: 0.8419
Std Test Accuracy: 0.1749
Std Test AUC: 0.0623

--- Round 195/500 ---
Averaged Train Loss: 1.7280
Averaged Test Accuracy: 0.3897
Averaged Test AUC: 0.8236
Std Test Accuracy: 0.2080
Std Test AUC: 0.0858

--- Round 196/500 ---
Averaged Train Loss: 1.5426
Averaged Test Accuracy: 0.4396
Averaged Test AUC: 0.8484
Std Test Accuracy: 0.1900
Std Test AUC: 0.0560

--- Round 197/500 ---
Averaged Train Loss: 1.4159
Averaged Test Accuracy: 0.4798
Averaged Test AUC: 0.8585
Std Test Accuracy: 0.1530
Std Test AUC: 0.0436

--- Round 198/500 ---
Averaged Train Loss: 1.5087
Averaged Test Accuracy: 0.4436
Averaged Test AUC: 0.8452
Std Test Accuracy: 0.1315
Std Test AUC: 0.0463

--- Round 199/500 ---
Averaged Train Loss: 1.6124
Averaged Test Accuracy: 0.4315
Averaged Test AUC: 0.8349
Std Test Accuracy: 0.2056
Std Test AUC: 0.0910

--- Round 200/500 ---
Averaged Train Loss: 1.7312
Averaged Test Accuracy: 0.3751
Averaged Test AUC: 0.8288
Std Test Accuracy: 0.1985
Std Test AUC: 0.0660

--- Round 201/500 ---
Averaged Train Loss: 1.6683
Averaged Test Accuracy: 0.4157
Averaged Test AUC: 0.8322
Std Test Accuracy: 0.2002
Std Test AUC: 0.0729

--- Round 202/500 ---
Averaged Train Loss: 1.4873
Averaged Test Accuracy: 0.4600
Averaged Test AUC: 0.8476
Std Test Accuracy: 0.1622
Std Test AUC: 0.0603

--- Round 203/500 ---
Averaged Train Loss: 1.4817
Averaged Test Accuracy: 0.4520
Averaged Test AUC: 0.8503
Std Test Accuracy: 0.1576
Std Test AUC: 0.0485

--- Round 204/500 ---
Averaged Train Loss: 1.6139
Averaged Test Accuracy: 0.4162
Averaged Test AUC: 0.8335
Std Test Accuracy: 0.1762
Std Test AUC: 0.0672

--- Round 205/500 ---
Averaged Train Loss: 1.5575
Averaged Test Accuracy: 0.4339
Averaged Test AUC: 0.8442
Std Test Accuracy: 0.1785
Std Test AUC: 0.0661

--- Round 206/500 ---
Averaged Train Loss: 1.5870
Averaged Test Accuracy: 0.4222
Averaged Test AUC: 0.8388
Std Test Accuracy: 0.1871
Std Test AUC: 0.0572

--- Round 207/500 ---
Averaged Train Loss: 1.5575
Averaged Test Accuracy: 0.4416
Averaged Test AUC: 0.8403
Std Test Accuracy: 0.1902
Std Test AUC: 0.0750

--- Round 208/500 ---
Averaged Train Loss: 1.4715
Averaged Test Accuracy: 0.4680
Averaged Test AUC: 0.8489
Std Test Accuracy: 0.1475
Std Test AUC: 0.0596

--- Round 209/500 ---
Averaged Train Loss: 1.4109
Averaged Test Accuracy: 0.4825
Averaged Test AUC: 0.8575
Std Test Accuracy: 0.1379
Std Test AUC: 0.0430

--- Round 210/500 ---
Averaged Train Loss: 1.5152
Averaged Test Accuracy: 0.4474
Averaged Test AUC: 0.8442
Std Test Accuracy: 0.1500
Std Test AUC: 0.0522

--- Round 211/500 ---
Averaged Train Loss: 1.5849
Averaged Test Accuracy: 0.4234
Averaged Test AUC: 0.8433
Std Test Accuracy: 0.1997
Std Test AUC: 0.0668

--- Round 212/500 ---
Averaged Train Loss: 1.5475
Averaged Test Accuracy: 0.4375
Averaged Test AUC: 0.8416
Std Test Accuracy: 0.1586
Std Test AUC: 0.0532

--- Round 213/500 ---
Averaged Train Loss: 1.5820
Averaged Test Accuracy: 0.4359
Averaged Test AUC: 0.8368
Std Test Accuracy: 0.1651
Std Test AUC: 0.0601

--- Round 214/500 ---
Averaged Train Loss: 1.4883
Averaged Test Accuracy: 0.4578
Averaged Test AUC: 0.8483
Std Test Accuracy: 0.1657
Std Test AUC: 0.0553

--- Round 215/500 ---
Averaged Train Loss: 1.4852
Averaged Test Accuracy: 0.4519
Averaged Test AUC: 0.8524
Std Test Accuracy: 0.1326
Std Test AUC: 0.0426

--- Round 216/500 ---
Averaged Train Loss: 1.6233
Averaged Test Accuracy: 0.4242
Averaged Test AUC: 0.8316
Std Test Accuracy: 0.1676
Std Test AUC: 0.0716

--- Round 217/500 ---
Averaged Train Loss: 1.5120
Averaged Test Accuracy: 0.4576
Averaged Test AUC: 0.8454
Std Test Accuracy: 0.1852
Std Test AUC: 0.0779

--- Round 218/500 ---
Averaged Train Loss: 1.6216
Averaged Test Accuracy: 0.4033
Averaged Test AUC: 0.8385
Std Test Accuracy: 0.1861
Std Test AUC: 0.0556

--- Round 219/500 ---
Averaged Train Loss: 1.5972
Averaged Test Accuracy: 0.4286
Averaged Test AUC: 0.8387
Std Test Accuracy: 0.2095
Std Test AUC: 0.0741

--- Round 220/500 ---
Averaged Train Loss: 1.4885
Averaged Test Accuracy: 0.4695
Averaged Test AUC: 0.8479
Std Test Accuracy: 0.1624
Std Test AUC: 0.0654

--- Round 221/500 ---
Averaged Train Loss: 1.4747
Averaged Test Accuracy: 0.4576
Averaged Test AUC: 0.8519
Std Test Accuracy: 0.1453
Std Test AUC: 0.0462

--- Round 222/500 ---
Averaged Train Loss: 1.5939
Averaged Test Accuracy: 0.4333
Averaged Test AUC: 0.8355
Std Test Accuracy: 0.1655
Std Test AUC: 0.0696

--- Round 223/500 ---
Averaged Train Loss: 1.4834
Averaged Test Accuracy: 0.4683
Averaged Test AUC: 0.8498
Std Test Accuracy: 0.1845
Std Test AUC: 0.0731

--- Round 224/500 ---
Averaged Train Loss: 1.6520
Averaged Test Accuracy: 0.3976
Averaged Test AUC: 0.8368
Std Test Accuracy: 0.1854
Std Test AUC: 0.0579

--- Round 225/500 ---
Averaged Train Loss: 1.6465
Averaged Test Accuracy: 0.4256
Averaged Test AUC: 0.8394
Std Test Accuracy: 0.2198
Std Test AUC: 0.0744

--- Round 226/500 ---
Averaged Train Loss: 1.4806
Averaged Test Accuracy: 0.4595
Averaged Test AUC: 0.8540
Std Test Accuracy: 0.1445
Std Test AUC: 0.0447

--- Round 227/500 ---
Averaged Train Loss: 1.4643
Averaged Test Accuracy: 0.4574
Averaged Test AUC: 0.8539
Std Test Accuracy: 0.1554
Std Test AUC: 0.0456

--- Round 228/500 ---
Averaged Train Loss: 1.7771
Averaged Test Accuracy: 0.3801
Averaged Test AUC: 0.8286
Std Test Accuracy: 0.2382
Std Test AUC: 0.0780

--- Round 229/500 ---
Averaged Train Loss: 1.5092
Averaged Test Accuracy: 0.4478
Averaged Test AUC: 0.8522
Std Test Accuracy: 0.1914
Std Test AUC: 0.0576

--- Round 230/500 ---
Averaged Train Loss: 1.5241
Averaged Test Accuracy: 0.4404
Averaged Test AUC: 0.8466
Std Test Accuracy: 0.1455
Std Test AUC: 0.0451

--- Round 231/500 ---
Averaged Train Loss: 1.6300
Averaged Test Accuracy: 0.4194
Averaged Test AUC: 0.8363
Std Test Accuracy: 0.2089
Std Test AUC: 0.0670

--- Round 232/500 ---
Averaged Train Loss: 1.5012
Averaged Test Accuracy: 0.4557
Averaged Test AUC: 0.8482
Std Test Accuracy: 0.1507
Std Test AUC: 0.0554

--- Round 233/500 ---
Averaged Train Loss: 1.4366
Averaged Test Accuracy: 0.4748
Averaged Test AUC: 0.8570
Std Test Accuracy: 0.1698
Std Test AUC: 0.0464

--- Round 234/500 ---
Averaged Train Loss: 1.6064
Averaged Test Accuracy: 0.4234
Averaged Test AUC: 0.8405
Std Test Accuracy: 0.1820
Std Test AUC: 0.0583

--- Round 235/500 ---
Averaged Train Loss: 1.5231
Averaged Test Accuracy: 0.4462
Averaged Test AUC: 0.8526
Std Test Accuracy: 0.1919
Std Test AUC: 0.0547

--- Round 236/500 ---
Averaged Train Loss: 1.5324
Averaged Test Accuracy: 0.4354
Averaged Test AUC: 0.8476
Std Test Accuracy: 0.1498
Std Test AUC: 0.0426

--- Round 237/500 ---
Averaged Train Loss: 1.6114
Averaged Test Accuracy: 0.4228
Averaged Test AUC: 0.8412
Std Test Accuracy: 0.2117
Std Test AUC: 0.0640

--- Round 238/500 ---
Averaged Train Loss: 1.5029
Averaged Test Accuracy: 0.4535
Averaged Test AUC: 0.8511
Std Test Accuracy: 0.1473
Std Test AUC: 0.0492

--- Round 239/500 ---
Averaged Train Loss: 1.4377
Averaged Test Accuracy: 0.4717
Averaged Test AUC: 0.8578
Std Test Accuracy: 0.1717
Std Test AUC: 0.0441

--- Round 240/500 ---
Averaged Train Loss: 1.5388
Averaged Test Accuracy: 0.4395
Averaged Test AUC: 0.8499
Std Test Accuracy: 0.2025
Std Test AUC: 0.0553

--- Round 241/500 ---
Averaged Train Loss: 1.5711
Averaged Test Accuracy: 0.4308
Averaged Test AUC: 0.8444
Std Test Accuracy: 0.1829
Std Test AUC: 0.0609

--- Round 242/500 ---
Averaged Train Loss: 1.5107
Averaged Test Accuracy: 0.4539
Averaged Test AUC: 0.8476
Std Test Accuracy: 0.1823
Std Test AUC: 0.0572

--- Round 243/500 ---
Averaged Train Loss: 1.4909
Averaged Test Accuracy: 0.4596
Averaged Test AUC: 0.8506
Std Test Accuracy: 0.1777
Std Test AUC: 0.0525

--- Round 244/500 ---
Averaged Train Loss: 1.5382
Averaged Test Accuracy: 0.4445
Averaged Test AUC: 0.8482
Std Test Accuracy: 0.1448
Std Test AUC: 0.0491

--- Round 245/500 ---
Averaged Train Loss: 1.4737
Averaged Test Accuracy: 0.4663
Averaged Test AUC: 0.8535
Std Test Accuracy: 0.1844
Std Test AUC: 0.0545

--- Round 246/500 ---
Averaged Train Loss: 1.5136
Averaged Test Accuracy: 0.4490
Averaged Test AUC: 0.8482
Std Test Accuracy: 0.1405
Std Test AUC: 0.0485

--- Round 247/500 ---
Averaged Train Loss: 1.4359
Averaged Test Accuracy: 0.4745
Averaged Test AUC: 0.8580
Std Test Accuracy: 0.1617
Std Test AUC: 0.0484

--- Round 248/500 ---
Averaged Train Loss: 1.5482
Averaged Test Accuracy: 0.4454
Averaged Test AUC: 0.8500
Std Test Accuracy: 0.1996
Std Test AUC: 0.0560

--- Round 249/500 ---
Averaged Train Loss: 1.4710
Averaged Test Accuracy: 0.4586
Averaged Test AUC: 0.8506
Std Test Accuracy: 0.1521
Std Test AUC: 0.0503

--- Round 250/500 ---
Averaged Train Loss: 1.4515
Averaged Test Accuracy: 0.4699
Averaged Test AUC: 0.8587
Std Test Accuracy: 0.1749
Std Test AUC: 0.0487

--- Round 251/500 ---
Averaged Train Loss: 1.6244
Averaged Test Accuracy: 0.4150
Averaged Test AUC: 0.8388
Std Test Accuracy: 0.2241
Std Test AUC: 0.0740

--- Round 252/500 ---
Averaged Train Loss: 1.4506
Averaged Test Accuracy: 0.4713
Averaged Test AUC: 0.8595
Std Test Accuracy: 0.1818
Std Test AUC: 0.0483

--- Round 253/500 ---
Averaged Train Loss: 1.5415
Averaged Test Accuracy: 0.4500
Averaged Test AUC: 0.8412
Std Test Accuracy: 0.1662
Std Test AUC: 0.0709

--- Round 254/500 ---
Averaged Train Loss: 1.5707
Averaged Test Accuracy: 0.4347
Averaged Test AUC: 0.8456
Std Test Accuracy: 0.1999
Std Test AUC: 0.0552

--- Round 255/500 ---
Averaged Train Loss: 1.4867
Averaged Test Accuracy: 0.4562
Averaged Test AUC: 0.8484
Std Test Accuracy: 0.1677
Std Test AUC: 0.0570

--- Round 256/500 ---
Averaged Train Loss: 1.4675
Averaged Test Accuracy: 0.4667
Averaged Test AUC: 0.8571
Std Test Accuracy: 0.1852
Std Test AUC: 0.0523

--- Round 257/500 ---
Averaged Train Loss: 1.4905
Averaged Test Accuracy: 0.4644
Averaged Test AUC: 0.8502
Std Test Accuracy: 0.1818
Std Test AUC: 0.0650

--- Round 258/500 ---
Averaged Train Loss: 1.4478
Averaged Test Accuracy: 0.4686
Averaged Test AUC: 0.8563
Std Test Accuracy: 0.1459
Std Test AUC: 0.0484

--- Round 259/500 ---
Averaged Train Loss: 1.4848
Averaged Test Accuracy: 0.4608
Averaged Test AUC: 0.8553
Std Test Accuracy: 0.1724
Std Test AUC: 0.0488

--- Round 260/500 ---
Averaged Train Loss: 1.5569
Averaged Test Accuracy: 0.4456
Averaged Test AUC: 0.8425
Std Test Accuracy: 0.1901
Std Test AUC: 0.0663

--- Round 261/500 ---
Averaged Train Loss: 1.4603
Averaged Test Accuracy: 0.4669
Averaged Test AUC: 0.8531
Std Test Accuracy: 0.1539
Std Test AUC: 0.0471

--- Round 262/500 ---
Averaged Train Loss: 1.4827
Averaged Test Accuracy: 0.4676
Averaged Test AUC: 0.8498
Std Test Accuracy: 0.1536
Std Test AUC: 0.0591

--- Round 263/500 ---
Averaged Train Loss: 1.4243
Averaged Test Accuracy: 0.4814
Averaged Test AUC: 0.8573
Std Test Accuracy: 0.1596
Std Test AUC: 0.0490

--- Round 264/500 ---
Averaged Train Loss: 1.6413
Averaged Test Accuracy: 0.4029
Averaged Test AUC: 0.8396
Std Test Accuracy: 0.2192
Std Test AUC: 0.0684

--- Round 265/500 ---
Averaged Train Loss: 1.4857
Averaged Test Accuracy: 0.4599
Averaged Test AUC: 0.8539
Std Test Accuracy: 0.1829
Std Test AUC: 0.0600

--- Round 266/500 ---
Averaged Train Loss: 1.4914
Averaged Test Accuracy: 0.4580
Averaged Test AUC: 0.8484
Std Test Accuracy: 0.1397
Std Test AUC: 0.0482

--- Round 267/500 ---
Averaged Train Loss: 1.5076
Averaged Test Accuracy: 0.4521
Averaged Test AUC: 0.8491
Std Test Accuracy: 0.1919
Std Test AUC: 0.0577

--- Round 268/500 ---
Averaged Train Loss: 1.5080
Averaged Test Accuracy: 0.4599
Averaged Test AUC: 0.8478
Std Test Accuracy: 0.1654
Std Test AUC: 0.0644

--- Round 269/500 ---
Averaged Train Loss: 1.4288
Averaged Test Accuracy: 0.4805
Averaged Test AUC: 0.8572
Std Test Accuracy: 0.1759
Std Test AUC: 0.0512

--- Round 270/500 ---
Averaged Train Loss: 1.5423
Averaged Test Accuracy: 0.4379
Averaged Test AUC: 0.8457
Std Test Accuracy: 0.1633
Std Test AUC: 0.0572

--- Round 271/500 ---
Averaged Train Loss: 1.4929
Averaged Test Accuracy: 0.4597
Averaged Test AUC: 0.8526
Std Test Accuracy: 0.1822
Std Test AUC: 0.0599

--- Round 272/500 ---
Averaged Train Loss: 1.4652
Averaged Test Accuracy: 0.4656
Averaged Test AUC: 0.8518
Std Test Accuracy: 0.1314
Std Test AUC: 0.0448

--- Round 273/500 ---
Averaged Train Loss: 1.3912
Averaged Test Accuracy: 0.4872
Averaged Test AUC: 0.8615
Std Test Accuracy: 0.1526
Std Test AUC: 0.0446

--- Round 274/500 ---
Averaged Train Loss: 1.4413
Averaged Test Accuracy: 0.4718
Averaged Test AUC: 0.8529
Std Test Accuracy: 0.1599
Std Test AUC: 0.0600

--- Round 275/500 ---
Averaged Train Loss: 1.4197
Averaged Test Accuracy: 0.4796
Averaged Test AUC: 0.8605
Std Test Accuracy: 0.1533
Std Test AUC: 0.0446

--- Round 276/500 ---
Averaged Train Loss: 1.5217
Averaged Test Accuracy: 0.4514
Averaged Test AUC: 0.8503
Std Test Accuracy: 0.1990
Std Test AUC: 0.0646

--- Round 277/500 ---
Averaged Train Loss: 1.5314
Averaged Test Accuracy: 0.4464
Averaged Test AUC: 0.8506
Std Test Accuracy: 0.1741
Std Test AUC: 0.0589

--- Round 278/500 ---
Averaged Train Loss: 1.4790
Averaged Test Accuracy: 0.4581
Averaged Test AUC: 0.8536
Std Test Accuracy: 0.1914
Std Test AUC: 0.0600

--- Round 279/500 ---
Averaged Train Loss: 1.5181
Averaged Test Accuracy: 0.4324
Averaged Test AUC: 0.8497
Std Test Accuracy: 0.1487
Std Test AUC: 0.0466

--- Round 280/500 ---
Averaged Train Loss: 1.4181
Averaged Test Accuracy: 0.4848
Averaged Test AUC: 0.8571
Std Test Accuracy: 0.1708
Std Test AUC: 0.0574

--- Round 281/500 ---
Averaged Train Loss: 1.4635
Averaged Test Accuracy: 0.4637
Averaged Test AUC: 0.8539
Std Test Accuracy: 0.1404
Std Test AUC: 0.0450

--- Round 282/500 ---
Averaged Train Loss: 1.4424
Averaged Test Accuracy: 0.4687
Averaged Test AUC: 0.8563
Std Test Accuracy: 0.1686
Std Test AUC: 0.0475

--- Round 283/500 ---
Averaged Train Loss: 1.4649
Averaged Test Accuracy: 0.4728
Averaged Test AUC: 0.8516
Std Test Accuracy: 0.1637
Std Test AUC: 0.0558

--- Round 284/500 ---
Averaged Train Loss: 1.3850
Averaged Test Accuracy: 0.4947
Averaged Test AUC: 0.8610
Std Test Accuracy: 0.1213
Std Test AUC: 0.0403

--- Round 285/500 ---
Averaged Train Loss: 1.4441
Averaged Test Accuracy: 0.4634
Averaged Test AUC: 0.8567
Std Test Accuracy: 0.1446
Std Test AUC: 0.0369

--- Round 286/500 ---
Averaged Train Loss: 1.4457
Averaged Test Accuracy: 0.4734
Averaged Test AUC: 0.8575
Std Test Accuracy: 0.1799
Std Test AUC: 0.0546

--- Round 287/500 ---
Averaged Train Loss: 1.4166
Averaged Test Accuracy: 0.4827
Averaged Test AUC: 0.8608
Std Test Accuracy: 0.1552
Std Test AUC: 0.0474

--- Round 288/500 ---
Averaged Train Loss: 1.3994
Averaged Test Accuracy: 0.4840
Averaged Test AUC: 0.8592
Std Test Accuracy: 0.1335
Std Test AUC: 0.0438

--- Round 289/500 ---
Averaged Train Loss: 1.4409
Averaged Test Accuracy: 0.4730
Averaged Test AUC: 0.8582
Std Test Accuracy: 0.1810
Std Test AUC: 0.0488

--- Round 290/500 ---
Averaged Train Loss: 1.6169
Averaged Test Accuracy: 0.4300
Averaged Test AUC: 0.8396
Std Test Accuracy: 0.1900
Std Test AUC: 0.0727

--- Round 291/500 ---
Averaged Train Loss: 1.4464
Averaged Test Accuracy: 0.4651
Averaged Test AUC: 0.8556
Std Test Accuracy: 0.1436
Std Test AUC: 0.0382

--- Round 292/500 ---
Averaged Train Loss: 1.3978
Averaged Test Accuracy: 0.4893
Averaged Test AUC: 0.8597
Std Test Accuracy: 0.1729
Std Test AUC: 0.0541

--- Round 293/500 ---
Averaged Train Loss: 1.4772
Averaged Test Accuracy: 0.4575
Averaged Test AUC: 0.8530
Std Test Accuracy: 0.1568
Std Test AUC: 0.0507

--- Round 294/500 ---
Averaged Train Loss: 1.3821
Averaged Test Accuracy: 0.4931
Averaged Test AUC: 0.8645
Std Test Accuracy: 0.1705
Std Test AUC: 0.0488

--- Round 295/500 ---
Averaged Train Loss: 1.4520
Averaged Test Accuracy: 0.4721
Averaged Test AUC: 0.8537
Std Test Accuracy: 0.1668
Std Test AUC: 0.0531

--- Round 296/500 ---
Averaged Train Loss: 1.4384
Averaged Test Accuracy: 0.4826
Averaged Test AUC: 0.8521
Std Test Accuracy: 0.1395
Std Test AUC: 0.0512

--- Round 297/500 ---
Averaged Train Loss: 1.4093
Averaged Test Accuracy: 0.4894
Averaged Test AUC: 0.8577
Std Test Accuracy: 0.1298
Std Test AUC: 0.0349

--- Round 298/500 ---
Averaged Train Loss: 1.6132
Averaged Test Accuracy: 0.4111
Averaged Test AUC: 0.8484
Std Test Accuracy: 0.2044
Std Test AUC: 0.0548

--- Round 299/500 ---
Averaged Train Loss: 1.6323
Averaged Test Accuracy: 0.4138
Averaged Test AUC: 0.8407
Std Test Accuracy: 0.2155
Std Test AUC: 0.0701

--- Round 300/500 ---
Averaged Train Loss: 1.5306
Averaged Test Accuracy: 0.4506
Averaged Test AUC: 0.8512
Std Test Accuracy: 0.1814
Std Test AUC: 0.0581

--- Round 301/500 ---
Averaged Train Loss: 1.4233
Averaged Test Accuracy: 0.4783
Averaged Test AUC: 0.8558
Std Test Accuracy: 0.1484
Std Test AUC: 0.0532

--- Round 302/500 ---
Averaged Train Loss: 1.3799
Averaged Test Accuracy: 0.4924
Averaged Test AUC: 0.8638
Std Test Accuracy: 0.1631
Std Test AUC: 0.0431

--- Round 303/500 ---
Averaged Train Loss: 1.4014
Averaged Test Accuracy: 0.4824
Averaged Test AUC: 0.8621
Std Test Accuracy: 0.1452
Std Test AUC: 0.0423

--- Round 304/500 ---
Averaged Train Loss: 1.4111
Averaged Test Accuracy: 0.4856
Averaged Test AUC: 0.8614
Std Test Accuracy: 0.1691
Std Test AUC: 0.0452

--- Round 305/500 ---
Averaged Train Loss: 1.4320
Averaged Test Accuracy: 0.4859
Averaged Test AUC: 0.8560
Std Test Accuracy: 0.1787
Std Test AUC: 0.0659

--- Round 306/500 ---
Averaged Train Loss: 1.4186
Averaged Test Accuracy: 0.4826
Averaged Test AUC: 0.8600
Std Test Accuracy: 0.1567
Std Test AUC: 0.0408

--- Round 307/500 ---
Averaged Train Loss: 1.4346
Averaged Test Accuracy: 0.4755
Averaged Test AUC: 0.8584
Std Test Accuracy: 0.1728
Std Test AUC: 0.0499

--- Round 308/500 ---
Averaged Train Loss: 1.4650
Averaged Test Accuracy: 0.4690
Averaged Test AUC: 0.8582
Std Test Accuracy: 0.1972
Std Test AUC: 0.0617

--- Round 309/500 ---
Averaged Train Loss: 1.4281
Averaged Test Accuracy: 0.4747
Averaged Test AUC: 0.8592
Std Test Accuracy: 0.1563
Std Test AUC: 0.0373

--- Round 310/500 ---
Averaged Train Loss: 1.3686
Averaged Test Accuracy: 0.4910
Averaged Test AUC: 0.8641
Std Test Accuracy: 0.1099
Std Test AUC: 0.0368

--- Round 311/500 ---
Averaged Train Loss: 1.4187
Averaged Test Accuracy: 0.4799
Averaged Test AUC: 0.8625
Std Test Accuracy: 0.1716
Std Test AUC: 0.0547

--- Round 312/500 ---
Averaged Train Loss: 1.4466
Averaged Test Accuracy: 0.4739
Averaged Test AUC: 0.8567
Std Test Accuracy: 0.1530
Std Test AUC: 0.0467

--- Round 313/500 ---
Averaged Train Loss: 1.3632
Averaged Test Accuracy: 0.4952
Averaged Test AUC: 0.8649
Std Test Accuracy: 0.1306
Std Test AUC: 0.0410

--- Round 314/500 ---
Averaged Train Loss: 1.5506
Averaged Test Accuracy: 0.4470
Averaged Test AUC: 0.8500
Std Test Accuracy: 0.2298
Std Test AUC: 0.0725

--- Round 315/500 ---
Averaged Train Loss: 1.4304
Averaged Test Accuracy: 0.4796
Averaged Test AUC: 0.8582
Std Test Accuracy: 0.1629
Std Test AUC: 0.0437

--- Round 316/500 ---
Averaged Train Loss: 1.3544
Averaged Test Accuracy: 0.4987
Averaged Test AUC: 0.8668
Std Test Accuracy: 0.1281
Std Test AUC: 0.0388

--- Round 317/500 ---
Averaged Train Loss: 1.3502
Averaged Test Accuracy: 0.4979
Averaged Test AUC: 0.8675
Std Test Accuracy: 0.1640
Std Test AUC: 0.0493

--- Round 318/500 ---
Averaged Train Loss: 1.3523
Averaged Test Accuracy: 0.4936
Averaged Test AUC: 0.8677
Std Test Accuracy: 0.1316
Std Test AUC: 0.0425

--- Round 319/500 ---
Averaged Train Loss: 1.3429
Averaged Test Accuracy: 0.5042
Averaged Test AUC: 0.8661
Std Test Accuracy: 0.1574
Std Test AUC: 0.0495

--- Round 320/500 ---
Averaged Train Loss: 1.3544
Averaged Test Accuracy: 0.4963
Averaged Test AUC: 0.8660
Std Test Accuracy: 0.1612
Std Test AUC: 0.0509

--- Round 321/500 ---
Averaged Train Loss: 1.3229
Averaged Test Accuracy: 0.5094
Averaged Test AUC: 0.8704
Std Test Accuracy: 0.0952
Std Test AUC: 0.0311

--- Round 322/500 ---
Averaged Train Loss: 1.3341
Averaged Test Accuracy: 0.5062
Averaged Test AUC: 0.8688
Std Test Accuracy: 0.1306
Std Test AUC: 0.0332

--- Round 323/500 ---
Averaged Train Loss: 1.3370
Averaged Test Accuracy: 0.5062
Averaged Test AUC: 0.8673
Std Test Accuracy: 0.1697
Std Test AUC: 0.0560

--- Round 324/500 ---
Averaged Train Loss: 1.3048
Averaged Test Accuracy: 0.5188
Averaged Test AUC: 0.8719
Std Test Accuracy: 0.1389
Std Test AUC: 0.0394

--- Round 325/500 ---
Averaged Train Loss: 1.3214
Averaged Test Accuracy: 0.5136
Averaged Test AUC: 0.8699
Std Test Accuracy: 0.1547
Std Test AUC: 0.0408

--- Round 326/500 ---
Averaged Train Loss: 1.3217
Averaged Test Accuracy: 0.5106
Averaged Test AUC: 0.8701
Std Test Accuracy: 0.1162
Std Test AUC: 0.0355

--- Round 327/500 ---
Averaged Train Loss: 1.3479
Averaged Test Accuracy: 0.5007
Averaged Test AUC: 0.8690
Std Test Accuracy: 0.1485
Std Test AUC: 0.0445

--- Round 328/500 ---
Averaged Train Loss: 1.3737
Averaged Test Accuracy: 0.4876
Averaged Test AUC: 0.8639
Std Test Accuracy: 0.1701
Std Test AUC: 0.0531

--- Round 329/500 ---
Averaged Train Loss: 1.3280
Averaged Test Accuracy: 0.5120
Averaged Test AUC: 0.8690
Std Test Accuracy: 0.1125
Std Test AUC: 0.0356

--- Round 330/500 ---
Averaged Train Loss: 1.3605
Averaged Test Accuracy: 0.4936
Averaged Test AUC: 0.8666
Std Test Accuracy: 0.1325
Std Test AUC: 0.0361

--- Round 331/500 ---
Averaged Train Loss: 1.3092
Averaged Test Accuracy: 0.5153
Averaged Test AUC: 0.8723
Std Test Accuracy: 0.1502
Std Test AUC: 0.0416

--- Round 332/500 ---
Averaged Train Loss: 1.3110
Averaged Test Accuracy: 0.5137
Averaged Test AUC: 0.8710
Std Test Accuracy: 0.1273
Std Test AUC: 0.0325

--- Round 333/500 ---
Averaged Train Loss: 1.3549
Averaged Test Accuracy: 0.4941
Averaged Test AUC: 0.8645
Std Test Accuracy: 0.1587
Std Test AUC: 0.0506

--- Round 334/500 ---
Averaged Train Loss: 1.3279
Averaged Test Accuracy: 0.5071
Averaged Test AUC: 0.8696
Std Test Accuracy: 0.1617
Std Test AUC: 0.0446

--- Round 335/500 ---
Averaged Train Loss: 1.3279
Averaged Test Accuracy: 0.5134
Averaged Test AUC: 0.8702
Std Test Accuracy: 0.1158
Std Test AUC: 0.0344

--- Round 336/500 ---
Averaged Train Loss: 1.3521
Averaged Test Accuracy: 0.4962
Averaged Test AUC: 0.8666
Std Test Accuracy: 0.1414
Std Test AUC: 0.0421

--- Round 337/500 ---
Averaged Train Loss: 1.4435
Averaged Test Accuracy: 0.4665
Averaged Test AUC: 0.8579
Std Test Accuracy: 0.1892
Std Test AUC: 0.0516

--- Round 338/500 ---
Averaged Train Loss: 1.2968
Averaged Test Accuracy: 0.5230
Averaged Test AUC: 0.8727
Std Test Accuracy: 0.1207
Std Test AUC: 0.0341

--- Round 339/500 ---
Averaged Train Loss: 1.3067
Averaged Test Accuracy: 0.5194
Averaged Test AUC: 0.8717
Std Test Accuracy: 0.1309
Std Test AUC: 0.0419

--- Round 340/500 ---
Averaged Train Loss: 1.2960
Averaged Test Accuracy: 0.5203
Averaged Test AUC: 0.8730
Std Test Accuracy: 0.1430
Std Test AUC: 0.0385

--- Round 341/500 ---
Averaged Train Loss: 1.3311
Averaged Test Accuracy: 0.5069
Averaged Test AUC: 0.8692
Std Test Accuracy: 0.1541
Std Test AUC: 0.0437

--- Round 342/500 ---
Averaged Train Loss: 1.3307
Averaged Test Accuracy: 0.5094
Averaged Test AUC: 0.8695
Std Test Accuracy: 0.1461
Std Test AUC: 0.0404

--- Round 343/500 ---
Averaged Train Loss: 1.3235
Averaged Test Accuracy: 0.5094
Averaged Test AUC: 0.8689
Std Test Accuracy: 0.1572
Std Test AUC: 0.0482

--- Round 344/500 ---
Averaged Train Loss: 1.3710
Averaged Test Accuracy: 0.4863
Averaged Test AUC: 0.8655
Std Test Accuracy: 0.1673
Std Test AUC: 0.0555

--- Round 345/500 ---
Averaged Train Loss: 1.3327
Averaged Test Accuracy: 0.5095
Averaged Test AUC: 0.8689
Std Test Accuracy: 0.1594
Std Test AUC: 0.0495

--- Round 346/500 ---
Averaged Train Loss: 1.3286
Averaged Test Accuracy: 0.5116
Averaged Test AUC: 0.8695
Std Test Accuracy: 0.1520
Std Test AUC: 0.0494

--- Round 347/500 ---
Averaged Train Loss: 1.3024
Averaged Test Accuracy: 0.5184
Averaged Test AUC: 0.8725
Std Test Accuracy: 0.1580
Std Test AUC: 0.0447

--- Round 348/500 ---
Averaged Train Loss: 1.4690
Averaged Test Accuracy: 0.4703
Averaged Test AUC: 0.8531
Std Test Accuracy: 0.1911
Std Test AUC: 0.0771

--- Round 349/500 ---
Averaged Train Loss: 1.2953
Averaged Test Accuracy: 0.5200
Averaged Test AUC: 0.8708
Std Test Accuracy: 0.1227
Std Test AUC: 0.0380

--- Round 350/500 ---
Averaged Train Loss: 1.2925
Averaged Test Accuracy: 0.5240
Averaged Test AUC: 0.8736
Std Test Accuracy: 0.1052
Std Test AUC: 0.0279

--- Round 351/500 ---
Averaged Train Loss: 1.3270
Averaged Test Accuracy: 0.5122
Averaged Test AUC: 0.8706
Std Test Accuracy: 0.1426
Std Test AUC: 0.0406

--- Round 352/500 ---
Averaged Train Loss: 1.2782
Averaged Test Accuracy: 0.5302
Averaged Test AUC: 0.8746
Std Test Accuracy: 0.1254
Std Test AUC: 0.0374

--- Round 353/500 ---
Averaged Train Loss: 1.2875
Averaged Test Accuracy: 0.5216
Averaged Test AUC: 0.8736
Std Test Accuracy: 0.1391
Std Test AUC: 0.0411

--- Round 354/500 ---
Averaged Train Loss: 1.3083
Averaged Test Accuracy: 0.5138
Averaged Test AUC: 0.8736
Std Test Accuracy: 0.1264
Std Test AUC: 0.0315

--- Round 355/500 ---
Averaged Train Loss: 1.2896
Averaged Test Accuracy: 0.5222
Averaged Test AUC: 0.8733
Std Test Accuracy: 0.1339
Std Test AUC: 0.0394

--- Round 356/500 ---
Averaged Train Loss: 1.2986
Averaged Test Accuracy: 0.5202
Averaged Test AUC: 0.8735
Std Test Accuracy: 0.1316
Std Test AUC: 0.0382

--- Round 357/500 ---
Averaged Train Loss: 1.3156
Averaged Test Accuracy: 0.5096
Averaged Test AUC: 0.8726
Std Test Accuracy: 0.1289
Std Test AUC: 0.0330

--- Round 358/500 ---
Averaged Train Loss: 1.2861
Averaged Test Accuracy: 0.5247
Averaged Test AUC: 0.8740
Std Test Accuracy: 0.1402
Std Test AUC: 0.0440

--- Round 359/500 ---
Averaged Train Loss: 1.3197
Averaged Test Accuracy: 0.5048
Averaged Test AUC: 0.8705
Std Test Accuracy: 0.1456
Std Test AUC: 0.0454

--- Round 360/500 ---
Averaged Train Loss: 1.2942
Averaged Test Accuracy: 0.5209
Averaged Test AUC: 0.8738
Std Test Accuracy: 0.1529
Std Test AUC: 0.0431

--- Round 361/500 ---
Averaged Train Loss: 1.3171
Averaged Test Accuracy: 0.5165
Averaged Test AUC: 0.8710
Std Test Accuracy: 0.1800
Std Test AUC: 0.0557

--- Round 362/500 ---
Averaged Train Loss: 1.3137
Averaged Test Accuracy: 0.5084
Averaged Test AUC: 0.8712
Std Test Accuracy: 0.1765
Std Test AUC: 0.0486

--- Round 363/500 ---
Averaged Train Loss: 1.3087
Averaged Test Accuracy: 0.5125
Averaged Test AUC: 0.8705
Std Test Accuracy: 0.1325
Std Test AUC: 0.0387

--- Round 364/500 ---
Averaged Train Loss: 1.3123
Averaged Test Accuracy: 0.5130
Averaged Test AUC: 0.8729
Std Test Accuracy: 0.1444
Std Test AUC: 0.0429

--- Round 365/500 ---
Averaged Train Loss: 1.3334
Averaged Test Accuracy: 0.5044
Averaged Test AUC: 0.8670
Std Test Accuracy: 0.1374
Std Test AUC: 0.0453

--- Round 366/500 ---
Averaged Train Loss: 1.3190
Averaged Test Accuracy: 0.5114
Averaged Test AUC: 0.8727
Std Test Accuracy: 0.1505
Std Test AUC: 0.0394

--- Round 367/500 ---
Averaged Train Loss: 1.2976
Averaged Test Accuracy: 0.5174
Averaged Test AUC: 0.8729
Std Test Accuracy: 0.1463
Std Test AUC: 0.0412

--- Round 368/500 ---
Averaged Train Loss: 1.2666
Averaged Test Accuracy: 0.5298
Averaged Test AUC: 0.8756
Std Test Accuracy: 0.1238
Std Test AUC: 0.0371

--- Round 369/500 ---
Averaged Train Loss: 1.2988
Averaged Test Accuracy: 0.5171
Averaged Test AUC: 0.8715
Std Test Accuracy: 0.1399
Std Test AUC: 0.0447

--- Round 370/500 ---
Averaged Train Loss: 1.4781
Averaged Test Accuracy: 0.4599
Averaged Test AUC: 0.8613
Std Test Accuracy: 0.1742
Std Test AUC: 0.0489

--- Round 371/500 ---
Averaged Train Loss: 1.2830
Averaged Test Accuracy: 0.5229
Averaged Test AUC: 0.8749
Std Test Accuracy: 0.1470
Std Test AUC: 0.0389

--- Round 372/500 ---
Averaged Train Loss: 1.2908
Averaged Test Accuracy: 0.5208
Averaged Test AUC: 0.8736
Std Test Accuracy: 0.1364
Std Test AUC: 0.0466

--- Round 373/500 ---
Averaged Train Loss: 1.3006
Averaged Test Accuracy: 0.5171
Averaged Test AUC: 0.8725
Std Test Accuracy: 0.1538
Std Test AUC: 0.0444

--- Round 374/500 ---
Averaged Train Loss: 1.3170
Averaged Test Accuracy: 0.5054
Averaged Test AUC: 0.8720
Std Test Accuracy: 0.1453
Std Test AUC: 0.0375

--- Round 375/500 ---
Averaged Train Loss: 1.2775
Averaged Test Accuracy: 0.5257
Averaged Test AUC: 0.8757
Std Test Accuracy: 0.1513
Std Test AUC: 0.0421

--- Round 376/500 ---
Averaged Train Loss: 1.2698
Averaged Test Accuracy: 0.5285
Averaged Test AUC: 0.8757
Std Test Accuracy: 0.1373
Std Test AUC: 0.0426

--- Round 377/500 ---
Averaged Train Loss: 1.2577
Averaged Test Accuracy: 0.5337
Averaged Test AUC: 0.8772
Std Test Accuracy: 0.1211
Std Test AUC: 0.0345

--- Round 378/500 ---
Averaged Train Loss: 1.3378
Averaged Test Accuracy: 0.5059
Averaged Test AUC: 0.8696
Std Test Accuracy: 0.1644
Std Test AUC: 0.0501

--- Round 379/500 ---
Averaged Train Loss: 1.3043
Averaged Test Accuracy: 0.5140
Averaged Test AUC: 0.8727
Std Test Accuracy: 0.1485
Std Test AUC: 0.0387

--- Round 380/500 ---
Averaged Train Loss: 1.3087
Averaged Test Accuracy: 0.5116
Averaged Test AUC: 0.8726
Std Test Accuracy: 0.1717
Std Test AUC: 0.0410

--- Round 381/500 ---
Averaged Train Loss: 1.3171
Averaged Test Accuracy: 0.5136
Averaged Test AUC: 0.8701
Std Test Accuracy: 0.1823
Std Test AUC: 0.0570

--- Round 382/500 ---
Averaged Train Loss: 1.3421
Averaged Test Accuracy: 0.4932
Averaged Test AUC: 0.8677
Std Test Accuracy: 0.1568
Std Test AUC: 0.0409

--- Round 383/500 ---
Averaged Train Loss: 1.2999
Averaged Test Accuracy: 0.5184
Averaged Test AUC: 0.8736
Std Test Accuracy: 0.1542
Std Test AUC: 0.0468

--- Round 384/500 ---
Averaged Train Loss: 1.3699
Averaged Test Accuracy: 0.5001
Averaged Test AUC: 0.8650
Std Test Accuracy: 0.1876
Std Test AUC: 0.0629

--- Round 385/500 ---
Averaged Train Loss: 1.2894
Averaged Test Accuracy: 0.5222
Averaged Test AUC: 0.8751
Std Test Accuracy: 0.1436
Std Test AUC: 0.0380

--- Round 386/500 ---
Averaged Train Loss: 1.3106
Averaged Test Accuracy: 0.5112
Averaged Test AUC: 0.8726
Std Test Accuracy: 0.1758
Std Test AUC: 0.0455

--- Round 387/500 ---
Averaged Train Loss: 1.2679
Averaged Test Accuracy: 0.5276
Averaged Test AUC: 0.8760
Std Test Accuracy: 0.1391
Std Test AUC: 0.0434

--- Round 388/500 ---
Averaged Train Loss: 1.2508
Averaged Test Accuracy: 0.5345
Averaged Test AUC: 0.8779
Std Test Accuracy: 0.1392
Std Test AUC: 0.0362

--- Round 389/500 ---
Averaged Train Loss: 1.3224
Averaged Test Accuracy: 0.5091
Averaged Test AUC: 0.8716
Std Test Accuracy: 0.1659
Std Test AUC: 0.0473

--- Round 390/500 ---
Averaged Train Loss: 1.2485
Averaged Test Accuracy: 0.5359
Averaged Test AUC: 0.8775
Std Test Accuracy: 0.1097
Std Test AUC: 0.0316

--- Round 391/500 ---
Averaged Train Loss: 1.2876
Averaged Test Accuracy: 0.5189
Averaged Test AUC: 0.8740
Std Test Accuracy: 0.1691
Std Test AUC: 0.0472

--- Round 392/500 ---
Averaged Train Loss: 1.3187
Averaged Test Accuracy: 0.5128
Averaged Test AUC: 0.8727
Std Test Accuracy: 0.1754
Std Test AUC: 0.0457

--- Round 393/500 ---
Averaged Train Loss: 1.2595
Averaged Test Accuracy: 0.5328
Averaged Test AUC: 0.8767
Std Test Accuracy: 0.1191
Std Test AUC: 0.0356

--- Round 394/500 ---
Averaged Train Loss: 1.5327
Averaged Test Accuracy: 0.4519
Averaged Test AUC: 0.8517
Std Test Accuracy: 0.2166
Std Test AUC: 0.0770

--- Round 395/500 ---
Averaged Train Loss: 1.2602
Averaged Test Accuracy: 0.5313
Averaged Test AUC: 0.8767
Std Test Accuracy: 0.1255
Std Test AUC: 0.0341

--- Round 396/500 ---
Averaged Train Loss: 1.2702
Averaged Test Accuracy: 0.5265
Averaged Test AUC: 0.8755
Std Test Accuracy: 0.1372
Std Test AUC: 0.0391

--- Round 397/500 ---
Averaged Train Loss: 1.3664
Averaged Test Accuracy: 0.4994
Averaged Test AUC: 0.8669
Std Test Accuracy: 0.1762
Std Test AUC: 0.0601

--- Round 398/500 ---
Averaged Train Loss: 1.2886
Averaged Test Accuracy: 0.5209
Averaged Test AUC: 0.8739
Std Test Accuracy: 0.1472
Std Test AUC: 0.0468

--- Round 399/500 ---
Averaged Train Loss: 1.3397
Averaged Test Accuracy: 0.4908
Averaged Test AUC: 0.8679
Std Test Accuracy: 0.1303
Std Test AUC: 0.0326

--- Round 400/500 ---
Averaged Train Loss: 1.3117
Averaged Test Accuracy: 0.5178
Averaged Test AUC: 0.8721
Std Test Accuracy: 0.1417
Std Test AUC: 0.0396

--- Round 401/500 ---
Averaged Train Loss: 1.2523
Averaged Test Accuracy: 0.5351
Averaged Test AUC: 0.8767
Std Test Accuracy: 0.1107
Std Test AUC: 0.0333

--- Round 402/500 ---
Averaged Train Loss: 1.2902
Averaged Test Accuracy: 0.5218
Averaged Test AUC: 0.8728
Std Test Accuracy: 0.1457
Std Test AUC: 0.0431

--- Round 403/500 ---
Averaged Train Loss: 1.2811
Averaged Test Accuracy: 0.5178
Averaged Test AUC: 0.8760
Std Test Accuracy: 0.1545
Std Test AUC: 0.0429

--- Round 404/500 ---
Averaged Train Loss: 1.2612
Averaged Test Accuracy: 0.5335
Averaged Test AUC: 0.8766
Std Test Accuracy: 0.1224
Std Test AUC: 0.0380

--- Round 405/500 ---
Averaged Train Loss: 1.2894
Averaged Test Accuracy: 0.5208
Averaged Test AUC: 0.8731
Std Test Accuracy: 0.1457
Std Test AUC: 0.0407

--- Round 406/500 ---
Averaged Train Loss: 1.2719
Averaged Test Accuracy: 0.5277
Averaged Test AUC: 0.8750
Std Test Accuracy: 0.1312
Std Test AUC: 0.0394

--- Round 407/500 ---
Averaged Train Loss: 1.2459
Averaged Test Accuracy: 0.5326
Averaged Test AUC: 0.8780
Std Test Accuracy: 0.1354
Std Test AUC: 0.0400

--- Round 408/500 ---
Averaged Train Loss: 1.3087
Averaged Test Accuracy: 0.5143
Averaged Test AUC: 0.8724
Std Test Accuracy: 0.1449
Std Test AUC: 0.0443

--- Round 409/500 ---
Averaged Train Loss: 1.2851
Averaged Test Accuracy: 0.5160
Averaged Test AUC: 0.8741
Std Test Accuracy: 0.1484
Std Test AUC: 0.0382

--- Round 410/500 ---
Averaged Train Loss: 1.2837
Averaged Test Accuracy: 0.5163
Averaged Test AUC: 0.8748
Std Test Accuracy: 0.1408
Std Test AUC: 0.0375

--- Round 411/500 ---
Averaged Train Loss: 1.2740
Averaged Test Accuracy: 0.5263
Averaged Test AUC: 0.8764
Std Test Accuracy: 0.1417
Std Test AUC: 0.0388

--- Round 412/500 ---
Averaged Train Loss: 1.2775
Averaged Test Accuracy: 0.5222
Averaged Test AUC: 0.8743
Std Test Accuracy: 0.1592
Std Test AUC: 0.0429

--- Round 413/500 ---
Averaged Train Loss: 1.2807
Averaged Test Accuracy: 0.5246
Averaged Test AUC: 0.8741
Std Test Accuracy: 0.1608
Std Test AUC: 0.0491

--- Round 414/500 ---
Averaged Train Loss: 1.3075
Averaged Test Accuracy: 0.5142
Averaged Test AUC: 0.8723
Std Test Accuracy: 0.1914
Std Test AUC: 0.0579

--- Round 415/500 ---
Averaged Train Loss: 1.2658
Averaged Test Accuracy: 0.5288
Averaged Test AUC: 0.8767
Std Test Accuracy: 0.1491
Std Test AUC: 0.0410

--- Round 416/500 ---
Averaged Train Loss: 1.2734
Averaged Test Accuracy: 0.5235
Averaged Test AUC: 0.8757
Std Test Accuracy: 0.1762
Std Test AUC: 0.0479

--- Round 417/500 ---
Averaged Train Loss: 1.2484
Averaged Test Accuracy: 0.5357
Averaged Test AUC: 0.8779
Std Test Accuracy: 0.1222
Std Test AUC: 0.0328

--- Round 418/500 ---
Averaged Train Loss: 1.2868
Averaged Test Accuracy: 0.5172
Averaged Test AUC: 0.8740
Std Test Accuracy: 0.1469
Std Test AUC: 0.0360

--- Round 419/500 ---
Averaged Train Loss: 1.2980
Averaged Test Accuracy: 0.5232
Averaged Test AUC: 0.8726
Std Test Accuracy: 0.1384
Std Test AUC: 0.0448

--- Round 420/500 ---
Averaged Train Loss: 1.2862
Averaged Test Accuracy: 0.5176
Averaged Test AUC: 0.8745
Std Test Accuracy: 0.1650
Std Test AUC: 0.0403

--- Round 421/500 ---
Averaged Train Loss: 1.2715
Averaged Test Accuracy: 0.5275
Averaged Test AUC: 0.8759
Std Test Accuracy: 0.1519
Std Test AUC: 0.0393

--- Round 422/500 ---
Averaged Train Loss: 1.2449
Averaged Test Accuracy: 0.5368
Averaged Test AUC: 0.8777
Std Test Accuracy: 0.1374
Std Test AUC: 0.0416

--- Round 423/500 ---
Averaged Train Loss: 1.2727
Averaged Test Accuracy: 0.5264
Averaged Test AUC: 0.8765
Std Test Accuracy: 0.1660
Std Test AUC: 0.0454

--- Round 424/500 ---
Averaged Train Loss: 1.2793
Averaged Test Accuracy: 0.5224
Averaged Test AUC: 0.8747
Std Test Accuracy: 0.1559
Std Test AUC: 0.0488

--- Round 425/500 ---
Averaged Train Loss: 1.2839
Averaged Test Accuracy: 0.5239
Averaged Test AUC: 0.8749
Std Test Accuracy: 0.1535
Std Test AUC: 0.0465

--- Round 426/500 ---
Averaged Train Loss: 1.2729
Averaged Test Accuracy: 0.5251
Averaged Test AUC: 0.8762
Std Test Accuracy: 0.1509
Std Test AUC: 0.0409

--- Round 427/500 ---
Averaged Train Loss: 1.2549
Averaged Test Accuracy: 0.5342
Averaged Test AUC: 0.8774
Std Test Accuracy: 0.1375
Std Test AUC: 0.0362

--- Round 428/500 ---
Averaged Train Loss: 1.4365
Averaged Test Accuracy: 0.4700
Averaged Test AUC: 0.8658
Std Test Accuracy: 0.2109
Std Test AUC: 0.0526

--- Round 429/500 ---
Averaged Train Loss: 1.2929
Averaged Test Accuracy: 0.5244
Averaged Test AUC: 0.8733
Std Test Accuracy: 0.1683
Std Test AUC: 0.0522

--- Round 430/500 ---
Averaged Train Loss: 1.3246
Averaged Test Accuracy: 0.5047
Averaged Test AUC: 0.8708
Std Test Accuracy: 0.1653
Std Test AUC: 0.0514

--- Round 431/500 ---
Averaged Train Loss: 1.3312
Averaged Test Accuracy: 0.4989
Averaged Test AUC: 0.8683
Std Test Accuracy: 0.1681
Std Test AUC: 0.0508

--- Round 432/500 ---
Averaged Train Loss: 1.2548
Averaged Test Accuracy: 0.5315
Averaged Test AUC: 0.8769
Std Test Accuracy: 0.1329
Std Test AUC: 0.0381

--- Round 433/500 ---
Averaged Train Loss: 1.3757
Averaged Test Accuracy: 0.4999
Averaged Test AUC: 0.8665
Std Test Accuracy: 0.1464
Std Test AUC: 0.0490

--- Round 434/500 ---
Averaged Train Loss: 1.2565
Averaged Test Accuracy: 0.5325
Averaged Test AUC: 0.8781
Std Test Accuracy: 0.1485
Std Test AUC: 0.0426

--- Round 435/500 ---
Averaged Train Loss: 1.2828
Averaged Test Accuracy: 0.5246
Averaged Test AUC: 0.8746
Std Test Accuracy: 0.1490
Std Test AUC: 0.0499

--- Round 436/500 ---
Averaged Train Loss: 1.2657
Averaged Test Accuracy: 0.5338
Averaged Test AUC: 0.8773
Std Test Accuracy: 0.1417
Std Test AUC: 0.0413

--- Round 437/500 ---
Averaged Train Loss: 1.2841
Averaged Test Accuracy: 0.5220
Averaged Test AUC: 0.8743
Std Test Accuracy: 0.1623
Std Test AUC: 0.0406

--- Round 438/500 ---
Averaged Train Loss: 1.2538
Averaged Test Accuracy: 0.5349
Averaged Test AUC: 0.8777
Std Test Accuracy: 0.1458
Std Test AUC: 0.0418

--- Round 439/500 ---
Averaged Train Loss: 1.2599
Averaged Test Accuracy: 0.5300
Averaged Test AUC: 0.8762
Std Test Accuracy: 0.1555
Std Test AUC: 0.0422

--- Round 440/500 ---
Averaged Train Loss: 1.2301
Averaged Test Accuracy: 0.5397
Averaged Test AUC: 0.8795
Std Test Accuracy: 0.1176
Std Test AUC: 0.0327

--- Round 441/500 ---
Averaged Train Loss: 1.2567
Averaged Test Accuracy: 0.5304
Averaged Test AUC: 0.8769
Std Test Accuracy: 0.1164
Std Test AUC: 0.0306

--- Round 442/500 ---
Averaged Train Loss: 1.3209
Averaged Test Accuracy: 0.5092
Averaged Test AUC: 0.8732
Std Test Accuracy: 0.1706
Std Test AUC: 0.0494

--- Round 443/500 ---
Averaged Train Loss: 1.2937
Averaged Test Accuracy: 0.5146
Averaged Test AUC: 0.8738
Std Test Accuracy: 0.1597
Std Test AUC: 0.0459

--- Round 444/500 ---
Averaged Train Loss: 1.2687
Averaged Test Accuracy: 0.5261
Averaged Test AUC: 0.8769
Std Test Accuracy: 0.1429
Std Test AUC: 0.0390

--- Round 445/500 ---
Averaged Train Loss: 1.3154
Averaged Test Accuracy: 0.5145
Averaged Test AUC: 0.8726
Std Test Accuracy: 0.1799
Std Test AUC: 0.0513

--- Round 446/500 ---
Averaged Train Loss: 1.2424
Averaged Test Accuracy: 0.5372
Averaged Test AUC: 0.8789
Std Test Accuracy: 0.1465
Std Test AUC: 0.0380

--- Round 447/500 ---
Averaged Train Loss: 1.2594
Averaged Test Accuracy: 0.5303
Averaged Test AUC: 0.8768
Std Test Accuracy: 0.1600
Std Test AUC: 0.0494

--- Round 448/500 ---
Averaged Train Loss: 1.3005
Averaged Test Accuracy: 0.5098
Averaged Test AUC: 0.8727
Std Test Accuracy: 0.1342
Std Test AUC: 0.0342

--- Round 449/500 ---
Averaged Train Loss: 1.2281
Averaged Test Accuracy: 0.5420
Averaged Test AUC: 0.8799
Std Test Accuracy: 0.1153
Std Test AUC: 0.0281

--- Round 450/500 ---
Averaged Train Loss: 1.2524
Averaged Test Accuracy: 0.5307
Averaged Test AUC: 0.8785
Std Test Accuracy: 0.1540
Std Test AUC: 0.0419

--- Round 451/500 ---
Averaged Train Loss: 1.2539
Averaged Test Accuracy: 0.5337
Averaged Test AUC: 0.8775
Std Test Accuracy: 0.1506
Std Test AUC: 0.0431

--- Round 452/500 ---
Averaged Train Loss: 1.2606
Averaged Test Accuracy: 0.5307
Averaged Test AUC: 0.8760
Std Test Accuracy: 0.1405
Std Test AUC: 0.0378

--- Round 453/500 ---
Averaged Train Loss: 1.2658
Averaged Test Accuracy: 0.5300
Averaged Test AUC: 0.8756
Std Test Accuracy: 0.1602
Std Test AUC: 0.0516

--- Round 454/500 ---
Averaged Train Loss: 1.2550
Averaged Test Accuracy: 0.5338
Averaged Test AUC: 0.8786
Std Test Accuracy: 0.1387
Std Test AUC: 0.0384

--- Round 455/500 ---
Averaged Train Loss: 1.4150
Averaged Test Accuracy: 0.4790
Averaged Test AUC: 0.8626
Std Test Accuracy: 0.2159
Std Test AUC: 0.0602

--- Round 456/500 ---
Averaged Train Loss: 1.2430
Averaged Test Accuracy: 0.5388
Averaged Test AUC: 0.8781
Std Test Accuracy: 0.1381
Std Test AUC: 0.0391

--- Round 457/500 ---
Averaged Train Loss: 1.2317
Averaged Test Accuracy: 0.5454
Averaged Test AUC: 0.8804
Std Test Accuracy: 0.1255
Std Test AUC: 0.0362

--- Round 458/500 ---
Averaged Train Loss: 1.2731
Averaged Test Accuracy: 0.5286
Averaged Test AUC: 0.8771
Std Test Accuracy: 0.1218
Std Test AUC: 0.0324

--- Round 459/500 ---
Averaged Train Loss: 1.2290
Averaged Test Accuracy: 0.5402
Averaged Test AUC: 0.8798
Std Test Accuracy: 0.1213
Std Test AUC: 0.0345

--- Round 460/500 ---
Averaged Train Loss: 1.2691
Averaged Test Accuracy: 0.5285
Averaged Test AUC: 0.8772
Std Test Accuracy: 0.1625
Std Test AUC: 0.0418

--- Round 461/500 ---
Averaged Train Loss: 1.2252
Averaged Test Accuracy: 0.5404
Averaged Test AUC: 0.8808
Std Test Accuracy: 0.1331
Std Test AUC: 0.0368

--- Round 462/500 ---
Averaged Train Loss: 1.2918
Averaged Test Accuracy: 0.5143
Averaged Test AUC: 0.8732
Std Test Accuracy: 0.1363
Std Test AUC: 0.0348

--- Round 463/500 ---
Averaged Train Loss: 1.2637
Averaged Test Accuracy: 0.5312
Averaged Test AUC: 0.8777
Std Test Accuracy: 0.1076
Std Test AUC: 0.0282

--- Round 464/500 ---
Averaged Train Loss: 1.2248
Averaged Test Accuracy: 0.5442
Averaged Test AUC: 0.8808
Std Test Accuracy: 0.1168
Std Test AUC: 0.0327

--- Round 465/500 ---
Averaged Train Loss: 1.2426
Averaged Test Accuracy: 0.5357
Averaged Test AUC: 0.8792
Std Test Accuracy: 0.1336
Std Test AUC: 0.0339

--- Round 466/500 ---
Averaged Train Loss: 1.2496
Averaged Test Accuracy: 0.5355
Averaged Test AUC: 0.8776
Std Test Accuracy: 0.1129
Std Test AUC: 0.0336

--- Round 467/500 ---
Averaged Train Loss: 1.2536
Averaged Test Accuracy: 0.5343
Averaged Test AUC: 0.8773
Std Test Accuracy: 0.1235
Std Test AUC: 0.0434

--- Round 468/500 ---
Averaged Train Loss: 1.2720
Averaged Test Accuracy: 0.5218
Averaged Test AUC: 0.8755
Std Test Accuracy: 0.1391
Std Test AUC: 0.0390

--- Round 469/500 ---
Averaged Train Loss: 1.2578
Averaged Test Accuracy: 0.5269
Averaged Test AUC: 0.8775
Std Test Accuracy: 0.1371
Std Test AUC: 0.0400

--- Round 470/500 ---
Averaged Train Loss: 1.2481
Averaged Test Accuracy: 0.5378
Averaged Test AUC: 0.8776
Std Test Accuracy: 0.1321
Std Test AUC: 0.0404

--- Round 471/500 ---
Averaged Train Loss: 1.2712
Averaged Test Accuracy: 0.5219
Averaged Test AUC: 0.8767
Std Test Accuracy: 0.1591
Std Test AUC: 0.0411

--- Round 472/500 ---
Averaged Train Loss: 1.2232
Averaged Test Accuracy: 0.5459
Averaged Test AUC: 0.8806
Std Test Accuracy: 0.1220
Std Test AUC: 0.0354

--- Round 473/500 ---
Averaged Train Loss: 1.2403
Averaged Test Accuracy: 0.5390
Averaged Test AUC: 0.8786
Std Test Accuracy: 0.1443
Std Test AUC: 0.0414

--- Round 474/500 ---
Averaged Train Loss: 1.2347
Averaged Test Accuracy: 0.5385
Averaged Test AUC: 0.8803
Std Test Accuracy: 0.1326
Std Test AUC: 0.0364

--- Round 475/500 ---
Averaged Train Loss: 1.2641
Averaged Test Accuracy: 0.5246
Averaged Test AUC: 0.8776
Std Test Accuracy: 0.1258
Std Test AUC: 0.0303

--- Round 476/500 ---
Averaged Train Loss: 1.2462
Averaged Test Accuracy: 0.5385
Averaged Test AUC: 0.8792
Std Test Accuracy: 0.1368
Std Test AUC: 0.0384

--- Round 477/500 ---
Averaged Train Loss: 1.2370
Averaged Test Accuracy: 0.5379
Averaged Test AUC: 0.8802
Std Test Accuracy: 0.1293
Std Test AUC: 0.0335

--- Round 478/500 ---
Averaged Train Loss: 1.2619
Averaged Test Accuracy: 0.5267
Averaged Test AUC: 0.8779
Std Test Accuracy: 0.1199
Std Test AUC: 0.0313

--- Round 479/500 ---
Averaged Train Loss: 1.2767
Averaged Test Accuracy: 0.5222
Averaged Test AUC: 0.8753
Std Test Accuracy: 0.1357
Std Test AUC: 0.0369

--- Round 480/500 ---
Averaged Train Loss: 1.2534
Averaged Test Accuracy: 0.5347
Averaged Test AUC: 0.8779
Std Test Accuracy: 0.1431
Std Test AUC: 0.0396

--- Round 481/500 ---
Averaged Train Loss: 1.2761
Averaged Test Accuracy: 0.5218
Averaged Test AUC: 0.8762
Std Test Accuracy: 0.1808
Std Test AUC: 0.0456

--- Round 482/500 ---
Averaged Train Loss: 1.2665
Averaged Test Accuracy: 0.5266
Averaged Test AUC: 0.8757
Std Test Accuracy: 0.1433
Std Test AUC: 0.0407

--- Round 483/500 ---
Averaged Train Loss: 1.2400
Averaged Test Accuracy: 0.5392
Averaged Test AUC: 0.8790
Std Test Accuracy: 0.1292
Std Test AUC: 0.0383

--- Round 484/500 ---
Averaged Train Loss: 1.3116
Averaged Test Accuracy: 0.5092
Averaged Test AUC: 0.8751
Std Test Accuracy: 0.1636
Std Test AUC: 0.0388

--- Round 485/500 ---
Averaged Train Loss: 1.2286
Averaged Test Accuracy: 0.5400
Averaged Test AUC: 0.8807
Std Test Accuracy: 0.1378
Std Test AUC: 0.0336

--- Round 486/500 ---
Averaged Train Loss: 1.2580
Averaged Test Accuracy: 0.5285
Averaged Test AUC: 0.8787
Std Test Accuracy: 0.1327
Std Test AUC: 0.0329

--- Round 487/500 ---
Averaged Train Loss: 1.2691
Averaged Test Accuracy: 0.5275
Averaged Test AUC: 0.8777
Std Test Accuracy: 0.1128
Std Test AUC: 0.0301

--- Round 488/500 ---
Averaged Train Loss: 1.2671
Averaged Test Accuracy: 0.5301
Averaged Test AUC: 0.8779
Std Test Accuracy: 0.1380
Std Test AUC: 0.0383

--- Round 489/500 ---
Averaged Train Loss: 1.2882
Averaged Test Accuracy: 0.5105
Averaged Test AUC: 0.8736
Std Test Accuracy: 0.1259
Std Test AUC: 0.0327

--- Round 490/500 ---
Averaged Train Loss: 1.2425
Averaged Test Accuracy: 0.5325
Averaged Test AUC: 0.8786
Std Test Accuracy: 0.1192
Std Test AUC: 0.0319

--- Round 491/500 ---
Averaged Train Loss: 1.2060
Averaged Test Accuracy: 0.5476
Averaged Test AUC: 0.8822
Std Test Accuracy: 0.1145
Std Test AUC: 0.0349

--- Round 492/500 ---
Averaged Train Loss: 1.2642
Averaged Test Accuracy: 0.5271
Averaged Test AUC: 0.8778
Std Test Accuracy: 0.1660
Std Test AUC: 0.0437

--- Round 493/500 ---
Averaged Train Loss: 1.2965
Averaged Test Accuracy: 0.5200
Averaged Test AUC: 0.8744
Std Test Accuracy: 0.1758
Std Test AUC: 0.0516

--- Round 494/500 ---
Averaged Train Loss: 1.2686
Averaged Test Accuracy: 0.5333
Averaged Test AUC: 0.8770
Std Test Accuracy: 0.1548
Std Test AUC: 0.0458

--- Round 495/500 ---
Averaged Train Loss: 1.3028
Averaged Test Accuracy: 0.5063
Averaged Test AUC: 0.8731
Std Test Accuracy: 0.1345
Std Test AUC: 0.0343

--- Round 496/500 ---
Averaged Train Loss: 1.2908
Averaged Test Accuracy: 0.5086
Averaged Test AUC: 0.8753
Std Test Accuracy: 0.1427
Std Test AUC: 0.0362

--- Round 497/500 ---
Averaged Train Loss: 1.2714
Averaged Test Accuracy: 0.5220
Averaged Test AUC: 0.8751
Std Test Accuracy: 0.1278
Std Test AUC: 0.0388

--- Round 498/500 ---
Averaged Train Loss: 1.2467
Averaged Test Accuracy: 0.5350
Averaged Test AUC: 0.8790
Std Test Accuracy: 0.1455
Std Test AUC: 0.0373

--- Round 499/500 ---
Averaged Train Loss: 1.2606
Averaged Test Accuracy: 0.5331
Averaged Test AUC: 0.8781
Std Test Accuracy: 0.1396
Std Test AUC: 0.0373

--- Round 500/500 ---
Averaged Train Loss: 1.2547
Averaged Test Accuracy: 0.5361
Averaged Test AUC: 0.8785
Std Test Accuracy: 0.1422
Std Test AUC: 0.0452

========== Training Complete ==========
Best Test Accuracy: 0.5476317189994678
File path: ../results/Cifar10_FedEntPlusSmooth_smooth_trial01_0093_0.h5

Average time cost: 1804.67s.
Length:  501
std for best accuracy: 0.0
mean for best accuracy: 0.5476317189994678
All done!

Storage on cuda:0
-------------------------------------------------------------------------------
Total Tensors: 209092044 	Used Memory: 569.93M
The allocated memory on cuda:0: 588.06M
Memory differs due to the matrix alignment or invisible gradient buffer tensors
-------------------------------------------------------------------------------
